“Running plot script on a single CPU core”
[ 0.03175   0.011099  0.044018 -0.016261  0.016261 -0.02155 ]
[-0.023076  0.025027 -0.025189 -0.019448  0.010502  0.016736]
[-0.01709   0.020927  0.070118 -0.004955 -0.000537  0.022432]
[ 0.033583  0.063238  0.054577  0.007332  0.062436 -0.004465]
[ 0.001652  0.014547  0.038    -0.005836 -0.009846 -0.00104 ]
[ 0.069148  0.075806  0.039611  0.025658 -0.035269 -0.005665]
[ 0.061548  0.071374  0.05466   0.007737 -0.030002  0.029113]
[ 0.091254  0.079942  0.030196  0.010533 -0.009008  0.024148]
[-0.03898   0.024186  0.040557 -0.018884  0.016339 -0.001898]
[ 0.057875  0.057317  0.125239 -0.009058  0.020428 -0.006628]
[ 0.026238  0.049248  0.059525 -0.017816 -0.016072  0.007444]
[ 0.051564  0.069215  0.074825  0.009345  0.002819  0.026388]
[ 0.043561  0.062409  0.089559  0.028551 -0.054376  0.048948]
[-0.073953 -0.048332 -0.051886 -0.014886 -0.029387 -0.035777]
[ 0.037849 -0.008226  0.082981 -0.064759 -0.013348 -0.028135]
[ 0.011038  0.014291  0.019455  0.013533 -0.013851  0.015618]
[ 0.071876  0.053926 -0.000189  0.028639  0.035839 -0.008969]
[ 0.023771  0.012861  0.000844  0.005578 -0.003689 -0.018644]
[ 0.032346  0.029951 -0.048504 -0.0071   -0.054716 -0.01141 ]
[ 0.013831  0.032314  0.034083 -0.013839  0.02902   0.003726]
[ 0.056581  0.065227  0.084289 -0.025724 -0.007978  0.009015]
[ 0.030611  0.022351  0.097567  0.013827  0.042349  0.007645]
[ 0.077659  0.060262  0.046604 -0.030696  0.007879  0.015028]
[ 0.023499  0.05196   0.037706 -0.042853 -0.042392 -0.041809]
[ 0.052971 -0.029723  0.010759  0.02947  -0.010517 -0.017068]
[ 0.036862  0.084583  0.179431  0.025416 -0.012403  0.005423]
[-0.016744 -0.004586  0.038474  0.014467 -0.007461  0.002482]
[ 0.058144  0.117634  0.078972  0.001568 -0.010791 -0.002343]
[-0.035119  0.052415  0.108176  0.010874  0.011792 -0.009819]
[ 0.129762  0.084379  0.131985  0.007373  0.012499 -0.022967]
[-0.00467   0.086846 -0.005985  0.012974 -0.04197   0.007255]
[ 0.021281  0.058374  0.035264  0.007802  0.018508  0.002602]
[ 0.020089  0.025034  0.012264 -0.015683 -0.004812  0.000422]
[ 0.008245  0.034193  0.002154  0.015738 -0.022291 -0.013788]
[-0.034197  0.019684  0.000562 -0.020883 -0.021584  0.011166]
[ 0.034207  0.035476  0.001905 -0.010844 -0.005951  0.007396]
[ 0.015972  0.028387  0.052042  0.040164  0.007275  0.017011]
[ 0.025788  0.109473  0.058811  0.016027  0.008374  0.005266]
[ 0.119913  0.081141  0.106843 -0.009453  0.000253 -0.020794]
[-0.148168 -0.037814 -0.144425 -0.01408  -0.023649  0.021201]
[ 0.049427  0.035907  0.071537 -0.010814 -0.039787 -0.022198]
[-0.062522 -0.037311 -0.03938  -0.001318  0.048474 -0.00404 ]
[ 0.036855  0.02621   0.045779  0.008173  0.002169 -0.019503]
[ 0.001755  0.042754  0.009669  0.007571 -0.00658  -0.010822]
[ 0.060683  0.085956  0.100445 -0.00642   0.014212  0.008536]
[ 0.078788  0.039786  0.044033  0.021365  0.009669  0.026391]
[-0.010222  0.059835  0.083789 -0.008182  0.008353  0.01197 ]
[ 0.020409  0.04176   0.045598  0.013499 -0.012262 -0.002545]
[ 0.004408  0.03445   0.035598  0.016957 -0.026579  0.015275]
[ 0.003164  0.03164   0.022506 -0.003006  0.013998 -0.018017]
[-0.035358 -0.15294   0.004396  0.021036  0.027725  0.010083]
[ 0.087436  0.033535  0.078079 -0.043018  0.000448  0.017972]
[-0.031644  0.008755  0.04401   0.039792  0.008648  0.023936]
[-0.028878 -0.019289  0.020953 -0.047415  0.002784  0.008871]
[ 0.063198  0.049877  0.030302 -0.027066  0.005413 -0.012017]
[ 0.023025 -0.010441  0.042814  0.036883 -0.014967  0.030079]
[-0.009067  0.024667  0.016256  0.010024 -0.003571 -0.034905]
[-0.020479  0.033719  0.0287   -0.003485 -0.000642 -0.007514]
[ 0.019332  0.085205  0.05064  -0.013842  0.016169  0.014378]
[ 0.039841 -0.007535 -0.068799 -0.006336  0.005583  0.005076]
[ 0.039551  0.024362 -0.003693  0.037503  0.038509 -0.010235]
[-0.033091  0.012279  0.003844  0.004264 -0.00733   0.002557]
[-0.000515  0.022504  0.007256  0.001385 -0.007542  0.000206]
[ 0.004884  0.007679  0.030707  0.014897  0.046722 -0.009313]
[ 0.025926  0.035788  0.020007  0.00613  -0.003764  0.003065]
[ 0.027251  0.116414  0.11306   0.03838  -0.016478  0.011097]
[ 0.010195  0.065916  0.079493 -0.029633 -0.005994  0.000137]
[ -1.283599e-02   3.162752e-03  -3.762780e-05   1.292156e-02  -8.005030e-03
  -5.427478e-03]
[ 0.011629  0.034714  0.04233  -0.002392 -0.001472  0.030229]
[ 0.028562  0.086298  0.117099  0.04518   0.022301  0.007635]
[ 0.018975  0.048332 -0.001655  0.0351    0.003652 -0.001965]
[ 0.054288  0.087567  0.046972 -0.008799  0.013132  0.001379]
[ 0.010151  0.012892  0.001585  0.031292 -0.021643  0.014012]
[ 0.069093  0.066389  0.079154  0.004873  0.013058 -0.003479]
[-0.014048 -0.044657  0.040973  0.008348 -0.013781 -0.005716]
[-0.055329 -0.04224  -0.006933 -0.003586 -0.014041  0.02723 ]
[-0.038721 -0.042391 -0.026639  0.005517  0.00767  -0.006835]
[ 0.068127  0.076112  0.122135  0.009978 -0.041085 -0.022698]
[ 0.004457  0.004653  0.035893 -0.030804 -0.017369  0.01248 ]
[-0.000765 -0.005686  0.060574  0.031471  0.022155 -0.003868]
[ 0.05063   0.051084  0.07442   0.046713  0.024317  0.00727 ]
[ 0.027079  0.08151   0.08028   0.005497 -0.003421  0.040234]
[ 0.034126  0.037975  0.044321  0.007757  0.012787 -0.01052 ]
[-0.002599  0.09751   0.03001   0.009921 -0.01621  -0.004874]
[ 0.048526  0.00866  -0.029007 -0.016449 -0.006636 -0.000573]
[-0.037169  0.002754  0.051421  0.02554  -0.014325 -0.01603 ]
[ 0.034564  0.033899  0.003789 -0.008587 -0.011291  0.039111]
[  9.720064e-03   5.211557e-02   6.596489e-02   9.286225e-05   1.869877e-02
   1.267079e-02]
[-0.048344  0.023892  0.057563  0.013879  0.007715  0.000875]
[-0.134513  0.020348  0.00289   0.012771  0.025939 -0.033259]
[ 0.096787  0.093391  0.043184 -0.001807  0.011938 -0.027161]
[  1.106522e-01   1.407052e-01   9.304639e-02  -8.937379e-03  -1.219860e-04
   9.181213e-03]
[ 0.015536  0.022007  0.020777  0.014085  0.000663  0.0169  ]
[ 0.009787  0.049931  0.025699 -0.026249  0.00794   0.009694]
[ 0.021532  0.021411  0.037568 -0.007493  0.023903  0.001737]
[-0.096326 -0.112042 -0.040749  0.005067 -0.029423  0.011977]
[ 0.020862 -0.033838 -0.051432 -0.048957  0.017082 -0.009192]
[ 0.041848  0.027253  0.075776  0.004573  0.001189 -0.008102]
[-0.01924   0.036471  0.067808 -0.011798  0.01493   0.014327]
[ 0.011439  0.022008  0.026153 -0.02321  -0.008683 -0.02304 ]
('Mean', 1, ': ', 0.011438813908839886)
('Median', 1, ': ', 0.011438813908839886)
('Variance', 1, ': ', 0.0)
('Mean', 2, ': ', 0.022008417267512601)
('Median', 2, ': ', 0.022008417267512601)
('Variance', 2, ': ', 0.0)
('Mean', 3, ': ', 0.026152637121830885)
('Median', 3, ': ', 0.026152637121830885)
('Variance', 3, ': ', 0.0)
('time: ', 13141.501678943634)
