“Running plot script on a single CPU core”
[ -1.311925e+00  -1.152450e+00  -1.207507e+00  -9.075073e-01  -1.039093e+00
  -9.501310e-01  -6.229767e-02   4.162395e-02  -7.067971e-02   2.847888e-02
  -4.034096e-02  -9.336564e-02  -2.595499e-02  -9.907037e-02   1.792698e-02
  -1.487510e-02   4.602877e-02   6.832366e-03   4.202977e-02   1.114421e-03]
[-0.918118 -0.852664 -0.584787 -0.826184 -0.55223  -0.548553 -0.009561
  0.021274 -0.012321 -0.003149 -0.082264  0.002059 -0.061856 -0.109663
  0.039856 -0.065068  0.009056  0.001259 -0.003783  0.00632 ]
[-0.90212  -0.926926 -0.984653 -0.698549 -0.764568 -0.907002  0.007108
 -0.01809  -0.045534 -0.052685  0.00598  -0.017339 -0.001277 -0.006111
 -0.036982  0.009781 -0.10681   0.006118  0.012486  0.003859]
[-0.992803 -1.029862 -0.850665 -0.901015 -0.641475 -0.735766  0.035379
  0.007995 -0.013959  0.042009 -0.060815  0.011144 -0.105064  0.025439
  0.006478 -0.123259  0.077128  0.102906  0.070638  0.016692]
[-0.968095 -0.945889 -0.757365 -0.933163 -0.852316 -0.860262  0.0139
 -0.058433  0.082206  0.035598 -0.087271  0.105838  0.073736 -0.063827
 -0.052789  0.03998  -0.041288  0.078989 -0.1157   -0.038234]
[-1.038911 -0.800827 -0.882378 -0.848125 -0.755346 -0.584827 -0.044481
  0.048977  0.145156 -0.018784  0.005923  0.183236 -0.084415  0.008271
  0.042728 -0.003141  0.002068 -0.009213  0.036904 -0.006045]
[-0.767206 -0.688034 -0.739798 -0.825091 -0.810117 -0.78824   0.18067
  0.073197 -0.08786  -0.019381 -0.023174 -0.092377  0.069672 -0.065883
  0.084171  0.07449  -0.076998  0.172367 -0.017864  0.004659]
[-1.090415 -1.077132 -1.151262 -0.841267 -0.947902 -0.909888  0.031211
 -0.079229 -0.060911  0.0702    0.060499 -0.140951 -0.08714   0.062777
 -0.036526 -0.072536  0.035913  0.07022   0.059056 -0.038859]
[-0.849251 -0.936333 -0.403677 -0.748628 -0.326818 -0.480874 -0.007124
 -0.018272 -0.04911   0.144645 -0.111157 -0.08436   0.135975 -0.137843
 -0.102328  0.141288  0.192752 -0.046028 -0.018334 -0.004091]
[ -8.117710e-01  -1.121079e+00  -9.885195e-01  -9.386685e-01  -8.617406e-01
  -1.125076e+00   5.387710e-02  -4.344389e-02  -1.838011e-01  -5.626408e-02
   8.020020e-03  -2.070566e-01  -1.390351e-01   5.958602e-03   1.099828e-03
  -9.835584e-02  -6.441835e-02   6.027046e-02   8.942522e-03  -1.940160e-02]
[ -1.093294e+00  -1.090590e+00  -7.286037e-01  -1.240392e+00  -8.937127e-01
  -8.992199e-01  -1.189939e-01  -1.285468e-02  -6.457465e-02  -3.828984e-03
   4.669141e-02  -1.334138e-01  -1.022612e-02  -3.718445e-04  -7.011399e-03
   1.706686e-02  -3.537017e-02  -4.001662e-02  -1.876812e-02   4.078803e-02]
[-0.831212 -0.875452 -0.910167 -0.872654 -1.109735 -0.98992   0.007895
 -0.033811 -0.158088  0.049643 -0.033855 -0.231404  0.020712 -0.004127
 -0.034758  0.006967  0.075217  0.042814 -0.03164  -0.012439]
[ -9.517127e-01  -9.274695e-01  -8.267538e-01  -8.775423e-01  -6.071129e-01
  -6.439309e-01   3.994263e-02   2.035511e-01  -2.053152e-02   2.155724e-02
   1.193744e-01  -3.112205e-04  -6.393848e-02   1.864849e-02   2.201675e-01
  -1.223169e-01  -2.220718e-03   2.628680e-02  -2.425664e-02   4.586887e-03]
[-0.997686 -1.018941 -1.039179 -1.013657 -0.898627 -0.948005 -0.08162
 -0.015255 -0.010096 -0.039824  0.010279 -0.032507  0.085337  0.027857
 -0.059227  0.084402 -0.038279  0.009941  0.053383  0.051344]
[-0.925965 -0.49227  -0.80815  -0.831734 -1.257961 -0.722398 -0.133505
  0.010538 -0.148296  0.065468  0.058237 -0.124473 -0.03837   0.040427
  0.013915 -0.087424  0.089873 -0.087131  0.018568 -0.012072]
[-0.966857 -0.750077 -0.729254 -0.758142 -0.746238 -0.491834 -0.029161
 -0.020667  0.021039  0.169075  0.105145  0.004886  0.131892  0.074573
 -0.025228  0.004597  0.165654 -0.074789 -0.012686 -0.03301 ]
[-0.855735 -0.998594 -0.885701 -1.086373 -0.868392 -1.025057  0.255875
  0.019844 -0.052532  0.008983 -0.201958  0.035302 -0.175675 -0.021858
 -0.050512 -0.095416  0.056233  0.228509 -0.037484 -0.063215]
[-0.958704 -0.943307 -0.784486 -0.894152 -0.64694  -0.687825  0.007137
 -0.053442 -0.059541 -0.095696  0.141457 -0.138907  0.182854  0.159883
 -0.180029  0.175317 -0.11582  -0.022961 -0.084077  0.01502 ]
[ -9.079973e-01  -7.492680e-01  -7.165398e-01  -8.525110e-01  -8.027063e-01
  -6.612693e-01   2.608922e-02   1.230722e-01  -4.240549e-02   6.891856e-02
  -6.117210e-02  -1.045511e-02   1.704974e-02  -1.081100e-01   1.365133e-01
  -2.646189e-03   8.445839e-02   1.195391e-02   2.559110e-02   7.194862e-04]
[-0.465284 -0.80514  -0.743399 -0.364549 -0.300656 -0.690301  0.112563
  0.023628 -0.053356 -0.063517 -0.0082   -0.018331 -0.029542 -0.034445
  0.061591 -0.04541  -0.035693  0.130618 -0.047758 -0.013465]
[-0.938837 -1.050436 -0.946279 -0.790454 -0.752718 -0.861347  0.072738
 -0.04595   0.135902 -0.083738 -0.013557  0.107638  0.050168  0.028244
 -0.045048 -0.004881 -0.054936  0.005709 -0.011287  0.005313]
[-0.856986 -0.839736 -0.780705 -0.789767 -0.736289 -0.717093  0.073805
  0.067818 -0.031919  0.078031 -0.118979  0.051138 -0.091637 -0.082512
  0.077724 -0.016059  0.066111  0.042862  0.044432  0.002474]
[-0.882476 -0.938686 -0.75297  -0.539731 -0.491441 -0.510342 -0.096806
 -0.028812  0.059374 -0.169015  0.111749  0.047536 -0.128963  0.127951
  0.098261 -0.136447 -0.1495   -0.043155 -0.051797 -0.041008]
[-0.851182 -1.114988 -0.924204 -0.858384 -0.859779 -1.064838 -0.118852
 -0.022175 -0.090629  0.065769  0.066415 -0.033819 -0.067527  0.033319
  0.001979 -0.03903   0.092182 -0.136168  0.011833 -0.014464]
[-0.943688 -0.663331 -0.802539 -0.684049 -0.847346 -0.602063  0.096532
 -0.009423 -0.065285 -0.078775 -0.125366 -0.046196 -0.068479 -0.089747
  0.008255 -0.116849 -0.060942  0.097556 -0.04613  -0.026295]
[-0.809441 -0.857089 -1.025371 -1.117828 -1.109478 -1.194162  0.072873
  0.028694 -0.031943  0.061817 -0.042343 -0.083723 -0.014766 -0.100981
  0.042686 -0.031599  0.028275  0.014087 -0.009641  0.003768]
[-0.84935  -0.886753 -0.713175 -0.875071 -0.69596  -0.637355  0.016193
 -0.030723  0.079647 -0.012034 -0.041759  0.130313  0.051649 -0.010262
 -0.059696  0.001552  0.080573 -0.034223 -0.090432  0.004683]
[-0.933518 -0.571421 -0.778675 -0.603804 -0.956212 -0.625475  0.043027
 -0.095778 -0.007559 -0.072447  0.063534  0.025152  0.04736   0.049482
 -0.160961 -0.025089 -0.043098 -0.010456  0.038348  0.011916]
[ -1.102601e+00  -1.156950e+00  -8.731227e-01  -1.083956e+00  -8.753708e-01
  -7.081663e-01  -2.665398e-02   1.058599e-02  -1.695513e-02  -1.851780e-02
   2.018008e-02  -6.104054e-02  -4.637714e-02  -2.606418e-02   4.514000e-02
  -6.303716e-02  -2.510130e-02   4.300115e-02   8.190021e-04   9.307234e-03]
[-0.819614 -0.906273 -0.648263 -0.780133 -0.60936  -0.742309  0.073802
 -0.013548 -0.119733 -0.047699 -0.088995 -0.008351  0.066452 -0.092173
  0.017538  0.050426 -0.08494   0.058605  0.055923  0.008979]
[-0.837966 -0.850173 -0.765831 -0.930232 -0.802247 -0.942547 -0.025656
 -0.081796  0.031627 -0.041295  0.026867  0.00763   0.043005  0.001427
 -0.053691  0.067426 -0.081683  0.037014 -0.022013  0.012201]
[ -9.791347e-01  -8.670882e-01  -6.782470e-01  -8.628629e-01  -6.941192e-01
  -5.923465e-01  -1.245957e-02  -1.190660e-01   1.103931e-02  -2.145216e-01
  -6.980932e-03  -1.841264e-04  -2.208651e-02   2.809235e-02  -8.435436e-02
  -7.523803e-02  -1.721157e-01  -5.282633e-02   1.559399e-02   5.472900e-03]
[-0.780925 -1.032705 -0.828172 -1.061391 -0.911278 -1.234863 -0.055824
  0.085163 -0.039758  0.079594  0.002202 -0.09953   0.099965  0.005401
  0.029675  0.119111  0.062877 -0.05131  -0.001469  0.03136 ]
[ -9.816658e-01  -9.250046e-01  -9.359684e-01  -1.032543e+00  -1.176694e+00
  -1.040549e+00   3.342974e-02  -4.179956e-02  -4.680606e-02   1.630052e-01
  -8.579490e-03  -5.419133e-02  -4.235572e-02   7.952969e-04   4.234349e-02
  -1.995764e-02   1.561670e-01   8.736347e-02   2.880952e-02  -8.991831e-03]
[-0.859351 -0.810544 -0.777429 -1.002397 -1.008085 -0.936446  0.04569
  0.053492  0.062485 -0.010012 -0.012467  0.055934  0.052974 -0.018463
  0.018379  0.058411 -0.029083  0.067269 -0.011915  0.012964]
[-0.789937 -0.862195 -0.59713  -0.785043 -0.628577 -0.630069  0.008725
  0.011255 -0.006892 -0.114234  0.069156  0.063052  0.069608  0.032562
 -0.027898  0.056533 -0.195195  0.019724 -0.018454  0.028823]
[-0.999735 -0.846362 -0.929577 -0.772524 -0.837904 -0.854723  0.081388
 -0.13278   0.030855 -0.022901 -0.022391  0.004826 -0.050811 -0.045298
 -0.157752 -0.035008  0.039225  0.106207 -0.048687 -0.041339]
[-1.021061 -0.696596 -0.940857 -0.710758 -0.973571 -0.789169  0.052214
 -0.210031 -0.029263 -0.076025  0.139856 -0.029936  0.102549  0.155648
 -0.229674  0.120695 -0.120482  0.004323 -0.003444  0.035601]
[-1.035329 -1.063527 -1.0491   -1.015579 -0.966451 -0.993127  0.129763
 -0.015347  0.00194  -0.101494 -0.115227 -0.020716  0.05684  -0.061354
 -0.013166  0.086306 -0.035948  0.155961 -0.094376 -0.056993]
[-1.108778 -0.972948 -1.018001 -0.901948 -0.961077 -0.839501 -0.09275
  0.009613 -0.060922 -0.043296 -0.059072 -0.103726  0.076249 -0.036881
 -0.0285    0.038303 -0.087604 -0.009632 -0.012898 -0.017693]
[-1.035464 -1.054566 -0.833341 -1.103689 -0.766029 -0.739143 -0.010647
  0.056885  0.065026 -0.056503  0.067677  0.052418  0.02394   0.070437
 -0.010377 -0.011078 -0.250246  0.015346  0.086495  0.068751]
[-1.078451 -0.831977 -0.735579 -0.935507 -0.941203 -0.670056 -0.23926
 -0.068476 -0.102896  0.262174  0.220441 -0.152412  0.204026  0.145098
 -0.08198   0.379588  0.247309 -0.300861 -0.095748  0.002849]
[-0.76838  -0.706379 -0.739991 -0.795948 -0.798469 -0.840884 -0.019789
  0.032614 -0.024873  0.062885  0.016461 -0.045892  0.091458 -0.013745
  0.038727  0.067938  0.160769 -0.020683  0.036301  0.01712 ]
[ -7.799757e-01  -6.236125e-01  -7.889178e-01  -8.230085e-01  -8.390803e-01
  -7.034111e-01  -9.402533e-02  -5.249796e-02   1.688473e-02  -1.040529e-01
   2.772614e-02   6.059003e-03   2.669933e-02   2.603536e-02   8.642078e-04
  -2.011062e-02  -1.509540e-01   5.517129e-06   5.224068e-02  -1.937174e-02]
[-1.052216 -1.309949 -1.035178 -0.790446 -0.620178 -0.958593  0.085629
  0.046959  0.121273 -0.065182 -0.085461  0.107614 -0.019374 -0.055042
 -0.011246 -0.043899 -0.111926  0.177428 -0.011697  0.011264]
[-0.856504 -0.944845 -0.811858 -0.935214 -0.722904 -0.89695  -0.035894
 -0.060365  0.003253 -0.003621  0.065381  0.048767 -0.013407  0.056487
 -0.080184 -0.047881 -0.025856 -0.101989  0.016372  0.005763]
[-0.900364 -0.892495 -0.781095 -0.997474 -0.962733 -0.888112 -0.056721
  0.04957   0.004635  0.063101 -0.003453 -0.028483  0.04074   0.031487
  0.054325  0.048117  0.017809 -0.082546  0.003721  0.031771]
[-0.97326  -1.106701 -0.653379 -1.171392 -0.615888 -0.921676  0.018513
 -0.014704  0.012298  0.136542  0.002228 -0.02007   0.034516 -0.008387
 -0.079542  0.018282  0.135044 -0.034711 -0.049822  0.021334]
[-1.010386 -1.072328 -1.192583 -1.017775 -0.954133 -1.353307  0.166604
  0.066104  0.150779  0.18569   0.028785  0.138581  0.132497  0.119269
 -0.02625   0.037697  0.216601  0.090839  0.030053 -0.053353]
[-0.515836 -0.850001 -0.81306  -0.446725 -0.396584 -0.875167  0.111459
  0.047264 -0.215999 -0.084248 -0.042708 -0.285666 -0.031984 -0.016496
  0.140867 -0.011485 -0.125674  0.164926  0.074383  0.034407]
[-0.844133 -0.840042 -0.528668 -0.724907 -0.474993 -0.432929  0.021632
 -0.038325 -0.11476  -0.246959 -0.189579 -0.115331 -0.069931 -0.15817
 -0.091151 -0.002417 -0.196071 -0.015828 -0.045505  0.004605]
[-0.656807 -0.69371  -0.698977 -0.721627 -0.693828 -0.81906   0.063786
 -0.066981  0.118085  0.000829  0.092264  0.100924  0.002627  0.037412
 -0.039239 -0.003221  0.036593  0.04923  -0.001765  0.010806]
[-0.861237 -0.971504 -0.82438  -0.96825  -0.881738 -0.927028  0.175642
 -0.115766 -0.029759 -0.036126  0.168174 -0.030052 -0.02407   0.170633
 -0.195139 -0.065037  0.031376  0.152634  0.055871  0.027244]
[-0.758243 -0.772386 -0.757133 -0.710974 -0.682744 -0.748121  0.060562
  0.022622  0.060326 -0.020213 -0.07756   0.00105  -0.013691 -0.120108
  0.029623  0.023339  0.01192   0.11156  -0.022397 -0.012541]
[-0.878624 -0.766003 -0.734554 -1.206311 -1.075371 -1.0535    0.053386
  0.119049 -0.071665  0.003095 -0.124061 -0.167665  0.065199 -0.146018
  0.064314  0.053225  0.099261  0.032139 -0.005067  0.025949]
[ -1.149981e+00  -1.037340e+00  -1.046684e+00  -1.109083e+00  -1.062696e+00
  -1.024136e+00   7.964606e-04   4.478963e-02   9.999511e-02   2.863905e-02
  -1.214940e-01   8.252307e-02  -7.557307e-02  -1.190446e-01   4.507681e-03
  -3.209612e-02   1.305441e-02   3.133722e-02  -6.608962e-02  -7.933538e-02]
[-0.806363 -0.811793 -0.726877 -0.937253 -0.876677 -0.909307 -0.047825
  0.048757  0.070331  0.046036  0.083547  0.034067  0.026644  0.098414
  0.032154  0.043572  0.038619 -0.05921   0.024169  0.024991]
[-0.706322 -0.582869 -0.592358 -0.602006 -0.507688 -0.422934 -0.043343
 -0.069118  0.079583 -0.031501  0.090784  0.111965  0.081413  0.115246
 -0.113936  0.052513 -0.029026  0.001335  0.01567   0.018483]
[-1.00089  -1.071833 -1.248364 -0.878978 -0.871753 -1.147755 -0.042055
 -0.043195  0.02282   0.126979 -0.020539 -0.071046  0.110747  0.023217
 -0.140959  0.118554  0.227164  0.060162 -0.009258  0.022258]
[-0.973546 -0.515477 -1.073308 -0.550274 -1.063176 -0.535484 -0.040458
 -0.051455  0.023039  0.125768 -0.073234  0.00677  -0.013475  0.034149
 -0.077689 -0.080498 -0.002837 -0.105531 -0.023451 -0.020627]
[-0.961903 -0.826369 -1.032946 -1.003133 -1.13288  -1.104332  0.010045
 -0.134987  0.042283  0.008972  0.078701 -0.013621  0.056956  0.125252
 -0.066658  0.091922  0.051705 -0.033971 -0.056174  0.01323 ]
[-0.581015 -0.815489 -0.739403 -0.435424 -0.469271 -0.627941 -0.114987
  0.020768 -0.05235  -0.036893  0.021502 -0.027999 -0.026051  0.006087
  0.054308 -0.08195  -0.062789 -0.187162  0.009344 -0.035823]
[-1.177088 -1.124076 -0.954996 -1.00303  -1.011457 -1.050925 -0.052972
  0.054516  0.014028  0.019563 -0.125739  0.032441 -0.07332  -0.165549
  0.133148 -0.135254  0.022156  0.053634 -0.010785 -0.023276]
[-1.171544 -1.015318 -0.936351 -1.049606 -0.910455 -0.731856 -0.125468
  0.032018  0.116524  0.011929  0.086118 -0.006083 -0.064919  0.042361
  0.072735 -0.049401  0.047037 -0.182669  0.008524  0.020895]
[-0.863097 -0.705529 -0.810201 -0.724351 -0.793777 -0.697351  0.022561
 -0.036708  0.00458  -0.071703 -0.018901 -0.013654  0.032794 -0.046642
  0.007417  0.022915 -0.060341  0.018865  0.045643 -0.006333]
[-0.83787  -0.795355 -0.686621 -0.798679 -0.626833 -0.618417 -0.031819
  0.02914   0.024744 -0.03533   0.031176  0.042734 -0.036927  0.034361
  0.041668 -0.030574 -0.049759 -0.031312 -0.033461  0.01452 ]
[ -1.020543e+00  -1.059561e+00  -1.153913e+00  -1.002408e+00  -1.164290e+00
  -1.259059e+00  -4.886352e-02  -4.795367e-02   3.757466e-02  -2.218856e-02
   1.406288e-01  -7.212968e-04  -6.895032e-02   1.437217e-01  -1.850914e-01
  -7.148558e-02  -3.872126e-02  -1.293694e-02   6.467929e-02   2.428683e-02]
[ -8.105127e-01  -7.795288e-01  -7.676696e-01  -7.912239e-01  -7.032292e-01
  -7.681056e-01   5.608313e-04   5.699273e-03   3.261714e-03  -1.150683e-01
   7.194472e-03  -9.730549e-03  -3.462434e-02   3.113229e-02   1.389245e-02
   7.153931e-03  -1.446744e-01  -4.170742e-02   1.129597e-02   1.608820e-02]
[-1.040213 -1.303603 -1.102845 -1.176666 -1.17935  -1.279775  0.088942
  0.14487   0.124291 -0.029187  0.126889  0.18647   0.010352  0.097725
  0.257361  0.047397 -0.019037  0.237506 -0.066822 -0.04625 ]
[-1.180136 -1.057482 -1.024925 -1.082804 -1.101696 -0.923363 -0.094268
 -0.009443 -0.094092 -0.095891 -0.105593 -0.101174 -0.068217 -0.101515
 -0.032659 -0.121679 -0.091489 -0.065282 -0.040984  0.036705]
[-0.83889  -0.787963 -1.279974 -0.449206 -0.908047 -0.980288  0.284567
  0.034753 -0.030824  0.124116  0.033165 -0.037054 -0.16942   0.067388
  0.03062  -0.163547  0.049081  0.498197  0.108766  0.119232]
[-0.880021 -0.962145 -0.730007 -0.962692 -0.807499 -0.898721  0.065691
  0.06829   0.090233  0.038019  0.092723  0.074981 -0.014049  0.073666
  0.078845 -0.024283  0.028509  0.062544  0.05122   0.051635]
[-1.012399 -1.054671 -1.210407 -1.001325 -1.166797 -1.18059  -0.043731
 -0.141218  0.11165   0.147173  0.159716  0.049739 -0.184838  0.072107
 -0.116032 -0.149478  0.061306 -0.048546 -0.013723 -0.013518]
[-1.071208 -0.972469 -0.856297 -0.965504 -1.007009 -0.910202 -0.056352
  0.017687 -0.143663 -0.008735 -0.019068 -0.212958  0.199881 -0.075728
  0.01515   0.17548   0.015753 -0.133946 -0.005806 -0.027523]
[-1.020265 -1.111299 -1.217644 -0.840871 -0.691871 -1.320193  0.075926
  0.118158 -0.107515  0.045322  0.091079  0.034496 -0.010745 -0.0654
  0.198219  0.050787 -0.019489  0.099687 -0.015834 -0.038236]
[-0.913322 -0.831131 -0.765681 -0.723936 -0.672984 -0.649885  0.019622
 -0.060006  0.022139 -0.10796  -0.063471  0.0305   -0.06665  -0.012938
 -0.081445 -0.069423 -0.091229 -0.03014   0.034853  0.010055]
[-1.14393  -1.036911 -0.956908 -1.011654 -0.971721 -0.914615  0.014315
  0.043399  0.013113  0.018876 -0.016873  0.02904   0.042039 -0.107731
  0.074241 -0.00631   0.073038 -0.03815   0.096396  0.037243]
[-0.894199 -0.781098 -0.513158 -0.938641 -0.734669 -0.732507  0.090911
 -0.089956  0.064065  0.073797 -0.0662    0.081302 -0.05458  -0.057296
 -0.036678 -0.035616 -0.049474  0.099975 -0.006516 -0.056488]
[-0.817017 -0.5032   -1.011885 -0.456044 -1.04475  -0.713998  0.128242
 -0.065654 -0.084257  0.172278  0.021688 -0.09468  -0.028803  0.023741
 -0.087511 -0.081356  0.094174  0.071466  0.127903 -0.005051]
[-1.046974 -1.057552 -1.017352 -1.148233 -1.131433 -1.199483  0.067321
 -0.002356 -0.038378 -0.112323 -0.021992  0.067416 -0.07919  -0.023678
 -0.120903 -0.092911 -0.137899 -0.061012 -0.046142 -0.020537]
[-0.833136 -0.91854  -0.896781 -0.949914 -0.931527 -1.081032  0.145439
 -0.005878  0.002361  0.105909 -0.090891 -0.025099 -0.082899 -0.102982
  0.017434 -0.059579  0.080381  0.127348 -0.020653 -0.003122]
[-0.809296 -0.695618 -0.806224 -1.128817 -1.354591 -1.15882  -0.056397
 -0.186616  0.093722  0.058372 -0.238533  0.109481 -0.084984 -0.203994
 -0.168946  0.018925 -0.001381 -0.095996  0.043336  0.051615]
[-0.931897 -0.656602 -0.737654 -0.690605 -0.842105 -0.63624  -0.123464
  0.005133 -0.014661  0.014611 -0.054157 -0.006421  0.073432  0.004218
  0.061226  0.155466  0.039818 -0.195825  0.038827  0.020771]
[-0.774646 -0.588186 -0.635549 -0.879869 -0.86828  -0.689826  0.074596
  0.114365 -0.025625  0.006384  0.127015 -0.018942 -0.089918  0.102566
  0.089529 -0.127726 -0.048144  0.043113 -0.043534  0.019149]
[ -1.063959e+00  -1.023703e+00  -8.626954e-01  -1.002268e+00  -9.222302e-01
  -9.213042e-01  -1.573900e-01   6.363198e-02   1.851579e-02   1.670611e-01
   3.900984e-02   7.426852e-04  -2.475695e-01  -2.026261e-03   7.166830e-02
  -2.990494e-01   3.470577e-02  -1.655352e-01   5.821633e-02   3.063977e-02]
[ -9.736681e-01  -9.919182e-01  -9.410089e-01  -8.270508e-01  -8.098318e-01
  -9.603847e-01   3.092375e-02   9.338673e-03   2.932482e-02   5.234717e-03
  -1.571628e-02  -4.297561e-03  -3.166497e-02  -2.455541e-02  -1.798585e-02
  -5.207442e-02   5.848789e-02  -4.158988e-04   2.206460e-02  -1.284272e-02]
[ -8.149010e-01  -7.573255e-01  -7.512275e-01  -6.681102e-01  -5.388334e-01
  -5.449051e-01  -2.229749e-02   4.266551e-02   4.645610e-02  -4.434713e-02
   1.395090e-01   1.098922e-02  -5.658108e-03   1.325966e-01   4.937646e-02
  -2.371828e-03  -4.350557e-02  -3.117002e-04   8.396319e-03  -1.083363e-02]
[-0.736184 -0.518891 -0.577575 -0.637678 -0.814532 -0.525571  0.020334
  0.197375  0.044916 -0.056037 -0.161981  0.005093  0.18056  -0.109453
  0.228816  0.190218 -0.047278 -0.030211 -0.058663 -0.024121]
[-0.635582 -0.812474 -0.912101 -0.590358 -0.568488 -0.696305  0.074411
  0.036276 -0.008055 -0.102748  0.03243   0.014312  0.116122  0.013381
  0.004052  0.115368 -0.136092  0.098841 -0.052513 -0.009038]
[-0.989217 -1.044191 -0.790908 -1.292064 -1.16418  -1.016303  0.00731
 -0.063614  0.121481  0.086946 -0.115893  0.062156 -0.151838 -0.089263
 -0.13204  -0.10987   0.042123 -0.11838   0.044309  0.03676 ]
[ -1.066822e+00  -9.714007e-01  -1.053277e+00  -7.856786e-01  -9.847405e-01
  -8.695266e-01  -7.049968e-03  -6.051208e-03  -7.632676e-02   3.460137e-02
  -1.117610e-01  -7.918082e-02   9.121852e-02  -9.421035e-02  -7.059571e-02
   1.293195e-01   3.978682e-02   8.591300e-03   4.885204e-03   6.109142e-04]
[-1.141271 -1.023681 -0.910097 -0.988838 -0.932268 -0.765322 -0.10799
  0.184783  0.099992 -0.085112  0.120035  0.030618 -0.03845   0.129022
  0.113838 -0.096591 -0.080101 -0.130556  0.103283 -0.035096]
[ -1.284980e+00  -1.016580e+00  -1.047492e+00  -1.071683e+00  -1.165169e+00
  -9.228915e-01  -1.161985e-01   1.043308e-01  -9.280121e-02  -2.693565e-02
   6.603915e-02  -3.291269e-02  -5.281136e-03   4.739213e-02   7.900143e-02
  -1.337299e-02   4.102094e-02  -3.312099e-02   5.430855e-04  -1.425213e-02]
[-1.40505  -1.02639  -1.326777 -0.990644 -1.333449 -0.893578  0.047796
  0.064665 -0.090158 -0.176022  0.021522 -0.061793 -0.020499 -0.002738
  0.076777 -0.005438 -0.084309  0.166612 -0.02241   0.015986]
[-0.949181 -0.570449 -0.869993 -0.845529 -1.014555 -0.643444 -0.067939
  0.113725  0.094203 -0.021614 -0.084476  0.074175  0.018844 -0.134772
  0.125263  0.039901  0.016852 -0.067122  0.037468 -0.005814]
[-0.803506 -1.039344 -0.919157 -0.633278 -0.602938 -0.915297 -0.051412
  0.042139 -0.109116  0.014796 -0.087538 -0.124762 -0.058984 -0.216338
  0.036156 -0.125417 -0.106069  0.017614 -0.065495 -0.013616]
[-0.83199  -1.022819 -0.912356 -0.839295 -0.773702 -0.893346  0.115152
  0.06287  -0.117478  0.042524  0.016612 -0.149164 -0.022477  0.050684
  0.033457 -0.029956  0.045132  0.170112  0.044165  0.025406]
[-0.994443 -0.79019  -0.845474 -0.817182 -0.892348 -0.672446 -0.036365
 -0.021602 -0.110089 -0.005653 -0.03431  -0.130476  0.005129 -0.024964
  0.012327  0.057437 -0.006638 -0.049149 -0.004606  0.008432]
[-0.873754 -0.812285 -0.756984 -0.990761 -0.865176 -0.895312  0.03024
 -0.041683  0.003739 -0.060959  0.057408  0.007169 -0.044385  0.071271
 -0.047749 -0.033906 -0.120165 -0.010017  0.023156  0.004922]
[-1.026284 -1.191946 -0.832245 -1.274954 -0.992779 -1.103912 -0.03244
 -0.015703  0.089279 -0.056694 -0.061902  0.109008  0.060736 -0.078457
 -0.012714 -0.076829 -0.022326 -0.03324  -0.038965  0.021045]
('Mean', 1, ': ', -1.0262843861846245)
('Median', 1, ': ', -1.0262843861846245)
('Variance', 1, ': ', 0.0)
('Mean', 2, ': ', -1.1919460745626143)
('Median', 2, ': ', -1.1919460745626143)
('Variance', 2, ': ', 0.0)
('Mean', 3, ': ', -0.83224531497417209)
('Median', 3, ': ', -0.83224531497417209)
('Variance', 3, ': ', 0.0)
('Mean', 4, ': ', -1.2749537597424405)
('Median', 4, ': ', -1.2749537597424405)
('Variance', 4, ': ', 0.0)
('Mean', 5, ': ', -0.99277919386937774)
('Median', 5, ': ', -0.99277919386937774)
('Variance', 5, ': ', 0.0)
('Mean', 6, ': ', -1.103912306456087)
('Median', 6, ': ', -1.103912306456087)
('Variance', 6, ': ', 0.0)
('time: ', 10063.086704969406)
