“Running plot script on a single CPU core”
[ 0.328542 -0.465909  0.242437  0.175672  0.292776  0.149592  0.188074
 -0.81183   0.050785  0.154893 -0.12284  -0.139079  0.32392   0.246126
  0.30702   0.217239  0.294323  0.072805  0.258902  0.328051]
[ 0.190925  0.049376  0.307078  0.321719  0.167207  0.203581  0.318291
 -0.908168  0.264832  0.175523  0.247859 -0.04233   0.313783  0.3168
  0.193007 -0.830603  0.228363 -0.069107  0.235303 -0.236466]
[-0.989177 -0.545918 -0.128782  0.332275  0.332796  0.332208  0.204005
 -0.301825  0.295026 -0.74013  -0.688112 -0.870017  0.270191  0.145505
  0.173233 -0.167571  0.290941 -0.218746  0.297301  0.333167]
[-0.999725  0.192635 -0.272031 -0.488126  0.322305 -0.245725 -0.991715
 -0.181661 -0.09825   0.273982 -0.249084  0.32046   0.269819  0.211751
  0.273966  0.199522  0.242325  0.237202 -0.077276  0.318417]
[ 0.299501 -0.97952   0.307558  0.109175 -0.005515  0.278432  0.302942
 -0.981479  0.328945  0.328643  0.06902   0.32569   0.247308 -0.793511
 -0.966194  0.332989 -0.46352   0.33322   0.245155 -0.237173]
[-0.031795 -0.129578 -0.790434 -0.191029 -0.108459  0.318716  0.260188
 -0.201613  0.298908  0.126474  0.33319  -0.721065  0.310824 -0.712913
  0.32611  -0.051696  0.2669    0.261268  0.229467 -0.940688]
[ 0.316065  0.138852  0.309773 -0.94572   0.185655 -0.761655 -0.046386
  0.292303  0.145567 -0.681914 -0.921382  0.033054 -0.307486  0.30685
 -0.366025 -0.699463  0.267253 -0.969755 -0.428515  0.330181]
[-0.18351   0.051013  0.16146   0.300986 -0.403359  0.310594 -0.984844
  0.328744  0.330108  0.273413 -0.018052 -0.283247 -0.168074  0.281925
  0.12972   0.020661 -0.564016  0.15889   0.330115  0.323775]
[-0.265361  0.308245  0.332272  0.323162 -0.102163 -0.986947 -0.993229
  0.226958  0.302334  0.050192  0.20444   0.307735  0.309949  0.324912
  0.249947  0.319422  0.292647 -0.963144 -0.322663  0.238089]
[ 0.167779 -0.005627 -0.426475  0.267669  0.303201  0.264637  0.297492
 -0.594355 -0.895565 -0.209269 -0.112711 -0.602624  0.274128  0.279471
 -0.327808  0.256328 -0.041459 -0.7367    0.325956  0.298325]
[-0.134668 -0.396958  0.077089  0.306058  0.21781   0.126184  0.242059
 -0.49507   0.261049  0.324274 -0.981109  0.204643  0.159598  0.05986
  0.037248 -0.132367 -0.839437  0.28871   0.273086 -0.167655]
[ 0.29246  -0.802441 -0.960546  0.315682  0.278205 -0.654247  0.141034
 -0.996779 -0.448562  0.333285  0.263558  0.331492  0.250564  0.029113
  0.243197 -0.554155  0.135466  0.056959 -0.651546  0.316941]
[-0.986943  0.088294  0.234085  0.314019  0.134868  0.332565  0.181429
  0.318889 -0.57263   0.276593 -0.292883  0.265811  0.038746 -0.709314
  0.322489  0.262555  0.15244   0.294113  0.332522  0.31914 ]
[-0.054924 -0.136056  0.332606 -0.02471  -0.1228    0.333329 -0.689845
 -0.950816  0.080187 -0.424748 -0.908892  0.324491  0.191827  0.261185
 -0.944923  0.08187   0.236184  0.332361  0.264206  0.059071]
[-0.063573  0.127736  0.139152  0.266911  0.331788 -0.172277  0.309046
  0.063011  0.250851  0.033483  0.261507  0.296494  0.031769  0.026567
  0.042429  0.330113  0.201276  0.319872 -0.539912 -0.38587 ]
[ 0.317209  0.323839  0.284397  0.305682 -0.692    -0.029572  0.292066
  0.255243  0.266958 -0.521178 -0.805164  0.066239 -0.999437 -0.405592
  0.273286 -0.072759  0.326331  0.238212 -0.216917  0.332709]
[-0.004906 -0.470925  0.186455  0.18475   0.32363   0.332325  0.333333
  0.145682  0.298706 -0.459053 -0.489303  0.043721 -0.263206  0.333314
  0.058646 -0.116391 -0.519226 -0.664915  0.330431  0.322851]
[ 0.304592  0.264612 -0.900238  0.299285  0.333205 -0.780513  0.199928
 -0.998859 -0.108368 -0.12163   0.19228  -0.262182 -0.124694 -0.039473
  0.233241  0.221847 -0.256304  0.05865  -0.977483  0.24376 ]
[-0.923564  0.332282  0.131787  0.24414  -0.091255  0.28753  -0.614304
 -0.235956  0.331713 -0.761794 -0.092725  0.324093  0.304488 -0.315899
 -0.997509  0.258473  0.26738  -0.722029  0.303453  0.318977]
[-0.257116  0.320715  0.189298  0.10278   0.317605  0.332987  0.331416
 -0.51136  -0.020947  0.213023  0.285676 -0.680926  0.332992  0.246624
 -0.448978 -0.998484 -0.114866  0.13612   0.326798 -0.26818 ]
[ 0.33162   0.224127  0.185691  0.131567  0.048457  0.130636 -0.149967
  0.29384   0.118197  0.20355  -0.01345   0.080114  0.331427  0.332918
  0.228251  0.136264 -0.964429  0.330303  0.065778 -0.004469]
[-0.04377  -0.310188  0.331763  0.302968  0.187092  0.188597  0.291727
 -0.246694  0.182483  0.309996  0.293981 -0.331963 -0.947235  0.292131
 -0.999549 -0.99869  -0.947722  0.280809  0.273353  0.308165]
[ 0.14601   0.305572  0.303364  0.294106  0.050821  0.331674  0.33333
  0.285456  0.32421   0.322819  0.28356   0.029748  0.117368  0.333315
  0.213019  0.320902 -0.060106  0.327793  0.324754 -0.275983]
[ 0.19016   0.273747  0.223761  0.046042 -0.177004  0.320251 -0.101467
 -0.574517  0.324241  0.33242   0.207459  0.148513  0.301831  0.306366
  0.26394   0.323241 -0.067542  0.317065  0.13841   0.333176]
[ 0.295289  0.320787  0.32521   0.181702  0.306105 -0.358966 -0.057215
 -0.041241  0.308631  0.333128  0.230702  0.179991 -0.59462   0.195731
  0.054561  0.318076  0.142901  0.243361  0.324822 -0.031664]
[ 0.332116  0.30833  -0.587808  0.215544 -0.992793  0.320208 -0.314218
 -0.696144  0.318843  0.318258 -0.198987  0.079296 -0.749903 -0.723036
  0.292066 -0.368065 -0.045998  0.323751 -0.648872  0.180553]
[-0.968894  0.178559  0.285923 -0.062851 -0.13485   0.311671  0.33064
 -0.090548 -0.31683  -0.397811  0.283987  0.247443  0.301426  0.319489
  0.333302  0.232018  0.332934 -0.043543  0.329229 -0.001662]
[-0.06952   0.333246  0.317844  0.25504   0.107718 -0.997713 -0.160173
  0.194264  0.102567  0.329734  0.158879 -0.7745    0.297117  0.198382
  0.183173 -0.203076  0.249366  0.327374 -0.072272  0.046146]
[-0.190429 -0.286366  0.224998 -0.041042  0.3327    0.289592  0.118291
  0.236385 -0.592584  0.185005  0.325837  0.329736 -0.146694  0.327523
 -0.962118  0.32492  -0.967     0.309757  0.286144 -0.280507]
[ 0.3311   -0.698525 -0.281047 -0.669985  0.324997  0.16947  -0.487928
 -0.814162 -0.32223  -0.13377   0.159884  0.229634  0.08355  -0.275712
 -0.867191 -0.112717 -0.756845  0.20623   0.272982  0.312621]
[  2.980236e-01  -7.045548e-01  -4.721619e-02  -5.802401e-06  -6.928860e-01
   2.933956e-01  -3.245545e-02  -8.014238e-01  -1.313934e-02  -3.927854e-01
  -8.463323e-01  -7.036529e-01  -6.972724e-01   2.671074e-01   6.343833e-02
   3.282982e-01   3.190896e-01   3.358365e-02  -4.698702e-01  -1.339334e-02]
[ 0.175452  0.252567  0.178138 -0.899822  0.30665   0.217602 -0.701883
  0.313229  0.243263  0.306304 -0.998494  0.277394  0.220333  0.2606
 -0.474624  0.132825 -0.928633  0.226967 -0.391472 -0.057687]
[-0.034468  0.259072 -0.024679  0.08044  -0.825632  0.296025  0.085972
 -0.570524  0.086234  0.242838  0.33057   0.236161  0.333024  0.3058
  0.095474 -0.850601 -0.882452  0.317895 -0.063095  0.33284 ]
[ 0.330838 -0.544624  0.162608 -0.756147  0.140187 -0.105427 -0.322408
  0.166354  0.188797  0.333295  0.158731  0.250056  0.333095  0.301019
 -0.175505  0.162885  0.133068  0.28787  -0.145281  0.268369]
[ 0.131406  0.272336 -0.030135  0.120188  0.291295 -0.112409  0.297833
 -0.285289  0.33221  -0.403197  0.211908  0.128068  0.066571 -0.232737
  0.171346 -0.037163  0.162524  0.274254  0.199713  0.252954]
[-0.959175  0.229476 -0.07646   0.232869  0.046289  0.013735  0.330367
  0.241734  0.241453  0.293407 -0.470221  0.040958 -0.084922  0.333147
 -0.652385 -0.999072  0.32661  -0.464658  0.214678  0.059293]
[ 0.274382  0.177695  0.270764  0.332265  0.305855 -0.519761 -0.655551
  0.16435   0.206127 -0.824715  0.003149 -0.194416  0.328378  0.080468
  0.309764  0.28069   0.333273 -0.998442 -0.207374  0.299689]
[-0.836743 -0.49797   0.292051  0.332295 -0.120456 -0.916676  0.306984
  0.314724 -0.565226  0.032191  0.329725  0.266411  0.129635  0.261851
 -0.090233  0.332724  0.313066 -0.229282 -0.840931  0.250686]
[-0.94963  -0.784553  0.248857  0.306319  0.332121 -0.05906   0.332844
 -0.718073  0.279717 -0.061074 -0.127824 -0.736876 -0.977296  0.328874
  0.061262  0.24433  -0.056839  0.33264  -0.433168 -0.567554]
[ 0.27641   0.145073  0.296587  0.235888  0.329125  0.290194  0.333082
 -0.901769  0.228779  0.025648  0.100794  0.306953  0.265056 -0.096813
  0.312319 -0.102309 -0.104971 -0.935295 -0.794678  0.183249]
[ 0.32312  -0.959559 -0.632998  0.148052 -0.96769  -0.580508  0.203199
  0.085043  0.256363 -0.551161  0.190669  0.310957  0.293226  0.210871
  0.208669  0.332638  0.319663 -0.126457 -0.993388  0.278829]
[ 0.333074 -0.181112  0.161719  0.057069  0.165856  0.331493 -0.261631
 -0.025822  0.084407  0.269499  0.333239  0.326521  0.331777  0.333131
  0.322045  0.333327  0.333284 -0.822145  0.332905 -0.267726]
[ 0.325421  0.079543  0.208315  0.231665  0.331429 -0.032776  0.33196
 -0.814873  0.325664  0.329162  0.303327  0.04593   0.214031  0.106913
  0.268513  0.260716  0.328432 -0.211559  0.185669 -0.56722 ]
[ 0.013035  0.27687  -0.739187 -0.178659  0.32694   0.24626   0.028237
  0.271023 -0.634348  0.240782 -0.298908  0.323998 -0.540488  0.328052
  0.274316 -0.448484  0.321056  0.331031  0.305571  0.291593]
[-0.170922  0.238271  0.325459  0.32952   0.192002  0.319832  0.258921
 -0.64179   0.074166  0.333156  0.177661  0.312529  0.333202  0.310055
  0.029312 -0.846441  0.332045  0.330637 -0.975456  0.285685]
[ 0.13824   0.329936  0.316194 -0.082707  0.319637 -0.389214  0.077984
  0.324976 -0.12015  -0.07903   0.326192 -0.439224  0.313207  0.175042
  0.309691  0.229669  0.330395 -0.598029 -0.886994  0.264703]
[-0.277411  0.331793  0.296847 -0.453229 -0.04949   0.318778  0.274956
 -0.968902  0.331914  0.319223  0.333321  0.077222  0.260425 -0.279308
  0.333106 -0.602533 -0.99983   0.271026 -0.534489  0.264732]
[-0.168206 -0.684412 -0.074052  0.105195 -0.383633 -0.073175 -0.656405
  0.223724  0.245553  0.228366  0.001433 -0.072557 -0.912221  0.316794
 -0.701492  0.332039  0.235777  0.333326  0.242263 -0.886104]
[ 0.30981   0.059991 -0.344391 -0.953076 -0.977605 -0.779434  0.228175
  0.019545  0.332476  0.326967 -0.423649 -0.478895 -0.232894  0.187713
  0.275325  0.332344 -0.831044 -0.985363  0.279306  0.297898]
[-0.451792 -0.990132  0.32159   0.29347   0.162423 -0.774596  0.145575
  0.325814  0.256082  0.088748 -0.048185  0.251635  0.257889 -0.952554
 -0.357485  0.2725    0.328497 -0.567943 -0.424234  0.015958]
[ 0.306229  0.059429  0.32581  -0.342352  0.05729   0.333094 -0.850496
  0.103175  0.055895 -0.652597  0.11001   0.172546  0.332662  0.319625
 -0.338394 -0.510929  0.034794  0.328377  0.014767 -0.12681 ]
[ 0.279973  0.265194 -0.889895  0.318542  0.110658  0.04087   0.310043
  0.134489  0.330868 -0.010649  0.304838  0.225725  0.206037  0.32614
  0.174734 -0.908146  0.253425 -0.983237 -0.235563  0.106465]
[ 0.332448  0.166367  0.16055  -0.04043   0.173875 -0.112352  0.326613
  0.235035 -0.229712 -0.666923  0.332169  0.315168  0.114153  0.324748
  0.317122  0.26395   0.321068 -0.486428  0.249538  0.232499]
[-0.042186  0.332758 -0.893889 -0.508129  0.320062 -0.263886  0.257514
  0.133319  0.328221  0.20451   0.23902   0.208197 -0.364857  0.321595
 -0.831594 -0.937937  0.333333  0.297034  0.118314 -0.713795]
[ 0.123187  0.180225  0.271621  0.205406  0.108214  0.266321 -0.316935
 -0.746588 -0.526819 -0.140875  0.317516 -0.779959 -0.210559 -0.375541
  0.326101  0.317345  0.333188  0.326939  0.315157 -0.17633 ]
[ 0.203947  0.311414  0.101697 -0.951362 -0.999914  0.106221  0.254114
  0.332264  0.12532   0.33008   0.327155 -0.405852  0.116029 -0.294014
  0.309406 -0.852928  0.303777  0.280878  0.185667 -0.948467]
[ 0.333279  0.172731 -0.6465    0.080183 -0.051991 -0.522451  0.313553
  0.130099  0.234375 -0.621193  0.20609   0.119576  0.328033 -0.655663
  0.308258  0.297124  0.299555  0.285388 -0.312081  0.068109]
[-0.026138  0.322548 -0.233831 -0.993808  0.200033  0.331789  0.195465
  0.330516  0.233554  0.332802  0.171448  0.003047  0.177161  0.146473
  0.229847  0.318878  0.28536  -0.116607  0.299579  0.327926]
[  3.168801e-01  -1.932651e-01   2.346012e-01   1.939402e-01  -4.992769e-01
  -8.433935e-02   2.394851e-01   9.983250e-02   1.667031e-01  -5.424537e-01
   3.285471e-01   2.761536e-01   2.348841e-01   3.079022e-01   3.084682e-04
   1.347024e-01   2.405879e-01  -1.264459e-01   1.056396e-01   3.328229e-01]
[ 0.090113 -0.215394 -0.44162   0.32399   0.099075 -0.672452 -0.27262
  0.087417 -0.146859 -0.87737   0.109524  0.323381  0.287121 -0.054223
  0.237053 -0.206236  0.32999  -0.969273  0.02433   0.299774]
[ 0.293213  0.267453  0.266773 -0.998629 -0.89728   0.237236  0.308105
  0.175949  0.061349  0.287438  0.310319  0.317956  0.3166   -0.377234
  0.260022  0.270366 -0.250126  0.294305 -0.717037 -0.340625]
[ 0.109655  0.315371  0.319446 -0.291638  0.307809  0.273667 -0.509666
  0.086432 -0.85803   0.332121  0.032611 -0.970392  0.325093 -0.198703
  0.21249   0.329408  0.227826 -0.020303  0.171798 -0.206692]
[ 0.245656 -0.397004  0.332756 -0.355155  0.245103 -0.109692  0.325105
  0.055859 -0.292673  0.282373  0.312752  0.128243  0.301233  0.324353
  0.225336  0.266928  0.333317 -0.141847  0.329082 -0.374988]
[ 0.259627 -0.597501 -0.231088  0.264384 -0.983704  0.180747  0.294979
  0.096347  0.122272 -0.575671  0.332479  0.262832  0.256572  0.307116
  0.326331  0.330096  0.31203   0.329061  0.106369  0.288826]
[ 0.089869 -0.115482 -0.835028 -0.997258  0.306722  0.322856  0.089073
  0.276096 -0.412361  0.3187   -0.182443  0.152718  0.332012  0.096374
  0.250162 -0.689587  0.249562 -0.118254  0.324743 -0.876513]
[ 0.132273  0.319676 -0.234492  0.145407 -0.04042   0.312274 -0.504318
  0.295002  0.292805 -0.980684 -0.954043  0.075232 -0.614672  0.32669
  0.228796  0.309297 -0.027857  0.202679  0.333317  0.331891]
[ 0.232945  0.238554 -0.473502  0.095188  0.325311 -0.623418  0.266487
  0.015544 -0.181113  0.323565  0.080031 -0.742739 -0.887104  0.32373
  0.326143 -0.134261  0.017529  0.035441  0.072238 -0.44552 ]
[ 0.330591  0.002793 -0.27191  -0.537319 -0.328142  0.271923  0.055796
 -0.589157  0.324571 -0.987745  0.23557  -0.531206  0.284221  0.318235
  0.143461  0.332845  0.168912  0.212686 -0.867525 -0.206528]
[-0.932503  0.328372  0.327709 -0.994287  0.331662 -0.135197 -0.13809
  0.299487  0.279034  0.325946  0.24713  -0.017831  0.201681  0.332141
  0.30344  -0.300969  0.310824  0.213114  0.282127  0.252971]
[-0.418017 -0.826881 -0.135081 -0.07714   0.157548  0.30558   0.306176
  0.096918  0.264197 -0.26361   0.306013  0.305549 -0.717993  0.323938
 -0.754473  0.329839  0.298103  0.321793 -0.944002 -0.262128]
[ 0.282646  0.305495  0.165708  0.333331  0.044661  0.308373  0.23464
  0.298065  0.094825  0.02106   0.21706   0.091831  0.321767  0.285005
  0.228098  0.166856  0.322722  0.329344  0.328007  0.292794]
[-0.272791 -0.361916  0.321192 -0.947495  0.132857  0.302151 -0.947716
  0.237246 -0.546594  0.078759  0.223621 -0.313748  0.001924 -0.737671
 -0.544538  0.287723  0.308341  0.287034 -0.173311  0.307304]
[ 0.215074  0.056825  0.272134  0.278786 -0.724446  0.317012  0.228386
 -0.99994   0.252839  0.237843 -0.123562  0.180157 -0.936247 -0.103896
  0.329008  0.264285 -0.993343  0.305451 -0.1475    0.296241]
[ 0.326469 -0.436685  0.333074  0.321173  0.332153  0.309283  0.332736
 -0.788848 -0.248887 -0.430848 -0.862505  0.085087  0.287995 -0.237642
  0.215362 -0.21285   0.18757  -0.649731  0.310077 -0.770754]
[ 0.001909 -0.325075 -0.313635  0.19993  -0.100281  0.321487 -0.959984
  0.279603 -0.987854  0.250727 -0.294627  0.310778  0.215149 -0.666626
  0.263708  0.282258  0.245339 -0.17258   0.327591  0.29979 ]
[ 0.326578  0.129869 -0.723622 -0.788881 -0.852323 -0.243763  0.125431
  0.106173  0.146832  0.204762  0.221393 -0.760665 -0.314158  0.324508
  0.276785  0.329034 -0.834903  0.314119 -0.540483  0.112117]
[  2.107791e-01  -8.903431e-01  -3.088016e-01  -3.184407e-01  -8.962852e-01
   3.101299e-01   2.227045e-01   3.271714e-01   2.862902e-01   4.169503e-02
  -1.658949e-02   2.141593e-01  -5.641131e-01  -8.759440e-02   2.822339e-01
   2.791283e-01  -4.613804e-01  -8.455525e-04   3.096331e-01   1.057536e-01]
[ 0.242682  0.306349 -0.562145 -0.956529 -0.087903 -0.093768  0.326073
 -0.687275 -0.085571 -0.10653   0.25629   0.333332 -0.999824  0.286288
  0.123806  0.192446  0.201775  0.332454  0.145416 -0.186762]
[ 0.232577  0.315783  0.111496  0.038606  0.234529 -0.248635  0.0597
  0.220319 -0.499273  0.235361  0.295367  0.134289  0.286388 -0.797379
  0.178282  0.24891  -0.157656 -0.276012 -0.417048  0.143967]
[ 0.330313  0.281232 -0.053275  0.09202   0.26279  -0.013265  0.333235
  0.167511  0.267996  0.134432  0.220857  0.28186  -0.150473  0.331867
  0.193474  0.332963  0.209231  0.18771  -0.841103  0.305143]
[  2.869537e-01   3.315246e-01   1.902692e-01  -5.817114e-04   1.866862e-01
  -6.776636e-01   5.201080e-02  -5.257965e-01   3.313014e-01   3.154065e-01
   1.881058e-01  -6.123553e-01   3.309426e-01  -6.398880e-02  -7.243028e-01
   2.423195e-01  -9.158740e-02  -3.445951e-01   2.200394e-01   3.055141e-01]
[-0.669645  0.256792  0.215967  0.271268 -0.222858  0.183694  0.332884
 -0.852651  0.211506  0.33329   0.083882  0.30966  -0.144657 -0.752526
 -0.070651 -0.074422  0.18396  -0.33842   0.221411 -0.126846]
[ 0.208592  0.279263  0.316716 -0.064751 -0.537765  0.282459  0.313029
  0.214756  0.312908  0.333294  0.052251  0.209836 -0.280896 -0.764576
  0.181426  0.306965  0.13155   0.13939  -0.702861  0.145139]
[ 0.234815 -0.060533  0.19632   0.093242 -0.177415  0.294798  0.29549
  0.318297 -0.931303  0.214628 -0.507767  0.26861   0.151127  0.052932
  0.307558 -0.252    -0.076402  0.267749  0.113486  0.327491]
[ 0.332339 -0.044388  0.333311 -0.415665  0.291727 -0.832746 -0.198605
  0.301543 -0.33088  -0.277081  0.284775 -0.75867   0.309175  0.281193
  0.044677  0.045237 -0.672911  0.050793  0.330898 -0.563693]
[-0.567755 -0.566664 -0.372051  0.321644  0.285412 -0.109985  0.246169
  0.199937  0.276277  0.215084  0.331718  0.143769 -0.945422 -0.580444
 -0.928703 -0.019913 -0.920473  0.308066 -0.992173  0.012536]
[-0.54928   0.218293  0.318152  0.32574   0.333292  0.190247  0.230127
  0.13248  -0.005094 -0.894921 -0.058445 -0.038133 -0.837136 -0.021719
 -0.677131  0.002243  0.213495  0.333193  0.267613 -0.003615]
[ 0.317298 -0.998981 -0.969993  0.069663  0.180214  0.184762  0.286054
 -0.599629  0.286644  0.175955  0.132376  0.195689  0.315388  0.214659
 -0.841923 -0.004329  0.333309 -0.163294 -0.999844  0.322473]
[ 0.073352  0.333169 -0.284077  0.330696 -0.859269 -0.545894 -0.68651
  0.302801 -0.919411 -0.854914  0.330881  0.326595  0.233259  0.254019
 -0.518275 -0.985783  0.169491  0.309447 -0.984521 -0.766994]
[ 0.305772 -0.442992  0.15323   0.143851 -0.980477  0.331017  0.106538
  0.333219  0.333282 -0.191685 -0.518138  0.177009 -0.090336  0.308331
  0.286457  0.016714  0.214739  0.203357 -0.350086 -0.544626]
[-0.800694  0.327182 -0.644881  0.075543 -0.840713  0.193826 -0.454432
  0.209984  0.231503  0.192546 -0.840751 -0.363413  0.332622 -0.099228
  0.075625  0.039558  0.120704 -0.055038  0.30796   0.332273]
[-0.087561 -0.53381  -0.833529  0.031388  0.241438 -0.219126  0.25603
 -0.820906 -0.843371  0.005986  0.162173  0.262952  0.321764  0.229155
 -0.005887  0.041933 -0.147412  0.272163  0.234257 -0.662654]
[ 0.311273  0.273888  0.195283  0.189245  0.241138 -0.257833 -0.969173
 -0.628561 -0.389881 -0.941785  0.034842 -0.161236  0.300043 -0.985825
  0.163731 -0.181602  0.311368 -0.630371  0.260341 -0.493379]
[ 0.328005  0.32039   0.295907 -0.716513 -0.666141  0.113695 -0.123041
  0.280976 -0.132676 -0.623053  0.325885 -0.559695 -0.530186  0.312138
  0.332404 -0.655299 -0.785836 -0.025719 -0.04499  -0.281395]
[ 0.314377  0.098159 -0.225736  0.315607  0.114779  0.163301  0.327889
  0.311984  0.297603  0.31464  -0.401856 -0.114291  0.258378  0.284592
 -0.322346  0.297465  0.179127  0.332784  0.010472  0.185928]
[ 0.33213   0.283609  0.331667  0.101079  0.226256  0.163129  0.018907
  0.328203  0.189236  0.331037  0.188886 -0.06255  -0.143092  0.333011
  0.29075   0.263046 -0.161795  0.177064  0.090002  0.322469]
[ 0.32917   0.328892  0.229231  0.093926  0.314044 -0.358091  0.31078
  0.322424  0.195251 -0.451493  0.023306 -0.006461 -0.5198   -0.501956
  0.323786  0.333172  0.322117  0.145298  0.324022  0.277025]
[ 0.244029  0.320936  0.087215  0.178538  0.322884  0.318978  0.327975
  0.294858  0.104065  0.233948  0.263983 -0.170433  0.312983  0.302331
 -0.044343 -0.322216  0.301024  0.321893  0.316915 -0.35424 ]
[-0.869324  0.277899  0.289601  0.16315   0.324048  0.252988  0.163674
  0.10865  -0.008214  0.191787  0.260894  0.229539  0.171906  0.328324
 -0.831166  0.19926  -0.344942 -0.909372 -0.20581   0.262838]
[-0.618971  0.135705  0.326918  0.332714  0.130845  0.296097 -0.964085
  0.23887   0.302186  0.048172 -0.332667 -0.667341  0.332148  0.304181
 -0.411624  0.32242   0.012498 -0.744605 -0.502529  0.237098]
[0.01373461671243148, 0.056584504409808695, -0.07281515909602343, -0.054700608620291913, 0.060782504593746706, -0.049351464821954252, -0.011265538747541493, 0.022545062467197813, -0.014974641587935822, 0.024318796812467819, 0.031011025535685383, -0.029705630851109666, 0.019312044722791688, 0.015221119799158418, 0.0034704610607736858, 0.025681613019632121, 0.015473100739534005, -0.021092133055611917, -0.063064999502549624, 0.0079793787175800324, 0.066433994291861365, 0.070652511357022718, -0.0025928528761088865, 0.044897991185888747, 0.053149809985658131, 0.029490307313390474, 0.019717063347055142, 0.0097051273018342599, 0.046992923417011473, -0.031824844163876875, 0.073888578076843431, 0.021140687110178025, -0.052809428758410951, 0.05749161024089422, 0.068765704107719344, -0.024896931625705054, 0.035173914078761692, -0.067051286417413092, -0.049610259421498548, 0.052164567839668302, 0.075703532812012309, -0.023558742111096764, -0.034842709163704466, 0.036705874852845627, 0.018460525762771629, 0.081632771657510317, 0.022753970089707198, 0.016977094607839166, 0.15630504686787727, -0.0094868303425695855, 0.066695540818693, 0.070422940752833951, -0.080301410208064361, 0.036116361599565133, 0.0088557966565757096, 0.017967631797973199, -0.067625756622737787, 0.050316153316531192, -0.00044904952994589964, 0.05013223419464817, 0.022918801547179013, -0.0092900028114663996, 0.027219171965496808, -0.026094518555396795, -0.00066370735713358608, 0.019913064939463779, -0.020582171735295973, 0.082004679290629379, 0.011516612999105114, 0.016715912034383662, 0.012308830078901656, -0.023684390058715893, 0.029065118234205795, -0.11365698977304517, 0.079914322558020959, 0.011842320914782656, 0.026921005901517109, 0.010871135261075165, 0.048783930223537025, -0.041888446671526081, 0.051243583626789269, 0.014521465780489295, 0.044187761351670712, 0.038855991125244904, 0.14095747381587051, 0.038028570611294277, -0.022266557602938164, 0.036232303975082647, 0.048191847828730282, 0.044436210877849436, -0.016331179231279358, -0.014399344175270945, 0.028368863064191507, -0.038457573075771023, 0.037064296816061049, 0.03712197761542585, 0.05708198305707568, -0.019616876003850509, -0.019224284608150843, 0.00063338144329638801]
('time: ', 9761.293497800827)
