“Running plot script on a single CPU core”
[ 0.33087   0.299024  0.320356  0.196359  0.316941  0.15271  -0.291312
 -0.781941  0.152803  0.314965  0.201317 -0.953817 -0.475844  0.311013
  0.201943 -0.288621 -0.636366 -0.789985  0.09914   0.303632]
[ 0.299032  0.332268  0.158694  0.250179  0.124338  0.088962  0.150586
  0.147342  0.326911  0.329624  0.04073   0.333298 -0.716445  0.106951
 -0.296865  0.210113  0.308525 -0.523379 -0.441485 -0.243339]
[ 0.220188  0.037921  0.139647  0.261737  0.305017 -0.202207 -0.894776
 -0.209104 -0.132743  0.14724   0.189733  0.330249  0.332706 -0.112166
  0.322676 -0.920757 -0.2547    0.330538  0.191852  0.224536]
[ 0.31406  -0.412429 -0.920929 -0.999842  0.322609  0.308386  0.3299
 -0.968919  0.288651 -0.487776  0.25776   0.253686 -0.54703   0.300428
 -0.961172  0.292165  0.330999  0.326185 -0.123215  0.311904]
[ 0.268947 -0.801857  0.157456 -0.180641 -0.469743  0.010692  0.312731
  0.279825 -0.679219 -0.751103  0.326647 -0.256509  0.218902  0.329077
  0.33106   0.305251  0.182488 -0.720699 -0.038862  0.001414]
[-0.31343  -0.211225 -0.086767  0.300711  0.3315    0.308473 -0.746266
 -0.06381  -0.095709  0.332608  0.328399  0.329286  0.161483 -0.409245
 -0.854132  0.238928 -0.033295  0.00429  -0.280578  0.321326]
[-0.484765 -0.191873 -0.551266 -0.553593  0.062308  0.221451  0.013588
  0.299028 -0.60934   0.188526  0.098952  0.300197 -0.143856 -0.174028
  0.268376  0.296447  0.316989 -0.020411  0.151041 -0.916287]
[ 0.306641  0.303019  0.29828   0.312153  0.330079  0.333277 -0.892822
  0.288852 -0.321358  0.311369  0.258922  0.13891   0.323051  0.244014
 -0.386696  0.310734 -0.813708 -0.121614  0.244372  0.109405]
[ 0.051088 -0.223772 -0.793223  0.285426  0.09303   0.039136  0.18166
 -0.350124  0.317532  0.333329  0.116268  0.264364  0.224182  0.28374
  0.316209 -0.044016 -0.736226  0.328996  0.323182  0.326764]
[ 0.222068 -0.159101 -0.143763 -0.669063  0.332839  0.221321  0.311619
  0.004455  0.33331   0.170784  0.212357  0.221729  0.284148 -0.174559
  0.287144 -0.364622  0.330455 -0.998908  0.191421 -0.991368]
[ 0.186467  0.280384  0.284769  0.17988   0.155051  0.29657   0.195842
  0.224487  0.229613  0.307638 -0.057075  0.202186  0.322628  0.301419
  0.195719 -0.929778  0.09251  -0.87013   0.283857  0.175621]
[ 0.330931  0.181726  0.247823 -0.944533  0.243057 -0.99933   0.101835
  0.280885  0.234455  0.176859  0.170026  0.316158  0.33324   0.04242
  0.318881  0.328836 -0.286671 -0.603247 -0.997809  0.290314]
[-0.029875 -0.935425  0.124853 -0.068318  0.3217    0.321171 -0.075053
  0.076876 -0.981129  0.148618  0.264675 -0.999636 -0.150758  0.168105
 -0.658449  0.331272  0.329366 -0.203073 -0.940382 -0.287959]
[ 0.310224  0.297855  0.068333 -0.127394  0.3333   -0.366385 -0.980164
  0.236619  0.276825 -0.540922  0.180113  0.302321  0.086335 -0.645687
  0.315212 -0.1284    0.040309  0.284619  0.310996  0.204371]
[ 0.258744  0.299476 -0.152053  0.084121  0.327283  0.312346  0.0579
 -0.732614  0.325764 -0.040067  0.308672 -0.078407  0.329123 -0.351903
  0.305065  0.278993 -0.073601 -0.035589  0.32946   0.188872]
[ 0.206428 -0.203719 -0.789899  0.172162  0.202474 -0.010657 -0.246701
  0.289907  0.051466  0.179268 -0.304816 -0.224402  0.260717  0.32469
 -0.236941 -0.996469 -0.060487  0.32101   0.33276   0.305418]
[-0.419436  0.080201  0.12497  -0.999385  0.301436  0.315189 -0.474167
 -0.240562  0.250081  0.240207  0.309544 -0.710517  0.08657  -0.092839
 -0.213994  0.156518 -0.333898 -0.065161  0.326596 -0.196347]
[-0.327927  0.217463  0.330893  0.323956 -0.232857  0.075927  0.216413
  0.332834 -0.630382 -0.131443  0.287343  0.248987  0.333115  0.304403
 -0.318819 -0.421971  0.302601  0.324661  0.307774  0.214266]
[ 0.196298  0.096579  0.326664  0.293516  0.092662  0.325663  0.115968
 -0.17546   0.333246 -0.006759  0.286136  0.226135  0.3333    0.33091
 -0.205835  0.143224  0.316334 -0.72243   0.330306 -0.712175]
[-0.541198 -0.032792  0.102733  0.308204  0.061104  0.324633 -0.09554
  0.304326 -0.184244 -0.400816  0.233765  0.24026   0.260281 -0.238524
 -0.408606 -0.694215 -0.888707 -0.2143   -0.055488  0.300729]
[ 0.150747 -0.812309  0.326317  0.012319 -0.901034  0.329125 -0.454931
  0.251046  0.317021  0.071666  0.291852  0.252467 -0.443169 -0.860088
 -0.325417  0.144559  0.332899  0.320177  0.310511  0.320541]
[-0.97382   0.333045  0.30997  -0.162308  0.198436  0.183671  0.318146
  0.084105  0.326815  0.3098   -0.793613  0.32954   0.326905  0.239693
 -0.996417  0.332665  0.06666  -0.232183  0.243517  0.088036]
[ 0.263563  0.272761  0.264016  0.315168 -0.759178  0.314998  0.287366
 -0.069469  0.051973  0.32037  -0.187462  0.004536  0.23249   0.331061
  0.249544 -0.210728  0.249724 -0.304915 -0.101067 -0.563003]
[-0.166551 -0.500598  0.245519 -0.15174  -0.075616 -0.186282  0.137791
  0.075292  0.305274 -0.69451   0.19158  -0.841632  0.172836  0.309158
 -0.871939  0.316014  0.015408  0.257999 -0.305503  0.199057]
[-0.982486 -0.785819  0.307525  0.312773 -0.157968  0.199253 -0.020201
  0.327211  0.014439  0.155616 -0.015483 -0.8256    0.320346 -0.043269
  0.185917  0.296544  0.195788 -0.999498 -0.072013  0.234795]
[ 0.27148   0.007319  0.015436  0.244472  0.303827 -0.079758  0.316338
  0.082709  0.260663 -0.644478 -0.181499  0.275141 -0.290394 -0.670884
  0.307783 -0.632854  0.290039 -0.119896 -0.499154  0.325986]
[ 0.330811 -0.254236  0.32286  -0.031463  0.234389  0.215548 -0.867834
  0.302553 -0.822034  0.148138 -0.980779  0.01014   0.060381  0.10904
  0.332209  0.304905 -0.751285 -0.579472 -0.612922 -0.415786]
[ 0.310455  0.301154 -0.975489  0.114443 -0.41299   0.332105  0.306278
  0.240627 -0.228047  0.198305 -0.026597  0.193648 -0.133125  0.330248
 -0.992204  0.320613 -0.703191 -0.254243 -0.973032  0.116348]
[ 0.266012  0.269919  0.201945  0.188684  0.280214  0.014772  0.19256
  0.322132  0.016671  0.247136  0.327867  0.04824   0.260217  0.316735
 -0.761624  0.305637  0.074095  0.333305 -0.020196  0.084104]
[ 0.332294  0.166764  0.330365  0.306839  0.326257  0.187077  0.047554
 -0.497763  0.125329  0.206837  0.268458  0.135063  0.196905  0.249063
  0.314718  0.325923  0.161902  0.052016 -0.066852  0.117988]
[ 0.249205  0.284278  0.318187 -0.591684 -0.228845  0.333092 -0.526949
 -0.410305  0.005715  0.255363  0.183476  0.330489 -0.127091 -0.899754
  0.302584 -0.339238 -0.585025  0.067755 -0.83622  -0.999729]
[ 0.217244  0.2705   -0.343674  0.049688 -0.116156 -0.710204  0.145267
 -0.618075 -0.745653  0.333115  0.237892  0.289921 -0.631064  0.245974
 -0.446623 -0.423446  0.255401  0.089859 -0.894438  0.328063]
[ 0.32644   0.263715  0.129541  0.037225  0.248249  0.290876  0.324974
  0.329785  0.330083 -0.982895  0.108123  0.322409 -0.998795  0.245439
 -0.007891 -0.578799  0.161113  0.230588  0.332882  0.192081]
[-0.693844 -0.151859  0.294305  0.330097  0.291907 -0.66656   0.328039
 -0.998663 -0.669867 -0.964707 -0.441655  0.331571  0.293058  0.285484
  0.270641  0.313483 -0.270244  0.044717  0.286151 -0.182971]
[-0.247743 -0.111341 -0.587521 -0.760822  0.206693  0.331215  0.032354
  0.257936 -0.132741  0.238003  0.015235 -0.318998 -0.421133  0.023679
  0.229121  0.063277 -0.026428 -0.129021  0.097884  0.248766]
[ 0.319835 -0.002743  0.333332 -0.086312 -0.526006 -0.158814  0.045737
  0.231656 -0.483312  0.3299    0.309021 -0.43551   0.307468 -0.133541
  0.146609  0.331288 -0.81963   0.190608  0.327153  0.31511 ]
[ 0.332365  0.167442  0.270122 -0.956139 -0.491964 -0.593356  0.266979
 -0.442349 -0.422877  0.300484 -0.543554 -0.083889  0.175469  0.200993
  0.318803 -0.365497  0.174008  0.150419  0.327754 -0.497216]
[-0.332068  0.189684  0.246701 -0.367371  0.251807 -0.137799  0.329227
  0.332981 -0.244354  0.174695  0.285861  0.249767  0.331048  0.313947
  0.328369  0.198663 -0.298684 -0.713823 -0.963059 -0.353261]
[-0.302885  0.318162  0.16743  -0.375923  0.25787  -0.297417  0.268841
 -0.15278  -0.0281    0.020139  0.177684  0.025576 -0.902936  0.206644
 -0.32522   0.159564  0.115854  0.320287  0.216282  0.32281 ]
[ 0.328986  0.327697  0.197099  0.149461  0.091163  0.315429  0.288116
  0.329965  0.212053 -0.984821  0.128672  0.164821  0.313176  0.297318
  0.285446 -0.454547  0.320368 -0.026075  0.327695  0.31111 ]
[ 0.331208  0.330993  0.256266 -0.862182  0.225514 -0.951083 -0.964867
  0.328994  0.301348  0.292803  0.329594  0.228702 -0.09854   0.27281
  0.332601  0.308977 -0.97808   0.306503  0.317399 -0.266717]
[-0.988309  0.130876 -0.676412  0.323766  0.258571  0.274286  0.061454
  0.267709  0.107971  0.332707  0.307298  0.046037 -0.9719    0.310977
  0.281974  0.328512 -0.129311 -0.151377  0.323552  0.227519]
[ 0.293803  0.311697  0.12142   0.252146 -0.55037   0.315467  0.234619
 -0.180601 -0.706938  0.332593 -0.184399  0.315477  0.332189 -0.979421
  0.021369  0.323111 -0.706995  0.292735 -0.036743  0.248373]
[ 0.320436  0.296419  0.174618  0.136883  0.237394  0.225136 -0.291706
  0.329727  0.332971  0.16254  -0.170499  0.284296  0.142127 -0.252805
 -0.758393  0.327631 -0.221999  0.305938  0.261773 -0.923221]
[ 0.309821 -0.735507  0.330469 -0.284577 -0.490554 -0.559905 -0.811614
 -0.849388 -0.358611 -0.430855  0.327411  0.037587 -0.186793 -0.926656
  0.18314   0.291704  0.278565  0.332559  0.216771 -0.237388]
[ 0.302413  0.325947  0.077506  0.25679   0.316003  0.284379  0.312239
  0.32837  -0.888564  0.332329  0.295646  0.029699  0.293665  0.333274
  0.033006  0.301329 -0.070398 -0.155613 -0.108204 -0.99852 ]
[ 0.097584  0.232786  0.296257  0.33318   0.265606  0.303205  0.333179
 -0.271714  0.184542 -0.762025 -0.541342  0.322823  0.237441  0.202148
  0.232092 -0.911982 -0.423524  0.029221  0.278505  0.315582]
[ 0.210836 -0.767995 -1.       -0.568371  0.0917   -0.115948  0.148354
  0.301395  0.143406  0.298367  0.18642  -0.147563 -0.004525  0.33329
 -0.955875  0.310144 -0.938103  0.240836  0.01663   0.291289]
[-0.948225  0.264033  0.043172  0.278048 -0.636184 -0.638975  0.253417
  0.22931   0.333322  0.29279  -0.876241 -0.185805 -0.843164 -0.394619
  0.105997 -0.556301  0.30905   0.328772  0.087944  0.325787]
[-0.118797  0.221821  0.311771 -0.0697    0.262658 -0.490073 -0.914728
 -0.62904   0.305243  0.104394  0.259989  0.297349  0.29303   0.325879
 -0.144451  0.317967  0.053247 -0.91085  -0.499014 -0.03353 ]
[-0.61776   0.077987  0.136433 -0.986977  0.246951  0.215178 -0.054029
  0.220277 -0.435473  0.333043  0.179457 -0.690342  0.318715  0.15879
  0.304481  0.326239  0.328024  0.332721 -0.340088  0.064861]
[ 0.069353  0.286957 -0.071272  0.24381   0.26756  -0.945189  0.079161
 -0.279819  0.329975  0.25648   0.333042  0.317193  0.022857 -0.479683
  0.323295  0.290983  0.309426 -0.681805  0.147506  0.2861  ]
[ 0.154258  0.252572  0.269782 -0.546455  0.10498  -0.110197  0.217185
 -0.103129  0.321568 -0.488874  0.332724  0.157328  0.140475  0.06251
 -0.348712  0.30847   0.187717  0.333331  0.222635 -0.172654]
[ 0.25865   0.176841  0.329484 -0.25804   0.238916  0.034393  0.314262
  0.333332  0.276953  0.158277 -0.509336  0.320556 -0.965761  0.182497
 -0.444225 -0.398001 -0.989581  0.262924  0.332083 -0.05514 ]
[-0.006376  0.281465  0.278941 -0.153297  0.292842  0.117053 -0.579598
  0.310027  0.317242 -0.927961  0.269148 -0.037616  0.007558 -0.281863
  0.328609 -0.675019  0.289203 -0.670633 -0.126429  0.190678]
[ 0.327496  0.326284 -0.267861  0.193431  0.199466  0.078018 -0.961209
 -0.999199 -0.720934  0.31405   0.152946  0.307439  0.183494  0.009905
 -0.049406  0.296132  0.331959 -0.141794  0.325161 -0.318019]
[ 0.291259  0.333236  0.125796 -0.265183 -0.911202 -0.457461  0.328508
 -0.343549  0.289018 -0.500629  0.127488  0.331784  0.277279  0.300136
  0.297699  0.319676 -0.132265  0.121518 -0.631259 -0.651775]
[ 0.280986  0.004532  0.321868  0.272827 -0.780307 -0.422291 -0.267086
  0.329144  0.329834 -0.420451  0.275275  0.275367 -0.021263 -0.291136
  0.333306  0.331988 -0.539553  0.029139 -0.112241 -0.18719 ]
[ 0.297423  0.214212  0.329673  0.206396 -0.201243 -0.94183   0.201458
  0.144169  0.27843   0.279534 -0.054755 -0.020634 -0.511632 -0.342361
  0.184796 -0.955765  0.332233 -0.236055 -0.841785  0.19635 ]
[-0.90378  -0.956777  0.177743  0.186014  0.319091 -0.161274  0.332551
  0.3254    0.148409  0.329428  0.297859  0.327534  0.156153 -0.999706
  0.229084  0.332078 -0.04746   0.318164 -0.13083  -0.709393]
[ 0.31778   0.24988   0.332169  0.332908  0.300413  0.22103   0.24708
  0.289018  0.236633  0.088301 -0.274895  0.32754  -0.100578  0.206526
 -0.636239  0.304712 -0.049817  0.277632 -0.769876  0.315872]
[ 0.203555  0.259315  0.29529  -0.865478 -0.213798  0.255626  0.160401
  0.095297  0.085045  0.30475  -0.119955 -0.477985  0.321894  0.314479
  0.163895 -0.619683 -0.975125 -0.035354 -0.866193 -0.63804 ]
[ 0.304558 -0.933236  0.297677 -0.017657  0.295657 -0.029603 -0.761797
 -0.654911  0.330897  0.135237 -0.378346 -0.990492  0.315801  0.24756
  0.265546  0.263105  0.250997  0.303647  0.041221  0.078357]
[ 0.331932  0.31541  -0.517728  0.327856  0.315858 -0.952259  0.332717
 -0.816761  0.252874  0.211426  0.301709 -0.637686 -0.864348 -0.12172
  0.272933  0.057328 -0.670025  0.178805  0.262413 -0.204608]
[ 0.332483 -0.837774 -0.810012  0.33285   0.008859  0.310058  0.274231
  0.328661 -0.721104  0.247616  0.32697  -0.877502  0.332793 -0.252848
  0.030793  0.152281  0.311114 -0.196286 -0.779645 -0.597833]
[-0.076652 -0.007042 -0.324892  0.333309 -0.999992 -0.102494 -0.998398
  0.164996  0.129216  0.320198 -0.186101 -0.113385  0.166724 -0.166384
  0.12577  -0.76991  -0.115154 -0.75823   0.294163 -0.302447]
[ 0.326108 -0.997755  0.305383  0.198226  0.228964  0.201651 -0.113357
  0.299063  0.332792  0.193451 -0.248682  0.332896 -0.082536 -0.238661
  0.24404   0.185869 -0.671511 -0.503827  0.32353   0.327226]
[ 0.333168  0.256042 -0.217908  0.267326 -0.583153  0.279704  0.21326
  0.311273  0.258313  0.320794  0.329082 -0.954864  0.326356  0.332172
  0.331946  0.318408  0.035339  0.276293  0.307293 -0.938391]
[ 0.296295 -0.210666  0.191119  0.306901  0.188125 -0.337962  0.325492
 -0.337001 -0.149154  0.329219 -0.273582  0.221929 -0.999726  0.297388
  0.284777  0.262077  0.329595  0.326592  0.123646 -0.496761]
[ 0.153952  0.29279   0.182927  0.065539  0.223111  0.194289  0.30482
  0.333066 -0.291595 -0.751282 -0.280904  0.331441  0.290593 -0.080476
  0.333128  0.332059 -0.121597  0.308527 -0.578265 -0.889004]
[ 0.317459  0.316584  0.153917  0.258193  0.332908 -0.061103 -0.573325
  0.289973  0.333069  0.332204  0.084756  0.323543 -0.332073 -0.15415
 -0.986423  0.008768  0.328095 -0.942493  0.263101 -0.635407]
[ 0.008612 -0.561463  0.318564  0.128786  0.17208   0.049632  0.085181
  0.323648 -0.673987  0.332781 -0.289549  0.292397  0.172114  0.039252
  0.123564  0.173488  0.327207  0.330198 -0.370887  0.332783]
[ 0.069494  0.283614 -0.311777 -0.346315  0.094958 -0.645642  0.254284
  0.332153 -0.215192  0.324536  0.271757 -0.612327  0.027633 -0.021592
 -0.108767  0.30749   0.146315  0.086827 -0.87709  -0.384349]
[-0.793253  0.262623  0.255316  0.219645  0.149871 -0.07599  -0.865052
  0.106152  0.079829  0.036352  0.316743  0.332905 -0.030948 -0.146728
  0.070093  0.328025  0.300081  0.332121 -0.639999  0.274008]
[ 0.330997  0.311399  0.008196  0.128679  0.074917  0.32146   0.328863
 -0.492745 -0.078514 -0.001584  0.307637 -0.19706   0.331393 -0.042389
 -0.986868 -0.049735  0.076747  0.32128   0.09429   0.315367]
[-0.631095  0.248129 -0.084755 -0.770444 -0.061202 -0.390291 -0.443757
  0.315984 -0.675064  0.129891  0.299491 -0.241168  0.331927  0.317192
  0.333161 -0.408213  0.312877  0.33333  -0.849896  0.333203]
[ 0.127326  0.320236  0.329192  0.032764 -0.686223  0.12664   0.329932
  0.306485 -0.598994  0.132952 -0.942407  0.177633  0.333331  0.190965
  0.242895  0.30834  -0.948891 -0.96364  -0.123839  0.305152]
[ 0.301019  0.305777  0.142643  0.333324  0.175371 -0.58354  -0.854728
 -0.686268 -0.064506 -0.073987  0.2818    0.290123  0.278294  0.328938
  0.333333  0.320288 -0.36642  -0.037421  0.099163  0.243719]
[ 0.328745 -0.311072  0.274669  0.210131  0.062916  0.310001 -0.643753
  0.31938  -0.498345 -0.545822  0.3286    0.088069  0.331937 -0.648226
  0.29493   0.321455 -0.564069 -0.083102  0.327222 -0.175623]
[-0.217644 -0.206854  0.324904  0.253754 -0.113035  0.12673  -0.015941
  0.266603 -0.059844  0.186173 -0.13898  -0.700023  0.330348  0.327907
  0.028491  0.219468  0.126548  0.045039  0.288313  0.050535]
[ 0.218685  0.060879  0.321395  0.332849  0.329519 -0.997852  0.233506
  0.319396  0.292937 -0.422427 -0.289916  0.322943  0.035718  0.319821
 -0.507782  0.333333  0.315921 -0.383405  0.236391  0.333306]
[-0.190543  0.313995 -0.940725 -0.790288  0.218914  0.331687  0.300094
  0.30341   0.316914  0.331744  0.315226 -0.971059  0.050014  0.322451
 -0.77002   0.292874  0.312543  0.130484  0.291683  0.211222]
[ 0.234238  0.327707  0.332035 -0.193111  0.329385 -0.29091   0.290058
 -0.018816  0.328461  0.276919  0.332494  0.322543 -0.129262  0.332932
 -0.411795 -0.862989  0.117077 -0.181581 -0.189303  0.316494]
[ -9.995686e-01   2.996686e-01   3.061947e-01   1.701619e-01   3.309737e-01
   2.284479e-04  -1.513247e-01  -8.122760e-01  -3.733091e-01  -1.877995e-01
   3.300260e-01  -9.180168e-01   1.096466e-01   2.367216e-01   2.446643e-01
  -3.737851e-01   3.216116e-01   3.238530e-01  -9.695084e-01  -2.864926e-01]
[-0.840741 -0.069118 -0.522818  0.002297 -0.107567 -0.410547 -0.812271
  0.321594  0.327964  0.077282  0.228125 -0.235609  0.326728  0.329453
  0.021696 -0.213494  0.207912 -0.623592 -0.922098  0.249526]
[ 0.064731  0.328119  0.023866  0.289734 -0.105099  0.326195  0.233489
 -0.9299   -0.267367 -0.372572  0.145592  0.23614   0.251756 -0.999887
  0.286794  0.248967  0.270525  0.182021  0.075252  0.329335]
[-0.737183  0.316388  0.319213  0.108686  0.313791  0.261515  0.229476
  0.22917   0.254268  0.333294  0.319752  0.235979  0.145001  0.326809
  0.332459  0.197474 -0.999647  0.253473 -0.288885  0.240687]
[-0.967433  0.313017  0.301602  0.311854  0.232254 -0.03811  -0.659992
  0.325724 -0.045809  0.325455  0.123338  0.02295   0.33049   0.331455
  0.250057 -0.14126   0.325763 -0.640359 -0.090176  0.305134]
[ 0.311467  0.252605  0.288107  0.041709 -0.244053  0.320857  0.195772
  0.288858  0.330626  0.288906 -0.719476 -0.39924   0.268211 -0.509989
  0.265056  0.332923  0.332605  0.227165 -0.403007  0.298666]
[ 0.323944  0.275269 -0.129178  0.24801   0.333332 -0.096722  0.320055
  0.215469  0.330165  0.09235   0.278765 -0.267867 -0.849627  0.325315
 -0.351108 -0.234413  0.243393 -0.021337 -0.716398  0.330767]
[ 0.27085   0.318257 -0.009687 -0.797354 -0.111752  0.014377  0.247286
  0.285729  0.329369  0.333235  0.317164 -0.963838  0.33192   0.323062
 -0.16693   0.331534  0.28131  -0.996828  0.289189  0.202126]
[-0.012298  0.315775 -0.924931  0.272644  0.178891  0.315327  0.267042
 -0.40213   0.3286   -0.684861 -0.83179  -0.412148 -0.989422  0.236989
  0.314887 -0.946514 -0.018892  0.326361  0.26418   0.221365]
[ 0.246388  0.333072  0.163132  0.275366  0.317375  0.195545  0.1032
  0.326899  0.209917  0.300758  0.233084  0.239043  0.210207  0.201264
 -0.002673  0.331558  0.184115 -0.331388 -0.218192  0.061468]
[ 0.059016 -0.857303  0.28493   0.252667  0.172516 -0.908397 -0.017126
 -0.038284  0.113284  0.330335 -0.489001  0.189712 -0.026564  0.232517
  0.330572  0.21405   0.286789  0.111445 -0.474721  0.198879]
[-0.62298  -0.192922 -0.363546 -0.026789 -0.277099  0.282533 -0.973753
  0.313422 -0.058806  0.332595  0.015368 -0.989362 -0.840666 -0.64918
 -0.415657  0.308605 -0.954407  0.33332  -0.014366  0.31653 ]
[ 0.313941  0.271439  0.326436 -0.074877  0.315702 -0.206536  0.293946
  0.327702  0.329513  0.035948  0.303284  0.320697 -0.977117  0.156975
  0.289906 -0.107675  0.33187   0.259584  0.311772 -0.342789]
[ 0.33331   0.044193  0.309643 -0.675691 -0.428355  0.254774  0.294025
 -0.580456 -0.969077  0.332234 -0.409542  0.110369  0.333042  0.333299
 -0.400945  0.332408  0.195866  0.132434 -0.027817 -0.890078]
[  5.002216e-02   2.637121e-01   2.180312e-01   1.530247e-01   6.891921e-02
  -5.709708e-01   3.281032e-01  -9.566100e-01   3.323108e-01   4.354390e-02
  -7.535848e-04   3.262424e-01   2.501646e-01  -3.388972e-01   3.204678e-01
   3.317802e-01  -3.024404e-01  -1.535381e-01  -1.142727e-01  -6.563451e-01]
[ 0.238188  0.201201  0.254163  0.305912  0.023121  0.120844  0.281563
  0.107932  0.01087  -0.885605  0.054598  0.320635  0.332927  0.319806
 -0.27378   0.131879  0.267314  0.314532  0.330347 -0.542214]
[ 0.009826  0.158727  0.076968  0.316569  0.268128 -0.220932  0.229836
 -0.201556 -0.445891  0.320679 -0.070127 -0.455702  0.329157  0.269376
  0.285225 -0.555711  0.327183 -0.218588  0.33291   0.205777]
[-0.01220344513425381, 0.027558489484802662, 0.012866279768325023, -0.00035777018811988803, 0.031213193452764659, -0.046143065145276829, -0.0052887937874851465, -0.044497419440637342, 0.028952960568245912, 0.025308599074692517, 0.067263754863661374, -0.035790374485495213, -0.050658369117461473, -0.17637963613931468, -0.022195280872423173, 0.0011786032128443813, -0.0034342488434636054, 0.025877514889898923, 0.035219283855917077, -0.028923752410956904, 0.030891420797524369, -0.037951349009250901, 0.0044668033643587846, 0.014758712253441303, -0.048256665244271857, -0.045132352226835426, 0.070694506864056816, -0.0079317395049459671, -0.014251129842731303, 0.021653400743132434, 0.051242613130997317, -0.023965844019127297, 0.025278314799333568, -0.084635800322225618, -0.0003245986323902883, 0.14591468824656706, 0.019081459799701939, 0.014402066101301958, -0.023135308583912162, 0.015136916542020984, 0.059314252073163154, -0.05127725432221486, 0.038296483311814455, 0.030800860062351998, 0.063449063582999427, 0.033315022479069811, -0.00059444722379063675, 0.061969408794541131, 0.0095217499212468804, 0.020126380183048978, -0.026237130409124787, 0.033065647867462883, -0.033115110249767238, -0.024079770161801461, 0.036685734784009945, 0.036690069908762279, 0.011824089521435821, 0.0086017905528479877, 0.01628360753242486, 0.0075142748084296995, -0.023129775119212159, 0.067116090780586085, 0.11534896877224698, -0.024899546535925243, 0.041310105553409915, 0.022903178282533881, 0.028499899680247576, -0.018610023244923168, 0.033643943644685093, 0.036212470889350229, 0.04127704109406749, 0.038661933513142503, -0.076393071717696465, -0.042209912424778451, -0.077121015885447952, -0.0093637374734902856, 0.0061394525723565824, 0.093758277642104537, 0.020025902432150078, 0.031791533061444666, -0.023007087852929736, 0.0084929256775563011, 0.02012075136647859, -0.028600117755381405, 0.00040305404390916788, -0.011108145390034296, -0.080338631898003832, -0.010346452782769355, 0.060610045179001315, -0.019936550396430053, 0.065734049454081733, 0.058419954390272852, 0.0767181057138627, -0.012132909176103407, 0.013739481540670728, 0.027987774355987594, -0.030594779441805331, 0.014084259329633537, 0.00017988521291176229, -0.0032536420546882879]
('time: ', 9507.914187908173)
