“Running plot script on a single CPU core”
[ 0.053075  0.043633  0.057544  0.003909  0.012188  0.001874]
[ 0.078336  0.034517  0.106364 -0.029151  0.027906  0.011252]
[ 0.039845  0.026998  0.029269  0.018204  0.019769  0.028224]
[ 0.003612  0.037699 -0.06085   0.008016 -0.02906   0.027594]
[ 0.045166  0.042125  0.106026  0.01395  -0.015975  0.011456]
[-0.030674  0.032798  0.016198 -0.02389   0.013489 -0.004102]
[-0.006523 -0.034808 -0.002468 -0.00474   0.002105  0.016307]
[ 0.00616  -0.036377  0.019858  0.027604 -0.006312 -0.00333 ]
[-0.005777  0.042385  0.040595 -0.018457 -0.023153  0.005133]
[-0.103917 -0.020466 -0.010326  0.007288 -0.020522  0.02582 ]
[ 0.055861  0.074266  0.040309  0.014236 -0.01732   0.001158]
[-0.023212 -0.053018 -0.019557  0.079114 -0.001487  0.024167]
[ 0.020704  0.025125  0.03846   0.071259  0.018921 -0.017779]
[ 0.017969  0.060304  0.052025  0.009332  0.017796 -0.01217 ]
[ 0.03134   0.030495  0.074597 -0.045298  0.012862 -0.011892]
[-0.009731 -0.033652 -0.041194 -0.007111  0.017431  0.029875]
[ 0.010644 -0.009197 -0.000956  0.002343 -0.023218 -0.020064]
[ 0.035836  0.033826  0.074456  0.010667  0.004199  0.019452]
[-0.014538  0.041957  0.07635  -0.008164 -0.073687  0.009247]
[ 0.046746 -0.073258  0.02824   0.035634 -0.077978  0.01224 ]
[ 0.021482 -0.001445  0.059096  0.021327 -0.007236  0.011862]
[ 0.072947  0.037127  0.030091 -0.010427  0.003666  0.045042]
[-0.015261 -0.058512 -0.015741  0.028508  0.003095  0.050389]
[ 0.031921  0.03711   0.080761  0.055274 -0.029886  0.036446]
[ 0.03328   0.043141  0.046874 -0.001342 -0.001628 -0.011864]
[ 0.024279  0.075934  0.104678 -0.006822  0.030815  0.001705]
[ 0.014799  0.022688  0.032402  0.00263  -0.015672  0.033421]
[ 0.041744  0.04776   0.089975  0.030273  0.011005  0.007813]
[ 0.077126  0.086888  0.110113  0.007137  0.004787  0.007831]
[ 0.027539  0.030697  0.044797 -0.004386 -0.018806  0.022728]
[ 0.00835   0.005892 -0.007354  0.005594 -0.003083 -0.022334]
[ 0.058107  0.051391  0.053529  0.009279 -0.026537  0.006771]
[-0.041948 -0.02406   0.016523 -0.020391  0.005667 -0.010131]
[ 0.055016  0.036297  0.032165 -0.006232 -0.017396  0.000321]
[ 0.011475 -0.043334 -0.050884 -0.031965 -0.001501  0.001714]
[ 0.036544 -0.028783  0.088639  0.002047 -0.001616 -0.004419]
[ 0.016251  0.042339  0.097357 -0.014194 -0.016274  0.016066]
[ 0.048254  0.090419  0.12376   0.017713 -0.015298 -0.015732]
[ 0.015063  0.010092  0.01761   0.019292 -0.01427   0.019053]
[ 0.067937  0.108069 -0.00012   0.01394   0.021006 -0.003524]
[ 0.066842  0.025122  0.076549 -0.031679 -0.020979 -0.014716]
[ 0.036062 -0.018088  0.026044 -0.004473 -0.037532 -0.011028]
[ 0.028299  0.112351  0.073977 -0.008036 -0.004504 -0.011888]
[ 0.001619  0.03556  -0.023018  0.020473 -0.013527 -0.004309]
[-0.022122 -0.035805 -0.046595  0.013757  0.001609 -0.001065]
[ 0.021582 -0.001172 -0.022776  0.01178   0.006067  0.020119]
[ 0.08568   0.041992  0.053141 -0.037508 -0.004675  0.023754]
[ 0.012303 -0.003244  0.024382  0.004803  0.027199  0.007531]
[ 0.018025 -0.025321  0.028729 -0.019143  0.013183  0.01149 ]
[-0.000364  0.044848  0.041466 -0.028491  0.013194  0.015726]
[-0.033628 -0.043389 -0.042483 -0.052044 -0.012367 -0.015741]
[ 0.059318  0.015535  0.05482   0.00231   0.000586 -0.017603]
[ 0.076091  0.066103  0.049921  0.013418 -0.013719  0.003826]
[ 0.02299   0.045066  0.024684 -0.004596  0.028294 -0.018783]
[ 0.023472 -0.007874  0.021647  0.01851   0.026833  0.024702]
[ 0.054803  0.05033   0.065195 -0.010382  0.010468 -0.014027]
[ 0.023694  0.072679  0.095643  0.022809 -0.027798  0.001102]
[ 0.0985    0.089553  0.08     -0.003089 -0.023648 -0.001014]
[-0.014381  0.010182 -0.004121  0.011396  0.011381  0.018129]
[-0.008537 -0.011659  0.016267  0.038133  0.007156  0.005592]
[ 0.007709  0.062126  0.090163  0.019321 -0.017691  0.015839]
[ 0.038247  0.061631  0.068532  0.020447  0.010583 -0.010574]
[ 0.005952  0.037739  0.0556    0.028634 -0.026142  0.03942 ]
[ 0.042211  0.027395  0.111884 -0.012704 -0.009516  0.00333 ]
[-0.029936  0.018873  0.023516  0.00789   0.010193  0.015479]
[-0.03432   0.045569  0.009397 -0.01059  -0.011885 -0.003151]
[ 0.019876  0.101032  0.059025 -0.002908  0.000373 -0.025135]
[ 0.115576  0.09442   0.142458  0.03296  -0.001608 -0.008781]
[-0.045861  0.011065 -0.008413 -0.025086 -0.023387 -0.000937]
[ 0.056325  0.113293  0.143117  0.003338  0.013522 -0.02678 ]
[ 0.063289  0.024745  0.041882  0.00973  -0.018888 -0.010363]
[ 0.037392 -0.018954  0.043669  0.024394 -0.004594 -0.000388]
[ 0.074421  0.013773  0.130959 -0.003404  0.024127  0.024047]
[ 0.078107  0.031173  0.030388 -0.036976  0.00845  -0.001018]
[ 0.023055  0.105127  0.100793 -0.04273   0.006732  0.003551]
[ 0.040606  0.082655  0.032694 -0.031375  0.020264 -0.033354]
[ 0.017674 -0.07962  -0.023613 -0.017323  0.025841 -0.058291]
[ 0.057454  0.03737   0.023959  0.000497 -0.010374  0.004239]
[ 0.093571  0.131308  0.12733   0.033754 -0.005053 -0.003832]
[ 0.002479  0.014514 -0.012853  0.021536  0.001476 -0.011425]
[-0.000465  0.050145  0.032015  0.006868 -0.027089  0.022255]
[ 0.001419  0.014484  0.048064  0.001835 -0.021602 -0.034659]
[ 0.10944   0.132736  0.098093 -0.010128 -0.019903  0.018585]
[ 0.049801  0.032026  0.067803  0.011867  0.013925  0.019567]
[-0.047913  0.052222  0.025668 -0.047674 -0.006616  0.003294]
[-0.01126   0.073274  0.043108 -0.003078  0.018901 -0.004618]
[ 0.002755  0.019643  0.015412  0.016172  0.017957 -0.005732]
[ 0.022667  0.067726  0.086643  0.031206 -0.003558 -0.010354]
[ 0.022966  0.067918  0.072287 -0.026522 -0.008749  0.013468]
[-0.036517  0.020273  0.031199  0.004766 -0.017635 -0.018829]
[ 0.015682  0.042015  0.009196 -0.007869 -0.005876  0.026192]
[ 0.005471  0.020443  0.083904 -0.024817  0.03968   0.029912]
[ 0.010276  0.028949  0.048499 -0.004853  0.001644 -0.020852]
[ 0.014297  0.010318  0.053    -0.032623  0.01838   0.015843]
[-0.028742  0.007791  0.001665  0.010413 -0.00101   0.007092]
[ 0.046706  0.04639   0.014319  0.017103 -0.007045 -0.0028  ]
[ 0.034623  0.061256  0.035696  0.004608 -0.004054  0.016763]
[ 0.048018  0.101181  0.120978  0.012828 -0.006828  0.01748 ]
[ 0.042671  0.08901   0.084121  0.010283 -0.029329 -0.015914]
[ 0.034023  0.001348  0.019754  0.032391 -0.009906 -0.00857 ]
('Mean', 1, ': ', 0.034022788564548129)
('Median', 1, ': ', 0.034022788564548129)
('Variance', 1, ': ', 0.0)
('Mean', 2, ': ', 0.0013478948911210091)
('Median', 2, ': ', 0.0013478948911210091)
('Variance', 2, ': ', 0.0)
('Mean', 3, ': ', 0.019754285191236426)
('Median', 3, ': ', 0.019754285191236426)
('Variance', 3, ': ', 0.0)
('time: ', 7951.421589851379)
