“Running plot script on a single CPU core”
[-0.048371  0.007169  0.013152  0.013212  0.005109 -0.017711]
[ 0.08281   0.042226  0.048788 -0.01026   0.005546  0.034993]
[-0.060564  0.013888  0.029509 -0.020313  0.018663  0.007565]
[-0.039794 -0.005728 -0.005864 -0.002004 -0.014844 -0.001595]
[-0.075839  0.119086 -0.027437 -0.014837  0.031972 -0.018331]
[ 0.128032  0.10349   0.133153  0.01657  -0.018348 -0.00237 ]
[ 0.014054  0.006501 -0.004384  0.021476  0.028318 -0.03002 ]
[-0.040758  0.02087   0.053091  0.014261 -0.029452 -0.014333]
[ 0.008845  0.055455  0.077001  0.018315  0.010193  0.01325 ]
[ 0.02792   0.029473  0.062389 -0.002329 -0.013124  0.024787]
[ 0.076969  0.046493  0.091041  0.002832  0.024567 -0.012648]
[ 0.062654  0.033678  0.029031 -0.002276  0.014547  0.026437]
[ 0.024731 -0.036519  0.014769  0.024453  0.003495  0.000965]
[-0.044441  0.012913  0.075193 -0.004551  0.000204  0.01302 ]
[-0.023534 -0.032482  0.012994 -0.003078 -0.009446  0.006769]
[ 0.036158  0.044321  0.035998 -0.003609 -0.002877  0.032436]
[ 0.03142   0.068479  0.056812 -0.011324  0.005695 -0.013347]
[ 0.018775  0.044074  0.038453  0.015     0.008152  0.025864]
[-0.049352  0.011471 -0.009715 -0.037505  0.026184  0.001317]
[ 0.086052  0.025393  0.099775 -0.009238  0.011656  0.015037]
[ 0.034014  0.030512  0.016184  0.014841 -0.018859 -0.042773]
[ 0.030033  0.029198  0.026883  0.004622  0.024065 -0.004863]
[-0.028217 -0.040288 -0.032103  0.008567 -0.001985  0.002857]
[ 0.077992 -0.000884  0.104248 -0.033505 -0.047964 -0.043516]
[ 0.00037   0.039383  0.013934  0.000473  0.010865 -0.000884]
[ 0.067769  0.077822  0.075114 -0.001911  0.027291  0.014689]
[ 0.009196  0.04019   0.055789 -0.009381  0.00582  -0.008336]
[-0.013802 -0.020627  0.01673   0.028538 -0.003954  0.022127]
[ 0.067691  0.053234  0.017735 -0.005069 -0.003508 -0.012792]
[-0.000751  0.022143  0.063836  0.005128  0.006432 -0.006304]
[ 0.016569  0.07096   0.065802 -0.009355 -0.039907  0.011226]
[ 0.040413  0.051546 -0.012337 -0.016226  0.001471  0.006614]
[-0.06039  -0.004587  0.008023 -0.003923 -0.024495 -0.017714]
[ 0.015106  0.062715  0.040508 -0.003528  0.006955 -0.002236]
[ 0.043484  0.012643  0.097275 -0.033231  0.006476  0.023469]
[ 0.026444  0.062721  0.052086  0.002887 -0.038189  0.002464]
[  6.032400e-02   6.204455e-02   8.774294e-02   5.355533e-05  -4.176598e-02
  -1.401902e-02]
[ 0.014742  0.025665  0.078299  0.006085  0.007231 -0.005602]
[-0.008014  0.02061   0.023844 -0.002186 -0.005545 -0.032255]
[ 0.029025  0.017888  0.083914  0.023538  0.014675 -0.001328]
[-0.001002  0.066346  0.014099  0.022283 -0.006299 -0.013086]
[ 0.004617  0.025084  0.003979 -0.044402  0.024453  0.011602]
[ 0.013295  0.008195  0.040215 -0.010125  0.011165 -0.016976]
[ 0.072933  0.025547  0.027837  0.000214  0.020775  0.011821]
[ 0.004698  0.035629  0.031267 -0.015895  0.010887 -0.001795]
[-0.054497  0.038748  0.055084  0.017212 -0.002043 -0.030087]
[ 0.029846 -0.088701 -0.014655 -0.025044 -0.065345 -0.022501]
[ 0.065068  0.04432   0.040385 -0.018381 -0.019836 -0.019698]
[ 0.030307  0.026497  0.049723  0.012764 -0.007723 -0.01653 ]
[-0.007291  0.030069  0.037152  0.047275  0.018541  0.020858]
[-0.053103  0.000358  0.028495 -0.009948 -0.007719  0.009858]
[ 0.068185  0.047672  0.100746  0.009627  0.008394  0.02765 ]
[-0.03579   0.007126  0.029109  0.001975 -0.018913 -0.005234]
[ 0.017148  0.093262  0.082816  0.013154 -0.006405 -0.018647]
[ 0.051016  0.05948   0.011154  0.008407  0.0039   -0.011057]
[-0.009127 -0.032457  0.063728  0.020944  0.011976  0.002272]
[-0.014239  0.067248  0.087595 -0.056171  0.003249  0.020167]
[-0.020994 -0.025033 -0.064655  0.032491 -0.009429  0.025838]
[ 0.037968  0.086879  0.086187 -0.008223  0.00608   0.006882]
[-0.024713 -0.084127 -0.008028 -0.006687  0.027917  0.034242]
[-0.080031 -0.001295  0.002015  0.010837 -0.022432 -0.045408]
[-0.071593  0.018591 -0.013591 -0.012227  0.012403 -0.010776]
[ 0.038452 -0.018868  0.008223  0.003696 -0.003877 -0.044556]
[-0.044059 -0.004358 -0.013467 -0.00826  -0.012187  0.018475]
[-0.019359  0.058972  0.005912 -0.007966  0.01507  -0.01007 ]
[ 0.097799  0.111818  0.095216  0.016159  0.012582  0.022965]
[ 0.012043  0.076738  0.086467 -0.023311  0.011322 -0.003192]
[ 0.051017  0.025797  0.162151 -0.03853  -0.018566  0.007665]
[ 0.002842  0.014776  0.093097  0.013889 -0.011619  0.011171]
[ 0.032338  0.064552  0.106034 -0.00126   0.012956 -0.002928]
[ 0.019357  0.02193   0.0285    0.020295 -0.027222 -0.003915]
[-0.021322 -0.003425 -0.036634  0.025062  0.015326  0.018418]
[-0.00897   0.04837   0.063125 -0.021607  0.003186  0.008173]
[ 0.071223  0.040098  0.046016  0.014826  0.007803 -0.027788]
[ 0.086933  0.148201  0.100564 -0.025772  0.031226  0.047176]
[ 0.099513  0.106493  0.079921  0.024191 -0.002761 -0.014099]
[-0.020485  0.007269 -0.050076 -0.008305 -0.013217  0.007348]
[ 0.018552  0.091163  0.041252 -0.004467 -0.010455 -0.001542]
[-0.061486 -0.021615 -0.037425 -0.008137  0.003588 -0.012598]
[-0.07113  -0.023616 -0.042558 -0.002295 -0.003196 -0.027099]
[-0.020781 -0.008408  0.049471  0.021496 -0.000211  0.017147]
[ 0.027503  0.040858  0.051175 -0.0057   -0.001766 -0.009696]
[ 0.005965 -0.00812   0.006568  0.014091  0.029277 -0.012049]
[-0.010528 -0.016289  0.027047 -0.032504  0.074794 -0.011092]
[ 0.035946  0.040506  0.032429  0.02123  -0.005012  0.027232]
[ 0.023876  0.033173  0.06487  -0.031161 -0.009235  0.006705]
[ 0.005919  0.042902  0.060978 -0.018328  0.020864  0.041537]
[ 0.039423  0.065519  0.146288 -0.001145 -0.016174 -0.00289 ]
[-0.022204  0.096894  0.083174 -0.021353  0.036091  0.001682]
[ 0.084375  0.075954  0.074232  0.019566  0.033081 -0.022486]
[ 0.098258  0.045982  0.063868 -0.004563  0.006735  0.018195]
[-0.003954 -0.010565  0.042553 -0.016827  0.019333  0.021494]
[ 0.042722  0.028173  0.046939 -0.027242 -0.010651  0.030785]
[ 0.01428  -0.020772  0.021788  0.03983  -0.000896 -0.009274]
[-0.00784   0.056834  0.001598  0.008082 -0.039632  0.046328]
[-0.043334  0.012612  0.036082  0.020951 -0.034376  0.012135]
[ 0.020222  0.053418  0.048464 -0.020705  0.044426  0.023543]
[-0.000865  0.068478  0.04176   0.000684 -0.002436 -0.002315]
[ 0.004429  0.035779 -0.034735 -0.018456  0.017792  0.025051]
[-0.021557  0.072894 -0.036214 -0.029756 -0.004149  0.012423]
('Mean', 1, ': ', -0.021556901069556732)
('Median', 1, ': ', -0.021556901069556732)
('Variance', 1, ': ', 0.0)
('Mean', 2, ': ', 0.072893978338773022)
('Median', 2, ': ', 0.072893978338773022)
('Variance', 2, ': ', 0.0)
('Mean', 3, ': ', -0.036214461322507274)
('Median', 3, ': ', -0.036214461322507274)
('Variance', 3, ': ', 0.0)
('time: ', 7951.650229930878)
