“Running plot script on a single CPU core”
[ 0.001482 -0.002325  0.036533  0.021594  0.016715 -0.005306]
[-0.065801 -0.008803 -0.012284  0.013834  0.011279 -0.00637 ]
[ 0.026067  0.08989   0.041265  0.006263  0.012794  0.003663]
[-0.037922  0.099571  0.075951 -0.018194  0.030205  0.005643]
[ 0.059286  0.074854  0.067449 -0.002302 -0.008495  0.016458]
[-0.026811 -0.033133  0.026162  0.054593  0.007102  0.018454]
[ 0.012637 -0.03011  -0.033899 -0.01529   0.000583 -0.002895]
[ 0.03657   0.03847  -0.018798  0.018848  0.008506 -0.0201  ]
[ 0.067888  0.03608   0.05996   0.012412  0.016185 -0.013924]
[ 0.103482  0.073481  0.00644  -0.012888 -0.007042 -0.016164]
[-0.03319  -0.08061  -0.001812 -0.002498  0.020469  0.037153]
[ 0.033812 -0.037564  0.044229  0.013072  0.006787 -0.031213]
[-0.017581  0.01145   0.080941 -0.009774 -0.013739 -0.032265]
[ 0.029199  0.005514 -0.020826  0.005786 -0.029944 -0.004727]
[ 0.020779  0.074965  0.035897 -0.011106 -0.014851 -0.022328]
[ 0.082712  0.0302    0.132178  0.048434 -0.020219  0.001059]
[ 0.052796  0.026941  0.022669  0.015695  0.003509  0.019452]
[ 0.036048  0.046217  0.043665  0.007068  0.011338  0.013318]
[ 0.071432  0.060982  0.077499 -0.029496  0.020543 -0.018437]
[-0.009302  0.024249  0.02903  -0.019631 -0.001665 -0.01352 ]
[ 0.016253 -0.060813  0.018396  0.032794  0.057206 -0.013269]
[ 0.036503  0.036116 -0.000275 -0.022379 -0.003418 -0.027851]
[ 0.031268  0.01446   0.066416 -0.051912 -0.009063 -0.048543]
[ 0.039253  0.104247  0.041917 -0.023835 -0.010554  0.004776]
[ 0.011938 -0.013623 -0.015284 -0.015486  0.016029 -0.011947]
[ 0.072611  0.064134  0.123926 -0.020434  0.007088 -0.002469]
[-0.023426  0.018799 -0.00593   0.022025 -0.013995 -0.006979]
[ 0.100011  0.073059  0.129868 -0.067754  0.031646 -0.019344]
[-0.018206 -0.011864  0.019531  0.008683 -0.043701 -0.056862]
[-0.034108  0.06865   0.079738  0.035506  0.005897  0.008045]
[ 0.066734  0.098224  0.122879 -0.008671  0.003489  0.011053]
[ 0.044909  0.105926  0.103052  0.011013  0.006871 -0.003936]
[ 0.037244  0.026046 -0.00604   0.023074 -0.042809  0.019806]
[ 0.103383  0.074197  0.05609  -0.033843 -0.009398  0.00832 ]
[ 0.077893  0.066347  0.076164  0.024516 -0.018132  0.011133]
[ 0.028987  0.000106 -0.019273  0.008018 -0.009814 -0.001414]
[ 0.020237  0.041777  0.02143  -0.013989  0.000954 -0.006684]
[ 0.012127  0.084122  0.049086  0.039908  0.020188 -0.057545]
[ 0.041773  0.058593  0.0782   -0.006658  0.007361  0.014801]
[-0.009091 -0.039748  0.03738  -0.002622 -0.030121 -0.030741]
[ 0.05834   0.073574  0.10739   0.010992 -0.004482  0.001865]
[-0.045542  0.008823 -0.05186   0.006152  0.024918 -0.019819]
[ 0.090664  0.010018  0.139376 -0.031653  0.009171  0.004207]
[ 0.117187  0.016288  0.183275 -0.010437 -0.024873  0.009447]
[ 0.015283  0.014915  0.037793  0.006595 -0.059438  0.013433]
[ 0.111986  0.106965  0.051585  0.003155 -0.016061 -0.047476]
[ 0.046755  0.030858 -0.012107  0.022173  0.013741 -0.003526]
[ 0.044834  0.065885  0.064357 -0.057292 -0.009592 -0.006403]
[-0.046226 -0.059605 -0.009302  0.019612 -0.026617  0.019305]
[ 0.047039  0.033543  0.049354  0.00171  -0.034714  0.036202]
[ 0.075928  0.041815  0.0677    0.006999  0.003192 -0.007421]
[ 0.013133  0.030802  0.040941  0.057397 -0.012965 -0.016115]
[ 0.041241  0.050213  0.042544 -0.002139 -0.010925 -0.006386]
[ 0.037032  0.020045  0.004677  0.01514  -0.015073 -0.01307 ]
[ 0.01768   0.055587  0.057714  0.010642 -0.007739 -0.018728]
[-0.007956 -0.039399  0.004071 -0.014107 -0.019828 -0.003454]
[-0.016708  0.02758  -0.038981 -0.000219 -0.019176  0.009015]
[ 0.075993  0.065213  0.010669 -0.004808  0.015874  0.013569]
[-0.072159 -0.016174  0.051479 -0.011714 -0.012088 -0.0088  ]
[ 0.096594 -0.019846  0.079648 -0.046203  0.031383 -0.000679]
[ 0.03148   0.013105  0.051434  0.003119 -0.008303 -0.009811]
[-0.04944  -0.000952 -0.000456  0.003331  0.019153 -0.002923]
[ 0.02851  -0.028851  0.036578  0.025931  0.004495 -0.011798]
[-0.004903  0.110038  0.128726 -0.037169  0.030242 -0.018848]
[-0.013942 -0.012632  0.089     0.011246  0.0121   -0.026151]
[-0.004624  0.007587  0.030752 -0.013302  0.011726  0.025208]
[ 0.031423  0.044212 -0.004333  0.011536  0.011043 -0.033379]
[ 0.005228  0.0279    0.036863  0.012311 -0.010518  0.001242]
[ 0.027862  0.06679   0.040682 -0.003209 -0.013354 -0.000461]
[ 0.007135  0.056406  0.081138 -0.008502  0.02397  -0.015994]
[ 0.012117  0.0622   -0.031081  0.062841  0.052125  0.005915]
[ 0.034292  0.036696  0.012548  0.037691  0.008532  0.022779]
[ 0.009728  0.044253  0.013853 -0.007321  0.003668  0.026915]
[ 0.022669  0.024239 -0.031649  0.012541 -0.024833 -0.026661]
[ 0.020113  0.077303  0.099017 -0.042417 -0.016018 -0.011575]
[ 0.024711  0.055369  0.077027 -0.006246  0.008546 -0.032739]
[ 0.000172  0.073115 -0.023057 -0.001891 -0.018332  0.022924]
[-0.049434 -0.018592  0.00163  -0.024941  0.010763 -0.036782]
[ 0.021659  0.018315  0.042112 -0.015121  0.008616  0.020548]
[-0.007389  0.107837  0.000858  0.009502  0.04413  -0.027866]
[-0.053338  0.000782  0.002193  0.018373  0.029696 -0.007322]
[ 0.074021  0.106029  0.122679  0.019307 -0.018874  0.0207  ]
[ 0.001884  0.029753  0.027937  0.001696  0.001589  0.020265]
[ 0.061368  0.073671  0.019877 -0.026647 -0.016736 -0.036015]
[ 0.028889  0.036575  0.088536 -0.029747  0.018383  0.016044]
[ 0.036741  0.025667  0.031478  0.011987  0.004984 -0.006578]
[-0.043338 -0.008939  0.014894  0.005271  0.022215  0.012735]
[ 0.004799  0.0854    0.074404  0.039924 -0.008755  0.021012]
[ 0.056232  0.054236  0.048217 -0.026937 -0.019119  0.046178]
[ 0.035093  0.004948  0.049799  0.014173 -0.023175  0.026674]
[-0.010917  0.098554  0.12763   0.038326  0.013101 -0.018229]
[ 0.049031 -0.05184  -0.046818  0.023861  0.018145  0.013501]
[ 0.030231  0.014445  0.040832 -0.019312  0.001473  0.004712]
[-0.013245  0.008306  0.002954  0.013844  0.003528  0.00879 ]
[ 0.008682 -0.012495  0.000835  0.004231 -0.016598 -0.01768 ]
[ 0.003366  0.027096 -0.020136  0.004967 -0.004861 -0.016825]
[ 0.076919  0.023396  0.084925 -0.007751  0.031387  0.006235]
[-0.013474  0.057734  0.057012 -0.012457 -0.001142 -0.001306]
[ 0.031896  0.007539  0.041308  0.007723  0.013896  0.010164]
[ 0.078597  0.047064  0.02839   0.014391 -0.023022 -0.006188]
('Mean', 1, ': ', 0.078597413041215258)
('Median', 1, ': ', 0.078597413041215258)
('Variance', 1, ': ', 0.0)
('Mean', 2, ': ', 0.047064001686264581)
('Median', 2, ': ', 0.047064001686264581)
('Variance', 2, ': ', 0.0)
('Mean', 3, ': ', 0.028389834946149415)
('Median', 3, ': ', 0.028389834946149415)
('Variance', 3, ': ', 0.0)
('time: ', 8224.295691013336)
