“Running plot script on a single CPU core”
[-0.021623 -0.037349 -0.015919 -0.01696   0.009899 -0.048975]
[ 0.024009  0.07074   0.08421  -0.033126 -0.018334  0.006138]
[ 0.071786  0.109528  0.115772 -0.014384  0.005526  0.003983]
[-0.016565 -0.021212  0.046074  0.015945 -0.019743 -0.003393]
[ 0.009316  0.014079  0.058933 -0.013173 -0.021186 -0.012386]
[-0.02678  -0.008039  0.029737  0.036831 -0.026871 -0.010748]
[-0.061402 -0.059181 -0.076207  0.030034 -0.010071  0.04087 ]
[ 0.01442   0.028362  0.080345 -0.009107 -0.003891  0.003065]
[ 0.080607  0.044919  0.039877  0.01019  -0.007103 -0.010622]
[ 0.031822  0.030064  0.040721 -0.021144  0.017194 -0.012364]
[-0.052597 -0.032718 -0.013509  0.021432 -0.001787  0.024197]
[ 0.095032  0.050314  0.112208  0.005148 -0.030229 -0.006537]
[ 0.102265  0.08501   0.050687 -0.037676  0.036853  0.003528]
[ 0.05936   0.112595  0.101365  0.012175  0.00023  -0.016481]
[ 0.085718  0.079033  0.010855  0.014472 -0.046384  0.042851]
[ 0.040014 -0.017424  0.007719 -0.013652 -0.044057 -0.050049]
[ 0.035233  0.023025  0.094417 -0.018457  0.037987  0.015933]
[ 0.057387  0.023307  0.029483 -0.006761 -0.005568  0.029089]
[ 0.005262 -0.018815 -0.012525  0.01567  -0.038822 -0.025097]
[ 0.101311  0.012373  0.057961 -0.005051  0.030921  0.011935]
[-0.022069  0.020867  0.027644  0.022251  0.02028   0.033551]
[ 0.065005  0.073736  0.046524  0.004936 -0.013972  0.009837]
[ 0.005736  0.063718  0.066898  0.006163  0.00532  -0.003732]
[ 0.099698  0.10031   0.135177  0.020288 -0.013327  0.017395]
[ 0.044293  0.038295  0.055809  0.002544 -0.010503  0.026324]
[ 0.00646   0.102368  0.083312 -0.006323 -0.004363  0.007498]
[ 0.039672  0.083897  0.064913  0.003809  0.023213 -0.014304]
[ 0.021421  0.053357  0.051341 -0.004586  0.016192  0.023475]
[ 0.008206  0.025232 -0.025971 -0.012466 -0.005948 -0.01766 ]
[  6.943895e-02   5.159084e-02   5.995314e-02   2.211586e-02   1.438088e-02
  -1.624917e-05]
[ 0.053338  0.068113  0.021063  0.006616 -0.001353  0.027001]
[ 0.013449  0.005025  0.020137 -0.020592 -0.022044 -0.034643]
[ 0.01072  -0.001991  0.020328  0.003874 -0.00036   0.004234]
[ 0.001235  0.042094  0.057669  0.013678  0.023042  0.020884]
[ 0.10042   0.053998  0.074921 -0.005266  0.020923 -0.015181]
[ 0.016452  0.038033  0.035886 -0.034543  0.018996  0.000739]
[-0.037283  0.069285  0.027353 -0.007872 -0.014137  0.018927]
[ 0.016382  0.09587   0.088112 -0.02011  -0.006727  0.006356]
[ 0.033813  0.01492   0.101322  0.005873 -0.009022  0.015613]
[ 0.054165  0.037564  0.042012 -0.013383 -0.017508 -0.014671]
[ 0.035939  0.014194 -0.018921  0.014055 -0.014764  0.018073]
[ 0.118389  0.106893  0.149719 -0.014754 -0.012365 -0.001117]
[ 0.100162  0.116069  0.137782 -0.010499  0.008903 -0.007183]
[ 0.055914  0.120009  0.077432 -0.044113 -0.022093 -0.01672 ]
[ 0.04751   0.081886  0.143422  0.008404  0.026125  0.00375 ]
[-0.017972  0.008317  0.044969 -0.030481 -0.026928 -0.014687]
[ 0.070961  0.050029  0.074079  0.020277  0.011737  0.005837]
[-0.027084  0.021088 -0.051615  0.010261 -0.026649 -0.001598]
[-0.05063   0.007838  0.01076  -0.02035   0.030524  0.000247]
[-0.013553  0.012778  0.033984  0.000537 -0.007132 -0.009217]
[ 0.090239  0.134746  0.103088  0.017099  0.036439 -0.002068]
[ 0.0151    0.117339  0.091553  0.011069 -0.00777   0.003726]
[ 0.063791  0.046153  0.090802 -0.001188  0.01093  -0.005294]
[-0.024332  0.029207  0.036079  0.025406 -0.032921  0.00095 ]
[ 0.038129  0.076344  0.054317 -0.011107 -0.017816 -0.019561]
[ 0.005046  0.006909  0.003365 -0.004195  0.012601  0.008753]
[ 0.060718  0.090938  0.149063  0.015844  0.000332  0.008543]
[-0.020582 -0.07356  -0.012748  0.023595  0.00525  -0.005602]
[ 0.007799  0.062494 -0.010721 -0.014435  0.011281 -0.029522]
[ 0.031596  0.068639  0.095912 -0.020636 -0.00893  -0.003011]
[-0.024331  0.003549  0.010312 -0.013764  0.017036 -0.012794]
[ 0.01559   0.070323  0.074411  0.003021 -0.007542 -0.005554]
[-0.010315 -0.015181  0.013947  0.000114  0.01923   0.02297 ]
[ 0.105111  0.067502  0.053771 -0.015377 -0.072355  0.0352  ]
[ 0.041212  0.061569  0.081419 -0.013745 -0.020901 -0.021053]
[ 0.032287  0.042734  0.078146  0.004     0.004849 -0.002233]
[ 0.035612  0.088604  0.057678 -0.036026 -0.00132  -0.017611]
[ 0.02007  -0.007906  0.057285 -0.010476 -0.028373  0.006299]
[ 0.033104  0.043345  0.055207  0.005805 -0.029796 -0.000605]
[ 0.018109  0.037798  0.020332 -0.043334  0.017767  0.001388]
[ 0.002092  0.055006  0.02789   0.019244  0.00775   0.016068]
[ 0.065517  0.106613  0.103068  0.000284 -0.011056 -0.005574]
[ 0.035527  0.065575  0.018299  0.008408  0.0297   -0.054948]
[ 0.034656  0.028345  0.125184  0.030946  0.020906 -0.007015]
[ 0.077909  0.007922  0.076674  0.021089 -0.006063 -0.008119]
[ 0.033731  0.064903  0.098782 -0.016771  0.05007   0.029003]
[ 0.042607  0.085085  0.094678 -0.034875 -0.009092  0.018831]
[-0.000655  0.029146  0.014334 -0.0072    0.029502 -0.02452 ]
[ 0.054601 -0.038986  0.032641 -0.019425 -0.029925 -0.05851 ]
[-0.000856  0.120374  0.111658 -0.013977  0.01043   0.008138]
[-0.006628  0.020442 -0.000823 -0.020261 -0.002834 -0.008633]
[ 0.015761 -0.030128  0.081928 -0.029498 -0.012467  0.009104]
[ 0.021973  0.055629  0.066336 -0.015149  0.003372 -0.014917]
[-0.014566  0.077371  0.042292  0.00444   0.014172  0.00593 ]
[ 0.042279  0.001665  0.047977 -0.021362 -0.007408 -0.019251]
[-0.021045 -0.014022  0.00567   0.000763  0.007304  0.00716 ]
[ 0.004359  0.009459  0.063561 -0.036819  0.021424  0.01939 ]
[ 0.036139 -0.009747 -0.038791 -0.012786 -0.002427  0.016967]
[ 0.068838  0.068445  0.074374 -0.009573  0.013377  0.008774]
[ 0.017702  0.053272  0.012713 -0.017945 -0.014291  0.019416]
[ 0.06199   0.08917   0.043394 -0.046892 -0.012786  0.007136]
[-0.011959  0.012453  0.006426  0.006587  0.007608  0.014577]
[-0.028711  0.018213  0.005627  0.006064 -0.005371 -0.005872]
[ 0.091935  0.09364   0.117703 -0.001713  0.018693 -0.00682 ]
[ 0.075692  0.087888  0.071011 -0.002355  0.018192  0.005917]
[ 0.012583  0.035485  0.089899 -0.025808  0.004609  0.017241]
[-0.019151  0.005716 -0.064109 -0.028914 -0.012561 -0.012137]
[ 0.029335 -0.005378  0.12439   0.010532  0.022535 -0.022065]
[-0.035409 -0.039629 -0.010035 -0.026556 -0.017332  0.005586]
[ 0.025211  0.072571  0.024905  0.026851 -0.007511  0.005953]
('Mean', 1, ': ', 0.025211351870977818)
('Median', 1, ': ', 0.025211351870977818)
('Variance', 1, ': ', 0.0)
('Mean', 2, ': ', 0.072570978742780901)
('Median', 2, ': ', 0.072570978742780901)
('Variance', 2, ': ', 0.0)
('Mean', 3, ': ', 0.024905385109928617)
('Median', 3, ': ', 0.024905385109928617)
('Variance', 3, ': ', 0.0)
('time: ', 8963.700685024261)
