“Running plot script on a single CPU core”
[ 0.014852  0.038762  0.084589 -0.01022   0.021955 -0.021519]
[ 0.011929  0.003012  0.05444  -0.000621  0.007371 -0.021128]
[  1.198581e-01   4.744379e-02   1.086002e-01   6.259896e-04  -3.056722e-02
   5.201922e-05]
[ 0.033548  0.017167  0.028893 -0.013811  0.038959 -0.009365]
[ 0.001687 -0.005292 -0.057308 -0.018082  0.024356  0.011566]
[-0.019961  0.023093  0.055756 -0.01684  -0.031404  0.003919]
[ 0.061502  0.057962  0.119738 -0.002189 -0.003416  0.001281]
[-0.026523  0.063937  0.011111  0.005924  0.031368 -0.004568]
[ 0.094225  0.127945  0.141324  0.002788 -0.003111  0.017064]
[-0.035344 -0.010601 -0.039091  0.031454  0.037333  0.021691]
[-0.025285  0.006795  0.013041  0.008734  0.006017 -0.030765]
[-0.009086  0.078048 -0.042207  0.038778  0.02167  -0.004566]
[-0.029818  0.00156  -0.009252 -0.034263  0.003554 -0.021857]
[ 0.089531  0.08623   0.106871 -0.009871 -0.01267  -0.014748]
[ 0.040435 -0.010317  0.00663  -0.026686 -0.029426  0.00485 ]
[-0.006415  0.023394  0.026613  0.0151    0.026185 -0.041595]
[ 0.019456  0.021202  0.085478 -0.013312 -0.02472   0.01509 ]
[ 0.02831   0.066126  0.027643 -0.007931  0.027137 -0.027164]
[ 0.029165  0.017172  0.023395 -0.025101 -0.015672  0.005397]
[ 0.011826  0.00773   0.008295 -0.000121  0.030507  0.020034]
[-0.050773 -0.005236 -0.017723 -0.025922  0.018687 -0.031046]
[ 0.014295  0.056756  0.023144  0.004915  0.022158 -0.009737]
[ 0.062855  0.054019  0.050442 -0.006111 -0.028285  0.013888]
[ 0.00991   0.064493  0.065955  0.016744  0.022369 -0.020628]
[ 0.039634  0.0505    0.026813  0.013313 -0.000356 -0.000168]
[-0.008354  0.05775  -0.010277  0.004256 -0.015827 -0.014946]
[ 0.098397  0.066404  0.059416  0.032141  0.004334  0.006767]
[ 0.033944  0.084307  0.066425  0.019237  0.008344 -0.006694]
[ 0.004083  0.059047  0.048552  0.012463 -0.005938  0.00699 ]
[ 0.00399  -0.032183 -0.046039 -0.019348  0.029726  0.028537]
[-0.015341 -0.018404 -0.03472   0.005274  0.032218 -0.01594 ]
[ 0.004396  0.060948  0.037117  0.009605 -0.014105  0.001651]
[ 0.046885  0.026836  0.077735  0.016454 -0.005569  0.02091 ]
[-0.04074   0.027298  0.022194  0.024538 -0.05545  -0.010851]
[ 0.013777  0.100259  0.001107  0.012359  0.032949 -0.00935 ]
[ 0.008542  0.129485  0.080088 -0.04478  -0.001329  0.005659]
[ 0.029209 -0.005864  0.040655 -0.023683  0.00445  -0.004705]
[ 0.060643  0.05439   0.025394  0.000444  0.039503  0.004253]
[ 0.01864   0.016549  0.058462 -0.001294 -0.003411  0.016969]
[ 0.001114 -0.009167 -0.007483 -0.006096 -0.008481 -0.010951]
[ 0.034023 -0.008883  0.034758  0.015002  0.001106  0.016358]
[-0.021295 -0.028525 -0.134994  0.029548  0.011842 -0.01607 ]
[-0.040636  0.034621  0.025551 -0.011799  0.001722  0.002974]
[ 0.031723  0.055831  0.079341 -0.010852  0.015933 -0.008854]
[ 0.061     0.04749   0.082747  0.021103  0.003276  0.01231 ]
[-0.01101   0.015425  0.078262  0.015956  0.024246  0.004223]
[-0.020795 -0.030356 -0.018292 -0.007045 -0.000485 -0.016515]
[ 0.055363  0.060344  0.058815 -0.026983 -0.034561 -0.038592]
[ 0.003271  0.10148   0.04494   0.053109  0.076071 -0.017737]
[ 0.048698  0.03658   0.056377  0.010767  0.02265   0.008264]
[ 0.074167  0.059922  0.099092  0.019807 -0.001639  0.011359]
[ 0.018758  0.055493  0.029591 -0.00317   0.017822 -0.004411]
[ 0.099137  0.079704  0.041038  0.008796  0.049846 -0.040553]
[-0.025867 -0.025405  0.007116  0.015664 -0.01556   0.017751]
[ 0.03605   0.053715  0.027257  0.007326  0.005028 -0.008926]
[-0.0868   -0.063443 -0.032277 -0.007226  0.024589  0.007931]
[ 0.01397   0.011222  0.097198 -0.054172  0.010109 -0.010796]
[-0.010572  0.05845   0.044821 -0.016969  0.004031  0.004735]
[-0.006329  0.06575   0.007499  0.005444  0.003467  0.03316 ]
[-0.010504  0.012345  0.056006 -0.001812  0.039673 -0.031846]
[ 0.069835  0.053718  0.045965  0.006866 -0.003813  0.00921 ]
[ 0.025972  0.082008  0.072686  0.011829 -0.005988 -0.009996]
[ 0.036659  0.040259  0.052364 -0.03031   0.034746  0.010096]
[-0.004373  0.011476  0.047192 -0.009437 -0.02583  -0.032196]
[ 0.086186  0.057863  0.081176 -0.012138  0.021135  0.000506]
[ 0.073929 -0.018461 -0.010999  0.011372 -0.001357  0.004889]
[ 0.009532  0.032287  0.012646  0.029665 -0.001223  0.018968]
[-0.049969 -0.020915 -0.050625  0.017048  0.013977 -0.005109]
[ 0.054899  0.09956   0.11738  -0.014533  0.016971  0.022333]
[ 0.112892  0.120653  0.095125 -0.013723  0.014988 -0.019452]
[ 0.041478 -0.037519 -0.021067 -0.009863 -0.011926  0.018243]
[ 0.005242  0.104796  0.065385 -0.026941  0.028729  0.00078 ]
[ 0.049403 -0.011823  0.021616 -0.039985  0.00477   0.00754 ]
[ 0.079558  0.108557  0.087547 -0.014083  0.028039 -0.005193]
[ 0.008935  0.033307 -0.014894 -0.021654  0.010033 -0.007276]
[ 0.015448  0.00172   0.002535  0.003535 -0.027107 -0.010593]
[ 0.058743  0.004629  0.008031  0.006794  0.03497   0.01843 ]
[ 0.061609  0.048815  0.113836  0.020678 -0.002491  0.02787 ]
[ 0.068145  0.126224  0.117287 -0.016753 -0.002175 -0.004935]
[ 0.030277  0.068871  0.069033  0.018673  0.039105 -0.049856]
[ 0.105793  0.106814  0.171286 -0.014809 -0.015057  0.021976]
[ 0.038365  0.081209  0.079481 -0.006474 -0.019053  0.009174]
[ 0.031888  0.062198 -0.043178  0.018861 -0.009579 -0.002027]
[ 0.024478  0.052003  0.051316 -0.019239 -0.02465   0.017144]
[ 0.026732  0.02787  -0.023814  0.047618 -0.045073  0.020109]
[ 0.021391  0.027564  0.025902  0.003313  0.005475  0.022703]
[-0.00449  -0.002904 -0.006357 -0.003773 -0.00133   0.032645]
[-0.007581  0.114368  0.136511  0.022423  0.058485 -0.004457]
[ 0.038281  0.02931   0.028032 -0.013128  0.02045   0.003149]
[ 0.07751   0.05743   0.029086  0.01211  -0.010152 -0.098606]
[ 0.028627  0.057839  0.023457  0.028774 -0.052368  0.012506]
[-0.012664  0.045801 -0.061323  0.014083 -0.025521 -0.006651]
[-0.073698  0.023759  0.009618  0.005081 -0.021466  0.046005]
[-0.006054  0.012281 -0.020194  0.033467 -0.007175 -0.007401]
[ 0.058054 -0.006742  0.048449 -0.016279 -0.001214 -0.014515]
[ 0.068764  0.079455  0.077138 -0.019188 -0.017709  0.010202]
[-0.037925 -0.021896 -0.055518 -0.000218 -0.010117  0.035521]
[-0.014562 -0.029509 -0.017346 -0.008942 -0.034222  0.035368]
[-0.031081  0.042922  0.035156  0.041022  0.061358  0.024229]
[ 0.040061  0.022522  0.058435  0.019358 -0.000515 -0.000299]
('Mean', 1, ': ', 0.040060715119408556)
('Median', 1, ': ', 0.040060715119408556)
('Variance', 1, ': ', 0.0)
('Mean', 2, ': ', 0.022521548051790373)
('Median', 2, ': ', 0.022521548051790373)
('Variance', 2, ': ', 0.0)
('Mean', 3, ': ', 0.058435245051254907)
('Median', 3, ': ', 0.058435245051254907)
('Variance', 3, ': ', 0.0)
('time: ', 8376.079912900925)
