“Running plot script on a single CPU core”
[-1.015727 -1.029197 -1.087701 -0.851809 -0.854945 -0.970782  0.036965
 -0.114266  0.038199 -0.050302  0.005988 -0.028488  0.016279  0.016254
 -0.106058  0.011226 -0.057023 -0.032683 -0.091878 -0.01756 ]
[-0.890588 -0.996458 -1.154015 -0.647435 -0.813547 -0.808555  0.046315
  0.112453  0.025484  0.06985   0.057439 -0.087349 -0.057026 -0.061757
  0.133551  0.025338  0.108017  0.009281  0.04135   0.037369]
[-0.862703 -0.636687 -0.614188 -0.72058  -0.657632 -0.468681  0.001102
  0.034163  0.104116  0.044207  0.046159  0.096937  0.057748  0.016489
  0.026342  0.038745  0.036811  0.013885  0.013768  0.01142 ]
[ -1.012153e+00  -8.320997e-01  -9.892084e-01  -8.129740e-01  -9.403916e-01
  -7.586273e-01  -8.486602e-02  -4.181594e-02  -8.291870e-02   1.038036e-02
  -2.963700e-02  -1.207795e-01   1.605315e-02  -2.007088e-02  -8.590494e-03
   5.847191e-02  -1.433620e-02  -6.262711e-02  -3.148765e-02  -9.347513e-04]
[-0.682184 -0.979645 -0.872582 -0.681164 -0.440811 -0.977129  0.100947
  0.04009  -0.001641 -0.111755  0.05182   0.013127 -0.067773 -0.061539
  0.109165 -0.060677 -0.119667  0.211174 -0.001602 -0.01184 ]
[-1.063738 -0.904448 -0.883114 -0.992444 -1.027605 -0.867349  0.06534
  0.007338 -0.005465 -0.008814 -0.102331  0.045636 -0.098835  0.064823
 -0.013096 -0.032478 -0.026411  0.016781  0.077443 -0.005664]
[-1.002252 -1.158506 -1.051369 -0.740335 -0.694499 -0.859788  0.17891
 -0.101969  0.018203 -0.082771 -0.065284 -0.10679   0.169912  0.022203
 -0.165761  0.17902  -0.085164  0.242424 -0.046642 -0.030294]
[ -1.033090e+00  -9.210464e-01  -1.035109e+00  -9.379160e-01  -9.324602e-01
  -9.471229e-01  -2.386570e-02   6.044284e-02   4.362685e-02   6.599174e-02
   1.022441e-02   2.932837e-04  -1.244305e-03  -1.565106e-02   1.151349e-01
   4.703155e-03  -5.491879e-03  -9.559245e-02   4.413596e-02   2.167311e-02]
[-0.959648 -0.934897 -1.013234 -0.783647 -0.964202 -0.888607  0.071888
  0.036826  0.026995  0.056527 -0.073187  0.051974  0.019194 -0.038781
  0.016158  0.012206  0.035167  0.015477 -0.027715 -0.016514]
[-0.808824 -0.761752 -0.501428 -0.960781 -0.6786   -0.685163  0.048791
 -0.020589 -0.063544 -0.062765  0.032539 -0.077112  0.045604  0.006364
 -0.040355  0.012665 -0.062953  0.01793   0.044443  0.020481]
[-1.136378 -1.024821 -1.058903 -0.911038 -1.124845 -1.003557  0.104197
  0.050517 -0.038756  0.103833  0.120321 -0.084063 -0.023221  0.124134
  0.024645 -0.018522  0.122143  0.120215  0.104786  0.008391]
[-1.224351 -1.101769 -0.860841 -1.257751 -0.938874 -0.882012 -0.120463
 -0.049538  0.119137  0.0313   -0.047381  0.015215 -0.030779 -0.11386
 -0.165633 -0.038201  0.151175 -0.080823 -0.050038  0.074421]
[ -9.458348e-01  -9.112527e-01  -6.434944e-01  -9.691367e-01  -7.289576e-01
  -7.635677e-01  -3.690385e-02   5.011321e-02  -6.100178e-02  -8.903341e-02
   7.753265e-02  -6.024059e-02   2.367673e-02   8.084678e-02   2.304333e-02
  -5.081331e-03  -1.643857e-01  -7.615492e-02   4.146989e-02   4.693428e-04]
[-0.739118 -0.705808 -0.789559 -1.017251 -1.316908 -1.250486  0.010443
  0.038126  0.046406  0.082409 -0.054039  0.123686 -0.078821 -0.104957
  0.10334  -0.11133   0.160488  0.045184 -0.019695  0.019815]
[-0.845908 -0.930547 -0.727907 -0.870107 -0.768641 -0.692076  0.02434
  0.071394  0.021392 -0.044194  0.102225  0.003355 -0.010345  0.073409
  0.050737 -0.024778 -0.067153  0.003137 -0.044711  0.002921]
[-0.735414 -0.606089 -0.625323 -0.821558 -0.773129 -0.760639 -0.005373
 -0.013086 -0.092561  0.020399  0.188791 -0.087416 -0.111749  0.194989
  0.036264 -0.117446  0.025642  0.015126 -0.039012 -0.003787]
[-0.842424 -0.986711 -0.881686 -0.86572  -0.852536 -0.999522  0.024049
  0.031901 -0.050855 -0.036158  0.05888  -0.132938 -0.053646  0.011816
  0.001299 -0.054924 -0.004007  0.043609 -0.016966  0.016984]
[-1.127797 -0.974321 -0.901317 -1.120031 -1.049602 -0.818903 -0.096269
  0.004399 -0.044678 -0.026299  0.03725  -0.022759 -0.004257 -0.023022
  0.015681 -0.115155 -0.040948  0.045552 -0.012188 -0.023405]
[-0.802199 -0.804059 -0.7802   -0.827676 -0.706259 -0.923743 -0.01051
  0.02221   0.075057 -0.022801 -0.019998  0.101805 -0.030128 -0.048353
  0.063676 -0.067533 -0.026778  0.00856  -0.015861 -0.002484]
[-0.989246 -1.167958 -0.910742 -1.012945 -0.835612 -1.023768 -0.005955
 -0.058243  0.046338  0.012811  0.052815  0.038598 -0.091061  0.018508
 -0.020798 -0.016284  0.027187  0.013326  0.020627  0.043023]
[-0.786301 -0.650868 -0.771051 -0.94675  -1.015295 -0.81361  -0.155323
 -0.149262 -0.093877 -0.106375 -0.052699 -0.120275 -0.14028  -0.071563
 -0.204511 -0.147633 -0.134804 -0.164173  0.001843 -0.005149]
[-0.898298 -0.788222 -0.64498  -0.862225 -0.713857 -0.520323 -0.119089
 -0.022917  0.097613 -0.059613  0.061655  0.05167   0.117351  0.074908
 -0.076103  0.099916 -0.008135 -0.106575 -0.063034 -0.007136]
[-0.679157 -0.747686 -0.605989 -0.657599 -0.490915 -0.601323 -0.015403
 -0.061221  0.010114  0.047957 -0.009794  0.009327  0.038682  0.024931
 -0.028334 -0.021033  0.04164   0.018468  0.007823  0.015169]
[-1.154991 -1.046794 -1.105533 -1.041205 -1.109551 -0.945822 -0.009206
 -0.021064  0.063143 -0.016553 -0.098566  0.097899  0.051814 -0.090436
 -0.071474  0.038972  0.00455  -0.009022  0.012851  0.023423]
[-0.649263 -0.764087 -0.545497 -0.893341 -0.66131  -0.710584  0.013712
  0.071794  0.065516  0.02488  -0.149828  0.055815 -0.105348 -0.230119
 -0.029471 -0.026866 -0.046938 -0.046165  0.04985   0.029039]
[ -1.017683e+00  -1.106933e+00  -7.289077e-01  -9.270882e-01  -5.915754e-01
  -7.845944e-01   1.378151e-01   4.257299e-02   6.741336e-02   1.514370e-01
   7.610317e-02   7.507013e-04  -6.557717e-02   1.116889e-01   5.907443e-02
  -6.815366e-02   1.822445e-01   1.242829e-01   1.007765e-02   4.243392e-02]
[-1.017809 -1.109158 -0.777242 -1.188814 -0.7681   -1.170982  0.181094
 -0.119141  0.00957   0.021142 -0.15289  -0.088383  0.113191 -0.122669
 -0.120899  0.143997  0.055028  0.24022   0.121058  0.038907]
[-1.297148 -1.140287 -0.977019 -1.233099 -0.90878  -1.098748 -0.081964
  0.017294 -0.053966 -0.104211 -0.064234 -0.042817  0.038803  0.012431
 -0.074548  0.026287 -0.01553  -0.005034  0.099884  0.019365]
[-0.980627 -1.070776 -1.079726 -0.945047 -0.837329 -1.00094   0.175421
 -0.041765  0.005621 -0.126191 -0.003888 -0.030418  0.127431 -0.137691
  0.022716  0.206023 -0.081146  0.198803 -0.053205 -0.007892]
[-1.291836 -1.169179 -1.011675 -0.952217 -0.817746 -0.987965 -0.080569
 -0.068957 -0.073598 -0.024889  0.056839  0.020533 -0.135587  0.082666
 -0.064474 -0.166043 -0.039523  0.074982  0.025271 -0.046995]
[ -8.196462e-01  -8.021716e-01  -8.010394e-01  -7.438877e-01  -7.664538e-01
  -7.569702e-01   2.595893e-02  -1.213583e-01  -7.047416e-02   9.141378e-02
   1.224081e-01  -1.497285e-02   4.471654e-02   1.364284e-01  -1.447288e-01
   4.682008e-02   9.412395e-02  -7.239353e-04  -4.861891e-02  -1.277861e-02]
[-0.874836 -0.896256 -0.862936 -1.120563 -1.042011 -1.009015  0.144527
  0.045417 -0.087682  0.041593 -0.004457 -0.067259 -0.06587  -0.02462
  0.043078 -0.074358  0.111953  0.155925  0.011887  0.026885]
[-1.052776 -0.723925 -0.775124 -1.077782 -1.205393 -0.908314  0.028623
 -0.073816 -0.05481   0.003889  0.013354 -0.055925 -0.074316 -0.026824
 -0.090014 -0.050425  0.027956  0.002366  0.043632  0.010989]
[ -7.597238e-01  -7.794025e-01  -6.817073e-01  -6.684661e-01  -6.893703e-01
  -6.615927e-01   2.601935e-03  -1.178677e-02  -8.310913e-02   4.944203e-05
  -1.273471e-01  -4.571584e-03  -2.758501e-02  -1.277746e-01  -6.513231e-02
  -2.356052e-03  -8.200379e-03   1.224139e-03   3.371873e-02   4.898352e-02]
[-1.010129 -0.881311 -0.819698 -0.905928 -0.815679 -0.704856  0.019834
 -0.039245  0.100219  0.043934  0.071267  0.157382  0.077872 -0.007254
 -0.043613  0.070707 -0.024111  0.031911  0.009232  0.014168]
[-0.994984 -0.793818 -0.775487 -0.925471 -0.839175 -0.788004  0.011359
 -0.144796 -0.167991  0.109009  0.233919 -0.176136  0.163641  0.167978
 -0.173264  0.17194   0.120628 -0.072208 -0.003514  0.065367]
[-0.871438 -0.649606 -0.492085 -1.158269 -0.827729 -0.630762 -0.09039
 -0.153961 -0.138397 -0.150875 -0.321096 -0.118667 -0.211252 -0.173665
 -0.118284 -0.284734 -0.104394  0.045145  0.012996  0.011797]
[ -1.088843e+00  -7.379431e-01  -9.699319e-01  -8.212371e-01  -1.117103e+00
  -9.451848e-01   9.188609e-03  -1.305028e-01  -6.750212e-03  -3.928365e-02
   1.153134e-01  -1.764056e-01   1.483670e-01  -8.136226e-04  -4.523932e-02
   9.602330e-02   2.965154e-02  -5.076683e-02   8.758804e-02   2.365838e-02]
[ -7.172979e-01  -6.718333e-01  -9.034672e-01  -5.955808e-01  -7.843449e-01
  -7.667737e-01   4.949981e-02   1.228983e-01  -4.676612e-02   5.634559e-02
  -4.465324e-03   1.646402e-02   1.086295e-01   5.915473e-04   1.587463e-01
   7.084766e-02   6.125850e-02   1.126212e-01   3.372915e-02  -1.774259e-02]
[-0.948057 -1.060637 -0.772836 -1.080898 -0.733171 -1.019621  0.049771
  0.091183  0.018981 -0.068948 -0.012641 -0.016716 -0.067343 -0.090365
  0.121348 -0.008829  0.060228 -0.025595 -0.010569 -0.014918]
[-0.879938 -0.991965 -0.895913 -0.844935 -0.76361  -0.84909  -0.119604
  0.011842 -0.008552  0.025433  0.007196 -0.003252 -0.001995  0.053615
 -0.039219 -0.025298  0.082523 -0.099761  0.0165    0.035591]
[-0.971566 -1.136037 -0.831965 -0.80309  -0.883762 -0.58204   0.058546
 -0.035769 -0.045808  0.037399  0.186465  0.046886  0.057477  0.245159
 -0.089606  0.10655   0.033306  0.046336 -0.025643  0.012077]
[-1.028751 -0.977921 -0.85937  -0.916313 -0.988505 -1.008858  0.046863
  0.075171  0.056616 -0.022039  0.009716  0.007809 -0.049394  0.04718
  0.12238   0.005443 -0.057962  0.008425  0.003826  0.033261]
[-0.81991  -0.897464 -0.676345 -0.840121 -0.64134  -0.670895  0.077098
 -0.039341  0.005475  0.015189  0.019858 -0.049551  0.014017  0.050021
 -0.014507 -0.014282  0.045965  0.102938  0.044895  0.00878 ]
[-1.153293 -0.994559 -0.741912 -0.922734 -0.572159 -0.475031 -0.272199
  0.001342 -0.027445 -0.09778   0.025937 -0.008242 -0.01111   0.069102
  0.061114 -0.079213 -0.106742 -0.177986  0.106366  0.030334]
[-1.030901 -0.972085 -0.929257 -0.867176 -0.83473  -0.763986  0.039479
 -0.118257  0.06924   0.027946  0.016759  0.144533 -0.055074 -0.047293
 -0.159959 -0.037052  0.019193  0.062686  0.047623  0.054907]
[-0.742263 -0.815081 -0.743096 -0.863987 -0.833918 -0.826895 -0.101734
  0.117953  0.034225  0.016491  0.114972  0.092448  0.019853  0.190774
  0.064344  0.059629  0.048675 -0.082181 -0.038603  0.006626]
[-0.89327  -0.672585 -0.95946  -0.709923 -0.980463 -1.123201 -0.135721
  0.015469  0.002363 -0.084687 -0.006509  0.093879  0.05014  -0.089046
 -0.058055  0.050439 -0.029573 -0.347209  0.057235  0.00904 ]
[-0.837217 -0.751595 -0.696714 -0.848509 -0.842257 -0.856827  0.159054
  0.017537 -0.033146  0.042055 -0.150371 -0.086003  0.054065 -0.127181
 -0.047852  0.08567  -0.012173  0.181396  0.014534 -0.01477 ]
[-0.939336 -0.857207 -0.639718 -1.072445 -0.797909 -0.649458 -0.013723
 -0.087056 -0.007353  0.08178   0.009877 -0.058875  0.061135  0.074301
  0.003956 -0.030345  0.066676 -0.034015 -0.058907 -0.034018]
[-1.089756 -0.966259 -1.269636 -0.987106 -1.287115 -1.297362 -0.160189
 -0.046713  0.028826 -0.020702  0.005173 -0.030479 -0.027825 -0.027762
  0.019637 -0.082453  0.018747 -0.106673 -0.07883  -0.006813]
[ -8.054181e-01  -7.605120e-01  -8.153189e-01  -8.982937e-01  -1.170433e+00
  -1.065252e+00   3.387079e-02  -1.339499e-03   8.759493e-02  -1.071707e-03
   2.040027e-02   5.287557e-03  -3.294286e-02   5.091020e-02  -3.028160e-02
  -4.951120e-02  -2.704713e-02   1.815427e-01   5.171966e-02   3.903941e-03]
[-1.289437 -1.10907  -0.868554 -1.410172 -1.010232 -1.043377  0.045091
  0.077302  0.065561 -0.045728 -0.019961  0.008474 -0.067957 -0.044224
 -0.057781  0.014682 -0.048055 -0.04399  -0.055406  0.001703]
[-0.781247 -0.797367 -0.664568 -0.815109 -0.539151 -0.623436  0.000997
 -0.154817  0.104764 -0.060896  0.087378  0.136932  0.182685  0.136039
 -0.105578  0.191228 -0.022265 -0.012236 -0.019754 -0.022416]
[-1.148838 -0.971047 -1.005849 -0.97827  -0.879514 -0.711358  0.041953
  0.01571   0.003551 -0.030236 -0.08023  -0.008823 -0.131178 -0.102396
  0.019736 -0.162342 -0.024207  0.029309 -0.101808 -0.029871]
[-0.945971 -0.970254 -1.007104 -0.864104 -0.989922 -1.065736  0.09643
 -0.147086  0.127277 -0.02108  -0.046231  0.151057 -0.104123 -0.035746
 -0.155155 -0.040251  0.031909  0.154903 -0.018454 -0.032635]
[-1.148654 -1.112329 -0.550473 -1.164658 -0.599879 -0.49558  -0.009707
  0.01633  -0.077604 -0.01164   0.191225 -0.021453 -0.122475  0.167808
  0.046936 -0.131643 -0.030236 -0.002934 -0.047648  0.0141  ]
[-0.789511 -0.910491 -0.757013 -0.879109 -0.737496 -0.852467 -0.128095
 -0.001765  0.065821  0.104203 -0.048403  0.059198  0.06601   0.010869
 -0.023382  0.102669  0.081962 -0.116937 -0.082646 -0.0407  ]
[-0.739968 -0.749234 -0.817572 -0.734293 -0.824543 -0.906926  0.018137
 -0.033417 -0.230908  0.059804  0.048904 -0.203637 -0.004507  0.062715
 -0.038019 -0.041597  0.081962 -0.093445  0.088039  0.008643]
[-0.938404 -0.935838 -0.970131 -0.847773 -0.93271  -0.942224 -0.083417
 -0.010664  0.022602  0.058109 -0.103431  0.031586 -0.208546 -0.091445
  0.015946 -0.203921  0.05326  -0.089718 -0.027386 -0.032768]
[-1.076275 -1.030414 -0.798524 -1.205429 -0.882926 -0.994508  0.052111
 -0.184855  0.015362  0.024582 -0.03388   0.028895  0.117822  0.013185
  0.022773  0.097936  0.083405 -0.113655 -0.097124 -0.047541]
[ -9.762187e-01  -1.006362e+00  -7.787498e-01  -9.553745e-01  -7.018518e-01
  -7.442264e-01   1.004950e-01   4.062739e-02   2.811510e-02   5.814365e-02
  -7.270899e-02   3.469280e-02   1.757764e-02  -6.070128e-02   5.248397e-02
   2.241934e-04   8.703981e-02   4.861947e-02  -6.760328e-03   1.575088e-02]
[-0.872794 -0.498419 -0.678038 -0.511964 -0.811322 -0.557853 -0.040628
  0.215845  0.045086 -0.052902  0.059802  0.004627 -0.116458  0.061272
  0.275452 -0.048411 -0.022901 -0.049803 -0.00619  -0.042623]
[ -1.048230e+00  -9.691166e-01  -7.863777e-01  -9.423240e-01  -7.727614e-01
  -7.557786e-01   1.637305e-01   2.687304e-01   1.197695e-01  -6.068332e-02
  -1.663028e-03   1.820355e-01   1.148151e-01  -1.464414e-02   1.568121e-01
   1.796977e-01  -6.539179e-02   1.914524e-01   8.514464e-04   3.512869e-03]
[-0.84537  -0.812591 -0.533791 -0.729174 -0.455034 -0.421857 -0.088149
 -0.070693  0.004578 -0.16353  -0.03925   0.060305  0.021218 -0.02348
 -0.114268  0.013433 -0.18629  -0.129852  0.054353 -0.005183]
[-0.643777 -0.755692 -0.592099 -0.829334 -0.659686 -0.775868  0.094715
 -0.004771  0.063463  0.082258 -0.079443  0.040798 -0.071645 -0.02838
 -0.027939 -0.074398  0.094584  0.101122  0.05107  -0.024107]
[-0.787178 -0.862528 -0.759324 -0.820569 -0.832877 -0.893885  0.024203
  0.027113  0.031227 -0.052056 -0.101807  0.026749  0.048101 -0.014259
  0.028883  0.007646 -0.041504  0.040579  0.033061 -0.030464]
[ -1.143748e+00  -1.194452e+00  -1.087967e+00  -1.025614e+00  -7.490944e-01
  -8.803310e-01  -1.369356e-02  -5.868382e-02   7.643355e-02  -4.044368e-02
  -2.129042e-01   4.730459e-02  -4.267170e-02  -1.792840e-01   6.302130e-03
  -6.820115e-02  -4.305431e-02  -2.783806e-04   3.843114e-02   2.558579e-03]
[-0.999174 -0.963619 -0.830643 -0.897504 -0.775401 -0.856208  0.073223
  0.100046  0.087054  0.023679 -0.193022  0.092494  0.135183 -0.163896
  0.105691  0.09687   0.027627 -0.002336 -0.027184 -0.049108]
[-0.908496 -0.60831  -0.890394 -0.605468 -0.909253 -0.638829  0.052787
  0.068073 -0.003942  0.058285  0.056343  0.02717   0.016342  0.014776
  0.120644  0.039262  0.061993  0.074553 -0.010265  0.017184]
[-0.699728 -0.552631 -0.694371 -0.573612 -0.669069 -0.568481 -0.027824
 -0.070219 -0.006324  0.05713  -0.046521 -0.032409 -0.016161 -0.101314
 -0.059349 -0.015475 -0.025099 -0.082734  0.024413  0.024551]
[-0.745348 -0.778286 -0.855056 -0.761324 -0.839516 -0.862299 -0.04658
 -0.030641 -0.104919 -0.082838  0.084176 -0.096113  0.076296  0.062584
 -0.011862  0.041295 -0.019082 -0.075694 -0.008818 -0.070995]
[-0.734814 -0.712719 -0.965101 -0.641886 -0.884444 -0.932227 -0.158594
  0.016221  0.020784 -0.026828  0.020814  0.013248  0.025224 -0.07624
  0.055543  0.027918 -0.031551 -0.146005 -0.056838 -0.035359]
[-0.83317  -0.904087 -0.843442 -0.523707 -0.383665 -0.683712  0.120038
  0.132766 -0.13688  -0.060877 -0.064646 -0.035368  0.067855 -0.069456
  0.094865  0.035287 -0.032661  0.097168 -0.033479 -0.00808 ]
[-0.916493 -0.725787 -0.647062 -0.770739 -0.753664 -0.657139 -0.004937
  0.046132  0.043744 -0.059485 -0.09603   0.02704  -0.056133 -0.09069
  0.077182 -0.097969 -0.083689  0.006845 -0.006192  0.021416]
[-0.791817 -0.838464 -0.741998 -0.659137 -0.563474 -0.660397  0.028562
 -0.044703  0.099565 -0.009978  0.034048  0.093209  0.062074  0.062234
 -0.154335  0.052662 -0.023868  0.070623 -0.080829 -0.072881]
[-1.013264 -1.056475 -1.040039 -0.713293 -0.65127  -0.830878  0.092756
  0.099145  0.110394 -0.027437 -0.025046  0.05392   0.018208 -0.075097
  0.12602   0.051225  0.019267  0.153709 -0.013715 -0.008696]
[-1.02459  -0.651392 -0.960212 -0.555256 -1.081564 -0.613609  0.038264
 -0.002526  0.014035  0.031598 -0.04716  -0.018493  0.097045 -0.021277
 -0.089134 -0.001203 -0.002088  0.079703  0.001088 -0.019596]
[-0.638182 -0.440763 -0.474305 -0.665201 -0.814288 -0.668008  0.044713
  0.173459  0.140464 -0.068327  0.07168   0.194193 -0.002872  0.071488
  0.243488  0.02605  -0.083239  0.027304  0.005852  0.011559]
[-0.829823 -0.691396 -0.796569 -0.825436 -0.841745 -0.874881 -0.034589
  0.047508  0.06398   0.005031  0.02937   0.070508 -0.00587   0.061388
 -0.035698  0.028122  0.03198  -0.052612  0.009088 -0.021125]
[ -9.722891e-01  -1.049914e+00  -9.165249e-01  -8.950149e-01  -7.011994e-01
  -7.455320e-01   1.503094e-04   5.678108e-02  -4.226131e-02  -9.739798e-02
  -7.399666e-02  -7.250348e-02  -1.655021e-01  -1.247734e-01   4.487845e-02
  -1.210283e-01  -8.047119e-02  -1.443909e-02   2.975146e-02  -2.423591e-02]
[ -1.111884e+00  -9.429731e-01  -8.519729e-01  -1.063754e+00  -8.594775e-01
  -8.872918e-01   3.676600e-02   6.573494e-05   3.870028e-02   8.216230e-03
  -6.430329e-02   9.401231e-03  -5.892852e-02  -9.200014e-02  -2.511114e-02
   4.490212e-04  -6.100924e-02   3.164345e-02   1.031511e-01   4.127593e-02]
[-0.833043 -0.759252 -0.682616 -0.930377 -0.976762 -0.937452 -0.083264
 -0.007465 -0.09108  -0.005685 -0.076633 -0.015731 -0.001546 -0.046341
  0.013437 -0.011355 -0.031249 -0.124472 -0.01347   0.010541]
[ -6.847286e-01  -5.874975e-01  -8.041752e-01  -8.076411e-01  -9.662245e-01
  -8.193165e-01   9.391209e-02   3.690566e-02  -1.664439e-01  -1.175042e-01
   7.781917e-03  -2.869738e-01   2.704174e-02  -5.393819e-02   6.392302e-02
   4.783417e-04  -1.455403e-01   1.641234e-01   7.006907e-03  -1.626858e-02]
[-1.176888 -1.056428 -1.002983 -0.977609 -0.890347 -0.832524 -0.006112
 -0.140826 -0.084272  0.073386  0.064662 -0.013629 -0.033993  0.093141
 -0.133108 -0.015333  0.112435 -0.021447 -0.003441 -0.010973]
[-1.326017 -1.076999 -1.441455 -0.731577 -1.235449 -0.836789  0.263509
 -0.007514 -0.22882  -0.015881  0.036312 -0.149974  0.104679 -0.033987
 -0.142134  0.057311  0.064097  0.366043  0.027926 -0.098798]
[-0.956998 -0.814488 -0.770001 -0.816113 -0.835963 -0.636691 -0.107163
 -0.144144 -0.139287 -0.124041 -0.082452 -0.078706 -0.276638 -0.179929
 -0.225976 -0.220295 -0.134969 -0.111637  0.00128   0.001129]
[-1.200828 -1.121364 -1.014882 -1.242551 -1.085875 -1.191216  0.078809
  0.035963 -0.285705  0.162901 -0.257397 -0.18244  -0.150134 -0.356331
  0.045513 -0.082613 -0.01576  -0.017132 -0.092088  0.03785 ]
[-1.010244 -1.233155 -0.669635 -1.226669 -0.710927 -0.617574 -0.132293
 -0.037734 -0.054519  0.028643 -0.11561  -0.030182 -0.063387 -0.235172
  0.042965 -0.025185  0.182388 -0.011333  0.057136  0.027991]
[-0.781288 -0.639692 -0.479054 -0.718896 -0.526291 -0.408606 -0.051618
 -0.146188  0.031283  0.003093  0.051577  0.033433  0.078797  0.116634
 -0.106738  0.134208  0.016842 -0.007249  0.059074  0.006233]
[-0.971827 -1.046465 -1.158904 -0.700058 -0.771347 -0.931731  0.007838
  0.022893  0.026397  0.273248  0.024487  0.09739  -0.059304 -0.036874
  0.017074  0.040005  0.16882  -0.033257 -0.132634 -0.018843]
[-1.524102 -1.286528 -1.110724 -1.21601  -1.193026 -1.059265 -0.009538
 -0.042718  0.064182  0.012204 -0.039471  0.124637 -0.044567  0.052247
  0.022384 -0.157878  0.032197  0.078087 -0.02085  -0.012393]
[-1.019731 -1.256444 -1.132339 -0.974511 -0.889127 -1.115541 -0.07533
  0.061318 -0.146728  0.013194 -0.07081  -0.111536  0.145673 -0.258397
  0.103555  0.120225  0.061711  0.040687 -0.022384  0.037749]
[-0.877055 -0.864506 -0.686238 -0.71069  -0.504439 -0.478426  0.119333
 -0.021594 -0.052806  0.048842 -0.032751 -0.043651 -0.129904 -0.019253
 -0.003457 -0.15894   0.063545  0.103608  0.008099  0.002135]
[ -1.003250e+00  -9.451522e-01  -1.096280e+00  -7.331958e-01  -9.087975e-01
  -1.108353e+00   1.016752e-01  -1.326576e-02   7.428083e-02   6.245223e-04
  -4.207447e-03   1.071640e-01  -5.666798e-02   7.361271e-02  -3.650177e-02
  -5.651069e-02   3.131898e-02   2.131712e-01  -4.050716e-02  -1.470594e-02]
[-0.766378 -0.684409 -0.792531 -0.921934 -0.94809  -1.054564 -0.042859
 -0.110794 -0.029521 -0.092086  0.100905  0.017217  0.052454  0.042153
 -0.192406  0.039416 -0.101181 -0.095425 -0.093126 -0.020281]
[-0.880657 -0.841187 -0.714651 -0.568914 -0.442775 -0.488401  0.114357
  0.067758 -0.030094 -0.112567 -0.015664 -0.032837  0.190669  0.029751
  0.009605  0.190002 -0.130585  0.170578  0.039156  0.054795]
[-0.88876  -1.06044  -0.658289 -0.904941 -0.531267 -0.635803  0.01103
 -0.026737 -0.10758   0.013894  0.05402  -0.067572  0.083206  0.024265
 -0.029719  0.094633  0.00901  -0.029911 -0.04287  -0.034005]
[ -9.880291e-01  -9.643853e-01  -1.027232e+00  -9.096995e-01  -9.467305e-01
  -1.072701e+00   1.300326e-02   1.014007e-01   9.085036e-02  -6.947490e-02
   1.127073e-01   1.600639e-01  -7.082034e-02  -4.394276e-02   7.286234e-02
  -3.910926e-02   8.377259e-02   1.236154e-01  -4.272793e-04   2.825376e-02]
[-0.780869 -0.935902 -0.625356 -0.822558 -0.599068 -0.721391 -0.080422
 -0.056937 -0.001901 -0.006651 -0.05862  -0.007196  0.033642 -0.116404
 -0.118192  0.032634 -0.041478 -0.04303   0.05316   0.00438 ]
('Mean', 1, ': ', -0.78086897502288488)
('Median', 1, ': ', -0.78086897502288488)
('Variance', 1, ': ', 0.0)
('Mean', 2, ': ', -0.93590208922705465)
('Median', 2, ': ', -0.93590208922705465)
('Variance', 2, ': ', 0.0)
('Mean', 3, ': ', -0.62535571168366011)
('Median', 3, ': ', -0.62535571168366011)
('Variance', 3, ': ', 0.0)
('Mean', 4, ': ', -0.82255840845830963)
('Median', 4, ': ', -0.82255840845830963)
('Variance', 4, ': ', 0.0)
('Mean', 5, ': ', -0.59906762750614329)
('Median', 5, ': ', -0.59906762750614329)
('Variance', 5, ': ', 0.0)
('Mean', 6, ': ', -0.72139119716351141)
('Median', 6, ': ', -0.72139119716351141)
('Variance', 6, ': ', 0.0)
('time: ', 7991.24148607254)
