“Running plot script on a single CPU core”
[ 0.275649  0.288806  0.105498 -0.413175  0.333326  0.097588 -0.472346
 -0.182384 -0.385655 -0.402738 -0.0053    0.210202  0.174726  0.140554
 -0.377966  0.228458 -0.980205  0.259467  0.281871 -0.603509]
[ 0.205537  0.250565  0.197276 -0.99374   0.251356  0.283996 -0.584851
  0.30692   0.331377 -0.155779 -0.15555   0.167905  0.258242  0.254356
 -0.019845 -0.230275  0.152047  0.259785 -0.402798  0.311781]
[ 0.258724  0.300531  0.251137  0.332873  0.298313  0.225729  0.267907
  0.261218  0.156508  0.01166  -0.167653  0.26422   0.260821 -0.653152
  0.311083 -0.120313  0.233957  0.277681 -0.749501  0.329172]
[ 0.257173 -0.946665  0.318177 -0.438245 -0.793747  0.32925   0.172695
  0.318119  0.330387 -0.861512 -0.113056  0.332995  0.147718 -0.094727
 -0.292536  0.315228  0.32973   0.026479 -0.94277   0.262107]
[ 0.087299  0.191889 -0.255401  0.314288  0.140572  0.32119   0.310418
  0.315029 -0.904181  0.153175  0.116367 -0.452738  0.199401  0.326543
  0.240653  0.323315  0.201523 -0.223185  0.179296 -0.156535]
[-0.994941 -0.596333  0.210341 -0.994573 -0.591196 -0.928302  0.329001
  0.25395   0.147303  0.11709   0.278009  0.067458  0.173396  0.324658
 -0.733848  0.233376  0.135882  0.196138  0.128009  0.131697]
[ 0.01037   0.261759  0.281694  0.267365  0.055727  0.238223  0.322844
 -0.196757 -0.052228  0.333324 -0.917901 -0.56906   0.109426 -0.617674
  0.323757 -0.62501   0.199843  0.041055  0.165095 -0.778652]
[ 0.23137   0.319258  0.095307 -0.367031  0.333218 -0.420511  0.333283
  0.296522  0.319312 -0.694489  0.331694  0.327055  0.050143  0.211444
 -0.094055  0.306838  0.301159  0.181493  0.331486 -0.425042]
[ 0.167515  0.331509  0.328976  0.250658  0.291944  0.332947 -0.505811
  0.059875  0.33068  -0.072174  0.275912 -0.036193 -0.214045  0.330531
  0.200164  0.316106  0.324416  0.290258  0.296248  0.277895]
[ 0.333257  0.333316 -0.567805 -0.520773  0.330796  0.112887  0.333186
  0.212239  0.143829  0.299735 -0.106044  0.33333  -0.062613  0.002757
  0.19084   0.28421   0.134966  0.331732  0.310663  0.269914]
[ 0.067728  0.22901   0.194948  0.205767  0.315491  0.065796 -0.993187
 -0.025922  0.332715  0.272731  0.059957 -0.603964 -0.211386  0.250816
  0.331247 -0.554777  0.011199  0.236801  0.325669  0.238577]
[ 0.210896 -0.544956  0.273693 -0.238743  0.301937 -0.289394  0.332163
  0.32535   0.287699 -0.982756 -0.337223  0.328063  0.083959  0.314385
  0.330532  0.020072  0.120207  0.329975  0.037257 -0.440799]
[ 0.301838  0.261148 -0.993929  0.264445  0.20453  -0.319629  0.326438
 -0.366159 -0.216975  0.312326 -0.241208  0.33291   0.150577  0.24855
  0.216951 -0.239421 -0.213698 -0.711907  0.297242  0.189168]
[-0.964885 -0.685259  0.086733  0.269798  0.315123  0.285799  0.055256
 -0.042157  0.332137  0.231045 -0.850641  0.316571  0.332784  0.312709
 -0.157414  0.232162 -0.02345   0.199326  0.333273 -0.227784]
[ 0.323292 -0.09448  -0.337452  0.30814  -0.234249  0.115054  0.115189
 -0.130943  0.331633 -0.97594   0.162154  0.022     0.037835 -0.148223
  0.323834 -0.836377  0.278673  0.323239  0.26544   0.226817]
[-0.144273  0.23838   0.329088  0.268601 -0.435135  0.299895 -0.6228
 -0.964145  0.237602 -0.28002   0.298512  0.29752   0.316187  0.327655
 -0.986275  0.156607 -0.989927  0.027356  0.320951 -0.787664]
[ 0.320211  0.333168  0.269268  0.094493 -0.010619 -0.996018  0.005391
  0.3267    0.33213  -0.305188  0.281484  0.222883  0.100277 -0.213882
 -0.059074  0.31408  -0.054103  0.234539 -0.306992  0.307356]
[ 0.031692 -0.741082 -0.049545  0.330528  0.300604 -0.985522  0.329322
  0.27592   0.289234  0.230354  0.301402  0.232067 -0.562867 -0.630264
 -0.516474 -0.842528  0.114259  0.312993  0.311244 -0.371915]
[-0.070289 -0.027171  0.259775 -0.91304   0.332524  0.295625 -0.220454
  0.289717  0.282482  0.001628  0.325813  0.114279 -0.55659   0.198841
  0.324788 -0.832067  0.124874  0.253094  0.243143 -0.962445]
[-0.999235  0.244679  0.321188  0.196106  0.333223  0.0459    0.331748
  0.242383 -0.037256 -0.567146  0.279347 -0.037773  0.252306 -0.25889
  0.00176   0.193333  0.312658  0.327875  0.268061  0.068161]
[-0.470125  0.308701 -0.530571 -0.2107   -0.178004 -0.071914 -0.042944
  0.33241   0.331203 -0.991803  0.081953  0.330601  0.140517 -0.80052
 -0.691554  0.272683  0.267212  0.238611 -0.815205 -0.869257]
[ 0.315183  0.254173 -0.078728  0.302747  0.077679 -0.493949 -0.053138
 -0.690377  0.220414  0.004531 -0.204982 -0.822119 -0.302667  0.014603
 -0.984116  0.261908  0.330292  0.293336  0.208395  0.150882]
[-0.95328   0.320756 -0.801369  0.257938  0.095163  0.256219 -0.244436
 -0.622061  0.323194  0.173086  0.33293   0.294947  0.097067 -0.579555
 -0.738901  0.217254  0.316922 -0.233331  0.333314  0.309263]
[ 0.301297 -0.972188  0.014752  0.310639  0.165641 -0.135592  0.304526
  0.27235  -0.852574 -0.846507  0.007933  0.333222  0.333156  0.331538
  0.328718 -0.285957  0.034241 -0.01608   0.332963 -0.772868]
[ 0.063035 -0.387132  0.333326  0.185498  0.330836  0.331791  0.093231
  0.315968  0.13995   0.307597 -0.873196 -0.03101   0.219505 -0.152157
 -0.545684  0.136913  0.328849 -0.931128  0.245598  0.315781]
[ 0.319462 -0.53474   0.300364 -0.155116  0.263573  0.231119 -0.921684
  0.234151 -0.416829  0.328084  0.326723  0.078076  0.322006  0.276421
 -0.223287  0.317646  0.003515  0.15772   0.331766  0.011029]
[ 0.134698  0.181537  0.021227  0.3327    0.328828  0.27433  -0.080966
  0.329275  0.220453  0.298058 -0.828488 -0.001586 -0.768357  0.084195
  0.333182 -0.785348  0.110228 -0.328273  0.281571 -0.96945 ]
[-0.691633 -0.185381  0.32326  -0.960334 -0.621803  0.322087  0.020615
  0.331913 -0.367482  0.32535  -0.432901  0.21005   0.183679  0.298537
  0.176267 -0.998031 -0.958085  0.041705  0.310459 -0.45649 ]
[ 0.032606 -0.734382  0.280805  0.217796  0.18964  -0.280366  0.143898
  0.309292  0.238418  0.329385  0.157965  0.332675  0.027636 -0.046224
  0.308067 -0.52355  -0.270216 -0.188461  0.00634  -0.493161]
[ 0.216745  0.294239  0.324056 -0.463025  0.299661  0.333332 -0.357003
  0.328139  0.263561 -0.345405 -0.998327 -0.290267 -0.816487  0.06844
  0.229745 -0.968638 -0.012967  0.098515  0.333304  0.196299]
[ 0.263934 -0.723637  0.29332   0.150375 -0.557423  0.293566  0.333184
 -0.794423  0.135779  0.189175  0.052948  0.07813   0.328477  0.333124
  0.319768  0.32653  -0.332304 -0.950144  0.095513 -0.299322]
[-0.080123  0.309546  0.30305   0.311005 -0.182568  0.126069  0.309156
  0.279303  0.258654 -0.700349  0.30954   0.154641  0.278322 -0.939347
  0.211032  0.255962  0.026971  0.239651 -0.85775   0.233117]
[ 0.319036 -0.897984 -0.75088   0.072016  0.331873  0.156979  0.273106
  0.295344  0.331278  0.33333   0.31337   0.331566  0.198342  0.299668
  0.174781 -0.87727  -0.314142  0.324788  0.329161  0.319228]
[ 0.333145 -0.40425  -0.959208 -0.897193  0.32932  -0.10391  -0.883355
  0.298397  0.193334 -0.10982  -0.385796 -0.261288  0.240832  0.329097
 -0.23784   0.333151 -0.633743  0.295457  0.333333 -0.250443]
[ 0.200381  0.301609  0.284224 -0.655226 -0.110522  0.034081 -0.287868
  0.065289  0.276201  0.141456  0.229117  0.239159 -0.449412  0.303728
 -0.629461  0.309552  0.262    -0.851534  0.150664 -0.955859]
[ 0.329822 -0.059867  0.153522  0.326836  0.111383  0.331123  0.332807
  0.228154  0.125021 -0.132083 -0.120007  0.320209 -0.202535  0.307975
  0.330598  0.263619 -0.385328 -0.361018  0.319169 -0.815794]
[-0.338035  0.324083  0.327593  0.05503   0.073179 -0.313136 -0.37659
  0.303674  0.234589  0.332829 -0.09096   0.319644  0.29122   0.33118
 -0.20836   0.214158  0.267338 -0.980625  0.033181  0.332304]
[ 0.331714  0.330452  0.308852 -0.642612  0.288499 -0.387578  0.32239
  0.065843  0.148402 -0.996006 -0.905814 -0.363115  0.330667 -0.525419
  0.21035   0.298731  0.22008   0.331675  0.168473 -0.959699]
[ 0.053852  0.229852 -0.322662  0.285903  0.264752  0.246787 -0.868946
  0.315311  0.166273  0.33138  -0.997773  0.182999 -0.903097  0.317776
  0.32537  -0.057228  0.036086  0.073342 -0.077789 -0.419323]
[ 0.278441  0.258532 -0.121801  0.333329  0.309105  0.173445  0.310303
  0.204718  0.187324  0.331967 -0.959276 -0.840673  0.119497  0.314383
  0.325807  0.332964 -0.911799 -0.683608  0.272134  0.310386]
[-0.363115 -0.965892  0.317611 -0.997515 -0.986001  0.275515  0.288578
  0.330862 -0.337279  0.279274  0.312887 -0.323319  0.280713  0.002813
  0.263392 -0.358606 -0.972415  0.073395  0.300318  0.288529]
[ 0.202534  0.174985  0.331139 -0.222516  0.274558  0.247193 -0.974467
 -0.329364 -0.033698  0.309643  0.120634  0.232572  0.026524  0.168344
  0.126996 -0.243349  0.316131 -0.678284  0.315879 -0.78243 ]
[ 0.329175  0.332182  0.289479  0.176528  0.333201  0.325772 -0.969038
  0.197491  0.128757  0.313433 -0.597936  0.31054  -0.341593 -0.162873
  0.309808  0.146591 -0.955342  0.30718   0.21882  -0.819317]
[-0.052173  0.264399  0.300109 -0.999964  0.330418  0.272098  0.213488
  0.319235  0.264414  0.262463  0.187302  0.329388  0.309127  0.288866
 -0.582979  0.333325  0.331808  0.33239   0.332852 -0.657223]
[ 0.276333  0.203918  0.307974 -0.770328  0.26715  -0.898795  0.306698
  0.272693 -0.686665 -0.125866  0.266328  0.101396 -0.882923 -0.897285
  0.333055  0.289132  0.197601 -0.088229  0.197832  0.293752]
[-0.109937  0.287004 -0.133563 -0.537199  0.333297 -0.893721  0.294767
 -0.018281  0.323835  0.274906 -0.919693  0.321722 -0.13472   0.144993
 -0.212335  0.319494  0.081594  0.206416 -0.938341  0.034414]
[ 0.170065 -0.566928  0.106962  0.32637   0.3205    0.254437  0.333318
  0.306982 -0.989781 -0.913924  0.254972  0.272461  0.110246  0.102984
 -0.921204  0.124534  0.170342  0.090538 -0.108557  0.116656]
[ 0.307059  0.333274 -0.008511  0.141353  0.253893 -0.105882  0.304119
 -0.994011  0.020222 -0.904144 -0.259057  0.13081  -0.712652  0.194697
  0.310578 -0.064955 -0.906909 -0.634588 -0.975943 -0.271342]
[ 0.294804 -0.723376  0.250948 -0.773423 -0.410164  0.283025 -0.723829
  0.252501 -0.999577  0.316811  0.241505  0.33298  -0.685276  0.062833
 -0.117279  0.322722  0.288267  0.291757  0.299262 -0.955532]
[ 0.322216  0.283651  0.276487 -0.999999 -0.485646  0.106647 -0.989601
  0.277713  0.151413  0.283336  0.192137  0.286887 -0.876941  0.282817
  0.007883 -0.987431  0.232859  0.269518 -0.167668  0.33321 ]
[-0.67353   0.333086 -0.960121 -0.30682  -0.272815 -0.033121  0.052144
 -0.540438  0.271294 -0.337677  0.251848  0.283307  0.03828   0.312756
 -0.213199 -0.767709 -0.126001 -0.999658  0.288641  0.005512]
[ 0.316978  0.182296 -0.218899  0.22026   0.320099 -0.530559 -0.840651
  0.333262 -0.424629 -0.09163   0.046509  0.209542 -0.043622 -0.985033
  0.245955  0.313113 -0.247188 -0.258996  0.204316  0.315131]
[ 0.304751  0.290763  0.2498   -0.144397 -0.487779  0.244751  0.136485
 -0.0102    0.278455 -0.057132  0.068928  0.123973  0.281296  0.127978
  0.06596   0.327443  0.331423 -0.746135  0.220269  0.016229]
[ 0.314614  0.049299  0.322375 -0.117468  0.328214  0.255937  0.33333
  0.317621  0.180076 -0.203392 -0.272377  0.258273  0.318267  0.107527
  0.260704 -0.095277  0.187836  0.19522  -0.21987  -0.11879 ]
[ 0.32094  -0.043198  0.240109  0.147214 -0.095133  0.248165  0.321418
  0.28174   0.090667  0.318198 -0.297737  0.216016  0.256131 -0.038325
  0.280265  0.249738  0.259843 -0.99637  -0.338319  0.32688 ]
[-0.180817  0.175654  0.320958  0.034058 -0.006677  0.089455  0.243389
 -0.965638  0.250278  0.218932 -0.22226   0.246601 -0.431641  0.187524
 -0.163459  0.320223  0.319383  0.31134   0.264125 -0.178602]
[-0.098079  0.29106   0.329986  0.301494  0.321843  0.078126  0.208949
  0.120177 -0.059936  0.271995  0.319778 -0.989571  0.320748  0.330546
  0.285731 -0.624354  0.198155  0.206572  0.256145  0.329083]
[-0.989259  0.196701  0.187499  0.274207 -0.078038  0.312073  0.208809
  0.207496 -0.326451  0.295388  0.11999  -0.689136 -0.869569  0.333329
  0.317102  0.090361 -0.135142  0.091193 -0.378599  0.276995]
[ 0.230607  0.050336  0.278009  0.206587  0.333013  0.181613  0.280057
  0.326361  0.023514 -0.930118  0.322259  0.284646 -0.023047 -0.213589
 -0.820133 -0.406933 -0.978065  0.226101 -0.827546  0.100375]
[ 0.211528 -0.945465 -0.912967 -0.907237  0.312844  0.331052  0.332708
  0.321075 -0.108083  0.331994  0.279618  0.332876 -0.129969 -0.340445
  0.323934 -0.876916  0.327767  0.062096  0.301088  0.293484]
[ 0.169964  0.230287  0.33325  -0.052925  0.257777 -0.221467  0.01324
 -0.998915  0.119302 -0.09539   0.203904  0.217652  0.221236  0.138461
 -0.570927  0.241672  0.306637  0.29552   0.333333  0.166067]
[ 0.330554 -0.995515 -0.014819  0.286564 -0.218788  0.332625  0.145254
  0.265071  0.267468  0.285729 -0.990021 -0.556211 -0.295173  0.237919
 -0.145386 -0.419879  0.119962 -0.172189  0.269778  0.190709]
[-0.105937 -0.875534  0.203712  0.322399  0.29319  -0.972723  0.313639
 -0.659108  0.260168  0.025258  0.333304 -0.967777  0.163995  0.307555
  0.268197  0.289918  0.315091 -0.582165  0.321305 -0.03706 ]
[ 0.331346  0.321526  0.234391  0.018053  0.312792  0.274905  0.298782
 -0.411704  0.233414  0.319081  0.29153  -0.999985 -0.227803 -0.35015
  0.324378 -0.276054  0.251001  0.321631 -0.895434  0.283365]
[ 0.308874 -0.697286 -0.99823  -0.767303 -0.724498 -0.096004 -0.285653
  0.003689  0.325282  0.309201  0.258225  0.265163  0.056076  0.309661
  0.071425  0.260304 -0.964079 -0.072184  0.223043 -0.99988 ]
[  5.039884e-02  -7.970872e-02   1.670571e-01  -3.786644e-01  -3.099732e-01
   2.537419e-01  -9.694374e-01   3.262203e-01   2.598505e-01  -8.177421e-01
  -7.100181e-01   3.138756e-01   1.124176e-01   2.685690e-01  -9.956284e-01
  -7.816841e-01  -8.109815e-02   3.411978e-04   3.306563e-01   2.701631e-01]
[ 0.299231 -0.483093  0.07078  -0.754489  0.129945  0.266746 -0.560666
 -0.435944  0.320462  0.286856  0.0279   -0.999704 -0.02051  -0.879777
 -0.401642  0.327662  0.310856  0.278165  0.21506  -0.706288]
[ 0.110875  0.33332   0.277785 -0.589149  0.244623  0.325517 -0.014297
  0.038943 -0.397921  0.330567  0.129535  0.322271  0.305881  0.326276
  0.092002 -0.914873 -0.014112  0.017829  0.32682  -0.796079]
[ 0.098955  0.259703  0.248432 -0.124284 -0.188222 -0.305789  0.217302
  0.297185  0.325528  0.264948  0.234338 -0.899095  0.317096  0.207417
 -0.999973 -0.143752 -0.051439  0.297525  0.328693 -0.619206]
[ 0.135258  0.192861  0.297681  0.261779 -0.329191  0.192692  0.311343
  0.017581  0.254217  0.21637   0.310976 -0.214297  0.332808 -0.225561
 -0.762626  0.323943 -0.810875  0.316393  0.01668  -0.139294]
[ 0.312521 -0.08711  -0.168113  0.213848  0.088086  0.001     0.302598
  0.309736  0.328414 -0.372586  0.262238  0.31834   0.195554  0.330155
  0.102316  0.333301  0.254082  0.233214 -0.080483 -0.645578]
[ 0.111364 -0.668137 -0.999169 -0.482797  0.020186  0.329938 -0.281271
  0.221832  0.196516 -0.701824  0.040384 -0.209019  0.331335  0.073685
  0.136237  0.275838 -0.048407  0.152448  0.331366 -0.661448]
[ 0.070243  0.183673 -0.998263  0.331502 -0.579961  0.040803 -0.90448
 -0.092768 -0.21371  -0.164666  0.333173  0.327945 -0.113212  0.331263
 -0.991824 -0.032287  0.166008 -0.001862  0.243544  0.054125]
[ 0.077111  0.033136 -0.945582 -0.327791  0.302638 -0.60347   0.122536
 -0.02297  -0.209571 -0.123491  0.331766 -0.944853  0.188555 -0.076401
 -0.988558  0.326396 -0.116478  0.266757 -0.200602  0.243852]
[ 0.298399 -0.14442   0.208947  0.332606  0.319638 -0.090718 -0.962729
  0.252129 -0.07719   0.154033  0.157052 -0.25104   0.290074  0.332513
  0.210287  0.311801  0.333316 -0.80671   0.068164  0.265267]
[ 0.013835 -0.06693   0.064621 -0.788474  0.250125  0.325589  0.332968
  0.323006  0.320362  0.304938  0.331258  0.333136  0.332899  0.332585
  0.224739  0.094446 -0.357236  0.326497 -0.902167  0.272553]
[ 0.326799  0.142828  0.110653  0.265458  0.302977  0.33161   0.322138
  0.137685  0.105404 -0.692008  0.122827 -0.886679 -0.604867  0.308633
  0.12781  -0.063516  0.260337  0.138707  0.218687  0.032189]
[-0.016932  0.1701    0.299649  0.211705  0.2101    0.216424  0.137462
  0.113636  0.331249  0.224771  0.061127  0.333122  0.274546  0.000707
  0.235441  0.292763  0.121538  0.087504 -0.082333  0.274381]
[ 0.29651   0.225894  0.282035  0.33062  -0.97755  -0.517774  0.203344
 -0.256291  0.330311  0.012009  0.321101 -0.877223  0.04985  -0.961769
  0.244401 -0.673941  0.308038  0.257786 -0.869408  0.327269]
[-0.323112  0.330488  0.156502  0.223379  0.050657  0.332405  0.206222
  0.202161  0.311638  0.312305 -0.080761 -0.257867  0.329191  0.006011
 -0.949942  0.184655  0.235685 -0.103557  0.102425  0.313188]
[ 0.328727  0.281177 -0.853073  0.163777 -0.286393  0.28131   0.33046
  0.3303    0.24306   0.32916   0.148137  0.330367  0.321556  0.3246
  0.325047  0.10059  -0.078764  0.216667 -0.055337  0.165597]
[ 0.256838  0.321112  0.324805  0.245071  0.293945 -0.001573 -0.145379
  0.172639 -0.140737  0.333277  0.232704 -0.905491  0.20816  -0.688693
  0.331409 -0.999691 -0.237991 -0.101563  0.292964 -0.655243]
[ 0.17504  -0.898935  0.172296  0.186595 -0.775268  0.333173  0.329371
  0.302895 -0.065632  0.078724  0.328287 -0.714718  0.306283  0.333333
  0.30857  -0.903595  0.333079  0.332122  0.217246 -0.908881]
[ 0.295467  0.218919  0.241975  0.314136 -0.026764  0.329452 -0.029826
 -0.607869  0.333033  0.264255 -0.549556  0.302349  0.333296  0.051604
 -0.99175  -0.937289 -0.191441 -0.921817 -0.922864  0.022263]
[-0.099523  0.327031  0.330354  0.217722  0.302823  0.172192  0.274974
 -0.144006  0.315716 -0.393732 -0.427345 -0.618584 -0.483576  0.083902
  0.265224  0.009037  0.178776  0.029609  0.330592 -0.47077 ]
[-0.212903  0.263937  0.207822  0.317046  0.326812  0.183184  0.327644
  0.295179  0.15522   0.315324  0.09369   0.26038   0.210736 -0.976312
 -0.189203  0.17997   0.321307  0.304497  0.321256  0.299333]
[ 0.266947 -0.997228  0.277569  0.245238 -0.040895 -0.751812 -0.337666
  0.309335  0.069115  0.280328  0.281492 -0.110411 -0.988232  0.331032
  0.097892  0.014987 -0.736445 -0.841866  0.085706  0.107799]
[ 0.315951  0.311991 -0.502466 -0.996291  0.298113  0.267543 -0.184936
  0.179173 -0.056385 -0.898515  0.169759  0.235169  0.330688 -0.994123
  0.104749 -0.057182 -0.508326 -0.573821  0.326468 -0.043363]
[ 0.313581 -0.84049  -0.437588 -0.052812 -0.965723  0.332716  0.328728
 -0.050956 -0.8293    0.090819  0.322656  0.330121  0.325268  0.323235
  0.029163  0.333326  0.247951  0.208385 -0.256477  0.3272  ]
[-0.558523  0.322162 -0.884271 -0.95911  -0.167681  0.211988 -0.356691
  0.159827 -0.184228  0.302303  0.312462  0.333173  0.329024  0.331827
 -0.643124  0.332004 -0.057143  0.327183  0.250469  0.326153]
[ 0.329544 -0.799971 -0.964672 -0.01224  -0.071091  0.054862  0.3217
 -0.155819  0.135335  0.235813  0.193126  0.126246 -0.796515 -0.977875
  0.24927   0.331668  0.330436  0.328248  0.140763  0.140257]
[ 0.280142 -0.124307  0.209951 -0.749357  0.19766   0.167886 -0.687562
 -0.775789  0.239704  0.327188  0.232186  0.099622 -0.362135 -0.966393
 -0.677684  0.32091   0.290243  0.180133 -0.173644  0.193495]
[ 0.326546  0.320882 -0.077537 -0.325533 -0.601122 -0.253505  0.197475
  0.332601 -0.162408  0.255217 -0.075196 -0.249837  0.329063  0.320499
  0.226779  0.016413  0.310401 -0.336361  0.225346 -0.897207]
[ 0.137379  0.154156  0.329792 -0.872071  0.282533  0.225209  0.020218
  0.215877  0.050335  0.3326   -0.17757  -0.976805  0.307195  0.323077
  0.156994  0.332978  0.259438  0.31929  -0.93795   0.33264 ]
[ 0.080534  0.303345  0.325823  0.287582  0.071053  0.308786  0.252194
 -0.219562 -0.140854  0.327342 -0.741018  0.221529  0.129228  0.326417
  0.313477  0.221753 -0.073622  0.312058 -0.817313 -0.98288 ]
[-0.610012  0.323097 -0.996197 -0.750294  0.285071  0.31177   0.315954
  0.332795 -0.929295 -0.147882  0.137953  0.273457  0.332119  0.284572
  0.048541  0.222154 -0.015758  0.172502 -0.531885  0.061925]
[ 0.320394 -0.121803  0.046187  0.256692  0.330714  0.333296 -0.997875
 -0.928874  0.25795  -0.004094 -0.652773  0.30389   0.314734  0.328829
  0.314171  0.330208  0.27115  -0.999423 -0.22182   0.236877]
[-0.341958  0.307027  0.301271 -0.522009  0.103922 -0.96529   0.307348
 -0.247545  0.332859 -0.776073 -0.061919 -0.609978 -0.404082  0.122166
 -0.188186 -0.400393  0.322068 -0.073586  0.194531  0.140252]
[  1.925324e-01  -1.487967e-01  -6.815162e-01   1.684720e-01   1.444149e-01
   3.316716e-01   1.330936e-01   3.322620e-01   1.776040e-01  -8.821365e-01
   2.120706e-02   2.361854e-01  -7.184406e-04   3.235597e-01  -9.426239e-02
   2.326230e-01   1.230428e-01  -4.582344e-01   3.009790e-01   2.523152e-01]
[-0.847754 -0.453532  0.005783  0.332452 -0.373849  0.331696  0.050367
  0.14133  -0.565212 -0.482007  0.329766  0.098508  0.306017  0.320605
 -0.393824  0.314928  0.260845  0.333248  0.33257   0.231547]
[0.10842292812320684, 0.0026820239991625083, -0.01005396606599096, -0.03923509258386898, 0.019352613866776336, 0.0024947178005948478, 0.0082434349860419434, -0.051387497365713602, 0.036093811985983243, -0.022575527983156873, -0.027081717766485491, 0.058597707566389767, 0.015303105637311132, -0.050060044402859716, -0.029479334682866287, 0.011900421426013441, 0.001119322317572502, 0.0027767573940797284, 0.060192393875964659, -0.034848214326358096, -0.057707905410778138, 0.11072362071983957, -0.072651385788076395, 0.014077411777862092, -0.0050692866884938514, 0.017439970519280201, 0.046391440563418901, 0.0098776760526608776, 0.04632987267131411, 0.089588427140184862, -0.011367191759800499, -0.028604320442460716, 0.029695075949184579, 0.059220025099912588, 0.045996733002920259, 0.042738358495255202, -0.015633024713891053, 0.055807771036618214, 0.045195009487184551, -0.032862073472301412, 0.022627330854120331, -0.0074972652551590357, 0.069621897532080201, 0.012610562164345487, 0.052675161846195112, 0.0046968168904383961, 0.048143253660354102, 0.034204514977366596, 9.4822442813169427e-05, 0.050920298803449893, -0.051062093729267288, -0.10356067921739248, 0.046632478634899166, -0.0095102641554492551, -0.012852511202836814, -0.016582699429091463, -0.0066898073534790853, 0.063739365749751919, 0.066936428304691264, 0.055388666277662868, 0.063967618828385781, -0.0022810299164048309, -0.0070046042795739311, 0.036664769199018565, -0.077918055741387493, 0.0076520511813479367, 0.00032521621195341632, -0.044229136718448026, 0.046421565930921012, 0.033682243149049079, 0.065866949462496216, 0.016817949989128708, -0.02637863447603786, -0.017604837525749012, -0.054641769159581466, 0.008949950148278818, -0.058954055886928702, 0.0072674882263810171, 0.017879883401847319, 0.0093420898487795445, 0.025311296879618195, -0.029095832459247573, 0.036448554343957718, 0.056891600700691186, 0.020104110881325021, 0.0045942468701106187, 0.041330202320760678, 0.005709962692601378, -0.017108146640822275, -0.00056752581092145427, 0.02012364899890684, 0.032781707018513989, -0.047450247575835158, -0.02320102246321748, 0.029389133083833459, -0.041208808742882019, 0.0026279136251036728, -0.015027537015175396, 0.091712832977165815, 0.039308316456036607]
('time: ', 9979.319092035294)
