“Running plot script on a single CPU core”
[-0.13732   0.309257  0.332078  0.227376 -0.424721 -0.609766  0.216381
  0.121914 -0.300038  0.313561  0.131736 -0.980391  0.102215 -0.349771
  0.201659  0.258028  0.326154  0.174265  0.292813 -0.769756]
[ 0.331441 -0.669276  0.308777  0.293648 -0.074899  0.327182  0.272059
 -0.564086  0.279733 -0.975715 -0.993676  0.314666  0.074153  0.248762
 -0.085296  0.316025 -0.914862  0.285121  0.299704 -0.052066]
[ 0.106048 -0.043474  0.333331  0.023746  0.31882   0.332885  0.333251
 -0.328319 -0.570232 -0.158959  0.329648 -0.996503  0.333317 -0.121372
  0.304708 -0.322839 -0.437488  0.154991  0.324999 -0.922703]
[ 0.236882  0.314527  0.10463   0.267653  0.310721 -0.036738  0.274457
 -0.598783  0.311503 -0.915821  0.320153 -0.147148  0.124896  0.097717
  0.231794 -0.591773  0.267646  0.295876 -0.255523 -0.047864]
[-0.093304 -0.10396  -0.741534  0.266396 -0.179623 -0.997284  0.235002
  0.140852  0.330722  0.318448 -0.80761   0.25164   0.075111 -0.411799
  0.285792  0.121228 -0.506711  0.274924  0.26275  -0.972139]
[ 0.330278  0.204168 -0.011428  0.290126  0.264097  0.291093  0.294481
  0.224264  0.332901 -0.507027  0.112774 -0.753844  0.212393  0.177244
  0.332541  0.289897  0.329916 -0.99537   0.314085  0.287481]
[-0.151329  0.074659  0.308813  0.332674  0.107495  0.265051 -0.494029
  0.327332 -0.656987  0.220051 -0.396507  0.271095 -0.755368  0.112455
  0.331278 -0.129377  0.157696  0.330566  0.33156   0.321774]
[ 0.272502  0.260164 -0.374058  0.30939   0.107945  0.180556 -0.308844
  0.271997 -0.078217 -0.024256  0.213509  0.102802 -0.776912  0.316036
  0.310003  0.317543  0.072193  0.25829  -0.794272 -0.955013]
[-0.009358 -0.0748    0.324087 -0.395345  0.291581  0.323768 -0.996777
  0.216502  0.32841   0.201851  0.300994  0.289582  0.298098  0.009414
  0.267017  0.331203  0.333112  0.272878  0.142478 -0.553828]
[ 0.330471  0.318335  0.333333  0.315724  0.332981 -0.64543   0.274371
  0.215679  0.298989  0.252179 -0.912301  0.32141   0.324959 -0.54083
  0.299353 -0.967177  0.154055 -0.075241  0.173641  0.321638]
[ 0.327982  0.132563  0.331851 -0.520687  0.315913  0.098533  0.321354
 -0.016917  0.332974  0.219865 -0.164624  0.33268  -0.493493  0.333174
 -0.289899  0.327314  0.324604 -0.006682 -0.47763   0.293233]
[ 0.274911  0.28647   0.331648 -0.888457 -0.473796  0.188386  0.292401
  0.288915 -0.872373  0.223019  0.281595  0.153042 -0.95202   0.25094
  0.105419  0.095096  0.325103 -0.323676  0.276592  0.037406]
[  7.905425e-02  -2.665865e-01   3.297289e-01   3.157109e-01   2.915261e-01
   3.115865e-01  -4.642602e-01   2.504416e-01   3.025481e-01  -4.274345e-02
  -8.198329e-02   1.301960e-01  -2.554157e-01   2.139687e-01  -6.518917e-02
   3.331839e-01   3.323358e-01  -1.494107e-04   3.271709e-01   2.000607e-01]
[-0.514056 -0.581878  0.287218  0.253559  0.193571  0.263158  0.309544
  0.146145 -0.088329 -0.091398  0.270425  0.219822 -0.765829  0.20619
  0.32721   0.294353  0.320558  0.317143  0.331004  0.205744]
[-0.292883  0.171272  0.317839  0.331403 -0.797124  0.33143  -0.11296
  0.134136 -0.403823  0.103886  0.291192  0.328926  0.236191 -0.272813
  0.11762   0.302098  0.330094  0.231642  0.22454   0.167825]
[ 0.257835  0.298933  0.212395 -0.400898  0.327927  0.160159  0.33055
 -0.475233  0.108188  0.276605  0.214179 -0.675428 -0.999452 -0.703856
 -0.046962  0.329953 -0.454704  0.21894   0.318784  0.110717]
[ 0.319197  0.328011  0.238903  0.332108  0.281167  0.235547 -0.481809
  0.331037  0.331986 -0.228719  0.324719 -0.195239  0.260983  0.256112
  0.326599 -0.157828 -0.971013  0.317976  0.247629  0.332485]
[ 0.121553 -0.266744  0.17268   0.318239  0.251861 -0.01795   0.196243
  0.038998  0.31746   0.307943  0.24095   0.086309  0.320129  0.318981
 -0.616311  0.273566 -0.121054  0.299034  0.041125 -0.985993]
[-0.100234  0.084953  0.227488  0.300775  0.333291 -0.055527  0.218287
 -0.44473  -0.639654  0.328994  0.289437  0.332841  0.325213  0.286894
  0.312503 -0.054724  0.304479  0.032137 -0.967851 -0.203081]
[ 0.330762  0.332642  0.320305  0.31965   0.28768  -0.527342  0.323121
  0.239025  0.297425  0.176358 -0.956592 -0.348125  0.255021  0.327232
 -0.850075  0.331383 -0.76731   0.290367 -0.729779 -0.174288]
[-0.735789 -0.220319  0.21596   0.169101  0.320238 -0.009796  0.309711
 -0.150454  0.314102 -0.153435  0.333291 -0.993889  0.327995  0.316616
 -0.800887 -0.362745  0.333103 -0.619452  0.332662  0.204326]
[ 0.333311  0.322156  0.053632 -0.469848 -0.973874  0.206627  0.299536
  0.325718  0.300702 -0.202282  0.211896 -0.54295   0.304099  0.32882
  0.147107  0.316521  0.194149  0.279865  0.332533 -0.067556]
[ 0.330902  0.305715  0.288442  0.33175   0.110629 -0.112467  0.263049
 -0.729157  0.319026 -0.93578   0.247396  0.16551  -0.999349 -0.258345
  0.290914  0.332463  0.17248   0.03669  -0.089235 -0.339394]
[ 0.304122 -0.254197  0.306383  0.1258    0.175073  0.33234   0.317757
  0.278746 -0.122918 -0.418265  0.079205  0.333333 -0.552855 -0.371201
  0.101007 -0.428806 -0.582839  0.239306  0.048377  0.270878]
[-0.039316  0.289319  0.231958  0.12832   0.329083  0.33033   0.008433
  0.327705  0.333224  0.330459  0.331206  0.327074  0.326944 -0.24924
  0.25802   0.329796  0.332075  0.291239 -0.952788 -0.088889]
[ 0.204259  0.167789  0.329503  0.068431  0.332926 -0.205584  0.224072
 -0.594119  0.330414 -0.135116  0.32182  -0.632237 -0.173615  0.317178
  0.266084 -0.923493  0.325778  0.285208  0.25603  -0.592862]
[ 0.058766  0.323813  0.328519  0.314021 -0.157751  0.198413  0.123149
 -0.349223  0.328898 -0.065539  0.234298  0.302099 -0.437739 -0.164157
  0.15685  -0.636971  0.332563  0.332997  0.110632  0.328307]
[ 0.333303  0.333324  0.329184  0.333127  0.056105  0.249944  0.297775
 -0.684402 -0.112919  0.247362  0.326352 -0.159188 -0.066472  0.299583
  0.312527  0.230163  0.052152 -0.165054  0.260577 -0.483761]
[ 0.067679 -0.274516  0.047999 -0.994543  0.04054  -0.154905  0.110682
  0.158659 -0.104857 -0.707478 -0.376847 -0.516275 -0.017841 -0.016622
 -0.327181  0.299961  0.222936  0.098886  0.273824 -0.227124]
[ 0.2986   -0.017645  0.319936  0.329598  0.136447 -0.265047 -0.114407
  0.190089  0.300641  0.108145  0.286071  0.196788  0.314877  0.282863
 -0.979398 -0.332211 -0.672608  0.331877  0.319489  0.320282]
[ 0.282451  0.129352 -0.059294  0.312616  0.136921  0.170793  0.328106
 -0.556704 -0.459718  0.333084 -0.012831  0.333219 -0.108716  0.325203
 -0.007259  0.264829  0.284403  0.014166  0.070816 -0.0436  ]
[ 0.068968  0.313426  0.078973 -0.037162 -0.127657  0.261067  0.006103
  0.129877  0.219413 -0.999714 -0.225889 -0.21839   0.257815 -0.555622
  0.316619 -0.607011  0.091432 -0.885672 -0.15091   0.093206]
[-0.63916   0.222972  0.317449  0.265068 -0.409274 -0.29904   0.171925
 -0.42045  -0.828058 -0.524327  0.323582  0.323631 -0.03452   0.223664
  0.249856  0.308221  0.246652  0.323043  0.310733 -0.379784]
[-0.381932  0.14938  -0.909941  0.271946  0.271787 -0.707259  0.138321
  0.174314 -0.226256  0.329775  0.127659 -0.06199   0.187886  0.253971
 -0.987549  0.095239  0.308793  0.317805  0.238448  0.330932]
[ 0.069775  0.291762  0.321005  0.279286  0.078691  0.329896  0.227262
  0.316706 -0.322044 -0.989721 -0.688372  0.070145 -0.547761 -0.579496
 -0.768234  0.23083  -0.026461  0.294305 -0.579885  0.279665]
[ 0.307774  0.328707  0.111067  0.317346 -0.958498  0.226009  0.131905
 -0.988978  0.247262 -0.853295 -0.667034  0.331422  0.284351 -0.412761
 -0.10329   0.316385  0.332727  0.322239  0.189006  0.073867]
[ 0.291478  0.012827  0.06277   0.236499  0.141315  0.114745  0.321817
  0.329996  0.310544  0.104729  0.215915 -0.4304   -0.207586  0.027234
 -0.977748 -0.448918  0.202075 -0.006941  0.264207  0.279076]
[ 0.31147  -0.130284 -0.995311 -0.916848  0.242786  0.224685 -0.391229
 -0.012436 -0.053053 -0.486398 -0.863054 -0.451624  0.148479  0.060366
 -0.813191  0.333181 -0.159432  0.316235 -0.977557 -0.430169]
[-0.169197  0.272378 -0.303605  0.22551  -0.116242  0.323518  0.228362
  0.157164  0.316991 -0.131715 -0.638325  0.135093  0.007824  0.246748
  0.333161  0.239175  0.183091 -0.846883  0.156441  0.042239]
[ 0.017299  0.302415  0.319868  0.306989 -0.101977  0.303745 -0.105004
  0.333317 -0.245562  0.14214   0.328034  0.08833  -0.734804 -0.963563
  0.154096  0.329066  0.177192  0.001284  0.263523  0.329646]
[ 0.304375  0.282521 -0.211943  0.325574  0.280526  0.296157 -0.921715
  0.330777  0.33222   0.249437 -0.108617 -0.195172  0.325862  0.125391
  0.288221  0.251008  0.259136 -0.048625 -0.25567   0.302283]
[ 0.326197 -0.176466 -0.321539  0.326141  0.130256 -0.023705  0.32626
  0.291314 -0.36225   0.192706  0.310277  0.160159  0.291674 -0.48407
  0.27499  -0.023033  0.048738 -0.933283  0.295577  0.246195]
[-0.660404  0.287692 -0.999976  0.332553  0.240802 -0.142523 -0.928366
  0.081586  0.325079  0.309835  0.012938 -0.059073  0.037035  0.318915
  0.104192  0.332477  0.32335  -0.835405  0.333255  0.014941]
[ 0.328173  0.32112  -0.112825  0.332838  0.306978 -0.111817  0.331816
  0.332958  0.328437 -0.024393  0.323155  0.091733  0.269968  0.2481
 -0.613829 -0.244709  0.333332  0.332935  0.333095  0.332715]
[ 0.236345  0.324092  0.189465  0.295275 -0.006209  0.324099 -0.968651
  0.135472  0.027009 -0.184858 -0.22625  -0.135253  0.19726   0.266583
  0.255502  0.33113   0.149015  0.307168 -0.85109  -0.421991]
[ 0.11011   0.015391  0.227676  0.041019  0.023557 -0.762425 -0.50559
  0.24476  -0.887976 -0.314198  0.147255  0.321524 -0.506426  0.208094
  0.32457   0.145906 -0.659436  0.150559  0.111719 -0.698975]
[-0.070796 -0.174584 -0.999844  0.238025  0.327303  0.32348   0.318045
  0.292817 -0.004797 -0.983933 -0.762168 -0.998377  0.290178  0.272738
  0.290821 -0.100309  0.332908  0.217045 -0.796029  0.32203 ]
[ 0.329493 -0.033749 -0.986446  0.154058  0.125609 -0.958508 -0.526528
  0.33079   0.327498 -0.023499  0.189228 -0.443141  0.328765  0.228082
  0.258054  0.259069  0.333266  0.331458  0.003349  0.330687]
[ 0.317636  0.316185 -0.947217  0.046963  0.330667  0.292993 -0.006703
  0.3189    0.231964  0.071827  0.145245 -0.453656  0.249766  0.135916
 -0.984655  0.308343  0.186784 -0.460616  0.207123  0.321062]
[-0.767795 -0.742592  0.272857 -0.554466  0.296212 -0.008595 -0.109489
  0.271117  0.319803  0.332752  0.32946  -0.97471  -0.999949  0.229912
  0.333262  0.330554 -0.356848  0.280981  0.193122  0.329437]
[ 0.329363  0.331055 -0.073346  0.267907  0.156586  0.086772  0.322683
  0.295426 -0.076802 -0.388953  0.320794  0.277445  0.11331   0.245149
  0.312831  0.32113   0.237026 -0.587893 -0.453229 -0.258682]
[-0.464871  0.333161  0.279114 -0.415475  0.322924  0.242824  0.036644
  0.333295  0.17495  -0.454877  0.210994  0.085401  0.319714 -0.210143
  0.280771  0.332533  0.084158  0.236919 -0.430265  0.163667]
[-0.996689  0.135883  0.13772   0.271874 -0.345803  0.332208 -0.999551
  0.131405  0.325543 -0.186077  0.329398  0.182534  0.294019 -0.214946
  0.264453 -0.885621 -0.919316  0.0185   -0.162397  0.319127]
[-0.23659   0.192155 -0.189297  0.333126  0.283787  0.229564  0.194549
  0.018051 -0.431209 -0.430657 -0.663637 -0.63859  -0.850859 -0.946496
  0.332471 -0.697208  0.227548 -0.675286 -0.524381  0.318641]
[-0.708909 -0.65815  -0.435988  0.324297 -0.927197  0.25425   0.323446
 -0.121785  0.332934  0.095834  0.328635 -0.859018  0.323429 -0.602462
  0.235097  0.197777 -0.005557 -0.998937  0.333075 -0.494933]
[-0.223182  0.044237 -0.994434  0.28383   0.294705  0.30945   0.312627
  0.31544   0.317857 -0.065739 -0.46322   0.326956  0.263133  0.324555
  0.257501 -0.195716  0.026445  0.333039 -0.104135 -0.064767]
[ 0.269169  0.228035  0.332656  0.326869  0.208299 -0.963059 -0.493953
  0.333256 -0.17077   0.242771 -0.628772  0.157327 -0.178895 -0.348031
  0.291427  0.277663  0.128722 -0.385473 -0.297522  0.238001]
[-0.990996  0.307837  0.037149 -0.122409  0.149603  0.316948  0.028407
  0.298548 -0.081717  0.33      0.302667  0.332485  0.159809 -0.662941
 -0.336637  0.059203  0.167375  0.325826  0.332518  0.333064]
[ 0.162289  0.289798  0.261108  0.2154    0.274473 -0.983669  0.319266
  0.318257 -0.441098  0.008433 -0.129481 -0.725571 -0.117118  0.074835
  0.332585  0.324774  0.280286  0.322213 -0.252303  0.245144]
[-0.993535  0.081689  0.113052  0.322285 -0.912902 -0.243702  0.178716
  0.330295  0.320604 -0.361781 -0.15583   0.332771 -0.209559 -0.044157
  0.329528 -0.716167  0.313126 -0.037123 -0.994358  0.251453]
[-0.597129  0.219285 -0.648374 -0.022815  0.119877 -0.825336  0.258988
  0.327427  0.205275  0.309346  0.216196  0.238466  0.319439  0.313168
  0.29391  -0.073384 -0.899408 -0.432532 -0.112426  0.270927]
[ 0.326792 -0.726295  0.246775  0.032211  0.021977 -0.240021  0.265389
  0.325365  0.011901  0.215937  0.323822  0.264574 -0.260395  0.300366
 -0.992792 -0.294711 -0.475552 -0.075812  0.157675  0.301916]
[-0.584401 -0.803119  0.318824  0.2438    0.305686 -0.31944  -0.151719
  0.17018   0.255428 -0.093089  0.316766  0.212466 -0.989348 -0.975349
  0.308196  0.250982  0.253805  0.274614 -0.587127 -0.034848]
[ 0.14065  -0.961298  0.323941  0.09817   0.328946  0.301925 -0.468288
  0.322414 -0.158746 -0.454605  0.324708  0.302443  0.313272 -0.286482
  0.308511  0.233579  0.329113  0.312452 -0.911567  0.072697]
[ 0.051113 -0.971906 -0.981445  0.249568  0.143614 -0.679072  0.28647
  0.189955  0.320788 -0.870016 -0.409221 -0.861677  0.255348  0.262232
  0.153169  0.235275  0.247162  0.144289 -0.004124  0.213514]
[ 0.204353  0.271115  0.330088 -0.93149   0.229937  0.275971 -0.437941
  0.33269   0.226643  0.317199  0.156872  0.331423  0.320842  0.17402
  0.082655  0.332208  0.160876  0.326601 -0.995949  0.110276]
[ 0.275627  0.139558  0.243394  0.311471  0.266224 -0.001344 -0.038336
 -0.464466 -0.274603 -0.29526   0.302175  0.314836 -0.772703  0.03298
 -0.941977 -0.612129  0.332809 -0.600679 -0.916614 -0.670808]
[ 0.330753  0.075047 -0.977929 -0.161754  0.299943  0.225597  0.328591
  0.332961  0.264693  0.331065  0.307574 -0.901333  0.298286  0.22941
  0.31457   0.1093    0.329134  0.328202 -0.564094 -0.053916]
[ 0.182073 -0.915012 -0.537075 -0.215754  0.329861  0.115931 -0.221745
  0.305451 -0.003819  0.254562  0.3322    0.312726  0.204591  0.287809
 -0.047121  0.301312  0.165672  0.295638 -0.747672 -0.0643  ]
[ 0.036094  0.276145  0.307002  0.320301  0.255531  0.217697  0.111806
  0.098774 -0.005264 -0.999921  0.235749 -0.187275  0.183101 -0.495171
  0.170758 -0.43678   0.132026  0.084147  0.140902 -0.855047]
[ 0.019749  0.307487  0.314597  0.02291  -0.107183  0.237316  0.330174
 -0.989557 -0.353164  0.208983 -0.349822  0.295155  0.201222 -0.995337
  0.333332 -0.695592 -0.645638  0.314918  0.331366  0.250919]
[ 0.310945 -0.084057 -0.005172  0.31394  -0.61655   0.331758  0.323061
  0.329188  0.294802  0.314162  0.198122  0.326064 -0.993269  0.150871
 -0.442965  0.281641 -0.721538  0.327603  0.303812  0.331246]
[ 0.19271  -0.005048 -0.983349  0.246175  0.301559  0.067859  0.32369
  0.194463  0.258027 -0.659836  0.162884  0.036418  0.026322  0.244733
  0.281204 -0.552366  0.266223 -0.587847 -0.955998  0.103907]
[ 0.248529  0.133926 -0.199929 -0.458135 -0.364851  0.289453 -0.430838
  0.262452  0.295512  0.331719 -0.287472  0.041621  0.289636 -0.779799
  0.206562  0.221209  0.256222 -0.304544  0.305374  0.328639]
[ 0.333254 -0.824358  0.20773  -0.810724 -0.130225 -0.97439  -0.063412
 -0.535721  0.117616 -0.296935  0.145051  0.263509 -0.088031  0.197609
 -0.601701  0.059767  0.289588 -0.453819  0.331658  0.212453]
[ 0.306626 -0.155695  0.161614 -0.070033  0.23961  -0.785473  0.022838
  0.01871   0.315865  0.314166 -0.969846  0.039483  0.216834 -0.006412
  0.229069  0.310747  0.031786  0.171324  0.124568  0.224884]
[ 0.319391  0.320247  0.139841  0.303045 -0.971549  0.333333  0.283331
  0.29925   0.2968    0.333305 -0.719928  0.068067  0.332051  0.237785
  0.325715  0.091586  0.243857 -0.141236  0.320248  0.168468]
[ 0.232214  0.20408   0.251882  0.290269  0.198684  0.144611 -0.895474
 -0.786771  0.236457 -0.30248   0.328113  0.265185  0.33116   0.240571
 -0.376286  0.327334  0.32449  -0.532575  0.005742 -0.752613]
[ 0.136125 -0.064807  0.332839 -0.018709  0.331678  0.108033  0.091199
  0.320799  0.207255 -0.158798  0.087664  0.187207 -0.156881 -0.987489
  0.284401  0.275334 -0.055367  0.319141 -0.452666 -0.264184]
[ 0.328758  0.182483 -0.185642  0.14718  -0.111658  0.258429  0.332723
 -0.121551  0.162509  0.292281 -0.189509 -0.023082  0.269357  0.226872
  0.192778 -0.593618  0.333167  0.028961  0.309053  0.328377]
[ 0.311475 -0.224068  0.333259 -0.826367 -0.958994  0.333165 -0.104042
  0.31565  -0.185274  0.246704  0.167376  0.331803  0.130075 -0.085156
 -0.009257  0.323693  0.323428 -0.753105  0.063623  0.290076]
[-0.590676  0.135437  0.333286 -0.031779  0.264466  0.332977  0.32791
  0.194365 -0.023628  0.195566  0.325031  0.292314 -0.301527  0.037108
 -0.439562  0.235398  0.305325  0.308443 -0.096901  0.116908]
[-0.39824   0.098363  0.097393  0.333259 -0.350307 -0.30733   0.318476
 -0.109537  0.29383  -0.139734  0.274937 -0.144952 -0.298414  0.075639
  0.332141  0.31627  -0.56148   0.318546  0.320703 -0.179186]
[  2.352878e-01  -3.750510e-01   2.291422e-01   3.301372e-01  -1.113378e-02
  -6.186331e-02  -1.430734e-01   3.298342e-01   1.335877e-01   3.071145e-01
   1.708465e-04   2.131168e-01  -1.421870e-01   1.581506e-02   3.309303e-01
   3.289423e-01   6.091520e-02   2.104608e-01   5.864439e-02   3.301033e-01]
[ 0.28161   0.130807 -0.149316 -0.482203 -0.712062  0.149074 -0.093867
  0.281964 -0.69879  -0.437404 -0.895234  0.075325 -0.11092  -0.855073
 -0.271592  0.300917 -0.637115 -0.689065 -0.028918  0.331462]
[ 0.333248 -0.128113 -0.889543  0.278877  0.125459  0.267373  0.217956
  0.060234 -0.551114  0.242632  0.330987  0.116341 -0.634105  0.295756
  0.113961  0.240949 -0.369979 -0.005555  0.128359  0.280394]
[ 0.333011 -0.749024  0.169435  0.168565  0.332873 -0.819031  0.125583
 -0.518185 -0.060541 -0.938638  0.319983 -0.313636  0.251508  0.095945
  0.292339  0.331352 -0.576306 -0.240213  0.293191 -0.222761]
[-0.709255 -0.974152  0.274116 -0.113804 -0.444264 -0.239117  0.333323
 -0.012996  0.045854  0.326986 -0.868173  0.306732  0.30632   0.329731
 -0.990223  0.305314 -0.977668 -0.287996 -0.120513 -0.35418 ]
[-0.991779  0.251395 -0.638206  0.325793 -0.383289  0.317801 -0.225883
  0.262243 -0.602204 -0.392229  0.056734  0.235214  0.331583  0.32715
  0.284266  0.332285 -0.408612 -0.994602  0.24417  -0.12623 ]
[ 0.095016  0.29587  -0.4985    0.333306 -0.90092  -0.10923   0.245101
  0.320342  0.01755   0.12427   0.118155 -0.651636 -0.018894  0.328809
  0.332815 -0.094946  0.262983 -0.361221 -0.057598  0.330528]
[ 0.198286  0.240136  0.21299   0.155769  0.069834 -0.535212 -0.135587
 -0.466755  0.295912  0.180962 -0.828135  0.224451 -0.091078  0.330837
  0.307505  0.158969  0.02936   0.282205 -0.799518 -0.992867]
[-0.998803 -0.110603 -0.019848  0.32969   0.091114  0.144943  0.324545
 -0.997636  0.018185 -0.660283 -0.057367 -0.436897  0.234097  0.311233
 -0.180842  0.317277  0.328732  0.023291 -0.96919   0.232631]
[-0.060763 -0.532068 -0.84705   0.271394 -0.057305  0.139469 -0.859876
  0.325318  0.13948  -0.653546  0.286477  0.276979  0.259318 -0.395548
  0.248956  0.327231  0.332341  0.333027 -0.441366  0.333326]
[-0.126389  0.102195  0.194112 -0.906247  0.21234   0.001334  0.164817
  0.302982  0.309861 -0.479603 -0.580789  0.09826  -0.950728 -0.079149
 -0.02499  -0.01413  -0.993867  0.275628  0.332194  0.194465]
[-0.24309   0.320393 -0.016554  0.031224  0.02967   0.196086 -0.086599
  0.333298  0.31234   0.266408 -0.164163  0.041824  0.300204  0.32285
  0.247424  0.309183 -0.529622 -0.289058  0.169829 -0.200452]
[ 0.316409  0.302889 -0.862824 -0.945492  0.288179  0.030985 -0.851396
  0.327523 -0.579755  0.329106  0.333065 -0.522409 -0.611999 -0.925992
 -0.034993  0.313687 -0.957909  0.306328 -0.011929  0.119438]
[ 0.18084   0.324005 -0.956346  0.317496  0.332991  0.317943 -0.936889
  0.121331  0.23615   0.119115 -0.260004  0.333332 -0.266211 -0.228748
  0.332997 -0.455577  0.321169  0.329859 -0.985697 -0.998287]
[ 0.332627  0.321586  0.29574   0.322598  0.332875 -0.313908  0.29848
  0.298745 -0.406202 -0.696909 -0.03022  -0.014962  0.259908  0.290771
  0.325746  0.160055  0.184362  0.332982  0.17213   0.328868]
[-0.44419   0.250072  0.320547  0.324947 -0.452055  0.158286 -0.324486
  0.008324 -0.322452 -0.999999  0.321374  0.238098 -0.538289 -0.423422
  0.262534 -0.429486  0.214033 -0.662249  0.271823  0.190235]
[-0.785743  0.070753  0.259842  0.320216  0.276448  0.298018 -0.512162
 -0.999088  0.309586 -0.133732 -0.473953 -0.33869   0.141934  0.076495
  0.200932  0.265441  0.327938 -0.718649  0.254982  0.322528]
[-0.0050316231450488746, 0.0079718605703669732, 0.004196924386507872, 0.031809401162370549, 0.024454897312060048, -0.082865326763874092, -0.021621403095475777, 0.0086206862646154292, -0.018338715831687981, 0.087787728789020331, 0.025594961882033918, 0.042656065671128368, 0.0020943281982109263, -0.018162025688424233, 0.0048842585835918162, 0.051038001256990068, 0.060977074366630801, 0.092029125229070877, -0.0052602335365664749, -0.056034295420204883, -0.023057101842702155, 0.094861398155850402, 0.088818781363627225, 0.0032739956360869904, 0.0023244843995756173, 0.065742679544557453, 0.017841995213448814, -0.016377548538930031, -0.0055380988406802112, -0.0022263278169449285, -0.0032528888156082569, 0.0034409812519148181, -0.046923557771782587, -0.0075999738060065769, -0.0046272940936843282, 0.064983787128149118, 0.074385970738284457, 0.0024378690219971633, -0.015397358847743431, -0.018419137860210509, 0.017445790483618051, -0.0045669850879614948, -0.0059123327303641782, 0.071006560824631082, -0.029798826543769114, -0.022963030990468022, 0.026979259153121493, 0.080822943604603709, 0.042334946694767894, 0.0083985902262367906, 0.0096122244329269191, 0.040908102892538378, 0.050583903382037554, 0.0066979714627999898, 0.1750386210593543, 0.024037445473736457, 0.085570140745128503, -0.099092158583414136, -0.040346341849436529, -0.063869320201338731, -0.025757425093225095, 0.0625245982349657, 0.0022396129093701367, 0.046292853673785134, 0.017404728937561127, 0.049479593934407262, 0.13377874004073809, 0.0068697526980743273, 0.080408297238755838, 0.043175823131880092, -0.023873050572698611, -0.00095095448928017579, 0.044472050655759821, 0.018620428552957119, -0.00085983322808796947, -0.028924920035288848, -0.054965512614964962, -0.019787335553290097, 0.0085457114161614778, 0.084363877552555366, -0.024453109137851092, 0.042764523978366609, -0.0088601313224277445, 0.11671921731823051, -0.027176003331841447, 0.070928759355752324, 0.04980177499618571, -0.018409930240913974, 0.12475375032518787, 0.010058645194351179, -0.023430726598040824, -0.012940535584717749, 0.035871475849095232, -0.0027882648123665615, -0.028867277284626847, 0.078696033359982959, 0.031588800056507021, 0.11217495557662191, -0.025019483682090116, -0.046255706108843442]
('time: ', 13674.041162014008)
