“Running plot script on a single CPU core”
[-0.022268  0.007293  0.050268  0.008082  0.018109 -0.03545 ]
[ 0.015     0.031264  0.013434 -0.012629 -0.016741  0.006533]
[ 0.088599  0.047708  0.011967 -0.015141  0.009111 -0.032255]
[ 0.015167  0.038845  0.052456  0.014281  0.021384  0.003595]
[-0.050474 -0.051489 -0.055558 -0.005487 -0.019842 -0.00511 ]
[-0.006207  0.004653  0.013582 -0.006029  0.021781  0.006005]
[ 0.053053  0.119027  0.12575   0.010481  0.004608 -0.01658 ]
[-0.006241 -0.031984  0.030875 -0.003461 -0.026082 -0.006858]
[ 0.078367  0.004988  0.018721 -0.002124 -0.000202  0.012293]
[ 0.057936  0.091558  0.067969  0.002869  0.016023 -0.019595]
[ 0.050905  0.08098   0.005557 -0.015758 -0.039441 -0.005139]
[ 0.091257  0.098712  0.10897   0.022148 -0.005988 -0.01062 ]
[ 0.012775  0.040362  0.006203  0.028391 -0.007577  0.044657]
[-0.000117 -0.005483 -0.018984 -0.017646  0.016614 -0.021677]
[ 0.024064  0.036743  0.04544  -0.010303  0.027775 -0.012926]
[ 0.040373  0.007749  0.02192  -0.00325  -0.020875 -0.019084]
[ 0.040332  0.001077  0.028153 -0.009094  0.017373  0.004293]
[ 0.019825  0.073483  0.037625  0.003058  0.006631 -0.021423]
[ 0.026769  0.03765   0.047088 -0.012121  0.00533  -0.015463]
[-0.087214 -0.009766 -0.042031  0.024002 -0.037689  0.007223]
[-0.081411 -0.057731 -0.042437  0.007194  0.031892  0.024317]
[ 0.019541 -0.007311  0.018027 -0.026915  0.004143  0.004345]
[ 0.026725  0.049624  0.02931  -0.023797  0.003886 -0.000931]
[ 0.073528  0.07848   0.035791 -0.000431  0.009754  0.001479]
[ 0.020279  0.00865  -0.026312  0.018664 -0.007827 -0.017109]
[ 0.0426    0.042516  0.070274 -0.000327 -0.0223    0.005477]
[ 0.053088  0.071544  0.024078 -0.008326  0.011684 -0.041023]
[ 0.005538  0.032682  0.098454 -0.002905 -0.003241 -0.023123]
[ 0.02838  -0.021305 -0.008945  0.044558 -0.020398  0.020696]
[ 0.024018  0.013983  0.029927 -0.000558  0.013512  0.00592 ]
[ 0.030299  0.041973  0.070112 -0.012673  0.026847 -0.001063]
[ 0.060226  0.030384  0.037094  0.038262 -0.020883 -0.002959]
[-0.014065  0.070811  0.024706 -0.010992 -0.002679 -0.006139]
[ 0.041418  0.03049  -0.038191  0.010317  0.002014 -0.018661]
[ 0.048504 -0.038328 -0.006726 -0.015237  0.045486  0.006565]
[-0.003707 -0.008976 -0.015021  0.014308  0.006997 -0.005439]
[-0.030601 -0.017241 -0.070629  0.039855  0.019186  0.000715]
[-0.049175  0.03023   0.004156 -0.003799  0.001819  0.003715]
[ 0.031264  0.103974  0.08586   0.012773 -0.012031  0.004652]
[-0.044047  0.029206  0.025657 -0.005573 -0.007429  0.013687]
[ 0.077037  0.074569  0.051384 -0.010415  0.013967  0.005359]
[ 0.062191 -0.006264  0.023314  0.009221  0.029334  0.049689]
[ 0.071965  0.075176  0.052011  0.022889 -0.015868 -0.008706]
[-0.000625  0.023445  0.014274 -0.00323  -0.022418  0.0102  ]
[ 0.00385  -0.015357  0.01703  -0.001757 -0.012258  0.008924]
[ 0.019449  0.096394  0.025573 -0.00513  -0.014307  0.000276]
[ 0.109201  0.084912  0.107111  0.021351 -0.022694 -0.05018 ]
[ 0.034368  0.073629  0.070764 -0.007249 -0.009841 -0.011517]
[ 0.042363  0.085704  0.094332 -0.010351  0.012147 -0.007389]
[ 0.086619  0.03491   0.002723 -0.034259 -0.000908 -0.021342]
[ 0.082241  0.070239  0.098196 -0.024293 -0.006918 -0.009588]
[-0.018235  0.056227  0.014707 -0.003611  0.003896  0.004785]
[ 0.019507  0.094725  0.042993 -0.009347 -0.019093 -0.003738]
[-0.075127  0.020661  0.020496  0.003689 -0.021963  0.001971]
[ 0.055861  0.065816  0.055536 -0.006729  0.012317  0.021641]
[-0.031334 -0.030557  0.028483 -0.006546  0.002108  0.019456]
[ 0.065075  0.003866  0.098274 -0.031413 -0.006249  0.006633]
[ 0.067937  0.09402   0.099515 -0.009285  0.019316 -0.015965]
[ 0.085252  0.056254  0.153707 -0.030924  0.019996  0.001718]
[ 0.061175 -0.00033   0.041609  0.006691 -0.026104  0.04058 ]
[-0.064824 -0.080381 -0.037784  0.057314  0.005707  0.013026]
[-0.051796 -0.005919  0.015126  0.003735  0.007315 -0.005168]
[ 0.013776  0.028153  0.050231 -0.002356  0.007044  0.029453]
[-0.041822  0.014354  0.031202 -0.029829  0.01714  -0.024046]
[ 0.040068  0.078612  0.049218 -0.011003  0.026384  0.038031]
[ 0.018623  0.074089  0.057399 -0.017884 -0.007589 -0.006953]
[ 0.01197   0.010814  0.017191  0.001117  0.011171 -0.032968]
[ 0.009537  0.023515  0.037908  0.005328 -0.009919 -0.010578]
[-0.054781  0.035584 -0.064902  0.03633   0.041521 -0.008975]
[ 0.039858  0.061839  0.066319  0.004874 -0.008783  0.003687]
[ 0.042501  0.055128  0.070463 -0.003415  0.004286  0.014831]
[ 0.027113  0.047621  0.009451 -0.005747  0.022295 -0.031153]
[ 0.018628 -0.012353  0.043152 -0.028422 -0.011841  0.008013]
[ 0.018709  0.056916  0.061228 -0.017313  0.020566  0.011707]
[-0.005016  0.068404  0.026978 -0.018331 -0.034826  0.014543]
[ 0.023221  0.007449  0.067103 -0.008276 -0.011143  0.006945]
[ 0.08992   0.064876  0.122393 -0.001481 -0.014307 -0.028434]
[ 0.037418  0.026828  0.039164  0.009184 -0.00015  -0.011875]
[ 0.033785  0.13759   0.10535   0.053766  0.0031    0.003016]
[-0.048417 -0.029115 -0.094178 -0.005933 -0.033572 -0.004127]
[ 0.005911 -0.124531 -0.056759 -0.007016  0.020285 -0.023314]
[ 0.102751  0.043425  0.143617 -0.035216 -0.008339 -0.020699]
[ 0.031774 -0.000533  0.086794 -0.014523 -0.013336 -0.011342]
[ 0.010935  0.048254  0.043726  0.007416 -0.024863 -0.003223]
[ 0.051922  0.056782  0.100185  0.041454 -0.00589  -0.006184]
[ 0.079003  0.063904  0.050738 -0.006997  0.071523  0.019365]
[ 0.038721  0.071725  0.010384  0.02859  -0.007773  0.005521]
[ 0.139501  0.064908  0.003322  0.008428 -0.046441 -0.025081]
[ 0.068857  0.047813  0.12248  -0.024592  0.02644  -0.001211]
[ 0.070148  0.041183  0.059747  0.002678 -0.016111 -0.014052]
[-0.015489  0.004849 -0.022437  0.015741  0.012612 -0.03197 ]
[-0.061705  0.053891 -0.074512 -0.01435   0.003838  0.026988]
[-0.018421  0.023815  0.019965 -0.003694  0.01921  -0.001525]
[ 0.055176  0.115182  0.051051  0.028737  0.05364  -0.006864]
[-0.000646 -0.012017 -0.028648 -0.008731 -0.001187 -0.003546]
[ 0.044472  0.044344 -0.002323 -0.012804 -0.00641  -0.010509]
[ 0.000894  0.06226   0.04789   0.017234  0.017163  0.010709]
[ 0.029857  0.128448  0.112288  0.021237 -0.027581  0.013167]
[ 0.042619  0.022979  0.065467  0.008684 -0.002989  0.013372]
[-0.023896  0.019864  0.043594  0.016101  0.002938  0.007599]
('Mean', 1, ': ', -0.023895762705935575)
('Median', 1, ': ', -0.023895762705935575)
('Variance', 1, ': ', 0.0)
('Mean', 2, ': ', 0.019863610186395167)
('Median', 2, ': ', 0.019863610186395167)
('Variance', 2, ': ', 0.0)
('Mean', 3, ': ', 0.043593892666451625)
('Median', 3, ': ', 0.043593892666451625)
('Variance', 3, ': ', 0.0)
('time: ', 9088.696099042892)
