“Running plot script on a single CPU core”
[ 0.018011  0.065229  0.051017 -0.004696  0.015853  0.000729]
[ 0.058637  0.088891  0.127782  0.001889 -0.002641  0.005078]
[-0.013145 -0.061901  0.048683 -0.03384  -0.0394    0.011324]
[ 0.035896  0.071649  0.039041  0.006274  0.0093    0.005634]
[ 0.057224  0.043383  0.063963 -0.052511 -0.024372 -0.044878]
[ 0.011801  0.015963  0.025578 -0.007556  0.045268 -0.003989]
[ 0.041698  0.057989  0.069085 -0.007962  0.012945 -0.002819]
[  3.867526e-02   2.640598e-02   6.040900e-02  -8.696511e-05   1.803618e-02
  -3.299925e-03]
[ 0.052902  0.029601  0.14839  -0.023421  0.0188   -0.019069]
[-0.073162 -0.006552 -0.002672  0.024168 -0.022939  0.034521]
[ 0.082638  0.107809  0.05511   0.01353   0.03132  -0.065484]
[-0.017129  0.012893  0.019974  0.001419 -0.027053 -0.026045]
[-0.036969 -0.018074  0.041775 -0.022974  0.041762  0.02003 ]
[ 0.042384  0.089318  0.11029   0.004097  0.010922  0.045919]
[-0.016275  0.004329  0.039539  0.009925  0.017909 -0.024947]
[ 0.024141  0.080412  0.074642  0.012712 -0.006589 -0.025607]
[  7.418616e-02   8.137286e-02   9.476463e-02  -4.227845e-05   4.357048e-03
   3.653576e-03]
[ 0.015512  0.044294  0.018597 -0.00232  -0.006317  0.005328]
[ 0.04598   0.053158  0.071467 -0.003667 -0.008468  0.011642]
[ 0.084971  0.08886   0.083596  0.017033  0.012608  0.032003]
[ 0.020952  0.034034  0.101473  0.032597  0.020447  0.015167]
[ 0.083563  0.042374  0.002332  0.013832  0.015212 -0.002422]
[ 0.031742  0.006824  0.085254 -0.018292  0.028307 -0.005262]
[ 0.016044  0.015003  0.056289  0.007075 -0.032475 -0.043614]
[-0.015641  0.05785   0.078596 -0.014277  0.011294  0.022164]
[-0.025766 -0.052053 -0.041656 -0.009668 -0.046743  0.025459]
[ -3.790903e-02   1.847969e-02   7.420099e-05   4.075691e-02   1.981545e-03
   1.414126e-02]
[ 0.102364  0.126086  0.085992  0.003145  0.003576 -0.004788]
[ 0.03831   0.081817  0.098657 -0.033463  0.017507  0.011326]
[ -3.925084e-02  -8.617472e-05   4.285216e-02   7.039510e-03  -2.328143e-02
  -9.577659e-03]
[ 0.002745 -0.003614 -0.006933 -0.003156  0.018943 -0.014687]
[ 0.018523  0.008302  0.027963  0.004926 -0.00133  -0.006345]
[ 0.091564  0.127091  0.061918 -0.008635  0.008267 -0.005959]
[ 0.006884  0.074825  0.099719  0.011572 -0.010217  0.004023]
[ 0.10267   0.049552  0.088191 -0.0092   -0.001629 -0.012197]
[ 0.004211  0.070976  0.000532  0.025622  0.016582  0.003899]
[ 0.034723  0.02288   0.089416  0.010052  0.011767 -0.022031]
[ 0.010905  0.018314  0.036487 -0.002617  0.011135 -0.00717 ]
[-0.003724  0.030999  0.009862 -0.039098  0.019597 -0.00685 ]
[ 0.11043   0.098151  0.119777 -0.009051 -0.006857  0.035158]
[ 0.00997  -0.069605 -0.010093  0.011522  0.006625 -0.018997]
[ 0.018709  0.042828  0.013473 -0.006762  0.018633  0.015173]
[ 0.053402  0.068147  0.160967  0.005201  0.024966 -0.023665]
[ 0.023359 -0.055984 -0.000871 -0.007386 -0.00373  -0.081485]
[ 0.018749  0.059574  0.087114 -0.000112  0.014532  0.001097]
[ 0.010027 -0.025515 -0.003851 -0.013665  0.020429  0.014135]
[ 0.006781 -0.029966 -0.023335  0.027532 -0.008665  0.045259]
[-0.040151  0.013205  0.004891 -0.002244  0.024927 -0.016162]
[-0.141418 -0.00135   0.002983  0.026417 -0.026099 -0.029913]
[ 0.028494  0.015648  0.033334 -0.028176  0.024024 -0.009798]
[ 0.080348  0.140901  0.179581  0.02105   0.011062 -0.022938]
[-0.017869  0.019237 -0.004828 -0.015785  0.003577 -0.005569]
[-0.01663   0.021331  0.018722  0.034476 -0.019865  0.003998]
[ 0.017078  0.103822  0.086607 -0.009014  0.046401  0.027505]
[ 0.013129 -0.007331  0.000206  0.034563 -0.025934  0.000218]
[ 0.061444  0.053334  0.093638 -0.008435 -0.029164 -0.000115]
[-0.031501  0.003848  0.036907 -0.009234  0.002259  0.021713]
[-0.059458 -0.07007  -0.082253 -0.016777 -0.023599 -0.021556]
[ 0.051312  0.012792  0.090296 -0.015805  0.013439 -0.012135]
[ 0.025792  0.056479  0.043882  0.016135 -0.009829 -0.020313]
[ 0.010002  0.027745  0.038824  0.020778  0.035728  0.010394]
[ 0.085684  0.025381  0.102054  0.005607  0.005828 -0.002174]
[ 0.052328  0.042762  0.083333  0.039407  0.018221  0.030089]
[ 0.077004  0.001538  0.08166  -0.005757  0.037035 -0.017196]
[ 0.009163  0.032187  0.080143  0.016379 -0.033629 -0.00893 ]
[ 0.013386  0.084301  0.051785 -0.055494 -0.027939 -0.004479]
[-0.037321  0.017146  0.014373 -0.006576 -0.007085 -0.011795]
[ 0.003267  0.049284  0.080113  0.02119   0.013079 -0.036213]
[-0.032568 -0.035899  0.003819  0.00183  -0.008872  0.013957]
[ 0.081767  0.058542  0.060744  0.017695 -0.029701 -0.02195 ]
[ 0.049852  0.085833  0.078138  0.003272 -0.028889  0.035555]
[ 0.033722  0.070844  0.096422 -0.019589 -0.00095  -0.032991]
[ 0.044392  0.064025  0.059468  0.005608 -0.044305  0.016927]
[ 0.047773  0.109588  0.124318  0.007258 -0.012746  0.018899]
[-0.023145  0.011947  0.022961  0.022321  0.031163 -0.011673]
[ 0.07718   0.04852   0.060131  0.030644  0.013693 -0.001551]
[-0.012832  0.068867  0.120033 -0.014836  0.010652 -0.010118]
[ 0.066714  0.086598  0.117241  0.02255  -0.029988 -0.022119]
[-0.070582 -0.059397 -0.055118  0.002592  0.028086  0.025349]
[ 0.004383  0.013065 -0.007845 -0.009411  0.042386 -0.019482]
[ 0.032631  0.071846  0.088985  0.031221  0.01949  -0.054627]
[ 0.00901   0.024223  0.029265  0.004373  0.004194 -0.015028]
[ 0.01591   0.06457   0.072241  0.020081 -0.008778  0.056386]
[ 0.002474  0.048904  0.042227 -0.005336 -0.006117 -0.030828]
[-0.041196  0.002008 -0.008588 -0.023462  0.015496 -0.01412 ]
[ 0.042178  0.064317  0.063854 -0.000544  0.010171  0.002849]
[ 0.038238  0.027625 -0.004903  0.009862  0.006018  0.044372]
[ 0.047616  0.063889  0.038038  0.002924  0.017045  0.014649]
[ 0.027357  0.073884  0.0431    0.015553 -0.004193 -0.007416]
[-0.069281  0.004325 -0.070814 -0.015538  0.005119 -0.013778]
[-0.028896  0.020136  0.024429  0.008248 -0.010079  0.027554]
[ 0.031619  0.015584  0.011904 -0.018879 -0.023693 -0.014075]
[-0.029554  0.035992  0.031093 -0.035085  0.003935  0.020745]
[ 0.092884  0.103675  0.077253  0.022694  0.025924 -0.012459]
[-0.018139  0.028764  0.008174 -0.026505 -0.000274  0.021655]
[ 0.026399  0.045327  0.014064 -0.010239  0.017612  0.016678]
[ 0.059111  0.076945  0.108019 -0.014085  0.001774  0.017184]
[ 0.027746  0.091487  0.09855   0.016555  0.004886 -0.016458]
[-0.104334 -0.038185 -0.044101 -0.022991 -0.028697 -0.001761]
[-0.024065 -0.057599  0.019151 -0.010654  0.004709  0.029405]
('Mean', 1, ': ', -0.02406535353382111)
('Median', 1, ': ', -0.02406535353382111)
('Variance', 1, ': ', 0.0)
('Mean', 2, ': ', -0.057599048677011593)
('Median', 2, ': ', -0.057599048677011593)
('Variance', 2, ': ', 0.0)
('Mean', 3, ': ', 0.019151053811820879)
('Median', 3, ': ', 0.019151053811820879)
('Variance', 3, ': ', 0.0)
('time: ', 8918.233762979507)
