“Running plot script on a single CPU core”
[-0.017502  0.052666  0.050238  0.021594 -0.005287 -0.009445]
[-0.016408  0.002017  0.037217  0.0045   -0.005231 -0.042951]
[ 0.007026  0.090953  0.078593  0.00755   0.006885 -0.004543]
[-0.016617  0.008358 -0.04048   0.004811  0.0196    0.01913 ]
[ 0.001172 -0.023579  0.03398  -0.00914   0.02584   0.001826]
[ 0.06459   0.023064  0.095436 -0.007548  0.00217   0.015745]
[-0.043413 -0.009205  0.022441 -0.023105  0.005653  0.006389]
[ 0.025721  0.058651  0.142062  0.059923 -0.000552  0.021264]
[ 0.034774  0.034605  0.047829 -0.008644  0.010182  0.0179  ]
[-0.017469 -0.021413  0.00261   0.012907  0.004192 -0.008186]
[ 0.031284  0.05631   0.041926 -0.035121  0.012302 -0.014503]
[ 0.11061   0.118851  0.090342  0.014924 -0.013001  0.003464]
[ 0.022099  0.013066  0.04854   0.00732   0.017037  0.010774]
[ 0.016023  0.08042   0.060011  0.012146  0.011813  0.00521 ]
[ 0.109296  0.110683  0.095777  0.009289 -0.022485 -0.010329]
[ 0.014852  0.04315   0.055823  0.02184  -0.004083 -0.021571]
[-0.01838   0.039412  0.049014  0.013876  0.015785 -0.000551]
[ 0.055552  0.019423  0.054021  0.011013  0.021368  0.018834]
[ 0.017456  0.051399  0.039546 -0.002497 -0.005707  0.009186]
[ 0.050829  0.079353  0.061671 -0.006472  0.003567 -0.014221]
[ 0.001219 -0.001943  0.00884   0.005965  0.018021 -0.015171]
[-0.024346  0.030582 -0.004387 -0.057395  0.006659 -0.026282]
[ 0.026622  0.097284  0.106296  0.004378  0.03334  -0.04645 ]
[ 0.041611 -0.015438  0.054896  0.017005  0.019255 -0.007962]
[ 0.01431   0.01404   0.011822 -0.004734  0.001164  0.011704]
[-0.044862 -0.006266 -0.006723  0.000101 -0.023123 -0.017744]
[ 0.051031  0.109318  0.01422  -0.030555 -0.04895   0.004042]
[ 0.087963  0.11534   0.147606 -0.012591 -0.013453 -0.007739]
[ 0.065994  0.044511  0.068685 -0.026168 -0.00669  -0.006892]
[ 0.002526 -0.029583  0.030962  0.015192 -0.015931 -0.014976]
[ 0.055377 -0.009368  0.042146  0.046889  0.002066 -0.007563]
[  4.281201e-02   8.286718e-03   4.913701e-02  -6.854904e-06  -8.909451e-03
  -1.302493e-02]
[ 0.029278  0.060775  0.024753 -0.010249  0.020169 -0.008821]
[ 0.048095 -0.014328  0.033343  0.002901  0.01137  -0.009824]
[ 0.000297  0.096483  0.063926 -0.043722 -0.021737  0.026021]
[ 0.038776  0.047502  0.024458 -0.024476  0.008921  0.002559]
[-0.057502 -0.049134  0.048049 -0.001875 -0.005715 -0.018002]
[ 0.058188  0.055613  0.088801 -0.035146  0.023775  0.018593]
[ 0.00151   0.058345  0.019113 -0.01773   0.035611 -0.01653 ]
[ 0.086078  0.060919  0.163649  0.026002 -0.031821  0.013674]
[ 0.022393  0.013542  0.042588  0.010788  0.029853 -0.015162]
[ 0.03962   0.02827   0.061597 -0.02914  -0.001372  0.018546]
[ 0.013562  0.041905  0.03517   0.03499   0.004025 -0.007236]
[ 0.04146   0.006183  0.039109  0.004497 -0.017678 -0.007321]
[ 0.032855  0.060548  0.03449   0.020282 -0.01841   0.001711]
[ 0.008427 -0.00131   0.011291  0.000291  0.000465  0.012747]
[-0.048745 -0.016212 -0.093151  0.020843  0.010568  0.008263]
[-0.076419 -0.001569  0.030251  0.063597 -0.050836  0.007209]
[ 0.032494  0.068152  0.092606  0.009278 -0.015445 -0.006141]
[ 0.020499  0.018523  0.042469  0.009365  0.005714  0.036466]
[ 0.03688   0.038423  0.037852  0.010712  0.010864 -0.015451]
[ 0.031412  0.06845  -0.00306   0.028557 -0.02141   0.019541]
[ 0.042     0.078133  0.062851  0.011342  0.006009  0.007243]
[ 0.015826  0.041329  0.0927    0.00761   0.015729 -0.010886]
[ 0.030936  0.046033  0.052604  0.005861  0.022042  0.021164]
[ 0.031751  0.067792  0.03079  -0.00593  -0.009597  0.018789]
[ 0.070302  0.047168  0.070815  0.003035  0.009739  0.012595]
[ 0.011048  0.061572  0.031703 -0.045286 -0.028361  0.010367]
[ 0.022894  0.018554  0.047875  0.020708 -0.014246 -0.049389]
[ 0.033939  0.033997  0.023029 -0.008812 -0.017281 -0.047101]
[ 0.081536  0.032657  0.059139  0.021636 -0.038669  0.020194]
[-0.026637  0.00277  -0.008704 -0.042378  0.022034  0.029076]
[ 0.006064  0.015452  0.033068 -0.01069  -0.005469 -0.003299]
[-0.02769   0.005588 -0.023345 -0.003949 -0.00128  -0.026974]
[-0.033199 -0.035904  0.007035  0.006461  0.007504 -0.006487]
[ 0.049842  0.043175  0.048344  0.01162   0.009421  0.035917]
[ 0.050556  0.085116  0.098612  0.017389  0.000808 -0.004441]
[ 0.004176  0.000157  0.070405  0.019175  0.014776 -0.001935]
[-0.010507  0.003932  0.019869 -0.002251  0.034238 -0.011399]
[ 0.034498  0.073672  0.150318  0.034937  0.024145 -0.019135]
[ 0.032982  0.099135 -0.053707  0.003405 -0.04492   0.012147]
[ 0.032     0.040563  0.027183 -0.002704  0.031874 -0.007438]
[ 0.036893  0.038362  0.077962  0.00696  -0.011316 -0.017162]
[-0.067664 -0.012693 -0.095832  0.046657  0.026606 -0.016071]
[ 0.016774  0.024808  0.044989  0.015122 -0.020013  0.037582]
[-0.030109  0.024833  0.050136 -0.00561   0.029605  0.012861]
[ 0.048762  0.069478  0.048773  0.006688  0.015894 -0.002317]
[ 0.078376  0.011481  0.031731 -0.007542 -0.001459  0.005967]
[ 0.044172  0.080474  0.063508  0.003455 -0.009     0.011695]
[ -8.083333e-05  -3.583142e-02  -2.206041e-02  -1.321908e-02   1.225796e-02
   3.369359e-02]
[ 0.116172  0.079636  0.156157 -0.044541 -0.01799  -0.017992]
[-0.020639  0.009578 -0.045211  0.011106 -0.018947 -0.015105]
[ 0.014269  0.058224  0.035541  0.003276  0.012786 -0.00861 ]
[ 0.034277  0.049307  0.045087  0.027789 -0.016998 -0.012999]
[ 0.027959  0.104137  0.091552 -0.030378 -0.058198  0.01694 ]
[ 0.027915  0.024637  0.048635 -0.004617 -0.021805  0.008256]
[ 0.020285  0.063694  0.052381  0.014483 -0.00978   0.003157]
[-0.034468 -0.007677  0.023796  0.017921 -0.016521  0.002452]
[-0.009886  0.041092  0.036772 -0.009162 -0.046436 -0.023268]
[ 0.059161  0.092776  0.123773 -0.004685  0.003295  0.012841]
[ 0.031877  0.000423  0.054368  0.008944 -0.011257  0.006545]
[ 0.075925  0.019952  0.091518  0.048303 -0.053255  0.039754]
[-0.023614  0.020113  0.002211  0.003146 -0.016129 -0.017897]
[ 0.116145  0.095519  0.115244 -0.011119 -0.001182 -0.002101]
[ 0.034273 -0.004214  0.061752  0.01378  -0.010031 -0.017184]
[ 0.068401 -0.038506  0.050659  0.02242  -0.008674  0.001961]
[ 0.046169  0.105756  0.062986  0.042769 -0.01602  -0.0277  ]
[ 0.014491  0.044718  0.073745  0.01426  -0.024195  0.00434 ]
[-0.044088  0.014125 -0.011827  0.025412  0.019556  0.022057]
[-0.048922 -0.032486  0.015536 -0.008863  0.031889 -0.003181]
('Mean', 1, ': ', -0.048922491358431096)
('Median', 1, ': ', -0.048922491358431096)
('Variance', 1, ': ', 0.0)
('Mean', 2, ': ', -0.032485810075345477)
('Median', 2, ': ', -0.032485810075345477)
('Variance', 2, ': ', 0.0)
('Mean', 3, ': ', 0.015536464793147743)
('Median', 3, ': ', 0.015536464793147743)
('Variance', 3, ': ', 0.0)
('time: ', 17099.226828098297)
