“Running plot script on a single CPU core”
[ 0.006126 -0.049383 -0.040595  0.002026 -0.02592   0.004195]
[-0.035264  0.003161  0.031407 -0.004468 -0.004476 -0.022127]
[-0.0575    0.019356 -0.012398 -0.002088  0.022268  0.023699]
[ 0.040942  0.080692  0.043677 -0.006381 -0.00431  -0.001829]
[ 0.01065   0.018307  0.032874  0.012445 -0.013553  0.01133 ]
[ 0.064238 -0.073147  0.054917  0.032039  0.004407 -0.004803]
[ 0.077323  0.0644    0.047656  0.00243  -0.020059  0.016466]
[-0.046201  0.027305  0.050757  0.041261  0.026225  0.007237]
[ 0.019596  0.05253   0.081497  0.023886 -0.006405 -0.009018]
[ 0.063027  0.096969  0.062929  0.015657 -0.016071  0.003673]
[-0.035664 -0.069328 -0.036927 -0.01031  -0.014748 -0.012767]
[ 0.032148  0.042954  0.066035 -0.017913 -0.011302 -0.031238]
[-0.070256  0.032226 -0.03419  -0.02813   0.008299 -0.037126]
[-0.021189 -0.023019 -0.061239  0.005617  0.029211 -0.02365 ]
[ 0.04527   0.029508  0.067648 -0.006633 -0.011043  0.020644]
[ 0.031466  0.063462  0.076075  0.018717  0.013209 -0.017442]
[ 0.010012  0.082754  0.071595 -0.003658  0.036017  0.018622]
[ 0.000265  0.048358  0.044733  0.028122  0.003558  0.048123]
[ 0.020959  0.005825  0.077928 -0.010783  0.012364  0.003956]
[ 0.041412  0.002762  0.051979 -0.014528  0.01632   0.015206]
[-0.028002  0.015146 -0.035007 -0.007024  0.00796  -0.031886]
[ 0.031891  0.022725  0.064293  0.010795 -0.006925  0.013385]
[ 0.034266  0.029622  0.025092 -0.026634  0.021015  0.011313]
[ 0.076184  0.043973  0.09041   0.026422 -0.029562 -0.023078]
[ 0.02623  -0.034727  0.038956 -0.020347 -0.022287  0.014055]
[ 0.07642   0.041249  0.039254 -0.013803 -0.010482  0.006194]
[ 0.038322  0.047511  0.078111 -0.04004   0.020103  0.012517]
[ 0.002676 -0.025927  0.048779  0.023117 -0.00117  -0.003547]
[ 0.022103  0.015084  0.01967   0.006742  0.014668 -0.008151]
[ 0.078277  0.10916   0.072929  0.020723  0.01072   0.004525]
[-0.003411  0.021563  0.06778  -0.028879  0.009915  0.023718]
[ 0.018251  0.007377  0.069119  0.001521  0.034455 -0.048301]
[-0.011381  0.054271 -0.020122 -0.019232  0.024209 -0.014974]
[ 0.005954  0.053524  0.038533  0.009602  0.013279  0.01447 ]
[ 0.050173  0.102484  0.129925 -0.00497   0.011653  0.01825 ]
[ 0.018975  0.053723  0.038505  0.004455 -0.012954  0.022151]
[ 0.055597  0.058509  0.027515 -0.024791 -0.010858  0.013257]
[ 0.077422  0.018054  0.064198  0.006782 -0.016712  0.043006]
[ 0.007183 -0.003106  0.019891 -0.022831 -0.001912 -0.016809]
[ 0.012479  0.059673  0.024753  0.002922 -0.021025  0.005549]
[ 0.1026    0.179     0.126263  0.000316 -0.027927 -0.013809]
[-0.008392  0.067215  0.038152 -0.044933  0.006038  0.032693]
[-0.022381 -0.005832  0.057834 -0.007135  0.008731  0.007456]
[-0.060776  0.03733   0.03094  -0.060451 -0.02118  -0.050111]
[ 0.092015  0.107449  0.086154 -0.027961  0.038778 -0.020226]
[ 0.043515  0.024162  0.072217 -0.017582  0.002479 -0.011201]
[ 0.072024  0.056139  0.02036   0.006223 -0.003882  0.014719]
[-0.04295   0.107143  0.0587    0.044097  0.054836  0.015119]
[ 0.07681   0.074895  0.094076  0.019936 -0.001799  0.037809]
[ 0.003285  0.033305  0.062977 -0.00827  -0.049013 -0.007136]
[ 0.041088  0.09308   0.134675 -0.008056  0.007356 -0.01331 ]
[ 0.054349  0.022939  0.058557  0.012408  0.014291  0.020245]
[ 0.018234  0.063366  0.044719 -0.007002 -0.023208  0.014214]
[ 0.009409  0.066471  0.062167 -0.012729 -0.012672  0.012177]
[ 0.024075  0.08615   0.109577  0.028448  0.006025 -0.016962]
[ 0.078873  0.052948  0.081975  0.005415 -0.004704  0.005432]
[ 0.014396  0.043438  0.014978  0.017128 -0.0136   -0.034984]
[ 0.052342  0.028391  0.120637  0.024597  0.015462 -0.029442]
[ 0.002396  0.029284  0.090606 -0.00362   0.007585 -0.001665]
[-0.027175  0.007244 -0.016293  0.029907 -0.006648 -0.020361]
[ 0.038836  0.0118    0.024258  0.014148 -0.020644  0.010868]
[ 0.02906   0.06475   0.097627  0.002426  0.015283 -0.003021]
[ 0.004716  0.059722  0.049372 -0.018589 -0.019206  0.016285]
[ 0.054982  0.081778  0.049207  0.037914  0.012569 -0.015798]
[ 0.044562  0.038931  0.037405 -0.014334  0.002091 -0.012846]
[-0.08591  -0.04401  -0.08018  -0.001395 -0.003753 -0.009888]
[ 0.081323  0.078174  0.07338   0.02564  -0.025261  0.033461]
[ 0.02039   0.000154  0.034401 -0.031794  0.019816  0.012344]
[ 0.031551  0.034067  0.019125  0.012876  0.007005 -0.030936]
[-0.07357   0.053249 -0.028328 -0.016833  0.031673 -0.001598]
[-0.014784  0.018172  0.046179 -0.005957  0.002033  0.027495]
[ 0.020016  0.039528  0.059358  0.022406  0.001767  0.026654]
[ 0.064102  0.050389  0.09426   0.038978  0.005924 -0.01098 ]
[ 0.051492  0.099566  0.135709  0.036147  0.033993 -0.021587]
[ 0.031421  0.008901  0.013642 -0.01355  -0.00581  -0.004637]
[ 0.061234  0.035853  0.064968  0.004737 -0.031814 -0.01385 ]
[-0.039491 -0.000197 -0.031498 -0.018385  0.024901 -0.004684]
[ 0.0079    0.008767  0.057847  0.009756  0.012363 -0.01243 ]
[ 0.042564  0.024217  0.07024   0.020479 -0.008503 -0.029914]
[ 0.010594 -0.001969  0.015741 -0.006218  0.004927  0.01168 ]
[ 0.080612  0.091735  0.118532  0.032223  0.009573  0.003244]
[ 0.08525   0.076915  0.13048  -0.033337 -0.004969  0.007169]
[ 0.006659  0.04638   0.093384  0.011003  0.005395 -0.010776]
[ 0.008743  0.014866  0.027366  0.016776 -0.014628 -0.002312]
[-0.013565  0.018291  0.054093  0.003088  0.007323 -0.003   ]
[ 0.007409  0.041915  0.003079 -0.011823  0.046195  0.039857]
[-0.025491  0.040266  0.06633   0.021411 -0.010488  0.002333]
[ 0.053508  0.043561  0.060334  0.013104 -0.009573 -0.004311]
[ 0.022408  0.057733  0.067267 -0.029322 -0.045195 -0.011497]
[ 0.023397  0.034902  0.014154  0.002714  0.036305 -0.027829]
[ 0.017041  0.002382  0.047002  0.007782 -0.022453  0.004179]
[-0.012909  0.004817 -0.005427  0.011858 -0.000404  0.006835]
[-0.016106  0.014296 -0.014424  0.015528 -0.015813  0.00953 ]
[-0.022569 -0.050945 -0.014328 -0.030574  0.009046 -0.014726]
[ 0.003526  0.053986  0.073207 -0.002493 -0.019988  0.005882]
[ 0.043407  0.03748   0.055771  0.009585 -0.002685 -0.023344]
[ 0.1272    0.04949   0.069177  0.008978  0.036094 -0.005115]
[ 0.027932  0.10066   0.061824 -0.010176 -0.003304  0.022761]
[ 0.116946  0.076245  0.103392  0.013319 -0.005338 -0.007434]
[ 0.058751  0.098497  0.069981 -0.004188 -0.037363  0.011115]
('Mean', 1, ': ', 0.058751373891658451)
('Median', 1, ': ', 0.058751373891658451)
('Variance', 1, ': ', 0.0)
('Mean', 2, ': ', 0.098496744461292807)
('Median', 2, ': ', 0.098496744461292807)
('Variance', 2, ': ', 0.0)
('Mean', 3, ': ', 0.06998105552710944)
('Median', 3, ': ', 0.06998105552710944)
('Variance', 3, ': ', 0.0)
('time: ', 10849.776818037033)
