“Running plot script on a single CPU core”
[ 0.268181  0.295919 -0.252179 -0.756966 -0.257432 -0.772405  0.314394
  0.260347  0.319924 -0.001559  0.331796  0.332963  0.28692  -0.310315
  0.301437 -0.539068 -0.324987 -0.073266  0.036906  0.201228]
[ 0.332935  0.160156  0.102789 -0.951296 -0.269455  0.304167  0.214566
 -0.146044 -0.478152  0.310023 -0.132659 -0.977856 -0.082406 -0.94276
  0.314292  0.332693  0.176641  0.113869  0.307739  0.28697 ]
[-0.563557 -0.026752 -0.313152  0.241974  0.300267 -0.640772 -0.374882
  0.329562  0.333287  0.270513  0.323152  0.225593 -0.056763 -0.923838
  0.32537   0.277769 -0.272648 -0.162221  0.147576  0.270336]
[-0.977326  0.130193  0.241823  0.325395 -0.9251    0.327944  0.266918
  0.316472 -0.16229   0.196636  0.293537  0.32115  -0.223315  0.330651
  0.244738 -0.152181  0.331041 -0.132891 -0.169855  0.314933]
[ 0.152139 -0.193447  0.114761  0.19502   0.12504   0.30036   0.322792
 -0.359911  0.27433   0.195875  0.082723  0.278971  0.223029  0.260197
  0.265914  0.016529  0.187079 -0.03763   0.137882 -0.412211]
[ 0.048035  0.243466  0.192118  0.333325 -0.377154  0.299261  0.119313
 -0.137458  0.333016  0.134384  0.234825  0.307765 -0.351194 -0.483355
  0.293918 -0.556547  0.320489  0.317632  0.301126  0.121493]
[ 0.312585  0.216113 -0.994574  0.144488  0.314814  0.238178  0.024126
  0.037126  0.330389 -0.446145  0.22118   0.310334  0.215931  0.242892
  0.328743 -0.468818 -0.573787  0.278251  0.234294  0.310042]
[ 0.198446  0.207232  0.332349  0.211048  0.157074  0.206985  0.170592
  0.312802  0.191339  0.258459  0.156889  0.319303  0.014178  0.070349
 -0.334806  0.045061  0.254487  0.152586  0.048656 -0.150588]
[ 0.308743  0.00864   0.331399  0.330149 -0.637486 -0.793168 -0.414628
 -0.925959 -0.037744  0.225053  0.078366 -0.503949 -0.174006 -0.867742
  0.32364  -0.588909  0.151593 -0.318991 -0.368736 -0.537447]
[ 0.145493  0.329724 -0.556316  0.129189  0.317232  0.274865  0.191159
  0.262225  0.02075   0.223037  0.21322   0.333328  0.286624 -0.070623
 -0.17801  -0.527536  0.279837  0.333247  0.32202  -0.361517]
[-0.673953  0.124788 -0.34764   0.216649  0.203524  0.165021  0.044852
  0.332927  0.278378  0.265879 -0.265424 -0.001268  0.327965  0.021234
  0.279391  0.241882  0.15101   0.263052  0.225355  0.333166]
[ 0.299343  0.13057   0.161404  0.031383 -0.740221  0.097676 -0.803193
 -0.314912 -0.722055  0.120366 -0.998851  0.273879  0.05036  -0.147341
 -0.503359 -0.580631  0.034724  0.323175 -0.20453  -0.172384]
[ 0.333197  0.321222 -0.998942  0.218492  0.252268 -0.866688  0.293442
 -0.083399 -0.46478   0.284729  0.315968 -0.799788 -0.332919 -0.104614
  0.277949 -0.062904  0.152553  0.110931 -0.763772  0.333284]
[-0.646629 -0.629339  0.326951  0.330913  0.10092   0.31972  -0.089432
  0.243744  0.278967  0.135269  0.295846  0.159017 -0.229528 -0.561984
  0.07934   0.329171  0.241653  0.297387  0.330891 -0.994829]
[-0.881616 -0.01489   0.011984 -0.97559   0.126327  0.184791  0.267576
  0.215459  0.298215  0.016159  0.309712  0.256582  0.075386 -0.411634
 -0.252191 -0.180796 -0.440319 -0.091639 -0.038542  0.237186]
[ 0.163921  0.333187  0.323969  0.309259  0.329072 -0.1243    0.330648
 -0.593337 -0.150308  0.331018  0.132117  0.182652 -0.996021 -0.22308
 -0.112626  0.332821 -0.507481 -0.959925  0.267716 -0.937747]
[ 0.33106   0.293019  0.316112 -0.798741  0.035185  0.304871  0.333024
 -0.55897  -0.767367 -0.027863 -0.633391  0.282634 -0.986142  0.29634
  0.115887 -0.247115  0.248989 -0.678335  0.189876  0.32491 ]
[-0.025112  0.132154  0.085245  0.310117 -0.066987 -0.284302 -0.436126
 -0.464288 -0.954532  0.170598  0.017336  0.176557  0.239203  0.096268
 -0.999792  0.312425 -0.538534  0.295335  0.251798  0.330677]
[ 0.187315 -0.624377 -0.382168  0.32983   0.165033  0.319277  0.214109
  0.293447  0.31823   0.314687 -0.240666 -0.958753 -0.924641  0.115334
  0.328959 -0.963542 -0.571286 -0.731216 -0.167316  0.226439]
[ 0.323798  0.273244  0.329004  0.330537  0.330234  0.069061  0.016617
  0.026698  0.32544   0.302085 -0.89086   0.19338   0.311499  0.198756
  0.072517  0.043369  0.121074  0.301967 -0.408327 -0.334669]
[ 0.313218  0.234409  0.324312 -0.772554  0.225675 -0.163134  0.297829
 -0.047632 -0.388963 -0.079302  0.258533 -0.997163 -0.424931  0.030386
 -0.510774  0.169321  0.327704  0.324236  0.325531  0.333258]
[-0.922453  0.316774  0.331045 -0.649666  0.267354 -0.138608 -0.549509
  0.318093  0.19377  -0.132707  0.330807  0.329191  0.268055  0.323226
  0.320006  0.298164  0.095664 -0.407676  0.327736 -0.082916]
[ 0.147393  0.180764 -0.594481  0.126872 -0.720865  0.315631 -0.298309
  0.32548   0.200387  0.307346  0.314331  0.327846 -0.124664  0.150532
 -0.685555  0.311206  0.332446 -0.847548 -0.339113  0.332912]
[ 0.227304 -0.098183  0.106893 -0.781673 -0.272151  0.172432  0.243456
 -0.073217  0.327221  0.330044 -0.09026   0.232119  0.16181   0.024555
 -0.531605 -0.243604 -0.468734  0.284137  0.333318  0.318912]
[ 0.198632  0.204087 -0.352375  0.331871 -0.638567  0.232065  0.332488
  0.227959  0.32135  -0.800418  0.230422 -0.622129  0.310605  0.320759
 -0.230714 -0.179702 -0.375878  0.123017  0.331997  0.134401]
[ 0.327914 -0.755682  0.302123  0.261254  0.193031 -0.052262  0.024298
  0.30539  -0.073879 -0.206932  0.174056  0.118948 -0.642839 -0.959184
 -0.394388  0.107556  0.143611 -0.03507   0.276881  0.317831]
[ 0.296872 -0.987434 -0.545417 -0.384987 -0.166995 -0.758634  0.156744
  0.321909  0.28846   0.305739 -0.947724 -0.846277  0.320055 -0.872984
  0.107932  0.048422  0.322078  0.332751  0.249408 -0.021928]
[ 0.117179  0.302729  0.331127 -0.601258  0.285878  0.311605 -0.247752
 -0.140703  0.308649  0.259744 -0.970578  0.289852  0.333305 -0.190865
 -0.284609 -0.148463  0.164471 -0.627099 -0.239739  0.333297]
[ 0.27919   0.324786 -0.800757 -0.773713 -0.073144  0.22055   0.298204
  0.223629  0.127766 -0.427346  0.268625  0.275439 -0.68928   0.330027
 -0.679705 -0.312496  0.108187 -0.558872  0.333046  0.113503]
[ 0.213786 -0.123108 -0.351979  0.323776  0.265828  0.319939  0.099146
  0.266446  0.211487  0.309986  0.250329 -0.520328  0.2381   -0.124956
 -0.145194 -0.017659 -0.278053  0.151729  0.329302  0.272107]
[ 0.327137 -0.286678 -0.895037 -0.112293  0.298386 -0.297225 -0.184874
  0.15968   0.327859  0.311446  0.097552  0.281117  0.280389 -0.935378
 -0.310214  0.236658 -0.944399 -0.071284  0.333023  0.332006]
[-0.385906  0.269292 -0.052725  0.270258  0.325259  0.312008  0.326113
  0.319584  0.223669  0.189888 -0.245323  0.136784 -0.747365  0.157578
  0.29243   0.331298 -0.488253 -0.909849  0.309849  0.178136]
[ 0.242107 -0.030643  0.295221 -0.212639 -0.552459 -0.143343 -0.297654
  0.25836  -0.645926  0.216858 -0.266958  0.307898  0.279923 -0.680351
 -0.872581  0.237115 -0.942072 -0.400854  0.265631 -0.188836]
[ 0.28859  -0.843666  0.110826 -0.015429  0.322302 -0.700099  0.042133
  0.083486  0.333118  0.306394  0.318847 -0.010981  0.332806 -0.708669
 -0.331076  0.275744  0.332707 -0.803611 -0.647677  0.299014]
[ 0.209699  0.33291   0.320103  0.273422  0.121813  0.155228  0.097616
  0.036858  0.315063 -0.421876 -0.147721  0.293897 -0.794739  0.331936
  0.311093  0.242162  0.217089  0.290556  0.239529  0.333332]
[ 0.3224    0.187873 -0.487672 -0.13763  -0.074068 -0.305124 -0.717406
  0.174112 -0.619624  0.08656  -0.286529 -0.800516 -0.985214  0.327366
  0.015461  0.307935 -0.490423 -0.860658 -0.832169 -0.576919]
[-0.016407  0.270743  0.332309  0.031278  0.235196  0.317415  0.322625
 -0.928865 -0.017266  0.309965  0.209742  0.315496 -0.465323 -0.077769
 -0.235866 -0.006036 -0.068157  0.333006  0.145369 -0.982725]
[ 0.330001  0.331766 -0.477556  0.258384 -0.896362  0.245188  0.317273
  0.256225  0.251051 -0.036108  0.31146   0.319126  0.059989  0.318788
 -0.998724  0.274435  0.320912  0.302427  0.329432 -0.006709]
[-0.81909   0.326541  0.328688  0.307178 -0.168549  0.165473 -0.987206
 -0.113808  0.227968 -0.109541  0.169036 -0.070312  0.269616  0.127042
 -0.957085  0.239539  0.173237 -0.661261 -0.421203  0.216164]
[ 0.161582  0.153713 -0.993046  0.134252 -0.08691  -0.13903   0.333206
  0.142727 -0.136163  0.312726  0.15479  -0.50105   0.203308  0.312498
  0.326897  0.292411  0.229456 -0.022752 -0.92357   0.277788]
[-0.071911  0.281862  0.245095 -0.712493  0.276276 -0.163101  0.269864
  0.095191 -0.026338  0.116435  0.26381   0.332155 -0.480373  0.332011
 -0.024343  0.075592  0.085854  0.183661  0.323827  0.325271]
[ 0.31686   0.085156  0.237308  0.304435 -0.901494  0.320221  0.315904
 -0.942274  0.196724  0.329269  0.102314 -0.233044  0.333321  0.323345
  0.179509 -0.608233 -0.996606  0.283446  0.332816  0.307943]
[ 0.315126 -0.45684  -0.565077 -0.095028  0.263063 -0.020653  0.041638
  0.225634 -0.308004  0.328653 -0.146377  0.167035  0.305004  0.15042
  0.265709 -0.946088  0.269651  0.329394 -0.655784 -0.653521]
[  2.866523e-01   3.233848e-01  -1.815899e-01   2.374579e-01   2.041947e-01
   2.671064e-01   1.768904e-01  -6.044883e-02  -9.239309e-01   3.098723e-01
   9.299530e-02  -1.500723e-02  -2.725036e-01   2.602169e-01  -5.301349e-02
   3.315177e-01   1.460661e-01   6.404581e-02  -4.982482e-04   2.442596e-01]
[ 0.303862  0.193456 -0.076134  0.33293   0.04958   0.325857  0.223933
 -0.743256 -0.52069   0.26005   0.302463  0.211894  0.204236  0.290714
  0.313636  0.284283  0.328904 -0.078874  0.331179  0.332699]
[-0.100056  0.273258 -0.480258  0.244671 -0.153074 -0.555079  0.250973
  0.257102  0.307585  0.234243  0.327663  0.286339 -0.286961  0.106396
  0.333055 -0.071432  0.151407  0.319357 -0.172519  0.142316]
[-0.006674 -0.08886   0.324776  0.227152 -0.305449  0.326232  0.23006
  0.054035 -0.66529   0.312434  0.331444  0.144505 -0.703407  0.311147
  0.10443   0.251831  0.26979  -0.305028  0.109772  0.07375 ]
[-0.797275  0.2779    0.333277 -0.55248  -0.708145  0.193963 -0.576776
  0.305055  0.243772  0.324533  0.242098 -0.236353 -0.98417  -0.962635
 -0.807368  0.148923 -0.760422  0.128744 -0.181366 -0.044841]
[ 0.15449   0.308285 -0.288874  0.307572 -0.912895 -0.607485 -0.048562
 -0.058464  0.236611  0.320836 -0.726489 -0.680963  0.272012 -0.407309
  0.31107  -0.08896  -0.129139  0.189656 -0.634167  0.092463]
[ 0.290952  0.123756 -0.171881 -0.784456  0.177233  0.244451  0.079411
  0.213085 -0.488047 -0.879652  0.116474 -0.276237 -0.582218  0.22934
  0.283913 -0.06131   0.202623  0.233789  0.230201 -0.753099]
[-0.969111  0.328885  0.063056  0.305978 -0.818945  0.332275 -0.411428
  0.198869  0.332024  0.270602  0.207961  0.223555  0.260495  0.316941
  0.179145 -0.625312  0.195116 -0.74003   0.324578 -0.379379]
[ 0.301976  0.072411  0.326962  0.242083 -0.532021  0.292751  0.306977
  0.26062   0.195824  0.333134 -0.612587  0.243454  0.258346  0.316277
 -0.998504 -0.296223  0.287062  0.331952  0.330171  0.141518]
[ 0.080728 -0.153226  0.282608  0.249808  0.327737  0.20986   0.308255
 -0.301264 -0.78294  -0.06706   0.113151  0.317405  0.128898  0.144072
  0.255781  0.130666  0.197834  0.327962  0.30183   0.311459]
[ 0.255562  0.242686  0.303049  0.276677 -0.318916  0.081659  0.332947
 -0.723042  0.328735 -0.008315  0.015499  0.262939  0.274832 -0.434793
  0.277804 -0.862213  0.087361  0.325671  0.224784 -0.129744]
[ 0.314396  0.068132 -0.251766  0.251742 -0.979672  0.21625   0.324387
 -0.992061  0.321306  0.073531 -0.006191  0.149003  0.207801 -0.650601
 -0.015946 -0.114215 -0.601131 -0.038777  0.292578  0.270956]
[ 0.148074 -0.364912  0.168149  0.288396  0.329793  0.243857 -0.878151
 -0.711104 -0.230184 -0.598885  0.134531  0.333216 -0.743867  0.33118
 -0.127342  0.331676  0.141512  0.118461  0.314182  0.223469]
[-0.922365  0.245839 -0.086765  0.232331 -0.735562  0.283966  0.327354
 -0.998494  0.254225 -0.180169  0.132975  0.300305  0.28155   0.259514
  0.287582 -0.507248 -0.998292  0.052567  0.305125  0.261714]
[-0.171196 -0.133484 -0.975283 -0.379342  0.312029  0.041591  0.321401
 -0.070159 -0.791984  0.329522  0.321836  0.293953  0.275974 -0.057131
 -0.128505  0.277615 -0.012573  0.195083 -0.024051  0.23169 ]
[-0.333485  0.114045  0.27482  -0.135318  0.329385  0.322118  0.06186
  0.135597 -0.296103  0.178978  0.318302 -0.283281 -0.209333  0.324835
  0.288172  0.326826  0.332193  0.002354  0.33123  -0.050777]
[ 0.173153  0.309138  0.262241 -0.649488  0.32888   0.011409 -0.402433
 -0.093618 -0.450773  0.300731  0.247029  0.33294  -0.687457 -0.367335
 -0.768035 -0.888806 -0.140925  0.311152 -0.939945 -0.640022]
[-0.068609 -0.859137  0.249335  0.314571 -0.328407 -0.147261 -0.302986
  0.272186 -0.712079  0.243045  0.321309  0.065853 -0.042078  0.056123
  0.27439  -0.91923   0.323841  0.328936  0.322718  0.323656]
[ 0.109434 -0.862243  0.060365 -0.559855 -0.853725  0.018847  0.303401
  0.24409   0.059363  0.278043 -0.575611  0.225746  0.327549  0.211926
 -0.009662 -0.165439 -0.576836  0.042337  0.304316 -0.679074]
[ 0.324006  0.323174 -0.396377  0.313938  0.332264  0.206138  0.189846
  0.112394  0.15403  -0.893677 -0.567771  0.320205  0.313099  0.135309
  0.330783  0.211983  0.230704 -0.441989 -0.784463  0.307   ]
[ 0.32297  -0.21624   0.326161  0.057333  0.059377  0.254331  0.256006
 -0.346424 -0.961039  0.332729  0.269393 -0.03546   0.332462 -0.063745
  0.188375  0.26562  -0.085174  0.21457   0.08443   0.023868]
[ 0.026632  0.332977 -0.999852 -0.118335 -0.106941 -0.140693 -0.84843
  0.166525 -0.852275  0.047744 -0.335451  0.296262 -0.503326  0.319219
  0.213764  0.284601  0.064925  0.084596  0.028294 -0.972965]
[-0.50168   0.002221  0.304166  0.328771  0.1606   -0.317343  0.302044
  0.201558  0.182937 -0.881243 -0.65952   0.243249  0.118631 -0.033964
 -0.997828 -0.799546  0.152611  0.231139 -0.066207  0.236895]
[-0.136575 -0.23321  -0.04223  -0.76246   0.261965 -0.976656  0.333083
  0.287412 -0.317482  0.030904  0.329465 -0.409978  0.242926  0.32727
  0.299904 -0.409825  0.288727 -0.379975  0.27007   0.07811 ]
[-0.698231  0.199239  0.240938  0.286155  0.116892  0.25149   0.287577
 -0.361999 -0.324617 -0.297404  0.324341 -0.319878  0.248168  0.312384
  0.153079  0.330947  0.327654  0.270575 -0.098799  0.330508]
[-0.534267  0.223029  0.325151 -0.539691  0.203207  0.241412 -0.65235
 -0.07966   0.23368   0.081502 -0.443996  0.1042    0.326572 -0.071254
  0.27781   0.327893  0.32691   0.248783  0.187268  0.218924]
[ 0.286903 -0.442271 -0.178147  0.252399  0.103993 -0.999862  0.143697
  0.248998  0.325937  0.307574 -0.07771  -0.34357  -0.50146   0.280916
  0.056965 -0.95548   0.077293  0.234728  0.301986  0.041782]
[ 0.281966  0.266062 -0.015038  0.315751  0.0511   -0.108375  0.328629
  0.269829  0.149991  0.333323  0.302363  0.227695 -0.100611  0.220926
  0.218009 -0.395037 -0.90356  -0.229525  0.299678  0.331872]
[-0.006331 -0.960571  0.23483   0.316322  0.282337 -0.085131  0.333323
 -0.458525  0.189952 -0.998954 -0.138197  0.332477  0.221294 -0.999828
  0.245896 -0.993914  0.054541  0.278155  0.179317 -0.874795]
[ 0.294621 -0.561574  0.325233  0.094675  0.224746 -0.182808  0.332018
 -0.978418  0.263021  0.300416  0.27116   0.331792  0.241071  0.013371
 -0.770678 -0.067118  0.272877  0.331862  0.22138  -0.672086]
[ 0.305701  0.137904  0.102392 -0.976822 -0.832953  0.300347  0.26971
  0.276899  0.327858 -0.746668  0.178811  0.308031  0.216364 -0.796617
  0.098375  0.300135  0.331717  0.112101 -0.246089  0.328014]
[ 0.134969 -0.170532  0.331787  0.330372 -0.023735  0.13056   0.18973
 -0.672826 -0.03594   0.333306  0.33019   0.309612 -0.99742   0.331823
 -0.026495 -0.34588  -0.59352   0.331828 -0.654787  0.259933]
[ 0.310321  0.312577  0.133119 -0.71435   0.327878 -0.114546  0.333051
  0.327198  0.302472  0.275998  0.006684  0.071462  0.267451  0.238629
  0.31593   0.004289  0.175751  0.305928  0.325324  0.332447]
[-0.183639  0.069393  0.273771  0.282274 -0.022432 -0.573014  0.327651
  0.134389 -0.442304 -0.007544 -0.884432  0.100991  0.330208 -0.136318
  0.221018  0.241314  0.274458  0.29704   0.258047  0.297095]
[ 0.254958 -0.721077 -0.120533  0.306708  0.330027  0.331288  0.324448
  0.060384  0.044087  0.225678 -0.992729 -0.396092  0.196971  0.325847
 -0.094051  0.328453  0.332379  0.317492  0.116932  0.228545]
[-0.475065  0.332017  0.257887  0.005183 -0.798375  0.228621 -0.421846
  0.143651 -0.331487  0.243237  0.085623  0.266778  0.125026 -0.400862
  0.018372  0.193152 -0.081469 -0.314735  0.295459  0.283989]
[ 0.210194  0.270443 -0.018417  0.324108 -0.592999  0.083976  0.270273
  0.31263  -0.192698 -0.018925  0.329888  0.004678 -0.808287  0.002548
 -0.224556  0.333302  0.057613  0.129035  0.27814   0.235932]
[ 0.181578 -0.772524  0.33294   0.253797  0.328468 -0.844649  0.306071
 -0.465985 -0.282091  0.159306  0.258977  0.266158  0.308233 -0.557401
 -0.848537 -0.07072   0.292146  0.321231  0.328642  0.326976]
[ 0.290489  0.125877  0.3248    0.29216   0.147677  0.221798 -0.447025
  0.014394 -0.300956  0.306165  0.328576 -0.138358  0.316819  0.299314
  0.333322 -0.605168  0.196636  0.327572 -0.291985  0.250524]
[ 0.331297 -0.679928 -0.399475 -0.042139  0.188014  0.112784  0.317723
  0.29969   0.298522  0.328739  0.249717 -0.578756  0.152654  0.333089
  0.330326  0.33296  -0.976769 -0.127066  0.307072  0.30888 ]
[-0.080003 -0.798696  0.243139 -0.048636  0.298483  0.23359   0.293442
  0.233281  0.31315   0.107017  0.176681  0.269256  0.304217 -0.114113
  0.299505  0.3227   -0.408444  0.188912  0.306638  0.066748]
[-0.526389 -0.109076  0.301735  0.137432  0.325996 -0.650702 -0.228982
  0.067627  0.248215  0.284402  0.311386  0.230324 -0.06315   0.304152
  0.30156  -0.703969  0.33319   0.019298 -0.220523  0.303022]
[ 0.200802  0.331237 -0.991246  0.309081  0.332422 -0.34198   0.078008
 -0.087901 -0.018104  0.315081  0.194217  0.330869  0.333281  0.326833
 -0.239057 -0.220918  0.333175 -0.041328  0.308088 -0.66769 ]
[-0.150781  0.216341  0.169882 -0.41139   0.312234  0.178085 -0.074965
  0.292785 -0.832198  0.117882  0.157664  0.101903 -0.452913  0.254147
  0.252191 -0.172526 -0.057402  0.317282  0.269391  0.33036 ]
[-0.189706 -0.223726  0.058175  0.33101   0.130041  0.199432  0.273231
 -0.767464  0.32005   0.312022  0.171744 -0.428945  0.244343  0.078767
  0.265749 -0.648078  0.211184  0.17668   0.14381   0.324298]
[ 0.145631  0.010315 -0.025336  0.331379  0.313015 -0.814667  0.06955
 -0.867298  0.259137  0.252277  0.025586  0.321482  0.328638  0.279412
  0.316349  0.333309  0.076221  0.271547  0.065366  0.218715]
[ 0.259093  0.324204  0.333333 -0.044083  0.314605  0.238973  0.291959
 -0.222172  0.021827 -0.217649 -0.165835  0.168732  0.227143  0.310021
  0.264881 -0.087209  0.157899 -0.053791  0.333014 -0.169468]
[ 0.28481   0.330005  0.263094 -0.40628  -0.659285  0.007577  0.125517
  0.102136 -0.103476 -0.916074 -0.990441  0.190304  0.282476  0.31077
 -0.174429  0.098603  0.107779 -0.361397  0.283818  0.332998]
[-0.549672 -0.517152 -0.066712  0.154572  0.333309  0.064077 -0.133353
  0.312993  0.328829  0.295613 -0.318193  0.287652  0.261035  0.325094
 -0.412396 -0.999499  0.316664 -0.196633  0.324869 -0.935234]
[ -8.314464e-02   3.251860e-01   3.309105e-01  -9.726197e-01   2.867279e-01
   3.270032e-01   2.938745e-01   1.242355e-01   3.324363e-01   3.321160e-01
   8.156308e-04   1.561642e-01  -6.665549e-03   2.813581e-01   3.164851e-01
  -5.692396e-01  -7.565726e-02   1.116712e-01  -8.744095e-01  -5.718340e-01]
[-0.340502  0.332798  0.164546 -0.349659  0.23943  -0.204815  0.220274
  0.083979  0.312066  0.15999   0.317174  0.081547  0.188358  0.29326
 -0.842356  0.195316 -0.003639 -0.587041 -0.102605  0.287235]
[-0.483039 -0.336091 -0.259108  0.236956  0.301257  0.156922  0.005793
  0.068022  0.223311 -0.699979 -0.220441 -0.078264 -0.062957  0.281412
  0.29678  -0.999397 -0.076393 -0.120377  0.332923  0.313282]
[ 0.145128  0.265928  0.333051  0.328116  0.259948  0.284575  0.225516
 -0.297014 -0.030229  0.054777 -0.988037  0.118519 -0.331625 -0.105112
 -0.158631 -0.326927  0.184361 -0.163014 -0.890984  0.301726]
[ 0.182809  0.300165  0.333285  0.302218  0.286489  0.144599 -0.472634
  0.236752  0.276797  0.099717 -0.489667 -0.883506 -0.064221  0.116782
 -0.238771  0.186805 -0.056532 -0.919246  0.150845  0.332668]
[-0.337464  0.332489  0.282327  0.076089  0.294153  0.268511  0.318642
 -0.859693  0.288638  0.323532  0.040766 -0.727815  0.057123  0.034109
  0.301341 -0.482648  0.33295   0.177335  0.173646  0.328598]
[ 0.298569  0.306212 -0.252906 -0.006788  0.326629  0.165819 -0.293906
  0.243608 -0.03312   0.309945  0.287413  0.332886 -0.333732 -0.583486
  0.333223 -0.033061  0.109184 -0.001     0.074878  0.234665]
[ 0.17344   0.119399 -0.633626 -0.528927  0.258507  0.330826 -0.877142
 -0.143835  0.116606  0.253885  0.168211  0.272754 -0.680329  0.329192
  0.266576 -0.120419  0.064386 -0.053123 -0.510111  0.133265]
[0.12180668886140492, 0.054318743557692561, 0.019226605709137146, -0.061110202613267162, 0.031091765597048487, 0.0058199623040044376, -0.007459838846342437, 0.050333375498899269, 0.051544294733074703, 0.074364875826309421, -0.01618604133039947, 0.057061564983571983, -0.019459159654448388, 0.01190456089096803, -0.041039885261002329, -0.0044677581054046456, 0.065720091948519299, 0.0023404665796485716, -0.033034111553748052, 0.050214491726483235, 0.054803172453720572, -0.0036239145182814791, -0.015122831236111134, 0.065913676372471086, 0.025516430679711544, 0.023404869414004215, 0.022739627614971114, -0.025859431819432718, 0.0092440955397040114, -0.017989753086628785, 0.072618961426411666, -0.019508028134143096, 0.079556156630170266, 0.068390887916124216, 0.017907939351698737, -0.039049048432607925, 0.011751325034637841, 0.024617342175138834, -0.029786174619354955, 0.039873023465013702, -0.039198989043371157, 0.12330724517343344, 0.059415147683362757, 0.0016177843392143343, 0.0022144848722576715, -0.0095589919249302879, -0.0053527382001147504, -0.058457175574610054, -0.018441338496597376, 0.022108995542197751, 0.01583400748467001, 0.057578238971969481, -0.034436360773478739, 0.049448504943022636, 0.013615749453798953, 0.031606064567155354, -0.019270279420595671, -0.016015195560127621, -0.036455643381949121, 0.028181040182948591, 0.029868100742641582, -0.022258526382651647, -0.097449118188455808, -0.048364151005697631, 0.032540958733174898, -0.047187770714613997, 0.0070983584677510592, -0.01541334588183374, -0.01775004925478485, 0.043745765656698299, -0.0024140988928825213, 0.019447987734911746, 0.054393500191177419, 0.039203108220232818, 0.039284810881318272, -0.049612767011159575, -0.036595200074457102, 0.018233624330841386, -0.00726712294033377, 0.050161046819261285, -0.039854066775687758, -0.004335344049358314, 0.083165806869611447, 0.049648217811707279, 0.0026201320730728783, 0.050448648587488293, 0.014628038451348579, 0.010225263535999146, 0.074007179264717532, -0.010410834191647456, -0.025382487963786338, -0.020058964990139705, -0.0016962603738018556, -0.018340401834650077, 0.042042751651434007, -0.024240585701090139, 0.025452388911335833, 0.00059802323328583817, -0.0094975376813937196, 0.085768354873037314]
('time: ', 10304.338200092316)
