“Running plot script on a single CPU core”
[ 0.299522  0.25885  -0.51826   0.220478  0.322828  0.211428  0.173505
  0.150039  0.136673 -0.276376  0.005792  0.062416 -0.016707  0.332306
 -0.671514  0.026492  0.163308  0.040546  0.328996  0.253892]
[-0.204326 -0.241095  0.170876  0.211348 -0.200098 -0.42538   0.327142
  0.261345  0.076409 -0.823629 -0.69612   0.151307  0.158179  0.177706
 -0.735334 -0.130265  0.140425 -0.561841 -0.493841 -0.065976]
[-0.140432  0.269021  0.212629  0.326178  0.194569  0.330889 -0.140595
 -0.448425  0.328673 -0.077087  0.330644  0.331293  0.291835  0.332287
  0.326447 -0.988092  0.030879  0.297197  0.305485  0.305394]
[ 0.332927 -0.453382  0.327062  0.021417  0.321726 -0.153386  0.298554
  0.292532  0.333216 -0.582511 -0.952398  0.238057  0.031961  0.33121
  0.282575  0.261139  0.029674  0.284568  0.280633  0.333287]
[-0.422601  0.17068   0.305386  0.060664 -0.204159  0.266221 -0.788711
 -0.326286  0.329096  0.235789  0.294437 -0.190138 -0.591822 -0.046522
 -0.645471  0.067404 -0.215326  0.154891  0.073169  0.330984]
[ 0.091065  0.292594 -0.165105  0.213831  0.197958  0.255052  0.326512
  0.271993 -0.656875  0.149612 -0.733819 -0.148228  0.106547  0.264004
  0.190543 -0.980224  0.315465  0.101092 -0.184712 -0.344693]
[-0.981525  0.315881 -0.012819  0.023709 -0.326424  0.330878  0.330165
  0.301044 -0.135994 -0.296951  0.301386  0.23446  -0.096345 -0.961646
  0.29515   0.277936 -0.345969 -0.243246 -0.585266  0.309749]
[-0.182629  0.30858  -0.990549 -0.89358  -0.225575  0.134584 -0.034006
  0.144123  0.053081  0.091003 -0.063939  0.313876  0.303251 -0.813539
  0.182636  0.259355  0.274162  0.067849  0.330404  0.200428]
[ 0.330662  0.082341  0.067806 -0.327739  0.232319 -0.122185  0.227368
  0.327298  0.33297   0.318047 -0.997584 -0.618487  0.04394   0.13937
  0.318747 -0.201847 -0.13529   0.259679  0.321871  0.316831]
[ 0.279095 -0.461195  0.227772 -0.656935  0.103892 -0.047259  0.090729
  0.195885  0.323989  0.333197  0.273143  0.240356  0.331893  0.310309
  0.323934  0.159524  0.157087  0.233916 -0.610664 -0.587986]
[ 0.014208  0.304608 -0.844665 -0.326729  0.102159  0.073036  0.252882
  0.333332  0.203585  0.328605  0.223674 -0.770618  0.225851  0.175558
  0.127518  0.295004  0.310903  0.287003 -0.698541  0.309658]
[ 0.291744  0.266835 -0.335861  0.291988 -0.389608 -0.826245  0.312597
 -0.995311  0.207874  0.327267 -0.079888 -0.076859  0.225624  0.20615
 -0.460991  0.317462  0.310309  0.225736 -0.8594   -0.60215 ]
[ 0.292612  0.103317  0.331668  0.294525 -0.14755   0.323509  0.122537
  0.333069  0.17442   0.324562  0.292602  0.308017 -0.995303 -0.245303
  0.260134  0.240622 -0.988536  0.200946  0.296724  0.22627 ]
[ 0.327755  0.328404  0.21946   0.210543  0.326485  0.328297  0.332385
 -0.503766 -0.171602  0.330188  0.331835  0.287804 -0.932921  0.332126
  0.268551  0.299006  0.331662  0.286385  0.021667  0.333199]
[ 0.309483  0.316856  0.088058  0.311044  0.054785 -0.03008   0.093087
 -0.013332  0.141042 -0.206737 -0.051871  0.241983  0.094436 -0.070242
  0.310291  0.259705  0.33048   0.160088  0.184446  0.018284]
[-0.137334 -0.998087  0.230739  0.316758  0.044318  0.09984   0.205246
 -0.132963 -0.444474 -0.364712  0.149934  0.314165 -0.813473  0.333167
  0.144665  0.282214  0.021705 -0.397345  0.333207  0.195041]
[ 0.312152 -0.477714  0.320164  0.326746 -0.133943  0.2974    0.333278
  0.221221  0.043059  0.195631  0.249054 -0.783294 -0.509036  0.333186
  0.29233   0.331803 -0.745796  0.332843 -0.278783 -0.279952]
[ 0.262136 -0.081354  0.326805 -0.411287  0.333333 -0.171873  0.296787
  0.318088  0.288822  0.228349  0.306458  0.225946  0.332511  0.322917
 -0.437958  0.330973  0.326194  0.06762  -0.069087  0.291302]
[-0.225024 -0.304799 -0.019501 -0.008994 -0.702145  0.320429  0.177386
 -0.370889 -0.33746   0.318955  0.178839 -0.372517  0.325125  0.287639
 -0.00332   0.133812  0.330635 -0.44805   0.311134  0.331162]
[-0.979064 -0.811994  0.309789  0.080894 -0.859435  0.099259 -0.759005
  0.332787  0.267948  0.268184 -0.166613  0.330254  0.243681  0.332467
 -0.152507  0.186601  0.314216  0.332077 -0.977504  0.326132]
[ 0.329592  0.284551  0.122813  0.321375  0.16133  -0.44319  -0.189093
  0.331554 -0.996492 -0.489973  0.332736 -0.970731 -0.864793  0.296038
  0.212677 -0.906564  0.323401 -0.106816  0.23262   0.332548]
[ 0.076023  0.262455 -0.307861  0.027967  0.331642  0.311257  0.126608
 -0.350862  0.192493  0.333331 -0.647272  0.314745 -0.882886 -0.680806
 -0.086404  0.318863  0.317575  0.234228  0.272815 -0.253281]
[ 0.306963 -0.874842 -0.005511  0.329504 -0.774328  0.229776  0.328453
  0.130273 -0.209528  0.240665  0.203214 -0.185779  0.28514   0.333308
  0.307968  0.051419  0.232041 -0.276856  0.177814  0.304179]
[ 0.332607  0.306293  0.180071 -0.808174 -0.080847 -0.121981 -0.855769
  0.246379 -0.097097 -0.866662  0.299557  0.315438  0.213775  0.011946
  0.005426  0.328023  0.253928 -0.959697 -0.399486  0.152421]
[-0.114335  0.129054  0.315753 -0.421614  0.323465  0.264299 -0.163875
 -0.125969  0.157811  0.225363  0.265726  0.333263  0.332831  0.32252
  0.295173  0.154641 -0.96463   0.332144  0.120162 -0.998918]
[ 0.273646  0.287358  0.235546  0.331592  0.242792  0.327007  0.268312
  0.250704 -0.399263  0.304462  0.06272   0.315645 -0.641519  0.304804
  0.297642  0.332834  0.265835  0.215894 -0.713959  0.294012]
[ 0.331181  0.32638   0.289872  0.287709  0.314883  0.233429  0.164459
  0.09869   0.27735   0.099083  0.333206  0.32915   0.181983  0.327716
 -0.153915  0.308803 -0.154452  0.024607  0.325703 -0.943992]
[ 0.30257   0.110094  0.222811  0.037776 -0.043911  0.142118 -0.116851
  0.318821  0.316241 -0.938067 -0.974418  0.297436 -0.553374  0.080296
  0.326081 -0.901097 -0.040588 -0.975256  0.119165  0.28142 ]
[ 0.328277  0.327904  0.173863 -0.34635   0.13985   0.143227 -0.104082
  0.280533  0.114821 -0.877848 -0.13079   0.033014 -0.980067 -0.648379
 -0.566262  0.299694  0.210345  0.307163 -0.349441  0.262597]
[ 0.332062 -0.992714 -0.097981 -0.154231  0.297355  0.12856   0.200678
  0.287836 -0.736892 -0.314871 -0.170568  0.18769  -0.729686  0.215572
 -0.013874  0.307507  0.183747 -0.015837 -0.455351  0.322071]
[ 0.116812 -0.546729 -0.998488  0.116563 -0.154498 -0.960644  0.108278
 -0.927423 -0.387583  0.310647  0.25392   0.289011  0.31231   0.211855
  0.094462  0.30146   0.198353 -0.16207   0.307649  0.266408]
[ 0.318112 -0.196168  0.329846 -0.036495 -0.988926  0.295181  0.076084
 -0.3061    0.267425 -0.182724 -0.78745  -0.164991  0.30534  -0.354385
  0.062587 -0.081986 -0.859386  0.098107 -0.146363 -0.157378]
[-0.06694   0.281256 -0.153003  0.29264   0.333305  0.271764  0.109324
  0.324385 -0.222089  0.305407  0.329907  0.165899 -0.164691  0.284424
  0.277942 -0.906035 -0.754503  0.331042 -0.32344   0.333285]
[-0.889011 -0.12843  -0.999853  0.225061  0.318957  0.101595  0.319849
 -0.728939  0.166263  0.319113  0.187305  0.329453  0.325131 -0.040065
 -0.98564  -0.544356  0.301301 -0.49367   0.322561  0.295901]
[ 0.104358  0.326696  0.193266 -0.132474  0.290804  0.326293 -0.050235
  0.223103  0.223111 -0.046572  0.278008 -0.401673 -0.112241 -0.144762
 -0.827906 -0.99543   0.326141  0.294357  0.166975  0.287132]
[-0.016481  0.325979  0.302721 -0.607799  0.05745   0.266415 -0.116403
  0.33012   0.220089  0.049477  0.246682 -0.651334  0.020515  0.324929
  0.116655  0.148553  0.229361  0.316175  0.304415 -0.826267]
[ 0.299734  0.307076 -0.079644  0.184553  0.333313  0.234545 -0.62462
  0.182574  0.295132  0.256754 -0.726515 -0.591964  0.003081  0.159883
 -0.248429  0.328899 -0.49183   0.326584  0.32549   0.309641]
[ 0.26834  -0.408898  0.273395  0.04202  -0.716298  0.221074  0.163755
 -0.656004  0.281752 -0.107682  0.185754 -0.167681  0.070373 -0.156723
 -0.101244  0.205363 -0.722212 -0.040734 -0.985906 -0.187389]
[ 0.070678  0.325608  0.197855  0.328487 -0.002826 -0.885584  0.179336
 -0.016725  0.207316  0.052695  0.140545  0.333293  0.326709  0.287496
  0.21628  -0.527562  0.300876 -0.892273 -0.326733  0.309441]
[ 0.27352  -0.294162 -0.217307  0.319545 -0.875539  0.332625  0.069826
 -0.754899  0.098959 -0.884938  0.332488  0.177727  0.189369 -0.812058
  0.304048  0.181396 -0.024204  0.236767 -0.334509 -0.112664]
[ 0.225939 -0.076213 -0.979528  0.333295  0.310605  0.33247  -0.63489
 -0.275185 -0.248255  0.319589  0.089139  0.209049 -0.737665 -0.372318
  0.013473 -0.063973 -0.941661  0.324804 -0.004481 -0.661529]
[ 0.074781  0.318134 -0.314729 -0.00663   0.304575  0.062532  0.290628
 -0.74222  -0.676158 -0.951896  0.127749 -0.444985  0.194246 -0.020976
  0.222063  0.324168 -0.230781 -0.393857  0.03894   0.20494 ]
[ 0.107854  0.269256  0.06393  -0.051295 -0.498241 -0.660796  0.282456
  0.288864 -0.531119  0.249261  0.028823 -0.245414  0.276906  0.148969
  0.332454 -0.451597  0.331762 -0.515763  0.220547 -0.143652]
[ 0.326452 -0.016441  0.307168  0.122367  0.051936 -0.987544 -0.870767
  0.277683  0.18058   0.059685  0.177055 -0.681507 -0.04033  -0.393191
  0.100714  0.331964  0.090982 -0.007177  0.226083  0.305081]
[ 0.313655  0.329084 -0.280037  0.307787  0.280712  0.326174  0.324697
  0.201836  0.332976 -0.024475 -0.280026  0.130513  0.032496  0.327721
  0.301378 -0.854973 -0.526703  0.264915  0.101253 -0.990867]
[ 0.289081 -0.485098  0.332588  0.231076  0.127082  0.181938  0.151584
 -0.373575  0.312655  0.262332  0.322828  0.295525 -0.615188  0.003681
  0.204323 -0.393217  0.330526  0.311943  0.284331  0.032412]
[-0.999977 -0.746451  0.102878 -0.897577  0.331146  0.296146  0.333212
  0.050704  0.302973  0.043291 -0.371895  0.316658 -0.889939 -0.119605
  0.090007  0.159437  0.328987  0.218701 -0.512577  0.073204]
[-0.223997  0.332157  0.306881  0.333196 -0.697837 -0.385188  0.277327
  0.282037  0.159886  0.277642  0.311308 -0.113802 -0.24509  -0.042998
 -0.050571 -0.419057 -0.210819  0.295301  0.333308 -0.123374]
[-0.045351 -0.700937  0.153438 -0.087488 -0.775883 -0.562717  0.328055
  0.283039  0.186342  0.271406 -0.239677  0.330832 -0.310985 -0.082193
  0.179541  0.237636  0.329407  0.10717   0.209608  0.22537 ]
[-0.847739 -0.098227 -0.875803  0.319074  0.291465  0.211099 -0.756749
  0.170012 -0.3838   -0.95974   0.160768  0.326605  0.099333  0.212988
  0.023834  0.325321  0.190736  0.193024  0.318075  0.321069]
[ 0.148367  0.332538 -0.316175  0.002071  0.329996  0.300076  0.284302
  0.287577  0.186563  0.287022  0.259    -0.497094  0.025078  0.308481
 -0.99999   0.294451 -0.547995  0.287633 -0.002688  0.30397 ]
[ 0.332646  0.171839  0.330392  0.157445 -0.741962 -0.596818  0.240835
  0.29238   0.136309 -0.120107 -0.165324  0.328559 -0.735652  0.310702
  0.184277  0.081473  0.123624  0.330678  0.304277  0.064463]
[-0.005774  0.312115 -0.976123 -0.650832  0.283403 -0.585678 -0.553556
  0.315855  0.270516  0.324084  0.311177  0.212393  0.037519 -0.054198
  0.308074  0.215872 -0.468501  0.144506  0.293538  0.32001 ]
[ 0.186333 -0.650855  0.293259  0.225683 -0.354195  0.302853  0.276646
  0.307016  0.25085  -0.576024 -0.377119  0.293988  0.332136 -0.201421
 -0.661442  0.332698 -0.577949  0.009498 -0.621136  0.325433]
[ 0.331876  0.297428  0.251579  0.302373  0.32488   0.332683 -0.057152
  0.28645  -0.359246  0.157394  0.298392  0.117397 -0.975376 -0.765979
  0.332316  0.321147  0.329441  0.190637  0.303986 -0.811441]
[ 0.279648 -0.093456  0.321946  0.260403  0.007802 -0.620738  0.313285
 -0.139554 -0.192419  0.307196  0.015725  0.333303  0.269295 -0.074252
 -0.984676  0.103803 -0.357816  0.333308  0.162829  0.245977]
[ 0.319581 -0.357294  0.105404  0.161043  0.005943  0.272336  0.331022
 -0.542549  0.064522 -0.867875 -0.02137  -0.244598  0.265476 -0.984467
 -0.479033  0.235837 -0.111043  0.32668   0.327376  0.331776]
[ 0.257886  0.282204 -0.330895 -0.934748 -0.603774  0.286948  0.277562
  0.160544  0.155152 -0.732494  0.329482  0.326037  0.332449  0.311111
 -0.079273  0.309151  0.193413 -0.14964  -0.99006   0.173484]
[ 0.331963 -0.31631   0.211813  0.160691  0.295529 -0.064077  0.132069
  0.333283  0.260017  0.270883  0.060015  0.250558  0.319519  0.188728
  0.332803 -0.021078  0.332915 -0.245818  0.260794  0.328339]
[ 0.329224  0.063731  0.255799  0.306454  0.284027 -0.997317 -0.278427
  0.065024 -0.87716  -0.875053  0.332358 -0.998605  0.082716 -0.267758
  0.289804  0.325283  0.302251  0.326338 -0.196926 -0.999937]
[ 0.33143  -0.612288 -0.699002  0.287457 -0.581623  0.266238 -0.207248
 -0.1062    0.316217 -0.506647  0.062421 -0.999995  0.316814  0.125706
  0.332953  0.206799  0.331819 -0.359513  0.217738 -0.817218]
[-0.778384 -0.861138  0.295072 -0.308116 -0.458479  0.332686  0.263051
  0.233825  0.23335   0.29649  -0.131476 -0.750901  0.034718  0.319801
  0.211504 -0.99987  -0.032458  0.22202  -0.850395  0.074104]
[ 0.172471  0.217902  0.29373   0.175542  0.271126 -0.086491  0.333015
  0.323802 -0.487395 -0.882827  0.327619  0.330961  0.283041 -0.690705
  0.306364  0.252945 -0.731561  0.169995  0.156672  0.298655]
[-0.552686 -0.983375 -0.700805 -0.990525  0.325732 -0.628711  0.297353
  0.049924  0.039005 -0.0841    0.327746  0.191892  0.314471 -0.052723
 -0.871523  0.327073 -0.579123 -0.014968  0.262205  0.287627]
[ 0.147753 -0.198528  0.311779  0.313131 -0.064172  0.168373  0.039854
 -0.045427 -0.74884   0.206706  0.098689 -0.134253  0.275225  0.251291
  0.12429   0.333328  0.284293  0.31909  -0.601795  0.330872]
[ 0.290837  0.18633   0.319721  0.243567  0.312194  0.319741  0.088462
  0.333158 -0.94904  -0.993684  0.27899   0.065509  0.139143 -0.773825
  0.245424  0.143128  0.319384  0.249064 -0.135054  0.238558]
[ 0.100571  0.258517  0.33259   0.328245  0.252197 -0.329099 -0.894825
  0.088639  0.305876 -0.975699  0.036054 -0.422549 -0.896446  0.229599
  0.00319   0.328981 -0.073741  0.332363  0.308879  0.172966]
[-0.890247  0.243613 -0.001682 -0.599478  0.304803  0.328993  0.096401
  0.255737 -0.23837   0.332518 -0.40386   0.238577  0.333325 -0.812944
 -0.284623  0.22695  -0.442759  0.285694 -0.202096 -0.707897]
[ 0.214987 -0.405389 -0.24286   0.169643  0.244924  0.247257  0.13005
 -0.422904 -0.180411  0.189224 -0.110793  0.215497 -0.498294 -0.212584
  0.313106  0.135252  0.313093  0.259785 -0.440473 -0.030313]
[-0.843009 -0.26393  -0.868812  0.329418 -0.248285  0.262626 -0.748301
  0.316503  0.309308  0.332163  0.326682 -0.022022  0.232698  0.315439
  0.332451 -0.341309  0.303241  0.319906  0.21945   0.333329]
[ 0.120388  0.142578 -0.552023  0.333009  0.235559  0.159277  0.319892
 -0.560602  0.281627  0.313889 -0.583308  0.173582 -0.621576  0.216413
  0.282042  0.303319  0.292647  0.288628  0.271296  0.250807]
[ 0.325617  0.036477 -0.983758 -0.974939 -0.895752  0.320935  0.176969
  0.267318  0.30258  -0.941081  0.119806  0.236803 -0.34028  -0.251658
 -0.015445  0.260732  0.013369  0.117838  0.122694  0.009223]
[ 0.294755 -0.469838  0.273269 -0.345775  0.265964 -0.763122 -0.140673
  0.288368  0.33326  -0.195997  0.331802  0.315629  0.325452 -0.009159
  0.289796  0.112909 -0.428019 -0.606265  0.330169  0.33193 ]
[-0.031727  0.239047  0.302848  0.215595  0.333316  0.321532  0.281346
  0.312897  0.072044 -0.948738 -0.259918 -0.960292 -0.845085 -0.074714
  0.19814  -0.046697  0.318243  0.153884  0.208459  0.109526]
[ 0.151444 -0.262036  0.144236 -0.254162  0.256217  0.321645  0.31836
  0.2985    0.310515 -0.999847 -0.427372  0.303697 -0.875861 -0.262009
 -0.053858  0.33206   0.320664 -0.371291  0.132367  0.276721]
[-0.001263 -0.131945  0.327221  0.033273  0.209125  0.330623 -0.901116
  0.109875  0.319154 -0.029234  0.333101 -0.062865  0.310918 -0.980668
  0.273364  0.294579 -0.995534  0.026667  0.225422  0.324502]
[-0.248     0.052767 -0.573905  0.137722  0.332638  0.03599  -0.718981
  0.27153   0.270146  0.322944  0.134911  0.273603  0.333217  0.332674
  0.28735   0.321537 -0.374733 -0.344976  0.311495  0.330635]
[ 0.208403  0.122421  0.320745  0.33325   0.326983  0.328543  0.333248
 -0.998758  0.307269 -0.177848 -0.047506  0.013673  0.333323 -0.346997
 -0.097107  0.313758  0.329997 -0.805925 -0.326516 -0.984049]
[ 0.307193  0.331269  0.220839  0.088964 -0.164911  0.055971 -0.381686
  0.04215   0.005515  0.244551  0.228545 -0.799612  0.333277  0.330133
 -0.298629  0.305697 -0.453891  0.331463 -0.199429 -0.92386 ]
[ 0.123765 -0.989027  0.031554  0.221217  0.288764  0.254802  0.148331
  0.307942 -0.203878  0.333234  0.301078 -0.42239   0.249431 -0.037506
  0.327138 -0.47086  -0.525916  0.311262  0.167512  0.275117]
[-0.564549 -0.3628    0.161033  0.303984  0.287989  0.322501 -0.230062
  0.272625  0.315096 -0.920829  0.308644  0.196354  0.298964 -0.771863
  0.333182 -0.116227  0.281104  0.181753  0.333154 -0.92643 ]
[ 0.332549  0.291201  0.297904  0.252885  0.025966  0.320036  0.057209
  0.260659 -0.24622   0.291842  0.271189 -0.961031 -0.166926  0.191551
 -0.674212 -0.9698   -0.997076  0.154966 -0.899214 -0.083329]
[ 0.312391  0.089849  0.192423 -0.167706  0.01471  -0.684974  0.007647
  0.323537  0.309709  0.214162  0.280824  0.332905 -0.185121  0.274342
  0.296211  0.273662 -0.327173  0.255059  0.306921 -0.020034]
[ 0.02427  -0.087112  0.316088  0.138346  0.300877 -0.511076 -0.305469
 -0.083247  0.23811   0.196585  0.276012  0.283597  0.153775  0.237657
 -0.17337  -0.302413  0.196672 -0.055191  0.249909  0.330359]
[-0.175469  0.325217  0.094997  0.320909  0.331176  0.282366 -0.781473
  0.332884  0.311134 -0.294664 -0.305187 -0.669606  0.238069  0.176937
  0.313205  0.293829 -0.790397  0.190303  0.165564 -0.515045]
[ 0.090154  0.312845 -0.635071  0.223906  0.323945  0.090032  0.180693
  0.208545  0.180951 -0.82535   0.237722  0.096594  0.331677 -0.779177
  0.316138  0.162022  0.299854 -0.287958 -0.780294 -0.767278]
[-0.896212  0.324214  0.21358   0.332938  0.234331  0.308411  0.32878
  0.292189  0.279287  0.282116 -0.374479  0.333324 -0.870699  0.283371
  0.330449  0.221519  0.298458 -0.708237 -0.999935  0.292272]
[ 0.239641  0.231007 -0.7436    0.165641 -0.047553  0.275663  0.311237
  0.174829 -0.064198 -0.579506 -0.042829  0.32928   0.286736  0.240999
  0.236572  0.29729  -0.338287 -0.169248 -0.992434  0.28306 ]
[ 0.236928  0.278077 -0.771071  0.186818 -0.44254   0.021987  0.284962
 -0.106096  0.269524  0.327079 -0.143716 -0.004779 -0.574471 -0.801337
 -0.020308 -0.034635 -0.989538  0.319131 -0.396965  0.030235]
[ 0.287553  0.317195  0.143896 -0.124241  0.158755  0.295878  0.3333
  0.328677 -0.170097  0.311402 -0.999738 -0.635233 -0.514595  0.184806
  0.058664  0.252834  0.318801 -0.318998  0.324852  0.273033]
[ 0.232819  0.306474  0.309176  0.319952 -0.981059 -0.751786 -0.227774
 -0.22837   0.327758  0.056826  0.280402  0.164007  0.284518  0.184224
  0.170049 -0.351591 -0.683822 -0.833406 -0.616592  0.153432]
[ 0.271572  0.310538  0.331781  0.330292  0.332741  0.324449  0.312483
 -0.458336  0.326163 -0.303035 -0.131359  0.055785  0.305753  0.303177
  0.096524  0.184851  0.320676  0.270253  0.314043  0.059646]
[ 0.050236 -0.101953 -0.775645 -0.017537 -0.95538  -0.054978  0.188914
  0.027749  0.08382   0.307413  0.262595 -0.803002 -0.950519 -0.061264
  0.083023 -0.996274  0.327811  0.234751 -0.423073  0.226276]
[-0.265659 -0.948798 -0.131831  0.039827  0.33308   0.235705  0.223575
  0.306318  0.304456  0.252515  0.178719  0.153413 -0.679319  0.157855
 -0.313464  0.191652  0.224904 -0.12877  -0.505777 -0.913864]
[ 0.333238  0.193393 -0.351027  0.091725  0.256646  0.332437  0.284099
  0.283013  0.235249 -0.212325  0.050305  0.331457  0.256536 -0.603375
  0.231822  0.333333  0.332803 -0.023175  0.321484  0.26558 ]
[ 0.321628  0.247908  0.327632  0.233281  0.311278  0.258999 -0.991012
 -0.050988 -0.373215  0.333312  0.323791 -0.64815   0.32986  -0.487514
 -0.732209  0.071034  0.264794  0.328335  0.245102 -0.330044]
[ 0.291708 -0.061941  0.318053  0.282722  0.283787  0.333075  0.330302
  0.331436 -0.996199  0.320809  0.098406  0.26482   0.251756  0.284985
  0.231885  0.327087  0.194488 -0.196959  0.289037 -0.05033 ]
[-0.994223 -0.36518  -0.468787  0.300595  0.3166    0.213244  0.330691
  0.298254 -0.956648  0.286675  0.288008  0.332706  0.237535 -0.814145
 -0.483817  0.167418  0.160038  0.180263  0.113251  0.320597]
[ 0.106424  0.027054  0.242982  0.321732 -0.024539 -0.663746  0.21929
  0.320019  0.330884  0.312259  0.318442 -0.910682  0.24636  -0.226174
 -0.712412 -0.430187  0.286341  0.065047 -0.886341  0.305025]
[ 0.291483 -0.932691  0.184393  0.228026  0.332896  0.322975  0.076881
  0.30814  -0.047061  0.206268 -0.89511   0.056329 -0.055617  0.262566
 -0.438137 -0.806681  0.19579   0.005637  0.319812  0.326131]
[0.096105753529046239, -0.0028012090233886511, -0.0083740804025142779, 0.061962318812405381, -0.025973283195864227, 0.019678868036461142, -0.025345822028674525, -0.0034317902466797778, 0.057627919371785907, -0.003298227634176143, -0.029902500562512126, 0.022675126174048932, 0.044851203407836965, 0.046756816288163527, 0.16709494215692325, 0.018056785622026866, 0.066308563114114899, -0.034041680386754092, 0.031425663005526544, 0.046999052532168184, 0.049012606804331171, 0.1052303744291657, -0.054057314478920815, -0.012904413734269482, -0.029244395077917609, -0.029051469911789085, 0.006263921026171626, 0.046794665386132694, -0.025492112520391352, 0.086859269577603704, 0.039958118370870294, -0.014766632541346303, 0.038778247504524355, -0.031745679019344109, 0.025114079223121269, 0.038365403938308201, 0.014545165344278299, 0.063110015911425094, 0.05319191731122952, 0.046275126503765335, 0.044861791336339552, 0.040059024735937851, -0.019020413972859085, 0.085317186722812882, 0.024666713017718556, 0.017575454273572877, -0.15391610002821676, -0.019904052009312584, -0.024087788019685565, -0.068318196345893423, 0.040392513750290293, -0.021434080812549217, -0.0032502873751200814, -0.027255756300513106, 0.068343500235208854, -0.01801395298113978, 0.079219537176127813, -0.0045452905900424945, 0.042559293822076016, -0.0040230663459957516, 0.059580387577253535, 0.028936882599116531, 0.067130916342949654, 0.0065411695602572983, 0.076564951352648097, 0.089859615427847178, 0.0079811159945795268, -0.035065648222889156, 0.0024780676723005213, -0.069864904766004488, 0.021441569740766206, -0.020924236104507055, 0.063865854258001398, 0.040110095887555167, 0.0022916046183464323, 0.055374839208415162, -0.024249668919179124, 0.035823433424795686, -0.031715820703506536, -0.0046313542201032731, -0.061802186665499415, 0.028459160436784925, -0.010559008107984325, -0.0006467199641788518, 0.016005430049486125, 0.03211090178755955, -0.044459458773674965, 0.04572348702296089, -0.033245918062403484, -0.0051452100249196331, -0.00060984682889017594, 0.059506790740216309, -0.0030229682286801382, -0.036366650107136245, -0.00046639561345601654, 0.063652619844721869, 0.030663144203997739, -0.037486827513524279, -0.022598949046165148, 0.11186988118428348]
('time: ', 9213.721304178238)
