“Running plot script on a single CPU core”
[ 0.004219  0.010015  0.032436  0.014107 -0.005459  0.015123]
[ 0.037559  0.049324  0.074189  0.002357  0.013678 -0.011129]
[ 0.015246  0.016397  0.008261 -0.014362 -0.02744  -0.00034 ]
[-0.001892  0.020203  0.084938 -0.020053  0.033494  0.011987]
[ 0.013477  0.037167  0.001482 -0.01371  -0.002209 -0.035158]
[ 0.076437  0.090102  0.109119  0.005515  0.010922  0.000226]
[ 0.069068  0.152173  0.125127  0.009376 -0.002359 -0.000813]
[ 0.070082  0.074312 -0.022604 -0.005838 -0.016204 -0.009198]
[ 0.066022  0.118989  0.149242 -0.003794  0.035429  0.016964]
[ 0.066976  0.043692  0.101096 -0.038456 -0.005606 -0.019604]
[ 0.02188   0.013981  0.039207 -0.03051  -0.025375 -0.035707]
[ 0.081834  0.037254  0.072109  0.006427 -0.00558  -0.042166]
[-0.021291  0.036542 -0.00338  -0.013834 -0.001107  0.010249]
[ 0.067655  0.069964  0.061885  0.003091  0.011236 -0.022172]
[-0.069909  0.01022  -0.062981  0.006807 -0.034215  0.002505]
[ 0.034875  0.049315  0.061706  0.000756 -0.025106  0.012819]
[ 0.025784 -0.008154  0.009523  0.019898 -0.015466  0.024804]
[-0.03847   0.023861  0.034974 -0.012126 -0.011307 -0.022203]
[-0.061563  0.033619  0.034623  0.018599  0.033929  0.000705]
[ 0.021419  0.032621  0.076753 -0.031766  0.008277  0.006345]
[-0.040019 -0.055611 -0.026765 -0.034189 -0.006344 -0.017622]
[ 0.083949  0.014193  0.053948  0.004858 -0.005432 -0.011864]
[ 0.008284  0.028043  0.069098  0.020953  0.01962   0.00684 ]
[ 0.006789  0.000958  0.018337  0.020835 -0.015387  0.017409]
[-0.030945 -0.018623  0.006031  0.019702 -0.011381 -0.021631]
[-0.021033  0.020735  0.038096 -0.004541  0.028886 -0.005253]
[ 0.017872  0.045649 -0.03253  -0.016194 -0.003943 -0.008962]
[ 0.007214 -0.037819  0.009232 -0.012537  0.003593 -0.013382]
[ 0.074319  0.001293  0.012057  0.009547 -0.010944 -0.046655]
[ 0.034835  0.08961   0.074637  0.010538  0.030864 -0.018679]
[ 0.021586  0.002436  0.074598 -0.016543  0.003443  0.008291]
[-0.052266  0.217545  0.139866  0.021733  0.022125  0.00771 ]
[ 0.031163  0.07154   0.08505  -0.033452  0.030172  0.005765]
[-0.015049 -0.03289  -0.01527   0.013784  0.026333 -0.029333]
[ 0.049584  0.022681 -0.006684  0.022946  0.010024 -0.07171 ]
[-0.025025 -0.034695 -0.024819  0.032152  0.005219 -0.000572]
[-0.02576  -0.02133   0.005975  0.003036 -0.010121 -0.026207]
[-0.018578 -0.054784 -0.028982  0.021187  0.013922 -0.000269]
[ 0.00421   0.038255  0.11349  -0.011614  0.039546  0.032833]
[ 0.006831  0.055935  0.018911 -0.0322    0.016309  0.019587]
[ 0.078814  0.060872  0.102868  0.001742 -0.001944 -0.001799]
[-0.029207  0.05481  -0.073511 -0.052655  0.029883 -0.01842 ]
[ 0.039774  0.090322  0.064608  0.003143 -0.035143  0.013758]
[ 0.136898  0.143766  0.134686 -0.019084  0.027988  0.010823]
[ 0.031023  0.103583  0.121126 -0.005632  0.000299 -0.003178]
[-0.031449  0.00653   0.062904  0.016599 -0.052009 -0.01816 ]
[-0.018677  0.00888   0.075079 -0.001658 -0.001862 -0.008082]
[ 0.048846  0.060499  0.074743 -0.014085 -0.012856 -0.003237]
[ 0.077332  0.082334  0.099211  0.027186  0.029245 -0.030831]
[ 0.017799  0.04411   0.039617 -0.004276  0.01347   0.032582]
[-0.016247 -0.001757  0.045042  0.02202   0.016675 -0.023139]
[ 0.08186   0.09742   0.107327 -0.006988  0.018377  0.016671]
[ 0.0314   -0.018726  0.032832  0.016122  0.001648 -0.015062]
[-0.011658  0.054214  0.064741  0.010188  0.004614  0.000557]
[-0.037892 -0.081274  0.007267 -0.01345  -0.027703 -0.049571]
[ 0.073569  0.106791  0.074645  0.011494 -0.004154 -0.009096]
[ 0.028462  0.016705  0.050729 -0.020564  0.013888  0.017863]
[ 0.061047  0.103935  0.140853  0.002757 -0.003787 -0.003249]
[ 0.009887 -0.019088  0.027025  0.030491  0.013538 -0.030385]
[-0.039561 -0.079695 -0.004372  0.021538  0.019571 -0.016158]
[ 0.120557  0.217373  0.161629 -0.044172  0.023613 -0.002833]
[-0.003195  0.073162  0.104758  0.04915  -0.028112 -0.01794 ]
[ 0.070508  0.16549   0.148498 -0.015808  0.000238 -0.012168]
[ 0.05387   0.0619    0.063562  0.012754 -0.00554   0.017036]
[ 0.013145  0.046546  0.048872 -0.003525  0.000589 -0.008576]
[ 0.04388   0.0976    0.015085 -0.018117  0.076234  0.001072]
[ 0.081864  0.074794  0.026108 -0.010162  0.031031 -0.052856]
[ 0.052043 -0.012885  0.003362  0.018808  0.005706  0.078542]
[ 0.035001  0.016948  0.036789  0.010899 -0.001208  0.004832]
[ 0.011567  0.038027  0.006422 -0.002741  0.016947 -0.010511]
[ 0.114294  0.124476  0.051473  0.004568  0.003623  0.021533]
[-0.047411  0.050758  0.04439  -0.007139 -0.007084  0.040601]
[-0.069354 -0.071249 -0.060136 -0.009202 -0.001005 -0.001819]
[ 0.154144  0.053673  0.057028  0.019766  0.033977  0.021645]
[ 0.00566  -0.039461 -0.029165  0.028758  0.017763  0.002923]
[ 0.034772  0.069185  0.077378  0.003496  0.007461 -0.005749]
[ 0.009273  0.031732  0.00909  -0.009582  0.005817  0.00049 ]
[ 0.041966 -0.005022  0.060007 -0.017173  0.027625  0.01482 ]
[ 0.034185 -0.000882  0.023513 -0.016775  0.017315  0.016248]
[ 0.037892  0.020174 -0.007262 -0.010526  0.043229  0.044682]
[ 0.048358  0.06706   0.067649 -0.00908  -0.004363  0.012274]
[-0.059568 -0.034943  0.046222  0.030278  0.016834 -0.006421]
[ 0.002577 -0.001514  0.058835  0.003465 -0.001291  0.015627]
[ 0.021887  0.010816  0.076251 -0.0147   -0.01711  -0.003171]
[ 0.080605  0.059649  0.062917  0.00598   0.034844  0.028075]
[-0.02877  -0.013641  0.044453 -0.063641  0.014579 -0.017489]
[ 0.012624  0.025286  0.044264 -0.001604 -0.0091   -0.011902]
[ 0.089798  0.082693  0.060395 -0.003121 -0.012561 -0.027255]
[-0.055207  0.065069 -0.050738 -0.010791 -0.019618  0.006837]
[ 0.080652  0.051356  0.041506  0.014299  0.017393  0.019545]
[ 0.120025  0.113914  0.156453 -0.008655  0.010701  0.010059]
[ 0.018138  0.05879   0.015713 -0.006042 -0.01097  -0.019382]
[ 0.028201  0.037054  0.042184  0.004065  0.003642  0.009777]
[-0.034079 -0.025474 -0.012213  0.021773 -0.001026  0.022908]
[ 0.043694  0.029229 -0.010637  0.011476  0.043757 -0.006122]
[ 0.04877  -0.036261  0.041048 -0.014517 -0.007077 -0.019531]
[ 0.014934 -0.004814  0.007795  0.005366  0.003387  0.028493]
[  1.188627e-04   5.440694e-02   4.819026e-05  -1.252053e-02   8.842928e-03
  -2.129892e-02]
[ 0.0308    0.013065  0.009023 -0.006436  0.014576 -0.018071]
[ 0.006195  0.036692  0.074482 -0.018328  0.007501 -0.001388]
('Mean', 1, ': ', 0.0061947028017467799)
('Median', 1, ': ', 0.0061947028017467799)
('Variance', 1, ': ', 0.0)
('Mean', 2, ': ', 0.036691788022293413)
('Median', 2, ': ', 0.036691788022293413)
('Variance', 2, ': ', 0.0)
('Mean', 3, ': ', 0.074482336385169864)
('Median', 3, ': ', 0.074482336385169864)
('Variance', 3, ': ', 0.0)
('time: ', 13230.888247966766)
