“Running plot script on a single CPU core”
[-0.749964 -0.764641 -0.626095 -0.767992 -0.632801 -0.6282    0.095515
  0.023907 -0.111267 -0.037527 -0.036685 -0.076638 -0.004206 -0.066217
  0.0521    0.033494 -0.089423  0.096261 -0.059196 -0.01724 ]
[-0.846378 -0.83663  -0.713755 -0.833171 -0.771926 -0.759856 -0.042902
 -0.020148 -0.103529  0.018003 -0.006493 -0.017007 -0.035704 -0.039071
  0.001012 -0.054329 -0.052081 -0.049658  0.012763 -0.010837]
[-1.116372 -0.992595 -0.802    -1.066929 -1.076287 -0.752213  0.106006
 -0.13867   0.040814  0.248705 -0.260072  0.053926 -0.278472 -0.272521
 -0.070489 -0.195282  0.211722 -0.072057 -0.040292 -0.03423 ]
[-0.861146 -0.872766 -0.806261 -0.889939 -0.828454 -0.859685 -0.044676
  0.007995  0.05378   0.03087  -0.008196  0.045992 -0.010913  0.027009
  0.018573 -0.01976   0.0221   -0.051471 -0.008814 -0.019913]
[-1.138091 -1.00019  -0.856844 -1.251286 -1.128614 -0.989479 -0.01057
 -0.020245  0.018793 -0.066658  0.095671  0.039063  0.008784  0.079253
 -0.082041  0.010778 -0.046226  0.069971  0.017131  0.019659]
[-0.624659 -0.706861 -0.495807 -0.981544 -0.861281 -0.71668  -0.094532
  0.075165  0.068206 -0.194138  0.064393 -0.029202  0.025243  0.093976
  0.124526 -0.07136  -0.163215 -0.119247 -0.044807 -0.03991 ]
[-1.327796 -1.109055 -1.102003 -1.012509 -1.041497 -0.894576 -0.027553
  0.034603 -0.259616  0.006501 -0.109083 -0.169829 -0.012652  0.027477
  0.005034  0.026958  0.002465 -0.006127 -0.022177  0.035901]
[-0.834917 -0.873969 -0.734609 -0.762847 -0.633195 -0.5835   -0.005723
  0.067415 -0.011297 -0.047852 -0.049556 -0.024525 -0.007215 -0.016455
  0.098681  0.016382  0.021563 -0.00685  -0.006775  0.007886]
[-0.884735 -0.78985  -0.792828 -0.57341  -0.721369 -0.521593 -0.02431
  0.060897  0.001103 -0.040762  0.092504 -0.086169 -0.042581  0.033044
  0.074816 -0.070253 -0.065927 -0.038559  0.030052  0.000992]
[ -1.074019e+00  -1.084667e+00  -1.077380e+00  -1.010942e+00  -9.728429e-01
  -1.052741e+00   9.544411e-02  -1.192812e-02  -6.534462e-02  -1.658456e-02
   2.790658e-04   5.232513e-03   1.417512e-01   2.423411e-02  -4.606630e-02
   1.893598e-01  -7.197225e-02   5.355345e-02  -3.142117e-02  -1.751202e-02]
[-0.916261 -0.967893 -0.913081 -0.720999 -0.807143 -0.855788  0.002839
 -0.077009 -0.092868  0.040966 -0.026275 -0.154711 -0.197355 -0.055081
 -0.102211 -0.149614  0.021876  0.055146  0.03951   0.036659]
[-1.062683 -0.931938 -0.764302 -0.838904 -0.698427 -0.601854 -0.080687
  0.022698  0.061929 -0.134234 -0.009844 -0.00346   0.058505 -0.03177
 -0.004382  0.024825 -0.193602 -0.060693  0.124558 -0.016479]
[-1.045294 -0.97251  -0.956822 -1.072124 -0.990839 -1.010191  0.044483
 -0.069187 -0.042842  0.124566  0.015258 -0.07354   0.133293  0.055284
 -0.117018  0.159334  0.137209  0.074138 -0.028894  0.007721]
[-0.746298 -0.831749 -0.859578 -0.834181 -0.967211 -1.04561   0.036588
 -0.006148 -0.10104   0.03941   0.041885 -0.04159   0.009932  0.014179
  0.048348  0.038803  0.031992  0.076216  0.117837  0.020715]
[ -8.514278e-01  -8.957832e-01  -7.808423e-01  -9.292172e-01  -9.109742e-01
  -1.156275e+00   1.633103e-02  -2.475469e-02  -3.782809e-02  -2.444422e-02
   2.196724e-04  -6.975428e-03   3.898108e-02   2.954389e-03  -4.560595e-02
   1.342332e-01   4.767007e-03  -5.301579e-02   2.110701e-02   4.232625e-03]
[ -1.060160e+00  -1.126081e+00  -9.541074e-01  -1.126547e+00  -9.076740e-01
  -9.950071e-01   1.355728e-01   7.702234e-05  -8.230332e-02   9.445227e-02
   5.882559e-02  -1.915348e-01  -1.708825e-01   1.194626e-02   1.635978e-02
  -9.755163e-02   4.196411e-02   2.558814e-01   3.002831e-02   1.065878e-01]
[-1.016647 -0.750583 -0.937772 -0.726611 -0.919422 -0.67056   0.069959
  0.015874  0.021541 -0.059158 -0.107124  0.114465 -0.094242 -0.067011
  0.037093 -0.102697 -0.015096  0.082309 -0.020023  0.007908]
[-1.024807 -1.017824 -0.641386 -0.87408  -0.618229 -0.538329  0.032473
  0.06962   0.044667  0.07101   0.070702  0.011722 -0.079659  0.02442
  0.066542 -0.063399  0.046064  0.02934   0.002673 -0.01261 ]
[-1.04302  -0.831418 -0.762789 -1.035802 -0.930479 -0.898704  0.006859
  0.217872  0.060562  0.008684  0.157362  0.159389 -0.07536   0.179005
  0.298301 -0.052583 -0.059249  0.084962  0.019265 -0.06364 ]
[-1.152101 -0.891873 -1.09886  -0.949424 -1.02394  -0.734363 -0.012847
  0.028815  0.013753 -0.052311 -0.014175 -0.018535  0.07656   0.056263
 -0.021828 -0.003666 -0.058511 -0.015933  0.09563   0.004773]
[-0.83053  -0.796812 -0.642999 -0.711092 -0.570366 -0.549734  0.00673
  0.0812   -0.007591 -0.029377  0.172859 -0.04204  -0.073908  0.09072
  0.07024  -0.11738  -0.024072  0.025243 -0.013703  0.015059]
[-0.875025 -0.829688 -0.901181 -0.794732 -0.842269 -0.862262  0.040043
  0.070201 -0.041891  0.029746  0.099195 -0.047103  0.063308  0.045696
  0.05245   0.07177   0.059948 -0.001283  0.006982 -0.002947]
[-0.812681 -0.724623 -1.028897 -0.654067 -0.971065 -0.73392  -0.095611
  0.131315  0.081091 -0.069578 -0.029995  0.062514 -0.157645 -0.033647
  0.077583 -0.213576 -0.112659 -0.151282 -0.060317  0.013343]
[-1.034747 -0.893472 -0.737768 -0.918699 -0.930321 -0.871636 -0.063042
 -0.095038  0.041902  0.036282  0.136055  0.080696  0.0302    0.039727
 -0.050764  0.125069  0.031984 -0.052648 -0.060369 -0.04887 ]
[-0.925726 -0.871359 -0.809257 -0.820843 -0.695832 -0.654022  0.106198
  0.029029  0.073847 -0.015717  0.119105  0.077855 -0.102377  0.100312
  0.001545 -0.134997  0.033502  0.100658  0.002874 -0.01513 ]
[-1.188925 -1.247235 -1.100435 -1.120231 -1.063185 -0.973783 -0.037618
 -0.087217 -0.039941 -0.029491 -0.070335  0.050699 -0.038624 -0.106291
 -0.076379 -0.082956  0.00521  -0.065588  0.093961 -0.011045]
[-0.967595 -1.029674 -0.732016 -0.945577 -0.642006 -0.838766 -0.004708
 -0.024548 -0.075824  0.034938 -0.260502 -0.049365 -0.085045 -0.187564
  0.020289 -0.087415 -0.048599 -0.013482  0.05564   0.051037]
[-1.139731 -1.30361  -1.333427 -0.882717 -0.717971 -1.081557 -0.03034
 -0.073951 -0.017065 -0.057623  0.013944  0.041902  0.089659  0.054119
 -0.021424  0.120562 -0.093365 -0.170839 -0.017851  0.022615]
[-0.837163 -0.592862 -0.899556 -0.415618 -0.843844 -0.39856  -0.151324
 -0.032214 -0.037298 -0.089715  0.036876 -0.062168  0.071049 -0.01381
 -0.020317  0.095459  0.010735 -0.204182 -0.077383 -0.020537]
[-0.91513  -0.759274 -0.7711   -0.641375 -0.721459 -0.507306 -0.117956
 -0.149643 -0.076041 -0.064239 -0.005849 -0.092638 -0.085712 -0.100436
 -0.124327 -0.080248 -0.070421 -0.182978 -0.104018 -0.045699]
[-1.038198 -0.928966 -1.018694 -0.852234 -1.164392 -0.997909  0.046445
 -0.025561 -0.124458  0.102914 -0.077974 -0.084896 -0.108885 -0.038135
 -0.105354 -0.103022  0.098251 -0.011179  0.044164  0.044011]
[-0.916195 -0.869019 -0.838584 -0.902668 -0.922009 -0.843163 -0.006767
 -0.07139  -0.033903 -0.052701 -0.016071 -0.083234  0.012584  0.004175
 -0.053323  0.096064 -0.055583  0.020025  0.027052  0.015709]
[-1.138401 -1.236458 -1.169827 -0.961345 -0.888724 -0.957475  0.004503
 -0.030266 -0.112956 -0.006096 -0.052498 -0.122224 -0.03907  -0.007448
 -0.036614 -0.012846 -0.019882  0.018789 -0.052188 -0.02089 ]
[ -7.578422e-01  -9.035569e-01  -8.560900e-01  -6.015571e-01  -7.389658e-01
  -9.569112e-01   1.344004e-01  -1.030183e-01   7.421007e-02   1.566041e-02
  -4.472543e-02   4.040970e-02  -8.072089e-02  -7.377710e-02  -1.648389e-01
  -2.943923e-02  -7.619333e-05   1.668886e-01   6.632249e-02   3.391519e-02]
[-0.711225 -0.650137 -0.409065 -0.682347 -0.581024 -0.43823  -0.018918
 -0.054212  0.004656 -0.021126 -0.152794  0.056038 -0.022552 -0.125692
 -0.026644 -0.064648 -0.026346 -0.037413  0.005409 -0.001629]
[ -7.600107e-01  -7.106236e-01  -5.513583e-01  -8.899367e-01  -6.990052e-01
  -7.640036e-01   6.008477e-02   8.750878e-02  -7.030937e-02  -6.947998e-02
  -6.246264e-02  -1.252629e-01  -8.329203e-02  -5.018414e-02   1.372156e-01
  -1.391354e-01  -8.954603e-02   7.898260e-02  -6.590342e-02  -6.002024e-04]
[ -6.752889e-01  -5.917272e-01  -7.265047e-01  -7.421662e-01  -8.751147e-01
  -7.400002e-01   6.271350e-02   9.153421e-02  -3.487369e-02   4.915282e-02
  -1.104761e-02  -1.127138e-02   4.933729e-02  -4.028871e-04   1.256792e-01
   1.523471e-01   4.913553e-02   7.558232e-02  -5.435307e-03  -1.082571e-02]
[-0.628221 -0.663653 -0.556082 -0.820566 -0.613664 -0.688579 -0.079919
  0.078789 -0.033171  0.039203 -0.03192  -0.030357  0.146014 -0.043729
  0.173217  0.114569 -0.006837 -0.118302 -0.004906  0.029576]
[-0.744225 -0.668178 -0.615126 -0.62087  -0.567626 -0.517073 -0.01888
  0.007512  0.036751 -0.136254  0.101358  0.052425 -0.143381  0.06452
  0.012655 -0.151185 -0.178286 -0.084094 -0.014483 -0.039953]
[-0.924882 -0.807105 -0.75897  -0.888028 -0.852328 -0.696209  0.013754
 -0.004748 -0.005035 -0.02406   0.045835  0.00558  -0.031847  0.048371
  0.020848 -0.03225  -0.013537  0.007382 -0.008572  0.001809]
[ -9.515144e-01  -6.055807e-01  -7.660334e-01  -6.796588e-01  -7.723798e-01
  -5.492072e-01  -3.067777e-02  -3.000924e-02   1.012699e-02  -7.353682e-03
  -6.355337e-02   8.842952e-02   3.713084e-02  -3.814696e-02  -3.408230e-02
  -5.150167e-03   5.708753e-04  -7.500004e-02   5.163030e-03  -5.854564e-03]
[-1.194322 -1.095869 -0.990316 -1.170379 -0.95829  -0.981615 -0.037773
  0.022058  0.018078 -0.047378 -0.042718 -0.059979 -0.005961 -0.054203
  0.008997 -0.076489 -0.047429 -0.068454  0.006973 -0.024521]
[-0.989597 -0.761809 -1.043004 -0.80018  -1.076969 -0.858958  0.001843
 -0.045001  0.021201 -0.037883  0.033874  0.044255 -0.006731  0.088133
 -0.06514  -0.006753 -0.054475  0.033704  0.024186  0.016563]
[-1.046512 -0.968841 -0.956041 -1.064129 -1.275029 -1.140998  0.088877
  0.025482 -0.014568 -0.091398 -0.017619 -0.019844  0.020333  0.016991
  0.042224 -0.006599 -0.025267  0.140631  0.04272  -0.051537]
[-1.007033 -1.01565  -0.947971 -1.086138 -0.909294 -1.00448   0.065956
  0.061009 -0.089634  0.097761 -0.038811 -0.121157  0.003285 -0.038802
  0.024074 -0.015665  0.080445  0.105886 -0.005292 -0.013562]
[-1.133971 -1.234628 -1.075969 -0.964868 -0.819404 -1.173108  0.016108
  0.090043 -0.113722 -0.140138  0.050399 -0.052243 -0.035152  0.074144
  0.082177 -0.122725 -0.171298  0.024636 -0.083389  0.002387]
[-1.060391 -1.033074 -0.501829 -1.190351 -0.791726 -1.038354 -0.059435
 -0.087835 -0.067981 -0.051815  0.169443 -0.203799  0.063351  0.059872
 -0.183825  0.105844 -0.081629 -0.173604 -0.081727 -0.003217]
[-0.922222 -0.532005 -0.655826 -0.588984 -0.706657 -0.409693  0.028909
  0.001694  0.010122 -0.161292 -0.100863 -0.071344 -0.059639 -0.067271
  0.002936 -0.031774 -0.143147  0.020522  0.026215 -0.034626]
[-0.826925 -0.73611  -0.544022 -0.89172  -0.806379 -0.69034   0.010824
  0.111442 -0.02247  -0.066293 -0.087558 -0.013699  0.119626 -0.105372
  0.061683  0.044118 -0.107713 -0.023869 -0.046227 -0.015894]
[-0.875396 -0.808851 -0.956056 -0.918124 -1.014129 -0.965081  0.02519
 -0.070342  0.05547  -0.003042 -0.127389  0.046948  0.052837 -0.083591
 -0.087242 -0.00233  -0.005285 -0.011661  0.031534 -0.052107]
[-0.870161 -0.988322 -1.007015 -0.809735 -0.954745 -1.030937 -0.093457
  0.038829  0.023601 -0.134368  0.033855  0.015886 -0.061102  0.049524
  0.016648 -0.110976 -0.106786 -0.081345  0.0309   -0.004351]
[-1.065843 -1.107083 -1.195424 -0.853862 -1.157076 -1.15812   0.026206
  0.074005  0.024866 -0.010557 -0.001298 -0.104163  0.075369  0.004275
  0.122911  0.105026 -0.019198 -0.00944   0.090961  0.041574]
[-0.846127 -0.952704 -0.630457 -1.156597 -0.805761 -0.924072 -0.072724
  0.070136  0.134315  0.170716  0.076234  0.081709  0.010143  0.120986
  0.080279  0.040245  0.162526 -0.070931 -0.006708 -0.015479]
[-0.822512 -0.950265 -0.637076 -1.108889 -0.746368 -0.93469  -0.015597
  0.088837 -0.023161  0.145318 -0.087886 -0.03551   0.027587 -0.060132
  0.085534  0.008933  0.178908 -0.072403  0.011736  0.01236 ]
[-0.776223 -0.960895 -0.86715  -0.996473 -0.885207 -1.210343 -0.073031
  0.006503 -0.00213  -0.117254  0.063628 -0.033671  0.016398 -0.05555
 -0.003156  0.038772 -0.18882  -0.067214 -0.057715  0.006882]
[-0.745642 -0.896749 -0.828439 -0.709445 -0.585756 -0.770774 -0.094816
  0.055511 -0.038863 -0.014596 -0.001509  0.045715 -0.066957  0.006657
 -0.003248 -0.018665 -0.039661 -0.104454 -0.056085 -0.020384]
[-1.056447 -1.117798 -0.802712 -1.047043 -0.915734 -0.948102 -0.038688
  0.033039 -0.03133  -0.106374  0.0401    0.001634 -0.028001  0.008514
  0.01313  -0.009314  0.015946 -0.070818  0.01261   0.042974]
[-0.811036 -0.571173 -0.629831 -0.922063 -1.006548 -0.811629  0.037473
 -0.235544 -0.09512  -0.121897 -0.108386 -0.073096 -0.006867 -0.034098
 -0.159813 -0.023271 -0.128196 -0.009196  0.006488 -0.05384 ]
[-1.24399  -1.11642  -1.231811 -1.005378 -1.075622 -1.268801 -0.039609
 -0.054596 -0.01368  -0.213684  0.12811  -0.013762 -0.05963   0.117591
  0.021637 -0.064387 -0.177553  0.06208  -0.018275 -0.03044 ]
[-0.686873 -0.802355 -0.521887 -0.796619 -0.560985 -0.61571   0.060932
  0.015467  0.010789  0.067043 -0.090335  0.038637  0.011615 -0.144758
  0.097216  0.02664   0.091266  0.056635 -0.04138  -0.029868]
[-0.77276  -0.902284 -1.022498 -0.971708 -1.006863 -1.130543 -0.026883
  0.019183 -0.141437  0.018939  0.05513  -0.136711 -0.016585  0.020126
  0.041871  0.010144  0.078523 -0.016734  0.003404  0.006326]
[ -1.198902e+00  -1.112186e+00  -1.060412e+00  -8.585867e-01  -9.293259e-01
  -9.160671e-01   9.696450e-02  -2.043948e-02  -1.785487e-01  -1.696282e-01
  -1.490178e-02  -9.435825e-03   2.728433e-02   1.465818e-02  -5.045736e-04
   1.661934e-02  -8.427794e-02   1.041032e-01   6.280760e-02   2.996337e-02]
[ -5.601769e-01  -7.869685e-01  -7.022067e-01  -8.392386e-01  -7.799854e-01
  -1.011468e+00   2.734390e-02  -4.272990e-02   1.525642e-01   9.431785e-02
  -1.881871e-04   1.572127e-01  -1.497781e-01   6.676159e-03   3.564345e-02
  -1.812110e-01   4.382589e-03   3.745746e-02   1.251985e-02  -6.729605e-03]
[-0.923115 -0.691132 -0.698492 -0.90197  -1.100245 -0.929774  0.234089
  0.158606 -0.002938 -0.061179 -0.291983  0.008106 -0.025432 -0.188183
  0.097693 -0.132469 -0.080479  0.16873  -0.038451 -0.04442 ]
[-1.100898 -0.964221 -0.937386 -1.015258 -0.993029 -0.87653  -0.00511
  0.004284 -0.026494 -0.018697 -0.014317  0.042293  0.077502  0.045135
  0.070893  0.03084  -0.086329  0.027908 -0.05691  -0.017358]
[-1.045875 -0.940658 -1.089465 -0.874941 -1.081608 -0.992654 -0.038296
  0.115717 -0.003586 -0.026988 -0.019647 -0.03186  -0.064762 -0.035254
  0.114712 -0.062985 -0.077708 -0.044394  0.00842  -0.012504]
[-0.527345 -0.681891 -0.655795 -0.508568 -0.424542 -0.631115 -0.026766
 -0.016361  0.103687 -0.025756  0.030408  0.131306  0.033462 -0.002833
 -0.01621   0.011813 -0.047901 -0.019405  0.002295  0.013002]
[-0.915097 -1.043373 -0.83076  -0.916489 -0.692777 -0.880352  0.063799
 -0.101763  0.071724 -0.06033   0.024448  0.096084  0.085206  0.057523
 -0.00706   0.103064 -0.06183   0.003725 -0.002558  0.006179]
[-0.838342 -0.884824 -1.089395 -0.75845  -0.773258 -0.882572  0.043257
 -0.074518  0.072125 -0.003658 -0.02455   0.044022 -0.043768  0.004364
 -0.118899 -0.011057  0.003479  0.0313   -0.065897 -0.002045]
[-0.918762 -0.738748 -0.987476 -0.517169 -0.780075 -0.685929 -0.115378
  0.010974 -0.004545  0.036685 -0.047763 -0.012249  0.052426 -0.027061
  0.054853  0.041689 -0.021802 -0.157702 -0.029358  0.046022]
[-0.806442 -0.955215 -0.825626 -1.112848 -0.926003 -1.30345  -0.023275
 -0.108234  0.069541  0.053703 -0.084316  0.1128   -0.004217 -0.03157
 -0.059476  0.009454 -0.029985 -0.080691 -0.018948  0.003113]
[-0.976826 -1.058395 -0.726565 -1.106214 -0.850484 -0.814117  0.07413
 -0.144255  0.078844 -0.029469  0.007419  0.022617 -0.108491  0.07331
 -0.063761 -0.1481   -0.034524  0.055741  0.021504  0.036266]
[-1.067057 -0.889816 -0.987854 -0.81743  -0.911438 -0.69987  -0.011327
  0.168298  0.074306 -0.075918 -0.118753  0.068566  0.208252 -0.16332
  0.218738  0.192797 -0.111193  0.05565   0.076866  0.005072]
[-0.874841 -0.85091  -0.779003 -0.712156 -0.61169  -0.481601 -0.004724
 -0.010786  0.011111 -0.053508 -0.010991  0.046033 -0.110225  0.026709
 -0.09853  -0.204174 -0.085461  0.023966  0.008201  0.018009]
[-0.945277 -0.881898 -0.715789 -0.997986 -0.817302 -0.907582  0.156882
  0.028337 -0.034928  0.062429  0.014001 -0.006677 -0.014949  0.058098
  0.007381 -0.008399 -0.017317  0.192708 -0.026318  0.025684]
[-1.061288 -1.160802 -0.932546 -1.042052 -0.877563 -0.819456 -0.117917
 -0.030584 -0.106002 -0.148584 -0.06802  -0.100424 -0.147775 -0.017533
 -0.013824 -0.137966 -0.224802 -0.139156 -0.089211 -0.024139]
[-1.18678  -1.142099 -1.243324 -0.956031 -1.049712 -1.014497  0.021321
 -0.076283 -0.077799 -0.052408  0.042473 -0.152561 -0.043959  0.032291
 -0.139159 -0.020511 -0.014823 -0.022003 -0.01939  -0.027782]
[-0.874956 -0.8919   -0.552793 -0.991519 -0.880261 -0.885263 -0.07052
  0.033258  0.017919 -0.084018 -0.038973  0.039045  0.022526 -0.052385
  0.024436 -0.004453 -0.058873 -0.123417 -0.008062 -0.00103 ]
[-1.053164 -0.994246 -0.942186 -0.932622 -0.844777 -0.950798  0.010824
 -0.00657   0.021433  0.02929  -0.019124  0.034412  0.143144  0.007472
 -0.013701  0.100485  0.037171 -0.004349  0.031886  0.031367]
[-0.99203  -1.041109 -0.690239 -1.048974 -0.936545 -0.767424  0.089588
  0.02216   0.010796 -0.01807  -0.059073  0.002039 -0.047709  0.043206
 -0.044198 -0.107783 -0.004412  0.074802  0.054689  0.039404]
[-0.852587 -0.832576 -0.897604 -0.849345 -0.952867 -0.884335 -0.019518
  0.047231  0.038203 -0.040825  0.031426  0.071372 -0.02623   0.035617
  0.000961 -0.046846 -0.026377 -0.045931  0.002761 -0.021667]
[-0.879603 -0.830201 -0.791982 -0.821839 -0.732614 -0.708584  0.023267
 -0.06599   0.193726  0.057681  0.044817  0.16835  -0.032311  0.044006
 -0.060245 -0.064668  0.001522  0.100443 -0.034246  0.006524]
[ -9.815900e-01  -9.324898e-01  -7.167439e-01  -7.254281e-01  -5.804849e-01
  -6.074554e-01   2.751722e-02  -6.950819e-02  -4.953121e-02  -8.475991e-02
   7.896871e-02  -8.136445e-02  -1.466535e-02   3.307959e-02  -7.496468e-02
  -3.897423e-04  -9.268423e-02   5.916428e-02   2.366416e-02   1.060208e-02]
[-0.934553 -0.897446 -0.927905 -1.051288 -1.246715 -1.323421 -0.021265
 -0.076005  0.113512 -0.052923  0.011011  0.118366 -0.016517 -0.002233
 -0.062953 -0.110641 -0.053851  0.027123 -0.014109  0.026538]
[-0.589495 -0.430119 -0.462597 -1.013323 -0.70994  -0.883011 -0.128566
 -0.114534 -0.111014 -0.069159 -0.189595 -0.127947 -0.048123 -0.176188
 -0.091972 -0.10289  -0.081589 -0.057334 -0.121465 -0.008635]
[-1.013279 -0.90141  -0.843289 -0.93228  -0.81512  -0.851487  0.00343
  0.026644 -0.080181  0.034065 -0.053812 -0.029766 -0.018866 -0.093436
 -0.02364   0.005626 -0.003021  0.061072  0.027085  0.042096]
[-1.119545 -1.103413 -1.259275 -1.047819 -0.950666 -1.148561 -0.148536
 -0.085031 -0.208331  0.158883  0.009565 -0.23473  -0.142716 -0.034807
 -0.121656 -0.093101  0.137366 -0.256383 -0.060943 -0.04246 ]
[-0.797422 -0.782826 -0.591522 -0.890161 -0.743831 -0.699204  0.031605
 -0.078218 -0.022305 -0.014643 -0.085086 -0.06412   0.029813 -0.056527
 -0.03859   0.018849 -0.041065  0.024158  0.002649  0.008277]
[-0.79632  -0.987721 -0.973565 -0.688344 -0.61452  -0.763906 -0.140078
  0.09881  -0.090334  0.02036   0.111434 -0.035404  0.102223  0.063372
  0.01609   0.042863  0.027566 -0.244863 -0.010092 -0.022898]
[-0.86337  -0.940995 -1.301237 -0.946651 -1.238043 -1.450171  0.010861
  0.14327   0.084721  0.030715 -0.147116  0.113866  0.07864  -0.125763
  0.116647  0.050459  0.01906   0.007157  0.027101  0.019694]
[-0.951629 -1.157345 -1.064158 -0.771018 -0.783383 -0.915722  0.068379
 -0.066204 -0.125898  0.023354 -0.040088 -0.050115 -0.027157  0.070368
 -0.116507 -0.050705 -0.001867 -0.021492 -0.011848  0.010445]
[-0.6704   -0.831043 -0.705219 -0.983677 -0.872086 -1.05372   0.180831
  0.012226  0.01773   0.105568  0.136206 -0.020656  0.131013  0.1752
 -0.071685  0.162836  0.11028   0.146977  0.043617  0.021281]
[-0.978265 -1.088689 -0.890133 -0.96428  -0.751594 -0.939182  0.024519
 -0.025127  0.013018 -0.020151  0.021181  0.008742  0.065689 -0.003832
 -0.035742  0.042094  0.005594  0.081528 -0.037067 -0.02386 ]
[-1.107484 -0.852925 -0.898656 -0.824192 -1.141204 -0.859275  0.064108
 -0.028989 -0.147453 -0.029272 -0.01435  -0.105482  0.070586 -0.039686
 -0.059208  0.062559 -0.082185  0.08848   0.032848 -0.006955]
[-0.708358 -0.629043 -0.760345 -0.478262 -0.529349 -0.51247   0.003609
  0.098945  0.023431 -0.050013  0.068256 -0.031992 -0.042962  0.02266
  0.06526  -0.030775 -0.040813  0.040326 -0.017619 -0.013567]
[-0.908443 -1.091092 -0.737498 -1.09413  -0.700188 -1.08151   0.049471
  0.081273 -0.010218  0.035666  0.027003  0.022399  0.093829  0.0236
 -0.005064  0.07851   0.062847  0.145361 -0.039887 -0.028033]
[-1.082191 -0.972376 -1.0127   -0.806755 -0.94781  -0.653138  0.022296
 -0.056838  0.095437 -0.073941  0.035399  0.140913 -0.097497  0.080837
 -0.07388  -0.086044 -0.08073  -0.021097  0.104231  0.028762]
[-0.841569 -0.632466 -1.067054 -0.678593 -0.950405 -0.684443 -0.067073
 -0.105731 -0.052964  0.017454 -0.052118 -0.065112  0.073845  0.037046
 -0.184258  0.011416  0.139725 -0.101231  0.009486 -0.00397 ]
[ -8.776151e-01  -8.511269e-01  -7.981664e-01  -8.852965e-01  -8.834573e-01
  -7.878428e-01   2.894525e-02  -1.348675e-02   8.220233e-02  -9.020576e-05
   1.742110e-02   2.389929e-02  -1.658729e-02  -4.381920e-02  -2.496469e-02
  -1.719338e-02  -5.511277e-03   1.070583e-01   9.707672e-03   3.048064e-02]
[-0.755004 -0.844341 -0.815748 -0.707578 -0.666124 -0.825054 -0.121598
 -0.018254 -0.064101 -0.094418 -0.05417  -0.037536 -0.033365 -0.065523
 -0.047711 -0.092245 -0.125585 -0.11726  -0.009826 -0.021854]
('Mean', 1, ': ', -0.75500393383580999)
('Median', 1, ': ', -0.75500393383580999)
('Variance', 1, ': ', 0.0)
('Mean', 2, ': ', -0.84434148311683876)
('Median', 2, ': ', -0.84434148311683876)
('Variance', 2, ': ', 0.0)
('Mean', 3, ': ', -0.81574798410577531)
('Median', 3, ': ', -0.81574798410577531)
('Variance', 3, ': ', 0.0)
('Mean', 4, ': ', -0.70757801916082175)
('Median', 4, ': ', -0.70757801916082175)
('Variance', 4, ': ', 0.0)
('Mean', 5, ': ', -0.66612432628066842)
('Median', 5, ': ', -0.66612432628066842)
('Variance', 5, ': ', 0.0)
('Mean', 6, ': ', -0.82505446992787979)
('Median', 6, ': ', -0.82505446992787979)
('Variance', 6, ': ', 0.0)
('time: ', 10086.17098903656)
