“Running plot script on a single CPU core”
[-0.895134 -0.753363 -0.948366 -0.943482 -1.024053 -0.945108  0.03861
  0.008435 -0.058588  0.040165  0.085013 -0.017344 -0.052079  0.077279
  0.081253 -0.034416 -0.00365   0.034641 -0.042852  0.038859]
[-1.298462 -1.23626  -1.143864 -1.010845 -0.920272 -0.891286  0.023586
 -0.011333 -0.029117  0.014575 -0.024644 -0.058079 -0.127365 -0.025363
 -0.025108 -0.073755  0.020125  0.044344  0.049749  0.028823]
[-0.937222 -0.850132 -1.165205 -1.033537 -1.337649 -1.011005  0.072427
 -0.041127 -0.033604  0.005283 -0.083108  0.017368 -0.049218 -0.097444
 -0.098389  0.00198   0.054243  0.042663  0.004276  0.040359]
[-1.089824 -0.818823 -0.76917  -0.931855 -0.956276 -0.876472  0.08799
 -0.070977 -0.018592 -0.03427   0.037832  0.039645 -0.114292 -0.006826
 -0.099193 -0.063053  0.001181  0.079046  0.008381  0.003456]
[-0.899052 -0.632223 -0.999102 -0.620668 -1.01254  -0.50563   0.084648
  0.020522 -0.056177 -0.006971 -0.086909 -0.118745  0.021943 -0.019412
 -0.012561  0.023578  0.023906  0.14658   0.023412  0.020528]
[-1.484718 -1.058735 -1.34439  -1.205826 -1.346494 -1.224446 -0.165277
  0.150362 -0.084895  0.093704 -0.113681 -0.152364 -0.01599  -0.078382
  0.189229  0.044315  0.144682 -0.128974 -0.007231  0.02716 ]
[-0.925452 -0.916153 -0.878571 -0.663855 -0.772664 -0.842538  0.022083
 -0.052236  0.10586  -0.05556   0.139459  0.017981  0.002843  0.055984
 -0.01193  -0.081017 -0.036213  0.04762  -0.010197 -0.01936 ]
[-0.995247 -0.921617 -0.807961 -1.032316 -0.824767 -0.837926 -0.078987
  0.104797 -0.093664  0.025955  0.064718 -0.154753  0.02007   0.033797
  0.043085  0.028558 -0.031549 -0.077888 -0.042403 -0.033325]
[-1.243447 -0.997211 -1.208269 -0.864737 -1.062056 -1.046975  0.012574
 -0.019802  0.010126  0.080706  0.032351 -0.031823 -0.01044  -0.210021
  0.203554 -0.013821  0.038537 -0.048941  0.06313   0.021022]
[ -8.450826e-01  -9.474833e-01  -7.827859e-01  -8.012157e-01  -8.187033e-01
  -8.524370e-01  -5.606932e-04   2.070710e-02  -7.179867e-02  -1.147179e-01
   9.397905e-02  -3.323732e-02   3.341177e-03   5.114415e-02  -3.130004e-03
   2.333477e-02  -8.615862e-02  -1.467251e-02   4.245642e-03   1.439152e-02]
[ -9.846576e-01  -8.291003e-01  -9.623276e-01  -7.962357e-01  -9.869898e-01
  -7.329169e-01   1.536869e-02   1.002734e-01   1.446988e-02  -7.286849e-02
   3.793783e-02   1.386858e-02  -1.498379e-01   9.357719e-02   6.223822e-02
  -1.905479e-01  -4.179199e-02  -5.471581e-02   9.420906e-02   3.748676e-04]
[-0.885317 -0.769562 -0.89197  -0.855909 -0.902622 -0.83239  -0.038109
 -0.064529 -0.030291 -0.045059  0.093599 -0.006708 -0.052351  0.09512
 -0.08693  -0.067279 -0.033328 -0.017113 -0.028078  0.012466]
[-0.935581 -0.93512  -0.687245 -0.86022  -0.765449 -0.834861 -0.035112
  0.036571  0.121059 -0.020073  0.087055  0.078886  0.074397  0.15267
 -0.03062   0.044572  0.044632 -0.042147  0.034691 -0.012351]
[-1.14937  -1.13526  -0.795435 -0.955327 -0.71924  -0.572623  0.065316
  0.143895 -0.151979 -0.115382 -0.078934 -0.083934  0.089736 -0.124886
  0.104582  0.123765 -0.261165  0.106824 -0.024902 -0.0062  ]
[-0.714863 -0.566943 -0.704351 -0.572739 -0.847756 -0.637308 -0.065656
  0.012419 -0.000956 -0.053022  0.055879  0.067876 -0.012406  0.078783
  0.034727 -0.013983 -0.017914 -0.027617  0.06275   0.023505]
[-0.914921 -0.906106 -0.667559 -0.898659 -0.666241 -0.783653 -0.093721
 -0.038965 -0.044865  0.089422  0.029242 -0.006874  0.057646  0.080666
 -0.123727  0.050468  0.098656 -0.095742  0.012212 -0.016911]
[-1.083156 -1.417931 -1.147383 -1.015925 -0.927232 -1.218559  0.100827
  0.148491 -0.039694 -0.021351  0.01301  -0.010625  0.076177  0.073322
 -0.014747  0.011606 -0.002272  0.006679 -0.020264 -0.016268]
[ -5.423991e-01  -8.488565e-01  -6.912517e-01  -6.943920e-01  -5.429681e-01
  -8.448878e-01  -5.804167e-04  -4.899870e-03   1.784423e-01   5.742825e-02
  -1.163756e-01   1.339340e-01   5.223750e-02  -1.268630e-01   4.384781e-02
   6.928577e-02   5.085327e-02  -1.614649e-02   2.173515e-04  -3.500015e-02]
[-0.755697 -0.822227 -0.991759 -0.741315 -0.999978 -1.029455 -0.170722
 -0.118891 -0.099164  0.058099  0.128809 -0.104322  0.150652  0.123435
 -0.15225   0.152706  0.09297  -0.143937  0.005667 -0.026812]
[ -1.208150e+00  -1.032742e+00  -1.098767e+00  -9.287629e-01  -8.973080e-01
  -8.703447e-01   1.961304e-02  -6.803503e-02  -1.054238e-01  -5.206120e-03
  -1.527299e-01  -1.653662e-02   3.156907e-02  -7.869484e-02   6.420546e-02
  -3.302466e-02   1.373954e-02  -3.667435e-02  -3.049116e-03   7.702991e-04]
[ -9.457404e-01  -8.950771e-01  -8.540081e-01  -9.519508e-01  -9.444543e-01
  -8.332214e-01   5.952312e-02  -7.110938e-02   6.091476e-02  -1.386409e-01
  -1.004472e-01   4.286016e-02  -9.914900e-02  -1.399835e-01  -6.064716e-02
  -5.502699e-02  -1.440292e-01   3.048400e-02   1.203272e-02   2.327617e-04]
[-0.957843 -1.183027 -0.915531 -0.98592  -0.734874 -0.860126  0.025812
 -0.011038 -0.053789  0.08259  -0.036327 -0.011543 -0.004981 -0.078653
  0.038356  0.026894  0.055309  0.072192 -0.051393 -0.046295]
[-1.023719 -0.947059 -1.062    -0.778315 -0.822494 -0.753379  0.089704
  0.010001  0.036222  0.095098  0.011072  0.050316 -0.097171  0.079351
 -0.001953 -0.12288   0.039177  0.09388   0.059239  0.027388]
[-0.944996 -0.798141 -0.817229 -0.714733 -0.778884 -0.654329 -0.065994
 -0.055376 -0.000994  0.020657 -0.006146  0.037761 -0.071972 -0.059358
 -0.022341 -0.122149  0.032005 -0.090471 -0.061394  0.033525]
[ -7.931973e-01  -8.794859e-01  -9.483142e-01  -8.735774e-01  -8.925938e-01
  -9.855100e-01   1.403079e-02  -5.237333e-03  -1.433393e-03   5.227279e-02
   8.606741e-03   2.263593e-02  -6.902489e-02   7.400644e-03   3.284860e-03
  -5.278090e-02   7.634444e-02  -5.423598e-02   8.932852e-04   2.791381e-02]
[-1.030222 -0.683927 -0.482567 -0.684763 -0.481161 -0.250549 -0.010994
 -0.020633  0.006225  0.247688 -0.096817  0.029516  0.150612 -0.114633
  0.021117  0.101258  0.150544 -0.047262 -0.033039  0.005755]
[-0.931889 -0.705357 -0.985585 -0.763379 -1.162903 -0.849277  0.132854
  0.119458 -0.041311 -0.107925  0.071302 -0.028356  0.102333  0.022787
  0.1095    0.253228 -0.166281  0.224713  0.002876  0.021098]
[-0.986159 -0.895877 -0.65745  -1.100256 -1.154367 -1.086706  0.03026
  0.010989 -0.087518  0.065831 -0.028513 -0.110491 -0.172103 -0.031059
 -0.018593 -0.152572  0.008562 -0.036297  0.071829 -0.01634 ]
[-0.71314  -0.596947 -0.601811 -0.947806 -0.922834 -1.01376   0.06286
 -0.03559   0.140156 -0.10824   0.183223  0.177503  0.139265  0.177732
 -0.116275  0.062011 -0.15397  -0.003536 -0.092091 -0.059646]
[-1.041214 -1.14755  -0.901439 -0.918728 -0.809268 -0.787849  0.131408
  0.042612  0.084791 -0.002829 -0.073224  0.162446 -0.148292 -0.022996
 -0.005678 -0.11647   0.006895  0.223278 -0.006747 -0.033915]
[-0.78111  -0.677812 -0.75042  -0.543157 -0.528486 -0.475695  0.037524
  0.045981  0.007931 -0.167124  0.036634 -0.017957  0.038085  0.061093
 -0.011299  0.079758 -0.132392  0.045996  0.045927  0.007487]
[-0.880891 -0.938538 -0.638903 -0.991242 -0.670549 -0.672023  0.013601
  0.084845 -0.096652  0.179292 -0.052169 -0.042336  0.075444  0.006081
  0.069834  0.019058  0.268627  0.047422 -0.002501 -0.011123]
[-0.803358 -1.002221 -0.685312 -0.93357  -0.600038 -0.924055 -0.003544
 -0.038727 -0.108577 -0.281603 -0.101703 -0.086874  0.007516 -0.086645
 -0.069679 -0.03352  -0.290416 -0.053518  0.053058  0.030856]
[-0.846981 -1.043761 -0.992332 -0.923668 -0.719394 -1.276451 -0.05384
  0.028479  0.01465   0.130771 -0.03585   0.060436 -0.008451 -0.083047
  0.065842 -0.107901  0.050118 -0.127955  0.010056  0.022742]
[-0.843626 -0.792096 -0.663533 -0.825449 -0.756492 -0.504511  0.139593
  0.046493  0.019938  0.062688 -0.006681 -0.025286  0.001482 -0.104072
  0.01717   0.032009  0.013872  0.111588  0.031795 -0.01096 ]
[-0.973648 -0.942777 -0.933013 -1.193246 -1.107652 -1.105446 -0.07199
  0.117516  0.201713 -0.151744 -0.099303  0.252267  0.09206  -0.243613
  0.151326  0.070265 -0.241635 -0.138961 -0.013587 -0.082132]
[-0.976356 -0.805606 -0.89734  -0.875734 -1.117584 -0.933951  0.088957
 -0.16392   0.0998    0.049255  0.074158  0.012204  0.034407  0.115725
 -0.238205  0.06441   0.023006  0.168276  0.030753  0.020817]
[-1.185818 -1.075411 -0.515228 -1.125736 -0.63009  -0.576529  0.058905
 -0.016099  0.019745  0.17302   0.018558  0.041815 -0.160129  0.060386
  0.020338 -0.171057  0.148151  0.13749   0.083334 -0.032855]
[-0.928922 -1.128809 -1.071688 -0.928915 -0.967659 -1.154172  0.064083
 -0.061468  0.09314   0.086462 -0.004076  0.122493  0.079477 -0.052982
 -0.098735  0.129708  0.007698  0.155709  0.03676  -0.005392]
[-0.797188 -0.397275 -0.57656  -0.429029 -0.648485 -0.315297 -0.12754
  0.10483   0.02935   0.036369 -0.114491  0.022199  0.134832 -0.075176
  0.092361  0.137648  0.054362 -0.109753  0.024396  0.009283]
[-0.690453 -0.731684 -0.736244 -0.671346 -0.775081 -0.853754 -0.063543
 -0.050259  0.247357  0.160507 -0.096229  0.233085  0.092535 -0.117937
 -0.041457  0.071838  0.167284 -0.069346 -0.010194  0.009635]
[ -7.261601e-01  -7.449527e-01  -6.029309e-01  -8.324314e-01  -6.472260e-01
  -5.704537e-01   1.653484e-02  -5.309372e-02   3.483936e-03   6.023206e-02
   6.928314e-02  -5.145918e-02  -7.550695e-02   7.611507e-03  -5.386617e-02
  -1.266994e-01   8.531967e-02   3.268320e-02   3.112134e-02   2.824539e-04]
[-0.928657 -0.813177 -0.757698 -1.059574 -0.921579 -0.902996  0.023214
  0.025143 -0.052171  0.078733  0.01837  -0.040218 -0.109969  0.073459
  0.033249 -0.154961  0.130851  0.096352  0.030933  0.015814]
[-0.866358 -1.055417 -0.56074  -0.864473 -0.508789 -0.626415  0.009903
  0.016139 -0.052442 -0.1418   -0.010424 -0.03131  -0.056176 -0.007954
 -0.027128 -0.056871 -0.037061 -0.011929  0.064271  0.010506]
[-0.836163 -0.810907 -0.843036 -0.652346 -0.707633 -0.709155  0.028598
 -0.084397 -0.077818  0.062942  0.183961 -0.025137 -0.030563  0.105292
 -0.082384 -0.013763  0.124469  0.016311  0.06491   0.015944]
[-0.811652 -0.694513 -0.885525 -0.890328 -1.024842 -0.884883 -0.035934
  0.041935 -0.119395  0.021745  0.002338 -0.126842 -0.093602 -0.015481
  0.030881 -0.098314  0.039537  0.057744  0.013088  0.005647]
[-0.869354 -1.311101 -1.068347 -0.977006 -0.846966 -1.538335 -0.061062
  0.1457   -0.0237    0.094466 -0.020287 -0.028747 -0.039886 -0.023032
  0.151092  0.037456 -0.028236 -0.099002  0.020624 -0.004776]
[-0.783096 -0.559048 -0.629372 -0.645997 -0.808862 -0.602517 -0.117921
 -0.066239 -0.023491 -0.030539  0.080749 -0.048784  0.102629  0.096894
 -0.119124  0.102701 -0.01528  -0.085905 -0.02942  -0.018364]
[-0.817567 -0.992241 -0.797939 -0.905504 -0.762321 -0.933294  0.10373
 -0.114194  0.018841 -0.089437  0.049387  0.041426  0.021671  0.032451
 -0.023211  0.052402 -0.099042  0.181061 -0.059214 -0.003176]
[ -1.014206e+00  -9.890343e-01  -8.743485e-01  -8.716027e-01  -7.084970e-01
  -7.716437e-01  -6.581792e-02  -5.625350e-02   6.595153e-03   8.063384e-04
  -7.579369e-02  -7.344873e-02   6.702352e-03  -4.551723e-02  -8.985672e-03
  -1.694236e-02   2.665443e-02  -5.131256e-02  -3.818428e-02   1.088901e-02]
[-0.906837 -1.052259 -0.702387 -1.040649 -0.724253 -0.753272 -0.024519
  0.092935  0.117234  0.103872  0.002369  0.034777 -0.056692  0.019598
  0.029413 -0.083193  0.111368  0.035123  0.056762  0.031523]
[ -1.254686e+00  -1.200337e+00  -1.055574e+00  -1.212162e+00  -1.063267e+00
  -1.458216e+00  -1.389930e-02   8.415715e-02  -1.266339e-01  -3.109360e-03
  -2.912450e-02  -4.289353e-02  -1.302849e-03   7.767629e-03   2.067678e-01
  -4.927855e-03  -2.115756e-02  -3.841674e-02  -2.726198e-02   3.553762e-02]
[-0.633535 -0.619063 -0.767963 -0.886227 -1.094524 -1.107851  0.064019
 -0.038626  0.05087   0.009054  0.072445 -0.01408   0.057524  0.205684
 -0.221812  0.059512  0.060659 -0.030532  0.016668 -0.003488]
[-1.097355 -0.876764 -0.892023 -0.943834 -0.889681 -0.873868  0.085515
  0.104876  0.029431 -0.006331 -0.018989  0.034303  0.114107 -0.001798
  0.084755  0.113554  0.005026  0.248166 -0.00278  -0.058879]
[-1.204107 -0.845228 -0.934422 -1.064919 -1.074854 -0.970065 -0.051029
 -0.008467  0.047131  0.0051    0.065883  0.079389  0.061127  0.119355
 -0.005156  0.086755  0.047714 -0.041619  0.010028 -0.026416]
[-0.938483 -0.856074 -0.779013 -0.704809 -0.757708 -0.592484 -0.145008
 -0.155764 -0.091842 -0.014242 -0.0383   -0.101311  0.070959 -0.069277
 -0.211448  0.094071  0.053359 -0.040725  0.041167 -0.016877]
[-0.836155 -0.720796 -0.894131 -0.831066 -1.076409 -1.064547  0.074354
  0.138272  0.030944  0.076822  0.118567 -0.045699  0.100137  0.075694
  0.237429  0.117755 -0.056763  0.086637 -0.078065  0.028345]
[-0.794867 -0.5259   -0.8258   -0.527655 -0.780576 -0.519492 -0.203165
 -0.049192 -0.055345 -0.065538  0.105353 -0.049398 -0.160725  0.066551
 -0.118485 -0.223107 -0.107638 -0.283883 -0.028052 -0.016074]
[-0.897144 -0.92553  -1.029165 -0.758079 -0.863726 -0.878504 -0.003854
 -0.055272  0.103487 -0.012127  0.032016  0.117687 -0.10593   0.07286
 -0.002294 -0.046818  0.048233 -0.04972  -0.001163 -0.007243]
[ -9.932659e-01  -9.368501e-01  -8.846220e-01  -8.520090e-01  -8.247257e-01
  -8.926493e-01   7.972410e-04  -1.715385e-02   3.656238e-02   7.204174e-02
  -6.294506e-02   8.747275e-03   3.774399e-02  -5.017288e-02  -2.905879e-02
   1.561306e-02   6.436003e-02   2.922912e-02  -1.748794e-02   4.427769e-03]
[-0.651346 -0.664068 -0.469523 -0.790923 -0.718037 -0.697907  0.101894
  0.114934 -0.136332 -0.05141  -0.114739 -0.147651  0.040364 -0.142176
  0.160107  0.023264 -0.064136  0.074693 -0.05497   0.009172]
[-1.051336 -1.071484 -0.849968 -0.963834 -0.86523  -1.121529 -0.123055
 -0.058187 -0.004965 -0.00771  -0.109598 -0.021257 -0.077962 -0.093778
 -0.027631 -0.072469 -0.069471 -0.152762  0.021456  0.03697 ]
[-0.945199 -1.095574 -1.036032 -0.974589 -1.087914 -1.263052 -0.116367
  0.014313  0.049591  0.039797  0.119589  0.129128 -0.0396    0.11826
  0.037407  0.048298  0.048433 -0.15361   0.028021 -0.026995]
[-1.271048 -1.033981 -0.773721 -1.174452 -1.169247 -0.819518 -0.020656
  0.01748   0.162806  0.040182  0.117748  0.184557 -0.052541  0.079749
  0.041231 -0.041602  0.017537 -0.015847  0.07925   0.006482]
[-0.93705  -1.011762 -0.835459 -1.150952 -1.014831 -1.149795 -0.046772
  0.058396 -0.024803 -0.021116 -0.001231 -0.078877  0.110823 -0.039695
  0.006326  0.103033  0.04804   0.074869  0.029294  0.031337]
[-1.170381 -1.086247 -0.976378 -0.973814 -0.924034 -0.843592 -0.092413
 -0.01413  -0.140181  0.013034  0.025915 -0.111427  0.061801  0.040686
 -0.085229  0.08509   0.05978  -0.147785 -0.013295 -0.027265]
[ -1.027825e+00  -1.147375e+00  -1.071115e+00  -1.058360e+00  -1.032845e+00
  -1.124554e+00   3.964505e-03   1.884309e-01  -8.820567e-02   5.666114e-02
  -1.822363e-01  -9.663650e-02  -3.087687e-02  -1.473591e-01   1.122477e-01
  -2.091168e-02   3.258178e-02  -2.303550e-02   7.424009e-04  -4.642559e-03]
[-0.999971 -0.944009 -0.887763 -0.948842 -0.754892 -0.85283  -0.034169
  0.061252  0.080468 -0.041821 -0.036709  0.067817  0.067851 -0.036079
 -0.026262 -0.012077 -0.077328  0.001848  0.029888 -0.004737]
[-0.481151 -0.590825 -0.369489 -0.96423  -0.763901 -0.817552  0.001581
 -0.053069  0.157323  0.01679   0.045267  0.111698 -0.062621 -0.02022
 -0.010175 -0.006202 -0.011657 -0.009901  0.040319  0.040595]
[-1.055969 -0.892446 -0.775744 -1.12483  -1.059275 -0.857175 -0.084029
  0.102978  0.067324 -0.085423  0.008417  0.092664 -0.052335  0.118511
  0.128048 -0.079893  0.017093 -0.125869 -0.075989 -0.006249]
[-0.826225 -0.424245 -0.694819 -0.387192 -0.620499 -0.212955  0.030775
  0.024308  0.024155 -0.123707  0.044465  0.016449 -0.121088  0.019101
 -0.015434 -0.149556 -0.079401  0.019443 -0.058563 -0.008956]
[-1.030754 -1.279784 -0.957808 -1.032804 -0.858907 -1.0213   -0.106614
 -0.073916 -0.060757 -0.010592  0.066953 -0.098143 -0.0994    0.105418
 -0.032504 -0.027888  0.028214 -0.095701  0.059778 -0.003623]
[-0.74934  -0.751083 -0.857295 -0.5472   -0.780774 -0.816493 -0.042899
 -0.0547   -0.022035 -0.032979 -0.040696  0.043974 -0.067101 -0.006853
 -0.048229 -0.070233 -0.036242 -0.07911  -0.01915  -0.029795]
[ -8.217635e-01  -7.933707e-01  -4.991682e-01  -7.299432e-01  -4.827324e-01
  -4.864390e-01  -7.312532e-02   5.385710e-02   1.059907e-01   2.635805e-02
  -6.632295e-02   7.624445e-02   9.525572e-02  -1.339315e-01   1.296855e-01
   3.164669e-02  -7.689926e-02   6.337187e-02  -1.011608e-02  -3.859699e-04]
[-1.038004 -0.947118 -0.836983 -0.780063 -0.657899 -0.479286 -0.08892
  0.100284 -0.090057 -0.10485  -0.064809 -0.151967  0.050979 -0.0409
  0.110892 -0.064591 -0.106357 -0.082119  0.039929  0.012397]
[-1.138824 -0.719929 -0.850899 -0.841391 -1.141093 -0.873596 -0.13949
  0.215863  0.042424 -0.138181  0.019099 -0.032945 -0.007522  0.023129
  0.253237  0.08837  -0.091589 -0.190644 -0.004608  0.018295]
[-1.0209   -0.597161 -0.872508 -0.480043 -0.616705 -0.237561 -0.157711
 -0.024834 -0.019235  0.080891  0.0239   -0.024345 -0.161066  0.084907
  0.011689 -0.160856  0.054864 -0.171461 -0.072739  0.061205]
[-1.360958 -0.995625 -1.073856 -1.186456 -1.078368 -1.015074  0.044044
  0.132828  0.129332  0.005694 -0.053893  0.175638 -0.006099  0.06571
  0.191358 -0.014056  0.098185  0.11104   0.051106  0.0468  ]
[-1.006881 -0.720475 -1.083102 -0.644924 -0.947504 -0.706733 -0.009761
 -0.007728 -0.031112  0.0168    0.098405  0.012386  0.093722  0.0689
  0.03536   0.098857  0.053736  0.101247 -0.062904 -0.031818]
[ -1.035804e+00  -1.012259e+00  -9.795524e-01  -9.766787e-01  -9.483967e-01
  -9.876695e-01  -5.521766e-02   1.127326e-01  -5.002429e-02   7.564897e-02
   1.509996e-02  -2.303012e-04  -1.133309e-01   4.050271e-02   6.821154e-02
  -2.978448e-02   5.386881e-02  -4.485399e-02   1.885632e-03   5.806678e-03]
[-0.824315 -0.995728 -0.601229 -0.960492 -0.669342 -0.783469 -0.041719
  0.013712  0.006219 -0.034261  0.127029  0.030086  0.010175  0.117322
  0.003314  0.021378 -0.05286  -0.023957 -0.018858  0.011561]
[-1.1103   -1.054378 -0.976392 -0.835594 -0.80938  -0.85765   0.022344
 -0.047868  0.043704  0.047772  0.020591  0.072217  0.012433  0.042915
 -0.04496   0.047427  0.095824 -0.005357 -0.015331 -0.018318]
[ -9.729458e-01  -1.136257e+00  -7.268122e-01  -9.574532e-01  -6.231845e-01
  -9.023882e-01   1.227013e-01  -9.814772e-02   8.770458e-03  -4.980353e-02
   1.016883e-02   7.543021e-03   4.434124e-02  -2.990763e-03  -2.293281e-02
   1.163764e-02  -7.768329e-02   1.836526e-01   5.922582e-04   2.538574e-02]
[-0.851655 -0.65046  -0.766987 -0.696697 -0.838921 -0.751278  0.054847
 -0.069659 -0.03587  -0.003387  0.008416 -0.036141  0.05255   0.006403
 -0.059773  0.035734 -0.005435  0.035124  0.010584 -0.001542]
[ -6.852020e-01  -1.103168e+00  -9.075475e-01  -7.578451e-01  -5.790672e-01
  -9.476549e-01   8.751770e-02   2.583144e-02   1.388563e-01   1.878180e-01
  -6.319849e-02   8.773744e-02   2.399760e-01  -2.972109e-02   6.168916e-02
   5.759159e-02   2.146154e-01   1.087811e-01  -2.452427e-02  -8.588590e-04]
[ -1.303167e+00  -1.040011e+00  -1.092528e+00  -1.292657e+00  -1.166574e+00
  -9.192127e-01   8.964366e-03  -3.809466e-02   1.077291e-01  -7.738126e-02
  -8.053615e-02   1.180854e-03  -8.841340e-02  -5.874381e-02  -1.605045e-01
  -1.321548e-01  -1.244772e-02   2.875302e-02  -7.663157e-02  -1.501487e-02]
[-1.392697 -1.262728 -1.337288 -1.361095 -1.444949 -1.369752  0.090189
 -0.102341 -0.029051 -0.034039  0.12014   0.026236 -0.071809  0.036607
 -0.013192 -0.009264 -0.099128  0.145789  0.033071  0.070409]
[-0.7475   -0.893848 -1.166556 -0.855154 -0.916639 -1.160418  0.007718
  0.109046  0.027075  0.145309  0.092061  0.031479  0.065921  0.091685
 -0.063981  0.039039  0.177556  0.060426  0.040998 -0.042413]
[-1.219748 -0.891557 -0.930772 -1.045801 -1.171865 -0.870874  0.005393
  0.025929  0.024862  0.1016    0.077399  0.066102 -0.031829  0.126079
 -0.061836 -0.011967  0.120946  0.023601  0.001667 -0.059509]
[-0.860469 -0.841051 -0.816444 -0.929746 -1.000312 -1.030413  0.023225
  0.086713 -0.172734  0.102694 -0.006075 -0.183299  0.021014 -0.037064
  0.027912 -0.0448    0.213315 -0.017899 -0.032704 -0.013598]
[-0.809908 -0.820303 -0.839904 -0.79715  -0.851093 -0.840702  0.013913
 -0.039951  0.022507  0.075693 -0.033377  0.016323  0.007381 -0.051169
 -0.116392  0.019538  0.075833  0.007417  0.003303 -0.011568]
[-1.010081 -0.701477 -0.968652 -0.567011 -0.794658 -0.619177 -0.072319
  0.104343 -0.007261  0.034028  0.005714 -0.039459 -0.042922  0.005417
  0.038431 -0.026122 -0.0396   -0.032159 -0.061948 -0.008128]
[ -8.903874e-01  -8.859578e-01  -7.529105e-01  -9.204642e-01  -8.374548e-01
  -8.401630e-01   1.714360e-02  -4.475533e-02  -6.293572e-02  -1.654134e-02
  -5.199706e-02  -7.929026e-02   2.185510e-02  -5.898378e-02   4.266963e-02
   2.172364e-02   1.641971e-04   3.142063e-02  -8.813732e-02   8.326762e-03]
[ -9.230126e-01  -9.413629e-01  -9.851905e-01  -8.084905e-01  -1.088095e+00
  -1.126982e+00   1.311353e-02  -7.415882e-02  -1.427962e-01  -8.655092e-02
   3.053719e-02  -1.636083e-01   4.776256e-02   3.219710e-02  -1.009539e-01
   1.919719e-02  -1.296672e-02  -8.058060e-02  -5.592173e-04  -2.378843e-02]
[-1.034506 -0.92803  -0.844618 -1.082745 -0.801684 -0.736689  0.109273
 -0.068522  0.002782  0.01436   0.061762 -0.060009  0.1922   -0.022047
 -0.055613  0.274051  0.04099   0.041097  0.022128  0.006184]
[-0.614204 -0.771124 -0.70973  -0.453127 -0.368808 -0.577177  0.0698
 -0.069639 -0.049807  0.130954  0.032267 -0.048958 -0.0441    0.029633
 -0.065716 -0.063063  0.116683  0.04481  -0.008535 -0.027615]
[-1.079488 -0.879281 -1.007301 -0.720719 -0.87329  -0.724356  0.064714
 -0.104829  0.037738 -0.090795  0.039654  0.0254   -0.047302  0.074616
 -0.160819 -0.004327  0.032468  0.059786  0.048285  0.052852]
[-1.143797 -1.140668 -1.166619 -1.001868 -1.16407  -1.125764  0.037078
  0.083177 -0.1729   -0.039412 -0.192204 -0.215579 -0.003906 -0.058119
  0.199581  0.018724 -0.066405  0.024081 -0.030268 -0.031453]
[ -8.486842e-01  -8.443527e-01  -7.930045e-01  -7.879265e-01  -1.058965e+00
  -8.361241e-01  -2.723078e-04  -7.898229e-02   6.011523e-02  -7.704415e-02
  -1.436769e-02   2.748312e-02  -3.707315e-02   8.569957e-02  -1.066958e-01
  -3.614200e-02  -1.359803e-02   1.025739e-01   1.844249e-02  -2.046631e-02]
[-0.695604 -0.687557 -0.708012 -0.571979 -0.508263 -0.519749 -0.009174
 -0.010464  0.065512 -0.108041 -0.009923  0.036811 -0.031177  0.021991
  0.017546 -0.044055 -0.067766  0.012187  0.007067 -0.011073]
('Mean', 1, ': ', -0.69560405372611056)
('Median', 1, ': ', -0.69560405372611056)
('Variance', 1, ': ', 0.0)
('Mean', 2, ': ', -0.68755716985150706)
('Median', 2, ': ', -0.68755716985150706)
('Variance', 2, ': ', 0.0)
('Mean', 3, ': ', -0.7080120306405121)
('Median', 3, ': ', -0.7080120306405121)
('Variance', 3, ': ', 0.0)
('Mean', 4, ': ', -0.57197920403188207)
('Median', 4, ': ', -0.57197920403188207)
('Variance', 4, ': ', 0.0)
('Mean', 5, ': ', -0.50826263497632407)
('Median', 5, ': ', -0.50826263497632407)
('Variance', 5, ': ', 0.0)
('Mean', 6, ': ', -0.51974919158627653)
('Median', 6, ': ', -0.51974919158627653)
('Variance', 6, ': ', 0.0)
('time: ', 11043.939622163773)
