“Running plot script on a single CPU core”
[ 0.049596  0.085285  0.028128 -0.011881 -0.001412 -0.014682]
[ 0.002299  0.006203 -0.026705  0.017516  0.014931 -0.006786]
[ 0.117075  0.107407  0.069403 -0.005307 -0.00554   0.021582]
[ 0.051342  0.037636  0.097423 -0.000833  0.021453  0.021126]
[ 0.008853  0.050348  0.027917 -0.02128   0.02558   0.012406]
[ 0.095683  0.020485  0.125565  0.011363 -0.016023 -0.026869]
[ 0.021915  0.033593  0.050387 -0.020079 -0.000805  0.015445]
[-0.042823  0.009702 -0.087809 -0.001774  0.029953  0.000673]
[ 0.060032  0.038206  0.102439  0.014735 -0.010763 -0.050061]
[ 0.017264  0.02312   0.019224 -0.007461 -0.002189 -0.005394]
[ 0.044219  0.030802  0.06823  -0.002965 -0.003752 -0.00278 ]
[ 0.07289   0.023957  0.070723  0.014867 -0.002159  0.031857]
[ 0.022485  0.05126   0.086342  0.006976  0.027745 -0.001488]
[ 0.014174  0.051107  0.020018  0.00152  -0.011433 -0.002081]
[-0.012481  0.049679  0.025375 -0.020634  0.024368 -0.019295]
[ 0.013478  0.056539  0.054207 -0.001182 -0.011787 -0.009474]
[ 0.027381  0.068956  0.05465  -0.005284  0.014037  0.015267]
[-0.01314   0.070673  0.061376 -0.023752 -0.000976  0.042551]
[ 0.00671   0.081965  0.03147   0.006588  0.069089 -0.011894]
[ 0.022148 -0.002141 -0.032824  0.060088 -0.015984 -0.030527]
[ 0.059921  0.080692  0.092654  0.019362  0.008917  0.001507]
[ 0.093271  0.119664  0.077714 -0.001744 -0.023262  0.010618]
[ 0.019029  0.009857 -0.062142  0.009356  0.011028 -0.025784]
[ 0.064678  0.03243   0.013647  0.008916 -0.029402 -0.026101]
[-0.007251  0.038338  0.080129  0.036978  0.001561 -0.022602]
[ 0.07664   0.143472  0.11642  -0.0195    0.020719  0.026581]
[ 0.015167  0.154675  0.107858  0.019793 -0.022861  0.016493]
[ 0.019445  0.04323   0.045893  0.023418 -0.006147 -0.035896]
[ 0.01668   0.053419  0.020786  0.024911  0.000454 -0.003523]
[ 0.088899  0.113163  0.08324   0.020069  0.016217 -0.028002]
[-0.049688 -0.015818  0.011264 -0.01301  -0.016257  0.007627]
[-0.04834   0.055815  0.007206  0.026274 -0.004138 -0.003082]
[ 0.069708  0.050409  0.02372  -0.029347 -0.003706 -0.021423]
[-0.013198 -0.018421 -0.029443  0.006596  0.015419  0.01415 ]
[ 0.047993  0.091774  0.043198 -0.01047  -0.021503  0.006404]
[ 0.01249   0.076323  0.082329 -0.0053   -0.011095 -0.002525]
[-0.084674  0.026932  0.041002 -0.028569 -0.030514 -0.012457]
[-0.111556 -0.038875 -0.102831  0.018194 -0.018259 -0.005819]
[ 0.060518  0.050667  0.069635  0.022414  0.018713  0.011278]
[ 0.028603  0.03383   0.014812  0.020259  0.024117  0.010635]
[ 0.003945  0.019949  0.056469 -0.023084 -0.008294  0.012869]
[-0.016052 -0.031458 -0.017589  0.005525  0.007008  0.000663]
[ 0.007316  0.055409 -0.024156  0.014478  0.003778  0.038709]
[-0.014288 -0.065755 -0.012793 -0.046726 -0.03046  -0.00217 ]
[ 0.041458  0.11516   0.113643 -0.002073  0.005605 -0.009332]
[ 0.049133  0.024474  0.069845 -0.018339  0.01664   0.004651]
[ 0.035499  0.081547  0.030587  0.012064 -0.011524 -0.00425 ]
[  6.736481e-02   5.886399e-02   6.158007e-02   7.682331e-03   8.646109e-05
  -3.995268e-03]
[-0.038222 -0.011988  0.035036  0.01836   0.026986 -0.02497 ]
[ 0.031016  0.039849  0.080252 -0.025509  0.007989  0.013313]
[-0.011722  0.020856  0.049398  0.030598 -0.01231  -0.004998]
[ 0.021155 -0.031179 -0.014061  0.020445  0.002305  0.065024]
[ 0.000134 -0.017898  0.021806 -0.018908 -0.004654  0.006139]
[  3.705142e-02   7.356286e-02   9.359600e-02   1.023158e-03   6.631782e-03
   7.844990e-05]
[ 0.012523  0.086705  0.094329 -0.026462 -0.014702 -0.016895]
[ 0.036785  0.032863  0.068501 -0.003166  0.024392 -0.025606]
[ -7.220915e-05   4.828712e-02   2.673752e-02  -2.471143e-02  -3.874973e-03
  -2.481231e-02]
[ 0.044735  0.146614  0.082564  0.008326  0.006546  0.015351]
[ 0.043102 -0.017402  0.054746 -0.0037    0.003451  0.031801]
[ 0.052526  0.047085  0.018727  0.006129 -0.034151  0.034279]
[-0.03498  -0.088898  0.004625  0.024993 -0.021962 -0.005257]
[ 0.003996  0.047821  0.011809 -0.002987  0.002183  0.001528]
[ 0.107465  0.140128  0.069347 -0.013825 -0.014698  0.004436]
[-0.008443  0.045675  0.070388 -0.060809  0.010438  0.016142]
[-0.047077  0.048522 -0.005262  0.008211  0.018113 -0.003558]
[ 0.029808  0.025403  0.044095 -0.000155 -0.008097 -0.009279]
[ 0.062507  0.048258  0.024679 -0.004761  0.012431  0.007351]
[ 0.0135    0.089927  0.058831  0.02383  -0.023272 -0.019827]
[ 0.035807  0.054541  0.051651 -0.001882 -0.002449  0.004351]
[ 0.08511   0.078954  0.086393  0.023686  0.003203  0.01149 ]
[ 0.036512 -0.033326  0.018607 -0.005877  0.008803  0.022916]
[ 0.030119  0.078961  0.0474    0.001858  0.005768 -0.011856]
[ 0.026623  0.087434  0.129237 -0.020984 -0.004398 -0.017744]
[ 0.027017  0.036867  0.083474  0.00276   0.025422  0.008886]
[ 0.001185  0.067604  0.070883  0.007403  0.017924  0.026508]
[ 0.087234  0.121201  0.17614  -0.012639  0.000236 -0.003236]
[ 0.03805  -0.053583  0.015663 -0.027585 -0.003079  0.039086]
[ 0.040452  0.074403  0.088832  0.015253 -0.000574 -0.008954]
[ 0.034981  0.098109  0.075152 -0.021316  0.019341  0.018457]
[-0.003089  0.097759  0.122316 -0.013219  0.021095  0.016094]
[ 0.005245  0.05183   0.040708  0.002118 -0.004596  0.008176]
[-0.005413 -0.018144 -0.002155  0.022039 -0.000635  0.018455]
[ 0.035997  0.053929  0.075465  0.009185  0.002077  0.015657]
[ 0.00051   0.036768  0.044869 -0.030634  0.014363  0.01478 ]
[ 0.056503  0.06778   0.054771 -0.015653  0.005559  0.012911]
[ 0.053751  0.075225  0.105326  0.016354 -0.004958  0.004251]
[ 0.006392  0.041278 -0.014731  0.023766  0.015869  0.006368]
[ 0.067948  0.063278  0.119533 -0.004576  0.008175 -0.00965 ]
[ 0.038695  0.022633  0.032806 -0.026189  0.013229  0.005126]
[-0.097637 -0.020638 -0.094246  0.014006 -0.021185 -0.012383]
[  1.618485e-02   4.070764e-02   3.693223e-02   1.545928e-02   9.231549e-05
  -1.197850e-02]
[ 0.045926  0.023628 -0.019712 -0.004044  0.01166  -0.028182]
[-0.005771 -0.015858  0.015297  0.018983  0.002875  0.005774]
[-0.045588  0.035597  0.002462 -0.043074  0.021202 -0.000241]
[-0.000335  0.019752 -0.011402 -0.007479  0.018656 -0.012943]
[ 0.060045  0.094559  0.090085 -0.019702 -0.008122 -0.026716]
[ 0.069013  0.052903  0.05694   0.006672 -0.003265  0.027418]
[-0.005646  0.011815  0.049703  0.006172 -0.034132 -0.016231]
[ 0.000998  0.049924  0.060579  0.00614   0.023798  0.002792]
[ 0.029881  0.026652 -0.002159  0.011644  0.00802   0.018583]
('Mean', 1, ': ', 0.029881069289782399)
('Median', 1, ': ', 0.029881069289782399)
('Variance', 1, ': ', 0.0)
('Mean', 2, ': ', 0.026652286607524334)
('Median', 2, ': ', 0.026652286607524334)
('Variance', 2, ': ', 0.0)
('Mean', 3, ': ', -0.0021590480049558242)
('Median', 3, ': ', -0.0021590480049558242)
('Variance', 3, ': ', 0.0)
('time: ', 8924.83622789383)
