“Running plot script on a single CPU core”
[-0.785325 -0.816062 -0.834887 -0.721949 -0.83768  -0.906102  0.112506
 -0.129649  0.135933  0.048179  0.034903  0.110702  0.077369  0.050085
 -0.043541 -0.006617  0.042995  0.110656  0.05381  -0.003026]
[-0.768304 -0.791062 -0.670228 -1.051553 -0.950716 -0.846792 -0.088525
  0.041684  0.009018  0.03014   0.046236 -0.006387  0.012398  0.032137
  0.049861 -0.020502 -0.001311 -0.110569 -0.026513 -0.040453]
[-1.048217 -0.904344 -0.560092 -0.929917 -0.461016 -0.369302 -0.017965
  0.055749  0.065566  0.031434 -0.150872  0.06488   0.250588 -0.111916
  0.104223  0.18122   0.010012  0.073002  0.003921  0.015525]
[-1.024805 -1.24991  -1.310557 -0.961568 -1.04499  -1.370703 -0.004623
 -0.005907 -0.037676  0.030549 -0.084609 -0.117049  0.067257 -0.059136
 -0.040348  0.06564   0.05478   0.006831 -0.029341 -0.010111]
[-0.793128 -0.92552  -1.094414 -0.890771 -1.033099 -1.002629  0.005353
  0.021254 -0.00139  -0.01851   0.019667 -0.013454  0.062396  0.051694
  0.045056  0.056066 -0.017799 -0.011513 -0.023706 -0.003785]
[-1.048065 -0.825701 -0.526339 -0.82281  -0.564649 -0.346179  0.076414
 -0.079062  0.00959   0.027414 -0.160192 -0.045078 -0.142582 -0.197692
 -0.072588 -0.206824 -0.008271  0.086628  0.001785 -0.029753]
[-0.774601 -0.862811 -0.443747 -0.990877 -0.699506 -0.683387  0.080447
  0.008022  0.065598 -0.061031  0.116981  0.032256 -0.029504  0.155822
  0.008078 -0.04228  -0.074976 -0.005612 -0.085585 -0.025433]
[-1.027785 -1.102586 -0.749019 -1.098053 -0.82799  -0.800372 -0.102842
 -0.119411  0.028182 -0.064855  0.127989  0.065587 -0.064566  0.090168
 -0.173518 -0.11927  -0.023933 -0.104982 -0.062776 -0.042412]
[-1.01744  -0.936641 -0.917526 -1.084784 -1.041747 -0.885624 -0.007813
  0.104541  0.100917 -0.037754 -0.004341  0.022819 -0.1529   -0.011672
  0.080901 -0.073798 -0.024933  0.014196  0.115559  0.038553]
[-0.91173  -0.971392 -0.829327 -0.918513 -0.775472 -0.877527  0.004158
  0.18065  -0.030958 -0.098185  0.14757  -0.039897 -0.052436  0.255119
  0.236928 -0.093741  0.007795  0.009929  0.025077  0.044225]
[ -1.029197e+00  -8.343890e-01  -7.320855e-01  -1.078480e+00  -1.018807e+00
  -7.856178e-01   8.740761e-04   8.572315e-02  -7.856363e-02  -1.582635e-01
  -7.181115e-02  -1.158086e-01  -3.607028e-02  -1.877464e-02   2.839855e-02
   2.429003e-02  -2.389586e-01   1.352234e-01  -4.533167e-02   9.282924e-02]
[-0.842997 -0.709423 -0.571723 -0.58858  -0.566551 -0.462929  0.1269
 -0.046687  0.099844  0.052107  0.015483  0.084978  0.015828 -0.008534
  0.042022  0.060169  0.069356  0.098446  0.03798  -0.002542]
[ -9.101957e-01  -9.508371e-01  -6.383321e-01  -9.463365e-01  -6.772978e-01
  -6.139025e-01   7.143422e-02   3.230162e-02  -8.061371e-02  -3.459706e-02
  -8.062695e-02  -1.234928e-01   2.101432e-02   9.232366e-04  -2.038742e-02
  -1.568950e-02   1.077395e-02   2.681562e-02   2.900305e-02  -2.117856e-02]
[-1.031681 -0.993785 -0.916918 -0.831848 -0.808179 -0.692046 -0.112418
 -0.079455 -0.005365 -0.058092  0.036495 -0.00885  -0.037945  0.067566
 -0.051724 -0.041081 -0.089193 -0.024113 -0.022327  0.017509]
[-1.047723 -0.825602 -0.987779 -0.749894 -1.038919 -0.6774    0.127293
  0.056201 -0.066834  0.0328    0.028546 -0.107712 -0.049369  0.023586
  0.023816 -0.048499  0.027375  0.064203  0.012474  0.038586]
[-1.158049 -1.100404 -1.130919 -0.915609 -0.853295 -0.94834   0.079576
  0.066436 -0.053045 -0.077072 -0.059335  0.09161  -0.040608 -0.034349
  0.065337 -0.074759 -0.023512  0.108216  0.052203 -0.017419]
[ -8.387846e-01  -6.079142e-01  -6.310202e-01  -7.290653e-01  -7.580822e-01
  -5.747416e-01  -6.899049e-02   8.682437e-02  -4.308735e-02  -5.823865e-02
  -1.619426e-03  -6.232224e-02  -3.208254e-02   4.338990e-03   6.948167e-02
  -1.353508e-01  -4.204524e-03  -9.688666e-02   2.421763e-03   5.178041e-04]
[-0.751582 -0.746731 -0.771907 -0.6475   -0.570659 -0.485265 -0.011835
  0.00935   0.079342  0.066079 -0.037475  0.151596 -0.176313  0.00506
 -0.088663 -0.151389  0.061203  0.13145   0.017911 -0.019596]
[-0.778597 -0.639873 -0.734964 -0.786551 -0.809548 -0.624357 -0.020278
 -0.0534   -0.033979 -0.023214  0.073675 -0.014551  0.101589  0.029544
 -0.062954  0.063954 -0.019312 -0.014512  0.007453 -0.012787]
[ -8.182272e-01  -9.606594e-01  -5.262520e-01  -1.032362e+00  -6.873853e-01
  -8.232899e-01   5.034267e-02  -1.546078e-01   5.409401e-02   6.471122e-02
   8.877837e-02   5.092183e-03   1.701367e-01   1.194885e-01  -1.733615e-01
   2.006786e-01   5.934410e-02   1.143415e-02   5.026943e-03  -2.391353e-04]
[-0.984304 -0.901816 -0.886582 -1.023249 -0.942839 -0.742737  0.051619
 -0.016159  0.104338  0.083388  0.022713  0.051839  0.071477  0.085895
 -0.019773  0.082754  0.079884  0.006267 -0.038959 -0.025789]
[-0.572838 -0.471211 -0.420006 -0.947987 -0.855767 -0.870131 -0.076856
 -0.021149  0.09003   0.080949 -0.025399  0.129984 -0.059566 -0.082943
  0.031589 -0.108101  0.136409 -0.061478 -0.030277  0.001611]
[-0.751589 -0.778602 -0.80739  -0.75249  -0.790456 -0.792579  0.120688
 -0.148969  0.083197 -0.005769 -0.039588  0.075223 -0.055414 -0.055863
 -0.190586 -0.010499  0.014523  0.117838 -0.001841 -0.029571]
[-1.090473 -1.110059 -0.747412 -1.211677 -0.872044 -0.859634  0.026013
 -0.017728  0.03056   0.007758  0.094517 -0.037912  0.118671  0.129973
 -0.092065  0.113163 -0.065635 -0.151481 -0.041816 -0.016303]
[-0.802839 -0.779029 -0.826371 -0.661897 -0.649411 -0.642073  0.002425
  0.035054  0.00095   0.063757  0.01283   0.030199 -0.025554  0.037288
  0.032714  0.025236  0.021631  0.014264  0.03723   0.009656]
[-0.825703 -0.719394 -0.718589 -0.970021 -0.864215 -0.694901 -0.064423
 -0.014925  0.019731  0.065004  0.017486  0.033006 -0.009106  0.026545
 -0.089764  0.030881  0.019874 -0.098293  0.03879   0.016993]
[-1.041758 -1.0204   -0.966125 -0.852569 -0.718773 -1.020233 -0.087976
 -0.055219  0.055216 -0.14377   0.138113  0.088456  0.123488  0.24525
 -0.057194  0.082333 -0.015231 -0.038173 -0.08798  -0.11963 ]
[-0.815244 -0.906766 -0.776504 -0.864617 -0.749635 -0.772449  0.040546
 -0.033126 -0.014798  0.076552  0.016273 -0.030088 -0.016521 -0.019371
  0.010216  0.016326  0.083767  0.01847  -0.048663 -0.027981]
[-0.349538 -0.967758 -0.781296 -0.426167 -0.226074 -1.039782 -0.023613
 -0.024444  0.086648 -0.042625 -0.017046  0.12115   0.037786 -0.04751
 -0.064929  0.052037 -0.064648 -0.02033   0.028573 -0.019533]
[-1.095768 -1.014054 -0.999811 -1.050913 -1.006894 -0.828203 -0.071486
 -0.020198  0.007362  0.04528  -0.003979 -0.004109 -0.045399  0.0974
 -0.040646  0.002172  0.066984 -0.070077 -0.076977 -0.029071]
[-1.034199 -0.977332 -0.954732 -1.052716 -0.822506 -1.081442 -0.04504
  0.099487 -0.006661 -0.051054  0.045854  0.07581   0.037835  0.025032
  0.047679  0.117084  0.027776  0.031719 -0.072012 -0.001281]
[-0.885613 -1.033817 -0.704657 -1.110971 -1.086008 -1.077308  0.125156
 -0.098303  0.373779  0.037612  0.123348  0.267276  0.12788   0.373771
 -0.128246 -0.041789  0.136638  0.109223 -0.040897 -0.022945]
[-0.773985 -0.692127 -0.525452 -0.719565 -0.628007 -0.6026    0.052188
 -0.043654 -0.081461 -0.08951   0.086147 -0.06519   0.048743  0.042795
  0.021012  0.109867 -0.042116  0.093089 -0.041498 -0.02163 ]
[-0.80898  -0.92577  -0.694414 -1.156209 -0.874132 -0.974549  0.009324
 -0.137239  0.068882  0.078568 -0.11287   0.037976 -0.06362  -0.157539
 -0.206305 -0.062901  0.049806 -0.033338  0.016225 -0.00894 ]
[-0.83702  -0.656267 -0.829688 -0.684596 -0.982151 -0.795127 -0.028935
  0.034431  0.060097  0.082    -0.024006 -0.018358 -0.094492  0.00823
  0.068156 -0.09401   0.020269 -0.125079 -0.039635 -0.042568]
[-1.011525 -0.970985 -0.671741 -0.826288 -0.480297 -0.576414 -0.023051
  0.07772   0.101474  0.224617  0.072519  0.012433 -0.01524   0.111756
  0.044963  0.050901  0.246533  0.02378   0.011034 -0.007682]
[-1.157389 -1.066134 -0.66621  -1.302121 -0.812788 -0.834532  0.165555
 -0.084866 -0.050748  0.164661  0.120784 -0.07689  -0.023348  0.15002
 -0.087535 -0.013377  0.250719  0.09152  -0.028415  0.059142]
[-0.734153 -0.643965 -0.799398 -0.57221  -0.601835 -0.482583  0.093846
 -0.016457  0.057423 -0.014751  0.069359  0.062809  0.010282  0.06915
 -0.001447 -0.028902 -0.016856  0.082844  0.004362  0.006339]
[-0.751262 -0.690451 -0.814194 -0.65028  -0.840192 -0.736315  0.047674
 -0.012565  0.030793 -0.044251 -0.01284   0.033127  0.076081  0.003859
  0.017624  0.115727 -0.061761  0.082206  0.027449 -0.045715]
[-1.038393 -1.036385 -1.026191 -1.26324  -1.240274 -1.283278 -0.012045
 -0.18952  -0.002476  0.02495  -0.049645 -0.022389  0.114667 -0.049011
 -0.123514  0.045707  0.036029  0.008614  0.032896  0.010942]
[-1.081708 -1.258521 -0.947945 -0.914138 -0.889215 -1.03225  -0.037746
 -0.028581 -0.010763  0.096031  0.042061 -0.059003 -0.191578  0.059296
 -0.020488 -0.081167  0.100373 -0.025217  0.024623  0.064124]
[-0.737256 -0.583649 -0.579506 -0.642289 -0.705573 -0.471634  0.006332
  0.110269  0.051678  0.083575  0.017749  0.038651 -0.03695  -0.024999
  0.109403  0.013249  0.10373  -0.071108  0.065817  0.00767 ]
[ -8.425751e-01  -6.136035e-01  -6.726536e-01  -6.671187e-01  -7.341114e-01
  -5.681052e-01   6.332923e-02   5.348899e-03  -6.312248e-02   3.516506e-02
  -1.053278e-02  -6.785479e-02   1.064664e-01   2.655682e-02  -1.579937e-03
   1.342042e-01   5.461032e-02   7.501344e-02   6.799836e-04   1.724572e-03]
[ -1.021025e+00  -1.037894e+00  -9.641345e-01  -9.542607e-01  -8.907994e-01
  -8.869893e-01  -5.805091e-03  -1.249391e-02   1.049838e-01   6.486034e-02
  -2.669111e-02   1.219638e-01   5.599755e-02  -9.056848e-04  -2.599086e-02
   3.203480e-02   1.890915e-01  -2.187955e-02  -4.059872e-02  -5.361190e-03]
[-0.792618 -0.959546 -0.877533 -0.848726 -0.651357 -0.980614 -0.141577
  0.031877  0.136182  0.024044  0.044122  0.237646 -0.022547  0.056993
 -0.04105   0.021832 -0.00456  -0.242971 -0.016565 -0.011127]
[-0.808286 -0.624356 -0.633384 -0.646386 -0.608403 -0.428176  0.021022
  0.014702  0.032756 -0.049062 -0.079815  0.031666  0.034141 -0.055946
  0.025992  0.023781  0.022267 -0.041975  0.018498 -0.0069  ]
[-0.907173 -0.899307 -1.043373 -0.716331 -0.789787 -0.819934 -0.11698
 -0.089711 -0.013625 -0.016978 -0.013287 -0.071468  0.006088  0.012038
 -0.01033   0.019258 -0.054375 -0.118782  0.014897  0.001181]
[-0.824411 -0.815491 -0.779445 -0.983384 -1.021825 -0.970563 -0.057133
  0.006083  0.010626  0.002914 -0.036109  0.021429  0.031058 -0.038946
 -0.011369  0.043253  0.049039 -0.045489 -0.029224  0.002381]
[-1.1455   -0.901489 -0.901463 -1.087809 -1.137244 -1.092348 -0.120662
 -0.08456  -0.017994 -0.065065 -0.062807 -0.038129 -0.02342  -0.085349
 -0.050373  0.002772  0.012614 -0.09026  -0.00439   0.013096]
[-0.723253 -0.510492 -0.564597 -0.528511 -0.638159 -0.46464   0.037239
  0.019125 -0.116755  0.001425  0.058455 -0.057752  0.003976  0.090019
  0.06239  -0.029122  0.044605  0.041005 -0.073873 -0.036097]
[-0.984616 -1.11747  -0.772765 -1.146733 -0.832459 -0.763704 -0.104187
 -0.049037 -0.217656 -0.124414  0.08586  -0.054804  0.102463  0.156652
 -0.123124  0.141232 -0.17557   0.017264 -0.106405  0.016321]
[-0.813    -0.434511 -0.860522 -0.476886 -0.957536 -0.513123 -0.016169
 -0.129965  0.002155 -0.01119  -0.101864 -0.012102  0.010515 -0.03326
 -0.161024 -0.018485 -0.057627 -0.018706 -0.015008  0.011285]
[-0.996205 -0.71902  -0.83869  -0.967123 -1.01836  -0.774147  0.070435
  0.059184 -0.084022  0.10461  -0.016937 -0.128211  0.074261  0.062992
  0.041176 -0.044758  0.030537  0.049086  0.005451  0.063072]
[-1.043014 -0.973228 -0.821899 -0.924746 -0.817092 -0.867911 -0.011203
  0.032964  0.114492 -0.046515  0.139052  0.101762 -0.023076  0.106522
 -0.009284 -0.028866 -0.034431 -0.01379   0.033278 -0.006591]
[-0.820298 -0.999552 -0.765605 -0.91841  -0.647377 -0.78362  -0.193068
  0.041428 -0.049324  0.059443  0.080587 -0.038847  0.007541  0.05384
  0.059119 -0.005082 -0.058431 -0.058931  0.076032  0.048545]
[-0.913638 -0.937443 -0.713855 -0.771702 -0.627505 -0.649279 -0.048168
  0.031072  0.062444 -0.093806 -0.079701  0.015575 -0.042646 -0.044957
 -0.046067 -0.059116 -0.096603 -0.072035  0.006452  0.024087]
[-0.885294 -0.94219  -0.833531 -0.978234 -0.778847 -0.834948  0.103493
 -0.064873 -0.086648  0.008996 -0.058036 -0.070472 -0.051603 -0.068812
 -0.024655 -0.075358  0.009435  0.108985 -0.028523 -0.019076]
[-0.765881 -0.538849 -0.559458 -0.816901 -0.935692 -0.778712  0.03279
 -0.051578  0.001943 -0.042305 -0.105751 -0.02169  -0.095592 -0.121811
  0.002249 -0.097015 -0.02376   0.023958 -0.048571 -0.023959]
[-0.812932 -0.672134 -0.678565 -0.636434 -0.587152 -0.479447 -0.062929
  0.126494 -0.016638  0.089029 -0.019404 -0.026018  0.087395 -0.04361
  0.153278  0.178575  0.144747 -0.170953 -0.039413  0.014174]
[ -8.801409e-01  -8.600136e-01  -7.389586e-01  -1.106855e+00  -9.015133e-01
  -1.120974e+00   9.471519e-02   4.559367e-03   8.517733e-02   6.098859e-03
   1.591491e-02   1.277541e-01   1.134796e-02   2.419163e-02   5.223964e-02
  -9.876813e-02  -1.883992e-03   1.377573e-01  -9.484137e-04   5.120977e-02]
[-0.753481 -0.866006 -0.805101 -0.971099 -1.283423 -1.242008 -0.037555
 -0.036683  0.121441  0.146376 -0.034775  0.19286  -0.063001  0.016286
 -0.131012 -0.131974  0.152457 -0.091893  0.020511  0.02263 ]
[-1.055885 -1.053547 -1.050053 -0.726515 -1.048736 -0.908442 -0.074106
 -0.031977  0.025838 -0.055853 -0.038395  0.062784  0.024313 -0.032238
 -0.053006  0.076138  0.020156 -0.128734  0.014649  0.01337 ]
[-0.884608 -0.989038 -0.872788 -1.300117 -1.115557 -1.268228 -0.0448
  0.102139  0.074703  0.287922 -0.062919  0.071085 -0.075731 -0.085564
  0.151763  0.019361  0.508353  0.018807  0.032446  0.050387]
[-0.882358 -0.780978 -0.611031 -1.067039 -0.85722  -0.802746 -0.026127
  0.036205 -0.066171  0.032128  0.093691 -0.032409 -0.002353  0.128047
  0.03554  -0.01312  -0.005951 -0.021569 -0.01749   0.04887 ]
[-1.332112 -1.429187 -1.268733 -1.233966 -1.096605 -1.268451 -0.106129
 -0.08458  -0.042588 -0.023357  0.055485 -0.020687 -0.043692  0.068801
 -0.138835 -0.046391 -0.040273 -0.06564  -0.096052 -0.093879]
[-0.790834 -0.744538 -0.64414  -0.765791 -0.64406  -0.703912  0.038098
 -0.137604  0.003919  0.001218 -0.017705  0.020715 -0.115355  0.052579
 -0.13856  -0.010253  0.038086 -0.045047 -0.08728   0.005758]
[-1.036586 -0.927131 -0.838478 -0.809645 -1.152619 -0.571724  0.05027
 -0.059118  0.039491  0.003994 -0.143806  0.078044 -0.046811 -0.111001
  0.011254 -0.070653  0.075075  0.083446 -0.006953 -0.008101]
[-1.000058 -0.95845  -0.6956   -1.078563 -0.913748 -0.886904 -0.012799
  0.033358  0.02494  -0.173585  0.048794  0.047934 -0.074263 -0.0054
 -0.06342  -0.047051 -0.135001 -0.039319  0.002409  0.017091]
[-0.813839 -0.849056 -0.723431 -0.686027 -0.483895 -0.662706 -0.025967
  0.009707  0.125441 -0.081374 -0.01888   0.070462 -0.005468 -0.012282
  0.038594 -0.043978 -0.127188 -0.063074  0.048193 -0.005099]
[ -6.743439e-01  -7.088935e-01  -6.608483e-01  -6.366210e-01  -6.226957e-01
  -6.162823e-01  -3.374529e-02  -9.778695e-02  -6.601842e-04  -9.527429e-03
   4.624701e-02   4.172574e-03  -1.088477e-01   6.178074e-02  -9.849437e-02
  -1.051087e-01  -4.001630e-02  -3.074058e-02   2.378673e-03   5.656592e-03]
[ -9.029506e-01  -7.809700e-01  -5.644621e-01  -8.488038e-01  -5.942780e-01
  -5.600248e-01   8.212744e-02  -1.445375e-01   6.845594e-02  -1.005265e-01
  -1.245585e-02   5.465101e-04   2.700318e-01   4.717701e-04  -1.225160e-01
   2.536857e-01  -1.405087e-01   9.239774e-02  -7.107094e-04   5.244652e-02]
[-0.785738 -1.010357 -0.876761 -0.82739  -0.730564 -1.031472  0.028678
  0.027665 -0.063525 -0.047007  0.026867 -0.031715  0.028828  0.014464
  0.070142  0.048147 -0.120694  0.026601 -0.063927  0.001811]
[ -8.441779e-01  -6.722366e-01  -1.011457e+00  -5.526796e-01  -9.211757e-01
  -6.926087e-01  -2.754799e-02   1.011271e-02  -6.287098e-02  -6.800786e-02
   8.570828e-02  -6.406698e-02  -3.764975e-02  -6.944517e-04   1.130652e-02
  -6.337075e-02  -4.078845e-03  -4.445000e-02  -2.380495e-03  -3.759072e-02]
[ -9.576031e-01  -1.132537e+00  -8.910757e-01  -1.179105e+00  -9.171244e-01
  -1.078122e+00   2.754066e-02  -3.550869e-02   6.685535e-02  -1.373881e-01
   1.623551e-02   1.124160e-02   1.412500e-02  -7.107099e-04  -2.122970e-02
   6.553167e-03  -1.177323e-01   7.584853e-02   2.372933e-02   1.513300e-02]
[-0.824501 -0.812342 -0.674905 -0.817947 -0.676141 -0.668679 -0.038381
  0.071808  0.013922 -0.036639 -0.02711   0.014625  0.087588 -0.01119
  0.07956   0.092454 -0.060191 -0.00973  -0.014497 -0.001397]
[-0.887363 -0.690077 -0.532372 -0.789141 -0.595622 -0.497424 -0.025523
  0.161415 -0.076569  0.037377 -0.150734 -0.138178  0.045391 -0.141312
  0.110095  0.065741  0.046591 -0.063055  0.030872  0.002754]
[ -1.058552e+00  -8.159841e-01  -8.769742e-01  -8.959513e-01  -9.707301e-01
  -7.872398e-01  -6.288071e-02   6.071641e-02  -1.047165e-01  -6.906514e-02
   2.788611e-02  -1.960252e-01   1.679500e-01  -1.435094e-02   1.000698e-03
   1.504966e-01   2.323504e-02   7.261496e-02   3.150259e-02  -2.277557e-02]
[-0.635596 -0.830306 -0.745359 -0.651503 -0.540608 -0.733104  0.041075
 -0.027742  0.12393   0.117587  0.033701  0.085943  0.008011  0.052113
 -0.015046  0.014692  0.107072  0.022334 -0.074371  0.010413]
[-1.008674 -0.87032  -1.174886 -0.926823 -1.160168 -1.100782 -0.178499
 -0.035427 -0.0827    0.046195  0.018503 -0.186306  0.085547 -0.01
 -0.050273  0.034142  0.114553 -0.197474 -0.124623  0.029429]
[-0.827805 -0.871436 -1.090802 -0.734186 -0.740478 -0.976953 -0.005766
  0.10341   0.020503 -0.110571 -0.04415  -0.04703  -0.075065 -0.105164
  0.017553 -0.023199 -0.134435 -0.051282  0.046328  0.003989]
[-1.075829 -0.953049 -0.864549 -1.107331 -0.952029 -0.831557  0.074174
 -0.011353  0.006438 -0.118934 -0.112679 -0.005396  0.033316 -0.072598
  0.075437  0.047939 -0.070406  0.044928  0.029321 -0.010413]
[-0.815905 -0.971772 -0.810297 -0.84183  -0.756017 -0.867291 -0.07985
 -0.00546   0.05644   0.009172 -0.068359  0.052344  0.009855 -0.080687
 -0.035775  0.023292 -0.038841 -0.060341  0.052415  0.019835]
[-1.136695 -0.872354 -1.024648 -0.853104 -0.990558 -0.745416 -0.04605
 -0.079233 -0.017782  0.001699  0.020479 -0.006384 -0.036389 -0.011197
 -0.109605 -0.057578  0.026707 -0.129225  0.013933 -0.017258]
[-0.611703 -0.616413 -0.626653 -0.750852 -0.78999  -0.832205 -0.02131
  0.13184  -0.079893  0.032865  0.05755  -0.095907  0.055561  0.011783
  0.103579  0.091181  0.055516 -0.054872  0.061186  0.003105]
[ -1.124354e+00  -1.154006e+00  -8.781353e-01  -1.090519e+00  -9.108801e-01
  -9.181805e-01  -5.786443e-02   1.126833e-02   9.367457e-02  -2.327798e-02
  -6.794174e-04   1.661975e-01  -8.791098e-03  -2.820079e-02  -6.361599e-02
  -4.292782e-02   1.946312e-02  -6.362835e-02   3.234803e-02   2.396939e-02]
[ -1.031245e+00  -9.839777e-01  -1.232765e+00  -1.145903e+00  -1.416780e+00
  -1.488924e+00  -6.210481e-03  -1.100411e-01   8.731269e-02  -4.832584e-02
  -2.704555e-02   8.290730e-02   1.016856e-01   1.365163e-02  -1.448374e-01
   8.838848e-02  -1.482601e-01   9.281976e-02   1.737426e-02  -1.883741e-04]
[-0.917893 -0.606425 -0.820118 -0.532573 -0.947306 -0.523519 -0.015744
 -0.058047 -0.0057   -0.003921 -0.036246 -0.046274  0.025955 -0.097418
 -0.041091 -0.010447  0.006095  0.022847 -0.079526  0.024138]
[-0.87126  -0.89451  -0.73076  -0.922338 -0.817536 -0.838427  0.085011
 -0.065842  0.021908  0.078234  0.062453  0.064183  0.131237  0.100857
 -0.083422  0.192476  0.111769  0.063916 -0.029878 -0.002617]
[-1.091989 -1.049907 -1.186226 -0.981347 -1.032494 -1.121439 -0.030633
  0.117453  0.028223 -0.08632   0.075232  0.018376  0.109641  0.120378
  0.128814  0.041302 -0.176988 -0.057681 -0.037393 -0.027724]
[-1.036998 -1.029153 -0.949799 -1.154474 -1.010104 -1.240405 -0.013128
 -0.061177 -0.131008 -0.071026  0.089529 -0.111001 -0.090848  0.024677
 -0.054271 -0.093944 -0.088815  0.077553  0.040747 -0.008486]
[-0.827886 -0.717191 -0.639766 -0.707679 -0.728787 -0.690723 -0.076918
 -0.075572 -0.002071 -0.106272  0.082559  0.034946  0.048054  0.125923
 -0.061082  0.071057 -0.168938 -0.021645  0.009067  0.040383]
[-1.082671 -0.994988 -0.92796  -1.122668 -1.069417 -0.938636  0.024933
 -0.029973  0.04652   0.014321  0.028305  0.041513  0.065363 -0.006697
 -0.012819  0.072378  0.001752  0.044183 -0.012898  0.0339  ]
[-1.013522 -0.98994  -0.907839 -0.897341 -0.865326 -0.809092 -0.115552
  0.057675 -0.016387 -0.018838 -0.046964 -0.041068 -0.068978 -0.052865
  0.043784 -0.056082 -0.069569 -0.118923 -0.078543  0.020142]
[-0.826487 -0.862802 -0.770874 -0.742908 -0.82578  -0.742516 -0.08733
 -0.074647  0.08353   0.060407  0.156124  0.109177  0.089751  0.104518
 -0.077902  0.024052  0.045484  0.0035    0.019963  0.042812]
[-0.707204 -0.586246 -0.622212 -0.900942 -1.13175  -1.152123 -0.01569
 -0.067107 -0.056674 -0.055659  0.03717  -0.107927  0.072441 -0.014924
 -0.079285  0.091351 -0.025099  0.034055 -0.001326  0.037827]
[ -8.770503e-01  -7.011202e-01  -5.436899e-01  -9.850697e-01  -7.343939e-01
  -7.058700e-01   8.467271e-02   9.322597e-02   8.871259e-04  -1.545894e-02
  -8.853795e-02   1.452964e-02  -4.241113e-02  -8.933378e-02   8.089631e-02
  -5.430204e-02   1.062568e-02   7.672308e-02   5.268812e-02  -1.547574e-02]
[-0.854936 -0.858841 -0.653883 -0.905665 -0.747203 -1.027231  0.030865
 -0.124614  0.007672 -0.018882  0.039021  0.026371  0.03936   0.080046
 -0.080749 -0.006399 -0.04158  -0.014801  0.031522 -0.017381]
[-1.214654 -0.63188  -0.950888 -0.625733 -0.919127 -0.542408  0.133627
 -0.155012 -0.066199 -0.019745 -0.035467 -0.046965  0.139026 -0.058312
 -0.07314   0.205735  0.011635  0.150403  0.0395    0.016718]
[-0.871676 -0.971385 -0.686107 -0.844514 -0.559849 -0.678344  0.020637
 -0.005953 -0.034012 -0.053539  0.056283 -0.034375 -0.011987  0.154483
 -0.043934  0.020492 -0.052214  0.020111  0.011608  0.017778]
[-0.951104 -1.05386  -0.993568 -0.833593 -0.849888 -0.865082  0.06308
 -0.027169  0.007371  0.00681   0.091101  0.042012  0.132043  0.060679
  0.010492  0.08565   0.05547   0.059096 -0.017011 -0.028769]
('Mean', 1, ': ', -0.95110435762401546)
('Median', 1, ': ', -0.95110435762401546)
('Variance', 1, ': ', 0.0)
('Mean', 2, ': ', -1.0538600984222439)
('Median', 2, ': ', -1.0538600984222439)
('Variance', 2, ': ', 0.0)
('Mean', 3, ': ', -0.99356753675230947)
('Median', 3, ': ', -0.99356753675230947)
('Variance', 3, ': ', 0.0)
('Mean', 4, ': ', -0.83359268203635883)
('Median', 4, ': ', -0.83359268203635883)
('Variance', 4, ': ', 0.0)
('Mean', 5, ': ', -0.84988808618808365)
('Median', 5, ': ', -0.84988808618808365)
('Variance', 5, ': ', 0.0)
('Mean', 6, ': ', -0.86508155290967481)
('Median', 6, ': ', -0.86508155290967481)
('Variance', 6, ': ', 0.0)
('time: ', 11267.762313127518)
