“Running plot script on a single CPU core”
[-0.890211 -0.721262 -0.709241 -0.843449 -0.922213 -0.733805  0.078191
  0.077754  0.006073 -0.011008  0.044627 -0.033946 -0.02014   0.089021
  0.092533 -0.032639  0.032046  0.076053 -0.006486 -0.019913]
[-1.13354  -0.737436 -0.950432 -0.848159 -1.131146 -0.769726  0.097249
  0.017194 -0.103278  0.007017  0.11877  -0.056701  0.006321  0.074721
  0.02219  -0.041083 -0.027074  0.096593 -0.028823  0.011724]
[-0.94509  -0.750939 -0.795015 -0.698416 -0.673977 -0.549151 -0.03142
  0.035595  0.021384 -0.061596  0.119249 -0.043558 -0.093229  0.078927
 -0.026301 -0.08665  -0.072065 -0.034618  0.058291 -0.016958]
[-1.240987 -0.949003 -0.903326 -0.824536 -0.870277 -0.519429  0.012784
  0.011698 -0.018242 -0.013233 -0.078853 -0.088683 -0.033638  0.003709
  0.053291 -0.018558 -0.020376  0.020032  0.054347 -0.055403]
[-0.912272 -0.847202 -1.024905 -0.856593 -0.874947 -1.021936 -0.018236
 -0.074284  0.081471 -0.098788  0.007954 -0.025489  0.182324  0.078134
 -0.064673  0.143052  0.002983  0.105347  0.044172  0.029696]
[-0.901043 -0.94905  -0.829005 -1.099347 -0.868766 -1.16576  -0.008166
 -0.102353 -0.054332  0.015874 -0.052614 -0.071438  0.078148 -0.006076
 -0.160527  0.105112  0.075572  0.058581 -0.09403  -0.012791]
[-0.759045 -0.886193 -0.818464 -0.729314 -0.729974 -0.887741 -0.09036
  0.009108 -0.055553 -0.049763  0.125446 -0.059951  0.004009  0.081065
 -0.035936 -0.051016 -0.073431 -0.073627 -0.019995  0.024246]
[-0.635667 -0.673395 -0.55093  -0.633899 -0.54432  -0.555166  0.047314
  0.005937  0.099135 -0.112145  0.120229  0.066296 -0.035627  0.078606
 -0.041114 -0.00503  -0.141009  0.01805  -0.00428   0.011567]
[-0.677686 -0.765254 -0.640418 -1.059689 -0.99803  -1.153481 -0.010387
  0.057856  0.024056  0.026089 -0.029013 -0.033923 -0.062991 -0.107713
  0.030491 -0.040639  0.057843 -0.063921 -0.01287  -0.005626]
[-0.79108  -0.825248 -0.658668 -1.13461  -0.982242 -0.997342 -0.009909
 -0.096684  0.049178  0.043535 -0.044427  0.009416  0.031429 -0.125733
 -0.072809 -0.029332  0.039041 -0.01824  -0.107319 -0.047567]
[-1.008949 -0.83463  -0.849908 -0.901504 -0.839125 -0.754917  0.026331
 -0.019564  0.076047 -0.067785  0.137031  0.041096 -0.029138  0.080244
  0.026999 -0.069705 -0.1383    0.02616  -0.05316   0.019532]
[-0.748284 -0.950229 -0.938876 -0.853129 -0.728236 -1.040204  0.008982
  0.016242 -0.094675  0.038027  0.065406 -0.122579 -0.007662  0.100452
 -0.045612 -0.006285  0.093689 -0.01034  -0.060927 -0.023823]
[-0.811392 -0.704075 -0.807267 -0.777636 -0.851479 -0.796535 -0.164838
 -0.198577 -0.078707 -0.066786 -0.01912  -0.102906  0.108355  0.051825
 -0.070191  0.066469 -0.044258 -0.174844  0.001329  0.003728]
[-1.155315 -0.848819 -0.84422  -1.094294 -1.004436 -1.047181  0.040789
  0.035346 -0.26163  -0.007022 -0.012991 -0.234075  0.036598  0.05457
 -0.019659 -0.03533  -0.111437 -0.068414 -0.020035 -0.022141]
[-1.026754 -0.71202  -0.870673 -0.794376 -1.019801 -0.749077  0.055623
 -0.101577  0.049919 -0.05943  -0.034807  0.146105 -0.189536  0.017972
 -0.124581 -0.176246 -0.006951  0.068836 -0.06439  -0.036694]
[-1.10323  -0.884384 -0.756424 -0.930316 -0.875231 -0.609539  0.09106
 -0.117113  0.029949  0.065599  0.127181  0.022808  0.258634  0.168923
 -0.128892  0.259637 -0.070527  0.238982 -0.015778  0.026626]
[-1.113673 -1.09253  -0.923714 -1.150058 -1.036288 -1.097347 -0.030292
 -0.040885  0.007155 -0.036565  0.124725  0.123791  0.110944  0.036573
 -0.091068  0.0088    0.007389 -0.06046   0.01742  -0.009424]
[-0.900209 -1.075169 -0.71228  -0.94595  -0.734622 -0.811105  0.13019
 -0.031749 -0.091614  0.07854   0.026857 -0.076578  0.118592 -0.009473
 -0.053659  0.041276  0.168525  0.191525 -0.052726 -0.024836]
[-0.953642 -0.809304 -0.731772 -0.865821 -0.806495 -0.809014  0.058521
  0.029148  0.042989 -0.001323 -0.011469  0.051884  0.007942 -0.033669
 -0.007915  0.018412  0.018572  0.138838  0.013245  0.017508]
[-0.717256 -0.594468 -0.804355 -0.750541 -0.840213 -0.895025 -0.025297
  0.043255 -0.019094  0.050213 -0.030214 -0.051062  0.088897 -0.035933
 -0.024421  0.097077  0.097714 -0.030358  0.019477  0.019891]
[-1.242103 -1.093489 -0.816925 -1.030394 -0.699563 -0.556587 -0.054616
 -0.06942  -0.033898  0.037633  0.040668 -0.123091  0.155356  0.06231
 -0.116906  0.084352  0.029604 -0.077134 -0.109183  0.002218]
[ -1.106291e+00  -1.142396e+00  -1.145407e+00  -6.203522e-01  -7.831341e-01
  -7.839702e-01   3.762428e-02   6.883674e-02  -1.951016e-02  -8.103999e-02
  -1.769284e-01   2.400400e-02   9.411498e-02  -2.165143e-01   6.191539e-02
   3.127645e-02  -1.858256e-01   1.785961e-01   1.149766e-02  -6.473947e-04]
[-0.961232 -0.97726  -0.883587 -0.875791 -0.859013 -0.924304 -0.046175
 -0.004103 -0.025634  0.022586 -0.002218 -0.027986 -0.00355  -0.026332
  0.03249   0.023285  0.029995 -0.068902 -0.00535  -0.003303]
[ -8.495204e-01  -7.816626e-01  -8.304775e-01  -7.561698e-01  -7.894408e-01
  -7.143591e-01   1.756056e-01  -4.930379e-02  -3.597133e-04  -5.792056e-02
  -4.961478e-03  -2.078798e-02   8.080338e-02  -4.225878e-02  -9.002874e-02
   2.274039e-02  -1.288212e-01   1.751876e-01   1.246629e-02  -9.789488e-03]
[-0.853074 -0.796765 -0.78823  -1.003984 -0.846019 -0.895496  0.013673
  0.027776 -0.071375 -0.04673  -0.006544 -0.128286  0.009663 -0.069703
 -0.008085 -0.069745  0.006562 -0.062939 -0.03121   0.011998]
[-0.55351  -0.765339 -0.876758 -0.624577 -0.654819 -0.865067  0.083789
 -0.046216  0.017497 -0.168155 -0.055047 -0.027714  0.135256 -0.024564
 -0.057841  0.110727 -0.133711  0.170195  0.031461  0.02329 ]
[-0.68633  -0.707566 -0.794338 -0.760196 -0.911261 -0.858166 -0.003565
 -0.119762 -0.025576 -0.069665 -0.057147 -0.062945  0.003281 -0.01807
 -0.110304 -0.002094 -0.035238 -0.016149 -0.001355 -0.025399]
[ -1.014570e+00  -1.031129e+00  -1.027219e+00  -9.379790e-01  -8.486748e-01
  -1.050500e+00   7.094262e-02   1.583254e-01   3.387476e-02   7.900704e-02
   3.998282e-02   9.687215e-02   4.810570e-02   8.226411e-02   9.881663e-02
  -7.594027e-03   8.610263e-04  -3.443694e-02  -6.893414e-02  -2.423106e-02]
[ -1.043191e+00  -1.058105e+00  -1.021374e+00  -1.010575e+00  -8.265471e-01
  -9.768455e-01   1.789786e-01  -9.175573e-03  -5.497615e-02   5.484920e-02
  -4.616269e-02  -7.104883e-04   1.622905e-02  -2.725393e-02   8.283523e-02
   1.675265e-02  -3.071520e-02   1.042913e-01   5.900252e-02   1.311371e-02]
[-0.811263 -0.75034  -0.637116 -0.856662 -0.813667 -0.640093  0.066075
  0.105958 -0.128923 -0.05877  -0.016353 -0.070713  0.061925 -0.141151
  0.101475 -0.033334 -0.036886 -0.035239  0.006332  0.006433]
[ -1.156117e+00  -1.006002e+00  -7.470610e-01  -1.053160e+00  -7.780503e-01
  -7.899033e-01  -6.313868e-02  -2.134832e-02  -5.692659e-02  -2.667696e-02
   1.367730e-02  -5.291527e-02   3.309700e-02  -3.435977e-02   8.690558e-04
   2.366336e-02   1.618287e-02  -4.934090e-02  -2.514677e-02  -1.774703e-02]
[-0.771242 -0.779477 -0.542136 -1.175378 -0.841375 -0.965741  0.012222
  0.143326 -0.059179 -0.087817  0.101312  0.016164  0.159393  0.146675
  0.18549   0.096624 -0.092953  0.013347  0.059116 -0.049878]
[-0.927635 -0.872015 -0.825159 -0.914345 -0.931368 -0.772929 -0.118966
  0.079096  0.119773  0.093631 -0.052391  0.157246  0.027943 -0.105499
  0.073721  0.04122   0.083082 -0.084655 -0.030924  0.015244]
[-0.928618 -1.018084 -0.736167 -0.902558 -0.617243 -0.833202 -0.05521
  0.002795  0.021157  0.007605 -0.028195  0.047576 -0.024987 -0.042799
 -0.043304  0.009028 -0.012437 -0.111554  0.061379  0.009758]
[-0.941313 -0.953471 -0.796059 -0.957227 -0.877483 -0.810219 -0.004347
  0.068064 -0.072283  0.181642 -0.06131  -0.109094 -0.006597 -0.088473
  0.013907 -0.048361  0.186352 -0.069864  0.008227 -0.006936]
[-0.473643 -0.653975 -0.420847 -0.887215 -0.710012 -1.051487  0.025287
  0.084742 -0.261627 -0.039699  0.042726 -0.240846 -0.030451  0.03006
  0.067096 -0.049142 -0.060354  0.025328 -0.033065  0.023856]
[-0.784839 -0.910474 -0.890582 -0.775872 -0.918547 -1.113242  0.026884
  0.043175 -0.078446  0.026232  0.092687 -0.14114   0.092137  0.065569
  0.044872  0.106039  0.027824  0.031874 -0.010494 -0.029464]
[-0.798373 -0.597467 -0.729667 -0.577802 -0.616043 -0.541504  0.087836
  0.181484  0.012678  0.069224  0.11088   0.038364 -0.088555  0.015151
  0.184182 -0.104257  0.102273  0.162953 -0.021655  0.00916 ]
[-0.775579 -0.6991   -0.817383 -0.824031 -0.936883 -0.9102   -0.027332
 -0.108985  0.053298  0.013268 -0.013621  0.097763  0.002114  0.000964
 -0.070916 -0.024442  0.05083  -0.0337    0.022892 -0.018184]
[-1.092618 -1.128394 -0.790059 -1.077945 -0.79439  -0.802682  0.081666
 -0.188558  0.061115 -0.021952  0.103037  0.031062  0.130833  0.116621
 -0.119147  0.161885 -0.05243   0.085466  0.022676 -0.010118]
[-0.85297  -1.28608  -1.238196 -0.848324 -0.853459 -1.061399  0.084548
 -0.09177  -0.050576 -0.021474 -0.018963 -0.015602  0.036805 -0.021353
 -0.104567 -0.011953 -0.046778  0.116404  0.030774 -0.00614 ]
[-0.834545 -0.942395 -0.742714 -0.827246 -0.722144 -0.652633  0.123294
 -0.014119  0.018179  0.079364 -0.078413  0.015618 -0.106654 -0.099517
  0.008224 -0.044797  0.116416  0.130735  0.007144  0.002087]
[-0.965282 -0.981364 -0.895046 -0.845968 -0.87667  -0.828841 -0.017465
 -0.013646 -0.04171  -0.037555 -0.031011 -0.019568  0.09313  -0.065485
 -0.043776  0.096393 -0.052483 -0.001898  0.002387 -0.007184]
[-1.125832 -1.071228 -1.003989 -1.045447 -1.015418 -1.041484  0.009848
 -0.037857 -0.025805 -0.03964  -0.094953 -0.016563 -0.103781 -0.089646
 -0.073593 -0.06364  -0.014016  0.011615 -0.010224 -0.005473]
[ -1.233225e+00  -9.724203e-01  -9.935333e-01  -1.115372e+00  -1.130281e+00
  -1.008737e+00  -1.216424e-02  -1.100097e-01  -3.362632e-03   3.539808e-02
  -5.153413e-02   5.646755e-02  -8.132157e-02   6.615997e-04  -5.484240e-02
  -3.152882e-02   7.936628e-02  -4.653258e-02  -2.271627e-02   1.066740e-02]
[-0.916544 -0.768747 -0.627362 -0.977747 -0.729484 -0.692478 -0.041188
  0.074019  0.006143 -0.002923 -0.094559  0.018846  0.026648 -0.08766
  0.060322  0.048355 -0.004621 -0.071477 -0.028025  0.015447]
[-1.068505 -0.905502 -0.710995 -1.1346   -0.881368 -0.721747 -0.011317
  0.014413 -0.006711 -0.00927   0.036943  0.048292  0.001691  0.064248
 -0.003203 -0.019391 -0.048774  0.044104 -0.031235 -0.068027]
[-1.186543 -0.704781 -1.033625 -0.868677 -1.26709  -0.709311  0.088633
  0.025668  0.041947 -0.069851 -0.087703  0.010758 -0.141751 -0.03899
 -0.056433 -0.16877  -0.076464  0.119733  0.060238  0.044346]
[-0.800961 -0.828269 -0.500668 -0.926028 -0.58132  -0.593599 -0.066463
  0.076289 -0.001131 -0.031056  0.073414 -0.00953   0.081551  0.046211
  0.039246  0.074432 -0.043004 -0.03822   0.051124  0.026969]
[ -8.513262e-01  -8.699469e-01  -5.453247e-01  -8.977109e-01  -5.296190e-01
  -6.226452e-01   8.870516e-02   1.466695e-02  -2.774305e-02  -2.280131e-02
  -1.614833e-01  -2.819243e-02   7.131521e-04  -1.172140e-01  -1.275740e-02
  -5.007897e-03   1.223383e-02   9.826753e-02  -8.490582e-03   5.169203e-03]
[ -9.416963e-01  -8.919561e-01  -7.054512e-01  -9.514233e-01  -7.507358e-01
  -6.928158e-01  -8.099626e-02  -7.436180e-02   4.845858e-02   2.440957e-02
  -5.046351e-02   5.208151e-02  -6.544674e-03  -7.488682e-02  -3.377275e-02
  -3.632779e-03   9.321361e-04  -9.962428e-02  -2.977054e-02  -9.958635e-03]
[-0.980804 -1.106792 -0.766657 -1.111175 -0.821787 -1.006493 -0.124385
  0.044877 -0.039696  0.226814 -0.043751 -0.079731 -0.080513  0.015079
  0.016872 -0.093497  0.196574 -0.050862  0.002156  0.006796]
[-0.674316 -0.639493 -0.621388 -0.878003 -0.806094 -0.889674 -0.012136
  0.004998 -0.085305 -0.003301  0.217929 -0.085453  0.084269  0.2567
  0.060699  0.043035 -0.003142  0.006337  0.039781  0.013906]
[-1.156476 -1.101724 -1.105748 -1.188447 -1.199665 -1.09546   0.06764
  0.05743   0.075599 -0.01315  -0.093621  0.033997  0.094233 -0.100023
  0.001524  0.076152  0.004785  0.062978  0.036254  0.02186 ]
[ -9.070246e-01  -9.152458e-01  -8.928280e-01  -9.585151e-01  -9.112079e-01
  -9.777639e-01   4.650391e-02   9.189578e-02   4.786771e-03   6.349080e-02
   1.922484e-02  -7.275223e-04   1.649646e-02  -5.259993e-02   9.483004e-02
   8.434629e-02   1.258172e-01   3.853034e-02   9.418823e-02   2.173268e-02]
[-1.097961 -0.943683 -0.991835 -1.091642 -1.172331 -0.954578  0.107135
 -0.011294  0.040883 -0.028998 -0.052575  0.033678  0.048664 -0.034023
  0.003824  0.038314 -0.023442  0.083677  0.026929  0.00197 ]
[-0.977116 -0.979094 -0.911375 -0.947026 -0.929373 -0.890519  0.010477
  0.071199 -0.061589  0.035656  0.018251 -0.104574 -0.041312  0.045002
  0.057014  0.015153  0.03806  -0.014363 -0.004341 -0.0093  ]
[-1.023653 -0.961684 -0.93951  -0.949273 -1.199723 -1.081709  0.075977
  0.048292  0.01105   0.248846  0.009711  0.008903  0.118026 -0.11192
  0.037816  0.025961  0.193727  0.251513  0.004327  0.007601]
[-0.688788 -0.647367 -0.51354  -0.998959 -0.796314 -0.893118  0.017548
  0.120864  0.08936   0.076963 -0.041401  0.072599  0.010798 -0.034762
  0.096496 -0.014929  0.149659  0.014627 -0.007405 -0.01332 ]
[-1.017847 -0.983107 -1.046703 -0.880235 -0.876399 -1.106491 -0.082226
 -0.052959 -0.073734  0.003435  0.095309 -0.062406 -0.062841  0.099844
  0.085023 -0.090385  0.032378  0.012382  0.096774  0.021066]
[-0.894649 -0.96959  -0.754771 -0.777233 -0.620002 -0.618863  0.125036
 -0.192584  0.005526  0.007255 -0.067302  0.041147 -0.038376  0.016324
 -0.27348   0.056564 -0.064609  0.171468 -0.041517 -0.019784]
[-1.088725 -0.793764 -1.071869 -1.075351 -1.270898 -0.965449  0.123194
  0.16496  -0.132191  0.050114 -0.053285 -0.109192 -0.115982  0.012024
  0.087595 -0.125114  0.16995   0.167769 -0.054123 -0.028972]
[-1.258579 -0.96513  -0.542175 -1.221644 -0.576358 -0.573789  0.056227
  0.047241 -0.160504  0.119493  0.317282 -0.056708  0.060912  0.156822
  0.041359  0.015772  0.041957  0.047365  0.054774  0.05531 ]
[-0.850507 -0.884821 -0.506482 -0.88456  -0.591413 -0.529497  0.079068
 -0.059817  0.008945 -0.102508  0.005352 -0.041523 -0.052061  0.080466
 -0.054262 -0.033071 -0.055789  0.082384 -0.001903 -0.000929]
[-0.766444 -0.702625 -0.506084 -0.762484 -0.648225 -0.646533  0.115072
  0.061465 -0.087885 -0.128818 -0.062385 -0.071456 -0.102963 -0.057644
  0.030676 -0.104864 -0.088982  0.03687  -0.03335  -0.048194]
[-0.835619 -0.867042 -0.836799 -0.777717 -0.612458 -0.751932  0.089929
 -0.019062  0.005059 -0.065592  0.021474 -0.002991  0.034893  0.008032
 -0.022262  0.026683 -0.071378  0.068752  0.045041  0.016888]
[-0.816192 -0.876717 -0.634442 -0.912544 -0.63217  -0.76657  -0.087865
  0.005642  0.021859 -0.019401 -0.10031   0.026326 -0.0285   -0.074895
  0.027323 -0.08415  -0.041898 -0.064203  0.046407  0.006181]
[-1.010068 -0.749704 -1.081065 -0.647018 -1.075198 -0.833457  0.016761
 -0.082682 -0.139597  0.058014  0.001798 -0.155484  0.167543  0.008578
 -0.142451  0.140645 -0.002353  0.001489  0.017972  0.007404]
[-0.656109 -0.713488 -0.534515 -0.717571 -0.470635 -0.575265 -0.028134
  0.022635 -0.002555  0.051461 -0.024898 -0.011419  0.076871 -0.001602
  0.022496  0.084631  0.047295 -0.002032  0.00192  -0.023811]
[-0.968058 -0.97085  -0.893302 -1.075364 -0.875944 -0.993016 -0.033004
  0.143003  0.00567  -0.074725  0.01154  -0.0091    0.042247 -0.016134
  0.145027  0.02766  -0.063883  0.017924 -0.032749 -0.041708]
[-0.972337 -0.883408 -0.887009 -0.952064 -0.878625 -0.842247 -0.029456
 -0.04827   0.028148  0.024502 -0.02044   0.015952 -0.194123 -0.052161
 -0.042193 -0.099064 -0.067112 -0.083656  0.006188  0.051001]
[-1.153117 -0.870189 -0.850438 -1.073283 -1.029493 -0.761857 -0.011617
  0.099586  0.019281 -0.018023 -0.056417  0.102153  0.099135 -0.091359
  0.146691  0.037052  0.026217 -0.071448  0.040568 -0.026535]
[ -7.689529e-01  -7.633856e-01  -7.518799e-01  -7.157974e-01  -7.198336e-01
  -6.561672e-01   3.582218e-02  -2.895749e-02   2.007774e-02  -4.458032e-02
   4.652957e-02   1.625494e-02   2.701194e-04   7.074792e-02  -3.672132e-02
   7.924945e-02  -6.903816e-03   5.742534e-02   1.914597e-03  -4.582293e-03]
[-0.822805 -0.695489 -0.614704 -0.59129  -0.631435 -0.363261  0.033192
 -0.010693 -0.024199  0.063806  0.054532 -0.046309  0.120964  0.060201
  0.013514  0.110487  0.057708  0.044556 -0.005829 -0.027826]
[-0.955547 -1.121044 -1.140044 -0.740977 -0.653219 -0.774306  0.066582
 -0.03253  -0.080135  0.019048 -0.076013 -0.032147  0.025788 -0.054784
 -0.05773   0.0881    0.065445 -0.032835  0.028999  0.021851]
[-0.709297 -0.690182 -0.697604 -1.138938 -0.974306 -1.069508  0.027622
 -0.137992  0.155245 -0.024705  0.034924  0.199044 -0.002451  0.076279
 -0.189776 -0.109213  0.041949  0.011982 -0.00128  -0.014073]
[ -7.856141e-01  -8.315571e-01  -6.454277e-01  -9.379334e-01  -7.354802e-01
  -8.919665e-01   3.554869e-02  -1.357312e-01   7.152972e-02   2.010213e-02
   8.129462e-02   1.707955e-02   1.353208e-01   1.381075e-01  -9.341220e-02
   7.440246e-02  -1.384762e-04   3.071122e-02  -3.689126e-03   3.558111e-02]
[-0.961328 -0.885853 -0.835654 -0.758442 -0.729786 -0.708153  0.066188
 -0.131125  0.025011  0.027021 -0.025214  0.023707 -0.023812 -0.116833
 -0.077078 -0.030487 -0.012817  0.12284   0.00957   0.02797 ]
[-1.093243 -1.144958 -1.30752  -0.831195 -0.748557 -1.32016   0.056591
  0.05257   0.111559 -0.010801  0.126648  0.235715 -0.008975  0.064581
 -0.065586  0.00757  -0.022659 -0.066362 -0.060716  0.084945]
[-1.253632 -1.124488 -1.021151 -1.032056 -1.119666 -1.056895 -0.017672
  0.078456 -0.054108 -0.065349  0.075559 -0.102706 -0.121212  0.053609
  0.06721  -0.095485  0.017379 -0.028453  0.015435  0.005949]
[-0.875731 -0.744338 -0.8447   -0.653749 -0.779394 -0.579008 -0.043908
  0.107483  0.057779 -0.074198  0.016753  0.033004  0.029743  0.019511
  0.10118   0.052917 -0.061902  0.017311 -0.018399  0.019321]
[-0.70233  -0.95513  -0.846482 -0.806994 -0.610286 -0.975826  0.038507
  0.013796 -0.053103 -0.093021  0.033603 -0.081818  0.06824   0.019845
  0.090309  0.078303 -0.066563  0.032816  0.015618 -0.020361]
[-0.900518 -1.03175  -0.744141 -0.913894 -0.791098 -0.849569 -0.093512
 -0.093614  0.107075  0.182642  0.123511  0.150846 -0.010094  0.136246
 -0.10091   0.040949  0.164392 -0.070339 -0.042407 -0.006224]
[-1.106138 -0.859928 -0.725768 -0.89545  -0.643603 -0.464856  0.009141
 -0.117686  0.115412  0.054595 -0.043483  0.075791  0.05349  -0.036597
 -0.127462  0.043372  0.003623  0.178663  0.035411 -0.040576]
[ -8.765697e-01  -1.055340e+00  -1.091261e+00  -7.447413e-01  -8.752373e-01
  -1.194155e+00  -9.083008e-03  -2.549094e-02  -8.636217e-05   1.691969e-01
   1.453458e-02  -2.980024e-02  -4.203046e-02  -5.933664e-02   1.215731e-02
   6.952659e-02   2.482066e-01   3.305465e-03  -2.213652e-02  -9.292000e-03]
[ -1.202752e+00  -1.280456e+00  -1.021584e+00  -9.409207e-01  -1.003237e+00
  -1.316599e+00   1.869378e-01  -6.209055e-04  -1.783953e-01   7.866807e-03
  -5.698461e-02  -1.244073e-01   3.166918e-02  -5.005856e-02   7.918043e-02
   1.395403e-02   4.565547e-02   3.027110e-01  -4.098068e-03  -1.614920e-02]
[-1.110126 -0.921825 -0.800512 -1.036374 -0.957735 -0.662011  0.049858
 -0.048047 -0.034034 -0.025084 -0.038642 -0.02309  -0.010822 -0.07008
 -0.047033 -0.021893 -0.043973 -0.029037  0.00776   0.031325]
[-0.966584 -0.960915 -0.641224 -0.905576 -0.637259 -0.717281 -0.079439
 -0.005265  0.009137 -0.16955   0.007474 -0.04465  -0.042163  0.124088
 -0.024163 -0.04799  -0.165326 -0.132293  0.051628  0.038271]
[-1.235318 -1.096095 -0.986788 -1.089952 -0.838149 -0.969776 -0.078418
  0.061815 -0.04323   0.120741  0.065873  0.00641  -0.100459 -0.070142
  0.071075 -0.05224   0.037275  0.008409  0.023538 -0.046477]
[ -1.026392e+00  -8.958687e-01  -7.946523e-01  -8.629563e-01  -7.637581e-01
  -7.043572e-01   5.227775e-02  -5.940477e-02   1.932491e-02  -1.187482e-02
   1.006454e-02   3.360107e-02   1.086675e-02  -7.209350e-04  -3.757056e-02
   5.737268e-05  -4.052554e-02   1.111891e-02   1.659623e-02  -3.854654e-03]
[-0.691741 -1.089917 -0.804197 -0.687686 -0.391242 -0.897833  0.032571
 -0.010081  0.058291 -0.133584  0.022964  0.084213 -0.186752  0.021554
 -0.065778 -0.125151 -0.149465 -0.017684 -0.014268 -0.022965]
[-0.84796  -0.836503 -0.743392 -0.88997  -0.781882 -0.7671   -0.017315
  0.045317 -0.047149  0.0175    0.04485   0.031719 -0.040298  0.083061
  0.049268 -0.042545  0.010221 -0.036849  0.062423  0.028501]
[-0.72379  -0.697347 -0.554223 -0.897692 -0.838845 -0.75966  -0.084074
 -0.14695  -0.113988  0.104751  0.243597 -0.086732  0.061418  0.154003
 -0.203619  0.033843  0.039013 -0.135582  0.024044 -0.006096]
[ -1.066603e+00  -8.782801e-01  -1.012943e+00  -1.011844e+00  -1.132053e+00
  -9.620313e-01  -1.140498e-01  -5.889190e-02   5.103467e-02   7.036197e-03
  -3.556947e-05   3.813555e-02  -1.278773e-01  -5.584682e-02  -6.834546e-02
  -6.965211e-02   7.088978e-02  -9.306911e-03   1.355427e-02   2.648035e-02]
[-0.747571 -0.682908 -0.560894 -0.821274 -0.691097 -0.785369  0.005768
 -0.188526 -0.104004  0.059052 -0.076901 -0.085302  0.005726 -0.124159
 -0.123489  0.036894 -0.00977   0.010478  0.039063 -0.004557]
[-0.89043  -0.695629 -0.714683 -0.655541 -0.733473 -0.499727  0.081329
  0.004297  0.09647   0.002724  0.08044   0.072348 -0.042837  0.044854
  0.001706 -0.058079 -0.049071  0.055863  0.001745  0.003781]
[-0.953963 -0.848042 -0.63539  -0.899865 -0.708343 -0.578429 -0.053929
 -0.027719 -0.061715 -0.052635  0.001682 -0.102743  0.050703  0.037344
 -0.042832  0.025013 -0.044557 -0.057536 -0.073309 -0.017213]
[-0.755076 -0.849166 -0.909849 -0.622213 -0.777555 -0.946211  0.145233
  0.077427 -0.070628  0.056163  0.090699 -0.032123 -0.063976  0.088175
  0.016577 -0.065974  0.019533  0.160318  0.02802  -0.010738]
[-0.91954  -0.957854 -0.741796 -0.844586 -0.761063 -0.733544 -0.051748
  0.029345  0.063606 -0.021997 -0.14581   0.092559 -0.031267 -0.152764
 -0.0104   -0.044915  0.002466 -0.077009 -0.004031  0.007242]
[ -9.471694e-01  -8.204069e-01  -9.242801e-01  -9.245458e-01  -9.809508e-01
  -8.519336e-01  -1.989235e-01  -1.035981e-01  -1.319794e-01   4.723460e-02
   6.179772e-04  -9.027907e-02  -6.115524e-02  -2.525862e-02  -1.592835e-01
  -3.277768e-02   8.243931e-02  -1.950064e-01   9.416715e-03   3.560984e-02]
('Mean', 1, ': ', -0.94716941285060186)
('Median', 1, ': ', -0.94716941285060186)
('Variance', 1, ': ', 0.0)
('Mean', 2, ': ', -0.82040692980040819)
('Median', 2, ': ', -0.82040692980040819)
('Variance', 2, ': ', 0.0)
('Mean', 3, ': ', -0.92428012862414421)
('Median', 3, ': ', -0.92428012862414421)
('Variance', 3, ': ', 0.0)
('Mean', 4, ': ', -0.92454579394842562)
('Median', 4, ': ', -0.92454579394842562)
('Variance', 4, ': ', 0.0)
('Mean', 5, ': ', -0.98095077348991921)
('Median', 5, ': ', -0.98095077348991921)
('Variance', 5, ': ', 0.0)
('Mean', 6, ': ', -0.85193355607676968)
('Median', 6, ': ', -0.85193355607676968)
('Variance', 6, ': ', 0.0)
('time: ', 11260.728816986084)
