“Running plot script on a single CPU core”
[ 0.012756  0.014535  0.053939  0.059591  0.016085 -0.048264]
[-0.071639  0.023138 -0.004279 -0.023511 -0.008695 -0.021063]
[-0.034292 -0.021819 -0.016269  0.02476   0.033005 -0.016254]
[ 0.011028  0.037313  0.042958  0.009474  0.014977  0.014366]
[ 0.104725  0.098136  0.077912  0.039139 -0.015294  0.016951]
[-0.02754  -0.029753 -0.03199  -0.01655   0.040314 -0.001783]
[ 0.035205  0.023368  0.066451 -0.019312 -0.021394 -0.002894]
[ 0.014734  0.050116  0.044317  0.005368 -0.000664  0.017981]
[ 0.011612  0.03367   0.073171  0.008678 -0.011446 -0.004833]
[ 0.020313  0.064158 -0.016485  0.011231  0.000274  0.014819]
[-0.049915  0.015051  0.024205 -0.017788 -0.008845  0.000128]
[-0.005502  0.106183  0.054498  0.017023 -0.022498  0.023185]
[-0.011292  0.008097  0.031563 -0.012377  0.002204  0.003423]
[-0.001634  0.06688   0.089734 -0.013947 -0.017569 -0.013507]
[-0.042509  0.025814 -0.030725  0.004311  0.041573  0.008064]
[ 0.05012   0.026099  0.074649 -0.022927  0.050133 -0.013271]
[ 0.089922  0.038722  0.065852  0.027807 -0.034849 -0.015246]
[ 0.002608  0.017225  0.017034  0.009897  0.009082  0.015984]
[ 0.028469 -0.027233 -0.015718  0.011477  0.021085 -0.013268]
[ 0.031653  0.089849  0.042256  0.008966 -0.023175 -0.001065]
[ 0.066496  0.097433  0.077237  0.064844  0.032842 -0.061628]
[ 0.058     0.088254  0.125224  0.003525 -0.039606 -0.04428 ]
[ 0.021882  0.034609  0.006642 -0.002514 -0.002123 -0.012758]
[-0.003811  0.020044  0.016304 -0.004532  0.033466 -0.001125]
[ 0.043763  0.054238  0.11438   0.029272  0.006035  0.021607]
[ 0.025618  0.058863  0.065138 -0.013258 -0.017493  0.011423]
[ 0.051107 -0.003955  0.026586 -0.009016  0.004161 -0.000275]
[ 0.078214  0.048158  0.050581 -0.014254  0.038519  0.036067]
[ 0.068499  0.051441 -0.020063 -0.027153  0.011073  0.001816]
[ 0.005409  0.074657  0.074317  0.016443  0.006013 -0.008526]
[ 0.054448  0.021789  0.020511 -0.003419  0.006448  0.010384]
[ 0.050478  0.058045  0.036182 -0.040434 -0.016726  0.035368]
[ 0.049694  0.055587  0.023974  0.018654  0.019747  0.042333]
[-0.021938 -0.011403  0.035758  0.012198  0.03402  -0.025462]
[ 0.047654  0.082716  0.058057 -0.001981 -0.006074  0.008564]
[ 0.026491  0.074249  0.06918   0.014201  0.029754 -0.023574]
[ 0.045051  0.003689  0.013903 -0.018351 -0.013116  0.007403]
[ 0.038062  0.033896  0.038257  0.003363  0.017466 -0.006579]
[ 0.004447  0.043455  0.02764  -0.024158  0.050031  0.001473]
[ 0.073648  0.076035  0.079169 -0.006369  0.016968  0.007822]
[ 0.047552  0.066869  0.013275  0.019327  0.021306 -0.00106 ]
[ 0.052206  0.070195  0.043415 -0.007101  0.0037   -0.003656]
[-0.03406  -0.003307 -0.017091  0.016251 -0.006434  0.019309]
[ 0.099229  0.105055  0.094088 -0.031941 -0.016033  0.008035]
[  5.914913e-02   8.434719e-02   1.336989e-01   2.333611e-03  -1.193055e-04
   3.355874e-02]
[-0.042935 -0.040625 -0.001621  0.006757  0.008209 -0.012448]
[ 0.108852  0.111919  0.154233  0.034315  0.019532 -0.019713]
[ 0.039947  0.049933  0.096905  0.009245  0.0264   -0.006254]
[ 0.037607  0.049112  0.065853 -0.031193  0.004056  0.013485]
[-0.031181  0.039788  0.057636 -0.027908  0.046819  0.027565]
[-0.04995  -0.060481 -0.023271  0.016603  0.006065 -0.0583  ]
[ 0.023626  0.172668  0.171508  0.024147 -0.014491  0.010347]
[ 0.010361  0.02462   0.021962 -0.006291 -0.011751 -0.001658]
[ 0.042341  0.058659  0.054023 -0.011552  0.023922  0.009691]
[-0.016479  0.062659  0.039611  0.014859  0.031907 -0.022156]
[ 0.064553  0.084628  0.103834 -0.045018  0.00576  -0.01413 ]
[-0.021707  0.006371 -0.028502 -0.001735 -0.0011    0.015002]
[ 0.044823  0.005193  0.000886 -0.026317 -0.009065 -0.020004]
[ 0.043933  0.014991  0.054118 -0.003869  0.014645 -0.000839]
[ 0.00043   0.014887 -0.004383  0.008994 -0.005946  0.00641 ]
[ 0.017295  0.016646  0.005873 -0.028949 -0.015602  0.026376]
[-0.038552  0.000603  0.057875 -0.008464  0.053949 -0.046945]
[ 0.006813  0.018842  0.051838  0.005099  0.014509 -0.030832]
[-0.020659 -0.034765  0.028541  0.022937  0.009937  0.039768]
[-0.002324  0.02824   0.036883 -0.002355 -0.005814  0.034326]
[-0.059224 -0.022686  0.008739  0.001104  0.01063   0.021037]
[ 0.021156  0.020459  0.052485  0.025143  0.005074  0.026749]
[-0.025971 -0.050538  0.024765 -0.016967  0.017317 -0.018793]
[ 0.062372  0.040117  0.118525  0.011404 -0.004178 -0.001871]
[ 0.081988  0.032255  0.054864  0.022441 -0.022247  0.010964]
[ 0.031001  0.051158  0.006699  0.010752 -0.004515 -0.001315]
[ 0.021315  0.078905  0.03291  -0.015072  0.016189 -0.008702]
[ 0.061367  0.085113  0.109276 -0.006556  0.032162  0.002589]
[-0.021805  0.004171 -0.02941   0.023544  0.002203  0.015147]
[ 0.000976 -0.016695 -0.014319 -0.013888  0.004908  0.011295]
[ 0.015919  0.031749  0.00472   0.015834 -0.005936  0.013375]
[ 0.037682  0.105578  0.089401  0.022674 -0.008075 -0.00856 ]
[ 0.071696  0.050346  0.033733  0.007156  0.00297  -0.007841]
[ 0.123523  0.068814  0.128649 -0.042135 -0.002845  0.031925]
[ 0.092701  0.070213  0.064351  0.001101  0.012998  0.011005]
[-0.082475 -0.014577 -0.022146  0.033473  0.000272  0.005717]
[ 0.034794  0.071294  0.011766  0.024976  0.033127  0.018976]
[-0.022908 -0.004386 -0.01564  -0.008458 -0.011756  0.001319]
[ 0.045289  0.073482  0.028595  0.021603 -0.01122   0.00155 ]
[-0.019697 -0.028454  0.035851  0.020848 -0.000349 -0.001888]
[ 0.093953  0.108614  0.058435  0.005504 -0.025154 -0.027226]
[-0.027382  0.035848  0.003994  0.02574  -0.007295  0.000608]
[ 0.028761  0.133428  0.088197  0.001155 -0.031413  0.000495]
[-0.052063 -0.000402  0.074956  0.068741  0.017128  0.00544 ]
[-0.024336 -0.01819  -0.035202 -0.008593  0.004934 -0.018548]
[ 0.092593  0.092739  0.163167  0.001891 -0.019337 -0.023686]
[ 0.002777  0.037747  0.016872  0.029917 -0.018475  0.032818]
[-0.030363  0.071872  0.010282  0.012367  0.007349 -0.001478]
[ 0.044791  0.039722  0.097758  0.026986  0.027876 -0.011118]
[ 0.001937  0.038633  0.029707 -0.009301  0.006352  0.01174 ]
[-0.009515  0.005288 -0.026397  0.002765 -0.017857 -0.026438]
[ 0.039436  0.051253  0.069765 -0.005899  0.003682 -0.017416]
[ 0.02893   0.00799  -0.03165   0.000788  0.017222  0.012692]
[ 0.037933  0.064406  0.10227   0.021459  0.016374  0.015768]
[ 0.090081  0.069516  0.101097  0.008538 -0.018333  0.031693]
('Mean', 1, ': ', 0.090080628298502274)
('Median', 1, ': ', 0.090080628298502274)
('Variance', 1, ': ', 0.0)
('Mean', 2, ': ', 0.069516133856766679)
('Median', 2, ': ', 0.069516133856766679)
('Variance', 2, ': ', 0.0)
('Mean', 3, ': ', 0.10109696621271529)
('Median', 3, ': ', 0.10109696621271529)
('Variance', 3, ': ', 0.0)
('time: ', 14900.283385038376)
