“Running plot script on a single CPU core”
[-0.818022 -0.688358 -0.864123 -0.791835 -0.896757 -0.856647  0.054912
  0.100416  0.128726 -0.066052 -0.068118  0.10222   0.017822 -0.063836
  0.075134 -0.040171 -0.068588 -0.01977   0.026875 -0.01988 ]
[-1.073257 -1.065762 -1.048118 -0.830141 -0.822128 -0.882402 -0.134458
 -0.107842 -0.066807  0.039617  0.101349 -0.127355 -0.050562  0.019749
 -0.048453  0.01855  -0.034914 -0.130098 -0.029237 -0.026805]
[-1.091155 -1.141235 -0.908995 -1.05009  -0.923964 -1.03892   0.019966
  0.129139  0.119094  0.022123  0.028041  0.096408 -0.012895  0.077876
  0.223804 -0.012313 -0.091533  0.07133   0.03558   0.019141]
[-1.184765 -1.235308 -0.896986 -1.000882 -0.91942  -0.823295  0.145236
  0.019707  0.055908  0.04764  -0.002704  0.09251  -0.078771  0.046299
 -0.028124  0.006936 -0.006696  0.093091 -0.144599 -0.036395]
[-0.923738 -0.925688 -0.904448 -0.829259 -0.85649  -0.800589  0.083557
 -0.023391  0.064417  0.04206   0.017784  0.010153  0.010756  0.004095
 -0.024946  0.042898  0.022167  0.12441  -0.056311 -0.006343]
[-1.129774 -0.929599 -0.996949 -0.713455 -0.701774 -0.714622 -0.083923
  0.019316 -0.018     0.026267 -0.024353 -0.046177 -0.113442 -0.055665
 -0.050129 -0.085634 -0.024297 -0.07184   0.044054 -0.00663 ]
[-0.873243 -1.049641 -0.997245 -1.051174 -0.924823 -1.346932 -0.100821
 -0.019295 -0.071692  0.041392 -0.051958 -0.023484  0.008455  0.01693
 -0.036789 -0.00228  -0.018198 -0.025159 -0.007187 -0.022218]
[-1.06809  -0.90498  -1.161783 -0.942978 -1.311939 -1.283304  0.025564
 -0.101486 -0.029467  0.02108  -0.026597  0.017694  0.09789   0.078654
 -0.071842  0.03066  -0.063782 -0.0242   -0.047481  0.051749]
[-0.923497 -0.941721 -0.864488 -0.769277 -0.690369 -0.74057   0.028982
  0.012114 -0.027922 -0.02466   0.064483 -0.00448   0.036907  0.092553
  0.031048  0.026491 -0.066806  0.019674 -0.022374 -0.00242 ]
[ -9.156376e-01  -7.780256e-01  -9.849439e-01  -6.610785e-01  -8.112944e-01
  -7.061633e-01  -9.384613e-02  -6.407214e-02  -3.686165e-03  -1.107666e-04
  -3.362456e-02   2.595380e-02  -1.441639e-01  -5.149872e-03  -1.060671e-01
  -8.662999e-02  -7.467726e-02  -1.310936e-01  -9.998955e-03   1.679483e-02]
[-1.071636 -1.069981 -1.078355 -0.994958 -1.032013 -1.154019 -0.067907
  0.001642  0.082204 -0.085856  0.085115  0.071045 -0.00433   0.085723
  0.073729  0.018768 -0.138718 -0.057024  0.014878  0.023   ]
[-0.971244 -0.749381 -0.830924 -0.781766 -0.844719 -0.632253 -0.014507
  0.087959 -0.020307  0.039233 -0.076393 -0.021588  0.060571 -0.066494
  0.11415   0.048355  0.019885 -0.003743 -0.013013 -0.001872]
[ -9.062407e-01  -6.812996e-01  -6.673386e-01  -8.856118e-01  -8.567914e-01
  -6.347301e-01  -1.120557e-02  -5.752353e-02  -5.037329e-02   2.117215e-02
  -6.644076e-02  -1.708882e-02   4.761493e-02   8.996136e-03  -1.816215e-02
  -4.751179e-04   2.112621e-02  -1.062761e-03  -6.591148e-02   3.502816e-03]
[-1.182417 -0.968598 -0.965129 -0.953832 -1.001    -0.958741 -0.013828
 -0.071889 -0.117174  0.029341  0.010688 -0.096517  0.121947 -0.008714
 -0.123964  0.085134  0.015569 -0.018731  0.009532  0.016975]
[-0.738989 -0.775669 -0.679251 -0.604593 -0.58475  -0.762922 -0.099593
  0.064106  0.060915  0.106329  0.006565  0.109905 -0.144889 -0.030302
  0.043916 -0.088571  0.095374 -0.022706  0.007189  0.001915]
[-0.798899 -0.915478 -0.884968 -0.816687 -0.730637 -0.932619  0.088333
 -0.011534  0.037533  0.010874 -0.038562  0.032961 -0.025675 -0.052485
  0.035167  0.025922 -0.030111  0.047795 -0.010938  0.032916]
[ -9.864007e-01  -9.428490e-01  -1.101352e+00  -7.273107e-01  -9.370263e-01
  -9.698282e-01   4.671760e-02   1.142584e-01  -3.647194e-02  -2.604803e-02
  -5.900784e-03  -7.565321e-02   5.896636e-04   6.054229e-02   1.386435e-01
   1.485292e-02  -3.284010e-02   1.952781e-02  -1.459667e-02   1.340800e-02]
[-0.73746  -0.764833 -0.470615 -0.781669 -0.786369 -0.753311 -0.068434
 -0.068245 -0.058148  0.001417 -0.030434 -0.028833 -0.115601 -0.033193
 -0.056024 -0.071896  0.003359 -0.037069  0.005566 -0.038003]
[-1.070585 -0.856989 -0.776928 -0.917856 -0.854031 -0.683509  0.046477
  0.187526  0.006635 -0.116637  0.062834  0.028273  0.011837 -0.019035
  0.230248  0.028382 -0.114765 -0.015281  0.06732  -0.019883]
[-0.845307 -0.772695 -0.701221 -0.750656 -0.518423 -0.582497 -0.056295
  0.014357  0.032093 -0.227443 -0.033452  0.008378 -0.059803 -0.011864
  0.030426  0.034342 -0.198223 -0.097641 -0.017202  0.011856]
[-0.811731 -0.711846 -0.643517 -0.769457 -0.590522 -0.534987  0.147137
 -0.124105 -0.023516  0.061307  0.083675 -0.048537  0.014826  0.151062
 -0.058703  0.010426  0.044144  0.079365 -0.023881  0.017601]
[-0.951064 -0.938446 -0.882503 -0.785499 -0.873159 -0.781842  0.128742
 -0.106045 -0.068846 -0.039484  0.036442 -0.061373 -0.020003  0.041968
 -0.089498 -0.051709 -0.024882  0.125765  0.074069 -0.000985]
[-0.842324 -1.050454 -0.890378 -0.950314 -0.897876 -1.053948  0.076075
 -0.027204 -0.08528  -0.013011 -0.059804 -0.038459  0.053746 -0.051044
  0.013078  0.020458 -0.050564  0.051781  0.031437 -0.048214]
[-0.935785 -1.008679 -0.788288 -1.004857 -0.913323 -0.924181 -0.028507
  0.028527  0.176193  0.0642    0.045696  0.173427 -0.047737 -0.001646
 -0.005986 -0.095037  0.111581  0.064343 -0.057404 -0.036109]
[-0.929794 -0.589354 -0.734469 -0.666183 -0.934385 -0.570075  0.053393
 -0.09919   0.00928  -0.137425  0.114911  0.042095  0.0834    0.058851
 -0.060968  0.072771 -0.136116  0.166126 -0.004734  0.03991 ]
[-1.040406 -0.778352 -0.911822 -0.880745 -1.115419 -0.755829 -0.055941
 -0.079526 -0.076479  0.020642  0.054189 -0.118159  0.014817  0.068502
 -0.010028  0.08581   0.028781 -0.003341 -0.048225 -0.003449]
[-1.175691 -0.868001 -0.94764  -1.023221 -1.13156  -0.821791  0.044704
  0.00884  -0.049077  0.003648  0.023877 -0.059089 -0.075077 -0.010744
  0.005463 -0.129476  0.012195  0.078681  0.017826 -0.00538 ]
[-1.025478 -0.884172 -0.87607  -0.724063 -0.651749 -0.367951  0.150461
  0.124593 -0.05714  -0.100843  0.106105 -0.028256  0.326803  0.131022
 -0.009801  0.322598 -0.122993  0.101659  0.077855 -0.030593]
[-0.959677 -0.825554 -0.763857 -0.950549 -1.181529 -0.991113 -0.023497
 -0.032032 -0.097531  0.001247 -0.062152 -0.237968 -0.008559 -0.081466
 -0.060297  0.019005  0.039281 -0.001956 -0.053661  0.008469]
[-0.863012 -0.853156 -0.871013 -0.837469 -0.728069 -0.763911 -0.031028
 -0.041298  0.152486 -0.137847  0.135095  0.121131 -0.056912  0.033693
  0.000918 -0.040319 -0.155924 -0.008766 -0.074692  0.022552]
[-1.192765 -0.984645 -0.937588 -1.147021 -0.96339  -0.856367  0.102755
  0.164248 -0.189883 -0.035617 -0.015986 -0.135269  0.211927 -0.078813
  0.129722  0.115212  0.046401 -0.01661  -0.062675 -0.029733]
[-1.190245 -0.927723 -1.059878 -1.15459  -1.280482 -1.165381 -0.093166
 -0.03431   0.019048  0.001774  0.012191  0.022624 -0.007287 -0.004709
 -0.00693   0.025458  0.097756 -0.104905  0.037512 -0.004135]
[-1.224076 -1.217318 -1.218316 -0.96048  -0.99567  -1.052847  0.060838
 -0.077768  0.03167   0.009652  0.056924  0.026871 -0.093038  0.05996
 -0.044611 -0.154281 -0.008038  0.044946  0.018356 -0.032197]
[ -1.186166e+00  -1.041437e+00  -1.183175e+00  -9.875671e-01  -1.092640e+00
  -1.085688e+00   2.084555e-01  -4.674068e-02  -4.146171e-02   3.914066e-02
  -1.269869e-05  -4.285460e-03  -6.130090e-03   7.652572e-02  -1.599939e-01
  -1.023352e-02   5.569723e-02   1.320407e-01   7.620675e-02   2.053788e-02]
[-0.896792 -1.023198 -0.582915 -1.039367 -0.535113 -0.516652  0.083109
  0.012113 -0.117999  0.028739  0.094414 -0.072469 -0.069559  0.05868
  0.056776 -0.08725   0.060827  0.044415  0.031179 -0.003804]
[-1.028973 -0.92167  -1.146708 -0.675384 -0.961932 -0.730496  0.045834
 -0.060173  0.035199  0.043031 -0.029352  0.002429 -0.047606 -0.009856
 -0.147601 -0.082049  0.062969  0.06632   0.028053  0.019693]
[-1.089117 -0.546648 -1.118521 -0.419976 -1.233254 -0.398805 -0.115391
 -0.278653 -0.131326  0.01055   0.211899 -0.154361 -0.094324  0.033321
 -0.152819 -0.049775 -0.07988  -0.137053 -0.013055  0.022559]
[-0.888286 -0.702157 -0.778277 -0.736364 -0.769143 -0.815253 -0.038725
 -0.080908  0.128489 -0.050071  0.018033  0.108969  0.08919   0.004291
 -0.01612   0.040824 -0.058671 -0.039501  0.023811  0.005544]
[-0.966628 -1.028374 -0.915351 -0.919156 -0.836502 -1.046185 -0.087617
 -0.043669  0.107588  0.013634 -0.131718  0.185988 -0.061847 -0.146905
  0.002002 -0.071395  0.012446 -0.008466 -0.028568 -0.022187]
[-1.131336 -0.696962 -0.912007 -0.824028 -1.085563 -0.829493  0.105397
  0.120762 -0.092259 -0.053058  0.065912 -0.04841  -0.022482  0.039831
  0.035526  0.011308 -0.068361  0.222673 -0.042972 -0.053422]
[-0.85155  -1.062915 -0.90463  -0.958633 -0.841323 -1.157941  0.063088
  0.071476 -0.095246  0.046567 -0.078451 -0.137222  0.037407 -0.053317
 -0.005359  0.005634  0.061947  0.066993 -0.062152  0.001436]
[-0.998457 -0.876711 -0.805378 -0.844872 -0.946903 -0.839635  0.011066
 -0.008603 -0.062614  0.113604  0.006999 -0.060398 -0.009808  0.083635
 -0.037965  0.006683  0.178948  0.01198   0.031057 -0.015105]
[-0.708975 -0.556146 -0.595896 -0.498273 -0.567688 -0.471919 -0.079944
 -0.006034 -0.052993  0.016145 -0.015953 -0.018631  0.001756 -0.024584
  0.065053  0.012106  0.050273 -0.103051 -0.015286  0.014758]
[ -7.218072e-01  -1.234133e+00  -1.114968e+00  -6.397739e-01  -4.730670e-01
  -1.021618e+00  -3.011739e-02   7.207096e-02  -3.548682e-02  -1.986590e-01
   5.734357e-02  -1.446401e-03  -1.194621e-01   1.780305e-01   6.776147e-02
  -2.166316e-02  -1.787463e-01   3.198672e-03   9.188583e-04  -1.402794e-02]
[-0.891136 -1.03123  -0.577063 -1.18776  -0.790963 -0.995306 -0.105546
 -0.06298  -0.074401  0.02484   0.060055  0.02529   0.035005  0.077536
 -0.003233  0.084256  0.004571 -0.093192 -0.015596 -0.001253]
[ -9.143226e-01  -8.120946e-01  -6.994611e-01  -8.697923e-01  -7.172464e-01
  -5.765591e-01  -3.432420e-02   1.584558e-02   2.782220e-02  -1.988099e-02
   3.759706e-04   2.232314e-02  -1.316862e-01   3.004877e-02  -3.951971e-03
  -1.582450e-01   4.917610e-02  -3.903854e-02  -2.519588e-02  -3.758670e-03]
[-0.91187  -0.753245 -0.720908 -0.622346 -0.724277 -0.583878 -0.039272
 -0.012329 -0.055807 -0.044833 -0.025623 -0.069619 -0.003798 -0.039141
  0.05671  -0.035863  0.091284 -0.024412  0.028182  0.038558]
[-1.137093 -0.897812 -0.721036 -0.746367 -0.651838 -0.523885  0.044066
  0.117809  0.014851 -0.271759  0.071583 -0.026288  0.069895  0.01592
  0.132605  0.087934 -0.144901  0.17154  -0.019228 -0.003958]
[-0.707106 -1.215591 -1.008937 -0.674066 -0.459647 -1.044695 -0.023027
 -0.049987 -0.075899  0.085518  0.00463  -0.096601  0.003755  0.118575
 -0.063982  0.056285  0.015153 -0.06645   0.012419  0.081349]
[-0.962271 -1.06972  -0.69806  -0.808461 -0.493447 -0.749565 -0.019574
  0.023304 -0.038717 -0.078662 -0.131317  0.004635  0.043238 -0.192388
  0.002414 -0.001777 -0.013601  0.006425 -0.050447 -0.012145]
[ -1.029395e+00  -8.460823e-01  -5.379823e-01  -9.205514e-01  -6.328864e-01
  -5.363022e-01   4.272396e-02   8.782816e-02  -3.869943e-02  -3.450993e-02
  -1.074006e-01  -5.598511e-02   3.888534e-02  -1.562301e-01   4.450850e-02
   1.013103e-04   1.890546e-02  -5.174521e-02   1.274375e-03   4.031965e-03]
[-0.788824 -1.015803 -0.74783  -1.16124  -0.919005 -1.08488   0.079225
  0.029126  0.088279 -0.011414 -0.069598  0.050318 -0.078794 -0.128038
  0.157195 -0.075717  0.004194  0.135466 -0.028946  0.098693]
[-0.912443 -1.110672 -0.838641 -1.146177 -0.907065 -1.143229  0.0373
  0.005562 -0.039273  0.060896  0.051208 -0.014658 -0.096339  0.002297
 -0.001713 -0.080834  0.057333  0.131412  0.006427 -0.044534]
[-1.032451 -1.078741 -0.973761 -0.799943 -0.868483 -0.950618  0.042786
 -0.031045  0.021219  0.003127 -0.155203 -0.032191 -0.170795 -0.064596
  0.079685 -0.09961   0.062502  0.113326 -0.020952 -0.00737 ]
[-0.975722 -1.097791 -1.146807 -0.920014 -0.991831 -0.906546  0.007477
 -0.080939  0.015866  0.055353 -0.026918 -0.110184 -0.055524 -0.012579
 -0.081955 -0.017495 -0.007467  0.122802 -0.009208 -0.033016]
[ -1.010255e+00  -8.976428e-01  -7.484150e-01  -9.920434e-01  -9.415962e-01
  -7.150709e-01  -6.254003e-02   1.236410e-01  -7.465697e-04   1.759731e-01
   8.714355e-02   4.310088e-02   1.314057e-02   5.327550e-02   1.565114e-01
  -3.274167e-02   1.117628e-01  -5.589977e-02  -1.972336e-02  -1.183556e-02]
[-1.033066 -0.997029 -0.993213 -0.938466 -0.644787 -0.806811 -0.105965
 -0.022491  0.10327   0.00313  -0.005046  0.020822 -0.044767 -0.039279
 -0.046345 -0.016505 -0.05513   0.002459  0.02994  -0.010036]
[-0.822723 -0.592782 -0.684689 -0.702837 -0.796529 -0.591391  0.048474
  0.060365 -0.039902  0.019182  0.046686 -0.005726 -0.062808  0.056744
  0.060797 -0.080144  0.025936  0.002122  0.029922  0.023766]
[-0.754145 -0.670456 -0.912638 -0.697774 -0.980237 -0.761326 -0.097459
  0.147357  0.07416   0.078937  0.014074  0.095637  0.064801 -0.041021
  0.011468  0.04591   0.078886 -0.124224 -0.061038 -0.032471]
[-1.019089 -0.961477 -0.870168 -0.930547 -0.774005 -0.843356 -0.033866
  0.090592 -0.0854   -0.02768  -0.066141 -0.041257  0.029928  0.042691
  0.103633  0.034126 -0.072378 -0.0637   -0.008359  0.013947]
[-0.593824 -0.843825 -0.714096 -0.643642 -0.523008 -0.80124   0.129507
  0.081761 -0.025822 -0.043677 -0.080876 -0.055161  0.129549 -0.102035
  0.087628  0.111528 -0.119868  0.185963  0.00708  -0.00959 ]
[-0.941063 -0.923855 -0.989445 -0.922157 -0.877146 -0.848515  0.119724
  0.042401  0.185477 -0.034332 -0.022758  0.096153  0.079683  0.009482
 -0.007426  0.10978  -0.04128   0.204466  0.008445 -0.016721]
[ -9.972215e-01  -1.083094e+00  -9.765989e-01  -8.519645e-01  -6.981985e-01
  -9.265454e-01   4.678165e-02  -8.532501e-02   5.293489e-02   1.503422e-02
   1.479708e-02   3.755862e-02   1.136849e-01   3.211332e-02  -2.991912e-02
   1.441480e-01  -7.463830e-03   9.609999e-02   8.233600e-03   6.467267e-04]
[-1.013641 -1.15008  -1.127631 -0.840018 -0.836823 -1.130554  0.00933
 -0.010151 -0.026966 -0.039058  0.030347  0.014095  0.072777  0.047477
 -0.008393  0.081522 -0.017103  0.030776  0.013996  0.014217]
[-0.794063 -0.654018 -0.708846 -0.671424 -0.731379 -0.598671  0.019347
 -0.087157  0.080645 -0.076495  0.041598  0.050063  0.033129  0.070583
 -0.063152  0.035692 -0.114331  0.036646  0.015213 -0.026332]
[ -5.917840e-01  -4.148427e-01  -3.631100e-01  -9.367559e-01  -1.019690e+00
  -6.956442e-01  -2.725372e-02  -9.496511e-02   6.561240e-02  -7.865786e-02
   1.459667e-01   8.747360e-02   2.199254e-02   1.048027e-01   1.858884e-04
  -6.905564e-03  -2.417990e-02  -5.101470e-02   5.991519e-02   2.028593e-02]
[-1.167003 -0.662044 -0.970965 -0.760302 -1.238698 -0.770558 -0.081343
 -0.13291  -0.025242 -0.008959  0.023416 -0.018524  0.022535 -0.055031
 -0.161267  0.078155 -0.094772  0.017109  0.02338   0.055415]
[-0.965693 -0.75058  -0.914557 -0.658048 -0.83428  -0.708065 -0.078686
  0.056683 -0.114036  0.076532  0.127662 -0.115408 -0.001577  0.063125
  0.059641 -0.004415  0.100815 -0.110432 -0.126723 -0.02357 ]
[-0.926147 -0.915295 -0.837112 -0.695968 -0.634282 -0.650904  0.019979
  0.104737 -0.059088  0.128261  0.027282 -0.087725  0.062378 -0.023018
  0.035192  0.074741  0.094293  0.021818  0.010762  0.043386]
[-0.950446 -0.891682 -0.805362 -0.885903 -0.760793 -0.789157 -0.04858
 -0.128176 -0.010035 -0.103764 -0.033161 -0.038798 -0.017468  0.046302
 -0.127734 -0.021077 -0.15735  -0.080328  0.013925  0.04571 ]
[-0.978453 -1.465404 -1.43428  -1.033309 -1.054821 -1.440439 -0.145167
 -0.085982 -0.212039 -0.087843 -0.196935 -0.080452 -0.11915  -0.20571
 -0.02984   0.069871 -0.025838 -0.030536 -0.02359  -0.032168]
[ -1.047432e+00  -9.825011e-01  -7.559517e-01  -9.682267e-01  -7.223083e-01
  -7.984943e-01   2.057087e-02   5.307321e-02  -4.844398e-02  -7.982943e-02
   1.517806e-01  -1.445080e-02  -3.796988e-02   1.790125e-01  -6.395912e-03
  -3.529536e-02  -7.675544e-02  -4.410516e-03   1.616748e-02  -7.685151e-04]
[-1.126487 -0.988834 -0.444201 -1.098777 -0.421639 -0.49985   0.033521
  0.05606   0.016202  0.109984  0.032112 -0.0812    0.05206   0.045123
  0.078304  0.131078  0.055136 -0.050781 -0.008492 -0.041659]
[-1.217506 -1.131394 -1.004422 -1.009748 -1.028375 -0.941698  0.020153
  0.042537  0.089641 -0.01334   0.122678  0.042532  0.031591  0.049188
  0.037319  0.069329 -0.078342 -0.037504 -0.047942 -0.052256]
[-0.868855 -0.901889 -0.880613 -0.799517 -0.930478 -0.891384  0.016181
  0.033856  0.041933 -0.083418  0.077109 -0.045228 -0.006216  0.122368
  0.060113  0.029209 -0.057728 -0.035845 -0.01531   0.007363]
[-1.024251 -0.989813 -0.84284  -0.860976 -0.693306 -0.757519 -0.087101
  0.050392  0.121888 -0.115849  0.02532   0.076706  0.125802  0.028531
  0.091459  0.123715 -0.105187 -0.020954  0.04383   0.035222]
[-1.190515 -0.814786 -1.073527 -0.723312 -0.963965 -0.667229  0.055531
  0.123034 -0.023443 -0.019636  0.093972 -0.034773  0.072669  0.024998
  0.167796  0.014762 -0.017343  0.037904  0.007887  0.008904]
[-0.454667 -0.561312 -0.549552 -0.635274 -0.509886 -0.617592  0.022794
 -0.023174  0.034488  0.145418 -0.001007  0.013657 -0.045275 -0.082146
  0.005577 -0.002123  0.158283  0.004922 -0.006007  0.03031 ]
[ -8.795821e-01  -8.829698e-01  -7.282705e-01  -8.441392e-01  -6.847486e-01
  -7.671696e-01  -3.338896e-03   1.429444e-01  -1.619761e-02   8.337560e-02
  -1.120562e-02  -3.162173e-02  -2.386649e-02  -5.620195e-02   5.696974e-02
  -1.052011e-01   1.481390e-01   8.388176e-02  -8.386301e-04   3.898157e-03]
[-1.111994 -1.118748 -1.002383 -1.086052 -1.089356 -1.120323  0.019951
 -0.002967 -0.028244  0.001403 -0.053068  0.037421  0.053403 -0.064798
 -0.016638  0.044899  0.043032 -0.024093 -0.038101  0.014886]
[-0.954685 -0.945739 -0.947415 -0.768063 -0.695823 -0.722537  0.065494
 -0.100659  0.064244 -0.063376 -0.037746  0.064567 -0.003893 -0.034628
 -0.013014 -0.017768 -0.056857  0.032655  0.009081 -0.009859]
[-0.948461 -0.973748 -0.765986 -0.85656  -0.869751 -0.716038 -0.173386
 -0.031457 -0.174787 -0.048352  0.048081 -0.233578  0.036781  0.043228
  0.042147 -0.095811 -0.056194 -0.234493 -0.035287 -0.035903]
[-0.891163 -1.003485 -0.693556 -1.101355 -0.620576 -0.673206  0.010956
  0.150066 -0.088911 -0.022522  0.1447   -0.121047 -0.142429  0.167427
  0.157581 -0.089681  0.089921 -0.035688  0.047713  0.010773]
[ -9.420794e-01  -1.046549e+00  -1.158169e+00  -8.480607e-01  -9.062253e-01
  -9.868658e-01   7.034562e-02  -8.591478e-03  -9.759125e-03  -7.463578e-02
   3.391027e-03  -5.459105e-02   5.818117e-02   9.603344e-04   1.007660e-01
   4.351012e-02  -1.127984e-01   5.069270e-02  -3.712691e-02  -4.686410e-03]
[-0.92291  -1.2715   -0.927387 -1.196073 -0.884273 -1.293391 -0.108414
  0.001746 -0.02697   0.134531  0.047556 -0.036259 -0.041319  0.067977
 -0.010144 -0.091855  0.202514 -0.102205 -0.082288 -0.019624]
[ -9.958934e-01  -9.513455e-01  -8.104343e-01  -1.149035e+00  -9.631052e-01
  -8.739181e-01  -2.483155e-02   2.277114e-02  -6.387824e-02  -3.455662e-02
   6.538082e-02  -6.031665e-02   5.970427e-02   9.031180e-04   1.582954e-02
  -6.275030e-03   3.292823e-02  -5.199336e-02   1.906715e-03   4.757785e-03]
[-0.904505 -0.992363 -1.041995 -0.734238 -0.653008 -0.692424 -0.076731
  0.024961 -0.121006 -0.123093 -0.057513 -0.153842 -0.041452 -0.016526
  0.049979 -0.017692 -0.07324  -0.057186  0.035875 -0.01105 ]
[-0.950049 -0.928364 -0.729216 -0.908988 -0.742181 -0.796179 -0.015291
 -0.012997 -0.008694  0.060098  0.061173  0.021989  0.017962  0.047998
 -0.035397 -0.014457  0.043727 -0.008237  0.023012  0.025173]
[-0.959323 -0.78065  -0.834285 -0.857347 -0.893595 -0.726868 -0.013581
 -0.034197  0.059642  0.029881  0.025187  0.032928  0.019233  0.001174
 -0.061855  0.003449  0.019034  0.019965  0.019721  0.020988]
[-0.688335 -0.801539 -0.760833 -0.671379 -0.778266 -0.917186  0.035721
  0.021565 -0.003621  0.049116 -0.026105  0.002883  0.061847 -0.070866
  0.058466  0.049293 -0.00899   0.07863   0.029489 -0.010608]
[-1.198902 -1.373688 -0.765027 -1.375545 -0.865813 -1.083021  0.039096
 -0.066165  0.216497  0.057952 -0.056525  0.168224 -0.101229 -0.033521
 -0.101752 -0.090323  0.015973  0.015013  0.055855  0.006859]
[-0.679539 -0.672299 -0.717623 -0.732497 -0.820084 -0.782966  0.034765
 -0.060117 -0.027053 -0.076247 -0.015769 -0.010755 -0.020217  0.007591
 -0.047037 -0.015789 -0.075981  0.044962 -0.027988  0.012712]
[-1.273571 -0.912079 -0.969867 -1.011166 -1.116688 -0.674292  0.025161
 -0.019771  0.123987 -0.004897  0.019246 -0.006988  0.055873  0.100475
 -0.098183  0.079637  0.015316  0.097607 -0.049761  0.016563]
[-1.319939 -1.174175 -1.360212 -0.967638 -1.128355 -0.992932 -0.028908
 -0.005642  0.029564  0.03483  -0.092383 -0.003687 -0.053029 -0.079724
 -0.017811 -0.005157 -0.012788  0.025147  0.033521  0.030441]
[-0.808409 -0.652467 -0.799475 -0.743547 -0.870703 -0.723617 -0.045815
 -0.001096 -0.062481 -0.064576  0.132467 -0.084096  0.038662  0.128723
 -0.003997  0.069394 -0.051588  0.013648  0.071543 -0.009748]
[-0.722272 -0.754934 -0.680039 -0.75113  -0.761771 -0.803524  0.03827
  0.049816 -0.026613  0.071111  0.063936 -0.046235 -0.042231  0.060812
 -0.001255 -0.02987   0.069184  0.077583 -0.042384  0.007169]
[-0.966405 -0.711105 -0.767642 -0.773939 -0.782486 -0.576534  0.135423
  0.03226  -0.080819 -0.016518 -0.074428 -0.055143  0.006978 -0.071374
  0.06516   0.011071 -0.028441  0.200848 -0.051049  0.017352]
[-0.808715 -0.81687  -1.074959 -0.763061 -0.845892 -1.06323  -0.020881
 -0.026009  0.151533  0.039795 -0.122377  0.121123  0.004478 -0.181053
  0.040336 -0.008789 -0.027734 -0.05296  -0.007707  0.04993 ]
[-0.960675 -0.890623 -0.89063  -0.85567  -1.076721 -0.962601  0.05863
 -0.036214 -0.015145  0.080552 -0.029792 -0.012227  0.040765  0.01229
  0.009279  0.014459  0.018419  0.075837 -0.076844 -0.02649 ]
[-0.837384 -0.80973  -0.99203  -0.625893 -0.863623 -0.763331 -0.053472
 -0.080891 -0.023366  0.042646 -0.168359 -0.020042 -0.011546 -0.119844
 -0.126702 -0.08299   0.02507  -0.022791  0.032454  0.054819]
('Mean', 1, ': ', -0.83738449827632411)
('Median', 1, ': ', -0.83738449827632411)
('Variance', 1, ': ', 0.0)
('Mean', 2, ': ', -0.80973043778271314)
('Median', 2, ': ', -0.80973043778271314)
('Variance', 2, ': ', 0.0)
('Mean', 3, ': ', -0.99202988125269165)
('Median', 3, ': ', -0.99202988125269165)
('Variance', 3, ': ', 0.0)
('Mean', 4, ': ', -0.62589289144492066)
('Median', 4, ': ', -0.62589289144492066)
('Variance', 4, ': ', 0.0)
('Mean', 5, ': ', -0.86362328674790301)
('Median', 5, ': ', -0.86362328674790301)
('Variance', 5, ': ', 0.0)
('Mean', 6, ': ', -0.76333134686402948)
('Median', 6, ': ', -0.76333134686402948)
('Variance', 6, ': ', 0.0)
('time: ', 10385.927737951279)
