“Running plot script on a single CPU core”
[ 0.041461  0.051315  0.074502 -0.023666 -0.021286 -0.001007]
[ 0.095923  0.026335  0.057531  0.043167 -0.007317  0.028785]
[ 0.007673  0.072901  0.061217  0.004814  0.016462 -0.021172]
[ 0.016506  0.037404  0.041852  0.026984 -0.008718  0.018159]
[ 0.030379 -0.001456 -0.015684 -0.011535 -0.040822  0.079525]
[ 0.021047  0.049168  0.033109  0.008153  0.030562 -0.001969]
[ 0.050043  0.073678  0.068588 -0.039676  0.01923  -0.001365]
[-0.029313 -0.017472  0.009141 -0.01434  -0.003014  0.007776]
[ 0.009251  0.046404  0.084103  0.003146  0.010146  0.002135]
[ 0.019407  0.032284  0.005794 -0.066889 -0.031527 -0.021327]
[ 0.026336  0.027917 -0.000138 -0.005202 -0.008165  0.039822]
[-0.000188  0.030987 -0.039962  0.012615  0.001763  0.004252]
[-0.095702  0.028906 -0.00477   0.00752   0.03847   0.021378]
[ 0.012346 -0.001345  0.060399  0.043569 -0.001066 -0.022682]
[ 0.054051  0.021142  0.024593 -0.027681 -0.004288  0.03565 ]
[-0.015148 -0.063559  0.061794  0.034022 -0.015295 -0.034478]
[ 0.046142  0.052642  0.029888 -0.010729  0.017005 -0.009598]
[ 0.019452  0.044311  0.055053 -0.019969 -0.005036 -0.016359]
[ 0.031014  0.041888  0.035069 -0.010832  0.012313 -0.003885]
[ 0.020807  0.022559  0.057496 -0.021975  0.010327 -0.027539]
[ 0.045674  0.03923  -0.01877  -0.009319 -0.05204   0.037527]
[ 0.015686 -0.00123  -0.015395 -0.015277  0.006067  0.02152 ]
[ 0.032602  0.064862  0.059157  0.021043 -0.006421 -0.011311]
[ 0.059388  0.06637   0.080917  0.020753  0.00648   0.005858]
[ 0.084621  0.031432  0.079192 -0.007258  0.032626 -0.012729]
[ 0.036843 -0.000702  0.031936 -0.010712  0.045181  0.006299]
[ 0.023809  0.073844  0.050616  0.011877  0.035471  0.027394]
[ 0.031826  0.047687  0.03076   0.006183  0.004016  0.008996]
[-0.030003  0.109762  0.032917  0.012217 -0.005675 -0.028769]
[ 0.10115   0.098202  0.078328  0.002635 -0.004818 -0.02247 ]
[ 0.004803 -0.002253  0.022979 -0.013371  0.003023  0.011656]
[-0.076334 -0.048462  0.023734  0.011264 -0.029871 -0.00035 ]
[ 0.016605  0.005848  0.080359  0.033864 -0.032613 -0.033016]
[-0.014782  0.127932  0.105206  0.030878 -0.012953  0.014899]
[ 0.061944  0.100776  0.08288   0.03041  -0.018059  0.004601]
[-0.023557  0.060955  0.020062 -0.008535  0.031665  0.01666 ]
[ 0.033721  0.035011  0.013693  0.027281  0.018068  0.013919]
[ 0.050598  0.034793  0.067428  0.01209   0.010614 -0.017766]
[-0.008972 -0.014032  0.041025  0.028881  0.021929 -0.0017  ]
[ 0.065144  0.009457  0.033034 -0.009876 -0.004778 -0.002866]
[-0.03782  -0.011441 -0.008379 -0.030282 -0.01025   0.002269]
[ 0.122396  0.049148  0.080736  0.012053 -0.013212  0.014711]
[ 0.035532  0.071734  0.047765  0.004838 -0.032745  0.003573]
[-0.029244  0.043881  0.032153 -0.011843 -0.011326  0.031981]
[ 0.08301   0.10297   0.101391 -0.005813 -0.025601 -0.018472]
[-0.001316  0.03733   0.044447  0.006674  0.023952  0.004663]
[ 0.026675  0.019647  0.014093  0.001608  0.011388  0.043988]
[ 0.032908  0.073578 -0.003855 -0.007061  0.02885  -0.009467]
[ 0.053537  0.144915  0.073087  0.017579 -0.049874  0.024649]
[ 0.079217  0.037736  0.072574 -0.020439 -0.033147  0.008083]
[ 0.014833  0.014671  0.033477 -0.00375  -0.005068  0.001945]
[-0.013709 -0.011443 -0.037052 -0.003638 -0.02458  -0.000482]
[ 0.041359  0.033587  0.080375 -0.017117  0.001133 -0.002506]
[ 0.040129  0.037554  0.064612  0.014964 -0.000617  0.020797]
[ 0.044096  0.0313    0.012341 -0.013737  0.036132  0.041577]
[-0.009202  0.01234  -0.051412 -0.043819 -0.001041  0.001284]
[ 0.084362  0.091138  0.089863 -0.002216 -0.000785 -0.02215 ]
[-0.01742   0.0599    0.071179  0.00791  -0.015076  0.007717]
[ 0.037261 -0.021406  0.031372  0.02065  -0.016438 -0.005957]
[-0.07497  -0.080082 -0.036428 -0.012121  0.045339 -0.001316]
[-0.029108  0.045643  0.020459 -0.003428  0.007151  0.018549]
[ 0.051562  0.008716  0.080325 -0.011598  0.001914 -0.026668]
[ 0.071144  0.080974  0.118018 -0.005028 -0.024551 -0.006807]
[ 0.088397  0.076283  0.066074 -0.007227  0.029748 -0.032531]
[ 0.073895  0.018294  0.092778  0.02633   0.000396  0.017291]
[ 0.046956  0.03396   0.057715 -0.009726  0.015127  0.014029]
[-0.005104  0.047949  0.050892 -0.001331  0.012756 -0.000431]
[ 0.062268  0.112414  0.048192 -0.016765 -0.003809  0.000698]
[ 0.029959  0.034224  0.042258 -0.003203 -0.020388 -0.009684]
[ 0.048019  0.076946  0.076874  0.015809 -0.018602  0.027263]
[-0.089181  0.035242 -0.057338  0.029764  0.047905 -0.013442]
[ 0.091769  0.016668  0.146647 -0.022505 -0.010555  0.019124]
[ 0.045003  0.077399  0.129666 -0.016463 -0.010273 -0.026094]
[ 0.023756  0.017687  0.051172 -0.003488 -0.008609 -0.014217]
[-0.086816  0.027278 -0.003085 -0.002627  0.076107 -0.011858]
[ 0.042767  0.012044  0.057312  0.011306 -0.024377  0.008492]
[ 0.04499   0.094399  0.099231 -0.007001  0.021661  0.013753]
[ 0.003979  0.059388  0.069862 -0.003122  0.026731  0.005706]
[ 0.058326  0.080154  0.046186 -0.02764   0.038858  0.007259]
[-0.017668 -0.025246  0.011791  0.00228   0.022903 -0.025469]
[ 0.013723  0.065538  0.054625  0.000383  0.006474  0.010921]
[ 0.01641   0.11194   0.067257 -0.00826  -0.002676  0.008615]
[ 0.069003  0.054231  0.093964 -0.014905  0.004942  0.004596]
[ 0.023665  0.031978  0.084647 -0.000586  0.016411 -0.014388]
[ 0.029555  0.032075  0.028821  0.012156  0.017734 -0.022391]
[ 0.104931  0.066486  0.113961 -0.032069 -0.032595 -0.001355]
[ 0.049733  0.046662  0.033662 -0.02285   0.011694  0.024341]
[-0.0332    0.057501  0.105941 -0.01445  -0.023654  0.000684]
[-0.033706  0.013302  0.041595 -0.038769 -0.010082 -0.02831 ]
[ 0.03066   0.06619   0.059729 -0.011249  0.007376  0.01372 ]
[ 0.022091  0.031999  0.076619  0.012998 -0.00886   0.026331]
[ 0.006466  0.089791  0.082029  0.015209 -0.018756  0.008048]
[-0.01797  -0.008409  0.022096  0.02024  -0.006533  0.013979]
[ 0.079467  0.043625  0.121942  0.017919 -0.017353  0.029216]
[ 0.009639 -0.081564  0.039128  0.054165 -0.024331  0.0106  ]
[ 0.065031  0.02981   0.024721  0.015781 -0.020172  0.008495]
[ 0.024229  0.050508  0.025684  0.031946 -0.015944 -0.012276]
[ 0.050281  0.069019  0.066329  0.006957 -0.001792 -0.007195]
[ 0.017323  0.074584  0.017316  0.010889 -0.008862  0.019985]
[ 0.08234   0.028776  0.085122 -0.010555 -0.007391  0.017924]
('Mean', 1, ': ', 0.08234033966185135)
('Median', 1, ': ', 0.08234033966185135)
('Variance', 1, ': ', 0.0)
('Mean', 2, ': ', 0.028775913206027466)
('Median', 2, ': ', 0.028775913206027466)
('Variance', 2, ': ', 0.0)
('Mean', 3, ': ', 0.085122359988756544)
('Median', 3, ': ', 0.085122359988756544)
('Variance', 3, ': ', 0.0)
('time: ', 8616.616749048233)
