“Running plot script on a single CPU core”
[ 0.324345  0.325972 -0.983886  0.333194  0.260936  0.330391 -0.684908
 -0.931311  0.271635 -0.401268  0.325148  0.298132  0.33243   0.014945
  0.03786   0.172619  0.329862  0.274488 -0.924184 -0.637516]
[-0.467029  0.122672  0.246445 -0.791021  0.242614 -0.298231 -0.407693
  0.137374 -0.36505  -0.837241  0.323008 -0.004908  0.251748 -0.769402
 -0.253334 -0.993475  0.207778  0.158135  0.33333  -0.680177]
[ 0.303512 -0.417468  0.320843 -0.952114  0.257672 -0.874065  0.292714
  0.281627  0.325693  0.030984  0.269908  0.333325  0.333306 -0.106418
  0.316326  0.333114  0.321596  0.269181 -0.51662   0.319222]
[ 0.032878 -0.074757 -0.607124  0.293362  0.117893 -0.408651  0.21424
  0.304003  0.305439  0.308902  0.324984 -0.242799  0.093913  0.296833
  0.012845 -0.229433  0.331765  0.155173  0.040877  0.332307]
[ 0.060307 -0.294229  0.318617  0.163604  0.333192  0.332897  0.323031
 -0.129169  0.126572  0.090435 -0.31816  -0.719797  0.322734  0.213259
  0.194422 -0.03653  -0.939527  0.268023  0.331788  0.329313]
[ 0.142138 -0.602455 -0.770943  0.30929   0.022597  0.163025  0.322837
  0.303282  0.332637  0.316718 -0.667386  0.310365 -0.318995 -0.378535
  0.32584  -0.577041  0.193049  0.200619  0.280434  0.215219]
[ 0.189424  0.318747  0.238732  0.325492  0.333331  0.332422 -0.65216
 -0.856948 -0.322646 -0.021805 -0.424844 -0.405609  0.153133  0.255581
  0.200344 -0.059212 -0.130917 -0.744574  0.101972 -0.800413]
[-0.234409  0.328089 -0.272589  0.331385  0.225927  0.163097  0.29975
 -0.969054 -0.183873  0.107948 -0.077    -0.430996  0.312375 -0.365444
  0.225976  0.205311  0.236243 -0.62892   0.158097 -0.877196]
[ 0.082879  0.223194  0.193566  0.272542  0.0927    0.294932 -0.941134
 -0.155987 -0.215486 -0.447673  0.308748  0.271341  0.315087  0.333322
  0.333333  0.213642  0.220224  0.330907 -0.312005  0.169883]
[ 0.332859 -0.230948 -0.234277 -0.971123  0.097718  0.329224  0.326863
 -0.007009  0.327226 -0.415944 -0.268801 -0.627208 -0.999949  0.333272
  0.30482   0.3019   -0.499345 -0.241075  0.097839  0.27641 ]
[ 0.312333  0.311632  0.306536  0.328146 -0.420064  0.328137  0.08189
 -0.443993 -0.278038  0.00944   0.326718 -0.185758 -0.995914  0.264061
  0.225056  0.333333  0.282227  0.187854  0.078277  0.078333]
[-0.21542  -0.369276 -0.038189  0.307832 -0.882806  0.299236  0.288936
 -0.281487  0.017072 -0.271824  0.210247 -0.403585 -0.479406  0.058607
  0.130726  0.323464 -0.9414   -0.358033  0.304694  0.246757]
[-0.526984 -0.812748  0.223195  0.204318 -0.160779 -0.948283  0.328423
  0.170896 -0.242838  0.330938 -0.555351  0.27006   0.331756  0.325795
  0.289098 -0.949812  0.225212  0.312111  0.333055  0.333333]
[ 0.260628  0.321467  0.265922  0.092325 -0.630224 -0.274916  0.08369
 -0.078118  0.312392  0.085786 -0.683801 -0.903094  0.061519  0.107676
  0.060298  0.289443 -0.96256   0.292702 -0.239708 -0.345997]
[ 0.301123 -0.289282  0.163926  0.3269    0.227732  0.31954  -0.504296
  0.268658 -0.104848  0.020525  0.310395  0.312785  0.326902 -0.315798
  0.294319  0.316951 -0.550209 -0.665943 -0.169749  0.045738]
[ 0.038549 -0.684115  0.078324  0.221339 -0.996953  0.140376  0.114825
 -0.119286 -0.093457 -0.998604  0.219669 -0.682641 -0.425604 -0.119945
  0.232767  0.321307 -0.023658  0.018926  0.28217   0.231982]
[ 0.230505 -0.782212  0.333333 -0.408937 -0.417097  0.104926 -0.014834
 -0.968987  0.31964  -0.068046 -0.668463  0.29691   0.155399  0.179799
 -0.838579 -0.056893  0.332551 -0.114042  0.292807  0.13258 ]
[-0.174401 -0.144298  0.309491 -0.582225 -0.972364  0.079293 -0.41963
 -0.164088  0.287795  0.310457  0.325557 -0.991962  0.299706 -0.451405
 -0.365104  0.300186 -0.651602 -0.046814  0.295905  0.329811]
[ 0.080928  0.320177 -0.585753  0.218106  0.173372  0.320363  0.239473
  0.126952  0.271977  0.191891  0.282814 -0.132052  0.333075  0.296351
 -0.809077  0.309109  0.124817 -0.012638  0.054928  0.331769]
[-0.186136  0.328669  0.262949  0.088709  0.304463 -0.915817 -0.127769
 -0.545512  0.306686  0.278549  0.250103  0.327641  0.328945 -0.999951
  0.133438  0.090204 -0.226621  0.084949 -0.999168 -0.941712]
[ 0.104949  0.093372 -0.413862  0.323752  0.328277 -0.005176  0.276928
 -0.958949  0.264979  0.252173 -0.521683  0.307235  0.089159  0.329951
  0.265071  0.29586  -0.252024 -0.117186  0.088425 -0.992524]
[-0.098409  0.144501  0.293003  0.23588   0.333321  0.109013 -0.34955
  0.310826  0.230483 -0.898547  0.026813  0.142527  0.189178 -0.996477
  0.022066 -0.056382 -0.592039  0.293686  0.106813 -0.118222]
[ 0.161531  0.071929  0.317501  0.209735 -0.01586   0.302415 -0.345042
  0.255025  0.329857  0.33126   0.038716  0.292959  0.174498  0.299882
  0.141606  0.194198 -0.514057  0.225104  0.112934 -0.700113]
[-0.448393 -0.774845  0.323799  0.321439  0.302024  0.191752  0.055523
  0.325248 -0.946374 -0.137101 -0.233876 -0.98887  -0.018643  0.081158
  0.260477 -0.116386 -0.154817 -0.072261  0.21859  -0.458875]
[ 0.257566  0.138039  0.208886  0.310152  0.300244  0.224114  0.331535
  0.315274 -0.409375 -0.19989   0.095513 -0.684524 -0.568347  0.051818
  0.109798  0.297708 -0.38291   0.229696  0.131106 -0.982958]
[ 0.202823 -0.018273  0.028662  0.332102  0.254168 -0.155113  0.109299
 -0.288696  0.241844  0.260536  0.291215  0.326483  0.324207 -0.622904
  0.327362 -0.996851  0.319969  0.328525  0.286591 -0.999763]
[-0.445017  0.326853  0.296184 -0.696227  0.209619  0.297368  0.333261
 -0.816733  0.176219  0.307441  0.313735  0.183044 -0.831152  0.313892
  0.30108   0.282138  0.327761  0.296275  0.077762 -0.588285]
[-0.82652   0.307247 -0.947542 -0.91555  -0.306746  0.290856 -0.402871
  0.330726  0.035946  0.314829  0.003244  0.303973  0.31297   0.004586
  0.010063  0.302158 -0.426656 -0.848781  0.211434  0.316743]
[ 0.133994  0.06711   0.33006   0.211014  0.297351 -0.245496 -0.068055
 -0.205212 -0.008779  0.31834   0.311935  0.326224 -0.579848  0.290503
  0.203529  0.129663  0.118757  0.324919  0.205892  0.331836]
[ 0.256977  0.050433 -0.393565  0.311147  0.212136 -0.563352  0.260723
  0.321497  0.058308  0.332616  0.103294  0.327941  0.320274 -0.108301
  0.26439   0.323589 -0.79842   0.326585  0.029202 -0.736171]
[-0.04691  -0.412973  0.095962 -0.208972  0.216031  0.156243  0.320546
  0.265324  0.217506  0.30626   0.053531 -0.469891 -0.967946 -0.567263
 -0.247065 -0.987234  0.284103  0.321801  0.256257  0.278913]
[-0.734559  0.25044   0.00985   0.148479 -0.745569  0.235102  0.257525
 -0.218467 -0.76364   0.333329  0.218064  0.237903  0.251886 -0.646235
  0.061098 -0.09891   0.091534  0.331827 -0.180303  0.2879  ]
[ 0.333029  0.188561  0.332528  0.197686 -0.611658  0.28686   0.319069
  0.32232   0.240843 -0.633637  0.24438  -0.716332  0.313099  0.319837
  0.104216  0.248323  0.261775  0.201779 -0.995241  0.315102]
[-0.145259  0.322978  0.045422  0.328205  0.333282 -0.067562  0.289679
  0.331119  0.333061  0.319197  0.332719 -0.088189 -0.991422  0.301624
  0.331773  0.218076  0.310705  0.327734  0.33243  -0.373144]
[ 0.333309  0.331613  0.18468  -0.848015 -0.838905 -0.856422  0.333071
  0.279368  0.332974 -0.038778 -0.396118  0.330271 -0.16349   0.298736
  0.306245 -0.999882 -0.705672 -0.029179  0.132889  0.280262]
[ 0.332561  0.2481    0.239596  0.076675  0.324535 -0.022196 -0.353228
  0.216159  0.323445  0.333203  0.327677  0.314557 -0.476891 -0.965107
  0.318192  0.215836  0.312972  0.166817  0.221072  0.116954]
[-0.84656  -0.862898  0.332161  0.332868  0.326935 -0.143919 -0.795467
  0.135779 -0.263758  0.191615  0.086497  0.046942  0.296317  0.289245
 -0.221838 -0.416392  0.287664  0.164663 -0.159824  0.333333]
[ 0.196244 -0.672426  0.108426  0.206735  0.138541 -0.772209 -0.784081
  0.120635  0.295177 -0.301176  0.196384  0.135202  0.284791  0.308338
  0.173763  0.206115 -0.65653  -0.03486   0.321268 -0.690081]
[-0.647467 -0.113743  0.33315   0.330584  0.328586 -0.217911 -0.768936
  0.333331 -0.09853   0.316578  0.204425  0.17567   0.159386  0.250272
 -0.122328  0.258283  0.26367  -0.351629  0.175963  0.326078]
[  3.327530e-01  -5.735289e-01   1.137180e-01   3.252690e-01   3.119310e-01
   1.810507e-01  -6.870761e-01   2.337388e-02   3.024122e-01  -3.546743e-01
   2.866334e-01   2.318026e-01   3.307083e-01   3.232928e-01   2.786944e-01
   3.075837e-01  -3.231110e-01   6.086888e-04   3.160203e-01   2.844121e-02]
[ 0.324434  0.330207  0.31861   0.05867  -0.498396 -0.957598  0.309272
  0.004704 -0.806184  0.307553  0.317579  0.110589  0.168505  0.299656
  0.272655 -0.511825  0.298555 -0.978639  0.11787   0.33324 ]
[-0.999939 -0.024434  0.320353  0.274547  0.311811  0.330797 -0.653006
 -0.685902  0.314171  0.138404  0.054359  0.289806  0.172969  0.308155
  0.278217  0.164673  0.228757  0.188801  0.32283  -0.148546]
[ 0.326793 -0.178036  0.295065  0.315247  0.261259 -0.348939  0.226881
  0.294335  0.270314 -0.39468   0.333236 -0.241396  0.054862 -0.210071
  0.045155  0.308926 -0.988527  0.139855  0.301725 -0.642594]
[-0.041535  0.248104  0.332135  0.32425  -0.758198  0.262334  0.128479
  0.33282   0.329175 -0.467051  0.292854 -0.273492  0.106194  0.063011
  0.332658  0.322685  0.298779  0.328599 -0.036886  0.121015]
[ 0.329472  0.231876  0.25162   0.230809  0.106005  0.2961    0.333101
 -0.477587 -0.298292  0.244778  0.184645  0.260522  0.245007  0.198066
  0.313084  0.314299  0.329969  0.132227 -0.202001  0.321897]
[ 0.276323  0.277465  0.228769  0.31249   0.307632 -0.300565 -0.116225
  0.277204  0.198982  0.329817  0.279364  0.006831 -0.743615  0.314013
  0.192932  0.325729 -0.328967 -0.616078 -0.572303  0.330432]
[  3.302618e-01   3.207324e-01   2.555356e-01   3.210869e-01   3.328505e-01
  -1.667223e-01  -6.238673e-01   1.211193e-01   1.088211e-01  -7.072394e-01
   1.620792e-01   2.560003e-01   8.973017e-02  -8.839557e-02   6.152558e-04
   1.757860e-01   3.054533e-01  -8.273074e-01  -6.596010e-01  -9.216816e-01]
[ 0.322953 -0.435919  0.316619  0.107516  0.312593  0.267739 -0.963883
  0.011998  0.225616 -0.673298  0.294185  0.231662 -0.895478 -0.997126
  0.075391  0.036873  0.332803  0.188257 -0.100172  0.329447]
[ 0.144311  0.332301 -0.335994  0.324655 -0.267892  0.321764 -0.714164
  0.183188  0.261558  0.290233 -0.368217  0.052456 -0.375991  0.103412
 -0.998003 -0.48001   0.287963 -0.861616  0.331256  0.148389]
[ 0.321437 -0.058536  0.015032 -0.142364  0.278219  0.139728 -0.726251
 -0.964733  0.327346 -0.65118  -0.204177 -0.238283  0.157069  0.224065
  0.318181 -0.417134  0.268028  0.214905 -0.222319  0.192544]
[-0.151762  0.320821  0.303477  0.299822 -0.496609  0.266056 -0.483767
  0.333036 -0.514727  0.125626  0.325423  0.320985  0.303457  0.095691
  0.33333   0.07806   0.046409 -0.431012 -0.893117  0.230833]
[ 0.31264   0.319916  0.176813  0.332749  0.294291  0.193899 -0.009671
  0.328128  0.059405  0.080176  0.185256 -0.530626  0.249082  0.330179
  0.106642  0.318266 -0.526359  0.328802  0.291715  0.323485]
[-0.967476 -0.560019  0.102123 -0.34345  -0.09986   0.331822  0.268497
 -0.233958  0.311497  0.301356 -0.126003 -0.72863  -0.181827  0.26025
 -0.174954 -0.717755  0.112172  0.219684  0.296898  0.045331]
[-0.080025  0.325471  0.308537 -0.53747   0.223216  0.297886 -0.032381
  0.295142 -0.202546  0.215588 -0.983666 -0.897608  0.233431 -0.654264
  0.328578  0.275062 -0.700883  0.325721 -0.914526 -0.025889]
[ 0.270791  0.246745  0.324842  0.305874  0.223819  0.249338  0.330411
 -0.334028 -0.806897 -0.034774  0.27642  -0.082763 -0.21862   0.239223
  0.214755 -0.945114  0.043786 -0.504478  0.049456  0.045802]
[ 0.32318   0.221613  0.295768  0.293038  0.280835  0.09032   0.155573
  0.291598  0.33171  -0.363211  0.290102  0.231944 -0.994497  0.316643
  0.231069 -0.660757 -0.503998  0.180312 -0.138198 -0.939006]
[ 0.333087  0.332484 -0.989724  0.306855  0.183449 -0.527236 -0.262152
  0.30956   0.18471   0.289412  0.248526 -0.178863 -0.65516   0.189684
  0.313505  0.331094  0.269481  0.283415  0.260609  0.007776]
[ 0.277561  0.326496  0.308343  0.290437  0.207455  0.311356 -0.124199
 -0.545631 -0.983907  0.294181 -0.999797  0.32148   0.212366 -0.921978
 -0.739433  0.12661   0.184666  0.229055  0.163893  0.283764]
[ 0.331049  0.164038  0.333088  0.232035  0.164952  0.328519 -0.197369
  0.263323 -0.445202 -0.189276 -0.888734 -0.581354 -0.601698  0.251851
  0.333    -0.227553  0.308063 -0.844311 -0.340748 -0.332389]
[-0.377442  0.328541 -0.460748  0.137433  0.280656  0.331507  0.317886
  0.23833  -0.498793  0.312235  0.12088   0.152543  0.295895  0.157131
 -0.425599  0.327579  0.33309   0.307877 -0.086527  0.328885]
[ 0.232665  0.223915  0.220296  0.233069 -0.112292 -0.165761  0.037463
  0.270029  0.333233 -0.867077  0.167116  0.050369  0.19711  -0.999046
  0.333263  0.179488 -0.996543  0.072137  0.275945  0.316823]
[ 0.319523 -0.148201  0.331441 -0.890005 -0.998973 -0.604672 -0.276992
  0.009959  0.230897 -0.626248 -0.518957  0.031085 -0.721723  0.331887
 -0.987731 -0.878614 -0.416727 -0.171321  0.057298 -0.011785]
[ 0.312108  0.127252 -0.017976  0.32447   0.315913  0.320296  0.166402
  0.205239  0.332785  0.310223 -0.755739  0.330436  0.140841 -0.975496
  0.33282  -0.178761  0.306563 -0.468864  0.300682 -0.818273]
[-0.673737 -0.594803  0.06004   0.192528  0.332894  0.150189  0.320137
  0.228262  0.266892  0.264429  0.314544 -0.746683 -0.006434  0.332352
 -0.093341  0.126662  0.228898  0.17551   0.046956  0.012412]
[ 0.31625   0.180628  0.128882  0.331274  0.086519  0.332062  0.285096
 -0.5751   -0.475612  0.174441 -0.092851 -0.50484   0.332024 -0.045203
  0.322853  0.089561  0.140173  0.20078  -0.583684  0.244379]
[ 0.330516  0.287655  0.331443 -0.780696  0.280202  0.159176 -0.991605
  0.286673  0.285344  0.295833 -0.110812 -0.964946  0.188918  0.328419
  0.327876 -0.988391  0.324389  0.26752  -0.142464  0.13527 ]
[ 0.161003 -0.820448  0.329473 -0.410244 -0.707784  0.283198  0.311088
  0.129299  0.271685  0.294966 -0.202852 -0.061469  0.082444  0.247361
 -0.893287  0.27808   0.296412  0.105326  0.332625 -0.742708]
[ 0.156082 -0.056108 -0.365189 -0.675501 -0.654567 -0.234098  0.320788
  0.260794  0.210141  0.333305  0.332109 -0.473028  0.231892 -0.119734
  0.173946  0.253256  0.333103  0.102401  0.272057 -0.657198]
[-0.413077 -0.715803  0.007441  0.319517  0.301522  0.161345  0.058783
 -0.224992 -0.862784 -0.266465 -0.694984  0.226685  0.258457 -0.996599
  0.333289  0.287073  0.247055 -0.332636  0.193253 -0.977165]
[-0.122702  0.332423 -0.27699   0.266838  0.314009  0.297399 -0.932181
  0.291648  0.277383  0.331721 -0.101881 -0.373333 -0.038702 -0.496212
 -0.082408  0.305852  0.073747  0.275174  0.187289  0.290202]
[ 0.198211  0.287914 -0.335434 -0.651151  0.255991 -0.087728  0.329812
 -0.909059 -0.980368  0.033678  0.297407 -0.182618 -0.998787  0.162285
  0.300382  0.324431  0.179476  0.185097 -0.415401  0.317877]
[ 0.27364  -0.934695 -0.899503 -0.454311 -0.036566  0.073783  0.332938
 -0.234112  0.210648 -0.919566  0.33269  -0.948045 -0.279828  0.332771
 -0.72455   0.088256  0.302194 -0.443958  0.062442  0.265794]
[ 0.245837  0.221068 -0.009863  0.298998 -0.254294  0.178549  0.243452
  0.273919  0.320926 -0.108052  0.305967  0.291352 -0.220776  0.331212
  0.331479  0.293847 -0.610395  0.037825  0.267089  0.081071]
[ 0.230103  0.3082    0.291036  0.328492  0.309126  0.270465 -0.99187
  0.285849  0.008278  0.212482  0.316419 -0.956566  0.253479  0.324858
 -0.99463   0.332298 -0.022157  0.157013 -0.382519  0.293893]
[ 0.195886  0.181611 -0.603913  0.333329 -0.190597 -0.349601  0.27443
  0.298352  0.189849  0.321492 -0.517451 -0.133584 -0.530224  0.329349
  0.311431 -0.09586   0.198108 -0.898767 -0.663582  0.150441]
[ 0.310968  0.12775  -0.166256 -0.46742   0.333189 -0.990115 -0.870213
 -0.726359  0.305984  0.294357  0.200258  0.272038 -0.212467 -0.568579
  0.214984  0.296318 -0.656024  0.293312  0.255013  0.326142]
[ 0.294792  0.299988  0.331998  0.120329  0.227223  0.251332  0.294583
  0.316918  0.330247  0.309277  0.287437 -0.600478  0.008644  0.285858
  0.330873  0.197206  0.146002  0.202209  0.315057  0.316174]
[-0.606837  0.154115  0.21548   0.059818 -0.102857 -0.431886  0.096294
  0.049968  0.332735  0.316523  0.33325   0.217767 -0.286525  0.301183
  0.136471  0.319557 -0.201609  0.303848  0.322582  0.330037]
[-0.838284  0.306332  0.139215  0.273809  0.324376 -0.143625  0.12457
 -0.051283  0.319891  0.306779  0.274152  0.315088  0.234726 -0.755959
  0.308179 -0.66127  -0.947462 -0.335349  0.216833 -0.697097]
[-0.696443 -0.247674 -0.374949  0.08451   0.203012 -0.82653   0.055179
  0.307982  0.30754   0.24513  -0.042035  0.139409  0.206789  0.331222
  0.333302  0.226045 -0.919842  0.321955  0.252399 -0.997917]
[ 0.313606  0.310777  0.331    -0.359168  0.25435  -0.432873  0.275628
  0.319288  0.19026  -0.62442   0.325619 -0.865125 -0.481535  0.212396
  0.14269  -0.013602  0.291694  0.218628 -0.118652  0.215426]
[-0.999857  0.257769  0.05611   0.309809 -0.999908  0.110067 -0.658827
  0.086953  0.312173  0.2843   -0.090907  0.332362  0.278102 -0.788402
 -0.249231  0.117957  0.060417  0.329656  0.31566   0.302413]
[ 0.191536 -0.855394 -0.241153 -0.796821  0.304769  0.175889 -0.472905
 -0.998575  0.318327  0.309614  0.163088  0.331786  0.317505  0.11051
  0.111732 -0.655301 -0.037915 -0.929926  0.142358  0.312938]
[ 0.279771  0.272027 -0.68069   0.327469  0.310299 -0.837608 -0.633819
  0.331264  0.002037  0.330738  0.277531  0.333089  0.213851  0.079251
 -0.34374   0.113131 -0.802712  0.153969 -0.35087   0.154221]
[ 0.196794 -0.673318  0.315287 -0.324118  0.333126  0.325115 -0.807689
  0.320113  0.327046  0.332089  0.302499 -0.177688  0.241997  0.052677
 -0.032587  0.109564 -0.857371 -0.270079  0.320076  0.271562]
[ 0.062242  0.246036  0.132262 -0.071871 -0.562391  0.1839    0.332279
 -0.594197  0.328474  0.303442  0.233887  0.167625  0.055596 -0.074285
  0.217407 -0.765586  0.282425  0.331744  0.210018  0.066587]
[ 0.204382  0.32625   0.329886  0.224959  0.24928   0.26461   0.304538
 -0.693406  0.245923 -0.472823  0.223807  0.229841 -0.67308  -0.275401
 -0.583892  0.294281  0.333077 -0.165349 -0.057748  0.246115]
[ 0.316937  0.23497   0.269154 -0.917186 -0.329419  0.098022 -0.497963
 -0.078408 -0.473929  0.299614  0.271378  0.333299  0.33194  -0.254338
  0.332718 -0.611662  0.320223 -0.690225  0.234832  0.332759]
[ 0.300633  0.333331  0.191264  0.231398  0.213074  0.008779 -0.874346
 -0.067072 -0.133278  0.329548  0.330952  0.332874  0.31428   0.333132
  0.322322  0.099911  0.314392 -0.21997   0.333292  0.04623 ]
[ 0.328311  0.315832  0.100625  0.333313  0.303824  0.087392  0.328153
  0.149868  0.106176 -0.183078  0.317054  0.287051  0.264289  0.319719
  0.245988 -0.305219 -0.291586 -0.708752 -0.860183  0.042732]
[-0.142125  0.330957  0.085667 -0.09698   0.227031  0.096305  0.234141
  0.313883  0.017756  0.310103  0.318449 -0.136043  0.325366  0.252072
  0.12416  -0.050145  0.186276 -0.617659 -0.311421  0.068326]
[ 0.243271 -0.443802  0.332188 -0.252358 -0.167741  0.208175 -0.49522
 -0.208415  0.333104  0.282606  0.329373 -0.056528  0.279105 -0.986014
  0.255997  0.282134  0.293644 -0.027802  0.255787 -0.671493]
[ 0.25363   0.051151  0.24877   0.065139  0.242015  0.309096 -0.999859
  0.324709  0.025916 -0.794177  0.045775 -0.04394   0.264956  0.275834
 -0.319093  0.11221  -0.078756  0.266461  0.30761  -0.120996]
[ 0.171774  0.31474   0.333303  0.301908 -0.340369  0.323503  0.33325
  0.063291 -0.786654  0.228122 -0.9254    0.261483 -0.801129  0.228641
 -0.557155 -0.266901  0.226194  0.268126  0.329767  0.21221 ]
[-0.26927  -0.558807  0.189768  0.013309 -0.259024  0.320724  0.316484
 -0.158439  0.32674   0.233216  0.3216    0.331476  0.29164  -0.486682
 -0.722665 -0.491332  0.226941  0.144132  0.333287 -0.881583]
[ 0.314081  0.32907   0.145136  0.081936  0.092573 -0.523428  0.143975
  0.326704 -0.325146  0.247861  0.274226 -0.641843 -0.847797  0.195114
 -0.953204 -0.007344  0.331365 -0.766256  0.198489 -0.230153]
[ 0.129388  0.216211  0.333333 -0.164468  0.324641  0.05229   0.028045
  0.286348 -0.683365  0.323652  0.109933  0.277754  0.268652 -0.661701
  0.137638  0.244815  0.278206 -0.081706 -0.242386  0.265523]
[ 0.174001  0.3213    0.22534  -0.98772  -0.860243 -0.338617  0.278451
  0.036636  0.332777 -0.134891  0.233798  0.193779  0.239832  0.211794
  0.25338   0.325826 -0.09077  -0.958553 -0.504629  0.120989]
[ 0.078717  0.22425   0.322104  0.33324   0.208805 -0.41354   0.064772
 -0.814016 -0.054658  0.321753  0.318652  0.320672 -0.288157  0.332639
  0.069946  0.079519 -0.084772 -0.286962  0.192339  0.313244]
[ 0.20848   0.25476  -0.25453  -0.93813  -0.80839   0.206355 -0.842368
  0.331501  0.316836 -0.831837  0.318385  0.298176  0.306002 -0.30879
  0.198948  0.221021 -0.1661   -0.004232  0.330105  0.280556]
[0.0071384807525028404, -0.036738905758459894, 0.012260302459397854, -0.002609226582272875, 0.078419871488104226, 0.069494878704142768, 0.028767947908945823, -0.0098781784793864624, -0.031379376193840042, -0.053888739097777971, 0.016872836708015593, -0.0054842223031812964, -0.041079126970227364, -0.023486658866250509, -0.063849477249859954, -0.0020734789504142856, 0.061637476174285666, 0.033505393907572706, 0.010501700071224973, -0.00021099508543628853, -0.0010653461192804692, 0.013963835893676627, 0.0051737467377351576, -0.022154495869862789, 0.083333416611509586, 0.096740055757469384, 0.0065090045414766262, -0.037636891371120806, 0.070411029057275004, 0.032620445828238753, -0.019615638710162274, 0.035834320969563183, -0.11469001848621119, 0.054071435100820242, 0.031864887708966561, -0.019590375659492232, -0.026018481638512059, 0.013575856738070408, 0.057665628239272904, 0.018617223300789298, 0.036489841372551346, -0.026049002040808289, 0.056533837492879102, 0.022079150513382641, 0.054231544623129513, 0.046089039174783908, 0.072764110714247321, 0.0044602263228465944, 0.069031933064109041, 0.0069678739081412977, 0.013320648385507672, 0.15140702941973569, -0.033825513077575864, -0.0034637625513340431, 0.089636918218388983, 0.073138747476294508, 0.015936656677209782, 0.024651494522106077, -0.016053262318718009, 0.0075832945643428684, 0.004041654386811977, -0.049425218765626444, 0.046530937363961244, 0.041546872539016455, 0.086052538641292947, 0.037600994061673776, 0.046097987421051423, -0.033475873017138613, -0.022704639143003802, -0.012044157091298177, 0.0049492235438024224, 0.015466256594535988, -0.010298715698867117, 0.030447552334783273, 0.045188775759220062, -0.032671744421397308, 0.048538046003047869, -0.0052214290394594354, -0.03358753854484553, 0.052824565506597088, 0.024127005277147229, -0.067792824162418719, 0.010136611706662774, -0.0242029785384964, 0.084125392699699056, 0.0013729575182852838, 0.027041372866973279, 0.03031908776245601, 0.0092146734998853064, -0.020552106306781948, 0.024816464435402419, 0.077667904036275881, 0.06043668929975593, 0.029098598142359017, -0.0077847283558846181, -0.081921151114925927, 0.0066361359272114478, 0.035262505074824868, 0.037439585041517204, -0.052272521856278759]
('time: ', 10210.65458202362)
