“Running plot script on a single CPU core”
[-1.009165 -1.135458 -1.09823  -0.940421 -0.804961 -0.923126  0.025951
  0.161621  0.102961  0.070684  0.008853  0.048436 -0.059668  0.02989
  0.187822 -0.034348  0.090662 -0.028337 -0.085887 -0.019124]
[-0.857144 -0.849991 -0.694489 -1.05682  -0.94001  -0.922143 -0.063193
 -0.002112 -0.019709 -0.005479 -0.064729 -0.052383  0.07891  -0.069588
  0.022713  0.106697 -0.026824 -0.037904 -0.023906 -0.024221]
[ -6.957783e-01  -8.721177e-01  -9.251521e-01  -7.493569e-01  -7.442140e-01
  -1.156728e+00   1.510797e-01   3.824349e-02  -1.553143e-01   8.416294e-02
   2.666219e-02  -1.378668e-01  -7.641482e-03   3.732802e-02   1.034592e-03
  -3.334136e-02   3.543576e-02   1.128472e-01  -2.328820e-02  -1.053250e-02]
[-1.089013 -1.070059 -1.493406 -0.854348 -1.289548 -1.219942 -0.227405
  0.035735  0.033955 -0.144945 -0.033584 -0.004595  0.177449 -0.051996
  0.090839  0.18332   0.02744  -0.227712  0.010466  0.02986 ]
[-1.086469 -0.990442 -1.086521 -0.974559 -1.082723 -0.757807 -0.22373
  0.082002 -0.107029 -0.017508  0.107674 -0.102199  0.102474  0.088575
  0.123116  0.116937  0.022962 -0.198058 -0.005568  0.039371]
[-1.09277  -1.081121 -0.920053 -1.077159 -1.230542 -1.061629 -0.023692
 -0.025262  0.0141    0.014605 -0.002715  0.07566  -0.011535 -0.034964
  0.030024 -0.034372  0.076179 -0.013113 -0.057834 -0.005844]
[ -5.569521e-01  -7.776452e-01  -6.208308e-01  -7.198656e-01  -5.894956e-01
  -7.279769e-01  -1.306786e-04  -4.048782e-02  -9.646398e-02  -3.493069e-02
  -9.837294e-02  -8.658707e-02   2.489997e-02  -9.180681e-02  -4.574791e-02
   3.915213e-02  -9.133390e-02   4.972674e-02  -2.885157e-02  -3.819400e-03]
[-1.043254 -1.240705 -1.152111 -1.00782  -0.959378 -1.198253 -0.089794
 -0.072949 -0.006478 -0.139963 -0.006245  0.016481 -0.058494 -0.029453
 -0.140257 -0.109081 -0.120359 -0.16186  -0.011456 -0.00435 ]
[ -8.954400e-01  -7.125368e-01  -9.885402e-01  -6.497596e-01  -8.070989e-01
  -6.198657e-01   1.316757e-01   1.640203e-01  -2.165807e-02  -2.344993e-02
   1.269467e-02   4.337772e-04   3.554433e-02   1.774292e-02   1.972389e-01
   9.866076e-02  -3.782850e-02   1.214327e-01   3.038212e-02  -1.132876e-02]
[-0.993733 -0.875298 -0.892952 -1.103227 -1.187791 -0.979512  0.158534
  0.020186  0.056108  0.018583 -0.097722  0.105361 -0.184467 -0.140198
 -0.083284 -0.34044   0.098092  0.144986 -0.01632  -0.034741]
[-1.130641 -1.228992 -1.191744 -0.937507 -0.942476 -1.046573  0.154281
 -0.003578  0.091648 -0.059727 -0.097931  0.098686 -0.087314 -0.091822
 -0.035407  0.012472 -0.004379  0.207994  0.039867 -0.017657]
[-1.106776 -0.762191 -0.694031 -0.908542 -0.855847 -0.548017  0.034197
  0.05853  -0.071288  0.049695 -0.026703 -0.110783 -0.091386 -0.06822
  0.059641 -0.074331  0.081064  0.003444 -0.012301 -0.002006]
[-0.826421 -1.203304 -0.988538 -0.957281 -0.786507 -0.946939 -0.118766
 -0.088975 -0.145996  0.055425 -0.010544 -0.068654  0.039424 -0.008988
 -0.05361   0.044686 -0.026808 -0.036158 -0.068057  0.048286]
[ -1.011058e+00  -8.827541e-01  -8.740730e-01  -1.078565e+00  -1.066656e+00
  -8.783158e-01  -7.840742e-02   4.408860e-02  -3.891572e-02   4.615056e-04
   9.158871e-02  -4.919092e-02   3.678410e-02   9.283321e-02  -4.724798e-02
  -6.192609e-02   2.714593e-02  -4.828284e-02  -2.772936e-02  -7.532107e-03]
[-1.068268 -0.968914 -1.06118  -0.9374   -1.00829  -0.931754  0.060586
  0.002719 -0.014533 -0.026155  0.011789 -0.007801 -0.015933 -0.012551
  0.032859  0.028053 -0.070745  0.058003 -0.031284  0.020537]
[-1.125957 -1.07525  -0.880655 -1.180938 -1.019263 -0.855335  0.036159
  0.114537  0.040284  0.031159 -0.038984 -0.051597 -0.036526 -0.054389
  0.144579 -0.073962  0.089559  0.073117 -0.070961 -0.003276]
[-0.94648  -1.000327 -0.843204 -0.904246 -0.641864 -0.850204  0.157077
  0.015774  0.055132 -0.10059   0.081784  0.031954 -0.03073   0.043018
  0.018712 -0.044625 -0.110545  0.011712  0.066706 -0.046647]
[-0.965649 -0.928919 -0.898584 -0.627429 -0.542229 -0.645418  0.02362
 -0.003767  0.024227  0.023975  0.091349 -0.02472   0.056508  0.129565
  0.028554 -0.018743  0.052905  0.084704 -0.048429  0.002329]
[ -1.151928e+00  -1.023804e+00  -9.602108e-01  -1.179170e+00  -1.110552e+00
  -1.204425e+00  -8.237616e-02   4.588163e-03  -3.802377e-02  -1.101467e-01
   3.054303e-03  -1.795254e-02  -1.038689e-01   5.434473e-02  -3.779444e-02
  -4.472382e-02  -8.731252e-02  -1.567849e-01   4.736547e-03   8.910088e-04]
[-1.319496 -1.208984 -0.677338 -1.093132 -0.777147 -0.672327 -0.037881
 -0.110188 -0.145711  0.10829  -0.073407 -0.003306 -0.02402  -0.049432
  0.069332 -0.016812  0.030332  0.087918  0.060937  0.054264]
[-0.810804 -0.634292 -0.527    -0.963972 -0.889279 -0.621704 -0.033126
  0.03033  -0.110389 -0.074791 -0.009302 -0.057616 -0.005092  0.038402
 -0.01544   0.046368 -0.052429  0.003354 -0.03584   0.008645]
[ -9.831958e-01  -8.952457e-01  -6.526015e-01  -9.353184e-01  -6.458922e-01
  -5.176916e-01  -2.038897e-02   6.717388e-02  -4.384458e-03   6.038704e-02
  -6.180139e-02  -1.375225e-02   5.066572e-02  -3.883621e-02   9.340400e-02
   1.275467e-01   7.838284e-02   1.166313e-04   7.063896e-03  -6.640835e-03]
[ -9.419797e-01  -7.962474e-01  -7.971602e-01  -8.748138e-01  -7.148941e-01
  -7.343199e-01  -3.538953e-02  -6.541995e-02  -2.241735e-02  -9.844551e-02
  -5.414261e-02  -2.174314e-02  -1.605124e-02  -6.159750e-02  -7.826611e-02
   4.612154e-03  -1.383927e-01  -3.653674e-02   4.412904e-02   1.845237e-04]
[-1.154022 -0.912608 -1.091618 -0.978273 -1.27613  -1.043251 -0.002558
 -0.009184 -0.061236  0.005732  0.052488 -0.017072 -0.021785  0.050037
 -0.028093 -0.060975 -0.00594   0.024647  0.012952  0.016815]
[-0.750258 -0.855047 -0.726243 -0.687926 -0.787991 -0.732545  0.070713
  0.043321 -0.114798  0.014526  0.014207 -0.229176  0.074604 -0.097239
  0.117591  0.153914  0.078412 -0.02011   0.207136  0.047048]
[-0.778139 -0.841768 -0.678914 -0.93655  -0.84533  -0.948096  0.015689
  0.112809  0.164943  0.146365 -0.186059  0.204003  0.169802 -0.232442
  0.221675  0.216881  0.24964   0.025295  0.017134 -0.01986 ]
[-0.966834 -1.030966 -1.259167 -0.851511 -1.149218 -1.064384  0.002537
  0.03059   0.035466  0.326329  0.111744  0.038187 -0.00831   0.089391
  0.091532 -0.036959  0.240587 -0.052159 -0.014688  0.00187 ]
[ -6.632341e-01  -4.239667e-01  -3.277578e-01  -8.437462e-01  -5.986020e-01
  -5.953009e-01  -4.549650e-02   1.178283e-01   4.178791e-02   2.317053e-02
   3.799540e-02  -1.157854e-02  -2.707452e-02   4.707910e-02   7.794543e-02
  -1.721695e-02   6.965641e-02  -3.663258e-02   5.371098e-04  -2.070006e-02]
[-0.886084 -0.93337  -0.689719 -0.909857 -0.70983  -0.903485 -0.055919
 -0.027679 -0.029305  0.100957 -0.00611   0.018162  0.085151 -0.019358
  0.01083   0.041312  0.063129 -0.013792 -0.005768  0.003095]
[-0.90039  -0.789469 -0.768059 -0.842616 -0.818138 -0.868736  0.122045
 -0.006693  0.087202  0.000948  0.085141  0.064009  0.054183  0.133045
  0.041074  0.020077  0.010126  0.085575  0.023201  0.028461]
[ -1.295149e+00  -1.223701e+00  -1.018039e+00  -1.220188e+00  -9.797380e-01
  -1.006678e+00   7.173090e-04   1.810836e-02   1.724453e-01  -3.474197e-02
  -5.347536e-02   1.825605e-01  -3.588821e-02  -1.027300e-01   9.822923e-02
  -3.318705e-02  -1.543165e-01   4.299634e-02   4.335672e-02   3.738370e-02]
[ -6.950787e-01  -6.992933e-01  -7.401095e-01  -6.779870e-01  -7.371605e-01
  -7.063889e-01  -2.358330e-02   1.126176e-02  -2.785571e-02  -5.137007e-02
   5.003380e-02  -1.834355e-02   6.777531e-04   5.048791e-02   8.181348e-03
   6.960699e-02  -5.169328e-02  -2.768116e-02  -1.522575e-02  -1.046410e-02]
[-0.649091 -0.505118 -0.579126 -0.630673 -0.610049 -0.513949  0.005602
  0.044641 -0.041254  0.085559  0.097612 -0.015633  0.097592  0.099017
 -0.025236  0.110523  0.071961  0.016857 -0.030088 -0.004733]
[-0.853883 -0.75965  -0.735843 -0.884809 -0.796827 -0.868234 -0.003925
 -0.006337  0.050923  0.034298  0.124924  0.100722  0.034406  0.141498
 -0.054873  0.076306  0.05712   0.043877  0.024178  0.028717]
[-0.848474 -0.743456 -0.897306 -0.49703  -0.662223 -0.749057 -0.003705
 -0.039138  0.08398   0.026052 -0.003236 -0.011055  0.113596  0.002596
 -0.101883  0.062591 -0.011909  0.028285  0.003766 -0.002605]
[-0.698682 -0.775114 -0.826651 -0.95188  -0.875863 -1.106097  0.1586
 -0.02705  -0.070113  0.063917  0.128555 -0.158842  0.034494  0.218218
 -0.134223 -0.002502  0.049632  0.13987  -0.007906  0.006835]
[-0.713459 -1.093882 -1.019269 -0.596871 -0.568053 -1.041597 -0.084466
 -0.119119 -0.107768  0.159514  0.044476 -0.157483  0.082517  0.059459
 -0.216415  0.124985  0.161598 -0.040419  0.120501 -0.030097]
[-0.869981 -0.519083 -0.620827 -0.756587 -0.795677 -0.432094 -0.051319
 -0.000977  0.001894 -0.023594  0.025537 -0.048317 -0.136266  0.06363
  0.042064 -0.19576  -0.020383 -0.099367 -0.015567  0.025595]
[-1.050106 -0.789239 -1.101448 -0.760165 -1.107487 -0.715674  0.07305
 -0.062292  0.012895 -0.031113 -0.054333  0.021052 -0.102139 -0.117164
 -0.055404 -0.099448 -0.077405  0.065894  0.079274  0.026326]
[-1.219672 -1.212076 -0.992012 -1.097263 -0.833892 -1.051217 -0.001816
  0.049176 -0.07631  -0.123758 -0.030153 -0.101046  0.085758 -0.026531
  0.117197  0.095536 -0.081398  0.080518  0.011628  0.077837]
[ -1.222792e+00  -1.171812e+00  -1.024565e+00  -1.381333e+00  -1.094452e+00
  -1.003704e+00   1.711479e-02  -6.725888e-02  -9.541377e-04   8.425778e-02
   7.623598e-02  -1.201967e-02  -2.921085e-02   1.544725e-01  -4.018509e-02
  -4.662486e-02   7.488210e-02  -2.153246e-03  -1.011861e-01  -2.343075e-02]
[-0.556561 -0.667873 -0.602447 -0.72132  -0.702574 -0.764492  0.013907
  0.01533  -0.007621 -0.015561 -0.016258  0.038691  0.068041 -0.037486
 -0.07173   0.091171  0.00611  -0.012317 -0.005054 -0.017829]
[ -8.512396e-01  -8.915658e-01  -9.176430e-01  -8.844596e-01  -1.092107e+00
  -9.805577e-01  -5.060962e-02  -2.215075e-02   7.223195e-02   5.290822e-02
   1.148497e-01   4.783982e-02   3.276696e-02   1.006860e-01   5.142880e-02
   2.921225e-02  -3.928887e-04  -2.994062e-02  -2.721418e-02  -1.869244e-03]
[-0.730894 -0.654551 -0.780609 -0.780701 -0.873954 -1.060265 -0.01793
  0.085127  0.072522 -0.142187  0.048102 -0.048536 -0.040087  0.10329
  0.014878 -0.027652 -0.110377 -0.110361 -0.046694 -0.02193 ]
[ -7.734087e-01  -9.863803e-01  -7.123195e-01  -8.887343e-01  -6.272542e-01
  -8.172411e-01   7.217433e-02   7.035784e-04  -7.182787e-02   6.682983e-02
   9.691066e-02  -7.181045e-02  -1.790609e-02   8.707577e-02  -7.646032e-02
  -5.583231e-02   3.244441e-02   6.870312e-02  -3.619091e-02   1.542531e-02]
[-0.704283 -0.713223 -0.720175 -0.523618 -0.519394 -0.60551   0.034982
 -0.001531  0.02376  -0.014368 -0.026988  0.024513 -0.007955 -0.01553
 -0.060446  0.029157 -0.019479  0.001764 -0.01311   0.005065]
[-0.99335  -0.984394 -0.793709 -0.970224 -0.912135 -0.833304  0.022141
 -0.087382 -0.075661 -0.007579 -0.068117 -0.09079   0.030891 -0.144778
 -0.061924 -0.031331 -0.073162  0.045898  0.016273  0.039222]
[ -1.046015e+00  -1.006154e+00  -8.895587e-01  -8.876393e-01  -8.935915e-01
  -7.957517e-01  -1.821748e-02   5.789910e-02  -3.641615e-02  -4.908350e-03
  -1.206476e-02  -1.345811e-02   1.270330e-02  -5.030716e-02   6.882640e-02
   5.232309e-02  -5.511368e-02   3.166922e-02  -2.176753e-02   3.322261e-04]
[-0.976661 -1.058694 -0.839054 -0.939798 -0.907078 -0.9437    0.104188
  0.008463  0.094491 -0.063789 -0.125038  0.073084 -0.101414 -0.090997
 -0.001397 -0.086681 -0.04798   0.150831 -0.051433 -0.025508]
[-1.010851 -0.830366 -0.786718 -0.758903 -0.780062 -0.497565  0.005074
  0.168325  0.050759  0.005819  0.093587  0.09595  -0.10578   0.101631
  0.15921  -0.160249  0.036993  0.02704   0.051483  0.020539]
[-0.845569 -1.182369 -1.249145 -0.810004 -0.795794 -1.200918 -0.027005
 -0.011583 -0.002333  0.013487  0.044761  0.041931  0.005602  0.035185
 -0.017722  0.02289  -0.010795 -0.024138 -0.013553  0.007354]
[-0.915867 -1.097812 -1.293487 -0.874561 -0.882642 -1.113253 -0.073796
  0.076497 -0.092384 -0.018152  0.108239 -0.100307  0.105588  0.137033
  0.09353   0.026947 -0.005023 -0.036809 -0.071287 -0.011496]
[-0.439061 -0.517046 -0.628622 -0.538017 -0.627732 -0.784928  0.013677
  0.003132  0.055817  0.087887 -0.013925  0.032818  0.044975 -0.014665
  0.018864  0.029229  0.139216 -0.010618 -0.074532 -0.015348]
[ -9.166631e-01  -9.780529e-01  -1.042331e+00  -8.051965e-01  -1.103064e+00
  -9.627889e-01   4.959598e-02  -9.829745e-03  -5.924090e-02  -6.562925e-02
   1.408517e-01  -3.087752e-02   1.270751e-01   1.753460e-01  -3.144794e-02
   1.552524e-01  -4.896072e-02   1.090045e-01  -1.325856e-03   3.979199e-04]
[-0.947445 -0.752314 -0.888991 -0.848626 -1.002417 -0.821748  0.057275
  0.033285 -0.013948 -0.083528 -0.034832  0.052626  0.056999 -0.066264
 -0.020778  0.11569  -0.040323  0.008171  0.015011 -0.021553]
[ -7.286435e-01  -6.613960e-01  -7.719699e-01  -6.459953e-01  -6.857297e-01
  -7.437387e-01   3.585857e-04   4.412426e-02   1.218122e-02   3.493563e-03
  -2.462333e-02  -2.857923e-02  -1.189321e-02  -1.310044e-02   2.218027e-02
  -4.591026e-02  -1.300401e-02   3.354495e-02  -1.955122e-02  -1.034258e-02]
[-0.901028 -0.79168  -0.799027 -0.82919  -0.842278 -0.754687  0.076895
 -0.014637 -0.041713 -0.023539 -0.014928 -0.037354 -0.028707  0.003437
 -0.003237 -0.039189  0.007578  0.06905  -0.062246 -0.031821]
[ -8.059212e-01  -8.078456e-01  -7.635117e-01  -8.500876e-01  -8.441416e-01
  -7.387148e-01   6.925507e-02  -2.958775e-02   2.127485e-02  -3.949115e-02
   1.167896e-04  -1.925621e-02  -1.438296e-02   3.153164e-03  -1.732569e-02
  -3.953273e-02  -6.743157e-03   6.525209e-02  -2.337401e-02  -3.810371e-03]
[-0.861709 -0.700013 -0.815892 -0.906257 -0.895237 -0.766371 -0.089698
 -0.069327  0.102795 -0.049899  0.082306  0.116937 -0.014583  0.079275
  0.047555 -0.051576 -0.006964 -0.087592 -0.006044  0.008936]
[-0.685877 -0.731766 -0.758964 -0.485442 -0.445709 -0.532415  0.08716
  0.037104 -0.009567  0.111961 -0.134548  0.057397 -0.003312 -0.148676
  0.035054 -0.093034  0.09647   0.098256 -0.042647 -0.016298]
[-1.042406 -0.948495 -1.064673 -0.653806 -0.85827  -0.800975 -0.040976
 -0.002058 -0.05464   0.012779 -0.206908 -0.01856   0.024348 -0.189313
  0.072123  0.012772 -0.014321 -0.027156  0.091538  0.004967]
[-0.974659 -0.861396 -0.780528 -0.991558 -0.864875 -0.958462 -0.021092
  0.083319 -0.088756 -0.029478 -0.075281 -0.105526  0.115292 -0.073892
  0.022479  0.07153  -0.088187 -0.027667 -0.057016  0.031832]
[-1.090648 -1.045809 -0.762459 -1.143592 -0.956303 -0.947056 -0.090033
 -0.039722 -0.026578 -0.029832  0.013376  0.065095 -0.08724   0.037791
 -0.040002 -0.021718  0.004601 -0.161403  0.017255 -0.01405 ]
[-0.896699 -0.801339 -0.844008 -0.806205 -0.818856 -0.690583 -0.091474
 -0.027295  0.046081 -0.076346  0.040609  0.02923   0.02815  -0.04041
 -0.019676  0.040105 -0.071681 -0.168141  0.02865  -0.014029]
[-1.025343 -1.065285 -0.904683 -1.197865 -0.845361 -1.09889  -0.135784
 -0.040154  0.067717  0.072267 -0.012247  0.039043 -0.020601  0.029118
 -0.013667  0.004115  0.100479 -0.255853  0.009087  0.043851]
[-1.14308  -1.233236 -0.88024  -1.360683 -1.099397 -1.13674  -0.159672
  0.047246  0.024598 -0.102665  0.019728  0.019051 -0.00589  -0.087408
  0.015791 -0.070594 -0.142779 -0.09938  -0.026111 -0.029081]
[-0.687064 -0.592906 -0.665419 -0.677954 -0.723592 -0.73124  -0.052858
  0.032153 -0.02429   0.032032 -0.026991 -0.002267 -0.019749 -0.059277
  0.045556 -0.011592  0.046651 -0.030293 -0.010732 -0.003546]
[-1.381176 -1.214825 -1.047506 -1.053804 -1.083874 -0.883347  0.004339
  0.01372  -0.07025  -0.050516  0.019929 -0.068596  0.083472  0.143243
  0.010132  0.088247 -0.087154 -0.066869  0.047553  0.011997]
[-0.89096  -0.966827 -0.777408 -0.871984 -0.816418 -0.93267  -0.062995
 -0.1078   -0.106953 -0.170792 -0.12529  -0.070658  0.035936 -0.166687
 -0.093959  0.019169 -0.144942 -0.027445  0.050327  0.07428 ]
[-0.923912 -0.939555 -0.938643 -0.766264 -0.738533 -0.79292  -0.046758
  0.027554  0.076894  0.030412 -0.006691  0.083032  0.019672 -0.022361
  0.014598  0.088624  0.050098 -0.02924  -0.005349 -0.006313]
[-0.479779 -0.975198 -0.829751 -0.411445 -0.304337 -0.965858 -0.109246
 -0.072191  0.157984  0.30302   0.024958  0.126946 -0.013929  0.116906
 -0.014302 -0.030369  0.359978 -0.079952  0.053464  0.003743]
[-1.221018 -1.133986 -1.128136 -1.165196 -1.356545 -1.123829  0.165533
  0.061224 -0.05027  -0.037471  0.092752 -0.026052 -0.022037  0.076183
 -0.078303 -0.001889  0.007548  0.205913  0.070765  0.039476]
[-0.989111 -1.045209 -0.821143 -0.914167 -0.760876 -0.801531 -0.07402
 -0.009526  0.136316 -0.015685 -0.047196  0.132342 -0.144114 -0.0172
 -0.057053 -0.112726  0.017722 -0.040332  0.07794  -0.024731]
[-0.863474 -0.575979 -0.806578 -0.830634 -0.97418  -0.709623 -0.121795
  0.001036  0.012838 -0.025132  0.158508  0.024407 -0.069136  0.143284
 -0.052339  0.007731 -0.037527 -0.111355 -0.053416 -0.020342]
[-0.851216 -0.941439 -1.075009 -0.71806  -0.744319 -1.014899  0.026284
  0.019919  0.026294 -0.096817 -0.13484   0.018554 -0.032272 -0.11795
  0.006118  0.019726 -0.084478  0.025663  0.016025  0.008862]
[-1.207813 -1.373256 -1.393686 -0.915309 -0.820016 -1.068128 -0.19857
 -0.140205  0.060868  0.136132 -0.053861  0.005068  0.145723 -0.076478
 -0.113863  0.127947  0.070657 -0.132697  0.032655 -0.027085]
[ -1.421514e+00  -1.383279e+00  -1.365343e+00  -1.158526e+00  -1.132644e+00
  -1.046945e+00   6.572501e-02  -2.405977e-02  -8.775709e-03  -1.527236e-01
  -5.284704e-04   2.583541e-02  -6.746794e-02   3.187001e-02   1.112609e-02
  -9.659306e-02  -6.536955e-02   3.178045e-02  -2.657602e-02   1.882434e-02]
[-0.867199 -0.771912 -0.705923 -0.951794 -0.8605   -0.798319  0.01003
  0.005525  0.038395 -0.094981  0.009647  0.034442  0.014147  0.024878
 -0.04884   0.001343 -0.098831 -0.002488  0.063984  0.061483]
[-0.985063 -1.128443 -0.797017 -1.281965 -1.011909 -1.270639  0.046303
 -0.114515  0.020704  0.086675  0.070525  0.054807 -0.078098  0.010152
 -0.076348 -0.015731  0.025463  0.014894 -0.015415  0.024817]
[-0.941749 -0.896488 -0.763772 -1.006828 -0.828478 -0.827057 -0.032042
 -0.058638  0.011854 -0.064155 -0.017706 -0.015456  0.044596 -0.04582
 -0.009729  0.026634 -0.125538  0.077434 -0.028313  0.028951]
[-1.04632  -0.830361 -1.018946 -0.991025 -1.127687 -0.806543 -0.066758
  0.088806  0.089761 -0.026417  0.036686  0.007747  0.056409  0.127483
  0.122954 -0.007421 -0.082251 -0.061333  0.057674 -0.004893]
[-0.915816 -1.089077 -0.971294 -0.761629 -0.712247 -0.947208  0.09002
 -0.036124  0.084361  0.066154  0.115655  0.046262 -0.023426  0.08812
  0.007941  0.002733  0.151685  0.09403  -0.041139 -0.0101  ]
[-0.7955   -0.732311 -0.657395 -0.753864 -0.697446 -0.815488  0.045413
 -0.070887 -0.108895  0.045696 -0.071921 -0.060962 -0.004658 -0.064758
 -0.117718 -0.012003  0.073479  0.060042  0.058834  0.01319 ]
[-0.745217 -0.683048 -0.614037 -0.655818 -0.703536 -0.552493 -0.038499
  0.005863  0.143237  0.009266 -0.014052  0.101192  0.101124  0.029236
  0.003534  0.119899 -0.015175 -0.051885 -0.05788  -0.000836]
[-1.027086 -1.026664 -1.007042 -0.939328 -0.880151 -0.981868  0.009907
  0.005049  0.012813  0.130793 -0.044388 -0.01999   0.088162 -0.012732
  0.021447  0.166023  0.148705  0.08064   0.068965  0.003817]
[-1.211158 -1.068925 -1.166883 -1.209038 -1.049942 -0.951618  0.025532
  0.008384 -0.01904  -0.076819  0.113001  0.026462  0.026533  0.02614
 -0.001499  0.02106  -0.068297 -0.043621 -0.008002 -0.020107]
[-1.226409 -1.35423  -1.305339 -0.922847 -0.959027 -1.066808  0.003657
  0.01766   0.095912 -0.06139   0.043067 -0.024892  0.069743  0.021111
  0.0561    0.007861 -0.102807 -0.136171 -0.032191 -0.025347]
[-1.136055 -0.983864 -0.828192 -0.761708 -0.615317 -0.554575  0.011973
 -0.041388  0.056024  0.004586  0.055075  0.009256  0.092318  0.040415
 -0.044544  0.12117   0.01476  -0.026909  0.023033 -0.034153]
[-0.937658 -0.819266 -0.686242 -0.990948 -0.627963 -0.63959   0.013743
 -0.077025 -0.030636 -0.035199  0.032062 -0.051731  0.017753  0.027564
 -0.061126  0.003614 -0.032605  0.098615  0.016675  0.039443]
[-0.848854 -0.799651 -0.734746 -1.134033 -0.956506 -0.955068 -0.08381
  0.003957 -0.141402  0.062632  0.155233 -0.124448  0.076393  0.185987
 -0.019817  0.112247  0.11462  -0.133861  0.017314 -0.017922]
[-0.883596 -0.843642 -0.90644  -0.811349 -0.887535 -0.966638 -0.165942
  0.025082 -0.012485 -0.137531  0.030872 -0.078252 -0.171499  0.020226
 -0.063159 -0.262125 -0.18841  -0.188225 -0.087301 -0.011902]
[-1.006701 -0.930205 -1.02102  -1.146421 -1.164168 -1.229824 -0.056315
 -0.068316  0.221691 -0.020405 -0.088438  0.223799  0.051803 -0.066819
 -0.092818 -0.018345 -0.119516 -0.130925 -0.024048  0.05541 ]
[ -5.804334e-01  -8.812675e-01  -7.261413e-01  -6.783716e-01  -5.720923e-01
  -8.353207e-01  -1.276857e-04  -8.783549e-03   5.477807e-02   1.045263e-01
   4.132904e-02   3.141616e-02  -6.405755e-02   2.705202e-02  -4.409777e-02
  -7.479429e-02   1.484448e-01  -8.043656e-02  -3.793069e-02  -3.601989e-02]
[-1.22759  -0.886193 -0.870461 -1.055024 -0.996913 -0.796544  0.013247
 -0.089225 -0.089883 -0.069821  0.13722  -0.089906  0.002558  0.130384
 -0.053068  0.070909 -0.060332 -0.003751 -0.020559  0.028227]
[-1.157492 -1.203501 -1.050547 -1.024007 -1.11489  -1.113918  0.014416
 -0.028299  0.010078 -0.091966  0.054294 -0.036726  0.013482 -0.012562
  0.069083  0.051963 -0.037625 -0.088001 -0.074566  0.023711]
[-0.988318 -0.744457 -0.836463 -0.80399  -1.002257 -0.788125 -0.013261
 -0.056811  0.059531 -0.083757 -0.115754  0.037616 -0.103612 -0.108852
 -0.109602 -0.108106 -0.042203 -0.115701  0.001791  0.010049]
[-0.910207 -0.936164 -0.708242 -1.07787  -0.773936 -1.035113  0.082883
 -0.081854 -0.085934 -0.073515 -0.073286  0.025784  0.009663 -0.083798
 -0.10032   0.159799 -0.167961  0.100749  0.03826   0.011235]
[-0.988134 -0.932054 -0.951179 -0.705286 -0.76226  -0.607284  0.126344
  0.00518  -0.03608  -0.082213  0.005673 -0.011043 -0.057137 -0.02457
  0.024978 -0.049542 -0.079937  0.109395 -0.033871  0.011626]
[-0.786132 -0.694971 -0.762711 -0.783655 -0.892198 -0.932332  0.04685
  0.027241 -0.027054 -0.034663 -0.048481 -0.038376  0.012712 -0.044819
  0.039083  0.023366 -0.04038   0.043908  0.051945  0.001229]
[ -1.066744e+00  -1.097904e+00  -8.781102e-01  -1.096301e+00  -1.011103e+00
  -8.193217e-01   5.929043e-02   1.655179e-02   1.150258e-01   1.232718e-01
  -8.597728e-03  -2.162822e-02  -6.167423e-02   6.224211e-02   1.582034e-02
  -8.828437e-02   1.416918e-01   1.007794e-01   5.559194e-02  -8.780757e-04]
('Mean', 1, ': ', -1.0667438037081987)
('Median', 1, ': ', -1.0667438037081987)
('Variance', 1, ': ', 0.0)
('Mean', 2, ': ', -1.0979042262482166)
('Median', 2, ': ', -1.0979042262482166)
('Variance', 2, ': ', 0.0)
('Mean', 3, ': ', -0.87811016206059056)
('Median', 3, ': ', -0.87811016206059056)
('Variance', 3, ': ', 0.0)
('Mean', 4, ': ', -1.0963005037524309)
('Median', 4, ': ', -1.0963005037524309)
('Variance', 4, ': ', 0.0)
('Mean', 5, ': ', -1.011102656068998)
('Median', 5, ': ', -1.011102656068998)
('Variance', 5, ': ', 0.0)
('Mean', 6, ': ', -0.81932173617476989)
('Median', 6, ': ', -0.81932173617476989)
('Variance', 6, ': ', 0.0)
('time: ', 7882.233456134796)
