“Running plot script on a single CPU core”
[ 0.277412 -0.380632 -0.794982  0.333268  0.291391 -0.918208 -0.564508
  0.316108  0.320344  0.221333  0.331839  0.143186  0.32722   0.327171
 -0.918092  0.17189   0.153201  0.312373  0.313665  0.153565]
[-0.583975 -0.949921 -0.199362  0.321449 -0.016248  0.107973 -0.571208
 -0.255375  0.260043  0.278464  0.140493  0.236709 -0.374632 -0.970044
 -0.494002  0.330962  0.063311 -0.265065 -0.453378  0.30176 ]
[ 0.05139   0.317354  0.238594  0.238014  0.27427   0.200994  0.29168
 -0.936898 -0.150382  0.303477  0.256469  0.318681 -0.347153 -0.989051
  0.233781 -0.999459  0.137489 -0.98738  -0.877195  0.254232]
[ 0.237648  0.259933  0.331953  0.152531 -0.082527 -0.420517  0.270622
 -0.662403 -0.338747  0.233707 -0.157379  0.33224   0.260781  0.331491
 -0.136667  0.265391 -0.129694  0.111642  0.217816 -0.45204 ]
[-0.152633 -0.967571  0.14082  -0.349985 -0.019192 -0.2319   -0.153415
 -0.198876 -0.515574 -0.776962  0.296751  0.128943  0.331538  0.105985
  0.316635 -0.207929 -0.105287  0.263743 -0.832842  0.333299]
[-0.006729  0.316067 -0.892968  0.331916 -0.668766  0.014125  0.331472
  0.331207  0.178687  0.316086 -0.942677  0.315114 -0.506611  0.136662
 -0.278246 -0.355193 -0.231189  0.306373  0.129351  0.321038]
[-0.381518 -0.74205   0.330133  0.328479  0.331701  0.189856  0.296078
  0.332571  0.332047  0.010408  0.213836  0.33125   0.163774 -0.731522
 -0.026828  0.324521  0.172123  0.242848  0.123986  0.207048]
[-0.493398  0.10984   0.141924 -0.019579 -0.265035  0.180416 -0.20502
  0.257119  0.319692 -0.84778  -0.249691 -0.995895 -0.04722   0.312293
  0.317992  0.250671 -0.998037  0.325814  0.060348  0.327826]
[ 0.261783  0.117079  0.324649 -0.069229  0.319756  0.247204  0.087108
 -0.970321  0.103473 -0.140221 -0.265641  0.329106  0.292179 -0.413725
 -0.599482 -0.266312 -0.567349  0.273984  0.021991 -0.92832 ]
[-0.024201  0.222261  0.311933  0.273721  0.200144 -0.99626   0.133253
 -0.084928  0.094958  0.329181  0.294764  0.250343 -0.08649  -0.287949
  0.302082 -0.997021 -0.798512  0.119271  0.175668  0.213497]
[-0.358595  0.243937  0.319541 -0.156695  0.333123  0.080139  0.068713
  0.033419  0.29672  -0.298877  0.307823  0.277281  0.278595 -0.053986
  0.168058 -0.21695   0.316676  0.123459  0.327272 -0.163295]
[ 0.298922 -0.553196  0.311269  0.295071 -0.889919 -0.992727  0.037857
 -0.26132   0.311323  0.330894  0.134717  0.206694 -0.793133 -0.443859
  0.234597  0.076112  0.149029  0.266419  0.254413  0.011417]
[ 0.291949  0.251994  0.150154  0.261637 -0.523786  0.325303  0.141114
  0.333284  0.314592 -0.307539  0.267972 -0.120004  0.298138  0.327089
  0.297505  0.311723  0.327042  0.264236  0.20684   0.317796]
[ 0.298166 -0.84247   0.261666 -0.080576 -0.979718  0.190114  0.279119
 -0.087401  0.056942 -0.971365  0.237248 -0.089251 -0.360388 -0.073797
  0.112636 -0.997232  0.029454 -0.620522  0.198061  0.319519]
[-0.984629  0.24145   0.329673  0.26868   0.134423  0.330291  0.271845
  0.332892  0.175278 -0.549502 -0.434166  0.012837  0.221854  0.062508
  0.332381  0.09674  -0.996389  0.316477  0.266141  0.234805]
[ 0.333286 -0.176671 -0.607867  0.297738  0.201901  0.315825 -0.267267
 -0.463776 -0.470143 -0.997062 -0.027037 -0.219505  0.321909 -0.831848
  0.319365  0.073357  0.116624  0.252382  0.158579 -0.867624]
[ 0.275832 -0.079238  0.249635  0.21942   0.27726   0.167574  0.178571
  0.199135  0.260981  0.017748 -0.113788 -0.876261 -0.343222 -0.479956
  0.264581  0.162168  0.300202  0.243071  0.326105  0.333331]
[ 0.329104  0.299652  0.330176  0.201661  0.313034 -0.234614 -0.216697
 -0.998806  0.171556  0.325228  0.038975  0.333332  0.309994 -0.142205
  0.23189  -0.379986  0.152804  0.246266  0.284299  0.332091]
[-0.86331  -0.925101  0.316595  0.305105 -0.00357   0.198387  0.289367
 -0.990456 -0.895165  0.123408 -0.260754 -0.310983  0.025508  0.137374
  0.169035  0.202321  0.32572  -0.747011 -0.1859    0.30574 ]
[-0.269496  0.330945  0.331932  0.333329 -0.599489  0.326909  0.20728
  0.116109  0.163858  0.330057 -0.043069  0.269599  0.329924  0.102585
  0.319242  0.317704  0.332856  0.320517 -0.305398  0.26875 ]
[ 0.325768  0.277518 -0.483523  0.138647  0.211682 -0.819428  0.216219
  0.085451 -0.160694  0.333281  0.328754 -0.226522 -0.916349  0.194692
 -0.987555 -0.768088 -0.312427  0.315842 -0.090866 -0.957606]
[ 0.333171  0.319268  0.320156  0.292555  0.321256  0.070792 -0.532302
 -0.192481  0.216137 -0.882903 -0.977277  0.233888 -0.647275 -0.010751
 -0.532394 -0.798513  0.204707  0.328754 -0.674987  0.323415]
[-0.229012  0.063395  0.26172   0.163326 -0.127133 -0.210702 -0.375881
 -0.228776  0.168441 -0.100704 -0.999768 -0.998659  0.330287 -0.079166
  0.172172 -0.487536  0.292865  0.333176  0.320211 -0.972689]
[-0.873927  0.333244  0.281088  0.266953  0.308746  0.332953  0.322947
  0.159165  0.194365  0.330733  0.314592  0.260242  0.230732  0.294732
  0.283278  0.199302  0.279645  0.33093  -0.88858   0.215187]
[ 0.318382  0.257713  0.295282  0.333152 -0.265933  0.06754   0.059769
 -0.174675  0.237729 -0.044454 -0.122677  0.167147  0.332321  0.323632
  0.10404   0.198307  0.132259  0.331872  0.31769  -0.523937]
[ 0.178736 -0.79284  -0.218349  0.035578  0.322952  0.330669  0.045975
 -0.948552  0.196378  0.31622  -0.315287 -0.575506  0.212424  0.292204
  0.33146  -0.636841  0.22157   0.276847 -0.788499 -0.152594]
[ 0.296538 -0.291521 -0.920678  0.234158 -0.232448  0.327667  0.330387
  0.328926 -0.231704 -0.290487  0.328617  0.325715 -0.052055 -0.377843
 -0.662014  0.246034  0.319444 -0.173071  0.329829  0.332561]
[ 0.227386  0.325744 -0.178765  0.261901 -0.555754 -0.066201  0.267728
 -0.233315  0.319097  0.300407 -0.543675  0.254854 -0.816248  0.167349
  0.058945  0.325429  0.139607  0.29164  -0.120286  0.200923]
[ 0.322653  0.265434  0.22588   0.091039  0.201812 -0.257568 -0.742039
  0.273801  0.330363  0.326718  0.158122 -0.294982 -0.972702  0.249663
  0.324076  0.088744 -0.1675    0.30191   0.326517  0.332822]
[ 0.152694 -0.213674 -0.575514  0.324608  0.057344  0.326992  0.332477
  0.169348 -0.127102  0.145117 -0.609752 -0.796487  0.02688   0.294003
  0.111883  0.082528 -0.770232  0.301727  0.330954  0.330327]
[  1.496085e-01   3.214554e-01  -8.000542e-01   2.638835e-01   2.844915e-01
  -3.764890e-01  -3.360434e-01   3.237856e-01  -7.266247e-01  -2.345247e-01
   1.922808e-02   2.789524e-01   3.029732e-01   2.022215e-01   5.839899e-04
   2.794416e-01   3.242615e-01   2.659021e-01   8.887103e-02   3.244712e-01]
[ 0.014244 -0.180268  0.157767  0.228854 -0.085531  0.331432  0.325444
  0.099693  0.333146  0.333171  0.200049 -0.728977  0.185856  0.139919
  0.282915  0.142239 -0.531584  0.306641 -0.510519 -0.901477]
[ 0.229148 -0.024966  0.270652 -0.197791  0.218908  0.303416 -0.969276
  0.232041  0.261973 -0.749992 -0.504998 -0.217337 -0.967072  0.285824
  0.299387 -0.933089  0.330754 -0.170395 -0.348055 -0.010702]
[ 0.133579 -0.987402  0.089783 -0.466637  0.333171  0.330629 -0.345716
  0.333098  0.265769 -0.043177 -0.226601 -0.028658  0.303246 -0.7909
  0.323752  0.249585  0.239822  0.146506  0.25085   0.296168]
[ 0.32763   0.263889 -0.20473   0.275068 -0.941403 -0.134715 -0.755903
  0.151829  0.320051  0.121954  0.133389 -0.464209  0.271813 -0.938982
  0.331268  0.051329  0.286057 -0.065505 -0.204005  0.00747 ]
[ 0.259263  0.312039  0.312826  0.307489  0.014217  0.2588   -0.684874
 -0.044981  0.046324 -0.058009  0.040506 -0.103152 -0.175636  0.293
  0.193624 -0.730769  0.18093  -0.322606 -0.372515 -0.733531]
[ 0.280306 -0.16176   0.263297  0.328581 -0.031885 -0.148432  0.234487
 -0.402524  0.316279 -0.99964   0.291382  0.067697  0.124429 -0.779834
 -0.444285  0.211812 -0.222333 -0.182803  0.074796  0.001433]
[-0.490972 -0.247864  0.304584  0.180661  0.086449  0.324573 -0.03779
  0.010898  0.333237 -0.411389  0.128762 -0.406514  0.318782  0.096989
  0.231047  0.323216  0.294404  0.309715 -0.231794 -0.861046]
[ 0.11775   0.170219  0.157949  0.290938  0.323035  0.101096  0.317146
  0.333144 -0.360115  0.200042  0.326609  0.26201   0.216476 -0.227884
  0.239682 -0.504403  0.028553  0.004907 -0.483971  0.316376]
[ 0.222092  0.33314  -0.147613  0.134753 -0.092039  0.0668    0.332785
 -0.187366 -0.391879  0.305625  0.017282  0.041234  0.333188 -0.954114
  0.31183  -0.206765 -0.236966  0.33259   0.326981 -0.272683]
[ 0.03768   0.265193 -0.950907 -0.737293 -0.841646  0.322078 -0.582688
 -0.578634  0.136507  0.273023  0.002963  0.319323 -0.170533  0.027717
 -0.907398 -0.021865 -0.016011 -0.647513 -0.648916  0.290834]
[-0.953813  0.330789  0.11048   0.277193  0.306019  0.268427  0.316742
  0.295412  0.321357 -0.131079  0.249964 -0.849541  0.325479  0.264972
  0.082935  0.277168  0.068618  0.044402  0.324413  0.326826]
[ 0.32587  -0.826258  0.333074  0.333097  0.333259  0.327576 -0.158406
  0.154846  0.300966 -0.842995  0.321777  0.323641 -0.689685  0.285175
 -0.907575  0.235611 -0.328407 -0.878514  0.327045  0.104613]
[ 0.323245  0.29783  -0.925272 -0.709889  0.274837  0.299901 -0.975234
 -0.24835  -0.94204   0.249014 -0.826369  0.31832  -0.156108  0.236586
  0.328505 -0.090387 -0.234255  0.258168  0.108942 -0.470248]
[ 0.244112  0.256483  0.32953   0.223039 -0.303655 -0.887259 -0.273467
 -0.579792  0.119437  0.11718   0.227156  0.332459  0.299038  0.319435
  0.327254 -0.360318  0.039786  0.113719  0.098578 -0.760096]
[ 0.292818 -0.798656  0.245135  0.233528 -0.98954   0.282224  0.318405
  0.167422  0.32997  -0.198745  0.321406 -0.016865  0.047412  0.333202
  0.161458  0.216272 -0.120973  0.258196  0.081589 -0.045238]
[-0.975874  0.281236  0.326002 -0.990574  0.304668  0.079095  0.08286
  0.31147   0.309002 -0.234688  0.319573 -0.196492  0.320774  0.202589
  0.330756 -0.982795  0.121987 -0.03474   0.309156  0.20609 ]
[ 0.322327  0.163589  0.306386 -0.465454  0.330299  0.331376  0.094099
  0.31052   0.280245  0.266444 -0.034267  0.123619  0.325059  0.213924
 -0.293315  0.275081  0.148581  0.195998  0.175809 -0.159783]
[-0.866368  0.189009  0.332716  0.301841 -0.096961 -0.550228  0.302789
  0.321363  0.326447  0.332962 -0.997577  0.005373  0.333043  0.330438
  0.063892 -0.793856  0.330232 -0.705228  0.300347  0.140247]
[-0.256958  0.33266   0.300001 -0.069476  0.276748  0.214566  0.273508
 -0.109641  0.189261  0.330744 -0.090622  0.313883  0.317822  0.067489
  0.233154 -0.629989  0.150924 -0.739652 -0.337503  0.330312]
[ 0.333244  0.071336 -0.115784  0.311863 -0.427085  0.275799  0.017013
  0.315972  0.282427  0.197877  0.327882  0.332337 -0.818533  0.149258
  0.135087 -0.394935 -0.995684  0.305373 -0.195095  0.326739]
[-0.998736  0.118226 -0.660651 -0.378923  0.220661  0.297864  0.311927
 -0.83833   0.143186  0.257498  0.009592  0.168192  0.317753 -0.182678
 -0.931337 -0.089737 -0.924838  0.289531 -0.303099  0.30883 ]
[ 0.082503 -0.972625 -0.295771 -0.292053 -0.071093 -0.760719  0.325325
  0.330608 -0.185179  0.100511  0.329122 -0.804655  0.076336  0.271707
  0.183066  0.059526  0.093256  0.326686  0.265199  0.253648]
[ 0.332997  0.091079 -0.942703  0.032387  0.32682   0.25662   0.292698
  0.333317  0.07183   0.284932  0.193414 -0.951773  0.293538  0.301493
 -0.167775  0.172354  0.293586  0.325915  0.089468  0.264857]
[ 0.278785  0.322319 -0.087271  0.309699  0.312395 -0.011319  0.219205
  0.187038  0.133701  0.329547  0.268098  0.319013  0.328842  0.180298
 -0.922705 -0.038623  0.226767 -0.999905  0.204733 -0.994794]
[ 0.26135  -0.9114    0.237917  0.323119  0.333219  0.325862  0.038856
  0.028237  0.219303  0.165752 -0.229211  0.247458  0.310272  0.19845
 -0.382875 -0.672697  0.315566 -0.375065  0.298447  0.33169 ]
[ 0.330651  0.047561  0.029292 -0.788969  0.226596  0.218615 -0.251023
  0.156391  0.115271 -0.515424 -0.747775  0.249119  0.219326  0.272357
  0.227265  0.133716  0.26842   0.333282 -0.125679 -0.346743]
[-0.950319  0.094175 -0.644029  0.250184  0.308918  0.310079  0.318419
 -0.772527 -0.010058 -0.362519 -0.277389 -0.739086  0.29534   0.184614
  0.136986  0.32254  -0.472847 -0.096287  0.326342  0.165784]
[ 0.036982  0.017014 -0.22213   0.299099  0.332971  0.225011 -0.111589
  0.156577  0.331395  0.18273   0.328325 -0.999823  0.223845  0.168952
 -0.169265  0.250664  0.222188  0.190572  0.039527 -0.763717]
[-0.71628   0.185391 -0.172976  0.312455  0.331555 -0.791256  0.226961
  0.155662 -0.177499 -0.999649 -0.752388 -0.989353 -0.222802  0.3141
  0.312562  0.295136  0.321071  0.132413  0.184267  0.28338 ]
[ 0.333219 -0.656387  0.28919   0.100428  0.311919  0.327888  0.042414
  0.253704  0.199367  0.314897  0.33324   0.016541  0.313043  0.222545
 -0.797752  0.294465 -0.898436  0.219185 -0.64555  -0.990966]
[ 0.221742  0.034331  0.333133  0.299966 -0.717661  0.248485  0.256325
  0.330689  0.013626  0.274732  0.294471 -0.190437  0.241907 -0.471863
  0.312624  0.113019  0.266304 -0.281503  0.300329  0.322328]
[ 0.311882  0.263078  0.271801  0.319833  0.32732   0.287682  0.292818
  0.32318   0.313589  0.179109  0.31424   0.25694  -0.351636  0.331883
  0.232911  0.326224  0.120698  0.156955  0.252102 -0.501528]
[-0.996462  0.332992 -0.03861  -0.553365  0.328368 -0.999959 -0.050051
 -0.477178  0.245883  0.230957 -0.181517  0.188782  0.322608  0.332034
  0.234768  0.185683  0.194499 -0.479296  0.30452   0.067362]
[-0.991431  0.219291  0.299335  0.17382   0.112309 -0.158952  0.317481
  0.214957  0.103592  0.237967 -0.7638   -0.340566  0.016834 -0.35428
  0.262935  0.308709 -0.738785  0.329997  0.332199 -0.555524]
[-0.239641 -0.280416  0.139084  0.308618 -0.50138   0.01773   0.333306
  0.329463  0.173984  0.169786  0.09171   0.002237 -0.508495 -0.53561
  0.300253 -0.775325 -0.181038 -0.699348 -0.315209 -0.819758]
[ 0.320964  0.295366 -0.956903 -0.898282  0.202456  0.216357 -0.107494
  0.277023  0.116566  0.032899  0.215332  0.011273 -0.319643  0.321411
  0.321474  0.137829  0.056314 -0.226622  0.281873  0.288788]
[-0.154614  0.241037  0.316455  0.263185  0.099755  0.329303 -0.284259
  0.131911  0.323404 -0.017327  0.329123  0.321152  0.224482  0.330785
  0.330244  0.244792  0.299176 -0.283645  0.115799  0.328522]
[ 0.325118  0.328544  0.332969 -0.740869  0.025232  0.109542  0.259129
 -0.103298 -0.62168   0.253725  0.171894  0.319    -0.060997  0.266958
  0.246408  0.298225 -0.060628 -0.023477  0.042348 -0.072631]
[-0.194515  0.289524  0.329265 -0.971225 -0.195094 -0.53451   0.230511
 -0.912175  0.302887  0.317847 -0.383234  0.26714  -0.021802  0.157485
  0.034265  0.261871 -0.775399  0.308701  0.331728  0.329667]
[ 0.123764 -0.270538  0.332092 -0.050181 -0.861072 -0.126115  0.149659
 -0.087955 -0.817281  0.148548  0.09783   0.333285 -0.056377 -0.95784
  0.202511  0.299921  0.276295  0.324177  0.229091  0.036168]
[ 0.333154  0.009091  0.31534  -0.156822 -0.149127 -0.65284   0.331961
 -0.963063  0.180978 -0.693011 -0.698964  0.316428  0.302805 -0.20262
  0.257946 -0.805523  0.045277  0.304746 -0.759116  0.016662]
[ 0.29269  -0.039687 -0.33924  -0.075186 -0.939588  0.17749   0.328772
 -0.984161 -0.683291  0.184055 -0.007403  0.041293  0.332922  0.022944
  0.273001  0.324846  0.076176 -0.577982 -0.779683 -0.035053]
[ 0.333166 -0.492417  0.282704 -0.391429 -0.929749  0.120242 -0.122449
  0.121155  0.269832 -0.162146  0.33247  -0.610644  0.085344  0.225484
 -0.020875 -0.20792   0.180613  0.290925  0.151051 -0.710728]
[-0.831157  0.175153  0.262666 -0.844869 -0.217512 -0.558225 -0.472686
 -0.539781 -0.91953  -0.31494   0.315651 -0.240522  0.311022  0.317216
 -0.40814   0.326004 -0.18688  -0.942681  0.085583 -0.999711]
[-0.345451 -0.803258  0.326491  0.203533  0.052681 -0.490058  0.309565
  0.195446 -0.388344 -0.077717 -0.037089  0.214778  0.330364  0.311316
  0.294723 -0.143531 -0.343748 -0.315866  0.296821 -0.711835]
[ 0.323304 -0.965984  0.008669 -0.948487  0.32832   0.32744  -0.713711
 -0.811201  0.309459  0.330542  0.235494 -0.889268  0.118417  0.289836
 -0.193362 -0.99644  -0.322898  0.330574 -0.516165  0.108502]
[ 0.305372  0.294693 -0.411372  0.008423  0.204529  0.295203  0.12834
  0.328385  0.117403 -0.980282  0.283853  0.212405  0.309931 -0.245403
 -0.924667  0.33135   0.329292  0.314095 -0.008078 -0.861659]
[ 0.317921 -0.964178  0.332563  0.317831  0.330913  0.028693  0.212124
  0.291176  0.238582  0.290002 -0.106814 -0.184935  0.321871 -0.058746
  0.328302 -0.542669  0.32829   0.17029  -0.175916  0.323597]
[-0.129151  0.282564 -0.99933   0.330969  0.308603  0.102243  0.332497
  0.330058  0.234775 -0.728756 -0.129701  0.287238  0.089741 -0.892064
 -0.015792 -0.999999  0.22569   0.322715  0.326339  0.312138]
[-0.41231   0.330653  0.121273 -0.292939 -0.62874   0.330187 -0.482888
 -0.701893 -0.132801  0.157338  0.328805  0.082335  0.329812  0.309687
 -0.810778  0.258892  0.212479  0.333316  0.160752  0.187067]
[-0.649861 -0.197971  0.202992  0.293484 -0.226455 -0.188004  0.276328
  0.290254  0.296099  0.290616  0.085451  0.333279  0.332688  0.120348
  0.224026  0.201575  0.314614  0.271754 -0.002673  0.318772]
[ 0.226793  0.231012  0.295072  0.228001  0.090302 -0.345008  0.101471
  0.226448 -0.219894  0.331195 -0.260125  0.033798  0.138538  0.329738
  0.195753  0.329218  0.193362  0.329971 -0.883378  0.333332]
[ 0.278169  0.320994 -0.900419  0.329409  0.065674 -0.74804   0.157801
 -0.653132 -0.837771  0.327165  0.309158  0.219975 -0.250937  0.267028
 -0.123656  0.209313 -0.989509  0.311367  0.309496 -0.982938]
[ 0.22236  -0.054832 -0.769447  0.242708  0.314325  0.137353  0.232264
  0.327439  0.326885 -0.51018   0.028174  0.309012  0.314689  0.270707
 -0.946331  0.333309  0.257979  0.197198 -0.419573  0.255486]
[ 0.289512 -0.214045  0.150535  0.248975 -0.338703 -0.256376  0.3296
  0.29452   0.069487  0.151015  0.124807  0.270955 -0.089767 -0.101789
  0.080551 -0.129776  0.269441 -0.143081 -0.287397  0.239352]
[-0.545909 -0.319806 -0.904952  0.072485 -0.372794  0.271566 -0.374977
  0.332268  0.007276  0.299212  0.321341 -0.670574  0.147687 -0.670689
  0.298098 -0.908922  0.16041  -0.836722  0.203692  0.235064]
[ 0.330493  0.29636   0.280116  0.184817  0.288854  0.218354  0.127029
  0.123858  0.32708   0.129177  0.151123  0.332173 -0.467377 -0.293587
  0.092216 -0.200141  0.329217 -0.56226   0.182295  0.053076]
[-0.374145  0.320375  0.132478  0.075553  0.32819   0.224354  0.314626
 -0.300425  0.333329 -0.83515   0.134883 -0.999556  0.269334  0.302107
  0.248795 -0.970795  0.291765 -0.429332 -0.91438   0.090988]
[-0.093163 -0.143038  0.161486  0.031772 -0.976749  0.316129  0.027057
  0.179914 -0.35833  -0.88398   0.332527  0.060795  0.094492  0.220147
  0.332488 -0.201253  0.153082 -0.418446 -0.854522 -0.231961]
[ 0.22055  -0.331198 -0.873828  0.286736 -0.138282  0.037228 -0.167827
  0.324223 -0.450835 -0.03962  -0.637295  0.126723  0.039547  0.017821
 -0.284899 -0.789631  0.014725  0.333122 -0.161491  0.093022]
[ 0.325398  0.177955  0.330637  0.180624  0.150357  0.113129  0.323116
  0.310568 -0.98263  -0.820738  0.284065  0.270352  0.173493  0.211863
  0.089668 -0.895804  0.318469  0.326409  0.328999  0.27474 ]
[-0.525193  0.330636  0.307258  0.197277  0.317506  0.333304  0.309523
 -0.868858  0.329701  0.282469 -0.499651  0.320918  0.301162  0.307728
  0.329485  0.246081  0.096814  0.256496  0.145854  0.085153]
[ 0.327357 -0.037766 -0.939443  0.321448 -0.21909   0.2979   -0.186041
  0.27999   0.333233  0.030558  0.325092 -0.053592 -0.06527  -0.032501
 -0.885273 -0.346548  0.317968  0.325794  0.10819   0.250461]
[-0.529294  0.325127 -0.054713  0.278764  0.024791  0.31119  -0.230342
  0.323847 -0.091482 -0.179883 -0.640007  0.291223 -0.991877  0.286546
 -0.023276  0.307618  0.25356   0.329527 -0.253151  0.131801]
[ 0.333323 -0.119276 -0.010547 -0.070812  0.072142  0.319953  0.25011
 -0.025196  0.212713  0.316919 -0.360761  0.327272  0.298594  0.236413
 -0.592692  0.296639  0.225778 -0.874386 -0.097924 -0.73019 ]
[-0.071648 -0.128267 -0.875493  0.232266  0.11051   0.316686 -0.031338
 -0.844864  0.13765   0.290412  0.323767  0.157887  0.262891 -0.051354
 -0.290636 -0.9761   -0.14699   0.332747  0.236483  0.260333]
[ 0.314499 -0.085238 -0.151673  0.323261  0.33024   0.289689 -0.888988
 -0.498572  0.318152  0.302478  0.324552 -0.848784  0.319297  0.23164
  0.238781  0.330672  0.137569 -0.059262 -0.012177  0.290634]
[ 0.019702 -0.279175  0.333239  0.233221  0.323893 -0.106215  0.317694
 -0.159517 -0.596625  0.300799 -0.030962  0.333137  0.289539  0.333193
 -0.116215  0.331869  0.322438 -0.029969  0.10316  -0.212758]
[ 0.333316  0.289659  0.326843  0.256134  0.31019   0.329727 -0.709263
  0.332673 -0.585743  0.252814  0.328686  0.31606  -0.445414  0.107647
 -0.177205  0.165255 -0.556259  0.332503  0.256612  0.295808]
[-0.029441654425023778, -0.014881137302851122, 0.0026015194750117418, 0.015833941064567064, 0.00061665566229018864, 0.0096382993336486759, 0.018622233976759217, -0.027704267126569815, 0.051697449991074756, 0.0046590188506415615, -0.028987167441924089, 0.010865223123641687, 0.018287695789721448, 0.046316927000173869, 0.008126944331642405, 0.13222030153361886, 0.015867470509539128, -0.058410882752894078, -0.016011644001967085, -0.010699720787901212, 0.032391941065069985, 0.0074509987698652136, 0.021127036639141977, -0.0025902786384209842, 0.041984180167558949, 0.025302954759192864, -0.060176495838544342, -0.013582682423172204, -0.032249335892162945, -0.011157879235103779, 0.0081997093192816006, 0.0048956728143499124, 0.0075813757587147868, 0.030409767726807563, 0.11325818877895025, 0.02349161694062607, 0.030734621240568916, -0.027611853916906071, 0.010080429562080176, 0.11921897296518087, 0.053991013383046238, 0.020327473842423394, 0.024033877728839748, 0.044696443023393595, 0.013627482798795554, -0.030040003149818084, -0.037138782156777905, -0.062124778710509254, -0.038480161205759811, 0.014857850365819547, 0.084175819903914151, 0.012899023129214315, 0.025253581290866405, 0.061572401245678532, 0.065630715040671139, 0.034799822981424033, -0.033424079327692924, -0.057125269157059066, -0.0074819319372980975, -0.0043251501879189025, -0.048858487435686215, -0.076853025752216697, 0.061017012487784406, -0.040422504977108309, 0.0072060817464227878, 0.024992201543016512, 0.016985832192066452, -0.032522655550121335, -0.030545727300489267, 0.0027612741265403695, -0.0090594463697761529, 0.035031816758675616, 0.034937590438524513, -0.043894224864239273, 0.051335829447576198, -0.015999537666371688, 0.077839682404381466, 0.014990251522786102, -0.051009651270119083, 0.056102481853941094, -0.0036085265078063533, -0.020986035768265743, -0.041520943794399578, -0.027263566241538861, 0.073126420326653035, 0.002974008949511775, -0.011983579160719682, 0.0092917460414392861, -0.014706898706143834, 0.019601488320433777, 0.063718606220806689, 0.090463501319593354, -0.02164093801989353, 0.028684524512322396, -0.0038113958983994056, 0.047815295108583455, 0.033128295827910839, 0.023550158346365868, 0.0076383650373452947, 0.083013683843943864]
('time: ', 10315.23972415924)
