“Running plot script on a single CPU core”
[ 0.01361   0.060221  0.08301  -0.012615  0.001993  0.008531]
[ 0.047964  0.038746  0.045514 -0.020712 -0.01929  -0.03027 ]
[-0.025189  0.034678 -0.022824 -0.018512  0.035058 -0.012637]
[-0.004418  0.025656 -0.004801 -0.02591  -0.011769 -0.033701]
[ 0.051127  0.052079  0.040246  0.00818  -0.003344 -0.018147]
[-0.018165 -0.000354  0.006646  0.005993  0.014856  0.01237 ]
[ 0.036311  0.044901  0.021627  0.012418 -0.012782  0.009984]
[ 0.056949  0.029146  0.076665  0.015095  0.025039 -0.021938]
[-0.003807  0.00511   0.13356  -0.043563  0.040401  0.008195]
[-0.018532 -0.033913 -0.010032  0.020187 -0.019905 -0.009499]
[ 0.109551  0.130429  0.111192 -0.012494  0.002455  0.01566 ]
[ 0.001723 -0.027611  0.029322  0.05372  -0.016745  0.003038]
[-0.016054  0.039873  0.025167 -0.010348 -0.002984 -0.017711]
[ 0.026413  0.074345  0.05668  -0.016559  0.010773 -0.00276 ]
[ 0.000407  0.057094  0.01745   0.020902 -0.0455    0.004915]
[ 0.070265 -0.011674  0.098568 -0.014473  0.019352 -0.000528]
[ 0.022325  0.015081  0.01242   0.009493  0.009512 -0.017198]
[ 0.036072 -0.011462  0.012975  0.033604 -0.005582 -0.024384]
[ 0.054494  0.020824  0.075925 -0.007713  0.004519  0.01747 ]
[ 0.02362   0.028599  0.003309  0.019844  0.029522  0.00925 ]
[ 0.051003  0.058561  0.131509 -0.019779 -0.006588 -0.006476]
[ 0.066768  0.05815   0.103085 -0.00235   0.012136  0.018879]
[-0.028628  0.032554  0.017359 -0.021653 -0.004457 -0.012229]
[ 0.023263  0.018087  0.028392  0.032229  0.006117  0.008479]
[-0.053061 -0.078876 -0.065899  0.003529  0.02045  -0.003637]
[ 0.04096   0.063077  0.027456 -0.020422  0.000144 -0.027319]
[-0.029919  0.00625  -0.012113 -0.00145  -0.009336 -0.001976]
[ 0.122338  0.080915  0.053649  0.008727  0.037991  0.040101]
[ 0.016095  0.025156  0.125451  0.021632 -0.026453 -0.01207 ]
[-0.012298 -0.012487  0.014022 -0.037118 -0.024095  0.016482]
[ 0.069998  0.085262  0.111549 -0.031628 -0.000967  0.004796]
[ 0.011603  0.001663  0.063633 -0.024762 -0.007663  0.004978]
[-0.059313  0.021218 -0.024939 -0.043794  0.043415  0.048911]
[ 0.04168   0.062527  0.170289 -0.016261  0.05589  -0.005161]
[ 0.028148  0.045108  0.056596 -0.009439 -0.006919  0.010175]
[ 0.050203  0.082888  0.09565   0.011483  0.006951 -0.020653]
[ 0.084536  0.100749  0.129903 -0.029898 -0.021369  0.004803]
[-0.002524 -0.066027  0.007524 -0.021524 -0.03457   0.015126]
[-0.006389  0.068821  0.082198 -0.008579 -0.027162 -0.003793]
[-0.011027 -0.025152  0.004378 -0.012543  0.01521  -0.00363 ]
[ 0.006433  0.004409  0.031601  0.002915  0.008481 -0.043939]
[ 0.02216   0.053008  0.077206 -0.000956  0.02499  -0.017116]
[-0.00816   0.00761  -0.0065    0.006423  0.000929 -0.008687]
[ 0.04618   0.070464  0.014546  0.028012 -0.01329  -0.02047 ]
[ 0.049449  0.013693  0.060366 -0.001537  0.017289 -0.016301]
[-0.060082 -0.038775 -0.08205  -0.001904 -0.015195 -0.016579]
[-0.001321  0.016783 -0.01874  -0.014052 -0.00212  -0.014237]
[-0.034754 -0.047646 -0.012864 -0.005637 -0.003551 -0.012804]
[ 0.062701  0.018527  0.094383 -0.026395 -0.021759 -0.007315]
[ 0.117582  0.034222  0.11313   0.023354 -0.032971 -0.023071]
[ 0.069806  0.034226  0.059001  0.001371 -0.004455  0.020656]
[ 0.065476  0.043403  0.052554 -0.033123  0.005589 -0.007266]
[ 0.016936  0.010561 -0.010556 -0.008849  0.025998 -0.001307]
[-0.016429 -0.005781  0.010369 -0.010989 -0.005764 -0.00199 ]
[ 0.061195  0.046989  0.049081 -0.01774  -0.011779 -0.000147]
[ 0.054979  0.118552  0.112157 -0.036728  0.026085 -0.016026]
[ 0.102084  0.122382  0.10096  -0.006821 -0.00594   0.053374]
[-0.014903  0.019093  0.045115  0.021977  0.002469  0.008461]
[ 0.012817  0.079104  0.050716 -0.015452 -0.022374  0.01955 ]
[ 0.04398   0.05346   0.097542  0.002387  0.000524  0.013886]
[-0.044433  0.054988  0.021643  0.010003  0.021639  0.007584]
[ 0.04683   0.113221  0.088936  0.024199 -0.00548  -0.003986]
[-0.033358  0.026161  0.025586 -0.025932  0.004707 -0.006943]
[ 0.059764  0.020223  0.018515  0.003413  0.032482 -0.01748 ]
[-0.054885 -0.023016 -0.043603  0.041054 -0.004426  0.016676]
[-0.001791  0.05494   0.024062 -0.012545 -0.014369 -0.004197]
[-0.000272  0.008668  0.019446 -0.001005 -0.005202  0.001106]
[ 0.099682  0.048249  0.099446 -0.021591 -0.007104 -0.009   ]
[ 0.026717  0.097373  0.084162 -0.004655 -0.011804  0.027298]
[-0.044477  0.036709 -0.069386 -0.016192  0.02762  -0.00621 ]
[ 0.045199  0.052457  0.027955  0.032565 -0.003555 -0.014699]
[ 0.118014  0.097449  0.084588  0.030829  0.007984  0.03752 ]
[-0.051651  0.020005 -0.047357  0.020305  0.011899  0.035864]
[-0.011623  0.079819  0.009254 -0.024687 -0.019552 -0.010081]
[ 0.033146  0.052727  0.060877 -0.012207 -0.017743 -0.005986]
[ 0.093808  0.088038  0.113593  0.017106  0.011087 -0.003999]
[-0.027112 -0.012943 -0.029136 -0.012989  0.014421 -0.005188]
[ 0.026257  0.060633  0.074671 -0.011746  0.041505 -0.003935]
[ 0.035228  0.019828  0.105012 -0.005109 -0.015049 -0.030307]
[ 0.025949 -0.00012   0.06688  -0.021134 -0.001254  0.00351 ]
[-0.02759   0.072967  0.075767  0.047724  0.002611  0.014161]
[ 0.054993  0.011115  0.046404  0.005372  0.006703 -0.039638]
[ 0.033556  0.050839  0.008984 -0.002416  0.015426  0.015156]
[-0.022637  0.044012  0.028923 -0.032937  0.006563 -0.025424]
[-0.022404 -0.01883  -0.020731 -0.016429 -0.006993  0.004535]
[ 0.026087  0.145608  0.10801  -0.016913 -0.023861 -0.012992]
[ 0.043201  0.086233  0.033522  0.001056 -0.003152  0.027409]
[-0.034353 -0.015309  0.016936  0.025616 -0.018762  0.012605]
[-0.015854  0.029717  0.019719  0.00497   0.013258  0.004067]
[ 0.02404   0.050806  0.04065   0.035597  0.004631  0.004946]
[ 0.097569  0.06807   0.143051 -0.061926  0.03063   0.037427]
[ 0.03815   0.072416  0.039411  0.014475  0.059318  0.000206]
[ 0.082348  0.102661  0.093803  0.009459  0.008024  0.010465]
[ 0.007839 -0.028192 -0.001632  0.028017  0.023544 -0.010857]
[ 0.118802  0.086367 -0.002001  0.013687  0.015582  0.032156]
[-0.039676  0.069202  0.050425  0.002792  0.048445  0.012328]
[ 0.003046  0.074021  0.012247  0.023012  0.00647  -0.000239]
[-0.047649  0.109057  0.111657 -0.034088  0.018222 -0.007407]
[ 0.028918  0.022931  0.088459 -0.047655  0.020581  0.049886]
[-0.02301  -0.068175 -0.013527 -0.02024   0.038198 -0.013293]
('Mean', 1, ': ', -0.023009673649394352)
('Median', 1, ': ', -0.023009673649394352)
('Variance', 1, ': ', 0.0)
('Mean', 2, ': ', -0.068175015067512931)
('Median', 2, ': ', -0.068175015067512931)
('Variance', 2, ': ', 0.0)
('Mean', 3, ': ', -0.013526628554797745)
('Median', 3, ': ', -0.013526628554797745)
('Variance', 3, ': ', 0.0)
('time: ', 7935.720848083496)
