“Running plot script on a single CPU core”
[  1.372877e-01   3.281503e-01   3.253224e-01   3.784860e-03  -2.815540e-01
   2.573030e-01   2.968991e-01   1.813282e-01  -9.036824e-01   3.281921e-01
  -7.892466e-01   3.171905e-01   2.518192e-01   2.975417e-01  -2.128031e-01
  -1.348825e-01   2.453460e-01  -4.339782e-04   3.329560e-01  -5.035895e-01]
[  2.432251e-01  -6.821385e-01   3.365057e-02   3.330668e-01  -1.779143e-01
   3.125232e-01   3.279154e-01   5.800749e-02  -9.252372e-02  -4.269967e-01
  -9.589703e-01   2.951231e-01   3.203612e-01   2.561912e-01  -8.739339e-01
   2.962982e-01   9.671396e-04  -9.815304e-01  -4.628326e-02   2.598029e-01]
[ 0.151166  0.054651  0.175259  0.3326   -0.002629  0.325752  0.153632
  0.146616  0.238761 -0.004868 -0.712585  0.307663  0.322844  0.330599
 -0.558731  0.26137  -0.656758  0.244044  0.325686  0.333333]
[-0.43745   0.332029 -0.281655  0.258128  0.328963 -0.763996 -0.577185
  0.22726   0.333302  0.249393 -0.818288 -0.781148 -0.999434  0.325464
  0.125558  0.106794 -0.355778 -0.507953 -0.175602  0.261536]
[-0.506764 -0.291598 -0.999985  0.3323    0.237316  0.273015  0.131439
  0.252768 -0.025756 -0.996107  0.3309   -0.176039  0.330202 -0.187408
  0.295309  0.111122  0.229672  0.310553  0.25265   0.332306]
[ 0.261563  0.333094  0.154289 -0.339307 -0.144388  0.330565  0.323207
  0.168096  0.087114  0.120169  0.08341   0.268627  0.177719 -0.07918
  0.316375  0.13157  -0.716674  0.201631  0.328423 -0.844703]
[-0.108332  0.330323  0.328015  0.275432 -0.800805  0.331711  0.307637
  0.168288  0.255709  0.321449 -0.394284 -0.998506  0.276024  0.135595
  0.328246  0.280273  0.326352  0.279165 -0.705808  0.18719 ]
[ 0.310149  0.317908  0.288213  0.170366  0.254969  0.148753  0.165766
  0.33331  -0.011711 -0.927569  0.194163 -0.734037 -0.981196  0.217574
  0.168441  0.308717  0.226451  0.073632 -0.484722 -0.168719]
[ 0.137127 -0.976898  0.324421 -0.827559 -0.986021  0.333318  0.18
 -0.188441 -0.395524  0.280101  0.32483   0.105294 -0.071049 -0.16021
  0.184879  0.210999 -0.833232  0.330193  0.193236  0.26472 ]
[-0.453706  0.050309  0.18966  -0.03428  -0.333961  0.328473  0.119501
  0.316385  0.143354  0.269287  0.223062 -0.549025 -0.711322  0.302811
 -0.199318  0.084005  0.300912  0.185582  0.28231   0.319826]
[ 0.216824 -0.037835  0.223766  0.311709  0.305217 -0.155532  0.260204
  0.272705 -0.209293  0.333316 -0.390663  0.333127 -0.68549   0.242007
  0.176703 -0.517639  0.108263  0.087136  0.257044  0.21941 ]
[ 0.301896 -0.367455 -0.32029   0.108604  0.30889   0.332548  0.079109
  0.16558   0.311911  0.196846 -0.658006  0.304509  0.20431   0.311969
 -0.48762   0.055016  0.323593  0.327785  0.333315  0.303519]
[ 0.31686   0.127359  0.26974   0.162857 -0.043038  0.333214  0.138072
  0.228522  0.332934 -0.768723  0.297774 -0.023568  0.119184  0.174712
 -0.359344  0.318702  0.325027 -0.49804  -0.920283  0.330768]
[ 0.256982  0.300392  0.331874  0.330494  0.31198  -0.016515 -0.999411
  0.114306 -0.216091  0.333262  0.189268 -0.179872 -0.100126  0.009688
  0.167802  0.322357  0.275658  0.267643  0.320199  0.326579]
[-0.686892  0.331184  0.191376  0.152486  0.014878 -0.53778   0.332852
  0.241179 -0.943137  0.288192  0.253774 -0.100773  0.046948  0.307774
  0.004469  0.144881  0.283662  0.258903 -0.036536  0.245633]
[-0.493035  0.070865  0.332294  0.248021  0.241332  0.153988 -0.300829
  0.026195  0.301109 -0.642337  0.326243  0.016525  0.333009  0.291887
  0.093996 -0.160059 -0.64017  -0.761798  0.269504  0.293719]
[-0.974062 -0.111935  0.31066   0.314204 -0.477162 -0.275939  0.291062
 -0.008088  0.307377  0.25146   0.190052  0.016206 -0.113896  0.200726
 -0.959334  0.262925  0.298636  0.144269  0.283761 -0.037008]
[ 0.275981  0.332913  0.322294  0.219096 -0.194017  0.327511 -0.03291
 -0.337526 -0.103511 -0.361285  0.218948  0.273885  0.086196  0.260013
 -0.17377   0.279426  0.300946  0.177998 -0.448971  0.333317]
[-0.013623 -0.751445 -0.258758 -0.929583 -0.339299  0.208689  0.316928
  0.274916  0.249576 -0.398458  0.301533  0.300836  0.315604  0.19394
  0.305067  0.329239 -0.814495  0.246485  0.039019 -0.799601]
[ 0.129543  0.151725 -0.004791  0.247105 -0.509138 -0.778696  0.228892
  0.329505  0.328084 -0.112797 -0.003272  0.127388  0.250977  0.171294
  0.019055  0.333308 -0.464921  0.014513 -0.567594  0.087142]
[-0.700034 -0.642827  0.088066  0.312315 -0.444309 -0.729892  0.264357
  0.197371 -0.439738 -0.009851  0.30928   0.328557  0.317627  0.327873
  0.31058   0.288014 -0.75099   0.327746 -0.093381 -0.435315]
[-0.115861  0.324685  0.332183  0.327579 -0.988903  0.279965  0.332672
 -0.815977 -0.41416   0.322482  0.113341  0.306232  0.167058  0.26944
  0.020723 -0.860583 -0.543575  0.10704   0.278307 -0.701314]
[ 0.33136  -0.14305   0.295649 -0.540238 -0.265929  0.268929  0.32015
 -0.694618 -0.232774  0.309083 -0.081108 -0.625478  0.27902  -0.016083
  0.33059   0.305301 -0.39851  -0.143476  0.333077  0.331782]
[ 0.136601  0.206453  0.056013 -0.101835  0.314699  0.214783  0.207613
 -0.164779  0.332858  0.309411 -0.140289  0.219394 -0.21743   0.223404
 -0.199467  0.151796  0.302893  0.284011  0.292406  0.313814]
[ 0.12884  -0.164236 -0.220969 -0.118948  0.036459  0.325598  0.329067
  0.289026 -0.031343  0.215309 -0.143919  0.256503 -0.236601 -0.927447
 -0.203242 -0.150901  0.233192 -0.845145 -0.032889 -0.099836]
[-0.142096  0.09994   0.324614  0.314609  0.32174   0.319086 -0.836029
  0.330691  0.314506  0.223875 -0.153778  0.112639 -0.346313 -0.126772
 -0.72233  -0.043332  0.119072 -0.93894   0.326453  0.294655]
[ 0.005401  0.332793  0.149042  0.292827 -0.828594  0.330072 -0.184826
  0.332793 -0.00772   0.319975  0.328467  0.10283  -0.087066 -0.305485
 -0.216902  0.328754  0.293547  0.111271  0.273773 -0.999374]
[ 0.313636 -0.962718  0.301552 -0.989381  0.284281 -0.569751  0.331558
 -0.535371  0.071474 -0.044572 -0.996741  0.330246 -0.21634   0.308491
  0.284828  0.333275 -0.838561 -0.983076 -0.339696 -0.53716 ]
[ 0.323675 -0.195836  0.201616 -0.005504 -0.007954  0.332133  0.325855
  0.257535  0.246189  0.018209  0.037358  0.311779  0.290873  0.19979
  0.328982  0.120857  0.277807  0.147675 -0.738284 -0.062312]
[-0.869734  0.118725 -0.033265  0.330236  0.274512  0.235528 -0.578806
 -0.99837   0.123168 -0.136814  0.32742   0.300859 -0.43983  -0.02362
  0.202072 -0.92753  -0.876509 -0.344544  0.245037  0.204804]
[ 0.252184 -0.968938  0.155343  0.310313 -0.968606 -0.155611  0.330916
 -0.288431 -0.260637  0.309652  0.266341 -0.406617  0.330952 -0.312808
  0.060085  0.323897 -0.477643  0.292155  0.332161 -0.8376  ]
[ 0.195125 -0.230011 -1.        0.32588   0.327823  0.203726  0.33283
 -0.014351  0.241346  0.332408 -0.71233   0.276198 -0.236142  0.234575
 -0.06548  -0.4396   -0.073391  0.326159  0.259762  0.232591]
[ -3.218618e-01   2.531638e-01  -1.289105e-01  -9.682773e-01   2.731661e-01
  -4.386564e-01  -1.764992e-01   1.881567e-01   2.283102e-01  -2.515648e-01
   3.275988e-01   2.996616e-01  -7.993375e-01   6.018150e-02   1.189868e-01
   6.618576e-02   3.054511e-01   3.285235e-01   5.388389e-04   2.861235e-01]
[ 0.268534  0.242768  0.094589  0.187206  0.286234  0.25157  -0.162187
  0.034087  0.313862  0.053549  0.331627  0.331563 -0.512531 -0.462401
 -0.578823  0.116039  0.243314  0.206336 -0.140597 -0.894137]
[-0.52031   0.287486  0.216755  0.307466 -0.665785  0.291363  0.333297
  0.325739  0.259228  0.283424  0.095363  0.330367  0.307575  0.22729
  0.284665 -0.318175  0.044972  0.282668  0.14789  -0.395224]
[-0.700649  0.076079 -0.090733  0.088785  0.313583  0.333272  0.282311
  0.02742   0.3297   -0.592949  0.145813  0.30786   0.228998 -0.173099
 -0.918111  0.135889 -0.00151   0.24491   0.123718  0.331781]
[ 0.124257  0.292807  0.243091  0.332025  0.332906 -0.791962 -0.432581
 -0.505448 -0.468332  0.296979  0.033907  0.130923 -0.33096   0.318915
 -0.232173  0.322835 -0.816395 -0.180741 -0.998259 -0.262838]
[ 0.330141  0.290108  0.062641  0.091307  0.133034  0.269006  0.044918
  0.27261   0.333333  0.315374  0.318682 -0.570919  0.24808  -0.057396
  0.333199  0.129599 -0.127386  0.040303  0.192509  0.161205]
[-0.864504  0.332621  0.330886  0.288341  0.327307  0.033916 -0.640671
  0.328825  0.326831  0.2847    0.198542 -0.087231  0.098026  0.182897
  0.326649 -0.982629  0.314157  0.279191  0.291303 -0.094294]
[ 0.332687  0.15785  -0.85847   0.310393 -0.895913  0.332972 -0.275939
 -0.43835  -0.358097  0.251751 -0.289478  0.326981  0.229941 -0.737213
  0.333332  0.268595  0.113633  0.30919   0.296319  0.310064]
[ 0.220775 -0.648757 -0.018233  0.322816 -0.340295 -0.431778  0.331441
 -0.204539  0.326689 -0.024501 -0.860287 -0.799106 -0.248149  0.171126
  0.311794  0.255637 -0.921822  0.057424 -0.312848  0.215123]
[ 0.305626  0.231559 -0.113678  0.049516  0.221346  0.039369 -0.302011
  0.328972  0.272564 -0.00797  -0.948662  0.315886 -0.584734  0.329319
 -0.098565  0.332145 -0.171484  0.297511  0.171387 -0.80633 ]
[ 0.197952  0.331738 -0.482381  0.333075 -0.61629  -0.059755 -0.802699
 -0.044224 -0.126691  0.252142  0.157908 -0.819761  0.332913 -0.952234
  0.030892 -0.00595  -0.061827  0.216001 -0.134487  0.318414]
[-0.993238  0.083912  0.332583 -0.718491 -0.042298 -0.156672 -0.634581
 -0.637044 -0.16817  -0.183668  0.327241  0.298316  0.060915  0.255609
  0.306168  0.296188  0.28468   0.325073 -0.042661  0.075742]
[ 0.003209  0.071218 -0.319226  0.296971  0.329236 -0.99994  -0.316106
  0.148772 -0.067072  0.312253  0.16066   0.298026 -0.528527  0.254208
  0.237362  0.321831  0.307703  0.215481 -0.839022  0.206964]
[ 0.070877 -0.147997 -0.717793 -0.208622 -0.253344 -0.937197  0.265686
  0.319322 -0.655932  0.278078  0.304397 -0.09743   0.24228  -0.300727
  0.05071  -0.798416  0.330011  0.19619   0.319483 -0.430216]
[  1.394477e-04  -9.812906e-01   3.246064e-01   2.542666e-01   3.043668e-01
  -8.581557e-01  -1.841163e-01   3.327624e-01   3.289862e-01   3.304195e-01
   8.628809e-02   3.053556e-01  -5.914604e-01  -4.459060e-01   1.672490e-01
   1.879532e-01  -4.524817e-01  -6.741455e-01  -3.213217e-02   3.008702e-01]
[ 0.278833 -0.10778  -0.712997 -0.997174  0.254269 -0.169948  0.314423
 -0.670345  0.203118 -0.985112  0.299972  0.332591  0.276013  0.324525
 -0.914811  0.207926 -0.037794  0.234568 -0.009171  0.075406]
[ 0.085616 -0.583302  0.158609 -0.569075 -0.196403 -0.419548  0.15845
 -0.24684   0.293443  0.290451 -0.889013 -0.695091  0.270056  0.244728
  0.229236  0.159914  0.332633  0.237834 -0.611017  0.187751]
[-0.016533 -0.417497 -0.548525  0.01324   0.242157 -0.181278  0.260693
  0.332495 -0.862621  0.054193  0.271506  0.311824  0.030669  0.299477
  0.264971  0.313356  0.281908  0.27065   0.222608 -0.060403]
[ 0.226963 -0.551972  0.23048   0.332364  0.311788  0.184745  0.187387
  0.262202  0.145442  0.301462 -0.264734  0.332906  0.145626  0.332268
 -0.358604  0.27881   0.238184  0.107406  0.296058 -0.147417]
[ 0.012812 -0.513308 -0.54385  -0.520478  0.329115  0.330098  0.281856
  0.307275 -0.214662 -0.887265  0.282173 -0.046403 -0.113798  0.149924
  0.307333  0.255059  0.252018  0.3143   -0.158307 -0.175754]
[-0.012394  0.275     0.311639  0.228637 -0.58371   0.20235  -0.239881
  0.043227 -0.979679  0.332667  0.305615 -0.464682  0.323971  0.312105
  0.155743 -0.100901 -0.420681  0.281852  0.327771 -0.637789]
[ 0.1432   -0.112557  0.333161 -0.945805  0.214373 -0.264163  0.333294
  0.316864  0.15567   0.294152  0.146317 -0.260638  0.248405  0.333333
  0.102603  0.11305   0.218593  0.230536  0.287181 -0.434087]
[-0.870067  0.307423 -0.995344  0.333112 -0.064605  0.305889  0.251345
  0.27073   0.272746  0.040294  0.332152  0.087225  0.025154  0.199972
  0.301916 -0.330597 -0.592348 -0.336898 -0.455227  0.192246]
[ 0.083731 -0.991395  0.31577  -0.410102  0.323168  0.19498  -0.111155
  0.272113  0.248082  0.214772 -0.19996  -0.503235 -0.977003 -0.988577
  0.151479 -0.633822  0.305467  0.195591  0.277983  0.298782]
[ 0.331748  0.333174 -0.727069 -0.880801  0.077925  0.239789  0.332221
 -0.421802  0.333332  0.005546 -0.106582 -0.038105  0.305211  0.331187
  0.299999  0.150936 -0.151272 -0.335584 -0.087743  0.330591]
[ 0.329612  0.301617 -0.153404  0.326592  0.332242 -0.38607  -0.180134
 -0.176889  0.324519  0.22278  -0.069448  0.327119 -0.977288  0.316813
  0.313613  0.310134  0.138598  0.187166  0.333083  0.326796]
[ 0.180201 -0.216156 -0.404534  0.255384 -0.858404  0.260073  0.260262
  0.055179  0.328155  0.278465  0.136385  0.064998  0.023757  0.330834
  0.189747  0.291404  0.303597  0.255475 -0.908578 -0.011558]
[ 0.333204  0.020507 -0.499554  0.041512 -0.098053 -0.746511 -0.008144
 -0.032625  0.304896  0.332835  0.254613  0.024248 -0.522817 -0.160676
 -0.389048 -0.947084  0.308272  0.269144  0.074081 -0.004597]
[-0.170492  0.327831  0.33232  -0.99137  -0.597319 -0.024487 -0.513697
  0.199017  0.325924  0.279175  0.205618  0.3333    0.324057  0.293339
 -0.840346  0.238945  0.276364  0.330678  0.033628  0.317232]
[-0.081363  0.237545  0.269488  0.111013  0.148058 -0.314405 -0.990998
  0.055552  0.331005  0.33333   0.287043  0.295274  0.230346 -0.301623
  0.333249  0.050932  0.199174 -0.949135 -0.114157 -0.177678]
[ 0.326406  0.333138  0.331563 -0.056081  0.319489  0.315688 -0.959752
 -0.932571 -0.201507 -0.536496  0.312194  0.282904 -0.946284 -0.175069
 -0.841249 -0.176986  0.31579  -0.718362  0.318951  0.308664]
[ 0.15781   0.332543  0.04078   0.301339  0.153838  0.293577  0.188539
  0.130761 -0.497902 -0.07474  -0.456495  0.199309  0.324821 -0.486903
 -0.165747  0.292731 -0.766498  0.322836  0.222715  0.328554]
[ 0.149059  0.291442  0.292056 -0.380012 -0.003846  0.183858  0.327997
  0.304368 -0.808807  0.295002 -0.745026  0.257008 -0.992813  0.30659
  0.323817  0.007326  0.312617  0.237801  0.1028    0.315391]
[ 0.198346  0.099222  0.320995  0.302175 -0.185516  0.3177    0.302153
 -0.332283 -0.003764  0.302716  0.029194  0.110102 -0.593275 -0.711281
  0.202743  0.012982 -0.857817  0.260496  0.314875  0.13136 ]
[-0.990854  0.088486  0.028083 -0.384816 -0.28209   0.288683  0.246703
 -0.23229   0.187861  0.227167  0.310998  0.144854  0.169066  0.083272
  0.267756 -0.948521 -0.688599  0.249477  0.288738  0.081894]
[ 0.19385   0.230131  0.306381  0.026295  0.151327 -0.368394  0.285161
  0.112106 -0.324011  0.3111    0.280071 -0.522936  0.186855  0.281637
 -0.23917   0.30107  -0.899307  0.272757 -0.035314  0.217573]
[-0.220891  0.196923 -0.086829  0.266954 -0.221097  0.190047 -0.740264
  0.316149  0.043761  0.142978 -0.32543   0.318321 -0.098344  0.190896
 -0.134246 -0.120815 -0.175996  0.061472 -0.160796 -0.375479]
[ 0.307639  0.267142 -0.698066 -0.30126   0.3054    0.294838  0.332689
 -0.176832  0.001847 -0.079192  0.185654 -0.772763 -0.558002  0.332573
  0.089665  0.332898  0.138765  0.322369  0.162479 -0.393695]
[-0.109006 -0.805071  0.276     0.265709  0.069503  0.331818 -0.025309
  0.107731  0.323718  0.328731 -0.358411 -0.21904   0.004384  0.184085
  0.31565   0.232916  0.309426  0.317375  0.322888  0.244912]
[ 0.318696  0.123311  0.326186  0.21047   0.298492  0.213352  0.142404
  0.290325  0.316906  0.282792  0.331399  0.277319  0.332461  0.30471
  0.105658 -0.119196  0.306126  0.219014  0.307012  0.314366]
[ 0.189026 -0.994229  0.329175 -0.33079   0.049221  0.322217  0.317567
 -0.33892  -0.296904  0.124433 -0.845095 -0.382679  0.333322 -0.27724
  0.251228 -0.84039   0.329735  0.327947  0.302321 -0.543799]
[ 0.120029  0.064036  0.299601  0.120577 -0.1926   -0.269714  0.218012
  0.059273 -0.428501  0.235801  0.184691  0.118855  0.016106  0.306469
 -0.193313  0.317765 -0.134015 -0.066528  0.29487  -0.030762]
[ 0.165618 -0.408495 -0.219936  0.060391 -0.013296  0.081873  0.247795
 -0.537289  0.317889  0.112259  0.203518  0.234116 -0.915095 -0.368566
  0.268244  0.11221  -0.595217 -0.337504  0.309105  0.314578]
[-0.215288 -0.30889   0.063089  0.276015  0.024377 -0.104728  0.32916
  0.294255  0.285746  0.333067  0.223892 -0.078456  0.317067  0.054518
 -0.736031 -0.309976  0.173093  0.193284  0.329206  0.327201]
[-0.280943  0.329368  0.269186 -0.947192 -0.246262  0.082247  0.24969
 -0.012459  0.3212    0.323295 -0.689609  0.315075 -0.35915   0.328327
 -0.406019  0.299666  0.291983  0.220841  0.110246  0.331315]
[ 0.329972 -0.831959 -0.04354   0.331279  0.276568 -0.477067  0.190831
 -0.670227  0.265228 -0.871776  0.209447  0.318205  0.137815  0.066341
 -0.439793  0.306243  0.172463  0.167954  0.197329  0.321554]
[-0.763834  0.328387 -0.069338 -0.702237  0.288636 -0.084707  0.309984
 -0.415813  0.332169 -0.092235 -0.072034  0.329296  0.134648  0.311459
 -0.048827  0.317359  0.323833  0.333199 -0.714831 -0.186874]
[-0.474114  0.157059 -0.705432  0.260467  0.332007  0.105115  0.167526
  0.328715  0.209477  0.24316   0.136446 -0.659824  0.333326  0.311374
 -0.367111  0.166899  0.314309  0.207132  0.033109  0.007333]
[ 0.195524  0.224878  0.238113  0.331028  0.173124  0.326356  0.332473
  0.33257   0.309085  0.324742  0.215916 -0.039029  0.088619  0.273425
  0.267942 -0.454972  0.333321  0.296701 -0.066735  0.133026]
[-0.709103 -0.350279  0.248837  0.295181  0.310697  0.068695 -0.214932
 -0.349548  0.333149  0.252807 -0.320599 -0.31961  -0.431549 -0.398128
  0.269045 -0.289945  0.292049  0.183929 -0.911208  0.277412]
[ 0.167196  0.295919  0.247259 -0.794069 -0.039649  0.330278  0.327559
 -0.989966 -0.502346  0.321882 -0.154481  0.282769 -0.983722  0.028804
  0.303858  0.184305 -0.37092   0.322328 -0.746628 -0.988282]
[ 0.226405  0.262943  0.173774  0.332954  0.332342 -0.089056  0.318318
  0.111631 -0.241008  0.32274  -0.906982  0.258632  0.286133  0.274931
 -0.525287  0.050713 -0.168834  0.045383  0.267836  0.262162]
[ 0.046501 -0.138926 -0.698777  0.302879  0.317254  0.212363  0.32261
 -0.292277 -0.294291  0.044255  0.248437 -0.052046  0.222486  0.320533
 -0.776911  0.277536  0.131718 -0.170761  0.307944  0.322179]
[-0.131293  0.277698 -0.482109  0.299027  0.170453 -0.972451  0.0749
  0.170697  0.009019  0.311042  0.33331  -0.056633 -0.791889  0.33061
  0.070892  0.273798  0.286476  0.320764  0.249762  0.216214]
[ 0.022912 -0.984633  0.219607 -0.427672 -0.564175 -0.074864 -0.988341
 -0.010611  0.327351  0.28666   0.239498  0.30462   0.264206 -0.075926
  0.18236   0.282975  0.333258 -0.929606  0.329597 -0.941487]
[ 0.251563 -0.998827 -0.188089  0.188729  0.175945  0.33314   0.283754
  0.30076   0.257442 -0.295893  0.320013  0.071347  0.312829 -0.103845
 -0.988752  0.245325  0.248635  0.253718  0.196882 -0.132659]
[ 0.296752 -0.658009  0.26185   0.165851 -0.164075 -0.034891 -0.104776
  0.244454  0.098504  0.331954  0.294572 -0.34501  -0.695321 -0.997318
  0.296258  0.319668 -0.725596  0.24963   0.264109  0.32713 ]
[ 0.333331 -0.278902  0.32425  -0.14283   0.171949  0.271005  0.278202
 -0.018745  0.318712  0.183786  0.331963  0.28458   0.233903  0.32159
  0.051986  0.328093  0.219289 -0.933464  0.288486 -0.299996]
[ -8.002938e-02  -7.355508e-01   2.177105e-01   3.245619e-01  -4.850326e-01
   1.109550e-01   2.272062e-04   3.091255e-01   1.706658e-01  -5.488816e-01
  -3.960723e-01   5.015435e-02   2.447456e-01  -7.924548e-01  -7.710952e-01
   2.157849e-01   3.029851e-01   3.333299e-01   2.928172e-01   2.697656e-01]
[ 0.285611  0.210432  0.303722  0.122644  0.315597 -0.047585  0.178842
 -0.941191  0.231195  0.293848  0.027926  0.293624  0.104753  0.312176
  0.141743  0.163991  0.33112   0.262243 -0.585093  0.333323]
[-0.928208 -0.032984 -0.385465  0.329472 -0.839623  0.330773  0.306064
  0.049317  0.080492  0.285197  0.194659 -0.279456  0.330856  0.129442
  0.320341  0.193839  0.327288  0.266824  0.258119 -0.540735]
[-0.238519  0.220811 -0.381872  0.22015   0.231423 -0.649163 -0.668097
  0.320927 -0.998189  0.225045  0.211878  0.327349  0.284307  0.150624
  0.205835  0.199235  0.222487  0.226733  0.113147  0.048407]
[ 0.305933 -0.425328  0.282611  0.151158  0.246657 -0.819435 -0.991804
  0.041398 -0.984091  0.185151 -0.012319  0.180799  0.326922 -0.784466
  0.262281  0.015831 -0.923454  0.112248  0.190072  0.266535]
[ 0.32825   0.333202  0.060882 -0.430757  0.153668 -0.162699  0.294341
  0.329726  0.317638  0.33282  -0.293268 -0.04903   0.331371 -0.343827
 -0.748727  0.286905 -0.40415   0.188137  0.245905 -0.95954 ]
[ 0.177575  0.142394  0.04813   0.295849 -0.961853  0.319109 -0.112654
  0.3171    0.294609  0.044721 -0.475981  0.308819 -0.9007    0.288338
  0.142518 -0.212796 -0.790551 -0.08863   0.318826  0.256565]
[ 0.306426  0.092798  0.327568  0.18727   0.31565   0.329917  0.110748
  0.287284 -0.939983  0.320461  0.313986  0.324287  0.159034  0.292293
 -0.93491  -0.158175 -0.507139  0.174126  0.317305  0.315934]
[ 0.331898  0.088707  0.23133   0.327999 -0.406761 -0.24937  -0.071895
  0.322329  0.310839  0.310603 -0.294728 -0.347313  0.317027  0.328519
  0.245411  0.124595  0.291857  0.323351  0.138546  0.260515]
[ 0.326595  0.184441  0.326467  0.332939  0.288555  0.333318  0.317195
  0.323508 -0.932777  0.216968  0.330629 -0.633379 -0.754179  0.331584
  0.32232  -0.668806  0.014131 -0.057656  0.333328  0.252647]
[0.027174236998464829, 0.013182294954588142, 0.0084253685603843942, 0.0031148774640945565, -0.011367067501413364, 0.059391625883055993, 0.0060340773849207607, 0.0052184290163010405, -0.019783239341251119, 0.042886276778886401, 0.00983052712277388, 0.054004344705124524, -0.083788262947578573, 0.1044352757099532, -0.056023366169138167, -0.014152949006533522, -0.021958910125277287, 0.069830609336053812, 0.0061483894026247501, 0.041005281499847751, -0.035972963751571663, -0.0064999110164885437, 0.068829109467246463, 0.035608547035014204, 0.019449714079523034, 0.014457894174200847, 0.0095901707088312266, 0.055161940630499451, -0.0943732902189795, 0.031722482372718797, -0.0017114568029169552, 0.023184818255170381, -0.028345709653823659, 0.041632782037078986, -0.010120526532767293, 0.018985805240980591, 0.0029638897681191351, 0.042153642571524041, -0.043240899558370294, -0.048068962971883678, 0.086369993067431455, 0.086062034896042583, 0.058030296216573241, -0.064786854233767621, 0.02310629480677346, -0.019058472228045603, -0.0040158187313170937, -0.10479661273378671, 0.042246291660333724, 0.031895785373806343, -0.0051806886571980071, 0.0022171527532721166, -0.020550047669686902, 0.019309744811622634, 0.0079955093417495293, 0.033287846467559258, -0.014010080870769104, 0.042429095253751103, -0.069793167052170618, 0.06734937200592217, 0.0086495117772472929, -0.01185389892731685, 0.093203119771378407, -0.034639323911074965, 0.022625950533312761, 0.032294630621903464, -0.027400393599382844, -0.021591383371793699, -0.022475104341090291, 0.033625023236770302, 0.0077819584297173783, 0.026355092188940499, -0.021098479961836142, 0.05582039859017815, 0.010835619101895982, 0.0025986492322246646, 0.0028952903990056567, -0.030300409591487221, -0.093348103410796801, -0.040141637990096846, 0.0099394044560664196, -0.010664240062920882, 0.032610660577862299, 0.017905710449983764, -0.0010524233606682004, -0.019365559086736053, 0.028765926628998843, 0.044903504767042163, 0.082515908211027195, -0.040733050259488313, 0.015163067884202477, 0.046699024083293211, -0.01817396519054193, 0.0015025996040614331, -0.0098643108783072475, -0.054500106459425268, 0.05690703394387274, 0.036119046171870006, 0.038197187875407934, 0.059232899691059326]
('time: ', 10385.479882001877)
