“Running plot script on a single CPU core”
[ 0.019888  0.00872   0.022227 -0.00695  -0.020699  0.005394]
[ 0.036632  0.074055  0.112569 -0.011193  0.026941  0.02127 ]
[-0.037564 -0.010271 -0.027099 -0.022305 -0.003783 -0.003273]
[-0.020217 -0.099478 -0.035624  0.000881 -0.02139  -0.03643 ]
[ 0.084888  0.063191  0.058268  0.007159  0.003386 -0.018403]
[-0.033454  0.00383  -0.018386 -0.019992  0.037872 -0.033914]
[ 0.017348  0.083076  0.078791  0.011058 -0.032155  0.01827 ]
[-0.001807 -0.040912 -0.008156  0.006877  0.008189  0.00419 ]
[ 0.026459  0.027683  0.050563 -0.010376  0.005551 -0.002414]
[ 0.009196 -0.013208  0.06448   0.005826 -0.002347 -0.044397]
[ 0.023825 -0.015143  0.030455 -0.002954 -0.003942 -0.007342]
[ 0.071628  0.090287  0.080785  0.015424 -0.009071  0.009001]
[ 0.000467  0.059905  0.021509  0.000174 -0.002913  0.012109]
[ 0.048852  0.050753  0.06937  -0.014725 -0.010236 -0.009189]
[  6.860129e-02   2.924383e-02   6.590955e-02  -9.704986e-05   1.564665e-02
  -1.682496e-02]
[ 0.042262  0.099221 -0.009618 -0.003487  0.023262  0.021481]
[ 0.024968  0.000574  0.06576   0.041348 -0.008515 -0.010701]
[-0.083     0.025078 -0.068876 -0.006262 -0.001205  0.003688]
[ 0.067187  0.095063  0.051928 -0.002248 -0.011105 -0.011565]
[ 0.065713  0.094764  0.098491  0.007719 -0.010449 -0.009184]
[-0.012335 -0.002037 -0.026876  0.012623 -0.005984 -0.005413]
[-0.003234  0.097497  0.084648 -0.026507  0.003872 -0.001275]
[ 0.026734 -0.021704 -0.005055 -0.006952 -0.005342  0.01094 ]
[-0.019286  0.030367  0.013052 -0.012385 -0.034599  0.002283]
[ 0.019332  0.014876  0.007595 -0.02503  -0.014962 -0.025424]
[ 0.015129  0.029223  0.064757  0.022329 -0.010806  0.019157]
[ 0.045138  0.042855  0.034906  0.006228  0.002978 -0.018667]
[-0.007238 -0.042774  0.036803 -0.013534 -0.039656 -0.025133]
[ 0.036937  0.10126   0.152802 -0.068897  0.004768 -0.002108]
[ 0.004691  0.005246  0.043963  0.016275 -0.001543  0.005938]
[ 0.001479  0.047515  0.05221  -0.010558 -0.002083 -0.000195]
[ 0.020079 -0.034677  0.01996   0.00797  -0.004686 -0.064178]
[ 0.035161  0.019853  0.037214 -0.005514  0.029548 -0.006361]
[ 0.039976  0.029253  0.0673   -0.034936  0.017888  0.006835]
[ 0.036774  0.113534  0.099009  0.02701  -0.025803 -0.006722]
[ 0.034835  0.07644   0.060066  0.017723 -0.00889  -0.020126]
[ 0.043376  0.057397  0.064161  0.020782  0.013105  0.011184]
[ 0.051899  0.027539  0.001827 -0.012469 -0.004854  0.000908]
[-0.001301  0.037808  0.024972 -0.02478   0.001802 -0.019483]
[-0.025924  0.031745  0.004236 -0.01632   0.024925 -0.02809 ]
[ 0.065879  0.052067  0.037955  0.013004 -0.022132 -0.006225]
[ 0.043218  0.060112  0.03729   0.013605  0.008275  0.045037]
[ 0.049611  0.031679  0.065796  0.01609   0.024044  0.015042]
[-0.010505  0.069125  0.015077  0.007087 -0.009522  0.004042]
[ 0.072027  0.081393  0.15532  -0.037075  0.011295 -0.022659]
[-0.016083  0.017607  0.043492 -0.024094  0.053481  0.015907]
[-0.014498 -0.022741 -0.00115   0.005265 -0.01483  -0.034036]
[-0.04923  -0.03438   0.026573 -0.014482 -0.026365  0.038358]
[ 0.062103  0.056656  0.083203 -0.029735  0.025086 -0.017336]
[ 0.043146  0.10722   0.102589  0.00234  -0.024155  0.000423]
[-0.01322   0.03161   0.020708  0.010452  0.014471 -0.007969]
[ 0.01029   0.035447  0.043011  0.011956 -0.038093  0.006065]
[ 0.023426  0.050189  0.020397  0.040598 -0.015147  0.023105]
[-0.022406 -0.019124  0.025639  0.029676 -0.000975 -0.005425]
[-0.014104  0.029484  0.05241   0.018409 -0.021204  0.001784]
[ 0.017378  0.02871  -0.0136    0.010089  0.015861 -0.001998]
[ 0.038479  0.063715  0.052805 -0.00695  -0.001145  0.011303]
[ 0.050334  0.147469  0.088239  0.004142  0.031819  0.044338]
[ 0.016173 -0.008929  0.013658 -0.028938  0.010996  0.006434]
[ 0.033098  0.084985  0.102582 -0.016248  0.044562 -0.003289]
[ 0.115025  0.120984  0.086173 -0.034417 -0.002446  0.044334]
[ 0.037913  0.093901  0.066951  0.00766  -0.030709  0.007608]
[ 0.04438   0.098736  0.108181  0.024777  0.030437 -0.04745 ]
[ 0.06298   0.039053  0.06426   0.00418   0.012366  0.004866]
[ 0.006591  0.0949    0.05239   0.032513  0.012305  0.002691]
[ 0.037981  0.110067  0.072598 -0.013597 -0.053458 -0.002819]
[ 0.060926  0.033937  0.045089  0.00477  -0.041183  0.004961]
[ 0.02517   0.094863  0.11739   0.057362 -0.02579   0.007464]
[ 0.061942  0.083285  0.074044  0.012668 -0.028363  0.003466]
[ 0.006269  0.02026  -0.011035  0.019054  0.012492  0.00663 ]
[ 0.018481  0.03141   0.066366  0.014627 -0.003952 -0.02859 ]
[ 0.008423  0.039862  0.06322  -0.004106 -0.002939 -0.003241]
[ 0.040709  0.002783  0.063328 -0.01335   0.006012 -0.0102  ]
[ 0.031356  0.036315  0.019557 -0.002291 -0.021078  0.003375]
[ 0.025864  0.028877  0.08228   0.028239 -0.025228 -0.002638]
[ 0.04633   0.07847   0.132045  0.022113  0.003158  0.00771 ]
[-0.012368  0.000131 -0.010073 -0.012422  0.002765  0.023812]
[ 0.099019  0.075132  0.070316  0.001658  0.012994  0.015813]
[ 0.076654  0.057188  0.023637  0.001114 -0.037874 -0.019165]
[ 0.046228  0.049275  0.03165   0.043154  0.033599  0.037016]
[ 0.016158  0.044763  0.087245  0.005652 -0.008409  0.0047  ]
[ 0.073449  0.031214  0.075747  0.010254  0.010866 -0.008035]
[-0.090741 -0.067284 -0.040739  0.018009 -0.007456 -0.014442]
[ 0.064829  0.034928  0.056882 -0.002742 -0.000332 -0.019811]
[-0.017152  0.031979 -0.029619  0.015196  0.020301  0.005457]
[ 0.083172  0.135059  0.020564  0.003961  0.038625 -0.01821 ]
[ 0.014244  0.055912  0.009247  0.019745  0.003268 -0.028981]
[ 0.011266  0.028206  0.065749  0.009809 -0.014283  0.013431]
[-0.051487  0.042119 -0.110235 -0.028695  0.001497  0.006186]
[ 0.007637  0.031238 -0.00489   0.0185   -0.019919 -0.023018]
[ 0.092196  0.104635  0.119063 -0.034596 -0.014087 -0.00214 ]
[ 0.00216   0.01782   0.093108 -0.042481 -0.004946 -0.022589]
[ 0.00262   0.008755  0.034277  0.002227 -0.007756 -0.02851 ]
[-0.002104 -0.00613   0.062619  0.00294   0.004033  0.010118]
[-0.025472 -0.028651 -0.019879  0.004901 -0.010566  0.004303]
[ 0.02902   0.053498  0.067601  0.040012  0.010584 -0.004332]
[-0.024223  0.022259  0.014611 -0.012064  0.02879  -0.039738]
[ 0.079098  0.015357  0.022046 -0.040847 -0.02798  -0.023677]
[-0.035591  0.063977  0.084105  0.036939  0.045797 -0.034352]
[ 0.045364  0.069862  0.140712 -0.02393  -0.004571  0.014902]
('Mean', 1, ': ', 0.045363638084310029)
('Median', 1, ': ', 0.045363638084310029)
('Variance', 1, ': ', 0.0)
('Mean', 2, ': ', 0.0698619447218322)
('Median', 2, ': ', 0.0698619447218322)
('Variance', 2, ': ', 0.0)
('Mean', 3, ': ', 0.14071187126469006)
('Median', 3, ': ', 0.14071187126469006)
('Variance', 3, ': ', 0.0)
('time: ', 9538.72070813179)
