“Running plot script on a single CPU core”
[-0.894319 -0.864983 -0.737594 -0.970361 -0.77395  -0.654535  0.012129
 -0.008756 -0.11512  -0.002589  0.087454 -0.111945 -0.079911  0.059826
  0.032089 -0.075584 -0.013816  0.077623 -0.010786 -0.04616 ]
[-1.206041 -1.158018 -1.052861 -1.231535 -1.200852 -1.269273  0.064019
  0.057055  0.054386 -0.150876 -0.058187  0.066873 -0.03099  -0.122734
  0.121758  0.261769 -0.143114  0.022686  0.054685 -0.021811]
[ -1.090542e+00  -1.231819e+00  -1.026993e+00  -1.009209e+00  -8.809657e-01
  -9.224234e-01   5.554079e-04  -3.408607e-03  -3.414891e-02  -1.934222e-02
   5.443120e-02  -7.366128e-02  -4.530556e-02   9.977198e-02   9.946227e-03
  -3.433294e-02  -8.539279e-03   7.544645e-02  -5.487810e-02  -4.856408e-02]
[-1.056877 -0.895372 -0.839956 -0.939855 -0.945375 -0.806566  0.048467
  0.073378 -0.015715 -0.012311 -0.103913  0.018345  0.059875 -0.103767
  0.082778 -0.010658 -0.02358   0.084479  0.023387  0.006936]
[-0.943772 -0.865008 -0.613898 -0.851636 -0.557005 -0.565591  0.011783
 -0.077424  0.034718  0.079396 -0.074191 -0.007441  0.055607 -0.064435
 -0.074435  0.050059  0.088393  0.001738  0.033186 -0.002378]
[-1.006684 -0.916406 -0.784313 -1.048776 -0.80158  -0.786098  0.037551
 -0.04574  -0.11691   0.05322   0.127387 -0.103791 -0.0871    0.122368
 -0.028755 -0.05771   0.033851  0.003879  0.008103 -0.035908]
[-0.867752 -1.021933 -0.676513 -1.058416 -0.906256 -1.155784  0.102503
 -0.112632  0.073762 -0.125266 -0.041055  0.062188 -0.002562  0.020509
 -0.13444  -0.032951 -0.168612  0.18616   0.084504  0.085586]
[-0.895642 -0.727217 -0.453051 -0.867737 -0.829013 -0.632276  0.057467
  0.167731 -0.096719 -0.022817 -0.065581 -0.134306  0.071305 -0.215071
  0.089621  0.116134 -0.102116  0.08618  -0.055607  0.020293]
[-0.7726   -0.947981 -0.706489 -0.806955 -0.582015 -0.735289  0.109191
 -0.008643 -0.121874  0.005486  0.011864 -0.146562 -0.025708  0.039537
  0.040651 -0.010193 -0.037638  0.149435  0.003747  0.010444]
[-0.808038 -0.625265 -0.550634 -0.816387 -0.733698 -0.550003 -0.034029
  0.130864  0.056821 -0.034157  0.036258  0.068019  0.007589  0.113181
  0.092833 -0.052299 -0.045754 -0.108564 -0.027418 -0.013456]
[-0.628389 -0.847163 -0.524809 -0.486088 -0.396153 -0.599301 -0.122267
  0.009574 -0.152018  0.089025  0.071565 -0.132927 -0.058464  0.102229
  0.020803 -0.018108  0.120493 -0.149287  0.034512  0.011373]
[-0.853647 -0.757836 -0.688959 -1.065654 -0.901892 -0.827647 -0.026069
  0.023663  0.104909  0.049841  0.060335  0.089303  0.116663  0.023138
 -0.027693  0.152456  0.00557  -0.078844 -0.008836 -0.021762]
[-0.858581 -0.952368 -1.015389 -0.889764 -0.9399   -1.059948 -0.064892
 -0.019585 -0.045778  0.037873  0.112047 -0.047841  0.00764   0.101137
 -0.031422 -0.059135  0.062026 -0.090498  0.005732 -0.025516]
[-0.872    -0.680928 -0.820747 -0.681705 -0.892931 -0.69507   0.018924
 -0.032819 -0.071272 -0.083597 -0.029286 -0.08076  -0.053927  0.073126
 -0.014875 -0.08602  -0.074871  0.036383  0.023648  0.0249  ]
[ -7.815669e-01  -8.581888e-01  -8.163334e-01  -8.691345e-01  -7.977929e-01
  -8.771873e-01  -5.955679e-02   2.788125e-04   3.926809e-02   3.330627e-02
   2.999016e-02   6.139750e-02  -5.182222e-02   2.360727e-02   2.188155e-02
   3.851205e-02   3.207227e-02  -9.845686e-02   6.630404e-03  -2.847995e-03]
[ -1.096429e+00  -1.156550e+00  -8.937799e-01  -1.199831e+00  -9.340307e-01
  -1.136833e+00  -1.471155e-02   1.632366e-01   1.167484e-04   8.508636e-02
  -1.336904e-01   5.631947e-02  -5.081311e-03  -1.108360e-01   1.720838e-01
  -8.132835e-02   1.383541e-02  -1.694199e-02  -2.971185e-02   2.235614e-02]
[-0.829893 -0.825955 -0.717795 -0.698817 -0.629535 -0.573589  0.005432
 -0.039523 -0.069055  0.069657 -0.06603  -0.063869 -0.067092 -0.031121
 -0.038635 -0.061822  0.061118  0.017755  0.00613  -0.01183 ]
[-0.818942 -0.663767 -0.878864 -0.733129 -0.979954 -0.737632  0.00674
 -0.088393 -0.060062  0.116484  0.132474 -0.029282  0.029501  0.039475
 -0.021115  0.011715  0.118795  0.002765 -0.014058  0.038638]
[-0.967103 -0.92896  -0.617081 -0.843871 -0.499057 -0.562578  0.040015
 -0.068917  0.020083 -0.147483  0.071385  0.092815  0.018386  0.136947
 -0.043547  0.065347 -0.060688  0.008061  0.022957 -0.015381]
[-1.074527 -0.885145 -0.941475 -0.76365  -0.747106 -0.657695  0.093963
 -0.068565  0.043869  0.017283  0.045502  0.056053  0.053075  0.039904
 -0.045294  0.061838 -0.020969  0.081259  0.038272  0.010924]
[-0.802098 -1.000002 -0.788672 -0.984075 -0.819293 -1.471517  0.036657
  0.046054 -0.240894  0.242929  0.113511 -0.251933  0.032094  0.221269
  0.09737   0.097896  0.214001 -0.023632 -0.121285  0.001568]
[ -1.002597e+00  -6.620810e-01  -8.753201e-01  -9.941859e-01  -1.061019e+00
  -8.074777e-01  -1.234318e-01  -8.619676e-02  -1.490854e-02  -8.646073e-02
   8.063002e-03   3.535360e-02  -5.979404e-02  -8.370694e-02  -1.234756e-01
  -3.696630e-02  -7.613241e-02  -5.662648e-02  -2.735479e-02  -4.892868e-04]
[-1.088018 -0.753944 -0.925364 -0.750317 -1.430128 -0.55654   0.022703
 -0.119562  0.142777  0.099894 -0.141272  0.135876 -0.024441 -0.025189
 -0.136832 -0.169128  0.115002 -0.064827  0.024746 -0.00511 ]
[-1.116333 -0.986512 -0.967063 -0.954612 -0.787761 -0.888797  0.077966
 -0.056048 -0.084372 -0.112362  0.176456 -0.04059   0.008641  0.118386
 -0.001645  0.04453  -0.121396 -0.002945 -0.034805 -0.014   ]
[-0.765271 -0.818428 -0.841264 -0.541308 -0.497833 -0.780736 -0.068193
  0.051361  0.095169  0.054638 -0.117941  0.078082  0.110025 -0.192055
  0.056751  0.093975  0.220438 -0.065857  0.051056  0.04324 ]
[ -8.661069e-01  -1.000280e+00  -1.119330e+00  -6.978583e-01  -7.432438e-01
  -8.661090e-01  -1.407522e-01   2.618420e-02   3.065767e-02  -2.272581e-01
  -4.240019e-02   1.838791e-02  -3.337109e-02  -5.130222e-02   4.501731e-02
  -7.370049e-02  -1.748925e-01  -9.049218e-02   7.824135e-04   2.337266e-02]
[ -6.946357e-01  -5.720553e-01  -6.110128e-01  -7.924852e-01  -9.917208e-01
  -7.820050e-01  -6.481455e-04  -1.920896e-01  -4.115490e-02   5.215378e-02
   1.047385e-01  -4.792927e-02   3.846017e-02   1.345245e-01  -2.413567e-01
   1.466867e-02   7.011647e-02   4.319592e-02   4.790331e-02  -1.424669e-02]
[-1.058937 -1.133702 -0.811799 -0.86378  -0.78802  -0.659699  0.107474
 -0.250462 -0.079403  0.021478  0.078303 -0.019957  0.031783  0.130663
 -0.128842  0.083227  0.037628  0.044789  0.016227 -0.018613]
[-0.724152 -0.758738 -0.814883 -0.67517  -0.718031 -0.674346  0.055064
  0.002586 -0.041257 -0.039143  0.050499 -0.039054 -0.023015  0.049051
  0.007546  0.023058  0.005317  0.062007 -0.006198 -0.021406]
[-0.900487 -0.686154 -0.600544 -0.842042 -0.721904 -0.582294  0.118314
 -0.11822   0.029607  0.059117 -0.102093  0.049377  0.01443  -0.145059
 -0.054804  0.012085  0.046538  0.07489  -0.008872  0.017876]
[-0.676457 -0.819007 -0.60086  -0.807109 -0.377828 -0.587049  0.041247
  0.006333  0.087204  0.049499 -0.008745  0.057236  0.054557 -0.047879
  0.032523  0.020893  0.04421   0.030199  0.008065  0.014094]
[-0.905737 -0.72455  -0.777223 -0.717844 -0.968707 -0.694983 -0.089737
  0.040399 -0.089459  0.059491  0.021288 -0.092045  0.021786 -0.017237
 -0.051107 -0.004146  0.12409  -0.042187 -0.040487  0.00648 ]
[ -6.648980e-01  -7.179233e-01  -6.125617e-01  -7.562832e-01  -6.137406e-01
  -7.127418e-01   7.447311e-04   1.429627e-02  -5.651252e-02  -8.193497e-02
  -7.811096e-02  -8.848808e-02   1.233830e-01  -8.652447e-02  -1.345783e-02
   5.027534e-02  -1.304938e-01   3.386543e-02   1.554619e-02  -8.452619e-04]
[-1.091909 -0.937588 -0.889017 -0.879392 -0.862916 -0.854911 -0.11041
 -0.045426  0.009672  0.046932 -0.046163 -0.026328  0.100125 -0.032326
 -0.043873  0.110982  0.091412 -0.087932  0.003666 -0.003307]
[-0.725726 -0.333951 -0.491586 -0.906621 -0.881967 -0.797367  0.039331
 -0.185718  0.039986  0.059828 -0.098752  0.039321 -0.062278 -0.053755
 -0.16119  -0.077801  0.054964  0.02552   0.025752  0.023128]
[ -7.916339e-01  -8.464735e-01  -8.423944e-01  -7.712828e-01  -8.083244e-01
  -8.196978e-01  -2.988715e-03   6.340006e-02   2.585179e-02   2.152173e-02
   3.873724e-02   3.825377e-05   8.026595e-03   3.605299e-02   7.726953e-02
   4.624545e-02   7.698810e-03   1.910925e-03   3.564984e-03   1.290841e-02]
[-1.207892 -1.086485 -1.353053 -0.94412  -1.116465 -1.124283  0.126508
  0.007504 -0.024568 -0.151887  0.102528 -0.003423  0.04098   0.039755
 -0.0228    0.052722 -0.208115  0.109491 -0.04264   0.003542]
[-0.867546 -0.744541 -0.528059 -0.866902 -0.524728 -0.501427  0.076816
 -0.041148 -0.021693 -0.137084 -0.033196  0.024437 -0.030111  0.018626
 -0.079846 -0.03569  -0.116181  0.081198  0.036216  0.045377]
[ -9.804624e-01  -9.505018e-01  -7.732049e-01  -1.098764e+00  -9.280460e-01
  -1.008272e+00   5.231065e-03  -1.631535e-02   1.569759e-02   4.766117e-02
  -2.858725e-02  -5.152159e-03  -2.469318e-02   4.221958e-03  -5.474973e-02
   3.329349e-02   3.123710e-04  -2.148668e-02   2.295016e-02   1.092628e-03]
[-0.893879 -0.854126 -0.977444 -0.868679 -0.806384 -0.607597  0.069321
  0.097389  0.021217  0.022124  0.052921  0.034252 -0.227586  0.012922
  0.076956 -0.305969  0.055262  0.016354 -0.059212 -0.062705]
[-0.776811 -0.816799 -0.713132 -0.866537 -0.593672 -0.836789 -0.122755
  0.098132  0.037498  0.060005 -0.030039  0.11337  -0.09744  -0.025354
  0.110446 -0.109891  0.092657 -0.164331  0.116315  0.019452]
[-0.853985 -0.774912 -0.795585 -0.74996  -0.809173 -0.705022  0.047726
 -0.068484 -0.084212 -0.029419 -0.016122 -0.075988  0.011172  0.003208
 -0.042752  0.012384 -0.0573    0.088006 -0.018428  0.014364]
[-0.998087 -0.979206 -0.917216 -0.818479 -0.990769 -0.865614 -0.033422
  0.013875  0.054532  0.080523  0.167611  0.070404 -0.026165  0.183301
  0.182091 -0.043725  0.113869 -0.053391  0.010539  0.062181]
[-0.888795 -0.670107 -0.804981 -0.580033 -0.749457 -0.701136  0.011916
  0.009884 -0.014209  0.014524  0.049158  0.015028  0.051976  0.045006
 -0.059265  0.117693  0.058196 -0.063468  0.073993 -0.016226]
[ -1.276473e+00  -9.760718e-01  -9.860538e-01  -9.115958e-01  -8.144445e-01
  -6.562108e-01   8.123766e-02   9.851763e-02  -3.202365e-02   8.042441e-04
   5.033864e-02   3.432951e-02  -1.808460e-01   6.600536e-02   1.271065e-01
  -1.494626e-01   3.365677e-02  -2.800400e-02   5.666894e-02  -4.852351e-02]
[-1.041679 -0.864756 -0.942991 -0.859205 -0.98318  -0.700238 -0.12739
 -0.051726 -0.151345  0.106625 -0.099438 -0.15508   0.009198 -0.025157
 -0.040057  0.072142  0.162747 -0.155075  0.017913  0.025132]
[-1.165194 -0.881279 -1.114573 -0.706346 -0.913844 -0.629158 -0.092319
 -0.120061  0.053414 -0.136403 -0.121614  0.325046 -0.283555 -0.140654
 -0.229423 -0.329165 -0.096957 -0.182572  0.181415 -0.072836]
[ -9.154821e-01  -8.903588e-01  -9.419142e-01  -1.001261e+00  -1.103664e+00
  -9.872636e-01   1.089425e-03   1.627971e-02  -8.781293e-02   4.224385e-02
  -8.659836e-02  -1.565448e-01  -3.366815e-02  -4.859761e-02  -1.385843e-02
  -1.317647e-02   5.737579e-02   1.084403e-02  -3.441459e-02  -2.689188e-02]
[-1.292588 -1.21482  -1.291707 -0.771497 -1.024459 -0.994416 -0.023705
  0.04964  -0.101942  0.189863  0.08575  -0.071755 -0.111406  0.010443
  0.08957  -0.125639  0.025489  0.138259 -0.005277  0.074721]
[-1.069951 -0.950611 -0.887105 -0.870451 -0.86618  -0.827645  0.017717
  0.088104 -0.15236  -0.024155 -0.101259 -0.145704  0.042433 -0.068845
  0.088709  0.045278  0.031264  0.00464   0.001376 -0.044302]
[-0.864827 -0.993473 -0.718023 -0.803421 -0.567217 -0.658887  0.002642
 -0.048912  0.022281  0.042443  0.037269  0.037156  0.005928  0.024952
 -0.089953  0.004857  0.080672  0.018797 -0.030237  0.001622]
[-1.241091 -1.120939 -0.840665 -1.212245 -1.044537 -0.851187  0.041105
 -0.048925  0.032271  0.075214 -0.118839  0.080595 -0.074549 -0.115996
 -0.015311 -0.162884  0.0836   -0.04983  -0.003508  0.068573]
[-0.804302 -0.786675 -0.817881 -0.921008 -0.828819 -0.951555  0.137339
  0.081966 -0.054889  0.060151 -0.03507  -0.012016  0.073294 -0.086677
  0.101472  0.033553  0.126462  0.161624 -0.021659 -0.049481]
[-0.975251 -1.103626 -1.258624 -0.893407 -1.009943 -0.905073  0.065851
  0.051724  0.024602  0.010826  0.013437 -0.022718 -0.116808  0.051599
  0.109013 -0.166172 -0.065185  0.098288 -0.088301 -0.016755]
[-0.878395 -1.135477 -0.902642 -1.055424 -0.843909 -1.04099   0.049269
  0.097317  0.109904 -0.058288  0.107911  0.146292 -0.00826   0.107469
  0.090815 -0.023109 -0.022214  0.003788  0.099533  0.026152]
[-1.016661 -1.005054 -1.088376 -1.009839 -1.162612 -1.094088  0.118639
 -0.031446 -0.012523  0.024734 -0.126977  0.060709 -0.003133 -0.162323
 -0.094967  0.042513 -0.094985  0.070955  0.016749  0.050615]
[-0.801585 -0.82415  -0.632241 -0.891499 -0.726413 -0.782588  0.042869
  0.01904  -0.102548  0.015454  0.123654 -0.162729  0.066378  0.133855
 -0.032163  0.031597  0.027546  0.064536  0.044452 -0.001721]
[-0.956005 -0.34688  -0.832693 -0.479802 -1.01698  -0.352365  0.02759
  0.177801  0.049468  0.030208 -0.168522  0.041616  0.217326 -0.139638
  0.226641  0.218386 -0.018804 -0.035256  0.069276  0.032203]
[-0.91341  -0.631668 -0.656128 -0.799471 -0.887177 -0.532909  0.075354
  0.002835  0.086006 -0.081796  0.013648  0.094636  0.027355 -0.037532
  0.06368  -0.089967 -0.070829  0.122606 -0.002685  0.0171  ]
[-0.75317  -0.859243 -0.75701  -0.773003 -0.643146 -0.875441 -0.004898
  0.081187 -0.06927   0.099108  0.008133 -0.063603  0.064905 -0.02236
  0.084287  0.083044  0.105892 -0.053082  0.061587  0.026904]
[-0.913122 -0.858246 -0.808263 -0.903447 -0.874284 -0.749655  0.00434
 -0.145548  0.085643 -0.020782  0.030291  0.053906 -0.008231  0.013546
 -0.085831 -0.004959 -0.044397  0.011229  0.008448  0.006757]
[-1.091137 -1.033018 -1.054367 -0.924208 -0.925102 -0.751632  0.021323
 -0.023251 -0.114095 -0.137833  0.075604 -0.086994  0.001989  0.074606
 -0.084062 -0.076705 -0.065331 -0.006578 -0.010132  0.003905]
[-1.062735 -1.00039  -0.734406 -1.021935 -0.78127  -0.906868 -0.026682
  0.010249 -0.045989 -0.134013  0.042321 -0.033476  0.055094  0.110136
 -0.01167  -0.081672 -0.09162   0.057393 -0.002515  0.030576]
[-0.980089 -0.915082 -0.805357 -0.97405  -0.843954 -0.893108  0.067652
  0.01478  -0.009601 -0.0376   -0.105865 -0.027065  0.130381 -0.133814
  0.002542  0.198241 -0.118059  0.137183 -0.052217 -0.018135]
[-0.967509 -0.880196 -1.011705 -0.978601 -1.160764 -1.0801   -0.034916
 -0.069823 -0.00495  -0.054783  0.055427  0.02495  -0.008058  0.053894
 -0.032578 -0.025064 -0.061537  0.201711 -0.040891  0.003181]
[ -9.430610e-01  -1.109075e+00  -1.002350e+00  -9.423259e-01  -9.913720e-01
  -1.076393e+00   4.455560e-03   2.896702e-02   1.224894e-02   1.808432e-02
  -2.505793e-02   1.792482e-02  -1.779740e-04  -1.179928e-01   3.472026e-03
   6.237753e-03   3.249327e-02   4.850108e-02  -7.064249e-03  -6.484894e-02]
[ -8.122304e-01  -9.454080e-01  -7.706029e-01  -7.317314e-01  -6.412904e-01
  -6.757767e-01   9.251296e-02   8.987595e-03  -6.202784e-03   4.235483e-02
  -8.583568e-02   6.077817e-02  -4.543666e-04  -9.288652e-02   2.901206e-02
  -2.321426e-03   7.917281e-02   2.529724e-02  -1.308817e-02  -2.974533e-02]
[-0.778538 -0.711683 -0.764948 -0.658069 -0.753208 -0.665563 -0.041061
 -0.087755  0.040292 -0.064772 -0.067356 -0.037196 -0.090124 -0.043588
 -0.113919 -0.208174 -0.074787 -0.055218  0.057382  0.031422]
[-0.768751 -0.984515 -0.865789 -0.742297 -0.735068 -0.899354 -0.02433
 -0.067175 -0.074508 -0.046477 -0.01881  -0.037847 -0.044033  0.008835
 -0.040279 -0.018649 -0.064501 -0.084776 -0.033133 -0.036718]
[-0.905657 -0.897023 -0.583019 -0.879744 -0.591628 -0.626999 -0.038991
  0.079246  0.035622  0.105772 -0.006154  0.043211  0.136606 -0.057101
  0.053304  0.09253   0.087369  0.015599  0.039649 -0.007381]
[-1.127069 -0.950873 -0.967932 -1.056558 -1.026912 -0.985928  0.060203
  0.11812  -0.094905  0.085344 -0.009519 -0.043799  0.126106  0.001996
  0.095196  0.079455  0.081965  0.078242 -0.01782   0.002993]
[ -1.034001e+00  -1.151120e+00  -6.328947e-01  -1.382490e+00  -1.015838e+00
  -8.263690e-01   2.244455e-02  -7.008716e-02   8.259852e-02   1.487533e-02
   5.259520e-04   9.184771e-02  -3.623555e-03  -1.721876e-03  -1.103137e-01
  -6.466718e-02   1.698005e-01   1.270178e-01  -2.795626e-03  -2.542882e-02]
[ -1.031795e+00  -1.012660e+00  -1.049221e+00  -8.260339e-01  -8.015742e-01
  -7.778649e-01  -6.025498e-02  -3.834544e-03   5.590472e-02  -1.339752e-02
  -2.923447e-02   7.068489e-02  -3.609758e-03   8.788154e-03   1.588322e-02
  -2.928187e-02  -1.009196e-03  -4.962947e-03  -1.920633e-02  -1.187795e-02]
[ -1.000351e+00  -1.214353e+00  -1.089325e+00  -1.082847e+00  -9.305382e-01
  -1.257840e+00  -7.090605e-02  -7.578592e-02   2.303652e-02  -1.121216e-03
  -9.090676e-02   1.637804e-01   5.766582e-02  -1.239935e-01  -3.818812e-02
   9.313241e-02  -9.047768e-02   6.650152e-02   5.240807e-02   4.932419e-03]
[-1.351253 -1.129644 -1.036005 -1.247033 -1.073416 -0.833893 -0.053432
 -0.013958  0.022889 -0.038924 -0.096153 -0.022622  0.101538 -0.13515
 -0.011299  0.009142  0.008576 -0.019775  0.055559  0.028925]
[-0.989793 -0.879686 -0.813787 -1.355921 -1.134697 -1.121535  0.079052
 -0.081741  0.101223 -0.030141 -0.024813  0.032641  0.002854 -0.013857
 -0.036889  0.006922  0.003979  0.059684 -0.041577 -0.04958 ]
[-0.871508 -0.799944 -0.758877 -0.870836 -0.782361 -0.803926 -0.010734
 -0.047494 -0.044099  0.081715  0.067734 -0.02279   0.004179  0.088456
 -0.011111  0.033394  0.039645  0.008014 -0.034453  0.005826]
[-0.64765  -0.759103 -0.537612 -0.833415 -0.757567 -1.016815  0.040395
  0.00123   0.043581  0.105393 -0.04838   0.11941  -0.094202 -0.100716
 -0.017005 -0.105186  0.011507 -0.052585  0.071968  0.052723]
[-0.618057 -0.641047 -0.899653 -0.936278 -1.083154 -1.272875  0.124072
  0.040886  0.232473 -0.022261 -0.020659  0.216224  0.078936 -0.085589
  0.048446  0.037167 -0.120961  0.173616 -0.058586 -0.041348]
[-0.874323 -0.959431 -0.897519 -0.964093 -0.841023 -0.884582  0.053076
  0.047316 -0.209928  0.0758   -0.033121 -0.177269 -0.02989  -0.014236
  0.016735  0.003875  0.016343  0.056534 -0.059698 -0.006834]
[-0.810991 -0.647613 -0.808238 -0.614644 -0.80174  -0.624508  0.018542
 -0.005449 -0.028097  0.070809  0.089026 -0.038681  0.081453  0.00202
 -0.019972  0.002421  0.050976  0.10824  -0.086792  0.01369 ]
[-0.769422 -0.744587 -0.691613 -0.686818 -0.563678 -0.59131  -0.039513
  0.09676  -0.028438 -0.072547  0.094098 -0.049097  0.043961  0.054691
  0.053264  0.129768 -0.036485 -0.010252 -0.004618  0.009528]
[-0.999676 -0.959001 -1.012894 -0.788085 -0.887192 -0.955583 -0.024658
  0.078717 -0.023867  0.007915 -0.027963  0.007525 -0.065921  0.043851
  0.108842 -0.080975  0.010755 -0.118398 -0.025631 -0.017599]
[-0.968911 -0.885167 -0.873684 -0.753549 -0.749156 -0.748519 -0.05151
  0.040464 -0.009161 -0.079214 -0.079297 -0.141159  0.020827 -0.136604
  0.072767 -0.006974 -0.190978 -0.106145 -0.109108 -0.061401]
[-0.726698 -0.659273 -0.659462 -0.795428 -0.809935 -0.807554  0.006301
  0.045465 -0.05467   0.117817  0.188882 -0.07161  -0.05729   0.186049
  0.129172 -0.148298  0.083159 -0.015379  0.011791 -0.049073]
[-1.23327  -1.158436 -1.193442 -1.242621 -1.082917 -1.142926 -0.026956
 -0.130814 -0.026909  0.021933 -0.062759 -0.032147  0.050702 -0.014368
 -0.162285  0.068804  0.005943  0.028289  0.012892 -0.039366]
[-1.039198 -0.963991 -0.940341 -0.988358 -0.97362  -0.92261   0.091985
 -0.031843  0.094973  0.106915  0.033648  0.104205  0.082159 -0.013404
  0.101392  0.140156 -0.008135  0.085254  0.020526 -0.034579]
[-1.180458 -1.022727 -0.935053 -1.19165  -1.161754 -1.214993 -0.060411
 -0.081425 -0.077914  0.055856  0.002756 -0.127651  0.09039   0.004389
 -0.056501  0.085282  0.012182 -0.037574  0.092232  0.034606]
[-1.096407 -0.945712 -1.065803 -0.871804 -1.010178 -0.887238 -0.073035
 -0.04025  -0.034018  0.141946  0.038593 -0.042176 -0.086824 -0.009362
 -0.045837 -0.076553  0.067702 -0.061598  0.083021  0.04745 ]
[-0.82304  -0.944869 -0.929849 -0.857459 -0.958821 -1.069286  0.075094
  0.004651 -0.159314  0.079941 -0.027733 -0.163023 -0.01668  -0.026606
  0.068983 -0.031469  0.121239  0.056787  0.015451  0.01477 ]
[-0.734394 -0.858073 -0.48929  -1.174412 -0.721476 -0.757981  0.01812
 -0.163933  0.142247 -0.003676 -0.0531    0.1436    0.054886 -0.086376
 -0.151786  0.040165 -0.045969  0.026576  0.065265  0.031821]
[-0.927954 -0.760837 -0.988815 -0.921347 -1.309961 -1.179298  0.006458
  0.090838  0.041895 -0.033872  0.002938  0.092    -0.029216  0.049949
  0.187756 -0.068424  0.06971  -0.082567  0.042916  0.013838]
[-0.845701 -0.892557 -0.476146 -0.981759 -0.692291 -0.748337 -0.029343
  0.020368 -0.058989  0.009202  0.007712 -0.030407  0.162651  0.044121
 -0.00808   0.191619 -0.011418 -0.034568  0.07695   0.018501]
[-1.158331 -0.854746 -0.779182 -1.065742 -1.056407 -0.92852   0.140511
  0.007235 -0.029119 -0.040187  0.058302  0.024614  0.058361  0.072107
  0.077974 -0.008469 -0.126668  0.151937 -0.002712  0.030606]
[-0.960273 -1.02347  -0.97739  -0.931161 -0.860783 -0.898578  0.034895
 -0.059413  0.008635  0.125069  0.006959  0.045292  0.047427 -0.030495
 -0.048277  0.045051  0.100385  0.018942 -0.027519 -0.017492]
[-0.713064 -0.959036 -0.926715 -0.60666  -0.472977 -0.858947 -0.041959
 -0.051292  0.003206  0.075926  0.00192  -0.00498   0.048127  0.033492
 -0.091061 -0.051748  0.01529  -0.065471  0.034444 -0.01747 ]
[ -1.054619e+00  -1.067848e+00  -1.075838e+00  -1.038968e+00  -1.127554e+00
  -1.131575e+00  -1.519041e-02  -9.064679e-02   6.267419e-02   1.170008e-01
  -2.167437e-02   2.334237e-02  -6.058869e-02  -1.660344e-02  -1.431966e-01
  -3.266698e-02   1.189800e-01  -4.639044e-02  -1.436387e-02   9.743057e-04]
[-1.264271 -1.034457 -0.902953 -1.137205 -1.036529 -0.798505 -0.052943
 -0.01041  -0.048738  0.061778  0.11729  -0.121325  0.070578  0.076696
 -0.047539  0.091989 -0.007938 -0.032498 -0.023775  0.014015]
[-1.024475 -0.994329 -0.851686 -0.923288 -0.743412 -0.732161 -0.020425
 -0.086877  0.034993 -0.202992 -0.013424  0.046141 -0.094049 -0.069018
 -0.114166 -0.07389  -0.102101 -0.059622  0.006253  0.01507 ]
[-1.064767 -0.83897  -0.825496 -0.924211 -0.994916 -0.914897 -0.072646
 -0.121705 -0.115173  0.071271  0.134244 -0.143194  0.095161  0.121525
 -0.217871  0.1198    0.062069 -0.220667 -0.014852  0.066786]
('Mean', 1, ': ', -1.0647670753287748)
('Median', 1, ': ', -1.0647670753287748)
('Variance', 1, ': ', 0.0)
('Mean', 2, ': ', -0.83897011005671362)
('Median', 2, ': ', -0.83897011005671362)
('Variance', 2, ': ', 0.0)
('Mean', 3, ': ', -0.82549559339099088)
('Median', 3, ': ', -0.82549559339099088)
('Variance', 3, ': ', 0.0)
('Mean', 4, ': ', -0.92421119984718703)
('Median', 4, ': ', -0.92421119984718703)
('Variance', 4, ': ', 0.0)
('Mean', 5, ': ', -0.99491598250824265)
('Median', 5, ': ', -0.99491598250824265)
('Variance', 5, ': ', 0.0)
('Mean', 6, ': ', -0.91489716487465567)
('Median', 6, ': ', -0.91489716487465567)
('Variance', 6, ': ', 0.0)
('time: ', 7790.500762224197)
