“Running plot script on a single CPU core”
[ 0.234548 -0.708967 -0.177842 -0.242423 -0.066763  0.325983  0.29274
  0.198678  0.088785  0.233936  0.332865  0.284345  0.230684  0.305981
 -0.039612  0.332726  0.210304 -0.344658  0.292927  0.219019]
[ 0.332721 -0.194385  0.307668  0.220205 -0.653127  0.333332  0.321416
  0.278384 -0.814969 -0.086302 -0.001884  0.316516 -0.183861  0.316334
 -0.023588  0.318083  0.332309  0.121557 -0.963614  0.329553]
[ 0.094434 -0.985931  0.332743 -0.013771  0.284044  0.198195 -0.97714
  0.119465 -0.168156  0.195461  0.241479  0.274803 -0.996405  0.164803
  0.221459 -0.225262 -0.095301  0.250308 -0.027214 -0.715408]
[-0.458702 -0.434539 -0.035982  0.280514  0.026205  0.331188 -0.846062
  0.239516  0.263382 -0.645269 -0.562231  0.306212  0.186773  0.162871
  0.331923  0.313289  0.092339 -0.293376  0.285896  0.147912]
[-0.699997  0.286049  0.31204   0.173457  0.327491  0.122168  0.268186
  0.238822  0.10382   0.070758  0.283027  0.239457  0.312936 -0.435482
  0.250582 -0.14056   0.167185  0.305174 -0.619169  0.289792]
[ 0.202669  0.27999  -0.258195 -0.45015   0.191431  0.224764  0.043797
 -0.20324  -0.570811 -0.319776 -0.971195  0.270435  0.3115    0.313734
  0.329734  0.239596  0.333104 -0.088553 -0.49675  -0.237515]
[-0.990383  0.332373  0.135906  0.169859  0.3162    0.032976 -0.414198
  0.280821  0.296623  0.301099  0.146465 -0.773068  0.277737 -0.121724
 -0.571101 -0.622148  0.332278  0.324978  0.332035  0.135046]
[-0.44921   0.173999  0.122801  0.326258 -0.484554  0.315329  0.230983
  0.332801  0.329347  0.278227  0.332371  0.330835  0.202319  0.325032
 -0.11187  -0.720916 -0.171527  0.13712   0.289169 -0.928303]
[ 0.330464  0.170848  0.326892 -0.296542  0.261848  0.290127  0.147691
  0.327348  0.333014  0.267827  0.114997  0.260897 -0.858432  0.302851
  0.014325  0.221572  0.216929 -0.223191  0.222178 -0.589752]
[-0.342023 -0.324822  0.253917  0.333224 -0.989647 -0.278703  0.090206
  0.1419    0.311289  0.13289  -0.999762  0.154706 -0.138594  0.121905
 -0.204534  0.149084 -0.870906 -0.100553  0.049373 -0.042549]
[ 0.185344  0.319817 -0.018107  0.108985 -0.085222  0.124156 -0.092781
  0.31333   0.287318  0.143141 -0.147724 -0.290873 -0.009767 -0.159913
  0.312569 -0.290003 -0.483113 -0.308471 -0.060601  0.302114]
[ 0.195916  0.187681 -0.58743   0.265588 -0.924101  0.230292 -0.332035
  0.072477 -0.77052  -0.314494  0.179052  0.278226 -0.695895  0.325794
 -0.94091   0.272754 -0.189535 -0.413601  0.202066  0.311844]
[ 0.009596 -0.21501   0.333333  0.119075  0.245307  0.331186 -0.896184
 -0.99994   0.301819  0.163999 -0.164662 -0.95214  -0.890352  0.175829
  0.318125  0.331079  0.322883 -0.541042  0.315807 -0.794607]
[ 0.311565 -0.127645  0.263776  0.317517 -0.868007 -0.965581  0.312025
  0.231674  0.113982  0.284006  0.32402   0.244034  0.085205  0.314349
 -0.353758 -0.91007   0.213403  0.310749  0.176428  0.277638]
[ 0.261968 -0.999853  0.311183 -0.418607 -0.185012  0.307307  0.330413
  0.164119  0.095285 -0.190304 -0.927545 -0.21724  -0.377401  0.263705
 -0.517766  0.217787  0.174157 -0.061547  0.268027  0.174452]
[ 0.186496  0.332439  0.33215  -0.261307  0.329549  0.33221   0.33196
  0.056685 -0.780768 -0.799512  0.269768  0.33216   0.115788  0.009769
  0.332492  0.230814  0.211451 -0.254061  0.316666  0.116175]
[-0.987774 -0.542378 -0.358402 -0.578534  0.323957 -0.946297  0.332613
  0.294342  0.324967 -0.032829  0.326457  0.333213 -0.999334  0.259104
  0.276943 -0.048557 -0.810348 -0.453407  0.306628  0.296226]
[ 0.234835 -0.993539 -0.710571 -0.39001   0.293523 -0.192919  0.322944
  0.17955   0.208325  0.256666 -0.461125  0.329352 -0.219601 -0.252258
  0.123249 -0.860739  0.019259  0.296833  0.191417  0.049731]
[ 0.291137  0.278486  0.332923  0.159846 -0.973286  0.110187  0.282438
  0.333329  0.259044  0.32756  -0.842269 -0.627146  0.217903  0.33158
 -0.154182 -0.28323   0.145808  0.271161  0.053466  0.233137]
[-0.489356  0.274739  0.249154  0.198005  0.327406 -0.343414  0.319654
 -0.888502 -0.163639  0.307324 -0.041911  0.287821 -0.980651 -0.578456
  0.298666  0.33262   0.233615 -0.705582 -0.755736 -0.075957]
[ 0.293949  0.180294  0.309221  0.119136  0.213903  0.326793  0.245715
 -0.911384  0.171555  0.332804  0.033567  0.247235 -0.008647  0.33332
  0.263996  0.332999  0.0831    0.33305   0.084428  0.220891]
[ 0.197134  0.305498 -0.479379 -0.538445  0.325605  0.322698  0.129055
 -0.929569 -0.456157 -0.99149  -0.594577  0.327298 -0.083204 -0.045174
  0.130272 -0.913305  0.320173  0.253256 -0.720665  0.315378]
[ 0.151938  0.255147 -0.055026  0.13815   0.176546  0.048847  0.171443
 -0.080798  0.304393 -0.965658 -0.887753 -0.724709  0.267517  0.292333
  0.268963  0.303357  0.333333  0.283597 -0.730435  0.300837]
[ 0.333001 -0.714421 -0.816636  0.332896  0.180228 -0.611527  0.281707
 -0.994327  0.332878  0.089579 -0.312784  0.316876  0.279681  0.10848
 -0.977031  0.235851  0.213231 -0.501418  0.311495  0.315904]
[ 0.078879 -0.398548  0.326853  0.28954   0.302727  0.078251 -0.285604
  0.038258  0.14745  -0.502234 -0.168802 -0.384057 -0.79564  -0.827716
 -0.872078  0.320245 -0.341885  0.059612 -0.064772  0.287371]
[ 0.133293  0.331419 -0.992006 -0.667394 -0.462509 -0.973193  0.157109
  0.33064   0.293917  0.277449 -0.132584  0.333298 -0.448826 -0.871797
  0.117252  0.314736  0.322956 -0.408333 -0.855157 -0.42238 ]
[ 0.327205 -0.992016  0.318333  0.332733 -0.314195 -0.981941 -0.16011
 -0.517928  0.309312  0.166121 -0.201639  0.333224 -0.999839 -0.836238
 -0.468274 -0.212775 -0.966895 -0.5486    0.104029  0.190365]
[ 0.19284  -0.220828 -0.912055  0.331266 -0.138312  0.322444 -0.091493
  0.266537  0.251976 -0.549284  0.249302 -0.555599  0.060833 -0.060273
  0.086209 -0.632883 -0.999448  0.29941   0.10686   0.327375]
[-0.170462 -0.058244  0.302268 -0.41135  -0.409511  0.169817  0.304151
 -0.953816  0.268869  0.069031 -0.379313  0.067012  0.294503  0.262738
  0.111183 -0.306475  0.093521  0.015186 -0.0076    0.005528]
[-0.420405  0.288101 -0.758395 -0.178573  0.236848  0.193334 -0.060821
  0.201297  0.130183  0.113869 -0.186339 -0.148428 -0.185303  0.323417
  0.252917  0.132874 -0.810652  0.232812  0.221822  0.333172]
[ 0.088907  0.313391 -0.152337  0.248767 -0.08809   0.147524 -0.085803
  0.246972  0.27947   0.253305  0.257554  0.319423  0.234057  0.300607
 -0.983352 -0.613512  0.233031  0.311547  0.029559  0.299778]
[-0.973806  0.307611 -0.676212  0.163368  0.332622  0.323258  0.244081
 -0.278037  0.288999  0.292179  0.061616  0.326789  0.174136 -0.319556
 -0.127696  0.304593 -0.70768   0.205278  0.331352  0.202825]
[ 0.302622 -0.110835  0.324507  0.3133    0.291242  0.279654 -0.098758
  0.142223  0.261314  0.3152    0.332628  0.281585 -0.040311 -0.249678
  0.30974   0.306501  0.267439  0.227429  0.162404  0.2301  ]
[ 0.237663  0.333035 -0.700308  0.284194  0.152403  0.013477 -0.492615
 -0.671028  0.208557 -0.504349 -0.37552  -0.19042   0.332731  0.251916
  0.312611  0.322548 -0.905284 -0.041808  0.298589  0.319607]
[ 0.332428 -0.446694  0.250219 -0.416765  0.046991  0.317284  0.289595
 -0.695123  0.159927  0.233906  0.313652 -0.072105 -0.568179 -0.06874
  0.332284  0.129397 -0.502874  0.227602 -0.165118 -0.041631]
[-0.487181 -0.579285 -0.531431  0.013835 -0.907881  0.179803  0.324285
  0.121038 -0.390934 -0.556378 -0.827441  0.125669  0.317845 -0.006509
 -0.265514  0.327051  0.24524   0.014887  0.20733   0.282885]
[-0.613228  0.302044 -0.184106 -0.669366  0.311144 -0.153625  0.31508
 -0.007918  0.177006 -0.208232  0.332948 -0.038847 -0.506429  0.288466
  0.287362  0.177429  0.287814 -0.139624 -0.687861  0.128509]
[-0.145051 -0.308911 -0.079767  0.231171 -0.857516  0.300929 -0.480171
  0.241691  0.332356  0.255488  0.29182  -0.965747 -0.352942  0.20216
  0.157527 -0.095445  0.181429 -0.032564  0.314611 -0.927347]
[-0.066351  0.165295 -0.140634 -0.116021  0.31903  -0.999554  0.329325
  0.07225   0.332813 -0.993387  0.299719  0.266221 -0.963607 -0.908302
 -0.93398   0.252338  0.325649  0.06114   0.289325  0.220175]
[  2.955281e-01   2.709117e-01   3.328870e-01  -7.475590e-01   6.402739e-04
   3.330873e-01   3.241775e-01   3.201076e-01   1.974136e-01   3.134302e-01
   3.310589e-01   1.915418e-01  -7.352879e-01  -9.132723e-01  -9.830470e-01
   3.251112e-01   2.604839e-01   3.267599e-01  -3.423496e-01   2.895129e-01]
[ 0.228924  0.328423  0.331559 -0.511215 -0.255703  0.254915  0.26779
  0.001181  0.331995  0.328224  0.327366  0.333333 -0.652627  0.328179
 -0.667204 -0.137717  0.26641  -0.770401 -0.323463 -0.056011]
[ 0.258642 -0.987851  0.331558  0.305881  0.201059 -0.707833 -0.047106
  0.31541   0.135952  0.020986 -0.537208  0.328014  0.275528  0.286333
  0.332953 -0.908569  0.332037  0.098379 -0.784117  0.260651]
[-0.355338  0.297345  0.329707  0.085817 -0.06466   0.149105  0.293982
  0.178551 -0.222795 -0.374483  0.306954 -0.303459  0.328897 -0.796609
  0.317111  0.312349  0.2575    0.33333   0.295866  0.333328]
[ 0.331935  0.333314  0.288971  0.296039  0.324138  0.205005  0.266884
 -0.029668  0.317937  0.305835  0.333201  0.255441 -0.016327  0.041798
  0.320552 -0.70448   0.093125  0.330302  0.33208   0.179479]
[ 0.251662  0.250815  0.15688  -0.057991 -0.538768  0.304057  0.311831
  0.313461  0.299567  0.075991  0.289173 -0.572122 -0.875645 -0.021267
 -0.039966  0.332357 -0.390743  0.148839 -0.566689  0.015451]
[-0.142543 -0.625465  0.153014  0.183754 -0.999312 -0.676711 -0.43014
  0.333276  0.329994  0.250256  0.328156 -0.217882  0.217977  0.27807
  0.206223  0.283965  0.249284  0.214252  0.258684 -0.104806]
[ 0.192767  0.293502 -0.993144  0.332363  0.328133  0.307897 -0.625079
  0.327491  0.314196  0.31816   0.080778  0.296257 -0.861397  0.234983
  0.133122  0.093976  0.08085   0.295838  0.171722 -0.03929 ]
[-0.011188  0.331706  0.333268  0.309584  0.059515  0.202559  0.200296
  0.316947 -0.249482 -0.157482  0.140354  0.173017  0.079543  0.058437
 -0.091838  0.239775  0.305408  0.310503  0.212597 -0.168454]
[-0.431655  0.282999  0.01925   0.293211 -0.171065  0.327488 -0.81741
  0.285378 -0.061796 -0.813073  0.31777   0.139188  0.333213  0.33285
  0.23731   0.262625  0.325525  0.330412  0.128946  0.285943]
[-0.620575 -0.116186  0.278745 -0.999418 -0.957205  0.320958 -0.999317
 -0.076993  0.160508  0.290626  0.321669 -0.694119  0.218139  0.22622
  0.019673  0.044661 -0.755633  0.285642  0.200652  0.303495]
[ 0.065115 -0.150082  0.243734  0.091801 -0.100908  0.333228 -0.889589
 -0.088403  0.16696   0.332684  0.329822 -0.872727 -0.103152  0.178943
  0.149228  0.246199  0.133103  0.277221  0.294482  0.25366 ]
[ 0.333138  0.326911  0.224285  0.158322  0.285931 -0.310782  0.270095
 -0.006452  0.057542  0.229273  0.279129  0.214552 -0.830901  0.175093
  0.301379  0.309995 -0.902244  0.292262  0.308745 -0.74921 ]
[ 0.333033 -0.019872 -0.603102  0.333333  0.117628  0.269076  0.223089
 -0.327628 -0.915573  0.331773 -0.216515  0.30026  -0.596234  0.261768
 -0.614502  0.315123  0.224783  0.31003   0.234046  0.289646]
[ 0.330833  0.147728  0.318942 -0.823443  0.329636  0.262109  0.240039
 -0.861089 -0.106439  0.118089  0.144851 -0.971155 -0.63591  -0.649904
 -0.286026  0.245086  0.207989 -0.818803 -0.040399  0.175589]
[-0.43731   0.289189  0.300968  0.159265 -0.342487  0.268535 -0.270135
 -0.740111  0.330578  0.291585  0.295301  0.289213  0.257254  0.257583
  0.263466 -0.047447  0.324049  0.244853 -0.160516 -0.194062]
[ 0.194008 -0.279325  0.31629   0.311031  0.104296  0.276062 -0.031234
  0.303352  0.166204  0.19804   0.185408 -0.173833  0.308866  0.19754
  0.280156  0.289588  0.316065 -0.233193 -0.026958 -0.985283]
[ 0.13148   0.050694  0.192591  0.332452  0.331883  0.191906 -0.389494
  0.3211   -0.73936   0.331719  0.328656  0.057799  0.214854  0.315755
 -0.966901  0.333183  0.321675  0.159785  0.316132 -0.022023]
[ 0.32987   0.068478  0.292429 -0.074706  0.294915  0.31959  -0.371324
 -0.363264 -0.722865 -0.327104 -0.153599  0.260763  0.226179 -0.829256
  0.286038  0.086764  0.265838  0.298049  0.298196 -0.844149]
[ 0.327322  0.308625  0.284628  0.323672  0.15003   0.301582  0.24467
  0.311926  0.158446  0.331969 -0.671574 -0.784701  0.332144  0.333318
  0.327118  0.206878 -0.88565   0.16682   0.288689 -0.422222]
[ 0.324792 -0.220253  0.139708  0.244561  0.29559  -0.584153  0.305099
  0.019367  0.31728   0.27592  -0.56695   0.303133  0.278816  0.297694
  0.310688  0.29325   0.332993 -0.063104  0.256205  0.281865]
[ 0.059031 -0.950888  0.184535  0.313178 -0.370188 -0.682019  0.183808
  0.281864  0.081024  0.271221  0.330237 -0.866014  0.256872  0.291676
 -0.197963  0.222464  0.262681 -0.443284 -0.022618 -0.003258]
[-0.531682  0.32163   0.331321 -0.325782 -0.267338 -0.852965  0.332753
 -0.107481  0.332545 -0.705217  0.297858  0.231469  0.29203  -0.717148
 -0.891966  0.016387 -0.247735  0.324803 -0.874349 -0.970345]
[-0.275083  0.284228 -0.61752   0.293315  0.14207   0.075326  0.320377
 -0.04367   0.272846 -0.304014 -0.176785  0.271273  0.306323 -0.999949
 -0.006645 -0.389298 -0.8212   -0.153105  0.177152  0.279652]
[-0.02973  -0.111221  0.331411  0.04242  -0.136235  0.324112  0.267248
  0.33258  -0.252964 -0.059608  0.332264  0.330643 -0.428913 -0.071592
  0.323878 -0.493615  0.272576  0.11991   0.320163  0.175469]
[ 0.330948  0.251523  0.329062  0.205301  0.052278  0.323325  0.297919
 -0.041362  0.101626 -0.999705  0.314675  0.329895 -0.479447  0.325852
 -0.894922  0.09576   0.329697  0.167969 -0.801017 -0.443341]
[-0.135694 -0.507498  0.232481  0.310239  0.332082 -0.070943  0.292068
 -0.759923  0.081649  0.039431 -0.11342   0.202455 -0.069421  0.332268
  0.33074   0.246054  0.289586 -0.553482  0.249447  0.032123]
[ 0.329571 -0.506114 -0.052941  0.137365 -0.94751  -0.579075  0.089734
  0.321866  0.309462  0.317486  0.293102 -0.054095 -0.327641  0.332487
 -0.044526 -0.215916 -0.766323 -0.556331  0.201016  0.221072]
[ 0.250423  0.324551  0.219998  0.295851  0.248931  0.276282 -0.971025
 -0.025045  0.330516  0.282133  0.286904  0.162612 -0.602688 -0.468825
  0.298606  0.331405  0.333157  0.326014  0.243636  0.144122]
[ 0.332948  0.047337 -0.077144  0.318111 -0.926626 -0.56085   0.088608
  0.274233  0.19242  -0.293085  0.327138 -0.98073  -0.094573  0.320254
  0.328006  0.272966  0.298957 -0.499146 -0.774157 -0.473839]
[-0.627295 -0.862909  0.332946  0.314088 -0.187485  0.019839  0.333322
 -0.98584   0.31468  -0.964853  0.096258  0.30667   0.321631  0.167122
  0.333319 -0.802838  0.14111   0.280823  0.064549  0.076822]
[-0.997127  0.258546  0.190049  0.14465   0.150248  0.278748  0.296603
  0.256868 -0.932647  0.313533  0.328313 -0.345742  0.248678 -0.600814
  0.333145 -0.19077   0.311914  0.330686  0.325164  0.111486]
[-0.5778    0.331895  0.330746 -0.756122  0.319092  0.172982  0.080704
  0.323622 -0.153429  0.193794  0.305857 -0.456069  0.33283  -0.402655
 -0.0942   -0.177162  0.285646 -0.167459  0.311049  0.308636]
[ 0.282408 -0.10077  -0.314173 -0.981644  0.329627  0.332405  0.331406
  0.250951  0.266064  0.314299  0.166987  0.176482  0.024642  0.234248
  0.300563 -0.548909  0.287457  0.234116  0.332596  0.137837]
[  2.496363e-01   1.525311e-02  -3.652671e-01   3.206277e-01  -3.695713e-01
   3.326438e-01   3.401242e-02  -3.878357e-01  -8.307883e-01   3.104603e-01
  -5.184902e-01   3.316893e-01   2.126139e-01   3.332500e-01  -9.274055e-01
  -9.279392e-01   2.686189e-01  -7.660849e-04   1.644515e-01   3.318118e-01]
[  2.477062e-02  -7.233665e-01   1.725416e-01  -8.007747e-02   3.330216e-01
  -5.435608e-04   8.281186e-02  -9.059591e-01  -2.267487e-01   3.245951e-01
   2.812023e-01   3.145401e-01  -3.051947e-01   1.705571e-01  -4.556325e-01
   3.173211e-01   3.284702e-01   3.292570e-01   1.278483e-01   2.859668e-01]
[ 0.332626  0.217524  0.286716 -0.977311  0.332175  0.265265  0.324154
  0.283157  0.099438 -0.967917  0.321323  0.085747 -0.308856  0.258891
 -0.113808  0.182768  0.275356 -0.112386  0.003851  0.332065]
[ 0.32316   0.142199 -0.135355  0.283939  0.295438  0.2562    0.204172
 -0.975084 -0.635339 -0.986285 -0.363036 -0.697286  0.266038  0.29721
  0.188043 -0.98222   0.29749   0.198109  0.318073 -0.736738]
[ 0.305923 -0.784602  0.287807  0.207359  0.230197 -0.272872 -0.327871
  0.266074  0.318354  0.255225  0.087589 -0.902974  0.221269 -0.899007
 -0.57014   0.289151 -0.133842 -0.975409 -0.702376 -0.657002]
[-0.116143  0.308319 -0.062923  0.013078 -0.606852 -0.665631  0.326757
  0.316202 -0.972616 -0.549841  0.298063 -0.519881  0.277354 -0.599637
  0.269977 -0.24278   0.309158  0.331676 -0.92344   0.099408]
[-0.201566 -0.984412  0.232612  0.177147  0.039486  0.176035  0.279889
  0.322937  0.331683  0.304447  0.305099  0.314753  0.328075  0.319991
  0.080342  0.1734   -0.173304 -0.296302  0.312035  0.156393]
[ 0.275504  0.256357  0.325585  0.038275 -0.437003  0.139075  0.317993
  0.323415  0.299438  0.310662  0.303638  0.326141  0.028134 -0.337664
 -0.162258  0.264137  0.30295  -0.381308  0.316089  0.332582]
[ 0.308867  0.269098  0.271579 -0.137867 -0.058924  0.329719 -0.267592
  0.207099 -0.095105  0.27117  -0.633694  0.300039 -0.925685 -0.358226
  0.234833  0.167056 -0.292619 -0.130141  0.320369  0.212685]
[-0.169817  0.276824 -0.027084  0.145809  0.322924  0.33164   0.093451
 -0.893524  0.327076  0.104433  0.311696 -0.162909  0.236404  0.220313
 -0.102917  0.130438  0.26323   0.164996  0.302786  0.199535]
[-0.028458  0.177769  0.227578 -0.303078  0.080761 -0.962454  0.330218
  0.174443  0.332489  0.331696  0.271058 -0.039934 -0.453538  0.329728
 -0.410393 -0.118194 -0.830369  0.330375 -0.16959  -0.191716]
[-0.587884 -0.570137 -0.082861  0.322931  0.311172  0.236947  0.228449
  0.284118 -0.088616  0.330518 -0.939438  0.277502  0.247505  0.32432
  0.254473 -0.012849  0.325193  0.289398  0.213652 -0.502698]
[-0.022285  0.2639    0.27861  -0.56735   0.2991    0.282001  0.326782
  0.322045  0.089891  0.08586   0.307921  0.221365  0.228907 -0.191871
 -0.161143  0.20124   0.287189  0.328389  0.062504  0.160082]
[-0.301547 -0.204803 -0.999655 -0.289795 -0.168477  0.120177 -0.578701
  0.270815  0.317881 -0.551708 -0.550533 -0.887437  0.330538  0.273202
 -0.904825  0.254036  0.041896  0.332925  0.07405   0.277576]
[  3.189775e-01  -4.918191e-04   1.322442e-01  -6.762715e-01   3.297411e-01
   1.786288e-01  -7.613462e-01   9.695955e-02   3.709447e-02   1.189311e-02
   2.994868e-01  -6.820009e-01   1.652280e-01   3.122495e-01   1.203004e-01
  -8.686480e-01   2.112319e-01  -9.123303e-01   3.326653e-01   3.271438e-01]
[ 0.327645  0.267162  0.261025 -0.016643 -0.490661 -0.927192  0.311047
  0.104276  0.109499  0.069862 -0.604867  0.163214  0.310545 -0.173004
  0.104651  0.238168  0.33306  -0.762942 -0.650898  0.129066]
[  3.083486e-01   9.459845e-02   3.218624e-01   8.714977e-02  -2.413026e-01
   1.380905e-01   2.556403e-01   2.999826e-01   9.484155e-04   3.247512e-01
   2.817053e-01  -1.070629e-02   2.883425e-01   2.541128e-01   3.028085e-01
   2.637837e-01   2.932918e-01  -9.679314e-01   1.758207e-01   1.895416e-01]
[ 0.173779  0.330049 -0.519873  0.332443  0.11592  -0.855318  0.304061
  0.33284   0.327214  0.239779  0.250469  0.324563  0.300764 -0.223103
  0.324691  0.330438 -0.481334  0.281001 -0.435258  0.303513]
[ 0.258436  0.041786  0.104417  0.323948  0.273856 -0.613053  0.28462
  0.283365  0.311377  0.314458  0.236892  0.292534  0.026339  0.29318
  0.139707 -0.020182 -0.883594 -0.439659 -0.979537 -0.876383]
[ 0.291546  0.099645 -0.104988  0.271081  0.305536  0.29331  -0.676505
  0.202651  0.19235   0.006381  0.285044 -0.995231  0.141716  0.281747
  0.322362  0.333128  0.302905 -0.739624  0.302972  0.093839]
[-0.343364 -0.424697 -0.136545 -0.058549 -0.041721  0.231056  0.227174
 -0.96009   0.260859  0.279691  0.184383  0.259158  0.325122  0.029756
 -0.025351  0.28814   0.072266  0.332932 -0.748902  0.306869]
[ 0.333298  0.267815  0.331922 -0.025039  0.296671  0.315445  0.03101
  0.324628  0.324386  0.063331 -0.105784 -0.160645  0.256227 -0.26132
 -0.217852  0.314832  0.323015  0.265136  0.106128  0.331202]
[ 0.159085  0.321055  0.233941  0.302335 -0.102415  0.017099 -0.063638
  0.139815 -0.232588  0.114647 -0.770101  0.30579   0.132102  0.324779
  0.264806 -0.310883 -0.083309 -0.786303  0.245868  0.021275]
[ 0.126747  0.318765  0.333214 -0.051555  0.325777 -0.762361 -0.818002
 -0.311782  0.197639  0.254688  0.324405  0.17472  -0.975802  0.216773
  0.279331 -0.961207 -0.254654  0.303295  0.324896  0.30595 ]
[ 0.327867  0.184183 -0.013142 -0.322651  0.120172  0.307371  0.294658
  0.315731  0.25338   0.332787  0.049474  0.332272  0.133132 -0.113645
  0.304157  0.252972 -0.30534  -0.049227  0.314443  0.262248]
[ 0.33332   0.333317  0.200258 -0.401599  0.054654  0.157415  0.332901
 -0.536325  0.317668  0.213759  0.283798  0.287208 -0.169381  0.032654
  0.279779 -0.986521  0.328565 -0.078574  0.154855  0.302776]
[ 0.086178  0.3281    0.265562  0.33277   0.108264  0.33133   0.33316
 -0.956265  0.212253 -0.999754  0.226596  0.066541 -0.997006  0.304712
  0.261507 -0.205781 -0.727965  0.145306  0.271067  0.327909]
[-0.0048398650781589225, 0.061863213700856123, 0.013949751844166594, -0.0023258622474506274, -0.080707682370088074, -0.0029207775580093187, 0.021448218637472038, 0.0072300079655250871, 0.062430476066380636, -0.040509671073026277, 0.0056696675321615264, 0.031736526353544764, 0.019921485602783902, 0.068176981179325247, -0.043419818050953907, 0.0038085888612748031, -0.027992604986382563, 0.061519120584493492, 0.038088860099588506, -0.0035041992703480629, -0.01465642501192177, 0.09829984789534435, 0.011098271375521218, -0.0035697156508017192, -0.033925915466870585, 0.0055113342990301684, -0.028424766430259374, -0.0089852661549613411, -0.013166604261066944, -0.0033842110089738475, -0.018401853759394349, -0.042757744823982202, 0.069425230926793036, 0.063410998581390515, -0.01554305257613936, -0.0070548662446924815, -0.070550611408292663, -0.0019056257837716251, -0.0088546157545737261, 0.0048550136617073747, 0.018724662490686217, 0.029126941154332009, 0.0048428892949184399, 0.072907069133544888, -0.038690345964050188, -0.014678590513075435, 0.023524421645580135, 0.025972931224156497, -0.015756566417701456, -0.02624382355104804, -0.0029434617491233966, -0.0088940501650247583, 0.016616803870785624, 0.04534492866746026, -0.056893365465983892, -0.010608453433259224, 0.066573173145434567, 0.043016365822513225, 0.0078306973946769554, 0.010056793364164929, 0.064296733508960924, -0.0047929485616420298, -0.0018633265470614502, 0.017141512555520742, -0.094442573673301278, -0.0011265435789699907, 0.061421618985753546, 0.036517441191503991, -0.043204760235265094, -0.01453120669184671, -0.061416510229061028, -0.014947442822082491, 0.067020377982287827, -0.00052589843190262164, 0.012950828585882142, 0.0068662757565366994, 0.035446728658024784, 0.047030300080538212, 0.011014961085970734, -0.033707390154515321, -0.082674013444166805, -0.018918491193293641, 0.066928244851064911, 0.0011528316663601615, -0.058682080781009116, 0.026321705901451255, -0.017316030801185822, 0.035432749578482359, 0.084032644819333563, 0.069937156322900207, 0.081128981175341203, 0.024198754946908513, -0.038924530231683518, 0.052721146172781175, 0.011716251124857024, 0.0083206256621386754, 0.020803360259793013, 0.11231191720306649, 0.056345506383146449, -0.0056390146806774982]
('time: ', 9876.062619924545)
