“Running plot script on a single CPU core”
[-0.927597 -0.830836 -0.733177 -0.941703 -0.866754 -0.567403 -0.091067
 -0.121882 -0.044205  0.120072  0.183685  0.089871  0.028392  0.02346
 -0.148938 -0.031544 -0.003682 -0.127551  0.034036 -0.061349]
[-0.934384 -0.824916 -1.102738 -1.093239 -1.208467 -1.18628   0.007764
  0.088932 -0.008776  0.042284 -0.080058  0.064014 -0.07666  -0.030662
  0.030478 -0.102766  0.065418 -0.01799  -0.024783 -0.044094]
[-1.109301 -0.925457 -0.854942 -1.063593 -0.972391 -0.8002    0.005582
  0.032186  0.011432  0.087808 -0.062837  0.038965  0.079583 -0.046111
  0.090462  0.086553  0.06908  -0.125968 -0.042672 -0.026404]
[-0.931387 -0.929811 -0.892042 -0.933348 -1.051877 -1.021005  0.127156
 -0.022538 -0.042546 -0.201402 -0.109155 -0.065879 -0.077662 -0.159927
 -0.023462  0.003909 -0.162831  0.065817 -0.020355 -0.041557]
[-1.220379 -1.209329 -0.865784 -1.01345  -0.636232 -0.615183 -0.007765
  0.025273  0.092262 -0.149575 -0.039731  0.03636   0.118698 -0.050737
  0.031696  0.006179 -0.197907 -0.0196    0.139097  0.020079]
[-1.048805 -1.231233 -1.21404  -0.794956 -0.74423  -0.950666  0.118624
 -0.135173  0.005538 -0.115897 -0.044848 -0.046796  0.090086 -0.113621
 -0.049051  0.036055 -0.100666  0.10827  -0.041216 -0.01024 ]
[-1.085486 -0.981265 -1.127962 -0.966928 -1.127925 -0.951537  0.002493
 -0.007458 -0.003964 -0.004598  0.112472 -0.036436 -0.202716  0.110343
 -0.062281 -0.209477 -0.02823  -0.030148  0.047405 -0.019018]
[-0.745516 -0.762182 -0.733989 -0.71324  -0.64264  -0.728507  0.073959
 -0.034454  0.008266 -0.130259  0.044421 -0.05097  -0.021539  0.036014
 -0.035005  0.033184 -0.070065 -0.014582 -0.00348  -0.03138 ]
[-0.688502 -1.143154 -0.746701 -0.761587 -0.480097 -0.928761 -0.134056
 -0.049738 -0.045762 -0.024452 -0.087509 -0.018846  0.107054 -0.056079
 -0.023785  0.127651 -0.007948 -0.059772  0.077782  0.05857 ]
[-1.006586 -0.989703 -0.81663  -0.920972 -0.925093 -0.915936 -0.046022
 -0.086384  0.00607  -0.092114 -0.061901  0.054497 -0.058301 -0.074317
 -0.048294 -0.072111 -0.118616 -0.048068 -0.020921  0.010868]
[-0.957029 -0.897143 -0.453729 -0.908747 -0.622011 -0.577978  0.014179
 -0.068251 -0.025519 -0.01453  -0.193547 -0.051062 -0.070593 -0.215339
 -0.056781 -0.085513 -0.037357 -0.008029  0.034438  0.009411]
[-0.965614 -0.718926 -0.855726 -0.772849 -0.844605 -0.624228  0.052673
 -0.029126  0.023836  0.036519  0.019624 -0.011598 -0.120402 -0.012633
 -0.100539 -0.17825   0.099636  0.113206  0.055339 -0.03451 ]
[-0.667744 -0.816694 -0.884983 -0.793909 -0.742529 -1.006188  0.056431
 -0.031115 -0.125382  0.030652 -0.090447 -0.091227 -0.159279  0.096241
 -0.015285 -0.162584 -0.025483  0.024736  0.049685 -0.021037]
[-0.976975 -0.754589 -0.792764 -0.802695 -0.914013 -0.893917 -0.018084
 -0.158618  0.031604  0.105312 -0.074884  0.046619 -0.097787 -0.093634
 -0.193333 -0.101836  0.055815 -0.069239  0.093577 -0.00651 ]
[-0.697125 -0.736581 -0.543139 -0.591785 -0.439829 -0.529562 -0.051586
 -0.075283 -0.005184 -0.064713 -0.004887 -0.014879  0.015593 -0.015406
 -0.145157 -0.018734 -0.076246 -0.090722  0.00779  -0.009657]
[-0.91757  -0.865868 -0.850123 -0.800515 -0.61435  -0.737506  0.018916
 -0.002149  0.128899 -0.048048 -0.066069  0.078256  0.026521 -0.061642
 -0.032615  0.060757 -0.103277  0.072824 -0.0048   -0.009049]
[ -1.296559e+00  -1.203672e+00  -1.050395e+00  -1.051108e+00  -9.443969e-01
  -9.525045e-01  -7.983095e-02   9.136508e-02   1.571473e-02   4.013765e-02
   4.772470e-02   5.973554e-02  -7.853995e-03   1.285984e-01   2.156982e-02
   4.334839e-03  -3.669458e-02  -7.827240e-02   3.423057e-02  -3.650547e-04]
[-0.865746 -0.902786 -0.927657 -0.869419 -0.905182 -0.888291 -0.054347
 -0.130144 -0.003453 -0.058574  0.094015  0.047067  0.165833  0.061606
 -0.141949  0.146255 -0.131986  0.001798 -0.033906 -0.007451]
[-1.103061 -1.106717 -1.024109 -0.919293 -0.957994 -1.07251   0.020906
  0.032732 -0.168397  0.033368 -0.036633 -0.123529 -0.095788 -0.087734
  0.012161 -0.07315   0.143825 -0.006227  0.065206  0.021762]
[-0.733183 -0.758102 -0.76418  -0.816063 -0.877316 -0.807954  0.029943
 -0.001743  0.007194  0.01815   0.041377 -0.045815 -0.013502  0.050685
 -0.001272 -0.024471 -0.010451  0.02209   0.0109   -0.009618]
[-0.951805 -0.835199 -1.127929 -0.865731 -0.935623 -0.798988  0.010263
  0.068383 -0.003944 -0.081073  0.031137 -0.016971 -0.158533  0.046228
  0.022264 -0.180915 -0.10556  -0.01393  -0.002199 -0.006102]
[ -1.104809e+00  -1.020608e+00  -9.597296e-01  -1.054345e+00  -9.804626e-01
  -9.704082e-01   2.080406e-03  -1.438568e-01  -1.796054e-02   1.623118e-02
  -1.042550e-03  -5.601300e-02   5.233683e-02  -3.306543e-02  -1.728444e-01
  -2.254947e-02  -5.373315e-03  -6.154403e-02  -9.460872e-03  -2.688068e-02]
[ -9.765721e-01  -8.935887e-01  -8.649970e-01  -1.061963e+00  -9.793648e-01
  -8.965219e-01  -1.694839e-02   3.293764e-02   6.601935e-02   2.748670e-02
  -4.070383e-02   3.134682e-02   3.169675e-02  -2.372763e-02   2.243575e-02
   4.580436e-02   3.563745e-02   6.222204e-02  -3.645717e-02  -8.919156e-04]
[-0.867109 -0.762041 -0.578666 -0.874877 -0.536279 -0.602997  0.116692
  0.016817  0.043012  0.204385  0.038852  0.05803  -0.116133  0.07538
 -0.00336  -0.104208  0.233538  0.044997 -0.040682  0.014657]
[ -9.145036e-01  -8.284677e-01  -7.230725e-01  -9.691525e-01  -8.534540e-01
  -7.880456e-01  -3.151162e-02   5.695686e-02   6.389649e-03   1.463821e-02
  -1.241021e-01  -2.083806e-02   7.705031e-02  -1.212510e-01   4.347641e-02
   6.682955e-02   2.310481e-02  -2.562536e-02   5.577678e-04   2.606948e-03]
[-1.075143 -0.898566 -0.958359 -0.899203 -0.85485  -0.88872   0.061698
 -0.187897  0.05923   0.130703 -0.114498  0.001548 -0.004603 -0.113988
 -0.155592  0.124471  0.104795  0.051898  0.029534  0.03266 ]
[-1.216594 -0.986479 -0.837623 -1.246037 -1.144157 -1.088357  0.08776
 -0.004047 -0.076143 -0.032391  0.061047  0.034019  0.100708  0.023056
 -0.057544  0.090453 -0.004665  0.094579 -0.029671 -0.037913]
[-1.009161 -0.78907  -0.975218 -1.018447 -1.08292  -0.912675  0.074007
  0.045874  0.012435 -0.056503 -0.098083  0.061404 -0.01393   0.020183
 -0.044109 -0.00762  -0.017263  0.048551 -0.006527 -0.012392]
[-0.899046 -0.860271 -0.774203 -0.724507 -0.665915 -0.654154 -0.003086
  0.051794 -0.053646 -0.03168  -0.045322 -0.005986 -0.101694 -0.019438
  0.042142 -0.125593 -0.074084 -0.002244  0.022126 -0.009253]
[ -1.113575e+00  -9.637731e-01  -9.305599e-01  -1.143348e+00  -9.877626e-01
  -8.116493e-01   1.171159e-01   1.617623e-01  -1.813749e-01  -8.879123e-03
   6.492907e-02  -1.343521e-01   2.738195e-02  -6.736256e-04   1.356411e-01
   3.914498e-02   3.627040e-02  -3.990240e-03  -2.566968e-02   5.875976e-02]
[-0.937939 -0.81712  -0.770156 -1.039918 -0.959957 -0.793639 -0.009938
  0.024848  0.103241 -0.08349   0.014552  0.058616 -0.015056  0.011379
  0.0777    0.016267 -0.043613 -0.006435  0.049415  0.014765]
[-0.954681 -0.756382 -0.622891 -0.848522 -0.64553  -0.411058  0.003817
 -0.037319 -0.047823 -0.102539 -0.173975 -0.022294  0.172542 -0.162801
  0.004086  0.25587  -0.170526  0.034526 -0.007989  0.028674]
[-1.61054  -1.048274 -1.403165 -1.088371 -1.519412 -1.352222 -0.01509
 -0.064404  0.124619 -0.011686  0.055786  0.153006  0.024683 -0.008488
  0.018028  0.170854 -0.131554 -0.146236 -0.049298 -0.01568 ]
[-0.869646 -0.834503 -0.74819  -1.031325 -0.980485 -0.978967  0.024488
  0.009234 -0.02164   0.041731  0.11784  -0.025136 -0.006764  0.1163
  0.027892  0.013957  0.023763  0.050611  0.001837 -0.013461]
[-1.071133 -1.084912 -0.676677 -1.055074 -0.719748 -0.674551 -0.0143
 -0.032199 -0.153957  0.088682  0.115535 -0.130427  0.041988  0.039189
 -0.101889  0.049805  0.079082 -0.048437 -0.066721  0.024409]
[-1.132138 -1.032236 -0.818157 -0.839948 -0.576692 -0.513752 -0.080874
 -0.011669 -0.055894  0.088902 -0.106343 -0.051069  0.1296   -0.113593
 -0.05589   0.152236  0.113503 -0.133093  0.014011  0.018641]
[ -9.876209e-01  -1.028082e+00  -9.988758e-01  -1.203994e+00  -1.067755e+00
  -1.167594e+00   2.847177e-05   6.437209e-03   4.576296e-02   6.528305e-02
  -5.930600e-02   4.786148e-02   1.107867e-01  -5.143536e-02  -7.936262e-02
   1.931427e-01   8.583591e-02  -4.747501e-02   1.219163e-02  -3.366438e-02]
[-0.92149  -0.964198 -1.065097 -1.058855 -1.190657 -1.248392  0.08645
 -0.089498 -0.193231 -0.011256 -0.060815 -0.099763 -0.059731 -0.176115
 -0.159003 -0.006824 -0.005752  0.079923 -0.071594  0.057869]
[-0.92607  -0.856245 -0.650072 -0.872544 -0.856914 -0.838493 -0.07986
 -0.013287 -0.072227  0.083169 -0.063146  0.00803   0.121261 -0.037503
  0.039438  0.114226  0.110084 -0.144026  0.105927  0.030683]
[-0.870025 -0.900336 -0.67197  -0.942745 -0.654002 -0.852247  0.094932
 -0.004593  0.125772  0.35114  -0.189224  0.113403  0.025999 -0.190449
 -0.030993 -0.051714  0.337374  0.074928 -0.022911 -0.001114]
[-0.928413 -0.918796 -0.62697  -1.093937 -0.761219 -0.815194  0.061759
 -0.142469  0.014716  0.061109  0.002875  0.002571 -0.101921  0.017864
 -0.097848 -0.155685  0.041379  0.153318  0.12381   0.02781 ]
[-0.94333  -1.043321 -0.950548 -0.916629 -0.790493 -0.895294 -0.054445
 -0.010865 -0.025279  0.08331   0.037145  0.028725 -0.113403  0.009639
 -0.027876 -0.1235    0.140364  0.019637  0.051275 -0.020673]
[-1.246932 -1.255157 -1.304473 -1.105345 -0.899609 -1.242653 -0.019393
 -0.047344 -0.006804  0.004239  0.124338  0.002207 -0.030579  0.153446
 -0.085594  0.003705  0.036991  0.020092  0.030086 -0.021128]
[-1.019911 -1.036961 -1.090073 -0.991597 -0.966727 -0.984639 -0.067534
  0.052383  0.035418  0.031435  0.016247  0.042881  0.06592   0.052427
  0.021856  0.016476  0.030232 -0.032936 -0.033044 -0.02005 ]
[-0.818528 -0.714323 -1.041953 -0.712286 -0.977528 -0.564336 -0.070714
  0.092746  0.01262   0.078569  0.098174  0.047209 -0.148967  0.142682
  0.061883 -0.243984  0.006242 -0.044568 -0.025886 -0.004052]
[-0.914155 -0.943057 -0.776374 -0.958694 -1.052628 -0.916752  0.047392
  0.008463 -0.021047  0.073538  0.011512 -0.007135  0.012895 -0.001158
  0.014799  0.007731  0.117486  0.056704  0.013679 -0.011392]
[ -9.565858e-01  -8.178294e-01  -8.162344e-01  -7.028276e-01  -5.595070e-01
  -6.413095e-01   1.435483e-01  -3.312757e-02   2.579912e-02   3.791310e-02
  -1.478682e-01   2.435503e-04  -1.283255e-01  -1.296628e-01  -1.041747e-01
  -5.930985e-02   2.907790e-02   1.865289e-01  -6.290205e-02  -2.401889e-02]
[-1.025564 -0.918803 -0.755989 -1.097251 -0.922029 -0.746171 -0.121021
 -0.023938 -0.0484   -0.021685 -0.017648 -0.133334 -0.104242  0.00414
  0.013315 -0.114399 -0.077942 -0.033096 -0.027187 -0.026517]
[-0.64762  -0.827459 -0.809222 -0.872719 -0.96694  -1.026183  0.185261
 -0.135256  0.173247  0.046583 -0.096841  0.156239  0.009861 -0.01509
 -0.039068  0.138519  0.077656  0.268762 -0.054061 -0.022513]
[ -1.060678e+00  -9.392323e-01  -6.080363e-01  -9.467196e-01  -6.178912e-01
  -4.084536e-01   9.278926e-03   2.572386e-02  -1.117091e-02   1.472334e-02
   1.294488e-02  -2.690476e-04  -1.410844e-01   1.966233e-02   4.958370e-02
  -1.308549e-01   8.709044e-03   6.703038e-03  -7.387359e-02  -9.372296e-03]
[ -8.777190e-01  -7.041706e-01  -6.789749e-01  -7.768326e-01  -8.068750e-01
  -5.831523e-01   1.451496e-02  -2.593045e-02  -4.496690e-02   8.640422e-02
  -4.439331e-02  -1.773983e-02  -4.120303e-02   5.874155e-03  -3.343645e-02
  -4.020718e-02   1.274315e-01  -2.938988e-02   1.286592e-02   5.158423e-04]
[-0.782729 -0.643544 -0.669238 -0.717979 -0.749874 -0.638082  0.072342
 -0.074349  0.03852   0.142614 -0.11025   0.031519 -0.093091 -0.115077
 -0.027244 -0.120992  0.181168  0.120026  0.018709  0.008753]
[-0.871067 -0.929236 -0.750039 -0.758355 -0.581094 -0.682238  0.009525
 -0.002176  0.004088 -0.059629  0.106283  0.026523 -0.055741  0.077065
 -0.008976 -0.022696 -0.071096 -0.069467 -0.017681  0.001594]
[-0.857575 -0.771891 -0.640364 -0.976554 -0.893722 -0.791398 -0.016737
 -0.082027 -0.015379  0.00996  -0.003074  0.029687  0.001811  0.006154
 -0.012541 -0.029247 -0.033816  0.048893 -0.010284  0.015982]
[-0.669712 -0.818603 -0.740469 -0.855568 -0.731272 -0.919534 -0.004102
 -0.088917 -0.015982  0.014383  0.00498  -0.009604  0.088182 -0.004296
 -0.07593   0.066187 -0.00466  -0.015913  0.072394  0.02559 ]
[ -8.897063e-01  -6.320325e-01  -5.740569e-01  -1.029599e+00  -9.315634e-01
  -9.361905e-01   4.115476e-02   3.746202e-02   6.226655e-02  -7.188743e-02
  -6.087672e-02   6.056400e-02   8.199689e-04  -2.617157e-02  -2.531294e-02
  -2.706641e-02  -6.973223e-02   7.475483e-02   2.877901e-02  -3.593368e-02]
[-0.763222 -0.768743 -0.729437 -0.725243 -0.672051 -0.696543  0.092522
  0.02274  -0.069906  0.069004 -0.041041 -0.01402   0.033189 -0.03059
 -0.006908  0.040794  0.025393  0.075329  0.015109 -0.00817 ]
[ -1.032327e+00  -9.675609e-01  -9.313755e-01  -8.318297e-01  -8.336851e-01
  -7.389203e-01  -8.286696e-02   6.008599e-02  -6.706291e-02   8.946498e-02
  -2.764624e-02  -8.173755e-02  -5.660372e-02  -3.552069e-02   6.505731e-02
  -2.056623e-02   2.636082e-02   3.865957e-04  -9.025876e-02  -3.084567e-02]
[-0.981244 -1.047074 -0.955096 -0.884799 -0.810857 -0.9853   -0.083471
 -0.056675  0.05066   0.04154   0.077946  0.059255  0.072799  0.03063
 -0.079356  0.078374 -0.030129 -0.075868  0.010798  0.007278]
[-0.928178 -1.086504 -0.914373 -0.921839 -0.778632 -1.168067  0.134314
  0.143152 -0.060196 -0.020332  0.038881  0.025793  0.065888  0.035453
  0.143575 -0.030032  0.130503  0.146491  0.050052  0.026961]
[-1.163189 -0.971909 -1.010276 -0.944651 -1.052205 -0.789396  0.024853
 -0.106245  0.010942 -0.054958 -0.054126  0.001446 -0.104291 -0.013257
 -0.055015 -0.102493 -0.071708  0.030958  0.025259 -0.006561]
[-0.755586 -0.615108 -0.52037  -0.68537  -0.768634 -0.667296  0.085252
  0.163641  0.002151  0.068383  0.040953 -0.012013 -0.026534  0.072816
  0.075422 -0.052523  0.004906  0.057147 -0.02315   0.023998]
[-0.961907 -0.96553  -0.898568 -1.138037 -1.267881 -1.225911  0.047361
  0.169474  0.138508 -0.063696  0.036893  0.183055 -0.150981 -0.013498
  0.163466 -0.13381  -0.057     0.155551  0.011253  0.014619]
[-1.09664  -0.913098 -0.708812 -0.944806 -0.761445 -0.620038  0.054085
 -0.0328   -0.035827  0.072928  0.050312 -0.103476  0.08374  -0.003728
 -0.065929  0.062443  0.072783  0.075424 -0.043999  0.009305]
[-0.735157 -0.811091 -0.687248 -1.132396 -0.964984 -1.029979  0.043675
 -0.103974  0.067295 -0.010123 -0.02723  -0.01262  -0.023169 -0.030309
 -0.152392 -0.069466 -0.004728  0.098148  0.028516  0.004286]
[-1.074817 -0.912851 -0.70682  -0.909811 -0.691954 -0.429404  0.128196
  0.056486 -0.025486 -0.03152   0.034008 -0.057909 -0.135877  0.059924
  0.032181 -0.178206 -0.005361  0.218579  0.122861  0.014562]
[-1.142751 -1.001577 -0.811979 -1.034385 -0.863919 -0.784423  0.005516
 -0.113768  0.001354  0.061819 -0.084558 -0.054804 -0.086253 -0.029734
 -0.24162  -0.105225  0.058294  0.049117  0.017904 -0.009257]
[-1.079628 -1.188125 -1.181902 -1.140865 -1.048081 -0.971132  0.075
 -0.15352   0.042307  0.061841  0.020187  0.041255 -0.025544 -0.054763
  0.017181  0.041857  0.017787  0.051096 -0.045868 -0.021203]
[-0.816482 -0.767916 -0.63855  -0.975037 -0.889638 -0.750832  0.064244
  0.124424 -0.139114 -0.063148 -0.032856 -0.109991  0.053534 -0.053702
  0.121204  0.028031 -0.038157  0.018459 -0.025179 -0.016641]
[-1.021179 -1.198671 -0.969499 -0.944779 -0.935606 -1.139702  0.056749
 -0.182275 -0.074423  0.026953  0.06378  -0.026565  0.016447  0.088065
 -0.117498 -0.107962 -0.091407  0.074897  0.002601  0.018284]
[ -9.913668e-01  -9.843925e-01  -7.869133e-01  -1.065859e+00  -7.303116e-01
  -8.272428e-01  -3.056300e-02  -3.731747e-02   9.188068e-02  -1.713398e-02
   1.606785e-04   9.749044e-02   3.623981e-02   3.441943e-02  -7.530368e-04
   5.567108e-02  -4.097387e-02  -6.170565e-02  -5.674986e-02   1.536038e-02]
[-0.564501 -0.38733  -0.466531 -0.995584 -1.079025 -0.807812 -0.041266
  0.054598  0.110737 -0.077615  0.164664  0.048876 -0.005746  0.110693
  0.049892  0.04875  -0.085378 -0.008723  0.023658  0.016801]
[ -6.439095e-01  -8.385763e-01  -5.743236e-01  -1.097261e+00  -8.416961e-01
  -1.031155e+00   2.426234e-03   1.008975e-01  -1.700452e-01  -1.140046e-01
  -1.193731e-01  -1.507638e-01  -2.756054e-02  -8.424496e-02   9.105936e-02
  -9.028867e-03  -8.601063e-02  -1.144243e-02   3.134724e-02  -9.458856e-04]
[-0.622256 -0.667167 -0.654885 -0.415472 -0.646032 -0.650461 -0.23245
 -0.099542 -0.170333  0.130183 -0.005653 -0.114276 -0.001131  0.085284
 -0.191968 -0.036374  0.103237 -0.163484 -0.032266 -0.036722]
[-0.714593 -0.691078 -0.919623 -0.647667 -0.782897 -0.850809 -0.039949
  0.063974  0.089663  0.111023  0.094233  0.155798  0.145408  0.064358
  0.040359  0.138722  0.100742 -0.075076 -0.03938  -0.063923]
[-0.779185 -0.69379  -0.71256  -0.827544 -0.759008 -0.702774  0.090384
  0.052063  0.029784 -0.09606   0.089158  0.045664  0.027396  0.085993
  0.058143  0.00817  -0.085102  0.087946  0.026658  0.021379]
[-1.036828 -0.815822 -0.955918 -0.937516 -0.902164 -0.951412 -0.041751
 -0.005918  0.079646 -0.101568 -0.014752  0.019417 -0.025687  0.024311
  0.021716  0.006028 -0.102585 -0.042145  0.008622  0.026915]
[ -1.076201e+00  -8.426990e-01  -8.536651e-01  -8.121649e-01  -8.481989e-01
  -7.138681e-01   6.290620e-02  -5.965328e-02  -5.389580e-02   2.428721e-02
  -7.073444e-03   4.119756e-03  -3.026714e-02  -1.427287e-02  -5.982236e-02
   8.417593e-03   5.681890e-02   1.275104e-01  -2.340102e-02   8.080675e-04]
[-1.003372 -1.028839 -1.351413 -0.80884  -0.907721 -1.317373 -0.086272
 -0.025563  0.025285 -0.00621  -0.0831   -0.03366   0.04584   0.052425
 -0.132192  0.016571  0.060503  0.021629 -0.032977 -0.020033]
[-0.690264 -0.69265  -0.620455 -0.693953 -0.87027  -0.907     0.005192
  0.054393 -0.018767  0.008914  0.004143 -0.101422 -0.031577 -0.009943
 -0.039583 -0.113967  0.00926   0.040737 -0.033243  0.007603]
[ -9.252098e-01  -8.415001e-01  -6.789963e-01  -8.205429e-01  -7.150999e-01
  -7.478079e-01  -4.322185e-02   2.049444e-02   1.207240e-03   2.758582e-02
   7.302852e-02  -2.099519e-03   5.579807e-02   1.105431e-01  -4.021583e-02
  -2.280680e-04   4.639170e-02   3.088496e-02  -1.053980e-02   3.206879e-02]
[-0.755076 -0.773736 -0.605959 -0.887335 -0.763928 -0.831031 -0.001745
 -0.050422  0.033689  0.030854  0.019956  0.026101 -0.055294 -0.017248
 -0.066921 -0.052422  0.019829 -0.04724  -0.03641  -0.016539]
[-1.029529 -0.848823 -1.079572 -0.635137 -0.789538 -0.811658 -0.032819
  0.004779 -0.042465  0.003237 -0.017622 -0.141659 -0.199928  0.022132
 -0.08518  -0.199482  0.011156 -0.073486 -0.033825  0.00272 ]
[-1.189881 -1.068078 -0.993944 -1.168526 -0.96032  -0.870192 -0.102228
 -0.081974  0.048165  0.038043 -0.05542   0.093576  0.029998 -0.042826
 -0.096467  0.038794 -0.007795 -0.115153  0.101581  0.003513]
[-1.320015 -1.016007 -0.812357 -1.117704 -1.149577 -0.756266  0.038615
 -0.187038 -0.061673 -0.07551  -0.041134 -0.070669 -0.140967 -0.028739
 -0.193869 -0.222426 -0.088273  0.002616 -0.0547    0.012056]
[-0.716161 -0.682546 -0.797616 -0.554863 -0.672998 -0.616556  0.039598
 -0.045579  0.01583  -0.040299  0.061437 -0.038855  0.108245  0.080242
 -0.07548   0.098556 -0.098265  0.096707  0.069018  0.02709 ]
[-0.877794 -0.646287 -0.732496 -0.670255 -0.841761 -0.549348 -0.026845
  0.012761 -0.06367   0.036239  0.12043  -0.027903  0.041687  0.106089
 -0.019841  0.066764  0.001893 -0.092078 -0.033942  0.012007]
[-0.884629 -1.162565 -1.053023 -0.904934 -0.784894 -1.066212  0.078249
 -0.038438 -0.069838  0.01286   0.020707 -0.080544  0.060095 -0.01455
 -0.03769   0.00305   0.05882   0.051828 -0.012443  0.036431]
[-1.207506 -0.994297 -1.060626 -0.996837 -1.002054 -0.873541 -0.226434
 -0.066404 -0.189735 -0.042626 -0.17785  -0.098264  0.015109 -0.103335
  0.057144 -0.059796  0.048011 -0.1276    0.023628  0.025326]
[-1.029342 -0.873812 -0.684818 -0.887248 -0.664428 -0.554773  0.005851
  0.067121  0.045262  0.01745   0.080692  0.047038 -0.004039  0.143199
  0.015546 -0.004556  0.061707 -0.049891  0.015024  0.02865 ]
[-1.00958  -0.988816 -0.797852 -1.052    -0.808691 -0.932263  0.02516
 -0.015303  0.018603  0.057961 -0.079762 -0.02325  -0.017494 -0.004899
 -0.068671 -0.026169  0.119769  0.051142  0.001199 -0.001089]
[-0.732093 -0.730022 -0.810933 -0.627513 -0.780522 -0.70826  -0.056774
 -0.069225 -0.085153  0.056812  0.069623 -0.154121  0.045822  0.071674
 -0.055728  0.074016  0.021591 -0.030851 -0.075915 -0.00222 ]
[-1.220762 -1.313561 -0.942436 -1.313223 -0.840291 -0.883283  0.114844
  0.078399  0.004025  0.048213  0.072849 -0.055215  0.090336  0.140349
  0.142084  0.13175   0.161843  0.137354  0.025958 -0.020094]
[-1.220654 -0.93043  -0.855299 -1.466549 -1.583492 -1.469157  0.064792
  0.095377 -0.052425 -0.029405 -0.050281 -0.133123 -0.069151 -0.129929
  0.0467   -0.049499  0.086042 -0.00939  -0.017405  0.029138]
[-0.994237 -0.842609 -0.714611 -0.927942 -0.868223 -0.878166 -0.030286
  0.01513   0.034808  0.133575 -0.046206  0.076343 -0.057877 -0.010927
  0.027136 -0.029426  0.084396  0.103991  0.019683 -0.001846]
[-0.962471 -0.760463 -0.785976 -0.463963 -0.660029 -0.414395 -0.022353
 -0.106699  0.01635   0.097595  0.10647  -0.025312  0.094575  0.083646
 -0.072696  0.072546  0.036922 -0.051159 -0.020323  0.019927]
[-0.728133 -0.811785 -0.736206 -0.872573 -0.771152 -0.82849  -0.021919
  0.139926 -0.0353   -0.038969 -0.078925 -0.047846  0.043799 -0.09088
  0.159825 -0.001978 -0.057277 -0.064333  0.049174  0.007899]
[-1.078811 -0.808522 -1.117016 -0.893163 -1.076868 -1.039694 -0.016508
  0.084762 -0.053791 -0.043256  0.061001  0.007493 -0.096671  0.098862
  0.170217 -0.1562   -0.060369  0.035984 -0.058704 -0.023734]
[-0.756552 -0.711801 -0.673377 -0.94556  -0.912805 -0.882553  0.034948
  0.06198  -0.056728 -0.12176  -0.019969 -0.031291 -0.113119  0.001279
  0.031927 -0.078598 -0.100059  0.012559 -0.019274  0.006524]
[-0.947145 -0.891317 -0.755977 -0.904007 -0.85796  -0.815805  0.023094
  0.015217  0.144324 -0.016503 -0.091607  0.103454 -0.02968  -0.114459
 -0.016065 -0.004807 -0.070071  0.022863  0.019296  0.03262 ]
('Mean', 1, ': ', -0.94714527190207931)
('Median', 1, ': ', -0.94714527190207931)
('Variance', 1, ': ', 0.0)
('Mean', 2, ': ', -0.89131733882114439)
('Median', 2, ': ', -0.89131733882114439)
('Variance', 2, ': ', 0.0)
('Mean', 3, ': ', -0.75597721601008361)
('Median', 3, ': ', -0.75597721601008361)
('Variance', 3, ': ', 0.0)
('Mean', 4, ': ', -0.90400684682006405)
('Median', 4, ': ', -0.90400684682006405)
('Variance', 4, ': ', 0.0)
('Mean', 5, ': ', -0.85795978977744658)
('Median', 5, ': ', -0.85795978977744658)
('Variance', 5, ': ', 0.0)
('Mean', 6, ': ', -0.8158050218880869)
('Median', 6, ': ', -0.8158050218880869)
('Variance', 6, ': ', 0.0)
('time: ', 8098.189925909042)
