“Running plot script on a single CPU core”
[-0.059604 -0.088845 -0.654027  0.245663  0.311573 -0.665361  0.292884
  0.332902  0.294227 -0.753789 -0.81375   0.211224  0.271014  0.287364
  0.040702  0.212727 -0.095219  0.250772  0.119837  0.184287]
[ 0.310952  0.332829 -0.79073   0.160525 -0.76217  -0.928105  0.320965
 -0.652659 -0.529883  0.266057  0.323391 -0.074967 -0.367511 -0.179609
  0.333123  0.314169 -0.859798  0.254773  0.329748  0.218288]
[ 0.327329 -0.785306 -0.912818  0.274623  0.305466  0.33215   0.188871
 -0.999893  0.013535  0.209458 -0.923336  0.240294 -0.535525 -0.306568
 -0.160145 -0.246871  0.327197  0.171209  0.125931 -0.216536]
[-0.347894  0.054393  0.121479 -0.551119  0.059578  0.036388  0.255142
  0.13603   0.270525 -0.616255  0.121456  0.332935 -0.05967   0.328633
  0.331658 -0.866192  0.309947  0.28676  -0.422807  0.158222]
[ 0.276811 -0.253126  0.332455 -0.412898  0.215478 -0.146944  0.276362
  0.243035  0.324915 -0.668484  0.188687 -0.999223  0.325035  0.333268
  0.263643  0.312915 -0.436429  0.264749 -0.028389  0.332115]
[ 0.321927  0.296892 -0.637211  0.047515  0.286449  0.120349  0.136843
  0.292321  0.332519  0.201771 -0.268863  0.129185  0.288447  0.284156
  0.272062  0.333332  0.230941 -0.41062   0.073073 -0.815479]
[-0.259189 -0.811109  0.257076  0.141285  0.013788  0.139166  0.161842
 -0.41641  -0.871256  0.181314  0.245943 -0.408501 -0.037656  0.176377
 -0.986586 -0.648834  0.082507 -0.094452  0.332925 -0.388878]
[-0.302136  0.32213  -0.698883  0.240947  0.022344  0.273026  0.160559
  0.113575  0.330406  0.220023  0.288342  0.079708 -0.131818  0.209091
 -0.05837  -0.459738  0.333077 -0.197344  0.211078  0.331803]
[-0.94996   0.318988 -0.701031  0.313434 -0.909713  0.243942  0.315643
  0.307582 -0.880639 -0.945817  0.331122  0.245657  0.331813  0.275326
  0.332952 -0.106195  0.279077  0.009463  0.294023  0.284026]
[ 0.309596  0.112644  0.076182  0.187883 -0.972152  0.263374  0.31761
  0.204379  0.006644  0.260009  0.232131  0.266161  0.145023 -0.488525
  0.318284 -0.719293  0.237862  0.240629 -0.320362  0.103949]
[ 0.108422 -0.659859  0.311304  0.282621  0.013748  0.100385 -0.542167
 -0.670826  0.332601  0.332947  0.313611  0.107294  0.307298  0.300268
 -0.999895 -0.874221 -0.798097  0.188315  0.330649  0.304151]
[ 0.026908 -0.100742  0.025406  0.289583 -0.902619 -0.075296 -0.507156
 -0.054629  0.291373  0.292967  0.274963  0.068175 -0.932814 -0.325691
  0.179888 -0.754238 -0.301548  0.244473 -0.623477  0.230517]
[ 0.33321  -0.999994  0.238267  0.317465 -0.98837  -0.348269 -0.988979
  0.125795  0.31476   0.327862 -0.196808  0.298587  0.227964 -0.074067
  0.313088 -0.00458   0.186223 -0.835895  0.317346 -0.074773]
[ 0.314752  0.248099 -0.264502  0.264685  0.33271   0.321551  0.26592
  0.322425 -0.200004 -0.100944  0.319279  0.130882 -0.240876 -0.602857
  0.241515  0.320117  0.327076  0.318136  0.265257 -0.641651]
[-0.922001  0.297405 -0.349244  0.114356  0.303218  0.332975  0.216063
  0.256803  0.140544 -0.872518  0.301211 -0.30138   0.279037  0.173459
 -0.665699 -0.287025 -0.444088  0.070919  0.158021 -0.308213]
[ 0.28891   0.149705 -0.193841 -0.363846 -0.368052  0.268369  0.288109
  0.103028  0.291347  0.331635 -0.311216  0.285393  0.150607 -0.54988
 -0.37679   0.329264 -0.481344 -0.117588  0.306759  0.244373]
[ 0.325253 -0.367282  0.333259  0.005067  0.004285  0.309415 -0.480404
  0.329146  0.225403 -0.999591  0.255523  0.253717 -0.674401  0.316881
  0.261911  0.273663  0.213228  0.333019 -0.254465 -0.986544]
[-0.077549  0.29862   0.300838  0.316944 -0.578347  0.093256 -0.229764
  0.264034  0.257355  0.324071  0.142541 -0.530869  0.311002  0.315803
 -0.182502  0.274823  0.005443 -0.647542  0.161789  0.181353]
[-0.570689 -0.871667  0.325496  0.324287 -0.160805 -0.885314  0.329945
  0.331935  0.256186  0.08349  -0.717902  0.315814  0.333238 -0.999635
 -0.333365  0.239682 -0.751515  0.157314  0.286266  0.330142]
[-0.324689 -0.329065 -0.51673  -0.857613  0.295385 -0.803196 -0.23619
  0.124258  0.295853  0.177442  0.280738 -0.97296   0.333249  0.277411
  0.332116  0.227008  0.249243  0.118867 -0.988992  0.271035]
[ 0.290144  0.331695  0.250923  0.21915   0.255247  0.167559  0.268563
 -0.372951 -0.046087  0.003257  0.329959 -0.099671  0.286605  0.075853
 -0.643459  0.09711   0.281553  0.180276  0.331005 -0.019603]
[ 0.329173  0.330893  0.029881  0.327853 -0.478434  0.3121   -0.457627
  0.119115  0.32849  -0.874547 -0.354786  0.283925 -0.310798  0.19285
  0.231691 -0.256754 -0.93512   0.012908  0.178219 -0.005653]
[ 0.089602  0.325497  0.280397 -0.101194  0.23561   0.111138 -0.626761
 -0.941243  0.320585  0.303067  0.233153 -0.614124 -0.492383  0.330931
 -0.339202  0.33286   0.315243  0.257553  0.291186 -0.314891]
[ 0.281358  0.206594  0.331648  0.181647 -0.350514  0.221644  0.322277
 -0.571239 -0.30014   0.024653  0.333134 -0.998798  0.097422  0.32442
  0.044621  0.271995 -0.903272  0.20508   0.303947  0.18979 ]
[ 0.265222 -0.756475 -0.572134 -0.103747  0.291506  0.190246  0.310843
  0.190259  0.316852 -0.194401 -0.910198 -0.825238 -0.32043   0.317666
  0.165773  0.242788  0.317675 -0.054     0.085921  0.065743]
[ 0.072301  0.304902 -0.162356  0.271694  0.091512  0.219016  0.281654
 -0.595086 -0.168467  0.309238  0.181606  0.333168  0.162094 -0.891798
 -0.931286  0.213717 -0.023743  0.04662   0.331859 -0.07811 ]
[-0.343753  0.029261 -0.104397  0.333281  0.191635 -0.413368  0.213638
  0.223273 -0.151002 -0.045958  0.221799  0.247362  0.104231  0.297377
  0.312941  0.172861  0.277397 -0.3436    0.019697 -0.56114 ]
[ 0.189076  0.285719  0.323073  0.247535  0.237007  0.225034  0.298672
  0.067183  0.230798 -0.73916  -0.760692  0.071027  0.134949 -0.962306
  0.273652  0.200047 -0.399109  0.313246 -0.914114  0.328148]
[ 0.292817 -0.053848  0.332631 -0.172117  0.330733  0.219331  0.187322
 -0.190252  0.125219 -0.719009 -0.884163  0.167805  0.262653  0.332999
  0.333324 -0.998088  0.23885   0.325004  0.246443 -0.552515]
[ 0.289297  0.047945  0.315312  0.064279 -0.532056  0.119704  0.195831
  0.322202  0.274891 -0.872967  0.029466  0.333104  0.177515  0.20916
 -0.338434  0.325291 -0.728121  0.332661  0.078011  0.14003 ]
[ 0.321821  0.328284  0.330125  0.332658  0.328767 -0.978327  0.167127
 -0.121312  0.230603  0.326716  0.333076  0.067399  0.328031  0.333331
  0.236493  0.279079  0.27314   0.2429    0.127352  0.133374]
[ 0.039464 -0.149844 -0.17091   0.300749  0.162891 -0.263332  0.087646
 -0.439847  0.3333    0.260485  0.328347  0.319841  0.057253 -0.769427
  0.321883 -0.842547 -0.641472  0.333234  0.072862 -0.150627]
[ 0.214613  0.292463  0.301057  0.270979  0.091061  0.331976  0.299783
 -0.482106 -0.186991 -0.918645 -0.487847 -0.162589 -0.962316  0.256672
 -0.020261  0.035668 -0.362691  0.081876  0.216892  0.298462]
[ 0.144088  0.03538   0.091743  0.31569   0.101901  0.315374 -0.613805
 -0.849087 -0.501776  0.247164 -0.284376  0.155393 -0.590686 -0.148842
 -0.364697  0.187119  0.31947   0.322046 -0.045007  0.314809]
[-0.251262 -0.174122 -0.46801  -0.254614  0.295876 -0.933961  0.253459
  0.316671  0.141441 -0.233261  0.148471  0.310764  0.306729  0.31911
  0.330479  0.311626 -0.095091  0.307277  0.170901  0.118641]
[ 0.208536  0.136944  0.249361  0.32139   0.273322  0.19312   0.332479
  0.275604  0.200143  0.333323 -0.849726  0.151431  0.116889  0.122648
  0.109213  0.298731 -0.176891 -0.3746   -0.694312 -0.002619]
[ 0.16339  -0.626632  0.331993  0.101114  0.320545  0.316623 -0.081301
  0.332729  0.24693   0.324143 -0.174544 -0.931752  0.272245  0.253562
 -0.176718  0.32714   0.112915 -0.182818  0.118515  0.217951]
[ 0.181866 -0.991513  0.041482 -0.971508  0.052647  0.228629 -0.437389
 -0.880694  0.019591 -0.205557  0.269722  0.219951 -0.116238  0.331393
 -0.526674 -0.319352  0.287309 -0.255834 -0.083821 -0.678654]
[-0.977934  0.251363 -0.042996 -0.977295  0.330084  0.169733 -0.92107
  0.00404   0.078973  0.333232 -0.054193  0.179814  0.030482  0.331793
 -0.211516  0.223843  0.211183  0.323569  0.244808 -0.078788]
[ 0.07706  -0.125789  0.030056  0.303622  0.291591  0.087714  0.325591
  0.327502  0.283067 -0.631344 -0.133162  0.333324  0.073367 -0.415168
 -0.149672  0.276677  0.275203  0.327855  0.145949  0.31039 ]
[ 0.309323 -0.908585  0.266535 -0.567295  0.261455 -0.139296  0.19574
 -0.59282   0.091879  0.098359  0.295179  0.273697  0.250216 -0.712333
  0.279543 -0.063491  0.159534 -0.620108  0.126604  0.258608]
[ 0.255642  0.315206 -0.114743  0.065916  0.325667 -0.853132 -0.334831
 -0.424058  0.301866  0.058703 -0.826783  0.202198 -0.874702 -0.203273
  0.331576 -0.110536  0.081805 -0.469472  0.281652  0.328691]
[ 0.143537  0.278773 -0.56904   0.333052  0.169533  0.258964  0.04377
 -0.497242 -0.004012  0.324776  0.300852  0.251115  0.259826  0.158599
 -0.478743 -0.703835  0.23074   0.332847  0.106783 -0.884216]
[ 0.205561  0.305337  0.154729  0.210419  0.174325  0.206881  0.331794
 -0.014311  0.327575  0.265807 -0.318898 -0.232484  0.243372  0.112819
 -0.452821  0.147575  0.091387  0.2739    0.10567   0.074217]
[ 0.192893  0.256942 -0.083423  0.325607  0.3257    0.324563  0.329532
  0.214596  0.276196  0.210223  0.128902 -0.995592 -0.022261 -0.312473
 -0.24572   0.287664  0.333333  0.066025  0.233297  0.28038 ]
[ 0.300535  0.333232  0.333156 -0.673383 -0.079215  0.244765 -0.308385
  0.306307  0.293507  0.333175  0.333059  0.124051 -0.051964  0.299123
 -0.218177 -0.2054    0.309389  0.333328  0.267888  0.298465]
[ 0.190695  0.183504  0.140065 -0.688721 -0.135562  0.249948 -0.967104
  0.221578  0.279731 -0.352699  0.288984 -0.477888  0.32552   0.329499
 -0.999189  0.275599 -0.43731   0.272262 -0.567015  0.325518]
[ 0.326737 -0.147304 -0.619271 -0.403105 -0.62529  -0.18906  -0.288812
 -0.8156   -0.272671  0.332826  0.311538 -0.407491  0.268033  0.069607
  0.328348 -0.224016  0.124475  0.301682  0.323755  0.114583]
[-0.433764 -0.00894  -0.004105  0.304798 -0.048933  0.040131  0.274932
  0.023672  0.174513 -0.038749  0.315493  0.331208  0.330304  0.306071
  0.267752 -0.980376  0.210932  0.295279  0.210903  0.137135]
[-0.948326  0.32625  -0.110005  0.046254  0.209445 -0.939979  0.332818
 -0.651174 -0.7512   -0.766709  0.161533  0.134715  0.296897 -0.509924
  0.268531  0.308509  0.324066  0.275134  0.328954  0.296676]
[-0.586932  0.179438  0.237926  0.333036  0.330774  0.251499  0.099037
  0.201514  0.055016  0.115961  0.173371 -0.375865 -0.003893  0.333332
  0.326508  0.320329 -0.872226  0.332592 -0.075793  0.326619]
[ 0.156426  0.333315 -0.635737  0.023604  0.181129  0.286882  0.110707
  0.279109  0.198973  0.015117 -0.150506  0.269859  0.180303  0.331464
  0.329726  0.091013  0.104346 -0.042018 -0.940667  0.263038]
[-0.645843 -0.809096 -0.297185  0.100565  0.136933 -0.15055  -0.714401
  0.298518  0.238844 -0.054016 -0.467329  0.161103  0.272797  0.246169
 -0.236798  0.289772 -0.259969  0.330864  0.295067 -0.486788]
[-0.618991  0.051635 -0.086568  0.271044 -0.426569  0.225097 -0.335571
  0.088239 -0.152736  0.330139  0.277068  0.308353  0.316112 -0.51576
  0.259142  0.203949  0.308137 -0.966354  0.226856  0.328131]
[ 0.324013  0.101676  0.032331  0.330545 -0.978091 -0.591194 -0.527015
  0.180137 -0.302317  0.308936 -0.797653 -0.010977 -0.083657  0.293932
 -0.987949  0.332592 -0.321018  0.275609  0.097787  0.203885]
[ 0.003467  0.161994  0.3041    0.297806 -0.100631  0.329248 -0.199753
  0.328126  0.105335  0.244633 -0.630429  0.302634 -0.560003 -0.111799
 -0.724671  0.044377  0.194483  0.193464  0.330406  0.177672]
[-0.873564 -0.482009  0.083313 -0.727975  0.178227  0.177201  0.3306
 -0.98921   0.099979  0.330326  0.145069  0.333219 -0.348575 -0.725426
  0.333279  0.321633  0.33315  -0.036855  0.204528 -0.807216]
[ 0.299357  0.332062  0.025239  0.031934  0.332191  0.280507  0.325405
  0.210258 -0.31212   0.308848  0.272783 -0.949832  0.159847  0.310648
  0.333014  0.291858  0.332779  0.093509  0.177968  0.26849 ]
[ 0.297618 -0.591802  0.111508  0.234109  0.138608 -0.999136  0.331947
  0.25399   0.297249  0.258256  0.292653  0.317683 -0.029983  0.324753
  0.332385 -0.455197  0.321405 -0.647506  0.283336  0.292305]
[-0.823512 -0.291385  0.23045   0.185529  0.175028  0.013963  0.333172
  0.317788  0.321462  0.328165  0.333306  0.163443 -0.445694 -0.117384
  0.124761 -0.778666  0.215897  0.328943  0.221197  0.324078]
[-0.991376 -0.682723  0.315363 -0.604879  0.115486 -0.744632  0.258927
 -0.12997   0.017392 -0.141326  0.332344 -0.632369  0.332635  0.146595
 -0.645473 -0.011388  0.323161  0.283213  0.203842  0.120825]
[ 0.281246 -0.691213 -0.272515 -0.741612 -0.06269   0.320455  0.150945
  0.302901  0.088443  0.023005 -0.255073 -0.778747 -0.304508  0.018094
 -0.575673  0.189586  0.277548  0.326136  0.187179 -0.165654]
[ 0.326143  0.249559 -0.915228  0.280087  0.327403 -0.149038 -0.034723
 -0.224692  0.308835  0.28538   0.324351  0.333276  0.320536 -0.280217
  0.287509  0.169079 -0.985134  0.210479 -0.428214  0.326412]
[ 0.210682  0.109429  0.285785 -0.537473  0.150726 -0.242131  0.324382
 -0.979022  0.272082 -0.062832  0.1107    0.181442  0.081761  0.271791
  0.042632  0.217921 -0.950799 -0.829385  0.331196  0.309599]
[-0.654498 -0.578164  0.268324  0.318698  0.328025  0.167761  0.326872
 -0.76257   0.157523 -0.931203 -0.237365  0.331919  0.203322 -0.822668
  0.090409 -0.939785  0.034878 -0.330219  0.063596  0.265445]
[ 0.32874   0.297088  0.33057   0.328254  0.332081 -0.869712  0.331734
  0.284902  0.324311  0.305689  0.010723 -0.03295  -0.088711  0.21497
 -0.278177  0.080659 -0.027934  0.253479  0.009723  0.259341]
[ 0.225974  0.11816   0.31906   0.332422  0.267297 -0.996833  0.048313
  0.332193  0.332708  0.280119 -0.413394  0.280676  0.328664 -0.263977
  0.328577  0.332484 -0.203838  0.185522 -0.94363   0.305968]
[ 0.224454  0.313481  0.317036  0.188764  0.150445 -0.187024 -0.486702
 -0.006811  0.319113 -0.328505 -0.230062 -0.952506  0.333031  0.091977
  0.193798  0.038217  0.279038  0.306319  0.124444  0.306943]
[ 0.310174  0.277219 -0.589955  0.33084   0.290505  0.313008  0.271167
 -0.516334  0.228979  0.280214  0.327614  0.308    -0.374272  0.277201
 -0.624748  0.284137  0.295144  0.15982   0.324904  0.332542]
[-0.540257  0.333176  0.056001  0.253929 -0.230055  0.309164 -0.098439
  0.233484  0.325735  0.30569  -0.00378   0.303731  0.229259  0.114421
  0.128333  0.332858 -0.837119  0.332962 -0.990343  0.113109]
[ 0.305029  0.315005 -0.565827  0.234552  0.257564  0.054366  0.281337
  0.26525  -0.142279  0.332542  0.333205  0.332305 -0.51014   0.223474
 -0.822565  0.329836  0.116628 -0.948492  0.055257 -0.078962]
[ 0.29528   0.202546  0.25958  -0.257212 -0.350271  0.330593  0.305293
  0.017213  0.024667  0.319662  0.259944  0.052216 -0.922763  0.016194
  0.052243  0.331423  0.321514 -0.080627  0.075746 -0.110102]
[ 0.261627  0.302638  0.318079  0.19446   0.327013 -0.112826  0.267455
  0.320005 -0.752054  0.021573  0.332641  0.069148 -0.12732   0.211307
  0.327445 -0.020635  0.142661  0.27469   0.264343 -0.186033]
[ 0.309675  0.197173 -0.393319  0.139554 -0.979303 -0.899243  0.271668
  0.038121  0.281096  0.032459  0.298016  0.21101  -0.021492  0.011789
  0.331937  0.082196 -0.217027  0.082988  0.297715  0.333256]
[-0.231588 -0.944415 -0.463115  0.234633  0.330964  0.213981 -0.455625
  0.297452  0.126879  0.074941  0.259598 -0.368226  0.226065  0.131858
 -0.932024  0.231348 -0.231152  0.309655 -0.616991  0.268512]
[ 0.325459 -0.030204  0.328277 -0.895345  0.332857  0.264383  0.30894
  0.300541  0.327836 -0.095073  0.065866 -0.183659  0.179349  0.311517
  0.206351 -0.397264 -0.03521   0.290276  0.331897  0.115797]
[ 0.195462  0.324965  0.254827  0.331328 -0.962417  0.322564  0.070242
  0.042771  0.230038 -0.220301 -0.101307  0.313121  0.164931  0.330714
 -0.290057 -0.044795  0.319703  0.322044  0.035107  0.330895]
[-0.280087  0.325398 -0.088465  0.132141  0.332001  0.052774 -0.729854
  0.312953  0.276818  0.295809  0.177618  0.333332  0.195079  0.29317
  0.28206   0.329879  0.333257 -0.470688  0.329421  0.333192]
[ 0.292107  0.245356  0.306507  0.308866 -0.100056 -0.113348 -0.015056
 -0.043173 -0.140453  0.244688  0.320456  0.150588 -0.934488  0.102567
  0.179716  0.057449 -0.492525  0.102241  0.328789 -0.112011]
[-0.104869  0.169962 -0.812081  0.126718  0.332918 -0.321323  0.320675
  0.317631  0.252073  0.11767   0.307467  0.243337  0.209881  0.179354
  0.153628  0.273445 -0.304259  0.107872  0.269466  0.321639]
[-0.886274 -0.570628  0.314316 -0.331827 -0.044457  0.143379  0.255992
 -0.824691 -0.031508  0.331336  0.332592 -0.09447   0.183537 -0.205633
  0.105111  0.321027  0.325802  0.29605   0.333185  0.137761]
[-0.011847 -0.718139  0.33294   0.322665  0.314659  0.33327   0.32036
 -0.006881  0.327774  0.284615 -0.017689  0.031083  0.330751 -0.105146
  0.328208  0.224146  0.323116 -0.31852   0.333333  0.284792]
[-0.828896 -0.936564  0.236352  0.142684  0.146367  0.327533  0.257772
  0.330017  0.276409  0.257005  0.169284 -0.034797  0.302575 -0.907599
  0.330917  0.070824  0.132167 -0.278794  0.192382  0.30507 ]
[ 0.240453 -0.41565   0.063183  0.323561  0.188747  0.333297  0.287045
 -0.004988 -0.085807  0.179891  0.239732  0.331162  0.321625  0.222633
 -0.772743  0.332563 -0.350909  0.332649  0.289669 -0.381274]
[ 0.323515 -0.031913  0.157964  0.050342  0.307898  0.22066  -0.568908
 -0.199714  0.270759  0.004226 -0.19536   0.284189  0.060168  0.117361
 -0.964983  0.332829  0.280338 -0.084442 -0.049605 -0.607036]
[ 0.332465  0.225477  0.042347 -0.200775  0.106177  0.327703 -0.830147
  0.275859  0.086929 -0.065697  0.324006 -0.666628  0.042608  0.275915
 -0.669685  0.012863 -0.977709 -0.998607  0.115775 -0.744562]
[-0.951887 -0.041948  0.266878  0.301436 -0.946322  0.040974  0.332992
  0.311641  0.330929  0.284988  0.33012   0.329201  0.313344  0.25362
 -0.739123  0.013486  0.192286  0.044565  0.254045 -0.999999]
[ 0.256686 -0.845484  0.170209  0.288832 -0.81911   0.256526  0.166513
  0.333316  0.331285  0.310666  0.181276  0.280432 -0.112752 -0.038781
 -0.293682 -0.891128 -0.798307  0.320263  0.135431  0.082266]
[ 0.332017 -0.189422  0.280046 -0.01523  -0.628005 -0.191755  0.331415
 -0.254806 -0.925273  0.320005  0.333296 -0.754613  0.301899  0.286721
  0.156644  0.321199 -0.32188  -0.482244  0.013821  0.08931 ]
[-0.402608  0.285672  0.33176  -0.855877  0.236836 -0.996135 -0.080746
  0.329362  0.291173  0.141428  0.32114   0.326717  0.330372  0.310189
 -0.155459 -0.299658 -0.595961  0.195211  0.191989  0.312945]
[-0.820412  0.333204 -0.9973   -0.473181 -0.507741  0.283913  0.332031
 -0.999921  0.317938 -0.998084  0.229248  0.293918 -0.979658  0.333207
 -0.789694  0.075246 -0.072367  0.138502  0.234146  0.181487]
[-0.055853 -0.340988  0.300134  0.287316 -0.955011  0.217514 -0.965758
 -0.101599  0.294354 -0.509203 -0.972934  0.308686  0.320214  0.110427
  0.29962   0.050998  0.133822  0.332101  0.239731  0.324258]
[ 0.028866  0.300083 -0.926412  0.121746 -0.279768 -0.155865  0.32765
  0.312646  0.323586  0.333298  0.33222  -0.404322  0.253515  0.150965
  0.329855  0.333187  0.33333  -0.99916  -0.722792  0.09187 ]
[-0.200393  0.093933 -0.058945 -0.108453 -0.151486  0.265878  0.109081
 -0.261078  0.331761  0.317918  0.331447  0.248427  0.332921 -0.816194
  0.33252  -0.377768 -0.192479  0.33116   0.22625  -0.199987]
[ 0.028299  0.282478 -0.82355   0.146333 -0.837875  0.165943 -0.845971
  0.021886 -0.629991 -0.081444  0.332242  0.277465  0.307986  0.03731
 -0.05931  -0.916055 -0.013863  0.33053   0.331901  0.105296]
[-0.774884 -0.0831    0.181965  0.326245 -0.037807 -0.141602  0.076526
 -0.929716  0.111986  0.283182 -0.079258  0.299048 -0.994193 -0.217187
  0.312136 -0.99887   0.304303  0.159013  0.238153  0.111148]
[ 0.158876 -0.017461 -0.521395  0.008909  0.177806  0.329668  0.25211
  0.283342  0.246712 -0.905755 -0.899231  0.284422  0.333073 -0.967701
  0.329765  0.32962   0.316401  0.017571 -0.302597 -0.351774]
[-0.729907  0.129841  0.331058  0.294068  0.284476 -0.057794 -0.641745
  0.136576 -0.165894 -0.991974  0.278725  0.152947 -0.984271  0.330699
  0.331922  0.322114  0.1376   -0.279971 -0.799148  0.208371]
[ 0.147419  0.325517 -0.135123  0.304562  0.332254 -0.983828 -0.089429
  0.31691   0.310446  0.080072  0.331553 -0.12531   0.302083  0.166512
 -0.294798  0.105119  0.29371   0.332776  0.05612   0.07897 ]
[ 0.305388  0.332548  0.272528  0.293467 -0.385482  0.306682  0.012065
  0.211132  0.332114  0.299472 -0.962247  0.165587  0.299477  0.311894
  0.119013 -0.281798  0.185453 -0.581456 -0.149262  0.333235]
[1.2999527479379269e-05, 0.034817773965715781, -0.028888500456711874, -0.019501622314889, 0.0050181806479765445, -0.0038641042354111144, 0.017104577866558557, -0.022348671854363289, -0.012707808474953564, 0.05409166381827335, 0.0068612357764503418, -0.01361101445338838, 0.029386724801378883, 0.018836910825216657, -0.082711740703205527, 0.055869102703538731, 0.093274326241252731, 0.032155207309143258, -0.010365602974385379, -0.0079787365614993333, -0.054648473012337828, 0.056526526454292514, 0.0021529639273699525, 0.01773012131076962, 0.0032748873298079628, -0.014094395505449706, -0.012857621826071086, -0.016842136335662672, -0.010577123428363311, 0.1193024189682077, 0.0057923432391328022, -0.046521705218227821, 0.027778245070897961, 0.0068728377581676325, 0.010205854377359602, 0.040941188903597825, -0.019216645851480058, -0.014899094765347176, -0.0096076688611317351, 0.02456473218347411, -0.039325280568460963, 0.0099688100227310061, 0.042515297386496398, -0.063551883302489592, 0.036794320721065393, -0.033932293117691081, -0.022541537580035215, 0.076065088540972547, 0.0070038353805856324, 0.030101001619626255, -0.0069892079413969022, 0.031115808929224831, -0.037955933923846885, -0.0082638601070168516, -0.058521288370302016, 0.047369593565967066, 0.0016316498835593496, -0.0033165790094967784, 0.088169595109172133, 0.01276315172216913, 0.0069092532862822242, 0.075760890111376378, -0.011616602886380112, -0.0036861966089566933, 0.04696900369172019, 0.13063751651765709, -0.015695379011061078, -0.01877000986130925, 0.040646429159924002, 0.022506211620651917, 0.032174340186885086, 0.013940213726094164, 0.054084427451109612, -0.016784300516227313, -0.043460890190609863, 0.053240440973968017, 0.041759179991432249, 0.018329855500674508, 0.059362918490687394, 0.0016671177196004722, 0.039422468279537992, -0.043842821679985676, -0.052147987077434621, 0.050607417378554759, -0.043680658374441128, 0.027902466810939885, -0.067471250559926754, 0.0087373973424441642, -0.010292431390747092, -0.022243754158198792, 0.024807037283938183, 0.0020428101953998828, 0.0021797202948052805, -0.016710226872122036, 0.050338877705559254, 0.0075167764993016029, 0.024689265930438214, -0.047479790449918569, -0.006244387704577109, -0.052257927098362633]
('time: ', 13645.610971212387)
