“Running plot script on a single CPU core”
[ 0.03614   0.099185  0.063978 -0.013997 -0.003726  0.004007]
[ 0.012132  0.091801  0.07557  -0.008101  0.00858   0.00816 ]
[ 0.009612  0.077321  0.087139  0.020815 -0.006582  0.019169]
[ 0.025924  0.071188  0.040242 -0.040519  0.001726 -0.068041]
[ 0.094246  0.005809  0.132922  0.029099 -0.017399  0.058422]
[ 0.027955  0.033411  0.066883  0.002337  0.003306 -0.02364 ]
[-0.047587  0.045037 -0.006155 -0.011618 -0.041453 -0.049624]
[ 0.064775  0.034429  0.085262 -0.005067 -0.019014  0.015777]
[-0.043996 -0.021912 -0.011534 -0.014581  0.046163  0.003572]
[ 0.055243  0.025052  0.04442  -0.014413  0.00398  -0.030851]
[ 0.078753  0.0937    0.059239  0.022858 -0.028311  0.002069]
[-0.04273   0.006831  0.073602 -0.033698  0.008876 -0.016663]
[ 0.000688  0.010413  0.041453  0.019051  0.002218 -0.002755]
[ 0.053312  0.003534  0.006171  0.011645  0.019805 -0.016201]
[ 0.010077  0.089984  0.011789 -0.008693  0.000586  0.006238]
[-0.013126  0.033783  0.056417  0.019934  0.027904 -0.019754]
[-0.0349   -0.043162 -0.019296  0.012032  0.012576  0.003591]
[ 0.031727  0.020339  0.040503 -0.036178 -0.005678 -0.009505]
[ 0.119391  0.061338  0.094017  0.025099 -0.021527  0.046168]
[-0.073115  0.077096 -0.034249  0.06497  -0.031932  0.010354]
[ 0.044039  0.071919  0.146327  0.012533 -0.004855  0.010415]
[ 0.049974  0.103966  0.062417  0.004052  0.020407  0.020313]
[ 0.05074   0.018999 -0.012635  0.056079  0.058623 -0.007783]
[-0.065785 -0.034379  0.015361  0.000595  0.010309 -0.033766]
[ 0.04144   0.084721  0.13015   0.009212  0.005042  0.00834 ]
[ 0.103034  0.11921   0.088969 -0.017213 -0.002589 -0.032584]
[ 0.018244 -0.002715  0.007401 -0.012991 -0.002211 -0.025545]
[-0.008451  0.001071  0.007556  0.031169  0.001912  0.038886]
[ 0.025663  0.004153  0.06192  -0.022144 -0.02706   0.025347]
[ 0.033126  0.070615  0.06312  -0.00168  -0.003409 -0.002791]
[-0.006882  0.006235 -0.006774  0.047956 -0.000727 -0.030805]
[-0.002053  0.028832  0.046247 -0.028387  0.012492 -0.006435]
[ 0.083706  0.062771  0.043348  0.01591  -0.013292 -0.006821]
[-0.017604  0.053144  0.096168 -0.002245 -0.018113  0.012404]
[-0.009367  0.022883  0.011077  0.012844 -0.003897 -0.002027]
[ 0.016479  0.050733  0.038176 -0.017391 -0.002751  0.022262]
[ 0.010817  0.046635  0.029858 -0.010987  0.024059  0.007633]
[-0.107235 -0.083226 -0.124259  0.009174 -0.038561 -0.035072]
[ 0.126549  0.122779  0.052676 -0.005082 -0.03186  -0.019116]
[-0.038925 -0.066742 -0.039117 -0.000598  0.007082  0.018383]
[ 0.016495  0.005731  0.021828  0.005002  0.003457 -0.000112]
[ 0.027983  0.120369  0.099618 -0.006322  0.011558  0.01844 ]
[ 0.031576 -0.012545 -0.086574 -0.03504   0.00043  -0.034779]
[ 0.055027  0.022626  0.060678 -0.008361  0.012586 -0.030031]
[ 0.062454 -0.018067 -0.062584 -0.017679  0.002838 -0.02963 ]
[ 0.03235   0.076596  0.045839  0.011208  0.006786 -0.007972]
[ 0.030726  0.079107  0.025662 -0.000575  0.010993 -0.001608]
[ 0.087342  0.081484  0.056631  0.005594 -0.000332 -0.032002]
[-0.074044  0.042644  0.021883  0.005373 -0.020644 -0.00618 ]
[-0.009992 -0.025325 -0.024632  0.013271  0.008629  0.028171]
[-0.063374 -0.044078 -0.064545 -0.022214  0.012256 -0.017374]
[ 0.014541 -0.004879 -0.011389  0.042105  0.012167  0.029307]
[ 0.007653 -0.04525   0.069024  0.008954  0.016876 -0.037443]
[ 0.0714    0.034833  0.051724  0.047839 -0.061773  0.011926]
[ 0.005375  0.051758  0.009671  0.020933  0.011721 -0.006791]
[ 0.044703  0.073647  0.014371  0.011859 -0.012891  0.029057]
[-0.009478 -0.017141  0.003652  0.023088  0.018656 -0.005575]
[ 0.036063  0.100213  0.118666 -0.045728  0.029023 -0.011362]
[ 0.051496  0.049662  0.052334 -0.000809 -0.006508 -0.016246]
[-0.020056  0.057193 -0.015496 -0.015031  0.033206  0.008507]
[-0.004591  0.017265  0.100705  0.005569 -0.007768  0.00136 ]
[ 0.01378   0.040394  0.020347 -0.01158   0.002712  0.022542]
[-0.005817 -0.000595  0.071674  0.021238  0.011633 -0.053178]
[ 0.029744  0.032806  0.05963  -0.027006  0.009677 -0.001443]
[ 0.004435 -0.032772 -0.017797  0.010188 -0.003542  0.007099]
[ 0.027319  0.024001  0.022319 -0.029296  0.008516  0.007592]
[-0.01689   0.02505   0.046981  0.008889  0.013813 -0.001635]
[-0.011463  0.019362 -0.049148 -0.024877 -0.002259 -0.000472]
[ 0.015226 -0.003998  0.033065 -0.008887 -0.00786   0.007562]
[ 0.052903  0.067349  0.075155 -0.007317  0.016552  0.009159]
[ 0.087167  0.027294  0.043127 -0.013023 -0.006591 -0.01533 ]
[ 0.038126  0.117282  0.068069 -0.024578 -0.009713  0.006238]
[ 0.050239  0.128214  0.095109  0.00543   0.033635  0.005697]
[-0.013481  0.047942 -0.008982 -0.037137  0.044397  0.015992]
[-0.008908  0.046681 -0.013518 -0.011184  0.019989  0.041875]
[ 0.08867   0.080633  0.097463 -0.001291  0.033564  0.0306  ]
[ 0.076003  0.057332  0.036609  0.002575  0.001419  0.016921]
[-0.026208  0.001439 -0.065797 -0.001984  0.027775  0.008344]
[ 0.018751  0.007371  0.092579 -0.032869 -0.008027 -0.011545]
[ 0.028868  0.053813  0.029645  0.018342 -0.04685  -0.005245]
[ 0.028167  0.075299  0.021787 -0.030315 -0.000517 -0.004187]
[ 0.035196  0.076889  0.068583  0.008476  0.018269 -0.042898]
[-0.004338  0.035067  0.020486  0.013528 -0.012709 -0.0064  ]
[ 0.000209  0.085085  0.04611   0.001904  0.007927 -0.060569]
[  1.144781e-01   8.403407e-02   1.222966e-01   1.869048e-02  -1.019829e-05
  -1.231041e-02]
[ 0.082943  0.089541  0.03948   0.001994  0.002316  0.008447]
[ 0.001833 -0.00164  -0.08593  -0.04394   0.045647  0.012504]
[ 0.071354  0.07959   0.112    -0.001257 -0.018116  0.003186]
[-0.006789  0.037767 -0.036708 -0.015429 -0.016337 -0.005566]
[-0.012941  0.031808  0.01487   0.012733 -0.005972  0.01814 ]
[ 0.087867  0.143045  0.113105  0.010254 -0.002154  0.019051]
[-0.007581 -0.005315  0.015503  0.00284   0.009971 -0.022623]
[ 0.075163  0.028412  0.089121  0.017365  0.022811  0.02154 ]
[ 0.004703  0.018805  0.00728   0.008266  0.016723  0.014693]
[ 0.046254  0.003337  0.013373  0.010208  0.042661 -0.002564]
[ 0.001424 -0.018052  0.000533  0.026387 -0.008468 -0.046865]
[ 0.047822  0.062199  0.035013 -0.014334 -0.027133  0.014027]
[ 0.001918 -0.005495  0.039799  0.008631 -0.020423  0.011659]
[-0.017472  0.123512  0.111575  0.013107  0.035978 -0.014562]
[ 0.007181  0.077521  0.037495 -0.005679 -0.007118 -0.018877]
('Mean', 1, ': ', 0.0071808636775409513)
('Median', 1, ': ', 0.0071808636775409513)
('Variance', 1, ': ', 0.0)
('Mean', 2, ': ', 0.077521474193942772)
('Median', 2, ': ', 0.077521474193942772)
('Variance', 2, ': ', 0.0)
('Mean', 3, ': ', 0.037494874240566675)
('Median', 3, ': ', 0.037494874240566675)
('Variance', 3, ': ', 0.0)
('time: ', 7953.664793968201)
