“Running plot script on a single CPU core”
[-0.998138  0.314594  0.025906 -0.6815   -0.207141 -0.743625 -0.626638
 -0.800475  0.127226  0.333284 -0.678862  0.292208  0.085432  0.224141
 -0.699425  0.322637 -0.806367 -0.04183   0.182042  0.301895]
[ 0.309462 -0.698032  0.262069 -0.340631 -0.53103   0.077765  0.333313
  0.214493 -0.201053 -0.169973  0.223838  0.331066 -0.336592  0.302674
  0.329533  0.228288 -0.945137 -0.973881  0.076131  0.180821]
[-0.298814 -0.302784  0.187048  0.190456 -0.520791  0.255161  0.071375
 -0.815556 -0.114867 -0.210323  0.312049  0.252783 -0.530866  0.298796
  0.250637  0.032001  0.287205 -0.995086  0.113151 -0.486415]
[ 0.276595  0.32598  -0.803966  0.321546  0.085043  0.288823  0.321789
 -0.24708   0.315234  0.107982  0.174474 -0.982188 -0.323809  0.317066
 -0.907753  0.247155  0.147134 -0.43556  -0.246909  0.28494 ]
[ 0.280028  0.23574   0.08017   0.197218 -0.360198 -0.317023  0.128935
  0.028586  0.295711 -0.204804  0.283495  0.330508  0.323269 -0.261044
  0.112589  0.33235   0.325866  0.071177  0.16679  -0.869292]
[-0.674     0.332763  0.322483  0.298737  0.309345  0.152791  0.142437
  0.165769  0.280811  0.130254 -0.753211 -0.18486   0.298583 -0.148006
  0.301059  0.318463  0.244212  0.285103  0.209073  0.225241]
[ 0.312634  0.323659  0.331633  0.191731 -0.848259 -0.014942  0.330657
  0.304073  0.325424  0.249806 -0.272944 -0.467145 -0.260432  0.327093
  0.311297  0.089183  0.324178  0.141598  0.15702   0.253199]
[ 0.332649 -0.895708 -0.258714  0.322807  0.22958   0.084039  0.175428
 -0.656284  0.279442  0.272436  0.316632  0.177763 -0.622669 -0.230816
  0.24072   0.301386  0.012474  0.192663 -0.10231   0.333178]
[ 0.010661 -0.568831 -0.95691   0.253544  0.273566  0.328976 -0.283339
 -0.25567  -0.941777  0.203528 -0.494376 -0.858813  0.146778 -0.901531
 -0.560355  0.315064 -0.05317   0.298729  0.333333  0.255544]
[-0.722454  0.307049  0.160739  0.312362 -0.506971  0.078449 -0.661783
  0.115177  0.330783 -0.971498  0.28332   0.094777  0.244333  0.18451
 -0.202871 -0.055638 -0.038318  0.315811  0.298861  0.266638]
[ 0.31174   0.112597 -0.882065  0.283968  0.308955  0.009187  0.325877
 -0.166499  0.081035  0.207196 -0.944198  0.331756  0.3313   -0.180232
 -0.261694  0.317835  0.29488   0.185762  0.169153  0.030493]
[-0.283222  0.079197 -0.99651  -0.182125  0.116313 -0.31865   0.331971
  0.30399   0.306936  0.030271  0.17993   0.082099 -0.206304  0.150771
  0.311184  0.309027  0.098038  0.108596 -0.798132  0.179025]
[ 0.311585  0.223037 -0.554155  0.228142  0.331082  0.332017  0.213581
  0.333024  0.078003  0.111265 -0.285169  0.293147  0.216005  0.159215
  0.277523  0.283533  0.281025 -0.212326  0.21227   0.269206]
[ 0.202764  0.331165  0.308311  0.202646  0.296093  0.018139  0.205787
 -0.339502  0.161886  0.17066   0.330003 -0.942315 -0.43954  -0.030088
  0.271458  0.315968  0.228169  0.266948  0.304357  0.332143]
[ 0.29005  -0.992136  0.015598  0.325056  0.293483  0.292762  0.323101
  0.190708  0.329225  0.312967 -0.882777 -0.460755  0.287013  0.321661
  0.317185 -0.00457  -0.035139 -0.060129  0.003611  0.329414]
[-0.303479  0.331906 -0.205296 -0.073319  0.213799  0.176225 -0.867515
 -0.614941 -0.167281  0.272916  0.325386 -0.407715 -0.814038  0.310855
  0.327761  0.257069  0.147417  0.3227   -0.987306 -0.915264]
[-0.948978 -0.64799   0.333174  0.32756  -0.091455  0.04154  -0.433259
  0.232235  0.256429 -0.764425 -0.573634  0.332709  0.327455  0.258457
  0.307535  0.309242  0.030859  0.324772  0.323391 -0.356031]
[ 0.326524  0.294481  0.261733 -0.448198  0.236269  0.235525  0.331368
  0.149958  0.324586  0.318197  0.091321  0.085434  0.27705  -0.229648
  0.074164  0.307687 -0.275568  0.157791  0.248938 -0.842934]
[-0.960857  0.139123 -0.051853  0.142071  0.327388 -0.235635  0.154748
  0.26309  -0.006252  0.274803 -0.998216 -0.213248 -0.740838  0.329334
  0.220884  0.332833 -0.94762   0.247208 -0.112097  0.080308]
[ 0.295186  0.312005  0.121805  0.237758  0.301628  0.058335 -0.037593
  0.287628  0.195253  0.220729  0.208077  0.227091  0.125918  0.081021
 -0.727783  0.251647  0.281434  0.027978 -0.527658  0.311771]
[-0.635951 -0.356466 -0.986378  0.288911  0.01203   0.15765  -0.012208
 -0.333298  0.329221  0.105184 -0.006288  0.110153  0.290325  0.327162
  0.044618  0.144474  0.33058   0.331705  0.148772 -0.170121]
[ 0.331967  0.27012  -0.521741  0.287522  0.255281  0.138842 -0.090709
  0.263429 -0.523488 -0.998963 -0.641256  0.265623  0.304338 -0.568755
 -0.952186 -0.075757  0.25674   0.223531 -0.974631  0.274006]
[ 0.117126 -0.899547 -0.539873  0.203482 -0.10064   0.3223   -0.874431
  0.182279  0.330317  0.262458  0.209256  0.302238  0.312386  0.298386
  0.332131 -0.214995  0.027231  0.318192 -0.007245  0.326902]
[  3.182328e-01   2.640639e-01  -1.780074e-01   3.225646e-01   8.773720e-02
  -1.300352e-01  -8.704270e-01  -2.538516e-01   1.262017e-01   2.345528e-01
   3.920727e-02   8.886040e-04   2.727351e-01   1.023785e-01  -4.920080e-01
   3.040516e-01  -3.046229e-01   2.796685e-01  -9.986408e-01  -2.099009e-01]
[ 0.330656  0.149758  0.320726  0.143028  0.217982 -0.640874  0.312338
 -0.834583  0.106779  0.261712  0.256391 -0.412359 -0.82078  -0.278256
  0.323695  0.157113  0.331045 -0.704761 -0.127388 -0.398732]
[ 0.293498 -0.043292  0.03512   0.124622  0.316261  0.305703 -0.446407
  0.315438  0.14808  -0.828476  0.295644  0.288071 -0.246264  0.276755
 -0.25619  -0.868848  0.166768 -0.063121  0.331105  0.265576]
[-0.53552   0.281642  0.181405  0.331913  0.331774  0.282217  0.323974
 -0.895842  0.300685 -0.834295  0.080499 -0.407856  0.101755  0.317767
 -0.837068 -0.170089  0.293871  0.205439  0.3312   -0.093767]
[-0.708376  0.122379 -0.490673  0.015677  0.245675  0.293309  0.076874
  0.317979  0.208701  0.216663 -0.777517  0.099408 -0.422928  0.213234
  0.171007  0.280966  0.281716  0.265047 -0.120151  0.122972]
[-0.334076  0.327035  0.285431 -0.692272 -0.998111  0.307571 -0.997442
  0.244424  0.208046  0.025937  0.270692 -0.020761  0.324795  0.332209
  0.279683  0.043832  0.180852 -0.203401  0.272087  0.286762]
[ 0.229546  0.331335 -0.13188  -0.068754 -0.45031   0.012044  0.332181
  0.08869   0.333007  0.307947  0.186185 -0.978355  0.332184 -0.066967
  0.310748 -0.389597  0.288163  0.190344  0.083069  0.272987]
[ 0.004555  0.275932  0.328462  0.216603 -0.933933 -0.222953  0.211255
 -0.179353 -0.058958 -0.996771 -0.125163 -0.688932  0.333332 -0.41453
  0.299987 -0.512879  0.331607  0.255394 -0.428638  0.199259]
[-0.996431  0.33248  -0.163784  0.332735  0.202329  0.26941   0.134444
  0.140152  0.159206 -0.796319  0.243201 -0.328479  0.292345 -0.967248
  0.210425  0.30982  -0.351581  0.180139  0.33043   0.285341]
[-0.574128  0.105157  0.154303 -0.763376  0.317157 -0.212074 -0.969967
  0.21018   0.331255 -0.710238  0.331668  0.281752 -0.169739  0.267493
  0.292578  0.229687 -0.240632 -0.451262  0.303343  0.128942]
[ 0.301686 -0.774816 -0.338954 -0.303638  0.316927 -0.748494  0.325452
  0.203661 -0.622213 -0.340846  0.269345  0.218262 -0.496531  0.177694
 -0.710166  0.302164  0.18413   0.333333  0.22314   0.117285]
[ 0.318297  0.203445  0.291822  0.324857  0.331253 -0.919184  0.226797
  0.278176 -0.140791 -0.999653  0.311445  0.1232    0.28632   0.318487
 -0.182805 -0.638674 -0.249924  0.333137  0.291326 -0.799812]
[-0.889644  0.278451 -0.269649 -0.743964  0.16024   0.209303  0.311707
 -0.448323 -0.025407 -0.006389 -0.179224  0.331028  0.290096  0.094821
  0.165631  0.33148   0.32994   0.124528  0.208089  0.330374]
[-0.081126 -0.158463  0.026539  0.173757  0.208737  0.28154   0.152012
  0.151348 -0.903573 -0.0979    0.143947  0.330122 -0.276335  0.333327
 -0.804942  0.329908 -0.22456   0.332893 -0.327725 -0.053389]
[-0.764782 -0.215367 -0.720885  0.329401  0.321123  0.286964  0.297269
  0.332461  0.08311   0.308634 -0.908612  0.302021 -0.045602  0.283829
  0.173501  0.309692  0.164783  0.332829 -0.390418 -0.119716]
[ 0.295198  0.329242  0.330635  0.290869  0.006355  0.25015   0.331461
  0.292274  0.038765  0.301951  0.321515 -0.458307  0.333215  0.30294
  0.275339 -0.004753  0.295951  0.230762  0.333156  0.085491]
[ 0.163218  0.170527  0.17824  -0.044673  0.014335  0.326919  0.324127
  0.014795  0.094839  0.322341 -0.849436  0.281761 -0.889372 -0.21554
  0.292919  0.323338 -0.31803  -0.187631  0.149432  0.315486]
[ 0.326057  0.042678  0.149699 -0.226212  0.278276  0.293363  0.067795
  0.295324 -0.536586  0.318973  0.247247  0.320968  0.332949  0.32281
  0.318316  0.140637 -0.005706 -0.707196  0.32637   0.084055]
[ 0.327296 -0.643617  0.309157 -0.752823  0.320197  0.322494 -0.670887
  0.109322  0.328115 -0.257663  0.182524  0.175593  0.3318    0.138154
  0.310697  0.209215  0.216112  0.319051  0.32859  -0.013907]
[ 0.013983 -0.222141  0.221568 -0.03096   0.33112  -0.057788  0.22898
  0.164892 -0.80846  -0.946255 -0.267931 -0.030028  0.20787   0.117898
  0.333041  0.171048  0.156827 -0.33367   0.31913   0.317758]
[ 0.331873  0.331248 -0.692883  0.13441   0.285238 -0.796433 -0.77899
  0.326595  0.260866  0.300648  0.149625 -0.586641  0.30179   0.222814
  0.316588  0.161076 -0.58663   0.264278  0.298597  0.330588]
[ 0.309989 -0.339959 -0.449772  0.21487  -0.836895 -0.810822  0.163342
 -0.763917  0.243354 -0.952745  0.333077 -0.995612  0.08513   0.014837
  0.27742  -0.620327  0.314288  0.266185  0.238557  0.328437]
[ 0.333034 -0.001706 -0.53029   0.328687  0.151838 -0.507093 -0.238903
 -0.01568  -0.273396  0.238191 -0.461807 -0.09884   0.224054  0.329074
 -0.141668  0.251907 -0.455161  0.32651  -0.368291  0.151455]
[ 0.227566  0.308763  0.221526  0.262019 -0.983094 -0.952977  0.083897
  0.210964 -0.94159   0.318161  0.271466  0.317756 -0.883884  0.202609
  0.063674  0.3212    0.321051 -0.967826 -0.938851  0.327922]
[ 0.306432 -0.051625 -0.955535  0.323656  0.329911 -0.827843  0.303143
  0.302026 -0.329502 -0.364297 -0.389604 -0.156971 -0.249098  0.039743
 -0.70209   0.038335  0.324635 -0.164793  0.234606 -0.345148]
[ 0.314613 -0.572528  0.309843  0.009318  0.102106  0.29637   0.309452
  0.072508  0.293778  0.333133  0.327138  0.332354  0.219181  0.332571
  0.238631 -0.187235  0.018474 -0.42159   0.332945 -0.087548]
[-0.052439  0.332033  0.232045  0.314893  0.279421  0.314228  0.318352
 -0.843614 -0.107198 -0.30143   0.171699 -0.470876 -0.774042  0.136089
  0.270234  0.151998  0.228326  0.330095  0.192397  0.120583]
[ 0.251488  0.313929 -0.223788 -0.547581  0.277784  0.03626   0.315477
  0.275541  0.3325   -0.454773  0.181001 -0.672947  0.07192  -0.197819
  0.196304  0.321683  0.333029 -0.893282  0.170072 -0.531609]
[ 0.218924 -0.25082   0.183108 -0.856224 -0.892267 -0.128786  0.307257
  0.323682  0.23864   0.322128 -0.699127 -0.897727 -0.14494   0.213673
 -0.852158  0.329866 -0.670618  0.265158 -0.211063  0.280454]
[ 0.332112 -0.204089  0.203401  0.332475  0.247398  0.329373  0.265771
  0.327966  0.213067  0.327112  0.158916  0.160871  0.225107 -0.024586
  0.17577   0.280511  0.285164  0.260825  0.069401 -0.918389]
[-0.505987  0.27746  -0.975173  0.323137  0.279382  0.273915  0.307891
 -0.991636  0.333287  0.313337  0.290642  0.285602  0.115149  0.326199
  0.292113  0.333174 -0.006538 -0.917458  0.229466  0.298187]
[ 0.33182   0.012743  0.298331 -0.552118  0.296262 -0.253803  0.159686
  0.329784 -0.653361  0.303414 -0.968766 -0.802173  0.33089   0.066623
 -0.071977  0.23871   0.312505  0.317198  0.240296  0.134847]
[ 0.330541  0.279659  0.248877  0.244072  0.233604 -0.086333  0.204406
 -0.028441 -0.102524  0.320902  0.332008 -0.957883  0.310573 -0.951042
  0.333235 -0.408465  0.314164  0.307609 -0.246053  0.201669]
[-0.835816  0.103428  0.170594  0.325571  0.029105  0.109031  0.328625
  0.329653  0.328325 -0.99724   0.189195  0.307591  0.333324  0.112662
  0.320433  0.217559  0.30172  -0.71837   0.134891  0.256619]
[ 0.323348 -0.06468  -0.084318  0.332594  0.275369 -0.313165  0.324499
  0.31583   0.283356  0.118005 -0.108909  0.215074  0.251112  0.304384
 -0.922044  0.093842  0.265859  0.275464 -0.202039 -0.000946]
[-0.244933  0.317342 -0.02431   0.292819  0.180477  0.33333   0.023699
 -0.973671  0.315551  0.329808  0.038575 -0.655144  0.317641  0.331052
  0.326807 -0.038122  0.274449 -0.851479  0.287266  0.331575]
[-0.918947 -0.274449  0.317983 -0.466759  0.315229 -0.900263  0.125839
 -0.429194  0.281574  0.023309  0.080663  0.224024 -0.786888 -0.092346
  0.326296 -0.999013  0.183132 -0.623145  0.287595  0.07402 ]
[ 0.331025  0.284529  0.294083  0.308531  0.333016  0.090906 -0.065146
  0.147796  0.331584  0.2304    0.333326 -0.997466  0.310269  0.297703
  0.252491 -0.009358 -0.144058  0.120651 -0.085371 -0.685598]
[ 0.291429 -0.700903 -0.70086  -0.565192  0.300108  0.134926 -0.275049
  0.332204 -0.325222  0.286768  0.30205  -0.075311 -0.226373  0.146705
  0.288835  0.32898  -0.034287  0.00149   0.060641 -0.192448]
[ 0.248829 -0.279742  0.250369 -0.86551  -0.262524  0.327904  0.331514
  0.007057 -0.268662  0.290221 -0.205419 -0.993097  0.308453  0.331923
  0.2212    0.328671 -0.812754  0.315681  0.139749  0.050513]
[ 0.170901  0.239321  0.097871  0.296522 -0.079314  0.268487  0.217873
  0.196757  0.185319  0.285578 -0.388812 -0.449706  0.333272  0.33332
 -0.96759  -0.031223  0.331796  0.322323 -0.322489  0.328721]
[ 0.171287  0.070885  0.0821    0.128494  0.280084  0.216556 -0.553748
  0.283988 -0.983567 -0.685648 -0.610334  0.166232  0.328879  0.128592
  0.327738 -0.610443 -0.371411 -0.15128  -0.713495  0.32144 ]
[-0.105477  0.157568 -0.628879 -0.950293  0.323951  0.332885  0.202542
  0.333327  0.086157 -0.085702  0.330516  0.108416  0.205244 -0.980532
  0.033846 -0.897762 -0.600272  0.302354  0.320546  0.329932]
[-0.033591  0.187929  0.132093 -0.252624  0.036193 -0.262794  0.21922
  0.333002  0.196071 -0.969999 -0.303812  0.247853 -0.558404  0.322025
  0.331103  0.333236  0.331912  0.06454  -0.977081 -0.509241]
[ 0.281426 -0.793766  0.309692 -0.770168  0.168589 -0.368813  0.168471
  0.114841  0.134831 -0.476717  0.328021  0.211688  0.121164  0.330437
  0.323955  0.244139 -0.052106  0.325586  0.144383  0.197489]
[ 0.221798  0.22361  -0.122741  0.304218  0.320703 -0.362289  0.161033
  0.321442  0.094261  0.276835  0.190003  0.291346 -0.216515 -0.808827
 -0.321193 -0.639036  0.267187  0.291723 -0.084828 -0.336413]
[-0.845751 -0.076328  0.085464  0.332913 -0.586033  0.220906  0.317975
  0.322558 -0.091862  0.325441  0.108824  0.305754  0.021634  0.273171
  0.333254  0.209924  0.2504   -0.106982 -0.786201  0.311458]
[ 0.021757 -0.356315  0.292537 -0.129472  0.333064  0.331964  0.27024
 -0.513054 -0.082008  0.32117  -0.214584  0.236816  0.159516  0.244977
 -0.963529  0.118758 -0.214558  0.113969  0.319688 -0.261732]
[ 0.296393  0.287351  0.299754 -0.182768 -0.056829  0.325065  0.257534
 -0.120682  0.279524 -0.143481  0.000827  0.332642  0.247042  0.259637
  0.017773  0.095397  0.330758  0.327688  0.333055  0.31995 ]
[ 0.252983 -0.978873 -0.908343  0.333142 -0.79722   0.21259   0.332739
 -0.479086 -0.456768  0.303747  0.030416  0.326712  0.312539 -0.410662
  0.328641  0.198199  0.287814  0.331162 -0.348861  0.309154]
[ 0.11415   0.290614  0.068408  0.323257  0.327922  0.158531  0.299029
  0.257585  0.239489  0.333227  0.253826 -0.999891 -0.164972 -0.375122
  0.314934  0.306653  0.328712  0.306429 -0.334366  0.257374]
[ 0.217235  0.297856  0.005307 -0.869528  0.222877  0.245858  0.136287
  0.172043  0.325139 -0.651409  0.311894 -0.069474 -0.992045  0.199412
  0.333199  0.313586 -0.122355  0.327048 -0.173292  0.034777]
[ 0.160086  0.302496 -0.375846  0.167931  0.002936 -0.202782  0.319042
  0.318964  0.099938 -0.13627   0.130795  0.331526 -0.631583  0.200276
 -0.072432 -0.56818   0.268815  0.314496 -0.01373   0.116741]
[-0.833199  0.252645 -0.32458  -0.045316 -0.501826  0.326403  0.271028
  0.270684 -0.274143  0.097496  0.276645  0.240876  0.296221  0.328601
  0.29492   0.028422  0.28254  -0.216336 -0.531618  0.329572]
[ 0.126242  0.326747  0.175907 -0.627027  0.309471  0.32572   0.11731
  0.172616  0.101625  0.242534 -0.121898  0.317828 -0.698594  0.329836
 -0.087856  0.275781 -0.119782  0.304805  0.010135  0.28659 ]
[ 0.329232  0.320342  0.145652  0.316487 -0.159063 -0.191875  0.252963
  0.295277  0.303075  0.291692 -0.981293 -0.116736 -0.1916    0.32629
  0.248987  0.222937  0.245769  0.215505  0.285075  0.333   ]
[ 0.277044  0.288224  0.306766 -0.578308  0.152068 -0.998507  0.291301
  0.268316  0.031671  0.044085 -0.878042 -0.170549 -0.283628  0.290468
 -0.168445  0.33113  -0.400908 -0.780289  0.262849  0.158129]
[ 0.227941  0.024334  0.265302  0.328957 -0.035223  0.324629  0.312483
  0.197012  0.256122 -0.219945 -0.739619 -0.625994  0.3244   -0.905286
  0.078642  0.129934 -0.082821 -0.746523 -0.982605 -0.116115]
[-0.166631  0.326481 -0.770643  0.31514  -0.750539 -0.160341  0.294316
 -0.523239  0.331717  0.228854 -0.445367  0.323903  0.306767  0.282992
  0.046681 -0.103463 -0.988119 -0.79905   0.245799  0.131124]
[ 0.293543  0.185444 -0.161271 -0.219417  0.041887 -0.10306   0.269581
  0.328446 -0.990591  0.321323 -0.232279  0.330993 -0.224907 -0.554033
  0.1296    0.332157  0.330884  0.222247 -0.345518  0.306982]
[ 0.212454  0.161559 -0.157817 -0.228686  0.322865 -0.164385  0.270564
 -0.891632  0.328468  0.318932  0.128871 -0.116932 -0.03007   0.333332
 -0.834562  0.332377 -0.933111  0.33223   0.236963 -0.277674]
[ 0.310335  0.233572  0.171482  0.328257  0.294159 -0.028526  0.235575
 -0.480544  0.296573  0.329707  0.126679  0.158771  0.261713  0.184118
  0.298037 -0.010422 -0.039336  0.29239   0.175594  0.319645]
[ 0.302094  0.210729 -0.612178  0.331529 -0.593815  0.245455  0.298852
 -0.296109  0.155721  0.323079  0.314657 -0.260683  0.331205 -0.93015
 -0.892825 -0.370676 -0.62838   0.036692 -0.171078  0.084716]
[-0.030207 -0.143378  0.255196  0.284611  0.315728  0.327078  0.33077
 -0.149539  0.333056  0.333085 -0.901481  0.315753 -0.58181   0.331867
 -0.022371  0.242518  0.299951 -0.747387  0.252227  0.329759]
[-0.146414  0.327863  0.127527  0.22619  -0.532038 -0.404245  0.265524
 -0.156773 -0.100773  0.23018   0.256615 -0.729731 -0.535983  0.330005
  0.239303 -0.418784  0.262836 -0.24368   0.321393 -0.843987]
[-0.878062 -0.449434  0.319036  0.302168  0.317512 -0.069086 -0.611582
  0.305815 -0.220842  0.290185 -0.457508  0.30319   0.322702 -0.192817
 -0.031661  0.284105  0.305272 -0.074302  0.316264  0.136832]
[ 0.079817  0.307939  0.131987  0.33244   0.301902 -0.98544   0.028335
  0.204133  0.166651 -0.936407  0.297855  0.324868  0.086748 -0.850515
 -0.378058  0.320811  0.31329  -0.695437  0.144781  0.276156]
[-0.070739  0.038221 -0.213667 -0.250667  0.327391 -0.994508  0.170012
  0.331758 -0.574074 -0.835789  0.05662   0.171462  0.298564  0.298369
 -0.509284  0.241183  0.29106   0.280739  0.241939 -0.334744]
[-0.169996  0.202083  0.098064  0.102398  0.333047  0.332558  0.250797
  0.011896  0.080154 -0.913732  0.29449  -0.037442  0.237161 -0.164327
  0.244326 -0.860815  0.333217 -0.013474 -0.341122  0.257432]
[ 0.295139  0.162316 -0.18635   0.11685   0.082013 -0.934041 -0.156778
 -0.685537  0.331574 -0.338967  0.182318  0.305907 -0.002704  0.103842
  0.332823  0.238399  0.333179 -0.216947 -0.314586  0.332651]
[ 0.211302  0.323536  0.139224 -0.0325    0.299877 -0.4179    0.059269
  0.006765  0.313283  0.15574  -0.992023  0.324416  0.215223  0.24109
  0.304946  0.196694 -0.004985  0.330709 -0.125498  0.325333]
[ 0.331715  0.316049  0.267348 -0.267439  0.332391  0.083139 -0.945308
  0.16317   0.056124 -0.201438  0.241342  0.287935  0.172943  0.272452
 -0.929093  0.21088  -0.5853    0.30599  -0.545074 -0.413638]
[ 0.331547  0.32941   0.309518  0.058599 -0.591438  0.139664  0.116505
  0.328217  0.245577  0.269367  0.333264 -0.235903  0.196784  0.158342
  0.262399  0.32354  -0.349584 -0.006579 -0.614092 -0.002445]
[ 0.135653 -0.943041  0.134216  0.271361  0.160719  0.079641  0.331103
 -0.587841  0.228336  0.318633 -0.377216  0.301479 -0.894098 -0.975952
  0.293297 -0.979059  0.090695  0.314274 -0.041923  0.328588]
[-0.821766  0.177289  0.25141  -0.090818  0.314122 -0.892518  0.105362
  0.332545 -0.913619 -0.147793  0.307831  0.306832 -0.120093  0.278268
  0.169607 -0.010097 -0.297324  0.331673  0.302127 -0.913888]
[-0.24245  -0.023075  0.085755 -0.115566  0.223863  0.097279  0.230907
 -0.386787  0.240697  0.333315  0.331717  0.248379 -0.14728  -0.589111
 -0.115689  0.251461  0.31044   0.275874  0.122909 -0.827384]
[ 0.305231 -0.869711  0.328812 -0.996176  0.31374   0.220825  0.277108
 -0.602267  0.140257  0.212911  0.305566  0.284505  0.270371 -0.698101
 -0.007418  0.1904    0.326663  0.054806  0.255558 -0.524974]
[-0.078135298426296185, -0.041737443199885926, 0.024518187342539299, 0.041163067269491788, 0.069813475870980579, -0.090310495352718845, 0.0026926787306003064, -0.079730981900181686, -0.030340379775481513, -0.02155164799709075, 0.097471379884248699, -0.026196825937855606, -0.045787227192440161, -0.012287467538470959, 0.0063986630458174876, 0.025863189280178611, 0.075880808219223828, -0.058762082484139444, -0.00053957871761567411, -0.034404091209141174, 0.0039196727587192948, 0.0038949469479212517, 0.0089629609363407886, -0.12849360966860679, 0.034020216810395465, -0.074734654910150966, 0.023952944227132567, -0.011110561877396452, 0.027909201106678216, 0.0031861514429835647, 0.013808946578073673, -0.068048215322246253, 0.02554314538497926, 0.077044987590930009, 0.04639228212195412, -0.073766242084205125, -0.005719270818804606, -0.017392611069394492, -0.0048712387101320087, 0.025512525907377404, 0.098230761795132071, -0.00050866279133904291, -0.039265963210305593, -0.056124591223411235, 0.047442218966384786, 0.02464025750956117, 0.056231733419569246, 0.011272579721354758, -0.018735174328053272, -0.036764790376692294, 0.0018181882061259758, 0.0042999714486208485, 0.025392482767913005, 0.010546035340502247, -0.049917542797849712, -0.095210062648954097, -0.099671684080190004, 0.0079931153400100707, 0.036473383871345355, -0.013766386419356902, -0.043267123607013069, 0.025566834152074058, 0.047189585176971333, -0.010019424181706538, 0.015388036593336124, -0.023006471241213397, 0.015908166857610422, 0.074193546166519936, 0.0087292308437141863, -0.028081010394176875, 0.039713101918819563, 0.039680787638194215, 0.018020842545172666, 0.074350254154625817, 0.033783424277931046, 0.031401727821230657, -0.046754605911730751, 0.078888699996589373, 0.050390830963385869, 0.014464788628528513, -0.036821770716206431, 0.035029368711115505, 0.083868949214087385, 0.00037472561400767046, 0.048008965338243448, -0.0063194455894012846, -0.022262596191390406, -0.0043976340143006276, -0.041287400583915113, -0.05223084240355709, 0.052966581394274348, 0.02993774740248259, -0.035781327299415355, 0.034352486539353549, 0.033464319739821891, -0.0085313347711010734, 0.059725249389443374, 0.12665046950139558, -0.011021824949817766, 0.017086574457163217]
('time: ', 9525.079493045807)
