“Running plot script on a single CPU core”
[ 0.042984  0.046155  0.050708  0.015643  0.007675 -0.008938]
[ 0.054426  0.046777  0.064293  0.005864  0.000427  0.014245]
[ 0.015609 -0.015963 -0.001947  0.034657 -0.028944  0.021425]
[ 0.022479 -0.0041    0.026756 -0.000744 -0.001081  0.0248  ]
[ 0.020039  0.077241  0.015989  0.019436 -0.008675 -0.026895]
[ 0.019749  0.059689  0.070891 -0.016126  0.011504 -0.004022]
[ 0.07766   0.013222  0.131444  0.019497 -0.015006 -0.051545]
[ 0.007194  0.01999   0.041607 -0.045129  0.029003  0.001264]
[ 0.021391  0.035799  0.051587 -0.006946  0.000646  0.005852]
[ 0.111413  0.097372  0.17096   0.025274 -0.034247  0.008926]
[-0.064764  0.050182 -0.057633 -0.014005  0.01551  -0.004266]
[ 0.04923   0.083437  0.027461 -0.018812 -0.023664 -0.030003]
[ 0.034706 -0.027277  0.010882  0.027049  0.003229  0.049991]
[ 0.029699  0.058664  0.084049  0.000345  0.016257 -0.011117]
[-0.026958 -0.048418 -0.031744 -0.017808  0.005453 -0.004016]
[ 0.038349  0.022699  0.040203  0.018504 -0.014137 -0.037789]
[ 0.012361  0.027278  0.075596  0.012238 -0.005737  0.009023]
[ 0.0247    0.005702  0.026231 -0.034243  0.010199  0.009383]
[ 0.051586  0.053729  0.040111  0.00838   0.000322 -0.010632]
[ 0.016793  0.05753   0.066304 -0.010718 -0.000381  0.009836]
[ 0.033295  0.036577  0.055109 -0.012804  0.005072  0.00737 ]
[  3.624004e-02   1.143842e-01   6.417681e-02   1.336976e-02   1.588748e-02
   1.351215e-05]
[ 0.043813  0.015676  0.061843 -0.02549  -0.001174 -0.008767]
[-0.038796  0.014777  0.022031  0.015091  0.00066  -0.016331]
[-0.061513 -0.014076 -0.06374   0.026864 -0.006437 -0.018639]
[ 0.059734 -0.016744  0.045365 -0.019274 -0.016982 -0.048181]
[ 0.025271  0.029764  0.09552  -0.00135  -0.011197  0.011648]
[ 0.015815  0.058178  0.064012 -0.022197 -0.011901 -0.005181]
[ 0.047177  0.05324   0.073828  0.012002 -0.032301  0.045937]
[ 0.052926  0.020229  0.046287 -0.051158 -0.003486 -0.013479]
[ 0.01167  -0.021061  0.015803  0.015679 -0.010024  0.012241]
[-0.016999  0.007778 -0.00626   0.020795 -0.026537  0.023157]
[ 0.046471  0.075704  0.071864  0.022216 -0.023137 -0.006965]
[-0.014996  0.031093 -0.026381 -0.005163 -0.030464  0.005905]
[ 0.072543  0.072186  0.049428  0.030557 -0.002553 -0.028244]
[ 0.059039  0.049478  0.065049  0.01844   0.008409 -0.001004]
[ 0.03416   0.006549  0.028275  0.00389  -0.008494  0.01352 ]
[ 0.078843 -0.009813  0.086817  0.006926  0.044352 -0.044895]
[ 0.028915 -0.004647 -0.018301 -0.027392 -0.017179 -0.034   ]
[  5.518476e-03   2.903341e-02  -3.115187e-02   2.683409e-02  -1.619415e-02
  -5.393783e-05]
[ 0.013493  0.02868   0.03024   0.001478 -0.006806 -0.001775]
[ 0.066347  0.00744   0.097732 -0.003123 -0.021324 -0.010125]
[ 0.026218 -0.009971  0.041695  0.011286  0.014812 -0.001548]
[-0.00021   0.013337 -0.017536 -0.008125 -0.008598  0.022347]
[ 0.062196  0.057613  0.094422  0.00804   0.045277  0.039889]
[ 0.069647  0.042923 -0.002401 -0.007703  0.011798 -0.005791]
[ 0.006712  0.002423  0.00893  -0.021179 -0.011317 -0.01678 ]
[-0.007203  0.054197  0.015422  0.025447  0.035417 -0.015072]
[ 0.016873 -0.048566  0.01303   0.036715 -0.005576  0.026761]
[ 0.052832  0.017426  0.079704 -0.010868  0.012691 -0.001256]
[ 0.052887  0.094341  0.121666 -0.034863 -0.053793 -0.013992]
[ 0.051005  0.10449   0.107959 -0.005752 -0.005101 -0.005739]
[-0.012159 -0.002893  0.032426  0.026163  0.018112  0.037734]
[ 0.026463 -0.027431  0.01181   0.000148  0.004093  0.003446]
[ 0.057934  0.066288  0.095897 -0.00593   0.003377 -0.011337]
[-0.00837  -0.066042 -0.001898 -0.00307   0.013425 -0.009895]
[ 0.00425   0.007424  0.070856 -0.016894  0.01005   0.004277]
[ 0.028579  0.047975  0.060841 -0.018637 -0.006094  0.011986]
[ 0.014246 -0.002725  0.052778 -0.003991  0.003374 -0.011829]
[ 0.019888  0.050718  0.045698 -0.015344 -0.006822 -0.019   ]
[-0.032395 -0.027472 -0.01803  -0.000788  0.018426 -0.009293]
[ 0.013762  0.0257    0.005668  0.008715  0.013061  0.014593]
[ 0.000362 -0.066319  0.047746 -0.006477 -0.001169  0.021583]
[ 0.029432  0.026676  0.043819  0.026436  0.005015  0.005299]
[-0.011215  0.023538 -0.029826  0.021107  0.023804  0.007002]
[-0.005344 -0.021769  0.02757  -0.006718 -0.019536 -0.017244]
[-0.043526 -0.019264 -0.003771  0.031718 -0.014461 -0.012435]
[ 0.057155  0.077003  0.034194 -0.030523  0.047438 -0.024892]
[-0.05375  -0.13559  -0.123298 -0.009443 -0.016781  0.019608]
[ 0.029123  0.029583  0.065365  0.009932  0.009433 -0.022572]
[ 0.015173  0.030389  0.054808  0.009878  0.011627 -0.000321]
[-0.030428  0.023418  0.024533  0.015519  0.005125 -0.002313]
[ 0.017391  0.034378  0.058314 -0.003856 -0.007851  0.007379]
[ 0.024105  0.076109  0.082205 -0.005719  0.02761  -0.017684]
[ 0.004624 -0.02278   0.005103 -0.026549  0.031483  0.004542]
[ 0.031822 -0.010547  0.049398  0.02599   0.021952  0.005467]
[-0.00197  -0.010276 -0.003356 -0.022512  0.004797  0.055999]
[-0.005062 -0.037905 -0.04239   0.008944  0.001864 -0.002041]
[ 0.015561  0.02649   0.029356  0.009881 -0.020746  0.037638]
[ 0.034842  0.009448  0.026324  0.011103  0.010124 -0.002141]
[ 0.032204  0.066984  0.076655 -0.02387  -0.0033   -0.025184]
[ 0.11842   0.114767  0.108753  0.001488  0.037052 -0.006891]
[ 0.052771  0.061634  0.129235 -0.018115 -0.001264  0.002913]
[ 0.019877  0.030463  0.091854 -0.015015 -0.006817 -0.00164 ]
[-0.009536 -0.015214  0.058804  0.016347 -0.011841 -0.013252]
[ 0.062483  0.091031  0.147899 -0.010704  0.013597 -0.013761]
[ 0.022191  0.100471  0.118067  0.020471 -0.012953 -0.001355]
[ 0.006988  0.05913   0.044045 -0.009968 -0.012567 -0.00294 ]
[  4.723879e-02   8.333512e-02   8.299761e-02   1.118052e-02  -7.109250e-05
  -1.013120e-02]
[ 0.046299  0.042791  0.042867  0.013435 -0.001153 -0.017161]
[ 0.031546  0.065914  0.047103 -0.042635  0.007283 -0.024418]
[-0.011978  0.023876 -0.010679  0.032115  0.014168 -0.0448  ]
[ 0.020633 -0.004712  0.008811  0.003392  0.000508  0.022323]
[ 0.033784  0.074831  0.067688  0.026082  0.012588  0.008369]
[ 0.046788  0.061022  0.075017  0.041887 -0.040353  0.010665]
[-0.051778 -0.01114   0.004184  0.030607  0.009555  0.008694]
[ 0.036763  0.022379  0.062174 -0.019284 -0.013671 -0.013453]
[ 0.035373  0.026165  0.061764 -0.011709  0.002716  0.02477 ]
[ 0.031831  0.021319  0.03592  -0.004183  0.005688  0.007075]
[ 0.040773  0.030214  0.079658 -0.005861  0.004082 -0.008806]
('Mean', 1, ': ', 0.040773014644052391)
('Median', 1, ': ', 0.040773014644052391)
('Variance', 1, ': ', 0.0)
('Mean', 2, ': ', 0.030214462399805606)
('Median', 2, ': ', 0.030214462399805606)
('Variance', 2, ': ', 0.0)
('Mean', 3, ': ', 0.079658105717185776)
('Median', 3, ': ', 0.079658105717185776)
('Variance', 3, ': ', 0.0)
('time: ', 7390.527599096298)
