“Running plot script on a single CPU core”
[ 0.032404  0.074459  0.037472 -0.023842  0.009784 -0.02457 ]
[ 0.009685  0.052411  0.055391 -0.014381  0.004885  0.010178]
[ 0.014697  0.04563   0.026168  0.001656 -0.011669  0.016257]
[-0.002995  0.003263  0.056923 -0.012883  0.004693 -0.008241]
[ 0.051356  0.012025  0.068159  0.008045 -0.001632  0.002071]
[-0.002765 -0.043969 -0.039587  0.014937 -0.025403  0.012575]
[ 0.050822  0.017109  0.062923  0.021019 -0.028251  0.058946]
[-0.032265  0.011999  0.01983   0.001453  0.020672  0.029481]
[ 0.053399  0.046777  0.073352  0.015212  0.013959  0.037124]
[ 0.110769  0.123163  0.107676 -0.006675  0.019198 -0.021371]
[ 0.010072  0.011351  0.017801  0.018011 -0.018639  0.012387]
[-0.009001 -0.020359 -0.075676 -0.026255 -0.005657  0.01924 ]
[-0.104033 -0.038124  0.00846  -0.009457 -0.036748  0.012632]
[ 0.057685  0.055148  0.11422   0.021632  0.002445  0.005995]
[ 0.031868  0.066115  0.12426  -0.032384  0.007716 -0.022873]
[-0.008147  0.052938 -0.045309  0.011986 -0.079793 -0.006201]
[ 0.028219  0.01974   0.071539  0.015001  0.006623  0.008467]
[-0.020681  0.009089 -0.011333  0.006677 -0.008723  0.018822]
[-0.022828 -0.06099   0.043878 -0.076907 -0.006967 -0.019427]
[ 0.021629  0.052629  0.003233  0.005524 -0.00809  -0.040149]
[ 0.061215  0.003802  0.00849  -0.019269  0.003179  0.008034]
[ 0.055624  0.041009  0.033596  0.023391  0.008473  0.007588]
[ 0.080377  0.068791  0.108581 -0.010063  0.03889   0.010481]
[ 0.015714  0.042431  0.071147  0.016846 -0.011598 -0.004658]
[ 0.018967  0.084092  0.086029  0.006432 -0.029183 -0.021973]
[ 0.050333  0.018666  0.02799  -0.012837 -0.008105  0.014964]
[ 0.019963 -0.048308  0.03054  -0.021019 -0.022127 -0.009944]
[ 0.015025 -0.015341  0.049963 -0.030087 -0.008288 -0.005652]
[ 0.042065 -0.005207  0.067043 -0.003618 -0.005323  0.002794]
[ 0.033236  0.063666  0.028022 -0.003184  0.012426 -0.025603]
[ 0.014679  0.055002  0.001434 -0.020621  0.00688  -0.006525]
[-0.04096  -0.032108 -0.09329   0.003862  0.006718 -0.010671]
[ 0.050485  0.070884  0.092206 -0.017     0.009119 -0.026417]
[ 0.016221  0.054452  0.03922   0.023135  0.000152 -0.014088]
[ 0.040318  0.052762  0.100194 -0.012446 -0.013777 -0.032878]
[ 0.076141  0.078095  0.122587  0.023857 -0.024306  0.025461]
[ 0.118702  0.08204   0.048937 -0.002231  0.007101 -0.042554]
[-0.035384 -0.005351 -0.012832  0.002645 -0.036594  0.002405]
[ 0.000821  0.033436  0.045339 -0.021214 -0.000185  0.006649]
[ 0.044641  0.080769  0.074194  0.00431  -0.006841  0.026833]
[ 0.113559  0.097608  0.036666  0.002563  0.025398 -0.002808]
[ 0.047973  0.05008   0.09306  -0.015315  0.01572  -0.010365]
[ 0.06289   0.062151  0.077085 -0.005933 -0.013078  0.021665]
[-0.00509   0.013587  0.017776  0.027164 -0.011731  0.003582]
[ 0.042503  0.079991  0.061266  0.008024 -0.019407 -0.007068]
[-0.018013  0.044892 -0.005649 -0.020509  0.018738 -0.008901]
[ 0.042982  0.033702  0.083361  0.019042 -0.012937  0.016521]
[ 0.041883  0.038443  0.060363 -0.022401 -0.015594  0.012427]
[ 0.074466  0.058432  0.037152  0.004114  0.006122  0.065779]
[ 0.011491  0.013084  0.028309  0.013457 -0.020077  0.003664]
[-0.074737  0.040643  0.031701 -0.016792 -0.012535  0.001118]
[ 0.024545  0.051554  0.036653 -0.000228  0.005746  0.031605]
[-0.03653   0.038284  0.019908 -0.034082 -0.013735 -0.013367]
[ 0.054718  0.095317  0.090251  0.008984  0.004932 -0.026242]
[ 0.017142  0.051021  0.090122 -0.039019 -0.010628 -0.00832 ]
[ 0.054047  0.024811  0.023199  0.026897 -0.007003 -0.012282]
[ 0.029822  0.027051  0.050487  0.015851 -0.004768 -0.012206]
[  3.023979e-02   2.116792e-02   7.147076e-05  -4.482554e-03   2.341601e-03
   1.093058e-02]
[ 0.079854  0.090552  0.094384  0.035484 -0.011988  0.001417]
[-0.00623   0.022139  0.017915 -0.000194  0.013453  0.005378]
[ 0.03792   0.052718  0.015895 -0.001228 -0.000652  0.046034]
[-0.041714 -0.005885  0.019032 -0.017756 -0.01057   0.030015]
[ 0.00334  -0.049423  0.028868 -0.021543 -0.007404  0.024422]
[ 0.044646  0.048199  0.02088  -0.013765  0.005844 -0.014781]
[-0.050362 -0.022117 -0.010568 -0.059138 -0.009994  0.000725]
[ 0.037048  0.055362  0.053642  0.00787  -0.02422  -0.013105]
[ 0.004514  0.055478 -0.078851  0.042427  0.053558 -0.00707 ]
[ 0.119477  0.035695  0.062916  0.003998  0.00042  -0.050562]
[ 0.045083  0.06457  -0.048469  0.030855  0.017749  0.044485]
[ 0.042574  0.089107  0.040017  0.009096  0.00494  -0.000703]
[ 0.004443 -0.003366  0.010923  0.003491  0.009029 -0.000326]
[ 0.026159  0.06606   0.039574  0.010418 -0.028301  0.014912]
[-0.053072  0.016545 -0.017227  0.001565 -0.006728  0.011595]
[ 0.049558 -0.011571  0.101073 -0.016884 -0.046889  0.000125]
[ 0.048885  0.054572  0.120932 -0.000707  0.006643  0.00454 ]
[ 0.022454  0.01174   0.052852  0.03827  -0.004172 -0.019101]
[ 0.066636  0.062324  0.05512  -0.014258  0.002007  0.012775]
[ 0.041547  0.016883  0.04438  -0.024617  0.005083  0.020312]
[ 0.075724  0.033065  0.10076  -0.018217 -0.011386 -0.013261]
[-0.028039  0.059266 -0.028977  0.01163   0.007841  0.058875]
[-0.012709 -0.064306  0.006188  0.016674 -0.018544  0.023533]
[ 0.072159  0.140932  0.114093  0.01331   0.012184 -0.014459]
[-0.015893 -0.050268  0.019507  0.014175  0.049857 -0.009753]
[-0.025293 -0.030278  0.042296  0.008155  0.009202  0.041042]
[ 0.002325  0.051857  0.04244   0.00162  -0.003329  0.012078]
[-0.011308  0.05339   0.050893  0.045147 -0.029898 -0.00205 ]
[ 0.034147 -0.025986  0.077102 -0.007411  0.00031   0.015318]
[ 0.057963  0.030094  0.117709  0.020074  0.004759  0.003004]
[ 0.049721  0.053827  0.026991  0.001069 -0.014464  0.050094]
[-0.016067  0.047814  0.062218  0.010641 -0.014128 -0.035564]
[ 0.035869  0.061001  0.044918 -0.022626  0.009806  0.00414 ]
[ 0.045098  0.047254  0.017703  0.005644 -0.013495 -0.005427]
[ 0.041378 -0.008348  0.073793  0.045952 -0.015794 -0.003186]
[ 0.1385    0.151289  0.093645  0.017808 -0.011928  0.002777]
[ 0.058974  0.084285  0.050876 -0.000201  0.000917 -0.004768]
[ 0.005616  0.004691  0.07313   0.009454 -0.017786  0.000923]
[ 0.034734 -0.021135  0.02492   0.013015 -0.011062  0.006315]
[-0.063634  0.036668 -0.022827  0.01187   0.026937  0.016114]
[ 0.02472   0.099656  0.107053 -0.036913  0.052494  0.018115]
[ 0.073899  0.041483  0.091929 -0.011995 -0.028434 -0.000898]
('Mean', 1, ': ', 0.073898634957723433)
('Median', 1, ': ', 0.073898634957723433)
('Variance', 1, ': ', 0.0)
('Mean', 2, ': ', 0.041483202827134434)
('Median', 2, ': ', 0.041483202827134434)
('Variance', 2, ': ', 0.0)
('Mean', 3, ': ', 0.091929044849672209)
('Median', 3, ': ', 0.091929044849672209)
('Variance', 3, ': ', 0.0)
('time: ', 8626.769050836563)
