“Running plot script on a single CPU core”
[ 0.003194  0.143008  0.088495  0.012537 -0.034852 -0.018351]
[ 0.03383   0.032204  0.047209  0.023817  0.025642 -0.068686]
[-0.015863  0.038878  0.105019  0.026822 -0.011997  0.001983]
[ 0.059362 -0.002077  0.074903 -0.008604  0.011671 -0.016553]
[ 0.052415  0.041491  0.072945  0.003388 -0.042695 -0.013195]
[ 0.019209  0.075718  0.077077 -0.00111   0.004475 -0.006572]
[ 0.036712  0.084339  0.055083 -0.018085 -0.014242  0.048968]
[ 0.04237   0.069149  0.110608 -0.002839 -0.004337  0.001546]
[ 0.0396    0.095217  0.060906 -0.006621  0.028673 -0.006882]
[ 0.012102  0.170052  0.068379  0.020871  0.027728  0.010781]
[ 0.010314  0.036895  0.048953  0.034604 -0.002459  0.031753]
[-0.019719  0.047525 -0.012428 -0.017824 -0.014385  0.032423]
[-0.023242  0.043981  0.043413  0.025361  0.02423   0.003832]
[-0.019413 -0.005105  0.012637  0.014717  0.002394 -0.01188 ]
[ 0.025446  0.036284  0.052668 -0.00653   0.011015 -0.015996]
[-0.06309  -0.011352 -0.032882 -0.016701 -0.016528 -0.003426]
[ 0.041101  0.066835  0.038709  0.017573  0.004234 -0.010789]
[ 0.077103 -0.030784  0.06058  -0.050455 -0.00253   0.016236]
[-0.00938   0.030294 -0.001821 -0.027416 -0.003381  0.007391]
[ 0.077054  0.088602  0.060353  0.008071  0.01646   0.006615]
[ 0.072169  0.110939  0.131731  0.006018 -0.024045 -0.009893]
[ 0.028819  0.031113  0.058922 -0.005811  0.023033 -0.008157]
[ 0.012498  0.005669  0.029578  0.020866  0.026182  0.002128]
[ 0.014438  0.089286  0.106783 -0.030034  0.083473  0.046066]
[-0.050534 -0.037624 -0.046024 -0.030487  0.004475  0.011111]
[ 0.060255  0.061966  0.066296  0.009491  0.01326   0.016541]
[ 0.036888  0.064324  0.066251 -0.011949  0.019043 -0.00384 ]
[ 0.052565  0.040256  0.073833  0.0099   -0.004501  0.006342]
[ 0.059947  0.015964  0.055912 -0.000554 -0.029549 -0.025323]
[-0.004782  0.020364 -0.034045  0.039755  0.015036  0.0148  ]
[ 0.020693  0.060375  0.069209 -0.001175 -0.010616  0.006608]
[ 0.055463  0.087025  0.127911 -0.00213  -0.005511 -0.046924]
[ 0.070943  0.073478  0.109105 -0.010392 -0.001977  0.005431]
[-0.00911  -0.026293  0.006738 -0.002039 -0.006487 -0.018458]
[-0.040918  0.012253  0.059994  0.014539  0.01403   0.003799]
[-0.012072  0.038276  0.029637  0.001155 -0.003734  0.005578]
[ 0.099247  0.097887  0.100617  0.00483  -0.017857  0.009298]
[-0.063483 -0.150515 -0.029988  0.021455  0.006002 -0.01253 ]
[ 0.028613 -0.00677   0.107712  0.009161  0.000188 -0.012404]
[ 0.034042  0.036634  0.06188  -0.004995 -0.004207 -0.011658]
[ 0.031908  0.013908  0.040678  0.001286 -0.000125  0.00655 ]
[-0.028821  0.071222  0.046619 -0.012797 -0.004927  0.028218]
[ 0.01903  -0.015279 -0.017635  0.00463   0.001403  0.014941]
[ 0.063263  0.086143  0.056241 -0.018528 -0.025424 -0.011825]
[ 0.050498  0.118351 -0.007031 -0.009255  0.036808  0.016437]
[ 0.034663  0.018683  0.064805  0.011847  0.007076 -0.038277]
[-0.027697  0.032528  0.034288 -0.022088  0.035934 -0.013812]
[ 0.009827  0.030362  0.023057 -0.004154 -0.006988 -0.004627]
[-0.041127 -0.067194 -0.049352 -0.01211   0.0061    0.029337]
[-0.021295  0.050899  0.071024 -0.008857  0.004264 -0.016305]
[ 0.023157  0.007973  0.017163  0.003717 -0.001063 -0.020122]
[ 0.042335  0.032382  0.042344 -0.011757  0.012443  0.013591]
[ 0.026391  0.075834  0.050801 -0.004771  0.016658 -0.014473]
[-0.040934 -0.006921 -0.01531  -0.024364  0.011112  0.016537]
[ 0.014289  0.069354  0.058501  0.014684  0.003713 -0.001861]
[ 0.017954 -0.018512  0.009    -0.015567 -0.007051  0.042178]
[ 0.049743  0.012391  0.056112  0.037012 -0.000375  0.004571]
[ 0.012235  0.031991 -0.048144 -0.009391 -0.006505 -0.004107]
[ 0.03998   0.051221  0.055961  0.016094  0.029428  0.009258]
[ 0.057977  0.104396  0.050777 -0.021591 -0.002749 -0.00553 ]
[ 0.01527   0.015636  0.017035 -0.007757 -0.018915  0.00498 ]
[ 0.030368  0.062256  0.029366 -0.003293  0.009451  0.02321 ]
[ 0.018864  0.025036 -0.006609  0.015404  0.010981  0.007335]
[-0.014211 -0.010648  0.005695 -0.003289  0.019525 -0.016565]
[ 0.014444  0.078439  0.017913  0.003162 -0.038762  0.014683]
[-0.042285  0.000542 -0.034093 -0.005035  0.012581 -0.015846]
[-0.00266   0.050108  0.001919  0.000221  0.025157 -0.005564]
[-0.0121   -0.001656  0.070598 -0.056397 -0.014864  0.006385]
[ 0.005276 -0.00563  -0.033096 -0.000907 -0.023085  0.002805]
[-0.012009  0.015213  0.049146  0.013047 -0.007353  0.018612]
[ 0.073041  0.05716   0.069535  0.005585  0.013042 -0.009156]
[-0.012886 -0.006395 -0.029931 -0.007496 -0.035336  0.003914]
[-0.001129  0.012958  0.021943  0.027166  0.000956 -0.010611]
[ 0.070652  0.0326    0.099731 -0.036595  0.012315 -0.010511]
[-0.019865 -0.057762 -0.044103  0.070585  0.003829  0.013899]
[-0.023103  0.00734   0.010824 -0.007431  0.017665  0.004379]
[ 0.039253  0.040024  0.071884 -0.016443 -0.010296  0.002867]
[ 0.014288  0.030023  0.027133  0.001803  0.006188 -0.022568]
[ 0.007805 -0.031981  0.072347 -0.009755  0.006543 -0.003142]
[-0.00838  -0.068332 -0.020678  0.004372  0.014617  0.00455 ]
[ 0.04284  -0.020439  0.020472  0.027393 -0.018073  0.009315]
[-0.014224  0.071683  0.07313  -0.021464  0.01703   0.023185]
[ 0.014206  0.031192  0.027089 -0.003276  0.010083  0.005545]
[ 0.089332  0.048451  0.053647  0.015721 -0.009359  0.038676]
[-0.029032  0.034584 -0.006199  0.019945  0.0228   -0.011423]
[ 0.026767  0.019047  0.05145   0.01805   0.014939 -0.03566 ]
[-0.008548  0.094447  0.079879  0.019727  0.020538  0.022944]
[ 0.030659  0.053961  0.032004  0.013839  0.030854 -0.027274]
[ 0.01822   0.034207  0.053416 -0.002392  0.001279 -0.010006]
[ 0.023085  0.016697  0.022749  0.022014 -0.014594 -0.020913]
[ 0.090216  0.056187  0.102646 -0.039126 -0.01359  -0.020282]
[ 0.063574  0.082141  0.053721 -0.010455  0.001919  0.014801]
[-0.069379  0.033038  0.035859 -0.028181 -0.014057  0.03929 ]
[ 0.090231  0.135829 -0.044047 -0.03543  -0.014394  0.043217]
[ 0.034593  0.090855  0.08843   0.022795  0.027647 -0.014193]
[ 0.035892  0.055979  0.07336   0.005722 -0.025243 -0.021578]
[-0.023084 -0.001063 -0.005804  0.009049  0.002961 -0.019352]
[ 0.068464  0.027183  0.031123 -0.050795  0.004446 -0.017115]
[ 0.031741  0.040008 -0.063176 -0.010427  0.030651 -0.004399]
[ 0.031955  0.017888  0.074661  0.014589  0.000301 -0.007455]
('Mean', 1, ': ', 0.031954636275702011)
('Median', 1, ': ', 0.031954636275702011)
('Variance', 1, ': ', 0.0)
('Mean', 2, ': ', 0.017887665259770872)
('Median', 2, ': ', 0.017887665259770872)
('Variance', 2, ': ', 0.0)
('Mean', 3, ': ', 0.074660768960869969)
('Median', 3, ': ', 0.074660768960869969)
('Variance', 3, ': ', 0.0)
('time: ', 9518.007915973663)
