“Running plot script on a single CPU core”
[ 0.288455  0.234501  0.332851  0.330368  0.01603   0.311209  0.333257
  0.305394 -0.654949 -0.210042  0.159273  0.100993  0.116772  0.171456
  0.312223  0.331026 -0.051594  0.320243  0.326486  0.162972]
[ 0.132765  0.332782  0.310352 -0.315775 -0.341686 -0.281423  0.086415
  0.183246  0.123067  0.271798  0.145634  0.188993  0.305503  0.1444
  0.208871  0.286466 -0.069872  0.113808  0.216941  0.261606]
[ 0.313328  0.320754  0.303896  0.317392  0.301817  0.325716  0.12482
 -0.546337 -0.984935 -0.017198  0.289481  0.112545  0.331473 -0.21651
  0.191773  0.333332  0.186843 -0.977195  0.328619  0.134451]
[-0.067111  0.300058  0.173527  0.32916  -0.038227 -0.123499  0.302775
  0.33136   0.015745  0.325779 -0.001487 -0.520696  0.324261 -0.579154
 -0.86417   0.18822   0.249136  0.331822  0.331435  0.223016]
[ 0.319445  0.262416  0.279096  0.156035  0.02289  -0.422946 -0.517567
  0.219008  0.157203  0.329062 -0.702759  0.306447  0.285379 -0.381333
 -0.588008  0.157655 -0.226927 -0.581458  0.225144  0.197992]
[-0.185254  0.280324  0.31297  -0.227043  0.026686  0.307042  0.074237
  0.318948 -0.293162 -0.746591  0.297747  0.207559  0.328687  0.045099
  0.214953 -0.04135   0.280257  0.264547  0.17101  -0.300696]
[ 0.246352  0.282149 -0.189403  0.234429  0.315661  0.241372  0.241654
  0.240196 -0.135054  0.303993 -0.972691 -0.520111  0.330691 -0.329942
  0.232355  0.128094 -0.99801   0.19256   0.324707  0.314453]
[ 0.243025 -0.163909 -0.081545  0.025869 -0.90959   0.132559 -0.010845
 -0.006988 -0.292169  0.224137 -0.28051   0.329763  0.246302 -0.603076
 -0.268091  0.003816  0.316569 -0.781193 -0.040526  0.305693]
[ 0.287055  0.264171 -0.952392  0.213397  0.145352  0.322505  0.293323
  0.289528  0.33333  -0.3603    0.314815 -0.815854  0.319945  0.299277
 -0.153766  0.311794  0.33312   0.069358  0.147919  0.310295]
[ 0.33275   0.270052  0.285221 -0.024721 -0.41471   0.107089  0.055802
  0.274006  0.258251  0.134743  0.33126   0.233329  0.27663   0.308409
  0.286841  0.102425 -0.287256  0.164782  0.047183  0.31017 ]
[-0.994459  0.093467  0.332626 -0.509712  0.326213 -0.939676  0.174268
 -0.237025  0.160706  0.298757  0.314538  0.226286 -0.103221 -0.56042
  0.265403  0.291479  0.330559  0.089685  0.031138  0.064091]
[-0.025812  0.333302  0.304399  0.180628 -0.465757  0.32603   0.139962
 -0.275454 -0.147781  0.211718  0.241615  0.276099 -0.905598 -0.507628
 -0.579031  0.291146 -0.353931 -0.102835  0.31793   0.333258]
[ -2.866694e-02   2.837572e-01   3.239263e-01   2.720089e-04   3.324172e-01
   3.333312e-01  -6.850179e-01  -8.145142e-01   2.558138e-01   2.016666e-01
   3.169675e-01  -6.734604e-02   3.333223e-01   1.535558e-01  -1.188589e-01
   2.392222e-01   2.113986e-01  -1.705093e-01  -1.133660e-01   3.312318e-01]
[-0.879365 -0.020513  0.333254  0.310342  0.274383 -0.184608  0.086445
  0.158289 -0.933247  0.324923  0.316956 -0.498328  0.331173  0.211311
  0.333011  0.116156  0.214756  0.033438  0.244673  0.246852]
[ 0.309626  0.307399  0.268182 -0.120886  0.210601 -0.73089  -0.947071
  0.28196  -0.987405 -0.643542  0.259874  0.090145 -0.018794  0.215195
 -0.972418 -0.22181   0.021132  0.239198  0.315227 -0.368689]
[ 0.315457  0.03565   0.329736 -0.297741  0.06573   0.332644 -0.026459
  0.333327  0.09513   0.331842 -0.156992  0.19792   0.070329 -0.338036
  0.280501  0.333302 -0.270158  0.294435  0.333245  0.325751]
[ 0.145049  0.1483   -0.170929 -0.026721  0.308269 -0.06302   0.180612
  0.030554 -0.949079  0.275415  0.294981  0.31277   0.264299  0.115568
  0.155013 -0.132767  0.021265 -0.292615 -0.599943  0.178409]
[ 0.321465  0.247876  0.159684  0.158596  0.290387  0.088114  0.266646
  0.33172   0.204109  0.243245  0.326167  0.046772  0.254819 -0.035708
  0.240842  0.212898  0.101776  0.256279  0.287012  0.302031]
[ 0.282675 -0.239898  0.333014 -0.083856  0.164636 -0.261396  0.330149
 -0.077041  0.329582 -0.312916  0.291535  0.275496  0.16571  -0.930004
  0.322274 -0.78142   0.33136   0.313845  0.283807  0.249298]
[ 0.288776  0.142383 -0.995448  0.333332  0.255334  0.107636 -0.987013
 -0.429568  0.230683  0.254954  0.327031  0.253138  0.333322  0.098027
  0.035855  0.315743  0.120624 -0.714497 -0.137948  0.333288]
[ 0.315291 -0.604516 -0.194658  0.324541 -0.151758  0.184227  0.231086
  0.291142 -0.34205   0.299778 -0.812849 -0.142991 -0.046983  0.205245
  0.200373  0.110267  0.262601 -0.026979 -0.73616   0.280349]
[ 0.304008  0.329768  0.31898   0.021431  0.304557  0.288068  0.243752
  0.134253  0.308273  0.314053 -0.331763  0.296717  0.331693 -0.239409
  0.04943  -0.033016  0.145232 -0.074051  0.315868 -0.871049]
[-0.99808   0.312223  0.332048  0.32737   0.22054   0.301383  0.228897
  0.320829  0.128169  0.261679 -0.973175 -0.289805  0.325469  0.005557
  0.054389  0.31655  -0.457733  0.210015 -0.985814  0.273933]
[-0.512468  0.020968  0.329919  0.333069  0.325048  0.333195  0.01636
 -0.304281  0.232252  0.332592 -0.799799  0.33258   0.331511  0.276244
 -0.083357  0.189151 -0.99913  -0.969818  0.093541 -0.082673]
[ 0.324269 -0.879307  0.025252 -0.138946  0.057161 -0.510991 -0.264413
 -0.200227  0.320604 -0.087972 -0.958303  0.318322  0.002632 -0.87168
  0.330626  0.291233  0.229147  0.317626  0.297743 -0.896897]
[-0.109105 -0.706586  0.088875 -0.615856  0.09176  -0.467931  0.296945
 -0.146214  0.251418  0.317305  0.32856  -0.190714  0.072631  0.261121
 -0.021526  0.315666 -0.336599 -0.392862 -0.569906 -0.278821]
[ 0.076303  0.008547  0.332718  0.275581  0.309993 -0.098729  0.333211
  0.237337 -0.082193 -0.82317  -0.692684  0.330553  0.333102  0.33291
  0.305318 -0.672429  0.296416  0.330642  0.31127   0.299646]
[-0.008599  0.310625  0.31011   0.212527  0.20078   0.2633   -0.311921
  0.256026  0.044682  0.147928  0.153035 -0.415747  0.07122  -0.063045
 -0.302447  0.3221    0.280175 -0.956954  0.330924 -0.335593]
[ 0.323313 -0.203751  0.315087  0.225083 -0.888246 -0.998659  0.031025
  0.33333   0.325245  0.311001  0.327769  0.272225  0.318427 -0.027188
  0.323445  0.292917  0.303392 -0.781596  0.332631  0.309534]
[-0.321906  0.332929  0.050491  0.301022 -0.935382  0.13482   0.313694
 -0.86495   0.315596  0.166176 -0.998602  0.300016  0.290328  0.299519
  0.330542  0.101104 -0.618046  0.232992  0.189514 -0.412397]
[ 0.317287  0.228262 -0.337754 -0.947073  0.068039 -0.982461  0.211716
  0.254643  0.125614  0.325866  0.320719  0.124545  0.040356  0.323007
 -0.002626 -0.986496 -0.076314  0.242665 -0.118492  0.263718]
[-0.708198 -0.006794 -0.201237  0.294599  0.318536 -0.730885  0.320136
 -0.355023  0.207169 -0.104938  0.195048  0.333163  0.224559 -0.995033
  0.234288  0.3175    0.146217 -0.119022  0.079635 -0.084619]
[-0.182057 -0.928926  0.289339  0.298184 -0.646207  0.323529  0.302103
  0.280594  0.333245 -0.411261  0.329356 -0.012111  0.320628 -0.181142
 -0.196378 -0.342423  0.285433  0.199424 -0.149633  0.161065]
[-0.973516  0.172064  0.319441  0.332089  0.323617  0.330341  0.14245
 -0.907985  0.107192  0.049245 -0.845278  0.035298  0.202811  0.31387
  0.282731  0.201523 -0.125579 -0.588014  0.268034  0.321101]
[-0.608791 -0.414712  0.217994  0.227157  0.332625 -0.331146  0.232238
 -0.281296 -0.385436 -0.310115 -0.599209  0.058251  0.293551  0.333174
  0.125895 -0.986357 -0.829006  0.232361  0.296372  0.189109]
[-0.792549  0.33324   0.249169 -0.254013  0.13452   0.316526 -0.977481
  0.291768  0.190324  0.333163 -0.524376 -0.320313  0.237858  0.309407
  0.327242 -0.322844 -0.976402  0.316243 -0.738487  0.332065]
[ 0.322209 -0.002525 -0.856026  0.153749  0.321339  0.333278 -0.859599
  0.33154  -0.466807  0.302528  0.305373  0.008458 -0.340852 -0.476629
 -0.286348  0.331689  0.231031  0.250344  0.238273  0.28497 ]
[ 0.276294  0.331107 -0.187026  0.282149  0.267801  0.300581  0.331755
  0.223736  0.2821   -0.006642  0.320955  0.276924  0.191265  0.270511
 -0.368032  0.114192  0.251359  0.333321  0.332345  0.299914]
[ 0.256529  0.331769  0.212751  0.242712 -0.400668  0.287082  0.019599
 -0.497235  0.311382  0.279374 -0.895266 -0.160975 -0.782233  0.295448
  0.301496  0.299467  0.29482  -0.480103 -0.41672   0.285342]
[ 0.224383 -0.936366  0.244991  0.01789  -0.083174 -0.924114  0.150619
  0.2307    0.314433 -0.98956  -0.00338   0.322981 -0.97276   0.313303
  0.221594  0.206353  0.327536  0.011756  0.32191  -0.127257]
[ 0.327949  0.282744  0.285127 -0.097615  0.333315  0.233235  0.303606
  0.033892  0.271552  0.271304  0.308288  0.310682  0.062433 -0.086154
  0.179161  0.23525   0.041445 -0.365728  0.247933  0.199941]
[-0.055547 -0.99714  -0.907788  0.323318  0.283905 -0.386819  0.332185
  0.256878  0.236873  0.07788   0.333184  0.243506 -0.298254  0.276982
 -0.821733 -0.735028  0.329622  0.323193 -0.96285  -0.178125]
[-0.004316 -0.297274  0.274468  0.331503 -0.235072 -0.510012  0.325686
 -0.066954  0.279796  0.141647  0.187923 -0.389235 -0.412092  0.279817
 -0.978582  0.072278 -0.656178  0.333266  0.204789  0.237392]
[ 0.331266 -0.31883   0.313696  0.218902  0.235101 -0.664792  0.311616
  0.156202  0.064813  0.173431  0.311355  0.131068  0.313419 -0.658173
 -0.08211   0.276352  0.259969  0.316394 -0.092962  0.325139]
[-0.667447 -0.958321  0.326494 -0.591997  0.332807  0.312754  0.10448
  0.201309  0.059093 -0.21046  -0.656645  0.116928  0.170099  0.252306
  0.094069  0.328521  0.264224  0.306573  0.330827 -0.127335]
[ 0.262971  0.305867 -0.384143 -0.011288  0.268345  0.325482 -0.09825
  0.25647   0.291999  0.276979  0.012998 -0.083593 -0.371777  0.290917
  0.326361  0.332407  0.02787   0.064368  0.185443  0.246149]
[ 0.0709    0.20382   0.008836  0.226497  0.146733 -0.895135  0.215661
  0.269567  0.215067 -0.925007  0.152032 -0.470588 -0.117199  0.048625
 -0.226388 -0.875089 -0.98627  -0.394696  0.294661 -0.235023]
[ 0.32039   0.271396  0.261304  0.295723  0.220926  0.204209 -0.310694
  0.146053  0.015164 -0.103943  0.108121 -0.094798  0.249641 -0.961476
  0.189712  0.279413 -0.670715  0.22753  -0.822482  0.291312]
[ 0.138102 -0.258366  0.161659  0.120748  0.232162 -0.130606  0.298032
  0.106077  0.232445 -0.108102 -0.016162 -0.784703 -0.737669 -0.614408
  0.260364  0.149313  0.331685  0.276346  0.191903  0.313066]
[-0.792273  0.177525 -0.19691   0.329881  0.333003 -0.549537  0.20502
  0.286946  0.275427  0.24718   0.265076  0.116722  0.029996  0.333316
  0.25451   0.332728  0.290626  0.320897 -0.165428  0.161576]
[ 0.222769  0.271003  0.170132 -0.38298  -0.999862  0.183198  0.151622
  0.332699 -0.805336 -0.369379  0.167676  0.23967   0.11374   0.303073
  0.330979 -0.569656  0.14348   0.332806  0.326095 -0.158367]
[ 0.107513 -0.262182 -0.766757 -0.985765  0.202721  0.330823  0.258891
  0.210461  0.332233  0.292545 -0.330454  0.068559  0.225277  0.241273
  0.316625  0.213748  0.328743  0.213219  0.299294 -0.59596 ]
[ 0.275889  0.27256   0.228035 -0.996245  0.328802  0.210729 -0.285287
  0.333292 -0.583885  0.229048  0.28335   0.283011  0.332951 -0.36454
 -0.028942  0.143709 -0.103194 -0.117748  0.323529 -0.971818]
[ 0.042816  0.088991 -0.83342   0.245863  0.226225  0.18863   0.103121
 -0.856005  0.294841 -0.21476   0.223733  0.200405  0.148082 -0.894578
 -0.727009  0.304909  0.243445  0.307128 -0.165623 -0.146897]
[ 0.311566 -0.020791  0.313926 -0.397167 -0.626998  0.163574 -0.189847
 -0.944417 -0.528356  0.23611   0.252457  0.11617   0.25461   0.331636
  0.333293 -0.0756   -0.129164  0.324514  0.329567 -0.183889]
[ 0.137931  0.156889  0.254922  0.321893 -0.805175 -0.776505  0.195063
  0.252408  0.187592  0.294059  0.331279 -0.075654  0.302312 -0.136141
 -0.781111 -0.231278 -0.695051  0.17497  -0.754917 -0.438341]
[-0.526472  0.226862  0.326241  0.293501  0.319371  0.324108  0.308412
 -0.43159   0.145575 -0.156802  0.275209  0.060339 -0.179106  0.323017
 -0.996493 -0.00467   0.26611  -0.519299  0.333248  0.330065]
[ 0.292901 -0.421963  0.315081 -0.882574 -0.019051  0.322366  0.042289
 -0.849551 -0.11586   0.332944  0.331746 -0.399979  0.12654   0.246546
  0.33291  -0.674698  0.234605  0.028967  0.333331  0.323766]
[ 0.330519  0.130101 -0.00383  -0.263514  0.122738  0.134275  0.055354
  0.329243  0.177799 -0.642729 -0.748708  0.330813  0.269912  0.332971
 -0.277743  0.322496  0.237364  0.327904  0.231003  0.180831]
[-0.127251 -0.804348  0.100088  0.33091  -0.104733  0.052113  0.243147
  0.322505  0.170897  0.301165  0.333091  0.323348 -0.42074  -0.184205
  0.188558  0.207516 -0.455474  0.279943 -0.077789  0.305385]
[ 0.330921  0.332388  0.293874 -0.025338  0.280067  0.191196  0.318722
  0.304756  0.201598 -0.142756  0.298017  0.144413  0.214137 -0.47535
 -0.011745  0.28943  -0.255418  0.331991  0.270794 -0.944472]
[ 0.195302  0.332451 -0.955174 -0.193908 -0.380139 -0.898975  0.183368
  0.30689   0.332968 -0.012125  0.113162  0.288714 -0.019575  0.013229
 -0.74706   0.119985  0.285815  0.253245  0.330766  0.0254  ]
[-0.366829 -0.915915  0.322968  0.04465   0.259883  0.333193  0.236626
  0.264454 -0.392345  0.016427  0.24199   0.318732 -0.283397 -0.187594
 -0.783333 -0.519173  0.248918  0.3217    0.332909 -0.42167 ]
[-0.068015  0.266997 -0.692817 -0.763548  0.313219  0.133307 -0.665658
  0.182843  0.328914  0.084357  0.28853   0.165609 -0.44745   0.177137
  0.320475  0.224203  0.327426 -0.090822  0.235038  0.313577]
[ 0.327174  0.143679 -0.879203  0.283079 -0.985088 -0.404971  0.234276
  0.26295   0.234704  0.31998  -0.733326  0.247376  0.316436  0.332914
 -0.094514  0.249692 -0.728284  0.218171 -0.221972  0.331348]
[-0.056712  0.305031 -0.118001  0.133103 -0.044333 -0.831289  0.209473
  0.102326  0.326591 -0.811122 -0.003585 -0.247406 -0.28424   0.221815
 -0.60784  -0.828278 -0.024988  0.27532   0.332928  0.286426]
[-0.103414 -0.440778 -0.251955 -0.952071  0.299099  0.305671 -0.677939
 -0.42647  -0.92999   0.322651 -0.619562 -0.066621 -0.071173 -0.53715
 -0.003354 -0.405954 -0.013326  0.300388  0.300516 -0.49494 ]
[ 0.185902 -0.159793  0.277009  0.31761   0.271791 -0.386709 -0.770396
 -0.046205  0.149904  0.24681   0.013437 -0.298593 -0.123258  0.087509
  0.318386 -0.313731  0.310692  0.217905  0.321038  0.332499]
[ 0.019727  0.328015 -0.604736  0.286369  0.331095  0.327737  0.332385
  0.304425  0.22855  -0.982237  0.297876  0.326294 -0.080638 -0.16037
  0.328587 -0.590205  0.315832  0.333098  0.304978  0.33284 ]
[-0.384525  0.315251 -0.410443  0.265142  0.331036  0.333329  0.254546
 -0.059731 -0.033909  0.126157 -0.76461   0.291451  0.217772 -0.170465
  0.332459  0.321926 -0.070843  0.295631  0.323526  0.059292]
[ 0.329655  0.314799 -0.180372  0.055304  0.267572  0.322849  0.275764
  0.308511  0.226736  0.333311 -0.210734  0.025538  0.321069  0.239619
  0.306088  0.225236 -0.124522 -0.003717  0.314568  0.325488]
[-0.030478  0.268228  0.244994  0.332855  0.331994 -0.841313  0.107754
  0.08646  -0.256063 -0.401746  0.052168 -0.307401  0.243034  0.086427
  0.002105  0.150215  0.315543  0.199223  0.332353  0.316229]
[-0.370201  0.316516 -0.173432  0.096523  0.253993  0.206475 -0.952896
  0.130501 -0.017055 -0.299853 -0.017282 -0.041302 -0.630632 -0.980106
  0.332796  0.235654  0.26933  -0.17325   0.22786   0.311972]
[ 0.319337  0.082448  0.141271  0.175358 -0.931522 -0.128426 -0.352695
  0.272603  0.139606  0.241712 -0.50349   0.128068 -0.970484  0.310429
 -0.236162 -0.227633  0.061186 -0.337903 -0.999914  0.313092]
[-0.342406  0.246361 -0.435577  0.322941  0.303392 -0.966065 -0.45972
 -0.162343  0.244284  0.11592   0.216884 -0.140743  0.262901  0.275421
 -0.999765  0.326264  0.12141   0.235086  0.323746  0.122551]
[-0.649651  0.050424  0.071746  0.108931 -0.039051  0.236475  0.311214
 -0.562125 -0.323035 -0.842944  0.325098  0.016004  0.331844 -0.128572
 -0.001308  0.293937 -0.812606  0.259709 -0.614504  0.305549]
[ 0.306737  0.257878  0.315972 -0.069761  0.323891 -0.365143 -0.243271
  0.332837  0.049913  0.281951  0.233266  0.265969  0.123294 -0.98731
  0.2909   -0.909003 -0.532582 -0.702996 -0.640871  0.069236]
[ 0.33316  -0.088272  0.332731 -0.341235 -0.305113  0.318255  0.310995
 -0.344967 -0.162182  0.13928   0.044002  0.306028 -0.914439  0.285654
 -0.549459 -0.203449  0.311717 -0.55417   0.122285 -0.275623]
[-0.328171  0.222163 -0.53176  -0.260244  0.271408 -0.049273 -0.016505
 -0.161523  0.269214  0.333225  0.332378 -0.405531 -0.172176 -0.141265
 -0.042223 -0.38053   0.281407  0.297286  0.276802  0.281146]
[ 0.331441  0.096229  0.333118  0.037914  0.247415  0.255404  0.329885
 -0.087449  0.186372  0.313704  0.331208  0.19522   0.104195 -0.091343
  0.270265 -0.443612  0.310307 -0.55562   0.28369   0.053499]
[-0.405622 -0.046128 -0.57797   0.333333 -0.588067  0.330673  0.33331
 -0.323121  0.331692 -0.386942  0.302043  0.051722  0.290449  0.317753
  0.299546  0.251391  0.258931 -0.999215  0.206622  0.325549]
[ 0.330648  0.326742  0.325167  0.152315  0.133168  0.318095  0.331832
  0.332734 -0.252637  0.198117 -0.960432  0.197057 -0.83242  -0.232739
 -0.757616  0.3121   -0.317192  0.101406 -0.801979 -0.999471]
[ 0.149464  0.329144  0.303982  0.32743  -0.014911  0.085842  0.330488
  0.220844  0.332506 -0.369198  0.222091  0.300322  0.242431 -0.112304
  0.317884  0.323941  0.315191  0.323813  0.332691 -0.44271 ]
[ 0.14917   0.099348  0.222831  0.331137 -0.270023 -0.949829 -0.224607
  0.3265   -0.847837  0.321382  0.329591  0.216387  0.313106  0.298961
  0.187332 -0.609999  0.304122  0.265337  0.260485  0.331222]
[ 0.318107  0.32262   0.309666  0.270776 -0.645056 -0.909251 -0.998178
  0.32189  -0.248018  0.027001 -0.225635  0.315404  0.249861  0.30189
 -0.960948  0.333285 -0.392032 -0.671086  0.284828  0.218734]
[-0.944467 -0.321103  0.249894 -0.963146  0.235047 -0.834863  0.332926
 -0.038299  0.319949 -0.824078  0.052728 -0.122781  0.091194 -0.044842
  0.331638  0.187677  0.331923  0.288045  0.332663  0.317011]
[ 0.255623  0.207612  0.154602 -0.468853  0.244873 -0.010649 -0.175307
  0.240508 -0.120402 -0.437387  0.149266 -0.262497 -0.173753  0.332626
  0.225329  0.329258 -0.465926  0.331479 -0.479453  0.327162]
[-0.082575  0.333266  0.302829  0.094457 -0.844552  0.045247  0.321883
 -0.983959 -0.387004  0.128628  0.314289  0.267905  0.32487  -0.017543
  0.236557  0.281104  0.117216  0.333303 -0.915148 -0.931604]
[ 0.310376  0.29065   0.197617 -0.239607  0.290471  0.124446  0.29657
  0.333333  0.308881 -0.147453  0.19219  -0.348455  0.235311 -0.461488
  0.192989  0.330132 -0.021454  0.327249  0.323416  0.238821]
[-0.010205 -0.640995  0.269809 -0.783905 -0.654739  0.297005  0.328584
 -0.323933  0.299784 -0.332466  0.230281  0.051725  0.328315 -0.152863
  0.304221  0.035647 -0.38994   0.303578 -0.9173    0.331545]
[ 0.188583  0.33124   0.322254 -0.804306  0.315587  0.209082  0.115508
  0.241854  0.17831  -0.793292 -0.681211  0.284876 -0.424551 -0.993605
 -0.997166  0.235829  0.001466 -0.658016 -0.218909  0.217335]
[-0.393571  0.109939 -0.193415  0.1195    0.136277  0.158706 -0.999977
 -0.843845  0.318028 -0.059071 -0.850099  0.20956   0.228652  0.227133
  0.230014  0.331414  0.034332  0.328189  0.175332  0.32675 ]
[ 0.272751  0.284045 -0.332594  0.234861  0.253527  0.306635 -0.750544
  0.333275 -0.105377  0.200613  0.294014 -0.949985 -0.311177 -0.999907
  0.289622 -0.450059  0.32315   0.267233 -0.314172  0.159356]
[ 0.154391  0.280417 -0.014683 -0.902927  0.244687  0.082871 -0.84707
 -0.67704  -0.859113  0.040056  0.291555 -0.908197  0.16393   0.331841
  0.183623 -0.277245  0.261048  0.055701 -0.299506  0.333329]
[ 0.331779  0.262839  0.277369 -0.245176  0.333197 -0.443621  0.327055
 -0.485517  0.183314 -0.890692  0.25385   0.116385  0.319054 -0.158053
 -0.093737  0.048957  0.13296   0.293477 -0.953696  0.310653]
[ 0.289301 -0.963001 -0.986112  0.295545  0.260471 -0.245828  0.091098
  0.099203 -0.9302    0.130165  0.318258  0.29653   0.29704  -0.968436
 -0.490365  0.228452 -0.232676 -0.983083  0.324428 -0.506365]
[-0.740804  0.302387 -0.146893  0.006985  0.238545 -0.392886  0.322435
  0.305532  0.311152  0.316021  0.109784  0.208284 -0.163401 -0.209578
  0.115121  0.259434  0.273086 -0.376641 -0.870573  0.332563]
[-0.133912  0.10739  -0.934913 -0.811456  0.280223  0.309394 -0.021148
 -0.474562  0.21396   0.298977  0.262127  0.247071 -0.256661  0.188402
  0.316214  0.31893   0.333332  0.154917  0.264699  0.322262]
[ 0.220478  0.193685  0.173592  0.215132  0.273567 -0.857986 -0.149589
 -0.999935 -0.857584 -0.221915  0.332314 -0.811287  0.277728 -0.358836
 -0.813416  0.237697  0.01616   0.048485  0.171039  0.116484]
[ 0.323481  0.247377  0.276855 -0.926706  0.333224  0.181724  0.292918
  0.153999 -0.408585  0.20054  -0.999967  0.177413  0.331238 -0.099794
  0.278035 -0.612105  0.191294  0.071389  0.188967 -0.892811]
[0.048422004796664031, 0.0034580205048637402, 0.0011600173522732238, 0.0065930062282343466, 0.056909061071568456, 0.010896442079070756, -0.051393101725573043, -0.057594320379321634, 0.050056028411158776, -0.061588341770367983, 0.0043365849378491639, -0.002364903752348213, 0.045507010128670658, 0.0087146149237578019, -0.019631695442632491, -0.045954084243638893, 0.029995527065824007, 0.032791019095381679, 0.057887266149450778, -0.026062759784860445, 0.03756627864313955, 0.061157494182233513, -0.003726832650975731, -0.015778294324632458, 0.057338104245089339, -0.01823976850438451, 0.032847612367988444, 0.024433396942381488, -0.078891653350129876, 0.024812931797281057, -0.029504363119254917, -0.071231883462748002, 0.012858239859285109, -0.041272150632925442, -0.067740524535433444, -0.10467763770810834, 0.083321703652265933, -0.054560704258320381, 0.013140492642691431, 0.029551186749438019, 0.0035306058205947788, 0.040240457701439171, -0.021655107776184179, 0.029927732332989121, -0.020554178280823621, -0.0049899085142870447, 0.048896746668423599, 0.032919639321244532, -0.010766440780173553, -0.062510984606899633, 0.029464383416086648, 0.019896527190386287, 0.12954295466583757, 0.015190511823805663, 0.075481942227330623, -0.015824554612272029, 0.015300626121035554, 0.0039288440454401941, -0.071226221722418659, 0.0065167909937038637, 0.084029753303234145, 0.04463954051593011, 0.01546864591844882, 0.015764553977619125, -0.042483765709172838, 0.026607005728129685, 0.027784782560770771, 0.028638269067444683, 0.0046070361865106265, 0.0095253621534950317, 0.098244991993914454, 0.0063998165580806329, -0.0070471196048763063, 0.089325887452360142, -0.025320648768079435, -0.0059937820992264079, -0.039217296831590698, 0.031904621409626743, -0.016595491259501327, -0.20664588934343736, 0.014656285331575314, 0.02111806161823343, 0.027458564041800554, 0.064462130714600274, 0.029811501939453533, -0.037611023822215484, 0.045183071520017548, 0.031089221426384941, 0.090624701989574896, 0.009203534897052423, -0.0149625189486359, -0.056668992146824748, 0.083184459080978268, 0.018818441759954757, 0.11847296962046333, -0.030438976492453362, -0.036835862468195812, -0.011506240898100317, 0.0032287336904757713, 0.099744558447422277]
('time: ', 9966.651253938675)
