“Running plot script on a single CPU core”
[-0.43363   0.294742 -0.184888  0.218768  0.325228  0.298324  0.33178
 -0.997681 -0.105742  0.333244 -0.684049 -0.277811 -0.203838  0.195674
  0.1097    0.118587  0.18024   0.104525 -0.428232 -0.207108]
[-0.806104  0.211354  0.238005 -0.013675  0.166871  0.19634   0.306507
 -0.198884  0.266134  0.325083  0.24779   0.289938  0.331355  0.309602
 -0.237939 -0.470412  0.33287  -0.30761   0.317218  0.314789]
[ 0.322019  0.315256  0.224752  0.128039  0.33333   0.320891  0.332916
  0.255798 -0.782023  0.085533  0.042495  0.192597 -0.087285  0.332837
  0.332671  0.23869   0.304105 -0.420761 -0.84464   0.114631]
[-0.728018 -0.999214  0.327655  0.331477  0.333289  0.295242  0.240858
 -0.591773  0.328512  0.330225  0.270854  0.332399  0.203012  0.31479
  0.329881  0.073418 -0.335468  0.332234  0.333298 -0.65483 ]
[ 0.254343  0.215954 -0.108035  0.234564  0.08723  -0.605522  0.279244
  0.332907  0.308958 -0.215525  0.27859   0.288595 -0.937616 -0.17896
 -0.227091  0.216774  0.171021 -0.107254  0.237031  0.327637]
[ 0.186177  0.221711  0.332462 -0.980298 -0.933143  0.199115 -0.391641
 -0.888527  0.096942 -0.003702 -0.432883  0.333072 -0.896043 -0.006214
  0.287202  0.021566  0.33207   0.321028  0.192448  0.21103 ]
[-0.467656  0.199938 -0.07443   0.304853  0.321222  0.240594 -0.174149
  0.327536  0.317399  0.295555  0.264832 -0.17746   0.327857  0.216857
  0.322043  0.21568   0.239794  0.333193  0.17221  -0.706949]
[ 0.001906  0.306651  0.331085 -0.334461  0.270062  0.181588 -0.602195
 -0.847804  0.011207 -0.167417  0.287631  0.13229   0.326829 -0.978884
  0.327933  0.264901  0.287178 -0.907098 -0.682982  0.107559]
[ 0.281636 -0.542333  0.29579   0.070047  0.176135  0.02018   0.31105
  0.304862  0.264448  0.295035  0.026261 -0.201563  0.084665  0.322032
  0.306064 -0.993239 -0.195851  0.151323 -0.284368  0.07177 ]
[-0.842413 -0.30207   0.33301   0.330256 -0.999731  0.261696  0.317347
 -0.697624 -0.373967  0.236248 -0.11199  -0.235348 -0.949452  0.00824
 -0.225298  0.314765  0.330624  0.330234 -0.342254 -0.034637]
[-0.042015  0.215353 -0.892717  0.332328 -0.377478  0.156911  0.219903
  0.078629  0.323882 -0.242073  0.29521   0.313168  0.226759 -0.55503
  0.178026 -0.198075  0.269626 -0.093073  0.046294 -0.141495]
[ 0.331776  0.250089  0.043269 -0.789848 -0.719512  0.333251 -0.3637
  0.242787  0.273881  0.320684  0.310601  0.329327 -0.363886  0.110975
  0.07146  -0.050756 -0.963811  0.333051 -0.280662  0.330492]
[ 0.063036  0.170182  0.322862 -0.402838 -0.179278  0.330086 -0.769572
  0.321978 -0.316052  0.293516  0.294872  0.262718  0.235369  0.302472
 -0.320853  0.278307 -0.213886 -0.092825  0.18337  -0.355929]
[ 0.33305   0.33329   0.296758  0.27405  -0.889832 -0.361747  0.192365
  0.182573 -0.029368  0.31676   0.009903 -0.500388  0.318918 -0.746533
  0.270953  0.216531 -0.219275  0.122504  0.210416  0.325251]
[ 0.312601  0.33333   0.016596  0.094313 -0.042944 -0.445399  0.291673
  0.316347 -0.622699 -0.423837 -0.154121  0.156571 -0.65836  -0.089839
 -0.593337  0.321443  0.229613  0.188098 -0.987551  0.333333]
[ 0.292314  0.059073  0.007436  0.248297  0.20964   0.279797  0.247994
  0.312248  0.280346 -0.745654  0.225577 -0.994588  0.324954 -0.438409
  0.330212  0.253892  0.268475 -0.007667  0.18376   0.321146]
[ 0.305686  0.330799  0.320497  0.126976 -0.737536 -0.823504  0.311541
 -0.765856  0.323162  0.055359  0.132087  0.202505  0.202593  0.321861
 -0.925761  0.088998  0.33137   0.107312  0.331994  0.314369]
[ 0.320545  0.256361  0.184507 -0.91763   0.325628  0.3296    0.093234
 -0.126463  0.316464  0.22666  -0.156714 -0.05059   0.205242  0.233224
 -0.425719  0.257537  0.139324 -0.828922 -0.301439 -0.471588]
[ 0.328552  0.298893 -0.073818  0.231273 -0.558044 -0.056596  0.330429
 -0.648722  0.274945  0.236187 -0.114692 -0.490109  0.064914 -0.390813
 -0.73935   0.16619  -0.323031 -0.993484  0.292979  0.303767]
[ 0.19943  -0.936775  0.320647 -0.111587 -0.299104  0.310554 -0.348797
 -0.332121  0.272415 -0.20658   0.324196  0.308818  0.311868  0.307685
 -0.333814  0.291519  0.333061  0.22475   0.324236  0.120776]
[ 0.23876   0.213064 -0.098255  0.202087  0.271573 -0.200146 -0.861046
  0.21751  -0.639605  0.279577  0.237654 -0.114227  0.252561  0.269364
 -0.102281 -0.310243 -0.612554 -0.989934  0.098754 -0.921292]
[-0.261935  0.024512  0.144323  0.332603  0.014089  0.09367  -0.670221
 -0.379781 -0.136922  0.327061  0.249418 -0.272772 -0.06354   0.270197
  0.276129  0.186047  0.271777  0.190249 -0.514964  0.193003]
[ 0.075014  0.272732 -0.988611  0.329254 -0.147325  0.310988  0.038696
  0.058274  0.325714  0.232011 -0.950623  0.309246  0.249479  0.083956
  0.042292 -0.133303  0.263913 -0.587005  0.163359 -0.001843]
[ 0.326535 -0.84944  -0.111157  0.325881 -0.197065 -0.373667  0.327008
  0.256496  0.295906  0.297113  0.288386  0.231897 -0.374136  0.327958
  0.162993  0.32776   0.241469 -0.659456 -0.917575  0.311289]
[ 0.330837  0.319134  0.206073  0.288807  0.305608 -0.024965  0.332174
  0.317914 -0.97911   0.128473  0.27639  -0.427133 -0.609937  0.263053
  0.071028 -0.267369  0.263732 -0.229392 -0.780936  0.129074]
[ 0.3331    0.216059  0.288214  0.175752  0.294708 -0.427902  0.29201
 -0.349951  0.099401  0.140266  0.266035  0.305161  0.326939  0.18002
 -0.265264  0.068791 -0.792207  0.288105  0.319825 -0.907037]
[-0.984283 -0.373878 -0.210374  0.332921 -0.500817  0.02511  -0.49028
  0.244651  0.245455 -0.035804  0.142863  0.266825  0.329392 -0.996125
  0.23246  -0.168619  0.325651  0.332757 -0.015319  0.316117]
[-0.467739  0.277747  0.277049 -0.179919 -0.653884  0.184213 -0.597622
  0.157917  0.332561 -0.172161  0.253572 -0.462678  0.278507  0.305874
  0.314139  0.189343  0.198443  0.316259  0.260367 -0.015848]
[ 0.193682  0.333209 -0.16709   0.314058 -0.800824  0.279961 -0.875251
  0.310093  0.036216 -0.037788  0.245905 -0.56753  -0.642591 -0.407572
  0.332989  0.307728  0.333015 -0.492272  0.141853 -0.113125]
[ 0.281953  0.12782  -0.764853 -0.971333  0.333254  0.242102  0.332648
 -0.84183  -0.068434 -0.633996  0.005507 -0.119235 -0.911053 -0.920438
  0.318496  0.294883  0.2931    0.0422   -0.119982  0.300436]
[ 0.333184  0.188471 -0.052928 -0.803254  0.332996  0.278723  0.310175
  0.039314  0.333227 -0.109568  0.270431  0.318266  0.228467 -0.054088
 -0.825736  0.242275  0.09906   0.329987 -0.979269 -0.47417 ]
[ 0.286171 -0.282496 -0.018631 -0.56488   0.05671   0.222745  0.330673
 -0.987732 -0.287383 -0.065135  0.285611  0.044613  0.039623  0.331868
  0.325813 -0.241455  0.315195  0.208695  0.324276 -0.231324]
[ 0.325702  0.226406  0.06044  -0.596222  0.332568 -0.031018 -0.601508
  0.028235 -0.599687  0.165446  0.313556  0.238525 -0.009791  0.044549
 -0.607393  0.258181  0.090163  0.250727 -0.075833  0.218454]
[ 0.085778  0.2402    0.318184  0.114556  0.179734  0.326601  0.231541
 -0.211333  0.138553  0.176379  0.056757  0.301941  0.313278 -0.066832
  0.245409  0.333129  0.292961  0.151821  0.331387  0.309792]
[-0.293696 -0.246726  0.121458  0.327587 -0.270256  0.32958   0.234119
  0.31697   0.036259 -0.189217  0.25754   0.333324  0.274657  0.332248
 -0.321347  0.32654   0.298194  0.220891  0.140205 -0.526882]
[  2.667383e-01   3.324953e-01  -9.703605e-05   1.129337e-01   3.220656e-01
  -2.513084e-02  -1.363341e-01   3.089524e-01   3.332393e-01   6.341698e-02
   3.219316e-01  -3.347449e-01   2.788566e-01   3.321099e-01   7.718128e-02
  -6.518438e-01   2.729846e-01   3.222714e-01   2.322541e-01   2.079908e-01]
[-0.954101  0.015349  0.026838  0.129248  0.091426  0.227965  0.008775
  0.300617 -0.728089  0.306207 -0.364885  0.295069  0.297043  0.171866
  0.313257  0.128558  0.333117  0.274677  0.272992  0.332548]
[ 0.306943 -0.373191  0.291942 -0.433313 -0.929024  0.111928  0.287835
  0.299015  0.200395  0.325978  0.299009  0.181183  0.147435  0.252458
 -0.045262  0.329532  0.324766  0.326914  0.003873 -0.636736]
[ 0.258597  0.142182 -0.246928  0.228362 -0.194985  0.249986  0.312202
 -0.809989 -0.128444 -0.674177 -0.393583 -0.981406  0.024071  0.192525
  0.211638 -0.995592  0.212348  0.175166  0.258051 -0.625659]
[-0.039357  0.333261  0.32407   0.231981  0.33167   0.121701  0.322481
  0.271361  0.266857  0.285736 -0.811138 -0.883555  0.088877  0.233727
  0.040894  0.279107 -0.378633 -0.418806 -0.235515  0.325832]
[ 0.283257 -0.749815  0.200259 -0.282148  0.211196  0.332623  0.27081
 -0.812807  0.302249  0.133916  0.329793  0.261749 -0.966381  0.094284
  0.329314  0.001375  0.317053  0.079684  0.328262 -0.986505]
[-0.923177  0.095542  0.041627  0.296682  0.147003 -0.345986 -0.882271
 -0.241507 -0.393528  0.232417  0.080583  0.328509  0.118057  0.041713
  0.319572  0.306359  0.003012  0.332623 -0.08351   0.332568]
[-0.142436  0.306088  0.276266 -0.778154  0.188309  0.331301  0.160552
  0.254405  0.238757 -0.496165 -0.249108  0.329971  0.27992  -0.286125
  0.201964 -0.102986  0.329806  0.155731  0.26569   0.03042 ]
[-0.592317  0.307575  0.117905  0.070402  0.332479  0.193925  0.143295
  0.288957 -0.999491 -0.609559  0.333116 -0.006159  0.177882  0.314968
 -0.772482 -0.084066  0.317607  0.331855  0.278213 -0.12028 ]
[ 0.331287  0.287779  0.302172  0.327858  0.272382 -0.234431  0.197842
  0.309109  0.096713  0.121484  0.193165  0.298431  0.268355  0.105961
 -0.636487  0.150755  0.293042  0.304705 -0.566371 -0.24913 ]
[-0.035509  0.273896  0.187824 -0.02392   0.173068  0.319991  0.332851
 -0.110271  0.303654  0.284189  0.257041  0.205994  0.317236  0.10512
  0.262932 -0.058085 -0.901219  0.040671  0.321754  0.287677]
[ 0.296571  0.195341  0.147628 -0.765091  0.288522  0.333333  0.03145
  0.113363  0.263886 -0.762127  0.020688  0.330553 -0.040567  0.29408
  0.331023 -0.30071   0.150633  0.247009 -0.316971  0.329035]
[ 0.263229 -0.203454  0.091714 -0.724772  0.113807  0.144954  0.243913
 -0.833992  0.332057 -0.996149 -0.208884  0.333232 -0.446197  0.247312
  0.202037  0.254776  0.281306 -0.853035  0.129692  0.290406]
[-0.090124  0.31509   0.329013  0.145243  0.244652  0.236466  0.134202
 -0.498129  0.294369 -0.133804  0.282571 -0.099898  0.274906 -0.385449
  0.235331  0.302324  0.33264   0.004535  0.279423 -0.391162]
[-0.366836  0.329058  0.196787  0.166127  0.314693  0.295527 -0.468186
  0.313418  0.331644  0.141258 -0.299274 -0.110701  0.328969  0.195941
  0.331071 -0.46329   0.129196  0.11977   0.333056  0.278126]
[-0.310137  0.332566  0.321735  0.326709  0.106905  0.327624  0.30228
  0.275859  0.161571  0.195137  0.186276  0.128486  0.107113  0.184596
  0.083793  0.262234  0.317549  0.090351 -0.428394 -0.990441]
[ 0.326938  0.332837 -0.928633  0.300489  0.200529 -0.335479  0.330004
 -0.971162  0.253141  0.049768  0.124938  0.333051 -0.030468  0.282512
  0.112881 -0.494999 -0.125727 -0.028706  0.229605  0.248561]
[-0.04766  -0.976176  0.332053  0.294982  0.142128 -0.255758 -0.687102
  0.333333  0.170689  0.315191 -0.286259 -0.877993  0.33248   0.202097
  0.308897 -0.20087  -0.211956  0.291851 -0.197347  0.245289]
[-0.374313 -0.5846    0.241101 -0.499301 -0.407804 -0.91218   0.276878
  0.327348  0.298115  0.311232  0.320597 -0.763046  0.132252  0.1838
 -0.141511 -0.938154  0.327144  0.194167  0.322178  0.332581]
[ 0.279735 -0.49602   0.28929   0.316138  0.066626 -0.070831  0.332355
  0.320295  0.332437 -0.549529  0.281736  0.324698 -0.395088  0.327229
 -0.394626  0.234391  0.30412  -0.149444  0.184808  0.176969]
[-0.183918 -0.997695 -0.99807   0.256178  0.296624  0.305738  0.158284
 -0.279258  0.143915  0.321151  0.251595  0.253462 -0.010208 -0.148527
 -0.197624  0.294726 -0.182174  0.302123 -0.786143  0.246915]
[ 0.234083 -0.417479 -0.878088  0.273166  0.243609  0.188313  0.038045
  0.282154  0.333205  0.294493  0.320431 -0.871857  0.087763  0.291616
 -0.283187  0.3312   -0.547926  0.256564  0.323519  0.316784]
[ 0.28828   0.193574 -0.617486  0.251506 -0.605372 -0.602707 -0.397611
 -0.661614  0.151021  0.333331  0.333077  0.29427   0.310947  0.083827
  0.332905  0.328158  0.333041  0.001778 -0.024687  0.273639]
[ 0.142201  0.203696  0.307732 -0.997456  0.130207  0.067344  0.243414
 -0.274044  0.327462 -0.002785  0.268881 -0.793939  0.140191  0.005486
  0.105244 -0.087654  0.251626 -0.5245    0.326704  0.151871]
[-0.532265  0.036852  0.160833  0.048958  0.164251 -0.978778  0.252573
  0.331217 -0.965055  0.333041  0.332393  0.203901 -0.250342  0.262389
  0.104542  0.119941  0.224693  0.326114  0.075868 -0.723599]
[ 0.331058  0.305844  0.333285 -0.193543  0.308609  0.223575 -0.220339
 -0.037262  0.306681 -0.41069  -0.245326  0.227195  0.288761 -0.901813
  0.243518 -0.092076  0.32833   0.332884  0.191776 -0.541624]
[-0.250006  0.313718  0.260571 -0.064381  0.325061  0.285211  0.148869
  0.311885 -0.647196  0.306629 -0.038106 -0.999316  0.273293  0.332192
  0.328179 -0.36946   0.224044  0.267707  0.318234  0.113826]
[ 0.285821 -0.155751 -0.987989  0.080561  0.211728 -0.675039  0.310389
 -0.256325 -0.070995  0.233322 -0.36983   0.002873  0.204695  0.264326
  0.301269  0.318511  0.320542  0.33297   0.31548   0.230161]
[ 0.331399  0.329692  0.316277  0.322674  0.330939  0.194744 -0.20822
  0.176786  0.306837  0.321366  0.331921  0.222055  0.1583    0.26762
  0.271089  0.331865 -0.11231  -0.009862  0.254793 -0.998848]
[-0.032266  0.3333   -0.14187   0.33293   0.304431 -0.240355 -0.975753
  0.205937 -0.76466  -0.891096  0.212047  0.17133   0.310748  0.285334
  0.062017 -0.881659  0.310505  0.23341   0.320289  0.278844]
[ 0.249291  0.074661  0.251466  0.33226   0.19478   0.125923  0.082032
  0.265864  0.25115  -0.521462  0.312683 -0.236928  0.206364  0.305032
  0.332658  0.208144  0.302875  0.2976    0.204279  0.250046]
[ 0.279984 -0.740503  0.32604   0.329891  0.310423 -0.297694 -0.521489
  0.246402 -0.731122  0.316487  0.290148  0.318514  0.290176  0.209603
  0.315767  0.192538  0.330272  0.321625 -0.032369  0.18603 ]
[ 0.29638   0.266242  0.322483  0.296586 -0.041229  0.104925  0.249933
  0.292186  0.276216  0.32925   0.151227 -0.534092 -0.122594 -0.712496
 -0.771143  0.316173 -0.145679 -0.090463 -0.81687   0.150441]
[-0.130577 -0.995074  0.333222 -0.478247  0.151267  0.249401  0.332443
 -0.934748  0.18484  -0.785873  0.113918 -0.53814   0.295548  0.133
 -0.844582 -0.145608  0.333186  0.264442 -0.992958 -0.029045]
[ 0.056625  0.29687  -0.368016  0.331499 -0.108582 -0.929643  0.225971
 -0.056048 -0.342343  0.058589 -0.164625  0.31733   0.135282  0.33165
 -0.9466    0.333257 -0.171918  0.232669  0.245643  0.325448]
[ 0.228739  0.234645  0.316378  0.158302  0.297182  0.094205 -0.365751
  0.319918 -0.998099 -0.989854  0.319567 -0.014769 -0.697687 -0.063464
  0.257832  0.292001  0.332136  0.297107 -0.595373  0.333284]
[-0.15167   0.050302  0.328316  0.328403 -0.067024  0.315069  0.15455
 -0.572345 -0.206307 -0.837928 -0.067159  0.291792  0.281195  0.319797
 -0.920839  0.287153 -0.742558  0.19709  -0.268487 -0.149932]
[ 0.107287  0.321668  0.32689   0.078506  0.314722  0.30549   0.073288
  0.326789 -0.479966 -0.506438  0.226851  0.253845  0.110273 -0.003606
 -0.120249 -0.698654 -0.471319 -0.910152 -0.556298 -0.661097]
[-0.379701  0.110694  0.25074   0.27593  -0.889962  0.326644 -0.777708
  0.100681 -0.005364 -0.250085 -0.514613  0.163217 -0.3736    0.198994
  0.102063  0.097784  0.063963 -0.664462  0.197337 -0.223225]
[-0.108109 -0.69877  -0.422209  0.324824  0.242402  0.333023 -0.196243
  0.333263  0.158577  0.235668  0.00413   0.214317  0.004116  0.2731
 -0.955807 -0.989081  0.326695  0.19553   0.315461  0.038293]
[-0.460953  0.298688  0.27417  -0.135241 -0.263335  0.27037   0.294607
  0.235295  0.312403 -0.272187  0.328096  0.325342 -0.503624 -0.954479
 -0.876954  0.332424  0.326085  0.331552  0.285744  0.255073]
[ 0.333125  0.333234  0.297894 -0.80077   0.093846  0.323149 -0.072645
  0.318422 -0.586698  0.282114 -0.589423  0.063119 -0.225405 -0.457223
  0.183979  0.320411  0.154581 -0.071813 -0.795858 -0.472989]
[ 0.16263  -0.251633  0.084984 -0.422905 -0.819521 -0.576516 -0.987198
 -0.792684  0.238804  0.332899 -0.174881 -0.015169 -0.833637  0.329813
  0.135676  0.326679 -0.456954  0.325841 -0.555662  0.227637]
[ 0.332893  0.294866  0.104688 -0.934018 -0.480002 -0.14981  -0.65235
  0.15884  -0.647037 -0.204215  0.25984  -0.057838  0.330527  0.197207
  0.089483  0.31477   0.24887   0.299536  0.313236  0.254816]
[ 0.330788  0.122923  0.326306  0.116481  0.310425  0.263138  0.169724
  0.28051   0.228935 -0.372678  0.317931 -0.737497 -0.469628  0.333333
  0.319271  0.123109  0.333273 -0.268987  0.137476  0.167248]
[ 0.330586  0.018729  0.20222  -0.085713  0.33308   0.331547  0.225482
 -0.591623  0.194396  0.174026  0.051463  0.321927  0.288215  0.113151
  0.330554  0.333054 -0.278652 -0.106953  0.281302  0.302735]
[-0.953951  0.304849  0.24243  -0.546579  0.032154  0.238911  0.278052
 -0.97606   0.333248 -0.342215  0.255128  0.321077  0.015118 -0.488777
 -0.981675  0.333257  0.236061 -0.624284  0.329772  0.302129]
[-0.595289  0.25711   0.187888 -0.034375  0.259985  0.313477  0.31464
 -0.248377  0.155163  0.269917  0.331827 -0.688474  0.237098  0.333328
 -0.562872  0.287078  0.326454  0.066409  0.331309  0.330649]
[ 0.28552   0.140754  0.298696  0.275031  0.16683  -0.013925 -0.186699
 -0.975642  0.230417  0.057825 -0.016365 -0.240587  0.086994  0.208519
 -0.543671  0.313098 -0.640982  0.265544 -0.043563  0.330424]
[ 0.331576  0.322052  0.268629  0.277787  0.004354  0.322023 -0.881194
  0.329714 -0.926576  0.302347 -0.043772  0.096058  0.318508  0.136706
  0.309519  0.018846 -0.049956  0.326367  0.333333  0.047893]
[ 0.256163  0.116885 -0.140934  0.247249  0.271303  0.256385  0.095297
  0.077153  0.286719  0.326609 -0.268571  0.294048  0.022512  0.304289
 -0.185016  0.191081 -0.08445   0.319368  0.333301  0.250713]
[ 0.135496  0.331761 -0.233952  0.059287  0.259958  0.261545  0.282277
  0.332299  0.333185 -0.901659  0.254235 -0.342868  0.28957  -0.996118
  0.22145   0.210309 -0.993758  0.100141 -0.907146 -0.918179]
[-0.383044  0.085387  0.27699   0.170381 -0.133149  0.332872  0.259832
 -0.520916  0.031128  0.320589  0.247247  0.234727 -0.502821  0.22329
  0.255767  0.318675  0.077996  0.293721  0.241067 -0.118692]
[  3.086201e-01   1.083995e-02   8.935634e-02   9.906771e-02  -6.205675e-01
   7.206752e-02   3.331117e-01   1.065175e-01   3.063320e-01   1.218247e-01
   3.121661e-01   3.294351e-01   5.276186e-02   3.075509e-01   1.988274e-01
   3.252197e-01   3.220532e-01   3.303404e-01   3.555147e-04   2.551646e-01]
[ 0.30843   0.332963 -0.470735 -0.260112  0.29337   0.306959  0.235809
  0.323308  0.131806  0.321539 -0.213704 -0.746772 -0.953242  0.314176
  0.324058  0.176547  0.176723  0.187832  0.206384  0.317786]
[-0.950828 -0.386597 -0.130535  0.269884  0.192997 -0.313665  0.319301
 -0.204519  0.238322  0.319481 -0.749974  0.332348 -0.603152  0.332844
  0.301398 -0.167294  0.319652  0.135516  0.318188  0.316676]
[ 0.320613 -0.648464  0.032452  0.323503  0.216982 -0.362126  0.246646
  0.116433 -0.970803  0.119582  0.204596  0.317707 -0.659625 -0.819882
 -0.495577 -0.086299 -0.924421  0.326195  0.327576 -0.724027]
[-0.374217  0.199625 -0.342701  0.284018 -0.939708  0.25997   0.19619
  0.307889  0.311874 -0.937187 -0.80098  -0.222339 -0.866585  0.075282
  0.149185  0.008472  0.282929  0.298311  0.331155  0.22749 ]
[ 0.125877  0.31833  -0.361641  0.328378  0.330234  0.232786  0.307566
 -0.69797   0.331702  0.091714  0.30144  -0.588321  0.332938 -0.028779
 -0.920148 -0.159175  0.308765  0.313255  0.323952  0.333279]
[-0.898828  0.296749 -0.979991  0.270647 -0.344953  0.04588   0.314677
  0.270438 -0.839571 -0.082974  0.284833  0.33279   0.309386  0.291532
  0.223041  0.012798 -0.75941  -0.312019  0.299213  0.232889]
[-0.05564   0.333276 -0.565305  0.120062 -0.169551  0.333326  0.163573
 -0.391717  0.249094 -0.061176 -0.564122  0.194962  0.08937   0.281758
 -0.085131  0.236329  0.271139 -0.183729  0.184334  0.329564]
[-0.140912  0.324562  0.303402 -0.605662  0.310572  0.287539  0.199476
  0.331933  0.234087 -0.176872 -0.467103  0.175172  0.318915  0.329309
 -0.817793 -0.918514 -0.217333  0.326548  0.332408 -0.906955]
[ 0.325295  0.305635 -0.759648  0.138957  0.084408  0.325143  0.314029
 -0.380253 -0.018359 -0.095982  0.330031  0.272479 -0.390022  0.203119
  0.319168  0.319406  0.264227  0.027589  0.228881  0.325517]
[  2.255505e-01  -2.136388e-01  -9.963800e-02  -1.611566e-02   3.498771e-02
  -2.339470e-01  -2.308149e-02   1.021943e-01  -2.404950e-01  -9.056116e-01
   3.219745e-01   2.845923e-01  -4.245900e-01  -3.096011e-01  -9.383988e-01
   3.154724e-01   2.277128e-01  -1.505096e-01   3.321934e-01  -8.628333e-04]
[-0.911112 -0.157965  0.035273  0.234723 -0.938859  0.317154  0.018177
  0.308378 -0.972982  0.252831  0.323443  0.190707  0.328188  0.281429
 -0.06539  -0.006344 -0.302784 -0.197778 -0.512882  0.056433]
[0.016449778243439628, -0.071141966024184766, 0.062506493314616385, -0.0074707808966402167, 0.045698911663177522, 0.033362360423186604, 0.030089856316505237, 0.048904224648372262, 0.034244922473958689, -0.033437550647358316, 0.036686735303523337, 0.015002219176929343, 0.00031776510447274753, 0.041807853142269313, 0.059733868753754804, 0.016140803024058847, 9.2832829397981875e-05, -0.072478403288086135, 0.0082862644576188749, 0.031934759253013534, -0.0029484687590077829, -0.0020391821273336164, -0.011044462302177246, 0.038762878879874563, 0.013984832264634262, -0.093898925923713683, -0.073876429907026808, 0.0090500584815518814, -0.063885981023127342, 0.0031712301603255555, -0.017882472171539932, 0.027977214197466016, 0.032638528881162865, -0.0081244801873496808, 0.032748684906517112, 0.011858618783745112, -0.0077640964147828173, 0.16293625137837128, 0.016026891959062511, -0.016077658606943636, 0.052689030357690764, -0.014615109288375172, -0.010954079706714553, -0.00082412543189558374, 0.039356475756198106, -0.012763025044293747, 0.062062121601483805, -0.0051429798553078165, 0.045215248720380768, -0.022747231160610226, -0.037164918038752548, 0.044701486447020933, 0.015182049777201306, 0.0098617914353307801, -0.055415476884166592, -0.014943714587792173, 0.074326280641841297, 0.11453675417585621, 0.017511482168696066, -0.014465718273722561, -0.016810148015789672, 0.02801439908329173, -0.0062317168218526398, 0.11682683576711345, -0.0014761460342853361, 0.080442408004400584, 0.028293030472246572, 0.009435264963799761, 0.016533068057411615, 0.019432706492829827, -0.058697478664687469, -0.011338863760141926, 0.070171298968303722, -0.010235648485676374, 0.0018157861286739602, -0.02494869486517326, 0.03024329595613201, 0.035284965193015189, 0.04708947606229319, 0.06679764313907971, 0.054709246897331032, -0.054710337522245966, -0.02062727951676413, 0.11160582117773779, -0.07806990680100645, -0.0045270387411167623, 0.041174801273638831, -0.042341680818327232, -0.026701282719148012, -0.012853286765473593, -0.079844410225401674, 0.060757380136987116, 0.03211608926722892, 0.12967783827378837, -0.074350155090689651, 0.055588799134305512, 0.0096074974284345027, 0.011609932191636807, 0.020822455842511106, -0.031455240086882275]
('time: ', 12163.302646875381)
