“Running plot script on a single CPU core”
[-0.287278  0.277361 -0.93416   0.19387  -0.127195  0.26508   0.196244
  0.292047 -0.230518  0.019623  0.002736  0.330291 -0.681216 -0.890577
 -0.384221 -0.932757  0.198561  0.288765  0.331799  0.310439]
[ 0.154351  0.175907 -0.758469  0.240543  0.256415  0.331657  0.307441
  0.10891   0.311193  0.234865  0.247628  0.212883  0.264462  0.213448
  0.264657  0.159702  0.11006   0.208225  0.231541  0.201132]
[ 0.256768  0.332939 -0.742144 -0.56246  -0.358945 -0.068339  0.314084
 -0.267785  0.324827  0.048663 -0.270754 -0.006972  0.294834  0.098112
  0.117611  0.333118  0.261963  0.060733  0.250958 -0.426684]
[ 0.233377  0.240652  0.229807  0.287378 -0.908344  0.299349  0.326107
 -0.873456  0.313392  0.30109   0.179696  0.309091 -0.814144 -0.537668
  0.266033  0.24213   0.011956  0.025455  0.295661  0.329305]
[-0.914015  0.313285 -0.123953  0.30113  -0.170541  0.329977 -0.912524
 -0.19055  -0.411777  0.328648  0.332206  0.113929  0.260525  0.138799
  0.201595  0.257275  0.214652  0.325774 -0.075589  0.323572]
[ 0.185716  0.252424 -0.994392  0.255754  0.23899  -0.297223  0.301597
  0.205531  0.329104 -0.468926  0.28791   0.267658  0.325782  0.17625
 -0.502093  0.32018  -0.856256  0.300331  0.112386  0.280561]
[-0.070072  0.319516 -0.188328  0.227281 -0.864359 -0.606688 -0.418546
  0.299074 -0.700071  0.311362 -0.02492  -0.157901 -0.203862  0.254161
 -0.551415 -0.209749  0.32645   0.277923  0.295994 -0.127184]
[ 0.306514  0.006824  0.333306  0.175131  0.269867 -0.502015  0.265441
  0.032446  0.271812  0.320093 -0.440436  0.315243 -0.53838   0.025596
  0.103861  0.060758 -0.410358  0.080297  0.262219  0.15193 ]
[ -7.679964e-01  -8.770890e-01   3.299562e-01   3.305832e-01   3.208926e-01
  -1.213089e-02   2.899721e-01  -2.412571e-01   3.328508e-01   1.999546e-01
   3.203329e-01   1.664748e-01   3.251573e-01   7.236921e-04  -2.066046e-01
   2.776623e-01  -7.764366e-01   2.391971e-01   2.791717e-01  -1.708984e-01]
[ 0.176592  0.331117  0.332689 -0.36055  -0.879812 -0.773912  0.079985
 -0.192472  0.19543  -0.21274  -0.205323 -0.993715  0.263958  0.256914
  0.177488 -0.999387 -0.604019  0.317697  0.019058 -0.170713]
[ 0.329526  0.331439  0.331213 -0.159317  0.250782 -0.820933  0.29201
  0.133902 -0.302077  0.150099 -0.230263  0.23078  -0.491469  0.11624
 -0.497855 -0.026557  0.135568  0.250754  0.171135  0.330738]
[-0.050931  0.313967 -0.908781  0.16201   0.300659 -0.207678  0.333325
 -0.760803  0.332165 -0.454062  0.283473  0.314596 -0.313804  0.016393
 -0.929082  0.327036  0.30636   0.130656 -0.170825 -0.999768]
[ 0.329364  0.223469  0.134746 -0.510584  0.323431  0.030473  0.296585
 -0.347751 -0.757621 -0.581691  0.332298  0.322103  0.323272  0.329218
 -0.561211  0.328342 -0.864269  0.284971 -0.490251  0.288736]
[ 0.257156  0.216704  0.039373  0.242661  0.041271  0.308611 -0.99421
  0.324827  0.303848  0.291591 -0.635649  0.330776  0.32383  -0.930578
 -0.602694 -0.912015 -0.04471  -0.750935  0.331799  0.306353]
[ 0.178805  0.308392  0.324205 -0.159284 -0.038283  0.33329  -0.984367
 -0.980535 -0.901306  0.163989 -0.911221 -0.9534    0.303798  0.02416
  0.226028  0.184379  0.311177  0.031497  0.120922 -0.734282]
[ 0.249887  0.260975  0.065234 -0.859047  0.234774  0.327592  0.282167
  0.128664 -0.098961 -0.41624  -0.226534 -0.021353  0.05677  -0.139659
  0.206131  0.225028  0.331024 -0.620567  0.297754  0.162847]
[ 0.256464  0.317164  0.307546  0.328066 -0.137922 -0.989946  0.075652
 -0.23196  -0.072162 -0.120049 -0.058689  0.329994  0.012924  0.075055
 -0.274026  0.06914  -0.9983    0.323993 -0.594325  0.314965]
[ 0.210758  0.158734  0.310687 -0.334972  0.20575   0.227634  0.017433
  0.332531  0.24189   0.323871  0.083295  0.279789  0.090964  0.264096
  0.271204  0.278539  0.285773 -0.118685  0.085998 -0.992799]
[-0.933676 -0.248108  0.329855 -0.403863  0.187883  0.258012  0.280557
  0.184122  0.1389    0.184817  0.289844  0.115539 -0.051613  0.191659
  0.317749  0.108502  0.333227 -0.224331  0.215709  0.327481]
[ 0.243369  0.327935  0.264725 -0.689183 -0.405246 -0.367884 -0.180067
  0.333235  0.319206  0.305056 -0.12431   0.038894  0.329628  0.253602
  0.333244  0.212297  0.025231  0.315421  0.245058 -0.738546]
[ 0.102968 -0.164788  0.332573  0.257931  0.130667  0.26419   0.28325
  0.319577 -0.022974  0.326001 -0.329733  0.08184   0.316379  0.321513
 -0.037085  0.3247   -0.115897 -0.041663 -0.836753  0.3325  ]
[-0.671624  0.231782 -0.389648 -0.687479  0.032327 -0.604648  0.329662
 -0.12051   0.268651  0.271528 -0.004366  0.279869  0.137721  0.305409
  0.282839 -0.216402 -0.781171  0.270365 -0.585347 -0.093827]
[ 0.137776  0.212979 -0.191034 -0.127595  0.287604 -0.085339  0.145122
  0.273423 -0.722955  0.292742 -0.593374  0.333238  0.282943  0.285597
  0.238373  0.095965 -0.902838  0.032947  0.332667 -0.225175]
[-0.535495  0.192345  0.317755 -0.572844 -0.615812  0.318801 -0.979302
  0.14524   0.270026  0.325994  0.318409  0.324234  0.309325  0.02342
  0.005564  0.266722  0.191403 -0.335771  0.128188 -0.206373]
[ 0.118223 -0.677876  0.029423 -0.99985   0.006874  0.304311 -0.213999
  0.191246 -0.532693 -0.246039  0.308421  0.130742  0.217489  0.002509
 -0.677545  0.165629  0.128548  0.145518 -0.387702 -0.886784]
[ 0.207753  0.175435  0.263272  0.292278  0.328986 -0.402118  0.332544
  0.305111  0.251311  0.332449  0.329564  0.221434 -0.416407  0.326222
 -0.228327  0.298324  0.164211 -0.630581  0.283487 -0.658669]
[-0.173413  0.333161  0.288875 -0.086244  0.268479  0.322556  0.321182
  0.332829 -0.039092  0.0681    0.328769  0.333202  0.297564  0.319839
  0.309019  0.124819  0.289015  0.280076 -0.179192  0.320896]
[ 0.149599 -0.810877  0.303862 -0.90134   0.111316  0.307955 -0.995243
  0.320225  0.008664  0.333111 -0.227425  0.206968 -0.416467 -0.886934
  0.321452  0.092441 -0.266884  0.078389  0.079179  0.190884]
[-0.204334 -0.303865  0.115061 -0.061305  0.193656  0.326851 -0.632958
 -0.350241  0.319182 -0.04706  -0.98051   0.303088  0.175141  0.3248
  0.236553 -0.231183  0.239903  0.286728  0.292502  0.173846]
[ 0.137174  0.248759 -0.203937 -0.689786  0.331123 -0.322912 -0.581986
 -0.04441   0.266758 -0.504398  0.312466 -0.315606  0.333333  0.025798
 -0.047079 -0.216175 -0.572609  0.129919  0.190158  0.283741]
[-0.026689  0.31126  -0.165755  0.302299  0.255381  0.31459   0.109631
  0.100359 -0.99997   0.298409 -0.373107 -0.881446  0.141517  0.010505
  0.304792  0.186899 -0.041131 -0.46959   0.332367  0.157016]
[ 0.205106  0.326452 -0.79774   0.303061  0.311888  0.154071  0.096914
  0.279005  0.264164  0.322334  0.246676  0.322732  0.324656  0.332375
 -0.127552  0.165788  0.321043  0.306978 -0.406661  0.247121]
[ 0.098393 -0.99278   0.325503  0.198259  0.321315  0.253498  0.047459
 -0.883165  0.328895  0.242868  0.332755 -0.745692  0.331223  0.300455
  0.170072 -0.376679  0.087958  0.066669  0.292044 -0.02231 ]
[-0.244452  0.295757  0.236642  0.024446 -0.363589  0.252002  0.326884
  0.295137  0.300192  0.184485  0.297586  0.313124 -0.481114  0.108525
 -0.335865  0.318796  0.286566  0.188021 -0.527083  0.117666]
[-0.622962  0.260367  0.250622 -0.25173   0.165515  0.236179 -0.950418
  0.261499  0.317351 -0.920603  0.155224  0.054619  0.085705 -0.45325
  0.079891 -0.443956  0.230474  0.129507  0.271811  0.298988]
[-0.842036  0.283331  0.127019  0.297832  0.014804  0.223924 -0.705986
  0.229562  0.310809 -0.049659  0.147384 -0.995394 -0.501211  0.246593
  0.25252   0.168803  0.003035  0.247697  0.331618  0.212993]
[ 0.200695  0.092501 -0.687812  0.329633 -0.873469  0.309443  0.316109
 -0.212676 -0.284869  0.329919  0.328644  0.042898  0.332155  0.272757
 -0.988937  0.164176 -0.806602 -0.959488  0.006666 -0.702024]
[-0.008276 -0.205297 -0.012839  0.116469 -0.083548  0.325758  0.326769
  0.327859 -0.999896 -0.757233  0.074005  0.199983  0.309299  0.172942
 -0.495326  0.331858 -0.461139 -0.884768  0.283373 -0.554694]
[ 0.145108  0.26237  -0.019391  0.261137  0.328904  0.315021  0.276071
  0.121832  0.321302  0.316799  0.323767 -0.772301  0.328855  0.181782
  0.329582  0.092417  0.302732 -0.029648 -0.175999 -0.843142]
[-0.711946  0.326912  0.294977  0.311798  0.311662  0.260489 -0.041041
  0.311536  0.201171  0.100067  0.127773 -0.345707 -0.986861 -0.466069
 -0.220449 -0.829606 -0.040382  0.320694  0.219807  0.190509]
[ 0.093762  0.202914  0.155535  0.272106  0.328578  0.321373  0.019843
  0.326216 -0.165667 -0.620111  0.314115 -0.818172 -0.014957 -0.028205
 -0.100721 -0.557455  0.121618  0.315474  0.328668 -0.558648]
[ 0.025911 -0.822403 -0.794741 -0.973176  0.205794  0.332537 -0.419404
  0.075211 -0.176273 -0.859123  0.21241  -0.928788 -0.167926  0.137267
  0.242421 -0.695725 -0.560182 -0.891852  0.295454  0.172037]
[-0.517327  0.271322  0.254641  0.327703 -0.395724 -0.064202  0.330643
  0.147407  0.213611  0.12134   0.33236   0.333026 -0.882183  0.292739
  0.2103    0.222317 -0.208691  0.160177  0.315657  0.076409]
[ 0.31698   0.17344   0.260033  0.331628  0.116864 -0.71226   0.153116
  0.132804  0.296849  0.316616 -0.438056  0.333306 -0.035646 -0.079614
  0.329934 -0.608256  0.333093  0.123519 -0.07365   0.317961]
[ 0.309292 -0.316823  0.327697  0.290463  0.318925  0.090614 -0.505798
 -0.010077 -0.270709 -0.887358  0.302622 -0.093999 -0.559311  0.215648
  0.279853  0.07932   0.232552 -0.399666  0.303656  0.28021 ]
[ 0.116728  0.311184 -0.006743 -0.247355  0.303848  0.333172  0.325409
 -0.222044  0.320229 -0.984696 -0.756142  0.191591 -0.594893  0.327275
  0.326507  0.29126  -0.945375  0.292979 -0.932164  0.156836]
[ 0.209488  0.259661 -0.331322  0.071999  0.282669 -0.918155  0.276823
  0.306849  0.150735  0.063371  0.151157  0.332458  0.098009  0.333028
  0.259009  0.278251  0.181462  0.302379  0.252094  0.28184 ]
[-0.201935  0.300427 -0.296441  0.051611 -0.008696  0.009932 -0.956673
  0.211511 -0.852198  0.333128 -0.124156  0.080848 -0.537938  0.022277
  0.330527  0.318355 -0.843523 -0.213044  0.327599  0.05306 ]
[-0.876907  0.049762  0.332358  0.155264  0.056318  0.312941  0.219405
 -0.004842  0.172797  0.245655  0.221412  0.230989  0.326514  0.33238
  0.32869   0.333331 -0.046788  0.333333  0.296643  0.31078 ]
[-0.088398  0.12582  -0.407528  0.291456 -0.119958  0.195564  0.266646
  0.313867  0.002557  0.280225  0.312496  0.044324  0.031538  0.23289
 -0.020914  0.330166 -0.427955  0.266181  0.279881  0.231841]
[ 0.296053  0.301164 -0.994598  0.143877  0.245216  0.331988 -0.819262
  0.151206  0.265561  0.262031  0.333039 -0.131493 -0.09207   0.332906
  0.269537  0.296647  0.313492  0.103161 -0.15948   0.325777]
[-0.773604  0.329733  0.33231  -0.459     0.237627  0.013741  0.328251
  0.319329  0.2993    0.3305    0.313274  0.266369  0.172023  0.31607
  0.333317  0.307511  0.322656  0.333077 -0.719092  0.331754]
[ 0.331281  0.124312  0.268016  0.322112  0.323302  0.171211  0.333312
  0.231432 -0.248609  0.304467  0.152601 -0.164015  0.329985  0.310536
  0.278211  0.269016 -0.958423  0.330837  0.333331  0.015228]
[ 0.326579  0.172255  0.330451 -0.913981  0.309926  0.303367 -0.572062
  0.276177 -0.021018 -0.831578 -0.020662  0.015625 -0.451832 -0.032179
  0.003558  0.327862  0.179598 -0.977331  0.294494  0.143312]
[-0.402469  0.333004  0.307167  0.320297  0.287407  0.135144 -0.033426
  0.234922  0.303707  0.014594 -0.501952  0.297116 -0.207769  0.300135
  0.074207  0.223539  0.312762  0.304714  0.045821  0.066043]
[ 0.306319  0.161844 -0.298049  0.32185   0.04854  -0.111909 -0.384773
  0.333128 -0.033054  0.18122   0.297088 -0.085675  0.242875 -0.902278
  0.251818  0.31562   0.32405   0.333332  0.142091  0.273628]
[-0.086815  0.331068 -0.747271  0.197755 -0.984567  0.275636  0.039707
  0.333323 -0.9443    0.314335  0.247549  0.307835  0.318513  0.269648
  0.194941  0.244425  0.189491  0.312564  0.326294 -0.836766]
[ 0.176107 -0.059977  0.232049  0.276146  0.115083  0.322713  0.189917
  0.297966  0.166695  0.224889  0.312224  0.33219   0.323578  0.317801
  0.095648  0.228513 -0.0807    0.289341  0.320967 -0.93769 ]
[ 0.004961 -0.422124 -0.158542  0.21677  -0.999721  0.317451 -0.415479
  0.261101  0.317208  0.330282  0.081739  0.324591  0.256292  0.260004
  0.226097 -0.008181  0.171956  0.313082  0.319718  0.333205]
[ 0.327339  0.183079  0.325551  0.1374    0.332013  0.22927   0.203791
 -0.105487  0.286767 -0.999437  0.210141  0.281975  0.227343 -0.987505
  0.333309  0.309961  0.102456  0.311203  0.332546 -0.076903]
[-0.067187  0.333333  0.277206  0.322994 -0.850667  0.24464  -0.249346
 -0.170479  0.147688  0.057437  0.325275  0.145684  0.333304  0.324385
  0.327265 -0.566455  0.10907   0.327886  0.317857  0.332947]
[ 0.308304 -0.206897  0.274645  0.118226  0.313922 -0.998744 -0.495236
  0.294451 -0.025524 -0.523205  0.1108    0.251724  0.281165  0.237251
 -0.998828 -0.031033  0.229847  0.327834 -0.189471 -0.844926]
[ 0.265268  0.291007  0.080087 -0.942095  0.221856  0.280247  0.020726
 -0.079001 -0.613013 -0.403585  0.29777   0.230747 -0.136579  0.219647
  0.333317  0.296719 -0.122782  0.311398  0.167687  0.31256 ]
[ 0.333025  0.316216  0.210877 -0.120065 -0.553011 -0.681255 -0.364581
  0.268485 -0.91184   0.331732  0.332309  0.178896  0.212315  0.253317
  0.068235 -0.260564  0.321412  0.212985  0.276927 -0.715957]
[-0.03324  -0.017161 -0.051711 -0.766869  0.24649   0.27775   0.239948
  0.182702  0.333275  0.331508  0.01569  -0.738168  0.323073  0.274334
 -0.423074  0.097492  0.30269  -0.163156  0.275318  0.233684]
[ 0.060601 -0.994049  0.306044 -0.691525  0.31911   0.165693 -0.753814
  0.324467  0.316748  0.047404  0.045843  0.113012  0.323378 -0.055839
 -0.381306 -0.032113  0.306048  0.329806  0.180946 -0.257466]
[-0.01555   0.158056  0.200131  0.32624  -0.376307  0.330682 -0.83464
  0.162252  0.32275   0.022996  0.32465   0.250464  0.10436  -0.871636
  0.314036 -0.045956  0.132315  0.302418  0.075044  0.007536]
[ 0.044387  0.072561 -0.363568  0.045974 -0.626614  0.022512 -0.557217
  0.003468 -0.231649  0.333027 -0.899053 -0.450234  0.086729  0.138018
 -0.508642  0.057126  0.251759  0.2167   -0.083426  0.259513]
[ 0.294594 -0.978669 -0.874253  0.250564  0.240749  0.246416  0.253123
  0.051039  0.285775  0.223043 -0.47489  -0.541521 -0.926644  0.08189
  0.264058  0.008169 -0.158479  0.17182  -0.845836 -0.834163]
[-0.249148 -0.439895  0.259923 -0.351007  0.172342  0.093018  0.316091
 -0.900041 -0.994097  0.282307  0.220615  0.120768  0.28872  -0.161449
 -0.662694 -0.662509 -0.953278 -0.234878  0.284822  0.136566]
[ 0.332852 -0.64922  -0.601872  0.212668  0.169833  0.154106  0.277865
  0.302783 -0.146429  0.139218  0.329029  0.199658 -0.24111  -0.066841
  0.119261 -0.008718  0.28244   0.252868 -0.171263 -0.441253]
[ 0.331155  0.309373  0.331356  0.163786  0.333128 -0.663382 -0.045704
  0.275646  0.322336  0.171817  0.200206  0.2737    0.011871  0.254315
  0.015278 -0.773477  0.02388   0.31838  -0.018934 -0.036941]
[ 0.211238 -0.61558   0.167009  0.18986  -0.041975 -0.525862  0.089691
  0.215519 -0.330112  0.285315  0.171353 -0.910322  0.332904 -0.336282
  0.235455  0.231173  0.277954 -0.335863  0.015851 -0.489891]
[ 0.333094  0.051046 -0.50455  -0.699515 -0.077228  0.160472  0.242939
 -0.210549  0.123106  0.328421  0.191581  0.095754  0.31562   0.323836
  0.026942 -0.437974  0.254758 -0.124027  0.276033  0.309662]
[ 0.294526 -0.160057 -0.997936 -0.050305  0.024855  0.332413  0.082571
 -0.098611  0.300725 -0.001376  0.331009 -0.219642  0.325148  0.117604
  0.309972 -0.406294 -0.466932  0.029548  0.329423 -0.165773]
[-0.282738  0.129843  0.144007  0.222431  0.290385  0.294792 -0.933098
  0.276094  0.304042 -0.163498  0.333333  0.247496  0.333323  0.330387
  0.267215  0.317068 -0.879441  0.329617  0.194237  0.12815 ]
[ 0.027971  0.216456  0.267308 -0.939535 -0.227083  0.310825  0.046758
  0.310592 -0.43551   0.250225  0.268404 -0.068     0.260412 -0.063744
  0.293076  0.299513  0.332583  0.067733  0.290285  0.289731]
[ 0.329728  0.297715 -0.934624  0.170989  0.323124 -0.22414  -0.610502
  0.188668  0.252477  0.252732  0.331818  0.32363  -0.620624  0.236427
  0.16101   0.312849  0.289314  0.303946 -0.865855 -0.297477]
[-0.826236  0.324922  0.317218 -0.706653  0.254345  0.306808  0.261326
  0.331099  0.265037  0.260098  0.28891   0.329221  0.232545  0.284276
 -0.111422 -0.715922  0.243733  0.315412  0.026926  0.309227]
[ 0.322897  0.309816  0.07692  -0.674691 -0.579992  0.149464 -0.079257
  0.316956  0.290794  0.275622 -0.201221  0.253156 -0.632851 -0.145816
  0.271645 -0.681672 -0.349559  0.163827 -0.99909  -0.929575]
[ 0.19102  -0.221738  0.304641  0.323208 -0.524529  0.197959  0.287774
  0.305165  0.03095   0.138337  0.322507  0.284166  0.288349  0.124066
 -0.767607 -0.413593  0.027267  0.333088  0.129243 -0.066987]
[ 0.022079  0.32035   0.271854  0.100283  0.211406  0.328791  0.268828
  0.208341 -0.946343  0.254834 -0.484974  0.271801 -0.230166  0.045596
  0.330173  0.310091 -0.621595  0.288966  0.323598  0.162878]
[ 0.192314 -0.889252  0.149342  0.196379  0.259019  0.333333  0.112885
  0.324091 -0.812807  0.319206  0.332866  0.171583 -0.402224 -0.088723
  0.256331  0.317395 -0.888063  0.234061  0.291978 -0.261874]
[ 0.305884  0.171126  0.316365  0.01798  -0.306563  0.333054  0.126371
  0.255256  0.249028  0.271085  0.324945  0.095893  0.328427  0.117214
  0.1592   -0.890242  0.298166 -0.201417  0.189707  0.321818]
[ 0.164102  0.236191  0.33226   0.198116 -0.52219  -0.143889  0.235404
  0.274699  0.246536  0.15383   0.286823  0.332731  0.261974  0.19792
 -0.763684 -0.248889  0.032355  0.261959  0.259607 -0.066239]
[ 0.067052  0.328586 -0.157039 -0.219896 -0.405114 -0.24935   0.331327
  0.327947  0.015018 -0.315952  0.333333  0.149568 -0.054739  0.272703
  0.299002 -0.075904 -0.192284  0.284556  0.298913  0.330696]
[ 0.285576  0.326966 -0.878902  0.293443  0.181223  0.28163  -0.134678
  0.276655  0.301825 -0.95741  -0.997299  0.304911  0.157533 -0.918711
 -0.532648  0.332041  0.274009 -0.60197   0.071932  0.242481]
[-0.757574  0.332096 -0.919205  0.152753  0.332913  0.333198  0.32222
  0.086047  0.31894   0.269323  0.302635  0.198462  0.213127 -0.224796
 -0.091982 -0.989721  0.145069  0.331013 -0.638389  0.227846]
[ 0.066467  0.113675  0.008639 -0.985949  0.309654 -0.808163  0.23498
  0.320466  0.199683 -0.269727 -0.116118  0.329319  0.253297  0.305435
  0.289088  0.333094  0.279882 -0.025748 -0.332131 -0.08285 ]
[ 0.204236  0.221609  0.3248   -0.358517 -0.500697  0.201027 -0.247348
  0.300596  0.211901  0.328366  0.150156 -0.896091 -0.244372 -0.81639
  0.205635 -0.267714 -0.410558  0.154644  0.291382  0.333208]
[ 0.33277  -0.389479  0.22264  -0.010908 -0.353811 -0.719222  0.207337
  0.313148 -0.187576  0.30907  -0.556502 -0.027654 -0.511184  0.267028
  0.110248  0.302362 -0.189276  0.033261  0.327202  0.328436]
[ 0.292873  0.308757  0.332719 -0.068244  0.301186  0.325634  0.066163
  0.332397 -0.282079  0.053692  0.052166  0.24203  -0.03782   0.321136
  0.329675  0.274094  0.332334  0.327493  0.273822 -0.398327]
[ 0.32893   0.158556  0.080599 -0.968023  0.199979  0.329959 -0.561432
 -0.93378   0.121333  0.323808  0.320332 -0.542207  0.030109 -0.04379
 -0.526039  0.021226  0.245111  0.290713 -0.387306 -0.776227]
[ 0.328273  0.333209  0.332915 -0.536727 -0.746502 -0.612066  0.331242
 -0.066177  0.331862  0.330151 -0.492901  0.324458 -0.29312   0.323029
 -0.062467  0.07094  -0.209773  0.139895  0.295917 -0.494397]
[ 0.258592  0.174156 -0.146344 -0.363553  0.171761  0.314832 -0.998957
 -0.240809 -0.318994  0.152677  0.33051   0.322726  0.319315  0.187649
  0.333327  0.101492 -0.309291  0.310443  0.324298  0.10095 ]
[ 0.324914  0.332663 -0.647375  0.332057  0.266028 -0.015083 -0.069789
  0.330996 -0.998741  0.309773 -0.098599  0.333313  0.322794 -0.388558
  0.244249  0.304519  0.054065  0.189103  0.276291  0.130013]
[ 0.29966   0.332781 -0.226351 -0.045791 -0.48807   0.32092   0.116759
  0.3018    0.263463  0.323224  0.205387 -0.944488 -0.37997  -0.081661
  0.208641  0.074231  0.329639  0.31589   0.332897  0.330993]
[ 0.25414   0.322531 -0.111894  0.108406 -0.275635 -0.153009 -0.721172
  0.212175  0.251586 -0.141842  0.330998  0.294187 -0.960006  0.242397
  0.299034  0.266126 -0.996517 -0.128424  0.240351  0.193488]
[ 0.1392   -0.359713  0.001537  0.301117  0.312884  0.240325  0.329722
  0.15344  -0.416712 -0.270414  0.292201  0.308189 -0.388962  0.331513
  0.246395  0.32916   0.209012  0.237606  0.321998 -0.947768]
[ 0.3195   -0.958327  0.220404  0.290444  0.31394  -0.749718  0.001764
 -0.331729  0.302711  0.332465 -0.835876 -0.793267 -0.758339 -0.988465
  0.223383  0.183156  0.15342   0.14903   0.326507  0.333085]
[0.0091058945782874767, 0.039452608294806721, 0.0062264399492282796, 0.068470109856538813, -0.033288214033820096, 0.087869269296098979, -0.022237134821662397, 0.053587192686341378, -0.016780225136483362, 0.032007784798482791, 0.037297692328141119, -0.0074110139407382522, 0.057279253376566697, -0.013229140224930769, -0.0079817726337440553, -0.046030160573741041, -0.030175446745390244, 0.071165600149114355, -0.025303150825129905, 0.038538604280055982, 0.019456919914623907, 0.018784529432422148, 0.018269064884181313, -0.032281062466912536, 0.0050888602245077186, 0.012507609189426755, 0.057422853843456301, -0.026495333030715884, 0.0019456780444408739, 0.011687372227547566, -0.014456675709678185, 0.083342780347607726, 0.02202442740112992, 0.04620283963021099, -0.050676805608136255, -0.0090759780288367509, 0.038592308347109999, 0.018846024049049406, 0.040626382749188283, -0.0065596140084301924, 0.055490513832708657, 0.057229843750600903, -0.081916743794592073, 0.03663198615488017, 0.072408538798587996, 0.02444061502058982, 0.05092789217141383, -0.0072777086951354153, -0.062982561103166357, 0.016508191466021283, 0.021713786785987566, -0.048830864046665812, -0.066544272744641919, 0.076559456418823835, 0.018211172716405488, 0.073251808596126899, 0.046409867739367353, -0.038193293172393505, 0.021501022959041608, -0.012849323594978479, -0.012349155984649543, 0.10228096625811581, -0.00042667954459785218, -0.036312055264098642, 0.03481997150117179, -0.012034868395806753, 0.018069651347137672, 0.026967394504224057, -0.0043918464620809061, 0.035660800541882781, 0.011961330148617555, 0.028064698050094705, 0.0073445451421906283, 0.047647415974190477, 0.076352500313986715, -0.032731843381925585, -0.010166263663461308, -0.021936823105298209, -0.0030324515806587904, 0.014909675005100542, 0.077187379985506871, -0.009739385341601417, -0.005651831321046602, 0.036469166723772317, 0.053984762954328872, 0.0078685742889561469, -0.0053970011101602267, -0.025128983714221342, -0.003926421250739609, -0.0041932156726747771, 0.0015254530172696401, -0.030190433466718125, 0.07414870403913193, -0.082561456445535308, 0.09178325397469575, 0.037549552927821972, 0.026011519065791633, 0.081971496666408489, 0.046767475624923713, -0.085767195090160453]
('time: ', 11792.33225107193)
