“Running plot script on a single CPU core”
[ 0.333193  0.325426  0.330215  0.330052  0.01486   0.244086  0.31907
  0.332847  0.251326 -0.133316 -0.031532  0.332137 -0.992884 -0.074508
 -0.99848  -0.684974 -0.427281  0.096649 -0.999952 -0.849234]
[-0.893224  0.222407  0.306852 -0.06428  -0.137561  0.131995  0.123026
  0.248928 -0.840631  0.308633 -0.089214  0.223073  0.297623 -0.113926
  0.277276  0.289251  0.326296  0.27583   0.265488 -0.073708]
[ 0.325925 -0.918551 -0.677574  0.325986  0.249102 -0.102708  0.256299
 -0.498297 -0.171386  0.164852  0.291563 -0.887152  0.22126  -0.708128
  0.161369  0.262774  0.185444  0.188624  0.247432  0.069408]
[-0.088305 -0.998079  0.326425 -0.698325 -0.197286  0.323284  0.08613
  0.113068 -0.346096  0.32966  -0.441768  0.326311  0.238161  0.333162
  0.113625  0.088133  0.169941 -0.682455  0.332939  0.254104]
[ 0.236874 -0.758786  0.333161 -0.770827  0.333289 -0.680751 -0.181234
 -0.528633  0.326863  0.314365 -0.921549  0.270373  0.240229  0.090336
 -0.992405  0.326938  0.25781   0.327159 -0.612046  0.264255]
[-0.043055  0.308846  0.297416 -0.448895  0.2537    0.26487   0.046174
  0.275809  0.013239 -0.165801 -0.702456 -0.314375 -0.896938 -0.058996
  0.073326 -0.949872  0.282609 -0.476073  0.283637  0.254352]
[-0.738711  0.048301  0.332599  0.329962  0.296023  0.332603  0.315776
  0.323453  0.242372 -0.04437   0.235454 -0.999138  0.272406  0.270597
  0.180203  0.176205  0.330575  0.232701  0.180945  0.279943]
[-0.561393 -0.430608  0.331191  0.231401  0.132067 -0.929207  0.313913
 -0.962162 -0.998741  0.332891  0.323447  0.059737 -0.001655 -0.618994
 -0.999825 -0.21501   0.292715  0.320989  0.096501  0.330896]
[ 0.298857  0.122743 -0.969809 -0.146144  0.234086  0.206703  0.091418
  0.161063  0.2514    0.176157  0.266025  0.302099  0.029376  0.30233
  0.218492 -0.064438  0.213827 -0.039163  0.304527  0.302306]
[-0.35295   0.33291   0.299293  0.088279  0.324964 -0.981415  0.305509
  0.257395  0.273925 -0.993289 -0.234232  0.317896  0.098234  0.327749
  0.311804 -0.859608  0.035883  0.316074  0.330252  0.315432]
[ 0.24005   0.287979  0.332424  0.18819   0.29984  -0.491208 -0.335491
  0.314249  0.205993  0.031274 -0.167351  0.124893 -0.581656 -0.161228
 -0.146692  0.149466 -0.578891  0.009893  0.044775 -0.975526]
[ 0.288344  0.274777 -0.589972  0.036951  0.131733 -0.206654  0.245097
  0.23212  -0.552335  0.073319 -0.268608  0.259912 -0.824727  0.325784
 -0.090881 -0.07984   0.315976  0.15853   0.16441   0.055099]
[-0.223357  0.327017  0.320486  0.330241  0.22287  -0.103096  0.321569
  0.330124 -0.346107  0.168649  0.087331  0.201456 -0.90272   0.193911
 -0.630064 -0.568359  0.321213 -0.428902 -0.431988  0.272718]
[ 0.100974  0.252475  0.29701  -0.773911  0.091142  0.32124   0.292608
  0.323446  0.329642  0.278739 -0.083311  0.332012  0.295033 -0.998506
 -0.254714  0.231288 -0.727737 -0.956618  0.329687  0.278967]
[ 0.286673  0.302749 -0.183773  0.127775  0.256243  0.322411  0.021148
  0.289036 -0.346434  0.118271  0.321925  0.253656 -0.966757  0.239798
  0.314033 -0.998842  0.218306  0.31393  -0.394249  0.322848]
[ 0.129159 -0.981354  0.219222 -0.052199  0.170726 -0.968441 -0.035549
 -0.005436  0.075036  0.321053  0.104879  0.239652  0.333211 -0.071013
  0.247734  0.053887 -0.456151  0.316231  0.321839 -0.834262]
[ 0.073844  0.324235 -0.939385  0.322281  0.298196 -0.821343  0.075947
 -0.131806  0.273238 -0.207074  0.104246  0.319886 -0.512126 -0.218546
  0.31746   0.288446  0.030461  0.304636  0.218074  0.126754]
[-0.630621 -0.396537  0.330004  0.10024  -0.053001  0.331951 -0.246147
 -0.116422 -0.827594 -0.882813  0.29133   0.328219 -0.367942  0.191791
  0.30341   0.319581 -0.741511  0.241843  0.168826  0.057794]
[ 0.253798  0.333285  0.32384  -0.103978  0.331442  0.209869 -0.525131
  0.265175  0.283475  0.320861  0.326342 -0.066466  0.040835 -0.046947
  0.299396  0.332509  0.298138 -0.608469 -0.11842   0.283159]
[ 0.018755  0.333141  0.206554  0.281418  0.11649  -0.308066  0.243118
  0.215578 -0.475429  0.299271  0.151402  0.328377  0.254832  0.285369
  0.145795  0.327597 -0.046232 -0.86454  -0.316684 -0.983918]
[ 0.33331   0.333333  0.177833  0.332651  0.232587 -0.143628 -0.147018
 -0.852975  0.235916  0.190985  0.33003   0.328653 -0.760461  0.291069
  0.326453  0.316218  0.114102  0.053528  0.125332 -0.042513]
[ 0.329789  0.322588  0.217585  0.259078 -0.123012 -0.384307  0.331683
  0.328385  0.298873  0.014116 -0.985797  0.206214  0.236664  0.310123
  0.323695  0.311877  0.275728  0.25917   0.32714   0.3228  ]
[ 0.238118  0.113607  0.25976  -0.998773 -0.392679 -0.451884  0.308547
 -0.338977 -0.363839  0.280123  0.32276  -0.087147  0.159982  0.310019
  0.28793   0.331404  0.198868  0.279958  0.261946  0.316558]
[-0.917354 -0.521672  0.254819  0.330435  0.333189  0.332071  0.257793
  0.050962  0.214313  0.063304 -0.999259  0.320206 -0.174422 -0.543862
 -0.371667 -0.117254  0.326217  0.291362  0.255548  0.170691]
[ 0.302382  0.025338 -0.181038  0.0911    0.122785  0.119563  0.2801
 -0.253877 -0.752555  0.140991 -0.394585 -0.913079  0.288225 -0.573455
 -0.050792  0.313306 -0.930521  0.32366  -0.865509  0.328687]
[ 0.317898  0.187671  0.32957   0.332477  0.291705 -0.70313   0.318448
  0.203334  0.244336  0.325765  0.308505  0.189268  0.097023 -0.258145
  0.325387 -0.363434 -0.235795 -0.660401 -0.951932  0.235336]
[ 0.31989   0.298488  0.328443  0.317769 -0.373612  0.265301  0.210331
  0.33332  -0.023189  0.229663 -0.028527  0.332224 -0.483845  0.322017
 -0.09174   0.3237    0.23734   0.086505 -0.898085  0.196093]
[ 0.234294  0.004813 -0.257243 -0.429424  0.315935  0.302181 -0.314771
 -0.79971   0.319885  0.327904 -0.516246 -0.977396 -0.155889  0.299885
  0.20878   0.189333  0.213078  0.243879  0.20734   0.253528]
[-0.061748 -0.049302 -0.247555  0.332358 -0.992882 -0.341647  0.248744
 -0.19039  -0.636715  0.074687 -0.802026  0.326967  0.049603 -0.062439
  0.267452  0.332705  0.325845  0.318497  0.321605  0.264098]
[ 0.234269  0.299448  0.318003 -0.137641  0.139297  0.0353    0.333227
  0.292642 -0.016428 -0.284663 -0.14289  -0.94312   0.168834  0.298787
  0.33327  -0.463967  0.322084  0.201965  0.236744  0.072257]
[ 0.189156  0.327286  0.309579  0.333068  0.332527  0.074107  0.287853
  0.318381  0.255359  0.244901 -0.746697  0.141843  0.256047  0.324401
  0.073253 -0.280335 -0.999052  0.319108 -0.566991 -0.077506]
[ 0.3318   -0.520794 -0.292558 -0.126457  0.315298  0.239159  0.331957
  0.31403   0.196503  0.320475 -0.994449  0.086314 -0.995065  0.309443
 -0.315687  0.211014  0.204297  0.072761  0.268192  0.307682]
[ 0.163165 -0.349783 -0.176667  0.106979 -0.265631 -0.998132  0.143926
 -0.232112  0.053717  0.061116 -0.844672 -0.276883  0.212639  0.060106
  0.100564  0.290059  0.142515  0.328482 -0.14314   0.23879 ]
[-0.070918 -0.094812 -0.403534 -0.998788  0.326669  0.306731  0.327861
  0.305986  0.295055 -0.776979  0.324997  0.240975  0.122791 -0.256854
 -0.833126 -0.368405 -0.412212  0.286707  0.15385   0.149349]
[ 0.245102 -0.896259 -0.296599 -0.313899  0.322299  0.331446  0.223077
  0.332052 -0.141138  0.31749   0.324546 -0.138962  0.254322  0.212596
 -0.742476 -0.334681  0.266513  0.164629  0.189506  0.31807 ]
[ 0.159325  0.330796  0.036032  0.313956 -0.003     0.257555  0.200073
  0.333316  0.225703 -0.965076  0.300783  0.307359  0.332799  0.332374
  0.305948 -0.625     0.319491 -0.054876  0.275964  0.228725]
[-0.325934  0.275226 -0.236069  0.329638  0.253756 -0.610938  0.131208
  0.198102  0.328741 -0.222511  0.107705  0.329844 -0.825716  0.328966
  0.061802  0.083573  0.21594   0.278329 -0.271896 -0.999934]
[ 0.244273  0.315355 -0.999166  0.081333  0.287349 -0.912404 -0.372888
 -0.78275   0.034882  0.027001 -0.074751  0.253658  0.171382  0.19991
  0.289533  0.259164 -0.942842  0.317704  0.32491   0.123896]
[-0.371712 -0.754799  0.090606 -0.958758  0.318968  0.332643  0.071679
  0.324143 -0.729678  0.32502   0.214664  0.04849   0.277873  0.249109
  0.332928  0.231867 -0.315205 -0.662983  0.332781  0.238293]
[ 0.262125  0.307892 -0.496949  0.33046  -0.381425  0.015142  0.26181
 -0.154753  0.331316 -0.375091  0.005296  0.287545 -0.733658  0.319419
  0.120049 -0.015787  0.294409 -0.649406  0.256885  0.239744]
[ 0.156925 -0.462549  0.33311   0.294946  0.120025  0.33327   0.247394
  0.293071  0.30983   0.05728  -0.48458   0.242149  0.141963  0.293155
  0.30263  -0.098218  0.084218  0.328872 -0.607182  0.320087]
[ 0.2932    0.324631  0.328666  0.096439 -0.048883 -0.031886 -0.065924
 -0.076334 -0.133762  0.286712  0.180172  0.324156  0.174721 -0.06692
  0.184908  0.076541  0.2203   -0.995233  0.333181  0.284469]
[ 0.258094  0.302973  0.254962  0.324637  0.304191  0.114325  0.272729
  0.141667  0.182687  0.209846  0.0766   -0.266239  0.023108  0.332601
 -0.944378  0.299232  0.258975  0.167784  0.138842  0.025988]
[-0.052284  0.307904 -0.623918 -0.483794  0.04546  -0.997085 -0.626558
  0.274885 -0.168236  0.05159  -0.070311  0.239041  0.282321  0.331888
  0.069365 -0.196868 -0.664362  0.331542 -0.915764 -0.028325]
[-0.399433  0.330483 -0.59365   0.328332  0.332372  0.307262  0.206242
  0.300693  0.079979 -0.115735 -0.945867  0.317349  0.246552  0.331133
  0.034718  0.146505  0.322491  0.153327  0.262812  0.206703]
[ 0.278646  0.127838 -0.145998  0.313759 -0.038026 -0.551178  0.13377
  0.258231  0.015806  0.300984 -0.270243  0.272107  0.320198  0.333041
  0.324896  0.275038  0.253741  0.328803 -0.181294  0.289288]
[ 0.333291  0.273218 -0.81028   0.324739  0.323049  0.302356  0.332134
  0.29766  -0.662632  0.313464  0.31906  -0.437464  0.279162  0.236507
  0.203434  0.306102  0.325325  0.301982  0.3332   -0.295724]
[-0.957603  0.244366 -0.37502  -0.961761  0.32928   0.184826  0.039926
  0.315687  0.31792  -0.814224 -0.986746  0.326242  0.306726 -0.999058
  0.320678  0.32382   0.135903 -0.64629   0.333321  0.05979 ]
[-0.152024 -0.312836  0.333221  0.313582  0.32635   0.228926 -0.12972
 -0.204793  0.30878   0.121915  0.325042  0.054537  0.325747 -0.502528
  0.287105 -0.661807  0.190447  0.321289 -0.562032  0.29843 ]
[-0.117902  0.324962 -0.001761  0.169979 -0.039429  0.009851  0.278985
 -0.220667  0.333278 -0.619777  0.285576 -0.981014  0.332708  0.136038
  0.333333  0.313482  0.332749  0.021315  0.159001  0.119297]
[ 0.057287 -0.655053  0.11358  -0.369538 -0.432096  0.321489 -0.053209
 -0.461587  0.287635 -0.158533  0.153102 -0.690345 -0.239934  0.228762
  0.296037  0.217021 -0.877763  0.287447  0.324222 -0.191806]
[ 0.138273  0.225041  0.003891  0.331713  0.061332  0.131983 -0.281274
  0.306362  0.001731  0.19463   0.065503  0.212144 -0.129522  0.079146
 -0.846521  0.286363  0.169416  0.333248  0.175731 -0.794179]
[ 0.247312  0.149609 -0.14478   0.309946  0.314899  0.141344 -0.577126
  0.324823  0.331967  0.328     0.153797 -0.53434  -0.166939  0.085531
  0.330383 -0.99355   0.330837 -0.285558  0.237917 -0.998274]
[ 0.267113  0.057785  0.308512 -0.544087 -0.801132  0.322136  0.216017
  0.058194 -0.701847  0.292821  0.098287  0.100836  0.105018  0.010828
  0.306674 -0.336086  0.331237 -0.732385  0.322528 -0.526319]
[ 0.333135  0.31691   0.204381 -0.455918  0.333155  0.044949 -0.754374
  0.170686  0.117708  0.161502 -0.718912  0.318839  0.247967  0.094325
  0.19275   0.332414 -0.908801  0.279376 -0.5979    0.236627]
[-0.163987  0.332231 -0.456807  0.304187  0.155698 -0.398184 -0.702526
  0.084172 -0.106462  0.298439 -0.976714  0.327437 -0.296471  0.088977
  0.333333 -0.163501  0.294913  0.224177 -0.965595  0.283191]
[-0.88854  -0.246767  0.276685  0.14664  -0.93011   0.332746  0.182768
  0.164705  0.326804  0.058179 -0.956544  0.307831  0.084437 -0.242566
  0.166511  0.189832 -0.040084  0.255406  0.29496  -0.73874 ]
[-0.033246 -0.858517  0.257325 -0.561494  0.315482  0.078569 -0.544738
  0.18751   0.329483  0.289751  0.267398  0.289765 -0.361313  0.263291
  0.104757  0.310271 -0.582022 -0.767028 -0.959232  0.077427]
[ 0.282318 -0.05647   0.298062 -0.611416  0.295309 -0.413871  0.329857
  0.274002 -0.997941 -0.089337 -0.968936  0.290082 -0.244564  0.009585
  0.299989 -0.615391  0.317068  0.094953 -0.668282 -0.468552]
[ 0.331363  0.258941  0.321667  0.265269  0.256779 -0.312915 -0.999642
  0.302038 -0.321296  0.173699  0.229333 -0.99504   0.313949  0.321574
 -0.173596 -0.356802  0.326861  0.312367 -0.840934  0.195337]
[ 0.159336  0.139053  0.259438  0.258389  0.298308 -0.602766 -0.018243
 -0.780506  0.33308  -0.834507  0.222445  0.312465  0.316986 -0.44831
  0.181258  0.309014  0.208372 -0.579938 -0.569421  0.330002]
[ 0.317172  0.316815 -0.999441  0.308213  0.331669  0.096655  0.239318
  0.143911  0.100676  0.293246 -0.00611  -0.908399 -0.762868  0.124651
  0.300196  0.293215  0.186043  0.327882 -0.419129  0.333073]
[ 0.246068  0.306346  0.332431  0.156963  0.228988 -0.973778  0.185494
  0.270562  0.300539  0.283506 -0.409759  0.222679  0.330031  0.313594
 -0.356662  0.180744  0.245977 -0.578536  0.182114  0.141607]
[ 0.216733  0.200241  0.028391  0.325671 -0.747726  0.317979  0.28466
  0.300948  0.065192 -0.108557  0.30915   0.209868  0.32965   0.302576
 -0.602478 -0.379715  0.325411 -0.16568  -0.008734  0.225758]
[ 0.273187  0.286091 -0.019866 -0.296652 -0.99402  -0.884499 -0.034105
 -0.066601  0.015898  0.33122   0.160145 -0.198928  0.332893 -0.046979
  0.091022  0.208044 -0.263149  0.290254  0.2813   -0.030475]
[ 0.318229  0.193428  0.333056  0.317794  0.306567  0.143337  0.214806
  0.243379  0.0514    0.00883   0.027231  0.17576  -0.729699 -0.006498
  0.220232  0.314323  0.123631  0.290886  0.221892  0.254398]
[ 0.323597  0.185309  0.010315  0.296387  0.069031  0.307115 -0.749709
  0.265655  0.033858  0.114731  0.271591  0.320711  0.333078  0.291008
 -0.861109  0.294323  0.31472   0.214709  0.294544 -0.258054]
[ 0.295248 -0.372046  0.304674 -0.45075  -0.183604  0.333227  0.331687
  0.333313  0.140442  0.178113  0.329659 -0.743142  0.315447  0.31741
  0.325877  0.211506 -0.778752  0.330473  0.244627 -0.009298]
[ 0.086546 -0.930418  0.309327 -0.426001 -0.260135  0.094366 -0.139949
 -0.401985  0.169596  0.149853  0.317448 -0.515053 -0.939049 -0.86074
 -0.574316 -0.632336 -0.495664 -0.94291  -0.754729 -0.1018  ]
[ 0.310047  0.214048 -0.997875  0.262408  0.01436   0.189013 -0.592074
  0.217506 -0.104491 -0.283052  0.305476  0.24852   0.017286 -0.003473
  0.201738  0.239634 -0.990045  0.213313  0.310644 -0.518707]
[ 0.152522 -0.99983   0.261442 -0.207208  0.221878  0.248731  0.130812
 -0.908982  0.327287  0.211894  0.327401  0.118452  0.298945 -0.164659
  0.327293  0.005624  0.266458 -0.18624   0.264967 -0.159755]
[ 0.331815  0.002971  0.008672 -0.2886    0.212342  0.328013 -0.296401
  0.327878  0.277741  0.135121  0.292528 -0.235339 -0.538676  0.076767
  0.333319  0.325155  0.145874  0.324781  0.121949  0.325196]
[-0.842216  0.1378   -0.568969  0.332304  0.267713  0.270366  0.267138
  0.331215  0.324974 -0.310067  0.217587  0.331882  0.009615  0.270615
  0.31868   0.332851 -0.714807 -0.999973  0.147495  0.332112]
[ 0.30947   0.333275  0.175765  0.271494 -0.090785  0.264617  0.213616
 -0.075314 -0.68758  -0.355289  0.149463  0.173707  0.307787  0.314428
 -0.058082 -0.601436  0.311864  0.263107  0.15      0.296247]
[ 0.333135  0.007018 -0.616551  0.202967  0.283866  0.270708  0.205397
 -0.10991   0.322545 -0.332608 -0.997876  0.231297  0.255216 -0.997326
  0.252333 -0.696363  0.001797 -0.685557  0.027587  0.089125]
[-0.193277  0.313156  0.108474 -0.814536 -0.297818  0.285649  0.331883
  0.162339  0.238711 -0.188874  0.331188 -0.950983  0.286025  0.294139
 -0.579768  0.042223  0.088263  0.207465  0.063367  0.293171]
[-0.233174  0.325226  0.332321  0.317475 -0.98459   0.300602  0.273563
 -0.168376 -0.320754 -0.768702  0.330144  0.32078  -0.510147  0.190922
 -0.34498   0.301338  0.288004  0.33093  -0.26632  -0.141415]
[-0.324971 -0.698015  0.317586 -0.603235 -0.833241  0.11266  -0.999598
  0.155586 -0.802126 -0.036269  0.30269   0.034152  0.109572 -0.948682
  0.332409  0.004884  0.267066  0.270016 -0.317353  0.118099]
[ 0.315865  0.330313  0.211541  0.332709 -0.202315  0.103624 -0.200463
  0.333062 -0.995568  0.322999 -0.088101  0.097858  0.267036 -0.266853
 -0.003899 -0.887041 -0.497387  0.33296  -0.285218  0.322142]
[-0.331674  0.318576 -0.608567  0.261572 -0.372517  0.318986  0.296607
 -0.107616  0.332825 -0.66672  -0.074232  0.315191 -0.548975  0.096708
  0.320814 -0.620578  0.306049  0.191205 -0.897993  0.333139]
[-0.393744 -0.396716  0.101339  0.322569  0.317717 -0.566838  0.311751
  0.29928   0.256172  0.220448  0.198667  0.267093  0.052745  0.13071
  0.129352 -0.157379  0.173512  0.304891  0.316914  0.112642]
[-0.229343  0.31037  -0.698611  0.246594 -0.522948  0.256795  0.31185
 -0.691993 -0.063613  0.231491  0.24097  -0.786827 -0.254128 -0.736262
  0.230164  0.089246  0.27545  -0.077759  0.30913   0.133623]
[ 0.240762  0.313198 -0.468219  0.33333  -0.003513 -0.332379  0.265589
  0.329306 -0.561487  0.315386 -0.014578  0.073766  0.327814  0.036954
 -0.784915  0.125665  0.216129 -0.985609  0.152388 -0.45482 ]
[ 0.224433  0.313138  0.293493  0.313163  0.272538 -0.999998 -0.372154
 -0.187097  0.208788 -0.157459  0.333188 -0.661653  0.330849 -0.53639
  0.273681 -0.81947  -0.137428  0.002604  0.32534  -0.45947 ]
[-0.547054  0.241318  0.162031  0.037239  0.103041  0.32605   0.163792
  0.310115  0.134633  0.164219  0.248643 -0.537615  0.275902 -0.152722
 -0.999461 -0.172473  0.288906  0.258083  0.011244  0.120196]
[ 0.330171 -0.941278 -0.26514  -0.919544 -0.483299  0.332643 -0.852835
  0.293383  0.119301  0.251362  0.323706 -0.020269  0.216578  0.167584
 -0.276796  0.262786  0.33215   0.005477 -0.413726  0.265206]
[ 0.085636  0.270744  0.285575  0.28107   0.318242  0.246499  0.266276
  0.315419 -0.929542 -0.693343  0.263403  0.308481  0.261783 -0.012907
 -0.240819  0.236324  0.278519  0.269381  0.077999 -0.075776]
[ 0.329308  0.124496  0.200863 -0.121168  0.333262  0.333318 -0.298919
 -0.013336 -0.394191 -0.276074  0.083646  0.263013  0.309305 -0.372063
 -0.073282 -0.368203 -0.893267  0.31726  -0.247906 -0.50692 ]
[ 0.288067  0.298987 -0.103248  0.288753 -0.036789  0.17184  -0.746287
 -0.979583  0.322867 -0.003073 -0.183508  0.017625 -0.991525  0.271249
  0.260368  0.255718  0.328799  0.229154  0.331805 -0.018037]
[-0.16227  -0.837806 -0.202779  0.072058  0.242879  0.330932  0.272935
 -0.599201  0.330323  0.333313  0.325872  0.330906  0.325506  0.327296
  0.291969  0.279821  0.3333    0.324413 -0.989222  0.212528]
[ 0.316947  0.234016 -0.892735  0.305626  0.288543  0.324868  0.278894
  0.301638  0.310557 -0.768532 -0.887145  0.291297  0.323021  0.298427
  0.319224 -0.510602  0.288642 -0.884614  0.288476 -0.495207]
[-0.815304  0.252304  0.321422  0.029426  0.319106 -0.344494 -0.810112
 -0.861454 -0.982061 -0.218701 -0.485732  0.332917 -0.936371 -0.040419
 -0.299295  0.118991  0.270049 -0.858692 -0.003296  0.322825]
[ 0.211059  0.180057  0.330792  0.327406 -0.336805 -0.02121  -0.197044
 -0.767126  0.138047  0.281964  0.176943  0.266531  0.176298 -0.703304
  0.208069  0.330457  0.294844 -0.140756  0.29763   0.099745]
[ 0.259367 -0.216431  0.252378  0.253992  0.333043  0.302822  0.331961
 -0.722085  0.256308 -0.140034 -0.685347  0.333037  0.333299  0.09648
  0.31716   0.304204  0.169479  0.00863  -0.695481  0.315087]
[-0.473847  0.286598  0.295949 -0.696239  0.284012  0.328802  0.251721
  0.261171 -0.106267 -1.        0.328623 -0.138553  0.294437  0.29825
  0.326532 -0.217574 -0.963961 -0.937917 -0.149686  0.330066]
[ 0.203158  0.318744 -0.449777  0.285092 -0.985933  0.332504  0.280626
 -0.043153 -0.995071  0.321883 -0.708049  0.265474 -0.21594   0.277802
 -0.009729 -0.319127  0.307944 -0.258891  0.270277  0.236306]
[ 0.093557 -0.105856 -0.522599  0.215598 -0.75148   0.330818  0.326411
  0.320296  0.145871 -0.98022   0.271217 -0.170936  0.286754  0.289221
 -0.923421 -0.604204  0.254367 -0.111299  0.279077  0.306419]
[ 0.295173  0.194127  0.25456   0.328515  0.332311 -0.093353  0.332521
  0.166503 -0.094984  0.284734 -0.625063  0.320281 -0.59197  -0.594608
  0.275031  0.192064  0.246451  0.324417 -0.546844  0.269304]
[ 0.148054  0.289366 -0.027545  0.330585  0.234581  0.317272  0.304782
 -0.421004  0.321432  0.329708 -0.369202  0.185486  0.330842 -0.045484
 -0.247713  0.124726  0.20498   0.332727 -0.511819  0.298107]
[ 0.216586 -0.123762  0.293661  0.23546   0.289424 -0.041958 -0.379616
  0.212586 -0.397077 -0.644672  0.066871 -0.10393   0.150632 -0.658398
  0.330542  0.023729  0.272787  0.243444  0.314175  0.326114]
[-0.034255953352964885, -0.022957331627230904, 0.034087681352750365, 0.0076786493616723822, 0.031947795931522027, -0.0049085412892495919, 0.008645858742210577, 0.017209744995324905, 0.084976736152303084, -0.03900811577868013, 0.020833505348593073, 0.00067324349959063667, -0.023345301851402878, -0.018087707749432053, 0.084644306233452399, 0.0030973413186863863, -0.0063584042491748038, -0.011672014812729725, -0.036531928110668077, 0.012148641688092324, 0.036464912063046639, 0.0081108781062284585, 0.078017832922623986, -0.022316175213934253, 0.022557128453198738, 0.08479541886620609, 0.010825699305885006, 0.020798103974326132, 0.067312526435286096, 0.022068428564429643, 0.038809774369709393, -0.047976755190382525, -0.047606141017385251, 0.040722850026363125, 0.0031067894310684852, 0.010564041690454218, 0.010537060512987195, 0.0044703349477568377, -0.0016919822992731981, -0.013676031218567641, 0.056036226917037968, 0.072248638394922543, 0.019400016794271169, 0.066786265083798591, 0.003469399244057314, 0.074941370158549375, 0.018596493799380887, -0.070329739299748173, -0.020646025443501193, 0.013203157217788947, 0.004397102039098745, -0.012003660871937022, 0.028308779593270106, -0.056151593553341539, 0.033526479718723634, -0.025097250602322818, -0.032310219895572478, 0.0039192838724607243, -0.046436633393260096, -0.039680449955730557, -0.068872772411748051, 0.10117785977152632, -0.020824325386951781, 0.011962016914012663, 0.010089864348308164, 0.094243817619785036, 0.031318086715095117, 0.038898205985024303, 0.081387968654025034, 0.04122486997264041, -0.034887344246804342, 0.0041381675607865542, -0.029943257308116644, 0.01831304650820792, 0.037479873011362186, -0.0022159001355572805, 0.017925484615029408, -0.013749509361548284, 0.023775128070807672, 0.044673266143312351, -0.036902269255504105, 0.035991178934258378, 0.048720301932489524, 0.085018515659854993, -0.026830841836377406, 0.055205688232276062, 0.051799247299688524, 0.056125639019164841, 0.057266251046524497, 0.0038664391935569475, 0.086943366189780075, -0.027379670618347229, 0.010841782862091198, 0.05201723666817909, 0.0016383629839137881, 0.013801151723273564, -0.0054352169704850045, 0.033360212362931796, 0.012808854598756997, -0.029676349993913886]
('time: ', 8964.190145015717)
