“Running plot script on a single CPU core”
[-1.225825 -0.993334 -0.999507 -0.928174 -0.899483 -0.840568 -0.009967
 -0.090629  0.030736 -0.135907 -0.046447 -0.012256  0.012981 -0.082649
 -0.072764 -0.046167 -0.077369 -0.004196 -0.003507 -0.009065]
[-1.066468 -0.880956 -0.940773 -0.977122 -1.061143 -0.901323  0.045866
 -0.021618  0.015781 -0.099179 -0.00529   0.049191 -0.061699  0.005808
 -0.047469 -0.125531 -0.056956  0.116751 -0.023006 -0.030497]
[-0.746675 -1.068458 -0.823886 -0.845687 -0.662649 -1.057873 -0.086764
  0.032411  0.025631  0.08545  -0.066071  0.085932  0.159153 -0.044996
  0.004417  0.145425  0.121586 -0.138044  0.012645 -0.008712]
[-0.674195 -0.728972 -0.557123 -0.949453 -0.637287 -0.848787  0.044097
  0.132961 -0.143058  0.087217  0.18676  -0.096184 -0.003182  0.232117
  0.118014 -0.019241  0.140853  0.091823  0.013472 -0.039368]
[-1.026124 -0.886851 -1.026944 -0.976601 -1.068743 -1.090669 -0.031319
 -0.056076  0.065624  0.111991 -0.095774  0.100926  0.05475  -0.115431
 -0.064674 -0.022352  0.055054  0.039179  0.082506  0.034019]
[-0.840817 -0.524918 -0.68478  -0.917338 -0.992199 -0.725516 -0.013791
  0.073428 -0.04358  -0.029052 -0.077148 -0.041799  0.035113 -0.122816
  0.059445  0.019812 -0.025823  0.089898 -0.032902 -0.075047]
[-0.920113 -1.059468 -0.892669 -0.80665  -0.64159  -0.783367 -0.073775
  0.080486  0.066188  0.088958 -0.002868 -0.035004  0.075107  0.146065
  0.075482  0.063712  0.124169  0.011064 -0.059002 -0.012672]
[ -1.076984e+00  -7.039437e-01  -1.029748e+00  -6.603995e-01  -7.102092e-01
  -5.217300e-01  -1.708966e-01   9.247556e-03   4.918413e-02  -1.733258e-01
  -1.156730e-01  -1.019062e-03  -3.248952e-01   2.970655e-02  -3.859594e-02
  -2.532383e-01  -1.253334e-01  -2.173363e-01   4.046039e-02   4.820088e-02]
[-0.95205  -1.079907 -0.885931 -0.9548   -0.737551 -0.793253  0.110609
  0.078838  0.088387  0.207774  0.015819  0.102679  0.095357  0.027278
  0.218995  0.126802  0.185797  0.135992 -0.072641  0.018311]
[ -8.906910e-01  -9.490318e-01  -8.908872e-01  -9.181945e-01  -9.115839e-01
  -9.739239e-01   1.243162e-01  -1.927479e-02  -1.163332e-02   7.145637e-02
   4.835427e-02  -3.156283e-02  -6.395085e-03   6.309812e-02  -5.329677e-02
   1.285256e-02   7.961833e-04   5.717424e-02  -9.573711e-02  -8.055694e-03]
[-0.803283 -0.696473 -0.849996 -0.635116 -0.792449 -0.729477 -0.053244
 -0.001469 -0.006645  0.020225 -0.07853  -0.003756 -0.001012 -0.099517
  0.064552 -0.011419  0.01003  -0.12337  -0.097705 -0.001869]
[-1.263041 -1.107592 -0.920906 -1.178582 -1.136807 -0.974059  0.027861
  0.027098 -0.003706  0.028613 -0.122084 -0.021004 -0.051839 -0.05102
  0.007731 -0.04967  -0.026769 -0.03945   0.084258 -0.003605]
[-0.911597 -0.839163 -0.8519   -1.060936 -1.133596 -1.141236  0.084743
  0.095587  0.046839  0.03497  -0.073391  0.071715 -0.001621 -0.01572
  0.101923  0.019156  0.007797  0.069405  0.055966  0.04295 ]
[-0.84723  -0.710455 -0.793654 -0.608843 -0.815287 -0.573785  0.110908
  0.043491  0.014669 -0.010389  0.092927 -0.024484  0.029946  0.05871
  0.068611  0.012795  0.035697  0.163337  0.029179 -0.009994]
[-0.705657 -0.764144 -0.686259 -0.65076  -0.639777 -0.658302 -0.150146
 -0.023947 -0.012245  0.088924  0.018082 -0.011046  0.027533  0.03506
 -0.064823  0.081715  0.118617 -0.204817 -0.051377  0.00489 ]
[-1.012919 -0.821669 -0.821667 -0.899185 -0.816073 -0.686037 -0.008542
  0.120525  0.083289  0.063925 -0.003643  0.090641  0.012465 -0.015292
  0.072517 -0.033609  0.022186 -0.043958  0.012707  0.003581]
[-1.340097 -1.108866 -0.742578 -1.044572 -0.634943 -0.587406  0.100465
 -0.223858  0.270108 -0.102071  0.103879  0.070041  0.126971  0.165028
 -0.127605  0.098857 -0.099538 -0.020824  0.002866  0.035246]
[-0.934208 -0.947621 -0.58015  -0.99218  -0.589264 -0.663978  0.113782
 -0.092122 -0.103824  0.088461 -0.150572 -0.109949 -0.222765 -0.11415
 -0.094578 -0.262243  0.106212  0.028225 -0.019992  0.001279]
[ -1.037462e+00  -9.348991e-01  -7.791200e-01  -1.050414e+00  -7.940197e-01
  -8.809657e-01   1.210622e-01   6.248311e-03  -3.097051e-02   1.639496e-01
  -3.572982e-02  -3.368510e-02  -1.769768e-01  -8.558695e-02  -4.794274e-02
  -2.190048e-01   1.464265e-01   1.107402e-01   4.084672e-04   3.067449e-02]
[-0.94492  -0.818881 -0.58114  -1.053762 -0.625425 -0.598214 -0.032736
 -0.044985  0.016615  0.003618  0.074514  0.003064 -0.043771  0.086697
 -0.013812 -0.071033  0.051653 -0.109794 -0.015402 -0.018503]
[ -1.098492e+00  -1.108138e+00  -1.048987e+00  -9.436968e-01  -8.585327e-01
  -9.944758e-01   1.002853e-01   4.165086e-02   4.462090e-04  -2.956434e-02
  -7.458419e-03   1.802664e-02  -8.425734e-02  -2.844564e-02   3.034054e-02
  -6.749768e-02   1.281592e-02   9.610520e-02   1.753168e-02  -1.814727e-02]
[-0.908222 -0.873737 -0.577864 -0.903831 -0.659977 -0.523831  0.00526
  0.053907  0.007588 -0.108205 -0.003994 -0.023103 -0.038001 -0.004865
 -0.006817 -0.094437 -0.142938 -0.054471  0.032903  0.001025]
[-1.14964  -1.008762 -0.828721 -1.065404 -0.737381 -0.694587 -0.062349
  0.134103  0.113848  0.085708 -0.091089  0.011373 -0.132226 -0.034139
  0.019708 -0.14582   0.082887 -0.095728 -0.009847  0.025853]
[-1.172769 -0.977483 -0.840644 -0.974494 -1.128148 -0.875528 -0.160902
  0.202326 -0.121816 -0.010025  0.032174 -0.124674 -0.078832  0.03735
  0.158139 -0.012606 -0.16049  -0.134527 -0.091516 -0.086195]
[ -8.791594e-01  -1.118898e+00  -8.770745e-01  -1.278562e+00  -1.115126e+00
  -1.307940e+00   4.888603e-02   3.972526e-03  -7.178047e-02  -1.490223e-01
   6.710870e-02  -6.528605e-02  -2.268536e-01   1.067246e-01  -5.449656e-02
  -1.920025e-01  -1.579534e-01   1.005166e-01  -1.748866e-04  -1.258367e-02]
[-0.76705  -0.828432 -0.903458 -0.828095 -0.9965   -1.103338 -0.174974
  0.030232 -0.122436  0.029122 -0.073905 -0.107677  0.0468   -0.050362
  0.079227  0.070021  0.013403 -0.26049   0.033256  0.029459]
[-0.988804 -0.867634 -0.65107  -0.800687 -0.763146 -0.546527  0.036494
  0.05577   0.029431  0.087397  0.057725 -0.054128  0.074684  0.034319
 -0.008618  0.132361  0.100873 -0.074839 -0.020242 -0.005164]
[-0.799488 -0.693121 -0.689648 -0.732375 -0.727634 -0.753607 -0.009772
  0.003785  0.001593  0.028113 -0.077371 -0.025947  0.073994 -0.05932
  0.061915  0.061896  0.030856  0.080082 -0.007138 -0.020074]
[-0.719048 -0.793174 -0.640993 -0.753092 -0.629684 -0.833349 -0.038715
 -0.048194 -0.134447  0.041392  0.125269 -0.122833 -0.032623  0.083052
 -0.074507 -0.021506  0.028483 -0.009645 -0.039322 -0.025145]
[ -1.080278e+00  -1.030775e+00  -8.656865e-01  -9.496775e-01  -9.560538e-01
  -9.557703e-01   1.021707e-01  -9.924178e-02  -5.046491e-04  -4.801153e-03
  -7.548511e-02  -3.942489e-02  -4.873256e-02  -5.506164e-02  -1.034770e-01
  -2.346658e-02  -3.626006e-02   1.667362e-01  -4.131026e-02  -1.763389e-02]
[-0.812048 -0.711684 -0.66722  -1.00424  -1.025505 -1.028913  0.044645
 -0.267995  0.022126  0.121857 -0.100009  0.046402 -0.011745 -0.082461
 -0.240601 -0.040418  0.128976  0.101407 -0.02694  -0.042448]
[-0.785704 -0.817885 -1.018896 -0.543399 -0.71213  -0.782177  0.088723
 -0.0631    0.028656 -0.016408 -0.014451 -0.005685  0.033936  0.030522
 -0.04492   0.048626  0.002566  0.055211  0.053251 -0.002094]
[-0.512706 -0.567812 -0.331142 -0.971037 -0.835625 -0.887931 -0.023242
  0.006376  0.138333  0.054984 -0.004102  0.133535  0.006952  0.001311
  0.023449  0.019983 -0.069108  0.067524 -0.006946 -0.019318]
[-0.737429 -0.74843  -0.746745 -0.814068 -0.854352 -0.777977 -0.03113
  0.028408 -0.074697  0.034076 -0.035451 -0.061025  0.124592 -0.065623
  0.006767  0.112892  0.031278 -0.01352  -0.005751  0.043272]
[-0.827318 -0.84372  -0.755578 -0.726403 -0.692219 -0.841003  0.060816
  0.028163 -0.071018 -0.035726  0.05592  -0.068456 -0.012929  0.038508
  0.096465 -0.029136 -0.019195 -0.066423 -0.018253 -0.043691]
[ -9.400922e-01  -9.434567e-01  -9.598801e-01  -7.472903e-01  -9.567436e-01
  -8.504567e-01  -4.956312e-02   2.518488e-02  -2.380934e-02  -1.142902e-01
   4.807976e-02   2.709548e-04   9.836547e-02   9.139890e-02   5.842494e-02
   8.688924e-02  -1.126915e-01  -7.207524e-03   5.711916e-02   9.155944e-03]
[-1.108017 -1.098968 -0.492277 -1.061652 -0.493736 -0.523636 -0.031846
 -0.038487  0.068802 -0.114639 -0.102348 -0.022832  0.13487  -0.093623
 -0.062572  0.090742 -0.104403 -0.038109 -0.01683  -0.003662]
[ -9.677174e-01  -1.025143e+00  -8.709996e-01  -9.322401e-01  -8.538161e-01
  -8.619249e-01   4.801979e-02   1.026084e-01   2.487182e-02   2.397403e-02
   3.238136e-02   2.018227e-02  -1.781352e-01   5.789254e-04   9.264357e-02
  -1.440485e-01   5.988787e-02   1.122123e-02   4.044739e-02   1.703598e-02]
[-1.268938 -0.923834 -1.045057 -0.898862 -1.135116 -0.892143  0.09514
 -0.092579  0.022975  0.101459 -0.038713 -0.053794 -0.044841 -0.067873
 -0.110085  0.078782  0.088401  0.019316  0.028763 -0.010499]
[-0.709586 -0.95841  -0.870463 -0.775669 -0.86907  -1.198397 -0.058863
  0.078225  0.045977  0.036694  0.00738   0.044684  0.009851  0.037769
  0.053623 -0.0089    0.086062 -0.03763   0.038792  0.004795]
[ -1.132044e+00  -9.987313e-01  -7.962712e-01  -1.224039e+00  -9.541047e-01
  -7.592634e-01  -3.812211e-04  -4.293547e-02  -3.893492e-03  -6.146623e-02
  -9.790990e-02   7.637237e-03   1.408153e-02  -5.354865e-02  -2.257169e-02
   2.046393e-02  -1.587142e-01   6.905169e-02  -5.127396e-03   2.510801e-03]
[-1.067054 -0.802323 -1.196479 -0.540423 -0.876353 -0.520768 -0.191305
  0.0241    0.072316  0.05772   0.03566   0.010942 -0.178483  0.038719
  0.048354 -0.130542 -0.052506 -0.184171  0.003362 -0.011518]
[-0.708809 -0.739853 -0.667471 -0.517226 -0.483792 -0.48776  -0.003615
 -0.035803  0.027854 -0.054984  0.07185   0.047283  0.027761  0.058699
 -0.024614  0.003549 -0.036457  0.043796 -0.014148 -0.006448]
[-0.942624 -0.895944 -0.892524 -0.958605 -0.949264 -0.938453 -0.013955
  0.029144 -0.053328  0.030299  0.030322 -0.074607  0.056183  0.016795
  0.112914 -0.013064 -0.043626  0.005978  0.027367 -0.018518]
[-0.869651 -0.820577 -0.582116 -0.909372 -0.665743 -0.58291  -0.030023
 -0.22212  -0.0832    0.069441  0.12911  -0.085797  0.109586  0.10591
 -0.167644  0.162857  0.141525 -0.027448 -0.015611 -0.028259]
[-0.918855 -0.841663 -0.874616 -0.703746 -0.813677 -0.722112  0.036291
  0.07576   0.04508   0.060416  0.037801  0.035942 -0.004327  0.014456
  0.022103  0.05569   0.087942 -0.043741  0.015735 -0.028034]
[ -8.480078e-01  -7.877210e-01  -7.536561e-01  -7.087189e-01  -6.637959e-01
  -6.952687e-01  -1.314691e-01   6.122082e-02   9.993726e-02  -5.505116e-03
  -2.180245e-04   1.241685e-01   7.741897e-02  -2.285862e-02   3.979253e-02
   8.124202e-02  -7.543386e-02  -1.461928e-01  -3.222733e-02   8.487385e-04]
[-0.656667 -0.591345 -0.505085 -0.771887 -0.696737 -0.66765   0.040898
  0.063258 -0.016675 -0.044691 -0.0877   -0.027956  0.084282 -0.081964
  0.068135  0.072247 -0.062831  0.02631  -0.03771   0.009524]
[-0.72329  -0.453382 -0.816385 -0.247412 -0.756315 -0.349789  0.055628
  0.126656 -0.019116 -0.02608   0.062146 -0.02197  -0.04264   0.02689
  0.11896  -0.048533 -0.017492  0.089908  0.016106  0.004059]
[-0.554747 -0.503665 -0.497994 -0.844599 -0.904658 -0.815905 -0.026753
 -0.023542  0.072688  0.03134  -0.029579  0.052328  0.024516 -0.012702
 -0.019449  0.055513  0.04247  -0.056877  0.035607  0.023951]
[-1.076509 -1.037837 -0.863651 -1.011804 -1.204821 -1.124884 -0.009924
  0.128905 -0.034439  0.051783 -0.208126  0.070851 -0.07449  -0.134876
  0.061106 -0.08501   0.062626 -0.107701 -0.072859 -0.002897]
[-0.874825 -0.764824 -0.893964 -0.848704 -0.854592 -0.818874  0.083423
 -0.071105  0.143502  0.021433  0.061282  0.175304 -0.03662   0.036754
 -0.087479  0.035526  0.063085 -0.008623 -0.094237 -0.016552]
[-0.96833  -1.026829 -0.85644  -1.065922 -0.911901 -1.090075  0.040729
  0.042662 -0.055052 -0.10025  -0.065633 -0.097482  0.070376 -0.079341
  0.0257    0.118111 -0.268631  0.169611 -0.025202  0.044845]
[ -1.073655e+00  -1.195688e+00  -1.082102e+00  -1.159144e+00  -1.054089e+00
  -1.131284e+00   1.200186e-01  -4.168402e-02  -9.755592e-03   5.807392e-02
   4.493548e-02  -9.236306e-06   4.433622e-03   5.727401e-02   2.727618e-02
  -1.918964e-02  -3.560645e-02   6.973001e-02   3.818692e-02  -2.067808e-02]
[-1.046328 -1.175401 -0.985054 -0.984149 -0.822908 -1.035234  0.062295
 -0.075605  0.015159  0.065631  0.064699 -0.020984  0.08271   0.066054
 -0.10418   0.113001 -0.020155  0.042655  0.068642  0.013184]
[ -1.022442e+00  -9.813944e-01  -9.334749e-01  -1.000900e+00  -1.106310e+00
  -1.092068e+00  -1.326726e-01   6.724364e-02  -5.552677e-04   3.265705e-02
  -3.047620e-02   4.859989e-02   4.658820e-03  -2.030681e-02   3.008987e-02
  -9.668399e-02   4.241316e-02  -4.188052e-02   6.506741e-02   2.203078e-03]
[-1.052426 -0.853134 -0.882863 -0.8344   -0.928276 -0.648042  0.037215
  0.109358  0.019023  0.039663  0.011208  0.093728  0.074498  0.028424
  0.061319  0.090593  0.02344   0.00813  -0.042805 -0.008591]
[-0.881414 -0.904605 -0.753611 -0.786771 -0.70656  -0.715306 -0.105804
  0.029096  0.047796 -0.015566  0.138295 -0.043192 -0.182506  0.141155
  0.052288 -0.151553 -0.033725 -0.045886 -0.067618 -0.024085]
[-1.069773 -1.056489 -0.973322 -1.113615 -0.975848 -1.069727  0.047076
 -0.03368   0.032877  0.083729  0.016268 -0.013968 -0.0101   -0.036311
 -0.115493 -0.04141   0.07953   0.100854  0.006423  0.008373]
[ -1.262693e+00  -9.973820e-01  -1.083691e+00  -1.033184e+00  -1.119320e+00
  -9.590904e-01  -1.199834e-01  -5.214179e-02  -9.046141e-02  -3.728626e-02
   7.681260e-04  -1.394815e-01   6.906646e-04  -3.883157e-02  -5.856499e-02
   2.824788e-03  -7.526133e-02  -1.058141e-01   4.859479e-02  -1.069281e-02]
[-0.909063 -0.858414 -0.988961 -0.86166  -1.132042 -0.992369  0.108354
  0.191734 -0.032311  0.154579  0.065932 -0.004057 -0.08697   0.094484
  0.119629 -0.01349   0.103188  0.106441 -0.06691   0.020612]
[ -1.032976e+00  -1.227904e+00  -1.202952e+00  -1.042532e+00  -9.648040e-01
  -1.097565e+00  -1.102178e-01   8.114837e-02  -2.290273e-02  -2.304493e-02
  -4.675229e-02   6.713076e-03  -1.200442e-02  -3.468075e-02   7.566220e-04
  -9.134670e-03  -3.493958e-02  -4.154026e-02  -7.071520e-03   2.109808e-02]
[-0.675573 -0.685746 -0.700379 -0.610364 -0.701297 -0.69453   0.036347
 -0.020384  0.136809  0.048558 -0.037867  0.181699 -0.012925 -0.011149
 -0.031863 -0.009667  0.063337  0.074704 -0.002653  0.009718]
[ -9.967517e-01  -9.010596e-01  -1.404197e+00  -9.557162e-01  -1.467836e+00
  -1.304579e+00  -5.966618e-02   8.880474e-02  -1.624336e-02   9.188766e-03
   7.739275e-02  -2.498684e-04  -1.097483e-01   1.032597e-01   9.060530e-02
   2.973010e-03   5.541685e-02  -1.297261e-01   1.793743e-02   1.231930e-03]
[-1.08817  -1.178584 -0.779675 -1.150168 -0.666958 -0.677914 -0.050595
 -0.150885 -0.106602 -0.274429 -0.089711  0.015802  0.247844 -0.023201
 -0.081765  0.311782 -0.209339  0.095341 -0.039759 -0.0065  ]
[-1.176075 -1.022096 -1.082907 -0.969692 -0.967348 -0.730554  0.003455
  0.039537  0.020752  0.123891 -0.006912  0.075441 -0.302197  0.008294
  0.015651 -0.257698 -0.015532 -0.03356   0.069464 -0.030453]
[-0.707964 -0.796037 -0.77993  -0.751517 -0.652515 -0.809241 -0.010419
 -0.092105 -0.040046  0.029856 -0.046768  0.044557  0.070518 -0.05796
 -0.060037  0.091061  0.04209  -0.028399 -0.00489   0.017838]
[ -9.084504e-01  -6.731301e-01  -7.162523e-01  -8.907203e-01  -1.048125e+00
  -7.844380e-01   5.094170e-02  -1.070177e-01   1.244228e-01  -2.683189e-02
   9.909683e-04   1.176306e-01   5.579410e-02  -1.720714e-02  -8.117947e-02
   6.560912e-02  -9.781321e-03   1.028435e-02   6.284417e-02   4.003192e-02]
[-0.964173 -0.800132 -0.820524 -0.905844 -1.303709 -0.83086  -0.016776
 -0.094387 -0.130863 -0.027883 -0.024616 -0.077468 -0.030404  0.058078
 -0.039895 -0.029015  0.030844 -0.07388   0.027967 -0.034111]
[-1.059033 -1.035284 -0.955127 -1.163363 -0.94174  -0.847647  0.065961
 -0.015786 -0.124707 -0.01998   0.036608 -0.143742  0.019744 -0.001166
 -0.073018  0.013374  0.121645  0.028581  0.071688  0.068454]
[-1.180406 -1.076681 -0.716055 -1.066241 -0.868537 -0.693329  0.115826
 -0.005865 -0.029736 -0.069903  0.082616  0.002597 -0.144016  0.084657
  0.029062 -0.063217 -0.003801  0.150131 -0.008115 -0.002373]
[ -9.452648e-01  -8.311746e-01  -8.997449e-01  -1.022423e+00  -9.103456e-01
  -1.144047e+00   9.370065e-02  -8.521058e-02   2.989880e-02  -1.754639e-02
   1.238321e-02  -3.303065e-02  -3.144886e-02   3.791140e-02  -1.035709e-01
  -8.641903e-02  -1.093988e-01   1.429864e-01  -5.047238e-03  -4.093430e-04]
[ -1.087788e+00  -7.941047e-01  -1.331039e+00  -1.182683e+00  -1.806896e+00
  -1.428208e+00  -3.476609e-02  -1.213829e-01   9.092338e-02  -5.792049e-02
   8.306267e-02   2.492882e-02   6.420718e-02   7.271227e-02  -7.825823e-02
  -5.444201e-02  -4.458344e-03  -2.307112e-02  -8.919794e-04  -4.770241e-03]
[-0.949195 -0.854469 -0.808868 -0.731112 -0.783294 -0.703064 -0.028139
  0.007115  0.0123    0.021528  0.01659  -0.044445  0.030991 -0.027378
 -0.001507  0.028379  0.036499 -0.085275 -0.008589  0.021747]
[-0.749022 -0.64595  -0.775435 -0.750794 -0.938916 -0.800662 -0.019264
  0.016936 -0.035926 -0.025686  0.053429 -0.042353 -0.038742  0.05703
 -0.008371 -0.027127  0.0028    0.033865  0.013963 -0.003822]
[-0.993324 -1.051221 -0.876598 -1.111021 -0.908971 -1.065593 -0.005983
 -0.02842   0.026735 -0.039057 -0.060724  0.072415  0.061267 -0.100444
  0.037207  0.071068 -0.10695   0.067528 -0.048928 -0.00931 ]
[-0.766516 -0.794212 -1.172946 -0.349915 -0.958649 -0.766797  0.206823
 -0.014625 -0.11193   0.23404   0.260268 -0.153448 -0.072865  0.157798
  0.020483 -0.02329   0.191035  0.329697  0.034211  0.016579]
[ -1.087637e+00  -8.016100e-01  -8.594600e-01  -1.025466e+00  -1.136982e+00
  -8.553676e-01   1.916787e-02   2.468194e-02   4.450382e-03   2.207389e-04
  -1.183917e-01   7.858474e-03   5.363828e-02  -1.074764e-01   3.508350e-02
   7.514007e-02  -1.287210e-01   5.177743e-03  -6.485662e-02   3.267985e-02]
[-0.942983 -0.930525 -0.831787 -0.881622 -0.761238 -0.759214 -0.051177
 -0.037392 -0.022874 -0.025705  0.027764  0.013603  0.018576  0.016488
 -0.039525  0.039689 -0.025322 -0.090282 -0.060141 -0.021463]
[-1.160038 -1.008996 -0.905467 -1.097113 -0.878993 -0.87887   0.072817
 -0.019008  0.094886  0.038437  0.014854  0.110128 -0.027622  0.085647
 -0.040929 -0.001314  0.006114  0.107466 -0.004807  0.053758]
[-0.907466 -1.009819 -1.014763 -1.180107 -0.975871 -1.182577  0.063063
 -0.01388  -0.090975 -0.097942 -0.020385 -0.085185  0.026813 -0.01793
 -0.080101  0.128851 -0.111218  0.059173  0.083491  0.022082]
[-0.993818 -0.946966 -1.015026 -0.827874 -0.985663 -0.825617 -0.104213
 -0.021242  0.100368 -0.023884 -0.033322  0.023283 -0.054715 -0.016315
  0.036249 -0.089596 -0.023894 -0.140293 -0.044738 -0.030982]
[-0.886707 -0.737638 -0.960311 -0.687484 -0.694927 -0.63842  -0.043654
  0.050111  0.013188 -0.021176  0.099488 -0.002103  0.185056  0.050637
  0.004681  0.17505  -0.032838 -0.039153  0.084885  0.006736]
[-1.11063  -0.92432  -1.075046 -0.974095 -1.146898 -0.91621   0.112561
 -0.009237  0.011405  0.0634   -0.056318  0.055164  0.128231 -0.045926
 -0.007545  0.185402  0.068185  0.137848  0.051359  0.016065]
[-0.914741 -0.794304 -0.72864  -0.960677 -0.830272 -0.759289 -0.02552
 -0.023694  0.117072 -0.053962  0.018394  0.169798  0.052409 -0.017159
 -0.083028  0.038659  0.027716  0.047352  0.069109  0.036624]
[-0.918323 -0.959996 -1.040749 -0.82703  -0.877518 -1.106983 -0.133909
  0.005933 -0.019923  0.037389 -0.026907 -0.108797 -0.081317 -0.046116
  0.069949 -0.107071  0.106897 -0.085563  0.018213 -0.003136]
[-0.830907 -1.071216 -0.939678 -0.627216 -0.672656 -0.90357  -0.088304
 -0.085616 -0.061831 -0.116978  0.084671 -0.074638  0.013293  0.067733
 -0.070591  0.025037 -0.070066 -0.106428  0.042358  0.015409]
[ -9.932087e-01  -1.312524e+00  -9.748838e-01  -1.116775e+00  -9.870520e-01
  -1.196886e+00  -4.599006e-02   1.010684e-02  -5.627643e-02   3.262469e-02
   6.977444e-02   2.832167e-02  -6.498427e-02   6.000584e-02   6.569466e-02
   4.484424e-02   1.067052e-01   1.018170e-02  -5.537847e-02   4.866734e-04]
[-0.571695 -0.678902 -0.462201 -0.772492 -0.680537 -0.843632 -0.025607
  0.039034 -0.080715 -0.069048 -0.037072 -0.088613 -0.056939 -0.0224
  0.052042 -0.068944 -0.076673 -0.026608  0.028304 -0.022621]
[-1.123784 -0.948137 -0.788232 -1.2029   -1.021973 -0.92829  -0.054415
  0.021664 -0.064223  0.093297  0.177078 -0.206179 -0.042629  0.230506
 -0.117225 -0.04814   0.098997  0.008954  0.005757  0.019804]
[-0.778723 -0.864159 -0.765285 -0.729534 -0.821736 -0.73648  -0.052205
 -0.00685   0.031627 -0.037012  0.10725   0.068667 -0.051296  0.071767
  0.014667 -0.066197 -0.063023 -0.053521 -0.011488  0.017878]
[-0.775175 -0.89403  -0.788973 -0.797533 -0.77109  -0.834295  0.093365
  0.092003 -0.105701  0.060013  0.11044  -0.151857 -0.01417   0.095304
  0.073513  0.01287   0.056469  0.034505 -0.001946  0.016445]
[-0.963257 -0.994113 -0.742008 -0.954589 -0.828232 -0.945281 -0.032822
  0.004037 -0.250138  0.105249  0.143605 -0.316114  0.017449  0.13192
  0.014783  0.05377   0.027166 -0.105651 -0.041217  0.005607]
[-0.879078 -0.900534 -0.813681 -0.854012 -0.809093 -0.827851  0.043291
  0.010857  0.010849  0.030191 -0.093332  0.041427 -0.03878  -0.084074
  0.020486 -0.046098 -0.048971  0.064958  0.002538 -0.026906]
[-0.663617 -0.708851 -0.760734 -0.730885 -0.782851 -0.790354  0.021071
  0.021052  0.018436  0.116051  0.003904  0.021794  0.037369 -0.027579
  0.015493  0.041435  0.12349   0.024132 -0.017913  0.019035]
[-0.797704 -0.864311 -0.756009 -0.931361 -0.804902 -1.088471 -0.12266
  0.008358 -0.062719 -0.074416  0.037803  0.0382   -0.051949  0.023311
  0.034902 -0.06565  -0.122592 -0.08747  -0.024285 -0.035982]
[-0.763838 -0.818225 -0.87325  -0.664183 -0.80276  -0.842171  0.070224
 -0.056814  0.046422 -0.079636  0.032492  0.119097  0.020382  0.035338
 -0.027448  0.034304 -0.0888    0.129967 -0.046402 -0.014742]
[-0.788743 -0.660797 -0.647943 -0.76658  -0.82234  -0.647061  0.04319
 -0.033473  0.016113  0.014186  0.028411  0.023677 -0.077905  0.070317
  0.008584 -0.100531  0.066058 -0.001758 -0.017446  0.036297]
[-1.119347 -0.842891 -1.178871 -0.882848 -1.103354 -0.923259 -0.14551
 -0.096425 -0.114576 -0.084327  0.067526 -0.159357  0.089491  0.004222
 -0.11723  -0.062097 -0.007331 -0.045754  0.005361  0.022509]
[-0.894481 -0.708846 -0.790255 -0.72923  -0.870237 -0.658235 -0.066998
 -0.034128 -0.043914  0.036124  0.025698 -0.070453 -0.010382  0.023913
 -0.02436  -0.022863  0.032363 -0.063107 -0.02561   0.020217]
('Mean', 1, ': ', -0.89448120337120784)
('Median', 1, ': ', -0.89448120337120784)
('Variance', 1, ': ', 0.0)
('Mean', 2, ': ', -0.70884625648978883)
('Median', 2, ': ', -0.70884625648978883)
('Variance', 2, ': ', 0.0)
('Mean', 3, ': ', -0.79025537969138115)
('Median', 3, ': ', -0.79025537969138115)
('Variance', 3, ': ', 0.0)
('Mean', 4, ': ', -0.72923010247845943)
('Median', 4, ': ', -0.72923010247845943)
('Variance', 4, ': ', 0.0)
('Mean', 5, ': ', -0.87023671288817595)
('Median', 5, ': ', -0.87023671288817595)
('Variance', 5, ': ', 0.0)
('Mean', 6, ': ', -0.65823506018119937)
('Median', 6, ': ', -0.65823506018119937)
('Variance', 6, ': ', 0.0)
('time: ', 8841.478561878204)
