“Running plot script on a single CPU core”
[-0.947157 -1.087553 -0.977242 -0.794245 -0.688163 -0.959697 -0.132734
 -0.122008 -0.044714 -0.209342  0.007924 -0.019948 -0.116469 -0.032713
 -0.062337 -0.089464 -0.2487   -0.131891 -0.00769  -0.004275]
[ -1.425652e+00  -1.716338e+00  -1.556376e+00  -1.139327e+00  -1.108334e+00
  -1.640170e+00   8.011824e-02   7.324441e-03  -5.243377e-02  -8.609289e-03
   5.994647e-02   1.730166e-02  -1.891921e-01   5.714782e-02   3.096006e-05
  -6.403891e-02  -4.034741e-02   4.773233e-02  -1.664702e-02   6.598087e-02]
[-0.748327 -0.690211 -0.751071 -0.849353 -0.797183 -0.807445  0.056589
 -0.058028  0.043896  0.060764 -0.003455  0.047056  0.026278  0.066026
 -0.072455  0.006937  0.055987  0.08899   0.008245 -0.006609]
[-0.820858 -1.006175 -0.843432 -0.978157 -0.782295 -0.887712  0.063542
  0.019287 -0.036017 -0.040828  0.003428 -0.042661 -0.063116  0.014414
  0.05296  -0.119049 -0.090839  0.049802 -0.010244 -0.01319 ]
[-1.291784 -1.350042 -1.217628 -0.880182 -0.8029   -0.722027 -0.071633
 -0.141126 -0.044179 -0.161885 -0.048591 -0.041702  0.149598 -0.060604
 -0.148743  0.052621 -0.13471  -0.037465 -0.09806  -0.012845]
[-0.804028 -0.890818 -1.00399  -0.732152 -0.81249  -0.855283  0.045402
  0.021437 -0.058328  0.02306  -0.006655  0.009928  0.099273 -0.035397
  0.026484  0.13756   0.020649  0.091234  0.029385 -0.012013]
[-0.727573 -0.683012 -0.742308 -0.542015 -0.605499 -0.597852 -0.063881
 -0.055753 -0.070739 -0.006602 -0.106923 -0.07729   0.030439 -0.073868
 -0.05307   0.065686  0.007736 -0.052474  0.030706  0.024783]
[-1.066729 -0.864226 -0.609329 -0.839972 -0.783638 -0.544742 -0.122868
  0.002014  0.014923  0.067681 -0.070322 -0.030999  0.034305 -0.023324
  0.066383  0.122321  0.159126 -0.088012  0.079284  0.058775]
[-0.890413 -0.900327 -0.733543 -0.649131 -0.599583 -0.683696 -0.014272
  0.079316  0.197845  0.008982 -0.035617  0.202076  0.064313 -0.047906
  0.143394  0.020497 -0.002781  0.053721 -0.025546 -0.006205]
[-0.891502 -0.662434 -0.656312 -0.716635 -0.676748 -0.608295  0.014299
 -0.046005 -0.071544 -0.008306  0.033191 -0.038328 -0.059514  0.021494
 -0.005721 -0.089439  0.030074  0.026948 -0.012822 -0.005171]
[-1.134148 -0.956491 -0.85567  -1.005458 -0.818339 -0.875973 -0.002683
  0.055259 -0.085259  0.084316 -0.065326 -0.078941  0.155294 -0.10076
  0.146605  0.212515  0.095758  0.026966 -0.056738 -0.019507]
[-1.021383 -0.995774 -0.999756 -0.730924 -0.891119 -0.837331 -0.083552
  0.083494  0.006108  0.060626  0.027677 -0.024016  0.046725 -0.01417
  0.038917  0.050636  0.055869 -0.062894  0.01263  -0.005465]
[-0.976285 -0.794539 -0.93789  -0.959197 -1.043071 -0.779729  0.088128
  0.118485  0.079979 -0.096112  0.253525  0.045398 -0.069484  0.159759
  0.160193 -0.024827 -0.119148  0.057338  0.002627  0.018879]
[ -9.845436e-01  -9.678963e-01  -8.533660e-01  -9.335864e-01  -8.078595e-01
  -6.532350e-01  -5.446619e-02   1.483398e-01  -1.451096e-01  -6.604250e-03
   1.546706e-01  -1.316062e-01   1.496464e-01   1.692802e-01   3.827461e-02
   1.406426e-01   1.021253e-01  -3.140625e-04  -5.340674e-02  -5.872603e-02]
[-0.762425 -0.67874  -0.82784  -0.857607 -0.924028 -0.851987  0.051674
 -0.037866  0.020345 -0.06384   0.046994  0.01857  -0.126515  0.034722
 -0.015544 -0.106694 -0.009282  0.045883 -0.001797 -0.001779]
[-0.936347 -0.91497  -0.841676 -0.776665 -0.736324 -0.68499  -0.074188
  0.076259  0.008801 -0.020634 -0.023478 -0.031091 -0.016134 -0.013607
  0.081375 -0.007756 -0.050235 -0.09805   0.016802 -0.009481]
[-0.864507 -0.862041 -0.827844 -1.004819 -1.048692 -1.204972  0.150042
 -0.138861  0.218203  0.007186  0.143007  0.220663  0.090451  0.093073
 -0.203875  0.097354  0.024227  0.119337  0.034737  0.019139]
[ -8.936756e-01  -9.752787e-01  -8.350895e-01  -8.495840e-01  -6.869123e-01
  -5.739262e-01   4.320340e-02  -3.166300e-03  -6.275067e-02   5.926261e-02
   1.134580e-02  -5.958325e-02  -5.297107e-02   3.357837e-02  -6.577359e-02
  -3.032083e-02   2.106218e-01  -8.587578e-04   3.604176e-02   3.983661e-02]
[-0.940544 -0.971978 -0.948899 -0.964924 -1.007465 -1.049365  0.060302
 -0.078248  0.027859  0.08552   0.035734 -0.011838  0.018095  0.151682
 -0.047873 -0.047158  0.091341  0.027069  0.019339 -0.004443]
[ -1.162752e+00  -1.098060e+00  -1.385752e+00  -1.016424e+00  -1.199913e+00
  -1.334767e+00  -1.133104e-01   8.993186e-02  -9.635989e-02  -2.103177e-01
  -1.447029e-01  -2.003469e-02  -9.963437e-02  -7.713351e-02  -8.047255e-02
   1.355721e-03  -1.192388e-01  -9.291425e-02  -3.945702e-02  -9.783423e-03]
[-0.92264  -0.850568 -1.061489 -0.634164 -0.856014 -0.739152 -0.063071
 -0.044723  0.01716  -0.001363  0.054951  0.02664  -0.008419  0.076394
 -0.061411 -0.002395 -0.037026 -0.140233  0.076332  0.043862]
[ -9.338981e-01  -7.775834e-01  -6.783392e-01  -7.336914e-01  -8.875784e-01
  -5.103839e-01   2.948822e-02  -1.939015e-02   1.155648e-02   5.134933e-02
  -8.993308e-03   1.408464e-02  -3.783165e-02  -3.200474e-02  -3.144127e-02
  -5.554893e-02   5.164538e-02   4.150135e-04  -6.400355e-02   1.163956e-02]
[ -9.101286e-01  -8.045845e-01  -9.993548e-01  -7.123845e-01  -8.540118e-01
  -6.538180e-01  -3.756092e-03  -2.955248e-02   1.025649e-04  -5.226049e-02
   3.528178e-03  -5.294726e-02   3.761709e-02  -6.723601e-02  -2.807890e-04
  -4.601947e-02  -2.634655e-02   4.616972e-02  -1.178297e-02  -8.003109e-03]
[ -1.065385e+00  -9.490077e-01  -8.359223e-01  -9.708503e-01  -9.408122e-01
  -9.488697e-01   1.008522e-01  -1.541086e-02  -5.596245e-04  -1.195939e-03
  -4.175662e-02   2.216686e-02   1.039902e-02   4.323642e-03  -4.405680e-02
   2.939966e-03  -1.537722e-02   7.763862e-02  -7.067297e-03  -7.141091e-03]
[ -7.323300e-01  -6.369576e-01  -6.007136e-01  -7.513916e-01  -7.134183e-01
  -6.114197e-01   3.035008e-02  -4.387495e-02  -9.962989e-03   5.675553e-02
   1.304271e-02  -2.244242e-02  -8.171954e-03  -1.815125e-02   5.719809e-04
  -1.531488e-02   1.705027e-02   1.093429e-01  -2.775195e-02  -3.126230e-02]
[-1.20828  -0.81673  -1.148289 -0.760387 -1.231901 -0.803291  0.033642
  0.147599 -0.013901 -0.06805  -0.199516 -0.052407 -0.061512 -0.107037
  0.156988 -0.07071   0.00548  -0.05485  -0.078035 -0.001512]
[ -8.239934e-01  -1.058226e+00  -1.063137e+00  -1.102517e+00  -8.414342e-01
  -1.251872e+00   1.709523e-02   7.187163e-02  -4.700186e-03   1.646814e-01
   8.975316e-02  -5.073352e-02   4.729046e-02  -1.305470e-02  -1.044718e-03
  -2.994918e-02   2.002654e-01  -5.925784e-02  -1.088663e-02   4.219555e-02]
[-1.205998 -1.098834 -0.621907 -0.992813 -0.683573 -0.657837 -0.158222
 -0.064281 -0.047035  0.047593 -0.030796 -0.066696  0.025894 -0.075607
 -0.070373  0.065505  0.085961 -0.068748 -0.003422  0.04498 ]
[-1.187746 -0.994621 -0.773972 -1.004444 -0.784486 -0.700844 -0.014207
  0.042109  0.094046 -0.074722  0.063053  0.135389  0.057778  0.097508
  0.010418  0.009167 -0.031814  0.024063 -0.005264 -0.001553]
[-1.286121 -1.372268 -1.585415 -0.951788 -1.047165 -1.230201 -0.063721
 -0.13391   0.033253  0.041019  0.025548 -0.035434  0.075174  0.079484
 -0.107942  0.009251 -0.015373 -0.109969  0.152772  0.088026]
[-1.189508 -0.967451 -0.974307 -0.982888 -1.033792 -1.025846  0.076369
  0.054479  0.0184    0.112351 -0.004319  0.081575 -0.060661 -0.012637
 -0.006501 -0.071893 -0.011192  0.197127 -0.074242 -0.008751]
[-0.751908 -0.910225 -0.687014 -0.88191  -0.647784 -1.031888 -0.017612
 -0.097248  0.084702  0.044167 -0.073763  0.092381  0.050786 -0.110055
 -0.14307   0.02843   0.069713 -0.051697 -0.009549  0.03163 ]
[ -9.298173e-01  -1.018587e+00  -6.800827e-01  -1.161114e+00  -8.868359e-01
  -8.868577e-01  -4.535297e-02  -4.640660e-03  -8.057616e-02  -9.757774e-04
   4.722277e-03  -3.494562e-02   1.120928e-01   2.826667e-02   2.885414e-02
   1.083367e-01  -3.526460e-02   7.994170e-03  -3.647611e-02   3.672522e-02]
[-0.803983 -1.010161 -0.941102 -0.752056 -0.69237  -0.952033 -0.124079
  0.014247  0.072     0.148053 -0.012401  0.177302 -0.136348  0.031608
 -0.060356 -0.110514  0.154647 -0.172682  0.029715  0.010094]
[-0.632478 -0.830282 -0.606281 -0.692517 -0.415037 -0.73953   0.028954
 -0.005395  0.08914   0.0412    0.051907  0.065731  0.023389  0.062706
  0.004612  0.059876  0.084659  0.08394  -0.020769 -0.004303]
[-0.64365  -0.503312 -0.812181 -0.742158 -0.866313 -0.759348 -0.018729
  0.015876 -0.120483 -0.021858 -0.064111 -0.027361  0.090193 -0.034524
 -0.027245  0.02223  -0.002595 -0.015121 -0.019634  0.04849 ]
[-1.163201 -0.997588 -1.061941 -0.946179 -1.076906 -0.881313 -0.00195
 -0.012103 -0.070999  0.046826 -0.051402 -0.032674  0.00705  -0.013202
 -0.058061  0.060834  0.054598  0.111547  0.002924 -0.038753]
[-0.96382  -0.837868 -0.787458 -0.768777 -0.741127 -0.653938 -0.017676
 -0.068301  0.055752 -0.046633  0.07349   0.078914  0.048058  0.035011
 -0.016562  0.045694 -0.015662 -0.068097  0.008194 -0.024845]
[ -1.294634e+00  -8.184134e-01  -9.962247e-01  -1.186158e+00  -1.252244e+00
  -9.602579e-01   1.185207e-01   2.908099e-02   1.276238e-01   8.843209e-02
  -1.279506e-01   8.863580e-02  -1.740961e-02  -3.491727e-02   1.196359e-01
   7.027020e-04   1.070181e-01   9.595834e-02  -8.242203e-02  -3.751643e-02]
[-0.928633 -0.947237 -0.973435 -0.958029 -1.039355 -1.04642   0.118674
 -0.039682 -0.15599  -0.082447  0.067031 -0.098381 -0.053767  0.016861
  0.012477  0.038521 -0.074184  0.174961 -0.015606 -0.017704]
[-0.777738 -0.838568 -0.585626 -0.655072 -0.494054 -0.50685  -0.116055
  0.072073  0.018629  0.103175 -0.026971  0.005267  0.181155 -0.065102
  0.069092  0.162469  0.15378  -0.163672 -0.02129  -0.014183]
[-0.970582 -0.939241 -0.887619 -0.810238 -0.778043 -0.82987   0.03695
 -0.061599 -0.01288  -0.002799 -0.030151  0.006272 -0.039473 -0.012079
 -0.048334  0.004229 -0.011124  0.066967 -0.033394  0.012045]
[-0.958314 -1.027669 -0.89525  -0.922686 -0.856156 -0.942465 -0.081291
 -0.093511 -0.046156  0.167842  0.035908 -0.140532  0.083182  0.06791
 -0.057084  0.03965   0.21497  -0.071707 -0.010021  0.009323]
[-0.994403 -1.110552 -0.922761 -0.879945 -0.686265 -0.828494  0.11597
  0.118048 -0.008025  0.112971  0.0087   -0.045986 -0.063189  0.04037
  0.054951 -0.088691  0.042211  0.158158 -0.005102 -0.004507]
[ -7.816863e-01  -8.405563e-01  -7.400963e-01  -8.562600e-01  -7.720538e-01
  -8.950712e-01   6.620122e-03   7.354581e-02   1.537567e-02   2.414579e-02
   2.606011e-02   1.328666e-02  -2.208996e-02  -1.296075e-03   2.618935e-02
   6.874181e-02   3.130263e-02   3.183532e-04   2.534932e-02  -4.183421e-03]
[-0.963436 -1.073079 -0.959781 -0.986804 -0.949688 -1.258996  0.072912
  0.010708  0.06392  -0.03985   0.050518 -0.012218  0.081805  0.04383
  0.063756  0.065893 -0.044972  0.041741  0.006746 -0.037527]
[-0.921968 -0.788665 -0.599036 -0.863884 -0.841696 -0.678389  0.086226
  0.057037  0.00684  -0.109972 -0.108395 -0.043809  0.052216 -0.022798
  0.065964  0.054966 -0.124475  0.056178  0.071677 -0.013321]
[ -9.575779e-01  -9.426345e-01  -6.898215e-01  -9.087218e-01  -7.811362e-01
  -7.337775e-01  -6.254319e-03  -8.337865e-02   5.304278e-02  -9.530578e-02
   1.559165e-01   4.536100e-02  -3.029607e-03   1.497458e-01  -4.620472e-02
   9.801819e-03  -9.098426e-02  -6.206506e-02  -4.006177e-03   6.102075e-04]
[-0.895358 -0.808058 -0.617558 -1.016543 -1.027598 -0.953919  0.030506
 -0.014413 -0.029646 -0.025858 -0.233061 -0.018329 -0.047539 -0.190143
  0.022072 -0.052806 -0.055884  0.019614 -0.046458 -0.015327]
[-1.268844 -1.243466 -1.1066   -1.172806 -1.074003 -1.178782 -0.012777
  0.027276  0.02283   0.070139 -0.04974  -0.018944  0.051545 -0.090579
  0.069634  0.039814  0.049168 -0.042629  0.022376 -0.019743]
[-0.936804 -0.960367 -0.962876 -0.795394 -0.765482 -0.813162 -0.057367
 -0.071801  0.013504  0.107676 -0.061737  0.018264  0.00236  -0.081483
  0.008374 -0.063483  0.108425 -0.118376  0.031257 -0.014057]
[ -8.663146e-01  -9.309689e-01  -9.585247e-01  -7.606373e-01  -8.766067e-01
  -9.799495e-01  -3.752889e-02  -5.851240e-02   7.046454e-03   8.309374e-02
   1.357553e-01  -4.498913e-02   5.772827e-03   1.677578e-01  -9.066477e-02
   5.754484e-02   2.347159e-02  -2.658280e-02  -3.841555e-04  -4.717488e-03]
[-1.071179 -1.037126 -0.85847  -0.990831 -0.946693 -0.914562 -0.098886
  0.068302  0.065279  0.108022  0.080107  0.069159 -0.021881  0.064387
  0.047934  0.016808  0.057476 -0.034992  0.013831 -0.011009]
[-0.535566 -0.909    -0.82356  -0.591444 -0.433742 -0.849369  0.002351
  0.001391 -0.054546 -0.14296  -0.045371 -0.109313 -0.046285 -0.089198
 -0.013302 -0.01428  -0.128678 -0.02484  -0.011973 -0.010925]
[-0.989111 -1.006452 -0.83628  -0.997565 -0.954446 -0.8119    0.040723
  0.120775 -0.046641 -0.038613 -0.150234 -0.224383  0.048472 -0.114903
  0.108673  0.063431 -0.068669 -0.006422  0.065018  0.00655 ]
[-0.832534 -0.641244 -0.808425 -0.780826 -0.948324 -0.679884  0.036909
  0.077205 -0.101472 -0.046902 -0.027969 -0.090025  0.150519 -0.018307
  0.053368  0.164078 -0.036908  0.01186   0.082539  0.023924]
[ -8.578217e-01  -9.029882e-01  -9.458669e-01  -9.381152e-01  -9.220870e-01
  -1.138002e+00   2.806318e-02   1.801171e-02   1.520882e-01  -4.522871e-02
   6.696661e-03   9.978662e-02  -1.103259e-01  -1.202537e-02   1.875704e-02
  -1.218101e-01  -7.810014e-02   1.119012e-01   1.183552e-02   4.284971e-04]
[-1.172154 -1.11879  -0.901789 -1.225485 -1.043294 -1.107818 -0.02508
 -0.106753 -0.104932  0.030634  0.085166 -0.072649  0.024135  0.048548
 -0.163918  0.090525  0.046075 -0.067305 -0.029899 -0.013805]
[-1.04074  -1.15456  -0.784022 -1.215283 -1.041571 -0.812006 -0.045532
  0.016799  0.067861  0.002962 -0.081587  0.084435  0.122852 -0.114109
  0.025538  0.078999  0.012936 -0.010278  0.010899  0.031901]
[-1.116829 -0.998816 -0.857453 -1.115415 -0.737064 -0.733889  0.030246
 -0.041815 -0.065288  0.089114  0.024232 -0.118987  0.236118  0.01084
 -0.059756  0.286663  0.127221 -0.045414 -0.003244  0.040084]
[-0.990369 -0.988531 -0.84121  -1.164307 -0.821546 -0.829584 -0.094916
  0.028704  0.014826  0.073671  0.084794 -0.014999  0.132969  0.040039
  0.006727  0.101258  0.058427 -0.076919  0.0396   -0.011009]
[-0.815462 -0.800415 -0.751144 -0.766468 -0.726112 -0.782007  0.084944
  0.052624 -0.111584 -0.130138 -0.071485 -0.133859 -0.033718  0.032546
 -0.017165  0.013477 -0.093845  0.081087  0.033102  0.028602]
[-1.126294 -1.169161 -0.909682 -0.810783 -0.636979 -0.646018 -0.032834
 -0.045668 -0.009881  0.23647   0.045985 -0.137138  0.129464  0.073812
 -0.077858  0.244857  0.108639 -0.004196  0.049005  0.053859]
[-0.868288 -0.729853 -0.95902  -0.71699  -0.915593 -0.836878  0.015299
  0.007518  0.020879 -0.022914 -0.048618 -0.033528  0.005504 -0.01997
  0.014402 -0.002056 -0.036753  0.048485 -0.011526  0.001392]
[-0.872368 -0.971566 -0.636566 -0.767792 -0.497991 -0.512315  0.075525
  0.067365 -0.04109  -0.006116 -0.048935 -0.060155 -0.047847 -0.063729
  0.051176 -0.031883 -0.053032  0.051193  0.08624   0.049919]
[-0.984777 -1.143919 -1.045426 -1.096371 -1.037231 -1.337871 -0.010394
  0.013855 -0.146791  0.013814  0.008738 -0.248127 -0.023167 -0.046505
  0.059744 -0.024404  0.05196   0.104221  0.003285 -0.018227]
[-1.01177  -0.977475 -0.575567 -1.017649 -0.74476  -0.622866 -0.081373
  0.036389 -0.037288  0.058767  0.05841  -0.006681  0.00606   0.085764
  0.055867  0.00125   0.08735  -0.062724 -0.06898   0.052678]
[-0.787679 -0.828892 -0.835069 -0.814731 -0.762721 -0.845147  0.007777
  0.062395 -0.012065 -0.027107  0.154036  0.007178  0.042799  0.140241
  0.08767  -0.002073 -0.011621  0.001675  0.054235  0.020142]
[-0.820759 -0.782292 -0.751148 -0.881876 -0.813178 -0.859939  0.033637
  0.100757 -0.088251 -0.109437  0.08917  -0.049277 -0.13011   0.14428
  0.060067 -0.198392 -0.0892   -0.010851  0.014467  0.027471]
[ -1.262623e+00  -9.831975e-01  -1.222781e+00  -9.807380e-01  -1.038506e+00
  -9.216391e-01   8.887722e-02   3.288467e-02  -1.588061e-01   6.578032e-04
  -5.739719e-03  -2.284359e-02  -1.244369e-02  -1.423669e-02   8.354999e-02
   4.808561e-03   1.268527e-01   1.992931e-01  -7.211917e-02  -6.138463e-02]
[-1.086466 -0.993856 -1.004944 -0.973164 -0.910179 -0.937129 -0.034684
  0.045031  0.030284 -0.013717 -0.009741  0.063349  0.049952  0.014616
  0.078897  0.032856 -0.057423 -0.023235 -0.037487 -0.031149]
[-1.152525 -0.989244 -1.005669 -1.012038 -1.053726 -0.931232  0.025386
  0.02448  -0.072686  0.100432  0.048667 -0.082449  0.006377  0.107498
  0.033114  0.066065  0.108937 -0.036145 -0.012008 -0.011531]
[ -7.156614e-01  -5.656083e-01  -7.149799e-01  -8.023678e-01  -9.492785e-01
  -7.977871e-01   8.545049e-04  -9.960229e-02   4.651148e-02  -8.992788e-02
  -1.299034e-01   2.797723e-02   1.934812e-02  -1.545881e-01  -1.208625e-01
   7.068819e-02  -7.573510e-02  -1.032357e-03  -9.109434e-02  -5.169946e-02]
[ -8.794986e-01  -1.008593e+00  -4.385872e-01  -1.086954e+00  -5.838638e-01
  -6.434012e-01  -4.499074e-02   8.727931e-03   1.071506e-01   1.486403e-01
   1.951820e-01   7.980072e-04   1.472240e-01   2.940326e-01  -6.891352e-02
   1.870775e-01   2.074270e-01  -6.888716e-02  -2.250780e-02   4.771745e-03]
[-0.94963  -0.862667 -0.854448 -0.874092 -0.888647 -0.936185 -0.022201
  0.019716 -0.042913 -0.008552 -0.002114  0.025385 -0.0513    0.01881
  0.092873 -0.068874 -0.003782 -0.064311 -0.032158 -0.005498]
[ -9.214056e-01  -9.961752e-01  -9.094462e-01  -8.045666e-01  -6.631224e-01
  -8.530721e-01  -2.775549e-03   7.380982e-02   4.861050e-03   2.883238e-02
  -2.093178e-02   4.085941e-02  -2.425150e-03   1.857575e-02   8.306897e-02
   2.288903e-02   4.367909e-02  -6.214143e-02   8.766525e-04   5.184112e-03]
[-0.87998  -0.793967 -0.723796 -0.634504 -0.572154 -0.55967  -0.05543
  0.044975 -0.014569 -0.03483   0.086773  0.080259  0.066932  0.056625
  0.061328  0.090135 -0.038617 -0.120033  0.002115 -0.001514]
[-0.809975 -0.748095 -0.576909 -0.963216 -0.946941 -0.816313 -0.112805
 -0.07247  -0.082915  0.04047  -0.118618 -0.038147 -0.15215  -0.016545
 -0.097762 -0.151548  0.040461  0.008239  0.07122  -0.024076]
[-0.635922 -0.521033 -0.689031 -0.335737 -0.525602 -0.393197  0.001903
  0.028821 -0.052486  0.015419  0.024605 -0.053723 -0.047144  0.015641
  0.003093 -0.047032  0.022946 -0.025913 -0.015987 -0.02375 ]
[-1.105216 -1.049013 -0.773741 -1.163721 -0.734988 -1.008309 -0.089063
 -0.03794  -0.121129  0.070992  0.013849 -0.124917  0.112356  0.10321
  0.040682  0.16529   0.046699 -0.175672  0.088566  0.044153]
[-1.027589 -0.939358 -0.999313 -1.033503 -1.306591 -1.092554  0.022623
  0.124381  0.062116  0.12781  -0.033802  0.061577 -0.085271 -0.032641
  0.108976 -0.139983  0.13395   0.042872  0.04296   0.01302 ]
[-0.95705  -0.819034 -0.842618 -0.778763 -0.814334 -0.714883 -0.008105
 -0.042883 -0.085465 -0.090908 -0.098206 -0.086582  0.046942 -0.099494
 -0.038748 -0.011425 -0.072995 -0.033226 -0.003624 -0.015167]
[-1.154569 -0.970161 -1.196132 -1.054649 -1.232442 -1.235088 -0.065765
  0.006265 -0.041512  0.02071  -0.058628 -0.077538 -0.018217 -0.087795
 -0.024415 -0.081929  0.056069 -0.088515 -0.050864  0.007123]
[-0.826386 -0.763936 -0.816662 -0.574313 -0.661971 -0.768441  0.061733
 -0.050176  0.031795 -0.082409  0.016763 -0.01389  -0.026024  0.054903
 -0.083175 -0.055369 -0.059899  0.070114  0.003631 -0.009146]
[-1.251831 -1.160614 -0.825293 -0.992644 -0.878654 -0.663779  0.008912
 -0.028843 -0.031331  0.010557  0.011709 -0.002519  0.03466  -0.017128
 -0.146607  0.091858 -0.046917  0.040245 -0.070619 -0.022659]
[-0.874836 -0.594974 -0.480094 -0.90542  -0.698086 -0.510446  0.100872
 -0.081268  0.08318   0.023539 -0.102973  0.012818 -0.025129 -0.101529
 -0.169287 -0.048602  0.054171  0.101716  0.001447  0.043157]
[-0.699188 -0.685147 -0.720003 -0.697627 -0.672981 -0.710234  0.001911
 -0.012236  0.126697 -0.166522 -0.006695  0.170565 -0.085756  0.004829
  0.055556 -0.075302 -0.114476  0.033742  0.04496   0.046136]
[-0.980485 -0.850439 -0.829439 -0.811289 -0.742211 -0.680819  0.01325
  0.019273  0.154575 -0.088739  0.037876  0.139095  0.011351 -0.013948
 -0.019946  0.02346  -0.073021  0.00401  -0.036284 -0.001618]
[-0.725049 -0.740252 -0.707451 -0.520203 -0.626393 -0.467706  0.019685
  0.045753 -0.071956  0.050066 -0.022291 -0.118002 -0.199078 -0.099631
 -0.000772 -0.126401  0.028904 -0.018967 -0.036349 -0.006677]
[-1.030801 -0.926629 -0.965986 -0.817069 -0.810929 -0.783313 -0.206657
 -0.03017  -0.0707    0.005105  0.009811 -0.070771  0.047662  0.014095
 -0.017141 -0.007276 -0.045318 -0.204304 -0.022391  0.001873]
[-1.009099 -0.963302 -0.943965 -0.965895 -0.890926 -0.934609 -0.065446
  0.04016  -0.038364  0.089425  0.040416  0.021198  0.116487 -0.02991
  0.063424  0.142672  0.104947  0.010755  0.113814  0.011895]
[-1.141685 -1.168281 -0.751715 -0.971304 -0.81153  -0.719581  0.024318
 -0.021636 -0.106315  0.107073 -0.038724 -0.071095 -0.002684 -0.074532
 -0.078907 -0.042288  0.163567  0.100836 -0.009033  0.030341]
[-1.106299 -1.151518 -1.17233  -0.742227 -0.801113 -0.89108  -0.047114
 -0.13506   0.018917  0.021943  0.040599  0.038254  0.032881  0.060498
 -0.155887 -0.039145 -0.014865 -0.060951  0.007549 -0.012674]
[-1.036416 -0.851263 -0.670345 -0.925751 -0.725631 -0.687439  0.049973
  0.104805  0.006461  0.046792 -0.101635 -0.032314  0.01339  -0.16058
  0.090247  0.056175  0.00642   0.031481 -0.053355 -0.00925 ]
[-1.090106 -0.776251 -1.093064 -0.745649 -1.051696 -0.813632 -0.175137
 -0.209441 -0.178538  0.146153  0.116543 -0.082145  0.0267    0.138189
 -0.246207  0.029862  0.080128 -0.267212  0.031196 -0.041801]
[-0.814641 -0.747335 -0.76053  -0.655884 -0.888173 -0.811767  0.079523
  0.023744  0.070794  0.014389 -0.042699  0.113085 -0.02664  -0.037473
  0.03129  -0.092783 -0.047578  0.104886  0.043085 -0.008377]
[-0.903759 -0.912711 -1.016886 -0.843547 -0.937599 -0.790624 -0.026114
 -0.222134 -0.005578 -0.015247  0.12335  -0.057763 -0.3022    0.072756
 -0.142139 -0.263391 -0.147355 -0.027922  0.029133  0.014728]
[-0.811327 -0.803689 -0.693764 -0.927554 -0.733602 -0.840684  0.006694
 -0.136452 -0.035743  0.028541 -0.009627 -0.03767  -0.049459  0.032113
 -0.071353 -0.100366 -0.021266  0.053183  0.08555   0.006452]
[-0.951561 -1.0009   -1.012582 -0.944333 -1.033006 -0.98755   0.007571
  0.010924  0.069729  0.026039 -0.058473  0.021346  0.01599   0.005397
 -0.05802  -0.017352 -0.038792 -0.031757  0.007146  0.026143]
[-1.132369 -1.078066 -1.050383 -0.912113 -0.691968 -0.931283  0.125651
  0.041222 -0.068509  0.114567 -0.031545 -0.106276 -0.06585  -0.020838
  0.119887 -0.147042  0.084999  0.196173  0.006005  0.012861]
('Mean', 1, ': ', -1.1323688876960187)
('Median', 1, ': ', -1.1323688876960187)
('Variance', 1, ': ', 0.0)
('Mean', 2, ': ', -1.078066132592157)
('Median', 2, ': ', -1.078066132592157)
('Variance', 2, ': ', 0.0)
('Mean', 3, ': ', -1.0503829435666838)
('Median', 3, ': ', -1.0503829435666838)
('Variance', 3, ': ', 0.0)
('Mean', 4, ': ', -0.91211347747855387)
('Median', 4, ': ', -0.91211347747855387)
('Variance', 4, ': ', 0.0)
('Mean', 5, ': ', -0.69196835849726934)
('Median', 5, ': ', -0.69196835849726934)
('Variance', 5, ': ', 0.0)
('Mean', 6, ': ', -0.93128251385326)
('Median', 6, ': ', -0.93128251385326)
('Variance', 6, ': ', 0.0)
('time: ', 10273.05788397789)
