“Running plot script on a single CPU core”
[ 0.100221  0.141202  0.150659 -0.021254  0.016165  0.015007]
[-0.002392  0.037037  0.035516  0.002149 -0.00939   0.006478]
[ 0.11831   0.10507   0.075251  0.036103  0.01121   0.039042]
[-0.033847 -0.000184 -0.032522 -0.006242 -0.000231 -0.01431 ]
[ 0.006873  0.005718  0.009565  0.033337  0.012269 -0.000234]
[ 0.028203  0.004803  0.026621 -0.014334  0.014714 -0.028007]
[ 0.024505  0.051535  0.049386 -0.007503  0.007053 -0.011907]
[ 0.065926  0.106311  0.101593  0.003104  0.001737 -0.005392]
[-0.028597  0.005073  0.036752  0.016684 -0.017188 -0.009471]
[ 0.046622  0.022981  0.012035 -0.018423 -0.005242  0.008934]
[ 0.021554  0.068964  0.064138 -0.032202  0.007046 -0.005452]
[ 0.030745 -0.014064  0.023445 -0.006618 -0.00327   0.020885]
[ 0.021395  0.026762  0.084949  0.000809 -0.007846  0.011196]
[ 0.004653  0.023664  0.026805  0.016712  0.003138 -0.002949]
[ 0.0097    0.086766  0.071109 -0.009466 -0.013266 -0.012931]
[ 0.059525  0.095074  0.093317 -0.008896  0.040732  0.017128]
[ 0.039134  0.033757 -0.018292  0.002507 -0.022272 -0.000432]
[ 0.052864  0.006734  0.082573 -0.003502 -0.009899  0.003603]
[ 0.048325  0.058956  0.112528  0.017426  0.039322 -0.0222  ]
[-0.000976  0.078801  0.086246 -0.004275 -0.037224  0.009843]
[-0.010721 -0.00462  -0.05105   0.000123 -0.019522  0.008176]
[ 0.060405  0.099817  0.057101 -0.027346 -0.010033 -0.006933]
[ 0.016827  0.037707  0.020266  0.015592  0.021503  0.007056]
[-0.009837 -0.011899 -0.043301  0.000966 -0.016921 -0.012855]
[ 0.01528   0.101075  0.099564 -0.038524 -0.029263  0.018475]
[-0.036236  0.009131 -0.026634  0.003942  0.01699   0.058997]
[ 0.012791  0.027716  0.065887  0.006743  0.029437 -0.008809]
[-0.017407 -0.01007   0.042677 -0.023037 -0.019678 -0.059484]
[ 0.086539  0.139976  0.067336 -0.031278 -0.024393 -0.027235]
[ 0.00996   0.06552   0.066757  0.034646  0.012889  0.027858]
[ 0.110266  0.1045    0.126067  0.014219  0.038618 -0.032607]
[-0.022187 -0.032751 -0.024864 -0.001507 -0.005333 -0.004539]
[ 0.057148  0.046814  0.053092  0.000212  0.0192    0.008925]
[ 0.014581  0.015647 -0.007474  0.027909 -0.025942 -0.000302]
[  4.855085e-02   8.695367e-02   7.415146e-02   2.488991e-05  -2.192122e-02
  -9.905227e-03]
[-0.031302  0.086389  0.028461 -0.012988 -0.013841 -0.007593]
[ 0.051459 -0.025595  0.068004  0.032521  0.00368   0.039805]
[ 0.052959  0.04954   0.081848  0.016119 -0.01911  -0.000593]
[ -1.183945e-02  -6.273897e-02   8.203912e-03   2.559176e-05   4.290200e-03
  -7.201609e-02]
[ 0.038393  0.079856  0.073979 -0.030704  0.015464 -0.007049]
[ 0.018575  0.037149  0.044461  0.010723  0.014741  0.016077]
[ 0.024862  0.131296  0.116426 -0.00639  -0.054513  0.023598]
[ 0.023971 -0.004768  0.091203  0.024452 -0.009237  0.008741]
[ 0.01621   0.021613  0.048318 -0.023138 -0.016277  0.022623]
[-0.083997 -0.108745 -0.047405 -0.01743   0.025374  0.010906]
[ 0.009062  0.047645  0.057297  0.014129  0.004268 -0.007313]
[ 0.100278  0.07745   0.102135  0.018346  0.007773  0.007759]
[ 0.020798  0.011803  0.065722 -0.023042  0.007638 -0.016774]
[-0.008913 -0.017109  0.00721   0.031916 -0.010006  0.002658]
[ 0.098707  0.078045  0.021842 -0.013821  0.024231 -0.007456]
[-0.008483  0.004583  0.019027  0.018556  0.005663  0.00091 ]
[ 0.081593  0.036734  0.092113 -0.008063 -0.006874  0.008337]
[ 0.023718  0.054294  0.096656 -0.010706  0.016704 -0.019132]
[ 0.051806  0.068344  0.0611   -0.002825 -0.034173 -0.010521]
[ 0.100068  0.061578  0.09984   0.015569  0.027646 -0.01298 ]
[-0.00071   0.028463  0.005422 -0.038721 -0.010836  0.013702]
[-0.025396  0.036798  0.044794 -0.006769  0.002163 -0.032592]
[-0.102152 -0.062586 -0.045353 -0.009137  0.003222 -0.025871]
[ 0.024756  0.09487   0.087325  0.018898  0.007435 -0.00467 ]
[ 0.09269   0.083522  0.125114 -0.012392  0.010994 -0.009684]
[ 0.025368  0.038293  0.048031  0.043758 -0.019445 -0.009294]
[-0.045386 -0.066133 -0.047023  0.011021 -0.004105 -0.004043]
[ 0.037137  0.078939  0.042257 -0.000667 -0.006602 -0.000455]
[ 0.008286 -0.002983 -0.008241  0.013025  0.019277  0.027734]
[ 0.051741  0.095773  0.106402 -0.004929 -0.011136  0.017654]
[ 0.042769 -0.034587  0.01034  -0.021075  0.003082  0.009531]
[ 0.064844  0.015115  0.02892  -0.0307    0.011842 -0.014194]
[ 0.017217  0.056757  0.054971 -0.003643 -0.018153  0.025553]
[ 0.047974  0.005827 -0.00415  -0.022726  0.010897  0.035639]
[ 0.00959   0.007029  0.044833 -0.011249 -0.008998 -0.016744]
[ 0.009391  0.072516  0.070764  0.001406  0.020763 -0.005047]
[ 0.078974  0.085138  0.112998  0.012248 -0.02362  -0.02886 ]
[ 0.084     0.041889  0.155335 -0.038177 -0.008786 -0.027799]
[ 0.068281  0.092284  0.085824  0.009822 -0.01476   0.005261]
[ 0.05849   0.030011  0.017468 -0.000542  0.024536 -0.011863]
[ 0.062893  0.031856  0.043504  0.028085  0.01832  -0.010049]
[ 0.065639  0.021129  0.034127  0.02748  -0.028252 -0.009986]
[-0.02353   0.009551  0.055873 -0.01014  -0.023285 -0.000157]
[ 0.046099  0.018047  0.085305 -0.006574  0.010604  0.010821]
[ 0.165982  0.121147  0.066224  0.000566 -0.011996  0.003603]
[ 0.066815  0.06868   0.082169  0.019879  0.008839  0.002048]
[-0.015653  0.012891  0.023364 -0.011577  0.016267 -0.002947]
[ 0.034696  0.026276  0.057477  0.075472  0.025371  0.001894]
[ 0.021707  0.003049  0.030615  0.007884 -0.001245 -0.002172]
[ 0.036655  0.13816   0.11044  -0.045888  0.054025  0.008623]
[-0.006551 -0.000694 -0.010401  0.034004 -0.015957  0.013141]
[ 0.010406 -0.046034  0.037931  0.008869 -0.005915 -0.036876]
[ 0.030141  0.01549   0.020515 -0.015869 -0.008447 -0.01183 ]
[ 0.079077  0.119918  0.136701 -0.050307 -0.034597 -0.044073]
[ 0.031441  0.009827  0.016288  0.022048  0.032123 -0.025501]
[ 0.018219  0.042432  0.07894   0.006916  0.006247  0.012641]
[ 0.011557  0.038383  0.018733 -0.025276  0.006815  0.011077]
[ 0.013862  0.1133    0.048802  0.003884  0.013742  0.002938]
[-0.057755 -0.03468  -0.032284  0.007795 -0.00555   0.031516]
[ 0.049109  0.051277  0.068924 -0.000179 -0.01138   0.039848]
[-0.000328  0.016809  0.010155  0.014129  0.001335 -0.0003  ]
[-0.069319 -0.067942 -0.047485  0.025822 -0.03001  -0.047153]
[ 0.156933  0.061539  0.071939 -0.000283 -0.027839 -0.027442]
[ 0.072861  0.040089  0.117543  0.016245 -0.023826  0.008184]
[ 0.010024 -0.020992  0.019728  0.022716  0.022308 -0.006822]
('Mean', 1, ': ', 0.010024331538799249)
('Median', 1, ': ', 0.010024331538799249)
('Variance', 1, ': ', 0.0)
('Mean', 2, ': ', -0.020992046392505296)
('Median', 2, ': ', -0.020992046392505296)
('Variance', 2, ': ', 0.0)
('Mean', 3, ': ', 0.01972763636037236)
('Median', 3, ': ', 0.01972763636037236)
('Variance', 3, ': ', 0.0)
('time: ', 9592.386125087738)
