“Running plot script on a single CPU core”
[ 0.007901 -0.003842  0.017743  0.009125 -0.021048  0.008741]
[ 0.031695  0.102014  0.030488  0.00601   0.009062  0.022186]
[ 0.01008   0.029442  0.003935  0.025804 -0.028192  0.053639]
[ 0.102402  0.054482  0.046807  0.003408  0.005291 -0.007038]
[-0.014659  0.033532  0.023565  0.022979 -0.026783  0.002668]
[ 0.014069  0.028944  0.020868 -0.010217 -0.005157  0.006551]
[ 0.078149 -0.00195   0.06455   0.010468 -0.014589 -0.049919]
[-0.053511  0.024197 -0.087078  0.027104 -0.003848  0.001954]
[-0.035261  0.12719   0.058948  0.045837 -0.049654 -0.029035]
[-0.020993 -0.031254 -0.011968  0.025847 -0.010424 -0.014886]
[ 0.062004  0.067241  0.133419  0.052012 -0.007599  0.026544]
[-0.007462  0.035617  0.084658  0.03047  -0.000532  0.019368]
[ 0.029227  0.014653  0.024543  0.01859   0.004311 -0.010122]
[-0.024085 -0.007218  0.030824  0.00236  -0.021648 -0.002069]
[ 0.035139  0.048894  0.098098  0.025448 -0.002913 -0.01693 ]
[-0.055623  0.010051 -0.034749 -0.020134 -0.011367  0.030373]
[ 0.013631  0.038933  0.116122 -0.00512  -0.016605  0.003484]
[ 0.029957  0.034296  0.02422  -0.002961  0.012979 -0.003851]
[ 0.065736  0.113192  0.121203 -0.005528  0.007287  0.020022]
[ -4.323743e-03  -2.269387e-03   1.565976e-02  -5.122402e-05   6.887089e-03
  -1.199219e-02]
[  7.162584e-02   6.186613e-02   4.279212e-02  -7.836814e-03  -5.409826e-05
   2.903296e-04]
[-0.02471   0.000476  0.004531 -0.00123  -0.013296  0.005671]
[-0.00016   0.067603  0.024271 -0.032944  0.038202  0.004122]
[ 0.082867  0.034043  0.104696  0.010824 -0.020283 -0.021112]
[ 0.066925  0.067015  0.076752  0.020213  0.000339 -0.013914]
[ 0.065176  0.074824  0.051145 -0.012071 -0.021621  0.021656]
[ 0.036626  0.049108  0.08713   0.002523  0.004299  0.041345]
[ 0.057288  0.086892  0.047472 -0.01085   0.020692  0.005971]
[ 0.036084  0.031606  0.096413  0.019325 -0.0269   -0.023421]
[ 0.004127  0.06788   0.039236 -0.007441  0.015282 -0.001771]
[ 0.05494   0.069752  0.103254 -0.020442  0.006989  0.024888]
[-0.022886  0.042026  0.072319  0.000741  0.011229  0.012936]
[ 0.031737  0.068399  0.066715 -0.007096  0.006775  0.004578]
[ 0.024877  0.026719 -0.036213 -0.019178 -0.007236  0.018963]
[ 0.032498  0.048957  0.070888 -0.050538  0.014878  0.002981]
[ 0.00937   0.024562  0.063515 -0.010318  0.017187 -0.007988]
[-0.023876  0.023515  0.029772  0.031541  0.009389  0.003176]
[ 0.030802  0.051194  0.001872 -0.008909 -0.008876  0.020291]
[-0.022139  0.076794  0.057967  0.0063   -0.01207   0.008027]
[ 0.006272  0.037739  0.02079  -0.042814 -0.010639  0.030783]
[ 0.048766  0.061986  0.062175 -0.03661   0.016676  0.021747]
[ 0.019867  0.025774  0.032278 -0.018162  0.010551  0.035438]
[ 0.020628  0.021749  0.044282 -0.020771 -0.00325  -0.007715]
[ 0.024928  0.026925  0.072819  0.003137 -0.028396  0.008544]
[ 0.03166   0.077146  0.004519 -0.006377 -0.010676  0.017975]
[-0.006911  0.03749   0.048797  0.033654 -0.003696  0.04275 ]
[ 0.033287  0.077876  0.052672  0.003103 -0.00486   0.021987]
[ 0.015227  0.034248  0.024934 -0.020062  0.006219 -0.02205 ]
[ 0.05875   0.078329  0.088558 -0.001034  0.004474 -0.001127]
[ 0.100286  0.173715  0.131249 -0.032394 -0.019381  0.013568]
[ 0.038829  0.028612  0.025368 -0.006391  0.042057  0.010769]
[ 0.0166    0.033736  0.088478 -0.049254  0.008538 -0.028946]
[ 0.074786  0.022472  0.074631  0.009368 -0.012224  0.009636]
[ 0.008546  0.04251  -0.012026 -0.047162 -0.026565 -0.013204]
[-0.02783  -0.019993  0.045093 -0.011942 -0.006029  0.027138]
[ 0.087694  0.118654  0.16311  -0.003939 -0.025468 -0.010624]
[ 0.029834  0.056731  0.053358  0.024833 -0.014832  0.012653]
[ 0.077133  0.098826  0.059032  0.004685  0.028694 -0.014278]
[ 0.006756  0.020816 -0.038446 -0.007514 -0.006926 -0.022836]
[ 0.035028  0.08563   0.121397  0.010561  0.031934 -0.015491]
[ 0.052602  0.088311  0.100354  0.002373  0.00538  -0.004205]
[-0.0123    0.037309 -0.041358 -0.004309  0.016216  0.016821]
[-0.02004   0.105733  0.087392 -0.00179   0.022232 -0.012582]
[ 0.053003  0.010311  0.036118  0.001666 -0.002093  0.016671]
[-0.0241   -0.001389  0.033741 -0.01571   0.02108  -0.006904]
[ 0.070188  0.086847  0.072933 -0.015997 -0.013335 -0.020965]
[ 0.038247  0.018402  0.009252 -0.011071  0.053244  0.004269]
[ 0.000239  0.051758  0.040503  0.001479 -0.02631   0.028067]
[ 0.026026  0.068915  0.074729  0.017127  0.014757  0.016826]
[ 0.012627  0.036018  0.019875 -0.04623  -0.034067 -0.007242]
[ 0.0265   -0.036729 -0.147511  0.020452  0.012855 -0.016527]
[-0.001898  0.055062  0.045781  0.026605 -0.002458 -0.007621]
[ 0.014078  0.042121  0.09389  -0.026011 -0.010548 -0.022581]
[-0.078964  0.021885  0.039562 -0.000875 -0.011579 -0.0125  ]
[ 0.075666  0.089526  0.077774 -0.005623 -0.003854 -0.025442]
[ 0.072122  0.112979  0.017805 -0.015614  0.002391  0.03071 ]
[ 0.015042  0.062855  0.072657  0.003457 -0.010132  0.03102 ]
[-0.019306  0.062574  0.067072 -0.01215   0.019914  0.021851]
[-0.020394  0.052289 -0.020556 -0.006872  0.021518 -0.012917]
[ 0.046587  0.120847  0.112408 -0.012052 -0.006753 -0.010834]
[ 0.075872  0.00717   0.055438 -0.010421  0.018705 -0.000117]
[ 0.027204  0.021712  0.06277   0.01215   0.018276  0.041277]
[ 0.001176  0.051584  0.068515  0.017705  0.032888  0.015521]
[ 0.087393  0.05751   0.096611  0.003616 -0.021001  0.005749]
[ 0.010064  0.04047   0.033994 -0.016168  0.01074   0.003917]
[ 0.025731  0.047949  0.096814 -0.018671 -0.024299  0.012256]
[ 0.089466  0.090579  0.094277  0.005711 -0.0077   -0.001597]
[ 0.057717  0.124222  0.094439  0.007237  0.029677 -0.001582]
[ 0.056404  0.073021  0.082228  0.012235 -0.015855 -0.026837]
[ 0.034561 -0.030679  0.015626  0.001526  0.029219 -0.016465]
[ 0.057673  0.060334  0.068946 -0.020916  0.015319 -0.001764]
[ 0.00628   0.061197  0.064415  0.011938  0.030655  0.01428 ]
[ 0.010021 -0.060798  0.009752 -0.008154  0.04026  -0.032323]
[ 0.036666  0.025683  0.024207 -0.006907  0.009877  0.013028]
[ 0.032267 -0.014217  0.046512 -0.018641  0.009554 -0.007531]
[ 0.025816  0.002649  0.041287  0.002558 -0.007388 -0.034957]
[ 0.059764  0.10966  -0.019142 -0.001038 -0.0111   -0.006205]
[ 0.037958  0.074624  0.036574  0.040821 -0.02621   0.045668]
[ 0.14641   0.078489  0.141563  0.006653 -0.001757  0.008373]
[ 0.152325  0.180761  0.144015  0.011569 -0.000517 -0.029181]
('Mean', 1, ': ', 0.15232531489722884)
('Median', 1, ': ', 0.15232531489722884)
('Variance', 1, ': ', 0.0)
('Mean', 2, ': ', 0.18076123056992302)
('Median', 2, ': ', 0.18076123056992302)
('Variance', 2, ': ', 0.0)
('Mean', 3, ': ', 0.1440147299348204)
('Median', 3, ': ', 0.1440147299348204)
('Variance', 3, ': ', 0.0)
('time: ', 13709.1759121418)
