“Running plot script on a single CPU core”
[-0.985002  0.291746  0.069002  0.301169  0.248571  0.311973 -0.518295
  0.299461  0.09504  -0.620489  0.311905 -0.858908 -0.835109  0.316791
  0.294688 -0.972477  0.313945  0.03343   0.012468  0.320096]
[-0.318626  0.264642 -0.037616 -0.8466    0.178179  0.193609 -0.300881
 -0.768285  0.074437 -0.485822 -0.689921  0.322057  0.29165  -0.494143
  0.333271 -0.78096   0.203911 -0.118796 -0.682496  0.333044]
[-0.119004  0.244055 -0.347122  0.17913   0.162802 -0.163447 -0.955838
  0.27181   0.293094 -0.772922  0.170431  0.003016 -0.933169  0.286574
 -0.052575 -0.358533  0.331889 -0.04875   0.130954 -0.243572]
[ 0.33301   0.299303  0.177555  0.26018   0.333014  0.295741  0.022002
 -0.522569  0.228818  0.146017  0.253349  0.332062  0.192633  0.312486
  0.305118 -0.461656 -0.141197  0.313539 -0.95836  -0.819065]
[-0.052388 -0.825912  0.333185 -0.332137  0.322194  0.269697  0.285805
  0.325202  0.149689  0.200686 -0.969476  0.172409 -0.284368  0.205042
  0.011766 -0.10659   0.132456  0.333266 -0.913853 -0.978103]
[-0.710328 -0.041169 -0.503186 -0.956656 -0.624709  0.320868  0.320795
  0.141645  0.322858 -0.822771 -0.007938  0.287872  0.332906  0.304119
  0.036287  0.322068  0.28437   0.332005  0.042117  0.291197]
[ 0.174377  0.332612 -0.035025  0.171479  0.323411  0.333262 -0.712868
  0.310153 -0.7964    0.212233  0.312586  0.251562 -0.167624 -0.587962
  0.212589 -0.6613   -0.959596  0.184263  0.19756  -0.025557]
[ 0.317211  0.332053  0.333014  0.050421  0.284595  0.19301  -0.853849
  0.187755  0.274726  0.327143  0.305223  0.265075  0.276891  0.158393
 -0.016327  0.211518 -0.096143 -0.410799  0.321832  0.307889]
[ 0.321938  0.145789  0.194865 -0.986633  0.275904  0.299818  0.296648
 -0.241985  0.218113 -0.852334 -0.137712  0.205517  0.322549  0.294929
 -0.572772  0.333058  0.133275  0.323764  0.333051  0.207831]
[ 0.323449 -0.187254  0.316556  0.024281  0.25226   0.267491  0.24366
  0.166911  0.229233  0.262727 -0.854224 -0.137717  0.023232  0.231804
 -0.131499 -0.640339  0.331108 -0.761896  0.264535 -0.990836]
[-0.953836  0.301027  0.264079 -0.692491  0.147952 -0.132728  0.332869
  0.299371  0.291937  0.333318 -0.14296  -0.908964  0.178133 -0.413036
  0.237171  0.298487  0.303665  0.177023  0.143617  0.004608]
[ 0.023148 -0.10412   0.182971 -0.795398 -0.173651  0.317555  0.306918
  0.326616 -0.242978 -0.99318  -0.002927  0.186191  0.222139 -0.75005
  0.097602  0.045447 -0.398867  0.318398  0.005516  0.139173]
[ 0.093739  0.303031  0.316214  0.19608   0.322232 -0.7409   -0.343116
  0.242677 -0.548268 -0.293742 -0.138222 -0.157523 -0.974995  0.051591
  0.329078  0.11946   0.296218 -0.844468 -0.948751  0.311626]
[-0.160921  0.261311 -0.94507   0.317092  0.322204  0.247923  0.098772
  0.120054  0.245298  0.201594  0.321248  0.331825  0.332124 -0.095411
  0.224712  0.277131  0.138093  0.308266 -0.015262 -0.564318]
[ 0.315212  0.265202 -0.24951   0.240682 -0.74453  -0.27181   0.323392
  0.103644 -0.700374 -0.920993  0.059154  0.3321   -0.329708  0.259046
  0.158383  0.245995  0.092269  0.156858 -0.247133 -0.623001]
[ 0.273116 -0.001167  0.221261  0.321225  0.332481 -0.659103  0.300303
 -0.109133 -0.907761  0.187701 -0.998993  0.293592  0.130534  0.267316
  0.31945   0.12053   0.3064    0.297542  0.195181  0.319008]
[ 0.009367  0.095341  0.333104  0.168519 -0.717005 -0.494855 -0.151706
  0.325813 -0.102561  0.175917  0.329616  0.118973  0.280934  0.312295
 -0.460046 -0.112359  0.275437  0.331272  0.315243  0.213028]
[ 0.332864  0.278639 -0.519764  0.21321   0.329278  0.280937 -0.264925
 -0.417849 -0.446353 -0.098932  0.003821  0.177595  0.073389  0.271911
 -0.941108 -0.833528 -0.996389  0.332475  0.263247  0.170099]
[-0.687792  0.331292  0.151158 -0.266939 -0.35639   0.15189  -0.628488
 -0.060357 -0.334516  0.299442  0.333324  0.317368  0.027113  0.255504
  0.333307  0.323116  0.259921 -0.78425  -0.216418  0.300901]
[-0.844064  0.293833 -0.321467  0.312811 -0.878372  0.271665  0.239405
  0.332284  0.331776  0.333119 -0.901047  0.168932 -0.034197  0.318648
 -0.15488  -0.254658  0.292603 -0.717664  0.244255 -0.544838]
[ 0.2934    0.289541  0.328352  0.275106  0.330564  0.258942  0.302483
  0.159474  0.210462 -0.471261  0.09617   0.061764  0.199689 -0.092316
 -0.461423  0.263261  0.291755  0.163311 -0.311041 -0.827056]
[-0.806288 -0.354556  0.333233 -0.27115   0.228957 -0.383968  0.211364
  0.118223  0.320616  0.313294  0.07562   0.213608  0.330808  0.325023
  0.320246 -0.89985  -0.46611   0.332861  0.201829 -0.297347]
[ 0.301955  0.220522 -0.583889 -0.131513 -0.124774  0.035768 -0.07731
 -0.349484 -0.297544 -0.598401  0.328727  0.284644  0.241795  0.171039
  0.293532  0.301366 -0.248479  0.144124 -0.343352  0.288053]
[ 0.29328  -0.011592  0.288267  0.116932  0.328638 -0.905289 -0.953827
  0.31573   0.33128  -0.116589  0.296466  0.291347  0.331071 -0.016057
 -0.388418  0.316232  0.325562  0.329867 -0.998185  0.266292]
[ 0.090962  0.303276 -0.56489   0.333056  0.315409  0.061581 -0.725891
  0.124028  0.277086  0.253571 -0.942018  0.273348 -0.997946  0.207901
 -0.505302  0.265248  0.320287 -0.610374 -0.949702  0.282426]
[ 0.298945 -0.104712  0.196801 -0.142422  0.330318  0.333332  0.068566
 -0.046377  0.131712 -0.22294   0.270312 -0.548724 -0.936264  0.185429
  0.332186  0.331395  0.178394  0.146673  0.223615 -0.336265]
[-0.090693  0.333134  0.329685  0.331953  0.240877  0.063555  0.330111
 -0.390792 -0.161862  0.10761  -0.475985  0.333241  0.285385 -0.289746
 -0.421136  0.321958  0.301703  0.254912 -0.700077 -0.897714]
[ 0.297933  0.265725  0.313441  0.142654 -0.078819 -0.891076 -0.041923
  0.31609   0.140444  0.284947 -0.648474  0.333121 -0.581888  0.19296
  0.259254  0.323692 -0.639122  0.298853 -0.783162 -0.02073 ]
[-0.501344  0.321102  0.146763 -0.031643  0.327277  0.317223  0.040277
 -0.21383  -0.059036 -0.320314 -0.989999  0.292712  0.155072 -0.425556
  0.260433  0.093935 -0.753239  0.217216  0.239876  0.084267]
[ 0.32549   0.313777  0.327386 -0.603844 -0.853908 -0.43309   0.083932
  0.169559  0.222512 -0.348339  0.326056  0.326657 -0.194834  0.243936
 -0.898803  0.314056 -0.992451 -0.989853  0.234684 -0.156519]
[ 0.303388 -0.15662  -0.687473  0.069466  0.037754 -0.0291    0.330698
  0.036281 -0.800936  0.331086  0.329996  0.331519  0.299121  0.292057
  0.28514  -0.70643  -0.99974   0.328706  0.216285 -0.290216]
[ 0.296036  0.332515  0.273158 -0.121578 -0.980567 -0.678902 -0.393332
  0.099285  0.31722   0.263347 -0.433     0.235726 -0.457683  0.164403
  0.013093 -0.086022  0.06307  -0.67671  -0.522623  0.124471]
[ 0.230234 -0.013636 -0.293587  0.323813 -0.941485 -0.039999  0.119818
 -0.148724  0.156823 -0.972892  0.027777 -0.765479 -0.720733 -0.258813
  0.225716  0.273275 -0.533253  0.182477  0.119377  0.305634]
[-0.317605  0.332684 -0.444158  0.251314 -0.582673 -0.881447  0.093367
 -0.583096  0.306846 -0.353202  0.328961 -0.339248 -0.971896  0.273551
  0.312669  0.320577  0.212459 -0.147454 -0.169457  0.001489]
[ 0.009563  0.085621  0.171463 -0.928467  0.224353 -0.668109  0.007383
  0.254727  0.28011  -0.649391  0.328917  0.329896  0.146606  0.32689
  0.323569  0.228353  0.004891 -0.583607 -0.095168 -0.964249]
[-0.386097  0.31409   0.333023  0.083537 -0.076161  0.265006  0.063416
  0.318288  0.332176  0.284225 -0.2396    0.295036  0.332794 -0.169209
  0.28725   0.052171  0.306423  0.207124  0.329188  0.320144]
[-0.290807  0.310052  0.317687 -0.033697  0.07597  -0.771707 -0.458429
 -0.164487 -0.335645 -0.017996  0.31358   0.326049  0.292994  0.222847
  0.030934  0.329761  0.308376  0.326717  0.296938  0.201964]
[ 0.319625  0.329085 -0.974191  0.102562 -0.004478 -0.064214  0.260152
  0.279075  0.167727  0.193415  0.329479 -0.967234  0.272405 -0.499119
 -0.100014  0.295029  0.262395 -0.851931  0.279768  0.118226]
[ 0.243827 -0.263535  0.123582  0.332259 -0.971943 -0.048523  0.217271
 -0.527954 -0.230913 -0.438292 -0.113012  0.304206  0.275809 -0.615846
  0.237696  0.230379 -0.830199 -0.227139 -0.513312  0.193436]
[ 0.223577 -0.942358 -0.589188  0.304754  0.314196 -0.041845  0.332022
 -0.699791  0.331632  0.239927 -0.56358   0.321447  0.291833 -0.361661
 -0.065149  0.103782 -0.043623  0.037069  0.331649 -0.753702]
[ 0.117023 -0.04582  -0.597568  0.332926 -0.734876 -0.81951  -0.72096
  0.311292  0.278111 -0.855617  0.076625 -0.807953 -0.322796 -0.11105
  0.286353 -0.821572  0.331163  0.301472  0.321689 -0.150463]
[-0.347461  0.106892  0.007891  0.186483 -0.41485  -0.054197  0.332438
  0.073345  0.16459   0.280281 -0.034302  0.186665 -0.16407   0.054765
 -0.353103  0.307073  0.27546   0.133877  0.317095  0.043879]
[ 0.13118   0.275461  0.171828 -0.06186  -0.452587  0.331451  0.33006
  0.149905  0.010148  0.321249 -0.175246  0.257225  0.31717  -0.064298
  0.283153  0.267478  0.217748  0.313207  0.313326 -0.746818]
[-0.017209  0.031309  0.330532 -0.402362  0.00365   0.014527  0.050386
  0.297332  0.220016  0.166959  0.299566  0.026104 -0.625926  0.287867
 -0.991449  0.29139   0.332099  0.034414  0.308651  0.254325]
[-0.023763  0.323171  0.266386  0.310355 -0.032533  0.202218  0.14435
  0.140012  0.323305 -0.324792  0.202546 -0.951555 -0.679768  0.333333
  0.331384 -0.260703  0.328936  0.322804 -0.262282  0.273161]
[ 0.065397  0.111209  0.323376  0.068622  0.329448  0.2178   -0.006199
  0.223182 -0.828892 -0.413354 -0.0216    0.287205  0.27808   0.29939
  0.302145  0.318344  0.29887  -0.672409  0.05489   0.330689]
[ 0.333306  0.264724  0.308598 -0.202322 -0.107147 -0.057542 -0.154643
 -0.991933  0.068737 -0.448018  0.294415 -0.335806  0.005748  0.213924
  0.167423  0.194834  0.140258  0.333011 -0.93396   0.101555]
[-0.7985    0.261279  0.262731  0.139358  0.04988   0.097444  0.330638
  0.239911  0.332006  0.205859  0.256507  0.148711  0.294953  0.327823
  0.116537  0.32939   0.307204  0.199607 -0.157503  0.259285]
[ 0.331347  0.226802  0.047917 -0.045684  0.081337 -0.382762  0.132952
  0.324066  0.12982  -0.011018  0.216041  0.312779 -0.735823  0.072339
 -0.946204  0.33077   0.269425  0.328831  0.274533  0.332264]
[-0.600618  0.145744  0.250118 -0.258059 -0.329679  0.229258  0.019691
 -0.499287 -0.498509  0.333321  0.022666  0.066407  0.176409 -0.216304
  0.187518  0.271644  0.329891  0.32296   0.08439   0.288296]
[ 0.264262 -0.360127  0.302745 -0.875428  0.212613  0.30416   0.214688
  0.280763 -0.541752  0.190357 -0.115502  0.078432  0.204995  0.28729
 -0.070171 -0.53317   0.235653  0.333014  0.132273 -0.118839]
[-0.986153  0.079744  0.316084 -0.635105  0.332894  0.33332   0.287397
  0.156076  0.166825 -0.164218 -0.788232 -0.111157 -0.117714  0.045432
  0.332588  0.333137  0.070813  0.253471 -0.970314  0.119704]
[ 0.171526  0.225832  0.301894 -0.396191  0.287811  0.329404  0.163605
 -0.019573  0.278328  0.104495  0.201533 -0.295348 -0.023199  0.297857
  0.270132  0.173238  0.333284  0.07413  -0.229067  0.226511]
[ 0.222658 -0.175745 -0.302015  0.032082  0.332551  0.331725 -0.148707
 -0.504235 -0.23011  -0.94383   0.311953  0.246252  0.271429 -0.495087
  0.321745  0.332799  0.293416  0.328799  0.332638  0.135651]
[ 0.035713 -0.179191  0.33332  -0.995892 -0.467584  0.329734 -0.121876
 -0.639433  0.331776 -0.891417 -0.381598  0.320438 -0.396737 -0.336811
  0.278458 -0.071093 -0.673014  0.215143  0.22919   0.298128]
[-0.859451 -0.914283 -0.383939  0.309163  0.259355  0.313402  0.195031
  0.32396   0.323557 -0.211285  0.131445 -0.98183   0.276224  0.021346
  0.189799 -0.111932 -0.978256  0.181439  0.329143 -0.284258]
[ 0.331587  0.332046  0.227165  0.212583  0.16415   0.330264  0.326571
  0.216875  0.190973  0.218125  0.117991  0.332122  0.294206 -0.965533
 -0.516639 -0.907803  0.332722 -0.280846  0.328456  0.31565 ]
[ 0.328938  0.113905  0.318781  0.092817  0.241693  0.168044  0.309456
 -0.942471  0.278364  0.26144   0.205484 -0.745568 -0.26125  -0.124104
  0.260909  0.056799  0.2743    0.166726 -0.711722  0.332439]
[-0.120113 -0.183215 -0.156799  0.184984  0.324664 -0.566496  0.003561
 -0.440924  0.281564 -0.428259 -0.566707 -0.040726  0.224183  0.229719
  0.180297  0.159761  0.078809 -0.861734 -0.01067  -0.736602]
[-0.996817  0.29733  -0.170598 -0.076626  0.323154 -0.004605  0.140398
 -0.097384  0.285245 -0.830037  0.326495  0.329886 -0.078969  0.333198
  0.267276 -0.467526 -0.074719 -0.066168  0.036628 -0.997919]
[-0.158983  0.160467 -0.554434 -0.178739  0.297036  0.244823  0.132125
  0.210638  0.332569  0.332675  0.121092 -0.073901  0.298161  0.132421
  0.30993  -0.158893 -0.897662 -0.931967  0.331884  0.311714]
[ 0.028046  0.214879  0.289901  0.331672  0.326083 -0.929177  0.319063
 -0.998933 -0.768152  0.183766  0.256085  0.32003   0.329421  0.315727
  0.312733  0.331092 -0.733307 -0.166126  0.283968  0.216024]
[ 0.177903 -0.240071  0.32931  -0.251968  0.051463  0.247944  0.10007
  0.288648 -0.291881 -0.759616  0.131921  0.323545 -0.099776 -0.960034
  0.318237 -0.304529  0.329496  0.292474  0.209966 -0.975377]
[ 0.309908 -0.051982  0.217174  0.193168  0.324572  0.330848  0.209568
  0.02284  -0.457768 -0.563845  0.329689  0.219322  0.303291  0.292017
 -0.190823  0.305889 -0.110326 -0.156622 -0.113152  0.265341]
[ 0.303409 -0.385287  0.101405  0.218571  0.188037  0.285363 -0.071355
 -0.385956  0.323242  0.271053 -0.167107 -0.65485   0.194963  0.331148
  0.248935  0.302174  0.018308  0.332728  0.32673  -0.451031]
[-0.024859  0.291188 -0.38174   0.117839 -0.005292  0.327342  0.330802
  0.115656 -0.983224  0.331974  0.329971 -0.247206 -0.904719  0.302936
  0.200307  0.312385 -0.268314 -0.867516 -0.283213  0.274954]
[-0.0329    0.125027  0.316064 -0.794241 -0.994445  0.252207 -0.554271
  0.333291  0.265157  0.199859 -0.268326  0.312665  0.305635  0.116278
  0.277584 -0.067509  0.07493   0.293326  0.301417 -0.070165]
[ 0.249662  0.198722 -0.237504 -0.597384  0.242784  0.331565  0.214325
  0.216933 -0.030901  0.261961 -0.751277  0.332618 -0.990791 -0.410181
  0.283782 -0.006141  0.250557 -0.055067  0.316349  0.329077]
[ 0.117881  0.332029  0.234499  0.051116  0.328842 -0.345951  0.094838
  0.319121  0.277175 -0.253233  0.150107  0.074743  0.09425   0.034798
 -0.43678  -0.495367  0.309455 -0.966997 -0.744723 -0.063103]
[ 0.312712  0.31717   0.288514 -0.196875  0.332498  0.287869  0.319739
  0.292402  0.333239  0.327257  0.270982 -0.621712  0.309524 -0.527352
  0.320695 -0.883446  0.239172 -0.98092   0.052727  0.304209]
[  2.736584e-01   3.299453e-01   3.254657e-01   3.303834e-01   2.907040e-01
   2.054497e-01   2.166408e-01  -5.733279e-01  -1.462036e-04   8.607865e-02
  -2.146270e-01  -7.785686e-02   3.035215e-01   3.236854e-01   2.275764e-01
   1.962869e-01   2.079063e-01  -6.954028e-01  -3.907290e-01   4.676872e-03]
[ 0.283701 -0.916599  0.200239  0.295356  0.318893 -0.30774   0.282756
  0.31693   0.30848  -0.259571 -0.917462  0.319805 -0.719726  0.300145
  0.292282  0.214909  0.2002    0.191091  0.312691  0.172719]
[ 0.087357  0.043426 -0.02573   0.286586 -0.194622  0.215066 -0.011345
  0.213245 -0.150028  0.112081 -0.15279   0.16878   0.327802  0.325742
  0.195473 -0.352444  0.274545  0.227099 -0.64955   0.304091]
[-0.356439  0.241363 -0.992989  0.294605  0.319521  0.315735  0.331087
 -0.927527  0.319669 -0.439407  0.233017 -0.636032  0.174644  0.136823
 -0.286904  0.321535  0.303511  0.113132  0.281578  0.332116]
[ 0.303642  0.304777  0.189255  0.332645 -0.41899   0.315601  0.329708
  0.292472 -0.300414  0.1856   -0.984779  0.331655  0.314959  0.332648
 -0.674016 -0.544634  0.267178 -0.335515 -0.493939  0.16501 ]
[ 0.297414 -0.135259  0.333005 -0.99966   0.188154  0.323742  0.217883
  0.273467  0.258958 -0.06334   0.275013 -0.867256 -0.289771 -0.040169
  0.302379 -0.142013  0.325818 -0.475752 -0.081047 -0.299348]
[ 0.308954  0.322945  0.322931  0.179553  0.110419  0.258215  0.163182
  0.317611 -0.057426  0.24911   0.332846 -0.614814  0.039198 -0.224917
 -0.893342 -0.264305  0.332009  0.247981  0.319116 -0.10835 ]
[ 0.183967  0.254302  0.303093  0.260051  0.331927  0.223546 -0.117593
 -0.510516 -0.449639  0.018149  0.31868  -0.772475  0.3071    0.133388
 -0.823694 -0.006351  0.287493  0.333324  0.270654 -0.220254]
[ 0.298549  0.149405  0.309638 -0.490096  0.158668  0.055509  0.332356
 -0.204541  0.0534   -0.058934 -0.999567  0.332927  0.304188 -0.257115
  0.31402   0.242053  0.330808  0.116971 -0.512933 -0.776514]
[ 0.136427  0.122877  0.333332  0.277156  0.291562  0.298139  0.310487
  0.326456 -0.355551  0.327295  0.213812 -0.495136  0.2231    0.312548
  0.309123  0.076381 -0.716444  0.105125 -0.774637  0.053567]
[ 0.310651  0.148506  0.261207 -0.499777  0.333073  0.292051 -0.0499
 -0.985131 -0.334936  0.207504 -0.091734 -0.552016  0.19107  -0.738231
  0.032848 -0.348785 -0.900686  0.301047 -0.59576   0.252772]
[-0.674049 -0.222561 -0.287347 -0.137221  0.250578  0.333234 -0.129747
 -0.27301   0.270026  0.067821  0.272031  0.307141 -0.917412  0.280617
  0.099876  0.310153  0.312377 -0.91517  -0.937574  0.276718]
[ 0.163699 -0.786422  0.19285  -0.012679  0.333114  0.154579  0.049691
 -0.329911  0.225479  0.30423  -0.405564  0.300184 -0.334673  0.150256
  0.295023 -0.251609 -0.669826  0.32506   0.305157  0.322436]
[ 0.269148 -0.47576   0.260351  0.309068  0.333333  0.195077  0.321267
  0.332823 -0.392859 -0.207745  0.235685  0.158022 -0.705242  0.33198
  0.109469 -0.882037  0.014986 -0.998141  0.257009  0.070657]
[ 0.151853  0.272118  0.308765 -0.646757  0.079595  0.259452 -0.041355
  0.332069  0.309209 -0.767115 -0.76532   0.318745  0.304163 -0.339522
  0.23366   0.333096  0.273689  0.323369  0.322841  0.040672]
[-0.903595  0.326116  0.192227  0.12614   0.332332  0.310618  0.327947
  0.078903  0.275192  0.319771 -0.34724   0.145696  0.327538  0.286952
 -0.109117  0.305199  0.181559 -0.600663  0.317312 -0.830502]
[ 0.304185  0.239835 -0.186191 -0.999913 -0.310236  0.150646 -0.705316
 -0.321825  0.312951  0.328689  0.316109  0.306023  0.196621 -0.772096
  0.30569  -0.020083  0.207176 -0.829371 -0.980893  0.320395]
[-0.481017  0.319803  0.231696  0.123621 -0.874846  0.32341   0.064989
  0.303071  0.02088   0.248781  0.092544  0.162621 -0.331278 -0.969834
 -0.110135 -0.332484  0.296486  0.29815   0.329445 -0.134534]
[-0.088464  0.327057  0.147105  0.311398  0.324571 -0.094945  0.015382
  0.310277  0.208981  0.146491 -0.305002 -0.523004 -0.056133  0.325089
  0.200041  0.269497  0.127244  0.330707  0.287478  0.315707]
[ 0.099779  0.32959   0.302189  0.233525  0.123833 -0.344628  0.288087
  0.052337  0.317641 -0.578738  0.285867 -0.999821  0.299436  0.18987
  0.117602 -0.147463  0.199135  0.040062  0.131393  0.207876]
[ 0.292888  0.143563  0.279622  0.083795  0.060211  0.310981 -0.087215
 -0.762067  0.324424  0.076533 -0.69589   0.319045  0.219752  0.276762
  0.331254  0.310097  0.207755  0.274814 -0.181088  0.329189]
[ 0.329128  0.27886  -0.96582   0.058547  0.33294   0.149414 -0.550828
 -0.033372  0.315636  0.069621 -0.324106  0.301172 -0.13852  -0.327465
 -0.263723 -0.207199 -0.234607  0.035097  0.072501  0.253556]
[-0.456616  0.313623  0.262192 -0.957341  0.305042 -0.952457  0.332429
  0.330739 -0.298888  0.245031 -0.536155  0.167297  0.110592  0.231729
  0.076814  0.317857  0.176109  0.205021 -0.157028 -0.095837]
[-0.038821 -0.535201  0.332697 -0.838264  0.32923  -0.417102  0.332792
 -0.061872 -0.936129 -0.88017   0.327365 -0.918313  0.183186  0.084151
  0.304718  0.31867   0.329006  0.322724 -0.894209 -0.366635]
[-0.265741 -0.998979  0.23308   0.325886  0.314019 -0.048966  0.331911
  0.252606 -0.4619    0.295352  0.297606 -0.996542 -0.93926   0.013128
  0.104116  0.27951   0.210274  0.332448 -0.224838  0.330459]
[ 0.144535 -0.329387 -0.00472   0.287289  0.21977  -0.817286  0.211653
  0.310231 -0.266876  0.071521 -0.168706  0.290463  0.298918 -0.37155
  0.277746  0.274586  0.264618  0.094231  0.313463  0.316359]
[ 0.326296  0.166767  0.271394 -0.617251  0.297746  0.134889  0.324412
  0.32646   0.280869  0.02337  -0.618114 -0.700434  0.267261  0.331837
  0.295356  0.324718  0.158716  0.110838 -0.493778 -0.420819]
[-0.817555 -0.285646  0.074149  0.333313  0.274727 -0.436342  0.168737
 -0.094268 -0.51201   0.329277 -0.018074 -0.155412  0.020943 -0.178265
  0.265292  0.183604 -0.989918  0.074648  0.143349  0.231941]
[ 0.321738 -0.999708  0.213747  0.249882 -0.051946 -0.783964 -0.174724
  0.261156  0.121513  0.232181  0.225383 -0.713349  0.297859 -0.015889
  0.264994 -0.091988 -0.382541  0.33054   0.229177  0.092542]
[ 0.254718  0.315469  0.333305  0.236739  0.333329  0.301653  0.238133
  0.165126  0.323352 -0.005797 -0.173499  0.062964  0.300167  0.084975
  0.324918  0.247185  0.223955  0.316938 -0.317516  0.248888]
[-0.095411350171976328, -0.011698243382591456, -0.022055499438404014, 0.068289342816526155, 0.056118511827430953, 0.030159296001352032, -0.0066510937203013432, -0.0037089020556331231, 0.12274994256352012, 0.056464350650672013, 0.0091436041949599645, -0.025266398297655868, 0.035930840136815689, 0.012132881463203932, -0.01911841162518374, -0.016553739982939686, 0.033383307274289585, -0.056244732374041484, 0.086977353203606333, -0.0050261574775468665, 0.028216270474423322, -0.049121070062602801, 0.0063432887291500761, 0.012839081826656551, 0.0016396941366523254, -0.0025180887313771549, -0.016965519565431283, 0.060837148228589932, -0.04433737512358854, 0.043407196261988801, 0.050571725997774486, 0.03311320017264352, 0.029355504513983277, 0.003719346161533188, 0.049153710313237425, -0.011223555347488923, 0.025319193755877767, -0.031257377428228483, 0.021101938954853766, -0.012282778193063087, 0.039018395616668103, -0.019348698813546283, 0.0899135578494345, 0.051177518128963713, 0.023411230998531249, 0.022548191792856359, 0.0040903360124345256, -0.082912258253540205, -0.021720518224623009, 0.0059983807655623611, 0.045177213240461478, -0.039196406555896068, -0.070629586377047388, 0.051026019417970775, -0.015020314879589575, 0.01414422369512025, 0.0080168503887791398, 0.051695397386196884, 0.020993926170303726, -0.0087893355075373547, -0.017296373729346309, 0.0074737119926406026, 0.017294677508684492, -0.033614283646764553, -0.029644269262294742, -0.0026507530605255694, -0.0054062550507878691, -0.05763033820223662, 0.066211682302567826, 0.022577476011632569, -0.0082475200152627992, 0.021396508050158192, 0.01763781122170914, -0.029624793919531378, 0.019064518770655348, -0.00071674119153608551, -0.041301560712184215, 0.069705675130907904, -0.0021943091092722078, 0.039611622942815783, 0.10041211868232852, -0.042792715288793581, -0.043884394950590183, 0.073391080889206789, 0.0010806534397099221, -0.0015682861417177785, 0.037573761687757501, 0.07196319379237176, 0.021149634087163499, 0.042015839627859181, 0.0029390753513627299, -0.037293129399150082, 0.029027183618365426, 0.0006233133269628599, -0.017447568634594929, -0.018496938750562242, 0.021099933023736861, -0.02743805912677677, 0.022686976541435755, 0.037099041001030425]
('time: ', 9903.021430015564)
