“Running plot script on a single CPU core”
[-1.074874 -1.015766 -0.923125 -0.880479 -0.803022 -0.767332 -0.020587
 -0.073012  0.103739  0.016662 -0.124105  0.147309 -0.055165 -0.087165
 -0.079227 -0.126195 -0.011001  0.059235 -0.08392   0.038821]
[-0.777283 -0.908316 -0.722462 -0.95918  -0.65801  -0.815308 -0.047439
 -0.030729 -0.043465 -0.05893   0.054632 -0.026343  0.091497  0.016856
  0.014603  0.067142 -0.091724  0.01007   0.006491  0.018072]
[-0.569425 -0.439316 -0.500953 -0.537512 -0.674738 -0.496749  0.04277
 -0.065785  0.020577  0.040226 -0.070116 -0.004081 -0.001057 -0.109204
 -0.05129  -0.032443  0.059734  0.060133 -0.011099  0.015996]
[-0.980971 -0.758125 -0.814681 -0.869082 -0.905547 -0.544376  0.131965
 -0.046094  0.216668  0.03456  -0.174318  0.239705 -0.106053 -0.223218
 -0.059123 -0.128026  0.013238  0.073371  0.019577  0.017538]
[ -8.954076e-01  -1.032099e+00  -1.259151e+00  -6.391899e-01  -8.725905e-01
  -8.880275e-01  -2.192530e-01   1.104322e-01   6.261915e-02  -6.947419e-02
   1.342638e-02   7.830895e-02  -2.272125e-01  -1.366544e-01   2.068387e-01
  -5.586199e-02  -4.735533e-05  -2.663276e-01   1.669175e-02   1.512703e-02]
[-1.060544 -0.778797 -0.736013 -0.925945 -0.974418 -0.637375  0.016527
 -0.078803  0.05576  -0.051795 -0.049648 -0.010593 -0.022336 -0.081911
 -0.039915  0.014119 -0.027997 -0.02948   0.013206  0.004398]
[-1.242433 -1.157354 -1.00241  -0.867666 -0.939083 -0.850561 -0.014045
  0.084906  0.039603 -0.107051  0.021889  0.034447  0.104166 -0.055896
  0.125655 -0.022295  0.035009 -0.128983 -0.014411  0.013802]
[ -1.097372e+00  -9.552521e-01  -7.153953e-01  -9.892704e-01  -8.041574e-01
  -6.167075e-01   5.650330e-02   1.081631e-03   2.374917e-02  -9.575544e-02
  -1.032450e-01   2.802324e-02   7.285074e-02  -8.572390e-02  -2.469073e-02
   1.542359e-01  -1.012524e-01   4.359803e-02   1.185689e-02  -8.635836e-03]
[-0.82036  -1.047824 -0.968878 -1.038411 -0.672413 -0.964938 -0.00982
  0.016264 -0.261684 -0.068329 -0.212261 -0.287081 -0.064206 -0.147494
 -0.005436  0.003217 -0.15858   0.027385 -0.074779 -0.031413]
[-1.048864 -0.686513 -0.913736 -0.651476 -0.896539 -0.629182 -0.009123
 -0.255154  0.025216  0.004323  0.02567   0.004472  0.018859  0.019625
 -0.176023  0.068279  0.061618 -0.060805 -0.072515 -0.028038]
[-1.006772 -1.062501 -1.041609 -0.892741 -0.809661 -0.971271 -0.028358
  0.0545    0.047399  0.04254   0.010565  0.104586  0.007414  0.053334
  0.045775  0.077122 -0.026898 -0.031479  0.034998  0.011015]
[-0.643767 -0.852471 -0.960144 -0.632291 -0.656636 -0.79551  -0.096947
  0.055382  0.038179  0.013705 -0.101483  0.067365 -0.020156 -0.163692
  0.035916 -0.088733  0.007529 -0.009144  0.009429  0.050315]
[-1.045988 -0.757639 -0.827144 -1.060749 -1.228138 -0.914533  0.009152
  0.125614 -0.029935  0.043263 -0.038049 -0.020859 -0.029064  0.059945
  0.103622 -0.016743  0.083625  0.044168  0.002075 -0.008835]
[-1.126574 -0.90005  -1.154455 -0.847512 -1.039071 -0.940065  0.022978
 -0.168657  0.049857 -0.062076  0.047203 -0.014082 -0.03113   0.050649
 -0.244656  0.018593 -0.022763  0.055302 -0.037188 -0.005397]
[ -7.206445e-01  -5.308906e-01  -7.213917e-01  -6.714630e-01  -9.632251e-01
  -5.883501e-01   1.116000e-01  -1.493489e-01   7.259698e-02  -1.105333e-02
   1.109777e-02   9.740986e-02  -1.067415e-01   2.312349e-04  -1.868501e-01
  -9.460200e-02   3.152504e-02   9.584594e-02   2.197849e-02  -1.919797e-02]
[-0.862299 -0.899991 -0.812168 -0.861061 -0.838834 -0.88604  -0.008002
  0.03004  -0.052586  0.022456  0.006568  0.006711 -0.075408  0.042972
  0.021145 -0.08429   0.036517 -0.037423  0.028544 -0.007401]
[-0.952054 -0.92591  -0.917261 -0.859141 -0.798702 -0.875834 -0.100733
  0.059939 -0.099785  0.024853  0.005226 -0.033137  0.008559 -0.006486
  0.058974  0.072641  0.040692 -0.06917   0.028225  0.05787 ]
[-0.636879 -0.694729 -0.615206 -0.723706 -0.643288 -0.704265 -0.027507
  0.073301 -0.029219 -0.051144  0.149896  0.011083  0.051005  0.165722
  0.035016  0.073896  0.014759 -0.083915 -0.019124  0.012616]
[-0.876406 -0.891396 -0.853459 -0.879388 -0.798097 -0.987148 -0.021609
  0.054266 -0.096809 -0.028516 -0.053598 -0.044412 -0.137638 -0.023977
  0.020795 -0.09286  -0.022811  0.009965 -0.009246 -0.009418]
[-1.217305 -1.113474 -1.152881 -1.057836 -1.136955 -1.061305 -0.118496
  0.030016  0.038454 -0.085088 -0.048113  0.039123 -0.008103 -0.041462
 -0.012911  0.023137 -0.079487 -0.208734  0.025568  0.015465]
[-0.907242 -0.789203 -1.050775 -0.639297 -0.980685 -0.727486  0.003781
 -0.1579   -0.053508 -0.032088 -0.089222 -0.006542 -0.021433 -0.088488
 -0.161779  0.008326 -0.029855 -0.168354  0.00403  -0.003998]
[-1.019625 -0.874313 -0.903987 -0.972478 -1.205223 -0.9801   -0.014978
  0.006708 -0.093439 -0.011791 -0.172074 -0.036417 -0.119972 -0.200396
 -0.027861 -0.082866 -0.031    -0.037774  0.022807  0.009503]
[ -1.098777e+00  -1.204289e+00  -1.130357e+00  -1.104138e+00  -9.927662e-01
  -1.049986e+00   6.673540e-02  -5.491296e-02   2.455646e-02   1.612573e-01
  -3.280144e-02  -3.135443e-04  -1.048813e-01   9.103494e-02   3.330156e-02
  -1.313957e-01   8.194828e-02   9.105850e-02   2.769965e-02   2.301358e-02]
[-0.943389 -1.000001 -0.785694 -0.990333 -0.718083 -0.70929   0.006306
 -0.004526 -0.233578 -0.101237 -0.076572 -0.147565 -0.016641 -0.080668
 -0.030859 -0.052389 -0.199835  0.159716 -0.025857 -0.079974]
[-0.992234 -0.873991 -0.798157 -0.995842 -0.916529 -0.872561 -0.011676
 -0.011343  0.074554  0.005165  0.057072  0.113179  0.106715 -0.003404
  0.045601  0.118808 -0.053644  0.007488 -0.039357 -0.018531]
[ -1.120742e+00  -1.141624e+00  -1.066625e+00  -1.232956e+00  -9.051060e-01
  -9.347798e-01  -1.008730e-01   6.257116e-02  -3.948339e-02  -1.220905e-01
   4.533206e-02  -4.211655e-02   2.512663e-02  -3.723522e-02   2.205741e-01
  -4.768643e-02  -1.382219e-01  -8.759625e-02   4.572923e-04  -6.751751e-02]
[-0.72156  -0.671297 -0.661145 -0.683964 -0.709377 -0.686826 -0.05439
 -0.114933 -0.07249   0.097867  0.073192 -0.078936 -0.020056  0.089627
 -0.093559 -0.050554  0.09193  -0.074763 -0.036123 -0.040827]
[ -6.854032e-01  -8.775151e-01  -7.349540e-01  -8.345067e-01  -8.052388e-01
  -9.484078e-01   1.737776e-01  -1.324561e-02  -4.774948e-03  -6.580757e-02
   2.112637e-02   2.301539e-02  -1.225145e-01   2.373811e-02   4.919610e-02
  -1.858348e-01  -7.811536e-02   1.803876e-01  -2.037379e-02   4.801293e-04]
[-0.920008 -0.897297 -0.840809 -0.863801 -0.740229 -0.635872  0.11857
 -0.026117 -0.059378  0.107539  0.038993 -0.034839 -0.087609  0.074239
  0.024272 -0.133514  0.131976  0.051689  0.032612  0.040849]
[-1.260926 -1.101914 -1.309518 -0.635492 -0.927115 -0.807011  0.180617
  0.021251 -0.013084 -0.052182 -0.039937 -0.024259 -0.116171 -0.001358
  0.052501  0.048928 -0.035157  0.222872  0.048351  0.005592]
[-1.040961 -1.031031 -0.944654 -0.927656 -0.698255 -0.659548 -0.03536
 -0.135883  0.070824  0.029854 -0.070748  0.060289  0.192165  0.028749
 -0.107694  0.26954   0.067611 -0.072459 -0.033706 -0.017287]
[-1.10889  -1.142146 -0.936118 -0.924774 -0.798844 -0.860315 -0.053908
  0.014206 -0.158852  0.099021  0.013262 -0.143295  0.259617  0.022072
  0.025273  0.243928  0.129649 -0.081588  0.006956  0.029701]
[ -8.744141e-01  -7.988700e-01  -8.551613e-01  -7.863813e-01  -8.290712e-01
  -8.563710e-01  -1.120539e-01   3.099938e-02  -6.312173e-02  -5.587150e-02
   3.881030e-02  -1.288805e-01   5.647858e-03   1.371950e-02   1.084092e-01
   2.936798e-02  -6.583038e-02  -7.725624e-02  -1.774822e-02   7.428647e-04]
[-0.875711 -0.9137   -0.897049 -0.88867  -0.860383 -0.831205 -0.203007
  0.029539  0.009273 -0.0755   -0.05714   0.025155 -0.032143  0.019594
 -0.087516 -0.00361  -0.03571  -0.19391  -0.038218 -0.035341]
[-0.978714 -0.846631 -0.861457 -0.914188 -1.008935 -0.856367 -0.016289
  0.012793  0.012223  0.030095 -0.007511  0.045318 -0.046971 -0.030104
  0.029367 -0.032901  0.069781 -0.054659  0.017242 -0.014399]
[-1.043381 -0.836984 -1.0423   -0.823241 -0.972366 -0.769549 -0.039625
 -0.06855  -0.005935 -0.022744 -0.028779  0.02751   0.070561 -0.065735
 -0.106338 -0.024283 -0.017593  0.002226 -0.030336  0.005993]
[-1.055298 -0.926665 -0.963861 -0.930469 -1.057677 -1.006069  0.05806
  0.153736 -0.035045 -0.021318  0.002525  0.010809 -0.021096 -0.014539
  0.235637  0.013956 -0.095374  0.097338 -0.05237  -0.059686]
[-0.939725 -0.941242 -0.541366 -1.100204 -0.748028 -0.843796  0.080575
 -0.066713  0.00614   0.027822 -0.141244  0.013872 -0.024135 -0.167309
 -0.067218 -0.112621  0.011678  0.023183  0.035318  0.022003]
[-0.971309 -0.788909 -0.774765 -0.902848 -0.892314 -0.787727  0.068021
  0.050196  0.072911 -0.111962  0.236308  0.104793 -0.063229  0.196188
  0.102021 -0.041852 -0.117207 -0.003699  0.007072  0.018153]
[ -1.002084e+00  -9.698303e-01  -9.902123e-01  -9.949719e-01  -1.165769e+00
  -1.146721e+00   7.381065e-02   1.100029e-01  -5.420020e-02   5.418163e-04
  -4.515955e-02  -1.085317e-01  -6.569708e-02  -2.824757e-03   1.287807e-01
  -1.721324e-02  -2.671147e-02   4.294463e-02   8.118776e-03   4.138996e-03]
[ -9.549227e-01  -1.090969e+00  -1.005236e+00  -9.544472e-01  -8.197084e-01
  -9.891389e-01   3.726537e-02   6.327405e-02  -8.207301e-02   8.394462e-02
   4.244147e-02  -8.112068e-02   7.133252e-02  -4.125447e-02   2.651965e-02
  -6.612976e-02   8.524229e-02   7.949201e-03   1.108882e-02  -1.042442e-03]
[-0.952934 -0.99042  -0.871763 -0.819558 -0.947782 -0.845891 -0.067399
  0.035637 -0.015827  0.013032  0.114627  0.029322 -0.072748  0.097685
  0.032653 -0.058698 -0.061953 -0.044879  0.027313 -0.034163]
[-0.856191 -0.605832 -0.560676 -0.847431 -0.755144 -0.448183  0.058768
  0.060283  0.198876 -0.057848 -0.186704  0.182974  0.075033 -0.178415
  0.098951  0.1038    0.021505  0.094567 -0.034392 -0.027289]
[-0.860091 -0.894392 -0.752948 -0.856917 -0.684591 -0.848622  0.001019
  0.02352  -0.097441 -0.057647  0.011653 -0.083555  0.036905  0.046241
  0.053212  0.056031 -0.048652 -0.020037 -0.008407  0.017026]
[-0.887766 -0.799871 -0.817929 -0.841327 -0.711151 -0.695753  0.042652
  0.116404 -0.019198 -0.067231 -0.030101 -0.082846  0.110605 -0.043123
  0.189876  0.128326 -0.061736  0.084819  0.031306 -0.006818]
[-0.986395 -0.976895 -0.905647 -1.098289 -1.167968 -0.941861 -0.091856
 -0.017381  0.060061 -0.063179 -0.023127  0.013207  0.144773 -0.092149
  0.032532  0.176496 -0.052603 -0.109099 -0.030796 -0.019514]
[-0.999437 -0.974207 -1.206564 -1.038038 -1.45544  -1.665377 -0.036162
  0.077176  0.020036  0.026223  0.110457  0.055923 -0.07944  -0.049874
  0.148844 -0.053753 -0.044602 -0.237646  0.09285   0.08393 ]
[-0.951611 -0.937785 -0.777693 -0.955174 -0.873904 -0.853109  0.059829
  0.031403 -0.008003 -0.001404  0.076329 -0.004238  0.015844  0.029377
 -0.015456  0.074652 -0.012737  0.066711 -0.061422  0.014222]
[-0.86755  -1.027348 -0.868996 -0.954702 -0.840845 -0.921946 -0.06239
  0.098937  0.03074   0.011025 -0.040965  0.074891  0.020245 -0.010187
  0.091793  0.044367  0.012579  0.004349 -0.060414  0.003373]
[-0.748979 -1.0884   -0.536658 -0.816004 -0.35997  -0.624356 -0.095713
  0.110675  0.094298 -0.119194  0.022868  0.024088 -0.116141  0.108555
  0.147931 -0.110836 -0.133571 -0.046815  0.005612  0.003735]
[-0.908134 -0.487726 -0.836082 -0.614017 -1.007112 -0.50586  -0.271853
  0.158287  0.136074 -0.065659  0.058514  0.017535  0.004263  0.02686
  0.118858 -0.018328 -0.106742 -0.3003    0.045209  0.020635]
[-0.934754 -0.963052 -0.900271 -0.942516 -0.86102  -0.922805  0.04463
 -0.028904 -0.117231  0.016754  0.074917 -0.053785  0.019587  0.008831
 -0.048412  0.093763 -0.046796  0.056729 -0.038573 -0.026752]
[-0.837466 -0.723672 -0.770386 -0.994279 -1.007651 -1.018687 -0.058309
  0.137498  0.048531  0.069364 -0.012468  0.153654  0.093384  0.01147
  0.148412  0.103384  0.07093  -0.070594 -0.033245 -0.001353]
[-0.915791 -0.819959 -0.608219 -1.176348 -0.953183 -1.013859 -0.079
  0.058034 -0.01222   0.050496  0.020578 -0.015024  0.045626 -0.029418
  0.073028  0.041701 -0.013904 -0.105512  0.012898 -0.012554]
[-1.175711 -0.71221  -0.950955 -0.762597 -1.093564 -0.545845 -0.049809
 -0.094181 -0.014413 -0.067927  0.07236  -0.020006  0.037505  0.062512
 -0.147942  0.059207 -0.139447 -0.047181  0.006751  0.037931]
[-1.227193 -1.22873  -0.858104 -1.158383 -0.827604 -1.018034  0.124358
  0.018528  0.029915  0.091889 -0.022529  0.043775 -0.07339   0.02951
 -0.010038 -0.143538  0.104594  0.118528 -0.034654 -0.016961]
[ -7.541354e-01  -7.930335e-01  -8.878940e-01  -8.129986e-01  -7.880269e-01
  -9.711437e-01  -4.455958e-02  -4.209736e-03   3.477256e-02   5.909239e-02
   4.988894e-04  -3.042021e-02   2.135657e-01   7.290996e-03  -4.993892e-02
   2.727426e-01   1.162599e-01  -9.857018e-02  -5.088649e-02   6.908325e-03]
[-1.152431 -0.863052 -0.798436 -1.127652 -1.046044 -0.922936 -0.130884
  0.053082 -0.007514 -0.170435 -0.177291 -0.068794  0.155899 -0.108327
  0.05445   0.186619 -0.122159 -0.023658  0.054295 -0.028673]
[-0.852913 -0.945348 -0.719769 -0.869378 -0.711759 -0.761326 -0.029226
 -0.088178  0.013638  0.163342  0.044923  0.002594 -0.102994  0.082219
 -0.043953 -0.010608  0.247344  0.050253  0.035407  0.006255]
[-0.920521 -1.024636 -0.796879 -0.91168  -0.674471 -0.743121  0.056014
  0.038899  0.039008 -0.01     -0.043522  0.049267 -0.071995 -0.041622
  0.086135 -0.05696  -0.008654  0.116375  0.015209 -0.060049]
[ -8.580283e-01  -7.188421e-01  -7.819101e-01  -9.362943e-01  -1.033311e+00
  -9.206608e-01  -3.613576e-02   1.437283e-01  -2.423080e-02   7.497390e-02
   3.750970e-02  -5.508943e-02  -1.715533e-01   3.801199e-02   1.405632e-01
  -1.763270e-01   8.620463e-02  -6.683052e-04   1.325128e-02   5.268077e-02]
[-1.231646 -1.02435  -0.874049 -1.105163 -0.835852 -0.691055  0.040348
 -0.00467   0.02836   0.075239 -0.026746  0.031938 -0.040449 -0.017762
  0.075445  0.045467  0.052531  0.122447 -0.001465  0.004277]
[-0.919145 -0.808467 -0.916585 -0.644188 -0.887837 -0.68408  -0.073468
 -0.084079  0.001142  0.01705  -0.043425  0.031137  0.038937  0.001022
 -0.083796  0.06656  -0.00708  -0.106884  0.031129 -0.006981]
[-1.045601 -1.211308 -0.997831 -1.096721 -0.929717 -0.933415  0.008078
 -0.017971 -0.121337 -0.043786  0.004999 -0.038271 -0.059223 -0.10205
 -0.086184 -0.072031  0.040932  0.053039  0.075506 -0.001847]
[-1.106352 -1.410071 -1.18567  -1.305575 -1.020794 -1.275405 -0.050904
  0.020552 -0.020948  0.06792  -0.129541 -0.039476  0.004491 -0.059383
  0.073579  0.018592  0.130245  0.002345  0.080391  0.030903]
[ -1.040835e+00  -1.014759e+00  -1.047850e+00  -9.225878e-01  -8.410264e-01
  -8.352326e-01   8.172234e-02   9.192795e-02   3.411993e-02  -1.611356e-02
  -6.257712e-02   7.027718e-02   5.534337e-03  -1.281335e-01   9.279009e-02
   1.217131e-02  -2.210257e-02   5.994359e-02   3.688116e-04  -3.399849e-03]
[-1.268116 -1.142577 -1.306894 -1.041598 -1.196267 -1.149366  0.090757
  0.097503  0.063314  0.006258 -0.043194  0.043616  0.065104  0.072655
 -0.007222  0.163372  0.057376  0.111412 -0.016372  0.015424]
[-0.827514 -0.864604 -0.490373 -1.256119 -1.048827 -1.147089 -0.057375
 -0.075971 -0.06282   0.065429  0.285677 -0.12934  -0.146445  0.27904
  0.04954  -0.211892  0.087853 -0.033795  0.074965 -0.034701]
[-0.721592 -0.641458 -0.695893 -0.719114 -0.729451 -0.72189   0.005806
  0.020136 -0.055805  0.097413  0.092819 -0.053509  0.023975  0.048684
  0.02637   0.064548  0.059323 -0.037322 -0.021868  0.034101]
[-1.104424 -0.725943 -0.632388 -0.915186 -0.866394 -0.453944 -0.076591
 -0.041241  0.062562  0.067482  0.002049  0.072856  0.081748  0.063729
 -0.087391  0.098343  0.017731 -0.069633  0.073622  0.01473 ]
[-0.960087 -0.920143 -0.755755 -0.893707 -0.791353 -0.899218 -0.005537
 -0.009393  0.117885 -0.002871  0.10288   0.183848  0.048678  0.155322
  0.04881   0.014176 -0.084257  0.128302 -0.072088 -0.016926]
[-0.98834  -0.824063 -0.649589 -0.944629 -0.832772 -0.687592 -0.047103
 -0.011778  0.084613 -0.022995  0.055754  0.085176  0.033049  0.07719
 -0.019178 -0.081352 -0.085659 -0.10031  -0.014856  0.020128]
[-0.591986 -0.880402 -0.809987 -0.525998 -0.485602 -0.786547  0.161916
  0.032515  0.104951 -0.003847 -0.030293  0.097026  0.060248 -0.025611
 -0.006684  0.030827  0.005293  0.165598  0.023634  0.012256]
[-0.886656 -0.891248 -0.878384 -0.826586 -0.886321 -0.966617  0.033711
  0.009821 -0.073902 -0.070439 -0.020184 -0.030022  0.050128 -0.096162
 -0.013264  0.025046 -0.096208  0.069797 -0.02705   0.01411 ]
[-0.866094 -0.792377 -0.922416 -1.066855 -1.237768 -1.088346 -0.00252
 -0.078587 -0.059495  0.049863  0.05541  -0.049384 -0.051995  0.008701
 -0.049416 -0.034493  0.043403 -0.0519   -0.006456 -0.035673]
[-0.911496 -0.87471  -0.484643 -1.06941  -0.557123 -0.562867  0.024991
 -0.064215 -0.069755  0.038541 -0.071929 -0.066269 -0.064642 -0.175477
 -0.016214 -0.071693  0.038635  0.033056 -0.080447 -0.005156]
[ -8.494419e-01  -1.090740e+00  -8.749360e-01  -1.055195e+00  -8.206283e-01
  -9.878139e-01  -2.667889e-02  -2.792711e-02   7.908784e-04  -6.595709e-02
   1.008494e-01   8.828695e-02   3.551245e-02   7.535066e-02  -9.050150e-03
   9.275843e-02  -9.000507e-02  -2.948379e-02  -3.386687e-03   2.483088e-02]
[-0.885127 -0.821366 -0.889003 -0.865345 -0.875872 -0.74797  -0.038037
 -0.039567  0.014265  0.032569  0.027311  0.05384   0.068331  0.02988
 -0.041985  0.051745  0.056861 -0.058552  0.03549   0.004082]
[-1.077212 -0.991782 -0.84294  -1.038198 -0.885163 -0.736347  0.049998
  0.073745 -0.024985 -0.081482 -0.033089  0.026258  0.002296 -0.033722
  0.102027  0.055754 -0.025845 -0.039061  0.044152  0.007775]
[-0.797308 -0.911939 -0.479565 -1.018522 -0.779136 -0.833969 -0.093109
  0.131264 -0.019711 -0.072592 -0.199969 -0.079691  0.118656 -0.305738
  0.110306  0.010402 -0.015162 -0.050914  0.032763  0.05017 ]
[-1.324061 -0.950987 -1.001604 -0.922613 -0.995201 -0.501341 -0.072987
  0.046851  0.034423 -0.123453 -0.117457  0.04621  -0.348621 -0.09014
  0.027678 -0.344455 -0.050345 -0.088699 -0.007485 -0.033272]
[-0.654602 -0.673464 -0.603357 -0.670651 -0.612292 -0.612743 -0.05227
  0.013623  0.035613  0.135856 -0.005044  0.01647  -0.004414 -0.004416
  0.05791  -0.038795  0.139425 -0.044946  0.000959  0.051631]
[-0.910171 -0.799022 -0.920966 -0.742542 -0.952958 -0.972078 -0.10198
  0.04387   0.064875 -0.021757  0.042308  0.109331  0.115051 -0.015464
  0.036593  0.0806   -0.02462  -0.071159 -0.012539  0.002539]
[-0.924636 -0.855622 -0.801714 -0.826075 -1.040499 -0.993544  0.069629
  0.019487  0.156402  0.086648  0.05472   0.199457  0.117549  0.103974
  0.010458 -0.055672  0.195105  0.076785  0.013169 -0.009648]
[-0.816048 -0.872397 -0.842449 -0.828028 -0.78207  -0.781872 -0.030763
  0.065065 -0.050959  0.033316 -0.031847 -0.068567 -0.023795 -0.025434
 -0.038467 -0.013879  0.053829 -0.007109 -0.012097  0.034127]
[-0.926985 -1.062719 -0.873847 -0.830536 -0.848908 -0.606102 -0.124637
 -0.058075  0.03874   0.108258 -0.016314 -0.046512 -0.168254  0.028714
 -0.093187 -0.139024  0.112385 -0.14822  -0.033409 -0.011293]
[ -6.639017e-01  -5.834973e-01  -7.970189e-01  -6.715260e-01  -7.780594e-01
  -8.066188e-01   6.342678e-04  -1.506685e-02  -1.627615e-01   1.487465e-02
   1.040094e-01  -1.791090e-01   2.600682e-02   8.671409e-02   2.480029e-02
   5.963019e-02   2.498279e-02  -3.450259e-02  -1.081969e-02  -1.812061e-02]
[ -9.790945e-01  -9.065487e-01  -8.198166e-01  -1.046011e+00  -8.347992e-01
  -9.467763e-01  -1.035844e-02  -4.728804e-02  -5.228063e-02  -2.880700e-02
   6.279575e-02  -1.102646e-01   1.399494e-02   5.783490e-02  -3.135251e-02
   1.296072e-02   6.480845e-02   1.883868e-02   3.939999e-04   3.430300e-02]
[-0.701041 -0.847699 -0.958435 -0.555807 -0.797532 -0.89367   0.011647
 -0.0162    0.077705 -0.055254  0.026963  0.12443  -0.03821   0.064885
 -0.049752  0.014671 -0.054179  0.001578  0.001322 -0.003471]
[-0.585021 -0.613125 -0.601946 -0.941524 -0.794344 -0.882655 -0.096839
 -0.108139 -0.137577  0.10198   0.143873 -0.046046  0.096744  0.10213
 -0.069621  0.158569  0.179192 -0.068412  0.046576  0.03906 ]
[-0.665101 -0.789049 -0.706191 -0.724913 -0.538624 -0.712302 -0.004037
 -0.008748 -0.002964 -0.110856  0.011539 -0.010782  0.035159  0.016999
  0.023176  0.010902 -0.16183   0.078    -0.063045 -0.017289]
[ -9.254574e-01  -8.597485e-01  -9.133140e-01  -1.077839e+00  -1.128803e+00
  -9.904017e-01   1.917097e-02  -7.991168e-02  -9.662421e-02   1.106270e-02
   4.371080e-02  -8.960553e-02  -1.124836e-03   6.573704e-02  -4.686816e-02
   2.097478e-02   1.390828e-02   1.229598e-03  -2.378363e-02   2.280487e-02]
[-0.643873 -0.988437 -0.840441 -0.728583 -0.455652 -0.856367 -0.055663
 -0.128383 -0.060282  0.158931  0.022936 -0.059666  0.012847  0.140848
 -0.14032  -0.014598  0.108971  0.008379  0.052381 -0.010819]
[-0.665692 -0.73592  -0.66315  -0.628152 -0.547588 -0.725984 -0.012629
 -0.027361  0.058822  0.103524  0.024092  0.020628  0.023045  0.025678
 -0.001812 -0.023792  0.135473  0.017204 -0.047159 -0.028076]
[-1.014068 -0.880012 -0.828782 -1.033496 -0.879884 -0.882402 -0.096535
  0.095871  0.013472 -0.053671  0.008307  0.050619 -0.069997 -0.056622
  0.106987 -0.082879 -0.013847 -0.091778  0.026475  0.021092]
[-0.61692  -1.028827 -0.59088  -0.616695 -0.374399 -0.783983 -0.053624
  0.032659  0.022688  0.13579  -0.044123  0.0488   -0.014418 -0.01033
 -0.011503  0.062148  0.112846 -0.154551  0.011645 -0.00971 ]
[-0.794411 -0.888395 -0.759133 -0.693768 -0.655547 -0.751718  0.004042
  0.033323 -0.08391   0.023651  0.030328 -0.08465   0.123734 -0.023171
  0.040031  0.133044  0.074968  0.037536 -0.048671 -0.011252]
[-1.056147 -1.057256 -0.725483 -1.088609 -0.912996 -0.753919  0.072628
  0.085228 -0.045384  0.045334 -0.036895 -0.021132  0.072608 -0.012317
  0.054305 -0.027437  0.034843  0.042049 -0.043755 -0.007221]
[-0.573327 -0.590839 -0.677947 -0.720286 -0.998146 -0.864713  0.098651
 -0.107727  0.215621  0.061288 -0.017702  0.20343  -0.001359  0.147444
 -0.116841  0.031661  0.045409  0.137595 -0.018288 -0.030073]
[-1.163004 -1.225626 -1.025781 -1.240476 -0.907907 -1.067221  0.07026
 -0.040173 -0.047154  0.062822 -0.04068  -0.069339  0.03544  -0.0621
 -0.033091  0.031661  0.101337 -0.013352 -0.064031 -0.002193]
('Mean', 1, ': ', -1.1630036462846125)
('Median', 1, ': ', -1.1630036462846125)
('Variance', 1, ': ', 0.0)
('Mean', 2, ': ', -1.2256259594070251)
('Median', 2, ': ', -1.2256259594070251)
('Variance', 2, ': ', 0.0)
('Mean', 3, ': ', -1.0257806616828897)
('Median', 3, ': ', -1.0257806616828897)
('Variance', 3, ': ', 0.0)
('Mean', 4, ': ', -1.2404756790158937)
('Median', 4, ': ', -1.2404756790158937)
('Variance', 4, ': ', 0.0)
('Mean', 5, ': ', -0.90790723968513232)
('Median', 5, ': ', -0.90790723968513232)
('Variance', 5, ': ', 0.0)
('Mean', 6, ': ', -1.0672205108736397)
('Median', 6, ': ', -1.0672205108736397)
('Variance', 6, ': ', 0.0)
('time: ', 10964.643460988998)
