“Running plot script on a single CPU core”
[-0.955509 -1.050809 -0.711294 -1.117112 -0.709358 -0.912836 -0.072799
  0.002007 -0.18283   0.020451  0.099783 -0.200677 -0.035424  0.041207
  0.052726 -0.032912  0.02113  -0.066011  0.063061  0.028509]
[-1.097431 -0.925922 -0.982414 -0.93207  -1.103201 -1.001446 -0.042466
 -0.044026 -0.0075   -0.219619  0.117552  0.02391  -0.045474  0.125421
 -0.015168 -0.02632  -0.246037 -0.148031 -0.034878 -0.033468]
[-0.731952 -0.739721 -0.853584 -0.488589 -0.492703 -0.57189   0.142378
 -0.030466  0.012524  0.03891   0.025944 -0.022871 -0.009563  0.044321
 -0.07259  -0.016257  0.028408  0.185911 -0.00814   0.032174]
[-0.955134 -0.881746 -0.79647  -0.910415 -0.823366 -0.783438  0.057688
 -0.01623   0.012627 -0.040787 -0.077601  0.007628  0.057183 -0.10367
 -0.048621  0.063484 -0.032365  0.076971 -0.009712 -0.006829]
[-0.739889 -0.827184 -0.884728 -0.660499 -0.719852 -0.838609 -0.106855
 -0.027249 -0.051272 -0.051711  0.011501 -0.060439 -0.095126 -0.079244
 -0.071377 -0.039488 -0.021163 -0.12086   0.027202  0.008546]
[-0.818347 -0.894149 -0.755842 -0.876943 -0.506208 -0.854147 -0.125023
  0.008316  0.17437   0.253283 -0.060954  0.152415  0.064901 -0.112238
 -0.04497   0.143375  0.236917 -0.077168 -0.023361 -0.044493]
[-0.838736 -0.64095  -0.805534 -0.703575 -0.86511  -0.662999  0.080635
 -0.068261 -0.003416 -0.069215  0.08069  -0.030897  0.059402  0.129464
 -0.092483  0.120974 -0.155098  0.132303  0.012037 -0.011057]
[-1.056373 -1.080507 -1.100495 -1.267498 -1.167463 -1.29907   0.081994
 -0.022231 -0.010627 -0.002092 -0.008196 -0.033498 -0.050594  0.086473
 -0.00353  -0.094701  0.030693  0.078933  0.037195 -0.037007]
[-1.094991 -1.063443 -0.796419 -0.950699 -0.673994 -0.749591 -0.124127
 -0.018939  0.003508  0.234172 -0.018408  0.052194  0.037522 -0.048809
  0.017372  0.049387  0.214301 -0.050242  0.052856  0.009163]
[-1.087235 -0.655993 -0.842002 -0.687308 -1.095182 -0.418571 -0.134668
  0.204244  0.017336  0.016987  0.047365 -0.017536  0.064629  0.005741
  0.204331  0.133584  0.114888 -0.115388 -0.0155    0.002095]
[-0.905758 -0.838031 -0.750259 -0.79201  -0.629186 -0.555386 -0.052864
 -0.070266  0.035619 -0.065206  0.01882   0.001119 -0.041697  0.03412
 -0.063796 -0.02594  -0.033197  0.005667 -0.025443 -0.010087]
[-0.923983 -0.64277  -0.96057  -0.975844 -1.235667 -0.882729  0.066967
  0.132879  0.016066  0.05098   0.084569 -0.054128 -0.064764 -0.028898
  0.129024 -0.068057 -0.090812  0.104837  0.022293  0.015892]
[-0.839213 -1.009923 -0.738295 -1.004608 -0.724816 -0.970359  0.029765
 -0.044252  0.082597 -0.133799  0.021101  0.029624 -0.016104  0.062749
 -0.052524  0.036421 -0.169678  0.022663  0.056944  0.004899]
[-0.963177 -0.866527 -0.882694 -0.696353 -0.614204 -0.598886  0.085438
  0.025635  0.123314  0.236048 -0.025727  0.074481 -0.127285 -0.02283
 -0.057259 -0.136971  0.19094   0.068719  0.021093  0.025217]
[-0.826449 -0.705667 -0.79471  -0.912129 -0.933883 -0.851513  0.025323
  0.104048 -0.024635 -0.029359  0.013872 -0.079981  0.03131   0.014157
  0.160705 -0.070454  0.004105  0.012984  0.054266 -0.006413]
[-1.335636 -1.130541 -0.768966 -1.343166 -0.815085 -0.577646  0.024847
  0.025381 -0.0061   -0.110839 -0.085184 -0.030913 -0.152872 -0.076074
  0.027001 -0.270431 -0.130214  0.00491   0.057685  0.03511 ]
[ -8.261769e-01  -8.069468e-01  -7.515002e-01  -7.638895e-01  -7.246422e-01
  -8.862293e-01  -5.676314e-02  -1.412805e-04  -4.262633e-03  -1.509060e-02
   1.264498e-02   4.817866e-02   5.618264e-03  -6.253335e-03   1.615393e-02
  -2.548926e-02  -3.518188e-02  -1.662418e-02   2.986289e-02   8.445535e-03]
[-1.122353 -1.0886   -1.213374 -0.814554 -0.959205 -1.07005  -0.099223
 -0.062456  0.011524  0.037369 -0.054652 -0.002319 -0.034961  0.059174
 -0.002413 -0.022548 -0.141301 -0.103103  0.017068  0.002983]
[-0.796548 -0.639253 -0.62048  -0.608863 -0.594283 -0.52029  -0.03233
  0.090503  0.014967 -0.025482  0.052325  0.024889  0.059002  0.025525
  0.092804  0.043636 -0.008387 -0.024973  0.042895  0.019189]
[-1.304197 -1.214607 -1.085405 -0.946658 -0.84811  -0.90697  -0.016572
 -0.017001  0.082542  0.012376  0.148259  0.155514  0.134503  0.10926
  0.009308  0.087676  0.04859   0.029535  0.011628  0.003536]
[-1.059369 -1.079156 -0.978861 -1.13118  -1.018737 -0.934621 -0.074548
 -0.101642  0.041962 -0.013694 -0.005173  0.056764 -0.101831  0.001365
 -0.165994 -0.074525  0.0245    0.0258    0.010231  0.049259]
[-1.072118 -1.07221  -0.967343 -1.017009 -0.982173 -0.827977  0.047512
  0.035993 -0.0528    0.075788  0.028178 -0.101459 -0.035366  0.144364
  0.022875 -0.025918  0.038458  0.041058 -0.031395 -0.03784 ]
[-1.086043 -0.833436 -0.833448 -0.961505 -0.92681  -0.861884 -0.037243
 -0.127615 -0.043877 -0.119837 -0.070247  0.009841 -0.161505 -0.043194
 -0.060132 -0.17417  -0.073401 -0.118287  0.014516  0.032146]
[-0.801025 -0.718543 -0.915565 -0.675644 -0.755679 -0.781683 -0.023509
  0.101604  0.0979   -0.052824  0.004586  0.164699  0.002768  0.091879
  0.098822 -0.076123 -0.04006  -0.067474  0.014056 -0.054853]
[ -9.899431e-01  -8.996029e-01  -1.026814e+00  -8.160089e-01  -8.803695e-01
  -7.942651e-01  -6.689653e-02   1.801508e-02   4.412105e-03   6.226403e-02
   8.505762e-02  -5.026103e-02   1.452799e-01   5.030508e-02  -7.351330e-04
   1.410913e-01   5.832934e-02  -2.320914e-02  -1.318643e-02   2.778205e-02]
[-0.856176 -1.002576 -0.782972 -0.902017 -0.627273 -0.735839 -0.010739
 -0.180266  0.044594  0.029225 -0.087179  0.043418  0.008482 -0.063704
 -0.093881  0.067833  0.018228  0.052076 -0.018727 -0.031346]
[ -8.298549e-01  -8.034387e-01  -6.693745e-01  -1.032195e+00  -7.591898e-01
  -9.284728e-01   3.488733e-02   1.625570e-01  -1.442565e-01  -9.808676e-03
  -2.780152e-02  -1.832755e-01   8.053143e-02   1.119162e-04   2.091473e-01
   9.241947e-02  -9.511532e-02   5.663866e-03   9.514325e-02   1.573151e-02]
[-1.011826 -0.703102 -0.812027 -0.613663 -0.723186 -0.470031  0.061906
  0.067533 -0.020348  0.107723 -0.12613  -0.01302  -0.1728   -0.075176
  0.028937 -0.19789   0.099845  0.118567  0.007056 -0.003716]
[-0.817058 -0.793959 -0.82672  -0.874913 -0.934148 -0.923694 -0.044051
 -0.12541  -0.057935  0.017514 -0.100476 -0.042801  0.019796 -0.135125
 -0.1261   -0.012157  0.063296 -0.036673 -0.023243  0.03822 ]
[ -8.327086e-01  -1.110257e+00  -9.663614e-01  -7.492771e-01  -6.269780e-01
  -8.690753e-01  -2.152712e-01   3.279841e-02  -9.611673e-03  -1.418702e-02
  -4.488639e-02   2.870820e-02   2.230466e-01  -8.504070e-02  -1.016303e-02
   1.332081e-01   3.559370e-04  -1.896335e-01   1.787337e-02   2.828945e-02]
[-1.02069  -0.894633 -0.95807  -0.741454 -0.89259  -0.769125  0.057149
  0.062261 -0.051122 -0.055032 -0.025961 -0.070646 -0.050694  0.018296
  0.027166 -0.087916 -0.005216  0.093636  0.005134 -0.010986]
[-1.163885 -1.070726 -1.490422 -0.930288 -1.434998 -0.880994  0.099477
 -0.10514  -0.020335 -0.045707  0.265435 -0.015974 -0.084762  0.192246
 -0.107903 -0.11158   0.125722  0.222574  0.070352  0.114521]
[ -1.130277e+00  -1.017174e+00  -7.710649e-01  -9.859707e-01  -8.073696e-01
  -7.113317e-01   4.672420e-02   6.288157e-02   6.814395e-02   6.960418e-04
  -1.611958e-01  -2.591590e-02   1.991375e-02  -1.147356e-01  -7.310309e-03
   1.193072e-01   4.854011e-02   9.972594e-02  -2.327159e-02  -2.547775e-02]
[-0.814969 -0.90138  -0.828385 -0.768641 -0.698458 -0.800992 -0.140605
 -0.031707 -0.056546  0.047715  0.023202 -0.024129  0.011684  0.024203
  0.024821  0.035483  0.069103 -0.123836 -0.007847  0.001371]
[-1.107971 -1.084897 -0.693762 -1.016805 -0.46511  -0.729402 -0.006309
  0.114775 -0.002295 -0.196551 -0.072816 -0.020415 -0.096531 -0.064689
  0.108683 -0.15373  -0.272708 -0.05928   0.015399  0.039282]
[-0.625888 -0.714168 -0.831703 -0.660153 -0.931052 -1.1028   -0.094603
 -0.059047  0.133531 -0.077773  0.13505   0.223084  0.056351  0.215853
 -0.069557 -0.021786  0.031165 -0.143814 -0.004871 -0.005598]
[ -1.144839e+00  -1.180289e+00  -9.302343e-01  -1.229322e+00  -8.923091e-01
  -9.294217e-01   4.267625e-02   4.007129e-02  -5.288145e-02   4.869644e-02
   1.598740e-02   9.303370e-03   5.956228e-02  -5.308252e-02   7.848926e-03
  -7.781559e-04   3.580427e-02  -5.790021e-02   5.452847e-04  -6.170643e-02]
[ -8.842794e-01  -1.022260e+00  -1.056319e+00  -1.004542e+00  -1.158738e+00
  -1.191103e+00   8.450818e-02  -1.011788e-03   2.604309e-03  -2.982456e-02
   1.189640e-01  -7.213478e-02  -1.828945e-01   2.010642e-01   8.066948e-03
  -1.074996e-01  -7.575229e-02   4.115427e-02   1.361907e-01   6.394687e-02]
[-1.067196 -0.7738   -0.776006 -0.780639 -0.90194  -0.651654  0.129444
  0.081108 -0.073284  0.05542   0.041284 -0.022177 -0.040948  0.089901
  0.107291 -0.099613  0.062032  0.152585 -0.022212  0.012468]
[-0.911854 -0.749984 -0.883045 -0.772081 -0.812826 -0.908524 -0.066442
 -0.09927   0.049704  0.028841  0.033788  0.046737  0.040277  0.015061
 -0.047699  0.038391  0.007177 -0.03953  -0.003959  0.027271]
[-0.873512 -0.748385 -0.651381 -0.957291 -0.901679 -0.76532  -0.023915
 -0.186184 -0.043245 -0.026464 -0.03277  -0.041464  0.053054 -0.063099
 -0.211786  0.149293 -0.004006 -0.045273  0.012796 -0.017513]
[-1.081743 -1.047768 -1.160836 -0.865693 -0.961922 -1.005774  0.119294
  0.020875 -0.057817  0.048514  0.094957 -0.023443  0.030625  0.120972
 -0.056347  0.058329  0.039789  0.109239  0.002491  0.003799]
[ -6.348695e-01  -6.190942e-01  -7.470059e-01  -4.917922e-01  -5.873608e-01
  -6.071672e-01  -2.399191e-03   1.079541e-01   2.946225e-02  -1.951843e-06
   2.402475e-02   7.941110e-02   5.209386e-02   1.519949e-02   8.904729e-02
   5.796869e-02   1.142303e-02  -2.057198e-02  -4.264152e-02  -2.400521e-03]
[ -9.406219e-01  -9.392790e-01  -6.422116e-01  -1.232811e+00  -9.094861e-01
  -8.372574e-01  -3.807399e-02  -1.196922e-03   8.638849e-02   5.999548e-02
   1.730022e-01   7.246032e-02  -1.434841e-01   2.040660e-01   1.642555e-02
  -3.412920e-02   1.411084e-02  -3.573612e-02  -1.530048e-03  -3.404813e-03]
[-0.961389 -0.907459 -1.001754 -1.020241 -1.088694 -1.231296 -0.071137
  0.016556  0.095432 -0.036062  0.109826 -0.001693 -0.005882  0.147075
  0.048515  0.024251 -0.067844 -0.042813  0.019419  0.04128 ]
[-0.972234 -1.072165 -1.004604 -0.902946 -0.795683 -0.827071  0.080873
  0.067596 -0.094412 -0.126162 -0.016251 -0.056526  0.004457 -0.012125
  0.045413 -0.017961 -0.120256  0.070833  0.013307 -0.024202]
[ -6.960187e-01  -7.269322e-01  -9.730242e-01  -7.434876e-01  -1.081164e+00
  -1.254965e+00  -3.098214e-02   4.094263e-03   1.913830e-02  -7.489174e-02
  -1.996843e-03   4.785459e-02  -4.721246e-04   4.046637e-02  -4.824123e-02
   3.727029e-02   7.081884e-04  -5.952459e-02   2.284133e-02  -1.377154e-02]
[-1.049661 -1.172424 -0.955385 -0.962811 -0.738143 -0.955684 -0.024797
  0.050032 -0.050046 -0.157882  0.121402 -0.195435 -0.100533  0.109436
 -0.013614 -0.183796 -0.25397  -0.064699 -0.07368   0.019979]
[-0.941739 -1.092301 -1.076123 -0.896861 -0.915579 -0.995285 -0.009045
  0.090914 -0.026341  0.101879  0.071124 -0.039574 -0.113128  0.074734
  0.115723 -0.076369  0.103415  0.005236  0.041173  0.007251]
[-1.036607 -0.846368 -0.974723 -0.841297 -1.055541 -0.926861  0.07227
 -0.158074  0.068255 -0.017481 -0.010886  0.004175  0.106396 -0.048764
 -0.153898  0.047211  0.05078  -0.005911  0.010162 -0.010456]
[-1.088844 -1.263963 -0.967295 -1.01634  -0.831962 -0.955121  0.01358
  0.067285  0.043967 -0.112448  0.027464  0.020145  0.031026  0.08698
 -0.028971  0.080932 -0.034547 -0.012773  0.012393 -0.032637]
[ -1.169668e+00  -8.583385e-01  -1.026810e+00  -8.731852e-01  -1.058286e+00
  -8.145921e-01   2.629602e-03   1.401354e-01  -5.207203e-02   1.204206e-01
  -2.471408e-03  -6.406088e-04  -1.443393e-01   2.915736e-02   5.521045e-02
  -2.464550e-01   1.532378e-01  -6.562329e-02   8.407186e-02  -8.617314e-03]
[-0.846662 -0.710983 -0.693622 -0.719156 -0.625466 -0.632114 -0.025915
 -0.01625  -0.058905  0.003865 -0.036736 -0.030411  0.1416   -0.048523
 -0.019826  0.130626  0.001198 -0.055023 -0.017283  0.011532]
[-0.806791 -0.881763 -0.823511 -0.908322 -0.859248 -0.998984 -0.021409
 -0.04061   0.100447  0.004296 -0.007884  0.044124 -0.022681  0.015467
 -0.017361 -0.028337 -0.022945 -0.035873  0.040307 -0.019412]
[-0.807169 -0.768065 -0.641    -0.757362 -0.661401 -0.65306  -0.030024
 -0.037005  0.021587  0.010336 -0.004054  0.007978 -0.10897  -0.054664
 -0.122676 -0.098299 -0.028301 -0.108026  0.011319  0.02663 ]
[-0.86572  -0.731647 -0.607643 -0.804402 -0.661063 -0.54893  -0.027237
 -0.156043 -0.057426  0.07029   0.140646 -0.021993  0.026477  0.133302
 -0.100634  0.129871  0.090511  0.021723  0.02163   0.015823]
[-1.01885  -1.123783 -0.913037 -0.896151 -0.771835 -1.016805  0.043632
 -0.003719  0.00251   0.076832  0.077137 -0.084103  0.118526  0.059477
  0.039169  0.11087   0.039146 -0.004349 -0.016512 -0.05324 ]
[-1.14418  -0.997338 -0.862523 -1.243936 -0.898815 -0.943565  0.0225
 -0.054804 -0.016063  0.014117 -0.022111 -0.01005   0.002913 -0.022901
 -0.031816  0.018186  0.014788 -0.032883  0.066875  0.024687]
[-1.071408 -0.977234 -0.988771 -0.80259  -0.941264 -0.714332 -0.145907
  0.004609 -0.00993   0.04221   0.063236 -0.003044 -0.04089   0.065017
 -0.023453  0.005913  0.038758 -0.157891  0.020965 -0.009518]
[-1.072108 -1.3494   -1.175339 -0.952734 -1.054898 -1.379936 -0.025271
  0.038114 -0.079532 -0.195784  0.027965 -0.081209  0.168228  0.024793
 -0.029439  0.077321 -0.158625 -0.132726 -0.020276 -0.003633]
[-0.744438 -0.602276 -0.681853 -0.633817 -0.78713  -0.660193  0.028564
 -0.022512  0.097089  0.008796  0.040878  0.019226  0.101117  0.019827
 -0.058385  0.073077  0.007191  0.074923  0.03435  -0.002461]
[-0.935839 -1.080512 -1.038936 -0.888896 -0.860274 -1.10624   0.053126
  0.006447  0.135834  0.052251  0.015693  0.07768   0.108064  0.034523
 -0.014058  0.074177  0.009822  0.062546 -0.063367 -0.019213]
[ -8.545851e-01  -1.131967e+00  -8.251250e-01  -9.325380e-01  -7.953670e-01
  -9.246320e-01   3.842374e-02  -1.042621e-02   8.205953e-02  -1.029211e-01
  -1.153356e-02   6.912078e-03  -7.506722e-02   4.142398e-02  -5.534144e-02
  -8.794188e-02  -9.406796e-02  -5.635438e-03  -5.763597e-02   3.315564e-05]
[ -1.080688e+00  -9.891192e-01  -9.667753e-01  -9.914918e-01  -8.622448e-01
  -8.062564e-01  -5.095577e-02   6.026982e-02   9.622256e-02  -4.758637e-02
  -3.189899e-02   8.318946e-02  -8.026086e-04  -4.453269e-02   5.654765e-02
  -2.119387e-02  -6.026411e-02  -3.969943e-02   1.894190e-02  -6.016560e-03]
[ -1.146050e+00  -9.754368e-01  -9.466235e-01  -9.041411e-01  -6.212545e-01
  -7.302162e-01  -2.922892e-02   8.489482e-03   1.005426e-02  -5.127608e-02
   1.273303e-01   8.064562e-02  -1.424312e-01   1.674412e-01   2.242933e-02
  -4.695293e-02   1.940150e-02   3.398062e-02   3.034879e-02   2.042277e-04]
[-0.965498 -0.655892 -0.610969 -0.796366 -0.56536  -0.363619 -0.043423
  0.012312 -0.003779  0.147088  0.039939 -0.025087  0.114699  0.042929
  0.003744  0.067725  0.12141  -0.106362 -0.017732  0.006551]
[-0.827429 -0.740792 -0.735553 -0.878523 -0.757709 -0.731372  0.034074
  0.011731  0.035656 -0.043982 -0.013014  0.033854  0.021006 -0.019987
  0.004143  0.020288 -0.073544  0.045159  0.014958 -0.006401]
[-1.186529 -0.666386 -1.167427 -0.622496 -1.262406 -0.670718 -0.165864
  0.041177  0.061288  0.023344 -0.064372  0.133348  0.173095  0.029928
  0.012224  0.166979  0.046644 -0.22246   0.02464  -0.01933 ]
[-0.929709 -0.852409 -0.91016  -0.738115 -0.747798 -0.855562 -0.05268
 -0.064277  0.056553 -0.031848 -0.027682  0.078348  0.02485  -0.050777
 -0.012911  0.075425 -0.096543 -0.085798 -0.033158  0.00359 ]
[-0.785212 -0.879016 -0.751631 -0.819061 -0.635558 -0.768166 -0.098652
 -0.007841 -0.017569  0.104242  0.034849 -0.012414 -0.031392  0.001352
 -0.012594 -0.026828  0.107521 -0.097588 -0.010797  0.010333]
[ -1.123001e+00  -9.324499e-01  -4.994109e-01  -1.139509e+00  -6.267111e-01
  -3.669642e-01  -1.224540e-02  -8.472257e-02   1.106877e-03  -1.064564e-01
  -1.821744e-01  -9.261617e-02  -3.183142e-02  -1.410930e-01  -1.854898e-02
  -1.420737e-02  -1.233951e-01  -4.480169e-02   4.079622e-02   5.674912e-02]
[-1.29014  -0.744241 -0.852297 -1.015363 -1.419283 -0.620829 -0.084477
  0.042171  0.041733 -0.016712 -0.151725  0.057245 -0.092473 -0.180132
 -0.08827  -0.164801 -0.07535  -0.015508  0.127265  0.145675]
[-0.801038 -0.926904 -0.81973  -0.83999  -0.630729 -0.85778  -0.037236
  0.132647 -0.033363  0.039377  0.048576 -0.044573  0.033433  0.024847
  0.093061  0.06131   0.042792 -0.079935 -0.030606 -0.023754]
[-1.013527 -1.00039  -0.849462 -1.04182  -0.781882 -0.883481 -0.008367
  0.246683 -0.034321 -0.059863  0.026796 -0.046199  0.184376 -0.130041
  0.210406  0.151317 -0.283867 -0.02555   0.011613  0.033315]
[-1.200902 -1.163013 -1.194593 -0.961431 -0.984197 -1.056233 -0.036008
  0.008407 -0.008531 -0.046635 -0.03912   0.037302  0.036081 -0.080511
  0.023401  0.066389  0.012149  0.033285 -0.119016 -0.049221]
[ -1.079868e+00  -1.115094e+00  -9.794758e-01  -1.107932e+00  -8.738066e-01
  -1.185678e+00  -8.067313e-03  -7.329442e-02  -8.091664e-03  -1.143487e-01
  -6.787404e-02   2.617110e-02   7.252238e-02  -1.089023e-01  -1.195739e-01
   7.479287e-02  -1.531311e-01   7.002715e-04   2.035596e-02   1.153091e-02]
[ -9.121301e-01  -1.039713e+00  -7.475875e-01  -1.387236e+00  -1.037979e+00
  -1.249607e+00   1.098435e-01  -2.220297e-02   3.416707e-01   3.775889e-03
  -1.328599e-01   1.092457e-01  -3.123448e-04  -1.493183e-01  -8.209839e-02
  -3.603113e-02   6.396242e-02   1.674083e-01   4.354440e-03   7.789949e-03]
[-1.076749 -1.060349 -0.958582 -0.876039 -0.878965 -0.850053 -0.05846
  0.044043 -0.020411 -0.099952 -0.059019 -0.008159 -0.006033 -0.019007
 -0.030338  0.002958 -0.115212 -0.087105  0.003791  0.016328]
[-0.936724 -1.082943 -0.663618 -0.991521 -0.478164 -0.485813 -0.072152
 -0.131012  0.04705   0.035403  0.001894  0.051223  0.09565   0.037722
 -0.095773  0.094047  0.013827  0.01664  -0.062039 -0.019781]
[-1.118037 -1.046861 -1.160866 -0.854865 -0.968665 -0.833689 -0.047609
  0.055169 -0.027789 -0.03205  -0.010083 -0.049183  0.090065 -0.01964
  0.067453  0.158925 -0.059643  0.002418 -0.002069 -0.022871]
[-0.931169 -1.174654 -1.051729 -1.046844 -1.038538 -1.291687  0.164538
 -0.127169  0.086471  0.009063 -0.032814  0.115098  0.020289 -0.040082
 -0.058071  0.098672 -0.008387  0.294115 -0.049857 -0.02541 ]
[-1.017203 -0.911545 -0.872715 -1.111085 -1.013801 -0.867698  0.01035
 -0.035581  0.002943 -0.059956 -0.044641  0.002078  0.037083 -0.030426
 -0.001587  0.039728 -0.044106 -0.019977  0.023072  0.016962]
[-0.978032 -1.107826 -1.00766  -0.890832 -0.861879 -0.932347 -0.125578
  0.071329  0.09149   0.082455 -0.005149 -0.039616  0.175702 -0.01104
  0.050355  0.174356  0.035253 -0.097469  0.022793  0.012813]
[-1.163835 -1.048109 -1.049679 -0.975049 -1.03728  -0.851227 -0.006646
  0.026287 -0.065846  0.091631 -0.063818 -0.067882 -0.049467 -0.081455
  0.014793  0.016378  0.006714  0.036654  0.037283  0.031982]
[-0.845732 -1.042317 -1.013277 -0.616117 -0.402799 -0.859958 -0.107759
 -0.036063  0.027638 -0.349224  0.075154  0.044932 -0.102325 -0.020161
 -0.01431  -0.111406 -0.280732 -0.121366 -0.049867  0.001979]
[-0.752272 -0.854894 -0.769443 -0.74801  -0.701026 -0.766315 -0.129653
 -0.056582  0.021671 -0.056387  0.103849 -0.01665  -0.015477  0.069197
 -0.053574 -0.03632  -0.067427 -0.101006  0.075348 -0.004449]
[-0.866389 -0.98577  -0.946441 -0.918416 -0.838258 -0.955623  0.061816
 -0.086893  0.01583   0.037328 -0.07609   0.049638 -0.055931 -0.120734
 -0.097615 -0.060995  0.078349  0.062617 -0.008739  0.006537]
[ -5.485034e-01  -5.313400e-01  -5.008378e-01  -5.813659e-01  -4.943867e-01
  -5.026202e-01  -2.079490e-04   8.530983e-02   3.611446e-02   7.176958e-02
  -1.020149e-01   2.755256e-02   9.618877e-02  -1.036623e-01   1.415109e-01
   5.901694e-02   4.224367e-02  -6.121901e-03  -5.236167e-03   3.027476e-02]
[-1.022985 -0.923765 -1.069655 -0.851353 -1.087956 -0.964553 -0.030055
 -0.011796 -0.014085  0.006136  0.034689 -0.025677 -0.042761  0.020333
 -0.038481 -0.029854  0.013101 -0.089974  0.051753  0.002265]
[ -9.233017e-01  -9.789633e-01  -8.584297e-01  -8.014742e-01  -7.320396e-01
  -8.307157e-01   6.278435e-02   6.489036e-02   4.795511e-04  -6.331808e-02
  -2.574745e-02   5.648071e-02   2.264380e-02  -2.185005e-02   8.693625e-02
   3.356101e-02  -2.274003e-03   5.512576e-02   9.620386e-02   2.604774e-02]
[ -9.058137e-01  -1.040737e+00  -6.828563e-01  -9.899960e-01  -5.214429e-01
  -8.455455e-01   4.605783e-03   1.033532e-02  -7.407592e-02   1.601418e-02
   9.684831e-03  -9.483867e-02   3.624186e-02   1.777681e-04   4.594154e-03
   1.755153e-02  -3.991411e-02  -9.154471e-03  -2.879533e-02   1.071839e-02]
[-0.947683 -0.982362 -0.959605 -0.983444 -0.868171 -0.920262 -0.023665
  0.050809 -0.092504 -0.116686 -0.002243 -0.156939  0.169624  0.0341
  0.088571  0.162334 -0.146547 -0.099094  0.037925  0.00286 ]
[-1.077322 -1.154692 -1.083591 -0.956678 -0.775889 -1.059646 -0.321554
 -0.122692  0.094572  0.074542  0.018523  0.075095  0.055007 -0.033316
  0.005527  0.10137   0.070032 -0.377625 -0.066861 -0.047622]
[-0.555779 -0.892691 -0.661918 -0.738997 -0.602345 -0.94598  -0.028497
 -0.073465 -0.048801  0.001809  0.075132 -0.049929 -0.1686    0.023575
 -0.048023 -0.061866 -0.004773 -0.049426  0.021441 -0.005142]
[-0.922516 -0.646165 -0.770562 -0.606938 -0.555223 -0.27494   0.083636
 -0.046525 -0.036273 -0.121947 -0.046142 -0.02906   0.205827  0.004237
 -0.015762  0.133336 -0.1583    0.015387  0.02269   0.015879]
[-1.226355 -1.149493 -1.251015 -1.217285 -1.310031 -1.346567 -0.012844
 -0.079771  0.010658 -0.174201  0.074624  0.085903  0.142704  0.018299
 -0.074691  0.069661 -0.115894  0.001418  0.030827  0.038576]
[-0.950451 -0.909713 -0.892587 -0.950971 -0.881349 -0.876868  0.024365
  0.016025  0.043375 -0.021099  0.084394  0.087654 -0.01241   0.051339
 -0.013808  0.003652  0.031454  0.014077 -0.022659 -0.015833]
[-1.103703 -1.203081 -0.984488 -1.367193 -1.067245 -1.206584  0.024606
  0.080804  0.018108 -0.04407  -0.029433  0.070749 -0.055415 -0.015344
  0.037897 -0.073446  0.010373  0.068068  0.025398  0.008177]
[-0.897684 -0.797116 -0.776104 -0.711605 -0.876802 -0.636961 -0.02865
  0.090155  0.072779  0.029898 -0.033408  0.113558 -0.028389  0.051157
  0.021009 -0.034514  0.022752 -0.020446  0.048448 -0.020128]
[-1.002414 -1.02486  -0.913254 -1.036725 -0.807883 -1.110733 -0.156708
 -0.070114  0.097197  0.101591  0.104794  0.097627  0.041187  0.057297
 -0.121314  0.039535  0.073335 -0.170529  0.012501 -0.012259]
('Mean', 1, ': ', -1.0024142699171856)
('Median', 1, ': ', -1.0024142699171856)
('Variance', 1, ': ', 0.0)
('Mean', 2, ': ', -1.0248603630639583)
('Median', 2, ': ', -1.0248603630639583)
('Variance', 2, ': ', 0.0)
('Mean', 3, ': ', -0.91325369970637826)
('Median', 3, ': ', -0.91325369970637826)
('Variance', 3, ': ', 0.0)
('Mean', 4, ': ', -1.0367250537511807)
('Median', 4, ': ', -1.0367250537511807)
('Variance', 4, ': ', 0.0)
('Mean', 5, ': ', -0.8078828070227132)
('Median', 5, ': ', -0.8078828070227132)
('Variance', 5, ': ', 0.0)
('Mean', 6, ': ', -1.1107327916645482)
('Median', 6, ': ', -1.1107327916645482)
('Variance', 6, ': ', 0.0)
('time: ', 11317.181699991226)
