“Running plot script on a single CPU core”
[ 0.094846  0.294014  0.041162 -0.265959 -0.002752 -0.068015 -0.999715
  0.098269  0.050515  0.327811  0.12676  -0.234696  0.159567 -0.277657
 -0.29618   0.205739  0.029271 -0.446586  0.174386  0.328228]
[ 0.322912  0.327512  0.259799  0.297199 -0.071919  0.230714 -0.339581
 -0.400072  0.303885  0.156233 -0.746759  0.122771  0.181509  0.289366
 -0.112645 -0.811856 -0.223614  0.314923 -0.284519  0.319498]
[ 0.110961 -0.048545 -0.301064 -0.05427   0.210411 -0.642709  0.276529
 -0.964642  0.3331    0.332973 -0.637937  0.333326  0.279419 -0.622007
 -0.61907   0.195597  0.097467  0.330781  0.273531  0.325593]
[ -6.094465e-02   3.319738e-01   3.333291e-01  -5.361277e-01  -3.504446e-02
   3.324369e-01   3.312055e-01  -4.228864e-01   3.291199e-01   2.782399e-01
   1.857285e-01   1.727951e-01   2.573811e-01   1.752787e-01  -2.409231e-04
   2.815461e-01  -8.194445e-01   3.044827e-01  -6.251107e-01   2.843379e-01]
[ 0.166022 -0.329446  0.331762  0.324542  0.163348  0.144539 -0.187799
  0.217338  0.331989  0.144217 -0.830671 -0.341609  0.330464  0.313004
  0.187776  0.141283  0.195569 -0.260176  0.193733  0.270342]
[ 0.206381  0.244288  0.32817  -0.332601 -0.995736  0.101597  0.043791
  0.331207 -0.604928 -0.967697 -0.041892  0.213006  0.330892  0.302773
  0.211899  0.240114 -0.999886  0.054812 -0.351047 -0.999526]
[ 0.313855 -0.932764 -0.982362  0.060124  0.25896   0.257198  0.237576
 -0.737632  0.23699   0.310372  0.30528   0.242238  0.128198  0.329876
  0.257045 -0.984212 -0.009369  0.16147   0.332316 -0.903583]
[ 0.281691  0.332994  0.253106  0.312426  0.333333  0.311633 -0.102204
 -0.781014  0.11238  -0.262061  0.329754 -0.970235  0.082548  0.253101
 -0.74449   0.026    -0.420661  0.060374  0.15057  -0.998009]
[ 0.020228 -0.810546 -0.735074  0.312186 -0.905775  0.110944  0.236486
  0.233659 -0.213944  0.294595  0.21296  -0.042152  0.250185  0.055946
  0.167339  0.101069 -0.019803  0.232464  0.00678  -0.802865]
[ 0.331799  0.276848  0.11939  -0.292984 -0.312445 -0.923054 -0.932152
  0.313529  0.327212 -0.29483  -0.73081   0.21166   0.096828  0.310754
 -0.500054 -0.847144 -0.123527  0.205579  0.231472 -0.523188]
[-0.888962 -0.773415 -0.180148  0.208431 -0.508064 -0.954293 -0.096261
  0.333029  0.201824  0.327413  0.282241  0.250293 -0.331582  0.29379
  0.065255  0.28936   0.113694 -0.264383 -0.870913  0.199723]
[ 0.266761  0.278643 -0.016644 -0.333868  0.333284  0.315927 -0.366035
  0.236125  0.289156 -0.454555  0.271559  0.319116  0.307028  0.291842
  0.320814 -0.227419  0.267749 -0.370476  0.328357  0.223105]
[ 0.168575  0.251666  0.240919 -0.177958  0.283571  0.320572  0.17682
  0.3164   -0.150818  0.330908 -0.207593  0.152412 -0.033679 -0.325836
 -0.130513  0.001273 -0.124679  0.29895   0.078633  0.245454]
[ 0.328128  0.086932 -0.468965  0.175685 -0.060529  0.293596 -0.737097
 -0.037045  0.281794  0.103138  0.020154  0.323685  0.177634  0.333127
  0.241573  0.176383 -0.987626  0.294164 -0.256302 -0.40432 ]
[-0.992075  0.259263  0.068563  0.274609  0.183643 -0.063023 -0.956976
  0.151887 -0.428993 -0.1593    0.150553  0.333173  0.30244  -0.035095
  0.191847 -0.368676  0.333294  0.242837  0.332391  0.15856 ]
[ 0.213511  0.214306  0.318744 -0.528755  0.331201 -0.956943  0.302801
 -0.016961  0.063436  0.32266   0.249168  0.299681 -0.343925  0.029869
  0.329706 -0.941641  0.328756  0.310055  0.333273  0.304256]
[ 0.324729  0.32721   0.26344  -0.97665   0.090184 -0.017845 -0.872608
  0.300584 -0.706256 -0.679229  0.279422  0.281949  0.333296 -0.036686
 -0.938934  0.331273  0.329715 -0.759885  0.328617 -0.064926]
[-0.124203  0.327128  0.322351  0.326041  0.310075  0.199575  0.303371
  0.265417  0.324323  0.207703  0.331908  0.198086  0.04665   0.295358
 -0.392608  0.319373 -0.703462  0.251059  0.318504  0.307991]
[ 0.267594 -0.934813  0.146424  0.081202  0.034117 -0.529092  0.226413
  0.059593  0.011425 -0.398431  0.307848  0.282401  0.33124   0.31541
  0.169657  0.06691   0.015745 -0.837054  0.291001  0.272218]
[ 0.333081 -0.124916 -0.295503  0.287305  0.314258 -0.064674  0.299254
  0.26866   0.055414 -0.076925  0.265826  0.272735  0.32427   0.324393
 -0.269606 -0.135074 -0.153499 -0.920436  0.170241  0.297394]
[ 0.332561  0.317183  0.269494 -0.302796  0.283851  0.218567  0.302967
 -0.36079  -0.137511 -0.283141 -0.018437  0.299774 -0.132022 -0.064265
 -0.393543 -0.307741  0.259491 -0.048229  0.302975  0.332286]
[ 0.325784 -0.04624   0.174202 -0.419952  0.275697  0.327679  0.333262
  0.18792   0.333293 -0.578543  0.266791  0.308952 -0.359907  0.329857
  0.209361  0.278167  0.050948  0.310701  0.331957  0.217391]
[-0.490918 -0.057271  0.333301  0.229411  0.163816 -0.311647  0.235352
  0.305428  0.138048  0.039296  0.27969   0.324532  0.03701   0.29781
  0.320101  0.292125  0.294039  0.282258 -0.078232  0.332908]
[-0.292311  0.083632  0.061761 -0.402636  0.266753  0.276002 -0.004591
  0.062424 -0.608329  0.333328  0.089716  0.228899 -0.610648  0.303578
  0.325461  0.06457   0.087936  0.333125  0.271356  0.172454]
[ 0.32842   0.180968  0.083836  0.324692  0.002412  0.314469  0.324044
  0.227567  0.15532   0.321025  0.193973 -0.41788   0.214446  0.305783
  0.321538  0.328086  0.301825  0.296895  0.059256 -0.941255]
[ 0.32736  -0.410141  0.331672  0.182275  0.307843  0.082882 -0.455633
  0.156828 -0.076228  0.158123 -0.066812  0.31746  -0.844474  0.149778
 -0.490185  0.2766   -0.644309  0.285795  0.307459 -0.318659]
[ 0.208169  0.167343  0.175729  0.333187 -0.323972 -0.109579  0.138546
  0.243677  0.289182  0.126835 -0.575856 -0.965878  0.291711  0.259752
  0.287755  0.149687 -0.832252  0.325551  0.321955  0.288223]
[-0.572023  0.303284  0.326264  0.32697  -0.1402    0.188672 -0.098403
  0.148074  0.33303   0.157755  0.308941  0.324098  0.193132  0.205723
  0.327782  0.14648   0.197437 -0.42444   0.312186  0.242327]
[ 0.185863  0.185205 -0.042207 -0.99687   0.144795 -0.44343   0.223139
 -0.532707  0.013987  0.333095  0.30111  -0.357002  0.186179  0.312148
  0.300175 -0.069904  0.09499   0.195568 -0.124324  0.266657]
[ 0.331442  0.278726  0.282422 -0.081748  0.277096  0.306186 -0.572593
 -0.988953 -0.026792  0.252681  0.171973  0.331939 -0.252434  0.332135
 -0.005955 -0.492959  0.211628 -0.49436   0.333332  0.225261]
[-0.378529  0.227872  0.285791 -0.1322    0.266138 -0.985406 -0.333095
  0.32346   0.323651 -0.192088  0.264239  0.220558 -0.123323  0.119422
 -0.06799   0.312375 -0.503208  0.222885  0.179119 -0.648391]
[ 0.014922 -0.247019  0.283311  0.096051  0.006217  0.278614  0.332468
  0.317875 -0.548406  0.271527  0.293703  0.307147  0.047848 -0.244968
  0.118482  0.268004  0.169176 -0.445208  0.332635  0.322946]
[-0.034264 -0.903278 -0.562015  0.201662  0.332466 -0.474385  0.282856
  0.042922  0.332111  0.008596  0.304361  0.329123  0.306059  0.31245
  0.072646  0.319817  0.314564 -0.003152 -0.983377 -0.060194]
[-0.09939   0.073479 -0.605434  0.269403  0.123985 -0.090762 -0.091127
  0.269688  0.303794  0.324089 -0.020059  0.205348 -0.034308  0.321106
  0.330446  0.328694  0.315515  0.119949  0.274536 -0.223727]
[ 0.232051 -0.439934  0.246709  0.320657 -0.05253   0.324518  0.330499
  0.332731  0.06197  -0.211517  0.29949  -0.72946  -0.219359  0.307852
  0.257036  0.293188 -0.411645  0.328833  0.317718  0.115365]
[ 0.132247  0.322979 -0.361789  0.215712  0.266177  0.331709 -0.106539
  0.275175  0.225375 -0.814749  0.029768  0.3151   -0.601905  0.310399
  0.274843 -0.09641   0.20284   0.104295  0.332346  0.301791]
[ 0.051583 -0.336994  0.317695  0.255421  0.30917  -0.4286    0.332462
 -0.193954  0.050697 -0.140366  0.195867  0.241475  0.326132 -0.132498
  0.312593  0.320362  0.007414  0.023405  0.085009 -0.111122]
[ 0.333035  0.100754  0.327038  0.264392 -0.517567  0.331737  0.322668
  0.178835  0.297846  0.311396  0.198821 -0.42587   0.037145  0.314844
  0.332743 -0.568261 -0.612023  0.277079 -0.285014 -0.675182]
[-0.810315  0.332591  0.254787 -0.94749   0.332226  0.331993 -0.989146
  0.039062  0.329411  0.041153  0.100473 -0.115431  0.265715  0.251878
 -0.001914 -0.691273  0.328078 -0.807535  0.232207  0.192438]
[ 0.1933   -0.084004 -0.731144  0.005306  0.178635  0.182356 -0.301033
  0.332771  0.318478 -0.999912  0.332048  0.320747  0.332094 -0.152604
  0.307441 -0.314458  0.310222  0.296582 -0.026747  0.307301]
[ 0.171343  0.332878  0.331116  0.31215  -0.769762  0.261018 -0.397403
  0.243392 -0.511352  0.093017  0.328444 -0.430343 -0.079429 -0.73333
  0.251763  0.124885 -0.120587  0.273083  0.239789  0.29175 ]
[ 0.324519  0.002711  0.049892 -0.49348   0.033699 -0.055118  0.245493
 -0.791219 -0.267503  0.309456 -0.673831  0.328313 -0.862613 -0.006266
  0.330031 -0.476634  0.268339 -0.540021  0.197089  0.294206]
[-0.109886  0.049928  0.327878  0.326682 -0.26324  -0.344188  0.200543
 -0.70704   0.059029  0.276546  0.317625  0.023205  0.05795  -0.065407
  0.332154  0.226275 -0.776166 -0.761492  0.235562  0.180986]
[ 0.151431 -0.103791  0.301177 -0.897161  0.278497  0.298496 -0.492828
  0.315595  0.11921   0.300059 -0.122055 -0.004826 -0.243146 -0.024864
 -0.275991  0.226111  0.285344  0.152355  0.233804  0.09469 ]
[ 0.33157  -0.068941 -0.646694  0.248507  0.179166  0.256687  0.169862
  0.199872 -0.999768  0.202273 -0.532202  0.312279  0.314275  0.048808
  0.319399  0.170479  0.223101  0.236039  0.290712  0.331022]
[ 0.333318  0.103166  0.312086  0.318095 -0.968607  0.311295 -0.32498
 -0.057045  0.111133  0.138166  0.300789 -0.107478 -0.874753 -0.232913
 -0.476467  0.324948  0.267012 -0.064371  0.332297  0.243788]
[ 0.320342 -0.660442  0.264451  0.292338  0.272431 -0.505455  0.173134
 -0.30046  -0.896423  0.292664  0.059021  0.160908 -0.119671 -0.924437
 -0.462885  0.294501  0.209857 -0.020122 -0.119805 -0.124454]
[ 0.31761   0.322242 -0.436083  0.231954 -0.957409  0.119296 -0.329618
 -0.630052  0.204493  0.324194  0.332668  0.205305  0.139199  0.194865
  0.204835 -0.921104 -0.911677 -0.985427  0.035094 -0.992443]
[ 0.315051  0.22957   0.250479 -0.938307 -0.747658 -0.554989  0.331357
  0.29837   0.065995  0.169871 -0.237925  0.264633  0.096827 -0.662398
 -0.30565   0.307746 -0.929828 -0.21452   0.113693  0.075851]
[ 0.284616  0.326768  0.283314  0.333317 -0.504252  0.276358  0.052982
  0.214186  0.166302 -0.271856 -0.348924  0.262966  0.307835  0.288856
  0.332293  0.257829  0.232921  0.194202  0.06245   0.23408 ]
[ 0.301792  0.173014 -0.548064 -0.151178  0.307024  0.304131  0.286167
  0.206182 -0.87559   0.264457  0.326247  0.324529 -0.897974  0.313227
 -0.505258 -0.189054  0.292435  0.177393 -0.936392 -0.053982]
[ 0.236758  0.147374  0.294666  0.151999 -0.415761  0.325616  0.332775
 -0.125102  0.296424  0.245115 -0.038163  0.319554 -0.429578  0.31275
  0.325816  0.333235  0.252698 -0.925041  0.333216 -0.997358]
[ 0.212802  0.070727  0.278582  0.280692  0.242608  0.242934  0.329107
  0.333331 -0.999999  0.146579  0.284882  0.302693 -0.989907  0.326953
  0.319095  0.169765 -0.135647 -0.556577 -0.07977  -0.252186]
[ 0.298068  0.096711  0.309031 -0.036946  0.332286  0.33333  -0.361225
  0.156311  0.332478  0.22437  -0.73903   0.315874 -0.209669  0.299519
  0.305102  0.280787  0.320012  0.333289 -0.908095  0.250214]
[ 0.169551 -0.753283  0.331037  0.282318  0.315744  0.307869  0.253553
  0.143996 -0.993301 -0.225919 -0.244047  0.333321 -0.003029  0.104675
  0.248179 -0.999624  0.314595  0.330146 -0.443213 -0.24671 ]
[-0.817662 -0.25061  -0.982759 -0.21298  -0.278055  0.180465  0.332618
  0.090615 -0.016389  0.30948  -0.50638   0.333001 -0.395752 -0.378792
  0.187     0.301098  0.331679  0.175865  0.269399  0.154703]
[ 0.312102  0.302089  0.304433 -0.829605  0.294046  0.102218  0.321231
  0.298121 -0.041151  0.254052 -0.140749  0.256909  0.167797  0.3332
  0.083792 -0.993035  0.317891  0.264062  0.05928   0.331428]
[ 0.261663 -0.915166  0.312962  0.32581   0.169236  0.10887  -0.819915
  0.165315  0.206586  0.096614 -1.       -0.846049  0.314984  0.326426
  0.227362  0.328291  0.091044  0.214444  0.328507  0.235873]
[ 0.282376 -0.891052 -0.761338  0.062068  0.154372  0.205792 -0.119302
 -0.981259  0.188622  0.290173 -0.530284  0.331715 -0.402674  0.298316
  0.140448 -0.127115  0.116231  0.278422 -0.601553  0.288096]
[ -7.695167e-01   7.638317e-02   1.865665e-01   3.139972e-01  -7.709962e-04
  -4.518550e-02  -8.915514e-01   2.151923e-01   1.648097e-01   4.768090e-02
   1.498660e-01   2.942832e-01  -9.724472e-01   2.490673e-01   3.303091e-01
   3.326856e-01   3.200404e-01   2.817747e-01  -7.593160e-02   5.982271e-02]
[ 0.031741 -0.421467  0.236903 -0.379887 -0.080136  0.095686 -0.107188
  0.23771  -0.018713  0.113239 -0.993086  0.316077  0.332821  0.236264
 -0.756738  0.226706  0.330935 -0.878384  0.190803  0.277873]
[ 0.326892  0.321078 -0.772066  0.313057 -0.719801 -0.726045  0.224175
 -0.076409 -0.004489  0.290579  0.21529  -0.729315 -0.220348  0.276339
 -0.349381  0.113073 -0.658188  0.099158  0.330124 -0.645244]
[ 0.333325  0.307353 -0.548423 -0.315584  0.061207 -0.155308  0.314012
  0.311238  0.323602 -0.052892  0.200439  0.312584  0.233934  0.314648
  0.16496   0.200987  0.098814  0.306695  0.113715 -0.595013]
[ 0.212616  0.267856  0.137785  0.019649  0.231803 -0.710146 -0.120259
 -0.907354  0.322257  0.297089  0.317828 -0.561659 -0.995036  0.317547
 -0.137089 -0.765814  0.332789  0.333256  0.288172  0.323666]
[ 0.239289  0.268563 -0.991984  0.173333  0.330643  0.259025  0.306875
  0.029724  0.254486 -0.110489  0.30825   0.330819 -0.031893 -0.140964
  0.304046  0.140023  0.331238  0.118245  0.013593  0.330551]
[ 0.073708  0.307004 -0.951281 -0.554127  0.289433  0.166048  0.300237
  0.187872 -0.226612  0.036542 -0.412092  0.311714  0.02412   0.282426
 -0.273139  0.205762 -0.297276  0.303425 -0.327391 -0.429909]
[ 0.321951 -0.240814 -0.324018  0.001655  0.276719 -0.715755  0.32034
  0.261408  0.141882 -0.53258   0.333284  0.330439  0.322042  0.310139
  0.144336  0.106894  0.331526  0.02553   0.332432 -0.990299]
[-0.047993  0.26505   0.262108 -0.130179  0.333159  0.329081  0.117745
  0.289777 -0.115428  0.329805  0.3333    0.152346  0.327243  0.278117
 -0.015772  0.238008 -0.460548  0.112334  0.269422  0.333268]
[ 0.328479 -0.065952  0.230681  0.328937  0.246985  0.305577  0.187654
  0.32986  -0.912924  0.244961  0.253454  0.156806 -0.85767  -0.827889
  0.28808  -0.5089    0.091285  0.332358  0.227193  0.32333 ]
[ 0.297951 -0.817538 -0.900483 -0.421034  0.216333  0.329741 -0.988525
 -0.085086  0.223167  0.314109 -0.176317 -0.03872   0.253039 -0.706436
 -0.768555 -0.886435  0.024853  0.17364   0.314821  0.331823]
[ 0.202006  0.330077 -0.835119 -0.488166 -0.8352    0.167827  0.196924
  0.333256  0.328599  0.312075 -0.144322  0.318239 -0.230164 -0.114338
  0.013678  0.306954  0.128611 -0.530029  0.256886 -0.723497]
[ 0.333316  0.087147  0.322584  0.126454  0.229734 -0.550581  0.309679
  0.18451   0.318523 -0.978248 -0.001002  0.320899  0.227644  0.333212
  0.305226  0.290561  0.284417  0.11391   0.280756  0.294762]
[ 0.156268 -0.107773  0.290342  0.169703  0.332485  0.283569  0.323975
  0.286388  0.163336  0.242509 -0.173742  0.288354  0.285583 -0.998465
  0.283597  0.269071 -0.076054 -0.207282  0.223927 -0.055131]
[-0.086106 -0.892114  0.107005  0.244573  0.330413 -0.95547   0.331574
  0.064652  0.13201   0.320418  0.326323  0.153373  0.071381  0.327999
 -0.013647 -0.140918  0.271351  0.310359 -0.892511  0.304102]
[ 0.319281  0.311515 -0.363065  0.248192  0.275454 -0.986069  0.333328
  0.182096 -0.083316  0.324435  0.255418 -0.07685  -0.992474  0.109114
  0.032762  0.330717 -0.81963   0.26346   0.168952  0.174991]
[-0.432773 -0.054574  0.311766  0.204835  0.318528 -0.118189  0.257577
  0.088122  0.300539 -0.188143  0.329184  0.328768  0.097795  0.333323
  0.31497   0.056924 -0.994623  0.101837  0.25187   0.133024]
[-0.601227  0.224673 -0.062244 -0.937398 -0.208416 -0.97632   0.32464
  0.3232    0.141608  0.247499  0.30255   0.318889 -0.415891  0.039537
 -0.861106  0.287222  0.227371 -0.04431   0.118302  0.333035]
[ 0.045594  0.311881 -0.580527 -0.982953  0.325533  0.333322  0.105801
 -0.183784  0.333097 -0.308233  0.33093   0.249582  0.316514  0.332167
  0.259014 -0.29203   0.051338 -0.170058 -0.640573 -0.278625]
[-0.91656  -0.485458 -0.07095  -0.058489 -0.941472 -0.66089   0.316882
 -0.267866  0.180402 -0.0916    0.214952 -0.337151  0.039319  0.175574
 -0.24004   0.333234  0.304248  0.186282  0.273492  0.307513]
[ 0.327799  0.163956  0.270594 -0.905103  0.261718 -0.570311 -0.687588
  0.087074 -0.254527  0.326634  0.329748  0.264545  0.245402  0.254203
 -0.219386  0.213701 -0.012433 -0.981403  0.182432  0.019775]
[ 0.286304  0.288029 -0.457149  0.327732 -0.827696  0.319331 -0.118711
  0.331303  0.23837   0.210841  0.265912  0.149748  0.322318 -0.231384
 -0.318718 -0.94771   0.33128  -0.707211  0.230958 -0.666763]
[ 0.325415  0.255035  0.332942  0.090742  0.036432 -0.281002  0.268783
  0.211196 -0.608255 -0.887843  0.314279 -0.358209  0.29109   0.279172
  0.328873  0.286166  0.329271 -0.756548 -0.446171  0.332292]
[ 0.316309  0.230383 -0.937442 -0.267736  0.329943  0.293875  0.30007
 -0.109157 -0.068713  0.332352 -0.861417  0.277733  0.176874  0.081913
 -0.447119  0.304618  0.311802  0.192959  0.264944  0.118337]
[ 0.317532  0.310874 -0.519643 -0.476578  0.250816 -0.736621  0.32391
  0.328892 -0.444005  0.126461 -0.076843  0.313558 -0.969188  0.204267
 -0.560022 -0.547966 -0.1803   -0.115797  0.227744  0.23199 ]
[ 0.329667  0.092278 -0.999401  0.171853 -0.97656  -0.251261  0.246835
 -0.234614 -0.99878  -0.28257   0.296994 -0.951825  0.220944  0.148694
 -0.041953  0.037649  0.33209   0.330049 -0.0817    0.263542]
[-0.244696  0.324409  0.263847 -0.768541  0.329403  0.184599 -0.199941
  0.310995  0.139394 -0.952278  0.226612  0.318384 -0.869247 -0.87909
  0.264565 -0.360273  0.035209  0.226796 -0.502961  0.333127]
[ 0.321393  0.293598  0.330427  0.09399  -0.056753  0.322802 -0.559651
  0.14361   0.324796  0.237176  0.276604  0.003732  0.20749   0.332358
  0.222312  0.249473  0.333298 -0.503566  0.281448 -0.17055 ]
[ 0.3325    0.322557  0.314881  0.176926 -0.997088  0.236414  0.212063
  0.323321  0.159421  0.324574  0.248387  0.321692  0.194397 -0.268139
  0.3257    0.292227  0.307887  0.328981 -0.187418 -0.704348]
[ 0.333123 -0.113143  0.28054   0.069832  0.099834  0.316719  0.333318
 -0.73774   0.293978 -0.589082  0.248859 -0.091527  0.325263  0.108322
  0.220188 -0.309419  0.321703  0.275094  0.240028  0.187703]
[-0.132208  0.32686   0.314292  0.284124 -0.648522 -0.184666 -0.066313
 -0.858526  0.239842 -0.094684  0.256411  0.220782  0.112727  0.312106
  0.256153  0.239726  0.30297   0.314906  0.193146 -0.033817]
[-0.181819  0.316108  0.316182  0.318744  0.198883  0.258199  0.135526
 -0.912412  0.318806  0.289924  0.316763  0.273418  0.012802  0.311286
 -0.848814 -0.999451  0.130895  0.298283 -0.508061  0.32119 ]
[ 0.074523  0.327463  0.250761  0.148633 -0.492078 -0.162292 -0.504764
 -0.080949 -0.63231   0.330167 -0.319924  0.328299  0.017761  0.078406
  0.089734  0.246201 -0.99328   0.039462  0.181572 -0.424836]
[ 0.326177  0.294207  0.275248  0.263688 -0.345264 -0.944485  0.257304
  0.333061  0.154203  0.319866 -0.206431  0.017141  0.332129 -0.206564
 -0.204465  0.171482  0.101321 -0.178064  0.060959  0.329247]
[-0.488494  0.329841  0.287825  0.170259  0.277751  0.018898  0.325935
 -0.754989  0.333333  0.285021  0.224352 -0.953852  0.304302 -0.702642
  0.330114  0.31548   0.303909  0.246361  0.306053  0.197316]
[ 0.311244  0.283318 -0.993456 -0.16119  -0.529562  0.245946 -0.261355
  0.021823  0.285115  0.077976  0.286518  0.272097  0.112804 -0.098554
  0.197117  0.279697  0.309245  0.333128  0.291191 -0.952719]
[-0.460957  0.313527  0.095228  0.237351  0.281806  0.278176  0.119795
  0.072928 -0.313127  0.29668   0.333207  0.02664  -0.615713  0.269312
  0.31641  -0.096699  0.323357  0.279567 -0.720978  0.243389]
[-0.719622  0.033636 -0.328572  0.158171  0.292363 -0.668581  0.013274
 -0.043066  0.332422  0.26332   0.312973  0.269121  0.021222  0.023029
  0.332557 -0.456644  0.312738  0.173545 -0.416419  0.332871]
[-0.467443  0.30371  -0.436045 -0.443783 -0.964348  0.332729  0.319794
  0.132178  0.314469 -0.23074  -0.909386  0.180262  0.306596 -0.877183
 -0.195553  0.329135 -0.855666  0.330431 -0.734545 -0.806013]
[ 0.321617  0.325072  0.333208  0.329465 -0.153029  0.131129  0.325892
  0.106774  0.331731  0.329695  0.288148  0.044884  0.217096  0.332803
  0.3212   -0.093731  0.130673 -0.144368  0.296891  0.16616 ]
[-0.098395 -0.980767 -0.310884  0.278931  0.135239 -0.294517  0.333319
 -0.011708  0.101649  0.213776  0.25936   0.333333 -0.293548 -0.659714
 -0.25047   0.330287  0.314971 -0.032098  0.315588  0.183483]
[0.013470253900984219, -0.060495793052643521, -0.015386700067051548, -0.023587970499852395, 0.021692535859870937, 0.038818737708836509, -0.03318800461355037, -0.013398352043366923, -0.0098965707017382026, 0.050992745513032955, -0.01031645403675252, 0.056294185814612485, -0.039148698309586505, 0.10721629404005745, 0.1790960218331914, 0.065445723174548665, 0.0013623169454770045, -0.0044658155363519747, -0.026351853224851729, -0.03368667509062967, 0.0022896154997968932, -0.023739137447858216, 0.025221307038276575, 0.0065781677378096703, -0.009462460353709512, -0.017141324785096723, 0.035680918839266745, 0.03709047743972127, 0.047257044724466207, 0.050372860133685138, -0.024144981382060615, -0.0321994533810376, 0.023776825680152949, -0.0014605851075718684, -0.016618652656719635, -0.02650717989162385, 0.042090502843616415, 0.038284716329696045, -0.0048830632190343115, 0.025472369674197276, 0.032379868342368889, 0.070068171346241159, 0.0051438580167865455, 0.095242282720531923, 0.022262841200768047, 0.037169917912277473, 0.04718235240596963, -0.01230926694114487, 0.030643266671262881, -0.11029897106316083, -0.051268008584664182, -0.0044263262861889696, 0.01945847342239887, -0.015534884529199211, 0.0695746885008241, -0.071447423192172899, -0.050502203480091712, -0.041292237519231112, 0.010870425397739247, -0.0069235086762559073, 0.055754798820678866, -0.00095877776225955502, 0.018852576011858857, 0.04872910619314999, -0.028924739679094896, 0.051349997135760425, 0.008393575055014646, 0.025507958289671791, 0.092456529828805145, 0.097904170121187767, 0.0098877587732698058, 0.10467418399427042, -0.017540825001582994, -0.010776576669153909, 0.010134324641736803, 0.02328070727975462, 0.01511349764208969, -0.029876488850163731, -0.056770942490922072, 0.037366021141663153, 0.12615441902608801, 0.061268842877947094, 0.01347010014572364, 0.054146217061430801, -0.01956577915614699, 0.012410367356818497, 0.057598194746196374, 0.098427031160788742, 0.078846316338828715, 0.010716258115303912, -0.003543878978761128, 0.0027659313959420145, -0.040746486140768923, 0.0084334823280655113, -0.0090261926148323401, -0.054219550930988514, 0.0014663655626401262, 0.015499528084264746, 0.085608740376975773, -0.012965925249101576]
('time: ', 9567.08582997322)
