“Running plot script on a single CPU core”
[-0.044201 -0.01444   0.013151  0.008817 -0.012875  0.030453]
[ 0.058622  0.050812  0.052506 -0.006341  0.001239  0.025363]
[ 0.019789  0.01087   0.018742 -0.013474  0.006007 -0.006874]
[ 0.02628   0.059367  0.057804  0.011639 -0.016162 -0.012972]
[ 0.028208  0.067051  0.107382  0.014198  0.018479  0.003306]
[ 0.044018  0.05103   0.026961  0.001308  0.042604 -0.005469]
[ 0.062448  0.100292  0.088661  0.008911 -0.030791  0.005388]
[-0.01178   0.054378 -0.021626 -0.005277 -0.024179 -0.033776]
[ 0.026761  0.01372   0.037877  0.012314  0.001621  0.000646]
[-0.015761  0.002338 -0.036923 -0.018223 -0.002451 -0.011811]
[ -3.450509e-03  -1.585452e-02  -3.655198e-02  -1.286953e-02  -6.954186e-05
   1.632395e-02]
[-0.006688 -0.005528 -0.029139 -0.013153 -0.029629  0.008506]
[ 0.019791  0.028919  0.038189 -0.030058  0.006957 -0.004476]
[ 0.035004  0.075962  0.057722  0.022573 -0.016885  0.010213]
[ 0.078498  0.123599  0.119138 -0.015944 -0.003314 -0.000175]
[-0.000952  0.080652  0.016739  0.023201 -0.009387 -0.021339]
[ 0.07881   0.103491  0.055088 -0.014671 -0.002676 -0.011722]
[ 0.007638  0.10417   0.089603  0.02548  -0.001792  0.023993]
[-0.008822 -0.01913  -0.070048 -0.008672 -0.025759 -0.00085 ]
[ 0.050124  0.051521  0.03666  -0.008164 -0.0304   -0.003586]
[ 0.036636  0.015804  0.075592  0.012418  0.019572 -0.008552]
[ 0.147873  0.087223  0.037887 -0.006546  0.046846  0.014518]
[-0.147744 -0.104421  0.017321  0.036056  0.074618  0.007782]
[ 0.046334  0.101106  0.099825  0.005404  0.011439 -0.006171]
[-0.0397   -0.071037 -0.082821  0.015574 -0.006831 -0.007927]
[ 0.051865  0.051903  0.071613 -0.037205  0.023067  0.026102]
[-0.045774 -0.047023 -0.007174  0.027307 -0.0304   -0.022471]
[-0.002017  0.023499  0.057201  0.011687  0.002367 -0.008472]
[ 0.086044  0.097136  0.080103 -0.002888 -0.018076 -0.011306]
[ 0.014163  0.004957  0.016736 -0.035231  0.0096    0.043799]
[-0.032939 -0.004715  0.03405   0.038311  0.033433 -0.005592]
[ 0.040832  0.034862  0.062104  0.038679 -0.010387 -0.018449]
[ 0.070495  0.107715  0.140068  0.051293  0.00421  -0.002902]
[ 0.01423  -0.019265  0.020925 -0.007271 -0.009651  0.014018]
[-0.035679 -0.036589 -0.024927  0.012935  0.028574  0.01179 ]
[  1.647708e-02  -1.437978e-02   4.182006e-02   8.182171e-05   1.016577e-02
  -8.817648e-03]
[ 0.06211   0.089766  0.023127 -0.014198  0.00853  -0.012977]
[ 0.035392  0.084743  0.040058  0.027901  0.01029   0.00182 ]
[ 0.065855  0.118978  0.136405  0.017033 -0.005978 -0.019888]
[-0.036035 -0.018843  0.025163  0.009503 -0.008751 -0.004628]
[ 0.000468  0.114308  0.042983 -0.000602 -0.044912 -0.028316]
[ 0.033808  0.058759  0.03814   0.014803  0.007288  0.009467]
[ 0.045208  0.043056  0.047342  0.043414 -0.015482  0.006066]
[ 0.111718  0.038206  0.160827 -0.007063  0.011782 -0.010322]
[ 0.006148  0.029277  0.037281  0.00609  -0.037447 -0.010252]
[ 0.011991  0.029749  0.01675   0.020737 -0.002222 -0.006403]
[-0.008825  0.012087 -0.003494  0.007043  0.000114  0.022217]
[ 0.052713  0.072633  0.072006 -0.000498  0.011353 -0.006452]
[-0.059901  0.017392  0.007421  0.014976 -0.003824  0.002329]
[-0.001114  0.055782  0.056603 -0.002947  0.018042  0.016802]
[-0.028142  0.011702  0.021602  0.008172 -0.010429 -0.012296]
[ 0.024778  0.082717  0.105379 -0.017941  0.016453  0.010055]
[ 0.032273  0.029184  0.078888  0.014448 -0.006865 -0.026579]
[-0.022125  0.019665  0.074392  0.002815  0.006423  0.000389]
[-0.041051 -0.005697 -0.021795  0.021183  0.033002 -0.031392]
[-0.004816  0.039213 -0.00887   0.038075  0.030044 -0.027715]
[ 0.064313  0.100212  0.04838  -0.018091  0.00987  -0.003558]
[ 0.040668  0.05129  -0.035824 -0.014906  0.040857 -0.006404]
[ 0.035247 -0.004741  0.020802  0.00014   0.030454 -0.017248]
[-0.055271 -0.016047 -0.040588  0.006992  0.021761  0.039023]
[-0.047031 -0.006018  0.01401   0.011362 -0.028661 -0.013893]
[ 0.044275  0.080704  0.129505  0.025221  0.0208   -0.007502]
[ 0.004403  0.017956  0.059049 -0.037005  0.048279  0.007299]
[-0.083958 -0.072237 -0.001318  0.010597  0.040224  0.045725]
[ 0.016752  0.108055  0.112983  0.022212  0.035838  0.011925]
[-0.125035 -0.141484 -0.074405 -0.037045 -0.013723  0.034627]
[ 0.034294  0.092726  0.067091 -0.019407 -0.026374 -0.045747]
[ 0.04792   0.040833  0.015874 -0.015127  0.000725 -0.023631]
[ 0.053818  0.033573 -0.003113  0.034526  0.029292 -0.053539]
[ 0.053809  0.044594  0.108654 -0.000896  0.015048 -0.000195]
[ 0.094469  0.047166  0.190791 -0.004686  0.00818   0.014221]
[ 0.023347  0.043854  0.025007  0.016281 -0.001876  0.013911]
[ 0.04886   0.04444   0.050516  0.009744  0.01647   0.021598]
[ 0.054416  0.061244  0.088124  0.043415 -0.00919   0.011317]
[ 0.143658  0.108871  0.129955 -0.031977 -0.01453  -0.016036]
[ 0.043596  0.065026  0.151474 -0.087618  0.005413 -0.003299]
[-0.005895  0.023036 -0.025782 -0.012675  0.015515 -0.018802]
[ 0.046163  0.016828  0.023264 -0.012038  0.016222  0.01137 ]
[-0.03105   0.057146  0.035423 -0.00238   0.007483 -0.010807]
[ 0.123446  0.106927  0.077075 -0.004386 -0.022043  0.030106]
[-0.01599   0.043357  0.001576 -0.010029  0.053326  0.021037]
[ 0.033843 -0.025867 -0.035555  0.001983  0.00725  -0.039224]
[-0.073054 -0.038621 -0.044117  0.000155 -0.000106  0.006189]
[-0.047979  0.043004 -0.011694  0.003869 -0.009129  0.003157]
[ 0.067672  0.046074  0.107633  0.038696 -0.038781  0.019848]
[ 0.008656 -0.031518 -0.004634 -0.015864 -0.006203 -0.011582]
[-0.021568  0.008426  0.013652  0.006147  0.016396  0.016785]
[-0.023131  0.027784  0.043877  0.025994 -0.017402  0.051467]
[ 0.058123  0.022254  0.031015  0.006194 -0.002864  0.005047]
[ 0.090226  0.035999  0.071349  0.004793  0.013524  0.008367]
[ 0.061036  0.072214  0.099976 -0.012845 -0.010739  0.004302]
[ 0.106929  0.052495  0.084214  0.001957  0.002958 -0.025715]
[ 0.130885  0.112579  0.090288 -0.011767  0.010494  0.021236]
[-0.092092  0.01525  -0.054     0.013676 -0.03503  -0.000118]
[ 0.058743  0.109648  0.105803 -0.001552 -0.000436 -0.001285]
[ 0.014673  0.045678  0.030892 -0.031959  0.014557 -0.020857]
[ 0.049259  0.08479   0.03394  -0.004905 -0.003308  0.001971]
[ 0.044384  0.094071  0.105588 -0.068908 -0.007055  0.041996]
[  4.744676e-02   8.304874e-02   2.073791e-02  -2.275129e-03  -9.529097e-03
   8.640914e-07]
[ 0.090685  0.053865  0.093927 -0.008653  0.018822 -0.019402]
('Mean', 1, ': ', 0.090685189014875101)
('Median', 1, ': ', 0.090685189014875101)
('Variance', 1, ': ', 0.0)
('Mean', 2, ': ', 0.05386488209672894)
('Median', 2, ': ', 0.05386488209672894)
('Variance', 2, ': ', 0.0)
('Mean', 3, ': ', 0.093926823994618741)
('Median', 3, ': ', 0.093926823994618741)
('Variance', 3, ': ', 0.0)
('time: ', 8613.079020023346)
