“Running plot script on a single CPU core”
[-0.014094  0.001794 -0.011301  0.002401 -0.000614  0.003405]
[ 0.046395  0.00293  -0.014828 -0.041683  0.026411 -0.010022]
[ 0.060683  0.052133  0.03711   0.010661 -0.010168 -0.003565]
[ 0.010087  0.0922    0.048227  0.013353  0.00238  -0.003748]
[-0.06649  -0.039366 -0.045249 -0.014583 -0.011778 -0.006888]
[-0.015565  0.026159  0.015432  0.012915 -0.00773   0.002664]
[ 0.06523   0.069309  0.08364  -0.003758  0.013473  0.017108]
[-0.074309 -0.001575  0.00104  -0.002852 -0.004713 -0.014084]
[ 0.063927  0.068446  0.024673  0.018625 -0.001258 -0.011129]
[ 0.021866  0.02732   0.088208  0.006845 -0.021529 -0.007458]
[ 0.098169  0.002894 -0.026343 -0.010689  0.026123  0.06447 ]
[ 0.047649  0.087024  0.043987 -0.020142  0.016689 -0.013909]
[ 0.01582   0.086001  0.029277  0.018223  0.00765  -0.014499]
[-0.001652  0.000584  0.002171 -0.010011 -0.011493  0.007582]
[-0.004183 -0.009245 -0.064089  0.017178 -0.02108   0.003448]
[ 0.031429 -0.019422  0.012292  0.019673  0.037855 -0.01541 ]
[-0.001252  0.009212  0.007061 -0.015982  0.002917 -0.038054]
[-0.019667  0.029617 -0.000103  0.002288 -0.003423  0.015701]
[-0.023508 -0.038315 -0.032233 -0.005564 -0.003092  0.027973]
[ 0.058668  0.026068  0.021236 -0.022641  0.011307 -0.009227]
[ 0.108859  0.100021  0.125126  0.018245  0.00147  -0.021718]
[-0.023622 -0.013291 -0.013975 -0.036494  0.023599  0.009526]
[-0.049382 -0.082308 -0.011171 -0.030532 -0.031382 -0.006084]
[-0.014408  0.027543  0.034988 -0.024604 -0.056024 -0.029927]
[ 0.052721  0.11664   0.086689 -0.031413 -0.011599 -0.019154]
[ 0.037212  0.017429  0.029128  0.006277 -0.019964 -0.018879]
[-0.009819 -0.080673 -0.031064 -0.009019  0.008595  0.020723]
[ 0.002905  0.009922  0.056631  0.008785 -0.014753  0.001699]
[-0.018445 -0.030115  0.017137 -0.013664  0.003462  0.037625]
[-0.02466   0.002763 -0.018384 -0.007254 -0.008656 -0.000237]
[ 0.057204  0.057662  0.035432 -0.000427 -0.032239 -0.000903]
[-0.057087  0.002101  0.024027  0.003811 -0.024278 -0.020835]
[ 0.027018  0.010763  0.04009   0.024192 -0.012112 -0.022171]
[-0.004107 -0.001605 -0.00867   0.025909  0.043971  0.00375 ]
[ 0.033814  0.011609  0.090568 -0.024159 -0.009818 -0.00674 ]
[ 0.00299   0.054183  0.048791 -0.014484  0.015363 -0.012009]
[-0.004099  0.008965  0.043679 -0.009709 -0.013511 -0.001401]
[ 0.044638  0.076392  0.054172  0.010278 -0.027922  0.018926]
[ 0.053576  0.009739  0.033547 -0.006745  0.023909  0.009169]
[-0.038769 -0.008285  0.035207  0.014764  0.01615  -0.011004]
[-0.052048 -0.008981 -0.02183  -0.014177  0.001305 -0.014441]
[ 0.00748   0.050197  0.018907  0.01486   0.03264   0.002856]
[ 0.06142  -0.029811 -0.00313   0.031753 -0.009435  0.014465]
[-0.044547 -0.027106 -0.049523 -0.004433 -0.000843  0.025785]
[ 0.010475  0.015236  0.031339  0.059966 -0.039251  0.011831]
[ 0.035353  0.07761   0.041115  0.028631  0.013306 -0.022096]
[ 0.116099  0.070619  0.03779   0.024665 -0.018568  0.043093]
[-0.052649  0.029495 -0.034569 -0.009784 -0.02445   0.012167]
[ 0.031554  0.113415  0.06297  -0.007348 -0.033486  0.014064]
[ 0.02472   0.04404   0.082315 -0.000578  0.001449  0.023078]
[ 0.013068  0.073974  0.07532  -0.0059   -0.020342 -0.015897]
[ 0.091463  0.111175  0.153447  0.000186 -0.016929 -0.019087]
[ 0.029474  0.045096 -0.013887 -0.028294  0.004122  0.005102]
[-0.018361  0.034417  0.04782  -0.00207  -0.007702  0.017723]
[ 0.003701  0.020616  0.000688  0.031031 -0.002443 -0.016372]
[ 0.111301  0.061166  0.102594 -0.02149   0.00741   0.017019]
[ 0.010225 -0.005038  0.043416 -0.00564   0.027594 -0.013133]
[ 0.036456  0.044103  0.075652 -0.007871 -0.006465  0.000275]
[-0.014825 -0.008694 -0.019085 -0.023917  0.03958   0.041549]
[-0.007733  0.015346  0.072655 -0.010146  0.036321  0.016501]
[ 0.015993  0.020918  0.038292 -0.006738 -0.023562 -0.001735]
[ 0.054549  0.053752  0.038321  0.008049 -0.003874  0.010359]
[ 0.132683  0.046458  0.124374 -0.002502  0.017645  0.045701]
[ 0.05389   0.031745  0.034772 -0.000465 -0.027758 -0.004852]
[ 0.051239  0.010921  0.053167 -0.01608   0.030092 -0.001995]
[ 0.096568  0.102386  0.092828 -0.011196  0.054456 -0.020622]
[ 0.00813   0.009734 -0.002455  0.026974 -0.010392  0.027454]
[-0.020751  0.055824  0.042593 -0.00371   0.017458 -0.053017]
[ 0.023417  0.000822  0.016325 -0.004112  0.008759 -0.00351 ]
[ 0.009693  0.029584  0.015054  0.005267 -0.022378  0.029078]
[ 0.087732  0.075858  0.106899  0.009576  0.001243 -0.01301 ]
[ 0.043374  0.025685  0.048215 -0.01472  -0.001429  0.014049]
[ 0.096906  0.084395  0.135984  0.003828 -0.008313  0.002641]
[ 0.083884  0.093128  0.05197   0.016682 -0.016504 -0.014808]
[ 0.009334  0.035009  0.020813 -0.005044 -0.016691 -0.035282]
[ 0.025235  0.058221  0.085058  0.01055   0.004616 -0.014156]
[-0.02929  -0.03189  -0.047077  0.010589 -0.003878 -0.034397]
[ 0.00874  -0.000651  0.021074  0.001213 -0.000352 -0.005431]
[ 0.017968  0.052461  0.018814  0.010263 -0.022618 -0.014967]
[ 0.017666  0.092345  0.067695  0.006796 -0.022378  0.015   ]
[ 0.056013  0.059638  0.078402 -0.027629  0.017889 -0.00381 ]
[-0.046749 -0.009896 -0.048856 -0.010101  0.028644  0.001599]
[-0.042873 -0.021543  0.052743  0.001873 -0.012403  0.037595]
[-0.100569 -0.030239  0.001216  0.007514  0.002855  0.011477]
[ 0.033037  0.058195 -0.004094  0.002609 -0.001553  0.029212]
[ 0.010414  0.008296  0.047442 -0.006228 -0.007     0.01966 ]
[ 0.092644  0.082424  0.085357  0.021665 -0.00655  -0.012439]
[ 0.020799  0.069294  0.039452 -0.011441  0.02001   0.00883 ]
[ 0.062834  0.05314   0.101661 -0.02496   0.000363 -0.004698]
[ 0.011364  0.005532  0.017745 -0.018222  0.015154  0.018771]
[ 0.011375  0.003749  0.015053 -0.01369   0.035094 -0.000174]
[ 0.081001  0.116475  0.138454  0.004118 -0.002424  0.007165]
[-0.012734  0.082488 -0.002563 -0.032003 -0.010902 -0.003405]
[-0.047646  0.031096  0.022543 -0.016247  0.008486  0.005048]
[ 0.042233  0.042015  0.025076 -0.025004  0.029456 -0.013138]
[ 0.016491  0.033531  0.03268  -0.016994 -0.021335  0.017022]
[-0.020549  0.0178   -0.006119 -0.012282 -0.006342  0.001514]
[ 0.029661  0.082007  0.041574  0.016825  0.005566 -0.057721]
[ 0.01325   0.034231  0.029307 -0.007991 -0.022346 -0.025807]
[-0.010291  0.007852  0.057177  0.001277 -0.01054  -0.006038]
('Mean', 1, ': ', -0.010290731169672718)
('Median', 1, ': ', -0.010290731169672718)
('Variance', 1, ': ', 0.0)
('Mean', 2, ': ', 0.0078522153133522218)
('Median', 2, ': ', 0.0078522153133522218)
('Variance', 2, ': ', 0.0)
('Mean', 3, ': ', 0.057177352852885104)
('Median', 3, ': ', 0.057177352852885104)
('Variance', 3, ': ', 0.0)
('time: ', 7898.440064907074)
