“Running plot script on a single CPU core”
[ 0.046639  0.093492  0.068694 -0.027571  0.026918  0.004152]
[ 0.049735 -0.031862  0.053057 -0.005989 -0.016496  0.015636]
[ 0.023514  0.078288  0.078058 -0.015301 -0.00955  -0.00852 ]
[ 0.014302  0.093642  0.095006 -0.026815  0.029929  0.016128]
[ 0.085709  0.073993  0.027581 -0.018671 -0.03158  -0.034561]
[ 0.013389  0.071     0.032187  0.065375  0.08172   0.005092]
[-0.018515  0.00019  -0.018726 -0.01938  -0.021615  0.001493]
[ 0.004617  0.059808  0.095326  0.019603  0.019812  0.008199]
[-0.004934 -0.048313 -0.07787  -0.007107 -0.009858 -0.017416]
[-0.014724 -0.05907  -0.070445  0.00281   0.006147  0.043214]
[ 0.022457  0.024376  0.042485  0.011533  0.010298 -0.005285]
[ 0.148691  0.064613  0.098932  0.026317 -0.018391  0.046843]
[ 0.076146  0.03673   0.130848  0.0072   -0.001278  0.025412]
[-0.002837  0.039565  0.011635 -0.033865  0.003588  0.000391]
[-0.062815  0.116184  0.133972  0.00268   0.038825  0.015781]
[-0.025673  0.05237   0.057659 -0.038343 -0.019144 -0.026666]
[-0.012532  0.077435  0.109587 -0.061508  0.026466 -0.029124]
[ 0.071009  0.031584  0.04863  -0.02458   0.005743 -0.028337]
[-0.017644 -0.002879 -0.007478 -0.005166  0.019353  0.015201]
[ 0.070997  0.072974  0.09729  -0.017245  0.018449  0.010296]
[ 0.033671  0.065273  0.075599  0.021798 -0.017769  0.0237  ]
[ 0.032314  0.06125   0.095755 -0.031557  0.006965 -0.034546]
[ 0.042612  0.073121  0.052985 -0.026384  0.005791  0.020456]
[ 0.003222 -0.029375  0.02417   0.00282  -0.026693 -0.015729]
[ 0.110694  0.092284  0.129742 -0.011548  0.011781  0.031063]
[-0.06165  -0.102691 -0.035813  0.005467 -0.01962   0.009988]
[ 0.020566  0.029746  0.052756 -0.015846  0.05303   0.003771]
[-0.005452  0.02865  -0.053937 -0.012935  0.017272 -0.024183]
[ 0.000415  0.063612  0.058689  0.005739 -0.010795 -0.007226]
[ 0.085011  0.067775  0.095786  0.005356  0.009536 -0.014704]
[ 0.117278  0.114226  0.109792 -0.016075 -0.015112  0.022678]
[ 0.036887  0.049448  0.05695   0.005735 -0.004392 -0.011469]
[-0.007022 -0.030685  0.028364  0.063157 -0.0201   -0.003334]
[ 0.048585  0.083378  0.079148 -0.07618  -0.01446  -0.015056]
[-0.02301   0.01437  -0.045631 -0.054321 -0.03268   0.020466]
[ 0.02143   0.039904  0.034925  0.007414  0.005473 -0.032239]
[ 0.032348  0.065346 -0.040937 -0.009041  0.034621  0.063529]
[-0.003712  0.080547  0.019525 -0.007893 -0.008715  0.010512]
[ 0.067318  0.073587  0.119452 -0.000518  0.004848  0.005132]
[ 0.053432  0.102706  0.073527 -0.033666 -0.02345   0.007829]
[ 0.030562  0.059694  0.109227 -0.000884 -0.050432  0.009453]
[ 0.007311  0.04841  -0.004899  0.005667 -0.005998  0.022531]
[-0.010715  0.019374 -0.035316  0.01689  -0.01238  -0.015409]
[ 0.061954 -0.024808  0.126732 -0.00489  -0.02157  -0.018593]
[ 0.039792  0.070863  0.072627 -0.013446  0.026265 -0.012092]
[ -2.259693e-02  -1.226222e-01  -4.789767e-02   1.041937e-02   6.356287e-06
  -1.304159e-02]
[-0.025807 -0.032508 -0.005117 -0.007613  0.02745   0.011251]
[ 0.009416  0.012107  0.051286 -0.015366  0.019727 -0.025116]
[-0.007808  0.046046  0.075899  0.035888 -0.008536 -0.007829]
[ 0.025109  0.021058  0.034927 -0.008713  0.00293   0.036515]
[ 0.075496  0.013006  0.046618  0.019007  0.015384 -0.007315]
[-0.024975  0.027255  0.022942  0.014732 -0.009882  0.001507]
[ 0.068443  0.077146  0.04246   0.025409 -0.05369   0.02101 ]
[-0.021868 -0.040841 -0.063595  0.004604  0.012237 -0.007053]
[ 0.046842  0.048453  0.069353 -0.000371  0.029969  0.006401]
[ 0.039584  0.027317  0.065797 -0.006041 -0.016542  0.006835]
[-0.044307 -0.02892   0.005969 -0.014464  0.011462  0.006144]
[ 0.059702  0.022094 -0.012492 -0.008299  0.003152  0.030376]
[ 0.020943  0.037881  0.021687 -0.014155  0.024427  0.003831]
[ 0.050942  0.067295  0.059942  0.004104 -0.010947 -0.022223]
[ 0.005335  0.007484  0.090276 -0.05306   0.051725  0.036555]
[ 0.067894  0.085998  0.08776  -0.001006 -0.001489  0.0143  ]
[-0.018016  0.033734 -0.064612 -0.049454  0.010742 -0.003669]
[ 0.045272  0.062607  0.074566 -0.000925 -0.011153 -0.01124 ]
[ 0.035831 -0.001514  0.033509  0.034763 -0.008137  0.026213]
[ 0.030361  0.080053  0.019515 -0.009378  0.02619  -0.042971]
[ 0.00037   0.073664 -0.007312  0.041157  0.033268 -0.011387]
[ 0.053044  0.079354  0.056156 -0.006703  0.016281 -0.015692]
[ 0.069361 -0.008429  0.088492  0.016515 -0.010529 -0.004358]
[ 0.054488  0.069442  0.076292  0.018266 -0.028407  0.004987]
[-0.028804  0.014056 -0.022994  0.014629  0.011522  0.01215 ]
[ 0.080103  0.023359  0.028327 -0.024902  0.01278   0.026969]
[ 0.069157  0.070877  0.090917  0.001471  0.007959 -0.028462]
[ 0.010367 -0.024374 -0.012737 -0.002838 -0.000463 -0.039615]
[ 0.101423  0.142438  0.151442 -0.019141  0.014189 -0.021293]
[ 0.06881   0.042537  0.096038  0.030583 -0.005322  0.001843]
[ 0.017442  0.020167  0.038628  0.034134 -0.021025  0.010563]
[ 0.070694  0.083989  0.082367  0.020397 -0.002308 -0.011756]
[ 0.030947  0.047639  0.032658  0.016781  0.020692  0.014189]
[-0.003078 -0.024448  0.007279 -0.018193 -0.001542  0.013912]
[ 0.063218  0.065358  0.060382  0.013382  0.008264 -0.013182]
[-0.020721  0.002816 -0.016355  0.001865  0.009916 -0.022212]
[ 0.080788  0.096036  0.037297  0.015546  0.029305 -0.01806 ]
[ 0.015814  0.090141  0.114841  0.058858 -0.02758   0.030451]
[ 0.024494  0.041726  0.026473  0.002956  0.029647  0.018133]
[ 0.034592  0.038904 -0.008491  0.012556  0.00123  -0.005092]
[-0.03967   0.065494  0.006508  0.037778 -0.010686 -0.016898]
[-0.004809 -0.008067  0.051553  0.024102 -0.00594   0.00715 ]
[ 0.012364  0.032759 -0.001856 -0.011831  0.036865  0.013085]
[ 0.036085  0.043854  0.073945  0.019883  0.012495  0.009548]
[ 0.002651  0.066285 -0.078438  0.016194  0.055932 -0.070692]
[-0.036232  0.032092  0.03278   0.022932  0.011107  0.00187 ]
[-0.009638  0.018192  0.006951  0.014852 -0.009667 -0.009183]
[ 0.052146  0.04404   0.091766  0.031422  0.005201 -0.004958]
[ 0.04886   0.049678  0.087583  0.012418 -0.017284 -0.022418]
[-0.018756  0.07336   0.072152  0.021433 -0.012146  0.008582]
[ 0.010197  0.016788  0.005949 -0.046011  0.006096  0.01255 ]
[-0.077064 -0.017763  0.040259  0.017935 -0.030483 -0.001733]
[ 0.016948  0.053721  0.048306  0.006378  0.013061  0.026876]
[-0.001236  0.007747  0.04611   0.016772  0.016872 -0.021477]
('Mean', 1, ': ', -0.0012355057414882465)
('Median', 1, ': ', -0.0012355057414882465)
('Variance', 1, ': ', 0.0)
('Mean', 2, ': ', 0.0077469967032976544)
('Median', 2, ': ', 0.0077469967032976544)
('Variance', 2, ': ', 0.0)
('Mean', 3, ': ', 0.04610959358511408)
('Median', 3, ': ', 0.04610959358511408)
('Variance', 3, ': ', 0.0)
('time: ', 13940.751098155975)
