“Running plot script on a single CPU core”
[ 0.18408   0.320599 -0.138066  0.010963 -0.479549  0.273088  0.332572
  0.320768  0.002313  0.179315 -0.154571 -0.494539 -0.200819  0.333153
  0.331336  0.329666  0.241328  0.113123 -0.880855  0.333206]
[ 0.328979 -0.236492  0.189564  0.256664 -0.571695 -0.030333  0.11792
  0.090181 -0.050161  0.064467  0.120813  0.32273  -0.287211  0.245666
  0.286089  0.202183  0.326673  0.209446  0.328095  0.264478]
[ 0.305672 -0.984019  0.214939  0.333117  0.048138  0.049623  0.326738
  0.333315  0.260759  0.191321 -0.899259 -0.425063 -0.751918  0.257859
  0.228463  0.171138  0.146155 -0.024743  0.209245 -0.07519 ]
[ 0.333299 -0.359348 -0.177474  0.264841  0.167898  0.237883  0.236886
  0.325672 -0.96732   0.332151  0.152284  0.269181  0.305804  0.319104
  0.299474  0.324969 -0.124139  0.33311  -0.999401  0.306922]
[ 0.317697  0.287553  0.328778 -0.687044  0.322951  0.331766  0.287811
  0.182174  0.331656 -0.429135  0.32742   0.301267  0.109265  0.281724
  0.2921   -0.44492   0.326232  0.289246  0.281978  0.327305]
[ 0.223458  0.325717  0.301862  0.323685 -0.278147  0.16707  -0.296148
 -0.207648  0.26471   0.145591 -0.066866 -0.394372 -0.143748  0.328464
 -0.770979  0.32503   0.315027 -0.581468 -0.136989  0.288337]
[ 0.212068  0.156023 -0.11739  -0.96259   0.187015  0.186539  0.091583
  0.296864  0.284139  0.139182 -0.92163  -0.870143 -0.050458  0.26974
 -0.125562 -0.004153 -0.619416  0.174492  0.326061 -0.322323]
[ 0.15302  -0.376712  0.322238  0.215453  0.303197 -0.792858 -0.245316
 -0.99318   0.333321  0.275386 -0.317521  0.288421  0.318623 -0.788553
 -0.7261   -0.039142  0.233188  0.326919  0.282607  0.262873]
[ 0.137813  0.329224 -0.951461 -0.096836  0.31045   0.165771 -0.459527
  0.331871  0.030101  0.061621  0.07324   0.302097 -0.369335  0.244526
  0.259098 -0.283281  0.327743 -0.541227  0.159192 -0.725105]
[ 0.326892  0.317509 -0.024085  0.311573  0.287295  0.313553  0.282443
  0.267237 -0.991841  0.291811  0.230896  0.332586  0.206822  0.229574
  0.189327  0.298792 -0.850945  0.190385  0.204368  0.324626]
[ 0.126086  0.304686 -0.902997 -0.091431  0.165577  0.064386  0.237326
  0.33329   0.324525  0.162792 -0.106781  0.290133  0.18398   0.155785
  0.333333 -0.028667 -0.882086  0.219438 -0.619851  0.17701 ]
[ 0.325073  0.331886  0.235172  0.312995 -0.033454  0.11794   0.184733
  0.183866  0.306891  0.17448   0.097438  0.183539  0.23924   0.224914
 -0.249791 -0.889898 -0.057746  0.154955 -0.210666  0.265479]
[-0.943288  0.329812  0.332401 -0.044956  0.278601  0.282135  0.300602
  0.263057  0.258187 -0.490911  0.324097  0.02573  -0.684277  0.033604
  0.327483 -0.477935  0.287074 -0.998221 -0.157872  0.322484]
[ 0.143103 -0.704804  0.312475 -0.05842  -0.480912  0.315322 -0.339515
  0.139078  0.31476  -0.965542  0.30234   0.267021  0.332809 -0.027879
  0.332133  0.044276  0.135351  0.180815  0.277782 -0.377693]
[-0.294037  0.300735 -0.022764  0.248559 -0.667554 -0.838883  0.331403
 -0.439698  0.24984  -0.848615  0.04196  -0.230771 -0.901086  0.215439
  0.150306  0.234981 -0.539508  0.250583  0.121273  0.244986]
[ 0.305731  0.312793 -0.011994 -0.163038  0.163871  0.287274 -0.988871
 -0.113201  0.284457  0.076143  0.057565  0.294139  0.037595 -0.539173
  0.147016  0.322562  0.236302  0.328353  0.194209 -0.029818]
[ 0.239117  0.265061  0.264823  0.136269  0.313689 -0.70034   0.329831
  0.326991  0.315129 -0.144344  0.326385  0.057085 -0.739287  0.070837
  0.330571 -0.18422   0.301451  0.318779  0.310332  0.305499]
[ 0.276906  0.212736  0.277386  0.130817  0.331901 -0.785439  0.293915
  0.30414   0.261836 -0.9987    0.28178  -0.055269 -0.670983  0.31132
 -0.322759 -0.913339  0.132218 -0.978698  0.186677  0.16859 ]
[ 0.32613   0.252832  0.149301 -0.68323  -0.104501 -0.235813 -0.044339
  0.236382  0.125423  0.301641  0.153529 -0.101135  0.223177  0.117602
  0.161084  0.010354  0.278925 -0.203948  0.22826   0.121067]
[ 0.320972  0.210005 -0.204759 -0.172139 -0.390006  0.037759 -0.954086
  0.306103 -0.885564  0.329126 -0.259164 -0.976956 -0.244578  0.091802
 -0.040159  0.289624  0.317755  0.320705 -0.946717  0.142532]
[-0.990337 -0.015844  0.295787 -0.55315   0.228884 -0.175908  0.316732
 -0.494684 -0.581218 -0.206305  0.323839 -0.709614 -0.314014  0.261922
 -0.30343   0.326927  0.124442 -0.201173 -0.063297  0.112128]
[ 0.243514 -0.524087  0.001866 -0.217465  0.305937  0.312808 -0.657212
 -0.67291   0.285558  0.0907    0.324871 -0.171841  0.310077  0.138359
 -0.792029 -0.028729  0.178816  0.325021 -0.945047  0.171486]
[ 0.314276  0.309221  0.134569 -0.272319  0.331896  0.330047  0.313917
 -0.54867   0.332604  0.146384  0.324735  0.270842  0.307767 -0.663708
  0.297085 -0.900705 -0.981556  0.009566  0.328005 -0.994159]
[ 0.328073 -0.807223 -0.978649  0.245901  0.33328   0.25122  -0.186516
 -0.799813  0.333051  0.069412 -0.049514 -0.705706  0.097686  0.324514
  0.306099  0.064919  0.13045   0.253004 -0.031732  0.040958]
[-0.346846  0.160658  0.303864 -0.984933  0.321659  0.313103  0.33218
 -0.077671  0.128911  0.267924 -0.267811  0.294833  0.265534 -0.210673
  0.323022 -0.034739 -0.532152 -0.262968  0.294302 -0.038326]
[-0.801166 -0.266654  0.316642  0.312384 -0.808357  0.231316  0.254125
  0.264508  0.199181 -0.123339  0.123265  0.322892  0.218951 -0.272938
 -0.991236  0.005167  0.218363  0.195369  0.277569  0.02351 ]
[ 0.333327  0.204361  0.330335  0.227378 -0.074515  0.28223   0.278873
  0.19433  -0.669496  0.256638 -0.881547  0.273839 -0.999617 -0.323007
  0.188358  0.069109  0.214468  0.278793  0.298304 -0.633539]
[ 0.217326 -0.185393  0.328714 -0.101376 -0.341837 -0.1644    0.187496
 -0.469333 -0.38607  -0.078775 -0.586583  0.122288  0.332504  0.094393
  0.289539 -0.040103  0.292828 -0.391546  0.325358  0.331854]
[-0.63605   0.180136  0.280431  0.066227  0.287644  0.265347  0.330652
  0.32329   0.23672   0.275656  0.217542  0.330979  0.245858  0.226705
  0.312836  0.26901   0.323228  0.291114 -0.053529  0.331745]
[ 0.03468   0.253423 -0.160322  0.238205 -0.980497  0.315728  0.283601
  0.316156  0.256367 -0.999323 -0.987311  0.134883  0.301862  0.263559
 -0.009235 -0.100004  0.333329 -0.763178  0.23181  -0.011937]
[ 0.323909  0.258805 -0.453234  0.242337  0.324611  0.172213  0.268304
  0.330108  0.183012  0.018816  0.255388  0.182015  0.30455  -0.504776
  0.070493  0.272605 -0.127171  0.177247  0.3048    0.117159]
[ 0.001617 -0.357467  0.042007  0.229428  0.060637 -0.802733  0.040288
 -0.06369   0.226028  0.173637  0.103853  0.297864 -0.328562 -0.132352
 -0.272505  0.185396  0.330636  0.230074  0.173888  0.227673]
[ 0.303815 -0.236172 -0.106531 -0.681688  0.297856 -0.109588  0.23846
  0.324799  0.153838  0.077221  0.023468  0.332759  0.326469  0.065764
  0.313004  0.312469  0.328686  0.144931 -0.020678  0.040875]
[ 0.310168 -0.072959 -0.582173  0.328059 -0.24528   0.184601 -0.285623
 -0.965722  0.326074  0.13944  -0.988846  0.315609  0.104796  0.255296
 -0.953415  0.256501  0.02465   0.290853  0.28528   0.143685]
[ 0.119211 -0.294998  0.257129  0.332677 -0.98391  -0.884626  0.160164
 -0.958761 -0.56732   0.297589  0.103503  0.168456  0.276888  0.333061
 -0.080952 -0.492195  0.297392  0.319597  0.271557 -0.680596]
[ 0.015964  0.183048 -0.900389  0.06684   0.212517 -0.308214  0.224584
  0.326781  0.333327  0.321943 -0.224044  0.329748  0.333206  0.099988
 -0.321884 -0.803681 -0.572155 -0.221233  0.332519 -0.569709]
[ -5.907703e-01  -3.153135e-01   2.735003e-01  -5.480221e-01  -5.020374e-01
   3.080780e-01   1.585295e-01   3.160457e-01   3.248695e-01   3.250038e-01
   2.030479e-04   1.356434e-01  -6.142826e-01   2.787386e-01   2.790004e-01
  -2.647189e-01  -5.785874e-02   2.374063e-01   2.040359e-01   3.326282e-01]
[ 0.326214  0.215506 -0.337713 -0.007662  0.320199  0.08179   0.131853
  0.244874  0.308137  0.197443  0.106372  0.193344 -0.718176 -0.718913
  0.324062 -0.645613  0.325614  0.290409  0.320316  0.282709]
[-0.5801    0.320313  0.212022 -0.328426 -0.275144 -0.011112  0.332248
  0.292621  0.328424  0.270992  0.112727  0.282642  0.015694  0.169394
 -0.059346 -0.703785  0.161888  0.129489  0.268823  0.067565]
[-0.711958  0.327612  0.330621  0.198474 -0.206975 -0.332735  0.122147
 -0.172087  0.253003  0.252885 -0.434234 -0.041197 -0.189542 -0.885753
  0.168216 -0.21736   0.10473   0.314456  0.308775  0.195949]
[-0.938483  0.277403  0.268721  0.248661  0.318389  0.052658  0.236992
 -0.857195  0.110331 -0.765299  0.33328  -0.185165 -0.385371  0.262965
  0.048527  0.208011 -0.563958  0.043058 -0.761702  0.266567]
[  2.490265e-01   3.145389e-01   1.468207e-01   6.060983e-02   2.092735e-01
  -4.271566e-01   3.115526e-01  -9.393131e-01  -5.672105e-04   6.082081e-02
  -7.718289e-01  -9.939647e-01   3.266324e-01   2.311654e-01  -9.741198e-01
   1.345705e-01  -9.111169e-01   1.379656e-01   3.329187e-01  -6.771486e-01]
[ 0.275689  0.330533  0.331857  0.22532  -0.131441  0.197626  0.232213
  0.02243   0.315893 -0.326426 -0.999838  0.265029  0.333201 -0.945167
 -0.001138  0.325404  0.330059 -0.712186  0.31177  -0.183321]
[-0.021648  0.067378 -0.427551 -0.833018  0.321267  0.327978  0.067656
 -0.065806 -0.615765  0.328206 -0.011983  0.257676  0.074554 -0.300384
  0.325866 -0.282122  0.316887  0.290211  0.333208  0.161442]
[-0.526735  0.216711 -0.187006  0.321858 -0.113576  0.294093  0.233756
  0.047608 -0.999949 -0.880084  0.125073 -0.678535 -0.659646 -0.660987
  0.333164 -0.422047  0.242515  0.327519 -0.08996   0.291556]
[ 0.269602  0.322823 -0.804191  0.333325  0.273949  0.024351  0.302977
  0.204824  0.206934  0.33325  -0.708628  0.327563  0.330872 -0.095325
  0.324772 -0.435465  0.291134 -0.943143  0.228167  0.053662]
[  1.425440e-01   6.300222e-04  -2.196908e-01   3.328411e-01   1.089758e-01
  -1.362372e-01   2.569115e-01  -9.846288e-01  -2.634582e-01   4.404027e-02
   2.379134e-01  -2.131952e-01  -9.304530e-01   2.983649e-01   3.001731e-01
  -9.449694e-01   8.380870e-02   3.205582e-01  -3.012293e-01   2.593345e-01]
[-0.335947  0.142708  0.332957  0.255694  0.307026 -0.063034 -0.831291
  0.22026   0.283158  0.044655 -0.761407  0.134254  0.303511  0.158467
  0.330212  0.315912  0.330253  0.329474  0.327694 -0.261289]
[ 0.306101 -0.106789  0.216339  0.333017  0.12964   0.099259 -0.380094
 -0.002916  0.323636 -0.218552  0.010597 -0.892167  0.327537  0.300553
  0.302366 -0.552476  0.157328 -0.136875 -0.788678 -0.881347]
[-0.666852  0.31289  -0.762333  0.122571 -0.181244  0.256947  0.069056
 -0.918017 -0.878958 -0.818797  0.293095  0.134653 -0.261155  0.072829
  0.323077  0.210102  0.224863  0.289672  0.203946  0.304768]
[ 0.332867  0.305534 -0.537443 -0.819852 -0.984491  0.251181 -0.970949
  0.331596 -0.38531  -0.252136 -0.771597 -0.493613  0.230712  0.329528
  0.118614 -0.836055 -0.370599  0.222165  0.289756  0.147284]
[-0.248233  0.315144  0.327055  0.328622 -0.038724  0.232118 -0.879352
  0.264429  0.312338 -0.457143  0.32387   0.228268 -0.100196  0.326777
 -0.801297  0.212741  0.136319  0.227926 -0.958504  0.330314]
[ 0.322066  0.21047   0.15727  -0.18045   0.322202  0.040323  0.155142
 -0.203311  0.140318  0.25134   0.214335  0.198887  0.126048  0.112231
 -0.093129  0.31441   0.243833  0.318157  0.157955 -0.344726]
[ 0.294824  0.282578  0.121365  0.326903  0.271624  0.106103  0.327349
  0.025307  0.160064  0.27668   0.236665 -0.864008 -0.836659  0.267248
  0.172915  0.073489  0.309096 -0.449854 -0.152383 -0.884943]
[ 0.329287 -0.936461 -0.235752  0.063858  0.231497  0.286617 -0.367286
  0.303205 -0.20396   0.091788  0.194658  0.26969  -0.572148  0.258608
  0.116309 -0.255157  0.272491  0.26364  -0.999347  0.274229]
[-0.79196  -0.991592  0.199595  0.075497  0.179145  0.095925  0.302208
  0.113942  0.302193 -0.252546  0.322476 -0.099516  0.331701 -0.996798
  0.217172  0.265257 -0.488158  0.30052   0.128368 -0.581064]
[ 0.323604 -0.459974 -0.218354 -0.064736  0.009068 -0.996307  0.280156
 -0.940559 -0.97228   0.007953 -0.104173  0.307162  0.146601  0.333283
  0.319064 -0.063349  0.329844  0.320141  0.325114 -0.954928]
[ 0.152505  0.29828   0.026885  0.26643  -0.152465 -0.097281 -0.155343
  0.332531 -0.197513 -0.048506 -0.19933  -0.328186 -0.048696 -0.762327
  0.233204  0.165912  0.308685 -0.011632  0.323582  0.275617]
[-0.207801  0.279979 -0.975778  0.328273 -0.137376  0.129054  0.325418
 -0.043857 -0.208069 -0.705305  0.317561  0.253913  0.271972 -0.180733
  0.116705 -0.121262 -0.78864  -0.861787  0.331766 -0.795605]
[ 0.331573  0.297813  0.322018 -0.450279 -0.395591  0.32768   0.14112
  0.310302  0.277003  0.219679  0.065069  0.175707 -0.618278  0.234702
 -0.305736  0.12771  -0.835224  0.221753 -0.669973 -0.694093]
[ 0.081578 -0.008964 -0.158565 -0.860038 -0.658216  0.254428  0.266298
  0.265191  0.231727  0.332585 -0.026246  0.039881 -0.997877  0.107371
 -0.669116  0.084523 -0.748437  0.29086   0.13821   0.181146]
[-0.215337 -0.66362   0.305121 -0.997411  0.286705 -0.410497  0.266504
  0.300892  0.290139  0.140709  0.315161  0.26996   0.176449  0.089411
  0.332181  0.325804  0.331824  0.058211  0.039969 -0.386476]
[ 0.054336  0.276673  0.239029  0.288745 -0.013294  0.090432 -0.937177
  0.284773 -0.089855  0.330863  0.187744  0.110216  0.14125  -0.506828
  0.235523 -0.27838  -0.95437   0.305968 -0.117797 -0.162173]
[ 0.072397 -0.039832  0.329655  0.297326 -0.959841  0.32356  -0.518694
  0.309457  0.16793   0.331474  0.306178  0.049446  0.326675 -0.238677
  0.221312  0.009304  0.323561 -0.020708 -0.100216  0.293994]
[ 0.233107  0.060591  0.078923  0.31078   0.328411 -0.715042 -0.207787
  0.32193   0.325228  0.186046  0.217379 -0.482141  0.306195  0.17854
 -0.712958  0.162085 -0.637174  0.199293  0.331041 -0.295927]
[ 0.199359 -0.072488  0.30091  -0.836116  0.021984 -0.357183  0.333331
 -0.362056  0.250027 -0.846313 -0.019074  0.322238  0.324439 -0.45088
 -0.398708  0.319591  0.282464  0.221132 -0.995418 -0.048072]
[ 0.332182 -0.841365  0.323245  0.333301  0.170791  0.187565  0.222478
  0.192907  0.017606 -0.566851  0.319826  0.279452  0.077103 -0.99512
  0.269146  0.299314  0.079507 -0.097403  0.303585  0.331296]
[ 0.264257  0.036691  0.252523  0.302574 -0.99887  -0.212438 -0.104715
  0.08986   0.332878  0.193954  0.202718  0.299313  0.235222  0.140781
 -0.159958 -0.017459  0.199634 -0.936803  0.073299  0.324125]
[ 0.004795  0.331651 -0.54731  -0.228672 -0.996328 -0.138568  0.256954
  0.266328 -0.776624 -0.551636 -0.594509 -0.554887  0.311483 -0.126455
  0.326773 -0.358144 -0.553613  0.160441  0.280955 -0.606202]
[ 0.278391  0.198132  0.144447  0.312371  0.298537 -0.047505  0.322522
 -0.367699  0.314333  0.232889 -0.220593 -0.305103  0.009575  0.3277
  0.17225   0.296334 -0.900066 -0.509854  0.330509 -0.197205]
[ 0.254747  0.23462   0.190342  0.152317  0.140131 -0.615399  0.01614
  0.180344 -0.87438   0.316017  0.333215  0.311803  0.310927  0.319825
 -0.546775  0.308896  0.332528  0.275122  0.091045  0.321019]
[ 0.14583   0.33017   0.323575  0.328797  0.088633  0.299688  0.162035
  0.166804  0.322251 -0.043659 -0.011762 -0.622701 -0.914752  0.045447
  0.165528  0.330924 -0.961915  0.270058  0.173517  0.328579]
[ 0.082955  0.206992  0.171982  0.320015 -0.657947 -0.998247  0.323596
  0.177631  0.332815  0.192029 -0.468435 -0.196536  0.070581  0.310377
  0.313053  0.309104  0.054996 -0.53664   0.331957  0.101181]
[ 0.276748 -0.022103  0.333117 -0.572224  0.275886  0.19332   0.295248
 -0.007341  0.324803  0.236303  0.31837   0.246168  0.332687 -0.259132
  0.221346 -0.875979 -0.129308 -0.394112  0.102563 -0.299321]
[ 0.272434  0.284725  0.320194  0.296299  0.263897  0.217563 -0.880382
 -0.114868  0.13276   0.333093  0.293758  0.300972 -0.527841 -0.318975
  0.182586  0.328301 -0.075077  0.136372  0.093775  0.04463 ]
[ 0.225964  0.159759 -0.9993    0.273944 -0.141709  0.069192 -0.581535
 -0.337477 -0.304368  0.247409 -0.022263 -0.759127 -0.20253   0.143001
 -0.031779 -0.286952 -0.366735  0.291547  0.302774  0.313627]
[-0.194787  0.320294  0.315946 -0.745044  0.128841  0.310441  0.161449
  0.076779  0.222593 -0.540481  0.173071  0.059959  0.298584 -0.201056
 -0.001807  0.013228 -0.298403  0.041542 -0.898895  0.246969]
[ 0.328534 -0.056686  0.333332 -0.40021   0.139178  0.277355  0.236819
  0.188493 -0.954143  0.328769  0.130974  0.29422   0.330272  0.214078
  0.327583  0.250034 -0.488314  0.057172 -0.195082  0.326628]
[ 0.320058  0.306864 -0.114045  0.312268  0.126415 -0.073279 -0.203764
  0.150425  0.244658  0.20762   0.16247   0.292525  0.196636  0.329402
  0.311223  0.224677 -0.722637 -0.032482 -0.666687 -0.299311]
[-0.244225  0.205932  0.258608  0.050698  0.139337  0.29817   0.308107
 -0.285396 -0.731616  0.333333  0.209744  0.250351  0.327146 -0.323479
  0.297255 -0.574482 -0.363446  0.311265 -0.517717  0.221375]
[ 0.209187  0.327441  0.008238  0.310447  0.120104  0.328708  0.286936
  0.171012 -0.046461  0.130526 -0.201787  0.238967  0.161593 -0.821714
 -0.496916  0.259556 -0.358411 -0.039412 -0.221379 -0.699729]
[ 0.258467 -0.058451  0.320978 -0.609091 -0.105679  0.331191  0.048444
  0.027733  0.229553  0.139247  0.211485 -0.761618  0.315869  0.314135
 -0.996892  0.20498   0.161708  0.226928 -0.289393  0.25221 ]
[-0.897563 -0.316013 -0.704994  0.144154  0.20338   0.331289  0.184634
 -0.226376  0.270526  0.234809  0.265434 -0.964461  0.195681  0.229192
 -0.10968   0.07986   0.323832 -0.371323 -0.994704 -0.341493]
[ -8.876158e-01   1.550686e-01  -9.621480e-02  -9.235221e-01   3.021893e-01
   3.320318e-01  -4.367344e-01  -1.964847e-01   3.302345e-01   3.333280e-01
   3.171242e-01   2.537072e-01   1.245707e-02   3.271706e-01   1.800281e-01
   3.289185e-01   2.708632e-01   3.013445e-01  -5.586083e-01  -8.585793e-04]
[-0.960689  0.324611  0.33033   0.329446 -0.506354 -0.805676  0.26573
  0.274455  0.317994  0.118081 -0.491555  0.319673  0.128017  0.329113
  0.266443  0.027513  0.326892  0.166651 -0.122297  0.195256]
[-0.080676  0.273363  0.152133  0.315735  0.298279 -0.392815  0.310776
 -0.068927 -0.572975 -0.011866 -0.292738  0.191494  0.276713  0.022216
  0.242714  0.328496 -0.60903   0.031997 -0.116204  0.120048]
[ 0.088885 -0.894854  0.296574  0.239809 -0.097442  0.099296  0.332181
  0.248796  0.325074 -0.622554  0.231899 -0.433622  0.328656  0.313892
 -0.300174 -0.043736  0.171645  0.317597  0.331135  0.330875]
[ 0.285276 -0.033473 -0.746506  0.064024  0.029473  0.199209 -0.715951
 -0.284928  0.185563 -0.323825 -0.448254  0.153795  0.280073  0.286969
 -0.264049 -0.821348  0.070437  0.330536  0.324183 -0.157996]
[ 0.278588  0.304047  0.333333 -0.082341  0.151102 -0.598439  0.325136
 -0.905977  0.079044  0.333221  0.333273 -0.46582   0.24954  -0.371377
  0.198863 -0.553948  0.306402 -0.230258 -0.375039  0.252427]
[ 0.128561  0.317943  0.268962  0.297078  0.328926  0.130883  0.227729
 -0.871583  0.3076    0.183537  0.28343   0.070816  0.32389   0.020643
  0.219225 -0.510003  0.032437  0.24903   0.061871  0.274627]
[-0.138268  0.281349 -0.147618  0.332715  0.308321  0.333309  0.287616
 -0.222011  0.193391  0.195496  0.207333  0.331821  0.288349  0.128989
 -0.334104  0.333234  0.278467 -0.151745 -0.422118 -0.064575]
[ 0.052022  0.330363 -0.044274  0.331739 -0.446151  0.149587 -0.817944
  0.321976  0.250359 -0.485668  0.264743 -0.163754  0.231287 -0.914003
 -0.023643  0.185487  0.024574  0.240901  0.333333 -0.990301]
[ 0.062568 -0.017141  0.322409  0.315822  0.304823  0.079355  0.253475
  0.241942 -0.20834   0.322405 -0.186657  0.302647  0.322258  0.315878
  0.131805  0.230166 -0.724897  0.145684  0.255477 -0.665821]
[ 0.331627  0.140322  0.231245  0.333323  0.073734  0.010825  0.283144
  0.250492 -0.075367  0.325749 -0.065749  0.061028  0.282519  0.315627
  0.006106  0.269945  0.290822  0.080127  0.177518 -0.239298]
[ 0.296473  0.282736  0.109315  0.324625  0.121251 -0.166705 -0.876209
  0.047791  0.122856  0.332978  0.253992 -0.393053 -0.195882 -0.958622
 -0.20315   0.307951  0.304083 -0.0746   -0.151903  0.33189 ]
[ 0.316986  0.332797  0.309588  0.328314  0.27226  -0.969468  0.166231
 -0.972052  0.04829   0.32428   0.033207  0.326447 -0.778748 -0.070531
 -0.184978 -0.002312  0.276992 -0.048039  0.114283  0.328782]
[ 0.271585 -0.948655 -0.0386    0.235529  0.134066 -0.176536  0.304116
 -0.999941  0.239959  0.304367  0.217838  0.320144  0.279334  0.270837
  0.319991  0.078045  0.329247  0.321335 -0.999905  0.074381]
[-0.509656  0.333272  0.303459 -0.681298  0.276329  0.327402  0.23747
  0.244196  0.100339  0.332718 -0.241427  0.315489 -0.944762  0.241119
  0.143326 -0.00387  -0.130624  0.320075  0.123455 -0.974893]
[-0.043772 -0.862441  0.330952  0.287036  0.330458  0.181875 -0.040101
  0.143255  0.204068  0.326633  0.267433  0.307041  0.300755  0.248088
 -0.161674  0.291581  0.223067 -0.501747 -0.259935  0.333021]
[ 0.12862  -0.289743 -0.98807   0.28745  -0.17521  -0.254754 -0.347592
  0.028834  0.333298  0.163174 -0.261449  0.320949  0.280721  0.330031
  0.308665  0.159909  0.127344  0.332351  0.257131  0.328284]
[0.038909383029971295, 0.092844427780613081, 0.025040117441695819, 0.051770595051023327, -0.0033503904250637428, 0.010224676903989371, 0.011591479349200517, 0.025445400164932075, 0.048226741887916355, -0.0045749406369750001, -0.029210409107179008, 0.012281181004222652, 0.023284924862394307, 0.0016467704588171983, -0.021271683451790369, -0.0054463184222838801, 0.079754862167167873, 0.053255482563620449, 0.0080953744981334674, -0.12534331394897813, 0.019694613919577719, 0.0056855045105101698, 0.091384003835654343, 0.0094349485638647868, 0.0092956003677963639, 0.012146223656991806, 0.025556384697008938, 0.12415825244843141, 0.05055746740903011, 0.043350403603634444, -0.043034755338819397, 0.018309827202969517, -0.066738174939182437, -0.0048477783512836936, -0.018178554407303732, -0.00031137154799232986, -0.00097282891031968965, 0.035227748086642863, -0.017304347331528414, -0.013849442273806134, -0.051393110819753063, 0.0071880214422127553, 0.055968864455029133, 0.032687050113650806, -0.020200911903869745, -0.033075281303855786, -0.0012608644307644246, -0.0007765916759419067, 0.038498261013979185, 0.00097247753400508952, 0.091965903740650418, -0.01404456315344127, 0.031845531732613619, 0.10908259551441216, 0.04740951505113844, -0.010980860236774692, 0.040381558451164146, 0.055063666013953086, 0.010555328133188768, -0.012870621518783654, 0.039136058082788146, -0.02154127855833704, 0.022086539066278943, -0.041754628676235528, -0.033217245262028655, 0.038385735476501787, 0.0074827172082436721, 0.023789239093834624, 0.0037493448925047445, 0.047787686736695117, 0.0077848719186760229, -0.020080867605279357, -0.0082187119157349359, 0.0054876452124165143, 0.032417456346120394, -0.01056545089182509, -0.00027647290642118794, 0.022723288156053567, 0.061506385742108927, -0.01320474105785191, -0.0061791001351484687, -0.039821259657916941, 0.013777074638035236, -0.03464216375637863, 0.079612751958039518, 0.031341706041043443, -0.037441023198918941, 0.045863873180095799, -0.0090506101156132557, -0.029126056997874766, 0.029966901817953057, -0.0045730908944906432, -0.0075020923479172941, -0.019217032095616093, -0.017581809733228537, 0.063544625658651266, 0.034511676187452045, -0.042065364223176915, 0.014599576756498409, -0.0076807489834384846]
('time: ', 7710.725368976593)
