“Running plot script on a single CPU core”
[ 0.061364 -0.277178  0.332208  0.180625 -0.560725  0.106961 -0.14278
 -0.808554  0.298804 -0.008357  0.194533  0.052521  0.331935  0.223252
  0.26923   0.323937  0.331474  0.228956  0.116717 -0.179713]
[ 0.283447 -0.120468  0.333304 -0.025583  0.304239  0.014345  0.331859
  0.261459  0.087153  0.310805  0.330797  0.286978  0.246962  0.014075
 -0.897724 -0.928613 -0.934142  0.29787   0.099833  0.2026  ]
[-0.030326  0.225212  0.263975 -0.986921  0.326108  0.326033  0.326157
  0.332528  0.115511  0.078987  0.309983 -0.219368  0.210807 -0.049343
  0.289349  0.298492  0.174411  0.327362  0.200647  0.217782]
[ 0.310754  0.314892 -0.275249 -0.445641  0.333311  0.332806  0.047461
  0.319392 -0.850592  0.333329  0.308845  0.327519 -0.998317 -0.27659
 -0.871612  0.186392  0.331823 -0.228464  0.085986  0.212374]
[ 0.16865  -0.061294  0.321926 -0.33202   0.126845 -0.711751  0.333312
  0.016802 -0.023826 -0.266335 -0.120449  0.330455 -0.321902 -0.237626
  0.333097  0.324293  0.324466 -0.897299 -0.473995 -0.537811]
[ 0.222203  0.317437  0.202918  0.311461 -0.553685  0.073106  0.288637
  0.297184  0.062572  0.08693   0.332772  0.296923  0.13935   0.310629
  0.214033 -0.002992  0.229908  0.264547  0.308811  0.294112]
[ 0.274785  0.291803  0.065486  0.330475  0.151033 -0.705534  0.245577
  0.038744  0.062342  0.168299  0.323427  0.058304  0.130511  0.330772
  0.332326  0.064018  0.315019 -0.580971  0.092684  0.319999]
[ 0.200834 -0.7156    0.305874  0.305477 -0.117544  0.277341  0.244007
  0.141261  0.236684  0.18336  -0.216905  0.333269 -0.352229  0.303356
  0.309394 -0.481682  0.282117  0.317487  0.196627  0.037161]
[-0.569941 -0.026835 -0.856359  0.30338   0.285788 -0.040954 -0.559404
 -0.250691 -0.479691  0.328355  0.237805  0.228843  0.33248  -0.655041
 -0.267765  0.276135  0.329846  0.314017  0.146602  0.28198 ]
[-0.337705  0.324593  0.26486  -0.246332 -0.492347 -0.581273  0.130687
  0.213923 -0.011522  0.22499  -0.877299 -0.828381  0.060955  0.221511
  0.306636  0.333212 -0.611858  0.310808  0.024259  0.332484]
[-0.116835 -0.164186  0.215991  0.297728 -0.538324  0.323173  0.059914
 -0.970688 -0.134842  0.177972 -0.368565 -0.985373 -0.52009   0.325999
 -0.991617  0.265636  0.221077  0.319904  0.33331  -0.010238]
[ 0.312845  0.332582  0.263048  0.1082    0.32807   0.320799  0.194879
  0.333202  0.332659  0.240037  0.159891  0.298763  0.224741  0.136746
  0.332588  0.331634 -0.431452  0.328797  0.311068  0.321542]
[-0.482942  0.065713  0.326143  0.290547  0.01655   0.324564  0.293253
 -0.371207  0.333115 -0.990835  0.325641 -0.778596 -0.952659 -0.348824
 -0.838884  0.320785  0.121655  0.281137 -0.087441 -0.232542]
[ 0.193318  0.042088 -0.987472 -0.34579   0.180814 -0.956678  0.254945
  0.255076  0.308002  0.259881  0.070431  0.267579 -0.156846  0.317665
  0.332166  0.055589  0.266816  0.333292  0.222953 -0.202534]
[-0.008597  0.226271  0.292092 -0.762669  0.296392  0.330201 -0.091355
 -0.108129  0.332713 -0.742358  0.182891  0.244374  0.325902  0.121956
  0.02167   0.310695  0.267597 -0.055463  0.314093  0.331946]
[ 0.210709  0.263932 -0.876538 -0.043271  0.310038  0.310688 -0.987846
  0.22964  -0.447347 -0.347056 -0.975124  0.238919 -0.325706  0.251984
 -0.052121  0.331515  0.300804  0.200801  0.227371  0.298402]
[ 0.305455  0.096312 -0.167338  0.319925  0.33329   0.32457  -0.443124
  0.192983 -0.115587  0.010144  0.274927 -0.903073  0.294767 -0.99787
  0.184931 -0.161171 -0.244884  0.150606  0.285173  0.31027 ]
[ 0.088006  0.105914  0.086987 -0.176304  0.260841 -0.723544  0.332703
  0.293379  0.05041   0.053316 -0.699847  0.177696  0.12182  -0.067737
  0.331947  0.223142  0.302077 -0.768287  0.323228  0.328514]
[-0.157004  0.314799 -0.970447  0.128118 -0.420528 -0.254815 -0.915331
  0.307198 -0.009389 -0.12708  -0.32022   0.332914 -0.576602  0.188854
  0.306193 -0.360319  0.202009  0.333267  0.325203  0.162803]
[ 0.333194 -0.387403 -0.182299  0.333005  0.201282  0.251116 -0.005655
  0.143675  0.329902  0.327807 -0.052181 -0.965564 -0.156725  0.329134
  0.31144   0.32666  -0.973918 -0.12549   0.164415  0.316871]
[ -9.998176e-01   3.175842e-01   3.246849e-01   3.270225e-01   3.303794e-01
   1.871184e-01   1.856441e-01   1.733641e-01   9.969139e-02   3.292585e-04
  -9.755102e-01   2.270597e-01  -8.910283e-01   8.369983e-02   2.514454e-01
   2.591633e-01   7.546415e-02  -3.438085e-01  -7.403772e-01  -3.759977e-01]
[-0.178154  0.039491  0.158277 -0.962571 -0.762264  0.200735  0.196044
  0.32307   0.309412  0.296098  0.3231   -0.55998   0.195019  0.256253
  0.321602  0.318849  0.32263  -0.976584 -0.343661  0.332673]
[ 0.326835  0.2578   -0.34062   0.333329  0.207341  0.332427  0.244433
 -0.99281   0.294036  0.286803  0.235951  0.222499 -0.791969 -0.567838
  0.112079  0.331516  0.301211  0.278789  0.177704  0.098206]
[ 0.302684  0.285691  0.00987   0.07942   0.331486 -0.842051 -0.884571
  0.305882  0.317726  0.250746  0.197582  0.330563  0.024448 -0.741966
 -0.220136 -0.965693 -0.555935  0.306686 -0.981346  0.309392]
[ 0.249166 -0.12471   0.248597  0.239081 -0.172188  0.299687 -0.976004
  0.329861 -0.266143 -0.853698  0.2913    0.231774 -0.40746   0.192525
  0.329277 -0.085618 -0.611778  0.24368  -0.769201  0.328742]
[ 0.187362  0.332938  0.044094 -0.837712 -0.994202 -0.483499  0.263807
  0.126733  0.3204    0.006081  0.180866 -0.665051 -0.227448  0.175708
  0.329046  0.249381  0.30641   0.33028  -0.507126  0.28235 ]
[ 0.305715  0.291022  0.326518 -0.815482  0.31573   0.287452  0.217357
 -0.026586  0.033107  0.324931  0.261397  0.319247  0.327028 -0.077759
  0.16789  -0.70496   0.293332  0.331399 -0.033091 -0.09459 ]
[ 0.087462  0.298219  0.163496 -0.624626 -0.46441  -0.581097  0.252253
  0.261829  0.30496   0.116895 -0.033413  0.202135 -0.732484 -0.597957
  0.288156  0.112998  0.204042 -0.889081  0.186522  0.262369]
[ 0.314362 -0.573656  0.332994  0.322571 -0.11783   0.332539  0.165526
  0.034914  0.262603  0.231026 -0.30173  -0.387528 -0.690429 -0.115331
 -0.011466  0.166721  0.07201  -0.470975  0.294442 -0.217847]
[ 0.226487  0.123315  0.237718  0.291359 -0.875467 -0.018168  0.281435
  0.324103  0.332423  0.313051  0.072875 -0.591558  0.331173  0.115756
 -0.914802 -0.349682  0.276947  0.33304   0.33287  -0.922071]
[-0.936334  0.052675 -0.121347  0.175505  0.081427  0.215314 -0.31295
  0.219433 -0.137219  0.221826 -0.13306   0.232911 -0.723712 -0.537046
  0.269915 -0.520264  0.091833  0.290642 -0.407043 -0.466858]
[-0.526027 -0.338237  0.15999   0.31895  -0.179359 -0.573697  0.293736
  0.072249  0.332342 -0.842804  0.316932  0.297742 -0.430611  0.092932
  0.075338  0.123956  0.281701 -0.905565 -0.745888  0.145427]
[-0.742353  0.235108 -0.200958  0.331019  0.33298   0.119761  0.187621
  0.061379  0.254666  0.331702 -0.121706  0.179545 -0.008783 -0.032381
  0.286944  0.290747 -0.491796 -0.995527 -0.839347 -0.22783 ]
[-0.16924   0.333245 -0.230411  0.153847 -0.996897 -0.606051  0.329834
 -0.132384  0.217031  0.302385  0.031465  0.160317  0.274651 -0.248835
  0.310072 -0.073897 -0.459359  0.160619  0.287256 -0.489865]
[ 0.093881 -0.790611  0.080723  0.082591  0.239512  0.220844 -0.989515
  0.306428 -0.287643  0.269539 -0.193321 -0.486376  0.229934 -0.486702
 -0.82322  -0.772209 -0.734146  0.015365 -0.342307 -0.223324]
[ 0.119221  0.331674  0.175433  0.137311  0.092364 -0.229144  0.324696
 -0.930469 -0.138536 -0.290834 -0.991794  0.33074   0.230755 -0.988609
  0.328713 -0.857236  0.239503  0.29375   0.33121   0.235655]
[-0.029345  0.324516  0.169203  0.05543   0.319362  0.327401  0.070268
  0.267967 -0.122261 -0.949931 -0.840026  0.28749   0.067892  0.26581
  0.212643  0.300406  0.094646  0.316358  0.047101 -0.598046]
[ 0.300031  0.331199  0.253597 -0.540463 -0.917408 -0.088947 -0.598471
  0.246532  0.33314   0.316332 -0.768532 -0.970607  0.330443  0.246423
  0.302259  0.332032  0.310716  0.305781  0.329571  0.005159]
[ 0.097355  0.216605 -0.244815 -0.548463  0.308036  0.311828  0.332622
 -0.275051  0.155604  0.188568  0.310828  0.261998  0.204395  0.201628
  0.060057 -0.984108  0.27576  -0.921663 -0.884404  0.133852]
[ 0.286382  0.333274  0.332855 -0.96505   0.317331 -0.342492  0.211698
  0.240289 -0.507056 -0.697374  0.163965  0.312563 -0.578461  0.318703
  0.331788  0.318695  0.124804 -0.017975  0.022819 -0.190566]
[-0.068095  0.305598 -0.14105   0.195153 -0.989282  0.328206  0.309083
  0.279409  0.271937  0.073767  0.086276  0.311832  0.333094  0.258157
  0.29785  -0.526426  0.332622  0.108087 -0.021471 -0.121887]
[-0.120474  0.042368  0.291061  0.250277 -0.035972  0.281277  0.034407
 -0.027617  0.293778  0.331659 -0.762087  0.135947  0.305312 -0.950029
 -0.785296  0.303287  0.28911   0.258806  0.298905  0.291639]
[-0.568877  0.258616 -0.984936 -0.978926  0.151778  0.280837  0.33139
  0.333168 -0.212709 -0.989406  0.328575 -0.064625 -0.008439  0.05833
  0.199306 -0.932091 -0.44659  -0.525825  0.065228  0.332482]
[ 0.18289  -0.359064  0.067774  0.270029  0.31667  -0.05621   0.278421
 -0.761779  0.198103 -0.05052   0.332816  0.27401  -0.391689  0.329827
  0.296091 -0.974168 -0.302378  0.324882  0.124084  0.305745]
[ 0.328444  0.012791 -0.455367  0.181166  0.269472  0.16402   0.188099
 -0.731139 -0.914238 -0.616277  0.212241 -0.134859  0.321783  0.271142
  0.066885  0.325019  0.005421  0.176594 -0.536892  0.241236]
[ 0.273923  0.218776  0.292205 -0.38426  -0.101967  0.314536  0.310631
  0.193195  0.212639  0.027151  0.327136 -0.564148 -0.151329  0.240562
  0.325165  0.272206 -0.022267 -0.558076  0.332005 -0.969956]
[-0.621138  0.065166 -0.30558   0.124866 -0.671056 -0.93859  -0.331747
 -0.096006 -0.686591 -0.790461 -0.095922  0.302017  0.309378  0.126934
 -0.765974  0.257945 -0.474661  0.284221  0.313629  0.307056]
[ 0.045409  0.209503  0.103377  0.111196  0.328884 -0.939967 -0.814885
  0.044073  0.146922  0.270557 -0.231372  0.144585  0.018985 -0.358709
 -0.456351  0.320383 -0.956549  0.276973  0.309262  0.052737]
[-0.946838 -0.008327 -0.734049  0.196742  0.300502  0.329735  0.321861
 -0.177321  0.301991  0.174782  0.286618 -0.094871  0.180011 -0.300305
  0.329868  0.262252  0.222591  0.308216  0.116545 -0.792327]
[ 0.331802  0.330643  0.224564  0.175267  0.328282  0.330865 -0.405661
  0.259569  0.104939  0.226096  0.32944  -0.300488  0.319465  0.212841
  0.226874  0.307938  0.179975  0.274196 -0.199034 -0.690068]
[-0.606381  0.322214  0.29385   0.332829  0.317547  0.300381  0.267414
 -0.943638 -0.570913  0.327176  0.325725  0.083966  0.06637  -0.800773
 -0.18456  -0.67237  -0.105407 -0.025009 -0.905897  0.315121]
[ 0.22654   0.302066  0.321318  0.294291  0.034825  0.171967  0.146075
 -0.870212  0.141058  0.332704  0.209112  0.114787 -0.122177 -0.058057
  0.33254   0.147271 -0.90279   0.277584  0.320908  0.320407]
[-0.119237  0.267971  0.302525  0.287334  0.307196 -0.768861  0.330017
 -0.111892 -0.906222  0.278043  0.328106  0.227931 -0.695165 -0.998428
  0.144751  0.142947  0.312708  0.332301  0.173816 -0.420779]
[ 0.274953 -0.076278 -0.8246    0.21558   0.274891  0.095488  0.275859
 -0.132779  0.333294 -0.969484  0.090184  0.323991 -0.893876  0.32603
 -0.996661  0.258548 -0.213199  0.259387  0.061036  0.292925]
[ 0.113652  0.141406  0.298183  0.244059  0.245983 -0.062111 -0.763388
 -0.140745  0.281103  0.330013 -0.212953  0.2277    0.198418  0.107236
  0.328785  0.28467  -0.774923 -0.903048 -0.756811  0.30231 ]
[-0.911772  0.078875  0.256435 -0.950084 -0.558397  0.136281  0.202892
 -0.393559  0.331457 -0.095569  0.331472  0.324078 -0.141471  0.273901
 -0.503263 -0.747117  0.15219   0.332871 -0.384871  0.331741]
[ 0.237592  0.333325  0.303111  0.152107 -0.681841  0.33071   0.045867
  0.213813  0.036622  0.301237  0.182493 -0.021014  0.322329  0.276694
  0.098738  0.328421  0.331353 -0.996357 -0.061913  0.332157]
[ 0.064103 -0.402557  0.318856  0.04479  -0.537498 -0.445159  0.017264
  0.321855  0.012693 -0.705952  0.333327  0.104223  0.322349  0.2525
  0.234254 -0.62544   0.329148  0.215671 -0.022397 -0.229201]
[-0.992275  0.320575 -0.361771  0.333289 -0.17611  -0.032355  0.128973
  0.251195 -0.412608 -0.97742   0.324366  0.270658  0.303226 -0.634206
  0.132038  0.105667 -0.188532 -0.184037 -0.964156 -0.30371 ]
[-0.152841  0.294703 -0.02225  -0.460959 -0.944277  0.163847 -1.        0.099386
  0.202922 -0.027466 -0.120756 -0.127474  0.309061  0.096837 -0.574343
  0.265568  0.283616 -0.828408  0.029559 -0.976898]
[-0.784967 -0.492238  0.20508  -0.174859  0.136099  0.1482    0.332842
  0.333333  0.244514  0.046826  0.269416  0.311807  0.053381  0.2739
 -0.682326  0.295258 -0.247573  0.216446  0.33242   0.298223]
[ 0.232624  0.092203  0.30949  -0.346351 -0.550636  0.328592  0.08668
 -0.687955 -0.042242 -0.489539 -0.865095  0.122955  0.102987 -0.789582
 -0.2208    0.332687  0.271981 -0.740627  0.295241 -0.937935]
[ 0.30591  -0.134128  0.323535  0.258001 -0.171676  0.247778  0.314018
 -0.247317  0.016201  0.184044  0.276673  0.331494 -0.761545 -0.007639
  0.140477  0.089994  0.291399 -0.075567 -0.224057  0.295703]
[-0.479772 -0.974271 -0.133883  0.219742  0.322543  0.329236 -0.999904
 -0.385185  0.246389  0.332335 -0.540299  0.214072  0.271359  0.324048
  0.298756  0.048425  0.163377 -0.747137 -0.044627 -0.932495]
[-0.678185 -0.068446  0.331237 -0.371176  0.326494  0.297956  0.077468
  0.331759  0.208536  0.290349 -0.866252  0.315524 -0.255228  0.327608
 -0.325198 -0.201965  0.326929  0.282485  0.269485 -0.65912 ]
[-0.084884  0.139534 -0.602047  0.14573  -0.722504  0.316279  0.323787
 -0.068374  0.329324  0.318347  0.126391  0.312362  0.277049  0.302188
 -0.430952  0.295239 -0.067653 -0.754054  0.189519 -0.904513]
[ 0.237109  0.297733  0.232643 -0.135598 -0.63832  -0.926229  0.314919
 -0.583508  0.320017  0.293648 -0.633256  0.266197  0.144957  0.031048
  0.114376  0.315105  0.199982 -0.015279  0.329718  0.291175]
[ 0.332696 -0.258795 -0.048244  0.261261  0.330718  0.300285  0.333131
 -0.749939  0.290756  0.060738  0.329568 -0.156685  0.311386 -0.392978
  0.306285  0.329289  0.319504  0.311535  0.322079  0.30703 ]
[ 0.226304 -0.005253 -0.216979 -0.944591  0.327443  0.170131  0.190082
  0.282493  0.33007   0.187361 -0.15218   0.332431 -0.588557  0.145639
  0.331501  0.090342 -0.379703  0.328203  0.332941 -0.570726]
[-0.401751  0.325475  0.051089 -0.50471   0.332337 -0.696681  0.294898
 -0.07565   0.267012 -0.994815  0.147769  0.315763  0.176367 -0.148558
  0.325554 -0.119289 -0.239005 -0.900888 -0.992249  0.321005]
[-0.186697  0.225964 -0.06793   0.333332 -0.801448 -0.079764  0.150267
  0.235894  0.293686  0.310069 -0.998142 -0.571176  0.308937  0.052847
 -0.356154 -0.674241 -0.132257  0.241499  0.104314 -0.747868]
[ 0.32834   0.219139  0.089799  0.055457  0.318833  0.050039  0.0448
  0.05956   0.305027 -0.348568 -0.970043  0.328487 -0.747069  0.249599
  0.169133  0.288149  0.264532 -0.341608 -0.274534 -0.181441]
[ 0.333101  0.3279   -0.889062  0.126409  0.332213 -0.720584  0.32808
 -0.217411  0.24153   0.33274   0.313901 -0.044513 -0.153487  0.210384
  0.265706 -0.477     0.287454 -0.02885  -0.895081  0.333254]
[-0.470443  0.312401  0.081501  0.333269 -0.035467  0.284497  0.312715
 -0.998167 -0.338554  0.331472  0.280952 -0.247758  0.311517  0.119378
  0.318725  0.031584 -0.763094  0.025345 -0.051782  0.314535]
[ 0.326837  0.097491  0.306936 -0.01569  -0.320146 -0.04439   0.080428
  0.332389  0.220019  0.271631  0.204114  0.1639    0.13137  -0.58654
  0.245153  0.215425  0.313152 -0.913564  0.26841  -0.514486]
[ 0.090692 -0.086768  0.30331   0.122149  0.25063  -0.26926   0.25711
  0.331777  0.328265  0.288369  0.312411 -0.609808 -0.054662  0.219151
  0.219113  0.331629  0.314701 -0.559278 -0.484466  0.03797 ]
[ 0.28191   0.025943 -0.984343  0.175488  0.201824  0.063759 -0.711897
 -0.970462 -0.031772  0.317448  0.323533  0.270593 -0.991385  0.276558
  0.330431  0.326815  0.168607  0.107109 -0.652349  0.321996]
[ 0.332094  0.295959 -0.128719  0.178294  0.273526  0.33055   0.330515
  0.075397  0.33305  -0.117638  0.283117  0.020345  0.012205  0.232063
 -0.947703 -0.43845   0.085263  0.327858  0.332435  0.231463]
[-0.669694  0.01946   0.312585  0.122063 -0.750365  0.281885  0.303867
 -0.171151  0.258839  0.03438  -0.023928  0.28864  -0.494374  0.197603
  0.198455 -0.019248  0.326003  0.09567  -0.421583 -0.156872]
[ 0.155719 -0.041146  0.089621 -0.197744  0.316776 -0.02322  -0.324594
  0.171249  0.325056  0.160604  0.217163 -0.72255   0.213075  0.321308
  0.278141 -0.256556  0.333313  0.284181  0.091892  0.279884]
[ 0.329748  0.332034  0.319918 -0.364389  0.333097  0.229804  0.089669
  0.118889 -0.423615 -0.967019  0.086887 -0.512591  0.17969  -0.913172
  0.209304  0.333281 -0.180263 -0.688393  0.098207 -0.736354]
[-0.434742  0.092053  0.19401   0.100838  0.169434  0.327369  0.279014
 -0.162768  0.302205  0.237577  0.296012  0.275443  0.155309 -0.659518
  0.213844  0.331799 -0.138229 -0.381956  0.332953  0.152726]
[-0.996259  0.13861   0.013353  0.236299  0.228896 -0.997131  0.144853
 -0.089062 -0.182636  0.230159  0.224668  0.298462  0.224452  0.268605
 -0.040709 -0.422142 -0.838094  0.332976 -0.160002  0.325947]
[ 0.227476  0.241328  0.259995 -0.99714  -0.05654   0.238872  0.301237
 -0.07104   0.277101 -0.826163 -0.972478 -0.616224  0.215404  0.189492
 -0.615192  0.214466 -0.850072 -0.582426  0.171513  0.003384]
[ 0.025113 -0.070108  0.332514  0.28964   0.3293    0.228421  0.259623
  0.083937  0.29001   0.316843  0.286075 -0.576329 -0.503849  0.200177
 -0.436568  0.13101   0.306979  0.103333  0.332428  0.329892]
[-0.747086 -0.923768 -0.022678 -0.873261  0.33309   0.164872  0.328511
 -0.981983  0.297804  0.321516  0.274053  0.210784  0.333251  0.321235
  0.33178  -0.815529  0.303743 -0.258027  0.309163  0.140875]
[-0.840307  0.136285 -0.35269   0.331165  0.187975  0.319396  0.262179
 -0.21693   0.332477 -0.267443 -0.911854 -0.106669 -0.328698 -0.499228
 -0.162112 -0.086603  0.148448  0.003446 -0.595256 -0.99698 ]
[-0.982875  0.305879  0.168677  0.198705  0.333165  0.332981  0.168882
  0.330382  0.293345  0.281578  0.23327  -0.947491  0.247156 -0.302201
 -0.421886 -0.944304  0.199046 -0.945438  0.238356  0.330339]
[-0.9053    0.263274  0.296405  0.30714   0.308499  0.213267  0.04671
  0.05922  -0.048068  0.33143   0.188554 -0.540638  0.142488  0.209864
 -0.52228   0.328908  0.331139  0.2831    0.137678  0.330666]
[-0.339133  0.292739  0.322246  0.225311  0.296145 -0.180613  0.229458
  0.319058 -0.083715  0.261245  0.213732  0.306122  0.312364  0.319764
  0.291012  0.332875 -0.382469 -0.059262  0.328724  0.311835]
[ 0.332426 -0.432754  0.318863  0.253349  0.325921 -0.51383   0.313731
  0.123292 -0.963103 -0.522564 -0.599602 -0.83198   0.331137 -0.530196
  0.120826  0.252383 -0.434097 -0.994451  0.329027 -0.013816]
[-0.426361  0.033579 -0.532737  0.254305  0.012128  0.26063   0.239807
  0.294028 -0.243248  0.32901   0.324112  0.328598  0.1466    0.111266
 -0.832043  0.324146 -0.57251  -0.207656  0.09992   0.313992]
[ 0.200015  0.333318  0.065709  0.188798  0.028136  0.140099  0.172857
 -0.512733 -0.611064 -0.0032    0.05034   0.089841 -0.623355  0.32362
  0.27368  -0.522831  0.318082 -0.779275  0.275104 -0.208216]
[ 0.294738 -0.520075 -0.823427  0.332406  0.050638  0.188711 -0.75264
 -0.351867  0.277935  0.292468  0.207376  0.276623  0.325528 -0.158072
  0.31225  -0.02057  -0.927175 -0.112651  0.305922  0.303746]
[-0.819008  0.261901  0.318735  0.306272 -0.264625 -0.014815 -0.330438
 -0.001398  0.324062 -0.021825  0.304461  0.328197  0.287521 -0.762584
 -0.615591 -0.973857  0.332796  0.235874 -0.647321 -0.992488]
[ 0.286344 -0.116032 -0.088087  0.331536  0.154159 -0.209447  0.279881
 -0.874141  0.293653  0.26787  -0.524016  0.309469  0.264585 -0.407861
 -0.617373  0.272879 -0.354131  0.311134 -0.13588  -0.284148]
[ 0.148187  0.140655  0.170053  0.032907 -0.407765 -0.204465 -0.207912
  0.278705  0.199331 -0.057703 -0.290075  0.013532  0.331333  0.332108
 -0.24052  -0.213541 -0.991876 -0.588491 -0.477048  0.325426]
[ 0.232109  0.13497   0.331586 -0.321293 -0.646886 -0.984396  0.332483
  0.232815  0.223091  0.273592 -0.081289  0.196228  0.177007 -0.152116
 -0.967677 -0.641613  0.322049  0.325891  0.238637  0.241484]
[ 0.325414  0.245508 -0.980976  0.287838  0.331996  0.11345   0.176735
  0.327059  0.287727  0.295534 -0.443622  0.332908  0.307911  0.237727
  0.197229 -0.2824    0.304018 -0.045186  0.325505  0.201755]
[ 0.25014   0.262791  0.333252  0.325113  0.149092 -0.414761  0.288608
 -0.178073  0.087849  0.29294   0.322366  0.171019 -0.555932 -0.996443
 -0.605933 -0.021204 -0.578606 -0.738806  0.323251  0.150555]
[0.01154558874412949, 0.077856137310251206, 0.0053154638243983268, -0.039890277505857996, 0.007918725886449457, 0.011559991647875495, 0.039591796365948478, 0.056084968378311895, -0.015210618783259577, 0.0045301987371946795, -0.058019429561083545, -0.015608197129966861, -0.013638985411198457, 0.075419403583320485, 0.057204414223480514, 0.041249132187622273, -0.01299837638950696, 0.029255180168662215, 0.01477476992432375, -0.024578233179876063, 0.044025692294549112, 0.005717671509060801, 0.025891696137314346, -0.028734295103461316, -0.047498974498271784, 0.0091003851938501468, 0.071310629580378454, 0.029196945129059404, 0.00032784091997117848, -0.014787123167257943, -0.014943428947423176, -0.0036307913852946516, -0.11752072827032067, 0.043945330553680384, -0.0049447624096160964, 0.0757254369342929, 0.044486431703508127, 0.071732495915631717, 0.018306827251690236, 0.039774146305242924, 0.027548542183609581, 0.022014437392638503, -0.022499015369401132, 0.016076206637998247, 0.019984081335766568, 0.049755795327071833, -0.069011737419515273, -0.0037867119821199599, -0.03241349226779755, 0.062896612538408392, -0.010465411548848946, 0.049273398826284009, -0.007451562007402518, 0.042975521173467007, 0.0086777515242106029, -0.04780828498630707, 0.098598004366725611, 0.055965444675173635, -0.03636938315054139, -0.021110839611829024, 1.2413095549779207e-05, 0.025767006316916613, 0.015734843359701045, -0.043671647289517557, 0.036296685534558448, 0.071661110604134326, 0.060717956329422923, -0.0062124908099461251, 0.020333811011295055, -0.03815541780354581, 0.01641142963591341, 0.0067468581001200456, 0.12435059105447763, 0.035371005362334174, -0.069976774736744074, -0.0090078908260832619, 0.027361523385842634, 0.0079782757319056263, -0.050234041310334931, 0.06425683855653927, 0.088567271320476426, -0.016417395008255342, -0.004192823743602303, 0.00267708229468544, 0.0013384287310754459, 0.018749084003457095, -0.0036756880146011639, -0.0041452436727291708, 0.032446694682518595, 0.014094143030161155, -5.4319227698162997e-05, 0.033875126795739952, 0.02256151042224519, 0.031221041627977841, 0.0055333942080633136, 0.096345091561787971, -0.025273300995034137, 0.02023672900682888, 0.0027485772471322889, 0.030939020158110342]
('time: ', 10812.807435035706)
