“Running plot script on a single CPU core”
[-0.248018  0.296421  0.282581  0.333327  0.310289  0.316132  0.278016
 -0.452558 -0.870544 -0.176579  0.257852  0.005528 -0.970577  0.108945
  0.304484 -0.789371  0.132318  0.308012 -0.0067   -0.713656]
[ -5.790066e-01   1.779862e-01   2.901238e-01   3.329753e-01   1.917213e-01
  -8.185577e-02  -1.820925e-04   1.968356e-02   2.850586e-01   2.971084e-01
   2.215591e-01   6.528224e-03  -3.713748e-01  -5.996268e-01  -7.899154e-02
  -9.373145e-01   1.723226e-01   1.074694e-01   1.880167e-01   1.375109e-01]
[-0.90243  -0.355522 -0.714408  0.040571 -0.974857  0.324634  0.207478
  0.273455 -0.024509 -0.209549 -0.216643 -0.076555 -0.191043  0.310512
  0.318339  0.332743 -0.042817  0.294911  0.332145  0.031537]
[ 0.328723 -0.992098 -0.238432  0.332907 -0.103632 -0.22359   0.17664
 -0.089965 -0.99999   0.311975 -0.022782  0.315648  0.257009 -0.746376
  0.332404 -0.944758 -0.940849  0.29828   0.036812 -0.030631]
[ 0.275684  0.307518  0.28747   0.249944  0.332034  0.333256 -0.144543
  0.021616  0.244139 -0.997096 -0.37729  -0.684023  0.327488  0.314961
  0.047113 -0.916963  0.042254  0.22628   0.319672  0.174636]
[-0.137203 -0.407184  0.32233  -0.50721  -0.760654  0.302544 -0.056495
 -0.208316 -0.207065  0.253383  0.07628   0.05284   0.327074  0.201032
  0.0554    0.143522  0.331831 -0.188256  0.043316  0.139437]
[ 0.303167  0.2936   -0.136372 -0.502794 -0.999787 -0.025512  0.258589
  0.232869 -0.795493  0.204531  0.332081 -0.721968  0.240511  0.027883
  0.266927  0.302636  0.272432  0.037991  0.31761   0.294678]
[ 0.144653 -0.801435  0.309999 -0.161306 -0.173867 -0.09847   0.135996
  0.30407  -0.506281 -0.833081  0.325026 -0.203431  0.329494  0.293921
 -0.964921 -0.992681 -0.124123 -0.943592 -0.335361  0.26975 ]
[ 0.258129 -0.115448  0.162691 -0.976349  0.095766  0.201758  0.315494
 -0.632115  0.072767 -0.237763  0.04897   0.234668  0.274849  0.123343
 -0.368079  0.028942  0.285519  0.226385 -0.27452  -0.346063]
[-0.098246  0.281025  0.32077   0.309525 -0.121989 -0.239767  0.221641
 -0.613481  0.328378  0.26298   0.066701  0.059266  0.070889  0.331892
 -0.152948  0.270514  0.318247 -0.5807    0.33231   0.020965]
[-0.99986   0.294583 -0.075578  0.267465  0.296507 -0.339816  0.330953
  0.289583 -0.447277  0.317157 -0.966456 -0.930316 -0.800964  0.081751
  0.237938  0.321075  0.323877  0.198038  0.255864  0.232987]
[ 0.27454   0.031509  0.315896 -0.319429  0.332538  0.317359 -0.103639
  0.306329  0.299994  0.243656  0.148515  0.31507   0.233197 -0.446353
  0.31435  -0.117698  0.323023  0.210971  0.130411  0.303536]
[ 0.053736  0.273209  0.032853 -0.206137  0.313303 -0.954668  0.018628
 -0.998045  0.330236 -0.96892  -0.80418  -0.7955    0.332731  0.172815
  0.188253  0.264523 -0.936551  0.3285    0.264971  0.300419]
[-0.495251  0.098984  0.300583  0.331718 -0.375523  0.235213 -0.999895
 -0.997917  0.332756  0.333047  0.312723  0.196545 -0.391461  0.330487
  0.329353  0.187156  0.310398  0.327205  0.224736 -0.794974]
[ 0.031325  0.286433  0.01672   0.331768  0.176006 -0.963176  0.332122
 -0.996469  0.075338  0.010074 -0.68504   0.231646  0.328315  0.079195
  0.004371  0.205066  0.30448   0.004247  0.152921 -0.048802]
[ 0.175042 -0.59854  -0.723912  0.329188  0.331573  0.200827  0.280809
 -0.566786  0.299637  0.322943  0.068547  0.283015  0.332682  0.151378
  0.008423  0.271961 -0.150149  0.082131  0.221427  0.001442]
[-0.44396   0.288549 -0.053303  0.27763   0.057903  0.3313    0.198655
  0.327605  0.325439  0.333312  0.302454 -0.937784 -0.990545  0.333189
 -0.016863 -0.561047  0.229393  0.333315  0.102858 -0.051643]
[-0.457233 -0.26982   0.273093  0.273826  0.243685  0.050495  0.320136
  0.104313  0.296714 -0.058008  0.307434  0.3324    0.325049 -0.714504
  0.317801  0.322708 -0.520895  0.292154  0.209707  0.129342]
[ 0.200573  0.330063  0.251719  0.32786  -0.430941  0.28864   0.280109
 -0.999975 -0.992692  0.323294 -0.18586   0.094736 -0.218552  0.331568
  0.258636 -0.391805  0.327976  0.320892  0.047045 -0.057213]
[ 0.276156  0.249669 -0.726396  0.299797  0.285074  0.329229  0.322017
  0.187819  0.285696 -0.990856  0.318028 -0.340845  0.331496  0.047536
  0.133617  0.330627 -0.745517  0.095379  0.327915  0.019925]
[ 0.050709 -0.931341  0.275912  0.304129  0.192738  0.006575 -0.327269
 -0.297181 -0.075865  0.161898 -0.53811   0.293075  0.309307 -0.263193
 -0.790533  0.331002 -0.999735  0.271625 -0.824883  0.07786 ]
[ 0.326922 -0.928818  0.287233  0.331737  0.322001  0.323759  0.269654
  0.318925  0.322263  0.32182   0.253675 -0.037938  0.332939  0.293176
  0.051264  0.10333   0.29648   0.332382  0.276497  0.241458]
[ 0.257842 -0.482728  0.213429  0.307927 -0.322439  0.006629 -0.64626
  0.262211  0.192788  0.289157 -0.027296 -0.885438 -0.340299  0.278455
 -0.613261  0.327361 -0.243458  0.112787  0.28903   0.169478]
[-0.296278  0.310615  0.331186  0.195539 -0.417174  0.330574  0.225917
  0.326775  0.333079 -0.691984 -0.877132  0.148576  0.217304 -0.213224
  0.254682  0.317614 -0.281033  0.079728 -0.013282 -0.569662]
[ 0.14169  -0.363452 -0.875204  0.066312  0.210054  0.161328 -0.05432
  0.3112    0.18484   0.20205   0.324134  0.321133 -0.292678  0.012491
  0.277268  0.196743 -0.88353   0.184601  0.333188 -0.326081]
[ 0.278579 -0.325076 -0.697481 -0.282669  0.244928 -0.991767 -0.935639
  0.205442 -0.78662   0.32322   0.216599  0.11153  -0.146737 -0.199841
 -0.686539  0.331032  0.308884  0.224551  0.041459  0.16082 ]
[ 0.332729 -0.405277 -0.211401 -0.233985  0.131169  0.101589  0.247643
  0.32871   0.320417  0.054161  0.312954  0.325275  0.332843  0.053408
  0.315832 -0.903496  0.293725  0.256444  0.156546 -0.346947]
[ 0.299619  0.320725  0.23886   0.333115  0.147731  0.02819  -0.24258
  0.32754  -0.413687 -0.028971 -0.489116  0.329764  0.270721  0.333271
  0.321729  0.153991 -0.098461  0.089607 -0.525118  0.193819]
[-0.054539 -0.237899  0.257839  0.301238  0.183884  0.318957  0.16657
 -0.499572  0.291982  0.210042  0.297548  0.199956 -0.215592  0.299953
 -0.858298  0.330512 -0.426422  0.231855 -0.046475  0.322994]
[ 0.286189  0.311156 -0.916685 -0.273653 -0.063728  0.226925  0.19248
 -0.812328  0.143428  0.317936 -0.41066   0.259404  0.272448 -0.100705
 -0.080649 -0.15767   0.036922 -0.279654 -0.632943 -0.001433]
[-0.176078  0.237405 -0.166384 -0.147134 -0.106181  0.332099  0.331976
  0.01599   0.329726  0.051023  0.033809  0.329437  0.281278 -0.450984
  0.242269  0.324598  0.332734  0.202867 -0.737968  0.310627]
[ 0.037777  0.224513  0.326549 -0.998129 -0.389595  0.249953  0.236398
 -0.146869  0.265488 -0.224943  0.24804   0.271628 -0.132659  0.175791
  0.308832  0.330648  0.108553  0.260366  0.282053 -0.664585]
[ 0.317246 -0.519878 -0.964453 -0.99577   0.260167 -0.262501  0.307651
  0.088812  0.261756  0.125706 -0.993895  0.317455 -0.168533  0.21382
  0.333059  0.274227  0.333302  0.094218 -0.224909 -0.010519]
[-0.05257  -0.215458  0.314132 -0.003316  0.115166  0.249608 -0.056839
 -0.678965  0.278772 -0.853208  0.248784  0.273094  0.312512  0.21832
  0.32801   0.017039  0.03139   0.312456  0.304275  0.299535]
[-0.713294  0.331388  0.213865 -0.979969  0.050803 -0.828224  0.12203
 -0.389841 -0.266785  0.160143 -0.183996  0.322712 -0.995964  0.300708
  0.331736  0.002872  0.218499  0.282462  0.261006  0.289216]
[-0.162701  0.325543  0.322786 -0.181017 -0.159048  0.085801  0.317199
  0.195626  0.08893   0.109531  0.272055 -0.941859 -0.65427   0.22773
  0.23608   0.329518 -0.481519  0.097836  0.275304  0.251402]
[-0.529305  0.206716  0.333331  0.29495   0.061129  0.26788  -0.932802
  0.231598  0.331631  0.301144 -0.052546  0.219523  0.286901  0.285606
  0.100819  0.182502  0.253593 -0.797464  0.253684 -0.260969]
[ 0.290787 -0.705409  0.255266  0.274998  0.300149  0.247322  0.18609
 -0.989113  0.097857  0.218114  0.279367 -0.75792   0.30917  -0.356001
 -0.196946  0.325932  0.329699  0.187163 -0.839781  0.232532]
[-0.577602 -0.045433  0.333282  0.033231  0.279802  0.317076  0.294902
  0.262137  0.319307  0.056367 -0.91885   0.242321  0.278126  0.321493
  0.141386  0.244996  0.08939   0.333257  0.269851  0.277844]
[ 0.194973  0.322843 -0.921336  0.289788 -0.394236  0.332089 -0.63713
 -0.263617  0.320615  0.324223  0.333321  0.227988 -0.820069  0.158699
 -0.29914   0.155537  0.316892 -0.009838  0.174794 -0.54366 ]
[ 0.12609   0.143763 -0.121163  0.246229  0.272623 -0.36554  -0.768948
 -0.472259 -0.103487  0.310547  0.223815  0.32758   0.330204  0.28942
 -0.685574  0.317887 -0.991754  0.230128  0.046368 -0.337596]
[ 0.29227  -0.024839 -0.828302  0.163846  0.292676  0.086824 -0.474697
 -0.558373  0.333038 -0.784802  0.330869  0.203891  0.333232  0.320475
 -0.098192  0.228484  0.079205 -0.823612  0.00989   0.333308]
[ 0.232741 -0.172724  0.327036 -0.139756  0.321344 -0.073539  0.314983
  0.283424  0.325251  0.144215  0.311771  0.092241  0.328261 -0.215107
  0.277491 -0.895504  0.067196  0.290881  0.295225 -0.078333]
[ 0.284804  0.33209   0.282147  0.096283  0.332527  0.261432  0.007525
 -0.313797  0.308242  0.256752  0.053267  0.193536 -0.09529   0.149199
  0.059207 -0.987628  0.005319  0.329363 -0.204512  0.2828  ]
[ 0.329541  0.279168  0.140891  0.246582  0.331847  0.331261  0.333322
  0.32569   0.049401  0.333262  0.260303 -0.411822  0.145901 -0.1648
  0.126942  0.299328 -0.185997  0.279726 -0.314568  0.330014]
[ 0.201901  0.032413 -0.893083  0.255613 -0.977745 -0.602613 -0.129217
 -0.19906   0.329033 -0.117827  0.155393  0.275002  0.119065 -0.634933
  0.2779   -0.144682  0.214481 -0.189622  0.330568  0.243842]
[ 0.301141  0.324514  0.09043  -0.989568 -0.384279 -0.08786   0.309861
  0.281427 -0.060139  0.303577  0.188609  0.325859  0.033787  0.218403
  0.129884  0.065282  0.316503 -0.990042 -0.857316  0.252105]
[ 0.187123 -0.994788  0.084186 -0.025332 -0.701167  0.190803 -0.095005
  0.306323  0.316607 -0.906221  0.164008  0.332797  0.161182  0.185137
  0.315212  0.204417  0.274514  0.294931  0.216187  0.264237]
[ 0.330945  0.292365  0.330073 -0.832011  0.331507  0.317384  0.319458
 -0.999801  0.190849  0.195225  0.269213  0.161807  0.310816 -0.31959
 -0.092419 -0.568722 -0.003433  0.134773  0.309663  0.312207]
[ 0.316842  0.300117  0.239769  0.332382  0.293642  0.182195  0.313772
 -0.893631 -0.897399  0.238464  0.325227  0.05109   0.328662  0.332232
  0.315998  0.181836 -0.639344  0.327293  0.207804  0.223237]
[ 0.302108  0.261478 -0.099676 -0.113079 -0.012592  0.249516  0.246921
 -0.034008 -0.520998  0.293528  0.08098   0.314035  0.115725 -0.048075
  0.322382  0.308584  0.331679 -0.26539  -0.827183  0.075193]
[ 0.280789  0.187302  0.130796  0.257065  0.001584  0.010753 -0.53916
 -0.306869  0.175941 -0.105177  0.160482 -0.147182 -0.150518 -0.395792
 -0.00882  -0.465541 -0.488522  0.244919  0.193821  0.320073]
[-0.455326 -0.071161  0.333329  0.120346 -0.828168  0.013233 -0.260367
  0.111691 -0.466907  0.22814   0.301764  0.025011  0.26119  -0.684651
  0.150545  0.314373 -0.229501  0.127282  0.094135  0.055106]
[ 0.322286 -0.151669  0.327124 -0.335997  0.279128  0.116238  0.309117
  0.047451 -0.34763  -0.451418  0.012816  0.279599  0.320774 -0.717464
 -0.954982  0.328358  0.24108   0.279648  0.226388  0.051421]
[-0.103896  0.326305 -0.136846  0.262857  0.22322   0.207582 -0.275817
  0.257549 -0.228016  0.006643  0.245403  0.320387  0.292182  0.321166
  0.251469 -0.576685 -0.036216 -0.094143  0.232139  0.239334]
[ 0.294385  0.094303  0.273108  0.279806  0.165113  0.315357  0.324399
 -0.998252  0.331475  0.331628 -0.088528 -0.327898 -0.848392  0.32847
  0.192306  0.053462  0.266959  0.317194  0.203588  0.328486]
[ 0.137698  0.19937   0.210296  0.215128  0.327346 -0.445264 -0.255837
  0.333333  0.295271  0.093551  0.233295  0.318423  0.210485  0.332946
  0.262383  0.152219 -0.012158  0.26628  -0.979448  0.295411]
[ 0.20873   0.246691  0.175073  0.332639  0.330562  0.005084  0.212682
 -0.467489 -0.558618 -0.641143  0.077014  0.331085 -0.085581 -0.986692
  0.056172  0.015605 -0.576789 -0.414374  0.176505  0.333333]
[ 0.206524  0.309779  0.333078  0.253553  0.327393 -0.932834 -0.749501
  0.331218 -0.588848  0.041685 -0.199165  0.031108  0.246006  0.333206
  0.198758 -0.108422  0.24624   0.332977 -0.283031  0.329947]
[ 0.128013 -0.4086    0.312806  0.238785  0.331597  0.237136  0.291168
 -0.107984 -0.473389 -0.25871  -0.001964  0.177959  0.11783   0.141625
  0.287864  0.107738  0.180788  0.064292  0.328772  0.255424]
[ 0.266817  0.025409  0.179972  0.321006  0.246583  0.289446  0.311808
  0.273452  0.333039  0.229678  0.002113 -0.385161  0.333289 -0.747109
  0.065415  0.19134   0.207107  0.331999  0.333016  0.129753]
[ 0.309086  0.326901 -0.938089  0.103759  0.331972  0.294513  0.286037
  0.285364  0.190783 -0.537484  0.331935 -0.121458 -0.124735 -0.818137
 -0.145508  0.210422  0.139831 -0.999444  0.264865  0.013152]
[-0.334241  0.239631  0.272231 -0.311952 -0.941033  0.115708  0.172796
 -0.514507  0.218686  0.291549 -0.282171  0.333145  0.332326  0.326118
  0.331829 -0.743409 -0.956928  0.328162  0.022623  0.29025 ]
[ 0.295605  0.233503  0.118721  0.28034   0.304325  0.26743   0.271165
 -0.34758  -0.71042  -0.994524 -0.083824  0.119385 -0.625507  0.301657
  0.068027 -0.61473   0.289295  0.328677  0.07716   0.25936 ]
[-0.996427 -0.270866  0.332612  0.008095 -0.973016 -0.536537 -0.290375
  0.106709  0.100496 -0.401956  0.19982  -0.022219 -0.898463 -0.336673
 -0.09903   0.289541  0.104081  0.326589  0.056316  0.301532]
[ 0.247108 -0.051862 -0.413767 -0.878547  0.218751 -0.006138  0.132538
  0.333288 -0.870058 -0.668787  0.30657  -0.735327 -0.156723  0.329793
  0.3273    0.329452 -0.833523  0.265366 -0.519205 -0.267525]
[-0.455582  0.164055  0.332056 -0.4238    0.235076 -0.156827 -0.269432
  0.247755  0.250046  0.249614  0.332775 -0.406036  0.038749  0.299592
  0.224995  0.142875  0.271125 -0.615336  0.327782  0.333333]
[ 0.307029  0.23642   0.210862  0.329348  0.316454 -0.018592  0.10071
  0.305352  0.31861   0.32784   0.333105  0.207751  0.241999  0.088735
  0.328895 -0.014348 -0.434311 -0.450987  0.311259  0.333308]
[-0.075733 -0.367221  0.332929  0.247321  0.332715  0.211356 -0.195856
  0.319982  0.293069  0.317581  0.05618   0.324979  0.106011 -0.039255
  0.252383  0.278632 -0.971726  0.281195 -0.606218  0.215746]
[ 0.144216 -0.470514  0.333121  0.025553 -0.001378 -0.123603  0.31343
 -0.562991  0.260915 -0.46839   0.311878 -0.119495  0.288932  0.251051
  0.287884  0.286581  0.28365   0.320473  0.017621  0.303213]
[ 0.245191  0.24619   0.125366 -0.206714  0.096101 -0.905064 -0.004436
  0.247507 -0.058165  0.167769 -0.791367 -0.944148  0.323817 -0.454551
 -0.999779  0.12158   0.332276  0.236226  0.309342  0.119248]
[-0.201738  0.234179 -0.87619  -0.13093   0.329146  0.228429 -0.102376
  0.239617  0.316958  0.332806  0.331368 -0.741368 -0.21301   0.245466
 -0.319831  0.31897  -0.442611  0.242854 -0.253606  0.305362]
[ 0.042715 -0.003141  0.132879  0.264945  0.320973  0.224964 -0.941396
  0.201631  0.121219  0.33109  -0.337103  0.102981 -0.4136    0.272306
  0.235561 -0.217294  0.219334  0.122361  0.260733 -0.121221]
[ 0.246052  0.209081 -0.099184  0.298205  0.241038 -0.073734 -0.550289
  0.322077 -0.478892 -0.152442  0.268754  0.266455  0.232765  0.057663
  0.151267 -0.522342  0.331747  0.072638  0.28207  -0.983109]
[ 0.291819  0.332391  0.210475 -0.724701 -0.397445  0.307855  0.323861
  0.115334  0.318272 -0.031668 -0.163809  0.298268  0.331874  0.309219
 -0.327038 -0.999994  0.187885 -0.030514  0.140692  0.136771]
[ 0.332963  0.306244 -0.994764  0.258121  0.315636  0.325221  0.282454
  0.295525  0.282015 -0.157804  0.308269 -0.962974 -0.091091 -0.072081
 -0.724661  0.280694 -0.085249 -0.02702  -0.53011   0.039033]
[-0.090829 -0.493712 -0.951273 -0.118951  0.248489  0.053202 -0.192327
  0.061164  0.111273  0.075484  0.216815  0.26227   0.129627  0.139738
 -0.114157  0.31708   0.073763  0.31405  -0.030243  0.333223]
[ 0.046812 -0.136448  0.332255 -0.329061  0.302876  0.319265  0.081321
  0.293358  0.193866  0.293958  0.007803  0.314461  0.219894  0.248337
  0.293803  0.224045  0.275352  0.261264  0.311645 -0.877967]
[ 0.282337 -0.19646   0.332544  0.333121 -0.355082 -0.942345 -0.258391
  0.181762  0.135366  0.278345  0.291811  0.086696 -0.482298  0.292104
  0.332469  0.327856  0.168768  0.315393  0.330404 -0.988474]
[ 0.313966  0.331987  0.058983  0.331671 -0.846283  0.145159 -0.705456
  0.318241  0.312755  0.074024  0.325719 -0.88773  -0.874546  0.31062
  0.315945  0.317238 -0.343769 -0.812547 -0.646551 -0.926018]
[ 0.268702  0.264161 -0.28655   0.308312 -0.251971  0.32861   0.247924
  0.167499 -0.136989  0.210071 -0.413207 -0.179361 -0.373233 -0.593571
  0.281992 -0.612627 -0.890796  0.226222  0.256898  0.160786]
[ 0.325777  0.30939  -0.48632  -0.484782  0.091476 -0.296603  0.259816
  0.324304 -0.470067  0.315597  0.255281  0.029774 -0.360597  0.296969
 -0.448648  0.329096  0.310887  0.11732   0.316505 -0.07834 ]
[ 0.304219  0.313978  0.294289  0.180145  0.251682  0.240286  0.125263
  0.009978  0.33214   0.283293 -0.428672 -0.444577 -0.103826 -0.521699
  0.333315  0.327384 -0.537987 -0.460065  0.242013  0.037068]
[ 0.244705  0.30653  -0.779954  0.238383  0.288278  0.034961  0.332492
  0.176138  0.282424  0.289621 -0.486776  0.332364  0.318838  0.225563
 -0.193276  0.315841 -0.240679  0.166371  0.146063  0.231403]
[ 0.305293 -0.477042  0.241712  0.333203 -0.734157 -0.213379  0.052349
 -0.996319  0.060555  0.27964   0.09677   0.214753 -0.224415  0.311249
  0.153939 -0.59736   0.298119  0.3217    0.333171 -0.227628]
[-0.782003  0.244753  0.200338  0.331914 -0.5395    0.327197  0.331129
  0.131381  0.322434 -0.989268  0.036195  0.229626  0.173786 -0.401337
  0.286651  0.116673  0.330886  0.33325  -0.029589 -0.613698]
[ 0.289202 -0.42474  -0.983045  0.324233  0.205291  0.184683 -0.962785
  0.089329 -0.92288   0.325668  0.143915 -0.954764  0.310596  0.177779
  0.261675  0.165746 -0.626367 -0.029988  0.258959 -0.157312]
[-0.241389  0.220715 -0.860028 -0.262911  0.180479  0.280874  0.095918
  0.319699  0.241567  0.276734  0.172139 -0.976273 -0.80005  -0.891872
  0.191043  0.179133  0.279066 -0.20099  -0.212738 -0.743255]
[ 0.275713 -0.265005 -0.042596  0.060699 -0.83204   0.260486  0.192714
  0.332434  0.327937 -0.147852  0.195651 -0.219561  0.141411  0.105542
  0.313914 -0.270338 -0.275142  0.278404 -0.8753    0.256006]
[-0.966663  0.171533  0.301809 -0.079661 -0.107357  0.016477  0.330761
 -0.670557  0.313453 -0.291826  0.311981  0.251853  0.315059 -0.287421
  0.33325  -0.943107  0.163037  0.329234 -0.626989  0.032539]
[-0.422197  0.134321  0.213784  0.242767 -0.970667 -0.432537  0.270109
 -0.312554 -0.128511  0.231783 -0.559786  0.31435   0.322764 -0.98653
  0.321322 -0.05625  -0.019619  0.205301  0.207677 -0.878334]
[ 0.330254 -0.253184 -0.250682 -0.732812  0.234025 -0.984479  0.265022
  0.200267  0.255007  0.333315 -0.847851  0.245499  0.25687   0.29035
  0.318155  0.292604  0.308441  0.207101 -0.179676  0.132369]
[-0.417313  0.328854  0.33244   0.307828 -0.624208 -0.847311  0.314893
  0.217877  0.231781  0.205791 -0.534288  0.333231  0.286758  0.303015
  0.199945 -0.640405  0.310046  0.331434 -0.571575  0.316126]
[  4.647638e-02   3.323080e-01   2.063168e-01  -7.472833e-02   2.889363e-01
   2.120117e-01  -4.612516e-04   2.966054e-01  -2.798442e-01   3.199816e-01
  -3.230846e-01   3.289733e-01   8.296302e-02   3.208008e-01  -9.930518e-01
  -6.075566e-02  -2.571410e-01  -1.682984e-01   3.149392e-01   2.042945e-01]
[ 0.284222  0.212038  0.002762 -0.997775  0.3332   -0.930923 -0.994261
  0.230243 -0.311105 -0.828221  0.268722  0.107341 -0.20999   0.327045
  0.024769 -0.543341 -0.331181 -0.220277  0.332538  0.258714]
[ 0.306041  0.323713 -0.243902 -0.616337  0.276314  0.322295 -0.501474
  0.326341 -0.572473 -0.170268  0.236119  0.170845 -0.048215  0.319799
 -0.246367 -0.84772   0.133962  0.310452 -0.530356  0.327817]
[ 0.332309 -0.152236  0.241617 -0.235168  0.333322 -0.022624  0.332486
  0.323563 -0.056083 -0.126533  0.306895  0.333097  0.300752  0.226622
 -0.543797  0.283257  0.300782 -0.280904 -0.793987  0.014933]
[-0.946537  0.007201  0.287567  0.301602  0.326326  0.318115  0.205268
  0.314164 -0.140586 -0.96111   0.188966  0.177643  0.304148  0.32484
  0.33159   0.135623  0.328727  0.330969 -0.842772 -0.66488 ]
[ 0.150265  0.199733  0.308609  0.332744 -0.452607  0.323591  0.288264
  0.287417  0.16495   0.205841  0.16889   0.320686  0.333272  0.113999
  0.306086  0.252938  0.255022  0.330374  0.273094  0.125041]
[ 0.253817  0.27485  -0.999619  0.319794  0.230026 -0.620896  0.314292
 -0.99592   0.319755 -0.127329  0.304095 -0.055794  0.204716  0.312918
 -0.150394  0.331739  0.052821  0.23209  -0.617434  0.304903]
[0.0069539816388583531, -0.0094950799848348977, -0.014978232972518102, 0.1109140801231786, 0.084960711124474897, -1.9221540264985348e-05, -0.0032923306055160917, 0.025339239461869167, -0.0085254272172242129, -0.00031872892665246733, 0.055941688287320268, 0.06963599328051373, 0.017433043174245363, -0.040559959453641325, 0.03322695186913209, -0.0029667327338991634, 0.02191235966193239, 0.0061931778961724637, 0.03280055247943503, 0.028250479278026958, 0.031042340083873746, 0.067108403802543903, 0.045963358714915192, -0.036894381544647747, 0.0058185979101553209, -0.036396837116192737, -0.010218219135115947, 0.07865922069914405, -0.020529792847607899, 0.11707810937942206, 0.012228950507463116, 0.0024433626603821562, -0.045374003929210871, 0.022274467952283467, -0.028813246335808174, -0.019991462031384605, 0.00017310023055994161, 0.010691607738366748, -0.015725573990119313, -0.090794320693933062, -0.00011705690109123368, 0.01773233637149807, 0.088026046357567389, 0.062433401349354656, 0.14869318347384364, 0.0017104618677305783, 0.11823260893980841, 0.016973025042588519, 0.10974665888661114, 0.090956564357946856, 0.079238507388578655, 0.056984558833538312, -0.012724124294330674, 0.026041510905072396, 0.0015096129390921448, 0.048340370119490439, 0.035944381228544375, 0.015842424456403575, 0.092222840288124469, -0.024580754674135175, -0.0082616776849947504, 0.10037839945034369, 0.0027825906742050543, 0.031815539441541918, -0.10643568420719351, 0.074130206812686783, -0.026465227171401262, 0.12689288874068963, -0.024885886986645858, -0.011472107147032812, 0.033271592848206549, -0.020884818938837091, -0.0058232333265571257, -0.015813414893476596, -0.033311436033126862, -0.042368312906693351, -0.01107836504385605, -0.0065945564736154677, -0.0087870844099509071, 0.048492097790636679, -0.036142905811381298, 0.095350481294393691, 0.058077942299669949, 0.027262257007640872, -0.0143180652555574, -0.024399126577814179, -0.0017722089642813743, -0.011566084466469423, 0.021206308069799673, 0.032937578876658158, -0.011581841841379115, 0.018267433037137015, -0.0066090600211594075, -0.035369637102708219, -0.034898072061948116, 0.00744987248866541, 0.059079671360311226, -0.10294548518091851, 0.048801212514779729, 0.047177452548164911]
('time: ', 9798.195877075195)
