“Running plot script on a single CPU core”
[ 0.331129 -0.12591   0.247413  0.171492  0.282902  0.301317  0.172595
  0.159125  0.331958  0.197354  0.138456  0.250688  0.22072  -0.400898
  0.26796   0.1236   -0.946531  0.213389 -0.729766  0.313237]
[ 0.33122  -0.932917 -0.181146  0.308081 -0.962201  0.317588  0.31458
  0.088806 -0.720462  0.09042   0.126567  0.330456 -0.998205 -0.996404
  0.31129   0.254361  0.264396 -0.320734  0.196334 -0.653205]
[ 0.129536  0.331213 -0.995989  0.011954  0.314908  0.332158  0.33266
 -0.250772  0.056495 -0.777721  0.074847  0.209268  0.011593  0.05688
 -0.987144 -0.459349 -0.973032 -0.697679  0.327483 -0.501681]
[-0.977415  0.247483  0.332989  0.316748 -0.090036 -0.616416 -0.283571
 -0.976551  0.211768  0.031634  0.149818 -0.568589  0.324864 -0.873727
  0.325775  0.323209  0.275319  0.279837  0.036654 -0.382711]
[ 0.31781   0.243523  0.275374 -0.380336  0.315982  0.213933  0.320593
  0.303525 -0.141026 -0.997742  0.189917  0.321501  0.178316  0.328151
  0.197651  0.323212  0.3223    0.2613   -0.02626  -0.036311]
[-0.980163  0.161256 -0.690176  0.09664   0.086076  0.328348 -0.696444
  0.299454  0.267491  0.125655  0.3326    0.02092   0.077535  0.282334
 -0.628164  0.256799  0.187536  0.311888  0.132848  0.319828]
[ 0.039126  0.332275 -0.142604 -0.200663  0.301072 -0.790561  0.24187
  0.333333 -0.989277  0.308682 -0.348097  0.27337   0.008084  0.320899
  0.309613 -0.783687  0.33249  -0.36258  -0.208867 -0.01227 ]
[-0.039793 -0.626192 -0.144203  0.264782 -0.681834  0.234244  0.130993
 -0.191833 -0.201354  0.296629  0.0328   -0.637916  0.124109  0.092731
  0.214487  0.23039   0.30716   0.319345  0.330559  0.210626]
[ 0.113337  0.312208  0.091161  0.249804  0.163315 -0.694391  0.277145
 -0.147435  0.181719  0.120517 -0.998494  0.138843  0.128886  0.106433
 -0.036746  0.321176  0.278109  0.313614 -0.469143  0.333233]
[ 0.145077  0.10083  -0.281124  0.332954  0.283391  0.280662  0.30023
  0.325677  0.32043   0.114933 -0.175878 -0.263286 -0.412478  0.205537
  0.327819  0.275485  0.027311  0.268795 -0.13962  -0.533591]
[ 0.327469  0.317821  0.208895 -0.206941  0.330332  0.279105  0.008389
  0.333278 -0.085449 -0.697601  0.109974  0.215118  0.257489 -0.786404
 -0.182395 -0.086034 -0.084268  0.086159  0.122641  0.330625]
[ 0.32387   0.333265  0.32834   0.124091 -0.003312  0.333235  0.111854
  0.330859 -0.578039 -0.555696  0.333171  0.302976  0.120617  0.315954
  0.260594  0.332876  0.189671 -0.990182  0.332837  0.333134]
[ 0.112972 -0.990413  0.264639  0.175459  0.242414 -0.995294 -0.015016
  0.331461  0.104077  0.221103 -0.417965 -0.764196  0.281155  0.117263
  0.118577 -0.364523 -0.067582  0.142599 -0.418587 -0.975997]
[ 0.333277 -0.366672 -0.99301   0.229513  0.213174 -0.038006 -0.998162
 -0.285602 -0.480928 -0.041005 -0.150116  0.327423  0.26818   0.258059
 -0.475274  0.307069  0.333207  0.319743  0.070515  0.333257]
[  3.177075e-01  -1.872519e-01  -6.447510e-01  -6.712228e-01  -2.649716e-01
   3.317091e-01   6.877678e-02   1.649813e-05   3.318631e-01  -1.439472e-01
  -7.291033e-01   3.048888e-01   3.324365e-01   2.559530e-01   2.771750e-01
  -8.195892e-01  -1.706791e-01   2.623714e-01   2.110226e-01  -7.404253e-01]
[-0.998162  0.259114  0.164322  0.320871  0.332005  0.082922 -0.024682
 -0.05652  -0.939655 -0.010453  0.005624 -0.139392  0.328898  0.293932
  0.161197  0.292343  0.318479  0.229315  0.232766 -0.115038]
[ 0.262142  0.321978  0.20421   0.275443  0.306026 -0.742289 -0.640121
  0.2069    0.323937  0.323084 -0.047714 -0.356854 -0.979509  0.28534
 -0.648199  0.333057 -0.999844  0.122988 -0.594757 -0.24293 ]
[-0.243197  0.3025    0.25554   0.310893  0.33239   0.186958  0.241876
  0.178552 -0.310025  0.03466  -0.145514 -0.389796 -0.640232  0.329839
  0.084851  0.093326  0.159553 -0.560628 -0.593698 -0.048331]
[ 0.214568  0.152209  0.295715  0.277411  0.151457 -0.278907  0.257066
 -0.028049  0.074599  0.049466  0.192812  0.150841 -0.920562  0.228276
  0.308676  0.302352 -0.684     0.035201 -0.382798  0.133623]
[ 0.312707 -0.404703  0.316778  0.216935  0.178699  0.278546 -0.200497
  0.237602  0.327178 -0.267854  0.329595  0.319619 -0.992201  0.21017
  0.168016  0.33171  -0.498206 -0.871247  0.285316  0.226534]
[-0.647532  0.076942 -0.692425  0.147004  0.315388 -0.254659 -0.123998
  0.260993 -0.019578  0.317377 -0.782603  0.309743  0.281156  0.082315
  0.235544  0.311254  0.310113 -0.70663  -0.993912 -0.556835]
[ -8.385334e-01  -4.634189e-01   3.223373e-01  -6.214009e-01  -8.528126e-01
   1.142692e-01  -8.583743e-01   3.175962e-01  -2.934740e-01   1.569613e-01
   3.293985e-01   2.834703e-01   3.148796e-01   2.998538e-01   3.224595e-01
   9.290441e-02  -1.907563e-02   1.445748e-04   3.299126e-01   3.322061e-01]
[ 0.006887  0.256665 -0.305878  0.100219  0.19682   0.316698  0.162154
  0.293583 -0.276603  0.297612  0.116628  0.331199  0.311577 -0.447178
 -0.062991 -0.186866  0.224001  0.035923  0.319977 -0.988523]
[ 0.332502  0.323115  0.301642 -0.178685  0.293513 -0.165105  0.287542
  0.332479  0.328826  0.225047  0.229176  0.24405   0.245926  0.309567
  0.20695   0.159622 -0.104788  0.331077  0.007217 -0.693307]
[-0.276455  0.210859 -0.065033 -0.165446  0.264605  0.072018 -0.273884
  0.077773  0.121689  0.258249  0.094359  0.271257  0.280076  0.249715
 -0.131486  0.07187   0.239921 -0.76405   0.320877  0.323523]
[ 0.31713   0.330943  0.137859  0.31823  -0.238424 -0.451009  0.232539
  0.154274 -0.039305  0.20313  -0.348531  0.29521   0.276551  0.312352
  0.142561 -0.457418  0.036516  0.280705 -0.60704   0.33332 ]
[-0.127029 -0.559717  0.296643 -0.022925  0.136671 -0.108001  0.31872
 -0.849475  0.325512 -0.780649  0.295425  0.284018  0.283699 -0.962866
  0.325743 -0.119638 -0.438668  0.333179  0.330747  0.333215]
[ 0.325423 -0.223815  0.333079  0.157304  0.315355  0.216534  0.053858
  0.317735  0.331401 -0.268212  0.328927  0.310726  0.330096 -0.164408
  0.230553  0.333151  0.306287 -0.296894  0.324425  0.051344]
[ 0.272116  0.028079  0.207216  0.239316 -0.720187 -0.120575  0.085537
  0.251863  0.104822  0.261032  0.173908 -0.966203  0.325365  0.244158
 -0.83014   0.306884 -0.241125  0.323318  0.33151   0.108231]
[-0.670912 -0.172698  0.332782  0.330776  0.300125  0.044923  0.249264
  0.309028  0.327915 -0.085956  0.332148  0.332472  0.124409  0.077293
  0.139206 -0.185412  0.186847  0.310513  0.325814  0.323343]
[-0.749178  0.139099  0.327089 -0.863349 -0.520316 -0.555351 -0.721984
  0.333098  0.039897  0.318352  0.307512  0.176152  0.332543  0.050974
  0.182426 -0.368813  0.229406  0.194837  0.213262  0.243163]
[-0.566068  0.111691  0.231603  0.115282  0.237679  0.194818  0.332641
  0.332762 -0.186577 -0.800481  0.333091  0.216796 -0.211564  0.136351
  0.219773  0.328163 -0.626928  0.169254  0.229723  0.320543]
[-0.579451 -0.213549  0.314451 -0.968849  0.28386  -0.389734  0.305486
  0.030263  0.200364  0.33259   0.203281 -0.763127  0.283756 -0.46878
  0.332214  0.132117 -0.678472  0.33014   0.306414 -0.940509]
[ 0.202227  0.158988 -0.620132 -0.177627 -0.992357  0.331363  0.330295
 -0.980933  0.068283  0.247115  0.266336  0.309775 -0.245831  0.219904
  0.300706  0.307107 -0.807308 -0.012521 -0.990247 -0.043916]
[ 0.150791 -0.379028  0.165453  0.329377 -0.138669  0.12643   0.309671
  0.307219 -0.137986  0.207191  0.180726  0.187339  0.015893  0.327928
  0.262841  0.314266  0.078218  0.31257   0.255712  0.288123]
[-0.240466  0.064642 -0.183782  0.037816  0.332215  0.332047  0.331267
  0.332955 -0.243964  0.308099 -0.076416  0.288953  0.330837  0.162126
 -0.943855  0.057846  0.019627  0.331494  0.332336  0.333329]
[-0.615356  0.027102  0.188021  0.194635  0.214331  0.024243  0.333323
  0.287452  0.319055 -0.284428  0.307202  0.320122 -0.999898 -0.083818
  0.298776  0.296234  0.210076  0.316363 -0.874159  0.333327]
[-0.393232  0.105605 -0.225656 -0.393945 -0.064325  0.314488 -0.975191
 -0.956958  0.252163 -0.620181  0.333283  0.149973  0.311508  0.284993
  0.325392 -0.93932   0.264417  0.312695  0.331001  0.319961]
[-0.632022  0.190123  0.175517 -0.558693  0.302327  0.322027  0.309258
  0.330589  0.279672  0.297098  0.328223  0.295353 -0.007183 -0.077589
  0.298573  0.273046  0.32216   0.2076   -0.09327   0.18735 ]
[ 0.323635  0.332134  0.211535  0.184521 -0.362686  0.284316 -0.959944
 -0.995473  0.324796  0.222131  0.18257   0.121228  0.274163  0.025442
 -0.988155  0.247509  0.09604   0.120409 -0.158158 -0.422893]
[-0.120678 -0.896256  0.268417 -0.436651 -0.484209 -0.154852 -0.056773
 -0.767403 -0.697661 -0.146781 -0.271445 -0.16242   0.224889  0.332568
  0.09029  -0.065891  0.148576 -0.970377  0.011747  0.174361]
[ 0.249077 -0.007472  0.327385 -0.973113  0.304873 -0.275751  0.074952
 -0.882545 -0.733052 -0.615811 -0.593024  0.326235  0.321386 -0.93267
  0.191759 -0.870529 -0.184554 -0.464661 -0.00916   0.294284]
[ 0.300574  0.333277 -0.363918 -0.027147 -0.939909  0.309597  0.01227
  0.136631  0.301182  0.266221  0.297424  0.197005  0.17232   0.091323
 -0.602989 -0.972568  0.231327  0.11815  -0.621566  0.205814]
[ 0.225886  0.332488  0.27192   0.266526  0.333069  0.223334 -0.240738
  0.329096  0.273492 -0.9328    0.25904   0.076774  0.082082  0.299823
  0.328031 -0.239112  0.058475 -0.268298  0.054723 -0.135533]
[-0.342138  0.333323  0.275154  0.333135  0.306437 -0.391723 -0.534766
 -0.63863   0.333333  0.248768  0.07358   0.332766  0.070564 -0.537351
 -0.992805  0.159734 -0.418762  0.186276 -0.141131  0.069551]
[ 0.078924 -0.8669    0.259153  0.251429  0.182209 -0.275307  0.308887
 -0.950906  0.073931  0.268993  0.158632 -0.041323 -0.075838  0.330072
 -0.105215  0.332699  0.012411 -0.83629  -0.81562  -0.970222]
[-0.287716  0.331241  0.33291   0.269176 -0.629024 -0.061353 -0.206799
  0.24682   0.211441 -0.565135  0.332649  0.229924  0.21146  -0.219609
 -0.98315  -0.13023   0.329994  0.285677 -0.263076 -0.649567]
[ 0.31033   0.333024 -0.687768  0.053694  0.124875  0.179089  0.267667
  0.298197 -0.428296  0.332315  0.316826 -0.990537  0.324834  0.308666
  0.043822 -0.082896  0.133549  0.282284 -0.222327 -0.709591]
[-0.771442  0.121648  0.330186  0.018248 -0.1908   -0.762249  0.321498
  0.225605  0.080269 -0.44789  -0.907249  0.332072  0.271469  0.183854
  0.223503 -0.997333 -0.201409 -0.881557  0.02696   0.32684 ]
[-0.999857  0.281523  0.129685 -0.32023  -0.578244  0.317876  0.105084
  0.136289 -0.030715  0.298638 -0.538649  0.321987 -0.730066 -0.560373
 -0.655105 -0.771106  0.292269  0.138996 -0.967469  0.115594]
[-0.999094  0.272863  0.321122  0.204477  0.135622  0.329577 -0.078709
  0.002631  0.291329  0.300779  0.291721 -0.973905  0.319999  0.318647
 -0.999986  0.324462 -0.260209 -0.569761  0.178661 -0.97263 ]
[ 0.321046  0.189538  0.254209  0.33322   0.310126  0.330262 -0.258771
 -0.659776 -0.032256  0.303194  0.098794  0.284803  0.070001  0.237977
  0.219058  0.330949  0.067464  0.073125 -0.020795  0.283456]
[ 0.323681  0.26896  -0.25851  -0.319041 -0.999563  0.259806 -0.103497
 -0.795172  0.122037  0.159292 -0.126285  0.299374  0.317381 -0.19944
  0.321517  0.002696  0.025096  0.250273 -0.063114 -0.220863]
[-0.980612  0.120208  0.215876  0.320741  0.301845 -0.990853  0.32712
 -0.751751 -0.246532 -0.98744   0.331309  0.204265  0.30242  -0.98838
  0.012298 -0.98078   0.295725  0.093337  0.253356  0.261692]
[ 0.019167 -0.682868 -0.710124  0.298589 -0.134017 -0.962148  0.297006
  0.315802  0.331469 -0.678868 -0.716601  0.194748  0.099563  0.326187
 -0.012636  0.246825 -0.984693  0.219735 -0.974723  0.250427]
[ 0.133614  0.308062  0.256946 -0.641762  0.31893   0.097932  0.231937
  0.285923  0.266892  0.016386 -0.511095  0.224822 -0.929163 -0.227797
 -0.356066 -0.123345 -0.818383  0.10628  -0.05643   0.326332]
[ 0.322869 -0.49395   0.067204  0.329108  0.273109  0.280643  0.276662
  0.034403 -0.012604  0.333178  0.194896  0.017061  0.289369  0.010237
 -0.154391  0.315203  0.258245  0.325759  0.282195 -0.772199]
[ 0.249519 -0.213949  0.275366 -0.063394  0.02942  -0.058687  0.298978
  0.128488  0.033718  0.294786 -0.395925  0.262938  0.331786 -0.47334
  0.124599  0.123418  0.221203  0.297466 -0.539499 -0.862751]
[-0.236821  0.121836 -0.994827  0.10744   0.248457  0.289854  0.329961
 -0.308962  0.215815  0.092575 -0.270831  0.105697  0.312629  0.216335
  0.307869  0.204758  0.160992 -0.100944 -0.381362 -0.182576]
[ 0.331839  0.196653  0.333116 -0.099245  0.310659  0.328412 -0.182828
 -0.806358 -0.198352 -0.729971  0.237739  0.199198 -0.447754  0.27473
  0.057947 -0.47595   0.313888  0.331664  0.284408  0.319337]
[-0.377667 -0.164753  0.309768  0.275339 -0.010314  0.316272 -0.745418
  0.184768  0.194985  0.150406 -0.163379 -0.075142  0.330748  0.332877
  0.333333  0.005218 -0.61749   0.324381 -0.501936 -0.822306]
[-0.983801  0.310071 -0.131181  0.284861  0.046066  0.28469   0.162762
  0.333323  0.070974 -0.803149  0.332525  0.24968   0.185793  0.321687
  0.031707  0.291539 -0.18169   0.144751  0.309315  0.322658]
[ 0.316958  0.232384  0.170737 -0.30406   0.274467 -0.084994  0.317936
 -0.964714  0.212783  0.259054  0.240051  0.076899  0.310434  0.210356
  0.112511  0.333212  0.207224  0.323198  0.268867  0.325232]
[-0.876528  0.323519  0.330779  0.18197   0.30453   0.33316   0.298982
  0.193835  0.313992  0.294923  0.026095 -0.152129  0.160832  0.281564
  0.305611 -0.701116  0.333254 -0.982137  0.210098 -0.893653]
[ 0.221298 -0.320911 -0.610495 -0.999427 -0.057635  0.276856  0.266592
  0.15805  -0.514681  0.309989 -0.517866  0.288712  0.322826  0.326049
  0.264401  0.314401  0.052112 -0.613133  0.330246  0.293204]
[ 0.046656 -0.140266  0.325867 -0.101071 -0.055195  0.333008 -0.905659
  0.297902 -0.583246  0.160399  0.294515  0.293887  0.32251   0.319317
 -0.14192   0.066782 -0.264958  0.18106   0.297634 -0.019798]
[ 0.113595  0.174173 -0.720647 -0.879002  0.077579 -0.359933  0.304903
  0.237858  0.329692 -0.788539  0.332279  0.242514 -0.199754  0.30093
  0.323388  0.322989 -0.728808  0.281243  0.28878   0.017379]
[-0.093086  0.247472  0.315998 -0.388789  0.233612  0.30944  -0.828307
  0.332065  0.3322    0.314586  0.228988 -0.05948  -0.811419 -0.999459
 -0.998377  0.332536  0.255302 -0.619294  0.328325  0.328155]
[-0.764378  0.161677  0.071681  0.32121  -0.943267  0.309408  0.252259
  0.255004  0.332886 -0.196172  0.308982  0.313228  0.304164  0.324099
  0.323196  0.191677  0.287554  0.287967  0.230912  0.324429]
[ 0.217267  0.332198  0.289244  0.333266  0.325945  0.325675 -0.277111
  0.326443  0.329326  0.279147 -0.339341 -0.692811  0.33215   0.085965
  0.27125   0.330525  0.040675  0.332879  0.268526  0.296173]
[ 0.273046 -0.954896  0.204989  0.309258 -0.958639  0.315238  0.255622
  0.32034   0.271971  0.318449  0.307336  0.332157  0.113236 -0.786905
  0.333264  0.329802 -0.577827  0.227159 -0.039119 -0.197368]
[ 0.246871  0.161911 -0.631757 -0.970032  0.133505  0.332463 -0.747047
  0.172423  0.018112  0.332483  0.332719 -0.747542  0.257125  0.248444
  0.329543 -0.920423  0.152672  0.090819  0.047973 -0.995641]
[ 0.247241 -0.134321  0.086731 -0.340831  0.274868 -0.698924  0.056483
  0.332119  0.038399 -0.080293 -0.721831 -0.959502  0.328521  0.159517
  0.277275 -0.130598  0.194    -0.070955  0.293987 -0.002508]
[  2.033119e-01   7.465466e-02   3.333201e-01  -1.782251e-01   2.883621e-01
   2.430638e-04  -1.584552e-01  -6.471584e-02   1.828978e-01   1.921763e-01
  -6.953909e-02   2.537185e-01   3.164179e-01   4.902822e-02   2.393884e-01
   3.235331e-01   2.217782e-01   3.231735e-01   2.917407e-01  -1.084083e-01]
[ 0.095454  0.253815 -0.071471 -0.462605  0.31099   0.253166  0.279507
 -0.419554  0.26248  -0.750269  0.331822  0.242374 -0.711583  0.265221
 -0.089706 -0.082189  0.321654 -0.922502 -0.626671  0.085611]
[ 0.31625  -0.996049  0.143236 -0.902791  0.06229   0.285756  0.299716
  0.16857   0.201295  0.319444 -0.429848  0.089807  0.215767  0.229292
 -0.320782  0.277883  0.324115 -0.418333 -0.34711   0.324136]
[-0.57549   0.30423  -0.458554  0.20535   0.244034  0.333128  0.332473
 -0.057314  0.174772  0.241486 -0.182327  0.312917 -0.012799  0.191848
  0.282105  0.325402  0.329896 -0.054006  0.29293   0.282273]
[ 0.098437 -0.334405  0.298203  0.139409  0.330687  0.105136  0.207586
  0.101069  0.152267  0.321921  0.331959  0.279218  0.122318  0.058975
  0.287976 -0.89761   0.183136  0.264647 -0.518997 -0.174929]
[ 0.325139  0.328808  0.119472  0.318467 -0.983141  0.308174  0.332552
  0.33323  -0.130653 -0.075233 -0.955024  0.27295   0.328656  0.243288
  0.326748  0.294293 -0.605679  0.300349  0.198123  0.255819]
[-0.059952  0.125252 -0.788184 -0.626041 -0.063179  0.240679  0.285889
  0.224382 -0.007964  0.083153  0.333186 -0.382287  0.333275  0.332249
  0.296459  0.152918 -0.142917  0.320938  0.333226  0.303237]
[-0.961824  0.163947  0.035917  0.324963  0.320833 -0.501195  0.327115
 -0.596089  0.285699  0.021676  0.305137  0.118913  0.145056  0.161002
  0.233588  0.330835 -0.826476 -0.075094  0.331276  0.096416]
[-0.733286 -0.803894 -0.353822 -0.488349 -0.039211  0.332344 -0.549098
  0.312391 -0.134477  0.332755 -0.053383 -0.127379  0.251487  0.2766
 -0.437224  0.061427  0.319759  0.168744  0.297848 -0.140688]
[-0.372839  0.160333 -0.440464 -0.017551  0.326856  0.321866  0.326658
 -0.056412 -0.95966   0.330898  0.315542  0.054742  0.256298  0.292479
  0.208836  0.319101  0.331093  0.244904  0.248842  0.324563]
[-0.36396   0.2788    0.013156  0.208749 -0.029431  0.324623  0.016379
 -0.307747  0.115317  0.306806 -0.067747  0.324394  0.307368  0.279359
 -0.158649  0.300111  0.321822  0.17936   0.304095 -0.386929]
[ 0.092649  0.247322  0.056012 -0.727202 -0.431533  0.307296 -0.881573
 -0.171243  0.317366  0.124038  0.308869  0.333267  0.122726 -0.53873
  0.326207  0.329342  0.199251 -0.413567  0.26705  -0.368879]
[ 0.33179   0.330589  0.244509  0.331969  0.261834 -0.73688   0.321431
  0.236259  0.293096  0.296966  0.196304 -0.982841  0.141181  0.33333
  0.245834  0.272706  0.217145 -0.299359  0.113058 -0.186732]
[ 0.314923 -0.937032 -0.52456   0.222904 -0.378808 -0.420176 -0.243932
  0.157335 -0.51404   0.321321  0.330123  0.212964 -0.167766  0.130305
  0.002702  0.001963  0.309377  0.095186  0.286338 -0.913777]
[ 0.323112 -0.525953 -0.194431  0.332878 -0.066661  0.333288  0.023736
  0.317416  0.313762  0.309761 -0.416649 -0.123185  0.331092  0.290881
 -0.052577 -0.298082  0.124242  0.297314  0.03661  -0.260124]
[-0.16223  -0.671109  0.24553   0.173104  0.265453 -0.490462  0.332326
  0.32752   0.324792  0.289539  0.1754    0.277185  0.178922  0.196832
 -0.9947    0.282696  0.220781  0.314863  0.174706  0.316029]
[ 0.312929  0.258514  0.057099  0.21268   0.319268 -0.9169    0.332787
  0.32974   0.331551 -0.108536 -0.058291  0.261455 -0.322776  0.150498
 -0.566012  0.319325 -0.487177 -0.363695  0.331671 -0.550968]
[-0.084299 -0.114585  0.328335  0.320221  0.332492 -0.58379  -0.140341
  0.32454   0.097217 -0.048584  0.330767 -0.895153 -0.276166  0.31567
 -0.761105 -0.441332  0.27038  -0.278626  0.2072    0.231114]
[-0.998275  0.330342  0.316551  0.30746   0.326861 -0.055838  0.166452
 -0.517613 -0.313662  0.054816  0.112181  0.090925  0.144769  0.23893
  0.316748 -0.594575 -0.311738 -0.198692  0.329689  0.01907 ]
[ 0.307577  0.310618  0.279243  0.309251  0.082003 -0.393299  0.3333
 -0.03515  -0.036826  0.03086   0.18855  -0.9903   -0.448667  0.331993
  0.269967  0.117615  0.24524  -0.704341  0.020043  0.2315  ]
[ 0.124596 -0.064496  0.227481  0.291457 -0.654283  0.039552  0.207684
  0.329911 -0.635578 -0.657796 -0.767479  0.094397  0.320897 -0.532653
 -0.973029  0.045025 -0.448148  0.072959 -0.895099  0.062645]
[ 0.131608  0.332489  0.14715   0.298141  0.146708 -0.51282   0.119167
  0.290506 -0.823727 -0.941065  0.029556  0.297729  0.173388  0.205708
  0.228828  0.327424 -0.921615  0.283779 -0.433675  0.332541]
[ 0.058379 -0.336984 -0.101558 -0.270653 -0.570304  0.332114  0.088007
  0.1197    0.331512  0.176497  0.328597  0.207384  0.219573  0.095179
  0.303009  0.324364  0.332903  0.011534 -0.209111 -0.034081]
[ 0.332373  0.064318  0.321733  0.189491  0.172134  0.304044  0.303583
 -0.950719  0.224666  0.203109  0.058677  0.282192  0.331681 -0.949821
 -0.905089 -0.561603 -0.985736  0.292875 -0.060928  0.203993]
[-0.954258  0.31125   0.148043 -0.868217  0.048022 -0.543134  0.180529
  0.28463   0.326084  0.14707   0.317295 -0.950533  0.067914  0.224376
  0.299428 -0.923389 -0.469459  0.149406  0.298608  0.318565]
[-0.064089  0.313149  0.332626  0.323009  0.030245 -0.432031  0.282845
  0.332425  0.32331   0.072296 -0.985921 -0.136019  0.286524  0.323312
 -0.259364  0.083922 -0.564676  0.329921  0.082128  0.024197]
[ 0.136775 -0.150574  0.288154 -0.696234  0.278336 -0.475978 -0.797133
  0.238737  0.07561   0.202503  0.038267  0.132592  0.123309  0.113467
 -0.875356 -0.036131  0.315165  0.238128  0.231944  0.314977]
[0.03555896313476492, 0.045602190415730548, 0.054223023465274564, 0.072067386539394707, 0.054811443830368956, 0.094198992426759554, 0.047903253978164508, -0.027044848096387998, 0.063109955942469348, 0.056767042568613993, 0.0021577992377531663, -0.0084033711893795604, 0.056070191402400736, -0.041213538120523807, 0.079669994782455844, 0.052266849837761753, 0.10731647689649071, -0.011925424253951739, 0.057493932118316105, -0.023013572990519759, 0.0034168511114575084, 0.027781292678021763, 0.027710625801616838, 0.092402391173660808, -0.013809554636797339, 0.083379135151218448, 0.018354287886565207, 0.095513932877627272, -0.12668133969797929, -0.015914466274434047, 0.029767665978150726, 0.022854850508595259, -0.019002488959314223, 0.052687681095810734, 0.070908993716019678, 0.010181918312433785, 0.0024183926086634999, 0.026503476441999407, -0.0083722557442410528, 0.064670253037045267, 0.013478806647952854, 0.066962524012895513, -0.07237162548530196, 0.054000741345684777, 0.00053977202648841649, 0.014919366098143136, -0.0013324031154268723, 0.14056188722998761, -0.019787188004651401, -0.044887008694946662, -0.0082909969413071938, -0.04347868716727904, -0.046567978620905781, 0.016451876846084734, -0.0072843410205894604, 0.030566814821713528, -0.081417638259442204, 0.047255488557531727, 0.043579771225249503, 0.0036148507969760435, 0.033263180432496875, 0.0091488112156498103, 0.019516313099838256, -0.038302370418717091, -0.048726350968452348, 0.039226616399207867, -0.039669228985625693, 0.03162480246129945, 0.013039210939621237, 0.024403756095345369, -0.012642011839513134, 0.082300828235104068, 0.030585356830302113, -0.065744705465959757, -0.041433704338361119, 0.054210641629931056, 0.030396314265001112, 0.021532067158868406, 0.032686114815690503, -0.0081452338257349197, 0.023808888277871421, 0.010904553357244051, -0.0048044538220528565, -0.017479589042757149, 0.034234078900909536, -0.038782433572359998, 0.070293065528727189, 0.076378259348687416, 0.099736395938704869, -0.018992834302109574, -0.018722121405282621, 0.025552267653075278, -0.012199863398045241, 0.13492185559092773, 0.041399713387920728, 0.059054541505861036, -0.0061029453610841333, 0.020290910423819142, 0.033639380636831792, -0.032226512657776568]
('time: ', 15794.957607984543)
