“Running plot script on a single CPU core”
[ 0.072858  0.063557  0.08087  -0.026796  0.031455 -0.020225]
[-0.003326 -0.000792  0.010882  0.002776  0.01359  -0.019977]
[-0.039708 -0.002163  0.049872  0.009771  0.020279 -0.014611]
[ 0.020383  0.063059  0.02326  -0.000132  0.008032  0.029301]
[ 0.020189  0.029433  0.093332 -0.057348 -0.010532 -0.030419]
[ 0.016492  0.061996  0.028797 -0.007222 -0.022863  0.035817]
[ 0.006753  0.028444  0.008321  0.00796  -0.028305 -0.011696]
[ 0.076735  0.037887  0.113604 -0.010072 -0.0077   -0.022212]
[ 0.083081  0.073883  0.09214  -0.024454  0.032129  0.009121]
[ 0.003179  0.015121  0.026027  0.010887  0.00737  -0.016458]
[ 0.004615  0.0152    0.024203 -0.009365 -0.016052 -0.00225 ]
[ 0.098329  0.090196  0.151494 -0.015528 -0.002173  0.013072]
[ 0.00685   0.021318  0.035488 -0.016862  0.013032  0.001388]
[ 0.029623  0.07806   0.069427 -0.005345 -0.000532  0.012641]
[ 0.090097  0.083857  0.125201  0.001988 -0.032246  0.01621 ]
[ 0.03751  -0.003135 -0.000107  0.035381  0.021027 -0.003113]
[ 0.033584  0.038152  0.020866 -0.01048  -0.000462 -0.014292]
[-0.010819  0.033785  0.07686  -0.036385  0.009512 -0.019998]
[ 0.033372  0.043999  0.030017 -0.013826  0.00456  -0.015773]
[ 0.040654 -0.000133  0.119943  0.003099 -0.02058  -0.032446]
[-0.051517  0.039953  0.111256  0.014668 -0.00371  -0.012955]
[-0.019062  0.001531  0.054529 -0.009727  0.012314 -0.014807]
[ 0.158381  0.09279   0.149367  0.000682 -0.018878 -0.015848]
[ 0.100178  0.071479  0.094241 -0.003605 -0.010165  0.01328 ]
[ 0.032425  0.045366  0.029101 -0.030398  0.005914  0.021716]
[ 0.045246  0.015151  0.055767  0.010499  0.003732 -0.000601]
[ 0.011997  0.032855  0.005282 -0.033325  0.035514  0.020541]
[ 0.09336   0.149999  0.143803 -0.018815 -0.02716   0.010853]
[ 0.059241  0.014589  0.0899   -0.016485  0.009662  0.024415]
[-0.019143  0.01566  -0.020286 -0.054766  0.015444  0.021708]
[ 0.036339  0.014     0.074688  0.012926 -0.023472  0.004159]
[ 0.004795  0.070024  0.010936 -0.025689  0.018948  0.019212]
[ -1.906339e-03   5.291315e-02  -4.361427e-02  -4.663752e-05  -5.967553e-03
  -3.148221e-02]
[ 0.056837  0.056124  0.069288 -0.002566  0.031934 -0.016795]
[ 0.086748  0.070948  0.08822  -0.002349  0.020217  0.017707]
[ 0.047235  0.051475  0.11814   0.010521  0.009173 -0.011221]
[ 0.001589 -0.002993 -0.048806  0.01637   0.045758  0.028521]
[ 0.010485  0.021312  0.118856 -0.012978  0.00582   0.030446]
[-0.058148  0.018972 -0.049716 -0.040474  0.018698 -0.042046]
[ 0.049654  0.07975   0.022184  0.016509  0.037649  0.004102]
[-0.009428  0.010488  0.012396 -0.010323  0.018011 -0.000682]
[ 0.064159  0.072013  0.031822  0.007081  0.027293  0.025844]
[-0.005903  0.015539  0.042966  0.003107  0.038643 -0.005967]
[ 0.061923  0.032878  0.081655 -0.016017 -0.006883 -0.005879]
[ 0.083639  0.073249  0.088174  0.049852  0.029479  0.023717]
[-0.004991  0.013475  0.04223   0.014672  0.008168 -0.027203]
[ 0.017459  0.024069  0.050456  0.003415  0.011023  0.017489]
[ 0.070987  0.083704  0.110483 -0.006305 -0.02374  -0.017795]
[ 0.026511 -0.003095  0.058435 -0.010024 -0.005122 -0.044166]
[ 0.069681  0.094276  0.074083 -0.0038    0.001398 -0.015631]
[-0.027662 -0.022556  0.032885  0.00976  -0.007102 -0.00285 ]
[ 0.032791  0.072427  0.121298 -0.003516  0.01696   0.020453]
[ 0.066194  0.069317 -0.017696  0.010707  0.007856 -0.058637]
[ 0.038708  0.062382  0.098005  0.005162  0.010815 -0.003518]
[ 0.06884   0.006624  0.043493  0.014355 -0.009581 -0.032698]
[ 0.018321  0.079553  0.060406 -0.024188  0.008179 -0.017874]
[ 0.036172  0.029495 -0.016231 -0.001175 -0.000165  0.002539]
[ 0.090581  0.040303  0.014707  0.018846  0.002495  0.010909]
[ 0.052679  0.053949  0.018209 -0.020219 -0.003483  0.030067]
[-0.026699 -0.018157  0.014902  0.014296  0.023204  0.022984]
[-0.032043  0.025548  0.045926  0.047877  0.018751 -0.020362]
[ 0.06927   0.064863  0.063809  0.021869  0.003375 -0.008157]
[-0.036077  0.126978  0.029583  0.009538  0.059354 -0.007636]
[ 0.06797   0.015978  0.126343  0.003722  0.015708  0.024696]
[ 0.031735  0.017461  0.012042  0.035237  0.0194    0.012339]
[-0.017692  0.02542   0.039189  0.012605  0.020922 -0.004935]
[-0.028284 -0.015051  0.031682 -0.034628 -0.025637 -0.01192 ]
[-0.028155  0.096885 -0.008395 -0.042145  0.043269  0.025282]
[  1.346869e-02   1.840554e-02   4.199925e-02  -5.554492e-04  -4.280110e-05
   2.805679e-03]
[ 0.021796  0.06983  -0.002121 -0.012696  0.025462 -0.017411]
[ 0.047499  0.129902  0.124051 -0.038638  0.010201 -0.012508]
[-0.053948  0.036505  0.063369 -0.022666 -0.044814  0.012941]
[ 0.048016  0.079734  0.047385 -0.006887  0.005246 -0.003659]
[ 0.074064  0.040332  0.07488  -0.001022 -0.002827 -0.0068  ]
[-0.011932  0.033157  0.03328   0.038509  0.004003 -0.016559]
[ 0.007556  0.04296   0.047131  0.015206 -0.008107 -0.010242]
[ 0.039413  0.056041  0.033333  0.000392  0.026912  0.029999]
[-0.032822 -0.03596  -0.009614  0.007309  0.020915  0.003592]
[ 0.059299  0.022451  0.076719  0.026174 -0.014678  0.013469]
[ 0.061132  0.076242  0.069683 -0.005258  0.034674  0.006801]
[ 0.060994  0.088679  0.053383  0.000312 -0.015434 -0.024107]
[ 0.027371 -0.008093  0.074031 -0.01236   0.008521  0.017693]
[-0.043232  0.031185  0.034418 -0.032553  0.029691  0.016172]
[ 0.076914  0.07208   0.050059  0.01405   0.021507  0.034006]
[ 0.021815  0.099683  0.115144  0.02849   0.008416  0.010443]
[ 0.040997  0.04814   0.022147  0.039841  0.023258 -0.014035]
[ 0.009001  0.000912  0.002335  0.002595 -0.00403   0.012552]
[ 0.051504  0.01107  -0.00208   0.017861 -0.008801  0.019279]
[ 0.037355  0.060767  0.019191  0.022813 -0.024366 -0.011371]
[ 0.121095  0.078718  0.088115  0.002328 -0.01119  -0.005666]
[ 0.040628 -0.008021  0.080889  0.02446   0.017081  0.007489]
[ 0.104721  0.046324  0.08491  -0.034641 -0.028174 -0.041314]
[  7.998324e-02   6.932675e-02   4.904532e-02  -1.135524e-02  -7.974108e-04
  -5.495562e-05]
[ 0.064425  0.116176  0.133728  0.003767  0.011817  0.019753]
[ 0.061578  0.068951  0.111221 -0.041278 -0.033232 -0.044276]
[ 0.044531  0.074184  0.05578  -0.003029  0.001036  0.005832]
[ 0.053587  0.052785  0.009192 -0.037092  0.025118  0.014243]
[ 0.060462  0.082544  0.063394 -0.003919 -0.008104  0.000205]
[ 0.014754  0.031607  0.033477  0.013326  0.022991  0.032417]
[ 0.003855  0.07523   0.013455 -0.008613  0.045946 -0.001064]
('Mean', 1, ': ', 0.0038548375891681239)
('Median', 1, ': ', 0.0038548375891681239)
('Variance', 1, ': ', 0.0)
('Mean', 2, ': ', 0.075230466323883)
('Median', 2, ': ', 0.075230466323883)
('Variance', 2, ': ', 0.0)
('Mean', 3, ': ', 0.01345475359949184)
('Median', 3, ': ', 0.01345475359949184)
('Variance', 3, ': ', 0.0)
('time: ', 13303.522902965546)
