“Running plot script on a single CPU core”
[-0.894561 -0.666999 -0.83127  -0.858466 -1.113513 -0.782399 -0.066022
  0.0675    0.041222  0.01023   0.126768  0.041778 -0.04104   0.036709
  0.026739 -0.089032  0.026024 -0.066438  0.007667  0.037095]
[-0.726652 -0.707234 -0.772501 -0.635078 -0.760203 -0.698638 -0.057715
  0.055708  0.042207  0.047769  0.048753  0.039641 -0.065777  0.048689
  0.045175 -0.017355  0.03478  -0.055282 -0.07696  -0.006711]
[-0.926989 -0.942986 -0.708208 -0.963957 -0.828324 -0.741839  0.003295
  0.244942 -0.008121 -0.047326 -0.09923   0.030873  0.048919 -0.071712
  0.116922 -0.03904  -0.080355 -0.024263 -0.010391  0.011228]
[-0.880677 -1.13578  -1.011277 -0.860027 -0.751147 -0.941554 -0.013275
  0.067989  0.052691  0.042422 -0.063673 -0.029994  0.013932 -0.060457
  0.044162  0.071098  0.024513  0.026525  0.044849 -0.019927]
[-0.981163 -1.036135 -0.943272 -0.939354 -0.799463 -0.987556  0.043601
  0.010686 -0.028958 -0.025821  0.027399 -0.025329 -0.07894  -0.018857
 -0.013723 -0.026412 -0.040456  0.020602 -0.052552 -0.003425]
[-0.673806 -0.842408 -0.938281 -0.685878 -0.773987 -1.024394 -0.018537
 -0.095306  0.107613 -0.126957 -0.020961  0.175282 -0.04074  -0.030979
 -0.149493 -0.05955  -0.125226  0.004485 -0.005767 -0.011161]
[-1.002592 -0.88585  -0.868286 -0.922868 -0.933609 -0.875734  0.091884
 -0.077647  0.091564  0.005804 -0.010991  0.070804 -0.022427  0.036584
 -0.066161  0.007515  0.005288  0.049233 -0.017087 -0.028236]
[-1.201491 -1.095777 -1.04043  -1.232757 -1.11154  -1.07459   0.014724
  0.08297   0.059315  0.002125 -0.052214 -0.008153  0.036443  0.012665
 -0.027032  0.016995 -0.077871  0.093832 -0.032798 -0.013958]
[-0.932092 -1.270448 -1.105978 -1.148223 -0.969879 -1.335557  0.003151
 -0.002622 -0.025107 -0.086557 -0.002786  0.013041 -0.045907  0.016908
 -0.032325  0.011809 -0.018941  0.013823 -0.021558 -0.02144 ]
[-1.167507 -0.975585 -0.990138 -0.983682 -1.006308 -0.675551  0.01504
 -0.113694 -0.051631  0.061529  0.085962  0.032741 -0.057395  0.102955
 -0.025963  0.017308  0.132384 -0.061706  0.033473 -0.019673]
[-0.781598 -0.636495 -0.661103 -0.598131 -0.706535 -0.461686 -0.10699
  0.068217  0.065634  0.018248  0.067211  0.061152 -0.037401  0.050428
 -0.013926  0.043626  0.046055 -0.134808  0.016051 -0.020191]
[-0.768286 -0.676547 -0.75196  -0.827787 -0.83503  -0.825683 -0.084759
  0.061641  0.046125 -0.086191 -0.075943  0.027772 -0.016041 -0.046796
  0.143046  0.021068 -0.089264 -0.072276  0.011199  0.020564]
[-0.915645 -0.689097 -0.607258 -0.918304 -0.769444 -0.666876  0.084706
 -0.003465 -0.005196 -0.029518  0.125514  0.013119 -0.00406   0.154584
  0.007519  0.008517 -0.04543   0.04493  -0.0393   -0.004668]
[-1.007243 -1.43433  -0.890189 -1.175267 -0.789723 -1.271966  0.046339
 -0.040354  0.016283 -0.03225  -0.040287 -0.050277  0.060999 -0.089191
 -0.093155  0.012426  0.019518  0.031662  0.0097   -0.018955]
[-0.676075 -0.847071 -0.733018 -0.8939   -0.710445 -0.936493  0.010675
 -0.033473 -0.061961 -0.058733  0.118036 -0.022245  0.072853  0.121919
 -0.071365  0.108282 -0.077813  0.067384  0.038804  0.041724]
[-0.836498 -0.858895 -1.043626 -0.675338 -0.958625 -0.959707 -0.018218
  0.012093 -0.044846  0.059493  0.037027 -0.05902   0.008219  0.064564
  0.050214  0.02393   0.043914 -0.011691 -0.096248 -0.046531]
[-0.900062 -0.665821 -0.882902 -1.122242 -1.35974  -0.900292  0.015108
 -0.003117  0.077172 -0.025894  0.161996  0.099508  0.043983  0.02357
 -0.052314  0.047796 -0.025241 -0.068132  0.020343 -0.026382]
[-1.045752 -0.784401 -0.854069 -0.702617 -0.854622 -0.673019  0.02189
 -0.018897  0.104413  0.049092 -0.054819  0.054177  0.01731  -0.08984
  0.081384 -0.002136  0.139409  0.035936 -0.017811  0.053104]
[-0.864424 -0.732552 -0.79804  -0.671899 -0.760062 -0.48555   0.027283
  0.008345  0.047558  0.092079 -0.005683  0.044821 -0.092408  0.054294
 -0.021612 -0.076136  0.020987  0.030257  0.004715  0.019958]
[-1.287808 -1.246781 -1.019591 -1.115635 -0.999631 -1.024843 -0.050263
 -0.111684 -0.069146 -0.092106 -0.157398  0.01387   0.034626 -0.112299
 -0.089896  0.014327 -0.021264 -0.042721 -0.0363   -0.021337]
[-1.182994 -0.960665 -1.177667 -0.895118 -1.094305 -0.99837   0.080527
  0.016609  0.103213  0.044754  0.084676  0.102839  0.003672  0.090752
 -0.059876 -0.118903  0.089633  0.008402  0.023807  0.016139]
[ -9.557990e-01  -1.024612e+00  -1.020325e+00  -9.338673e-01  -8.666580e-01
  -1.047056e+00  -8.278791e-02   2.257885e-02   5.900413e-02  -2.571342e-02
   1.090097e-01   6.729580e-04  -1.206067e-01   5.423830e-02   8.787553e-03
  -8.516352e-02   1.146952e-02  -4.324922e-02   2.455131e-02   5.210743e-02]
[-0.799132 -0.882808 -0.803436 -0.911281 -0.732217 -0.931869 -0.052829
 -0.080238 -0.047971  0.035962  0.029871 -0.047406  0.032772  0.013904
 -0.11467   0.043072  0.027257 -0.043087  0.062512  0.005197]
[ -9.033208e-01  -7.608083e-01  -7.635737e-01  -1.007277e+00  -9.477317e-01
  -9.228649e-01  -5.621057e-02  -1.078082e-01   1.815081e-02   1.203402e-02
  -1.382227e-02   4.160901e-02  -3.619992e-02  -5.232263e-02  -1.242133e-01
  -1.276009e-02   3.348717e-04  -8.691614e-02   1.761962e-02   1.263089e-02]
[-1.133556 -0.918363 -1.171854 -0.845084 -0.879371 -1.116103 -0.190758
  0.024182 -0.007883 -0.06232   0.027573 -0.090884  0.070673 -0.016592
  0.084423  0.098924 -0.053301 -0.159468  0.005348 -0.028475]
[-0.868579 -0.809138 -0.861989 -0.848868 -0.918635 -0.864129  0.016985
  0.019133  0.023365  0.041651  0.09966   0.045595 -0.030222  0.072956
 -0.019487 -0.070443 -0.007251 -0.015336 -0.024301 -0.005833]
[-1.245048 -1.105761 -0.935707 -1.039085 -1.067139 -0.805238 -0.063281
  0.012815 -0.091254  0.135669  0.028028 -0.072062  0.113082 -0.020442
  0.054996  0.078699  0.155101 -0.006292  0.047879  0.013239]
[-1.134755 -1.235648 -0.916012 -0.896023 -0.662802 -0.782055 -0.015395
 -0.039446  0.016576 -0.009063 -0.039888 -0.021604  0.181386 -0.078466
 -0.037182  0.130522 -0.032529  0.007968 -0.007493 -0.029491]
[-0.734119 -0.603525 -0.572264 -0.583152 -0.517038 -0.411901 -0.038569
 -0.004867  0.022158 -0.025699  0.014999  0.069157 -0.119288  0.041109
 -0.032902 -0.090995 -0.026026 -0.004238  0.014799 -0.001875]
[-1.204844 -1.049187 -1.069189 -1.13784  -1.113413 -1.071034 -0.027226
  0.031204 -0.10148   0.056446  0.042311 -0.10515  -0.014558  0.06833
  0.030522 -0.04058   0.077663  0.058772  0.019564  0.06246 ]
[-0.933328 -1.003686 -0.987108 -0.848989 -0.822167 -1.053854 -0.184037
  0.138052  0.126551 -0.042731 -0.042105  0.077979  0.080232 -0.029337
  0.142912  0.043145 -0.050641 -0.227444 -0.024863 -0.009884]
[-0.819609 -0.907601 -0.436783 -0.986251 -0.424132 -0.494353 -0.041295
 -0.001837  0.06153   0.056873  0.142699  0.074621 -0.026135  0.151554
  0.026997 -0.046133  0.10258  -0.031062  0.001666 -0.035914]
[ -1.005830e+00  -9.982946e-01  -9.329347e-01  -9.349812e-01  -9.584727e-01
  -1.022845e+00   4.438437e-03   2.858610e-04  -3.235712e-03   1.762364e-02
  -6.487563e-03  -2.391147e-03   5.349745e-02   1.121393e-02   3.281802e-02
   6.926781e-02   4.851477e-03  -4.520406e-03  -4.126018e-02   2.952409e-02]
[-0.744266 -0.811826 -0.794108 -0.686649 -0.537362 -0.621933 -0.077584
  0.051382 -0.020932 -0.071377 -0.02057  -0.050611 -0.10307  -0.013752
  0.058928 -0.098413 -0.056481 -0.064238 -0.017767 -0.009319]
[-1.031262 -1.008928 -1.024917 -0.920347 -0.820793 -0.813517 -0.084369
 -0.053427 -0.011981  0.04389  -0.053175  0.015349  0.057047 -0.017069
 -0.069472  0.045425  0.059927 -0.082129 -0.025966  0.040764]
[ -7.450221e-01  -8.453107e-01  -7.858336e-01  -6.754401e-01  -6.299481e-01
  -7.552504e-01  -2.289430e-02   5.651897e-02  -1.843408e-02   6.405434e-02
  -1.234271e-03  -2.820756e-02   6.081455e-03  -6.160711e-03   7.071995e-02
  -5.351977e-03   5.460825e-02  -6.647403e-02  -2.730801e-02  -5.012710e-04]
[-0.934733 -0.879085 -0.653428 -0.883392 -0.851645 -0.813428 -0.051588
 -0.059952 -0.012194  0.061851 -0.056955  0.010782  0.015766 -0.041684
 -0.013314 -0.046434  0.074494 -0.032122 -0.055427 -0.008766]
[-0.869849 -0.861805 -1.010565 -0.710645 -0.956235 -0.988454  0.099517
 -0.050646  0.023011  0.007971 -0.026686  0.061512  0.096308 -0.028462
 -0.09449   0.133649  0.094431  0.095461  0.008265 -0.020356]
[-1.048531 -0.825136 -1.147271 -0.829178 -1.276945 -0.892879 -0.038116
 -0.024592  0.060603 -0.092828 -0.035428  0.004064  0.109144 -0.025659
 -0.001415  0.134672 -0.022661 -0.037031 -0.065681 -0.031452]
[ -8.902369e-01  -9.197506e-01  -7.882287e-01  -1.057998e+00  -9.635651e-01
  -1.016464e+00   6.464744e-02  -8.593207e-03  -2.542821e-02  -5.601396e-02
   1.226514e-02  -9.113617e-04   2.946370e-02  -6.584891e-02  -8.654582e-04
   3.416822e-02  -9.093078e-02   4.291659e-02   3.404339e-02   4.675498e-02]
[ -1.196277e+00  -9.626811e-01  -1.028992e+00  -9.696344e-01  -9.277133e-01
  -7.943081e-01  -3.960405e-03   1.059932e-02  -9.275954e-02  -3.132087e-02
   6.708536e-02  -2.243005e-02   3.203539e-02   5.706705e-02  -3.109328e-02
  -3.771025e-02   2.435679e-02  -5.348392e-02   5.597481e-04   3.490129e-02]
[-0.856943 -0.972407 -0.921453 -0.752203 -0.683938 -0.730048 -0.017688
  0.05783   0.06858   0.14731   0.058032  0.066702 -0.050293  0.088472
  0.038057 -0.041724  0.10118  -0.028918 -0.015997 -0.030493]
[ -7.605490e-01  -7.542532e-01  -8.796366e-01  -6.672559e-01  -7.317530e-01
  -9.213367e-01  -2.137722e-02  -6.188620e-02   3.995217e-02   5.478127e-03
  -1.112642e-02  -9.856709e-03   3.203789e-04   2.688061e-03  -1.278915e-02
   4.314562e-03   4.987393e-02  -5.438067e-02   3.619045e-02   5.781192e-03]
[-0.996043 -1.218357 -1.120714 -0.816194 -0.644034 -0.916681 -0.132665
 -0.006099  0.04205   0.056964 -0.016723  0.070979 -0.055982  0.012816
  0.019224 -0.036872  0.025104 -0.163404  0.032094 -0.002078]
[ -7.324558e-01  -8.557153e-01  -8.592501e-01  -6.148750e-01  -6.746825e-01
  -9.439541e-01  -6.902007e-02   5.635895e-02  -3.719064e-02  -1.921240e-02
   3.895809e-02  -8.438035e-03  -5.159154e-03   7.795489e-02   4.038385e-02
  -1.327771e-02   4.597989e-02  -1.749471e-01  -3.601551e-03   2.939942e-04]
[-0.939989 -0.686256 -0.521924 -1.004884 -0.928535 -0.545698  0.08093
 -0.051607  0.009659  0.020323 -0.176812  0.027065 -0.142682 -0.147072
 -0.103427 -0.132706 -0.059738  0.11538  -0.075108 -0.015998]
[-1.004311 -0.98818  -1.115048 -0.779266 -0.984831 -0.709895 -0.065706
 -0.179048 -0.074382  0.068699  0.158999 -0.091958 -0.13238   0.189119
 -0.166354 -0.096531  0.045633 -0.024831  0.021678 -0.033609]
[ -8.144172e-01  -7.732567e-01  -8.679684e-01  -6.426167e-01  -8.437682e-01
  -7.779877e-01  -1.225140e-01  -5.583695e-02  -1.294800e-02  -1.478837e-02
   3.330552e-02   4.196187e-02  -5.366854e-02   2.952269e-02  -6.010548e-02
  -4.148678e-02  -2.360039e-02  -2.020052e-01  -4.773331e-03  -3.207222e-05]
[-0.897751 -0.984836 -0.84124  -0.987711 -0.682981 -0.939823  0.073164
 -0.021897  0.017148 -0.029402  0.101087  0.008215  0.067674  0.200104
 -0.020599  0.052124 -0.076742  0.024207  0.009379  0.003201]
[-0.936814 -0.958165 -0.853793 -0.726708 -0.650561 -0.698536  0.060934
  0.007608 -0.086496  0.029689 -0.094101 -0.080471 -0.017093 -0.114033
  0.015103 -0.031383  0.057027  0.090843  0.05831  -0.010414]
[-0.966798 -0.844354 -0.909936 -0.721199 -0.714513 -0.548805  0.084798
  0.147533 -0.009482  0.03348  -0.045734  0.031755  0.004065 -0.111341
  0.219705 -0.0283    0.018618  0.039067  0.034065 -0.020966]
[-0.910165 -0.967176 -0.671703 -0.818508 -0.698999 -0.664644  0.08856
  0.063321 -0.022764  0.01462   0.011344 -0.032191 -0.122463  0.013126
  0.044739 -0.126357  0.030292  0.0424    0.051191  0.025219]
[-0.954161 -1.037556 -0.663046 -0.876819 -0.561744 -0.65986   0.001746
  0.097136  0.003082  0.00793  -0.065196 -0.014309  0.191639  0.023598
  0.059609  0.119791  0.007518  0.016994 -0.019209 -0.031402]
[-0.859446 -1.043391 -0.94786  -0.902645 -0.712335 -1.044522 -0.100954
  0.005293  0.082965 -0.115295 -0.021163  0.170801  0.017585 -0.004916
 -0.16745   0.012772 -0.186134 -0.04493  -0.025866 -0.007231]
[-1.083032 -0.838613 -0.790698 -0.988101 -1.04536  -0.968709  0.06189
 -0.014682  0.002684 -0.032476  0.01519   0.039391  0.104018  0.07528
 -0.005083 -0.026789  0.02616   0.095068 -0.024186  0.024783]
[-1.026047 -0.826632 -0.848866 -0.81454  -0.90539  -0.745398  0.042206
 -0.013451  0.032175 -0.028734  0.045333  0.043243 -0.079126 -0.021064
  0.017106 -0.082774 -0.074331  0.038257  0.049425  0.016879]
[-0.944415 -0.959707 -0.719237 -0.986738 -0.702977 -0.98799  -0.07751
  0.196092  0.04633  -0.109901 -0.013173  0.00515   0.040033 -0.031391
  0.057939 -0.106375  0.013748 -0.001382 -0.050616  0.053702]
[-1.062339 -0.951954 -0.96591  -0.969264 -1.07197  -1.027034 -0.07746
  0.088437 -0.021972 -0.053201 -0.031664  0.006371 -0.033616 -0.039882
  0.071306 -0.042723 -0.067261 -0.065499  0.009001  0.011619]
[-1.02067  -0.882022 -0.810139 -0.851989 -0.930723 -0.834199  0.030938
  0.066729  0.053743 -0.110466  0.039429  0.042549  0.110747  0.014977
  0.018287  0.078528 -0.094924  0.029943  0.073846  0.026084]
[-0.95335  -0.966339 -0.820468 -0.88114  -0.817838 -0.845102 -0.073159
  0.01808  -0.042666  0.109226 -0.074836  0.009687  0.046706 -0.081242
  0.020972  0.084797  0.138878 -0.077757  0.083566  0.001003]
[-0.787119 -0.99496  -0.45433  -0.927356 -0.3149   -0.486528 -0.008441
  0.117463  0.030462 -0.04997  -0.181265 -0.023389 -0.046361 -0.200617
  0.083857 -0.048012 -0.043142 -0.024732 -0.056184  0.025982]
[-0.70235  -0.700996 -0.817084 -0.537785 -0.596256 -0.724207 -0.017392
 -0.001915  0.097554  0.073105  0.012102  0.121172  0.031467  0.002162
  0.002204  0.044893  0.069702 -0.035489 -0.029323 -0.025368]
[-0.717454 -0.743135 -0.589274 -0.749246 -0.627964 -0.851713 -0.063784
  0.070189  0.106162  0.024261  0.116025  0.106577 -0.222414  0.131312
  0.092999 -0.192436  0.062339 -0.063755 -0.001174  0.088996]
[-1.041476 -1.035984 -0.727181 -1.120713 -0.790082 -0.914503 -0.125518
 -0.114211 -0.05188  -0.039376  0.31169  -0.050482  0.166172  0.309746
 -0.184068  0.065856 -0.122081 -0.112674  0.010731  0.005477]
[-0.875275 -0.920395 -0.978344 -0.831675 -0.843958 -1.080643  0.01581
  0.075781  0.004238 -0.009963 -0.077875  0.03198  -0.0418   -0.067509
  0.12095  -0.00795   0.013714  0.034061  0.072076 -0.005693]
[-0.527845 -0.551155 -0.392976 -0.607117 -0.524351 -0.546943 -0.011278
  0.083843  0.122899 -0.026516  0.021865  0.145895 -0.004812  0.023815
  0.060704  0.060931 -0.084797 -0.007161  0.005825 -0.004156]
[-0.814398 -0.876256 -0.868274 -0.682137 -0.632763 -0.820846  0.009441
 -0.043141 -0.083612  0.055457 -0.089175 -0.048578  0.025658 -0.097531
 -0.064704  0.050633  0.056837  0.021067 -0.011723  0.004692]
[-0.787731 -0.758638 -0.794137 -0.834957 -0.943003 -0.885397 -0.090962
 -0.039297 -0.006377  0.049419 -0.045831 -0.019205  0.035435 -0.002236
 -0.06167   0.050162  0.069032 -0.102289 -0.051511 -0.044721]
[-1.00119  -1.016438 -0.905689 -0.895241 -0.709232 -0.853703 -0.037609
 -0.023283  0.12615   0.004265  0.066437  0.111638 -0.002184  0.075694
  0.005768  0.022207 -0.018061  0.020418 -0.006369  0.011794]
[-0.857879 -0.859884 -0.589194 -0.880888 -0.581011 -0.600707 -0.005715
 -0.026243 -0.038245  0.077874 -0.001046 -0.029083  0.130203  0.015218
 -0.014244  0.142843  0.080064 -0.015046 -0.005158 -0.003849]
[-0.825306 -0.934792 -0.756586 -0.708254 -0.614762 -0.650022  0.15401
 -0.083072 -0.149657  0.073814  0.065082 -0.108449 -0.106629  0.03665
 -0.132237 -0.199844  0.239205  0.169503 -0.009718 -0.008988]
[ -1.021831e+00  -8.503249e-01  -8.609322e-01  -9.090838e-01  -9.243177e-01
  -6.047168e-01  -3.996741e-02  -1.275248e-02  -1.441279e-02   7.295762e-02
   9.994514e-03   1.448818e-04   3.282925e-02   7.729519e-02   5.232647e-02
   2.572246e-02   5.237701e-02  -2.828297e-02   5.257291e-02   4.496511e-02]
[-0.792924 -0.927625 -0.560687 -0.709125 -0.324875 -0.668673 -0.012039
 -0.204824 -0.121478 -0.081956 -0.041396 -0.026733  0.042075 -0.005342
 -0.060159  0.119669 -0.042056 -0.00357  -0.014479 -0.002519]
[-0.948134 -0.891809 -0.733845 -0.976649 -0.840082 -0.835397  0.009621
 -0.020199  0.031697 -0.017097  0.093096  0.030136  0.072336  0.089151
 -0.053648  0.048329 -0.034904  0.055428 -0.0865   -0.029546]
[-1.009927 -0.876938 -1.138272 -0.823157 -1.110442 -0.763914 -0.040258
  0.071423 -0.011328  0.033972  0.034609 -0.097504  0.102692  0.028117
  0.082966  0.070358 -0.001351 -0.066027 -0.004904 -0.012668]
[-0.782954 -0.899778 -0.786453 -0.782929 -0.80023  -0.82324   0.002535
 -0.017978 -0.116581  0.1235    0.097475 -0.047878 -0.105167  0.113129
  0.061974 -0.135409  0.123276 -0.003122 -0.020049  0.00474 ]
[-0.93667  -0.877005 -0.703254 -0.884349 -0.743984 -0.703137  0.067317
 -0.03727  -0.015174  0.05225   0.001816 -0.032733 -0.0483   -0.063982
 -0.067138 -0.057595  0.035428  0.041169 -0.021021 -0.002628]
[ -1.208293e+00  -9.864711e-01  -1.072891e+00  -1.175536e+00  -1.185716e+00
  -1.149180e+00  -1.222002e-01   1.779436e-02   4.576217e-02  -4.390391e-02
   8.751256e-02   4.471949e-02  -1.754417e-01   7.361298e-02   8.072083e-02
  -1.334848e-01  -6.054104e-02  -9.479994e-02   1.556484e-02   5.327487e-04]
[-0.579127 -0.43803  -0.310099 -1.202672 -0.842611 -0.824978  0.041897
 -0.215768  0.018528 -0.055714 -0.244352  0.006339  0.024534 -0.226239
 -0.136461  0.054875 -0.137208 -0.022021 -0.014262  0.028939]
[-1.080886 -0.856244 -0.733546 -1.081155 -0.808928 -0.547254  0.058982
  0.122099  0.138339 -0.027905 -0.22391   0.142017  0.158155 -0.289649
  0.107606  0.096435  0.010064  0.02598  -0.014499  0.006696]
[-0.939302 -0.756543 -0.826917 -0.987396 -1.128163 -0.922936  0.156662
 -0.073997  0.020188  0.119159  0.029574 -0.014446  0.013181 -0.011282
 -0.065438 -0.030002  0.085141  0.295286 -0.080384 -0.050812]
[ -1.053895e+00  -1.060958e+00  -9.548792e-01  -9.301623e-01  -9.440600e-01
  -8.111833e-01  -8.437365e-03  -5.534717e-02  -2.439956e-02  -5.408113e-03
   2.350868e-02   1.027298e-01   7.019777e-02   1.036069e-02  -1.047774e-01
   3.135667e-02   2.759553e-02  -2.569185e-04   5.962109e-02   1.147261e-02]
[-0.766089 -0.719627 -0.788103 -0.74035  -0.791304 -0.683457  0.014293
  0.008025  0.004387  0.125645  0.014086  0.019136 -0.107332  0.034143
 -0.001008 -0.095125  0.103166  0.039919 -0.027456  0.001199]
[-0.971653 -1.289923 -1.20761  -0.925959 -0.81781  -1.349728  0.167207
  0.080828 -0.129908 -0.156284 -0.087347 -0.169131  0.049599  0.006299
  0.098437 -0.034052 -0.03616   0.121787 -0.038551 -0.041104]
[-1.005922 -1.072249 -0.787025 -0.84904  -0.66902  -0.706442  0.014641
 -0.023867 -0.036348 -0.029906 -0.02017  -0.026473 -0.038403  0.00449
 -0.0426   -0.012763 -0.019034 -0.002761 -0.074331  0.001347]
[-0.614564 -0.749506 -0.424651 -0.847062 -0.475781 -0.687604  0.127035
 -0.035747  0.030766 -0.030715 -0.174879  0.034998 -0.036056 -0.105557
 -0.038352 -0.016642 -0.04492   0.129567  0.020537 -0.024501]
[-0.644253 -0.570798 -0.720295 -0.594255 -0.663178 -0.618371 -0.015168
  0.012174  0.042204 -0.023573  0.046051  0.032013  0.004294  0.050623
  0.025613  0.025454 -0.051097 -0.01904  -0.022959  0.013251]
[-0.856562 -0.977691 -0.920418 -0.844909 -0.711814 -0.90263  -0.031944
  0.014464  0.082471  0.106204 -0.041561  0.028155 -0.066137 -0.062475
  0.07645  -0.042159  0.119804 -0.007737  0.027856 -0.012865]
[-1.090571 -1.18854  -1.03266  -0.98507  -0.748348 -0.808761  0.030533
 -0.10784  -0.064305  0.139879 -0.011928 -0.106361 -0.121162 -0.081291
 -0.079421 -0.101432  0.091303  0.136619 -0.067979 -0.065282]
[-0.763428 -0.690355 -0.788966 -0.664675 -0.788732 -0.563249 -0.06317
 -0.147726 -0.136118 -0.072893 -0.08245  -0.118869 -0.075116 -0.093902
 -0.11074  -0.090252 -0.084027 -0.035466 -0.018463 -0.005097]
[-0.796522 -0.857404 -0.949185 -0.826071 -0.761801 -0.984445  0.058334
  0.004726 -0.045394 -0.026108 -0.010807 -0.039706  0.086027  0.027389
  0.089055  0.096946 -0.079228  0.069035  0.048795  0.013852]
[-0.93161  -0.971403 -0.569585 -1.126779 -0.576057 -0.671462 -0.055414
  0.042287 -0.013615 -0.039513 -0.017018 -0.007237  0.033969  0.007733
  0.028365  0.015823  0.017188 -0.063519  0.01458   0.02605 ]
[-0.8198   -1.020657 -0.957179 -0.733262 -0.702841 -0.893728 -0.060656
  0.043165  0.020272 -0.04689  -0.068039  0.042263  0.021856 -0.037917
  0.075651  0.019358 -0.044931 -0.032442 -0.029748  0.003207]
[-0.844663 -0.733361 -0.834451 -0.702701 -0.875721 -0.698091 -0.051018
  0.160326 -0.007179  0.011445  0.214179  0.004334 -0.046685  0.177671
  0.126255  0.002516 -0.046675 -0.033729  0.019383 -0.01622 ]
[-0.941548 -0.679364 -0.669175 -0.990906 -1.107202 -0.812758  0.081952
  0.080496  0.036258 -0.037214 -0.027159 -0.00212  -0.023587  0.073037
  0.146298 -0.083823  0.056306  0.220844 -0.061123 -0.029791]
[-1.026071 -0.834121 -0.879295 -0.993109 -1.091402 -0.920422  0.075885
  0.041616  0.026145 -0.009657 -0.038349  0.025319  0.019523 -0.02762
  0.051777  0.022435 -0.015001  0.067744  0.02061   0.051864]
[-0.978813 -1.125867 -1.217961 -0.95634  -1.044316 -1.397033  0.112191
 -0.042474  0.105704 -0.056206 -0.045505  0.12397   0.080015 -0.005365
 -0.025335  0.060193 -0.112052  0.039627 -0.09575  -0.070325]
[-1.152036 -1.2385   -1.166746 -0.90533  -1.054064 -1.101542 -0.061
  0.106921  0.020586 -0.019361  0.224289  0.191128  0.044009  0.080569
 -0.018041  0.049015 -0.014503 -0.113629 -0.005271 -0.061485]
[-0.717716 -0.730836 -0.656558 -0.741568 -0.597716 -0.623535 -0.00616
  0.088642 -0.059791 -0.006352  0.124983 -0.03623   0.043193  0.086563
  0.086254  0.032866  0.001687 -0.051714  0.011849  0.01234 ]
[-0.877286 -0.746082 -0.766603 -0.767816 -0.688182 -0.712564  0.100424
  0.244789 -0.164003  0.115578 -0.060409 -0.133335 -0.021835 -0.043127
  0.232026  0.041942  0.05814   0.078662  0.01714  -0.02784 ]
('Mean', 1, ': ', -0.87728641208964997)
('Median', 1, ': ', -0.87728641208964997)
('Variance', 1, ': ', 0.0)
('Mean', 2, ': ', -0.74608241056329594)
('Median', 2, ': ', -0.74608241056329594)
('Variance', 2, ': ', 0.0)
('Mean', 3, ': ', -0.76660318432915153)
('Median', 3, ': ', -0.76660318432915153)
('Variance', 3, ': ', 0.0)
('Mean', 4, ': ', -0.76781562287423644)
('Median', 4, ': ', -0.76781562287423644)
('Variance', 4, ': ', 0.0)
('Mean', 5, ': ', -0.68818200345595637)
('Median', 5, ': ', -0.68818200345595637)
('Variance', 5, ': ', 0.0)
('Mean', 6, ': ', -0.71256400354451688)
('Median', 6, ': ', -0.71256400354451688)
('Variance', 6, ': ', 0.0)
('time: ', 10670.928323984146)
