“Running plot script on a single CPU core”
[ 0.200682  0.128076  0.140163  0.315945 -0.987213  0.126897  0.327275
  0.206514  0.315913 -0.438394  0.309585 -0.290209 -0.896814 -0.028063
  0.325644 -0.450045  0.290575  0.30798  -0.980509  0.266306]
[ 0.315608 -0.86897   0.296795 -0.041511  0.333298  0.315543 -0.023274
  0.305672 -0.666866 -0.743947  0.314726  0.324608 -0.008537 -0.865771
  0.292985  0.333259  0.077145 -0.0918   -0.215959 -0.709367]
[ 0.306189 -0.729061  0.273856  0.279216 -0.058816  0.00516   0.212935
  0.333282  0.256996  0.233319  0.332975  0.328294  0.074396  0.304085
  0.333086 -0.39992   0.329421 -0.968112  0.221297 -0.394399]
[ 0.326771 -0.064162  0.320923  0.146388 -0.10026   0.155243 -0.049826
  0.292501 -0.499816  0.212353  0.268923  0.332343  0.273145  0.332776
 -0.515686  0.307348  0.171316 -0.202176  0.333025 -0.941452]
[ 0.083818  0.296866  0.198996 -0.58698  -0.07938   0.032249  0.149813
  0.333109  0.279948 -0.108927 -0.168152  0.333072 -0.06842   0.325444
  0.08067   0.291619  0.259326  0.309522  0.221068  0.327878]
[ 0.012962 -0.231794 -0.22048   0.26312   0.287106 -0.892911 -0.298017
 -0.906377 -0.104909 -0.445738  0.16239  -0.123622 -0.352575 -0.236157
 -0.009414 -0.89914   0.299521  0.31882   0.265412 -0.135041]
[-0.314564  0.051949  0.332213  0.304312  0.042538 -0.855704 -0.234271
  0.244474 -0.321651 -0.426726  0.330968 -0.999229 -0.978488  0.31762
 -0.838936 -0.899939  0.166936 -0.911057  0.191267 -0.332804]
[ 0.327741  0.318323  0.094232  0.283338 -0.832529  0.332961 -0.781226
  0.28794   0.003535  0.254413 -0.377982 -0.266416 -0.625377 -0.5941
  0.308081  0.14032   0.182421  0.277492  0.307333  0.222209]
[ 0.281404  0.139682  0.310214  0.214996  0.108252  0.323211  0.327093
  0.186493 -0.43906   0.209504  0.260124  0.289685 -0.110999  0.333073
  0.165839  0.300068  0.147107 -0.09129  -0.298832 -0.669651]
[-0.037943  0.08198  -0.43023   0.238603 -0.528587  0.119638  0.320456
  0.242161 -0.982675 -0.039219 -0.739256  0.278186 -0.380116  0.283354
  0.331104  0.303136  0.153455  0.333331 -0.565884 -0.732767]
[-0.577918 -0.97842  -0.187128 -0.842697  0.279403 -0.038436 -0.934253
  0.216119  0.218014 -0.716931  0.23827  -0.030518 -0.064627  0.276667
 -0.635242  0.103009  0.268152 -0.497268 -0.25379   0.152889]
[ 0.316499  0.066356 -0.850029 -0.967641  0.233305  0.151475  0.153215
  0.314395 -0.364315  0.254006  0.215626  0.00409  -0.986387  0.327835
  0.309044 -0.32027   0.28438   0.076188  0.321606 -0.9006  ]
[ 0.200302  0.122596  0.294138  0.316046  0.26908   0.330552  0.116547
  0.101935  0.292144  0.318988  0.016014  0.240667  0.151316  0.331621
  0.259636 -0.88073  -0.923918 -0.855549  0.332811 -0.368911]
[ 0.33244   0.330575 -0.963036  0.325923 -0.960994  0.240537  0.269399
 -0.982575 -0.067621 -0.575109 -0.06703   0.254319  0.30308   0.099039
 -0.575516 -0.675973  0.32934  -0.104167  0.262582  0.327825]
[-0.154414  0.303873 -0.99958   0.220488 -0.974754 -0.06702   0.331212
 -0.115222  0.227706 -0.046919 -0.860195 -0.462541  0.158383 -0.396695
  0.01113   0.131823  0.321296  0.32705   0.201694 -0.302161]
[ 0.332284  0.317209 -0.034337  0.261482 -0.855153  0.208354  0.284815
  0.333276  0.120273  0.147608 -0.084302  0.251844 -0.173174 -0.531527
  0.134292  0.173514 -0.871647  0.140794  0.324805  0.296108]
[ 0.331051  0.192237  0.066964  0.32859   0.313152  0.305852  0.327967
  0.332975  0.136168  0.295974 -0.931289  0.285126  0.116201  0.273855
  0.330121  0.312038  0.307334  0.314332  0.32905  -0.450296]
[ 0.051002  0.328794 -0.209067  0.322974 -0.159066  0.212595  0.286318
 -0.046439 -0.12707  -0.258913  0.221338 -0.15249  -0.893969 -0.055128
 -0.233442  0.238427  0.27579   0.278651 -0.338324  0.323439]
[-0.899478  0.332294  0.32563  -0.731716 -0.811943  0.17542   0.220192
  0.179991 -0.635919  0.128301  0.279613  0.294885 -0.097005  0.302791
  0.279177  0.014607  0.250905  0.135285  0.255538 -0.225475]
[ 0.316702  0.263314 -0.992558  0.14771   0.327343  0.315075  0.182958
 -0.051427 -0.473636 -0.863674  0.332351  0.183951 -0.018008  0.253336
  0.153671  0.295902  0.234008  0.30935  -0.221206  0.298707]
[-0.148806 -0.160181  0.323037 -0.983883 -0.188846  0.249056 -0.640696
 -0.992265  0.307412  0.294386 -0.902505 -0.180377  0.254886  0.321226
 -0.045346 -0.977202  0.115295  0.333227  0.176681 -0.892485]
[ 0.224099  0.24061  -0.611317  0.187816 -0.757859  0.075096  0.279825
  0.331672  0.06956  -0.589598  0.333318  0.071996  0.047452  0.182903
  0.325572  0.212622  0.333168  0.18086  -0.213717  0.057732]
[ 0.157737  0.271369  0.330108  0.165474  0.326631 -0.148217  0.256901
  0.315122  0.306262 -0.464578  0.139317  0.047941  0.235398 -0.269657
  0.290528  0.320297  0.183422 -0.529634 -0.431322  0.305366]
[ 0.266954 -0.588111  0.312951 -0.192874 -0.372502  0.048765  0.283988
 -0.041961  0.31644   0.147744 -0.764005 -0.571739  0.325317  0.32036
  0.164955  0.328083  0.093038  0.288163  0.231463  0.301458]
[ 0.141189  0.321196  0.312421  0.269163  0.232812 -0.597785  0.036336
 -0.248369 -0.96125   0.141336 -0.748859  0.312988  0.304224 -0.308271
  0.328327  0.256493  0.330681 -0.638091  0.149176 -0.991027]
[-0.908224  0.310816  0.333031  0.204573  0.321737 -0.062725  0.240978
  0.303485  0.269907  0.276657 -0.905611  0.155711  0.021731  0.269418
  0.326892  0.186272  0.324072  0.304408 -0.671874  0.33194 ]
[ 0.179409  0.329338  0.321534  0.333329 -0.488853  0.040805  0.226009
  0.308925  0.071239  0.331525  0.154075  0.020634  0.306003  0.242118
  0.307945 -0.99052   0.292872 -0.689968 -0.530886  0.183837]
[ 0.263862 -0.975492 -0.212852  0.202391 -0.014548 -0.037892  0.213306
  0.260531 -0.541917  0.284016  0.112765  0.329924  0.305502 -0.084162
  0.327704  0.215501  0.33333   0.148026  0.294039  0.329831]
[ 0.191709 -0.352281 -0.278948 -0.758257 -0.058839  0.324513  0.333281
  0.301368  0.265408 -0.975201  0.253812  0.301348  0.17842   0.081477
  0.057826 -0.997531  0.304983  0.043128  0.333175  0.181847]
[ 0.333272 -0.276816 -0.27133  -0.039487  0.134364  0.318003  0.198457
  0.28872  -0.04603   0.224492  0.273458  0.313915  0.324677  0.25286
 -0.487606  0.284607 -0.076982  0.332682  0.075491  0.310524]
[-0.12488  -0.716649 -0.189311  0.053423  0.305728  0.248597  0.192951
  0.279837 -0.029519 -0.534535 -0.252524  0.282262  0.333217  0.314659
  0.311506  0.332786  0.048658 -0.330232 -0.86771   0.330498]
[ 0.329202  0.039864 -0.379537 -0.345026 -0.200323  0.329393  0.250737
 -0.885582  0.230992  0.312297 -0.528741  0.031373  0.113932  0.228847
  0.325392  0.136813  0.296431  0.102314  0.295612  0.328735]
[ 0.18857  -0.364008  0.310198 -0.513653  0.332871 -0.835789  0.308749
 -0.177539  0.272339 -0.261746  0.323174  0.303037  0.321758 -0.451511
  0.042096  0.325624  0.307808 -0.523624  0.000846  0.310024]
[ 0.331887 -0.179149  0.305305 -0.058328 -0.574884  0.316658  0.285497
  0.270838  0.310009  0.122679 -0.027599  0.322434  0.096479  0.313682
 -0.895963 -0.507979  0.141422  0.310763  0.247219  0.313684]
[ 0.080135  0.137294  0.332891  0.329688  0.332954  0.169249 -0.071602
  0.316352  0.156745  0.158392 -0.271257 -0.790922  0.255184 -0.5955
  0.266245  0.107181  0.294137  0.062095  0.017293  0.319486]
[ 0.333266  0.304212  0.287015 -0.106499  0.328631  0.070144  0.071994
 -0.398731 -0.668098  0.308317  0.315483 -0.007227 -0.222448  0.269819
  0.306289  0.330655  0.144883 -0.643833  0.246364  0.186311]
[ 0.263026  0.20641  -0.748104  0.146577  0.183642  0.325708  0.332879
  0.30718   0.333266 -0.47316   0.142511 -0.744474 -0.012807 -0.074636
 -0.101464 -0.774189  0.314885  0.306159  0.126841  0.316094]
[ 0.327823  0.328371  0.282564  0.044475  0.331788  0.327345  0.320132
  0.331804 -0.092987  0.281968  0.066475 -0.189262  0.215141 -0.20263
 -0.636998  0.207117  0.225929 -0.216709  0.196419 -0.150643]
[ 0.125147 -0.943128 -0.768899  0.303721  0.330361  0.25391   0.299119
 -0.119235 -0.303555  0.33332   0.324002  0.264154  0.15728  -0.265607
 -0.239701  0.142167  0.259125 -0.796403  0.299148  0.333071]
[ 0.306841  0.290175 -0.529838 -0.062086 -0.1448   -0.84464   0.135307
  0.258357 -0.614321 -0.041713  0.299009 -0.221198  0.271942 -0.951828
  0.23862   0.272518  0.298108  0.25781   0.332266  0.314185]
[ 0.291124  0.16771  -0.751498  0.117665 -0.176803 -0.578045  0.305228
 -0.137633  0.330261  0.237974 -0.066709  0.332501  0.226771  0.330399
 -0.001787 -0.20564   0.159353 -0.847158  0.331876  0.155604]
[ 0.116047 -0.674494 -0.948234  0.32857   0.327709 -0.877371  0.317548
  0.332232 -0.828181 -0.889673  0.292842  0.332061  0.326137  0.209038
 -0.049377  0.189649  0.218583  0.328569 -0.889212  0.283099]
[-0.888222  0.262071 -0.114257  0.121482  0.316914 -0.651149  0.300457
  0.060498  0.214612 -0.118531 -0.964267  0.31931  -0.018033 -0.661613
  0.222876  0.312787 -0.724576  0.249819  0.140555  0.158359]
[ 0.125898  0.269706  0.332247  0.315868 -0.353839 -0.087914  0.307955
 -0.159639  0.254921 -0.975764  0.148913 -0.030695  0.332036  0.322711
 -0.640346 -0.71136   0.283503 -0.493869 -0.72051  -0.942229]
[-0.9999    0.282831  0.297271  0.203241 -0.618363 -0.690789 -0.540699
 -0.603209 -0.978773  0.223361  0.237866  0.330155  0.30622  -0.120121
  0.33082   0.310206  0.319173  0.273952  0.326875 -0.317331]
[ 0.220723 -0.998988 -0.045097 -0.024672 -0.090058 -0.836803 -0.119604
 -0.204637  0.322889  0.142103 -0.102255  0.271857  0.332991  0.281719
  0.251653  0.265711  0.168014  0.329891  0.255704  0.308215]
[-0.340245  0.326597  0.151388 -0.091768 -0.895279 -0.042447 -0.082532
  0.228822 -0.456926  0.044648  0.119792 -0.115702  0.327566  0.318653
  0.326199 -0.758786  0.332071  0.321394  0.231903  0.319906]
[ 0.125039  0.044316  0.300664 -0.389283 -0.068641 -0.318796  0.32271
  0.183428 -0.663767 -0.017836  0.248411  0.298082  0.233771  0.233559
  0.167906 -0.990759 -0.63712  -0.135584  0.043512  0.316305]
[ 0.276607 -0.949704 -0.068894 -0.59916  -0.605794  0.218067 -0.943288
  0.27222   0.252453 -0.362533  0.307073 -0.643723 -0.608081  0.332088
  0.160293  0.02807  -0.957037  0.297363  0.312114 -0.978094]
[ 0.192112 -0.08775  -0.04898  -0.417201  0.182019 -0.249201 -0.052183
  0.314172 -0.657517 -0.940655  0.237769  0.333243 -0.458712  0.313465
 -0.070596  0.32923   0.29065   0.229761 -0.898748  0.265202]
[-0.032135 -0.370484  0.332902  0.329127  0.287076  0.282374 -0.217269
  0.209241  0.332052  0.283666  0.324987  0.240306 -0.38536   0.063247
 -0.024128  0.018805  0.292511  0.320773  0.196167 -0.381229]
[-0.696395  0.306424  0.081955  0.329885  0.320156  0.315314  0.285816
  0.024707  0.144662 -0.797158  0.041122 -0.150461  0.332889  0.322178
  0.255344  0.307153  0.197279 -0.193977 -0.875148 -0.22479 ]
[ 0.276391 -0.311968  0.286825  0.199153  0.333271 -0.64424   0.149417
  0.08543  -0.99986  -0.09439  -0.36527  -0.961381 -0.602952  0.328352
  0.321018  0.286109  0.289273 -0.49716   0.00804   0.243974]
[ 0.304663  0.107097  0.080074  0.262731  0.333256 -0.086195 -0.96033
  0.267267  0.326457 -0.771817  0.2366   -0.211457  0.313399  0.190423
  0.319028  0.262599  0.005118  0.30839  -0.268628 -0.670708]
[-0.608391  0.320577  0.332477 -0.798925  0.194703  0.249799 -0.646682
  0.28824  -0.107112  0.304512 -0.295104  0.244164  0.230965  0.332905
  0.113138  0.07642   0.282814  0.068334  0.141023 -0.344734]
[ 0.190904  0.281815 -0.041917  0.30829  -0.955932 -0.335257  0.15911
  0.328685  0.007977  0.263833  0.143066  0.216181  0.146069  0.088577
 -0.838539  0.16281   0.330448  0.171944 -0.09015   0.2977  ]
[ 0.321702  0.281298 -0.578214  0.275611  0.295532  0.158752  0.277737
  0.14054  -0.380181  0.263933  0.19155   0.162437  0.320993  0.32919
 -0.131289 -0.017454  0.308674  0.28658  -0.99949   0.00257 ]
[-0.814068  0.213322  0.274847  0.329909  0.154233  0.287409 -0.355055
 -0.997471 -0.223991  0.210737  0.276372  0.280532 -0.937339 -0.214855
  0.267404 -0.151772 -0.010082 -0.457744  0.165214  0.153696]
[ 0.002887  0.317336 -0.10168   0.276745  0.050376  0.3003    0.15723
 -0.074747  0.314908 -0.210815 -0.179372 -0.189188  0.14726  -0.089219
  0.333006 -0.783204  0.227605 -0.603481 -0.498025  0.333267]
[-0.224065 -0.773716  0.279474  0.012862 -0.080057  0.109783  0.211109
 -0.43179   0.271575 -0.499691  0.306633  0.10277  -0.811786  0.292548
  0.120213  0.314585  0.017323  0.330706 -0.499388  0.218534]
[ 0.313636 -0.289408  0.233988  0.053567 -0.556051  0.316034 -0.269567
  0.29629   0.332517 -0.527044 -0.912225 -0.929041 -0.010692 -0.27329
 -0.41978   0.09214   0.292556  0.319614  0.291135  0.23252 ]
[-0.22004   0.060049  0.109715 -0.136235 -0.964789 -0.252528  0.188512
  0.293357  0.221203  0.200102  0.100757  0.083905 -0.376033 -0.534607
  0.293012 -0.824817  0.332731 -0.1626   -0.193684 -0.802721]
[-0.585481 -0.997661  0.295574  0.248599 -0.999996  0.264357  0.191941
 -0.743017  0.171562 -0.898329  0.333326  0.276046  0.301736  0.243635
  0.33218   0.281061  0.316205  0.160984  0.32908  -0.559749]
[ 0.184225  0.329985  0.190531  0.317555  0.309165  0.333316 -0.992895
  0.29519  -0.233041  0.328384  0.30047   0.332816  0.155155  0.180235
  0.140601  0.18858   0.150768  0.311359 -0.339921 -0.132745]
[ 0.286518  0.261552 -0.25368   0.051674  0.300373  0.323834  0.332817
 -0.927718  0.328389  0.32146   0.273282 -0.263024  0.321553  0.227794
  0.017171  0.280045 -0.995349  0.180017  0.266896  0.20081 ]
[-0.026435  0.315241  0.324858  0.146233 -0.101845  0.333331 -0.413204
  0.160301  0.285619  0.330038  0.210932  0.331137  0.272106  0.333304
  0.333042  0.161106  0.048441 -0.187702 -0.249158 -0.234507]
[ 0.283459 -0.332758  0.31045   0.328353 -0.167898  0.277872  0.32576
 -0.174514 -0.435981 -0.004822 -0.772931  0.32562  -0.90314  -0.066147
 -0.123336  0.2612    0.203943  0.013319 -0.351874  0.321818]
[ 0.26315   0.081243 -0.428572  0.31581  -0.169709 -0.893868  0.172685
 -0.57541   0.285047 -0.649993 -0.084953  0.056037 -0.625073  0.331412
  0.170833  0.075068  0.272761 -0.112177  0.0521   -0.180543]
[-0.91472  -0.094468  0.272558 -0.498733 -0.880603  0.333137 -0.06338
  0.03644   0.211117  0.33324   0.280073  0.12476   0.273668  0.107438
  0.247716 -0.58422   0.287162  0.173165  0.04464   0.33066 ]
[ 0.022146  0.311006  0.168424  0.16997   0.100794  0.151842 -0.326912
  0.231312  0.331461 -0.828563  0.156463 -0.505256  0.117303  0.134714
  0.307101 -0.40847   0.196614  0.333333  0.12622  -0.968945]
[ 0.213514  0.119695  0.070603  0.332504 -0.219363  0.13746   0.250687
  0.016849  0.33244   0.330108  0.194602  0.137752  0.321253  0.331589
 -0.744018 -0.825201  0.302027 -0.280393  0.125115  0.331771]
[-0.175649  0.323833  0.319574  0.282268  0.322165  0.303564  0.325925
  0.016904  0.248566  0.305752  0.333333  0.333147  0.319623  0.309176
  0.296831  0.302816  0.332154  0.300752 -0.168114 -0.966462]
[ 0.125954 -0.13944   0.070776  0.225875  0.028231  0.277799  0.328587
  0.285665 -0.009195 -0.854382  0.313277  0.226832  0.173033  0.007761
  0.037294  0.301723 -0.624164 -0.314978 -0.865113 -0.625526]
[ 0.223148  0.325794  0.332154  0.031415  0.197978  0.301646  0.331282
  0.333011  0.015397  0.273286  0.302722  0.156837  0.070868  0.306958
  0.104947  0.214175  0.305602 -0.111291  0.285212 -0.481813]
[-0.268768  0.226582  0.277171 -0.295308  0.020873 -0.214624  0.229715
  0.253431  0.287026  0.134658  0.246285 -0.22983   0.141643  0.330751
 -0.536661 -0.177522 -0.329968  0.056152  0.224832 -0.739062]
[-0.81226  -0.911532 -0.350895  0.294616  0.199851  0.307113  0.002614
  0.217669  0.320243 -0.999703  0.333333 -0.481818 -0.317759  0.011469
 -0.708918  0.333298  0.272564  0.018269 -0.757873  0.086392]
[ 0.32072   0.269766 -0.259309  0.302108 -0.99713   0.329519  0.230889
  0.251715 -0.251639  0.268134 -0.263631 -0.209583 -0.011329 -0.19818
  0.199639  0.054628 -0.016132  0.094372  0.085632  0.332089]
[-0.167878  0.294996 -0.187663 -0.015206 -0.152997  0.193585  0.311566
  0.279387  0.122771 -0.856102 -0.294683  0.012251 -0.569079  0.333303
  0.28887   0.333039  0.217675  0.326855  0.159454 -0.392837]
[-0.314902 -0.651809 -0.988539  0.182658  0.163831  0.315024 -0.999883
  0.314776  0.246249  0.319826  0.278327  0.161443  0.264969 -0.05066
 -0.814634  0.282726 -0.087652  0.329297 -0.435404  0.33333 ]
[-0.142974  0.1395    0.281099 -0.494417  0.042149 -0.674806  0.249623
 -0.19124  -0.987979  0.331169  0.143551 -0.083286  0.199927  0.326784
 -0.994991 -0.095955 -0.246376  0.021337  0.297954  0.260538]
[ 0.091505 -0.832909 -0.467414  0.30446  -0.242292  0.221862 -0.088827
  0.327879 -0.906554  0.316736  0.333245 -0.028205  0.199717  0.312867
  0.151026  0.333141  0.096288  0.311929 -0.023302  0.171121]
[ 0.308439  0.333333 -0.917293  0.046767  0.330089  0.33095   0.275533
  0.264218  0.201574 -0.52197   0.324298  0.306664  0.331275  0.068758
  0.155581  0.201843  0.315241 -0.761693 -0.562135 -0.654379]
[ 0.30428   0.323136  0.2755    0.312113 -0.383573  0.313438  0.284944
  0.269707  0.284123  0.316878 -0.767635  0.220765  0.309784  0.312392
 -0.835763  0.026054  0.333294  0.273337  0.080694 -0.087487]
[-0.994073  0.10635  -0.052909  0.276187  0.323403  0.155719 -0.191879
 -0.997419  0.333299  0.280793  0.005833 -0.034389  0.326089 -0.192898
 -0.241735 -0.456365  0.313119  0.252987  0.323689 -0.10687 ]
[-0.181978  0.125235 -0.043043  0.188993 -0.115263  0.280994 -0.005513
  0.127326  0.208094 -0.046103  0.331423 -0.918602  0.266018  0.036487
 -0.442994 -0.915686  0.327846  0.018206  0.330743  0.333329]
[-0.63406  -0.401333  0.333193  0.319274  0.291007 -0.0638   -0.992858
  0.329992  0.303614  0.132989  0.332451  0.258529  0.271394  0.321058
  0.071619  0.319032  0.330236 -0.032465 -0.303693  0.078094]
[ 0.067313  0.141065 -0.663655 -0.621442 -0.239765 -0.5367    0.307866
  0.122518  0.266934  0.331778 -0.18058  -0.10732   0.251961  0.250578
  0.239705  0.242317 -0.070806  0.332115 -0.85627   0.270302]
[-0.20047   0.283866 -0.997958  0.329054  0.329504  0.29793   0.197907
 -0.047927 -0.928198 -0.362352 -0.331209  0.224454  0.330724 -0.623908
  0.260131 -0.163956  0.327796 -0.931612 -0.019032 -0.896823]
[-0.968202 -0.294854  0.323558 -0.131773 -0.452828 -0.961581  0.323665
 -0.403053  0.120174 -0.060937  0.331453 -0.356927  0.279209 -0.223229
 -0.18427   0.31149   0.315673 -0.178722  0.332886 -0.106548]
[-0.806662 -0.064166  0.149932  0.194401 -0.886434  0.325933 -0.38514
 -0.119333  0.286742  0.319246 -0.940859 -0.22472   0.330337  0.329782
 -0.03575   0.27803   0.3026   -0.603016  0.331905 -0.71293 ]
[-0.022135  0.33333   0.324423  0.257058  0.227154 -0.513604  0.298789
  0.27273  -0.999784  0.273016  0.126737 -0.219272  0.317295  0.224111
  0.227289 -0.156816 -0.984668 -0.869393 -0.863277  0.325882]
[-0.326339  0.254773  0.165112 -0.023438 -0.382395  0.302133  0.208871
  0.254223  0.205097 -0.033641  0.33249   0.31603  -0.259846  0.177362
  0.259864 -0.857638  0.253037 -0.060637 -0.212423 -0.032397]
[-0.102007 -0.556348  0.315907  0.30712  -0.3099    0.207667  0.080375
  0.31742  -0.437777  0.290885  0.323902  0.302722 -0.982791  0.285712
 -0.475916 -0.900084 -0.969666  0.273023  0.296712 -0.683195]
[ 0.243969  0.052672 -0.47643  -0.044554  0.061914 -0.742405 -0.360309
  0.32092  -0.144909  0.151647  0.013972  0.287295  0.067358  0.208351
  0.302001 -0.917102 -0.184957  0.180141 -0.384621  0.080396]
[ 0.327767  0.328342 -0.365678 -0.594475 -0.385331  0.332706 -0.783598
 -0.180261 -0.600481 -0.009246  0.27342  -0.266286  0.141133 -0.502446
  0.32476   0.213937 -0.263437  0.130904 -0.03985   0.323518]
[-0.083588  0.318346  0.205733 -0.611961  0.302284 -0.758833  0.126916
  0.295075 -0.398961  0.330863 -0.291107 -0.480214  0.285769 -0.06583
  0.228701 -0.110119  0.193267 -0.036216 -0.749382  0.043886]
[ 0.048614 -0.853043 -0.259573  0.26518   0.249394  0.088913  0.157037
 -0.994998  0.283734 -0.969877  0.18752  -0.966743 -0.999857  0.29498
 -0.793045 -0.101572  0.037044  0.253927 -0.386236  0.137297]
[ 0.326715  0.189345 -0.122825 -0.321643  0.327743  0.198586  0.190218
  0.238616 -0.093511  0.196779 -0.051179  0.114346  0.330212 -0.024615
  0.326679 -0.314519 -0.794322  0.214642  0.115944  0.303882]
[ 0.329319 -0.70696  -0.056322 -0.052027  0.20799   0.332433  0.222833
 -0.454178 -0.687035 -0.721438  0.204208  0.314283 -0.20695  -0.285447
 -0.41497   0.266201  0.325778  0.03201   0.108645 -0.024102]
[-0.93306   0.086157  0.200594  0.31055   0.317459  0.222305 -0.311402
 -0.995122  0.19816   0.314552 -0.138302  0.324703  0.332839 -0.5342
 -0.148392  0.179717  0.280023  0.308619  0.220844  0.323363]
[-0.011604740601797281, 0.049685602079900915, 0.0085080759843940701, 0.13477786398709718, 0.0208298617724266, -0.0035639649930368136, -0.037477644820220868, -0.026837054562455498, 0.058899373586877829, 0.013949075607639312, -0.030894253213579526, 0.017859087652948802, 0.00016325467176842023, 0.0050715010709807551, 0.017835937726127238, -0.018825889855119016, 0.01980092855498139, 0.04775317558216894, 0.0043248652175699176, 0.010125302387316071, 0.0074521503339570749, 0.075973788630984335, 0.024138551197424946, 0.0090719694524469818, -0.048991700594534421, 0.034602743770940414, -0.0006077851375206611, 0.0037608360242432637, 0.082875147036789776, 0.011508163016762052, 0.028898558183153136, 0.009330004880915288, 0.0090083229092481065, -0.026974572438133337, 0.052803956105608854, -0.053193196146981536, 0.035208824307431025, 0.04426081383199354, 0.051748646988758501, 0.024468263697545345, -0.071566996928116522, 0.011388798468357594, 0.022368483913494885, -0.033495185038167258, -0.03687408777342005, 0.035097790494340281, -0.013839507099670967, 0.038761481114336346, 0.10907609922711173, 0.060868042844889364, -0.050506220121302181, -0.11731572838500814, -0.043931485291128836, 0.030044215257517881, -0.0039305841642839345, 0.014434600470016878, -0.04789675939459459, 0.025711585550264426, -0.038147058958675137, 0.008569811773604552, 0.023786836913877007, 0.0064977854527027423, 0.01376422084268536, -0.024499320064566205, 0.05207105788600544, 0.016052917910145993, -0.03683462598395193, 0.029392373342092104, 0.018771137117978398, -0.0065292518157604867, 0.011053710656888843, -0.00092997624174329108, -0.033340373882474211, -0.021266605779833081, -0.019969121197248418, 0.0017234197308243493, 0.064560221265786644, 0.0018155160049597441, 0.020528295113799111, 0.0059626873761660371, -0.025707616978521364, -0.030788446047388007, 0.014302776713393028, 0.012630051065960379, 0.035101878167845713, -0.045641078114691314, 0.043048666089532034, -0.021305009688185578, 0.042940082780437372, 0.003644590574979234, -0.022997797267150556, -0.0072599766874880123, -0.018851589319057852, -0.011515114840655316, -0.0059492554311837975, 0.0056207743239054947, 0.049083850794835598, -0.041419229660543622, -0.022447596975290862, -0.0028236676659669779]
('time: ', 15516.905850887299)
