“Running plot script on a single CPU core”
[ 0.266978 -0.029119  0.305027  0.33256  -0.576519  0.296528  0.294373
 -0.039991  0.153978  0.197029  0.279708 -0.163781 -0.293453  0.06005
 -0.017688 -0.782186 -0.4117    0.17206   0.120979 -0.640107]
[ 0.278039  0.100449  0.008059 -0.534109 -0.537754  0.325715  0.089014
  0.307243 -0.332087  0.317508  0.227089  0.310147  0.148555  0.333323
  0.324715  0.114508 -0.984709  0.296127 -0.018664  0.234671]
[ 0.263128  0.331413  0.289571  0.286414  0.303942  0.067592 -0.22409
  0.151074 -0.337035  0.051832  0.084409  0.126176  0.217041  0.33276
 -0.192882  0.331832  0.218073  0.27551  -0.143877 -0.558413]
[ 0.311224  0.332069 -0.006968  0.273929  0.332477 -0.169806  0.19149
  0.308118  0.331231  0.329247  0.299592  0.312714  0.288931 -0.470959
 -0.008877  0.232922 -0.191133  0.18644  -0.650607 -0.056335]
[ 0.040155  0.298674 -0.953777 -0.040432  0.18744   0.306042  0.286966
 -0.14836   0.244602  0.177559 -0.188558  0.184928  0.258316  0.225602
  0.290005  0.290242  0.024775  0.190721  0.287458  0.316499]
[ 0.333294 -0.05746   0.310067  0.235308  0.297546  0.292715  0.317564
 -0.171013  0.330947  0.314271 -0.182461 -0.446541 -0.74967   0.304246
 -0.125715  0.107844 -0.410599  0.329277  0.33211   0.333061]
[ 0.247307  0.072052  0.018031 -0.53076  -0.89582   0.011214  0.325679
  0.325516  0.294762  0.28416   0.096468 -0.279592  0.330994 -0.917239
  0.308003  0.325012  0.210777  0.089338  0.298967 -0.77385 ]
[-0.530613  0.171157  0.175998 -0.832194 -0.53683   0.27385   0.323834
  0.239561  0.331823  0.202425  0.22439   0.333333 -0.007853  0.20981
  0.328975  0.254215  0.191689  0.214525 -0.156939 -0.151692]
[-0.296784  0.2626    0.177487  0.154672  0.191388 -0.01207   0.115073
  0.169948  0.108198  0.223896 -0.407645 -0.312539  0.276922  0.247889
 -0.78107   0.130508  0.309655 -0.397603  0.323146 -0.760288]
[  2.936389e-01   1.583061e-01   3.121274e-01   3.168579e-01   1.267051e-01
  -4.260648e-01   3.194974e-01   3.313875e-01   7.375109e-04   1.241697e-01
  -9.631573e-01   3.089741e-01  -9.731438e-01   2.284537e-01   3.306619e-01
   2.948769e-01   2.234142e-01  -1.037089e-01  -4.608090e-01   3.330340e-01]
[-0.22387  -0.123072 -0.389758 -0.457732  0.21965   0.043837 -0.117819
 -0.446128 -0.539105 -0.917691 -0.003037  0.332023 -0.002995 -0.041344
  0.185205  0.123502 -0.244703  0.244034  0.2984    0.322573]
[-0.418748 -0.991455 -0.135478  0.309361  0.216307  0.19391   0.326656
 -0.72613   0.328928  0.333079  0.164562 -0.752984 -0.066019  0.063008
  0.242135 -0.61102  -0.521933  0.32936   0.317481  0.184317]
[-0.622046  0.285411 -0.726514  0.319127 -0.265248  0.266535 -0.368104
  0.253958  0.312408  0.161445  0.234253  0.215747  0.179628  0.330915
 -0.794654  0.325554  0.300489  0.240633 -0.214505  0.256081]
[ 0.00527  -0.345815 -0.216471 -0.273719 -0.690422  0.254876  0.329886
  0.268575 -0.008959  0.331981  0.31825  -0.531226  0.325327  0.084451
  0.177749  0.316594 -0.269677  0.26613  -0.085844  0.183536]
[ 0.331999  0.331333 -0.997239  0.264775 -0.362578  0.159446  0.333239
  0.289065  0.276612  0.057661 -0.111263 -0.730971 -0.057744  0.121652
  0.159505  0.245457  0.329622 -0.579282 -0.890521 -0.337188]
[-0.650967  0.136486  0.175552  0.26245   0.278735  0.105391 -0.002624
 -0.998839  0.018089 -0.719174  0.273404  0.332766  0.180668  0.330488
  0.250984 -0.671506  0.322049  0.264174 -0.778952  0.333152]
[ 0.332277  0.289794  0.271285 -0.957312 -0.498741 -0.335855  0.319908
  0.227802 -0.942421 -0.612058 -0.016317  0.132732  0.143767 -0.301953
 -0.327324  0.331128 -0.87573  -0.569022  0.2069    0.331589]
[ 0.287225  0.256441  0.233388 -0.938767 -0.307358  0.022779 -0.177786
  0.332707 -0.099076  0.321873  0.226809  0.329395 -0.972207  0.326258
  0.327352 -0.933492 -0.997858 -0.150425  0.280957  0.030769]
[-0.007917 -0.647833  0.309591 -0.259881  0.216783 -0.434483  0.124782
  0.296999  0.195802  0.053985  0.332309 -0.713963  0.195971  0.202076
 -0.430746 -0.01817  -0.386947  0.331676  0.23554   0.296866]
[-0.576042  0.332307 -0.317747  0.186345 -0.329742 -0.304638  0.251988
  0.330558  0.286204  0.147422  0.319201  0.213372 -0.242765 -0.61523
 -0.072485 -0.145766 -0.312337 -0.737943  0.332436 -0.337258]
[ 0.229442  0.195772  0.333108  0.147503 -0.039527  0.314398  0.192157
 -0.982648 -0.980815  0.284768  0.332804 -0.520416  0.253871 -0.160163
  0.22598  -0.819285  0.330097 -0.87615   0.291753  0.052002]
[-0.107097  0.285753  0.179249 -0.283318 -0.46443  -0.747523  0.316413
  0.318848  0.099655 -0.833169  0.042834  0.26996   0.2218    0.327695
 -0.664395  0.134565  0.215421 -0.600066  0.33219   0.137893]
[-0.996463 -0.704886 -0.999114 -0.090478 -0.380449  0.110941 -0.970801
  0.00146   0.31241   0.285784 -0.217738 -0.887364  0.288006  0.19474
 -0.124872  0.133002  0.331463  0.103595  0.245443 -0.663988]
[ 0.035018  0.300069  0.102513  0.074571  0.320478  0.277991  0.302037
  0.323828  0.330744  0.269137 -0.660698 -0.916746 -0.155169  0.171425
 -0.440663  0.148279  0.261337  0.239573  0.042947  0.304186]
[ 0.195187  0.332742 -0.874209  0.037351  0.147659 -0.218512 -0.736635
  0.33261  -0.030232 -0.539339  0.331479  0.330417  0.284396  0.097639
  0.294532  0.287717 -0.006011  0.321779  0.098162  0.079835]
[-0.772243  0.304285  0.326848 -0.126335  0.315285  0.182053  0.276747
 -0.987675  0.281474  0.193441  0.099814  0.058012  0.074198  0.317097
  0.1915   -0.135147  0.132336  0.19568  -0.947429  0.332561]
[-0.728202 -0.03124   0.216527  0.284268  0.286517 -0.940756  0.041792
  0.332895  0.302852  0.230961  0.058454  0.317976  0.23938  -0.760076
  0.080276  0.192087  0.003851 -0.693532 -0.659969  0.036069]
[ 0.25152   0.281707 -0.15366   0.301335  0.320637 -0.288719  0.222246
  0.263966  0.042977  0.205792 -0.127023  0.321728 -0.637876  0.327743
  0.30153   0.333311  0.319813  0.312248  0.104592  0.262616]
[ 0.06364   0.246039 -0.037297 -0.984915 -0.999918 -0.079582  0.19165
 -0.084173  0.299351  0.319829 -0.779705  0.192482 -0.120135 -0.712485
  0.271557  0.229824 -0.89761   0.010295 -0.465842  0.279026]
[  1.981539e-01   7.858689e-02   3.320007e-01  -3.539370e-01   2.598271e-01
   1.760992e-01  -4.143992e-02   2.051446e-01   3.331933e-01   1.020185e-01
   3.287136e-01  -1.658708e-04  -9.495201e-02   2.061190e-01   2.306904e-01
   2.868335e-02   3.278193e-01   2.657363e-01   1.229075e-01   2.694194e-01]
[ 0.329141  0.151415  0.038192  0.252124  0.009783  0.289315 -0.031656
 -0.726705 -0.999192  0.038362  0.035906 -0.111025  0.333333 -0.468165
  0.27333   0.330407  0.219869  0.310479  0.33115   0.325476]
[ 0.079288  0.26163  -0.503235  0.30296   0.332443  0.333327  0.259016
  0.299886  0.15122  -0.982512  0.251532  0.25981  -0.397973 -0.456615
 -0.467296  0.297692  0.319194  0.330097  0.206768  0.143457]
[-0.729263  0.28158  -0.025802 -0.062057  0.258677  0.285564  0.297734
 -0.275747  0.269394  0.296337  0.307421  0.275057 -0.164014  0.331642
  0.323756 -0.249773 -0.071782 -0.20206   0.326289  0.10736 ]
[  1.054882e-01   5.123891e-04  -8.190005e-01  -7.588994e-01  -6.083476e-01
   1.609566e-01   3.065522e-01   4.453095e-02  -9.735220e-01   1.568570e-01
  -2.410061e-01   3.301634e-01  -2.627509e-01  -9.181088e-01  -3.501513e-01
   3.326837e-01   2.186681e-01  -1.843182e-01   2.800255e-01   2.070047e-01]
[ 0.171486  0.321366  0.282368 -0.526116  0.240299 -0.846364 -0.407495
  0.33308   0.284484  0.331955  0.175288 -0.514241  0.221627 -0.183679
  0.332377  0.235448  0.330663  0.331859  0.140242  0.328375]
[-0.4784    0.331907  0.333291  0.128085  0.160597 -0.914394  0.31133
  0.325473  0.225972 -0.585381 -0.114421  0.33329   0.318418 -0.623186
  0.330612 -0.90056  -0.408873  0.194591  0.333089  0.200578]
[ 0.213125 -0.720167  0.126727 -0.809061  0.108176  0.049428  0.314889
  0.318511  0.330373  0.195482  0.333101  0.328655 -0.081054  0.04877
  0.297749  0.183633 -0.728134  0.255911  0.162026  0.183061]
[-0.853075  0.215001  0.02034   0.294295 -0.00727  -0.879394  0.304687
  0.328475 -0.100019 -0.66596  -0.377947  0.036429 -0.412265  0.18327
 -0.797386  0.137997  0.195194  0.333313  0.31155   0.276931]
[-0.150017 -0.994567 -0.233236  0.319867 -0.172186  0.234696 -0.226428
 -0.064232  0.151003  0.126096  0.269882 -0.0472    0.205544  0.255447
  0.303278  0.199957  0.173582 -0.072859  0.332159  0.299978]
[ 0.083303 -0.65666   0.144235  0.189027  0.115614  0.302888 -0.673248
  0.080214  0.329706  0.300786  0.254657  0.103381  0.300604  0.2579
 -0.999768  0.253854  0.310349 -0.039785  0.280203 -0.351645]
[ 0.169615  0.298561 -0.903704  0.210185  0.203075  0.256204  0.165986
  0.241006  0.329159  0.328495  0.173129  0.285518  0.254609 -0.46571
 -0.875863 -0.633286  0.228746  0.329798 -0.331566  0.270827]
[-0.099499 -0.193108  0.262292  0.332279 -0.93266  -0.820105 -0.785074
  0.129447  0.069891  0.279908 -0.886366  0.135694  0.12164  -0.111523
  0.331272 -0.898835  0.302298 -0.031141  0.313858  0.322339]
[-0.018181  0.311744  0.332635  0.320682  0.328915  0.040214  0.333261
 -0.151307 -0.34647   0.012338  0.31202   0.199652  0.230748 -0.074397
  0.318601 -0.998833  0.328247  0.248222  0.288221  0.330767]
[ 0.276705 -0.731372  0.120465  0.031993 -0.02173   0.326827 -0.224705
  0.125257  0.063969  0.322881 -0.120103  0.331359  0.280079  0.326924
  0.074475  0.120053 -0.576901 -0.557757  0.310881 -0.500819]
[ 0.332913  0.294601  0.117777  0.054199  0.31474   0.308896  0.332412
 -0.382663 -0.108553  0.107513 -0.691634  0.332797 -0.996758 -0.72276
  0.324141  0.222442  0.253619  0.2181    0.305435  0.155568]
[-0.052775  0.316951  0.32883   0.322594  0.320443 -0.555949 -0.95165
 -0.991002 -0.378345  0.331571 -0.992577 -0.633802 -0.966149  0.322996
  0.292904  0.323015  0.176103  0.277225 -0.196054  0.290575]
[ 0.3128    0.313542  0.054785 -0.956125 -0.060064 -0.560578  0.239823
 -0.31802   0.317573  0.332032 -0.990476 -0.61412  -0.14034   0.047644
 -0.188507 -0.232722  0.311305  0.026622  0.150615  0.328349]
[-0.027902  0.269885  0.302907 -0.074058  0.229203 -0.096537 -0.288233
  0.318739 -0.53907   0.264283  0.166602  0.016145 -0.223748  0.332081
  0.313182  0.200556  0.31103  -0.203063  0.314808  0.117865]
[ 0.298412 -0.635503  0.127031 -0.222376  0.266961  0.126129  0.123287
 -0.772524  0.28091   0.076651  0.280548  0.263792  0.033557  0.036736
  0.043894 -0.19127  -0.973987  0.146793 -0.884722  0.33223 ]
[ 0.192353 -0.020355  0.252872  0.304762  0.333271  0.17488   0.293995
  0.235981  0.174459  0.08667   0.330096  0.178063  0.328591  0.332466
  0.099638  0.317222  0.332706 -0.162608  0.333281 -0.254947]
[-0.388942  0.306792  0.153051  0.325016 -0.995365  0.32652   0.256454
 -0.056272 -0.201631 -0.095531 -0.12394  -0.84241  -0.621822  0.246101
  0.266856  0.264104  0.318872 -0.624917  0.203636  0.110647]
[ 0.264499  0.253655 -0.50968  -0.952992 -0.826518  0.331357  0.328437
  0.289193 -0.820629 -0.069231  0.301178  0.333158  0.284741 -0.450728
  0.219528  0.241453  0.126682  0.109071  0.252754  0.251649]
[ 0.246968 -0.782535 -0.029637  0.245927  0.323762  0.273515 -0.199178
  0.332495  0.214992  0.333307 -0.984606  0.035501  0.230368  0.13299
 -0.319163  0.099117  0.122334 -0.713083  0.132231  0.333257]
[ 0.209491  0.328829  0.192218 -0.427295  0.307133  0.204021  0.168452
 -0.003733 -0.15786  -0.110169  0.31968  -0.160514  0.213429  0.32994
 -0.132599  0.151908 -0.474983  0.281756  0.032599 -0.226217]
[-0.315555  0.321532  0.330135  0.29151   0.240025 -0.279543 -0.975217
  0.30153  -0.420783  0.171998 -0.129337  0.332984  0.047676 -0.893986
 -0.128681  0.32229  -0.217944  0.152077  0.021134  0.322078]
[ 0.265919 -0.014495  0.291147  0.333316  0.29322  -0.167587  0.305066
  0.319977 -0.176853  0.164629  0.259783  0.305556 -0.183735  0.324498
  0.168833  0.217879  0.268049  0.118376 -0.023267 -0.267323]
[ 0.289165  0.31812   0.270323  0.132626  0.333132 -0.708402 -0.413541
 -0.875887  0.275924  0.311103 -0.290016  0.332661  0.323421  0.32495
  0.191748 -0.742173 -0.69413   0.153565 -0.762114  0.241647]
[ 0.329013 -0.743637  0.314805 -0.009412 -0.072995  0.251688 -0.425025
  0.164549  0.298763  0.333323  0.314261  0.296029  0.258061  0.315864
  0.322019  0.314026 -0.171538  0.210502  0.321777 -0.148284]
[ 0.140143 -0.496454  0.310624  0.302874  0.283588 -0.009344  0.098236
  0.226284  0.246668  0.068457  0.130177  0.258314 -0.680103 -0.091218
  0.16697   0.33108  -0.792249  0.007318 -0.099265 -0.128534]
[ 0.330399 -0.249237  0.333079  0.258637  0.063856  0.179389 -0.822232
 -0.735484 -0.604367  0.136173  0.332842 -0.658051  0.255506  0.178584
  0.297892  0.105939 -0.041039  0.322793  0.15864  -0.040726]
[ 0.329947  0.217272  0.306018  0.330803  0.109793 -0.710918 -0.559958
  0.259073 -0.266144 -0.408745 -0.997694  0.032969  0.328232  0.149761
  0.27916  -0.731103 -0.07764   0.227415  0.292954  0.308986]
[-0.087126 -0.928296  0.267292 -0.225869 -0.803333 -0.999624  0.076705
  0.054122  0.329644  0.142248 -0.487875  0.330071 -0.356011 -0.067128
  0.064967  0.329933  0.216393  0.328305 -0.708044 -0.625662]
[ 0.328947  0.240578  0.328749  0.301381  0.28317   0.330423 -0.349014
  0.318484  0.331343 -0.99867   0.184348 -0.145579  0.194121  0.30963
  0.327765 -0.902794  0.330293 -0.295041  0.281304  0.332468]
[ 0.313709  0.313268  0.051449  0.068513  0.275332  0.08291  -0.939831
  0.233741 -0.153013 -0.692923  0.271467  0.100226 -0.834045  0.027765
  0.195188 -0.228448 -0.171797 -0.306168  0.176859  0.333231]
[ 0.178799  0.029835  0.32908   0.225817 -0.493109  0.155026 -0.288353
  0.315974  0.286519  0.274184  0.186948  0.325389  0.111942 -0.313869
 -0.928499  0.326604  0.320528  0.292686  0.330861  0.327785]
[ 0.310596 -0.154078  0.24819   0.320275  0.301867 -0.896378  0.133272
 -0.606335  0.311645  0.305737  0.087503 -0.097679  0.150803 -0.087548
  0.32424  -0.454572 -0.230694 -0.887452  0.073322  0.308654]
[ 0.328915  0.327174  0.333191  0.32622  -0.686186 -0.331956  0.312526
  0.301759  0.293733  0.329732 -0.00722   0.127987  0.198322  0.306759
 -0.663429  0.247973  0.323536  0.089618  0.293901 -0.317886]
[ 0.035595 -0.206394  0.190326  0.171138 -0.143005  0.306715 -0.688355
  0.067708 -0.122439  0.24049   0.292976  0.311083 -0.12351   0.062054
 -0.932104 -0.660029  0.280386 -0.391445 -0.070764  0.176616]
[ 0.309024  0.332306  0.287826 -0.329543  0.332831  0.327384  0.223397
  0.330103 -0.288487 -0.742211  0.235902  0.189415 -0.684058  0.185125
  0.207549  0.094396 -0.164846  0.328621 -0.579659 -0.356442]
[ 0.219264 -0.478301  0.071517  0.304713 -0.017035  0.317953  0.325623
 -0.973052 -0.105898  0.188749  0.296768  0.21714  -0.769116  0.332482
  0.253269  0.224088  0.326074  0.277412  0.284379  0.239324]
[ 0.306324  0.266815  0.010405  0.145869  0.143593 -0.933407 -0.750561
  0.207286  0.232675  0.281813  0.333149  0.332561 -0.189844 -0.620736
 -0.522216  0.121544  0.25591  -0.802353  0.314511  0.32453 ]
[ 0.327568 -0.100562 -0.447854 -0.387229 -0.844726  0.20895   0.178818
  0.329911 -0.188852  0.048335  0.118831 -0.044327  0.324974  0.312095
  0.277551  0.324696  0.244007  0.114365  0.324975 -0.202397]
[-0.337766  0.317611  0.137795 -0.007239 -0.958786  0.222843 -0.478622
 -0.996526  0.333331 -0.037635  0.305742  0.260245  0.250435  0.328799
 -0.082084  0.072992 -0.106715  0.329851 -0.427954 -0.037437]
[ 0.257141  0.118917  0.178045 -0.706127  0.168103 -0.100403 -0.02555
  0.237989  0.262614  0.264448  0.217597 -0.223685 -0.806326 -0.460047
  0.194566 -0.339964 -0.479492  0.32461  -0.116472  0.318642]
[ 0.27626  -0.85386   0.327475  0.302793  0.298332  0.314974  0.329686
  0.333333  0.321839  0.175599 -0.507087  0.261597 -0.010745  0.001155
  0.254871  0.235937 -0.047766  0.273844  0.173429  0.13825 ]
[ 0.333135 -0.957385  0.043831 -0.971587  0.320278 -0.87162   0.3175
  0.305907  0.004261 -0.902402  0.046996  0.1961   -0.667451 -0.938113
  0.171629 -0.100182  0.205792 -0.449363  0.300307  0.222475]
[ 0.224083  0.306113  0.331749 -0.002712 -0.376682  0.117806  0.322146
 -0.154115  0.332034  0.104137 -0.346867  0.327408  0.036058  0.29641
 -0.478704  0.300109  0.285482  0.246939  0.331612 -0.291975]
[-0.790042  0.168359  0.174239  0.321087 -0.940872 -0.086991  0.315689
  0.28199   0.332006  0.187165  0.30966  -0.078689 -0.059305  0.229733
  0.270602  0.328944  0.119926  0.316774 -0.593878  0.06786 ]
[ 0.112589  0.210842 -0.001053  0.213533 -0.999334 -0.382837 -0.999668
  0.332486  0.201405 -0.431041  0.108823  0.331618 -0.285867 -0.303184
  0.206144  0.178784  0.268256 -0.834934  0.038154  0.029898]
[ 0.326993 -0.880143  0.276871  0.160398  0.261358  0.030995  0.290088
 -0.240046 -0.126743 -0.872016  0.298636 -0.038618  0.180815 -0.716925
 -0.409853  0.097065  0.276931  0.041139 -0.885566  0.11164 ]
[ 0.160709  0.325202  0.290406  0.274729  0.332309  0.324495  0.24688
 -0.110379  0.30434   0.303901  0.139926  0.330961 -0.401456 -0.90327
  0.330397  0.332318  0.148921  0.039876  0.253403 -0.089338]
[  2.884964e-01  -4.852220e-01   2.647921e-01   1.234150e-01   2.851632e-01
  -2.331408e-02  -8.269683e-01  -7.594604e-01   3.332877e-01   1.806920e-01
  -1.275623e-01   3.325289e-01   2.784379e-01   2.253241e-01   3.144083e-01
   2.863691e-01  -3.102476e-04   3.317421e-01   3.010003e-01   1.223766e-01]
[ 0.275375  0.28865   0.333165  0.317795 -0.078674  0.089114  0.291983
  0.074594 -0.950322  0.151911  0.327819 -0.997473 -0.586606  0.329334
 -0.379093  0.327568  0.124281  0.310304  0.234769  0.331322]
[ 0.01262   0.299435  0.297316  0.32228   0.243418  0.04193  -0.335464
  0.332287  0.190629 -0.517314 -0.561524  0.225735 -0.107058 -0.952064
  0.003927  0.332706  0.050005 -0.041874 -0.084105  0.308105]
[ 0.041624  0.31916   0.318099 -0.994304  0.100686 -0.637749  0.331519
  0.312994 -0.260204  0.304627 -0.911251  0.079321  0.328779  0.324536
 -0.092855  0.241781 -0.629832  0.143849 -0.189256 -0.998682]
[ 0.332425  0.097793 -0.659351  0.333333 -0.055186  0.333014  0.225822
  0.332329 -0.949007  0.254273  0.217421  0.325523  0.330042  0.321356
 -0.818881  0.127689 -0.165277  0.295716 -0.36028  -0.784673]
[-0.861123  0.071763  0.193934 -0.370683  0.321941  0.066741 -0.637414
 -0.68133   0.140919  0.325302  0.143348  0.333229  0.177562 -0.323991
  0.329275  0.269451  0.303578  0.138577 -0.205121  0.21966 ]
[ 0.331394  0.200769  0.285513  0.10254   0.29063   0.058282  0.159606
  0.095086 -0.513574  0.331041  0.297283  0.247413  0.101754  0.282519
  0.19633  -0.147206  0.116965  0.310801 -0.46832  -0.032791]
[-0.286693  0.325478 -0.972657  0.258376  0.32834   0.333049  0.33202
 -0.962336 -0.197984  0.131565 -0.10776   0.332194  0.314472 -0.340736
 -0.010369  0.064235  0.327109 -0.944182  0.191719  0.005886]
[-0.73209  -0.510951 -0.715765 -0.64222   0.141134  0.029858  0.331506
  0.102041  0.163522  0.26351  -0.561206  0.011231 -0.515902 -0.286495
  0.048284 -0.393213  0.298435  0.152044 -0.166934  0.235781]
[ 0.321687  0.230908 -0.207742  0.27282  -0.881288  0.328891 -0.258282
 -0.71758   0.107056 -0.995755  0.175413  0.28219   0.047641  0.253609
 -0.999679 -0.016491  0.131519  0.320872 -0.999162 -0.83532 ]
[ 0.332791 -0.119217  0.123232  0.332688  0.276783  0.333323  0.140881
  0.172082  0.318849  0.025084 -0.363038  0.256833 -0.072662  0.285697
 -0.249044 -0.445873 -0.971235  0.138353  0.330954  0.333207]
[-0.953162  0.29871   0.111344  0.331282 -0.113279 -0.403549  0.319017
  0.329309  0.038743  0.3325   -0.02312   0.329604  0.32479   0.198195
  0.156001  0.310879  0.265216 -0.995828 -0.876408 -0.999956]
[ 0.323089  0.232901  0.19623  -0.871032 -0.125254  0.331959  0.193987
 -0.921235  0.20727   0.260152  0.327382  0.159876 -0.254187 -0.742586
  0.326678 -0.116795  0.31372   0.331929  0.234205  0.091854]
[-0.502292 -0.133313  0.267771 -0.949961 -0.132484 -0.003392 -0.288318
  0.319639 -0.537229 -0.336431 -0.293928  0.298245  0.276712  0.331153
 -0.539433  0.259417  0.07987   0.301615 -0.035535 -0.277492]
[-0.204848 -0.33641   0.266532 -0.404412  0.2598    0.311091  0.231453
  0.103272  0.332628  0.332019  0.281201  0.064512  0.319379  0.253136
  0.260183 -0.122278  0.275126  0.170978 -0.91521   0.303372]
[ 0.092626  0.115434  0.303887 -0.999456  0.331099  0.298557  0.043077
  0.298615  0.312741  0.332717 -0.127544  0.235206 -0.906803 -0.129876
  0.319987  0.165673  0.235124  0.288133  0.333302  0.283731]
[ 0.240731  0.325271 -0.457252  0.230111 -0.969131  0.311786  0.326828
  0.324545  0.221572  0.110477 -0.713117  0.310692  0.294102  0.233366
  0.331189  0.318012  0.319813 -0.119576 -0.053598 -0.796508]
[-0.766758 -0.285967 -0.031272 -0.227382  0.174773  0.101069 -0.959726
  0.316246  0.32777   0.103722 -0.88974   0.16708   0.305805 -0.147902
  0.298191  0.281207  0.307774  0.27016   0.332651  0.229649]
[ 0.277507  0.319089  0.315784 -0.576255  0.040601  0.221621 -0.436884
 -0.296342  0.288696  0.286412  0.273668  0.288835  0.170081  0.281945
  0.325333  0.032275 -0.179401  0.023841  0.322901 -0.982167]
[-0.0053391087345391885, 0.012823319909955833, 0.0087620395900043779, -0.016127279428190811, 0.016531593523382342, 0.012692634931431968, 0.084795569239706464, -0.030101553657612246, 0.00045805396591758196, -0.0089817710089802327, 0.0052204385954143506, 0.011124566250086843, 0.0018973184451750447, 0.031439467336215311, 0.047535942161874289, 0.024810733662424145, 0.0369660393423209, -0.016453075425894526, -0.015817084349823547, -0.01861370201859136, -0.0031799164310301609, -0.0071512653272115811, -0.026840342683623009, 0.033394925615528731, -0.034428158466161651, -0.059844195946059719, -0.14733935653713282, -0.010785110635003481, 0.042015086216352561, 0.035576089485100493, 0.015639446888440378, 0.042701087483347715, -0.0093283502010721442, 0.083913363845647904, -0.049302256193811678, -0.014290142543864237, -0.0037440721926085552, 0.014819748190357473, 0.02257094293133563, 0.016799505628582234, 0.035744658672768548, 0.032481840775770418, 0.047039156015073143, 0.068941528997706975, 0.0089368142785100635, 0.00016061633629271821, 0.054508799629240601, 0.052438809713933374, 0.064180912644580035, 0.0044996532526770106, 0.04017693867910771, 0.11448669625266997, 0.022134974321282697, 0.02123811579024637, -0.022801861843525451, 0.0038436891334107104, 0.045474368735323678, 0.094937722063344443, -0.045405726849880035, 0.063060433501488489, 0.010392221261910473, 0.03765403520251151, 0.0055560382733216285, 0.012320653720113206, 0.024274904867016833, -0.01441063659252334, 0.003888106982497419, 0.017703833374051348, -0.036704438094847747, 0.011856564098778638, 0.042364807663652748, 0.071165731362021145, 0.013411232202970136, 0.065821168218147874, 0.08686444730000531, 0.063917098055260635, 0.025899838859142793, 0.0046571826208634537, -0.01529766875359434, 0.031139201970410535, 0.03677282041574266, 0.050438499439610651, 0.075016929464917059, 0.039125877202340918, -0.028757654082117064, 0.12392697497399982, -0.028407721730184465, 0.056779406761478524, -0.023316665887737342, 0.045741460897069874, 0.002515813977110315, 0.015224187852134863, -0.020749556940245051, -0.048554959362291927, -0.0061976378328078008, -0.015077270701338741, 0.043388614525166562, 0.056150886102793007, -0.032874155283335371, 0.060038362815942686]
('time: ', 10085.00496506691)
