“Running plot script on a single CPU core”
[ 0.333323  0.304723 -0.091997  0.296242  0.279981  0.252801  0.327465
  0.310395  0.313053  0.331699  0.317299 -0.030373  0.294356 -0.770757
  0.279349  0.325488  0.324337 -0.92805  -0.025667  0.312758]
[-0.298384  0.26928   0.324892 -0.484091 -0.886402 -0.999863 -0.54718
 -0.567344 -0.919842  0.242591  0.063048  0.295608  0.108519  0.093498
  0.314691  0.301828  0.212995  0.210595  0.331511 -0.173659]
[ 0.333303  0.275046 -0.034698  0.230725  0.193639 -0.085181  0.284902
 -0.176196 -0.989052  0.332973  0.194633 -0.251179  0.294774 -0.314988
  0.324939  0.305025 -0.541632 -0.521841  0.293517 -0.447653]
[-0.840166 -0.352478 -0.373     0.292259  0.282919  0.302294  0.243135
  0.208747 -0.422145  0.275285  0.310023  0.135843  0.177218  0.227646
  0.318223  0.304626  0.025393 -0.112916  0.231711 -0.89799 ]
[-0.99667   0.330102  0.153336  0.301731  0.328483 -0.307803  0.333326
  0.290604 -0.169106  0.015349  0.296476  0.276689 -0.135711  0.332797
  0.332419 -0.373916 -0.985026  0.280734 -0.085591  0.082779]
[ 0.329967  0.068786  0.115067  0.320981  0.14275  -0.987023  0.322764
 -0.43085   0.108121  0.305855  0.299791  0.325774  0.332888  0.315599
 -0.954068  0.312995 -0.278047  0.320324  0.321335  0.326536]
[ 0.134671  0.326665 -0.909223  0.281979  0.300531  0.30329   0.27389
 -0.081792  0.313429 -0.058707 -0.101055  0.128661 -0.193224  0.283527
  0.045258 -0.515394  0.169089  0.287363  0.321046 -0.943781]
[ 0.322524  0.333319 -0.942268  0.253733  0.325195 -0.141517  0.134957
 -0.96908   0.331588  0.253295  0.148887  0.16606   0.217822  0.331342
  0.010722 -0.327572  0.277489  0.332423  0.304956 -0.21114 ]
[ 0.246886  0.309439 -0.30101   0.322238  0.316223  0.227305 -0.117502
  0.300387 -0.511468  0.312134  0.277039 -0.734646  0.189055  0.272432
  0.302264  0.159303 -0.474652  0.271521  0.182984  0.314748]
[-0.336658  0.298356 -0.462897  0.267247  0.296499  0.041974 -0.341579
  0.225985  0.239129  0.332765 -0.128152  0.200864  0.082262  0.318975
 -0.526053  0.237377  0.014848  0.094425  0.333333  0.293995]
[-0.778033  0.302882  0.331541  0.125671 -0.149295  0.224183  0.331503
  0.331083 -0.281896 -0.081055  0.220676  0.29274  -0.0516    0.029406
  0.131387  0.148481  0.162117 -0.05935   0.23221   0.211341]
[ 0.082232  0.098319  0.33284   0.068152  0.274656  0.106164 -0.99327
 -0.342694  0.284173  0.154852  0.332811  0.322847  0.260597 -0.402899
  0.244363  0.250726 -0.598167  0.249388  0.279902  0.225388]
[-0.181653  0.329576 -0.771995  0.185073 -0.497544  0.307042  0.333333
  0.192068  0.316044  0.25385  -0.060832  0.263685 -0.422417  0.315345
  0.333082 -0.804894 -0.966849  0.322178  0.293455  0.269461]
[ 0.33329  -0.084006  0.317829 -0.702337  0.281269  0.250427  0.31735
 -0.366416  0.279099  0.105055 -0.949123  0.23159   0.324641  0.279331
 -0.76786  -0.113554  0.052764  0.160059 -0.63978   0.327463]
[ 0.170447  0.14777   0.021248  0.329607  0.232595  0.210242 -0.272373
  0.284339  0.332518  0.322881  0.33115  -0.001409  0.141389 -0.785253
  0.257571  0.066443  0.303293  0.152493 -0.317517  0.22322 ]
[ -1.326207e-01   2.355862e-01  -2.579136e-01   1.675970e-01   3.265094e-01
   3.268920e-01  -9.351946e-02  -8.784790e-01   2.203111e-01   7.432039e-02
  -3.476690e-01   1.908205e-01   2.519869e-01   1.080014e-01   3.752744e-04
  -3.507954e-01   2.809604e-02   3.146728e-01   8.577724e-02   3.089040e-01]
[ 0.332449 -0.674451  0.14987   0.333333  0.207026 -0.514673  0.327889
 -0.702814  0.327643 -0.070904  0.159634 -0.868066 -0.527342 -0.632947
  0.309931 -0.227552  0.328692  0.216519  0.269074 -0.051873]
[-0.492559  0.003922  0.25633   0.054052  0.333316 -0.708285  0.287151
  0.289201  0.312218 -0.949068  0.172619  0.290477  0.106141  0.15055
  0.178263  0.02294   0.316114 -0.370845  0.307073  0.266766]
[-0.293957  0.21609   0.318949  0.297655 -0.196477 -0.25832   0.132952
  0.229589  0.318965  0.249315  0.032032  0.327057  0.24642  -0.34355
  0.247062  0.309936 -0.130297  0.069908  0.237623  0.332029]
[ 0.333318 -0.951666  0.253859 -0.34641   0.106993  0.328499  0.304834
 -0.979784  0.320836 -0.130078 -0.277763  0.310955  0.330822  0.327269
  0.280607  0.269517  0.076083  0.322294  0.309759 -0.335017]
[ 0.095558  0.230492 -0.106532 -0.21305  -0.835511  0.060251  0.333248
 -0.774271 -0.719484  0.330892  0.315914 -0.543716  0.019342  0.266516
  0.218102  0.307656 -0.51961   0.252835  0.328668 -0.524629]
[-0.051876  0.232574  0.331814  0.105164 -0.317857  0.332973  0.138301
 -0.744373 -0.788498  0.287323  0.323495 -0.131732  0.331299  0.306694
  0.211608  0.325586  0.298604  0.333185  0.333184  0.218013]
[ 0.084298 -0.380575 -0.991047  0.141797  0.238108  0.203519  0.019531
  0.039005 -0.04606   0.020815  0.292068  0.305943  0.333199  0.307219
  0.135474  0.018208  0.333333 -0.169862 -0.104122  0.214939]
[ 0.326595 -0.948171  0.291597  0.008714  0.301579 -0.455419  0.23476
  0.204783  0.175151  0.310039  0.243743  0.330977 -0.867018 -0.41539
 -0.016007 -0.048279  0.299159  0.291909 -0.811862  0.138435]
[ 0.297177 -0.83619  -0.126157 -0.011158 -0.802304 -0.968611  0.272353
  0.271219  0.220294  0.123669  0.333196 -0.252882 -0.148874  0.276692
 -0.121047  0.263796  0.329852 -0.459667 -0.072935  0.326015]
[-0.890302  0.279936 -0.19668  -0.243503  0.267105  0.331489  0.056506
  0.214898  0.096283 -0.75327  -0.998618  0.20228   0.331261  0.143133
 -0.23157  -0.355248  0.261938  0.329581  0.301791  0.257715]
[ 0.144905  0.331936  0.309234  0.333296  0.276142 -0.820638  0.196842
  0.259576 -0.59696   0.274516  0.181174 -0.040794  0.277067 -0.905425
  0.323364  0.316507  0.156265  0.157777 -0.698323  0.323976]
[ 0.271463  0.117513  0.325842  0.329129  0.149879 -0.126425  0.118338
 -0.995241  0.306205  0.332552  0.301236 -0.041086 -0.097012 -0.667007
 -0.002378  0.318603  0.100627 -0.652898  0.275019 -0.172483]
[ 0.333152 -0.5135    0.264344 -0.995848  0.326829 -0.908766 -0.512963
  0.205457  0.325025  0.13114   0.330898  0.324558  0.092137  0.330368
  0.22725   0.158718 -0.131949 -0.599243 -0.092366 -0.210377]
[ 0.325901  0.197299  0.323189  0.060623 -0.053685 -0.127866  0.303927
 -0.141848  0.332862  0.260801 -0.557776  0.295105  0.304815  0.04741
  0.326395 -0.000631  0.321708  0.333292 -0.19346   0.152452]
[ 0.333277  0.308759  0.33325  -0.94938   0.200249  0.054959  0.282482
  0.132054 -0.92191   0.200549  0.333108  0.242234  0.332784  0.104715
 -0.302117 -0.252568 -0.859173  0.33276   0.23959  -0.071557]
[ 0.333171  0.287127  0.266188  0.23993   0.327071  0.253366 -0.497045
  0.202059  0.041406  0.255801  0.305501 -0.034273 -0.094117  0.227078
  0.092083 -0.352821 -0.288341 -0.636399 -0.070762  0.044643]
[ 0.188826  0.119233 -0.666189  0.326562 -0.019593  0.155255 -0.627619
  0.299267  0.326785  0.038807 -0.026645 -0.267091  0.255269  0.226372
  0.275991  0.206122 -0.466614  0.31954  -0.440125  0.331896]
[ 0.331644  0.176794 -0.428815  0.331439  0.308774  0.157654  0.329383
  0.289874 -0.607871  0.331829  0.318153  0.33292  -0.336141 -0.083735
  0.333106 -0.729951 -0.633264  0.270778  0.243359  0.108066]
[ 0.283655  0.224113  0.185632 -0.30759   0.330647  0.068314  0.194242
 -0.072941  0.325452  0.230003  0.117783  0.289205  0.322986 -0.114849
  0.292615 -0.12239   0.328571  0.190223  0.304854  0.272143]
[ 0.097282 -0.229509  0.227225  0.186037  0.186418 -0.173892  0.131439
  0.320942  0.317874  0.301106  0.264499  0.327666  0.328001  0.225242
  0.332637  0.294863 -0.379047  0.311806  0.284352  0.18822 ]
[-0.186326  0.253749 -0.051865  0.145782 -0.006764  0.310698  0.332057
 -0.990388 -0.33486   0.33295  -0.234118  0.285407 -0.176943  0.314096
  0.330883 -0.781308  0.064696  0.246765  0.221192  0.333333]
[ 0.310369  0.321091  0.306858 -0.01853   0.298099  0.223029  0.332253
  0.092403 -0.091635  0.311354  0.330742  0.323388  0.333215 -0.760646
  0.268279  0.324769  0.306701  0.331791  0.277443  0.065356]
[ 0.253564 -0.125514 -0.894137 -0.971748 -0.011736  0.15815   0.244617
  0.281401  0.324452 -0.835944 -0.001991  0.298983  0.330581  0.29606
  0.002063  0.191249 -0.945728  0.25114  -0.033621  0.289677]
[-0.917629  0.1858    0.319637 -0.87657   0.268214  0.323661  0.327515
  0.270149  0.326798 -0.002689 -0.509921 -0.067871 -0.151786  0.313193
 -0.542811  0.316592  0.32886   0.193266  0.319482  0.285325]
[ 0.216475 -0.437781  0.251242  0.15774  -0.170748  0.329584 -0.021866
  0.217042 -0.663632  0.14106   0.326888 -0.012467  0.332706 -0.463757
 -0.112997  0.136745  0.245185  0.247292  0.323603  0.020506]
[-0.750099  0.055232  0.160772 -0.42702  -0.172845  0.178502 -0.046488
 -0.041107 -0.583663  0.01366   0.333189 -0.868129 -0.988098  0.261687
  0.280572  0.212045 -0.018344  0.312242  0.079005  0.237564]
[ 0.332769 -0.803437  0.106852  0.316999 -0.006477  0.263154  0.279699
  0.330933  0.325323  0.318701 -0.540184 -0.098213  0.331757  0.323908
 -0.117446  0.328845 -0.385865  0.303466  0.32927   0.332136]
[ 0.14032   0.250616  0.208448  0.248149  0.33325   0.329102  0.332725
 -0.834302  0.136695  0.265693 -0.393076  0.287159  0.200165 -0.956259
  0.239289 -0.994998 -0.117265  0.315026  0.219928 -0.739748]
[ 0.296468 -0.278028  0.330033  0.299586  0.165703  0.212858  0.19357
 -0.80518   0.180313  0.197016 -0.604022 -0.154815 -0.475804  0.327216
 -0.216439  0.32801   0.328654  0.083231 -0.237281  0.025803]
[ 0.327928 -0.714266  0.294104  0.10494   0.327971  0.212037 -0.893833
  0.296882  0.029041  0.3231    0.278535  0.222973 -0.25137  -0.442685
  0.333333  0.07075   0.229391 -0.223667  0.070414  0.333283]
[ 0.237741  0.122495 -0.424036 -0.975895  0.075991 -0.242867 -0.981997
  0.123496  0.181001  0.238148  0.233158 -0.292482  0.245741 -0.070538
  0.059729 -0.18819   0.329632 -0.296985  0.319253 -0.935515]
[-0.059117  0.320905  0.27478  -0.910217 -0.335053  0.267861 -0.999488
  0.312051  0.252659 -0.42551   0.330935  0.251211  0.197493 -0.599588
 -0.576518  0.29687   0.33087   0.330173 -0.711742 -0.954735]
[-0.988599  0.177771 -0.182969  0.316714 -0.065316  0.153079 -0.978687
  0.291979  0.089736  0.20759   0.315461  0.267045 -0.141936  0.305758
 -0.211052  0.046619 -0.339724  0.085907  0.189363  0.29495 ]
[ 0.161985  0.110657  0.271872  0.238963 -0.010343  0.319092  0.06489
  0.326364  0.331876 -0.79593  -0.477842  0.065318  0.194803  0.076907
 -0.998623  0.187078  0.326013  0.019072  0.299997  0.28195 ]
[  1.211652e-04   3.300436e-01   3.289739e-01   6.898647e-02  -8.213360e-01
   3.078388e-01  -1.028410e-01  -7.716863e-01  -7.935819e-01   3.164703e-01
   3.312168e-01  -1.378448e-01   3.317080e-01   1.469461e-01  -3.376841e-01
   7.641422e-02  -5.076962e-01   2.961984e-01  -2.039253e-02  -4.613123e-01]
[ 0.143822 -0.973233 -0.946041  0.14645   0.274677  0.216313 -0.342951
  0.279138  0.253591 -0.026043  0.266322  0.332719 -0.988487 -0.030359
 -0.491568  0.311283  0.20854   0.330893  0.308169  0.328019]
[ 0.229138  0.154801  0.299986  0.193262  0.312152  0.29713   0.221
  0.313585  0.102163  0.239455 -0.780721 -0.209663 -0.973068 -0.284982
 -0.460441  0.131094  0.313193  0.272966  0.215996  0.009245]
[-0.128532  0.022949  0.327133 -0.142696 -0.134926  0.093493  0.307682
  0.332998 -0.663578  0.322145  0.272821  0.333332  0.09269  -0.947097
 -0.172133  0.318614  0.319371  0.320194  0.298247 -0.038676]
[ 0.152386 -0.889106  0.114205  0.31616   0.299816  0.277179  0.054692
  0.31009  -0.744935  0.261293  0.33221  -0.833014  0.328023  0.238897
  0.19932  -0.407797  0.271329  0.326866  0.298321  0.295709]
[ 0.318767  0.32423   0.240818  0.312364  0.319953 -0.965523  0.054503
  0.31988   0.10364  -0.793763 -0.407542 -0.991988  0.174299 -0.87869
  0.064049  0.147013 -0.066804 -0.998765  0.13472  -0.56511 ]
[-0.883741  0.233868  0.33074   0.331517  0.327341  0.226984 -0.273695
 -0.175366 -0.952687  0.320726 -0.038438 -0.396143  0.201029  0.177974
 -0.99896   0.244718 -0.02904   0.247207  0.273724  0.271171]
[-0.95716  -0.920754  0.326932  0.330072  0.267686 -0.014155  0.249435
  0.329434 -0.421416  0.319278 -0.272922  0.310755  0.291547  0.233905
 -0.050801  0.07746   0.330881 -0.657766  0.333187  0.258769]
[ 0.164325 -0.43871   0.112527  0.330387  0.212777 -0.365378  0.330149
  0.311657  0.194908  0.297696  0.308095 -0.815651 -0.076191  0.263026
 -0.310301 -0.17107  -0.571542  0.084684  0.135118 -0.038033]
[-0.585896  0.326618  0.332452 -0.480593  0.215754  0.301278  0.254959
 -0.577244 -0.659173 -0.01593  -0.907913  0.330834  0.318655  0.321588
  0.169694  0.044552  0.021661  0.332567  0.325832 -0.352751]
[-0.961199  0.311698  0.1901    0.227196  0.237682  0.011713  0.12602
  0.097991 -0.016863  0.016506 -0.289555  0.330532  0.2033   -0.800464
  0.29341   0.007465  0.333156  0.318325  0.211054  0.299124]
[ 0.321242 -0.377056 -0.88153  -0.316893 -0.707773  0.240827  0.088309
 -0.072534 -0.084611  0.304597  0.294122  0.191672  0.000929 -0.039337
  0.197406  0.218708  0.309438  0.332693  0.285255 -0.27612 ]
[ 0.295106  0.212455 -0.092216  0.098051 -0.982023  0.235063  0.330603
  0.249115 -0.087052  0.17887  -0.08114   0.313078  0.281242  0.330802
  0.309883  0.026689 -0.076371  0.254388  0.219139  0.085139]
[ 0.184367  0.327148  0.333276  0.262728  0.323097  0.333329 -0.999022
 -0.056054  0.327597  0.311296 -0.422545 -0.429067  0.296863 -0.892684
  0.313076 -0.547866 -0.019394 -0.769252 -0.036707  0.224088]
[ 0.105968  0.228442  0.331125  0.288733 -0.038253 -0.265653  0.313657
  0.178771 -0.92328   0.330351 -0.385243  0.31322  -0.93647  -0.772066
 -0.02775   0.057209 -0.070516 -0.896535 -0.391295  0.308322]
[ 0.294798  0.276077  0.332348  0.333313  0.228317  0.00444   0.042928
  0.236891  0.086421  0.04267   0.328241  0.261956  0.227555  0.314651
  0.309154 -0.899642  0.176772  0.298725 -0.68901  -0.294991]
[ 0.296672  0.115791 -0.460545  0.175247 -0.169769  0.126485  0.212474
  0.230426  0.311748  0.038118 -0.73988  -0.025091 -0.355126 -0.979824
  0.300746  0.261003  0.15985   0.159612  0.120709  0.325825]
[ 0.328252  0.330673  0.322459 -0.255615  0.230614 -0.468755 -0.918373
 -0.480177 -0.978606  0.332299 -0.795467  0.300475  0.051962  0.288281
 -0.985224  0.328157  0.221002  0.328215 -0.527257  0.333328]
[-0.744927  0.230611  0.330937  0.07167  -0.6822   -0.607614 -0.285273
 -0.491018  0.327474  0.175266  0.331284 -0.371984 -0.675372 -0.142801
 -0.946891  0.091448  0.11069  -0.192072  0.30315   0.252218]
[ 0.23392   0.194823  0.33332   0.218057  0.296643 -0.274163  0.332626
  0.305367  0.114752  0.329119  0.297333  0.079082  0.158859  0.332443
  0.312983 -0.153324 -0.974501 -0.171799  0.088893  0.33128 ]
[ 0.268015  0.331529  0.332218  0.246777 -0.406663 -0.738668  0.288295
  0.199681  0.266996  0.328465  0.142532  0.33119  -0.648875  0.185319
  0.077594 -0.300053  0.177613  0.330711  0.284806 -0.195094]
[  3.319765e-01   2.677940e-01  -1.854090e-01   3.139627e-01   3.815148e-02
   1.916848e-01  -1.965211e-01  -9.999858e-01  -6.305346e-01  -8.378823e-01
   2.431112e-01   1.178851e-01  -9.902313e-01   9.769420e-02   3.984640e-04
   2.948704e-01   2.497395e-01   1.755288e-01   4.024225e-02   3.264696e-01]
[-0.248687 -0.667414  0.130873 -0.405676  0.329497 -0.736818  0.330023
 -0.055463  0.048298 -0.540199 -0.366219 -0.56972   0.0733    0.272236
 -0.821598  0.313879  0.25748   0.329973 -0.774786 -0.161877]
[ 0.333132 -0.960079 -0.732106  0.010469  0.284282 -0.072447  0.321047
  0.047664 -0.01863   0.019401  0.13757   0.326231  0.059762 -0.653519
  0.323538  0.03032  -0.299842  0.267149  0.284127  0.292966]
[ 0.330532  0.318329 -0.265863  0.079198 -0.097388  0.29844  -0.999913
  0.295159  0.332421  0.323505 -0.211756  0.28293   0.263715  0.319557
  0.14223  -0.543494 -0.752553  0.051044  0.332852  0.331423]
[  2.620524e-01  -2.422046e-04  -7.418619e-01   1.643483e-01  -1.463562e-02
   3.302642e-01   2.942634e-01   2.783032e-01   1.875226e-01  -8.507846e-01
   7.687276e-02  -9.950315e-02   3.146608e-01   2.570014e-01   1.676058e-01
  -1.017665e-01   2.082254e-01  -1.104569e-01   2.016979e-01   3.143003e-01]
[-0.985294 -0.970302  0.217233  0.006438  0.325995  0.307036  0.313643
 -0.600106  0.301593  0.209255 -0.459435  0.235516 -0.574249 -0.901854
 -0.592128  0.080726 -0.826704  0.307266  0.23817   0.130395]
[-0.024435  0.231408 -0.900721  0.250039 -0.262538  0.019415  0.133178
  0.044727  0.156777  0.035829 -0.953482  0.021161  0.217445  0.318628
  0.331451  0.317144  0.231013  0.332127  0.234761  0.002648]
[ 0.241202 -0.264671  0.322637  0.328963  0.317553  0.330105 -0.661857
  0.10344   0.26811  -0.224984  0.142436 -0.053017  0.262605 -0.859071
  0.174696  0.331327  0.332462  0.276728  0.18878   0.296181]
[ 0.318684  0.245847 -0.997001  0.307877 -0.657707  0.305372  0.331167
 -0.84862   0.242639  0.308176  0.127326  0.141698  0.196095 -0.203387
  0.327328 -0.030694  0.332313  0.332998 -0.466962  0.077275]
[ 0.302017  0.157117 -0.387386  0.276819  0.266686  0.278531  0.330558
  0.163569 -0.761083  0.280748  0.333272  0.20482   0.305762  0.118775
  0.025387  0.13551   0.261062 -0.666968  0.293896 -0.13899 ]
[ 0.298226  0.265489  0.331336  0.331757  0.073177 -0.039815  0.005156
  0.307385 -0.290236  0.285653  0.018519  0.328495 -0.441357  0.302125
  0.233775 -0.743151  0.299152 -0.26935   0.223841  0.283013]
[ 0.192643 -0.634938 -0.371627  0.259042  0.283114  0.236561  0.193004
  0.317855  0.320638  0.153382 -0.958255  0.331251  0.217546  0.275195
  0.332896  0.284399  0.201998  0.327445  0.138506 -0.01354 ]
[-0.51206   0.261957 -0.633432 -0.348187  0.178607  0.118187 -0.086667
 -0.198122  0.150135  0.289263 -0.507465  0.329339 -0.478453  0.26901
  0.319827  0.040013 -0.34922   0.329777  0.332498 -0.012343]
[ 0.313943  0.331716 -0.502088  0.101873  0.254526 -0.205607 -0.210109
  0.153978  0.177167 -0.132124  0.32394   0.195476  0.082766  0.330139
 -0.841044  0.320937  0.126764  0.273545  0.079935 -0.531953]
[ -1.544565e-02   2.166255e-01   2.854122e-01   3.207821e-01   2.803441e-01
  -1.289042e-01   2.282531e-01   3.287424e-01   3.010067e-01   1.386582e-01
  -2.622379e-01  -3.199610e-01   4.840423e-04   1.467475e-01  -7.877496e-02
  -9.864209e-01   3.332401e-01   3.295241e-01   2.492066e-01  -8.859039e-01]
[ 0.225553  0.269838  0.242626  0.330383  0.301448  0.328668 -0.591332
  0.326881  0.265306  0.262851  0.291737 -0.019985  0.215739 -0.991096
 -0.6106   -0.382926 -0.264751  0.318193  0.328357 -0.277672]
[ 0.16094   0.317795  0.092346  0.049951 -0.255319  0.0109    0.175388
 -0.712563 -0.560709  0.333208 -0.128213 -0.996022  0.272612  0.250701
  0.305671  0.115771  0.331558 -0.464518  0.286632 -0.999748]
[ 0.038344 -0.712681  0.320142  0.115373  0.320916 -0.475701 -0.076161
 -0.741114 -0.09436   0.332993  0.049243 -0.732343  0.243779  0.3149
 -0.42409   0.323917 -0.467959  0.240667  0.233363 -0.787403]
[ 0.237032  0.331141  0.252068 -0.569628  0.265087 -0.742912 -0.924427
  0.235055  0.21714   0.046775 -0.930105 -0.991097  0.327485  0.076118
  0.182659 -0.765781 -0.428871 -0.613982  0.198014  0.308072]
[ 0.144191  0.18674   0.30272  -0.416828 -0.223514 -0.083442  0.257148
  0.331287  0.2316    0.158288  0.040432  0.294254 -0.287786  0.331489
  0.208052 -0.94448  -0.487984 -0.059409  0.324584 -0.144853]
[ 0.26506   0.090724  0.124674  0.331118 -0.278796  0.324103  0.29741
 -0.996629  0.298348  0.171639  0.059972  0.309896 -0.889756  0.30478
  0.087073  0.328133  0.040271 -0.552411  0.290902 -0.470727]
[ 0.307645  0.323617  0.312298  0.314413  0.32004   0.333322 -0.085497
 -0.449726 -0.434506  0.30981  -0.706606  0.035691  0.311731  0.181034
  0.332724  0.305297 -0.719263  0.085643  0.220496 -0.90128 ]
[ 0.333331 -0.813799  0.007971 -0.608236 -0.102323 -0.893806 -0.092627
  0.314399  0.186979  0.206752  0.304206  0.328485  0.330313  0.298895
  0.332786  0.323423 -0.467077  0.289093 -0.559282  0.149605]
[ 0.296084  0.094739 -0.525583  0.098979  0.332859 -0.194568 -0.986003
  0.305877  0.263552 -0.735063 -0.275113  0.286031  0.320926  0.278057
 -0.139163  0.222758  0.147946 -0.997793  0.332234 -0.419565]
[ 0.301649 -0.108339 -0.195544 -0.159999 -0.987125  0.312417  0.170403
 -0.558951  0.193129  0.003306  0.138553  0.279665  0.329861 -0.943457
  0.206485 -0.963887  0.284206  0.328035  0.059859  0.23469 ]
[ 0.180103  0.267796 -0.258999  0.303025 -0.990102  0.04361   0.331492
 -0.122118  0.173168  0.249834  0.257614 -0.190162 -0.369312  0.003564
 -0.06661   0.167967 -0.684326 -0.583232  0.254548 -0.077196]
[-0.576489  0.069279  0.332773 -0.577725  0.114591  0.330474 -0.455202
  0.151608 -0.97481   0.126116  0.104769 -0.074435  0.284121  0.242378
 -0.825628 -0.127613  0.028406  0.041239  0.082746  0.218251]
[ 0.25256   0.327285  0.169783  0.307642 -0.960514  0.257645 -0.11262
  0.313142  0.267796  0.311036  0.04067   0.203223  0.329723 -0.777204
 -0.977312 -0.032602 -0.064172 -0.236715  0.302836  0.328541]
[-0.003944  0.33266  -0.10527   0.140111  0.160342  0.205993  0.214481
  0.252485  0.215793 -0.206027  0.333287  0.133843  0.333239  0.224709
  0.279842  0.320083  0.114002 -0.009674  0.306676  0.33195 ]
[0.00024605738415839351, 0.043048515343575233, 0.05813099232652813, 0.0079598729711771732, -0.097360813898475174, -0.0047176713225126066, 0.028966926247864108, 0.020183158628415521, 0.024083781784332819, -0.025427219165208181, -0.015254118107382419, -0.00030504192803992858, 0.033810492518535323, 0.012781504224939289, 0.046489042407222722, -0.0078033933023224228, 0.067744285960938289, -0.027445926432944023, -0.0034098516302731308, 0.083774340469048941, 0.026651920039023433, 0.013742513891951455, 0.057253011124502332, -0.023702789714706074, 0.014520339111947889, -0.029117174464029838, 0.090205715904060513, 0.0013612370958343001, 0.10377283237347346, 0.081502054345873043, -0.023235798701977506, -0.040219367387988925, -0.033672866952229125, 0.0067537836383549377, 0.072661672603103356, 0.024247513658901806, 0.024093179523232366, 0.026221364528788871, -0.07202927449566171, 0.022872489464558998, 0.014034840841581464, 0.032501792832339893, -0.037934066879210748, 0.063941373335524285, 0.023854588628901774, 0.032582110485362858, 0.0069068893993024794, -0.012272618443172338, -0.086846322031722822, 0.056932878016291377, 0.041258459750732619, -0.026010776253896112, 0.033465610266640772, 0.036864334004201166, -0.012713460633590246, -0.00026488484683867553, -0.052387465474958983, 0.0060321002146204172, 0.11052113575891068, -0.020027491856501656, -0.067818179845119397, 0.039339089252684367, 0.021235723059121192, -0.0025387307094477951, 0.023244782690837018, 0.0093911911031432926, -0.088253600442684932, 0.061486150986524768, -0.025427756809942026, 0.027943144031859657, -0.0034102174176505184, 0.10198891799874238, -0.0019788111667462249, 0.03909463690799897, 0.0057037149442051294, 0.048975668538772471, -0.088907830343442851, 0.041062393252043951, 0.02746408883194712, 0.058833951013518015, 0.072640858356005145, 0.053054107945046197, 0.0034577005355363732, 0.039950591613157727, -0.12867005503281354, 0.022708077911131483, 0.032489588837087413, -0.032730368582687602, 0.026410885206208989, 0.083386212798230136, 0.019580208804076793, 0.017163981142399504, 0.094431684653340398, -0.06382625436611894, 0.021010998723914875, 0.046061136452466123, 0.017482635096410098, 0.0036553427590676479, 0.0087980233337231206, 0.014532431229093111]
('time: ', 9706.251519918442)
