“Running plot script on a single CPU core”
[ 0.016816  0.005631  0.019605  0.007163 -0.017447  0.025423]
[ 0.074431  0.078929  0.071539 -0.005329 -0.000781  0.007911]
[ 0.052976  0.101897  0.094844 -0.002201  0.016509 -0.003604]
[-0.016985  0.018162  0.007806  0.018652  0.001595  0.013832]
[ 0.038385  0.034837  0.065094 -0.011112  0.004235  0.009956]
[ 0.031317  0.050454  0.097922  0.021833 -0.029538 -0.005287]
[-0.032572  0.130259  0.02769  -0.026176 -0.043344  0.014516]
[ 0.069778  0.058852  0.023766 -0.007064  0.027478  0.066738]
[ 0.022412 -0.01492   0.011553  0.002947  0.051651 -0.014665]
[-0.034461 -0.007508 -0.03308  -0.00765   0.005104  0.003058]
[ 0.062211  0.019257  0.103858 -0.028435  0.008069 -0.030609]
[-0.018808  0.019816 -0.008353 -0.022996 -0.023747  0.034908]
[-0.044163 -0.013331  0.015052 -0.003092  0.005245  0.014436]
[ 0.020366  0.043915  0.070467 -0.027935 -0.018985 -0.00103 ]
[ 0.046004  0.03754   0.04761  -0.00797   0.016885 -0.02077 ]
[ 0.037494  0.084175  0.061562 -0.005724 -0.044198  0.000419]
[-0.057463  0.003363 -0.027692 -0.005177 -0.017588  0.003255]
[ 0.032536 -0.002484  0.061581  0.009675 -0.001178 -0.021213]
[ 0.016687  0.023168  0.030174  0.029921  0.006231 -0.015013]
[ 0.063595  0.021047  0.056682  0.009061 -0.004108 -0.015333]
[ 0.000367  0.029534  0.036737 -0.000441  0.005212 -0.002269]
[-0.008858  0.006501  0.043257 -0.018045 -0.001036 -0.014183]
[ 0.029506  0.067874  0.099441 -0.032967 -0.000519 -0.006562]
[-0.066526 -0.006467 -0.006592  0.024887  0.039914 -0.054053]
[-0.015558  0.060804  0.019521  0.021418  0.052427 -0.032022]
[ 0.103407  0.051581  0.046335  0.012655  0.041189 -0.011674]
[  6.465517e-02  -2.010461e-02   4.713035e-02   1.743754e-03   2.848182e-05
   3.927465e-02]
[ 0.0071    0.067978  0.072197  0.012976  0.016285 -0.007902]
[ 0.027311  0.080261  0.071201  0.012041  0.015191 -0.01568 ]
[-0.094314  0.03483  -0.003575  0.004416 -0.012072  0.009496]
[ 0.007437  0.020139  0.023561 -0.011517  0.005785 -0.001089]
[-0.04946  -0.028317  0.032044  0.024177  0.027754  0.003788]
[-0.024466  0.005955 -0.04676   0.017969 -0.010352  0.002355]
[-0.046138 -0.019538 -0.087478 -0.010269 -0.011369 -0.005307]
[ 0.013853  0.029811  0.063225 -0.016135  0.006945  0.004716]
[ 0.01245   0.058938  0.017549 -0.008495  0.007352 -0.011316]
[ 0.039698 -0.012796  0.063218 -0.005547 -0.012095 -0.01646 ]
[ 0.050622  0.057956  0.104471 -0.020722 -0.012386 -0.024572]
[ 0.064731  0.109823  0.080258  0.002027  0.003107 -0.021019]
[ 0.032737  0.058326  0.066366 -0.013898 -0.007136 -0.019203]
[-0.012206  0.062293  0.007394 -0.003424 -0.007763 -0.001268]
[ 0.041077  0.12166   0.083127 -0.016526  0.003268 -0.015708]
[ 0.077668  0.081545  0.115711  0.011381  0.005846 -0.011001]
[ 0.051971  0.051906  0.028053 -0.008572  0.001997 -0.008134]
[  1.217504e-02   4.068865e-02   2.201528e-02  -2.803634e-03   1.109548e-05
   7.288761e-03]
[ 0.032668  0.012504  0.036698  0.000661 -0.004766 -0.004358]
[ 0.026923  0.035925  0.066739 -0.021332  0.006826 -0.026012]
[-0.001479 -0.005644  0.036846  0.000484  0.001678  0.022266]
[ 0.053961  0.076244  0.053316  0.020212 -0.003836 -0.006612]
[ 0.008561  0.101908  0.049869 -0.002066 -0.00465   0.026139]
[ 0.094539  0.050897  0.073202  0.031922 -0.028042  0.007768]
[ 0.050617  0.047122  0.046618  0.032388  0.000518  0.00647 ]
[-0.018073  0.009643 -0.017421 -0.026723  0.024994  0.036389]
[  2.336410e-02   2.823936e-02   5.394276e-02  -8.668738e-05   8.213743e-03
  -1.894942e-02]
[-0.034259 -0.004743  0.01819   0.026392  0.045375 -0.027238]
[ 0.058244 -0.010742  0.088772 -0.019425  0.008687 -0.001906]
[ 0.060295  0.051116  0.079858  0.013625 -0.027491  0.006201]
[ 0.008363  0.001116  0.027942 -0.006564  0.015195 -0.004564]
[-0.010036  0.089805  0.057548 -0.011587  0.020066 -0.013168]
[ 0.022194  0.034741  0.007743 -0.011581  0.014788  0.004468]
[ 0.082534  0.001023  0.049133 -0.030701 -0.029001  0.041178]
[ 0.066291  0.039538  0.026502  0.005444 -0.032984  0.002361]
[ 0.036673  0.094772  0.137765 -0.038992  0.005041 -0.001819]
[ 0.025232  0.029414 -0.016774  0.028489 -0.015868 -0.00939 ]
[ 0.008439  0.055017  0.10411  -0.073372  0.014482  0.019168]
[ 0.00583   0.043428  0.017129 -0.00516  -0.026142 -0.011595]
[ 0.001403  0.062342  0.030555  0.022424  0.004424  0.005819]
[ 0.052539  0.041611  0.116944  0.060934  0.047108 -0.00615 ]
[ 0.001517  0.007548  0.036983 -0.023597 -0.00041  -0.029699]
[ 0.106068  0.07603   0.086192 -0.002822  0.004327 -0.028708]
[-0.025921  0.016157 -0.013716  0.00373  -0.005019  0.007413]
[ 0.062482  0.043361  0.032549 -0.008261  0.003879  0.012567]
[ 0.015139  0.056766 -0.002657  0.037866 -0.008446 -0.03031 ]
[-0.0178   -0.024786 -0.018719  0.018682 -0.01532  -0.014008]
[ 0.082959  0.0728    0.119899  0.007816  0.015398 -0.018107]
[ 0.041224  0.058351  0.100617 -0.016313  0.008037 -0.029804]
[ 0.043221  0.049847  0.093045  0.010866  0.013641 -0.01452 ]
[-0.023471  0.005513  0.066741  0.004296  0.004855  0.038213]
[-0.012968 -0.029351 -0.033593 -0.006008 -0.023523  0.015592]
[ 0.062257  0.091682  0.063046 -0.005406 -0.018239 -0.002658]
[ 0.042264  0.026572  0.042443  0.025026 -0.00098  -0.047935]
[-0.063776 -0.083684 -0.056637  0.005763 -0.028796 -0.011751]
[ 0.014529 -0.013522 -0.040391  0.004382  0.010386  0.003378]
[-0.019664  0.053652  0.046179  0.003467  0.05006  -0.010894]
[ 0.049568  0.056181  0.078766  0.004493  0.00283  -0.020607]
[ 0.001789  0.090226  0.035674 -0.003482  0.054309  0.04873 ]
[ 0.025973  0.083995  0.070146 -0.022535 -0.062596 -0.011721]
[ 0.005037  0.021778  0.047404  0.023189 -0.009685  0.017906]
[ 0.028512  0.003023  0.02837  -0.015434 -0.007771  0.008979]
[-0.101996  0.024607 -0.015377  0.021513 -0.010668 -0.006321]
[ 0.043065  0.003968  0.042063  0.022377  0.014047 -0.002447]
[-0.015047  0.025324 -0.02991   0.027916  0.017443  0.010307]
[-0.030549 -0.027145 -0.021095  0.009961 -0.001128 -0.030825]
[ 0.017986  0.068551  0.023624  0.006402  0.03652   0.016944]
[-0.028766 -0.003744  0.018168 -0.032541  0.007025  0.006042]
[ 0.019147  0.056463  0.121557 -0.042825 -0.02142   0.016806]
[-0.02505   0.027635 -0.025931 -0.01273  -0.022003 -0.026158]
[ 0.09035   0.088521  0.06224  -0.029597  0.003624 -0.010929]
[ 0.011559  0.021915  0.054384 -0.002276  0.003235 -0.00203 ]
[-0.00022  -0.017503  0.015312 -0.008505  0.030609  0.00173 ]
('Mean', 1, ': ', -0.00021969925264556084)
('Median', 1, ': ', -0.00021969925264556084)
('Variance', 1, ': ', 0.0)
('Mean', 2, ': ', -0.017502700922892619)
('Median', 2, ': ', -0.017502700922892619)
('Variance', 2, ': ', 0.0)
('Mean', 3, ': ', 0.015311633043242647)
('Median', 3, ': ', 0.015311633043242647)
('Variance', 3, ': ', 0.0)
('time: ', 8904.971706867218)
