“Running plot script on a single CPU core”
[ 0.0352    0.040146  0.006368 -0.007817  0.009517  0.019376]
[ 0.055905  0.048809  0.126521 -0.031527  0.005595 -0.005745]
[ 0.058391 -0.004541  0.078089  0.004334  0.000386 -0.01416 ]
[ 0.009315  0.018886  0.048491  0.011092  0.031104  0.015212]
[ 0.027433  0.026016  0.096668  0.002783 -0.00867  -0.010615]
[ 0.042247  0.019898  0.03705   0.006679 -0.003852  0.039103]
[ 0.010246  0.035028  0.070266 -0.003424  0.018414 -0.016373]
[ 0.050358  0.098412  0.105089 -0.02079   0.002823  0.001558]
[-0.011376 -0.014952 -0.012146  0.01283  -0.013848 -0.001362]
[-0.029643  0.018943  0.052665 -0.013852  0.000664  0.010036]
[-0.036157 -0.03332  -0.02121  -0.012126 -0.021362 -0.00059 ]
[ 0.131447  0.082455  0.020769  0.030841 -0.008233 -0.046616]
[-0.017881  0.005998 -0.00935   0.002338 -0.018362  0.013885]
[ 0.021924  0.02529   0.050495 -0.017012 -0.00659   0.004592]
[ 0.036451  0.06154   0.02324   0.008527  0.04058   0.029207]
[-0.013101  0.025629  0.036761  0.037033 -0.003732 -0.016476]
[ 0.015729  0.040411  0.072749 -0.005796  0.02053   0.013603]
[-0.010901 -0.026056  0.01441  -0.025558 -0.040483 -0.007734]
[-0.032109 -0.002504 -0.020548  0.026638  0.020098 -0.02551 ]
[ 0.034826  0.058691  0.048458  0.002739  0.007738  0.015076]
[-0.011121  0.045173  0.090284  0.008131  0.022191 -0.043031]
[-0.035757  0.024786 -0.02436   0.018067  0.018218  0.006596]
[ 0.073247  0.102254  0.087358 -0.011445  0.034625 -0.013302]
[ 0.007205  0.028885  0.003893 -0.020543 -0.012705  0.019547]
[ 0.080369  0.01135   0.056031  0.004835 -0.009106 -0.023258]
[ 0.009618  0.0372    0.010295  0.002989  0.074527  0.020434]
[ 0.054841  0.051522  0.058865  0.023723 -0.014258  0.041835]
[-0.086615 -0.001533 -0.003034  0.008409 -0.003656  0.012457]
[ 0.036584  0.027282  0.076528 -0.002643  0.04496   0.019746]
[ 0.026618  0.029127  0.059336  0.021719  0.012301  0.002905]
[ 0.062747  0.076834  0.008126  0.001062  0.027106 -0.003708]
[ 0.017665  0.00027   0.027138  0.013808 -0.019287  0.009613]
[ 0.024165 -0.014267  0.016207  0.01598  -0.003276 -0.008862]
[-0.027871  0.03828  -0.010501 -0.002641 -0.009527 -0.035107]
[ 0.032608  0.061646  0.036173  0.012688 -0.011443  0.000434]
[ 0.024884 -0.039836  0.032842 -0.001807  0.009709 -0.003008]
[ 0.065922  0.044535  0.065508 -0.006188  0.006283  0.0129  ]
[ 0.019984 -0.003538  0.028128  0.016392  0.021699 -0.036386]
[ 0.058544  0.072801  0.081659  0.038052  0.01859  -0.024428]
[-0.046191 -0.064212 -0.031758 -0.023081 -0.035329 -0.027445]
[ 0.068692  0.072469  0.096886  0.001057 -0.015665  0.02934 ]
[ 0.056385  0.049482  0.083882  0.029156  0.016097 -0.013032]
[-0.001019  0.037229  0.029117  0.005477  0.013365  0.002128]
[ 0.032373  0.000183  0.022247  0.028368  0.00145   0.009268]
[ 0.056039  0.071315  0.062235  0.005924  0.016709 -0.010911]
[ 0.057813  0.037184  0.058886  0.002268  0.018595 -0.003589]
[ 0.039191  0.064716  0.103577  0.045032  0.042033 -0.027288]
[ 0.064564  0.080641  0.063205  0.002227  0.045501  0.014147]
[ 0.103639  0.062787  0.105603 -0.014211 -0.003268  0.00725 ]
[ 0.031114  0.058646  0.079453 -0.013689 -0.000912  0.019384]
[ 0.004362  0.10297   0.02946   0.016608 -0.007142 -0.01003 ]
[-0.005301  0.026281  0.03556  -0.041638 -0.00665   0.008157]
[-0.038509  0.041471  0.027652 -0.006417 -0.012665  0.011271]
[ 0.037535  0.048075  0.012567 -0.008877 -0.004175 -0.007418]
[ 0.026507  0.062191  0.036455  0.025399 -0.002232 -0.003102]
[ 0.081313  0.052752  0.114096 -0.016447 -0.016163  0.022811]
[-0.023847 -0.016454  0.072947  0.005845  0.024481  0.02153 ]
[ 0.015015  0.017583  0.032284  0.01286   0.016589  0.01296 ]
[ 0.009984  0.031611  0.051532 -0.005359 -0.011766 -0.034798]
[-0.052018 -0.020736  0.026627 -0.03493  -0.019078 -0.025054]
[ 0.01737   0.084514  0.031732 -0.027067 -0.007023  0.012849]
[-0.010245  0.065742  0.027413  0.006879  0.000726  0.02103 ]
[ 0.012218  0.099622  0.019941  0.035644 -0.015172  0.028701]
[ 0.059187  0.037783  0.069909  0.005973 -0.017368 -0.017956]
[-0.072078 -0.068708 -0.005342 -0.003722 -0.002113  0.018974]
[ 0.031262  0.062247  0.103711 -0.010474 -0.015356  0.011548]
[ 0.036199  0.073762  0.026061 -0.010331 -0.029339  0.005854]
[ 0.016184  0.00153   0.002315 -0.00133   0.025241  0.007023]
[-0.014274  0.041357  0.038032  0.017013 -0.006025 -0.000148]
[-0.002039 -0.024371  0.039048  0.04801   0.00883  -0.014272]
[ 0.012325  0.039142  0.072436  0.012638 -0.015949  0.000281]
[ 0.072589  0.063879  0.050298 -0.021777 -0.018658 -0.018811]
[-0.015085 -0.041217  0.008234 -0.01229  -0.006201  0.010628]
[ 0.0664    0.025201  0.10946  -0.029206  0.01042  -0.004881]
[-0.038306  0.04031  -0.005281 -0.008422  0.057079 -0.04441 ]
[ 0.057709 -0.008072  0.039208  0.026213 -0.032392  0.006635]
[ 0.158549  0.028868  0.038961 -0.009524  0.017004 -0.042339]
[ 0.123169  0.118202  0.118448 -0.011346  0.004121 -0.010129]
[ 0.04708   0.045081  0.077415  0.009394  0.004824 -0.002989]
[ 0.048153  0.103316  0.097298  0.019545 -0.030506 -0.018777]
[ 0.021414  0.066525  0.083356 -0.003425 -0.005345  0.000162]
[ 0.072722  0.044291  0.066996  0.020982  0.015482 -0.011074]
[ 0.061504  0.071954  0.106358  0.015041  0.023042 -0.006532]
[ 0.023256  0.033716  0.069985  0.015969  0.013875  0.001066]
[ 0.002953  0.038784  0.041309 -0.001376 -0.010912 -0.007412]
[ 0.036093  0.024928  0.062015  0.006666 -0.01319   0.013337]
[ 0.079124  0.030849  0.016605  0.013083  0.03072  -0.014563]
[ 0.067339  0.072765  0.126531  0.069208  0.005199  0.003772]
[-0.078772 -0.01407   0.026291  0.019192 -0.060367  0.045638]
[ 0.012837  0.048553  0.059433 -0.020898  0.013904 -0.016916]
[ 0.075188  0.117807  0.099538 -0.000387 -0.020594 -0.001161]
[ 0.028925  0.102697  0.065398  0.038837 -0.01585  -0.036151]
[ 0.016408  0.025371  0.001314 -0.015544 -0.012751  0.014828]
[-0.015685  0.015703  0.065793 -0.01469   0.023057  0.001493]
[-0.022363 -0.001984 -0.007509  0.014425  0.003101  0.028239]
[ 0.017729  0.036775  0.019972  0.00389  -0.010859  0.010741]
[ 0.044029  0.107141  0.127966 -0.015363  0.006263 -0.021241]
[ 0.064645  0.11949   0.104541 -0.018204  0.020713  0.000684]
[ 0.037372  0.004283  0.056442 -0.008388  0.024763 -0.059836]
[ 0.047326  0.090828  0.049803  0.003782 -0.014076  0.019197]
('Mean', 1, ': ', 0.047326325156740574)
('Median', 1, ': ', 0.047326325156740574)
('Variance', 1, ': ', 0.0)
('Mean', 2, ': ', 0.090827942718245722)
('Median', 2, ': ', 0.090827942718245722)
('Variance', 2, ': ', 0.0)
('Mean', 3, ': ', 0.049803477199056922)
('Median', 3, ': ', 0.049803477199056922)
('Variance', 3, ': ', 0.0)
('time: ', 13419.291251897812)
