“Running plot script on a single CPU core”
[-0.888274 -0.727522 -0.988275 -0.855547 -1.027012 -0.837604  0.030505
  0.033406  0.074511  0.068364  0.140893  0.094551  0.011934  0.089518
  0.085975 -0.006582  0.027352  0.001037 -0.014227 -0.013636]
[ -1.047970e+00  -1.050837e+00  -6.882137e-01  -1.094863e+00  -8.350286e-01
  -7.872647e-01  -4.416992e-02   1.906329e-02  -1.212202e-01  -7.044182e-02
  -6.533375e-02  -8.169800e-02   1.975806e-01  -1.019895e-01   1.753580e-01
   9.743985e-02  -5.960782e-02   5.357114e-02  -1.851627e-02  -1.257761e-05]
[-1.027612 -0.968364 -1.124561 -0.933163 -1.02832  -1.009864 -0.148383
  0.071268  0.070339  0.011615 -0.019255  0.024731  0.060802 -0.046963
  0.033627  0.046646 -0.034189 -0.050279 -0.062949  0.019084]
[-0.856705 -0.81682  -0.676033 -0.981582 -0.886336 -0.730365  0.108931
  0.001848 -0.012316  0.023724 -0.040612  0.030543  0.026061 -0.002169
 -0.02258  -0.029968  0.058103  0.098898  0.006993  0.009602]
[-0.846165 -0.869755 -0.781461 -0.761814 -0.686564 -0.57803  -0.03244
 -0.007929 -0.105105  0.289362  0.16753  -0.435672  0.15269   0.122591
  0.052409  0.172317  0.390512 -0.274869 -0.056101  0.016655]
('Mean', 1, ': ', -0.84616523793131571)
('Median', 1, ': ', -0.84616523793131571)
('Variance', 1, ': ', 0.0)
('Mean', 2, ': ', -0.86975483571514978)
('Median', 2, ': ', -0.86975483571514978)
('Variance', 2, ': ', 0.0)
('Mean', 3, ': ', -0.78146143210771546)
('Median', 3, ': ', -0.78146143210771546)
('Variance', 3, ': ', 0.0)
('Mean', 4, ': ', -0.76181405468670316)
('Median', 4, ': ', -0.76181405468670316)
('Variance', 4, ': ', 0.0)
('Mean', 5, ': ', -0.68656376000430974)
('Median', 5, ': ', -0.68656376000430974)
('Variance', 5, ': ', 0.0)
('Mean', 6, ': ', -0.57802976021818919)
('Median', 6, ': ', -0.57802976021818919)
('Variance', 6, ': ', 0.0)
('time: ', 445.00263810157776)
