“Running plot script on a single CPU core”
[ 0.242566 -0.292304  0.07498   0.19558   0.315693  0.28582   0.277348
 -0.824934 -0.97726  -0.635353  0.118562  0.011268  0.332092 -0.005402
  0.065252 -0.902962  0.230058  0.280108 -0.145231  0.241299]
[-0.376624 -0.095639  0.3332    0.333021  0.202634  0.2234   -0.203449
  0.307231 -0.431219  0.333328 -0.302285  0.333053  0.244649 -0.00409
  0.168678  0.314509  0.096112  0.319395  0.207948 -0.193611]
[-0.020596  0.2822   -0.047461  0.081882  0.110109  0.333201  0.232154
  0.172343  0.180389  0.211004 -0.254301  0.12297   0.203486  0.333235
  0.326132  0.33326   0.331158 -0.347508  0.204392  0.313235]
[-0.173985  0.166359  0.288545  0.145433 -0.09331  -0.622237  0.00374
 -0.037183  0.257852  0.152508 -0.972927 -0.350899  0.220049  0.249531
  0.165281  0.270475  0.316093 -0.748676  0.278655  0.253327]
[ 0.27446  -0.835116 -0.010258  0.246194 -0.032736  0.283843 -0.924876
  0.231811  0.090795  0.272964  0.227607  0.322396  0.298341  0.333235
  0.311762  0.311034  0.13321   0.183471 -0.240696  0.333163]
[ 0.170598  0.27301   0.075441 -0.070744 -0.203745  0.163486  0.243849
  0.188009 -0.554801  0.231633  0.222389 -0.237247  0.025809 -0.635572
  0.237528  0.203985 -0.462204  0.252368  0.195329 -0.665629]
[ 0.331874  0.31837  -0.470844 -0.325373 -0.756732  0.222228 -0.141154
 -0.153209  0.148295 -0.187407  0.144842 -0.995164 -0.991379  0.089056
  0.192626 -0.036635  0.116163  0.331553  0.176379 -0.356381]
[-0.178802 -0.028092 -0.06604   0.170153  0.283768 -0.031809  0.299596
 -0.169404 -0.582659  0.257415  0.327968 -0.171363 -0.979254  0.304795
 -0.969619  0.32989   0.324862 -0.84144   0.321086  0.143809]
[-0.99553   0.159403  0.312293  0.331916  0.329835  0.291027  0.17529
  0.301192  0.317036  0.323897  0.312154  0.240904  0.171163 -0.573156
  0.328131  0.101922  0.215585 -0.103865 -0.261774  0.235842]
[ 0.331461  0.169717  0.116363  0.279846  0.306381  0.333112 -0.114761
  0.131832 -0.215059 -0.725353 -0.917218 -0.685647 -0.71375   0.127798
  0.224056 -0.14086   0.287381  0.333263 -0.976248  0.309515]
[ 0.224944 -0.308012  0.322182  0.331535 -0.019476  0.090885  0.218513
  0.320533 -0.15169   0.278912  0.31967   0.273316 -0.080122 -0.296702
 -0.95513  -0.989224  0.305285 -0.060114  0.323117 -0.076426]
[ 0.175228  0.197189 -0.468762  0.331969 -0.039212  0.330605  0.224363
  0.329589 -0.099947  0.328008 -0.546139  0.280939  0.256415  0.300782
  0.31789   0.274619  0.333205  0.330916  0.006091  0.029983]
[ 0.326258  0.176568 -0.422383  0.319959  0.323486  0.113088  0.275387
  0.15939   0.214306  0.115602  0.324904 -0.360797 -0.402788  0.332612
  0.237963  0.282299 -0.07284   0.156462  0.331747 -0.401944]
[ 0.037248 -0.525459 -0.837879  0.247864  0.325202  0.134383 -0.103178
 -0.727219  0.277421  0.332858  0.153423 -0.918569 -0.75344   0.311924
  0.232155  0.302332  0.290401 -0.150087  0.329868  0.193293]
[-0.075534  0.287905  0.225807  0.31871  -0.632965 -0.412302  0.257272
  0.312772  0.241108  0.024117 -0.591631 -0.462589  0.113707  0.279005
  0.321152  0.084535  0.307513  0.254205 -0.409873  0.166165]
[ 0.320117  0.319024  0.322774  0.277237  0.297928  0.155663  0.32468
 -0.899462  0.259453 -0.047183 -0.957253  0.216297 -0.024158  0.312291
  0.271607 -0.822888 -0.666689 -0.689605  0.198819  0.138373]
[ 0.239494  0.034136  0.289066  0.194836  0.332586  0.174137  0.015466
  0.232113 -0.782225 -0.205974  0.042984  0.188948 -0.058973 -0.953979
  0.328892  0.223048  0.332105 -0.432587 -0.975149  0.281668]
[ 0.307992  0.148723 -0.399588 -0.910737  0.072233 -0.142701 -0.096753
 -0.336606  0.239389  0.273011  0.332957  0.219688  0.330683  0.087809
 -0.389526 -0.816788  0.206986 -0.355602  0.067019  0.210307]
[ 0.329741  0.093959 -0.160636  0.312379 -0.020816 -0.990448  0.147808
  0.265124 -0.332328 -0.09581   0.149745  0.327776  0.014844  0.244754
  0.122716  0.312645 -0.119955  0.333256 -0.679623  0.23688 ]
[ 0.207818  0.081965  0.173187  0.248469  0.181344  0.031172  0.333305
  0.181988  0.247509 -0.507832 -0.584837  0.268127  0.313535  0.034208
  0.333308  0.17416   0.176357  0.237291  0.222538  0.189274]
[-0.746893  0.181174 -0.171439  0.162459  0.321858  0.201575  0.257413
 -0.378282 -0.08217  -0.388785  0.045005  0.331693  0.091317 -0.167621
 -0.998079 -0.1467    0.16105   0.249178  0.082467  0.021164]
[ 0.112224 -0.027005  0.250807  0.278205 -0.202452  0.197015  0.10027
 -0.177795  0.313387 -0.309455  0.018829 -0.989833  0.098665  0.308637
  0.214695 -0.630594  0.166527  0.221219 -0.517983 -0.641913]
[ 0.282204  0.211678  0.28074   0.318592  0.149524  0.014877 -0.387303
  0.258066 -0.360083  0.295058  0.224461  0.297355 -0.81774  -0.74108
  0.289738  0.237621 -0.063457  0.262444 -0.367934 -0.791397]
[ 0.290316 -0.24109   0.278411 -0.73499   0.332585  0.331522 -0.449842
  0.331839  0.253197 -0.112672 -0.209329  0.321439 -0.895703  0.217431
 -0.164504  0.26138   0.267905  0.305407  0.264852 -0.285477]
[ 0.331955 -0.596978 -0.776728 -0.040367  0.315933 -0.075537  0.327218
  0.333323  0.188972  0.33151  -0.596101 -0.603182 -0.842695  0.273734
 -0.253317 -0.338418  0.332037  0.261787 -0.854014 -0.016277]
[  3.157338e-01  -2.894134e-01  -1.515774e-01   8.878044e-02   1.790195e-01
   2.834318e-01   1.254340e-01   2.797326e-01   1.403268e-01  -6.059898e-01
   3.330851e-01   2.241516e-01  -6.918907e-02   2.182998e-04  -6.909446e-01
   2.736007e-01   1.948240e-01   2.808207e-01   3.331426e-01   1.116071e-01]
[ 0.249071  0.309586  0.256749 -0.998967  0.286026 -0.756995  0.333022
  0.321999  0.332992  0.017885  0.332533  0.283423  0.288412 -0.083715
  0.323329  0.321851 -0.060165  0.116928 -0.164191  0.29103 ]
[-0.641783  0.325252 -0.999511  0.324559  0.260683 -0.360652  0.05517
  0.314734  0.268864  0.144241 -0.175634  0.14142   0.325182  0.309064
  0.303578 -0.306284  0.185667  0.180133 -0.213864  0.194061]
[ 0.324389 -0.380152  0.175576 -0.923751 -0.198525 -0.21679  -0.790403
  0.182538 -0.411717  0.254206 -0.828014 -0.107793  0.272479  0.289152
  0.141648  0.305585  0.293779 -0.180243  0.020963  0.3149  ]
[ 0.088467  0.218852 -0.935905 -0.49635   0.017599  0.33317   0.205628
 -0.873859 -0.159955  0.056761  0.225231  0.271767  0.099346  0.296036
  0.292742  0.332112  0.332981  0.207078  0.272372  0.166748]
[ 0.100629 -0.513306  0.229221  0.22802  -0.94477  -0.142297 -0.006543
  0.321336  0.299746  0.204566  0.251276 -0.975086  0.180952 -0.40129
  0.324927  0.279881 -0.497547 -0.492816 -0.166085 -0.595189]
[-0.057093 -0.863735 -0.914282 -0.72709   0.119029  0.067534 -0.49482
  0.308506 -0.999996 -1.       -0.035942 -0.404028  0.14708   0.294614
  0.310006  0.05084  -0.92041   0.080965  0.285028  0.169582]
[ 0.034922 -0.238338  0.063736  0.331959 -0.257501  0.323067  0.043475
  0.314424 -0.495708  0.217726  0.266307  0.110447  0.249096 -0.342273
 -0.951322  0.290196 -0.128391 -0.993329 -0.048878 -0.438983]
[-0.904193  0.21128   0.320989  0.327559  0.276874  0.33054   0.191692
  0.213812  0.325327  0.266579  0.333228 -0.399815  0.10462   0.259308
  0.250209 -0.381223  0.024345  0.316478  0.332358  0.03197 ]
[ 0.124899  0.318387  0.286259 -0.449713 -0.974915  0.153509  0.155355
  0.177682 -0.513419  0.330555  0.24473   0.296173  0.260364  0.327873
  0.29251   0.310038 -0.742924 -0.655974  0.133016  0.02834 ]
[-0.754133 -0.942342 -0.483785  0.296059  0.109361  0.298145 -0.206053
  0.212229  0.194152 -0.490872  0.245913  0.325478  0.323407  0.317549
  0.329267  0.161246 -0.075791  0.312433 -0.720069  0.192916]
[  3.309672e-01   3.331684e-01  -9.554088e-01   1.630410e-01  -2.117643e-01
   1.035518e-01   3.290910e-01  -9.497172e-01   8.055748e-02  -3.975821e-04
   2.357224e-01   2.968410e-01  -6.396639e-01  -2.601014e-01  -9.210726e-01
   7.946726e-02   2.602608e-01  -7.261002e-02  -4.601915e-01  -4.222160e-02]
[ 0.265769  0.200988  0.220903  0.308141  0.282598  0.115962 -0.527379
  0.33305   0.196917 -0.855379  0.333241  0.311003 -0.212945 -0.984543
  0.329831  0.331539  0.290876  0.224323  0.267999 -0.243489]
[ 0.176808  0.125176  0.307746  0.239003  0.124121 -0.271013  0.011086
  0.32735   0.228528 -0.379774  0.195246 -0.789873  0.198915  0.296541
 -0.977374  0.318994 -0.717439 -0.780987  0.324087  0.327381]
[ 0.320359  0.304081  0.157736  0.127742  0.33319  -0.203612 -0.976544
  0.136922  0.322608  0.27481   0.259096  0.279788  0.320601  0.31612
 -0.478496  0.332678 -0.936695  0.303187  0.011967  0.271739]
[-0.985375  0.265564 -0.260843  0.270887  0.212683  0.160789 -0.128877
  0.331249 -0.060377 -0.431442  0.172196  0.307024 -0.381971 -0.389718
 -0.184111  0.134333  0.042342  0.266219  0.073084 -0.551945]
[-0.691737 -0.47065  -0.011905  0.171313  0.304833 -0.151916 -0.854919
 -0.467524 -0.998924 -0.836701  0.114774  0.241819  0.051955  0.164135
 -0.918145 -0.990465 -0.348998  0.219524 -0.110167  0.293167]
[ 0.3034    0.20663   0.320693  0.04757   0.197575  0.124029  0.039833
  0.167027  0.302174  0.249294 -0.094371 -0.566981 -0.086428  0.329802
 -0.603606 -0.092814  0.123325  0.187896  0.318046 -0.901444]
[ 0.235136 -0.367127  0.256109  0.33328  -0.985977  0.320016  0.265776
  0.331236  0.310424  0.120054 -0.887862  0.26517  -0.276276  0.253445
 -0.986971  0.23913   0.33109   0.052484  0.285927  0.328429]
[ 0.274605 -0.843411  0.155298  0.330034  0.31488   0.328219  0.304114
  0.032563 -0.968994  0.298227  0.111936 -0.974777  0.018277 -0.75142
 -0.076383  0.318527  0.128774  0.316535 -0.23752   0.086515]
[ 0.056969 -0.920786 -0.251178  0.157423 -0.352132  0.309067  0.332175
  0.331435  0.332482 -0.83601   0.256491  0.232293  0.013157 -0.932106
 -0.168421 -0.640356  0.098186  0.292833  0.324659  0.126861]
[ 0.208931 -0.725957  0.208778 -0.164004  0.095318  0.135002  0.24323
  0.18276  -0.997743  0.157956  0.324456  0.184409 -0.001327 -0.091485
  0.289422 -0.603754 -0.118721  0.236287 -0.96952   0.333305]
[ 0.271411 -0.728976  0.272215  0.312565 -0.843253  0.106285 -0.715839
  0.235021  0.108535 -0.157824  0.101908  0.241499  0.331348 -0.604329
 -0.839768  0.093175  0.060053  0.085342  0.220377  0.225251]
[-0.910143  0.325039 -0.005315  0.333137  0.136268 -0.928968  0.208757
  0.329786 -0.135755  0.330279  0.112241  0.230167  0.303821  0.194223
  0.158259 -0.83445   0.321508  0.32522  -0.874713  0.323238]
[-0.005606  0.203145  0.199015  0.126727  0.293135  0.332346  0.09124
  0.32298  -0.97825  -0.017602 -0.311844  0.238249  0.309861 -0.394127
  0.304682  0.300356  0.197853  0.333325 -0.369778  0.068582]
[ 0.30716   0.189217 -0.652506 -0.208801  0.183391 -0.560832  0.330324
  0.12138   0.267669  0.190997  0.330317  0.293686  0.312087  0.293101
  0.299728  0.179002  0.288684  0.066747 -0.982987  0.293704]
[ 0.325674  0.262737  0.133893  0.082321  0.322767  0.296115  0.110468
  0.120681  0.331975  0.333125  0.114721  0.29145   0.319084 -0.209172
  0.248006 -0.085039  0.322335  0.032336 -0.852204  0.270728]
[-0.538839  0.006752  0.223922 -0.916406 -0.316497  0.305781  0.321346
 -0.011598 -0.905144 -0.343879 -0.664766 -0.995907  0.228761 -0.362004
  0.307639 -0.750668  0.332643 -0.944575  0.195918  0.324143]
[ 0.293796  0.120233  0.245344  0.301179 -0.495043  0.140344  0.325009
  0.052885  0.287171  0.173148  0.29207   0.015661 -0.819123 -0.682497
  0.2743    0.162851 -0.94875   0.275544  0.303836 -0.527946]
[-0.8043    0.134348 -0.084565  0.321137  0.20085   0.212987  0.332915
  0.320071  0.333331 -0.227918  0.174213  0.270861  0.145928 -0.016306
  0.33221   0.188049  0.329083  0.331534 -0.67534   0.268665]
[-0.409124 -0.031686  0.130611 -0.909991 -0.055467  0.325329  0.321648
  0.230456 -0.566156 -0.233356  0.32606  -0.91286  -0.736253  0.107955
 -0.584564 -0.824918 -0.359498  0.333209 -0.167579  0.306375]
[ 0.243785 -0.022921 -0.856602  0.224768  0.325815 -0.905851  0.138097
 -0.060549  0.03818  -0.158576  0.246613  0.332477  0.267523  0.209205
 -0.832746  0.332824 -0.220066  0.250278 -0.007302 -0.60909 ]
[ 0.199837  0.330996 -0.754898  0.174832  0.273643  0.313141  0.074529
 -0.095031  0.194665 -0.219521  0.313679  0.330766  0.32406   0.327263
 -0.480522  0.325789  0.271474  0.272287 -0.074105 -0.970532]
[ 0.167393 -0.977161 -0.14499  -0.015891  0.22502   0.179357  0.042192
 -0.018545  0.23216   0.330859 -0.588223  0.061428 -0.225666  0.289494
 -0.161929  0.103196  0.060346 -0.342621  0.327633 -0.161162]
[ 0.30945   0.324036  0.168279  0.245468  0.306016  0.333136  0.331701
  0.329319  0.328587 -0.606096  0.223442  0.053112  0.324014  0.196654
  0.332005  0.318741 -0.02784  -0.956621  0.299644 -0.64564 ]
[ 0.127516  0.122672 -0.317466  0.319299  0.293047 -0.994085  0.289339
  0.202691 -0.204313  0.330144  0.299743  0.203007  0.329615  0.303793
  0.185037  0.304412 -0.343179  0.296016 -0.393525  0.273118]
[-0.367744  0.333134  0.296751  0.298413  0.296724  0.333317  0.146509
 -0.037571  0.311578 -0.930478 -0.975724  0.318571 -0.169734  0.21348
  0.172374 -0.674947 -0.988337 -0.034636  0.097879  0.3141  ]
[-0.540249 -0.280667  0.284775  0.322366  0.014739  0.00592   0.300811
 -0.078356 -0.351912  0.057722  0.295819  0.046179  0.215431  0.333333
 -0.778362 -0.986106 -0.794656 -0.264233  0.259226  0.322282]
[ -7.049019e-04   1.957254e-01   3.332282e-01   9.483282e-02   3.035247e-01
   1.866234e-02   1.442398e-01  -5.612749e-02   1.166231e-01  -1.920708e-01
  -9.027905e-01  -2.215679e-01   3.073153e-01   3.032645e-01   3.123224e-01
   3.099506e-01  -5.649245e-02  -9.893689e-01   3.283491e-01   2.248538e-01]
[ 0.333213 -0.032095 -0.462213  0.329638  0.332126  0.322721  0.213775
  0.311888  0.265349 -0.120865  0.319603 -0.497946 -0.995222  0.27835
  0.2085    0.320414 -0.244338 -0.788892  0.329328  0.293515]
[-0.678088  0.1535   -0.415712  0.211872  0.060637 -0.716961 -0.375126
  0.280742  0.257293  0.064079  0.079906 -0.062386 -0.165153  0.331573
  0.333181  0.224507  0.331399  0.325683  0.158569  0.330017]
[-0.461372 -0.669705  0.24901   0.173512  0.264476 -0.662377  0.178236
  0.308401  0.036684 -0.393821  0.297555  0.266013  0.243453  0.047777
  0.306342  0.268138  0.328963 -0.375819  0.332403 -0.862471]
[-0.07003   0.215664 -0.009891  0.332478  0.168243 -0.26332   0.323157
  0.312596 -0.9057    0.099015  0.295944  0.309631 -0.002369  0.29442
  0.31736   0.265719 -0.005141 -0.684834  0.095057  0.243078]
[ 0.118741 -0.735409 -0.240566 -0.426949 -0.318424 -0.196618 -0.117425
  0.328258  0.19499   0.289839  0.296509  0.290611  0.310846 -0.046621
  0.333333 -0.022807  0.068121 -0.935402 -0.646821  0.317367]
[ 0.101899  0.056957  0.286762  0.157631  0.329328  0.050303  0.305324
  0.189159  0.322322  0.314769 -0.350106 -0.48727   0.268349  0.176292
 -0.037916  0.30654  -0.531809 -0.713649 -0.041077 -0.430484]
[-0.417944  0.251793 -0.952313  0.287718  0.173361  0.303301  0.318514
  0.291104  0.299459 -0.72339   0.287087  0.099103 -0.809575  0.302021
 -0.588436  0.294468  0.109884  0.29517  -0.402557  0.33273 ]
[ 0.114982  0.266686 -0.133703 -0.19369   0.139233 -0.044026 -0.947393
  0.332294 -0.490606 -0.255471  0.325178  0.330672  0.204136 -0.814006
  0.25654  -0.762827 -0.286523 -0.219362  0.052761 -0.413249]
[ 0.318236 -0.389934  0.270736 -0.754554  0.308637  0.211677 -0.999967
  0.315603  0.332969  0.056184  0.324808  0.330388 -0.879909  0.317609
  0.018491 -0.417163  0.331892 -0.181269  0.011463  0.01486 ]
[-0.632713 -0.257256 -0.582396  0.210355  0.19306   0.333325  0.320139
  0.11328   0.172943  0.244986  0.284349 -0.264247 -0.891542 -0.980549
  0.32638   0.036374  0.295649 -0.165604  0.270415  0.33324 ]
[-0.021722  0.239045 -0.050278 -0.51176   0.294113  0.323061  0.08989
  0.206514 -0.762529 -0.898138  0.294451  0.070658  0.308108  0.320769
 -0.065152 -0.068603  0.2981   -0.117379 -0.710045  0.333289]
[ 0.333324 -0.145779 -0.021549 -0.999937 -0.792707 -0.227624  0.037323
 -0.451566 -0.770129 -0.219346 -0.048566  0.332747  0.288139  0.306325
  0.057052  0.252418 -0.450286 -0.428208  0.299852  0.145172]
[-0.996605  0.314897  0.107269  0.280539 -0.172088 -0.644259 -0.891906
 -0.27515   0.323387  0.306795  0.240471  0.253428 -0.660376  0.0204
  0.169861 -0.971422 -0.31268   0.015543  0.331491 -0.517793]
[ 0.153077  0.267452  0.308952  0.331477  0.329303  0.323547 -0.125382
  0.33194  -0.762122  0.301052  0.329704  0.25657   0.33185   0.265199
  0.239078  0.332851  0.331961  0.313821  0.202838  0.332324]
[ 0.33306   0.316418  0.143481  0.307631 -0.130306 -0.595422 -0.05402
 -0.184183 -0.433489  0.162401  0.219025  0.321457 -0.040768  0.333329
 -0.900848  0.246392 -0.968548  0.008677 -0.590432  0.003425]
[ 0.298937 -0.804515 -0.831492  0.329553  0.331149 -0.290743  0.332985
  0.102354 -0.60739   0.331998  0.33019   0.117769  0.330444  0.287885
 -0.356903  0.333313  0.319865 -0.157225 -0.359584  0.080884]
[-0.962323 -0.105873 -0.296208  0.201015  0.279405 -0.375845 -0.995857
 -0.506156  0.332451  0.331852  0.064455  0.31613   0.32248   0.311933
 -0.071994  0.327597 -0.727599 -0.243992  0.325322  0.25851 ]
[-0.220264 -0.25846  -0.929229 -0.684547  0.326063 -0.806616 -0.003383
  0.314985 -0.35935   0.257441 -0.72448   0.325951  0.31337   0.253367
  0.318689  0.323562 -0.961842 -0.040116  0.035475  0.135439]
[-0.62709   0.20736  -0.272027 -0.607062 -0.497125  0.168508 -0.712909
  0.330728  0.312116  0.07455  -0.401252  0.324811 -0.148003  0.332699
 -0.213602 -0.676048  0.285657 -0.028443  0.202931 -0.310211]
[-0.240036 -0.695397  0.060741  0.269911 -0.009848  0.000922  0.306465
  0.138399  0.235712 -0.014704  0.299758  0.023185 -0.621791  0.304757
  0.311362  0.102658 -0.145173  0.293617  0.333166  0.333033]
[ 0.266618  0.223032  0.33328   0.284007  0.288883  0.097389 -0.242038
 -0.077646 -0.188674  0.308911  0.303424  0.262563 -0.114983  0.309742
  0.263993  0.080248 -0.618466 -0.599178  0.333313  0.333311]
[-0.992427  0.053857  0.065052  0.307346  0.317919  0.198893 -0.967654
 -0.99995   0.013552  0.33323   0.151573  0.193849 -0.140599  0.041788
 -0.752507  0.111144 -0.342023 -0.999497  0.062914 -0.644526]
[ 0.281893  0.071252  0.319909  0.320471  0.276791  0.333171 -0.116676
 -0.23458   0.2061    0.049631  0.277111  0.317403  0.310295 -0.768527
  0.223096  0.276858  0.333333  0.246142  0.333253  0.003831]
[ 0.248083  0.320921  0.327935  0.331266  0.216034  0.292255 -0.86157
 -0.346681 -0.836584  0.250206  0.278214 -0.986631 -0.993205  0.282539
  0.070137  0.057691 -0.643903  0.328693 -0.782433  0.201261]
[ 0.332512 -0.447705 -0.118716  0.209453  0.210059  0.208366 -0.543576
  0.292464  0.262188 -0.283978  0.129843 -0.268161  0.268972  0.333157
  0.245311  0.312972 -0.723305  0.313178  0.20466  -0.154242]
[ 0.06982  -0.227131 -0.125074 -0.273317 -0.997525  0.315671  0.258847
  0.328892  0.321656  0.331211  0.224492 -0.924087  0.272115  0.332632
  0.316767  0.328505  0.045027  0.200547  0.331219  0.318912]
[-0.198374  0.319432  0.181613  0.205242  0.292944  0.241652  0.200116
  0.002667  0.331243  0.229772  0.050762  0.217495  0.163033  0.304852
  0.32255   0.230724 -0.009254  0.205222  0.322422  0.225376]
[ 0.18686   0.333327  0.183863  0.329062  0.304617  0.259418  0.161279
  0.332958 -0.463731  0.194674  0.282904  0.259062  0.293253  0.07594
 -0.424991  0.24041   0.311901  0.332623  0.241575  0.266506]
[-0.40938  -0.824837  0.282541  0.247166 -0.365511  0.174441  0.22732
 -0.959317  0.332983  0.250066  0.233565 -0.432552 -0.130589  0.328718
  0.271896  0.292579 -0.791208  0.33331   0.333144  0.234491]
[ 0.062514 -0.043248  0.302341 -0.204961  0.246775 -0.741606 -0.926767
 -0.308771  0.280355  0.236712  0.328443  0.323352  0.327151  0.332187
 -0.128626 -0.042631  0.091914  0.333081 -0.714231  0.316746]
[-0.991507 -0.491373 -0.822657  0.330336  0.32942   0.32466   0.261578
  0.291731  0.333333 -0.866237 -0.577732  0.305759 -0.620604  0.316125
  0.008708  0.320827 -0.693721  0.137351 -0.603868  0.064686]
[-0.686337  0.059408  0.333297  0.315933  0.264636 -0.998564  0.179603
  0.305768  0.236576  0.329355 -0.147291  0.332364 -0.141959  0.270321
  0.317013  0.068816 -0.758579  0.323347 -0.340932  0.331567]
[-0.401111  0.328314  0.331556  0.170276 -0.984265  0.317178  0.211918
 -0.924845 -0.238959  0.308503  0.313424  0.195773 -0.198294 -0.079544
  0.320224  0.252102 -0.984851 -0.609745 -0.524587  0.261781]
[ 0.185448  0.172575  0.276766  0.11098  -0.990776 -0.395442 -0.554213
 -0.004828 -0.676052  0.275061  0.333301  0.153053  0.126714  0.045971
 -0.849291  0.323653  0.329186  0.142551  0.024519 -0.954   ]
[ 0.253638  0.086802  0.251909  0.236289  0.300978 -0.25668  -0.757764
  0.326378 -0.553866  0.140378  0.302412  0.154398  0.330277  0.288056
  0.267011  0.196434  0.294436 -0.375291  0.107006  0.291716]
[ 0.27484   0.3112    0.276951  0.31449   0.33322  -0.159368 -0.912432
  0.324707  0.313294  0.314327 -0.284898  0.332867  0.333073 -0.789236
 -0.187208  0.103399  0.051809  0.278734  0.062208 -0.332814]
[0.039879129413463055, -0.0010786242256592971, 0.028224924027395643, 0.045636816369768657, -0.021231907594159383, 0.027656729971783589, 0.019049884268304784, -0.02347603401914411, 0.021939954657138938, 0.029829585280046755, 0.0097180400399786426, -0.047409430188026347, -0.01434325577915041, 0.038977443152047188, -0.031128217146960964, 0.012661037741350079, 0.050781013592806901, 0.10256545241730763, 0.026602013760498477, 0.078362371320530755, -0.064486748278231754, -0.015661201133423508, -0.015976571070622392, -0.083034199605096115, 0.045823592117580692, 0.027490214438719629, 0.0018856327793844163, -0.022414909966911978, 0.12036750146649591, 0.026458131676030401, 0.05093190827073641, -0.0047167138059800023, 0.017444862542479917, -0.038863109569357235, -0.012256383410060023, -0.029755873654995768, 0.019891840784704795, 0.039064615732735092, 0.04185662458324893, -0.034450486314937745, 0.022953561120195642, -0.014111829682965871, 0.066918513241042948, 0.028105830520652436, 0.032273331675626266, 0.05226536040160281, 0.11079938508751912, 0.038046470905351154, -0.0065464593021327122, 0.022920639466496046, -0.038002045601236378, 0.033421360921509435, 0.022851625235364548, -0.023924729635333875, 0.052385517531221337, 0.028012830578019177, 0.06806258031952675, -0.0080887962509127442, -0.074189020218751789, 0.0023060790239809448, 0.058260610341042837, 0.017333293497689639, -0.033028871726832332, 0.011208587671799965, 0.088630681663464106, -0.02735606720269812, -0.022222960147288473, 0.0040019849471505942, -0.057616600957563158, 0.049880625420240368, -0.020862028902884133, -0.018355110964385635, 0.038709693471109252, -0.044536328128009894, -0.012381395621300926, -0.042592050672028314, -0.029326788726430575, 0.024138813747948379, 0.036882129705416378, 0.015046188058444265, -0.0279042733357866, 0.042172712874525536, -0.0066588990238136692, -0.0024845032168252235, -0.020122136416076741, -0.0071552132426034865, -0.024012828160739352, -0.033801445157248561, 0.010656390863772902, 0.0046987883101011207, 0.015264425019690553, 0.063337777112837501, 0.0065061363697179186, -0.00038544603281227829, -0.022301099804364233, -0.026651541091349928, -0.049890403712171849, 0.034542624671543093, -0.11552421699789506, 0.0059544595423767221]
('time: ', 9818.907821178436)
