“Running plot script on a single CPU core”
[-0.689791 -0.823668 -0.572521 -0.82507  -0.59503  -0.852284 -0.043648
  0.117299  0.117004 -0.02252  -0.057375  0.10603  -0.060458 -0.02945
  0.046705 -0.018023 -0.05612  -0.036137  0.037003  0.005115]
[-1.153056 -1.112658 -1.072103 -0.821877 -0.945981 -1.001574 -0.08613
  0.165371  0.045245  0.103098  0.074862 -0.045225  0.066991  0.047254
 -0.001752  0.041844  0.091437 -0.040576 -0.095691 -0.042838]
[-0.907228 -0.710037 -0.911045 -0.859524 -1.095176 -0.986195 -0.015348
  0.007422 -0.132467  0.093228  0.112765 -0.11483   0.039177  0.189854
  0.044702  0.090915  0.104788  0.021049 -0.03477  -0.010158]
[-0.858458 -0.724913 -0.883255 -0.499629 -0.683522 -0.555952 -0.05093
  0.069298  0.071168 -0.044093 -0.091328  0.044325  0.052603 -0.068226
  0.00877   0.038599  0.002811 -0.087867 -0.010476  0.020523]
[ -6.591073e-01  -6.034144e-01  -6.702789e-01  -6.236537e-01  -8.536089e-01
  -6.897361e-01  -1.217239e-02   1.650944e-01  -3.783759e-02   5.618767e-02
   1.002114e-01   6.834726e-03  -1.154897e-01   1.670002e-01   9.530241e-02
  -1.169546e-01   8.588164e-02  -6.158444e-02   4.259079e-02  -5.577796e-04]
[-0.618524 -0.678332 -0.537333 -0.687252 -0.446924 -0.570514 -0.012401
 -0.116642 -0.138985 -0.011289 -0.116712 -0.088091 -0.048941 -0.165796
 -0.117464 -0.008434 -0.065763  0.00522  -0.03253   0.002263]
[-1.10085  -0.890148 -0.902592 -0.970147 -0.929204 -0.751682  0.03609
 -0.085656 -0.057345  0.031646  0.059359 -0.050681  0.106294  0.031391
 -0.073347  0.042409  0.028473  0.051851 -0.071973  0.006733]
[ -9.586917e-01  -7.675262e-01  -1.074548e+00  -7.316185e-01  -1.024630e+00
  -9.332479e-01  -1.311633e-02  -5.288559e-02   9.946748e-02  -1.205038e-01
  -1.116388e-02   6.181222e-02  -1.699267e-02  -1.558084e-04  -4.855043e-02
  -4.784087e-02  -1.318266e-01  -7.958187e-02  -3.076209e-02  -5.390583e-02]
[-0.979171 -0.953301 -1.210866 -0.847135 -1.044326 -1.122641 -0.021743
 -0.008133  0.023445 -0.104558 -0.108973 -0.082566  0.036388 -0.147248
 -0.041962  0.013143 -0.102795 -0.041815 -0.011504 -0.049967]
[-0.849732 -0.824585 -0.659568 -0.72559  -0.575495 -0.54739   0.03859
 -0.126584 -0.169258 -0.009284 -0.008102 -0.129663  0.168027  0.023948
 -0.131758  0.191106  0.034082  0.067547  0.021499  0.02829 ]
[-0.833199 -0.906095 -0.881473 -0.865644 -0.818913 -0.936395  0.025675
 -0.087125 -0.066185 -0.047179 -0.006789 -0.110694 -0.030254 -0.043931
 -0.075855 -0.061272 -0.006245  0.010954 -0.034808 -0.045508]
[-0.774926 -0.692235 -0.781969 -0.74175  -0.882269 -0.777693  0.045984
  0.074127 -0.020646  0.00737   0.158879 -0.080976 -0.006897  0.078181
  0.041095 -0.021639  0.098142  0.051643  0.01462   0.026303]
[-0.860591 -0.744679 -0.851986 -0.768184 -0.85084  -0.673216  0.029259
  0.019485  0.005038 -0.04304  -0.003801 -0.017568  0.096727 -0.050849
  0.060832  0.119769 -0.038129  0.033058  0.029538  0.007609]
[-1.021039 -0.752735 -0.712103 -0.796223 -0.765956 -0.426665  0.040929
  0.049712  0.055988  0.010347  0.038382 -0.006187 -0.04236   0.09959
  0.0477   -0.099759  0.010991  0.064155  0.012111  0.068767]
[-0.907036 -0.79154  -0.870736 -0.827869 -1.043242 -0.932016  0.01483
 -0.011838  0.112001  0.012088  0.037056  0.115834  0.045457  0.045763
 -0.004428  0.045256  0.067812  0.071165 -0.004678  0.048241]
[-1.033659 -0.851827 -0.786935 -1.042466 -1.07219  -0.897457 -0.019818
  0.035256 -0.023124  0.025817 -0.012969 -0.017023  0.001508  0.005553
  0.013848 -0.003954 -0.009866  0.008304 -0.021817  0.008654]
[-1.098529 -0.877922 -0.833404 -0.970655 -0.956635 -0.758373  0.034063
 -0.016853  0.026946  0.065256 -0.018586  0.025457  0.015934 -0.002996
  0.041162 -0.003084  0.065063  0.038283  0.029416 -0.014816]
[ -1.069885e+00  -9.257760e-01  -8.736150e-01  -1.259285e+00  -1.110578e+00
  -1.077955e+00  -5.510774e-02   1.653542e-01   4.037440e-02   4.567242e-02
   5.940146e-02  -8.153635e-03   3.502007e-02   3.545619e-02   1.428779e-01
  -2.608721e-02   4.877260e-04  -9.766170e-02  -6.203324e-02  -2.168920e-02]
[-0.907086 -0.852983 -0.887184 -0.800915 -0.787567 -0.807905 -0.078469
  0.013924  0.046991  0.05116   0.129232  0.024159 -0.061911  0.135488
 -0.005927 -0.073914  0.040624 -0.132545 -0.006248 -0.012909]
[-0.999709 -1.000731 -0.936575 -1.004094 -0.935622 -0.920441 -0.084612
 -0.046507 -0.111297  0.087644  0.046544 -0.054461  0.139992  0.125063
 -0.012345  0.094752  0.245973 -0.110042 -0.016976  0.045156]
[-1.023552 -1.182581 -1.239382 -1.000007 -1.106739 -1.275652 -0.084038
 -0.133354 -0.054762 -0.066236 -0.004773 -0.048273  0.055423 -0.009878
 -0.138263  0.087889 -0.051547 -0.083592  0.015375  0.051857]
[-0.831114 -0.840875 -0.743067 -0.726388 -0.68695  -0.782339  0.034708
  0.011185  0.055183  0.101406  0.070997  0.03497  -0.045213  0.109517
 -0.036468 -0.084853  0.111649  0.025044  0.025912  0.037274]
[-1.216023 -0.97566  -1.143462 -0.83113  -1.099422 -0.723553  0.194286
 -0.121262 -0.024904  0.164197  0.088082  0.002079 -0.029375  0.021354
 -0.172026 -0.082315  0.153813  0.151935 -0.027607  0.068494]
[-1.007343 -0.874432 -1.054426 -0.919307 -1.169579 -1.008469 -0.068741
 -0.183552 -0.078391 -0.026679  0.030935 -0.181631 -0.055009  0.012295
 -0.136591 -0.133342 -0.118958 -0.087383 -0.022589  0.011294]
[-0.946595 -0.823151 -0.721196 -0.757923 -0.696539 -0.503639  0.084009
  0.090629  0.051135  0.055114  0.008851  0.068456  0.001126  0.054001
  0.090758  0.009305  0.041338  0.133995 -0.002176 -0.011925]
[ -9.753652e-01  -1.018305e+00  -6.548497e-01  -8.628980e-01  -6.462171e-01
  -7.916759e-01  -7.422012e-05  -4.916733e-02   8.840583e-03   6.578164e-02
  -7.121724e-02  -5.508299e-02   5.932796e-02  -9.581629e-02  -3.251453e-02
   3.371247e-02   1.455540e-01  -5.626524e-03   3.451732e-02   7.969483e-03]
[ -1.114170e+00  -1.085811e+00  -1.174758e+00  -8.753116e-01  -9.683963e-01
  -1.039868e+00  -1.232139e-02   6.049112e-02  -4.923303e-03  -2.740491e-02
  -7.164180e-03  -2.936630e-02  -1.893650e-02  -3.225650e-02   6.740533e-02
  -5.667612e-02  -3.958540e-02  -1.271607e-02   6.362392e-02  -7.886485e-04]
[-1.007958 -0.912773 -0.816729 -0.908762 -0.829942 -0.76063  -0.005397
 -0.004216  0.140184  0.080809 -0.037055  0.106398 -0.098907 -0.017418
 -0.026025 -0.085411  0.097883  0.007886 -0.004874 -0.023781]
[-1.014734 -0.935373 -0.980504 -0.959426 -0.936992 -0.968366  0.115362
 -0.043239 -0.005224 -0.006075 -0.071939  0.002549 -0.07954  -0.058946
 -0.066757 -0.074433  0.026906  0.121346  0.051231  0.010475]
[-0.775018 -1.026034 -0.712519 -0.998874 -0.715628 -0.959115 -0.102128
 -0.070833  0.074195  0.027346  0.072014  0.035461  0.050191  0.031834
 -0.051865  0.061263 -0.008921 -0.090362  0.016863  0.012288]
[-1.021833 -0.734401 -1.046554 -1.039617 -1.369851 -1.138662 -0.06764
  0.11081   0.02763  -0.088559 -0.002632  0.027164  0.010449 -0.102892
  0.073982  0.089383 -0.061433 -0.171552  0.007504  0.054898]
[-1.146518 -1.050234 -1.000014 -1.267813 -1.172373 -1.094148  0.101448
  0.109584  0.218757  0.253403 -0.103009  0.317858  0.043373 -0.140312
  0.088149  0.066189  0.230247  0.105586  0.007199 -0.039525]
[-1.318161 -1.303186 -1.120778 -1.140768 -1.024624 -0.959882  0.049325
 -0.207047 -0.101706  0.018091 -0.12656  -0.104699  0.029751 -0.127245
 -0.058438  0.011547 -0.072259  0.108485 -0.066458 -0.034947]
[-0.829488 -0.603211 -0.684409 -0.688549 -0.735576 -0.460434  0.127802
  0.022135  0.150152 -0.079283  0.060465  0.195514  0.058408  0.027102
  0.095635  0.225973 -0.026997  0.180613  0.005032  0.018412]
[-0.926005 -0.758992 -0.78971  -0.952162 -0.941755 -0.623283 -0.060221
  0.011667  0.031558  0.041312 -0.02691   0.066636 -0.070018 -0.033303
 -0.028834 -0.115079  0.114289 -0.123177  0.01989  -0.004456]
[ -7.426786e-01  -5.777362e-01  -7.839506e-01  -6.246688e-01  -7.653676e-01
  -5.556257e-01  -6.234553e-02  -1.096153e-01  -6.091123e-03   3.167954e-02
  -1.374708e-04   3.912801e-02  -2.497254e-02   2.780072e-02  -1.607633e-01
  -6.032999e-02   5.541945e-02  -4.863536e-03   8.852863e-02  -1.564868e-02]
[-1.210726 -0.968365 -0.914312 -1.048987 -0.87738  -1.011525  0.062273
  0.079788  0.120076  0.064007  0.104516  0.112222 -0.122905  0.04083
  0.074881 -0.099446 -0.002397  0.087012  0.040753  0.08018 ]
[-0.862739 -0.707254 -0.740053 -0.747362 -0.704657 -0.658271  0.070374
  0.075302 -0.113412 -0.106763 -0.111559 -0.142535  0.045356 -0.027589
  0.08909   0.002387 -0.058393  0.067378 -0.019703 -0.002558]
[-0.942648 -1.08705  -0.921169 -0.967648 -0.858463 -0.951175 -0.020403
  0.117804 -0.065976 -0.095863  0.055927  0.025528  0.087351  0.079419
  0.114927  0.04393   0.030358 -0.057049 -0.083574 -0.026442]
[-0.621591 -0.930113 -0.62193  -0.63529  -0.479037 -0.692542  0.130823
 -0.08227   0.174913  0.098811 -0.037815  0.132098 -0.009044 -0.042094
 -0.022109 -0.018813  0.123065  0.110724 -0.020119 -0.025463]
[-0.836283 -0.708711 -0.784395 -0.778626 -0.882629 -0.860487  0.034372
 -0.032709 -0.016878  0.011216  0.046359 -0.050759 -0.121339  0.126893
 -0.069566 -0.166416  0.075562  0.076658  0.006028 -0.031585]
[-0.918284 -0.901567 -0.867146 -1.103336 -1.063503 -0.988571 -0.039893
  0.052545  0.008657  0.031185 -0.071583 -0.037501  0.056123 -0.085406
  0.011206  0.083829  0.007987 -0.039489  0.048565  0.008629]
[-0.917349 -0.698321 -0.967432 -0.80749  -1.155735 -0.944503 -0.050742
  0.105169  0.053697 -0.012557  0.006255 -0.022855 -0.035264  0.018297
  0.16028  -0.020911 -0.076107 -0.137394  0.047288  0.00273 ]
[-1.371361 -1.465446 -1.15642  -1.380377 -1.044917 -1.170845  0.1981
  0.20702  -0.088871 -0.039407 -0.063945 -0.066142 -0.076677 -0.038019
  0.15094  -0.030046 -0.078849  0.164772  0.068259 -0.032476]
[-0.635716 -0.713945 -0.823098 -0.552508 -0.514033 -0.687098 -0.009694
  0.066627  0.1433    0.166083 -0.069925  0.124881  0.015485 -0.032834
  0.082332 -0.034079  0.172438 -0.018061  0.001618 -0.008697]
[-1.053234 -0.79775  -0.945023 -1.069675 -1.184877 -1.077951 -0.019371
  0.022139  0.011198  0.064396 -0.098679  0.018813  0.08242  -0.110472
  0.0453    0.054202  0.024558  0.010397  0.017553  0.020944]
[ -1.158430e+00  -1.061934e+00  -1.054506e+00  -8.514510e-01  -8.985947e-01
  -8.180351e-01  -8.761897e-03   1.102094e-03  -1.225906e-01   9.021171e-02
   1.444356e-01  -1.292303e-01   8.235563e-02   8.657843e-02   1.189062e-01
   4.212364e-02   4.863864e-02  -4.544886e-02   9.155012e-03   2.969171e-02]
[-0.769621 -0.921442 -0.70279  -1.014851 -0.755249 -0.969599 -0.076162
 -0.047555 -0.149113  0.042351 -0.028799 -0.113598  0.006765 -0.07192
 -0.033744 -0.042233  0.047083 -0.185203  0.033885  0.063196]
[-1.079819 -1.06364  -1.213364 -1.058743 -1.082011 -1.26101   0.043158
 -0.12889  -0.032325 -0.079116 -0.013967  0.001946 -0.102116  0.033426
 -0.268701 -0.152608  0.025133  0.021271  0.043886  0.034097]
[-1.043844 -0.849825 -1.114257 -0.773712 -1.011047 -0.752605 -0.039776
  0.004368  0.060059  0.03386  -0.210175 -0.027237 -0.093219 -0.123501
  0.096071 -0.026679 -0.114987 -0.038237  0.031076  0.015338]
[ -8.583580e-01  -8.457327e-01  -8.434442e-01  -7.634113e-01  -9.545740e-01
  -7.846213e-01   1.180735e-02  -4.313772e-02  -1.047992e-03   3.825091e-03
   1.105236e-01  -4.863642e-03   1.110897e-02   6.626607e-02  -4.787193e-02
   2.967013e-02  -1.471210e-02  -1.238684e-01  -5.752904e-04  -3.532919e-03]
[-0.830879 -0.8581   -1.161635 -0.672818 -0.755817 -1.020834 -0.015609
 -0.018131 -0.102244  0.077535  0.173767 -0.219019  0.095601  0.124389
 -0.041536  0.121649  0.067994 -0.073556 -0.027538 -0.013704]
[-1.128882 -0.945602 -0.688853 -1.119459 -0.860653 -0.749725  0.07625
  0.008696 -0.058103  0.118752 -0.086763 -0.049294 -0.043446  0.028927
  0.087068 -0.035633  0.172352  0.058813  0.003293 -0.003173]
[-0.904621 -0.829695 -0.948972 -0.754568 -0.87454  -0.906417  0.164007
  0.105072 -0.145033 -0.011029  0.023658 -0.126204  0.074499  0.013356
  0.056036  0.142487 -0.083513  0.241293 -0.006985  0.000956]
[-0.868902 -0.853849 -0.921224 -0.756365 -0.799273 -0.805005 -0.078359
  0.016176  0.02512  -0.127728  0.036047 -0.00747  -0.160616  0.013702
  0.028186 -0.175111 -0.086919 -0.100383 -0.081081 -0.012269]
[-0.961851 -0.820621 -0.773916 -0.872195 -0.811759 -0.688423  0.12371
 -0.046903  0.06929  -0.011746 -0.140088  0.000998 -0.063739 -0.155996
 -0.032561 -0.067263  0.021528  0.055629  0.051825  0.063765]
[-1.011608 -1.08336  -0.903621 -1.333921 -1.16087  -1.190664  0.075606
 -0.03745  -0.0431    0.022775  0.186901 -0.228212 -0.028764  0.141091
 -0.036798 -0.028956  0.12974   0.071684 -0.018068  0.01334 ]
[-0.942335 -1.055822 -1.038565 -1.155619 -1.041749 -1.194113  0.016322
  0.09706   0.069331 -0.039278 -0.036167 -0.030684 -0.057451  0.044577
  0.092432  0.006198 -0.068628 -0.029146 -0.040648 -0.039595]
[-0.713038 -0.753648 -0.889439 -0.814022 -0.872863 -0.818908  0.002178
 -0.060128  0.008372 -0.014418  0.037655  0.012655 -0.098669  0.009161
 -0.04708  -0.092514 -0.039988  0.015889 -0.00719   0.016075]
[-0.711957 -0.5445   -0.736172 -0.630495 -0.823171 -0.553421 -0.011109
 -0.087326  0.088995 -0.071259  0.126514  0.116361  0.047656  0.045908
 -0.082273  0.081963 -0.102576 -0.001922 -0.017185 -0.01301 ]
[-0.759105 -0.990249 -0.809756 -0.768549 -0.609426 -0.773819  0.083698
  0.138596 -0.031152  0.20798   0.021818  0.01135  -0.010565  0.036474
  0.089334 -0.075917  0.160187  0.151775 -0.053268 -0.013484]
[ -1.118181e+00  -9.939393e-01  -9.138533e-01  -9.918638e-01  -9.315584e-01
  -8.570782e-01   1.312674e-01  -6.846799e-02  -2.030578e-02   7.324437e-04
  -5.737547e-03  -2.665018e-02   1.424373e-01  -1.869018e-02  -4.893484e-02
   1.047140e-01  -1.481216e-02   1.800019e-01  -2.242098e-02   4.012776e-02]
[-0.871058 -0.7977   -0.853002 -0.72308  -0.773899 -0.759113 -0.071727
 -0.180686 -0.013741  0.079197  0.003055 -0.027745  0.044079 -0.047165
 -0.134811  0.083036  0.128888 -0.039817  0.058507  0.069523]
[-1.020292 -0.850824 -0.912807 -0.803578 -1.004312 -1.022253  0.018246
  0.001909  0.093071  0.0791    0.028565  0.02687  -0.102191 -0.024312
 -0.022481 -0.087169  0.137301 -0.096373  0.055885  0.01272 ]
[-1.124611 -0.680311 -0.92322  -0.647734 -0.886054 -0.461083  0.089196
 -0.179146  0.04355   0.004359  0.009326  0.068225 -0.021948 -0.056005
 -0.161709 -0.023175  0.011589  0.047627 -0.082334 -0.014571]
[-1.237451 -1.138089 -0.977931 -1.125309 -1.029005 -1.191135 -0.010744
  0.042997  0.037979  0.028916  0.05916   0.025679 -0.01246   0.032936
  0.046524  0.024085  0.018708  0.00485   0.044054  0.023417]
[-1.175355 -1.085024 -1.103529 -0.860376 -0.871437 -0.905634  0.017961
  0.003323 -0.036476  0.035345 -0.059587 -0.033607  0.03281  -0.032718
  0.043018  0.064509 -0.045132  0.025916 -0.069959 -0.032711]
[-0.693255 -0.671535 -0.72279  -0.647079 -0.743883 -0.710204  0.022277
  0.096355 -0.072532  0.054589  0.077977 -0.048971 -0.080307  0.015315
  0.106295 -0.065989  0.053784  0.03429   0.085143  0.021055]
[ -1.189614e+00  -7.138492e-01  -9.099978e-01  -5.890626e-01  -1.008962e+00
  -4.743938e-01   1.183604e-01   1.697326e-01   1.187391e-03  -1.403144e-01
  -1.302204e-01  -1.498078e-02   1.749689e-01  -9.840047e-02   1.336417e-01
   1.598206e-01  -5.574634e-02   8.736866e-02   6.824966e-03  -9.611628e-03]
[-0.800501 -0.855776 -0.801217 -0.740088 -0.77544  -0.85101  -0.081036
  0.084208 -0.091115  0.060403 -0.072257 -0.085086 -0.108143  0.022852
  0.075507 -0.168125  0.125932 -0.063417 -0.010997 -0.003179]
[-1.297137 -1.210314 -1.028347 -1.010269 -0.956793 -1.088975  0.010274
 -0.154852  0.010746  0.005375  0.024673  0.048813  0.128945 -0.014948
 -0.198444  0.179613  0.155535  0.011781 -0.022561  0.02979 ]
[-1.007828 -0.929499 -0.902308 -0.827598 -0.812408 -0.716634 -0.024127
 -0.129362  0.004622 -0.091992  0.060265  0.024875 -0.054063  0.039625
 -0.169367 -0.042    -0.123164 -0.025595 -0.008134  0.025221]
[-0.784178 -0.761763 -0.57391  -0.826337 -0.734258 -0.685023  0.020181
 -0.042469 -0.008863 -0.001697 -0.04705   0.036568  0.018127 -0.070469
 -0.043279 -0.002121 -0.002458 -0.014485  0.006729 -0.00555 ]
[-0.59735  -0.600039 -0.612592 -0.509052 -0.517757 -0.57693   0.024178
  0.056104  0.019055  0.018879  0.045069  0.002329 -0.00219   0.024148
  0.065992 -0.010614  0.040968 -0.012498  0.032718  0.006583]
[-1.001418 -0.614489 -1.065159 -0.841376 -1.246697 -0.715095 -0.005699
  0.069127  0.077591  0.121245  0.055192  0.149159  0.058421  0.002616
  0.028775  0.034422  0.129931 -0.00541   0.004705  0.035935]
[ -1.193126e+00  -1.109240e+00  -1.041566e+00  -1.104587e+00  -9.891035e-01
  -9.944230e-01   6.257640e-02  -2.752689e-02   1.108842e-01  -1.725355e-02
  -4.388064e-02   1.256827e-01   1.012111e-03  -1.097176e-01  -1.955997e-02
   4.416424e-03   5.845448e-03   9.503404e-02   5.729986e-04  -3.762353e-02]
[-0.691443 -0.66701  -0.637318 -0.78076  -0.690606 -0.669013 -0.045795
 -0.047357 -0.016872  0.070432  0.039578  0.059647 -0.054032  0.03799
 -0.009134 -0.037902  0.010574 -0.045771 -0.001449  0.009102]
[-0.891413 -1.029373 -0.824214 -0.649403 -0.401847 -0.79713   0.156956
 -0.083229 -0.054357 -0.291765 -0.191126  0.041319 -0.249104 -0.256796
 -0.187813 -0.093383 -0.445024  0.115635 -0.097994  0.040206]
[-0.805697 -0.936138 -0.759096 -1.009114 -0.656529 -1.115004  0.053874
 -0.061073 -0.20609  -0.104507 -0.101322 -0.06106  -0.064078 -0.071854
 -0.015797 -0.069762 -0.166877  0.057277  0.005571  0.018859]
[-0.817335 -0.517201 -0.775239 -0.738852 -0.985055 -0.723311  0.029494
 -0.13931   0.018068 -0.008881  0.159056 -0.051948 -0.021966  0.097703
 -0.155522 -0.089873 -0.049999  0.08453   0.015521  0.002738]
[-0.810473 -0.619534 -0.690588 -0.819548 -0.997687 -0.709775  0.049611
 -0.096968  0.023117  0.083795  0.146507  0.072514  0.155421  0.128451
 -0.102481  0.14407   0.064921  0.001412  0.016495 -0.005187]
[-0.919579 -1.006221 -0.765163 -1.102772 -0.871534 -1.015475 -0.081471
 -0.077581 -0.051527  0.009675  0.08713  -0.053023  0.003443  0.138322
 -0.005146  0.025587  0.051447 -0.114259  0.007627 -0.018326]
[-0.944924 -0.906996 -0.894631 -0.924396 -0.928963 -0.874964  0.091333
  0.023049 -0.032363 -0.145747  0.019605  0.009772 -0.008204  0.004236
  0.048398 -0.005961 -0.179664  0.098073 -0.035053 -0.036643]
[ -1.068074e+00  -9.661357e-01  -1.045758e+00  -1.139528e+00  -1.004883e+00
  -1.093208e+00  -1.082267e-03  -4.925274e-03  -6.847930e-02   3.173048e-02
  -1.497504e-02   6.920068e-02  -2.043290e-02  -1.642934e-02  -2.556799e-02
   4.042555e-03   2.623373e-02  -4.487015e-02  -1.482499e-03  -2.233910e-02]
[ -9.144786e-01  -9.619009e-01  -8.464941e-01  -7.122387e-01  -7.446606e-01
  -6.814445e-01  -7.247364e-02  -5.529574e-02  -2.739887e-02  -4.279521e-02
  -4.755917e-02  -7.931611e-02  -4.172860e-02  -5.501662e-02  -1.394578e-02
  -1.682697e-02  -4.263075e-02  -3.232765e-03  -3.906660e-02  -6.860235e-04]
[-1.095434 -0.978294 -1.034494 -0.746012 -0.887238 -0.917961  0.13516
  0.039616 -0.061384  0.089836 -0.010018 -0.071801 -0.13758   0.005285
  0.093893 -0.04648   0.074417  0.076296 -0.007764  0.006567]
[-0.742278 -0.901082 -0.756388 -0.83912  -0.668723 -0.818514  0.017691
 -0.067374 -0.076756  0.021987  0.028313 -0.022349  0.05597   0.027834
 -0.076109  0.058274  0.041151  0.022029  0.014932 -0.037357]
[-0.787792 -0.686844 -0.664518 -0.539002 -0.644238 -0.537174 -0.056726
  0.049321 -0.000917  0.112964  0.042972 -0.031681  0.050685  0.109272
 -0.005109  0.02166   0.112635  0.007054  0.03532   0.058594]
[-0.752047 -0.375552 -0.615019 -0.563371 -0.759324 -0.435873  0.02943
  0.020653  0.02475   0.033203  0.02227   0.020088 -0.076161  0.037169
  0.032407 -0.0506    0.009162 -0.001367  0.046502 -0.005037]
[-0.929835 -0.793279 -0.44564  -0.809436 -0.3414   -0.383264  0.038307
  0.046662 -0.049119  0.161204  0.05972  -0.05469   0.031033 -0.012518
 -0.003461  0.010788  0.221254  0.03609  -0.002018 -0.027833]
[-0.761059 -0.706308 -0.904749 -0.692815 -0.801996 -0.870059  0.049342
 -0.084712  0.059491  0.018794  0.014151  0.045211 -0.080644 -0.051271
 -0.136331 -0.094889  0.128589  0.0692   -0.036714  0.016767]
[-0.997112 -0.882403 -0.641494 -0.913245 -0.684417 -0.70963  -0.027042
 -0.051149 -0.058797 -0.038049 -0.125048 -0.116097 -0.044034 -0.111891
 -0.012954 -0.021773 -0.09278   0.020108  0.029779 -0.023703]
[-0.836251 -1.104915 -0.919362 -0.95061  -0.675577 -1.073905 -0.059099
  0.022905  0.008761  0.096965  0.134893  0.064273  0.042685  0.065068
  0.150228 -0.009783  0.115174 -0.139931  0.003691 -0.015575]
[-0.919361 -0.834687 -0.990184 -0.748064 -0.979611 -0.815286 -0.019322
 -0.062436 -0.090168  0.034471  0.107272 -0.016249  0.200831  0.094467
 -0.059212  0.19367  -0.023616 -0.022522  0.010158  0.011949]
[ -1.218753e+00  -1.309112e+00  -1.214997e+00  -1.380701e+00  -1.405478e+00
  -1.489938e+00  -5.586960e-02  -4.686036e-02   3.658298e-02   1.190453e-01
   3.113818e-02   3.424042e-02  -4.703483e-02  -8.853371e-05  -5.474976e-02
  -7.084371e-02   4.829580e-02  -6.877684e-02   1.177031e-01   2.400797e-02]
[-1.107872 -1.085768 -1.067102 -0.908407 -0.801793 -0.860704 -0.002546
  0.020308  0.095589  0.055008 -0.029164  0.066171  0.087798 -0.048612
  0.081706  0.102611  0.061583 -0.004928 -0.040029 -0.009542]
[ -1.123031e+00  -1.072471e+00  -1.130643e+00  -1.056222e+00  -9.530974e-01
  -1.054081e+00  -5.325149e-02  -4.548649e-02   6.813331e-04  -9.132187e-02
   6.487728e-02  -9.195566e-02  -1.144932e-01   1.512524e-02  -1.472989e-02
  -1.235881e-01  -1.110184e-01   4.282932e-02   8.832977e-03  -5.963538e-03]
[-1.151414 -1.131664 -1.078227 -1.189276 -0.96116  -1.048209  0.09821
  0.09771   0.068247 -0.19932  -0.028835 -0.081527  0.034414  0.022135
  0.092277  0.044179 -0.184296  0.090395 -0.033051  0.008521]
[-0.612578 -0.719143 -0.73052  -0.593147 -0.598612 -0.770827  0.153858
 -0.016449 -0.052187  0.057678 -0.060644 -0.052117 -0.019803 -0.055469
 -0.038136 -0.019831  0.052306  0.192586 -0.061461 -0.008145]
[-0.642715 -0.619754 -0.586337 -0.841414 -0.8057   -0.795643  0.093583
  0.090126 -0.152548 -0.023382 -0.053213 -0.150778  0.057168 -0.05886
  0.107234  0.049735  0.005693  0.148554 -0.076931 -0.004435]
('Mean', 1, ': ', -0.64271546999450435)
('Median', 1, ': ', -0.64271546999450435)
('Variance', 1, ': ', 0.0)
('Mean', 2, ': ', -0.61975401495598414)
('Median', 2, ': ', -0.61975401495598414)
('Variance', 2, ': ', 0.0)
('Mean', 3, ': ', -0.58633685778280709)
('Median', 3, ': ', -0.58633685778280709)
('Variance', 3, ': ', 0.0)
('Mean', 4, ': ', -0.84141362431825473)
('Median', 4, ': ', -0.84141362431825473)
('Variance', 4, ': ', 0.0)
('Mean', 5, ': ', -0.80570037603881117)
('Median', 5, ': ', -0.80570037603881117)
('Variance', 5, ': ', 0.0)
('Mean', 6, ': ', -0.79564282614118376)
('Median', 6, ': ', -0.79564282614118376)
('Variance', 6, ': ', 0.0)
('time: ', 8591.869750022888)
