“Running plot script on a single CPU core”
[ 0.327683  0.304468  0.19735   0.295482  0.295256 -0.924219  0.240096
  0.087721  0.098846  0.105593  0.275312  0.324223 -0.444686  0.229804
  0.265426  0.330862  0.274279 -0.914566  0.148848  0.311952]
[ 0.32886   0.060467 -0.229445 -0.442139  0.217403 -0.79584  -0.94065
  0.306625  0.015056  0.254055  0.332992  0.278863  0.319868 -0.998807
  0.298557  0.329011 -0.971111  0.144855  0.087853  0.298968]
[ 0.30909  -0.931901  0.136196 -0.680727  0.317731  0.315725  0.320389
 -0.021294 -0.114644 -0.566831  0.174296 -0.030319 -0.142672  0.023987
  0.329213  0.04915  -0.34518  -0.117795 -0.172944  0.15855 ]
[  1.828080e-01  -8.776568e-01   2.720583e-01   2.879110e-01  -9.395438e-02
   2.932690e-01   1.454328e-01  -5.969716e-01   9.881337e-02   3.024008e-01
  -3.358726e-04  -6.620330e-01   1.602825e-01   1.650478e-01  -9.545709e-01
   3.058060e-01   1.145013e-02  -2.026908e-02   2.974772e-01   3.175991e-01]
[ 0.329848  0.311963 -0.104317  0.331468  0.184891 -0.266085  0.264114
 -0.251835  0.331753 -0.808607  0.274782 -0.552965  0.155356 -0.998944
  0.332552 -0.231383 -0.267678  0.092604  0.320725 -0.343274]
[ 0.300476 -0.450906 -0.995519  0.300524 -0.637864  0.330196  0.282073
  0.248436  0.219342  0.276232  0.316161  0.331378 -0.904923  0.114354
  0.227249  0.311421  0.035419  0.072837  0.330068  0.027926]
[ 0.311986 -0.517367  0.333281 -0.926736  0.317127  0.226296 -0.33392
  0.163859  0.232101  0.317247  0.076487  0.333009  0.327885  0.32048
 -0.065725  0.244112  0.33249   0.33318   0.297858 -0.250959]
[-0.010351 -0.388761  0.316719 -0.233765  0.250556 -0.33065  -0.214715
  0.310155  0.073716  0.285898 -0.498257 -0.19436  -0.104496 -0.878178
  0.333239  0.329803 -0.292373  0.272536 -0.886997 -0.530214]
[ 0.331206  0.331863 -0.939133 -0.977719  0.066797  0.316352  0.001776
 -0.700495 -0.874859  0.236456  0.324535 -0.417653  0.312283  0.325959
  0.284114  0.327019 -0.702093  0.310521 -0.154382  0.333177]
[-0.814509  0.290622  0.311106  0.263726  0.008026  0.308215  0.330769
  0.258659  0.33321  -0.862812 -0.268188 -0.614968  0.231888  0.106888
  0.003824  0.246565  0.311999  0.225227  0.332452  0.157561]
[-0.545035  0.17502   0.333327 -0.100908  0.250932  0.27262   0.192708
 -0.803921 -0.458349  0.176976  0.310938  0.099875  0.311091  0.331129
 -0.191543  0.331082  0.261523  0.317465  0.261203  0.180431]
[ 0.325012 -0.683671 -0.956991  0.332941  0.327881  0.331476  0.153496
 -0.058875 -0.191342  0.068943  0.144377 -0.999542 -0.147697  0.294241
  0.308429  0.313701 -0.154474 -0.065813 -0.327274 -0.529401]
[ 0.235996  0.226152  0.054479 -0.405519  0.313939 -0.670407  0.077935
  0.327709  0.06741   0.332754  0.031224 -0.769814  0.325582  0.153884
  0.328547 -0.978811  0.241853  0.316157 -0.227932  0.280969]
[  3.305585e-01  -9.278781e-01   3.071998e-01  -8.523907e-01   2.155588e-01
   3.260745e-01   3.147653e-01   2.622178e-01  -1.054680e-01   2.864642e-01
   2.777701e-01   3.094546e-01  -1.052844e-01  -5.888093e-01  -4.290001e-04
  -2.624633e-01   3.111765e-01   3.315256e-01   2.104956e-01   2.616003e-01]
[ 0.324334  0.217821 -0.104299 -0.182302  0.302899  0.326663  0.293577
  0.221855  0.327716 -0.101798 -0.12336  -0.908348  0.215168 -0.255542
  0.104235 -0.591363  0.159182  0.175927  0.274244 -0.923907]
[-0.334718 -0.0683    0.316335  0.325052  0.327238  0.294237  0.126191
 -0.011592 -0.713134  0.331754  0.288012 -0.054485  0.150086  0.243337
  0.237994  0.323779  0.297449  0.275637  0.288284  0.027124]
[-0.937149  0.30456  -0.143217  0.328832  0.315245 -0.649498  0.120491
 -0.108501  0.318     0.321201  0.184289  0.320534 -0.991962  0.149158
  0.004572  0.332528  0.128193  0.019463  0.267574  0.299797]
[-0.431479  0.270766 -0.110014  0.155423  0.124388  0.235976 -0.986884
  0.317054  0.040383  0.195072 -0.308566 -0.474904  0.325491 -0.205215
  0.210363  0.308068 -0.442417  0.118927  0.322358 -0.015797]
[ 0.316813  0.017936  0.315352  0.170099  0.264552 -0.053669  0.332828
 -0.237625 -0.007417  0.319327  0.181418 -0.201293  0.306584 -0.018478
 -0.587161  0.275137  0.270988 -0.99981  -0.971942  0.206372]
[ 0.132965 -0.999976 -0.008318 -0.284192  0.27743   0.321791 -0.714421
  0.103496  0.175322  0.101639  0.265443  0.323082  0.102041  0.198884
 -0.981826 -0.59003   0.190882  0.056131  0.061301  0.325037]
[ 0.332057  0.140265  0.184966  0.328711  0.145244 -0.186609  0.32686
 -0.281034  0.187627 -0.890872  0.231807 -0.023241  0.186456  0.187118
  0.256498 -0.090307  0.163151  0.275565 -0.789938  0.332139]
[-0.324827  0.163385 -0.83523  -0.204904  0.122469 -0.583522  0.332507
 -0.112486  0.287144 -0.448771  0.061525 -0.776666  0.289267 -0.688473
 -0.775277 -0.259422  0.259215  0.178835  0.01267  -0.999963]
[-0.934282 -0.976488  0.277737  0.330859 -0.127891  0.302447  0.232426
  0.22052  -0.232399 -0.049623  0.261391  0.267506 -0.265593  0.319644
  0.07305  -0.14928   0.23142   0.190848  0.214508  0.33144 ]
[ 0.324934  0.327359  0.293774  0.331611  0.284851  0.229318 -0.070583
  0.328325 -0.007972  0.322226 -0.638614  0.305966  0.271075 -0.285538
  0.063995 -0.682355  0.02815   0.053763  0.333246  0.209676]
[-0.519766 -0.622806  0.243897  0.306621 -0.774537  0.035994  0.097949
  0.070396  0.308379 -0.1498    0.261362  0.328886 -0.175846  0.27591
 -0.913253 -0.23237   0.243842  0.188588  0.318848  0.139027]
[-0.39084  -0.453948 -0.641987 -0.46342  -0.982383  0.062675  0.289183
  0.018627 -0.006821  0.028644 -0.478628  0.276585  0.252845  0.32014
 -0.983676  0.237506  0.134061  0.329639  0.33276   0.234847]
[ 0.309723 -0.567829  0.326405  0.324933  0.092565  0.130798 -0.32247
  0.212071  0.28849   0.300259  0.255673 -0.380488  0.148624  0.167523
  0.294826  0.313403 -0.698153  0.027827  0.064886 -0.136804]
[ 0.189549 -0.431217  0.289612  0.125773  0.261093  0.324116  0.175269
 -0.008459 -0.906965  0.243355 -0.636302  0.295308 -0.150599  0.016035
  0.218583  0.330131 -0.913485  0.321941  0.082369  0.325813]
[ 0.177671  0.248826  0.240677  0.287802 -0.069639 -0.999149 -0.973257
 -0.9676   -0.840291 -0.470103  0.277367  0.319283  0.328629  0.274933
  0.310676  0.303063  0.332154 -0.575577  0.333191 -0.895051]
[ 0.296901 -0.546189  0.15022   0.032874 -0.181931  0.213394 -0.146678
  0.303593  0.333256 -0.012174 -0.058151  0.283289  0.157814  0.279889
 -0.916529 -0.832849 -0.102272  0.093361  0.074569  0.121219]
[-0.477011  0.155471  0.248947  0.291841  0.293628  0.332848  0.279174
 -0.571917  0.260133  0.001712 -0.714842  0.310122 -0.587901  0.187399
  0.28388   0.304061  0.121003 -0.504716  0.328641  0.322621]
[ 0.331804 -0.581621  0.198273 -0.993636 -0.140334 -0.065279 -0.46104
 -0.996777 -0.79857   0.314148  0.164629  0.327749  0.325504  0.280199
 -0.011953  0.290154 -0.28568   0.03965  -0.328245 -0.231356]
[-0.999134  0.305139  0.232033  0.333154  0.279381  0.306443  0.026104
  0.163472  0.326685 -0.780104  0.313576  0.070397  0.009981 -0.141534
 -0.999995  0.243133  0.32206   0.195305 -0.145491  0.312071]
[ 0.131122 -0.016687  0.25632   0.064333 -0.70689   0.224977 -0.625485
  0.332701 -0.919279  0.317757  0.299593  0.258142  0.265775  0.21675
 -0.622072  0.333093  0.294935 -0.972925  0.111328 -0.398985]
[ 0.238669  0.333104  0.303321 -0.916263  0.126977  0.145533  0.305594
  0.16436   0.311074  0.330901 -0.596589  0.104542  0.208425  0.033508
  0.322148 -0.396212 -0.393296  0.327406 -0.024838 -0.017034]
[ 0.093028 -0.903257  0.220948  0.074087 -0.254277  0.194939  0.098337
  0.243901 -0.273671  0.123709  0.24219  -0.951712 -0.210877 -0.998147
 -0.926997  0.155557 -0.901685 -0.94123   0.263561  0.227697]
[ 0.054338 -0.828555  0.300447  0.183911  0.315761  0.115085  0.328751
  0.333041 -0.750568  0.178588 -0.236481  0.144301  0.333314  0.206471
  0.06088   0.301374  0.187827  0.172357 -0.899288 -0.783209]
[ 0.319546  0.204101 -0.260773 -0.141063 -0.00565  -0.35197  -0.119999
  0.322686 -0.547347  0.257619  0.326468  0.132815  0.039352  0.322837
  0.330873  0.27371   0.326879  0.331593  0.292714  0.12217 ]
[ 0.332949  0.313047 -0.099303  0.333021  0.31066   0.229302  0.17824
 -0.024269  0.09709  -0.295462 -0.561064  0.33279   0.021434  0.020153
 -0.044405  0.141751  0.303531  0.295388 -0.938084  0.328612]
[ 0.215815  0.28052   0.296087 -0.130116 -0.812911 -0.657499 -0.023871
  0.288254 -0.143825 -0.080594 -0.993228  0.333004  0.171237  0.040157
  0.212148 -0.036984  0.172666  0.320407  0.328406 -0.311741]
[ 0.170358  0.0929    0.139217  0.316272 -0.65055  -0.999246 -0.532394
 -0.330819 -0.996062  0.205743  0.329109 -0.65658  -0.880311  0.333281
  0.214742  0.236828 -0.984634 -0.129715 -0.244448  0.331405]
[  2.853467e-01   2.049289e-01   2.729877e-01   3.050888e-01   2.960631e-01
  -9.732164e-01   7.302898e-02   3.922572e-04   3.207976e-01   2.994784e-01
   7.379263e-02   3.277875e-01   2.709953e-01   2.460503e-01  -2.760500e-02
  -8.144816e-03   3.110519e-01   2.968083e-01  -3.880725e-01   2.880731e-01]
[ 0.332586  0.318912 -0.314941  0.332364  0.230747  0.030768  0.329856
 -0.136279  0.198555  0.333127  0.319487  0.332217 -0.035353  0.332546
  0.314258  0.333333  0.299028  0.042795 -0.013591 -0.386169]
[ 0.157251 -0.089711  0.263072 -0.697132 -0.067083  0.108158  0.325459
  0.179013  0.258032 -0.377471  0.024256  0.277225 -0.917916  0.292683
  0.325692  0.062778  0.215961  0.304904 -0.118613 -0.293967]
[ 0.300363 -0.669772 -0.073377  0.320008  0.307275 -0.022862  0.194132
 -0.948079 -0.405867 -0.647203  0.015803  0.314331  0.195812  0.25359
  0.246136  0.315464 -0.967891  0.245103 -0.993377 -0.156995]
[ 0.067731 -0.073803  0.250193 -0.722731 -0.538948  0.307655 -0.634465
  0.332358 -0.813446  0.263786  0.161633  0.317891 -0.143923 -0.295985
 -0.390022  0.309571  0.329909  0.314586 -0.153997  0.33277 ]
[ 0.197726  0.332695  0.313668  0.063032 -0.191872  0.136403  0.210469
  0.304862  0.330965  0.079568  0.096599 -0.395484  0.10451  -0.05123
  0.320715  0.140864  0.154843 -0.427392 -0.890212 -0.952265]
[ 0.320257  0.086553  0.32686  -0.541405  0.286979  0.258148  0.33303
  0.258643 -0.156318  0.114248  0.071721 -0.609123  0.326956  0.286596
  0.298111 -0.068361  0.268947  0.307526  0.328958  0.326702]
[ 0.253503  0.321349  0.059987 -0.147619  0.11476   0.106839  0.234432
  0.157492 -0.99679  -0.921667  0.299668  0.330285 -0.003851 -0.067463
  0.29735   0.224683  0.238494 -0.081176  0.147186  0.304777]
[ 0.325193  0.320021  0.31948  -0.681969  0.213721 -0.311733  0.297068
  0.33319   0.164719  0.248546  0.327906  0.009459 -0.337057  0.244526
  0.115893  0.330754  0.237621 -0.046739  0.1276    0.194727]
[ 0.189043  0.333059 -0.797774  0.314583 -0.161479  0.302406 -0.083909
 -0.414169  0.328307 -0.155245  0.108187 -0.118932  0.237593 -0.933172
  0.274974 -0.076407 -0.947454 -0.219564  0.327507  0.206999]
[-0.519861 -0.255935 -0.015751 -0.997513 -0.643301  0.333222 -0.997887
  0.294545  0.233121  0.332059  0.304246  0.171404 -0.167988  0.205077
  0.225472  0.330191  0.151335  0.138608 -0.673965  0.204578]
[ 0.259923  0.119168  0.238218  0.330946  0.333324 -0.184242 -0.937161
  0.180784 -0.191998  0.22529   0.195976  0.162975  0.199975 -0.109497
  0.328651  0.149433 -0.019823  0.33157  -0.033287  0.32154 ]
[ 0.31692  -0.34659   0.26296   0.118015  0.331747  0.081028 -0.735706
  0.004592  0.267163 -0.605759  0.211276 -0.711346  0.279363 -0.470264
  0.038455 -0.740856  0.254877  0.171973  0.329295 -0.077795]
[-0.31794  -0.813692  0.154869  0.331401  0.328952 -0.354154  0.330273
  0.255482 -0.178964 -0.590054  0.085509  0.272219 -0.3788    0.258444
  0.239686 -0.068224  0.291984 -0.407533  0.328669  0.326937]
[-0.503755 -0.283542  0.297118  0.332595  0.225574  0.33333  -0.422821
 -0.487146 -0.15441   0.329631  0.14784   0.250891  0.326399 -0.53998
  0.307888  0.269456  0.273506 -0.038413  0.071024  0.258454]
[ 0.33273  -0.48967   0.28796   0.151876 -0.887617  0.333323 -0.434517
 -0.580904 -0.262795  0.321893  0.312113  0.230595 -0.051745  0.323262
 -0.500569  0.071395 -0.905268  0.291558 -0.995939 -0.270407]
[ 0.333132  0.250974 -0.885423 -0.22003   0.13209  -0.990279  0.333248
 -0.026546 -0.001938  0.229325  0.262118 -0.133655  0.331986 -0.302017
  0.32603   0.176629  0.104601  0.247432  0.275447  0.173064]
[ 0.21012   0.062953  0.237016 -0.618925  0.192316 -0.999694  0.312634
  0.308081 -0.601429  0.328289 -0.052127  0.233047  0.058628  0.190369
 -0.368672  0.225295 -0.372034  0.333322  0.322029  0.191905]
[ 0.325676  0.068629  0.15962  -0.997263 -0.083985 -0.091847 -0.818675
  0.279546  0.083224  0.332879 -0.998217 -0.185365  0.315309  0.328041
 -0.183033 -0.219415  0.309936 -0.545847 -0.277197  0.270479]
[ 0.223414  0.24456   0.296389  0.029864 -0.951494 -0.079302 -0.911956
  0.142772  0.331493  0.149081  0.302504  0.011566  0.314922  0.27918
 -0.997012  0.29117  -0.162996  0.17649   0.138109 -0.987941]
[-0.179993  0.133402 -0.070117 -0.039438  0.222724 -0.145145  0.238406
  0.317781  0.06486   0.146751  0.121357  0.146443  0.315654  0.320818
 -0.552437  0.290654  0.035417  0.061299  0.325182 -0.382608]
[ 0.054121  0.188714  0.272138  0.258446  0.181547  0.324457  0.30479
 -0.108091  0.01843  -0.02308   0.263282 -0.385244 -0.201399  0.191954
 -0.515869 -0.975906  0.153326  0.122246 -0.051026  0.205723]
[ 0.198763 -0.072275 -0.184585 -0.744836  0.202737 -0.516409  0.324179
  0.310525  0.325359  0.327315  0.305377 -0.726478  0.315033  0.241414
 -0.170259  0.287378  0.192369 -0.688696 -0.114563 -0.008875]
[-0.506616  0.323121 -0.339521  0.075165 -0.141079 -0.21287   0.265715
  0.314653  0.198146 -0.722393  0.118357  0.053292  0.167252  0.282785
  0.272699  0.246249  0.331999 -0.035474 -0.290816  0.227678]
[  3.299254e-01   2.289650e-01  -2.528912e-01  -2.845240e-01   3.330935e-01
  -9.879046e-01   2.561172e-01  -6.894325e-01  -2.639831e-01   3.317037e-01
   5.988624e-02   3.001996e-01   2.338829e-01  -1.892977e-01  -4.889714e-01
  -5.090984e-01  -2.342957e-01   2.620560e-01   2.746312e-01   7.017224e-04]
[ 0.210226 -0.159142 -0.994493  0.103197 -0.351944  0.308503 -0.980523
 -0.066154 -0.529697  0.211803  0.333118  0.328122  0.164339  0.33099
  0.046649  0.310375 -0.283367  0.327713  0.299185 -0.102645]
[ 0.11418   0.321859 -0.080694  0.040153  0.295504  0.333086 -0.265607
  0.162189  0.333333 -0.29758   0.118278  0.307621 -0.254032  0.286371
  0.322579  0.333279  0.011459  0.197396  0.134165 -0.137806]
[ 0.249228 -0.028609  0.294868 -0.313601  0.27788   0.27662   0.308309
 -0.649702 -0.419655  0.327455  0.315394 -0.999935 -0.027256  0.325991
 -0.999914  0.294407  0.272044  0.218995  0.290109 -0.996478]
[-0.399168 -0.071595  0.32959   0.080451  0.205278  0.33037   0.207932
  0.307306 -0.139117 -0.350106 -0.502668 -0.943196 -0.66063   0.305058
  0.288018 -0.57182  -0.024415  0.293881  0.325556  0.326779]
[  3.251957e-01  -9.007618e-04   9.135613e-02   3.225094e-01  -3.451362e-01
   3.031264e-02   9.780763e-02   3.528174e-02  -6.639173e-01  -6.636989e-01
  -9.299163e-01   3.646177e-02   2.885711e-01   1.122647e-01   1.319812e-01
   3.115697e-01   5.079605e-02   3.008004e-01   2.990977e-01  -6.065870e-01]
[ 0.232479 -0.437682  0.277692 -0.665918  0.297394 -0.234193 -0.887865
  0.321081  0.33325   0.333333 -0.823976  0.152032 -0.142485 -0.574873
  0.249     0.332718  0.331016 -0.153373  0.326013  0.332201]
[-0.392652 -0.999625 -0.511123  0.25829  -0.720457  0.006182 -0.704598
  0.101742  0.302354  0.332083 -0.035336 -0.785305  0.280609  0.321473
  0.319921  0.331492  0.217124  0.332271  0.117968 -0.612695]
[ 0.320859  0.025144  0.319491 -0.895246 -0.588074  0.142694  0.242316
  0.267804  0.310147  0.307881  0.189754  0.313363 -0.049489  0.332339
  0.174676  0.227146 -0.570943 -0.896908  0.328498 -0.249833]
[ 0.316316  0.262312  0.042836  0.231916  0.162247 -0.04459   0.280072
 -0.078993  0.288035  0.324725 -0.075493  0.322531  0.333306 -0.165501
 -0.151586 -0.739166  0.192503  0.314839  0.075272 -0.108796]
[ 0.276024  0.282522  0.211132  0.318184  0.316094 -0.253004 -0.76212
  0.171111  0.014084 -0.985146  0.275527  0.314497 -0.04922   0.331029
 -0.05293  -0.142166  0.302647  0.024477  0.326068  0.316176]
[ 0.263074  0.225392 -0.096987  0.183966  0.272345 -0.547845  0.229061
 -0.126688 -0.999997  0.213175  0.112322  0.033979  0.276603  0.23915
  0.32295   0.330512  0.307675  0.240044 -0.281952 -0.582327]
[ 0.332862  0.092126  0.322714  0.293589 -0.196644  0.275804  0.132787
  0.285235 -0.11074   0.14138   0.202947 -0.041282  0.067578 -0.232514
  0.333326 -0.030063 -0.191085  0.263214  0.205797  0.169019]
[ 0.280007  0.315433 -0.134582  0.283404  0.063299  0.297168  0.176907
  0.312644  0.030709  0.240961  0.171394  0.312491  0.33156  -0.953242
 -0.01793  -0.586449 -0.040779 -0.167613  0.33216   0.316694]
[ 0.206319 -0.064095  0.323412 -0.014181 -0.19292   0.235786  0.298379
 -0.300126 -0.857986  0.122874  0.284874  0.052998 -0.003775 -0.987696
  0.293583 -0.713969 -0.339585  0.330665  0.242925  0.332234]
[-0.714561 -0.259309 -0.271242  0.158059  0.30614   0.097366 -0.551353
 -0.374666 -0.038789  0.105966  0.179872  0.093487 -0.424189 -0.101601
 -0.089701 -0.166779  0.330136  0.22271   0.331764 -0.337763]
[ 0.28798   0.333129  0.297435 -0.95344   0.301187 -0.933713  0.331591
 -0.991552  0.234401  0.312978  0.314916  0.29535   0.036076  0.140781
  0.170827 -0.089534  0.193852 -0.0716    0.306607 -0.136785]
[ 0.266497  0.05171   0.076492  0.331073  0.01027   0.24147  -0.539487
 -0.057377 -0.996849  0.317479  0.107177 -0.886664  0.274761  0.081869
  0.325698 -0.27762   0.324543 -0.529991  0.143844 -0.136069]
[ 0.038368  0.320472  0.331198 -0.27292  -0.037352  0.235568  0.243927
  0.004808  0.294625  0.315421  0.315193  0.035913  0.320427 -0.989383
  0.33331   0.320643  0.328909 -0.184728  0.281347  0.261725]
[ 0.100082  0.174488 -0.592439  0.329374 -0.364207 -0.703319  0.175905
  0.29776  -0.856007  0.255446 -0.144541 -0.761013  0.328673 -0.359098
 -0.442148  0.333108  0.160074  0.332175 -0.578477 -0.292614]
[ 0.013432  0.010601 -0.809953  0.282053  0.320829  0.333333 -0.683422
  0.329588 -0.91345   0.324376 -0.106963  0.313349  0.30159  -0.946744
 -0.084443  0.327604  0.18942   0.317051 -0.207612  0.075524]
[-0.995767  0.330832 -0.110534  0.296546 -0.999027 -0.181591  0.331525
  0.292462  0.149862  0.232562 -0.512481 -0.295355 -0.037443  0.332914
  0.319277 -0.388611  0.285817 -0.031203 -0.13415   0.180557]
[ 0.283853  0.219152  0.273304 -0.43771   0.1446   -0.319379  0.270425
  0.193862  0.083107  0.290235  0.300174 -0.338718  0.263726  0.302269
  0.301156 -0.137949 -0.694489 -0.451654  0.024467  0.318507]
[-0.010826 -0.710889  0.02903   0.31108  -0.238498  0.292856  0.114892
 -0.602941  0.331409  0.331089 -0.824616  0.274874 -0.996119  0.202072
  0.070183 -0.508192  0.050755  0.10553  -0.061642  0.285035]
[ 0.325001 -0.332623  0.297111 -0.113454  0.332673  0.290592  0.312726
  0.224052  0.296845  0.333241  0.333316 -0.651835  0.32521   0.279908
 -0.391364  0.30207  -0.993422 -0.28597  -0.622264  0.240885]
[-0.071661 -0.148089  0.109483  0.327831  0.314174  0.232361  0.309081
  0.314191  0.320425  0.288207  0.148685  0.319396 -0.737996  0.299693
 -0.310504  0.332085 -0.573624  0.049408  0.274824 -0.691203]
[-0.500492  0.103809  0.324909  0.294859 -0.740332 -0.916754  0.295322
  0.3313   -0.591268 -0.467167 -0.148642  0.309644  0.242135  0.332526
  0.191589 -0.981772 -0.311204  0.088978 -0.018823  0.195259]
[-0.89327   0.167791  0.332997  0.32774  -0.253572  0.109284  0.32355
  0.154891  0.210431  0.331532 -0.329822  0.32548   0.12863   0.26465
  0.051878  0.087969 -0.062554  0.156506 -0.966042  0.308236]
[ 0.322061  0.281026  0.30936   0.208823 -0.761522  0.071764  0.306354
  0.332868  0.243404  0.281898 -0.349681 -0.957283  0.21381   0.28871
  0.157778  0.184014  0.181907 -0.964849  0.261941  0.228975]
[ 0.210361  0.312826  0.081213  0.138255  0.323118  0.261621  0.22571
  0.32806   0.24891   0.318894 -0.044782  0.09864  -0.238056  0.251423
  0.332333  0.046765  0.293967  0.252267  0.000867  0.260295]
[-0.221705  0.143038 -0.931997  0.239035  0.076986  0.192224  0.244989
 -0.302951  0.245752 -0.011799  0.018345  0.028421  0.316104  0.154113
 -0.181769  0.004865 -0.896412 -0.15394   0.30718  -0.060577]
[ 0.16016   0.182575 -0.547356  0.321289  0.319893  0.169669  0.314927
  0.326988  0.329219 -0.50022  -0.790203  0.19001   0.03254  -0.40407
  0.329887  0.284518  0.333329  0.200981  0.320307  0.237761]
[-0.627603 -0.690172 -0.010844 -0.818936  0.315394  0.025466 -0.110994
  0.013492  0.258567 -0.494127  0.166966  0.245569  0.2666   -0.254758
  0.220156 -0.429034 -0.796251  0.316682  0.088782  0.008641]
[ 0.135718 -0.199382  0.324119  0.316143  0.332103 -0.069501  0.319915
 -0.611441 -0.354862 -0.383871  0.305899 -0.178422  0.283277  0.103897
  0.131222 -0.998899  0.324025 -0.153931 -0.724925 -0.288684]
[-0.835286  0.276985  0.117549  0.321102 -0.637776  0.18573   0.330318
  0.31833  -0.71869  -0.344835 -0.03659  -0.832162  0.224777  0.175331
  0.042949  0.331892  0.32789   0.290619 -0.304834 -0.671244]
[0.11054194164732398, 0.013537970546428635, 0.031226799820832873, 0.099092207365837209, 0.10788202713857439, 0.091062746778388937, 0.029487107467670692, 0.0038843421461467725, 0.030126074452801466, 0.0079675299064407845, 0.078624126752129708, 0.056428998995888713, 0.0478719901876761, -0.020786944689275666, -0.016461237710758803, 0.0068242886445945006, 0.0065536369908584247, -0.0018373075738365441, 0.059724545386855454, -0.038512373405881595, -0.10451755181896671, -0.0056459089222339331, 0.023611097353098409, 0.045004688557602479, -0.0057375046328335122, 0.0045356721364731012, 0.021324702643156723, 0.049850661590226997, 0.023272385679891705, -0.084755667932205403, -0.026437335182020683, -0.094680005203730322, -0.00092843990411439759, 0.061958777655391623, 0.043541517917108835, -0.026433480573100562, -0.043486212720830746, -0.044451455054258571, 0.017595676261163151, 0.028672794633342519, -0.078652649503255762, 0.12419589434923417, 0.037208219087000727, 0.032442163397392407, -0.018033665935056786, 0.052175281193898915, 0.032342473593109988, 0.10387241845273862, -0.022638091625207191, 0.019142189245805352, 0.044330012845739813, -0.01922324954926502, -0.043092040552974442, -0.032854692048642165, 0.0016245544310191651, -0.034467439068639139, 0.083193882775596001, 0.0059516049811629279, 0.07437647345776463, 0.049960008294900549, 0.0070664945570331483, -0.01662411987991208, 0.050937450609835642, 0.085938512323600266, 0.01537476388273562, -0.054350772705850869, -0.010516544591595622, 0.061848983648053024, 0.024184417375914008, -0.03657706110217912, 0.025686813322296442, 0.017719675914048244, -0.0058187303563694837, 0.047600271101763125, -0.032043827834082939, -0.035242861409980286, 0.07253799783089046, -0.018348479398359985, 0.10502779898525591, 0.046906783182544598, 0.036065214193306994, 0.029620845936635998, 0.054491433992906652, 0.017304654103053738, 0.022831554149571817, 0.014559000082666826, -0.034080929390491121, -0.049602899263172795, 0.033391354159711825, 0.018036802299882249, 0.040777787526438541, -0.033758963964189925, -0.061758516539104691, 0.02340446771057153, -0.0033927896235866895, -0.045456868009679102, -0.0082584074371313265, 0.0072067472197786531, -0.0014828177880236715, -0.01157049880997052]
('time: ', 9599.015129089355)
