“Running plot script on a single CPU core”
[ 0.21071   0.168653 -0.045594 -0.717986 -0.31968  -0.96708   0.142665
  0.305286  0.333262  0.141136  0.272426 -0.206375  0.200968  0.194826
  0.308084  0.183678  0.280279 -0.323503  0.170377  0.150219]
[ 0.327066 -0.276523  0.332753  0.316852 -0.256538 -0.997592  0.199466
  0.313402  0.278234  0.044578  0.203284 -0.574311 -0.901305  0.015271
 -0.443122  0.018283  0.259582 -0.96248  -0.178124 -0.863352]
[ 0.291513  0.333306  0.302328  0.071366 -0.707091  0.294243  0.283043
  0.33071  -0.171171 -0.421619 -0.551435  0.321569  0.296198  0.209721
  0.266337  0.107243  0.27358   0.300784  0.254604 -0.567661]
[ 0.299025  0.296731  0.276908 -0.999978  0.321611  0.02918  -0.2014
 -0.445768 -0.176793  0.300449 -0.370441  0.246556 -0.224843  0.333328
  0.327887  0.29201  -0.060183  0.214138  0.27568   0.304283]
[ 0.033088  0.027272 -0.329066 -0.004421  0.247385  0.319715  0.238905
  0.324878  0.319264  0.302153  0.245316  0.297708  0.075046  0.01963
  0.252733  0.270247  0.273193  0.329808 -0.91897  -0.24549 ]
[ 0.17526  -0.814729  0.215265  0.333323 -0.844238  0.329978  0.141653
  0.333093  0.3288   -0.984155 -0.633093 -0.38633   0.276675  0.313539
  0.302537 -0.007005  0.207899  0.3143    0.149787 -0.87153 ]
[ 0.301204 -0.275997  0.266161  0.332814  0.332453 -0.24651   0.235846
  0.144647 -0.030103  0.299153  0.329756  0.310445 -0.120565  0.163902
  0.282396  0.194517  0.239636  0.217887  0.131291  0.096114]
[ 0.277471  0.277931  0.332101 -0.371118 -0.988963  0.206     0.205802
 -0.571591  0.303199 -0.147914  0.1016   -0.64092   0.333106  0.272317
 -0.464265  0.320298 -0.042502 -0.893043  0.312423  0.331871]
[-0.885814  0.285911  0.2652    0.221661  0.263385 -0.957903 -0.335559
 -0.268849  0.255915 -0.946964 -0.33089   0.327957  0.318277 -0.249658
 -0.254611  0.331     0.311154  0.319908 -0.23276   0.241696]
[-0.323541 -0.560737  0.333318 -0.485298 -0.894228  0.254047  0.301261
  0.116095 -0.210687 -0.063308  0.033609 -0.453361  0.280157  0.269525
  0.179146 -0.408693  0.19732  -0.586668 -0.889089  0.256652]
[ 0.302176  0.332952 -0.579511  0.188906  0.095014  0.207203  0.300566
  0.153195  0.319274 -0.618174 -0.019766 -0.803631  0.297351  0.194635
 -0.939159  0.333331  0.322312 -0.003698  0.294748 -0.455007]
[ 0.025355  0.171337  0.123905  0.276247  0.095555 -0.492926  0.036935
 -0.201826 -0.699566 -0.518895 -0.980379 -0.611054  0.046836 -0.363912
  0.22025   0.311525  0.283389  0.253233  0.328189  0.235343]
[ 0.332945 -0.503361  0.333072  0.311965  0.280494  0.098667  0.322838
  0.321128 -0.516497  0.328691  0.216278 -0.970521  0.254022 -0.71181
 -0.186916 -0.084822  0.286353  0.199754 -0.500144  0.204487]
[  5.301632e-02  -2.551276e-04   3.137749e-01   3.130306e-01   3.329483e-01
   2.876676e-01   1.544617e-01  -5.241662e-01   2.646522e-01  -1.631128e-01
   4.736725e-03   3.221532e-01   1.867982e-01  -9.714147e-01  -8.699362e-01
   2.769303e-01   2.880711e-01   2.852549e-01   3.063778e-01   9.952862e-02]
[ 0.244077  0.045655 -0.484531  0.332787 -0.945642  0.313315  0.274834
  0.310857  0.049184 -0.03249   0.329175  0.321863 -0.117351  0.27993
  0.230092  0.272013  0.328457 -0.97327  -0.411019 -0.917955]
[-0.907508  0.326402 -0.139875  0.29953   0.051775  0.281119  0.327388
 -0.991656  0.039007  0.250299 -0.603654  0.278129  0.250555 -0.340843
  0.194265  0.181428  0.333272 -0.605273 -0.951672  0.274842]
[ 0.326721  0.275196 -0.941461  0.299744  0.296767  0.22217   0.25555
  0.33121   0.324982  0.256592  0.32249   0.326288 -0.151199  0.00235
 -0.091384  0.307535  0.141315 -0.988623  0.297102  0.042139]
[ 0.227598  0.260201 -0.414345  0.040849  0.128508 -0.033568  0.267704
  0.166421  0.30769   0.271003  0.210653 -0.003914  0.04885   0.081835
  0.331529  0.332352  0.000846  0.329699 -0.64875   0.331376]
[-0.784026  0.333333 -0.37834   0.068217  0.33246   0.250857  0.222545
 -0.102857 -0.771985 -0.333088  0.333022  0.331361  0.332892  0.144991
  0.243012  0.19949   0.29683   0.333307  0.245014  0.1811  ]
[-0.999201 -0.152677  0.057703 -0.496747 -0.945931 -0.634869 -0.657019
  0.269121  0.322951 -0.034892  0.0011   -0.313722  0.300037  0.328368
  0.259437  0.212316 -0.023461 -0.506105  0.251856 -0.661168]
[ 0.315532 -0.636659  0.19839   0.091189  0.277712 -0.812677 -0.960281
 -0.998521  0.333216  0.333222  0.302309  0.32412   0.332894 -0.848739
  0.297734  0.329097 -0.993782 -0.11816   0.268043  0.049081]
[-0.797549  0.315377  0.234397  0.329313  0.278207  0.29951   0.21337
  0.326087  0.171424  0.287626 -0.290214 -0.927401 -0.401086  0.151008
 -0.94201   0.333061 -0.064517 -0.700803  0.136169  0.222818]
[ 0.238039  0.279626  0.333278  0.117412  0.211073  0.326576  0.071053
  0.287398 -0.919426  0.12346  -0.501612  0.307163  0.18813   0.126113
  0.048039 -0.537209 -0.007312 -0.023798  0.153793  0.003196]
[-0.69893  -0.780528 -0.59385  -0.132065  0.332262  0.332967  0.18269
 -0.296661 -0.30036  -0.996359  0.250804 -0.143247 -0.383402 -0.999864
  0.172333 -0.162941 -0.856858 -0.784463  0.180312  0.296289]
[ 0.262417 -0.4152   -0.502501  0.329002  0.1752   -0.154757 -0.487383
  0.329287  0.303737 -0.109278 -0.319959  0.230192  0.196917  0.315385
 -0.694506 -0.507692 -0.280093  0.319153 -0.676503 -0.26996 ]
[-0.130514  0.240311  0.085319  0.21236   0.025409  0.332825  0.280813
  0.30538  -0.609619  0.256879 -0.576443  0.225227  0.333096  0.319764
  0.101815 -0.136827 -0.65104  -0.934146  0.269694  0.329847]
[ 0.316533  0.113336  0.321808 -0.030836  0.243313  0.203966  0.220202
 -0.510943  0.278772  0.182573  0.193537  0.269692  0.226092  0.271309
 -0.07252   0.313491 -0.11953  -0.999834 -0.380936  0.308627]
[  1.533389e-01   3.332958e-01   2.280959e-01  -8.341119e-04  -8.742473e-02
   3.309066e-01   2.629048e-01   8.236924e-02   3.286768e-01   2.661843e-01
   3.298619e-01  -9.961593e-01   3.170339e-01  -3.143491e-01  -1.044556e-02
   3.115971e-01   2.256957e-01   3.203830e-01   3.333109e-01   2.366917e-01]
[ 0.332332  0.29794   0.321359  0.085112 -0.998146 -0.035671  0.014331
 -0.861044  0.265775  0.042364  0.262524  0.190503  0.304929 -0.40526
  0.034706  0.213363  0.293335 -0.790724  0.227795  0.279771]
[ 0.332881 -0.961876  0.318787  0.305647  0.15437   0.332498  0.232013
  0.123974 -0.324643  0.24555   0.333182  0.096707  0.274902 -0.995132
  0.328099 -0.673147  0.08466  -0.966986  0.126939  0.333076]
[ 0.316218  0.208577  0.080122  0.138484 -0.96513  -0.244241  0.222266
 -0.972707  0.048078 -0.174001 -0.516079 -0.495299  0.009569  0.326818
  0.315917  0.227998 -0.047137 -0.975119 -0.027237  0.297908]
[ 0.325066  0.18161   0.251108  0.031745  0.298136  0.033909  0.164618
 -0.217045 -0.822751 -0.332085 -0.198584 -0.12579  -0.990997  0.26344
 -0.436131  0.206081  0.328138 -0.22699   0.3237    0.203536]
[ 0.050011  0.319014  0.205335 -0.413811  0.26449  -0.96758   0.29884
  0.322932  0.302448 -0.976351  0.311539 -0.833663 -0.80329   0.294194
  0.040723  0.126751  0.328791  0.067239  0.330227  0.244572]
[-0.926823 -0.97841   0.292045  0.275658  0.303017  0.331389 -0.298783
  0.327027  0.002407 -0.448378  0.329273  0.218317 -0.530405 -0.127284
 -0.117858  0.17387   0.190277 -0.991826 -0.922764  0.260258]
[ 0.329085  0.065483 -0.45523   0.333162 -0.775767 -0.094447  0.302706
  0.318237  0.022423 -0.999934  0.257934  0.281285  0.330859  0.251597
 -0.752336  0.108249  0.193518 -0.95025   0.320235  0.333118]
[ 0.215845 -0.324652  0.171147  0.207551  0.33154  -0.969347  0.312335
  0.016499  0.323984  0.317118 -0.429615  0.332237 -0.65629   0.332028
 -0.364617 -0.684819  0.173001  0.094612  0.183581 -0.017268]
[ 0.200788  0.328437  0.289392  0.257301  0.104462  0.320189  0.015935
  0.312166  0.232689  0.298631 -0.793134  0.304883  0.171118  0.332997
  0.267866  0.285739  0.250933  0.323107 -0.171828  0.306839]
[ 0.163982  0.112043 -0.840886  0.035376 -0.033528  0.305017  0.317748
  0.218099  0.248322  0.187575  0.275376 -0.276046 -0.812591 -0.28802
  0.299951  0.297923  0.170905  0.214406 -0.049406  0.072716]
[-0.500354  0.291803  0.325718  0.296758  0.038938 -0.614867 -0.885642
  0.166052  0.083849 -0.390648  0.233939  0.296695 -0.778928  0.107022
  0.266924  0.196673  0.297954  0.250406  0.246153  0.333237]
[ -2.657317e-01   3.299139e-01   3.209883e-01   3.319810e-01  -7.049667e-01
   3.296577e-01  -9.664740e-01   3.215089e-01   3.124581e-01   2.126926e-03
  -9.055003e-02   3.931741e-04   5.033431e-02   3.330721e-01  -7.426707e-02
   2.786675e-01   3.320977e-01   3.319443e-01  -2.575221e-01  -9.962930e-01]
[-0.54318   0.299709  0.332352 -0.732699  0.084876  0.31527   0.325666
 -0.133576  0.333085 -0.250938  0.332286  0.314011 -0.851761 -0.365181
  0.247861  0.329944  0.209961  0.330456  0.284071  0.332633]
[  1.364464e-01   3.031065e-01   3.097914e-01  -3.858539e-01  -4.758097e-01
   2.910379e-01   8.985158e-02   1.713067e-01  -5.812296e-01   3.091605e-01
   3.128099e-01   2.665519e-01   3.331363e-01  -1.975461e-01  -4.635090e-01
  -2.820518e-04  -3.398584e-01   3.327483e-01  -4.517341e-01   2.214852e-01]
[ 0.203096  0.226569  0.287481  0.331854 -0.030456  0.236143 -0.476037
  0.217607  0.279458 -0.455108 -0.42973   0.011961 -0.915289  0.331018
  0.333096  0.215138  0.233189  0.269052  0.039161  0.217574]
[ 0.185989  0.321798 -0.971289  0.332823  0.28665  -0.360171  0.332032
 -0.289775  0.098016  0.330685  0.195875  0.332518  0.228799  0.333176
  0.237544  0.286313  0.328663 -0.069503 -0.796988 -0.687738]
[-0.376229  0.31995   0.331217 -0.020363  0.308956 -0.024494  0.293894
 -0.719135  0.332821  0.194059  0.330598  0.296491  0.333065  0.06403
 -0.030576  0.137004  0.332754  0.330881  0.17457  -0.881984]
[-0.686013  0.080408  0.262867  0.331242 -0.177188  0.274826  0.183084
 -0.171604  0.111707 -0.002123  0.05531   0.029088  0.293904 -0.402459
  0.326938  0.263654 -0.589413  0.231146  0.269259  0.101334]
[ 0.333004  0.158327  0.216374  0.207131  0.252704  0.312954  0.219845
  0.332427 -0.07739   0.312315  0.302336  0.293464  0.330077  0.231336
 -0.863446  0.33269   0.034077 -0.802857 -0.93047   0.020332]
[ 0.31333  -0.661523  0.261134  0.048405  0.160498 -0.008167  0.256825
  0.333205 -0.166504 -0.984387  0.330702  0.136274  0.211297  0.300134
  0.236395 -0.203856  0.230073  0.217226  0.21775  -0.190043]
[-0.629902  0.297768  0.332392 -0.678678  0.324869 -0.941425 -0.251173
  0.271135 -0.605146  0.332714  0.330858  0.061695  0.283096  0.142548
  0.16943   0.281946  0.231046 -0.519078 -0.631635  0.32637 ]
[ 0.330511 -0.184894  0.219317 -0.217416 -0.945009  0.133663  0.087197
  0.165751 -0.753986 -0.506162 -0.809696  0.33079   0.318102 -0.06117
 -0.620738  0.132166  0.283241  0.204933 -0.92785  -0.829466]
[ 0.333166 -0.561291  0.139021  0.297615 -0.023019  0.274168 -0.102949
  0.328538  0.327914  0.287403 -0.03277   0.32937  -0.459766  0.275861
  0.27319  -0.428583 -0.687585  0.29926   0.327435  0.288581]
[-0.067657  0.306543  0.109952 -0.421029 -0.401428 -0.13875   0.330139
 -0.94198   0.290434  0.15115  -0.060725  0.194017 -0.036259 -0.104353
 -0.032776  0.298573  0.231993  0.213363  0.280848  0.041955]
[ 0.264612 -0.754534  0.181098  0.153575 -0.056699  0.330394 -0.999927
 -0.130025  0.201683  0.274018  0.256621  0.318091  0.171085  0.27131
 -0.889211 -0.397803  0.264531  0.226047  0.324862  0.16575 ]
[ 0.33283  -0.175254  0.186743  0.314632 -0.639127  0.286019  0.239064
 -0.222998  0.103052  0.138223  0.323071 -0.992908  0.017554  0.333329
  0.080708  0.329422  0.101211  0.308219  0.036588 -0.986425]
[ 0.33149  -0.289561  0.179529  0.321979  0.32867   0.321365  0.326455
  0.315123  0.221047  0.129509  0.257292  0.333183  0.239662  0.109752
 -0.413525  0.3119    0.257033 -0.429833  0.113902  0.31606 ]
[ 0.273078  0.202819 -0.258829  0.324003  0.316468 -0.979284  0.154202
  0.114253  0.331706  0.121888  0.303665 -0.995956  0.2467    0.323871
  0.266286  0.288978  0.088452 -0.885013  0.274019 -0.844192]
[ 0.111308  0.322238  0.107344  0.274687  0.328013  0.128433  0.31995
 -0.196374  0.255157  0.333021  0.263095  0.331745  0.276382  0.145126
  0.113855 -0.171405  0.333322  0.072118  0.1618   -0.090413]
[ 0.24863  -0.647947 -0.723207  0.151262 -0.219516  0.183814  0.306442
  0.20029  -0.285801  0.329015  0.07977  -0.208874 -0.703581  0.250773
 -0.337745  0.154045 -0.237859 -0.702584  0.298208 -0.305198]
[ 0.159487  0.12847  -0.431726  0.324335  0.321023  0.332668 -0.200165
  0.332986  0.333156  0.167471  0.332353  0.319206  0.251965  0.156173
 -0.992571  0.242681  0.32415  -0.318363  0.049428  0.251286]
[ 0.27286   0.203067  0.294899  0.258066  0.304131  0.30175   0.200266
  0.166987 -0.5117    0.2493   -0.896816  0.308469  0.314559 -0.746895
 -0.967228  0.103876  0.330795  0.292389  0.270674 -0.359135]
[ 0.28673   0.265147 -0.901487 -0.269157  0.328662 -0.007133  0.190104
  0.331414  0.275159 -0.070213 -0.093237  0.320601 -0.487177  0.311299
  0.326425  0.253546  0.252487 -0.88668   0.120591  0.014112]
[-0.98986   0.208374 -0.307146  0.248872 -0.035908 -0.628804  0.332246
  0.33329   0.202225 -0.828639 -0.80695  -0.02833   0.323843  0.269546
  0.332397  0.326508  0.271633  0.220201  0.331156  0.269303]
[ 0.324637  0.327066  0.332531  0.265477 -0.046245 -0.999907 -0.942556
  0.296664 -0.099195  0.142753 -0.887002  0.234559  0.136253 -0.049435
 -0.941024  0.306205  0.216109 -0.756618  0.326784  0.169329]
[-0.191187 -0.853381  0.283328 -0.217764 -0.544973  0.321267 -0.096961
  0.329752  0.269309 -0.586     0.093273  0.301949 -0.743004  0.319532
  0.248997 -0.109929  0.332741  0.141446  0.17176  -0.979973]
[ 0.332413 -0.383665  0.32454  -0.711804 -0.540299  0.188231 -0.05231
  0.233059  0.304006 -0.829376  0.305728 -0.093285  0.157228  0.098833
  0.262387  0.318104  0.333076  0.326878  0.253426 -0.585752]
[ 0.038209 -0.510834  0.073885  0.098735  0.309781  0.214962 -0.710558
  0.115865  0.243205  0.03012   0.328443 -0.99572   0.105616  0.264605
  0.272256  0.333312  0.331839  0.301897 -0.092663 -0.994967]
[-0.032115 -0.288736  0.122278  0.277467  0.037931  0.268157  0.333053
  0.070238  0.165601 -0.351066  0.333332 -0.241499  0.047878  0.114407
  0.293568  0.258509 -0.355699  0.33132   0.266016 -0.87091 ]
[ -7.720148e-01  -8.164030e-01  -9.802958e-01  -8.210646e-01   4.602178e-02
   2.717462e-01   2.527002e-02   3.002607e-01  -9.839810e-01  -6.626109e-01
  -5.944701e-01  -2.571390e-01   3.009135e-01   6.745154e-05  -4.367806e-01
   1.727864e-01   1.464906e-01  -9.313610e-01  -2.109250e-02   3.309979e-01]
[-0.307865 -0.691907 -0.474892  0.317851  0.244696  0.30475  -0.736265
 -0.849955  0.067087  0.290358  0.311719 -0.325025 -0.702688  0.309391
 -0.388934  0.332805 -0.955474  0.30614   0.33064  -0.031264]
[-0.050295 -0.986089 -0.646263 -0.904141  0.266057  0.212184  0.084051
  0.180326  0.022958  0.333217 -0.121516 -0.477386  0.293286 -0.865757
  0.041985 -0.079978 -0.065186  0.275898  0.328079  0.238925]
[-0.097429  0.30188   0.13349  -0.362103 -0.236105  0.142164  0.100232
 -0.68833   0.178893  0.33246  -0.872079  0.247702  0.313548 -0.938589
  0.282741 -0.134329  0.216498 -0.026232  0.078197 -0.323624]
[ 0.277251  0.270172  0.331305 -0.147932  0.303948 -0.67813   0.293714
  0.322296  0.181495  0.249637 -0.02256   0.297686  0.230224  0.272293
  0.090389 -0.727756 -0.390981  0.082386  0.286083  0.267736]
[ 0.08963  -0.02294   0.147437  0.331388  0.288255  0.264625  0.288479
  0.316875  0.190307  0.091425 -0.915109 -0.567333  0.27985   0.056267
  0.267865  0.31609  -0.268184  0.24654  -0.995926  0.246001]
[-0.287274  0.325072 -0.72557   0.274875  0.324516 -0.496493  0.166625
  0.078032 -0.553415  0.255159 -0.29088   0.149676 -0.276274 -0.499644
  0.076422  0.023518  0.203296 -0.635494  0.167077  0.107507]
[-0.306947  0.169032  0.297844 -0.891553  0.299605  0.322052  0.254976
  0.330533  0.316694  0.255493  0.28051  -0.218678  0.322309  0.302217
  0.2885   -0.215461  0.165111  0.023803 -0.870153 -0.55365 ]
[-0.965602 -0.62879   0.246398  0.224885 -0.325684 -0.063508 -0.369077
  0.330084 -0.460055  0.180603  0.321364  0.234078  0.284672  0.257534
  0.218164  0.33317  -0.468104 -0.859268  0.10878  -0.93774 ]
[-0.483812  0.331443  0.332965 -0.608002  0.333331  0.262701 -0.319131
  0.274231  0.100947 -0.383917  0.16755   0.025407  0.273925  0.178023
 -0.996309  0.271144 -0.995961  0.12464  -0.013375  0.230279]
[-0.710204  0.297274  0.243097 -0.70634   0.080727  0.256445 -0.462606
 -0.10021   0.228799  0.312039 -0.32772   0.008345  0.130815 -0.973968
  0.236056  0.321251  0.304908  0.041445 -0.953575  0.313937]
[ 0.329598  0.283894  0.333074  0.318555  0.210366 -0.112601 -0.504417
  0.051581  0.321437 -0.970084  0.247132  0.329146  0.093742  0.063901
  0.201319  0.292893 -0.745263 -0.012096 -0.568721  0.294398]
[-0.19174   0.086599  0.281639  0.161541 -0.115027  0.193091 -0.337059
  0.323217  0.153792  0.273228 -0.131846  0.31685  -0.383759 -0.038372
  0.302344  0.31607  -0.037452 -0.96033   0.318045  0.248327]
[ 0.220796  0.251998  0.307317  0.325115  0.324819 -0.459998  0.206255
 -0.717926  0.119076  0.294585  0.31672   0.332243 -0.972452 -0.853511
 -0.465495  0.27074  -0.99397   0.010053  0.250584  0.106639]
[ 0.066319 -0.824088  0.032489  0.013976  0.332346  0.281371  0.071119
  0.112875 -0.400145 -0.231052  0.319356  0.313551  0.08494   0.158672
  0.267329 -0.326466  0.328788 -0.720024 -0.405051 -0.148091]
[  2.871036e-01   2.565860e-01   1.608798e-01  -6.370725e-03   1.640476e-01
   3.242556e-01   3.208441e-01   7.125991e-02   3.176051e-01  -6.349898e-02
   3.136874e-01   2.612988e-01   2.997499e-01   2.414654e-01  -9.552215e-01
   7.124956e-04   3.307685e-01   2.794599e-01   3.315201e-01   3.015839e-01]
[ 0.082168  0.109046  0.162483 -0.044483  0.295489  0.07191   0.281132
 -0.67749  -0.639974 -0.239808  0.323403 -0.998565 -0.333678  0.328557
  0.327152  0.180895 -0.810449  0.0663    0.306149  0.117648]
[ 0.093048 -0.841352 -0.812237  0.100542  0.101434  0.252327  0.327107
 -0.374934 -0.858842 -0.53788   0.189358  0.279384  0.239906  0.277116
  0.042619  0.213291 -0.244948 -0.297218  0.333222 -0.153304]
[ 0.323422 -0.466628  0.170381  0.24477   0.299576 -0.704538  0.332324
  0.314556  0.174022 -0.055653 -0.972752  0.332754  0.272724 -0.100314
 -0.640819  0.321273  0.164632 -0.797585 -0.471436 -0.294231]
[ 0.124925  0.332714  0.308654  0.215759  0.33127  -0.938303  0.205119
  0.242234 -0.629372 -0.625401  0.25144  -0.025479  0.309034  0.331923
  0.293856 -0.177601  0.33067   0.323339 -0.481242  0.259163]
[ 0.218198 -0.195032 -0.961886  0.085722 -0.044758  0.312353 -0.578872
  0.320296  0.251965  0.321297  0.309321  0.26928   0.309526  0.323496
 -0.532374  0.326542 -0.236644 -0.999689  0.324563  0.333206]
[ 0.325782  0.315279  0.172374  0.321177 -0.178584 -0.089072  0.330279
  0.32405  -0.77832   0.172273  0.331459  0.219596  0.208102  0.231251
  0.245305  0.235487  0.144393  0.243052 -0.485049  0.235238]
[ 0.330538  0.158137 -0.783291  0.114307  0.244303  0.333194  0.324232
  0.276626  0.271599  0.193822  0.252005  0.189553  0.33157   0.329896
 -0.935962 -0.933165  0.32133  -0.192624 -0.088744  0.329981]
[-0.526144  0.243166  0.273265  0.275992  0.058299  0.068211  0.327986
  0.285559  0.19586   0.233405 -0.16416   0.252348  0.332817 -0.329164
  0.33332   0.28025  -0.685591  0.283344  0.230005  0.150709]
[ 0.310016  0.163377  0.056645 -0.083253  0.145738 -0.15407  -0.706434
 -0.977434 -0.479815  0.240404 -0.834675  0.300312 -0.475681 -0.074715
  0.325019  0.24942  -0.102631 -0.033707  0.323689  0.332358]
[ 0.18732   0.314162 -0.213833 -0.808106  0.28503   0.085012 -0.930184
 -0.372528  0.10362   0.092613 -0.498751 -0.247486 -0.017859  0.316847
  0.192406 -0.486817  0.010847  0.216868 -0.279613  0.269913]
[ 0.332868 -0.890949 -0.999067  0.102529 -0.09192   0.332106  0.319994
 -0.122527  0.314285  0.321958  0.307351  0.26159   0.330339  0.298621
 -0.545516  0.33326  -0.339023  0.176606  0.14303   0.152357]
[ 0.2883    0.195049 -0.240126 -0.041944  0.296252 -0.340605 -0.041379
  0.005224 -0.099035  0.236229 -0.824223 -0.322264 -0.102066  0.328776
  0.312548  0.252379  0.190136  0.163868  0.227907  0.08978 ]
[ 0.146269 -0.086386  0.047978  0.330736  0.331888  0.025707  0.137227
  0.171116 -0.218173  0.308627  0.333269 -0.372599  0.276827 -0.80557
  0.222444 -0.353068 -0.257432 -0.032483  0.323933 -0.35334 ]
[ 0.279834 -0.368509  0.062164  0.211803  0.146228  0.228066  0.317859
  0.333298 -0.160661  0.330044  0.145738 -0.3946    0.331022  0.245544
  0.082377  0.316318  0.311806 -0.547625 -0.052588 -0.701925]
[ 0.302868  0.151408 -0.062334 -0.242382  0.333123 -0.090787  0.126158
  0.31512   0.229118  0.127644  0.3133   -0.630918  0.196652  0.321156
 -0.121075 -0.259378  0.224957 -0.18306  -0.994689  0.190585]
[-0.020488 -0.281855 -0.308389  0.241247 -0.177915 -0.374196  0.181671
  0.269893  0.199072 -0.997219 -0.997401 -0.785902  0.165118 -0.176454
  0.333328 -0.131218  0.246053 -0.140451  0.206977 -0.820039]
[ 0.325753 -0.042384  0.178976  0.32291   0.292357  0.332483  0.319161
  0.328605  0.197241  0.33212   0.13866   0.333284  0.103727 -0.236278
 -0.174255  0.296927  0.037493 -0.41567  -0.036456  0.15086 ]
[0.055860354882579955, 0.090413743761959764, 0.016090892021682235, -0.02993491426785494, -0.024044200928637412, -0.031102690259007193, 0.051125974513684447, -0.0010907574419564692, -0.04216584260011913, 0.057285908324043677, 0.0055943230837987579, 0.020654397077609896, -0.04769896757201203, 0.021306250085738269, 0.0022667384954883907, -0.015741567688290603, 0.052886109930021574, 0.016660195384850862, -0.019238663532224365, 0.02459560550009543, -0.01893866232656416, -0.01702266015446563, 0.047412606588581513, -0.025581696474782145, 0.03600467040583108, 0.027993722411944838, 0.058441082637363917, -0.0072577701401466965, 0.00070495416448940196, -0.074839113128677692, 0.077980075925281389, 0.079515094926943225, 0.031454057995773325, 0.030983495937024541, -0.0052069203487920546, 0.017864936145408655, -0.023248595662105187, -0.032977190053723765, -0.016378867817700538, 0.037252548703575361, 0.00046027767347167625, 0.0047660661651376945, -0.017821580930339642, 0.023973680211213044, -0.037001687559858887, 0.0043427039405161683, -0.010986463993192475, 0.10652232914086687, -0.058957830757982554, 0.03895114445425929, -0.015553315842989524, -0.038275887277708559, -0.096420195585759982, 0.062482397686880686, 0.085622569833752465, 0.039692295283081769, 0.041484189686831152, -0.040196418686419044, -0.026631338393517695, -0.0082036720515922257, -0.051625338286748312, -0.038145068676653238, -0.02439529518016087, 0.011398536319352448, -0.025799618273752323, -0.0091015554740158378, 0.016780209202798685, 0.004174694298764603, 0.0079571231964685185, -0.0049536784181659632, 0.0073246749991655452, -0.04934115790487531, -0.0031428046265574022, -0.0007927558055334516, 0.036539836705674067, 0.023209258718337122, -0.010360076075965119, -0.074140165421060389, 0.0010926307403504865, 0.010247028233284355, 0.044557426554052898, 0.010384343322084148, -0.038737537158896718, 0.011871001841110007, 0.0056650961343422401, 0.085957765366650812, 0.036956817227076319, 0.0046294204191242028, 0.015805324682747535, 0.10743141722322744, 0.015800150372482613, 0.04082841863646941, -0.021373114178978941, 0.03154285003239915, -0.015926209901632626, 0.0066672493859158966, 0.073100734839825487, 0.020845520265023176, 0.036916337302357591, 0.04944656685761134]
('time: ', 9941.53959608078)
