“Running plot script on a single CPU core”
[ 0.037343  0.034947 -0.003972  0.018019  0.010568  0.007198]
[ 0.024686  0.015558  0.019248 -0.036191  0.008415 -0.018142]
[ 0.058578  0.046455  0.071459  0.022715 -0.002509 -0.01571 ]
[ 0.0268    0.040185  0.044786  0.010439 -0.019205  0.0086  ]
[ 0.033922  0.112543  0.080672  0.009991  0.01178   0.009452]
[ 0.022977  0.072865  0.068214  0.00378  -0.001473  0.008988]
[-0.007423 -0.055513  0.058629  0.022147  0.000357 -0.00543 ]
[ 0.060614  0.071108  0.074754 -0.014444  0.00252   0.018696]
[ 0.072141  0.098092  0.121755 -0.0109    0.019312  0.011353]
[ 0.018238  0.015358  0.034271 -0.007333 -0.002163 -0.001157]
[ 0.05522   0.082714  0.060175  0.004392  0.008641  0.003656]
[ 0.061197  0.050341  0.076932 -0.00075  -0.003772 -0.005432]
[ 0.000543 -0.047753 -0.05899   0.011609  0.038563 -0.027728]
[ 0.095957  0.065986 -0.016238 -0.019787 -0.018324 -0.043429]
[ 0.003736  0.003688  0.000671  0.011641  0.00586   0.003273]
[ 0.140059  0.055009  0.073336  0.011897 -0.007054  0.00547 ]
[ 0.02975   0.109429 -0.002309  0.001079 -0.024871  0.02695 ]
[ 0.106685  0.097748  0.104504 -0.010291  0.013651  0.02179 ]
[ 0.050511  0.104681  0.090686 -0.031517  0.017687  0.031318]
[ -2.002710e-02  -2.262216e-02  -8.008929e-03   1.545478e-02   2.637874e-05
  -1.010767e-02]
[ 0.044822 -0.015944 -0.005419 -0.004374  0.034204 -0.001901]
[-0.002502  0.007425  0.039864 -0.034106  0.024797 -0.037421]
[ 0.026706  0.116464  0.082257 -0.03529  -0.024388 -0.019644]
[ 0.041315  0.031157  0.094498  0.023235 -0.021261 -0.006727]
[ 0.036832 -0.05239   0.000843 -0.012144  0.019351 -0.009007]
[-0.08811   0.073407  0.090366 -0.008302 -0.019581 -0.004072]
[ 0.016137  0.012938  0.019938 -0.0066    0.009199 -0.014832]
[ 0.021671  0.030289  0.046165  0.011952 -0.009362  0.026169]
[-0.003094  0.015196 -0.023101 -0.006316 -0.033273 -0.005284]
[ 0.063131  0.090988 -0.001259  0.029572  0.004321  0.025869]
[ -1.014316e-01   6.164985e-03  -6.603457e-02   1.892298e-02  -3.372747e-05
   1.618959e-02]
[ 0.092388  0.094551  0.050932  0.000247  0.000427 -0.054149]
[-0.046383 -0.014082 -0.024025 -0.003673  0.001776  0.007467]
[ 0.076021  0.06686   0.107242  0.033788  0.011798 -0.014213]
[ 0.059455  0.079174  0.044469  0.049355 -0.072466  0.01533 ]
[ 0.052086  0.042601  0.057991 -0.040274 -0.003426 -0.006973]
[ 0.016623  0.023179  0.023493  0.038852 -0.011165 -0.011709]
[-0.01203   0.026152  0.041961 -0.002291  0.00193   0.021833]
[ 0.068251  0.080907  0.060813  0.010578 -0.011032 -0.024096]
[-0.002687  0.006493 -0.026266  0.015657 -0.015161  0.040351]
[ 0.107995  0.088415  0.071748  0.009262 -0.008888  0.016159]
[ 0.050864  0.060637  0.080186 -0.007157 -0.00734  -0.04657 ]
[ 0.113908  0.058555  0.104076  0.00518  -0.017608 -0.002221]
[ 0.044882  0.059414  0.101618  0.005155  0.014792  0.007376]
[ 0.000893  0.068916  0.078495  0.014259  0.013455  0.003101]
[ 0.020006 -0.007557  0.039238 -0.018246  0.011975 -0.00665 ]
[ 0.033013  0.048068  0.073862 -0.024213 -0.00924  -0.010686]
[-0.019004  0.015291  0.047564  0.024689 -0.00195  -0.000998]
[ 0.005394  0.055339  0.070166 -0.024063  0.000804  0.009888]
[ 0.118081  0.12796   0.093231 -0.007076  0.018616  0.032037]
[ 0.04875   0.055252  0.069582 -0.006751 -0.00195   0.011317]
[-0.025947 -0.032786  0.050421  0.024081 -0.01041   0.000702]
[ 0.023918  0.046177  0.063935  0.012314  0.014852 -0.002744]
[-0.080775 -0.02559   0.040104  0.004955  0.00144  -0.010351]
[ 0.060762  0.091143  0.047188 -0.00906  -0.002274 -0.006121]
[ 0.020764  0.027691 -0.020291  0.002941  0.01434   0.008298]
[ 0.04306   0.067362  0.064555 -0.009227  0.021131  0.01534 ]
[ 0.071097  0.062162  0.022359  0.019455  0.005297  0.006694]
[ 0.001511 -0.028923 -0.00438  -0.00189   0.002399  0.043042]
[ 0.135006  0.089779  0.113017 -0.010555  0.010802 -0.01021 ]
[ 0.048248  0.038952  0.085401  0.007174 -0.012101  0.022788]
[-0.010585  0.023223  0.045652  0.012604  0.007547  0.001048]
[ 0.078813  0.062773  0.081273 -0.008477  0.037306 -0.016657]
[-0.009716 -0.026218 -0.00564   0.01082   0.004867  0.030369]
[-0.015068  0.049508  0.111402  0.057853  0.011188  0.045935]
[ 0.01463   0.106585  0.088854  0.038396  0.027083 -0.009332]
[ 0.087823  0.095339  0.103668  0.005809 -0.004339  0.002304]
[ 0.018415  0.043134  0.086181 -0.013634  0.005058  0.02372 ]
[ 0.021227  0.046952  0.076937  0.002845  0.021272  0.026306]
[-0.011077  0.018727  0.045262  0.042691 -0.007481  0.016914]
[-0.015527  0.028855  0.013389  0.005922 -0.018604  0.020435]
[ 0.040872  0.056681  0.011287 -0.018107 -0.009046 -0.008005]
[ 0.01328   0.027565  0.045532 -0.008736  0.030128  0.011173]
[ 0.019747  0.068321  0.075417  0.009385  0.002388  0.021676]
[ 0.008863  0.066344 -0.011571  0.014991 -0.094553  0.088598]
[-0.025216 -0.02489  -0.012583  0.010665  0.010786 -0.002963]
[ 0.080517  0.07391   0.041448  0.01149   0.022051 -0.01141 ]
[ 0.090866  0.081611  0.001707 -0.014474 -0.015774  0.021459]
[ 0.094033  0.06172   0.041659 -0.009396 -0.003394 -0.048473]
[ 0.031825  0.105099  0.070371 -0.014137 -0.029836  0.044093]
[ 0.037402  0.027843  0.054934  0.011248 -0.01174  -0.013301]
[ 0.022997  0.09083   0.061919  0.022175 -0.010375  0.015961]
[ 0.020313  0.005819  0.024936 -0.018224  0.005496  0.010622]
[ 0.049968  0.047296  0.026791  0.006341 -0.011952  0.000916]
[ 0.044602  0.047593  0.017898 -0.014944  0.015822  0.020643]
[ 0.0259   -0.031539  0.03081  -0.009534  0.019289  0.006975]
[-0.015846  0.007863  0.026497  0.025991  0.005372  0.007851]
[ 0.031424  0.012953  0.054675 -0.002162  0.01483  -0.009079]
[ 0.043554  0.043467  0.013845 -0.005527  0.007053  0.003891]
[-0.057658  0.038662 -0.003094  0.015882 -0.003397 -0.003636]
[ 0.054403  0.049923  0.104539  0.02372  -0.01006   0.009711]
[-0.03868   0.021503  0.044421  0.07505  -0.035751  0.008154]
[ 0.033838  0.018353  0.014822  0.015438  0.02222  -0.026032]
[ 0.016011  0.004166  0.003408  0.014101 -0.015268  0.016727]
[ 0.023898  0.066029  0.073473  0.037094 -0.016096  0.010051]
[ 0.098174  0.110661  0.008656  0.031384  0.00226  -0.007251]
[ 0.02252   0.045417  0.030945 -0.014428 -0.041141 -0.015574]
[-0.04372  -0.013646 -0.000523 -0.03263  -0.037553  0.003669]
[-0.04189   0.008823  0.006373  0.015412  0.034221  0.00439 ]
[ 0.028957  0.024152  0.052837 -0.00741  -0.011242  0.00246 ]
('Mean', 1, ': ', 0.028957402943751352)
('Median', 1, ': ', 0.028957402943751352)
('Variance', 1, ': ', 0.0)
('Mean', 2, ': ', 0.024152396448599452)
('Median', 2, ': ', 0.024152396448599452)
('Variance', 2, ': ', 0.0)
('Mean', 3, ': ', 0.05283714312900821)
('Median', 3, ': ', 0.05283714312900821)
('Variance', 3, ': ', 0.0)
('time: ', 12139.384492874146)
