“Running plot script on a single CPU core”
[ -1.158467e+00  -1.079430e+00  -8.331676e-01  -1.060272e+00  -7.542705e-01
  -9.576141e-01   3.709146e-02  -6.013408e-02   2.200738e-02   2.345659e-02
   5.992482e-02   3.254766e-03   1.167904e-01  -6.493873e-02  -7.229480e-02
   1.710193e-02   2.595311e-02   2.681631e-04   5.303343e-02   3.319884e-02]
[-0.868672 -0.943169 -0.843407 -0.918423 -0.757914 -1.008424 -0.090132
  0.029193 -0.057475 -0.076218 -0.011984 -0.047065  0.023192 -0.063421
 -0.02065  -0.022702 -0.173358 -0.051324 -0.011571  0.014973]
[-0.677288 -0.705933 -0.43795  -0.847451 -0.729783 -0.618751  0.016117
 -0.070032  0.19455  -0.006648  0.061117  0.150211  0.123839  0.022351
 -0.145452  0.073692  0.088734  0.024032 -0.011573 -0.020819]
[-0.981242 -1.092155 -0.890686 -1.122517 -0.954836 -1.018392 -0.117416
 -0.075774  0.019752 -0.053153  0.167355  0.024405  0.219198  0.194138
 -0.133979  0.244264 -0.046245 -0.096321  0.001174 -0.01144 ]
[-0.864899 -1.043748 -1.024024 -0.887952 -0.875968 -1.024961 -0.013229
 -0.039644 -0.068634 -0.087035 -0.01132  -0.039927 -0.059521  0.027459
 -0.004013 -0.018517 -0.080684  0.02651  -0.020127 -0.013309]
[-0.949766 -0.991088 -0.814841 -1.053416 -0.885426 -0.948601 -0.056568
  0.046799  0.038641 -0.069804  0.034289 -0.040533  0.001198 -0.012592
 -0.006513  0.037682  0.014307  0.042635  0.031027 -0.004759]
[-0.773098 -0.806101 -0.671915 -0.962643 -0.979338 -0.934103  0.011988
 -0.007049  0.079588  0.105515  0.15703   0.120572  0.066634  0.221908
 -0.047506  0.068257  0.117627 -0.053295  0.012877  0.001578]
[-1.099669 -1.140933 -1.180772 -1.021813 -1.073106 -1.148944 -0.048502
  0.034249  0.013987  0.013616  0.034623 -0.034319 -0.108118  0.129131
  0.006651 -0.086148  0.039626 -0.064438  0.018271 -0.010086]
[-0.904573 -0.781922 -0.912348 -0.737161 -0.776752 -0.716949 -0.014624
 -0.039021 -0.036499  0.049607  0.030077 -0.046518 -0.082687  0.053915
 -0.08363  -0.058691  0.071859  0.027889 -0.052236  0.00284 ]
[-0.859352 -0.989278 -0.91403  -0.76576  -0.71612  -0.684456 -0.001498
  0.114793  0.047532 -0.088128  0.022099  0.058314  0.035844  0.023934
  0.142047 -0.001186 -0.077876  0.025119  0.004482  0.011221]
[-1.120331 -0.801393 -0.679463 -1.007746 -0.826795 -0.747732 -0.106556
 -0.008602  0.16182   0.040152  0.002534  0.278866  0.133049 -0.098765
 -0.055064  0.188078  0.129964 -0.053834 -0.046907 -0.006078]
[-0.784579 -0.876845 -0.712464 -0.818882 -0.692401 -0.744979 -0.135426
 -0.051785 -0.067833 -0.052593 -0.066639 -0.088125  0.104356 -0.035191
 -0.010707  0.055667 -0.122123 -0.108969 -0.02739   0.006825]
[-1.147574 -0.955545 -0.903595 -1.065698 -0.979377 -1.01612  -0.088936
 -0.030923 -0.043918  0.002984 -0.127346 -0.020518 -0.199133 -0.123419
 -0.03154  -0.101131 -0.044209 -0.053807  0.020548  0.059416]
[-0.815883 -0.754648 -0.637466 -0.723153 -0.717572 -0.558566 -0.043461
 -0.062596 -0.045328  0.077771  0.065046 -0.092264 -0.017279  0.138005
 -0.069257 -0.017917  0.045483 -0.041689 -0.02354  -0.042594]
[-0.902232 -0.647355 -0.946212 -0.651726 -0.798303 -0.606742  0.020579
 -0.13774  -0.065611 -0.045028  0.051614 -0.119741 -0.052419 -0.007469
 -0.171019 -0.088506 -0.077282  0.038475 -0.071846  0.018985]
[-1.282482 -0.983361 -0.901196 -1.079575 -1.078987 -0.705376 -0.077051
 -0.045004 -0.004333  0.014726 -0.00659   0.006875 -0.066097  0.024295
  0.057662 -0.00241   0.018985 -0.082607  0.022787 -0.038109]
[-0.826843 -0.62937  -0.847412 -0.529038 -0.801033 -0.524995 -0.04075
  0.082077 -0.048515 -0.113829  0.014345  0.002227  0.098929 -0.084607
  0.135332  0.063526 -0.056327 -0.079519 -0.019168 -0.010982]
[-0.805769 -0.811823 -0.810505 -0.824724 -0.777193 -0.87049  -0.032238
  0.015728  0.06545   0.015814 -0.141755  0.107574 -0.004151 -0.09892
  0.047316 -0.057702  0.071517 -0.044559  0.014164 -0.006227]
[-0.859672 -0.759848 -0.923733 -0.680088 -0.899468 -0.852968  0.218647
 -0.048917  0.017865  0.037287  0.093489  0.028475  0.106822  0.120463
 -0.017702  0.072097  0.046083  0.175938  0.010505 -0.025446]
[-0.772408 -0.765523 -0.417936 -0.87968  -0.660873 -0.613033 -0.063201
 -0.089562  0.087697  0.001347  0.110914  0.017578  0.046114  0.106326
 -0.063026  0.077384 -0.00783  -0.041858 -0.020523 -0.001722]
[-0.72277  -0.802915 -0.867821 -0.768083 -0.83778  -0.819423 -0.030269
  0.02206   0.06545  -0.049261 -0.060669  0.030564 -0.122286 -0.092687
  0.064125 -0.073479 -0.068762  0.048183 -0.059175 -0.018639]
[-0.998776 -0.959018 -0.993333 -0.759231 -0.733771 -0.791722 -0.092693
  0.134917  0.039722 -0.003964 -0.078216 -0.018718 -0.020823 -0.089179
  0.132721 -0.035218 -0.01906  -0.05585   0.006854  0.015247]
[-0.890957 -0.971744 -0.911368 -0.834487 -0.754082 -0.856687  0.102722
 -0.061979  0.115239 -0.015787 -0.009234  0.113242  0.035377 -0.056206
 -0.05579   0.003681  0.090579  0.134038 -0.031426  0.025057]
[-0.70447  -0.896475 -0.867997 -0.714658 -0.641497 -0.859628 -0.00467
  0.031431  0.001008 -0.033488 -0.009132 -0.037036  0.183456 -0.044198
  0.066656  0.147478 -0.065269  0.003484 -0.012857 -0.07636 ]
[-0.919756 -0.855003 -0.849056 -0.745988 -0.668106 -0.718213 -0.132832
 -0.084103  0.013411 -0.048736  0.004431  0.016872 -0.060505  0.059018
 -0.125657 -0.035547 -0.090156 -0.064755 -0.02072   0.020664]
[-0.792428 -0.785822 -0.758103 -0.768628 -0.720931 -0.737228 -0.047365
 -0.013606  0.013658  0.017482  0.030885  0.035789  0.022626 -0.017441
 -0.040519  0.033227  0.007402 -0.051515 -0.004867 -0.002093]
[-0.95366  -1.049915 -0.843479 -1.123262 -0.846091 -0.86717   0.027192
 -0.094166  0.016901  0.042562 -0.036251  0.098395  0.012525 -0.053195
 -0.102608 -0.045307 -0.01073   0.075314  0.049403 -0.01112 ]
[-1.035325 -1.144868 -0.952846 -1.101788 -1.007654 -1.063439 -0.054058
 -0.035341 -0.09223   0.01323   0.019419 -0.11484  -0.003046  0.011404
 -0.024978  0.054951 -0.009342  0.010199  0.003813  0.021068]
[-1.153782 -0.967089 -0.361882 -0.999062 -0.479416 -0.467358  0.165299
  0.0714    0.06037  -0.015352  0.288248  0.083251 -0.005844  0.175195
  0.090443 -0.05587   0.011325 -0.048577  0.048618 -0.053541]
[-1.041811 -0.672347 -1.110793 -0.671946 -1.062629 -0.79018  -0.051209
  0.003055  0.015898  0.020254  0.021295 -0.084903  0.042948  0.026562
 -0.030097  0.039004  0.067578  0.007396 -0.022827  0.005042]
[ -7.727222e-01  -8.128576e-01  -7.222661e-01  -9.408443e-01  -8.481859e-01
  -9.177766e-01  -1.301302e-02  -1.109338e-01  -8.240016e-02  -2.282994e-03
  -3.125165e-02  -8.641014e-02   1.153439e-02  -4.286743e-02  -7.371074e-02
  -2.974110e-02  -8.499983e-02  -3.902158e-02  -1.789604e-04   3.277669e-02]
[-1.047775 -0.781153 -1.01283  -0.951051 -1.254459 -1.127467 -0.011658
 -0.047828  0.003176  0.058391 -0.089208 -0.065217 -0.020046 -0.041149
  0.026144 -0.155669  0.047458  0.016081 -0.012342 -0.031609]
[-0.958267 -1.021104 -0.645015 -0.878444 -0.54924  -0.532212 -0.087449
 -0.035687 -0.074641  0.05486  -0.043528  0.039247  0.069126 -0.075246
 -0.04068   0.048383  0.065407 -0.053686  0.039534  0.0122  ]
[ -9.548646e-01  -9.984865e-01  -1.028449e+00  -1.103011e+00  -9.851418e-01
  -1.290644e+00   1.527235e-02   6.328464e-02  -2.336995e-02  -1.013536e-02
   2.248882e-02  -5.105296e-02  -3.559868e-02   5.336474e-04   5.558445e-02
   6.035294e-02   3.527335e-03  -1.925404e-02  -3.425769e-02  -4.174173e-02]
[ -1.243731e+00  -1.112827e+00  -1.199273e+00  -1.184001e+00  -1.242983e+00
  -1.011590e+00   2.063787e-01  -2.963221e-02  -4.698582e-02   1.171589e-01
  -1.152080e-02  -6.577767e-02   1.480497e-01   5.180186e-04   2.931928e-02
   1.378737e-01   6.519042e-02   2.637362e-01   1.525256e-02  -8.978220e-03]
[-1.112857 -1.162639 -1.259976 -1.176772 -0.985658 -1.114702  0.166915
 -0.026279  0.011421 -0.078957  0.065235  0.022828 -0.147971  0.005642
  0.023838  0.005647 -0.141176  0.038316 -0.006399 -0.001292]
[ -1.204687e+00  -1.072902e+00  -8.057607e-01  -1.003943e+00  -8.852110e-01
  -7.790452e-01   3.479400e-02   3.036422e-02   1.456273e-02  -1.228432e-02
  -3.373571e-02   7.671998e-02  -1.183501e-03  -1.580033e-02  -9.075799e-03
  -2.434765e-02   3.969420e-02  -2.680430e-02   4.466772e-02  -4.914665e-02]
[-1.250011 -1.058942 -0.855049 -0.993766 -0.862827 -0.83948  -0.074619
 -0.044585  0.073372  0.02034  -0.01728   0.07105   0.050531  0.033575
  0.042846 -0.005613 -0.013331 -0.072032  0.059378  0.003035]
[-0.8722   -0.894427 -0.960747 -0.728232 -1.215549 -1.13645   0.046113
  0.164114 -0.101864 -0.080109  0.109263 -0.161525  0.036795  0.160363
  0.153868 -0.026679 -0.00623  -0.089413  0.043759  0.005916]
[-0.884017 -1.059985 -0.949315 -0.660925 -0.711707 -0.797121 -0.128325
 -0.038052 -0.249124 -0.040379  0.012099 -0.162089 -0.073037 -0.044622
  0.010866 -0.105981 -0.046004 -0.216101 -0.046182  0.005512]
[-0.936648 -0.930187 -0.933382 -0.861528 -0.748781 -0.871267 -0.05327
  0.063655  0.162701  0.162482 -0.287436  0.180081 -0.00433  -0.316226
 -0.027458 -0.025579  0.146273 -0.081499  0.03701  -0.008119]
[-0.884559 -1.104284 -1.047854 -0.889988 -0.68022  -0.912795 -0.036766
 -0.086477  0.061271  0.039655  0.078301 -0.020412  0.065572  0.035131
 -0.111584  0.050619  0.018454 -0.026903 -0.014786  0.037579]
[-1.089116 -0.718723 -0.791353 -0.811156 -0.866347 -0.520601 -0.055844
 -0.169986 -0.008767 -0.044291 -0.006192  0.011656  0.094178  0.034145
 -0.094637  0.09428  -0.023663 -0.083823 -0.015036  0.007361]
[-0.948107 -1.079875 -0.799024 -0.944135 -0.59044  -0.833705 -0.022157
  0.101073 -0.009208  0.105052 -0.032259 -0.026929 -0.020657  0.055364
  0.092022 -0.061346  0.164967 -0.03314   0.036731  0.010878]
[ -9.365955e-01  -1.116817e+00  -1.029324e+00  -1.001902e+00  -7.636848e-01
  -9.967549e-01   1.898079e-02  -9.580413e-02  -3.649168e-02  -1.289407e-02
  -3.309972e-02  -6.701123e-02   1.471193e-02  -7.489680e-02  -1.713095e-01
  -4.498237e-02  -3.855201e-02   6.129311e-04  -1.624637e-02   2.770181e-02]
[-1.005797 -0.75012  -0.85016  -0.706542 -0.754469 -0.54787  -0.020205
  0.043    -0.072962  0.055845 -0.070301 -0.072146 -0.015485 -0.046482
  0.065049  0.00951   0.008096 -0.018764 -0.016518  0.017454]
[-0.841693 -0.960515 -0.863665 -0.752719 -0.720412 -0.852637  0.14086
 -0.086407  0.072177  0.104804 -0.082765  0.11384  -0.019493 -0.008979
 -0.070277 -0.05624   0.133394  0.101739  0.007236  0.007352]
[ -7.745349e-01  -9.632305e-01  -6.716251e-01  -1.128233e+00  -9.237346e-01
  -1.151188e+00  -3.171097e-02   1.265032e-01   1.062517e-01  -8.609216e-02
  -1.033229e-01   8.671585e-02   1.231905e-02  -9.171879e-02   1.030764e-01
   6.279847e-04  -2.958536e-02  -5.388706e-02   2.726351e-03   1.636800e-02]
[-1.382539 -1.018299 -1.348938 -0.955539 -1.090035 -0.971496  0.041282
 -0.019849 -0.078504 -0.143742  0.046635  0.146345  0.048342  0.06195
 -0.07953   0.018002 -0.104091  0.214948 -0.00848   0.036461]
[-1.046985 -1.0351   -0.947517 -1.000536 -1.007393 -0.965945 -0.082565
  0.088101  0.02904   0.106904  0.067668  0.085858 -0.019332  0.080271
  0.068511 -0.027527  0.103944 -0.070199 -0.028323  0.02331 ]
[-0.860557 -0.820615 -0.825602 -0.795689 -0.683041 -0.712385 -0.025124
 -0.096428  0.0053   -0.07185   0.038809  0.067717  0.006632  0.021666
 -0.091409 -0.01774  -0.012027 -0.066474 -0.041642 -0.024683]
[-1.093022 -1.038758 -0.982308 -0.959118 -0.970331 -0.867114  0.042896
 -0.081432 -0.024526  0.011204 -0.038871 -0.028327 -0.06552  -0.080254
 -0.045133 -0.139854 -0.04049   0.106599  0.073978 -0.01317 ]
[-1.06116  -0.77728  -0.722562 -0.956662 -0.905238 -0.741684  0.064206
  0.069017 -0.029973 -0.006494 -0.039973  0.024858  0.059865 -0.123909
  0.067033 -0.004088  0.029171  0.111867 -0.192249 -0.006234]
[-0.836702 -0.849336 -0.760864 -0.783263 -0.778288 -0.834368  0.030242
  0.028917 -0.064784  0.055694  0.019658 -0.092542 -0.195451 -0.060785
 -0.05765  -0.155825 -0.012019  0.03126  -0.063243  0.012855]
[-1.197664 -0.850964 -0.805897 -1.079081 -1.043485 -0.685797 -0.178007
  0.104722 -0.051857 -0.03679  -0.038255 -0.015345 -0.005806 -0.013503
  0.082162 -0.026328 -0.035545 -0.146333 -0.017665  0.007583]
[-1.312839 -1.007014 -1.088286 -1.103893 -1.20065  -0.970435  0.051583
  0.005392 -0.018701 -0.232419 -0.040097  0.002532 -0.078082 -0.001667
  0.047419 -0.032264 -0.149824  0.060349  0.120675 -0.014307]
[-0.795188 -0.975395 -0.809109 -1.099227 -0.868268 -1.082192 -0.048879
 -0.016657 -0.007027  0.010718 -0.07553  -0.004801  0.113598 -0.066649
  0.066662  0.114698  0.072902 -0.018703 -0.01345   0.006189]
[-0.933641 -0.875447 -1.117929 -0.567062 -0.795554 -1.006139  0.011906
  0.110934 -0.135654 -0.061486  0.106587 -0.146275  0.088833  0.078764
  0.066514  0.178266 -0.07551  -0.155931 -0.07452  -0.025152]
[-0.645735 -0.501205 -0.705102 -0.464784 -0.605379 -0.513085 -0.019528
 -0.046277  0.064464  0.079627  0.006957  0.055573  0.051758  0.047998
 -0.005736  0.037754  0.047505  0.0383    0.07441   0.048037]
[-0.969277 -1.061142 -0.905225 -0.889898 -0.863225 -0.814102 -0.009947
  0.036935 -0.069527 -0.047632  0.065384 -0.068487  0.036318  0.087445
  0.065468 -0.041915 -0.037917 -0.042155 -0.051468 -0.003309]
[ -1.014405e+00  -6.205580e-01  -1.010243e+00  -7.434751e-01  -1.123452e+00
  -7.244107e-01   6.777568e-02   6.872118e-02  -2.104343e-02  -2.688091e-02
   7.435185e-02   2.367116e-02   3.437145e-02  -2.929100e-02   5.124079e-02
   1.166411e-01  -1.722611e-02   2.675296e-02   1.008449e-02   1.281419e-05]
[-0.673347 -0.822759 -0.782814 -0.839231 -0.86766  -0.850039  0.03469
  0.043313  0.027142  0.145394  0.025662 -0.001854 -0.05438   0.012441
  0.05104  -0.022697  0.069496  0.066973  0.10598   0.009268]
[ -5.213051e-01  -9.615384e-01  -8.940871e-01  -4.824437e-01  -3.712354e-01
  -8.178122e-01  -2.354533e-01  -5.016585e-02   1.186984e-01   9.247958e-02
  -4.910616e-02   6.143938e-02   7.508610e-02   1.426726e-01  -7.931312e-02
   8.071853e-02   9.919992e-02  -2.355431e-01  -2.437216e-04  -2.317486e-02]
[ -8.802802e-01  -9.015916e-01  -8.389656e-01  -8.414612e-01  -7.227619e-01
  -8.054336e-01   6.677394e-02   7.507800e-02  -1.619729e-02  -6.698972e-02
  -3.542088e-02   8.319203e-04   1.756879e-02  -9.814184e-02   7.626836e-02
   2.085403e-02  -2.617610e-02   4.662708e-02  -8.647409e-02  -5.850191e-03]
[-1.070939 -0.978006 -0.962547 -0.930294 -0.831553 -0.77529  -0.005625
 -0.017203 -0.061903  0.010075  0.067294 -0.074366 -0.016289  0.070643
 -0.047036 -0.002539 -0.052468 -0.06735   0.033273  0.015534]
[-1.005742 -0.930843 -0.745775 -1.072401 -0.766908 -0.721014  0.05442
  0.07098   0.039393 -0.031123 -0.171733  0.081513  0.055579 -0.169164
  0.073109  0.117548 -0.018851  0.059355 -0.045461 -0.023611]
[-1.025623 -1.112728 -0.829276 -1.053331 -0.96288  -0.994181  0.092988
  0.049004  0.001782 -0.086223 -0.090309  0.025951  0.071207 -0.166321
  0.079434  0.078103 -0.102505  0.058812 -0.019313 -0.038367]
[-0.783687 -0.903437 -0.900188 -0.793715 -0.788611 -0.845028 -0.01165
  0.048854  0.044637 -0.029945  0.019507  0.097489  0.045635  0.03422
  0.062401  0.052522 -0.013607  0.028913  0.027008 -0.002285]
[-0.788191 -1.00818  -0.771606 -1.04342  -0.968568 -1.228377 -0.091285
 -0.002096 -0.108212  0.022082  0.025946 -0.096711 -0.129503  0.106463
 -0.101237 -0.008407  0.086673 -0.120599 -0.014803  0.025067]
[-0.842235 -0.913021 -0.924775 -1.056477 -0.998201 -1.066995  0.0843
  0.036862 -0.021349 -0.050518 -0.025625 -0.048917  0.123116 -0.020668
 -0.04402   0.099143 -0.059081  0.064036 -0.010535 -0.002663]
[-0.935576 -0.870235 -0.709841 -0.789666 -0.693568 -0.603339  0.116222
  0.023921 -0.018926 -0.00321   0.01094  -0.023882 -0.051417  0.044229
  0.115399 -0.037816  0.008142  0.111198 -0.002846  0.009855]
[-0.783182 -1.332301 -1.123578 -0.959069 -0.539087 -1.323375  0.138624
  0.095718 -0.035625  0.033855  0.104644 -0.014707  0.078844  0.080166
  0.077541  0.078095  0.006611  0.045814  0.069294  0.018129]
[-0.919925 -0.788199 -0.790715 -1.037744 -0.973576 -1.033717  0.016565
 -0.103575 -0.028325 -0.029166 -0.049974 -0.056548  0.006427  0.026416
  0.016593  0.021683 -0.016881  0.043459 -0.042165 -0.052031]
[-1.082696 -0.791784 -0.933691 -0.706276 -0.973641 -0.683958 -0.03117
 -0.151875  0.073736  0.019311  0.084255  0.044133 -0.023339  0.05341
 -0.091445 -0.129905  0.039009  0.106038 -0.072513 -0.01841 ]
[-0.883859 -0.836635 -0.966717 -0.688375 -0.678826 -0.883236  0.155037
  0.049925  0.07959   0.254145 -0.073821  0.003621 -0.101801 -0.121381
 -0.008942 -0.189247  0.301689  0.163848 -0.042988 -0.009924]
[ -7.290317e-01  -5.812231e-01  -4.820442e-01  -9.360522e-01  -7.538805e-01
  -6.705083e-01  -6.577894e-04   1.144883e-01   5.537115e-02   6.546345e-02
   1.934663e-01   1.469799e-02   1.903349e-02   1.748716e-01   1.198048e-01
  -7.984286e-03   6.377156e-02   1.170370e-02  -1.621147e-02   5.400950e-02]
[-1.124126 -1.047937 -0.935709 -1.052299 -1.009471 -0.964864 -0.092577
 -0.036469 -0.181474  0.004226  0.102043 -0.115542  0.08324   0.118881
 -0.040159  0.073924 -0.030124 -0.00937   0.048541  0.005396]
[-0.926539 -0.942488 -1.001558 -0.967189 -1.03401  -0.956561  0.044612
 -0.130548 -0.015209 -0.061412 -0.002479 -0.060517  0.021959  0.080975
 -0.178697  0.112268 -0.071591  0.013672  0.024562  0.01266 ]
[-1.038478 -1.103808 -1.142869 -0.550907 -0.629449 -0.9106   -0.086658
 -0.013943  0.151147 -0.060956  0.011156  0.143534  0.02505  -0.004906
 -0.061332  0.043054 -0.135633 -0.125775 -0.039599 -0.020141]
[-0.904586 -0.92088  -1.010083 -0.836921 -0.922859 -0.810894  0.054809
  0.161487  0.022943  0.029624  0.035365  0.047822  0.037265  0.034337
  0.186284  0.022047  0.048464  0.076817  0.091416  0.024604]
[-1.024533 -0.86802  -0.794351 -0.851637 -0.660785 -0.575388  0.084911
 -0.003671 -0.017321 -0.002862  0.116456 -0.031032  0.129207  0.056194
 -0.034624  0.0892   -0.063724  0.083279  0.080758  0.041807]
[-1.079626 -0.915328 -0.963583 -0.886861 -0.916996 -0.76237   0.034548
  0.044341  0.086835 -0.005115 -0.003174  0.117313 -0.086157 -0.008217
  0.070653 -0.147293 -0.03843  -0.029758  0.026155 -0.003916]
[-0.728343 -0.707316 -0.548853 -0.837578 -0.817371 -0.690214  0.010902
  0.036976 -0.070444  0.010708  0.125933 -0.043704  0.045598  0.135926
  0.024943  0.106304 -0.040916  0.024648  0.010944 -0.014519]
[-0.825845 -0.886452 -0.861972 -0.956847 -0.852594 -0.925502 -0.017417
 -0.057285 -0.018544  0.053611 -0.111544 -0.05415  -0.098133 -0.083702
 -0.048083 -0.115315  0.005067  0.043861  0.030976 -0.021536]
[-1.040278 -0.784981 -0.748174 -0.701524 -0.733269 -0.530488  0.073135
  0.040836  0.004989 -0.037655  0.043253  0.036352  0.044364  0.020709
  0.026558  0.052067 -0.015429  0.078683 -0.016295  0.020467]
[-1.068273 -0.809276 -0.888603 -0.911142 -0.90587  -0.674418 -0.004481
 -0.185827  0.088411 -0.0393   -0.005555  0.08107   0.146214 -0.005356
 -0.163788  0.20398  -0.05016   0.107145 -0.05909  -0.027446]
[-1.233733 -1.02673  -0.952747 -0.926883 -0.797796 -0.759922  0.135978
 -0.148342  0.023381  0.001321  0.09559  -0.035742  0.052144  0.020168
 -0.077843  0.003049  0.134539  0.091808  0.0427    0.018593]
[-0.783201 -0.873946 -0.475168 -0.803154 -0.598893 -0.518972  0.053289
  0.017711 -0.127732  0.015305 -0.135849 -0.004402  0.003673 -0.12555
 -0.046154  0.076118 -0.00775   0.02553   0.012292  0.002692]
[-1.077619 -0.888039 -0.810387 -1.098666 -0.963951 -0.867095  0.049222
  0.025122 -0.065603 -0.068654 -0.095458 -0.069147 -0.040865 -0.015942
  0.069383 -0.149805 -0.086915  0.011484 -0.030029 -0.033091]
[-1.100199 -1.049957 -1.015127 -0.931248 -0.778636 -0.907512  0.123697
  0.224743 -0.247979 -0.204347 -0.090313 -0.233581 -0.174643 -0.133656
  0.276073  0.012658 -0.047999  0.062715  0.062978  0.020279]
[-1.015049 -0.695733 -1.209081 -0.569316 -1.018148 -0.622268  0.097358
  0.085137 -0.010062  0.005474  0.03094  -0.026083 -0.225538  0.047727
  0.10088  -0.124878  0.045894  0.330292  0.072154  0.024832]
[ -8.759096e-01  -6.407477e-01  -8.779223e-01  -7.519287e-01  -1.172822e+00
  -6.682688e-01   6.977582e-02  -8.044621e-02  -1.810518e-02   9.057606e-03
  -1.208081e-02   3.110933e-02  -5.359913e-03  -1.369156e-02  -4.078493e-02
  -1.087497e-02   7.839909e-02   1.372546e-01  -1.147576e-03   5.061824e-03]
[-0.817886 -0.786306 -0.815579 -0.721802 -0.725972 -0.70891  -0.047848
  0.046821  0.048911  0.011874  0.010004  0.00339  -0.064163  0.03262
  0.038841 -0.055447  0.043246  0.040428 -0.002373 -0.014445]
[-0.953838 -0.723326 -0.646259 -0.856545 -0.888571 -0.785824  0.069208
 -0.013878 -0.062673 -0.039244  0.083575 -0.005771  0.116961  0.10279
 -0.027871  0.081554  0.026707  0.117032  0.038434  0.074539]
[-1.042599 -0.942248 -0.857326 -0.956112 -0.875444 -0.83775   0.023639
  0.057425 -0.048921  0.003917  0.02342  -0.040563 -0.054701  0.022517
  0.030615 -0.098372  0.024762  0.060652 -0.008965  0.012898]
[-1.063121 -0.95097  -0.751773 -0.855637 -0.568248 -0.7769   -0.105623
  0.06768  -0.030852 -0.004986  0.10689  -0.033396 -0.042672  0.115642
  0.15651  -0.054752  0.063862 -0.130988 -0.078323 -0.01003 ]
[-0.825944 -0.723771 -0.706404 -0.881065 -0.858697 -0.878067  0.010671
 -0.140189 -0.030372  0.082085  0.04548  -0.066787 -0.069401  0.047363
 -0.165228 -0.065974  0.054879 -0.01064  -0.064976 -0.038078]
[-0.659957 -0.825145 -0.78518  -0.827205 -0.765092 -0.984634 -0.10396
  0.084918 -0.002806 -0.17052   0.147636  0.02021  -0.014266  0.158069
  0.046383 -0.026346 -0.150636 -0.043175  0.013665  0.003979]
[-1.108711 -0.910528 -0.8549   -1.149053 -0.907951 -0.909125  0.004315
 -0.156488 -0.050129 -0.081789 -0.066392  0.024116  0.025073 -0.091596
 -0.212677  0.010723 -0.070483  0.075482 -0.063554  0.007583]
[-0.792626 -0.861778 -0.867896 -0.647425 -0.750132 -1.033336 -0.010236
 -0.083521  0.06485  -0.096517  0.012001  0.153815  0.140003 -0.004732
 -0.127063  0.108827 -0.078437  0.034838 -0.043578 -0.031504]
('Mean', 1, ': ', -0.79262638297722221)
('Median', 1, ': ', -0.79262638297722221)
('Variance', 1, ': ', 0.0)
('Mean', 2, ': ', -0.86177759953388444)
('Median', 2, ': ', -0.86177759953388444)
('Variance', 2, ': ', 0.0)
('Mean', 3, ': ', -0.86789609421568892)
('Median', 3, ': ', -0.86789609421568892)
('Variance', 3, ': ', 0.0)
('Mean', 4, ': ', -0.64742501009614739)
('Median', 4, ': ', -0.64742501009614739)
('Variance', 4, ': ', 0.0)
('Mean', 5, ': ', -0.75013234998347489)
('Median', 5, ': ', -0.75013234998347489)
('Variance', 5, ': ', 0.0)
('Mean', 6, ': ', -1.0333364524895226)
('Median', 6, ': ', -1.0333364524895226)
('Variance', 6, ': ', 0.0)
('time: ', 8017.108852863312)
