“Running plot script on a single CPU core”
[-0.960231 -0.810388 -0.722842 -0.766059 -0.647218 -0.532983  0.020498
 -0.061651  0.03614   0.148737  0.021405  0.053904 -0.159008  0.018306
  0.001803 -0.141918  0.157015  0.028911  0.024143  0.015282]
[-1.087912 -0.933382 -0.990132 -1.058429 -1.214489 -1.091525  0.057917
  0.08239   0.035632  0.05582   0.087968  0.053991 -0.041742  0.11988
  0.132759 -0.110684  0.071009  0.08073   0.013168 -0.046766]
[-0.93102  -0.726524 -0.719238 -0.809807 -0.998437 -0.605538 -0.027201
  0.017597  0.059348 -0.00745  -0.121776  0.114548 -0.034943 -0.065589
  0.001655 -0.029131  0.022102  0.00533   0.033207 -0.005222]
[-0.788124 -0.801431 -0.670481 -0.991498 -0.803759 -0.834821 -0.058374
 -0.046563 -0.138122 -0.077035 -0.063886 -0.154607 -0.012672 -0.072992
 -0.050288 -0.024432 -0.051919 -0.069896 -0.037771  0.006923]
[-1.151555 -0.960873 -0.863955 -0.9412   -0.765868 -0.70981  -0.174825
  0.089244  0.092152 -0.001984 -0.015192 -0.03885   0.15288  -0.019821
  0.053065  0.096398 -0.008176 -0.029133  0.035289  0.017406]
[-0.849559 -0.521334 -0.604045 -0.663006 -0.685095 -0.469662 -0.055789
 -0.148794 -0.104131 -0.011513  0.022026 -0.174859 -0.072872 -0.027974
 -0.077129 -0.135303  0.019494 -0.079687 -0.029855 -0.001193]
[-1.255021 -1.363081 -1.197983 -1.166563 -1.160089 -1.56105  -0.070472
  0.099542  0.132839 -0.037869 -0.069434  0.221691  0.00831   0.085304
 -0.099311  0.092665  0.184953 -0.171361  0.011937 -0.009282]
[-0.734582 -0.595945 -0.653793 -1.005957 -1.086466 -0.945571  0.083782
 -0.132511  0.043302  0.018051 -0.03033   0.129579  0.001421 -0.063051
 -0.046082  0.014109 -0.133323  0.158215  0.061249 -0.002822]
[-0.954754 -0.684571 -0.648505 -0.902482 -0.87277  -0.478443  0.062563
  0.053192 -0.024522 -0.096884  0.210817 -0.063983 -0.081382  0.1942
  0.096258 -0.142879 -0.096949 -0.009728 -0.027086  0.035424]
[-1.088043 -1.210259 -0.85891  -1.355917 -1.031332 -1.247371 -0.028994
  0.22239   0.232793 -0.053981  0.057157  0.183648 -0.051478  0.107751
  0.377    -0.011344 -0.093784 -0.0678    0.075466  0.020149]
[-0.865029 -1.081429 -0.900959 -1.141077 -1.027691 -1.247124 -0.013683
  0.071743 -0.106008 -0.054034 -0.041985 -0.104657  0.003943 -0.016153
  0.151661  0.026152  0.036546  0.054943 -0.035754  0.034872]
[ -1.210817e+00  -8.320713e-01  -6.087802e-01  -1.030965e+00  -7.684498e-01
  -4.808693e-01  -9.204355e-04  -7.531829e-02   1.349046e-02  -2.717308e-02
   5.173597e-02   8.539529e-03  -3.772556e-02   1.060025e-01  -7.320360e-02
  -5.685368e-02   8.232638e-03  -1.519713e-02  -2.204723e-02  -6.971541e-03]
[-1.161082 -1.231846 -1.252486 -0.950495 -1.035918 -1.151673  0.100831
  0.005291  0.087823  0.045879 -0.1041    0.073346  0.036647  0.028103
 -0.035845  0.026963  0.089442  0.161676 -0.006253 -0.00208 ]
[-1.017487 -1.092691 -0.781932 -0.960923 -0.823833 -0.839315 -0.157829
  0.151839  0.083972  0.041477  0.00876   0.076934 -0.221692  0.057853
  0.122205 -0.188657 -0.072848 -0.10337   0.028316  0.060425]
[-0.808488 -0.708296 -1.240922 -0.784154 -1.164397 -1.145928 -0.129603
 -0.101114 -0.055973  0.175185  0.18058  -0.089465  0.036247  0.113435
 -0.216935  0.068364  0.155389 -0.157421  0.021845  0.040148]
[-0.837689 -0.816273 -0.461377 -0.827203 -0.510435 -0.35587   0.062781
 -0.014349  0.012214  0.075183  0.174274  0.039998 -0.056934  0.193339
 -0.094382 -0.053877  0.017674  0.023201 -0.003465 -0.001212]
[-0.699654 -0.709866 -0.711893 -0.878382 -0.842082 -0.835663 -0.026721
 -0.021958  0.012326  0.008815 -0.064797 -0.00189   0.037134 -0.060898
  0.008021  0.002293  0.052446  0.012306 -0.028261 -0.007407]
[-1.172549 -1.323678 -0.951567 -1.007616 -0.673598 -0.834665 -0.055058
 -0.027519 -0.037563 -0.019275  0.009713 -0.046717  0.006313 -0.026413
 -0.08518   0.022659 -0.007641  0.00234  -0.110421 -0.06112 ]
[-1.020474 -0.803125 -0.905141 -0.759502 -0.946226 -0.633236  0.132175
  0.027373 -0.056627 -0.001257  0.079103 -0.021973  0.140434  0.104342
  0.023729  0.183916 -0.005043  0.112024  0.031501 -0.014307]
[-0.726268 -0.828915 -0.890637 -0.431295 -0.567761 -0.533809 -0.103308
  0.012284  0.100246  0.087475  0.063526  0.103275  0.045767  0.132315
  0.023832  0.103518  0.112716 -0.067917  0.013008  0.002207]
[ -6.640955e-01  -4.380938e-01  -4.606351e-01  -5.171295e-01  -4.818238e-01
  -3.406970e-01  -1.479631e-02  -7.053415e-02   8.552956e-03   1.986927e-02
  -9.712454e-02   1.012853e-02  -2.232349e-01  -1.511766e-01  -5.280201e-02
  -1.928256e-01   2.424030e-02   3.075738e-04  -9.347068e-03   3.290534e-02]
[-1.017055 -0.9712   -0.748637 -0.983704 -0.786559 -0.828627 -0.035335
 -0.049958 -0.021963 -0.037335  0.008075  0.004143  0.054647 -0.021225
 -0.037523  0.030727 -0.025936 -0.022671 -0.051864 -0.018534]
[-0.693991 -0.867805 -0.766574 -0.810147 -0.64356  -0.855333  0.174895
  0.059759  0.08053   0.164839 -0.118337  0.163259 -0.005357 -0.1631
 -0.029732 -0.129549  0.274354  0.267838 -0.057127 -0.011517]
[-0.722612 -0.495622 -0.749887 -0.427351 -0.632815 -0.479944 -0.055241
 -0.027401 -0.009334  0.071768  0.072692  0.009275 -0.023363  0.072943
  0.008423 -0.031592  0.029078 -0.101225 -0.031048  0.018229]
[-0.964235 -0.689341 -0.76855  -0.660675 -0.881075 -0.519486  0.051401
  0.091371  0.032131 -0.034755 -0.080774  0.022541 -0.002148 -0.050749
  0.121124 -0.045803  0.0083    0.041357 -0.01857  -0.011827]
[-0.952127 -0.773292 -0.727068 -0.742436 -0.641187 -0.55339  -0.028834
 -0.06843   0.022862  0.075775 -0.08941   0.064736  0.037356 -0.039305
  0.026708  0.088615  0.017692 -0.073171  0.031157  0.039826]
[-1.087204 -1.154063 -1.002837 -1.011895 -0.921566 -0.944646  0.082617
  0.06904  -0.157116 -0.004804  0.159326 -0.172857 -0.137499  0.228259
  0.224193 -0.169136 -0.042031  0.046483  0.097354  0.040152]
[-0.624924 -0.647125 -0.480532 -0.808694 -0.769729 -0.776879 -0.126151
 -0.174181 -0.052464 -0.046781 -0.133686 -0.015256 -0.010541 -0.145612
 -0.088972  0.037214 -0.024333 -0.091874  0.080835  0.028168]
[ -1.099196e+00  -1.323066e+00  -9.726637e-01  -1.077126e+00  -6.714278e-01
  -9.898657e-01  -7.200673e-02  -1.772949e-01  -2.617710e-01   4.956577e-02
   1.768454e-01  -1.232956e-01   1.430214e-01   2.198469e-01  -3.215647e-01
   9.552311e-02  -2.732634e-04  -1.023130e-01  -1.145844e-03   2.616905e-02]
[-0.780792 -0.929146 -1.119871 -0.743448 -0.977237 -1.112756  0.075165
 -0.034494  0.1483   -0.02393   0.031572  0.215676  0.030119  0.076
  0.049554 -0.026538  0.022716  0.149736  0.088268  0.089158]
[-0.749046 -0.628164 -0.611575 -0.668926 -0.678837 -0.547395  0.091159
  0.066743  0.069352 -0.043133 -0.062561 -0.015478 -0.149415 -0.027514
  0.112231 -0.214958 -0.095696  0.032559 -0.058032 -0.036857]
[ -7.968039e-01  -9.160231e-01  -7.383405e-01  -5.534247e-01  -4.620940e-01
  -5.913628e-01  -8.084861e-03  -1.058529e-04   9.450429e-02   2.190276e-01
  -7.458001e-02   9.035233e-02  -5.312643e-02  -1.285761e-02   7.830429e-03
  -5.267416e-02   2.548221e-01  -4.892592e-02  -5.759001e-02  -1.009000e-02]
[-0.711799 -0.720385 -0.64887  -0.647154 -0.554685 -0.631539  0.000933
  0.030051  0.037636  0.002986 -0.044331  0.060021 -0.021462 -0.053527
  0.027536 -0.032449  0.006035  0.030597 -0.042808 -0.019035]
[ -9.010761e-01  -9.342736e-01  -7.413131e-01  -1.145154e+00  -1.143966e+00
  -1.196544e+00  -7.041111e-04  -1.120145e-01  -2.009894e-01   9.314634e-02
  -1.940831e-02  -2.551408e-01  -6.294097e-02  -2.442991e-02  -1.006921e-01
  -1.972388e-02   5.267654e-02  -7.298974e-02  -4.599400e-02  -7.837553e-02]
[-0.797239 -0.910263 -0.642793 -0.839584 -0.557461 -0.638741 -0.076676
 -0.049446  0.092857 -0.099122  0.050992  0.092157 -0.0228    0.05066
 -0.099619 -0.070973 -0.127734 -0.127751  0.045967  0.013887]
[-0.899815 -1.038736 -0.881193 -0.934065 -0.863775 -1.072618 -0.070658
  0.011294 -0.040313 -0.029654  0.136281 -0.005064 -0.031221  0.099503
  0.066922 -0.032316  0.018705 -0.081385  0.094162  0.051501]
[-0.789058 -0.764713 -0.636736 -0.920183 -0.855845 -0.792933  0.122995
 -0.086581 -0.013865 -0.061291  0.026307  0.03085  -0.110899 -0.00262
 -0.189115 -0.099457 -0.033112  0.087628  0.001898 -0.012601]
[-0.870719 -0.881718 -0.818318 -0.9373   -0.751239 -0.849871 -0.029969
 -0.051196 -0.116558  0.031983  0.040822 -0.127431  0.00594  -0.01418
 -0.017617 -0.020917  0.013704 -0.055016  0.033011  0.010016]
[ -5.184435e-01  -6.455659e-01  -6.697005e-01  -6.146947e-01  -7.246925e-01
  -7.826044e-01  -1.450145e-01   2.041233e-02   3.070299e-02   1.696380e-02
  -1.485109e-02   1.308654e-01  -1.153605e-01   2.372861e-02  -6.994210e-02
  -9.476165e-02   5.422044e-04  -1.496317e-01   1.210228e-02   1.508682e-02]
[-1.175908 -0.701577 -1.14963  -0.691999 -1.045165 -0.602842 -0.038439
  0.031355  0.030441  0.02946  -0.040347 -0.009787 -0.034663 -0.035234
  0.015246 -0.125657  0.046147  0.010892  0.003488 -0.025313]
[-0.963213 -1.137653 -1.077554 -0.868536 -1.030439 -1.229727  0.072482
 -0.034493 -0.003601  0.053758 -0.129284  0.020675 -0.052008 -0.130698
 -0.008447 -0.083689  0.067523  0.119254  0.008694  0.063611]
[-0.858619 -0.926042 -0.953288 -0.728638 -0.739332 -0.773849  0.007591
 -0.013534  0.031904  0.015295 -0.043845  0.012011 -0.00474  -0.086231
 -0.04129  -0.034802  0.04126   0.029251 -0.030811 -0.022608]
[-1.247699 -0.744184 -0.85547  -0.816537 -1.086507 -0.463166 -0.030901
  0.116872 -0.08287  -0.166839  0.121164 -0.194551  0.080776  0.097515
  0.024821  0.151287 -0.051311 -0.027954  0.071392 -0.041067]
[-1.036715 -1.09068  -0.7444   -0.86625  -0.541404 -0.692124  0.158118
  0.030547 -0.077929  0.101432 -0.101974 -0.085871 -0.091023 -0.225819
 -0.084125 -0.01932   0.20928   0.060517  0.123082  0.05541 ]
[ -1.035627e+00  -9.357951e-01  -8.551988e-01  -9.634699e-01  -8.155412e-01
  -7.328559e-01   1.405272e-01   1.237450e-02  -4.201433e-03   3.157807e-02
  -3.302642e-02  -2.647579e-02  -1.333192e-01  -9.056688e-04   3.735248e-03
  -9.952057e-02   3.993989e-02   4.329354e-02   2.008772e-02   7.746265e-03]
[-1.094056 -1.13155  -0.997305 -0.924738 -0.837575 -1.031208  0.022617
 -0.087926  0.068872  0.020601 -0.061728  0.040039 -0.001909 -0.05065
 -0.009459  0.048697 -0.004699  0.033723  0.056501  0.010385]
[ -8.721748e-01  -7.358758e-01  -8.286303e-01  -6.591439e-01  -8.251983e-01
  -4.897972e-01   2.785215e-02  -4.262854e-02  -2.739444e-02   2.548084e-02
   8.582062e-02   1.662709e-02   4.580423e-02   5.508971e-02  -2.202314e-02
   7.922194e-04   5.450677e-02   9.286260e-02  -4.375712e-02   2.041446e-02]
[-0.992719 -0.918506 -0.835615 -0.844714 -0.659612 -0.568927  0.151501
 -0.042361  0.132325 -0.010263  0.081248  0.03025   0.030931  0.05264
  0.058703  0.086338 -0.057189  0.146292  0.014521 -0.012321]
[-1.012621 -0.74444  -0.840198 -0.939692 -1.126978 -0.880518  0.020418
 -0.103316 -0.053386  0.080084 -0.077621 -0.025316 -0.092463 -0.13418
 -0.16489  -0.063527  0.03303   0.030258  0.011457  0.005338]
[-0.865198 -0.875317 -0.769201 -0.723646 -0.551823 -0.637432  0.135905
 -0.005346 -0.028379  0.053629  0.022215 -0.042908  0.019352 -0.01456
 -0.02122   0.040137  0.078844  0.087242 -0.021321 -0.017316]
[-1.158613 -0.914642 -0.755211 -1.208069 -0.808883 -0.83019  -0.075056
  0.129292 -0.052538 -0.206278 -0.279746 -0.062618  0.146478 -0.17914
  0.177736  0.403171 -0.12431  -0.024434  0.040839  0.012567]
[-0.847812 -0.664878 -0.862397 -0.774503 -0.921184 -0.809874  0.0329
 -0.072758 -0.157814  0.02763  -0.109897 -0.119087 -0.027004 -0.06779
 -0.014351 -0.00731  -0.029171  0.021829 -0.018859  0.022825]
[ -1.036791e+00  -7.902053e-01  -8.024125e-01  -9.832542e-01  -9.285503e-01
  -7.563412e-01   7.457808e-03   1.100683e-01  -3.890839e-02   1.480460e-01
   1.113762e-01  -9.787518e-02  -1.059360e-01   1.571806e-01   7.406211e-02
  -1.287265e-01   1.224369e-01   1.272872e-02  -1.935228e-02  -1.514863e-04]
[-0.908104 -0.936796 -0.706606 -1.0051   -0.797078 -0.836584  0.006439
 -0.023666  0.011368  0.028915  0.050392  0.003861  0.081568  0.014188
 -0.042779  0.105985  0.045433 -0.075979 -0.109361 -0.017263]
[-0.916974 -0.92278  -0.938277 -0.862848 -0.686833 -0.866032 -0.064298
  0.030806 -0.012096  0.244626  0.043448  0.06132   0.103679  0.015405
  0.075743  0.126495  0.326309  0.009436 -0.061509  0.014304]
[-0.883693 -0.973151 -0.434027 -0.947061 -0.570821 -0.547109  0.005975
 -0.14596  -0.00427   0.047729 -0.335631 -0.038999 -0.15387  -0.34058
 -0.088926 -0.027542 -0.022467  0.054373  0.043561  0.002171]
[-0.927936 -0.819794 -0.918387 -0.748292 -0.890687 -0.924194 -0.003773
  0.071613 -0.00985   0.096087  0.021779 -0.002461 -0.02993   0.049548
  0.070518 -0.030672  0.088267  0.066166 -0.028318 -0.009611]
[-0.992094 -0.738494 -0.942087 -0.90506  -1.293853 -0.806908 -0.108989
  0.099923  0.083601 -0.054094  0.230393  0.159843 -0.215119  0.10914
  0.152223 -0.298401  0.009229 -0.190547 -0.045831 -0.007208]
[-0.89488  -0.878267 -0.683068 -1.153033 -0.798001 -0.852921  0.025012
  0.103834 -0.15843  -0.056919 -0.156913 -0.122148 -0.009638 -0.217392
  0.052964 -0.052276  0.043359  0.080149 -0.0043    0.023377]
[-0.897295 -0.708927 -0.67364  -1.06796  -0.828137 -0.979816  0.017724
  0.069494 -0.040012 -0.007949 -0.10815  -0.02267  -0.071765 -0.133164
  0.044817 -0.077425 -0.121595 -0.001262  0.036555  0.034151]
[-1.130043 -1.073071 -0.919704 -1.054777 -1.059217 -1.026076 -0.230994
  0.006455 -0.00808   0.095578 -0.002235 -0.105344 -0.024474  0.074997
 -0.046664 -0.046635 -0.036045 -0.056927  0.014048  0.02236 ]
[-1.022344 -0.499096 -0.726562 -0.640228 -0.81851  -0.393913  0.119581
  0.035219  0.03077  -0.097833 -0.123184  0.018709 -0.032296 -0.028046
  0.11726   0.04727  -0.073565  0.139668  0.016784  0.008143]
[-0.933961 -1.034182 -1.017495 -1.120364 -1.005656 -1.144154 -0.08528
  0.035472  0.089603 -0.064303  0.10352   0.024553 -0.027008  0.091654
  0.083836  0.019228 -0.051573 -0.118008  0.054759  0.041497]
[-0.793176 -0.624862 -0.77292  -0.555117 -0.773687 -0.696203 -0.057008
  0.140712  0.018691 -0.133885  0.03428   0.035615 -0.006851  0.092666
  0.140761 -0.047719 -0.103638 -0.070684 -0.098273 -0.038926]
[-0.882287 -0.725235 -0.662982 -0.832246 -1.091116 -0.813351 -0.111958
  0.146224 -0.004279 -0.086818  0.129638 -0.009016 -0.112471  0.086377
  0.162966 -0.11068  -0.145167 -0.151019 -0.04011   0.013357]
[-1.0029   -0.790052 -0.774544 -0.905376 -0.853592 -0.874833  0.015175
 -0.019849 -0.049242 -0.045228  0.049706 -0.058534  0.10257  -0.006448
 -0.028486  0.119481 -0.165197 -0.01864   0.027414 -0.050818]
[ -8.843065e-01  -9.271726e-01  -8.132925e-01  -9.033631e-01  -8.296697e-01
  -8.947499e-01  -7.800125e-03   4.121885e-02  -5.722471e-03  -6.578432e-02
  -4.551545e-03  -1.888599e-02  -3.184900e-02  -5.172146e-03  -1.441083e-02
   9.875748e-03  -7.031614e-02  -4.146439e-02   6.841270e-05  -5.110814e-03]
[-1.005601 -0.930044 -0.869655 -0.877014 -0.850046 -0.846681  0.026415
  0.048855  0.038774 -0.036096  0.067737  0.003545  0.022192  0.06805
 -0.020214 -0.010807  0.023641  0.046593  0.020673 -0.026713]
[-1.022008 -0.864675 -0.944438 -0.810431 -0.954489 -0.83608   0.124189
  0.099066 -0.064025  0.134395 -0.07184  -0.035558  0.005012  0.003232
  0.108269 -0.131484  0.192073  0.113293 -0.032699 -0.022096]
[-1.229746 -1.18841  -0.863838 -0.920992 -0.770554 -0.782926 -0.041244
  0.045379  0.005765  0.125072  0.077894  0.007353  0.01004  -0.022342
  0.011337 -0.081609  0.10836  -0.027565  0.019653 -0.022473]
[-1.077402 -0.992588 -0.963471 -0.910467 -0.880699 -0.800765  0.016262
  0.038472 -0.039317  0.046663  0.052211 -0.078807  0.077969  0.062673
  0.01082   0.08676   0.083263  0.049548 -0.037731  0.010947]
[-1.046141 -1.059424 -0.839394 -0.90332  -0.921418 -0.85463   0.050266
  0.051074 -0.033929  0.01693   0.070119 -0.081322 -0.096771  0.076184
  0.032033 -0.119233  0.066595  0.075771  0.098588 -0.004997]
[-1.041573 -0.734688 -0.68534  -0.820945 -0.881884 -0.637721  0.034099
  0.0725   -0.074422  0.064055  0.084237 -0.024237 -0.005831  0.037781
  0.067282 -0.005369  0.049417  0.018146  0.030354 -0.013756]
[ -1.089586e+00  -1.112746e+00  -1.157526e+00  -9.513281e-01  -1.049756e+00
  -1.117237e+00   1.178505e-01   1.574674e-02  -5.257621e-03   5.954326e-02
  -1.539275e-01   8.502458e-04   1.132666e-01  -7.046067e-02  -7.559299e-02
   7.358150e-02   6.681576e-02   1.720197e-01  -7.670949e-04  -4.222794e-02]
[ -5.539523e-01  -1.039529e+00  -7.717310e-01  -7.199872e-01  -4.668990e-01
  -8.679097e-01  -2.724059e-02   1.113665e-01  -9.429685e-02   7.969332e-02
   5.572647e-02  -8.466089e-02   1.776981e-02   4.055386e-04   6.106905e-02
  -1.989911e-02  -6.371719e-03  -1.073646e-01   3.863072e-02   3.450184e-02]
[ -1.120614e+00  -1.091592e+00  -9.111600e-01  -1.013089e+00  -9.041226e-01
  -1.029217e+00  -2.462703e-03  -3.602665e-02   1.011831e-03   7.173629e-02
  -1.106898e-02  -1.659910e-02  -1.723615e-01  -4.684376e-02  -3.788947e-02
  -1.082423e-01   4.040306e-02   1.768715e-02  -2.409528e-02  -1.386961e-02]
[-1.307113 -1.264198 -1.066722 -1.013979 -0.735376 -0.769565  0.050527
 -0.093722  0.049179  0.028927  0.117057  0.065387  0.01884   0.079834
 -0.074869  0.044557 -0.017077  0.042987 -0.043932 -0.018545]
[-0.679143 -0.935588 -0.606373 -0.823488 -0.527034 -0.776019  0.038825
 -0.072927 -0.014263 -0.091749 -0.034324 -0.028517  0.059602 -0.067777
 -0.066836  0.078228 -0.082852  0.024257  0.04517  -0.002362]
[-1.016069 -0.830678 -0.805279 -0.845608 -0.607479 -0.698895 -0.045204
  0.046883 -0.008379  0.074022  0.04024  -0.031289 -0.071487 -0.059479
  0.068198 -0.0777    0.003864  0.044807 -0.028489 -0.01376 ]
[-0.810577 -0.819664 -0.778167 -0.818361 -0.647011 -0.884728 -0.048926
  0.049167  0.088911 -0.055558 -0.037546  0.129198 -0.07405  -0.054408
  0.066051 -0.069373 -0.167169 -0.002897 -0.036668 -0.001582]
[-0.988438 -0.626994 -0.767464 -0.826477 -1.031116 -0.732279  0.03862
  0.071172  0.009716 -0.062897 -0.030762  0.058532  0.018841  0.009984
  0.030607 -0.086056 -0.068874 -0.030673  0.03795  -0.01    ]
[-0.8622   -0.767313 -0.803372 -0.904294 -0.893554 -0.837524  0.045658
 -0.03819   0.104104 -0.042933  0.017109  0.084971  0.002043  0.001796
 -0.027673  0.05074  -0.047824  0.080341  0.045368 -0.01448 ]
[ -9.430442e-01  -8.697208e-01  -1.182959e+00  -7.207258e-01  -9.733506e-01
  -8.421976e-01  -2.460247e-02   3.426666e-02   1.319703e-02   3.789016e-02
   1.390441e-01   1.619448e-02  -5.330609e-02   1.251698e-01  -3.223462e-04
  -1.269148e-01   1.976470e-02   5.628738e-02   1.498158e-02   1.957879e-02]
[-0.53842  -0.641526 -0.59473  -0.671736 -0.635053 -0.654625 -0.047612
  0.047038 -0.086653 -0.092116  0.024218 -0.086411  0.013542  0.012113
  0.051907 -0.015054 -0.02425  -0.038371 -0.022402  0.001896]
[ -8.150761e-01  -7.947839e-01  -6.965602e-01  -8.575245e-01  -6.830889e-01
  -6.590358e-01  -4.604609e-02  -7.074033e-02   9.046138e-03   8.221112e-02
   9.740234e-03  -1.042264e-02   2.091567e-02  -1.805673e-03  -6.313469e-02
   1.256800e-02   8.050841e-02   2.217684e-02   1.419163e-04   1.397777e-02]
[ -9.599268e-01  -8.294587e-01  -6.681539e-01  -8.173971e-01  -5.851629e-01
  -5.415749e-01   5.256546e-02  -2.360074e-02  -7.725658e-02  -1.396771e-01
  -1.440063e-01   3.849895e-02  -6.877726e-02  -1.012782e-01   6.002454e-04
  -7.939124e-02  -2.404705e-01   1.059284e-01   5.953257e-04   1.805839e-02]
[-1.010022 -1.091792 -0.692369 -1.131882 -0.702557 -0.755032  0.070443
 -0.074025  0.022374  0.038176 -0.086211  0.025913  0.08046  -0.039283
 -0.049099  0.107295 -0.005748  0.079548  0.052405 -0.041338]
[-0.952825 -0.944409 -0.78     -0.960428 -0.822155 -0.87066   0.023986
  0.047576 -0.092414  0.008223 -0.027728 -0.076725 -0.048551  0.03097
  0.093236 -0.016224  0.02898  -0.042799  0.015836  0.036813]
[-0.779973 -0.797712 -0.856525 -0.75439  -0.760195 -0.920021  0.122402
  0.070876 -0.023298 -0.016615  0.007547 -0.039052  0.051781 -0.017653
  0.090441  0.08825  -0.003814  0.158738  0.033328 -0.007461]
[-0.717779 -0.729108 -0.665661 -0.743139 -0.778207 -0.932736 -0.057021
  0.147724  0.119307  0.025669 -0.099272  0.214008  0.15245  -0.085778
  0.174498  0.13697   0.091149 -0.119011 -0.07819  -0.047724]
[-0.884903 -0.809104 -0.782743 -0.690407 -0.666382 -0.599577 -0.07787
  0.034925  0.027668  0.024663  0.036299 -0.033307  0.028814  0.045726
  0.048665  0.057782  0.106389 -0.071108  0.016237  0.016199]
[-0.910958 -0.852081 -0.76872  -0.796596 -0.739243 -0.8155    0.056527
  0.030759 -0.031515  0.032587 -0.022907  0.007162  0.002586 -0.006253
  0.043429  0.047361 -0.027458  0.133191  0.012283 -0.014941]
[-0.845311 -0.753521 -0.865936 -0.667396 -1.141142 -0.806544  0.090596
 -0.054652  0.03505  -0.170015 -0.019149  0.058297  0.083354 -0.009602
 -0.089999 -0.028067 -0.132875 -0.00345  -0.003597 -0.043487]
[-0.858992 -0.942416 -0.900598 -0.778392 -0.74095  -0.886219  0.006225
 -0.086274 -0.088326  0.218883 -0.027405 -0.059777 -0.070663 -0.065339
 -0.102733 -0.028235  0.218199  0.021613  0.065165 -0.035547]
[-0.977112 -1.220954 -0.765859 -0.95778  -0.700768 -0.882826  0.031122
  0.03026   0.012341  0.099308  0.013157  0.064555 -0.034464 -0.039452
  0.034019 -0.086595  0.106445  0.043717 -0.054923  0.030698]
[-0.751007 -0.988529 -0.79416  -0.786709 -0.54427  -0.704576 -0.1001
  0.105949  0.023793  0.164569  0.117039  0.021294 -0.285765  0.111466
  0.088831 -0.151736  0.135696 -0.036097  0.069721  0.086229]
[-0.918578 -0.969581 -1.073974 -0.949092 -0.859709 -0.953777 -0.021167
  0.06794  -0.060652 -0.121884  0.164731 -0.082492  0.041137  0.055753
  0.201115 -0.057027 -0.037139  0.001267  0.048322  0.001903]
[-1.104413 -0.897361 -0.728322 -0.974463 -0.871184 -0.781689  0.057041
  0.001235  0.005383  0.062875  0.161671  0.054784 -0.023013  0.174066
  0.038746 -0.008318  0.029862  0.081241 -0.007509  0.021931]
[ -9.449802e-01  -9.575457e-01  -8.356662e-01  -8.467554e-01  -7.764331e-01
  -7.549475e-01   1.894079e-02  -4.014755e-02   1.020337e-01  -1.814253e-02
  -5.233984e-05   1.761958e-02  -8.484052e-02   1.085586e-01  -7.521424e-02
  -6.867580e-02   4.949574e-02  -8.713753e-02   5.855073e-03  -1.328931e-02]
[-1.046134 -1.213824 -1.084252 -0.847937 -0.906252 -1.199891 -0.037758
  0.109615 -0.039715 -0.096315  0.141738  0.004757 -0.090198  0.080186
  0.045282 -0.037553 -0.10361   0.021401 -0.001238  0.019907]
('Mean', 1, ': ', -1.0461339320586198)
('Median', 1, ': ', -1.0461339320586198)
('Variance', 1, ': ', 0.0)
('Mean', 2, ': ', -1.2138244976281263)
('Median', 2, ': ', -1.2138244976281263)
('Variance', 2, ': ', 0.0)
('Mean', 3, ': ', -1.0842515090285945)
('Median', 3, ': ', -1.0842515090285945)
('Variance', 3, ': ', 0.0)
('Mean', 4, ': ', -0.84793685946621922)
('Median', 4, ': ', -0.84793685946621922)
('Variance', 4, ': ', 0.0)
('Mean', 5, ': ', -0.90625224525727155)
('Median', 5, ': ', -0.90625224525727155)
('Variance', 5, ': ', 0.0)
('Mean', 6, ': ', -1.1998907088072925)
('Median', 6, ': ', -1.1998907088072925)
('Variance', 6, ': ', 0.0)
('time: ', 8584.340939998627)
