“Running plot script on a single CPU core”
[ 0.31391   0.254444  0.237069  0.04506   0.244299  0.098719  0.242546
 -0.472925  0.313546  0.178452  0.282017  0.331861  0.248705 -0.037048
 -0.877772  0.216255 -0.319106 -0.981132 -0.308663 -0.230581]
[ 0.272298  0.052824 -0.132539  0.274918  0.331351 -0.754675 -0.53168
 -0.139834  0.309231  0.146057  0.073599 -0.323552  0.309194  0.111216
  0.32443   0.230007 -0.043916 -0.078408 -0.313727  0.331531]
[-0.810441 -0.133271 -0.267059  0.012134  0.329396 -0.401295 -0.489039
 -0.152978 -0.257995 -0.870563 -0.040658  0.176507 -0.02998   0.330551
 -0.375811  0.095845  0.331497 -0.06377   0.010137 -0.997836]
[ 0.144796 -0.123438 -0.962998 -0.97881  -0.24282   0.328486  0.270399
  0.288385  0.320299  0.221775 -0.886475  0.162051  0.059738 -0.028424
 -0.93619   0.248039  0.327957  0.283708  0.268651  0.27112 ]
[-0.766206 -0.91348   0.224235  0.096156  0.231006  0.063744  0.332593
  0.150961  0.322768 -0.507296 -0.17979   0.308198  0.328585  0.248531
  0.280276  0.311449  0.303004  0.21769   0.29656   0.127829]
[ 0.144558  0.113156  0.302741 -0.495873 -0.039579 -0.960038  0.252953
  0.260519 -0.187723 -0.292397  0.33294  -0.824055 -0.354846  0.200707
 -0.161313 -0.564888 -0.554634 -0.873796 -0.084435  0.02586 ]
[ 0.309979  0.323468  0.29593  -0.323166  0.263622  0.312248  0.33017
  0.215631  0.320921 -0.143736 -0.21316   0.322282 -0.093365  0.088666
  0.332085  0.326979  0.237671  0.33296   0.101244  0.249204]
[ 0.256508 -0.440143  0.2013    0.146716  0.035555 -0.5505   -0.764414
  0.319713  0.258487 -0.606737 -0.187505  0.161441  0.333052  0.308088
  0.311008  0.270587  0.310499  0.307098 -0.761191  0.329464]
[ 0.135088 -0.362264  0.268972  0.170798  0.157684 -0.697991  0.279254
 -0.237798 -0.256612  0.332953  0.329071  0.111663  0.303848  0.333003
  0.320289 -0.573626  0.296599  0.206991 -0.636867 -0.714497]
[ 0.315905  0.26348   0.306991 -0.021987  0.151258  0.331227 -0.975707
  0.090093  0.331445  0.157817  0.330675  0.283167  0.032239 -0.404278
  0.202772 -0.658803 -0.018961  0.311276  0.307193 -0.362191]
[ 0.306087  0.238882  0.138913  0.209471  0.209832  0.329269  0.083268
  0.317846  0.007321 -0.992319  0.287878  0.189732  0.332215  0.151126
 -0.015998  0.109874  0.194347  0.304963  0.155263 -0.761113]
[-0.650435  0.296771  0.030188  0.195965 -0.712476  0.291896  0.141798
  0.299763  0.303749  0.300056  0.28684   0.199146  0.045015  0.304668
  0.263466 -0.998939  0.026946  0.188647  0.018265 -0.881696]
[ 0.027287 -0.9999   -0.632498  0.277069 -0.31106   0.290262 -0.148548
  0.313929  0.122478  0.224089  0.136359 -0.536733  0.329326  0.31384
 -0.347673 -0.492214 -0.769383  0.105183 -0.406314 -0.946153]
[ 0.219304  0.257184  0.249936 -0.484323  0.332761  0.136439 -0.458152
  0.331115 -0.27949   0.019501  0.273985  0.16171   0.317414 -0.106741
 -0.899577 -0.244943 -0.481055  0.178394  0.264407  0.07175 ]
[-0.69677  -0.070469  0.061113  0.330597 -0.163425 -0.556271 -0.866514
  0.318119  0.29763   0.257748  0.041502  0.328753  0.142161  0.125005
  0.332396  0.311398 -0.884089  0.186963  0.333333  0.161714]
[ 0.289875 -0.279255 -0.101486  0.277482  0.301267 -0.136868  0.305626
 -0.191181 -0.231611  0.118042  0.149912 -0.24047   0.328061  0.192212
 -0.091354  0.328205  0.316385 -0.54161   0.197088  0.311106]
[  2.179864e-01   1.652964e-01   2.802537e-01   1.374292e-01   2.298244e-01
   3.238028e-01  -7.446641e-04   7.808778e-02   2.464178e-01   2.799653e-01
   3.273110e-01   3.196433e-01  -7.081522e-02   4.597490e-02   1.124379e-01
   3.137746e-01  -9.751900e-01   3.179369e-01   1.118791e-01  -7.898515e-02]
[-0.519709  0.269102 -0.804828  0.328529 -0.145611  0.315994  0.31456
  0.089977  0.32751   0.101762  0.038697  0.025255  0.050677  0.304488
  0.1393    0.333333  0.260555 -0.398735 -0.383765 -0.710042]
[ 0.314244  0.333084 -0.989328 -0.787851 -0.283413 -0.445886 -0.218254
 -0.673211  0.290785  0.285488  0.102495  0.312633 -0.669776  0.259674
 -0.963701  0.299124  0.119449 -0.823492  0.279967  0.331783]
[ 0.322033 -0.0296    0.24811   0.215851 -0.497211  0.246027 -0.813903
 -0.212363  0.280115  0.058572 -0.194451 -0.28809   0.128774 -0.129124
  0.32687   0.324149  0.015286  0.167584  0.097919  0.333179]
[ 0.150091 -0.933252  0.246277  0.162194  0.275884 -0.715756 -0.051293
 -0.810607  0.301601 -0.005306 -0.918926  0.331006  0.316973  0.121077
 -0.060321 -0.62116   0.094763 -0.123338 -0.600179  0.136511]
[-0.783286  0.29474   0.320005  0.277647 -0.249207 -0.092019  0.327602
 -0.210246 -0.14588  -0.821369 -0.124552  0.308816  0.173205  0.33227
  0.065395  0.33221   0.203871  0.326841  0.296312  0.184941]
[-0.450895 -0.126869  0.237834  0.268918  0.279605  0.332722 -0.527538
 -0.357555  0.272417 -0.180078  0.160878  0.332173 -0.240987  0.111014
  0.233677 -0.634526  0.225412 -0.802747  0.256274  0.325337]
[-0.038593  0.301312 -0.689594 -0.818417  0.322956  0.307593  0.14135
  0.296818 -0.029397 -0.092534 -0.910376 -0.990893  0.273959  0.00287
  0.203212  0.176936  0.133752 -0.174906  0.32019   0.309677]
[-0.53295   0.31443  -0.226615 -0.018493 -0.044053  0.2517   -0.76647
  0.296088  0.332957  0.324636  0.271314  0.313591 -0.633793 -0.486441
  0.254535  0.113542  0.199044  0.331283  0.319869  0.32739 ]
[  3.125067e-01   5.824845e-03  -2.179079e-01   3.117151e-04   2.504926e-01
  -8.181205e-02   9.926048e-02   3.145276e-01   1.821904e-01   1.405820e-01
   3.333019e-01   3.257086e-01   3.330869e-01   3.332045e-01   1.952757e-01
   3.280097e-01  -7.297272e-02   3.317097e-01   3.180163e-01   2.071273e-01]
[ 0.238361 -0.97766  -0.98091  -0.997668  0.072922 -0.967799  0.315045
  0.319499  0.234101  0.333323  0.275882  0.330282 -0.886893  0.290832
  0.299532 -0.915508  0.004846 -0.961861  0.21917   0.024593]
[ 0.327418  0.2238    0.082177  0.251662  0.076495  0.204233  0.296139
  0.269542 -0.946408  0.285106 -0.044632 -0.45453   0.181307 -0.071971
  0.144778 -0.999182  0.32898   0.333046  0.185476  0.29609 ]
[-0.945802 -0.866597  0.016567  0.065305 -0.509331 -0.152713 -0.8077
  0.269315  0.286731  0.288307  0.257661 -0.679519  0.295067  0.242402
  0.322101 -0.282908  0.224407 -0.117707 -0.054254 -0.145669]
[ 0.307395  0.076602  0.260346 -0.01969  -0.436876  0.249386  0.259906
  0.318014  0.248177 -0.156443 -0.055394 -0.270226  0.306014  0.33181
 -0.847221  0.132724  0.322468  0.224728 -0.999955 -0.052436]
[-0.14341  -0.173692 -0.628485 -0.458943 -0.960151  0.327189  0.240574
 -0.117265  0.227601 -0.913217 -0.735011  0.160503  0.209441  0.321253
  0.300422  0.328359  0.319818 -0.613273 -0.207973  0.310022]
[  3.329949e-01  -1.146837e-01   3.013358e-01   2.587046e-01   6.189375e-02
  -6.618828e-01  -2.636060e-01   1.133017e-01   3.329408e-01  -3.644544e-01
   2.172942e-01  -3.242523e-01  -1.920606e-01   7.606645e-02  -9.266005e-01
   1.790020e-01   3.295506e-01   6.056704e-05   3.312268e-01   3.275938e-01]
[-0.153019  0.320748  0.333193  0.316557  0.299607  0.275177  0.214184
 -0.880678  0.32976  -0.625906  0.316876  0.053904 -0.940559  0.322096
  0.303717 -0.847129  0.191843  0.261278  0.176607 -0.173331]
[ 0.306539  0.027805 -0.259788  0.274637  0.051881  0.332885  0.094203
 -0.157572  0.333332 -0.246165  0.33321   0.152693  0.299891  0.326644
  0.274174  0.33333  -0.045678 -0.143165 -0.194002  0.175611]
[-0.180632  0.278198 -0.008871  0.274574  0.039888 -0.037693  0.038501
  0.286054 -0.984699  0.166611  0.333192 -0.91958  -0.989049 -0.07863
  0.318108 -0.323324 -0.46707   0.329    -0.787329  0.326557]
[ 0.3294   -0.489441 -0.961823 -0.361922  0.318684 -0.053274  0.301788
  0.100716  0.331116  0.271323 -0.581674  0.177619  0.204434 -0.867387
  0.328011 -0.317799 -0.964823  0.082163  0.331466 -0.016584]
[ 0.115239  0.271082  0.323356 -0.259434  0.319126 -0.658634 -0.185285
  0.317673  0.048938  0.224846  0.333312 -0.948672  0.333286 -0.991263
  0.320376 -0.690622  0.252316 -0.955641 -0.482553  0.333047]
[ 0.310453  0.022854  0.075157 -0.122021  0.318609  0.297676 -0.565838
  0.332759 -0.92342   0.331565 -0.6501    0.019104 -0.978392 -0.733733
  0.322349  0.096035  0.288145  0.331882  0.318985 -0.217652]
[ 0.169792  0.001368  0.318773  0.244407  0.29797   0.297067 -0.555786
 -0.997294 -0.308019 -0.122749  0.331818  0.164488  0.292152 -0.04432
  0.266098  0.109378 -0.05036  -0.804993  0.325507 -0.077072]
[ 0.272909 -0.781396 -0.054778  0.244228  0.214008 -0.404733 -0.072248
  0.276633  0.233189  0.241823 -0.402845 -0.320529  0.331367  0.319192
 -0.021171  0.326754  0.263145  0.317433  0.332792  0.322159]
[-0.127753  0.324695  0.231058  0.052861  0.205442 -0.873216  0.322933
 -0.287438  0.156911 -0.148062  0.136779  0.039679  0.323412  0.25136
 -0.869953 -0.75785   0.010152 -0.345932 -0.72232   0.329069]
[-0.104697  0.006365 -0.7328    0.320945  0.047387  0.325074 -0.71698
  0.207643 -0.226478  0.060303  0.316999 -0.986553  0.277202 -0.025057
 -0.559965  0.217511 -0.490425 -0.090965  0.300552  0.102089]
[ 0.301046 -0.753805  0.328209  0.295236 -0.723513  0.309751 -0.999958
  0.140288  0.056426  0.291704 -0.671352  0.146505  0.331883  0.019262
 -0.751397  0.331009 -0.256505  0.330427 -0.70654   0.300548]
[-0.863927 -0.546316  0.304376  0.149264  0.168687  0.307671  0.333156
 -0.504781  0.288575  0.244532  0.186421  0.294522 -0.147172  0.330374
  0.331526  0.238381 -0.969886  0.298933  0.309929  0.162135]
[-0.041403  0.036201 -0.058777 -0.924064 -0.93788  -0.117571 -0.326973
 -0.425776  0.285058  0.251106 -0.578825  0.062452  0.242219 -0.581729
  0.33332  -0.920292  0.224161 -0.334765  0.251444  0.16544 ]
[-0.015403 -0.348401 -0.214344  0.329241  0.166388 -0.340563 -0.059592
 -0.098518  0.105346  0.33167  -0.555249  0.080183 -0.828757  0.151015
  0.142827  0.073249 -0.160966 -0.500187  0.330318  0.329205]
[-0.708263  0.331692  0.305723  0.202549 -0.179225 -0.289056  0.184557
  0.273094 -0.595964 -0.581423  0.265033  0.333079  0.249403  0.326266
 -0.483016  0.331834 -0.967709  0.03769   0.310692 -0.680343]
[ 0.293359  0.282301 -0.67255   0.29963  -0.935844  0.31767   0.067809
 -0.060633  0.089611 -0.346463  0.147997 -0.053914  0.197768  0.309892
  0.24442   0.206444 -0.429702  0.328467  0.02159  -0.465572]
[-0.122149 -0.989704  0.326591  0.110815  0.310044  0.333012  0.149198
  0.19915  -0.228881 -0.985843  0.331882  0.018486 -0.730863  0.187141
 -0.296242 -0.267604 -0.127304  0.25858   0.237566  0.21243 ]
[-0.111208  0.225611  0.288353  0.331886  0.316944 -0.616833  0.025794
 -0.904543  0.332498  0.330293 -0.238982  0.329309 -0.463036  0.297872
  0.313578  0.01038  -0.546106  0.329933 -0.109263  0.083891]
[ 0.215892 -0.045889 -0.291151  0.121975  0.302644 -0.082021  0.150482
  0.281747 -0.108789  0.302373  0.309686  0.333244  0.165325  0.237476
  0.28025  -0.110734  0.15832   0.013095 -0.028152  0.333333]
[-0.436487  0.2866   -0.020835  0.326856 -0.830358  0.320025 -0.655861
  0.328281 -0.017197 -0.888486 -0.838782 -0.387838 -0.030061 -0.764926
  0.299121  0.332865  0.331828  0.065629  0.191044 -0.543208]
[-0.298287  0.223373 -0.688489  0.32267   0.187325  0.331541  0.26422
  0.077049  0.011332  0.296777  0.248929  0.182166  0.309082  0.200636
  0.210477 -0.813306  0.128196 -0.692212 -0.210126  0.329288]
[ 0.105082 -0.994783  0.333274  0.309731  0.013671  0.038466  0.296115
 -0.089446  0.331064  0.330709 -0.862166  0.273035  0.096302  0.332113
  0.329838  0.331715  0.197826  0.329015 -0.175663 -0.447551]
[ 0.331705  0.333255 -0.621262  0.016428  0.306563 -0.533064  0.302185
 -0.902696  0.331886  0.240149 -0.016508 -0.656078 -0.99956  -0.22462
 -0.677287 -0.816166  0.286501 -0.975783  0.297224  0.258353]
[-0.061484 -0.641261 -0.393349  0.332412 -0.474242  0.246887  0.252666
  0.292765  0.085362 -0.110627  0.299026  0.250702  0.231654  0.323
  0.291518 -0.515118  0.232022  0.252482 -0.085626  0.1928  ]
[ 0.308211  0.331444 -0.987936 -0.313243  0.318741 -0.285241  0.322988
  0.239957  0.295339  0.239757  0.262004  0.253629  0.326267  0.331385
  0.288851 -0.669824  0.305988  0.326156  0.228074  0.318241]
[-0.148543 -0.455325 -0.435339  0.017769  0.309253 -0.626011 -0.115626
 -0.1267    0.14696   0.304169 -0.225589  0.332694  0.226045  0.177373
 -0.498908 -0.880415  0.331244  0.332077  0.251731 -0.282694]
[ 0.283344  0.265479  0.322067 -0.232442 -0.332734 -0.30008  -0.877136
  0.328176  0.302888  0.236393 -0.457493  0.307767  0.313189  0.333214
  0.328599  0.331916  0.304677 -0.557271  0.208387 -0.117273]
[ 0.093077  0.027046  0.103891  0.211922 -0.942771  0.069653  0.251309
  0.109974 -0.817133  0.29615   0.009972 -0.254151  0.311848  0.056357
 -0.743976 -0.443441  0.284455 -0.523458  0.256555  0.170167]
[-0.831313 -0.053296 -0.294084 -0.693223 -0.684064  0.009502  0.305996
 -0.376342  0.242046 -0.387528  0.325916  0.2839    0.207809  0.328831
 -0.66302  -0.371129  0.056354 -0.179707 -0.989746 -0.048809]
[ 0.224564  0.236955  0.145202 -0.861067  0.105319  0.299184  0.311722
  0.254678  0.198637  0.311227  0.303501 -0.538061 -0.232564  0.13315
 -0.90007  -0.097554  0.212628  0.327425 -0.17135   0.057753]
[-0.035081  0.182028  0.317486  0.304368  0.071843 -0.335527  0.326894
  0.333127  0.270652  0.038682  0.324354 -0.172797  0.194022  0.26193
  0.325361 -0.228164 -0.141275  0.252502  0.208418  0.324533]
[ 0.167898 -0.1492   -0.075034 -0.727512  0.291498 -0.263467  0.324895
  0.326907  0.326426  0.269559 -0.236477  0.333194  0.159623  0.331028
 -0.168728  0.291362  0.333184  0.079265 -0.509805  0.091363]
[ 0.328174  0.323793  0.323118  0.306272 -0.366821  0.331289  0.328446
  0.299314  0.279554  0.314839  0.286558  0.097898 -0.126492  0.313692
 -0.06592   0.113517  0.289527  0.314559  0.158369 -0.056874]
[-0.711138  0.017415  0.332785 -0.999818 -0.005606  0.30183  -0.079732
  0.058937 -0.18706   0.329012  0.254178  0.331458  0.301787  0.031941
  0.330122  0.239582 -0.365437 -0.891208 -0.089697 -0.211757]
[ 0.329963  0.295033  0.280268  0.304048  0.250892  0.327003 -0.127198
  0.332165  0.33053   0.242159 -0.056501  0.294268 -0.991094  0.276764
 -0.585336 -0.382661  0.207174  0.329809 -0.101432 -0.500515]
[-0.263698  0.114492  0.179953 -0.166117  0.110245  0.292621 -0.131894
 -0.942123  0.312928  0.216618 -0.213756  0.296951 -0.40653  -0.080304
 -0.819636  0.306346 -0.290292 -0.088845 -0.041327  0.288248]
[ 0.32578   0.161094  0.082737  0.30747  -0.999937 -0.66474   0.246038
  0.299616 -0.994312  0.003552  0.331179 -0.216097  0.270612 -0.815432
  0.329249  0.160466  0.214749  0.296051  0.280492  0.331572]
[ 0.311357  0.332291 -0.998654  0.327452 -0.006191  0.317202  0.070429
  0.234131  0.266509 -0.207552  0.333299  0.273409 -0.336549  0.225223
 -0.46143   0.247173  0.308048 -0.858012  0.255592  0.308972]
[ 0.085311  0.240091 -0.211597  0.294814  0.11782   0.285134 -0.711808
  0.134386  0.243337  0.322194  0.318983  0.252998  0.155619 -0.014866
  0.012275 -0.157829  0.023952  0.302099 -0.899275 -0.118055]
[ 0.123254  0.034491 -0.208138 -0.666051  0.257945  0.069893 -0.202648
 -0.999085  0.332791  0.329935  0.046763  0.233346 -0.803165  0.050887
 -0.340661  0.299026  0.279656  0.307772 -0.286765  0.311049]
[ 0.287589  0.259585  0.223784 -0.941388  0.243731  0.282862  0.09722
  0.181811  0.266641  0.330414  0.324958  0.332031  0.282497 -0.314654
 -0.279282  0.30419   0.282396  0.181251  0.162174  0.320736]
[-0.412684 -0.955585 -0.166789  0.224457  0.299274 -0.144242  0.333043
 -0.765083 -0.713582 -0.349193  0.026429 -0.591617 -0.999038 -0.440995
  0.192568  0.329855  0.320357  0.33301  -0.679121  0.227737]
[-0.958405  0.124584 -0.413488  0.309074 -0.999051  0.333332 -0.14508
  0.30265  -0.434922  0.275752  0.101519  0.31223  -0.006014  0.30136
  0.325195  0.33275  -0.239375  0.314172 -0.212279  0.076124]
[-0.996106 -0.970171  0.333305  0.213456  0.292177  0.059627 -0.365407
  0.302542  0.274571 -0.505176  0.323872  0.205784 -0.142403  0.306171
 -0.99499  -0.897196  0.330818  0.313219  0.249794  0.324613]
[-0.798683  0.295738  0.216312  0.143114  0.328554  0.323997 -0.533827
 -0.990554  0.26831   0.332324  0.272239 -0.372182 -0.261063 -0.210045
  0.283955 -0.749224 -0.086147 -0.904799 -0.011239  0.159903]
[ 0.314207  0.218487  0.053361 -0.965682  0.239111  0.303757 -0.983906
  0.315069  0.234932  0.333015  0.294872  0.243892  0.31806   0.31867
  0.118342  0.331296 -0.998004  0.333226 -0.983176  0.331723]
[-0.949103  0.292622 -0.030533  0.236313 -0.997214  0.311987  0.330891
 -0.473828 -0.022042  0.234762  0.204052 -0.099363 -0.260418  0.328292
  0.331072  0.012369 -0.473174  0.327901  0.0615   -0.106263]
[ 0.174751 -0.901985 -0.040161  0.016062  0.214222  0.137095  0.263886
 -0.111784  0.005725  0.033221  0.278613  0.2894    0.250311  0.304874
  0.063711  0.275014  0.314772  0.333214 -0.881433  0.188966]
[-0.425605 -0.114054 -0.273658  0.12045   0.31936   0.228109  0.33294
  0.214992 -0.8501   -0.925661 -0.516512  0.092119  0.322102 -0.110649
 -0.178389 -0.539164  0.09434   0.138258  0.322524 -0.243128]
[ 0.29854   0.22124   0.314663  0.066886  0.175226 -0.006368  0.326675
  0.196158  0.323508  0.332099 -0.99988   0.161177 -0.986397  0.331753
  0.292255 -0.581812 -0.998928  0.309351  0.244589  0.30427 ]
[ 0.230631  0.068835  0.316012  0.148567  0.211858 -0.156446 -0.306302
  0.295829  0.248478  0.331356  0.316346  0.333305 -0.01836  -0.814619
  0.105611  0.332782  0.100634 -0.450545 -0.196068  0.300277]
[-0.034157  0.138733  0.323795  0.131642  0.329164  0.252863  0.091535
  0.188402 -0.197439  0.204004  0.302886  0.22512   0.173058  0.12908
 -0.44676   0.305312 -0.669996  0.23912   0.299898  0.063842]
[ 0.297425  0.317615  0.159319 -0.150594 -0.132518  0.329254 -0.267875
  0.333312 -0.277777  0.24967  -0.996039  0.32985  -0.205353  0.117139
  0.179249 -0.894609  0.265447  0.332018 -0.477876 -0.251559]
[ 0.085202 -0.427682 -0.002714  0.324116 -0.582284  0.333018  0.133168
  0.307786  0.243099  0.194824  0.319148 -0.993366 -0.336659  0.333141
  0.232695 -0.997521 -0.969063  0.028534 -0.305524  0.306267]
[ 0.148175 -0.621052  0.132519  0.028279  0.009888 -0.266237 -0.309885
  0.201158  0.25142  -0.272115  0.044206 -0.252382  0.037472  0.285693
  0.251808  0.323706  0.290291  0.20488   0.327031 -0.139043]
[ 0.325272  0.165097 -0.247761  0.218747  0.297867  0.328701  0.274684
  0.329489 -0.048706  0.326972 -0.316305 -0.654156 -0.324899 -0.884188
  0.195351 -0.269101  0.332957 -0.104501  0.223556 -0.610378]
[ 0.192929  0.194799  0.074778  0.325257 -0.738649 -0.100253  0.319112
 -0.992367  0.332373  0.085526  0.333214 -0.14774  -0.878314  0.321115
  0.289268  0.294785 -0.038308  0.01568   0.154176 -0.814114]
[ 0.058875  0.076146  0.317541  0.29591   0.333249 -0.12175   0.174279
  0.29029   0.235168  0.13039   0.230123  0.312447  0.330029  0.291018
 -0.702582  0.319396 -0.988769  0.296951  0.212344  0.287825]
[ 0.331257  0.043758  0.270862  0.24765   0.244833 -0.635625  0.017058
  0.330275  0.31619  -0.153463 -0.718124  0.326761  0.103709  0.114986
 -0.999308 -0.253032 -0.64658   0.263101 -0.07325   0.284434]
[ 0.239431  0.330316  0.134731  0.289937 -0.963812  0.155911 -0.946886
  0.266281  0.325894  0.245367 -0.99967   0.163186 -0.963795 -0.559525
 -0.009705 -0.59646   0.332611  0.223177 -0.050957  0.333135]
[ 0.1563    0.173894 -0.374126  0.167674  0.169523  0.226875  0.007179
 -0.032312  0.23727  -0.976581  0.269888  0.173924  0.187432  0.331862
  0.106912  0.258314 -0.402287  0.217175 -0.072757 -0.574709]
[ 0.309557  0.32352   0.003848 -0.998569  0.072535  0.120269 -0.903596
  0.235011  0.325233  0.322087 -0.701943  0.312853  0.321191  0.330374
  0.293994  0.03199   0.25393   0.315919  0.085982  0.184003]
[ 0.330609  0.121844 -0.479465  0.021654 -0.885165 -0.211099  0.333203
  0.331128  0.113496 -0.132013  0.244276  0.283469  0.190282  0.077331
 -0.620615  0.188818  0.296281 -0.321115 -0.610077  0.167809]
[ 0.127556  0.169447  0.323321 -0.47935   0.182008  0.306059  0.278934
  0.330802 -0.737706  0.060875  0.311     0.234535  0.238974  0.329686
 -0.977055  0.209378 -0.001947  0.144918 -0.664754 -0.99854 ]
[-0.999132 -0.882732  0.306939  0.233784  0.301491  0.193978 -0.326193
 -0.564157  0.321368 -0.023624 -0.917644 -0.237643 -0.534145  0.194588
  0.118598 -0.402503 -0.785255  0.156741 -0.091908  0.304302]
[ 0.289579 -0.302241  0.267006  0.328513  0.085955  0.32834   0.267287
  0.333239  0.251174  0.315736 -0.335063  0.24029  -0.121669  0.275268
  0.309972 -0.308181  0.135407 -0.530746  0.019807 -0.547311]
[ 0.119462 -0.71863   0.315251 -0.341509  0.006917  0.277602  0.32573
  0.333278  0.31519   0.331696  0.181213 -0.090501  0.333333 -0.144823
 -0.227993  0.309686  0.291321  0.333141  0.32876  -0.730015]
[ 0.255075  0.186118 -0.958044  0.216422  0.306656  0.330723  0.328364
 -0.02601   0.240415  0.319249  0.276713  0.293279 -0.939005 -0.367065
 -0.979881  0.062954 -0.551146  0.318468  0.331633  0.14    ]
[0.0094461736691876519, 0.089106631420857701, -0.049808304101485401, 0.032377083935309053, -0.032056140389498666, -0.024062052965113601, -0.019838114447775279, -0.061723794628869122, -0.019283325699024134, 0.11217208607600984, 0.031014757189718245, -0.030657800443495753, 0.050095942761886766, -0.048647114754958948, -0.091071663196295005, 0.071438250957409494, 0.071831536927519535, -0.001418603056755563, 0.12461302380466099, 0.05250889580107504, 0.063978030933928023, -0.037646368154985788, -0.060932859457538679, 0.0075113224802500697, 0.023176843113008716, 0.004619941164771324, -0.030022469688794878, 0.029686818939170079, 0.013340840960701761, 0.030335068141336907, 0.010650104673300631, -0.040295513826638096, 0.0044179843018086751, 0.029599020853296465, -0.016957320904138984, -0.038197083226130801, 0.045054446555954003, 0.02449270603567022, 0.062028626539296833, 0.046027074996899897, 0.014541238099260084, -0.091521060072672272, 0.099985388604834052, 0.049594212640091562, -0.013736050410555294, -0.012720987610658964, 0.051901474992183783, 0.026934031089489052, -0.039029490864801397, 0.044048711976733768, 0.070129749376326461, -0.00097480824939222277, 0.0070245277502413717, 0.011391667625250179, 0.021517513762108198, -0.020375777065915243, 0.0072781019776830269, -0.0028089380171886225, -0.054418509509384039, 0.0086569372016590679, -0.006162229774085537, 0.053983455077069226, -0.0056735366584570839, 0.073195242046904224, 0.045819057473321212, 0.020932108611646183, 0.23103649919464508, 0.04264772049035831, -0.092338319156103521, 0.0710309642253035, -0.010240486555654404, 0.028158834793632459, 0.088481354603465318, -0.019668480054024162, -0.044260479395352159, 0.010347586993743607, 0.055846790969070081, 0.17331191865275361, -0.031072530919332819, 0.0089865532885375354, 0.00074243925686007239, 0.11272810758507074, 0.028597218506252853, -0.0024174129731687546, -0.11988684629221064, 0.030578331066523919, 0.011908695132038266, 0.04692030302462924, 0.025931885082349532, 0.020158709221521673, 0.052531025266655873, 0.11771541882441644, 0.027330175972836435, -0.041718761047005892, -0.043375586942260791, -0.035103483387392498, -0.042668513905812944, 0.039896629194482169, 0.0036781016561522606, 1.0876768396506087e-06]
('time: ', 17256.25546193123)
