“Running plot script on a single CPU core”
[-0.585979 -0.581997 -0.856206 -0.723115 -0.79269  -0.767504  0.063952
 -0.1814    0.12491  -0.038791  0.082455  0.179072  0.130653  0.042913
 -0.161099  0.075614 -0.039436  0.0816    0.071695  0.00466 ]
[-0.766107 -0.905441 -0.507037 -1.018774 -0.789447 -0.763956 -0.003664
  0.068763  0.088257 -0.123442  0.017049  0.132649 -0.177983 -0.029396
  0.054228 -0.167356 -0.083845  0.015658  0.048594  0.039527]
[-0.861909 -0.992887 -0.903136 -0.516823 -0.478378 -0.588903  0.08957
  0.045335  0.005248  0.00374   0.088887  0.070546  0.024861  0.100107
  0.004634 -0.064386 -0.022399  0.049693  0.018388  0.001418]
[-0.925798 -1.068196 -0.751914 -0.990037 -0.73227  -0.910138  0.126519
 -0.04326  -0.027079  0.05917   0.023351 -0.071642  0.051477  0.085187
 -0.034879  0.021185  0.137462  0.035865 -0.025224  0.016874]
[-1.183044 -1.085816 -1.021478 -1.117306 -0.787821 -0.888821 -0.093495
  0.108192 -0.040228  0.074245  0.017363 -0.038131 -0.144027  0.066156
  0.105318 -0.066139  0.034878 -0.075099  0.015346  0.034392]
[-1.039179 -0.867284 -0.893066 -0.834372 -0.934779 -0.619362 -0.031634
 -0.033609  0.062903 -0.040962 -0.022964  0.030796 -0.033124  0.006293
  0.001778 -0.067703 -0.016128 -0.007696  0.051672  0.041838]
[-1.220374 -1.180732 -1.199789 -0.878113 -0.8501   -0.84318   0.040762
 -0.093404  0.087648  0.006425 -0.110917  0.07594  -0.08653  -0.151126
 -0.055341 -0.112137  0.027988  0.036436  0.01824   0.013225]
[-0.937571 -1.127231 -0.98653  -0.813537 -0.90117  -0.99638   0.076139
 -0.097044 -0.006948  0.040849  0.120599  0.078218  0.103458  0.063756
 -0.03623   0.070927 -0.09577  -0.063794  0.003228  0.01904 ]
[-0.854653 -0.799872 -0.772076 -0.733991 -0.861823 -0.7062    0.008021
  0.114536 -0.050302 -0.022428 -0.044914 -0.057295 -0.00268  -0.009133
  0.161551  0.021185  0.049229 -0.025484 -0.015837  0.008621]
[-1.270638 -1.094633 -1.14321  -1.014814 -1.082852 -0.99547   0.082213
  0.058942 -0.0857   -0.058743 -0.037093 -0.174086  0.077284  0.04873
  0.078256  0.027021 -0.009647  0.016525 -0.040758  0.03615 ]
[-0.778146 -0.750401 -0.665578 -0.655203 -0.494376 -0.559935  0.011454
 -0.030935  0.053678 -0.040133  0.11886   0.107229 -0.12641   0.125146
 -0.001347 -0.113468 -0.062494 -0.009652 -0.008153  0.002132]
[-1.075206 -0.995133 -0.925811 -0.940569 -0.932378 -0.962206 -0.058126
 -0.046195 -0.005148 -0.058403  0.042682 -0.00834  -0.132984  0.031971
 -0.014427 -0.12669  -0.069953 -0.006883 -0.052947 -0.009367]
[ -1.087128e+00  -7.925741e-01  -1.022435e+00  -7.426341e-01  -1.016246e+00
  -6.006857e-01  -3.527571e-02   1.948537e-02   4.660642e-04  -2.073941e-02
   2.013991e-02   4.162303e-03   3.080689e-03   1.251155e-02   2.973070e-02
  -3.171426e-02  -1.760596e-02   1.484958e-02   1.036513e-02   9.724125e-03]
[-0.852876 -1.033909 -0.939909 -0.813466 -0.6965   -1.088226  0.084473
  0.144755  0.076541  0.080721 -0.031255  0.046462 -0.016886  0.06839
  0.176943  0.013406  0.114745  0.101484 -0.001605  0.015071]
[ -9.730775e-01  -9.274083e-01  -9.346682e-01  -9.661169e-01  -1.013762e+00
  -8.554086e-01   1.205628e-02   1.481072e-01  -6.799913e-02   7.046044e-02
  -1.660477e-01  -5.048761e-02   9.124062e-02  -1.542491e-01   2.011210e-01
   1.194496e-01   5.113055e-02   3.368870e-02  -7.511904e-03  -5.078731e-04]
[-1.065527 -0.97969  -0.852381 -1.0949   -0.973134 -0.813969  0.076449
  0.055058  0.031559 -0.084754  0.048603  0.017568  0.004702  0.048145
  0.070734  0.022984 -0.011367  0.005595  0.063486 -0.025892]
[-0.716237 -0.696186 -0.808814 -0.745331 -0.816026 -0.80956   0.021867
 -0.002001  0.002087  0.051746 -0.040034  0.029287 -0.006335 -0.016363
 -0.024253  0.004892  0.030775  0.0399   -0.035357 -0.007993]
[-0.820223 -0.815457 -0.682831 -0.656335 -0.653881 -0.776392  0.108823
 -0.050135  0.033654 -0.02577  -0.087478  0.072725 -0.036999 -0.080815
 -0.029657 -0.051429  0.052019  0.231371  0.004012  0.010858]
[-1.0613   -0.942009 -0.82376  -1.035888 -0.876036 -0.84395   0.037007
  0.046557  0.009508 -0.052243 -0.006873  0.112632 -0.018775 -0.013073
  0.020801  0.005626 -0.001207  0.056448  0.003396  0.001907]
[ -9.180365e-01  -9.054321e-01  -8.745615e-01  -7.875851e-01  -6.261700e-01
  -7.041200e-01  -1.006522e-01   7.798232e-02  -4.251690e-02   1.211811e-01
  -2.985850e-02  -2.402288e-02   1.084037e-02  -2.519574e-02   8.161685e-02
  -3.040552e-02   9.528178e-02  -6.446238e-02   1.766824e-02  -3.392634e-04]
[-1.050399 -1.080602 -0.798575 -1.173127 -1.032524 -0.834827  0.005352
  0.077691  0.046518  0.020566 -0.252123  0.049952  0.163139 -0.320831
  0.206695  0.159124  0.004157 -0.049405 -0.092918  0.031258]
[-0.78951  -0.904591 -0.735394 -1.022499 -0.792106 -0.996374  0.112496
 -0.047389  0.124043  0.063454  0.020759  0.052041 -0.033479  0.064091
 -0.061645 -0.083044  0.044997  0.110779 -0.026615  0.022246]
[ -1.036877e+00  -1.126373e+00  -1.102994e+00  -1.260624e+00  -1.100273e+00
  -1.106176e+00  -1.196775e-01   1.136334e-01  -8.571004e-02  -2.171660e-04
   2.823739e-02  -6.941127e-02   8.726772e-02  -1.074184e-02   8.233677e-03
   2.574178e-02   3.860518e-02  -5.674942e-02  -2.456192e-03   2.541434e-02]
[-0.844718 -0.732818 -0.7246   -0.708418 -0.677199 -0.576776  0.009148
  0.054597  0.036543 -0.237591 -0.145317  0.001121 -0.015249 -0.147817
  0.046594  0.002818 -0.189545  0.013542  0.024415 -0.008902]
[-0.860947 -1.105436 -0.758663 -0.9812   -0.692338 -0.59861  -0.047033
  0.147298  0.349301 -0.172066  0.29983   0.349051 -0.20195   0.307789
  0.121796 -0.218472 -0.004366  0.028957 -0.064203  0.00332 ]
[-0.935669 -0.883217 -0.717597 -0.893571 -0.860279 -0.746452 -0.0127
  0.040816 -0.034424 -0.050538 -0.00149  -0.011664  0.129844 -0.057039
  0.061944  0.05939  -0.041675  0.018458  0.003976  0.005457]
[-1.095764 -1.110659 -0.835983 -1.140044 -0.885874 -0.969857 -0.001994
  0.052766  0.064279 -0.035524 -0.113712  0.068898  0.026406 -0.052442
  0.035138 -0.03704  -0.053764  0.053104  0.101779  0.023979]
[ -8.793527e-01  -7.872776e-01  -1.006596e+00  -4.785591e-01  -7.005390e-01
  -8.174091e-01  -2.020499e-01   1.922988e-02   1.889688e-02  -2.518321e-01
  -4.930045e-02  -1.720413e-02   6.714008e-02  -1.123350e-01  -9.063993e-02
  -9.424180e-03  -1.104585e-01  -2.909134e-01   2.296649e-02   4.126047e-04]
[ -9.750142e-01  -8.068823e-01  -8.288974e-01  -9.030801e-01  -8.968070e-01
  -7.113213e-01  -5.313684e-02   3.875932e-03   5.979462e-02   6.517181e-04
  -7.415013e-02   2.375953e-02  -5.864623e-02  -1.208815e-01  -9.675804e-03
  -7.734442e-02   2.574272e-02  -6.147931e-02  -2.028545e-02   7.461493e-04]
[-0.763859 -0.892846 -0.809932 -0.747318 -0.694079 -0.940231 -0.020665
  0.061751  0.029893  0.024402 -0.047901  0.124637 -0.043596 -0.081895
  0.158359 -0.046717  0.025784 -0.04443   0.030691  0.009167]
[-0.736647 -0.948675 -0.876375 -0.767976 -0.683547 -0.852293 -0.072549
 -0.109096 -0.094281 -0.055873  0.030892 -0.02001   0.033034  0.033076
 -0.041491  0.043793 -0.055115 -0.0603   -0.051975 -0.024166]
[-0.928788 -0.805028 -0.707967 -0.96334  -0.723106 -0.977954  0.002734
  0.049545  0.030019 -0.009911 -0.11679  -0.019861  0.036678 -0.165409
  0.020666 -0.040071 -0.019246  0.027428 -0.012775 -0.017287]
[-0.792274 -1.224109 -0.583214 -0.91585  -0.422405 -0.884125  0.006728
  0.004904 -0.120295 -0.202357 -0.06075  -0.056631 -0.045459 -0.159478
 -0.050162 -0.020282 -0.270176 -0.020169 -0.056961 -0.019867]
[-1.079457 -0.892056 -1.018433 -0.860196 -0.914999 -0.862134 -0.166566
  0.034483  0.085696  0.071652  0.02949   0.064656 -0.082686  0.042151
  0.072224  0.045332  0.031477 -0.083082 -0.059934  0.002751]
[-0.976088 -1.15726  -0.865743 -0.955319 -0.857713 -0.994672 -0.007863
  0.092632 -0.0988    0.110014 -0.064751 -0.059464  0.089623 -0.124148
  0.126614  0.083542  0.119332 -0.06946   0.012527  0.008429]
[-0.769744 -0.659815 -0.574569 -0.788936 -0.631734 -0.612069 -0.019776
 -0.01021   0.005006  0.004324 -0.081875 -0.001233 -0.004138 -0.069818
  0.038121 -0.032471 -0.005752 -0.008464  0.019078  0.023991]
[-0.902227 -0.854742 -0.791412 -0.854699 -0.667339 -0.813145 -0.032348
  0.051027  0.033846  0.062302 -0.025068  0.009918 -0.027631 -0.056313
  0.099041  0.023571  0.028379  0.012278 -0.098273 -0.008493]
[-0.903173 -0.731489 -0.734425 -1.030097 -0.82854  -0.953047  0.036254
 -0.119825  0.03912  -0.006891  0.173723  0.057265  0.105167  0.207655
  0.002832  0.111598  0.029517  0.107337 -0.029536 -0.014027]
[-0.988002 -1.023035 -0.867855 -1.128223 -1.101514 -1.015761  0.016343
  0.040171  0.041091  0.020945  0.009847 -0.034092  0.081033  0.097391
 -0.020165  0.04191  -0.110331 -0.078935  0.005303  0.026441]
[-1.136755 -1.169465 -0.992476 -1.099955 -0.934528 -0.988228 -0.101758
  0.028881 -0.030717 -0.081551  0.165201 -0.027871 -0.162619  0.130723
  0.117514 -0.158399 -0.086669 -0.07062   0.018862 -0.027358]
[-1.1021   -0.969582 -0.915254 -0.902093 -0.859797 -0.586145 -0.054203
 -0.024277 -0.180854 -0.115501 -0.183558 -0.185631  0.140641 -0.159132
 -0.040507  0.083031 -0.003857 -0.080484 -0.042515 -0.033059]
[-0.944092 -1.067145 -0.880498 -0.784773 -0.519536 -0.699778  0.140161
 -0.004781  0.058166 -0.187405  0.071298  0.047465  0.056486  0.146563
  0.090758  0.047027 -0.217717  0.129532  0.003971  0.017298]
[-0.86227  -0.818215 -0.64302  -0.877201 -0.728601 -0.86315  -0.082924
  0.100453 -0.02752  -0.054727  0.137577 -0.029288  0.008821  0.052358
  0.170362  0.063718 -0.058023  0.047677 -0.045142 -0.046882]
[-1.083553 -1.000504 -0.999711 -1.271124 -1.200609 -1.298596  0.098903
  0.148257 -0.030096 -0.119662  0.09757  -0.032676 -0.015734  0.137051
  0.231732 -0.015406 -0.134268  0.136074 -0.027589 -0.028963]
[-0.958924 -1.129897 -0.867077 -1.128314 -0.866836 -1.073583 -0.059101
  0.207978  0.172909 -0.009578  0.033324  0.068479  0.023708  0.084714
  0.038441 -0.072973 -0.035009 -0.010652 -0.014913  0.05643 ]
[-0.768396 -0.93609  -0.955418 -0.897748 -0.944008 -1.130566 -0.072745
 -0.011057  0.050567 -0.029054 -0.054474  0.052248 -0.040302 -0.008428
  0.055781 -0.02622   0.041892 -0.098266  0.036333  0.008   ]
[-0.903228 -1.285781 -1.027094 -0.931317 -0.665088 -1.038991 -0.039536
  0.023366  0.133939 -0.099572 -0.050497  0.080403 -0.013599  0.020746
 -0.06022   0.035207 -0.058671 -0.031162  0.015436  0.003086]
[-0.996499 -1.180554 -0.907023 -1.210756 -0.861426 -1.136144  0.058547
 -0.095202 -0.069739 -0.072708 -0.042205 -0.005702  0.088627 -0.021972
 -0.058677  0.082956  0.005408  0.143347  0.038973 -0.046752]
[-0.882416 -0.962814 -0.684118 -1.042393 -0.750712 -0.832722  0.033452
 -0.049603  0.175684 -0.028105 -0.058803  0.185239 -0.03455  -0.106645
 -0.056032 -0.013347 -0.04256  -0.09792   0.005244 -0.013573]
[ -9.516312e-01  -8.211742e-01  -8.541475e-01  -8.311970e-01  -7.608691e-01
  -6.612429e-01   1.818061e-02   2.522679e-04  -6.767094e-03  -1.099334e-01
   9.452917e-03   1.635107e-03   5.841131e-02   3.277671e-02   1.380463e-02
   7.376265e-02  -9.032081e-02   5.845708e-03  -9.754494e-03   1.259961e-02]
[-0.984705 -1.133071 -1.032414 -0.848955 -0.870725 -1.028891 -0.015539
  0.110428  0.13639  -0.069313 -0.03882   0.072122 -0.029272 -0.016827
  0.076551  0.002549 -0.008563  0.001914  0.025395  0.037588]
[-1.133084 -1.222949 -1.027745 -1.114904 -0.98753  -1.06815  -0.018485
  0.08955  -0.141852  0.038373  0.039244 -0.128509  0.063966 -0.01982
  0.121681  0.083823  0.145554 -0.037526  0.012714 -0.008648]
[ -7.962017e-01  -8.443344e-01  -9.108082e-01  -5.915994e-01  -6.127923e-01
  -6.642230e-01  -4.068551e-02   1.136780e-01   8.396054e-02   2.010725e-02
  -7.641349e-02   9.508902e-02  -1.469553e-02  -4.211859e-02   5.685808e-02
  -7.316316e-02   8.736561e-02  -1.307020e-01   8.583463e-04  -3.818863e-02]
[-0.911094 -0.855789 -0.913543 -0.851771 -0.906782 -1.03151  -0.003428
  0.095038 -0.049074  0.070708  0.049571  0.007393 -0.037059  0.061216
  0.093236 -0.012278  0.059205  0.012785  0.039986  0.03072 ]
[-1.224609 -0.919564 -1.151171 -1.035336 -1.179959 -0.970307  0.19884
  0.027933 -0.124118  0.07884   0.0843   -0.156866  0.040225  0.038145
 -0.002654 -0.074918  0.117726  0.066859  0.087121  0.018519]
[-1.180941 -0.929254 -0.815769 -0.840872 -0.783254 -0.778707  0.081099
 -0.132763 -0.011278  0.05412   0.028078 -0.136755 -0.015083  0.002579
 -0.131305  0.03736  -0.015436  0.076949 -0.059423  0.008263]
[-1.072139 -0.974808 -1.195344 -0.962625 -1.139274 -1.347477  0.006703
 -0.00211  -0.020633 -0.044589  0.045038 -0.002463  0.147016  0.174694
 -0.075529  0.110724 -0.090544 -0.095903 -0.072986 -0.00489 ]
[-0.961426 -0.996841 -0.873889 -0.804846 -0.704447 -0.784362  0.061631
  0.083076 -0.067004  0.001498  0.018152 -0.094463  0.074188 -0.022747
  0.150506  0.067507  0.026788  0.023767  0.002307  0.023366]
[-0.725707 -0.571304 -0.654583 -0.59401  -0.736503 -0.482405 -0.008427
 -0.002917 -0.085524  0.012036  0.109683 -0.096132 -0.037018  0.115125
  0.005805 -0.02643   0.05202  -0.019295 -0.006769 -0.012756]
[-1.056071 -0.858836 -0.706918 -0.791228 -0.664765 -0.595838  0.043579
 -0.00473   0.039844 -0.03511  -0.001899  0.008723  0.058557 -0.028681
 -0.084198  0.002825 -0.062048  0.052931 -0.008432  0.048037]
[-0.780383 -0.729953 -0.842273 -0.776868 -0.760556 -0.880151 -0.010886
  0.100947  0.047025 -0.009418  0.09123   0.002703 -0.018803  0.075208
  0.16701  -0.023502  0.001678 -0.038044  0.010724 -0.004125]
[ -1.022010e+00  -7.527377e-01  -8.925530e-01  -7.684670e-01  -1.072330e+00
  -5.209685e-01   1.603057e-02  -6.841681e-02  -1.064088e-02   6.427701e-04
   8.212641e-02  -9.820381e-04  -3.530554e-02   5.662290e-02  -4.443388e-02
  -9.526137e-02  -6.495440e-02   3.600669e-02   1.314965e-02  -1.139522e-02]
[-1.055761 -1.025249 -0.854226 -0.956734 -0.702484 -0.909669 -0.102847
  0.12799  -0.032813  0.020607 -0.076392 -0.021135  0.014944 -0.1017
  0.108457  0.004924 -0.019419 -0.089867  0.038222  0.018327]
[-0.988371 -0.924699 -0.823225 -0.870305 -0.805768 -0.655211 -0.038441
 -0.039116 -0.029365  0.02654  -0.030963  0.003013  0.05596  -0.091867
  0.004814  0.107756  0.068449 -0.114704 -0.018574 -0.038295]
[-0.983332 -0.95456  -0.933956 -0.906281 -0.88345  -0.892957 -0.070108
 -0.107544 -0.054924 -0.057676  0.083952 -0.030957 -0.048733  0.068562
 -0.13209  -0.068567 -0.118053 -0.060372 -0.011293  0.009171]
[ -7.733282e-01  -8.500212e-01  -8.331669e-01  -7.485464e-01  -7.570118e-01
  -8.630224e-01  -2.133819e-02  -4.363725e-02   4.423782e-02   7.229140e-02
   6.322447e-02   4.907437e-02   9.092725e-02   3.753275e-03  -7.921856e-02
   9.792850e-02   5.689751e-02  -6.886514e-02  -3.358366e-03   2.457505e-04]
[-1.000871 -0.868761 -0.890302 -0.913914 -0.930112 -0.811415  0.007368
  0.073991 -0.003801  0.022419  0.092823  0.002723 -0.032843  0.126578
  0.103824  0.012429 -0.041271 -0.004732  0.018573 -0.001464]
[ -9.331237e-01  -8.088595e-01  -7.545286e-01  -1.093284e+00  -1.031127e+00
  -1.011809e+00  -8.858120e-02  -1.676142e-01   7.273609e-03  -2.606895e-03
   1.371772e-03   9.370619e-04  -4.698763e-02  -2.729109e-02  -1.630921e-01
  -2.121674e-02  -1.707466e-02  -1.023620e-01  -1.278646e-02   1.653830e-02]
[-0.798285 -0.989844 -1.037324 -0.853648 -0.939728 -1.217216  0.083779
 -0.041715  0.010332 -0.068478  0.202275  0.165892 -0.00763   0.207394
  0.052169  0.030717 -0.009499  0.054497  0.071715  0.049238]
[-0.975039 -0.609388 -0.543155 -0.815309 -0.736761 -0.365306  0.006548
  0.039574 -0.082067 -0.050554  0.098962 -0.06506   0.014552  0.073505
  0.032525  0.064942 -0.039416  0.02505  -0.012166 -0.046465]
[-1.133409 -1.101992 -0.998194 -1.126015 -1.02506  -1.015507 -0.094471
  0.056142  0.083509  0.094565  0.013528  0.120692 -0.114862 -0.02847
  0.08765  -0.111648  0.010447 -0.05489   0.015624  0.009   ]
[ -5.547243e-01  -6.807802e-01  -5.219231e-01  -9.132079e-01  -7.599607e-01
  -8.345674e-01  -1.503762e-03  -7.887157e-02  -1.267401e-01  -1.326993e-02
  -1.805327e-01  -8.676414e-02  -1.103664e-02  -1.951411e-01  -9.988749e-02
  -2.860216e-02   7.767289e-02  -6.596814e-02  -8.293775e-04   3.023624e-02]
[-0.883594 -0.708666 -0.634372 -0.807622 -0.583794 -0.483267 -0.045008
 -0.070118  0.010043 -0.024651  0.062484  0.020492 -0.148576  0.080622
 -0.035425 -0.213312  0.011194 -0.012025 -0.072117 -0.01975 ]
[-1.218828 -1.158152 -1.133609 -0.967891 -1.147922 -1.120146  0.139592
 -0.024531 -0.080804 -0.076186  0.008417 -0.025691  0.021752  0.033943
 -0.046667 -0.073636 -0.093215 -0.030537  0.02753  -0.002133]
[-0.904801 -0.694582 -0.639736 -1.105448 -1.020651 -0.800108 -0.006806
 -0.023142  0.152171  0.005369  0.098236  0.113017  0.034166  0.109221
 -0.084372  0.084996  0.065475  0.045696  0.108209  0.01636 ]
[ -9.683366e-01  -6.973551e-01  -8.064613e-01  -1.026479e+00  -1.122029e+00
  -1.012132e+00  -1.374743e-01   4.459102e-02  -2.590616e-02  -1.442266e-01
   1.475252e-01  -1.836354e-04   5.503509e-03   1.383277e-01   1.868508e-02
  -9.704481e-04  -4.903370e-02  -1.288255e-01   2.717246e-02   1.269352e-02]
[-0.979121 -0.853872 -0.79631  -0.792416 -0.820371 -0.737577  0.009398
 -0.052715  0.017719  0.100293 -0.035795  0.060144  0.047077 -0.059861
 -0.019836 -0.007773  0.118352 -0.003009  0.019059  0.020199]
[-0.858838 -1.050358 -0.977134 -1.129572 -1.122762 -1.236472  0.107884
  0.11862   0.082051 -0.012681 -0.050534  0.029642 -0.004499 -0.057717
  0.103698 -0.083313  0.086085  0.118657 -0.019101  0.028449]
[-0.866448 -0.86614  -0.727024 -0.820293 -0.677611 -0.853671  0.072443
 -0.007809 -0.034663  0.007697 -0.035394 -0.009004 -0.047985 -0.045459
 -0.061851 -0.039211  0.008834  0.12585  -0.086591  0.025463]
[ -1.094072e+00  -8.871627e-01  -1.019737e+00  -8.430406e-01  -1.033575e+00
  -1.070028e+00   8.750463e-02  -9.109159e-02   5.893448e-02   1.357304e-01
  -5.697444e-02   9.878533e-02  -3.223642e-02  -1.311582e-01  -1.576266e-01
  -2.915496e-02   1.337364e-01   9.797016e-04   1.379009e-03  -1.140172e-02]
[-1.047206 -1.140962 -0.951285 -1.076199 -0.807298 -1.040413 -0.058075
  0.096989 -0.037461  0.033965  0.073915 -0.052433 -0.083974  0.015691
  0.082849 -0.11042   0.078425  0.008059 -0.004884 -0.004596]
[ -9.871971e-01  -1.170472e+00  -8.100305e-01  -1.007600e+00  -7.530975e-01
  -8.096729e-01  -4.439874e-02  -5.270344e-02  -1.063060e-03   5.180351e-02
   2.674543e-02   5.193577e-02  -2.387836e-02   8.029616e-03  -5.708759e-02
   1.180078e-02   6.828445e-02   1.473933e-02   2.051169e-02  -7.343784e-03]
[-0.902118 -0.963035 -0.808758 -0.867522 -0.737696 -0.73012   0.056074
  0.082159 -0.032712 -0.046184  0.061877 -0.062027  0.035917  0.037339
  0.07757   0.028245 -0.010379  0.051398  0.014812  0.007659]
[-0.791421 -0.737291 -0.767248 -0.912821 -0.944718 -0.977239 -0.020347
  0.02196  -0.043215  0.108684  0.04343  -0.021194 -0.072224  0.037391
  0.011373 -0.089422  0.173151 -0.009916 -0.05885   0.013968]
[-0.728849 -0.904589 -0.798684 -0.644964 -0.63971  -0.880259  0.097942
 -0.087691  0.051183  0.137508 -0.070602  0.078821  0.051085 -0.047428
  0.018833  0.050425  0.234699  0.086837 -0.070233 -0.028309]
[ -9.398016e-01  -9.959656e-01  -9.550086e-01  -9.444419e-01  -9.014620e-01
  -9.481883e-01  -9.520032e-03   7.266515e-04  -8.133067e-03  -2.152820e-02
  -7.305048e-02  -3.074184e-02   5.633064e-02  -2.023800e-02  -6.101365e-03
   9.603261e-02   3.651487e-03   1.719362e-02  -3.510532e-03  -8.828799e-03]
[ -1.148533e+00  -1.143625e+00  -1.268038e+00  -1.288213e+00  -1.281065e+00
  -1.346224e+00  -7.732175e-02   1.018869e-03  -9.656789e-03   9.202391e-02
   3.210428e-02  -5.614445e-02  -6.563782e-03   5.529550e-02   1.513401e-02
   5.442687e-02   5.349751e-02   9.779208e-03  -4.405601e-03  -8.573914e-04]
[-0.952851 -0.897119 -1.074186 -0.784605 -0.849008 -0.82575  -0.026797
  0.110669 -0.008689 -0.066449  0.024493  0.063777 -0.094096  0.037503
  0.114578 -0.076478 -0.044539  0.033126  0.014216 -0.021945]
[-1.052044 -1.042839 -1.112354 -0.951222 -1.130258 -0.984341 -0.205521
 -0.111646 -0.043841  0.10771  -0.001182 -0.006801  0.055407  0.088258
 -0.081066  0.123379  0.143012 -0.345304  0.086845  0.050291]
[-1.10267  -1.042751 -0.909666 -1.18791  -1.055012 -1.032004  0.115075
 -0.047084  0.033579 -0.071217 -0.244213  0.050174  0.177521 -0.169194
  0.024668  0.041221 -0.080969  0.082224 -0.008082  0.024995]
[ -8.115109e-01  -1.101921e+00  -8.756714e-01  -9.852698e-01  -5.746007e-01
  -1.114437e+00   7.900552e-02   3.548553e-02   3.905043e-02  -2.105352e-01
  -4.270152e-02   6.281790e-04  -7.233888e-02  -7.485778e-02   5.369110e-02
   3.093114e-03  -2.115181e-01   1.163478e-01   6.151310e-03   1.992631e-02]
[-1.202602 -1.115451 -0.933522 -1.131352 -0.941859 -1.065677  0.052653
  0.049776  0.091523 -0.097604 -0.148971  0.10152   0.034324 -0.078213
  0.060348  0.007785 -0.135223  0.021788  0.043851  0.027003]
[-0.917571 -0.966034 -0.883822 -0.851974 -0.740621 -0.82486   0.186202
  0.123253 -0.166269 -0.001457  0.043125 -0.15901   0.058971  0.026637
  0.069779  0.014693  0.044559  0.167284 -0.032647  0.01832 ]
[-0.803274 -0.720151 -0.849582 -0.873314 -0.800794 -0.890613  0.118997
 -0.002575  0.015737  0.010945 -0.030202  0.034406  0.044739 -0.021558
  0.008169  0.015827  0.025688  0.098487 -0.007557  0.030574]
[-0.72313  -0.983298 -0.980955 -0.849813 -0.903561 -1.190044 -0.02058
  0.020784 -0.107616 -0.2001   -0.010397 -0.114203 -0.012217 -0.025456
  0.009423 -0.009674 -0.169468  0.082946 -0.015013  0.035012]
[-1.297585 -1.318185 -1.137609 -1.199202 -1.101335 -1.11977   0.031231
 -0.006876 -0.048805  0.005128  0.023143  0.010768 -0.022426  0.017744
 -0.055721 -0.0356    0.075026  0.045442  0.088894  0.053406]
[-0.920342 -0.767862 -1.052191 -0.714413 -1.065891 -0.967767 -0.1578
  0.058468  0.026302  0.002088 -0.040307 -0.018863 -0.030772 -0.042291
  0.048166 -0.119878 -0.101747 -0.171451  0.011548 -0.009893]
[-0.911789 -0.970649 -0.873038 -1.025807 -0.919153 -1.104665 -0.07926
  0.068221  0.107553  0.079507  0.092029  0.11012   0.203492  0.107701
  0.047704  0.172107  0.17165  -0.092276  0.090445  0.004371]
[-1.10545  -0.92052  -0.902908 -1.043816 -1.14187  -1.036303  0.057021
 -0.033216 -0.037321  0.11167   0.120945 -0.064823  0.052428  0.134891
 -0.010892 -0.020314  0.149655 -0.128802 -0.074844 -0.013218]
[-0.787805 -0.810974 -0.718353 -0.641791 -0.584922 -0.580927  0.024969
 -0.114777 -0.029716 -0.073404 -0.006313  0.001345  0.127352 -0.053019
 -0.105535  0.146773 -0.06414   0.065159  0.024743  0.006796]
('Mean', 1, ': ', -0.78780474149847413)
('Median', 1, ': ', -0.78780474149847413)
('Variance', 1, ': ', 0.0)
('Mean', 2, ': ', -0.81097368642554357)
('Median', 2, ': ', -0.81097368642554357)
('Variance', 2, ': ', 0.0)
('Mean', 3, ': ', -0.71835285837656415)
('Median', 3, ': ', -0.71835285837656415)
('Variance', 3, ': ', 0.0)
('Mean', 4, ': ', -0.64179060520857123)
('Median', 4, ': ', -0.64179060520857123)
('Variance', 4, ': ', 0.0)
('Mean', 5, ': ', -0.5849221733788007)
('Median', 5, ': ', -0.5849221733788007)
('Variance', 5, ': ', 0.0)
('Mean', 6, ': ', -0.58092726084934321)
('Median', 6, ': ', -0.58092726084934321)
('Variance', 6, ': ', 0.0)
('time: ', 11138.67537689209)
