“Running plot script on a single CPU core”
[ 0.052418 -0.020882  0.107628  0.007571 -0.022166 -0.017695]
[ 0.034537  0.04632   0.050162  0.020484  0.020072 -0.015435]
[-0.026306  0.049543  0.076502 -0.022585 -0.013969 -0.000419]
[ 0.059414  0.089251  0.114672 -0.007533  0.006635  0.000471]
[ 0.036215  0.099778  0.077501 -0.009224 -0.000216 -0.001213]
[ 0.019838  0.020909  0.013918 -0.004792  0.032893 -0.007209]
[ 0.011075  0.055967  0.097896 -0.020133  0.021523 -0.001011]
[ 0.000852  0.099364 -0.001582  0.000138  0.001901 -0.014997]
[ 0.03427   0.003077  0.037386 -0.0281   -0.017349 -0.020755]
[-0.096696 -0.041866 -0.044612 -0.047512  0.029637 -0.031676]
[ 0.034112  0.065485  0.039238  0.00758  -0.002454  0.015039]
[-0.013248  0.002265 -0.069232  0.005553  0.033181  0.001412]
[ 0.050264  0.031285  0.073359 -0.000246  0.016094  0.008452]
[ 0.030817  0.065341  0.096127  0.011828  0.023428 -0.002249]
[-0.048052 -0.050211  0.036727  0.028179 -0.010008  0.055308]
[ 0.052249 -0.008121  0.056847  0.009196 -0.00327   0.028721]
[ 0.000266  0.068871  0.052644  0.030394 -0.037914 -0.009713]
[-0.026904  0.058029  0.033559  0.011909 -0.007612  0.021386]
[ 0.016285 -0.050444 -0.050302 -0.032183 -0.00893  -0.030098]
[ 0.04093   0.005923  0.032588 -0.004034 -0.017247 -0.00026 ]
[ -1.711648e-03   4.512938e-03  -2.647843e-02  -1.379839e-02   1.082429e-02
   5.188578e-05]
[ 0.063097  0.057884  0.052975 -0.002471  0.030623 -0.0215  ]
[ 0.011917 -0.03634   0.020493 -0.010575 -0.020563 -0.01502 ]
[ 0.033218  0.008729  0.012446 -0.001383 -0.046995 -0.036703]
[ 0.066555  0.038782  0.037637  0.006731 -0.009427  0.037956]
[-0.019208  0.015421  0.018662 -0.001853 -0.012679  0.001538]
[-0.023275  0.041192  0.011973 -0.022458  0.025646  0.041723]
[-0.036638  0.065599  0.091048  0.031485  0.017783 -0.020652]
[ 0.026383  0.093343  0.028177 -0.002737  0.039014  0.01557 ]
[ 0.055823  0.035934  0.099009  0.001736 -0.011029 -0.00343 ]
[-0.014817 -0.010709  0.021297  0.012872 -0.021853 -0.019403]
[ 0.060778  0.066306  0.017441  0.017652 -0.034859 -0.004202]
[ -1.970528e-02   6.228645e-02  -6.217542e-05  -2.059742e-02  -1.217872e-02
   3.281764e-02]
[-0.022279 -0.036691 -0.035131  0.016007 -0.000387 -0.000612]
[ 0.044641  0.005986 -0.007907 -0.017484  0.004399 -0.050285]
[ 0.019675  0.0092    0.044569  0.002507 -0.020624 -0.025981]
[ 0.002638  0.010492  0.001013 -0.03344  -0.018899  0.024783]
[-0.040753  0.030372 -0.006995  0.028193 -0.009592  0.042683]
[ 0.128801  0.079515 -0.015907 -0.002018  0.014673 -0.001121]
[ 0.028779  0.009737 -0.063928 -0.006021 -0.054685  0.057496]
[ 0.01576   0.064458  0.122686 -0.008063 -0.009836  0.016419]
[ 0.027925  0.099443  0.02105   0.013968 -0.034037  0.025179]
[ 0.074908  0.115429  0.054025  0.0535    0.00121  -0.008649]
[ 0.060656  0.012473  0.033145  0.017764  0.001419  0.000968]
[-0.000765  0.081776  0.07787   0.026019  0.023963  0.016273]
[ 0.041884  0.065139  0.07467   0.001586 -0.020858 -0.003779]
[ 0.003154  0.067049  0.043281  0.01866   0.006797  0.00519 ]
[-0.002912  0.055706 -0.004971 -0.027829 -0.022096  0.031662]
[-0.003803  0.048102  0.065397  0.027213 -0.003425  0.010816]
[ 0.032919  0.033316  0.068236  0.024649  0.02774   0.016272]
[ 0.001431 -0.012785  0.028705 -0.005408  0.008442 -0.019845]
[ 0.028036  0.013655  0.018725  0.011204  0.005416  0.001353]
[-0.07043   0.036348  0.055654 -0.013069 -0.016832  0.047497]
[ 0.014195 -0.006571  0.047267 -0.071136  0.013828  0.025899]
[-0.001741 -0.003024  0.047044 -0.002481  0.028123  0.013515]
[ 0.023026  0.003344  0.071604 -0.015372 -0.019818  0.054814]
[ 0.054018  0.021632  0.028625 -0.016696  0.029884 -0.004637]
[ 0.045181  0.097405  0.104559  0.030878 -0.015535  0.020112]
[-0.004975  0.110857  0.108138  0.033486 -0.005563  0.018094]
[-0.009256  0.06763   0.053047  0.013019 -0.021725  0.001528]
[ 0.109746  0.123518  0.10059  -0.045378 -0.048491  0.002861]
[-0.050298  0.025967  0.03738   0.022612 -0.00594  -0.010701]
[ 0.062498  0.118751  0.080134  0.035476 -0.004771 -0.029442]
[ 0.027292  0.004787 -0.007314  0.009569 -0.009685 -0.000977]
[ 0.026698  0.064853  0.079716  0.025693 -0.016336  0.006155]
[ 0.036837  0.002411  0.030172 -0.064516 -0.038019  0.010098]
[-0.01525   0.053815  0.051534  0.009255 -0.024151 -0.017954]
[-0.035972 -0.037183  0.068558 -0.00249  -0.015201 -0.013138]
[ 0.101196  0.062416  0.094559  0.001874  0.026384  0.011317]
[ 0.112189  0.073559  0.090033 -0.013332 -0.008176  0.025922]
[ 0.139294  0.104726  0.158067  0.009279 -0.008028  0.007588]
[-0.02035   0.000242  0.069603  0.021513  0.001796  0.001247]
[ 0.0281    0.090349  0.131891 -0.015386 -0.00741   0.01691 ]
[ 0.022007 -0.031425 -0.007885 -0.015774 -0.045995 -0.039574]
[ 0.017485  0.02002   0.014184 -0.027346  0.013568 -0.015406]
[ 0.004939  0.109599  0.121472  0.029959  0.036587 -0.026719]
[ 0.033904  0.068848  0.090275 -0.010181 -0.014511 -0.017737]
[-0.041984  0.013963 -0.08078   0.00063  -0.01069   0.037982]
[-0.02604   0.074475  0.116247 -0.005565  0.014853  0.037104]
[ 0.010226 -0.005175 -0.017289 -0.002888 -0.004296  0.002206]
[ 0.01868  -0.007633  0.099397  0.01574   0.001329 -0.015349]
[ -2.066298e-02  -2.590412e-02   9.012418e-05   5.684990e-03   1.241153e-02
   3.854728e-03]
[-0.003312 -0.025732 -0.005498  0.007637  0.03623  -0.006276]
[-0.001429 -0.015626  0.019698 -0.002698 -0.01107   0.003527]
[ 0.125138  0.059235  0.121287  0.003462 -0.000725  0.018111]
[ 0.090234  0.058048  0.094054  0.016895 -0.036343 -0.062749]
[ 0.020784 -0.010873  0.081744  0.0194    0.003881 -0.012749]
[ 0.005526  0.026301  0.04777   0.013425  0.001566 -0.022887]
[ 0.008657  0.017413  0.022964  0.007831 -0.005821 -0.012859]
[ 0.033574 -0.020933  0.0641   -0.002033 -0.02937   0.000138]
[ 0.01334   0.089944  0.087261  0.028882 -0.024259 -0.017956]
[ 0.023829  0.006912  0.050631  0.02007  -0.002937  0.009145]
[-0.003498  0.084304  0.038543  0.000469 -0.039149  0.027928]
[ 0.070557  0.061511  0.077419 -0.005814  0.007979 -0.020188]
[ 0.012677  0.037676  0.049196  0.005274  0.036787 -0.02216 ]
[-0.109291 -0.055824 -0.049041 -0.001606  0.000914  0.005072]
[ 0.035604  0.092326  0.072911 -0.011184  0.00963   0.017422]
[-0.015477  0.029842  0.039755  0.00332  -0.01759   0.018408]
[ 0.042021  0.012093  0.086744  0.020954  0.008643 -0.036443]
[ 0.038761  0.039185  0.039756  0.001842 -0.012018  0.000268]
('Mean', 1, ': ', 0.038761189876220535)
('Median', 1, ': ', 0.038761189876220535)
('Variance', 1, ': ', 0.0)
('Mean', 2, ': ', 0.039184704442841473)
('Median', 2, ': ', 0.039184704442841473)
('Variance', 2, ': ', 0.0)
('Mean', 3, ': ', 0.03975625693212588)
('Median', 3, ': ', 0.03975625693212588)
('Variance', 3, ': ', 0.0)
('time: ', 8945.810387849808)
