“Running plot script on a single CPU core”
[-0.011807  0.02745   0.036797 -0.015897  0.000464  0.063478]
[-0.025588 -0.045849 -0.046838 -0.011596 -0.00094  -0.007864]
[ 0.081248  0.10336   0.109425  0.032755 -0.0204   -0.000841]
[ 0.001071  0.007571  0.041563  0.018565 -0.004008  0.000668]
[-0.006095  0.017572  0.000652  0.008978 -0.008158 -0.01464 ]
[ 0.049917 -0.003526  0.019671 -0.01041   0.011717  0.001464]
[ 0.058163  0.06689   0.079634 -0.00098   0.003889  0.013294]
[ 0.04349   0.035111  0.089149 -0.00384   0.009929 -0.025084]
[-0.004859  0.066208  0.018774  0.04807   0.015043 -0.043408]
[ 0.068759  0.01521   0.055033  0.011683  0.016759  0.003223]
[ 0.029414  0.014827  0.091189 -0.025468 -0.017344  0.002625]
[ 0.031091  0.044898  0.069278  0.003374  0.011319  0.031428]
[ 0.012501  0.08304  -0.00746  -0.02313   0.004666  0.008339]
[ 0.042395  0.085427  0.126755  0.015935  0.000906  0.018964]
[-0.00644  -0.011612 -0.004998  0.007309  0.000462  0.014325]
[ 0.082486  0.096559  0.076459  0.026329  0.009206  0.011264]
[ 0.065279  0.024652  0.071659  0.017969  0.009534  0.019342]
[ 0.073327  0.118995  0.072071 -0.019914 -0.032585  0.026116]
[ 0.027797  0.086071  0.100185 -0.023787  0.022366 -0.034676]
[ 0.032216 -0.043872  0.086388  0.018652  0.013224 -0.035712]
[ 0.102344  0.103084  0.02698  -0.000157  0.005393  0.02424 ]
[ 0.010882  0.029387  0.023745  0.016905 -0.001898 -0.041064]
[ 0.036059  0.076461  0.038486 -0.004918  0.009372  0.012003]
[ 0.010702  0.077994  0.049745 -0.016229 -0.01016   0.010769]
[-0.014353  0.005054 -0.012137  0.031425  0.004572 -0.0186  ]
[ 0.041484  0.041962  0.072591  0.008716 -0.018808  0.016951]
[ 0.003158  0.013689 -0.000485 -0.006301 -0.005423  0.0068  ]
[ 0.021745  0.068299  0.077939  0.021833 -0.021542  0.015058]
[-0.003937  0.036702  0.034183  0.020837 -0.005613 -0.000741]
[-0.007247  0.008233  0.066567 -0.031109  0.01319  -0.026591]
[-0.010773 -0.021336 -0.027095 -0.020918 -0.000713  0.03181 ]
[-0.004935  0.090651  0.003527 -0.000191 -0.015767  0.021244]
[ 0.048767  0.099946  0.121783 -0.034465 -0.01713   0.012039]
[ 0.027585  0.032364  0.059506 -0.011617 -0.007273 -0.013037]
[ 0.001595 -0.020387  0.069247  0.015005 -0.020021 -0.029309]
[-0.024285 -0.024544 -0.014815  0.018803  0.027718 -0.005266]
[ 0.034293  0.015006  0.084689  0.035627 -0.005033  0.030113]
[ 0.063487  0.02941   0.091679  0.016538 -0.015731  0.004062]
[ 0.048318  0.064709  0.04485   0.004727  0.006049  0.006735]
[ 0.017935  0.044834  0.025745  0.026412 -0.008369 -0.022599]
[ 0.034386 -0.024691  0.055471 -0.015083 -0.035376 -0.003414]
[ 0.045964  0.037245  0.113609  0.008505 -0.038451  0.009912]
[ 0.093887  0.090666  0.097623  0.008686 -0.015979 -0.007151]
[-0.002088 -0.018138  0.057105 -0.020908 -0.001183 -0.004409]
[ 0.008653  0.080709  0.115141  0.001913 -0.027625 -0.007938]
[ 0.056839  0.076658  0.07246  -0.013297 -0.00561  -0.007944]
[ 0.017261 -0.044577  0.015369  0.011103 -0.02208  -0.012275]
[ 0.080662  0.101781  0.104303 -0.007383 -0.008127  0.014702]
[ 0.0224    0.023349  0.037813 -0.0151   -0.024479 -0.007811]
[ 0.03744   0.044223  0.080345  0.029602 -0.008846  0.018682]
[ 0.087504  0.023688  0.057536  0.028582  0.023218 -0.011594]
[-0.002314  0.03732   0.059826  0.009597 -0.0013   -0.008421]
[-0.011142  0.062486  0.030707 -0.000148  0.040825 -0.023795]
[ 0.054421  0.046359  0.023464 -0.002986 -0.000761  0.00429 ]
[-0.006607 -0.040367  0.014131 -0.006141 -0.025067 -0.012953]
[ 0.074056  0.056083  0.130711  0.001634 -0.016416  0.005866]
[ 0.032897  0.123895  0.113686 -0.006221 -0.021818 -0.028298]
[-0.016543  0.048021  0.016418 -0.002375  0.032289 -0.024375]
[ 0.011149  0.06327   0.029097  0.019364  0.000297 -0.002793]
[ 0.003961  0.038772  0.01054   0.023767  0.009255  0.000193]
[ 0.041548  0.056588  0.062929  0.017413  0.014972  0.011698]
[ 0.094758  0.120153  0.135984 -0.030954  0.022709  0.009908]
[ 0.02482   0.127853  0.033223  0.009221 -0.020588  0.003344]
[ 0.016991  0.034937  0.162967 -0.055011 -0.01244   0.016235]
[ 0.102176  0.102888  0.096865 -0.006901  0.014256  0.013997]
[ 0.004256  0.084296  0.124224 -0.000229 -0.03294   0.000452]
[-0.012703 -0.009212 -0.054453  0.006623  0.012636 -0.007378]
[ 0.118002  0.121564  0.060565 -0.00584  -0.017678  0.004461]
[ 0.014341 -0.043153 -0.003896  0.018012 -0.042753 -0.021598]
[ 0.010177  0.054697  0.109058  0.023817  0.010574  0.021162]
[ 0.026315  0.047794  0.025159 -0.012714  0.004419 -0.012531]
[-0.059015  0.015908 -0.036947 -0.004716 -0.033818  0.025269]
[ 0.008471  0.029395  0.045905  0.003012  0.006728 -0.009928]
[ 0.046498  0.041958 -0.005269 -0.000495 -0.000504  0.010741]
[ 0.05922   0.061176  0.054364 -0.004697 -0.006357  0.009675]
[ 0.058085  0.045563  0.085397  0.006433  0.018124 -0.021641]
[ 0.070117  0.050821 -0.001514 -0.007003  0.022512 -0.017572]
[-0.046247  0.010196 -0.051548  0.024861 -0.03849  -0.025147]
[ 0.014648  0.053388  0.023857 -0.002296 -0.006343 -0.001254]
[-0.041904 -0.038264 -0.072265  0.004507 -0.009029  0.038961]
[-0.028825  0.024726  0.108366 -0.047058 -0.007801 -0.002964]
[ 0.010406 -0.028929 -0.027969 -0.000225  0.020211  0.024631]
[ 0.034494  0.017692  0.015032  0.002639  0.005523  0.032236]
[-0.014275  0.038249  0.032739 -0.028437 -0.016539 -0.001305]
[ 0.088419  0.108892  0.116971 -0.017132 -0.006237 -0.000198]
[ 0.009724 -0.001191  0.045845  0.023484 -0.012672 -0.010937]
[ 0.061472  0.049219  0.108051  0.025576  0.0096    0.01215 ]
[ 0.05073   0.049934  0.107865 -0.015532  0.011616  0.010032]
[ 0.061951  0.0894    0.067251  0.020394 -0.007744 -0.004651]
[ 0.037979  0.015433  0.053994 -0.006109  0.004111  0.010632]
[ 0.082647 -0.022539  0.094964  0.020222  0.042004  0.015809]
[ 0.077109  0.05824   0.073589 -0.010875 -0.025409 -0.008026]
[-0.006047  0.078617  0.033046  0.032976 -0.003833 -0.012939]
[ 0.029391  0.07373   0.112524 -0.001513  0.007453  0.018467]
[-0.011053  0.008521  0.019894 -0.024621  0.039203 -0.02304 ]
[-0.035086  0.082624  0.039428 -0.009101 -0.057926 -0.017809]
[ 0.182513  0.113234  0.12847  -0.0143   -0.003827 -0.020261]
[ 0.086632 -0.005988  0.039909  0.025233  0.019016 -0.003689]
[ 0.050449  0.10252   0.08993   0.044409 -0.006084 -0.003414]
[ 0.032653  0.077262  0.091577 -0.031868 -0.024669 -0.017917]
('Mean', 1, ': ', 0.032652962707851209)
('Median', 1, ': ', 0.032652962707851209)
('Variance', 1, ': ', 0.0)
('Mean', 2, ': ', 0.07726204225666522)
('Median', 2, ': ', 0.07726204225666522)
('Variance', 2, ': ', 0.0)
('Mean', 3, ': ', 0.091577383988745112)
('Median', 3, ': ', 0.091577383988745112)
('Variance', 3, ': ', 0.0)
('time: ', 7666.4779551029205)
