“Running plot script on a single CPU core”
[-0.960736 -1.189418 -1.245759 -1.030817 -1.073402 -1.33996  -0.076865
 -0.13693   0.043405  0.053264 -0.116512  0.005882 -0.185414 -0.054293
 -0.183825 -0.264474 -0.007603 -0.122732 -0.013795  0.034018]
[-0.921017 -0.950672 -0.957355 -0.952729 -0.922346 -1.004858 -0.029374
  0.114623 -0.01825  -0.058479 -0.027818  0.03824  -0.015332 -0.035765
  0.112769  0.052814 -0.077883  0.011564  0.033182 -0.00111 ]
[-0.918682 -0.99373  -1.033264 -0.911985 -0.907396 -1.005644  0.009601
 -0.037086  0.024774  0.003456 -0.009239 -0.049737  0.120152  0.029563
 -0.08367   0.171954 -0.115659  0.053659  0.01465   0.019208]
[-0.885237 -1.165863 -0.598689 -0.882098 -0.346955 -0.606123  0.094443
  0.054691 -0.10186   0.194241  0.155595 -0.091953 -0.129183  0.137817
  0.022902 -0.095392  0.264179  0.127919  0.088015  0.017638]
[ -9.401019e-01  -9.154836e-01  -9.170841e-01  -1.024464e+00  -9.429959e-01
  -1.110805e+00   5.655511e-02  -5.753349e-02  -2.810792e-02   6.631172e-02
  -3.274352e-02   1.934085e-02   1.030308e-02  -1.821846e-02  -1.155702e-01
  -2.603803e-02   4.600868e-02   1.335136e-01   7.219694e-02   7.095822e-04]
[-0.876689 -0.710802 -0.65055  -0.81602  -0.848995 -0.622428  0.04653
 -0.054679  0.03365  -0.007722 -0.008672  0.088241  0.03439  -0.022586
 -0.101689  0.026668  0.020502  0.099786  0.020324 -0.031532]
[-0.977794 -1.035348 -0.868651 -1.042856 -0.866143 -1.051362  0.073378
 -0.06239   0.132296  0.093085  0.002611  0.035482  0.037312  0.076431
 -0.147464  0.040317  0.062133  0.120697 -0.009346 -0.009477]
[-1.086587 -1.128906 -1.172706 -1.065373 -1.118117 -1.249225 -0.024394
  0.069112  0.08997   0.014381  0.005882 -0.008422 -0.027938 -0.00452
  0.12494   0.074276  0.040767  0.099801  0.025986 -0.023647]
[-0.848335 -0.703696 -0.771754 -0.75876  -0.837089 -0.72147  -0.002338
 -0.158399  0.053898 -0.016049 -0.030446  0.040773 -0.156401 -0.053999
 -0.222998 -0.185082 -0.072524 -0.116196  0.029714  0.023548]
[-0.649568 -0.632563 -0.361786 -0.764106 -0.477194 -0.250707 -0.030113
 -0.037413 -0.083312 -0.064148 -0.021958 -0.047272 -0.29599  -0.122748
 -0.077403 -0.285329 -0.159495 -0.060011 -0.017896 -0.015033]
[-0.896152 -0.86052  -0.786546 -0.655993 -0.607207 -0.545388 -0.126004
  0.039162  0.137482 -0.199197  0.060696  0.20858   0.038015  0.158404
 -0.058638 -0.030171 -0.114936 -0.09955   0.0418   -0.093597]
[-1.065928 -1.228165 -1.104508 -1.024794 -1.03558  -1.16319  -0.169565
 -0.242098 -0.149758 -0.018507  0.155322 -0.102497 -0.05729   0.08268
 -0.245911 -0.173978 -0.090729 -0.113145  0.075841 -0.085003]
[-0.713557 -0.744119 -0.400851 -0.778569 -0.437308 -0.493351 -0.107654
  0.130177  0.270457 -0.073619 -0.01853   0.152481  0.028962 -0.067187
  0.092837  0.023079 -0.139921 -0.04381   0.015998  0.03728 ]
[-1.106784 -1.105007 -1.077194 -1.037051 -0.873416 -1.2397   -0.047788
  0.091997 -0.11982   0.217206  0.019639 -0.112744  0.02458   0.085767
 -0.035227  0.043595  0.282849 -0.0321    0.056563 -0.06376 ]
[-0.752077 -0.821293 -0.672002 -0.707485 -0.579897 -0.64082   0.048405
  0.003198  0.067765 -0.045128 -0.026573  0.131495 -0.138455  0.00524
  0.008595 -0.214873 -0.020858  0.029192  0.028303  0.030761]
[-0.875615 -0.838517 -0.624584 -0.723691 -0.483484 -0.484873  0.122317
 -0.102642  0.014323 -0.05545   0.032717  0.02476   0.157547  0.056988
 -0.069568  0.080534 -0.051432  0.085754  0.070575 -0.001429]
[-0.946758 -1.117903 -0.861696 -0.960221 -0.724141 -0.908032 -0.107693
 -0.15097   0.082307  0.026099 -0.03391   0.052773 -0.057388 -0.077861
 -0.142344 -0.002055  0.025679 -0.098483  0.030881 -0.009872]
[ -8.532276e-01  -7.812434e-01  -8.802238e-01  -7.196752e-01  -9.598143e-01
  -7.860906e-01  -5.352675e-02   2.603681e-02   1.489417e-04  -1.083058e-01
   7.659845e-03   2.300644e-02  -2.082111e-02  -5.716687e-03   3.104051e-02
  -5.942335e-02  -9.258916e-02  -3.154897e-02   6.587056e-03   5.410992e-03]
[-0.881664 -0.879019 -0.823044 -0.830053 -0.824345 -0.907668  0.080963
 -0.108688  0.146706 -0.055714  0.098755  0.141877  0.034253  0.099502
  0.015423  0.046242  0.026354  0.1282   -0.012218  0.031763]
[-0.795715 -0.724547 -0.831866 -0.691656 -0.820841 -0.804781 -0.015442
 -0.063579  0.044331  0.045759  0.083654  0.025062 -0.065145  0.129167
 -0.077292 -0.106836  0.018575 -0.047868  0.039166  0.022203]
[-1.022104 -0.922998 -0.747711 -0.824502 -0.649117 -0.537206  0.113576
 -0.004552  0.010534  0.096211 -0.048771 -0.004001  0.045321 -0.045955
  0.020268  0.02437   0.073959  0.133719  0.0067   -0.020516]
[-0.822875 -0.99649  -1.009552 -0.72115  -0.636116 -0.905585  0.001367
  0.059112  0.107489 -0.114446  0.161626  0.17768  -0.153457  0.167039
  0.068334 -0.056214 -0.156887 -0.04333   0.058646  0.017639]
[-1.032489 -1.145466 -1.005041 -1.139472 -0.894728 -0.965359  0.065622
 -0.045442  0.062691 -0.133352  0.075914  0.026925 -0.051177  0.068636
 -0.096984  0.06634  -0.128335 -0.029573 -0.00437   0.026315]
[-1.076461 -1.031039 -0.95514  -0.922614 -0.691243 -0.730761 -0.060031
  0.067986  0.161011  0.039607 -0.188254  0.088499 -0.032988 -0.113127
  0.067228 -0.003243  0.04844  -0.124222  0.013398 -0.023977]
[-0.687622 -0.93     -0.978508 -0.71335  -0.828465 -0.962803  0.255152
 -0.059165 -0.057343 -0.135806 -0.120552 -0.031837  0.056693 -0.121348
  0.012727  0.08905  -0.203684  0.411351  0.000995  0.01495 ]
[-1.307714 -1.047299 -0.922367 -1.323315 -0.940922 -0.984063  0.073073
 -0.163981  0.190959 -0.029433 -0.102843  0.135134 -0.032608 -0.00367
 -0.216582 -0.035025 -0.078922  0.048684  0.091686  0.014099]
[-0.770584 -0.889737 -0.968891 -0.826906 -0.907867 -1.014849 -0.033112
 -0.008951  0.052609 -0.18446   0.02673   0.08768   0.09469  -0.037886
  0.010313  0.026308 -0.095573 -0.040641 -0.052104 -0.016028]
[-0.9391   -0.960598 -0.87828  -1.076384 -1.002405 -1.002016  0.003216
 -0.009448  0.118894  0.006573 -0.068637  0.106215 -0.08034  -0.042486
 -0.021365 -0.016594  0.006972 -0.06994  -0.022407 -0.03461 ]
[-0.736477 -0.708469 -0.745096 -0.518463 -0.680485 -0.651486 -0.049001
 -0.076794  0.048959  0.024867  0.014418  0.012695 -0.03398   0.041596
 -0.061678 -0.018261  0.013813 -0.086935 -0.005189  0.019013]
[-0.813088 -0.781517 -0.880177 -0.718467 -0.739783 -0.840943 -0.042247
 -0.12572   0.172991 -0.01518   0.080133  0.176963 -0.013427  0.08143
 -0.114124 -0.064703 -0.01378  -0.0595   -0.016426  0.005989]
[-0.761692 -0.869836 -0.780625 -0.687698 -0.526243 -0.658387  0.006929
 -0.002132  0.077388 -0.067003 -0.015476  0.054346 -0.014665  0.001067
  0.010535 -0.023701 -0.043881 -0.048778 -0.013577 -0.015912]
[-1.25539  -1.032788 -0.759105 -1.118978 -0.761562 -0.61366  -0.027707
  0.132738  0.137898  0.027503  0.094445  0.091029  0.135523  0.089373
  0.073264  0.216379  0.020064 -0.003639 -0.006149 -0.030116]
[-0.988455 -0.973494 -0.907498 -0.935474 -0.790596 -1.036209  0.081148
  0.104189 -0.034378 -0.195619 -0.017073 -0.022365 -0.083326 -0.026655
  0.022899 -0.09691  -0.102127  0.098365  0.02917   0.027744]
[-0.853646 -0.805484 -0.647432 -0.852691 -0.670218 -0.617347  0.027307
 -0.003038  0.015586 -0.011666 -0.082015 -0.012358 -0.046215 -0.090753
  0.067782 -0.042094 -0.026683  0.037958 -0.014814 -0.040466]
[-1.07506  -1.019329 -1.182612 -0.805803 -1.058875 -0.981387  0.043424
  0.128668 -0.283427  0.069486 -0.123837 -0.289862 -0.011008 -0.121113
  0.046181  0.03094   0.09913   0.099779 -0.064272 -0.002027]
[-1.289819 -0.91007  -0.955302 -0.757483 -1.088598 -0.680101  0.005662
  0.011908 -0.089018 -0.01799   0.061378 -0.142836  0.041356  0.02754
 -0.147299  0.066766  0.072837  0.145285 -0.032713 -0.006869]
[-0.780933 -1.001497 -0.712936 -1.034441 -0.660324 -1.153238 -0.142006
 -0.164493  0.122486  0.117205 -0.065991  0.140672 -0.051866 -0.084262
 -0.072988 -0.002801  0.064046 -0.266193  0.003504  0.005988]
[-0.938816 -0.801742 -0.477733 -0.825348 -0.542134 -0.574046  0.027505
  0.134026 -0.045364 -0.008403 -0.01766  -0.010353 -0.019917 -0.059802
  0.120995 -0.03251   0.009005 -0.037097  0.017572  0.013135]
[-0.873676 -0.652078 -0.714232 -0.639855 -0.673669 -0.557013  0.163305
  0.030498  0.02987   0.037457 -0.051573  0.056065  0.13855  -0.038645
  0.056329  0.10545   0.045769  0.160258 -0.00866  -0.017288]
[ -8.928891e-01  -7.051005e-01  -7.612055e-01  -8.094887e-01  -9.366909e-01
  -8.223150e-01   6.943318e-02   1.144639e-02  -4.404412e-03  -6.772343e-02
  -6.755185e-02   4.291797e-05  -1.175248e-01  -1.314844e-01   3.595597e-02
  -1.718373e-01   7.968780e-03  -3.542339e-02  -2.832764e-03   9.915305e-03]
[-0.79741  -0.660907 -0.687056 -0.78418  -0.920323 -0.899557  0.040217
  0.036166 -0.020834  0.023426  0.110759 -0.038255 -0.133407  0.115612
  0.060108 -0.062544 -0.004922  0.097291  0.056749  0.046174]
[-1.285829 -1.357841 -1.128358 -1.18944  -1.00062  -1.077148 -0.029973
  0.064924 -0.079643  0.114181  0.041714 -0.100034  0.022742 -0.088811
  0.092846  0.024094  0.116279  0.035333 -0.080246 -0.019157]
[-0.83015  -0.743336 -0.688094 -0.660772 -0.691181 -0.545829  0.101591
 -0.053204 -0.079634 -0.017445  0.047443 -0.100998  0.087636 -0.007699
  0.010732  0.120272 -0.023391  0.150964 -0.077821 -0.021072]
[-0.763967 -0.694135 -0.707386 -0.749221 -0.883247 -0.815417  0.048294
 -0.125738  0.040795 -0.040521  0.045534  0.059272 -0.037962  0.098992
 -0.223984 -0.046259 -0.086613  0.126407  0.038337 -0.017352]
[-1.045118 -0.806659 -0.832121 -0.916204 -0.908944 -0.747383 -0.082636
 -0.018311 -0.015886 -0.075713  0.01502  -0.010651  0.028203  0.029581
 -0.045625  0.128427 -0.056437 -0.063563  0.011926 -0.015173]
[-1.023608 -0.770104 -0.948424 -0.837541 -1.189409 -0.910207  0.061041
 -0.029031 -0.023869 -0.067768  0.071852 -0.007199 -0.066372  0.016536
 -0.13066  -0.039076  0.064864  0.154858  0.107367  0.016061]
[-0.951922 -0.893294 -0.923427 -0.975036 -0.878685 -0.898208  0.120609
  0.112227  0.03263   0.060228 -0.073168  0.052732  0.024117 -0.115881
  0.144049  0.026272 -0.047313  0.167569 -0.003688 -0.032254]
[-0.766073 -0.641464 -0.71459  -0.742283 -0.83087  -0.677904  0.043674
 -0.072779 -0.101396  0.028515 -0.053543 -0.157629  0.068324 -0.051955
 -0.002035  0.030447  0.079298  0.133051  0.118476  0.060886]
[-1.013117 -0.935844 -0.912462 -1.03762  -1.19594  -1.078059  0.05065
  0.065801 -0.110774 -0.10519  -0.052468 -0.09175   0.080348 -0.029618
  0.041233  0.068364 -0.079156  0.062345 -0.09702  -0.024967]
[-0.917206 -0.871673 -0.850781 -0.866843 -0.830995 -0.720357  0.065139
 -0.052205  0.065533  0.076751 -0.087018  0.002882  0.044211 -0.121251
 -0.009094  0.045147  0.031322  0.069609  0.027952 -0.02732 ]
[-0.809359 -0.912522 -0.919273 -0.883493 -0.743443 -1.05282  -0.104851
  0.027227  0.194839 -0.119146  0.062982  0.143756 -0.099692  0.0887
  0.053967 -0.034947 -0.201859 -0.087986  0.006605 -0.027066]
[-0.847239 -0.707901 -0.641609 -0.693222 -0.616274 -0.450683 -0.022757
  0.044398 -0.04647   0.028151 -0.050417 -0.064958 -0.003377 -0.050966
  0.012925  0.003574 -0.019175 -0.048501  0.025976  0.005375]
[-0.885333 -1.073613 -0.76845  -1.009298 -0.674921 -0.999168 -0.013006
  0.080471  0.012826  0.002269  0.024033 -0.011029  0.068404  0.071118
  0.027175  0.078825  0.019849 -0.005695  0.04569   0.047434]
[-0.913886 -1.066772 -1.010514 -1.093235 -1.06788  -1.322781 -0.197865
 -0.039332 -0.098639 -0.023085 -0.004894 -0.093841 -0.01243  -0.113496
 -0.144992  0.076747  0.037798 -0.103773 -0.005031  0.012908]
[-0.813211 -0.767453 -0.876939 -0.87589  -0.848246 -0.97185  -0.009887
 -0.096786  0.029141  0.028973 -0.008294  0.015607  0.112842 -0.031338
 -0.094796  0.061187 -0.009189  0.043078 -0.047907  0.001187]
[ -8.751421e-01  -8.404850e-01  -1.011997e+00  -7.170929e-01  -7.254560e-01
  -7.282311e-01  -2.389705e-01  -4.114655e-02   7.015689e-03   5.606084e-02
   4.406230e-02  -8.771498e-02   3.328461e-02  -2.731380e-02  -5.040841e-02
   4.380817e-04   7.741330e-02  -2.141890e-01  -2.808335e-02   1.410107e-03]
[-1.173865 -1.273826 -0.998435 -1.250452 -0.96636  -1.179861 -0.053168
  0.009635 -0.075709  0.028914  0.015693 -0.019744  0.073316 -0.085612
  0.002037  0.042989  0.042628 -0.018577  0.018246  0.064394]
[-0.972739 -0.982104 -0.801338 -1.008495 -0.846583 -0.924732 -0.038586
  0.045187  0.050355  0.035331  0.021861  0.063565 -0.062849  0.092989
  0.077556 -0.02657   0.106541 -0.020871  0.041045 -0.008416]
[-1.238005 -1.260717 -1.173275 -1.067685 -1.126696 -1.126553 -0.010542
  0.060112 -0.007796 -0.045536  0.077339 -0.085671  0.121525  0.098168
  0.010962  0.207218 -0.031076  0.026596 -0.029578 -0.010705]
[-0.773683 -0.9836   -0.887517 -0.878516 -0.846527 -1.020919  0.044403
 -0.036774 -0.051265  0.037231 -0.070394 -0.064877  0.038832 -0.087543
 -0.061795 -0.026418  0.018548  0.06071  -0.009006  0.021654]
[-1.004627 -0.999729 -1.056483 -1.143358 -1.079866 -1.151775  0.029021
 -0.178399  0.089245 -0.061849  0.047986 -0.028377  0.032155  0.019473
 -0.22664   0.048951 -0.066583  0.066916  0.070468  0.038889]
[-1.058943 -1.188853 -0.928228 -1.210374 -0.800543 -0.982508 -0.038887
  0.005658 -0.155904  0.022956  0.02585  -0.075972 -0.107956 -0.002956
  0.071942 -0.311398  0.018055 -0.041839  0.013734 -0.07222 ]
[-1.060742 -1.133791 -1.025331 -1.061528 -1.006744 -1.14264   0.086429
 -0.012323 -0.070211 -0.141767 -0.057758 -0.081933  0.096216  0.022217
  0.044998  0.131049 -0.104355  0.157977 -0.014755 -0.013685]
[-0.761052 -0.518988 -0.90612  -0.516603 -0.869944 -0.619405 -0.003505
  0.048026 -0.017358  0.094048  0.041562 -0.017953  0.025259  0.04779
  0.031974  0.003019  0.09129   0.016686 -0.050982 -0.006299]
[-1.098266 -1.077426 -0.820521 -1.069499 -0.936717 -0.907865 -0.053204
 -0.012567 -0.033653 -0.032207  0.002234 -0.061349 -0.069227 -0.054116
  0.063303 -0.056023  0.031264 -0.090289 -0.063634 -0.020805]
[-0.890175 -0.769926 -0.827022 -0.740371 -0.781342 -0.722455  0.004408
  0.011219 -0.005199 -0.013898  0.056545 -0.020609 -0.001366  0.023895
  0.013179  0.005582  0.0076    0.023576 -0.001708 -0.00325 ]
[ -1.060427e+00  -9.147518e-01  -9.244229e-01  -9.203024e-01  -9.662931e-01
  -8.133933e-01  -4.772706e-02  -2.766613e-03   2.318593e-02  -2.591583e-02
  -4.092848e-03  -5.094270e-02  -9.413752e-02   1.591547e-02   9.622368e-04
  -7.866320e-02  -3.441444e-02  -6.928670e-02   1.928338e-02  -8.099693e-03]
[-0.818981 -1.040209 -0.891262 -0.931796 -0.868378 -1.143825  0.031565
  0.18763  -0.291685 -0.098696 -0.02266  -0.229529  0.137417 -0.04118
  0.050115 -0.024196 -0.016852 -0.103693  0.036701 -0.015403]
[ -9.269720e-01  -8.922882e-01  -7.811927e-01  -9.183000e-01  -8.496925e-01
  -8.145255e-01   1.033044e-02   7.163236e-02  -8.717019e-02   7.056334e-03
   7.059230e-02  -1.368058e-01  -3.518870e-02   1.463196e-01   6.863202e-02
  -2.933614e-02   4.671923e-04   6.283363e-03  -7.727981e-03   1.691701e-02]
[-0.871415 -0.78643  -0.789077 -0.722481 -0.768075 -0.701887  0.076327
 -0.013422 -0.011633  0.02069   0.05829   0.001125  0.038381  0.083216
  0.008814  0.038771  0.082849  0.100918 -0.017102 -0.023846]
[-0.932811 -0.557055 -0.828281 -0.482695 -0.647377 -0.371415  0.111509
  0.094492 -0.04271   0.051372  0.048943 -0.128175 -0.045277  0.042804
  0.145866 -0.108051  0.056532  0.142286 -0.016267 -0.010798]
[-0.736436 -0.650598 -0.678654 -0.643853 -0.64977  -0.553557 -0.067078
  0.080232  0.009484  0.032577  0.072045  0.003264  0.029319  0.074153
  0.09394   0.040745 -0.00144  -0.073009  0.035244  0.025297]
[-0.963706 -0.968446 -0.647248 -0.91893  -0.583957 -0.5657    0.070598
  0.116016  0.053346  0.005491  0.045     0.073857  0.088154 -0.004865
  0.109314  0.123721  0.111356  0.01298   0.053203  0.011426]
[-0.807513 -1.346845 -0.7785   -0.86727  -0.641001 -0.840016 -0.05796
 -0.003395  0.072193 -0.151673 -0.085247  0.07601   0.123484 -0.100474
 -0.033556  0.091632 -0.205393  0.029629 -0.03693   0.040802]
[-0.997487 -0.917105 -0.866744 -0.916198 -0.917379 -0.836578 -0.016613
  0.037069 -0.014422 -0.024083  0.024297  0.002614  0.034393 -0.025139
 -0.040614  0.021981 -0.053987 -0.034335  0.01971  -0.004495]
[ -1.063263e+00  -9.945055e-01  -9.645005e-01  -1.021211e+00  -1.096496e+00
  -9.987010e-01   9.212518e-02   8.805926e-02   7.495592e-02   6.385896e-02
   2.385831e-02   4.129776e-02  -2.867225e-02  -7.599258e-03   9.801701e-02
  -3.596987e-03   7.128578e-02   3.340993e-02   8.833593e-03  -1.258744e-04]
[-0.680869 -0.48607  -0.836665 -0.384386 -0.9027   -0.637763 -0.168037
 -0.093627  0.00922  -0.012808  0.12702   0.067475  0.007909  0.126693
 -0.17494   0.036192 -0.041649 -0.253903 -0.011536 -0.04177 ]
[-0.630535 -0.774649 -0.7398   -0.713886 -0.611325 -0.795254  0.071558
 -0.153179  0.089369  0.113482 -0.050418  0.090843 -0.043787 -0.009761
 -0.219124 -0.007107  0.089082  0.107812  0.009569 -0.01543 ]
[ -8.804684e-01  -1.207243e+00  -1.062901e+00  -1.051159e+00  -8.302456e-01
  -1.107152e+00  -1.844411e-02   8.067589e-02  -9.869378e-02  -1.096626e-01
  -1.181453e-02  -6.023544e-02   4.460528e-02   1.949583e-04   1.230978e-01
   5.499829e-02  -1.901114e-01  -3.405606e-02  -1.740727e-02   2.761647e-02]
[-0.854061 -0.686388 -0.618095 -1.004005 -0.972168 -0.751287  0.074521
  0.205928  0.040497  0.062489 -0.151066  0.079927  0.032545 -0.110947
  0.232153  0.023895  0.08883   0.074527 -0.033766 -0.015814]
[-0.764832 -1.114573 -1.035315 -0.679877 -0.610445 -0.87575  -0.016785
  0.04666   0.07514  -0.144135  0.178858  0.115455 -0.083109  0.140888
 -0.061497 -0.041909 -0.118656 -0.059063  0.046324  0.096606]
[-0.858396 -0.829149 -0.678991 -1.017809 -0.858358 -0.899065 -0.027131
 -0.101593 -0.118666 -0.075338 -0.013486 -0.106566  0.001136  0.022431
 -0.152988  0.038845 -0.132377 -0.044445 -0.035481 -0.028404]
[-0.974517 -0.985967 -0.932314 -0.903955 -0.90962  -0.822424 -0.012912
 -0.08597   0.023289 -0.02053   0.083293  0.105545 -0.007533  0.102522
 -0.100299 -0.02131  -0.137552 -0.05507  -0.051767  0.006059]
[-0.918343 -0.882253 -0.861276 -0.896974 -0.703766 -0.870539 -0.023623
  0.042378 -0.107817  0.000962  0.121782 -0.181824  0.057013  0.144726
  0.188534  0.142687  0.068967  0.192219  0.002266 -0.016479]
[-1.130851 -0.611345 -0.797857 -0.670153 -0.962436 -0.555574 -0.119754
  0.096133  0.047961  0.044769 -0.081898 -0.056812  0.149928 -0.032461
  0.140131  0.115419 -0.007057 -0.080069  0.075584  0.023525]
[-0.979812 -1.086963 -0.897687 -1.035639 -0.892223 -1.040394  0.044705
 -0.126396  0.087675 -0.049291  0.087868  0.015579 -0.123854  0.074116
 -0.132687 -0.085308 -0.053268  0.042625 -0.063104  0.011896]
[-0.928695 -0.981832 -0.810756 -0.807403 -0.840833 -0.77736   0.125405
 -0.02013  -0.027377 -0.147052  0.131278 -0.071988  0.048699  0.096434
 -0.050645  0.100992 -0.10995   0.163105  0.08797   0.015015]
[-0.978597 -1.080544 -0.866747 -1.25144  -1.024716 -1.171647 -0.050469
  0.126472  0.188704  0.049393 -0.191506  0.25189   0.05789  -0.158304
  0.123997  0.06706   0.089928  0.019268 -0.033792 -0.00936 ]
[-1.097393 -1.184467 -1.036529 -0.975564 -0.804531 -0.923808  0.01189
 -0.034573  0.239948 -0.012046  0.022399  0.181761 -0.011541  0.067426
  0.039443 -0.075679  0.073162 -0.052111  0.089666  0.051453]
[-1.002585 -1.01292  -0.933553 -1.17628  -0.911844 -1.093608  0.058054
 -0.010559 -0.052986 -0.008741 -0.061354 -0.023945 -0.047592 -0.077582
 -0.042446 -0.044499 -0.033552  0.030329 -0.021897 -0.01569 ]
[-0.907568 -1.127804 -0.883674 -0.923292 -0.711899 -0.980036 -0.013585
  0.048055 -0.016811  0.077085  0.143392 -0.025439  0.020111  0.125219
  0.135547  0.069082  0.00616   0.012593 -0.062316 -0.022609]
[-1.193706 -1.28884  -1.246336 -1.21314  -1.06563  -1.394155  0.145791
 -0.031893  0.034852 -0.170594 -0.008387  0.076461  0.235151  0.01695
 -0.030753  0.201323 -0.170241  0.168336 -0.011535 -0.026207]
[ -8.972277e-01  -8.887959e-01  -1.052119e+00  -9.244077e-01  -1.138269e+00
  -1.047921e+00  -4.321137e-02   1.050341e-03  -9.539364e-02  -6.852529e-02
  -6.699710e-02  -1.391652e-01  -1.422222e-01  -5.943707e-03   1.325548e-02
  -1.131776e-01  -2.124375e-02  -6.124520e-02   2.671852e-02  -1.503452e-02]
[-0.836178 -0.863442 -0.829589 -0.639863 -0.607273 -0.642032  0.066875
  0.004014 -0.066785 -0.011519  0.094126  0.008571  0.031425  0.125606
  0.025958  0.029911 -0.06093   0.030529 -0.011758  0.018605]
[-0.907561 -0.915816 -0.853987 -0.800638 -0.758794 -0.938773 -0.013659
  0.003216 -0.026362  0.112634  0.02834   0.04017  -0.005098 -0.026191
 -0.051561  0.013304  0.133075  0.052734  0.002364  0.027234]
[ -8.406407e-01  -9.063998e-01  -9.666274e-01  -1.087128e+00  -1.208038e+00
  -1.377616e+00  -1.164529e-03  -6.863147e-02  -3.830254e-03  -5.059760e-02
   3.513975e-03   2.249523e-02  -5.161566e-02  -2.214365e-02  -7.854883e-02
  -7.931984e-02  -5.153509e-02   1.091323e-02   1.008645e-01  -1.803214e-02]
[-1.188947 -1.038911 -0.947111 -1.232044 -1.054193 -0.904147  0.042053
 -0.028101  0.121714  0.096036 -0.031305  0.022923 -0.0143    0.024428
  0.046364 -0.056354  0.012193 -0.01697   0.010661 -0.019377]
[-0.924791 -0.961096 -1.024146 -0.8087   -0.867114 -0.819081  0.014908
 -0.033637 -0.086935  0.054366  0.025695 -0.148298  0.014448  0.018757
 -0.01278   0.011179  0.066886 -0.041914  0.025203 -0.01795 ]
[-0.900678 -0.983777 -0.633317 -1.263476 -0.891257 -1.058995  0.072232
 -0.100883  0.246791  0.02799  -0.109052  0.204372 -0.028962 -0.11038
 -0.079004  0.007154  0.103404  0.102739 -0.028009  0.034147]
[-0.810322 -0.688444 -0.594845 -0.721781 -0.615645 -0.522743  0.011496
  0.058758 -0.026005  0.047547  0.02739  -0.046247 -0.014151  0.039356
  0.041261  0.012117  0.043089  0.045599 -0.0173   -0.00325 ]
('Mean', 1, ': ', -0.81032158576383273)
('Median', 1, ': ', -0.81032158576383273)
('Variance', 1, ': ', 0.0)
('Mean', 2, ': ', -0.68844399140761359)
('Median', 2, ': ', -0.68844399140761359)
('Variance', 2, ': ', 0.0)
('Mean', 3, ': ', -0.59484531917777861)
('Median', 3, ': ', -0.59484531917777861)
('Variance', 3, ': ', 0.0)
('Mean', 4, ': ', -0.72178127729921193)
('Median', 4, ': ', -0.72178127729921193)
('Variance', 4, ': ', 0.0)
('Mean', 5, ': ', -0.6156453946159991)
('Median', 5, ': ', -0.6156453946159991)
('Variance', 5, ': ', 0.0)
('Mean', 6, ': ', -0.52274257895099463)
('Median', 6, ': ', -0.52274257895099463)
('Variance', 6, ': ', 0.0)
('time: ', 10123.710547208786)
