“Running plot script on a single CPU core”
[-0.965561 -1.069452 -0.886747 -1.013633 -0.883254 -0.89825   0.037079
 -0.075422  0.015847  0.025414  0.116692  0.026501 -0.095396  0.073208
 -0.005091  0.010659  0.038066  0.002038  0.009655  0.041891]
[-0.755715 -0.812001 -0.752745 -1.001912 -0.974095 -0.992172 -0.09912
  0.098198  0.019785  0.009573  0.008373  0.027214 -0.015692 -0.022734
  0.037238  0.050079  0.029411 -0.107761 -0.039438 -0.011091]
[-1.084164 -0.880244 -0.643864 -1.017742 -0.797492 -0.390435 -0.05218
  0.087654 -0.111121  0.09914   0.268393 -0.076524  0.020743  0.244685
  0.00114  -0.00327   0.092903 -0.066305  0.034962 -0.01593 ]
[ -9.026472e-01  -8.728367e-01  -6.272716e-01  -8.353816e-01  -6.198386e-01
  -6.351175e-01  -3.563256e-02   3.062930e-02  -6.436307e-02  -5.971977e-02
  -7.216468e-02  -8.728261e-02   8.865693e-02  -7.139823e-02   9.765342e-03
   1.090725e-01  -4.985261e-02  -2.387106e-04   4.058393e-02   1.181625e-02]
[ -8.618968e-01  -8.472003e-01  -9.059114e-01  -5.199005e-01  -8.269620e-01
  -8.423274e-01   1.640556e-01   3.052952e-02   3.017485e-02  -3.155773e-02
  -1.157579e-02  -9.886128e-02   2.149668e-02   2.234985e-03   2.078416e-02
   8.281557e-02  -6.796598e-02   1.732863e-01  -1.177334e-01  -6.395274e-04]
[-1.100475 -0.73653  -1.055719 -0.693614 -1.06289  -0.602172  0.089816
  0.11833  -0.040018  0.061956  0.035772 -0.022569 -0.028272  0.049326
  0.126907 -0.041565  0.093292  0.07392  -0.072922 -0.016109]
[-1.140144 -1.098955 -0.920653 -1.062628 -0.875634 -1.074138  0.053753
  0.027234  0.030217 -0.006227 -0.071783  0.006227  0.068806 -0.009328
 -0.098079  0.048374  0.04192   0.11386  -0.05098  -0.014842]
[-0.795114 -0.78403  -0.617947 -0.957551 -0.811088 -0.76053  -0.049377
  0.193654  0.050167 -0.091279  0.118375  0.082499  0.002426  0.131629
  0.141818 -0.054664 -0.108596 -0.010584  0.022998 -0.018715]
[-0.93195  -0.866311 -0.629721 -1.0659   -0.954729 -1.142899  0.042601
  0.008741 -0.087099 -0.110719 -0.042684 -0.084358  0.032367 -0.052373
  0.019312 -0.052565 -0.019821 -0.063425 -0.053583 -0.027706]
[ -7.097407e-01  -9.070189e-01  -8.926080e-01  -7.698793e-01  -8.305170e-01
  -9.889268e-01   4.313343e-02  -8.242579e-02   3.537597e-02  -2.612473e-02
  -4.020234e-04  -3.526927e-05   6.597802e-02   5.357152e-02  -7.923408e-02
   4.095820e-02   7.081973e-02   6.350567e-03   1.238081e-02  -5.801049e-03]
[ -1.039355e+00  -8.247577e-01  -8.128688e-01  -9.247697e-01  -8.516191e-01
  -7.019291e-01  -6.560054e-02  -9.967397e-03   2.418065e-02   2.799973e-02
  -1.420723e-02   5.404860e-03  -5.425995e-02  -4.198371e-02  -7.458047e-05
  -1.401763e-01   6.992723e-02  -7.486781e-03  -6.039381e-02  -2.402780e-03]
[-0.685607 -0.882725 -0.680174 -0.832244 -0.538489 -0.794708 -0.196316
  0.152374  0.087615 -0.159508  0.073388  0.100937 -0.014749  0.021005
  0.143093 -0.036005 -0.164915 -0.230844  0.082501  0.011331]
[ -1.151912e+00  -9.831325e-01  -1.125129e+00  -7.771969e-01  -9.831665e-01
  -8.241588e-01   1.694638e-01  -1.747795e-02  -3.473273e-02  -1.081242e-03
   1.655307e-01  -1.954987e-02   2.067248e-01   2.138436e-01  -1.204359e-01
   1.091059e-01   1.204350e-01   1.734976e-01  -2.681133e-03  -2.374728e-02]
[-0.737664 -0.716063 -0.622718 -0.689204 -0.50491  -0.568317 -0.027761
 -0.111599  0.00752  -0.02132   0.067543 -0.009261  0.030443  0.031101
 -0.093201  0.071636  0.002092 -0.055973  0.003262  0.001715]
[ -1.066146e+00  -1.041803e+00  -9.397924e-01  -9.261432e-01  -9.656262e-01
  -7.225514e-01   3.107577e-02  -2.699287e-02   3.942179e-02  -4.208039e-02
   3.585685e-04   1.218021e-01  -2.542448e-02   2.574851e-02  -1.264902e-02
  -7.689151e-02  -1.244962e-02  -7.343779e-02   7.314739e-03   1.765478e-02]
[-0.873938 -0.585314 -0.625316 -0.807874 -0.759448 -0.458859  0.019967
 -0.086438 -0.049619  0.029538  0.162738 -0.078477  0.052076  0.072817
 -0.029353  0.04439  -0.018723  0.069271  0.022231  0.06197 ]
[-1.026528 -0.931308 -0.95258  -0.955351 -0.92074  -0.798346 -0.101662
 -0.089597 -0.141709  0.041204  0.058168 -0.123249 -0.034391  0.029375
 -0.120658  0.026698 -0.067473 -0.253977  0.03542  -0.05737 ]
[ -1.068146e+00  -1.030642e+00  -9.375419e-01  -1.055584e+00  -9.579167e-01
  -8.716702e-01  -9.414736e-02   2.659624e-04  -5.513048e-02   3.734772e-02
   2.365929e-02  -7.305262e-02  -1.617700e-02   3.819230e-02   2.323326e-02
  -7.056853e-02   1.025940e-01  -7.561307e-02   1.201900e-02   1.520026e-02]
[-0.972727 -1.103467 -1.054476 -0.944887 -0.90387  -0.939138 -0.073732
  0.010413 -0.100228 -0.02571   0.070855 -0.075036  0.045689  0.050096
 -0.08721   0.034158 -0.103494 -0.027365 -0.002071 -0.068045]
[-0.904505 -0.915954 -0.791039 -0.988031 -0.819696 -0.811235  0.034073
  0.066209  0.076634 -0.079362 -0.022981  0.037582 -0.176361 -0.06008
  0.063251 -0.146434 -0.069076  0.035627 -0.004176  0.046062]
[-1.08816  -0.919173 -1.094669 -0.773342 -0.911611 -0.808747  0.074607
  0.030851 -0.018791 -0.074106  0.036958 -0.004387 -0.033012  0.029854
  0.03849  -0.005518 -0.066718  0.048385 -0.068581 -0.012112]
[-0.992963 -0.952449 -0.959894 -0.990542 -1.04118  -1.079293 -0.11829
  0.154006  0.091646 -0.031081 -0.113185  0.18898  -0.119214 -0.114244
  0.157752 -0.074416 -0.138671 -0.088064 -0.060017  0.033932]
[-0.869841 -0.817563 -0.894903 -0.82909  -0.881357 -0.785098  0.077683
  0.019874 -0.025176  0.02382  -0.092096 -0.03059  -0.071282 -0.063182
  0.009889 -0.072715  0.041549  0.08837   0.029721 -0.004577]
[-0.802653 -1.068468 -0.820403 -0.864684 -0.478406 -0.95159  -0.037062
 -0.080318 -0.046984  0.200628 -0.008541 -0.060134  0.052747  0.01642
 -0.160291  0.011452  0.269742 -0.02674   0.063403  0.052003]
[-0.907606 -0.840016 -0.725108 -0.837554 -0.758292 -0.630815 -0.022018
  0.079997 -0.071246 -0.010149 -0.154839 -0.039227 -0.040825 -0.153456
  0.089752 -0.043612 -0.025334  0.033541  0.011958 -0.001159]
[-1.091776 -0.816437 -0.861717 -0.791402 -0.886731 -0.581228  0.002521
  0.010544  0.054664 -0.070523 -0.001827  0.069118  0.022865  0.021945
  0.088694 -0.023397 -0.039627 -0.049944 -0.008701 -0.044022]
[-0.879933 -0.709026 -0.82981  -0.857357 -0.812573 -0.709971  0.058688
 -0.014664  0.006045  0.017572 -0.02173  -0.028614 -0.153884  0.011648
  0.025758 -0.105655 -0.038956  0.007658 -0.01825  -0.007377]
[ -1.120147e+00  -7.377730e-01  -8.665622e-01  -6.093842e-01  -8.376352e-01
  -5.229951e-01  -3.187911e-02   1.187218e-01   8.296737e-03  -5.618025e-02
   4.847096e-02  -1.488482e-02  -1.538729e-02   5.191802e-02   1.685735e-01
  -3.393846e-02  -6.276984e-02  -1.193398e-01  -8.802518e-04  -8.572757e-03]
[-0.542073 -0.829637 -0.784678 -0.623753 -0.522833 -0.780986 -0.013585
 -0.025083  0.238145  0.089284 -0.007232  0.237655  0.015172  0.057981
  0.022579  0.00245   0.12127   0.027319  0.029194  0.001219]
[-1.264612 -1.261985 -1.311248 -1.246672 -1.30802  -1.38968   0.100639
  0.048169  0.045739 -0.019164  0.073966  0.056839  0.074673 -0.004907
  0.045778  0.166941 -0.096219  0.023798 -0.037151 -0.042664]
[-1.045432 -1.019048 -1.029579 -0.897509 -0.985719 -0.944831 -0.075506
 -0.01733   0.167915 -0.043685 -0.035079  0.141134 -0.051813  0.054866
  0.024156 -0.075647 -0.05719  -0.126855  0.011304  0.00849 ]
[-1.065007 -0.935739 -1.079697 -0.764012 -0.955995 -0.985891 -0.222555
  0.06069   0.016788 -0.133628 -0.058005 -0.041834  0.025728 -0.112141
  0.1379    0.063076 -0.034427 -0.199992  0.054124  0.046446]
[-1.251471 -0.756896 -1.029149 -0.925563 -1.013781 -0.47181   0.008739
 -0.030896 -0.00622   0.01576  -0.051765  0.047079 -0.003625 -0.147542
  0.029532  0.03902   0.023425 -0.072342  0.00706   0.033989]
[-0.832574 -0.827722 -0.736404 -0.89056  -0.826931 -0.771597 -0.064234
  0.034119  0.020318 -0.053717 -0.009435  0.034106  0.031403  0.002092
 -0.010036  0.068642 -0.055986 -0.007859 -0.010074 -0.019424]
[-0.80501  -0.78245  -0.915012 -0.527037 -0.650392 -0.730616 -0.051332
  0.017227  0.004526 -0.14412   0.056988  0.017957 -0.089989  0.097008
  0.005985  0.0169   -0.01569  -0.063867 -0.104731 -0.027691]
[-0.938147 -0.823142 -0.61769  -0.778339 -0.373063 -0.317326 -0.025851
  0.022526  0.015586  0.295671  0.039218  0.083035 -0.0275    0.019273
  0.001209 -0.046135  0.353973 -0.009287 -0.037697  0.006922]
[ -1.118789e+00  -8.492755e-01  -9.616494e-01  -7.219475e-01  -1.036106e+00
  -7.538613e-01   6.151644e-02  -1.291415e-02   6.496142e-04   1.775734e-02
  -5.472341e-02   7.730411e-03  -8.049201e-02  -1.433044e-02  -1.004743e-02
  -1.417255e-01  -7.271402e-02   9.479253e-02   5.109390e-02   8.494001e-03]
[ -1.342108e+00  -1.388364e+00  -1.394258e+00  -1.141871e+00  -1.082930e+00
  -1.048650e+00  -6.568498e-02   4.588579e-03  -1.621046e-01  -9.563138e-03
   8.884544e-02  -8.225290e-02   6.101373e-02  -3.548396e-04  -4.733370e-02
   1.947654e-02  -1.092915e-01  -8.318112e-02  -7.756381e-02  -1.667441e-02]
[-0.846185 -0.90705  -0.883493 -0.888879 -0.882838 -1.088563  0.005057
  0.022313  0.036353  0.031466 -0.033446  0.131151 -0.001177 -0.111971
  0.046532 -0.013008 -0.010436  0.044595 -0.006918 -0.015261]
[-0.95279  -0.740575 -0.709623 -0.960319 -0.819522 -0.728867 -0.010922
 -0.17388  -0.079483 -0.094562 -0.005648 -0.034916 -0.140613 -0.037464
 -0.014294 -0.184179 -0.052406 -0.06704  -0.021873 -0.002887]
[-0.916887 -0.934167 -0.899139 -0.917218 -0.990252 -0.894118  0.020077
 -0.007095 -0.197658  0.011661  0.040076 -0.127399  0.008149  0.129818
  0.017827  0.003159 -0.02874   0.043075 -0.042824 -0.01424 ]
[-1.274621 -1.082912 -0.920629 -1.158831 -0.842874 -0.900167  0.003758
 -0.176661  0.140718  0.155509 -0.017028  0.085303 -0.079779 -0.018654
 -0.131279  0.069371  0.116835  0.115128  0.228899  0.049191]
[-0.933637 -0.945313 -0.818704 -1.162932 -0.924258 -1.122966  0.016965
  0.036736  0.086558  0.057699  0.005921  0.02963  -0.143241  0.036264
  0.02502  -0.164135  0.065451  0.064346  0.017207  0.040239]
[ -4.659151e-01  -5.430365e-01  -4.727782e-01  -7.738648e-01  -7.185080e-01
  -9.778774e-01  -3.339867e-02  -5.091035e-02   1.336354e-01  -7.049888e-04
   7.202357e-02   1.049517e-01   3.629946e-02   1.589552e-01   3.740535e-02
  -4.953415e-02   5.323723e-02  -4.104350e-02   2.765055e-02   1.055510e-02]
[ -1.045196e+00  -8.826070e-01  -1.026729e+00  -8.299277e-01  -9.232056e-01
  -8.023426e-01   8.304749e-02   9.241831e-02  -7.170664e-02   2.062120e-02
   5.721134e-02  -5.540255e-02   5.085680e-02   5.583677e-02   6.777035e-02
   5.564065e-02  -1.969373e-02   8.573987e-03   7.752244e-04  -7.682263e-03]
[-0.951825 -1.000503 -0.6405   -0.988455 -0.627048 -0.726581  0.029001
  0.014755  0.060964  0.093657  0.033884  0.072902  0.010192  0.052341
  0.04438  -0.020903  0.079925  0.063671  0.063943  0.03739 ]
[ -9.456862e-01  -9.279620e-01  -5.624286e-01  -8.943347e-01  -6.226087e-01
  -7.867692e-01   7.137635e-02  -8.480756e-03  -5.638002e-02   1.611968e-01
  -2.504548e-02  -1.905692e-02  -2.266483e-01  -7.458853e-02  -4.898908e-02
  -8.812858e-02   2.141917e-01   3.228606e-02   2.337157e-02   2.653773e-04]
[-1.047377 -0.800351 -0.888743 -0.89015  -0.808829 -0.666692 -0.065943
 -0.035583 -0.011111 -0.120774  0.065911  0.002992 -0.101308  0.032564
 -0.025461 -0.158192 -0.164793 -0.110937 -0.012124 -0.04463 ]
[-0.85352  -0.792106 -0.607368 -0.912044 -0.726762 -0.599176 -0.033208
 -0.016509 -0.008955  0.076417 -0.203911  0.004699 -0.011344 -0.220083
 -0.015818  0.006155  0.054099 -0.028802 -0.01728  -0.001103]
[-0.782389 -0.765724 -0.73098  -0.835912 -0.864042 -0.846638  0.102461
  0.02325  -0.052242 -0.030777 -0.092973 -0.13562   0.010515 -0.144968
 -0.005453 -0.05231  -0.015778  0.029956 -0.029766  0.014431]
[-0.930896 -0.91457  -0.768689 -0.961748 -0.886963 -0.815492  0.006174
  0.045902 -0.015795  0.013736  0.113066  0.023656 -0.04589   0.097286
  0.034603 -0.059213 -0.017607  0.032328 -0.043418 -0.033323]
[-1.17558  -1.290616 -1.222902 -0.974204 -1.029425 -0.99223   0.058539
  0.195818 -0.034109 -0.079612  0.097815 -0.04435   0.190358  0.053302
  0.134603  0.154327 -0.119368  0.050608  0.099492  0.061902]
[-0.957567 -0.775186 -0.764801 -0.933953 -0.902617 -0.768527  0.160677
  0.032014  0.011521  0.055657  0.039112  0.046428 -0.026704  0.004379
  0.093502  0.0123    0.042644  0.216615  0.025668  0.021946]
[-1.038295 -1.02065  -0.866343 -0.972225 -0.936732 -0.99567   0.034554
  0.002852  0.043347  0.083792 -0.01701   0.039517 -0.0321   -0.02893
 -0.025596 -0.004671  0.085424  0.009157  0.035121 -0.00154 ]
[-0.954704 -0.77045  -0.619655 -0.81185  -0.512923 -0.613355  0.078764
  0.03682  -0.069024 -0.108181  0.081413  0.025075  0.176145  0.108444
  0.0195    0.152008 -0.254902  0.06305  -0.062191 -0.014557]
[-1.093017 -0.650328 -0.827856 -0.607226 -0.684046 -0.406509 -0.139675
 -0.14157   0.018166  0.182828  0.038209  0.102709  0.233429  0.114665
 -0.169683  0.151339  0.118076 -0.277645  0.094026 -0.022976]
[-0.901509 -0.783333 -1.003258 -0.566682 -0.780124 -0.767714 -0.086348
 -0.003527  0.064917 -0.022951  0.073939  0.04893  -0.109712  0.033493
  0.074679 -0.113589  0.046395 -0.099041  0.008008 -0.002245]
[ -5.627997e-01  -4.485833e-01  -4.122667e-01  -9.812857e-01  -8.011643e-01
  -6.926947e-01  -3.462228e-02  -1.567936e-01  -1.055605e-01   6.621339e-04
  -3.608322e-02  -7.782063e-02   1.701431e-02  -4.768682e-02  -2.576470e-01
   2.444904e-02  -7.038750e-02  -1.130428e-01  -6.785763e-02   6.249592e-03]
[-1.038853 -0.993046 -0.946409 -1.022816 -0.846972 -0.901498 -0.114296
 -0.002296 -0.002174  0.085953  0.019329  0.04839  -0.076775  0.024799
  0.009395 -0.066001  0.010929 -0.122588  0.014904  0.037411]
[-0.645944 -0.690357 -0.611838 -0.745038 -0.640273 -0.718345  0.040743
 -0.034521 -0.077767  0.010377 -0.049464 -0.117224 -0.0879   -0.031264
  0.002972 -0.049444  0.017015  0.012729 -0.006541  0.009086]
[-0.982629 -0.733988 -0.685507 -0.733583 -0.767132 -0.535757  0.018985
 -0.096927  0.040981  0.017242 -0.057491  0.054102 -0.078662 -0.054817
 -0.049991 -0.093357  0.006809 -0.044285 -0.06701  -0.005121]
[-0.892683 -0.921268 -0.866015 -0.986948 -0.810242 -0.896336  0.006887
  0.076799  0.026834  0.051611 -0.005012 -0.0047   -0.020631 -0.050403
  0.073815 -0.013605  0.113286  0.032818  0.057563 -0.013699]
[-1.326245 -1.21079  -0.823093 -1.35134  -1.045856 -1.064431 -0.037409
  0.048881 -0.03824  -0.09177   0.103876 -0.110425 -0.13753   0.186828
  0.034097 -0.166117 -0.044155 -0.076065 -0.004443 -0.070859]
[-0.827719 -1.018127 -0.908943 -0.739582 -0.669863 -0.794065 -0.129664
 -0.042243 -0.019881 -0.10645   0.080109 -0.020566  0.032947  0.081958
 -0.006613  0.018907 -0.045235 -0.067372  0.011854  0.02688 ]
[-0.641609 -0.678234 -0.759298 -0.748031 -0.78812  -1.059573 -0.088804
  0.133046  0.080686  0.024339 -0.090047  0.03817  -0.034599 -0.174326
  0.201111 -0.068628 -0.048033 -0.086154  0.074237  0.038873]
[-0.799569 -0.949138 -0.944532 -0.854292 -0.872852 -0.984903 -0.143199
  0.053818 -0.0042    0.016292  0.144137 -0.021442 -0.027331  0.176513
  0.058772 -0.029873  0.101393 -0.075116  0.07179   0.023997]
[-1.144872 -0.903438 -1.009551 -1.011881 -1.155711 -0.93802   0.043977
  0.032394  0.048686 -0.091681 -0.109903  0.018983  0.015891 -0.074438
  0.074301  0.008369 -0.138027  0.020138 -0.087631 -0.075289]
[-1.003484 -0.872167 -0.790744 -0.91543  -0.81769  -0.724271  0.07415
  0.043153 -0.019135  0.082006 -0.106947 -0.004608 -0.027547 -0.095671
  0.055911  0.009521  0.052981  0.018477 -0.037883 -0.029294]
[-1.142205 -1.106451 -0.957712 -1.111046 -1.055543 -0.930611  0.026596
 -0.045736 -0.01151  -0.067101  0.013337 -0.014384  0.026321 -0.021221
  0.035871  0.024446 -0.106505 -0.128565  0.040654  0.020417]
[-0.873941 -0.956934 -0.907397 -0.926911 -0.856493 -0.710145  0.020867
  0.047195  0.041424  0.00296   0.087481  0.132819 -0.04382   0.097075
  0.107517 -0.075631  0.01345  -0.027869 -0.040728 -0.032575]
[ -1.076596e+00  -8.801976e-01  -7.966646e-01  -9.393744e-01  -9.676355e-01
  -8.015948e-01   1.424814e-01  -6.634217e-03  -9.669150e-02  -1.978977e-02
   9.529494e-02  -3.535419e-02  -1.260693e-01   1.138340e-01  -2.644655e-02
  -1.388057e-01   1.443789e-02   2.180787e-01  -1.066002e-03  -1.920770e-02]
[-0.975844 -0.86871  -1.227458 -0.764721 -0.834649 -0.795197  0.114644
  0.001774 -0.058047  0.133555  0.187136 -0.172032  0.074253  0.166521
 -0.20068   0.19162   0.021978  0.167177  0.048273  0.017768]
[-0.773207 -0.743323 -0.891593 -0.797532 -0.968234 -0.953825  0.002663
  0.016354 -0.136295  0.005423 -0.099512 -0.160766  0.035602 -0.101053
  0.005196  0.032964  0.032582 -0.072064  0.017111  0.003227]
[-0.794291 -0.704537 -0.774226 -0.779111 -0.920735 -0.860039  0.009327
  0.075287  0.035028  0.093356 -0.026505  0.056405 -0.069801  0.003028
  0.069253 -0.078113  0.038579 -0.044569 -0.056525  0.018775]
[-1.000523 -0.948115 -0.932758 -0.930906 -0.769401 -0.847773  0.249738
  0.111919 -0.131382 -0.032336  0.020477 -0.026043 -0.015687 -0.053622
  0.106069 -0.005436  0.050975  0.203741  0.018002 -0.017077]
[-0.904696 -0.685539 -0.74673  -0.810356 -0.894815 -0.726123  0.045163
  0.256272 -0.094113  0.034005  0.13799  -0.05328  -0.064514  0.14458
  0.273724 -0.168281  0.023568  0.059038  0.009839 -0.049879]
[ -1.060545e+00  -9.427486e-01  -1.028267e+00  -8.376962e-01  -8.676493e-01
  -7.941319e-01   6.144248e-02  -8.560599e-02   1.266111e-01  -3.829209e-02
   5.500333e-02   1.058819e-01   1.293243e-02   7.779510e-02  -6.997269e-02
   4.621865e-02  -5.602453e-02  -8.810113e-04   8.193114e-02   2.522908e-02]
[-0.964989 -0.947291 -0.786982 -0.973484 -0.844111 -0.844334  0.036849
  0.073022  0.026077  0.01453  -0.057063  0.053321 -0.052297 -0.044634
 -0.003261 -0.038629 -0.014754  0.04633  -0.042297 -0.004092]
[-0.804915 -0.984261 -0.755613 -0.810653 -0.605659 -0.652213 -0.146781
 -0.158664 -0.032998 -0.028005 -0.193396 -0.052832 -0.168545 -0.090659
 -0.196896 -0.125885  0.012298 -0.061691 -0.022303 -0.031161]
[-0.948935 -0.855347 -0.929381 -0.833533 -0.916096 -1.048219 -0.002658
 -0.033313  0.067477 -0.117835 -0.028906  0.121925 -0.05234   0.038894
  0.042737 -0.005366 -0.162766 -0.031239  0.005188 -0.015993]
[-0.930383 -0.929259 -0.557484 -0.850738 -0.504308 -0.709286 -0.027087
  0.018161 -0.101554  0.080062  0.062551 -0.121353  0.088529  0.048491
  0.036779  0.071419  0.114753 -0.06781  -0.025544 -0.022893]
[-1.163487 -1.122816 -1.075561 -1.079183 -1.026618 -1.057799  0.152016
 -0.100703 -0.073748  0.0748   -0.011436 -0.044981 -0.118724 -0.08604
 -0.088015 -0.111349  0.034165  0.108724  0.067837  0.025153]
[-0.834964 -0.687336 -0.77937  -0.624466 -0.758864 -0.550151  0.040193
  0.113362 -0.00352   0.024158  0.019664  0.003872  0.041252  0.0051
  0.102734  0.07303   0.005476  0.010783 -0.025424  0.016018]
[-0.984611 -1.03379  -0.676956 -1.028528 -0.677475 -0.697585 -0.093995
  0.112881 -0.031011  0.004716 -0.074284 -0.069411  0.072374 -0.115016
  0.11762   0.053334 -0.014532 -0.081107 -0.023075 -0.014981]
[-0.832944 -0.794759 -0.643077 -0.844344 -0.631197 -0.594723 -0.09074
 -0.090747 -0.040435  0.018947 -0.04195  -0.01924  -0.201559 -0.00733
 -0.053779 -0.241407 -0.099886 -0.13235  -0.044875 -0.045803]
[-0.828033 -0.975593 -0.809812 -0.760974 -0.646716 -1.114192 -0.042508
  0.023908 -0.023819  0.009661  0.006552 -0.030223  0.030021  0.053649
  0.018853  0.002689  0.049885 -0.09026   0.033313  0.002782]
[-0.743766 -0.717305 -0.761623 -0.749225 -0.836473 -0.756327 -0.040242
 -0.004174 -0.052124 -0.041313 -0.032911 -0.023165  0.084467 -0.025193
 -0.055328  0.105632  0.005789 -0.042175  0.01916   0.001173]
[-0.700916 -0.84649  -0.849101 -0.788691 -0.83085  -0.893069  0.02567
 -0.085466  0.272996  0.078634  0.004635  0.287752  0.020267  0.097157
  0.00899   0.007215  0.053147  0.036501  0.0051    0.007933]
[-0.681662 -0.781515 -0.505028 -0.816442 -0.64258  -0.774471  0.014154
 -0.106989 -0.059025  0.1258    0.068871 -0.164861  0.058737  0.109791
 -0.040659  0.111402  0.139659  0.042763 -0.02636   0.014086]
[-0.924096 -1.067848 -1.038693 -0.827568 -0.934958 -0.896835 -0.090813
 -0.045241  0.107335 -0.031516  0.09083   0.155265 -0.042475  0.09097
 -0.0952   -0.077199 -0.028643 -0.047513  0.033126  0.018071]
[ -9.120035e-01  -9.718626e-01  -9.062991e-01  -8.761304e-01  -8.316812e-01
  -9.523642e-01  -8.233105e-02   2.372834e-02  -7.525436e-02   8.948923e-02
   4.824383e-02  -5.716159e-02  -1.071270e-01   1.940733e-02  -3.855401e-04
  -2.642679e-02   6.853870e-02  -1.172731e-01   3.934285e-02   3.047197e-04]
[ -1.080090e+00  -1.094417e+00  -1.157038e+00  -9.511764e-01  -9.997330e-01
  -1.061889e+00  -4.171490e-02   2.389245e-02  -7.363729e-02  -1.972994e-02
  -4.294164e-02  -1.068322e-01   1.482269e-02   5.981662e-02  -4.650972e-02
  -5.311754e-03  -1.999190e-02  -9.647301e-02   8.823241e-04  -1.194368e-03]
[-1.173785 -0.882657 -0.994272 -0.863906 -1.093595 -0.807184  0.132866
 -0.119569  0.040586 -0.011107  0.091977  0.07746  -0.050593 -0.032302
 -0.170515 -0.139554 -0.011216  0.073977  0.077285  0.053941]
[-0.861525 -0.898662 -0.669194 -0.800707 -0.593687 -0.654568 -0.006069
 -0.021228  0.013542 -0.066403 -0.030804  0.014515  0.037868 -0.025777
 -0.042175  0.085989 -0.080642 -0.007839  0.078972  0.002186]
[-1.066595 -1.100216 -0.962767 -0.927563 -0.858532 -1.04957  -0.086298
  0.057662  0.119787 -0.15207  -0.074204  0.132503 -0.021531 -0.046492
  0.07578  -0.001942 -0.081999 -0.072887 -0.03373  -0.011221]
[-1.126307 -0.912963 -0.967617 -1.159496 -1.202267 -1.111021 -0.037311
 -0.1359    0.102477  0.031607 -0.038958  0.086247 -0.124342  0.036808
 -0.038102 -0.066774 -0.013646 -0.133226 -0.025453  0.029875]
[-0.907724 -1.289505 -0.903084 -1.176588 -0.678691 -1.223635 -0.032107
  0.117584  0.067066 -0.050008 -0.040709  0.055582 -0.115615 -0.031016
  0.105898 -0.109384 -0.100017 -0.123054  0.055425 -0.025567]
[-1.017674 -0.994927 -1.117268 -0.994487 -1.046533 -1.141543 -0.002253
  0.009804 -0.119913  0.109304 -0.003418 -0.111269 -0.045062 -0.050011
  0.025623 -0.027411  0.027885 -0.017478  0.022825  0.011742]
[-1.024923 -1.062169 -0.993507 -1.153705 -1.242445 -1.029728 -0.065218
 -0.102344 -0.157151 -0.038535  0.01629  -0.196064  0.171725  0.048684
 -0.02138   0.121863  0.020314 -0.069297 -0.01971   0.025395]
[-0.968798 -1.330974 -1.083538 -1.009983 -0.903096 -1.333016 -0.044274
 -0.056769 -0.019257  0.061882  0.119087 -0.094374  0.025732  0.031569
 -0.05653  -0.054554  0.093238 -0.036667 -0.045578 -0.030175]
('Mean', 1, ': ', -0.9687978079311157)
('Median', 1, ': ', -0.9687978079311157)
('Variance', 1, ': ', 0.0)
('Mean', 2, ': ', -1.3309739658558772)
('Median', 2, ': ', -1.3309739658558772)
('Variance', 2, ': ', 0.0)
('Mean', 3, ': ', -1.0835383208031453)
('Median', 3, ': ', -1.0835383208031453)
('Variance', 3, ': ', 0.0)
('Mean', 4, ': ', -1.0099832203841048)
('Median', 4, ': ', -1.0099832203841048)
('Variance', 4, ': ', 0.0)
('Mean', 5, ': ', -0.90309574773597945)
('Median', 5, ': ', -0.90309574773597945)
('Variance', 5, ': ', 0.0)
('Mean', 6, ': ', -1.3330162496955809)
('Median', 6, ': ', -1.3330162496955809)
('Variance', 6, ': ', 0.0)
('time: ', 10183.432981967926)
