“Running plot script on a single CPU core”
[-1.150057 -0.941054 -0.951109 -0.993254 -0.854841 -0.984448 -0.015808
 -0.125029  0.055151 -0.104712 -0.088082  0.026245 -0.082879 -0.15414
 -0.159304 -0.037498 -0.201406 -0.065954  0.042686  0.020201]
[-0.679172 -0.80759  -0.792661 -0.621102 -0.538111 -0.642906 -0.057691
  0.015082  0.136768 -0.088297 -0.123212  0.229548  0.093858 -0.074422
  0.027366  0.006084 -0.089919 -0.04068  -0.040912  0.014505]
[ -8.672853e-01  -8.009844e-01  -7.173253e-01  -9.196285e-01  -1.043993e+00
  -9.194240e-01   1.348193e-01  -1.110872e-02   1.288426e-01  -7.533878e-02
  -1.619546e-02   8.790295e-02  -5.001063e-02  -8.481391e-02   3.540068e-02
  -1.057546e-01  -7.000893e-02   1.846528e-01  -3.121456e-02  -4.598412e-04]
[-1.026863 -1.088785 -1.076298 -1.143953 -1.155333 -1.426132  0.100439
 -0.019619  0.087214  0.135545 -0.160764  0.033618 -0.099817 -0.213045
 -0.060962 -0.035484  0.143817  0.161128  0.040774  0.021317]
[ -7.271482e-01  -6.483972e-01  -6.946528e-01  -5.952959e-01  -8.168136e-01
  -6.501549e-01  -1.363276e-01   1.830944e-03   7.026922e-04   6.396309e-02
  -9.472885e-03  -2.685038e-02  -3.941514e-02  -5.486669e-03  -3.638626e-03
  -3.252520e-02   1.636032e-02  -1.647690e-01   1.576202e-02  -5.165077e-04]
[-0.916971 -0.733412 -0.987861 -0.890491 -1.182062 -0.950662  0.086271
 -0.104192  0.029561  0.079741 -0.018858  0.060475  0.017358  0.009876
 -0.141871  0.005159  0.061982  0.044522  0.03467   0.016011]
[-1.009221 -0.924427 -1.025463 -0.744646 -0.875494 -0.661413 -0.089684
  0.003479  0.068697 -0.037683  0.180523  0.026945 -0.071104  0.073199
 -0.007863 -0.063524 -0.006704 -0.041177 -0.03534  -0.025414]
[-0.817205 -0.883595 -0.717682 -0.88346  -0.648448 -0.688337 -0.024442
  0.215712  0.01859  -0.149767 -0.08075  -0.040203  0.041593 -0.072765
  0.218338 -0.019318 -0.125417 -0.024732 -0.002608  0.003403]
[-0.790848 -0.739887 -0.65499  -0.764456 -0.758617 -0.663148 -0.155031
 -0.005021  0.002855 -0.010077  0.044264 -0.016739  0.067306  0.080015
  0.021901  0.098058  0.067916 -0.139467  0.018921  0.016125]
[-1.038556 -1.067358 -0.719788 -1.103752 -0.736599 -0.672643  0.029959
  0.061264  0.047061  0.069172  0.106107  0.054645 -0.043032  0.11181
  0.019203 -0.057879  0.138221  0.047538 -0.017423  0.018828]
[ -1.096193e+00  -8.343314e-01  -1.018409e+00  -8.134124e-01  -1.036709e+00
  -7.477145e-01  -1.090578e-01  -8.082276e-02  -5.577350e-04  -3.625495e-02
   3.667319e-02   2.707486e-02   2.514094e-02   4.001370e-02  -1.501561e-01
  -5.479077e-02  -6.389089e-02  -8.455604e-02  -2.434920e-02  -2.518988e-02]
[-1.05945  -1.045661 -1.149098 -0.851364 -0.998166 -1.084267  0.038983
  0.012333  0.14636  -0.110166  0.074858  0.059813 -0.004845  0.007091
 -0.019255 -0.074106  0.005247  0.023022 -0.020971  0.035681]
[-0.799845 -0.779058 -0.792791 -0.684979 -0.754872 -0.716564 -0.013593
 -0.006632 -0.055726  0.017247 -0.099515 -0.064407 -0.023803 -0.075434
 -0.031127 -0.046037 -0.018163 -0.019073  0.027806  0.043035]
[-0.831528 -0.944204 -0.533729 -0.805106 -0.442414 -0.551125  0.055444
 -0.017181  0.0052    0.002013 -0.098801 -0.020486 -0.048064 -0.155758
 -0.035605  0.02169  -0.026796 -0.023483  0.020941  0.019632]
[-1.006696 -1.10473  -1.116534 -0.873519 -0.912118 -0.794834 -0.117154
  0.043513  0.200382 -0.109186  0.029441  0.205152 -0.084997 -0.058751
 -0.080166 -0.09408  -0.101392 -0.052449  0.010057  0.067808]
[-0.958472 -0.942782 -0.818795 -0.90921  -0.844905 -0.792009 -0.027019
 -0.052295 -0.014304  0.089721 -0.111168 -0.002936 -0.008897 -0.096314
 -0.066954 -0.02118   0.069835  0.013822  0.040675  0.002507]
[-0.693604 -0.803612 -0.755276 -0.88236  -0.937855 -1.018392  0.079827
 -0.066978  0.176114  0.12946  -0.059327  0.152454 -0.062473 -0.091507
 -0.20752  -0.045663  0.143894  0.039988  0.00868   0.002793]
[-1.034924 -0.876424 -0.932888 -0.799516 -0.863113 -0.832681 -0.11614
 -0.033521  0.024242  0.002386 -0.052024 -0.017871 -0.0737   -0.056357
 -0.016473 -0.029455 -0.022687 -0.125596 -0.102152 -0.054986]
[-0.930754 -0.574887 -0.689387 -0.54017  -0.834369 -0.493157  0.030175
 -0.151606  0.006168  0.028339 -0.162177  0.02299  -0.018584 -0.176601
 -0.123481 -0.002287  0.031903 -0.016169  0.029077  0.022718]
[-1.033988 -0.940115 -0.960421 -0.820866 -0.782097 -0.940477  0.027928
  0.021132 -0.010356  0.025857  0.077608 -0.007905 -0.003751  0.069704
  0.025974  0.031879  0.049038  0.070213 -0.076762  0.008095]
[-0.900338 -1.144236 -1.063563 -1.255753 -1.235857 -1.531225 -0.012614
 -0.027734 -0.047704 -0.081381  0.057693 -0.033594  0.010032 -0.10683
 -0.007353 -0.009348 -0.064832 -0.084383 -0.015424 -0.004933]
[-1.00589  -0.904561 -1.112296 -0.743407 -0.890209 -0.952013  0.018568
 -0.113602 -0.024063 -0.124365  0.051783 -0.058193 -0.170156  0.073874
 -0.130947 -0.202147 -0.046345  0.042831 -0.005065  0.047371]
[-1.005361 -1.051357 -1.056138 -0.841709 -0.781378 -0.736016  0.106633
 -0.045329  0.01992  -0.025293  0.070302  0.008964 -0.024318  0.055801
  0.043403  0.019575 -0.014065  0.133635 -0.011601  0.031753]
[-0.875257 -1.029739 -0.888803 -0.970305 -0.694321 -0.968509 -0.179316
 -0.108088 -0.005424 -0.031056 -0.006701 -0.001372  0.033694 -0.004667
 -0.155074  0.005307 -0.110225 -0.203984 -0.119837 -0.047993]
[-1.075628 -0.853781 -1.028522 -0.789266 -1.043015 -0.949533  0.059217
 -0.124994  0.142244 -0.052123  0.044851  0.128942  0.014302  0.014993
 -0.122947 -0.017263 -0.091975 -0.006195 -0.012041  0.01129 ]
[-1.030588 -0.895845 -0.928022 -0.849889 -0.793322 -0.714229 -0.048056
 -0.100148  0.076723 -0.054461 -0.0407    0.087331  0.139553 -0.1203
 -0.100824  0.076817 -0.060642  0.035554 -0.055973 -0.059843]
[-1.018439 -0.82387  -0.80282  -0.848255 -0.892461 -0.797313 -0.082104
  0.094664  0.018622  0.084102  0.041161 -0.018973  0.049068  0.052619
  0.100493 -0.032924  0.030501  0.003161 -0.00292  -0.012359]
[ -1.014861e+00  -9.450382e-01  -6.414149e-01  -1.134603e+00  -7.962912e-01
  -8.299991e-01  -2.599396e-02  -4.474149e-02   6.783955e-02   6.342600e-02
  -6.873662e-02   5.862378e-02   9.949273e-04  -4.651241e-03   4.420949e-02
  -4.829304e-02   1.474404e-01   5.042136e-02  -2.977240e-02  -4.083216e-02]
[-0.999585 -1.001646 -0.841599 -0.821257 -0.786291 -0.82238  -0.068289
 -0.001191  0.081707  0.027532 -0.141391  0.078568 -0.071726 -0.101972
  0.055792 -0.043273  0.03495  -0.015962  0.03333  -0.021141]
[-0.779143 -0.938577 -0.993705 -0.924374 -0.833478 -1.233052 -0.026783
  0.099608 -0.055723 -0.018353 -0.103608 -0.106059 -0.001435 -0.042342
  0.064635 -0.060662 -0.0703    0.080484  0.055834 -0.005139]
[-0.797097 -0.990825 -0.786012 -0.901431 -0.687905 -0.843924  0.031102
  0.023721  0.231589  0.095039 -0.068766  0.224754 -0.188338  0.039416
  0.053921 -0.139664  0.09831   0.047007 -0.010804  0.006542]
[-0.946773 -0.724984 -0.992126 -0.56853  -0.862365 -0.634405  0.014198
  0.006802 -0.062665  0.005078  0.056609 -0.052558 -0.060202  0.052318
 -0.024771 -0.039963 -0.014933  0.039416  0.03744  -0.022493]
[-0.862014 -1.110502 -0.931635 -0.824409 -0.765295 -0.85691   0.034473
 -0.042791  0.021179 -0.042271  0.120728  0.021753  0.043951  0.070536
 -0.0158    0.004908  0.020523  0.094039 -0.043753 -0.00623 ]
[-0.76101  -0.435096 -0.805352 -0.505692 -0.901195 -0.513936 -0.030414
  0.051744 -0.006188 -0.014861 -0.003688 -0.019235 -0.010642  0.018226
  0.018359 -0.036818  0.017135 -0.038457  0.007426  0.008114]
[-0.861838 -0.720294 -0.704902 -0.718971 -0.721531 -0.48731  -0.004871
 -0.05603   0.066391  0.015744  0.100696  0.018729  0.003241  0.118805
 -0.063997  0.031029 -0.008492 -0.019727 -0.049549 -0.001631]
[ -7.604429e-01  -1.014226e+00  -9.336748e-01  -6.360768e-01  -6.209443e-01
  -9.165409e-01  -2.010343e-02   3.185054e-04  -6.056062e-03   4.072421e-02
   5.247722e-02  -5.301613e-03   4.133952e-02   1.078593e-01   2.987688e-02
  -1.876529e-02   5.887772e-02   9.208203e-03   6.997896e-02   5.711187e-02]
[-0.636535 -0.562675 -0.605957 -0.972814 -0.894283 -0.972314  0.207661
  0.290513 -0.103632 -0.098568 -0.030881  0.02168   0.042936 -0.030297
  0.340671  0.0676   -0.052306  0.137955 -0.04819  -0.008555]
[ -1.078474e+00  -1.043630e+00  -9.307796e-01  -1.186910e+00  -8.224610e-01
  -1.039400e+00   1.122873e-01   4.939172e-02   2.464567e-03  -1.997460e-02
   4.908648e-02  -2.215731e-04   6.612566e-02  -6.358649e-02   1.047682e-01
   3.515906e-02  -5.937017e-02   1.091722e-01   1.412421e-02   1.989464e-02]
[-1.071385 -0.925435 -0.467189 -1.0217   -0.4994   -0.411481  0.073815
  0.060048 -0.072372  0.038344 -0.033273  0.039461  0.096626  0.070811
  0.023634  0.12862  -0.058779  0.07899   0.080688  0.039285]
[-0.980733 -0.956882 -0.949047 -0.9198   -0.863368 -0.8138    0.03616
  0.04977  -0.212269  0.143818  0.108632 -0.271723 -0.017983  0.065919
  0.076246  0.055057  0.159445  0.010911 -0.044465  0.042117]
[-1.153824 -0.856455 -1.065495 -0.83594  -1.126412 -0.82281  -0.023385
 -0.063692 -0.043981  0.009141 -0.089607  0.085689 -0.069114 -0.117408
 -0.191794 -0.086558 -0.017107 -0.018421  0.046504  0.013689]
[-0.811982 -0.767375 -0.811101 -0.694925 -0.744656 -0.720545 -0.015244
 -0.051716  0.027895  0.062825  0.077127  0.02589  -0.054036  0.053868
 -0.019527 -0.014548  0.043348 -0.014175  0.059466  0.018446]
[-0.94983  -0.860237 -0.946761 -1.040709 -1.027266 -0.930532 -0.076789
 -0.101521  0.173645 -0.132735 -0.031232  0.235528  0.096259 -0.035559
 -0.062469  0.075779 -0.162839 -0.052869 -0.017077 -0.039603]
[ -9.182092e-01  -1.149249e+00  -9.827306e-01  -9.229961e-01  -6.774731e-01
  -1.064874e+00  -5.158883e-02  -1.457280e-02   1.277796e-02   1.240329e-01
  -8.420620e-02   9.199508e-03  -1.692882e-02  -7.226605e-04  -3.278285e-02
  -7.023805e-02   1.050591e-01  -1.351477e-01   3.282392e-02  -1.054534e-02]
[-0.447644 -0.797611 -0.876846 -0.456323 -0.468965 -0.835166  0.093742
  0.054891 -0.130052  0.02505   0.013883 -0.137676 -0.06192   0.056519
  0.099292 -0.055317  0.034364  0.093641  0.009527  0.029557]
[-0.470528 -0.863881 -0.502362 -0.712785 -0.396805 -0.874242 -0.049619
 -0.002356  0.143606 -0.204787  0.116739  0.193612  0.034131  0.187017
 -0.001232 -0.04784  -0.327648 -0.042835 -0.02018   0.009262]
[ -1.248108e+00  -1.011772e+00  -7.889636e-01  -1.305036e+00  -1.128600e+00
  -9.483053e-01   1.868619e-02   2.002934e-01   2.420228e-04  -6.857833e-03
  -2.223089e-01  -3.056261e-02   2.297347e-01  -2.698713e-01   9.882035e-02
   2.820731e-02  -1.225124e-02  -5.023863e-02   3.456038e-02   3.370355e-02]
[-0.980196 -0.87338  -0.701802 -0.900332 -0.68614  -0.402478  0.024987
  0.081167 -0.044236 -0.051014 -0.043666  0.066633  0.058167 -0.018233
  0.114591  0.073597 -0.023012  0.017946 -0.03242  -0.00127 ]
[ -9.059012e-01  -8.221566e-01  -6.547317e-01  -7.296377e-01  -7.198666e-01
  -6.558697e-01   7.531245e-02  -2.601465e-02   8.064684e-03  -2.627234e-02
  -6.452232e-02  -3.122419e-02   1.601216e-02  -8.613298e-02  -5.329504e-03
   4.803841e-02  -1.138729e-01  -5.399963e-04  -2.511148e-02   8.479868e-03]
[ -7.167432e-01  -8.767040e-01  -6.574253e-01  -7.168037e-01  -4.644988e-01
  -7.103445e-01  -3.559842e-02   1.628006e-02   9.142996e-02  -1.152467e-01
   5.147670e-02  -6.473068e-04  -1.134760e-01   3.294347e-02  -2.500387e-02
  -1.274877e-01  -1.109671e-01  -9.458195e-02   3.044729e-02   1.801434e-02]
[ -6.757785e-01  -8.047502e-01  -6.981550e-01  -5.881513e-01  -4.624521e-01
  -6.704580e-01   9.958612e-02  -2.548836e-02  -7.651450e-02  -8.399983e-03
  -6.637170e-02  -1.121658e-01  -1.041326e-01  -9.828460e-02   1.762943e-02
  -9.047439e-03  -3.199384e-02   1.198238e-01  -7.080998e-04  -9.254959e-03]
[-1.019695 -0.956427 -1.09299  -1.00254  -1.202315 -1.157949 -0.053217
  0.023656  0.065604  0.035409 -0.064579  0.018026 -0.068211 -0.055583
  0.073446 -0.103009  0.065242 -0.027791  0.072251  0.005401]
[-0.898025 -0.987303 -0.874892 -1.001236 -0.918393 -0.991405  0.126241
  0.03848   0.020329 -0.005324  0.092171 -0.012923  0.033391  0.148774
  0.046764  0.126307 -0.006756 -0.027577  0.109028  0.023949]
[-1.044529 -1.02529  -0.707674 -1.08433  -0.867339 -0.781018 -0.054134
  0.137495  0.040149  0.150232 -0.029975  0.048901  0.072377 -0.017308
  0.166479  0.155008  0.078146 -0.064809  0.062342 -0.001135]
[ -6.073970e-01  -7.981383e-01  -7.620820e-01  -5.904335e-01  -6.689038e-01
  -8.792283e-01  -2.268109e-02   7.406062e-02   1.702246e-01  -1.196115e-02
   8.205684e-02   2.605238e-01   3.931854e-02   4.033815e-02   4.892829e-02
   3.731697e-02  -3.665656e-02  -1.587196e-02   4.645169e-03  -5.323776e-04]
[-0.973154 -0.754186 -0.54367  -0.934322 -0.749543 -0.75082   0.029849
 -0.007273  0.077497 -0.016173 -0.013138  0.010985  0.011158  0.039158
  0.024582  0.042551 -0.039234  0.024397 -0.027434  0.004638]
[-0.781193 -0.846063 -0.746535 -0.709896 -0.578045 -0.721519  0.026173
 -0.050305  0.102706  0.099935 -0.053725  0.144603 -0.027567 -0.017078
 -0.044783 -0.050845  0.102029  0.007011  0.043496  0.005   ]
[-0.744097 -0.985167 -0.798152 -0.768281 -0.52135  -0.854756 -0.116096
  0.005673  0.155351  0.079828 -0.104697  0.114316 -0.02434  -0.08579
 -0.025182  0.041476  0.044505 -0.066397  0.03473  -0.012247]
[-1.006969 -1.033848 -0.549967 -0.911941 -0.427948 -0.533103  0.063189
 -0.039153  0.040681  0.053078  0.045701  0.00677   0.040583 -0.014649
 -0.057876  0.019856 -0.045725  0.051161 -0.046159 -0.010716]
[-1.022827 -1.143353 -1.006412 -1.256715 -1.113277 -1.172178 -0.066966
  0.050557 -0.096045 -0.059614 -0.054282 -0.010818 -0.176143 -0.142613
 -0.024629 -0.155467 -0.011457 -0.055784 -0.023203 -0.119181]
[-0.824907 -0.859711 -0.822778 -0.890638 -0.897236 -0.911262 -0.04431
 -0.042513  0.031891 -0.045846 -0.011209  0.013112 -0.008292  0.058065
 -0.035739 -0.014337 -0.009264 -0.050039  0.013572  0.034624]
[-1.216284 -1.092991 -0.801473 -1.078421 -0.911533 -0.776219  0.171473
 -0.276785  0.018673  0.35018  -0.120714  0.089355 -0.256392 -0.059348
 -0.294232 -0.119011  0.33157   0.218524  0.048885 -0.029073]
[-0.956049 -0.77636  -0.838468 -0.642972 -0.679814 -0.552591  0.081996
 -0.027136  0.050759  0.139021  0.064888  0.054968 -0.019424  0.035295
 -0.085468 -0.127112  0.191392  0.122966 -0.051185 -0.011559]
[-0.97172  -1.030164 -1.06175  -0.590172 -0.917428 -0.816356  0.233622
  0.00632   0.092048  0.053625  0.006017  0.032803 -0.158146  0.018648
 -0.037634 -0.120491  0.069003  0.352932  0.048094 -0.006148]
[ -8.760514e-01  -5.890635e-01  -7.508872e-01  -6.204445e-01  -7.247432e-01
  -3.635980e-01   2.717142e-02   1.059772e-01   9.792422e-02  -2.942728e-02
  -1.582548e-02   1.103292e-01   4.229806e-02  -7.675844e-02   9.010021e-02
   1.601933e-02   4.875163e-04   2.997247e-02  -1.161393e-02  -2.888325e-03]
[ -8.515263e-01  -1.084701e+00  -1.078818e+00  -8.951822e-01  -7.624106e-01
  -1.189621e+00  -2.987784e-02   1.083974e-02   2.510721e-03   1.409372e-01
   9.873521e-02  -6.354196e-03  -9.525038e-03   1.023099e-01  -1.066256e-01
   1.074513e-04   1.581994e-01  -8.249486e-02  -4.070279e-02   1.192857e-02]
[-1.180623 -1.277054 -1.153716 -1.101158 -0.698625 -0.957157 -0.073734
 -0.053274  0.12817   0.039891  0.014259  0.15462  -0.006793 -0.064596
 -0.12791  -0.033254  0.124827 -0.131814  0.017286  0.017547]
[-0.877716 -0.815104 -0.61615  -1.096104 -0.782628 -0.926765 -0.076455
 -0.020978  0.027745  0.032733 -0.075281  0.04532   0.024986 -0.117096
 -0.031089  0.104723 -0.044641 -0.097645 -0.007389 -0.049087]
[ -9.869035e-01  -9.028376e-01  -1.099874e+00  -1.101722e+00  -1.091451e+00
  -1.183569e+00   3.470590e-02   2.986430e-02  -4.287710e-02  -1.336682e-01
   2.835823e-02  -4.907308e-02  -4.975224e-02  -9.404734e-02   4.338579e-02
  -4.989840e-02  -3.792284e-02  -7.082199e-02   1.903934e-02  -1.206072e-04]
[-0.853858 -1.092665 -1.279165 -0.680962 -0.889632 -1.105472 -0.105166
  0.081986 -0.027103 -0.007427  0.005572 -0.06182  -0.032563  0.035417
  0.076728 -0.017683 -0.014575 -0.156806 -0.040954  0.054239]
[-1.292508 -0.890578 -0.880649 -1.275681 -1.393889 -1.469862  0.22766
 -0.031236 -0.098661  0.025409 -0.128151 -0.152471  0.042153 -0.167679
  0.017699  0.031424  0.045032  0.115975 -0.019413 -0.098406]
[ -8.924132e-01  -5.861994e-01  -6.926021e-01  -6.862437e-01  -7.322162e-01
  -4.659432e-01   7.253014e-03  -2.353181e-03   8.552174e-02   2.468580e-02
   1.448488e-02   1.023064e-02   1.541470e-01   9.834406e-03   5.337313e-03
   1.518692e-01  -3.515117e-02  -7.335674e-02   5.489303e-04   1.909470e-02]
[-0.956722 -0.934738 -0.792299 -0.832912 -0.511866 -0.613942 -0.073154
 -0.026952  0.140942  0.115264 -0.150652  0.104413 -0.133126 -0.068137
 -0.120663 -0.122032  0.190495 -0.008533  0.056875  0.061363]
[-1.30627  -1.238659 -1.031517 -1.225717 -0.956386 -0.921205  0.061101
 -0.04784   0.022182 -0.123735 -0.064649  0.047232 -0.176181 -0.050833
  0.045966 -0.107943 -0.145502 -0.044744  0.049518 -0.029753]
[-1.238075 -1.346067 -1.349377 -1.195397 -1.144513 -1.203683 -0.02514
  0.011304 -0.012456 -0.034112  0.099513 -0.069281  0.164157  0.115637
  0.039164  0.067289 -0.083325  0.028592  0.016973 -0.031331]
[-1.004612 -1.148557 -1.105073 -0.677582 -0.713735 -1.058164 -0.152586
 -0.097921  0.148035  0.14038   0.124563  0.08413  -0.024869  0.089187
 -0.183885 -0.005546  0.134028 -0.273131 -0.023375 -0.014852]
[ -5.446226e-01  -4.716397e-01  -5.553812e-01  -6.738013e-01  -8.273260e-01
  -8.072612e-01  -2.577574e-02  -5.512639e-04  -4.911770e-02  -1.196178e-01
   2.551000e-02  -5.822944e-02   1.058892e-02   2.820098e-02   1.498594e-02
  -3.001913e-02  -6.953766e-02   1.196396e-02   1.636387e-02  -5.891295e-03]
[-1.067905 -0.958836 -0.891917 -0.912946 -0.926383 -0.784701  0.020109
 -0.018703  0.010037  0.045393  0.081672 -0.035798 -0.066991  0.005459
 -0.060357 -0.058383 -0.010798  0.033211  0.035273  0.034616]
[-1.032788 -0.975435 -0.626046 -1.159338 -0.693791 -0.813765  0.012297
 -0.023209  0.094121 -0.165153 -0.041677  0.057399 -0.030474 -0.05538
  0.043591  0.003375 -0.187203  0.038226 -0.024116 -0.028604]
[-1.284887 -1.212758 -0.904668 -1.351868 -0.761674 -0.937441 -0.066053
  0.109938  0.085579 -0.088248  0.06415   0.10043   0.245247  0.024926
  0.108809  0.145438  0.084572 -0.056054 -0.057867 -0.093297]
[ -8.398579e-01  -7.642223e-01  -7.611897e-01  -9.521087e-01  -1.046799e+00
  -8.614139e-01  -6.330914e-02   2.338619e-02   4.740442e-04  -5.877911e-02
   1.130699e-01   3.357574e-02   1.370522e-02   1.069839e-01   4.337062e-02
  -8.005877e-02  -1.090084e-01  -4.021037e-02   8.534748e-02   2.962374e-02]
[ -9.325532e-01  -8.912791e-01  -9.675681e-01  -8.525561e-01  -1.126506e+00
  -8.856723e-01   2.325835e-01  -2.194461e-01   2.404896e-01   2.098941e-02
   3.339216e-02   2.612996e-01   3.582413e-02   1.144785e-02  -1.364767e-01
   2.580997e-04   3.670677e-02   1.746327e-01  -4.871983e-02  -1.837863e-02]
[-1.036722 -1.032229 -0.983772 -0.968675 -1.109333 -1.126679  0.10863
 -0.013623 -0.138906 -0.096129  0.053605 -0.107046  0.031437  0.023359
 -0.052914 -0.001301 -0.112884  0.009727 -0.048608  0.020698]
[-1.24771  -0.973708 -1.075756 -1.023972 -1.010024 -1.029047 -0.012825
  0.031835  0.029714 -0.061     0.074209 -0.008138 -0.06851   0.058823
  0.002834 -0.064261 -0.030637 -0.222804 -0.052078 -0.013231]
[-0.955913 -1.045391 -0.88307  -0.853452 -0.803591 -0.860153  0.142902
  0.039434  0.042991 -0.004597 -0.019018  0.010158  0.041719  0.010489
  0.023659  0.075879 -0.027068  0.131158 -0.030055 -0.017192]
[-1.070471 -0.700813 -0.792423 -0.881366 -1.033154 -0.90099  -0.048824
  0.130091  0.024879 -0.080134  0.165076  0.103285  0.111942  0.193081
  0.128876  0.087406 -0.169451 -0.13745   0.042439  0.008096]
[-1.098814 -1.047484 -1.15287  -0.790679 -1.084028 -1.038784 -0.224438
  0.046378 -0.012947 -0.118764 -0.118257  0.142074  0.005119 -0.145425
 -0.013133 -0.018778 -0.134793 -0.42777   0.091015 -0.014409]
[-0.832836 -1.064353 -0.780576 -0.918247 -0.775321 -0.923998  0.03875
 -0.037163  0.00717   0.071662  0.026831  0.027133  0.016959  0.08217
 -0.035408 -0.03035   0.037814 -0.013966  0.017173  0.017985]
[-0.842789 -0.866338 -0.64031  -0.719296 -0.602516 -0.652481  0.033082
 -0.023246  0.001116 -0.071524 -0.022573  0.012708 -0.027271  0.001969
 -0.029602  0.013921  0.026225  0.096103 -0.073057 -0.021758]
[-1.102766 -0.933604 -1.010315 -1.088884 -1.213657 -1.067117 -0.109942
  0.012216 -0.04699   0.041184 -0.016027 -0.023846  0.059649 -0.028333
 -0.029648  0.058265  0.070979 -0.077482  0.020716 -0.021298]
[-0.903277 -1.004069 -0.839922 -0.843005 -0.854279 -0.7466   -0.018624
  0.061761 -0.124114 -0.121943  0.012061 -0.039452  0.077492  0.042359
  0.120563  0.102604 -0.11171  -0.039104 -0.004467  0.039791]
[-1.140443 -0.828462 -0.77856  -1.075457 -0.899396 -0.683933  0.09015
  0.056588  0.075473 -0.169756 -0.170926  0.017885 -0.097234 -0.189394
  0.026845 -0.060989 -0.189679  0.104503  0.018814 -0.007274]
[-0.890381 -1.063431 -0.934876 -1.125547 -1.080106 -1.156433  0.091285
  0.1209   -0.055134  0.057975  0.119039 -0.038189 -0.024329  0.108645
  0.188361 -0.064901  0.131741  0.057173 -0.051676 -0.039116]
[-0.794783 -0.944003 -0.95852  -0.852193 -0.913024 -1.051037  0.03163
  0.138093  0.00334  -0.036585 -0.042657  0.011459  0.00162  -0.052261
  0.121314  0.009601 -0.017314  0.073543  0.049584 -0.003614]
[-0.795299 -0.928115 -0.85289  -0.827587 -0.834061 -1.059259  0.009544
  0.051268 -0.02228  -0.18626   0.076645 -0.057772 -0.066274  0.016979
  0.011763 -0.101706 -0.168999  0.015858 -0.007032  0.021348]
[ -1.024778e+00  -1.082733e+00  -1.099508e+00  -1.169741e+00  -1.056077e+00
  -1.226398e+00  -7.713824e-02   3.933569e-02   1.068597e-01  -5.161469e-02
   5.438342e-04   2.311707e-02  -3.373369e-03  -1.099002e-02   6.020667e-02
   5.424838e-03  -1.021418e-01  -5.544681e-02  -3.401168e-02  -2.258522e-02]
[-0.593071 -0.854431 -0.771645 -0.620206 -0.455666 -0.698714  0.072775
 -0.109562  0.115744 -0.281644  0.025988  0.08062   0.076683 -0.031264
 -0.096462  0.06023  -0.263361  0.106479  0.004345 -0.008565]
[-0.722853 -0.793031 -0.916735 -0.603579 -0.684762 -0.831885 -0.02831
  0.00469   0.014073  0.021788  0.089115  0.036612 -0.005807  0.060881
  0.045543 -0.026677  0.052721 -0.080762  0.00579  -0.005194]
[ -1.028983e+00  -1.081808e+00  -7.592004e-01  -9.807995e-01  -5.928545e-01
  -6.464315e-01  -4.558706e-02   5.124033e-03  -5.920343e-02  -7.219590e-02
   2.318844e-02  -2.110908e-02  -1.468403e-02  -2.674716e-02   3.103540e-02
  -3.029361e-02  -1.072613e-01  -1.855656e-02   3.636664e-02  -7.805297e-04]
[-0.914681 -0.834169 -0.723901 -1.009255 -0.797625 -0.823635 -0.007488
  0.116869  0.05918  -0.003053  0.076592  0.101697  0.045633  0.046964
  0.126099  0.075308 -0.023813 -0.00276   0.024228  0.025786]
('Mean', 1, ': ', -0.9146809290183755)
('Median', 1, ': ', -0.9146809290183755)
('Variance', 1, ': ', 0.0)
('Mean', 2, ': ', -0.83416881591649439)
('Median', 2, ': ', -0.83416881591649439)
('Variance', 2, ': ', 0.0)
('Mean', 3, ': ', -0.72390138769395707)
('Median', 3, ': ', -0.72390138769395707)
('Variance', 3, ': ', 0.0)
('Mean', 4, ': ', -1.0092554764680721)
('Median', 4, ': ', -1.0092554764680721)
('Variance', 4, ': ', 0.0)
('Mean', 5, ': ', -0.79762481432630938)
('Median', 5, ': ', -0.79762481432630938)
('Variance', 5, ': ', 0.0)
('Mean', 6, ': ', -0.8236353331111812)
('Median', 6, ': ', -0.8236353331111812)
('Variance', 6, ': ', 0.0)
('time: ', 7623.444246053696)
