“Running plot script on a single CPU core”
[-1.047783 -0.925243 -1.264341 -0.558298 -0.831818 -0.944314 -0.059241
 -0.001652  0.171019  0.059257 -0.056948  0.25943  -0.111225  0.046153
  0.090379 -0.125143 -0.028722 -0.069216  0.003065 -0.045147]
[ -1.036614e+00  -7.006503e-01  -7.900782e-01  -7.156334e-01  -8.693680e-01
  -5.679673e-01  -7.390618e-02  -5.019000e-02  -7.724924e-03   3.007369e-03
   1.665156e-02  -1.614139e-02   4.213186e-02  -6.313153e-03  -6.910257e-02
   3.164639e-03   7.032971e-03  -5.129282e-02  -2.459037e-02  -1.356692e-04]
[-0.97387  -0.831493 -0.873483 -1.000766 -0.859715 -0.755112 -0.073184
 -0.094182 -0.126662 -0.057374  0.017031 -0.111661  0.041646  0.015283
 -0.069193  0.005858 -0.052053 -0.14179  -0.018106  0.016965]
[-0.771705 -0.767403 -0.657054 -0.822216 -0.690598 -0.708984  0.071707
 -0.043729 -0.048977  0.083707 -0.03677  -0.044073  0.015183 -0.064107
 -0.029232  0.015581  0.098267  0.050773 -0.01034   0.023276]
[-0.973541 -0.952889 -0.752237 -0.972787 -0.732468 -0.816785  0.064581
  0.034285 -0.038564  0.146521 -0.058516 -0.019687  0.043242 -0.049163
  0.036077  0.027452  0.11467  -0.04595   0.005044 -0.015077]
[-0.910577 -0.793254 -0.815718 -1.0926   -0.816644 -0.68783  -0.115508
 -0.102416 -0.001552 -0.003237  0.06824   0.059986 -0.006802  0.099509
 -0.034401  0.014258 -0.068426 -0.054541 -0.004671  0.005896]
[-1.097969 -0.90388  -1.182758 -0.959859 -1.180515 -1.177553  0.023436
 -0.001535  0.034373 -0.05064  -0.094004 -0.048028 -0.036014 -0.096232
 -0.055776  0.025225 -0.129376 -0.110209 -0.014996 -0.033001]
[-1.14372  -1.075113 -1.055168 -1.031577 -0.989322 -1.011015 -0.029424
  0.155719 -0.014607 -0.036366 -0.024983  0.011636 -0.014672 -0.029681
  0.183806  0.017482  0.014085 -0.096618  0.007189  0.002555]
[-0.925994 -0.891998 -0.612761 -0.961752 -0.753697 -0.815115  0.048795
 -0.034567  0.064091  0.08344  -0.026958  0.083709  0.048839  0.01709
 -0.026358  0.054964  0.082409  0.053782  0.019679  0.015705]
[-1.305362 -0.997653 -0.846678 -0.849255 -0.92049  -0.78314  -0.115152
  0.049357  0.021301  0.051079 -0.068519 -0.051514 -0.096162 -0.072435
  0.072449 -0.099118  0.020587 -0.182317 -0.138438  0.033145]
[ -1.139173e+00  -8.279985e-01  -1.097588e+00  -1.031883e+00  -1.239773e+00
  -9.210366e-01  -1.851201e-02   1.045951e-01  -9.951595e-02  -3.734626e-03
  -8.679813e-04   8.924350e-02   2.033102e-01   2.115257e-02  -2.893209e-02
   2.053250e-01   1.057956e-01  -9.940313e-03  -2.318241e-02  -2.021824e-02]
[ -1.075521e+00  -7.259740e-01  -7.880638e-01  -8.026370e-01  -9.892400e-01
  -7.744210e-01   3.123505e-03   4.910833e-02   9.733636e-02   6.703103e-02
  -1.454912e-01   7.267734e-02  -4.843841e-04  -9.322616e-02   5.817018e-02
  -2.815149e-02   2.886377e-02  -7.226865e-02  -1.569922e-02   2.902314e-02]
[ -1.017739e+00  -9.426260e-01  -6.226250e-01  -1.018815e+00  -9.397121e-01
  -8.638374e-01   2.168681e-02  -9.916373e-03   3.773231e-02   4.404649e-02
   1.829484e-02  -9.579350e-02  -5.333389e-02   9.137336e-02  -7.641073e-02
   4.252041e-02   7.819674e-02   3.755116e-02  -3.201187e-04  -1.858272e-02]
[-0.963548 -0.780845 -0.858144 -0.845137 -0.901438 -0.673894 -0.053547
 -0.124784  0.045367  0.114706 -0.034045  0.017381  0.089957 -0.038423
 -0.103569  0.101168  0.046084 -0.069854 -0.028602 -0.032888]
[-1.070263 -0.74519  -0.936854 -0.786701 -0.996565 -0.680562  0.068297
 -0.033727  0.036467 -0.017233  0.021225 -0.061264  0.04164  -0.034928
 -0.026204  0.079846 -0.0361    0.027286 -0.016332  0.032332]
[ -8.716624e-01  -7.537665e-01  -8.993131e-01  -7.320169e-01  -7.818596e-01
  -7.252139e-01   7.515887e-02  -1.547296e-01   1.436116e-02   8.108163e-02
  -3.310706e-02   1.225604e-02  -2.929254e-02  -8.567523e-03  -1.192914e-01
   7.781341e-05   1.141933e-01   1.317988e-01   5.108643e-02   2.645430e-02]
[-0.92188  -0.885304 -0.847341 -1.113032 -1.0224   -1.053895 -0.025405
  0.055074  0.181816  0.064831 -0.012983  0.126742  0.042706 -0.060704
  0.056734  0.071221  0.014323 -0.082282  0.014075  0.007915]
[-1.249421 -1.185967 -0.766971 -0.986756 -0.691868 -0.900313 -0.135224
  0.013607  0.04789  -0.083278 -0.153558  0.011072  0.248235 -0.218617
  0.160039  0.151877 -0.159766 -0.030883  0.072508 -0.025702]
[-0.933844 -0.97605  -0.777819 -0.909654 -0.78286  -0.890375  0.04671
  0.021683  0.04305   0.065015  0.120138  0.016535  0.019193  0.055739
 -0.002653  0.02026   0.061542  0.061638 -0.01089  -0.009281]
[ -8.740796e-01  -1.004435e+00  -7.127958e-01  -1.069820e+00  -6.824785e-01
  -9.241173e-01  -2.742069e-01  -5.962257e-02  -8.438730e-02  -1.280653e-01
  -9.009928e-02  -1.805047e-01  -6.586642e-02  -1.209081e-01   4.432748e-02
  -9.218073e-02  -1.711771e-01  -2.537196e-01  -1.699843e-02  -1.036965e-03]
[-0.830757 -0.849172 -0.675623 -1.050505 -0.715936 -0.814925  0.029322
  0.065553 -0.034142 -0.007273  0.180435 -0.07171  -0.017596  0.181186
  0.110528  0.033294  0.064139 -0.026087  0.00173  -0.021306]
[-0.831387 -0.725767 -0.680849 -0.89487  -0.879535 -0.876495 -0.062681
  0.068001  0.166416  0.010321 -0.002733  0.140876 -0.085545 -0.01611
  0.014734 -0.060335 -0.035666 -0.061154 -0.046935 -0.054161]
[-0.858102 -0.771386 -0.967534 -0.804669 -0.953935 -0.699774  0.039665
  0.00979  -0.092374  0.022834  0.013857 -0.081969 -0.077022  0.005161
  0.034137 -0.108974  0.018479  0.039637 -0.006337 -0.020584]
[ -9.257737e-01  -9.038772e-01  -9.543265e-01  -7.728526e-01  -9.035926e-01
  -8.660081e-01  -6.438499e-02  -3.921083e-02   1.325462e-01  -4.197642e-03
   2.343249e-02  -1.612916e-02   1.301526e-01   3.931356e-02   1.447096e-02
   1.204675e-01   3.139617e-02  -1.093728e-01  -8.794483e-02  -2.078008e-05]
[ -1.096840e+00  -1.045074e+00  -9.642765e-01  -1.051694e+00  -1.080112e+00
  -1.126937e+00   8.615527e-03  -5.713861e-02   1.049752e-01   3.464108e-02
   2.784073e-02   2.673179e-04   2.872083e-02   5.120550e-02  -8.720848e-02
  -1.374802e-02   1.190635e-01  -2.306418e-02  -9.337107e-03  -2.592739e-02]
[ -1.034437e+00  -8.188734e-01  -9.687532e-01  -8.778847e-01  -1.156349e+00
  -8.919408e-01   7.295043e-03   2.553138e-01  -5.308599e-02  -1.294273e-02
  -8.382435e-03  -1.230797e-01  -6.712774e-03  -3.873943e-03   2.524828e-01
  -1.413529e-02  -2.484106e-02  -1.091751e-01   1.412062e-02   6.124886e-05]
[ -9.066972e-01  -7.878129e-01  -8.152008e-01  -6.914779e-01  -8.029453e-01
  -6.196099e-01   1.456970e-01  -1.186528e-02  -4.788855e-03   9.668894e-02
   4.543293e-02  -2.704018e-02  -2.286902e-02   5.763104e-02  -7.494092e-04
  -7.150084e-03   1.240316e-01   1.096391e-01   3.695972e-02  -9.378985e-04]
[-0.976838 -0.96901  -1.201466 -1.015912 -1.244532 -1.392637  0.107202
 -0.016476 -0.016552  0.114411 -0.024004 -0.034215  0.116958 -0.05201
 -0.010842  0.081     0.174574  0.18464  -0.027035 -0.047197]
[-0.813768 -0.939595 -0.765566 -0.967677 -0.82179  -0.982658  0.026197
 -0.096802 -0.039762  0.045711 -0.066604 -0.029933  0.033212 -0.03012
 -0.093245  0.04408   0.071416 -0.032788  0.02449  -0.015313]
[ -9.649483e-01  -1.184991e+00  -1.168556e+00  -8.548270e-01  -9.634109e-01
  -1.064236e+00  -6.775489e-03   3.570515e-02   1.985191e-02   6.245757e-02
   1.116708e-02   4.884971e-02  -3.853775e-02  -1.128368e-02   1.773522e-02
  -2.645879e-02  -4.810279e-02   2.662416e-03  -9.740505e-05   3.498963e-02]
[-0.910878 -0.968074 -0.994518 -0.735374 -0.803474 -0.96849  -0.055431
 -0.019259 -0.067544 -0.051262  0.014567 -0.026977  0.093468  0.033499
 -0.044375  0.149158 -0.081461  0.030841 -0.027994  0.004211]
[-1.124665 -0.939348 -0.990034 -1.080006 -1.176312 -1.096819 -0.0753
  0.037918 -0.055164  0.027807 -0.01805   0.01498   0.017932  0.057551
  0.00471   0.003629 -0.036811  0.034732 -0.009735 -0.007615]
[-0.762578 -1.038513 -0.755083 -0.638259 -0.587061 -0.911465  0.068292
  0.078838 -0.118033 -0.062934 -0.025248 -0.14606  -0.051895 -0.115633
  0.00747  -0.057487 -0.075246  0.148304 -0.028432 -0.021582]
[-1.147002 -1.123846 -0.878717 -1.014568 -0.668393 -0.794481 -0.112662
  0.069321  0.062912  0.279076 -0.072939  0.104394 -0.011431 -0.024492
 -0.039275  0.031199  0.20877   0.001453 -0.038904 -0.061123]
[-0.644843 -0.555321 -0.655557 -0.586021 -0.709519 -0.623688 -0.024068
  0.057725  0.051675 -0.034264 -0.0271    0.030488  0.026116 -0.0435
  0.037136  0.017932 -0.025493 -0.006974  0.031959  0.002817]
[-0.967014 -1.010054 -0.911788 -0.863752 -0.815792 -0.860156  0.03523
 -0.007017  0.012234  0.08414  -0.083984 -0.035736  0.020142 -0.034524
  0.026616 -0.05416   0.078142  0.052895  0.039866 -0.018726]
[-0.958537 -0.901952 -0.625838 -0.790222 -0.423908 -0.440048  0.052857
  0.053492 -0.098241 -0.31878  -0.111444 -0.045853  0.062173 -0.14678
  0.093369  0.07709  -0.250826  0.093966  0.008852  0.028425]
[-0.987511 -0.926118 -0.800763 -0.816641 -0.705805 -0.630967  0.01554
 -0.075274 -0.06604  -0.100558  0.154732 -0.049926 -0.031994  0.164321
 -0.077839 -0.064988 -0.117398  0.006188 -0.014552 -0.009711]
[-1.177776 -1.001459 -0.793872 -1.258974 -1.231156 -0.897865 -0.0862
 -0.023428  0.022292  0.013623  0.049233  0.085268 -0.105867  0.1651
  0.038863 -0.089834 -0.009714 -0.128651 -0.020539 -0.012587]
[-0.972882 -0.907873 -0.615292 -0.890657 -0.684052 -0.563089 -0.10326
  0.014916  0.069919  0.054544  0.09932   0.00274   0.048511  0.070409
  0.010651  0.005999  0.079977 -0.05298   0.051079  0.018798]
[-0.932271 -0.73475  -0.726591 -0.856473 -0.853227 -0.621443  0.033121
 -0.069663  0.025103 -0.080936 -0.065977  0.037063 -0.132588 -0.128996
 -0.088518 -0.138966 -0.01804   0.019983  0.009138 -0.011794]
[-0.778691 -0.915224 -0.802055 -0.778145 -0.719075 -0.827976  0.02116
  0.029341 -0.041626 -0.01974   0.090244 -0.03567   0.051704  0.09884
  0.019501  0.04021   0.004567  0.020449 -0.013498  0.019332]
[-1.037681 -0.897677 -1.005857 -0.965679 -0.994344 -0.889688 -0.057923
 -0.005821  0.058544 -0.015477 -0.143541  0.046748 -0.010983 -0.086364
  0.012488 -0.031312  0.005363 -0.11265   0.01458   0.002842]
[-0.859169 -0.705467 -0.683234 -0.890566 -0.787446 -0.763248 -0.020299
 -0.016127 -0.045809 -0.128811 -0.045884  0.024554 -0.042447 -0.021094
 -0.018738 -0.038313 -0.182341  0.010778 -0.024176 -0.004343]
[-0.458015 -0.453686 -0.466617 -0.578779 -0.577766 -0.589253 -0.042622
  0.230166  0.071871  0.07961  -0.110397  0.099958  0.034971 -0.064293
  0.229535  0.046557  0.109308 -0.077876 -0.030149 -0.015635]
[-0.923095 -0.78866  -0.521718 -0.892336 -0.699881 -0.687448 -0.056289
  0.06736  -0.063637 -0.038137 -0.133274 -0.035933  0.021691 -0.121981
  0.072232  0.002269 -0.036833 -0.057532  0.041107  0.022685]
[-1.149963 -1.312068 -0.832391 -1.090172 -0.769046 -0.967729  0.024657
  0.130094 -0.059178  0.00567   0.066802  0.023489 -0.116751  0.076047
  0.142217 -0.063775  0.01432   0.033806  0.007034 -0.022183]
[-0.958509 -1.086004 -0.969463 -0.898881 -0.818039 -1.153138 -0.090907
 -0.074987  0.100239  0.073501 -0.057461 -0.013491 -0.085202 -0.068106
  0.017592 -0.062015  0.066344 -0.060073  0.069353  0.056818]
[-1.15617  -1.023813 -1.093488 -1.090628 -1.067221 -1.059517  0.017934
  0.079806 -0.160395  0.125756  0.038417 -0.111922  0.144711 -0.104959
  0.049151  0.05158  -0.041791 -0.017372 -0.057631 -0.029021]
[-0.930805 -0.955557 -0.953574 -0.799071 -0.762085 -0.961956 -0.052853
 -0.070393 -0.017835  0.025487  0.044342 -0.081595  0.014406  0.024785
 -0.061631 -0.026358  0.101069 -0.122715 -0.056216 -0.092519]
[-0.784368 -0.76849  -0.624422 -0.983435 -0.641186 -0.769966  0.021736
 -0.015882  0.028993  0.012265 -0.010786  0.048089 -0.067673 -0.032616
 -0.016045 -0.114492 -0.020875  0.030337 -0.019357  0.009709]
[-0.841567 -0.869337 -0.751905 -0.837754 -0.689926 -0.847811 -0.007658
 -0.039825 -0.068828 -0.043357 -0.038938 -0.06556  -0.057131 -0.01779
 -0.057674 -0.088651  0.023871  0.017444 -0.018345 -0.019538]
[-0.530444 -0.867624 -0.706996 -0.552636 -0.478869 -0.855692 -0.124002
 -0.078813 -0.196734  0.026081  0.014793 -0.233114 -0.017922  0.096299
 -0.072129 -0.010289 -0.073934 -0.106816  0.065462 -0.003119]
[-0.903325 -0.999015 -0.801468 -0.74889  -0.671758 -0.684488  0.00939
 -0.009466  0.022769  0.006349 -0.064484 -0.005214 -0.002166 -0.013872
  0.051957  0.036396  0.059148  0.028072  0.013793  0.004259]
[-0.840839 -0.820999 -0.784389 -0.797426 -0.791707 -0.78321  -0.029179
 -0.047892  0.01099  -0.055244  0.001022 -0.019232  0.051792  0.066954
 -0.049027  0.034115 -0.046028 -0.03713  -0.030223 -0.013949]
[-1.004009 -1.114862 -0.706259 -1.167262 -0.71318  -0.697482  0.04504
  0.024428 -0.086757  0.10057   0.016305 -0.010916  0.177516  0.082239
 -0.036006  0.177767  0.052584  0.052653 -0.030619  0.016549]
[-0.912818 -1.17258  -0.957761 -0.969319 -0.679167 -1.090271  0.106065
 -0.040144 -0.124954 -0.081615  0.116093 -0.10787  -0.022561  0.132389
  0.022565  0.048681 -0.020004  0.123283 -0.041842 -0.023577]
[-0.943481 -0.913052 -1.113407 -0.842754 -0.965641 -0.943588 -0.028423
 -0.013626 -0.054553  0.089158 -0.011735  0.036099 -0.12544  -0.012095
 -0.018308 -0.133741  0.071278 -0.007706  0.075745  0.04798 ]
[-0.709388 -0.886405 -0.401383 -0.947994 -0.372997 -0.812464 -0.029578
 -0.091016  0.017657  0.149586 -0.002145  0.019503  0.076256  0.01979
 -0.028115  0.019216  0.179241 -0.057976  0.104368  0.017339]
[-0.893933 -0.929741 -1.128293 -0.814769 -0.904302 -0.963187  0.069919
  0.031272  0.068572 -0.035554  0.001351  0.062277  0.109416 -0.015595
  0.033207  0.099975 -0.107991  0.123447 -0.023773 -0.043234]
[-0.556321 -0.504457 -0.624662 -0.826849 -0.930447 -1.158674  0.062455
 -0.05071   0.03251   0.108936 -0.107702  0.017194 -0.034967 -0.134221
 -0.131488 -0.052745  0.054239  0.072828  0.085719 -0.00751 ]
[-0.954164 -0.864299 -0.631102 -1.022146 -0.776229 -0.774277  0.014671
 -0.031034 -0.004182  0.025672 -0.033381 -0.022574 -0.037328 -0.020834
  0.001548 -0.079136  0.070856  0.006873  0.028292 -0.014597]
[ -9.969588e-01  -9.316507e-01  -7.915533e-01  -1.123031e+00  -1.061527e+00
  -8.706772e-01  -2.257629e-02   1.466265e-01  -3.341594e-02   8.395377e-04
  -4.502640e-02  -1.090597e-02   6.818741e-03  -2.548962e-02   1.375501e-01
   8.115637e-03  -8.663363e-02  -6.860216e-02  -2.125687e-02  -3.054604e-03]
[-0.801408 -0.701831 -0.677126 -0.681569 -0.63951  -0.662768  0.086877
  0.032194  0.027537 -0.051517  0.014861  0.00195   0.045657 -0.017853
  0.059017  0.051934 -0.060296  0.084422 -0.007207 -0.004492]
[-0.932112 -0.919617 -0.743504 -1.090027 -0.849792 -0.923324  0.044903
 -0.013227  0.062703 -0.045286 -0.058733  0.059546  0.013206 -0.040711
  0.019968  0.088658 -0.073283  0.042991  0.036904  0.008177]
[-1.064473 -1.199138 -1.154346 -1.215239 -1.165877 -1.250826  0.019499
 -0.060483  0.065045  0.090573  0.194551  0.046671 -0.091392  0.178026
 -0.035916 -0.082024  0.130417 -0.010175  0.00513   0.040804]
[-0.857853 -0.816012 -0.72686  -1.028677 -0.882515 -1.020562 -0.046626
 -0.140806 -0.215163  0.001283  0.170178 -0.172063  0.071652  0.084701
 -0.19392   0.03064  -0.004951 -0.091484 -0.061196 -0.007059]
[ -1.012078e+00  -8.608262e-01  -9.537414e-01  -1.016853e+00  -1.072521e+00
  -9.072957e-01  -1.039414e-03   8.797165e-02  -6.225351e-02  -4.127609e-02
  -3.489678e-02  -3.163674e-02   1.076762e-02  -3.955794e-02   1.690317e-01
   2.238484e-02   4.760139e-02  -7.705005e-02  -1.079408e-02   8.750653e-03]
[-0.788923 -0.75472  -0.758742 -0.822407 -0.772108 -0.792912 -0.053087
 -0.056943  0.069663 -0.009002 -0.082825  0.02703   0.020548 -0.078661
 -0.02043   0.010949  0.012472 -0.062737  0.00824   0.005438]
[-0.686135 -0.888258 -0.753033 -0.825665 -0.668198 -0.915086 -0.077747
  0.040175  0.051584 -0.013084 -0.053478  0.06873  -0.008416 -0.050729
  0.028536 -0.006203 -0.042897 -0.043475  0.001246 -0.030042]
[-0.811082 -0.791502 -0.979763 -0.831204 -0.857581 -0.93195  -0.139638
  0.098176 -0.003967 -0.031349  0.120278  0.062962 -0.00129   0.156627
  0.012568  0.021568 -0.145837 -0.07242  -0.082499 -0.06043 ]
[-0.752767 -0.891678 -0.79813  -1.021079 -0.994777 -1.131158 -0.048036
 -0.017225 -0.108228  0.00912  -0.019823 -0.166059 -0.048255 -0.01759
 -0.045349 -0.01203   0.017326 -0.110531 -0.040936 -0.012496]
[-0.680816 -0.70509  -0.817829 -0.754444 -0.802912 -0.967504  0.062548
 -0.070731 -0.062179 -0.022704  0.066432 -0.083056 -0.031344  0.024452
 -0.09034   0.023885  0.027133  0.134389 -0.060272 -0.034323]
[-0.865993 -0.554093 -0.697876 -0.754295 -0.899914 -0.489101 -0.021042
 -0.062031 -0.015212 -0.007341 -0.026848 -0.057566 -0.041208 -0.024438
 -0.051382 -0.095292  0.054006 -0.086344  0.009302 -0.049554]
[-1.000828 -0.826416 -0.9877   -0.998197 -1.142327 -1.010335 -0.068347
  0.029978 -0.069241 -0.005525  0.114708 -0.09969  -0.023631  0.133847
  0.03959   0.008567  0.049025 -0.012243 -0.007315 -0.022914]
[-0.870606 -1.002354 -0.739606 -0.901727 -0.623928 -0.769641  0.075602
 -0.100788  0.091782 -0.158305 -0.026671  0.031939  0.083888  0.055883
 -0.1521    0.089522 -0.07278   0.040663 -0.04071  -0.044748]
[-0.805385 -0.855487 -0.634438 -0.816497 -0.57772  -0.623764  0.072777
 -0.018596  0.003218 -0.084944 -0.046915 -0.003619 -0.062563 -0.025048
 -0.020132 -0.066717 -0.085427  0.047061 -0.002446  0.021573]
[-1.032874 -1.060784 -0.906281 -1.050251 -0.844758 -1.054313 -0.062803
  0.052911  0.07824   0.03854  -0.029779  0.110034  0.025825  0.007669
  0.070378  0.069998 -0.051537 -0.044304  0.039441  0.031835]
[-0.835368 -1.036933 -0.78304  -0.702035 -0.510185 -0.766737 -0.098942
 -0.015744  0.089525  0.09293   0.058702  0.089805  0.058007  0.031887
  0.030621  0.117854  0.085147 -0.161046 -0.001978 -0.02913 ]
[-1.144591 -0.987551 -1.077324 -1.026368 -1.172364 -1.026376  0.075462
  0.049831  0.098594 -0.16886  -0.038673  0.087301  0.037611  0.047269
 -0.034372  0.076188 -0.180103  0.061265  0.088128  0.093306]
[-1.151713 -0.996446 -0.896312 -1.016892 -0.914676 -0.737757  0.072799
 -0.036668  0.065186 -0.017279  0.046966  0.029022  0.032186  0.063274
  0.020296  0.087106 -0.047803  0.039713 -0.045104  0.047599]
[-0.644221 -0.69362  -0.456344 -0.553174 -0.392651 -0.468421 -0.038786
  0.026794  0.039952  0.033376 -0.094914  0.055234  0.033103 -0.1223
 -0.028248  0.043245  0.016284 -0.059903  0.014041  0.011346]
[-0.818229 -0.605438 -0.813967 -0.74248  -0.925854 -0.740143 -0.040763
 -0.038082 -0.06214   0.100638 -0.085904 -0.066987 -0.051125 -0.052481
  0.0057   -0.020797  0.093206 -0.020191  0.012227  0.001043]
[-0.905725 -0.879473 -0.832288 -0.900547 -0.833203 -0.992983 -0.060459
  0.074326 -0.092004  0.025769  0.08663  -0.024815  0.004016  0.061903
  0.044473  0.033695  0.018792 -0.034525 -0.023237 -0.025713]
[-0.942385 -1.14983  -0.981807 -0.976013 -0.959639 -1.209467  0.096542
 -0.031619  0.11484  -0.225076  0.109415  0.079051 -0.040383  0.162546
 -0.034917 -0.017844 -0.114813  0.056103 -0.034974 -0.005236]
[-0.82138  -0.779201 -0.6563   -1.013983 -0.966184 -1.059481 -0.068618
 -0.107263  0.066211  0.018859 -0.028555  0.034016 -0.059461  0.04008
 -0.090301 -0.09931   0.054819 -0.030229  0.020326  0.05863 ]
[-1.029774 -0.960522 -0.845417 -0.874023 -0.702967 -0.719775 -0.047653
 -0.004557  0.052553 -0.084386 -0.042738  0.023567  0.013612 -0.051634
 -0.117536  0.046441 -0.021776  0.020908 -0.01398  -0.018939]
[-0.670965 -0.96065  -1.069154 -0.718218 -0.998817 -1.278047  0.192299
  0.004842 -0.131351  0.071384  0.143385 -0.1358   -0.078238  0.074243
  0.025346 -0.076862  0.036482  0.372037 -0.043904  0.014222]
[-0.843411 -0.805361 -0.675632 -0.799176 -0.68758  -0.833693 -0.070447
  0.068393  0.087452  0.065959  0.065595  0.099796 -0.030726  0.093011
  0.034065 -0.037018  0.018268 -0.050879  0.00093   0.026871]
[-0.971808 -0.86873  -0.974204 -0.863522 -1.084419 -0.969306 -0.036222
  0.062477  0.0961   -0.130545  0.001369  0.063083 -0.050661 -0.00467
  0.033169 -0.063977 -0.147424  0.026775  0.066606  0.010534]
[-0.790203 -0.89322  -0.883442 -0.637431 -0.522816 -0.609803 -0.058533
  0.094531  0.088539 -0.012676 -0.047902  0.109137  0.053564 -0.093613
  0.084844 -0.053076 -0.035951  0.019942  0.034313  0.086856]
[-0.594741 -0.881174 -0.75497  -0.485065 -0.344599 -0.727337  0.021105
  0.061761 -0.014374  0.203908 -0.001272 -0.037361 -0.08425   0.082653
  0.140862 -0.042884  0.187823 -0.010205  0.008145  0.002005]
[-1.052304 -1.276852 -1.125228 -0.839756 -1.009786 -1.101193 -0.005573
  0.101278 -0.045318 -0.07831  -0.164739 -0.131685 -0.077929 -0.185259
  0.130068 -0.106829 -0.088327 -0.062495  0.045801 -0.019389]
[-0.838149 -0.828421 -0.827542 -0.836727 -0.945309 -0.94594   0.035529
  0.067413 -0.018399 -0.125396  0.071326 -0.114041 -0.02448   0.081077
  0.054745 -0.02376  -0.02726   0.050318 -0.028718  0.009842]
[-0.850255 -0.948812 -0.71213  -0.775917 -0.623546 -0.701569  0.008404
  0.01291  -0.047264 -0.113372 -0.008587 -0.023314  0.018092 -0.013705
  0.011619  0.017473 -0.126053 -0.006227 -0.05535  -0.017738]
[-0.80113  -0.697367 -0.904619 -0.647818 -0.79877  -0.691615  0.025417
  0.03096  -0.024442  0.108342  0.102911  0.05695  -0.105152  0.097186
  0.060739 -0.077332  0.089409  0.019798  0.008122 -0.001465]
[-1.1393   -1.192444 -1.063223 -1.197041 -1.057062 -1.331315  0.011183
  0.01248   0.005235  0.001385 -0.100997 -0.081742  0.019882  0.020204
  0.105566  0.055833  0.06803   0.06422   0.010841  0.034429]
[ -6.614001e-01  -1.077145e+00  -6.661810e-01  -7.524538e-01  -5.352598e-01
  -8.883456e-01  -7.361100e-02  -4.415575e-03   9.176889e-02  -3.189984e-02
   3.244989e-02   3.710430e-02  -5.019847e-02   2.040149e-02   2.045843e-02
  -4.122715e-02   3.493193e-04  -2.795131e-02  -2.509791e-03   1.676932e-02]
[-0.833747 -0.846962 -0.931499 -0.887578 -1.042177 -1.014459 -0.042795
 -0.041045  0.137188 -0.020797  0.035088  0.139917  0.022263  0.012152
  0.001047  0.01876  -0.013499 -0.009371 -0.033009 -0.017395]
[-0.664904 -0.648584 -0.651714 -0.617342 -0.626884 -0.656015 -0.007436
  0.081726 -0.04224  -0.06416  -0.013973 -0.064606  0.011299 -0.025982
  0.047934  0.007328 -0.09588   0.022653 -0.044592 -0.007494]
('Mean', 1, ': ', -0.66490414258299557)
('Median', 1, ': ', -0.66490414258299557)
('Variance', 1, ': ', 0.0)
('Mean', 2, ': ', -0.64858361329261027)
('Median', 2, ': ', -0.64858361329261027)
('Variance', 2, ': ', 0.0)
('Mean', 3, ': ', -0.6517136408671399)
('Median', 3, ': ', -0.6517136408671399)
('Variance', 3, ': ', 0.0)
('Mean', 4, ': ', -0.61734225137950427)
('Median', 4, ': ', -0.61734225137950427)
('Variance', 4, ': ', 0.0)
('Mean', 5, ': ', -0.62688424486256056)
('Median', 5, ': ', -0.62688424486256056)
('Variance', 5, ': ', 0.0)
('Mean', 6, ': ', -0.65601465801420489)
('Median', 6, ': ', -0.65601465801420489)
('Variance', 6, ': ', 0.0)
('time: ', 10526.677784919739)
