“Running plot script on a single CPU core”
[ 0.017014  0.123333  0.10372   0.031606  0.01004   0.015784]
[ 0.050846  0.07361   0.041654  0.013372 -0.008598 -0.031647]
[ 0.049702  0.050161  0.069609  0.002321 -0.008983  0.025419]
[-0.000864  0.003904  0.049953 -0.019352 -0.008804 -0.010356]
[ 0.0914    0.120867  0.107273  0.013205 -0.026843  0.039408]
[ 0.040926  0.102531  0.12935   0.041973 -0.000318 -0.026813]
[-0.002329  0.028585  0.025151 -0.011874 -0.006162 -0.047096]
[-0.009178 -0.015107  0.033533  0.000982 -0.017939 -0.021454]
[ 0.019578 -0.05209  -0.033937 -0.032466 -0.020491 -0.016784]
[ 0.030157  0.047329  0.100895  0.006153 -0.011443  0.002874]
[ 0.033334  0.027382  0.060165  0.010662 -0.023985  0.048728]
[ 0.03878  -0.011984  0.025098 -0.017621 -0.02588  -0.015518]
[-0.067623 -0.042616 -0.016015  0.022246  0.000294 -0.010237]
[-0.009231  0.054396 -0.00565   0.010872  0.00431   0.008112]
[ 0.014382  0.001165  0.016227  0.007503  0.036278 -0.007206]
[-0.007537  0.048875  0.012871 -0.008421  0.025935 -0.057576]
[-0.012465  0.018121 -0.052424 -0.043203  0.003096 -0.034782]
[ 0.103615  0.044284  0.089379  0.020633  0.029835 -0.010797]
[ 0.005633 -0.028253  0.0246    0.027993  0.00718   0.007263]
[-0.053363  0.028762  0.05139   0.004668  0.001847  0.006307]
[-0.035032  0.04623   0.033331  0.025796 -0.010957 -0.015782]
[ 0.098418  0.015148  0.083119 -0.018008  0.019447  0.008967]
[-0.008775  0.02487   0.006463  0.037249 -0.021395 -0.023425]
[ 0.0787    0.121928  0.038185 -0.014377 -0.00618  -0.019614]
[-0.00981   0.070345  0.085531 -0.001922  0.015253 -0.016256]
[ 0.025533  0.037127  0.043508 -0.011765  0.018187  0.007125]
[ 0.053794  0.083765  0.042063 -0.018692  0.003926  0.001278]
[-0.009817  0.009987 -0.021236 -0.021295 -0.011273 -0.012514]
[ 0.020228  0.051227  0.032026 -0.030489  0.000766  0.017376]
[ 0.025025  0.001007  0.089041 -0.024858 -0.002709  0.017445]
[ -2.468615e-02  -8.946778e-03   3.256997e-02  -7.355325e-05   7.737496e-04
   2.227019e-03]
[-0.006934  0.011748 -0.045365 -0.000773  0.045355  0.034796]
[ 0.11991   0.040832  0.034102  0.000711  0.023208 -0.028224]
[ 0.027033 -0.002266  0.037084 -0.007747 -0.005873 -0.008421]
[ 0.004742  0.068488  0.060615 -0.007497  0.015361 -0.018232]
[ 0.01093   0.059408  0.082156 -0.007895  0.004376  0.015033]
[-0.008179  0.094155  0.087843  0.039618 -0.00449  -0.01237 ]
[ 0.031443  0.059093  0.073523 -0.00247  -0.018947 -0.010834]
[ 0.032811  0.023525  0.047886 -0.001419  0.000337  0.025091]
[ 0.080502  0.035653  0.105458 -0.013152  0.015709  0.001515]
[ 0.077342  0.072174  0.082008  0.008466  0.015173 -0.003169]
[ 0.021767  0.019378  0.050979  0.013612 -0.015249  0.040097]
[-0.014567 -0.009439  0.026494 -0.010517  0.012746  0.005547]
[ 0.035607  0.034578  0.038237  0.003831  0.007323  0.007737]
[ 0.028195  0.036306  0.006293 -0.009896  0.022397 -0.009295]
[-0.013584  0.01392   0.008444  0.033998 -0.025732  0.005776]
[ 0.021038  0.006412  0.030839  0.008859 -0.042074  0.01007 ]
[ 0.04959   0.07305   0.110676  0.007791  0.007241  0.008008]
[ 0.034735  0.043908  0.028478  0.001819  0.002436  0.0172  ]
[ 0.066812  0.080766  0.149289 -0.012304  0.029153  0.000656]
[-0.019519  0.002737  0.030073 -0.009552  0.005995  0.032577]
[-0.055258  0.048247  0.070353  0.028667 -0.049921  0.005282]
[ -3.639725e-05   7.707422e-03   1.134051e-02   2.155117e-02  -1.792737e-02
   2.857814e-02]
[ 0.005308  0.079636  0.039833 -0.008671  0.007496 -0.021324]
[-0.02753   0.056357  0.092059  0.023322 -0.010148 -0.010842]
[ 0.04815   0.059152  0.03736  -0.000587  0.015346 -0.006684]
[ 0.024965  0.050361  0.116582  0.018163  0.023457  0.010525]
[ 0.033978  0.066027  0.040655  0.012353 -0.001851  0.002114]
[ 0.080185  0.05295   0.071062 -0.008478 -0.003127  0.02152 ]
[ 0.014916 -0.010516  0.022693 -0.000457  0.000675  0.009676]
[ 0.041054  0.047463  0.008833  0.004156 -0.031681  0.037214]
[-0.043054 -0.015988 -0.037047 -0.022951 -0.020658 -0.015568]
[-0.020584  0.014978 -0.017365  0.009729 -0.016279  0.011768]
[ 0.020181  0.023877 -0.015613 -0.00753   0.008492  0.031564]
[ 0.01802  -0.006304  0.002067 -0.006926 -0.002175  0.006801]
[-0.030654 -0.003043  0.034219 -0.010688  0.016296 -0.002437]
[ 0.031405  0.020856  0.024519  0.026909  0.020067 -0.001143]
[ 0.001944  0.033039  0.080569  0.010747 -0.011332  0.011367]
[ 0.045618  0.012465  0.04933   0.011317 -0.005168  0.013479]
[ 0.123913  0.108473  0.079368  0.013471  0.007117 -0.010532]
[ 0.119206  0.02764  -0.019258  0.023921  0.010245 -0.012922]
[ 0.009283  0.102681  0.099381 -0.033861  0.015754 -0.025317]
[ 0.003134  0.030464 -0.003081 -0.008881 -0.009095  0.004968]
[ 0.021516  0.008226 -0.018293 -0.022388  0.018921 -0.000613]
[ 0.069847  0.089712  0.080336  0.043528  0.047878  0.003896]
[ 0.046032  0.035192  0.025378  0.02121  -0.012117 -0.019076]
[-0.071303  0.014693  0.017783 -0.010261 -0.004812 -0.019728]
[ 0.026183  0.038155  0.049252 -0.005977  0.015463  0.013495]
[-0.054245  0.004102 -0.010527  0.003258 -0.015403  0.006513]
[-0.002139  0.030523  0.003507 -0.02054   0.026643 -0.029528]
[-0.011289  0.062582  0.009459  0.012556  0.007235  0.003322]
[ 0.027102  0.093309 -0.031786 -0.011645 -0.021619  0.02288 ]
[ 0.03738  -0.038025 -0.015539  0.013485  0.035054 -0.001832]
[ 0.040705  0.077916  0.017173 -0.041522  0.005271  0.002158]
[ 0.004682  0.017659  0.078313 -0.013289 -0.004197 -0.0097  ]
[-0.067596 -0.050703 -0.09068   0.029814 -0.010613  0.037108]
[-0.03161   0.061654  0.036184 -0.031648  0.011405 -0.015414]
[ 0.015454  0.002141  0.032352 -0.000639 -0.001626 -0.000325]
[ 0.093513 -0.055823  0.120088  0.008231  0.017312  0.006396]
[-0.009448  0.017087  0.010436 -0.00895  -0.041016 -0.038142]
[-0.054969  0.085626 -0.032102 -0.008278 -0.002673  0.029387]
[-0.041926 -0.062205  0.042591 -0.020263  0.003454  0.034575]
[-0.01213   0.016734  0.008318  0.004657 -0.014616  0.031895]
[ 0.000172  0.029345  0.021027  0.009895  0.039413 -0.015997]
[ 0.043706  0.040433  0.088371  0.030866  0.013549  0.009536]
[ 0.066094  0.120628  0.015559 -0.001147  0.051507  0.000175]
[ 0.024055  0.019571 -0.0689    0.00464  -0.003611  0.016727]
[ 0.03981   0.096097  0.097533 -0.005057 -0.001939 -0.007442]
[ 0.06675   0.025936  0.013859  0.036239  0.00921  -0.003782]
[-0.009551  0.002666  0.061385 -0.016366  0.028487 -0.033557]
('Mean', 1, ': ', -0.009550555184850703)
('Median', 1, ': ', -0.009550555184850703)
('Variance', 1, ': ', 0.0)
('Mean', 2, ': ', 0.0026660267521360251)
('Median', 2, ': ', 0.0026660267521360251)
('Variance', 2, ': ', 0.0)
('Mean', 3, ': ', 0.061385218340609671)
('Median', 3, ': ', 0.061385218340609671)
('Variance', 3, ': ', 0.0)
('time: ', 13867.309338092804)
