“Running plot script on a single CPU core”
[ 0.010368  0.068253  0.059201 -0.037677  0.000549 -0.002436]
[-0.036564  0.023269  0.018926 -0.037806  0.032705  0.017678]
[ 0.047221  0.104326  0.06598   0.041475  0.021589 -0.012507]
[ 0.03998   0.07212   0.063711 -0.005969 -0.015089  0.006232]
[-0.064321 -0.03456  -0.055076 -0.016992 -0.007545  0.006354]
[ 0.037311  0.034476  0.071634 -0.008263 -0.007987 -0.00064 ]
[ 0.02857   0.01565   0.060801 -0.01008   0.003087 -0.004623]
[-0.012438  0.014389 -0.003427  0.012817 -0.031024  0.012474]
[ 0.06551   0.065997  0.076964  0.000756  0.032493  0.000624]
[ 0.036734  0.071417  0.094181  0.02685  -0.027227  0.023365]
[ 0.075529 -0.0313   -0.042661 -0.028202 -0.001538  0.052617]
[ 0.058447  0.080934  0.049591  0.0157    0.006898 -0.018671]
[ 0.008205 -0.034015  0.01442  -0.018027 -0.004284 -0.023314]
[ 0.02823   0.080624 -0.033051 -0.010202  0.051997  0.054702]
[-0.00687   0.025466 -0.04468   0.031605  0.014247 -0.006653]
[-0.048006  0.050731  0.016485  0.04345   0.010566 -0.035787]
[ 0.023917  0.047013  0.031406 -0.006549 -0.004164 -0.022164]
[ 0.018102  0.084719  0.021738 -0.006137  0.027978 -0.012005]
[ 0.110508  0.016036  0.081771  0.011147 -0.013334 -0.005291]
[-0.016143  0.037975  0.083423  0.046403  0.049532 -0.022328]
[ 0.043512  0.009884  0.009131 -0.00564   0.002543 -0.007388]
[ 0.07224   0.082892  0.091963  0.009316 -0.011586  0.023158]
[ 0.048569  0.065547  0.07104  -0.014408  0.016296 -0.004673]
[-0.02252   0.062171  0.065846  0.01016  -0.044098 -0.002935]
[-0.007179  0.093406  0.13085  -0.019373  0.011349 -0.00801 ]
[-0.070884  0.015865  0.01214  -0.01893   0.002706  0.017354]
[ 0.015621 -0.032087 -0.024081  0.003918  0.015807  0.017867]
[ 0.036904 -0.027096  0.090014  0.013177 -0.022619 -0.000388]
[ 0.00692   0.040396  0.038252 -0.005367 -0.04579   0.006254]
[ 0.060739  0.037696  0.092533  0.026951  0.001698 -0.034654]
[ 0.013131  0.027906  0.07889   0.004922 -0.016424  0.032422]
[ 0.044533  0.072853  0.089538  0.013397 -0.001925 -0.003073]
[ 0.036511  0.023593  0.025607 -0.019589 -0.03176  -0.025761]
[ 0.050075  0.053028  0.105304  0.013296 -0.016366 -0.014924]
[ 0.000769 -0.033761  0.037837  0.017328 -0.007671 -0.022899]
[-0.060097  0.042521 -0.025549  0.026134  0.004191  0.002799]
[ 0.059348  0.040462  0.069025  0.046293  0.026365 -0.028319]
[-0.021087  0.037522  0.028186 -0.014082  0.031684  0.015855]
[-0.074588  0.017203 -0.009397 -0.021617  0.007839 -0.001071]
[ 0.037764  0.017278 -0.032464  0.003893 -0.007013 -0.030278]
[-0.084382 -0.010032 -0.006345  0.001019  0.019339 -0.002132]
[-0.009047  0.032167  0.035306 -0.005258  0.013231 -0.009912]
[ 0.055075  0.119994  0.096234  0.001913 -0.006599 -0.007678]
[ 0.011579 -0.009982  0.012777 -0.016325  0.000614  0.029962]
[ 0.030585  0.01141   0.01337   0.009374 -0.006386  0.01757 ]
[-0.040504  0.040594  0.011228 -0.023069  0.008142 -0.006593]
[ 0.021634  0.041944  0.042971 -0.019085 -0.014918 -0.029789]
[ 0.066571  0.07273   0.054167  0.001805 -0.006908 -0.010299]
[ 0.033129  0.05433   0.064714  0.012333 -0.026594  0.013875]
[ 0.040557  0.029795  0.023166 -0.016528 -0.006203  0.011566]
[ 0.078145  0.136836  0.109458 -0.001968  0.015572  0.019113]
[-0.007262  0.071534  0.060644 -0.007912  0.048684 -0.007072]
[-0.032816 -0.019666 -0.015038 -0.000667  0.004675 -0.026478]
[ 0.009485  0.022839 -0.012845  0.007417 -0.035351 -0.012828]
[-0.039864 -0.027824  0.050113 -0.027344 -0.048038 -0.022004]
[ 0.044337  0.075581  0.11216   0.021973 -0.002877  0.017935]
[-0.014502  0.090538  0.073528 -0.018324  0.009011  0.000783]
[ 0.002227  0.035797  0.010854 -0.009409 -0.007283  0.003831]
[ 0.006518  0.032564  0.047642 -0.00612   0.004553  0.002037]
[-0.047846 -0.045071  0.003607 -0.018348  0.041247 -0.004596]
[ 0.076069  0.076824  0.074224 -0.00592  -0.043664  0.009927]
[ 0.032418 -0.00046   0.066238  0.003541 -0.005115 -0.003114]
[-0.055804 -0.010825 -0.043043  0.020784 -0.006112 -0.009054]
[-0.007056  0.025572 -0.015859 -0.000631  0.006059  0.017301]
[ 0.013469  0.038209  0.013191  0.00157  -0.003682 -0.003192]
[-0.018528  0.01927  -0.017956 -0.022351  0.000543  0.003295]
[ 0.02012   0.044537  0.030894  0.006512  0.011038  0.006177]
[ 0.053479  0.047571  0.052775 -0.027558 -0.004645 -0.001516]
[ 0.07846   0.07893   0.061336  0.023144 -0.029484 -0.001581]
[ 0.047756  0.051396  0.068541  0.037598  0.006025 -0.006514]
[-0.002417  0.013844  0.022604 -0.01359   0.002852  0.042376]
[ 0.062772  0.029005  0.050709  0.023317  0.030801 -0.003886]
[-0.01778   0.016699 -0.022509  0.002388 -0.014686 -0.012716]
[-0.042662  0.003089  0.001491 -0.009125 -0.000115 -0.006428]
[ 0.116186  0.172233  0.114233  0.004912 -0.001409  0.018149]
[ 0.046094  0.128571  0.122157  0.021838  0.009328  0.001091]
[ 0.005448 -0.015193 -0.028616 -0.003228  0.032426  0.002119]
[ 0.027977  0.036294  0.041648  0.004345  0.006624 -0.031035]
[ 0.091568  0.096636  0.083583 -0.024794  0.000505  0.019014]
[ 0.080991  0.055577  0.034565  0.012239 -0.023124  0.001087]
[ 0.069957  0.05713   0.038065  0.020598  0.022422  0.007986]
[ 0.025467  0.01644   0.030145  0.008002 -0.001532 -0.004401]
[ 0.047019 -0.000519 -0.044561  0.00191   0.011009  0.013069]
[-0.007032  0.030022  0.060505 -0.014468  0.006699  0.019486]
[ 0.055016  0.059758  0.099056  0.027223  0.002358 -0.017037]
[-0.008896  0.080246  0.117795 -0.026268  0.025084 -0.00979 ]
[ 0.061857  0.05604   0.074834 -0.003737 -0.002835 -0.019969]
[ 0.001118 -0.01089   0.040962 -0.005171 -0.011185 -0.000186]
[ 0.059145  0.094799  0.165949 -0.000441 -0.044634 -0.001688]
[ 0.041458  0.008787  0.090394  0.023965 -0.024702 -0.002221]
[ 0.091895  0.061864  0.094404  0.038177  0.070947 -0.002852]
[-0.048886  0.000142 -0.070146  0.025933 -0.014845 -0.015575]
[ 0.055744  0.012554  0.022432 -0.010031 -0.026751  0.008047]
[-0.032809 -0.017438 -0.05943  -0.038471  0.019154 -0.01339 ]
[ 0.083278  0.062015  0.051561  0.013327  0.014089 -0.000496]
[ 0.020202 -0.023269  0.056699  0.013709  0.019438 -0.023948]
[ 0.136154  0.149961  0.049255  0.001316  0.012466 -0.024939]
[ 0.013924  0.034396  0.050876  0.026039 -0.023703  0.052617]
[ 0.004132  0.026591  0.060178  0.003628 -0.016225  0.022676]
[-0.018305 -0.064392 -0.011222  0.011113 -0.020659  0.026387]
('Mean', 1, ': ', -0.018305324357405638)
('Median', 1, ': ', -0.018305324357405638)
('Variance', 1, ': ', 0.0)
('Mean', 2, ': ', -0.064391605606213001)
('Median', 2, ': ', -0.064391605606213001)
('Variance', 2, ': ', 0.0)
('Mean', 3, ': ', -0.011221637334018885)
('Median', 3, ': ', -0.011221637334018885)
('Variance', 3, ': ', 0.0)
('time: ', 8616.511254787445)
