“Running plot script on a single CPU core”
[ -4.799722e-02   2.191812e-05  -4.331298e-02  -5.606358e-03   1.650247e-02
   3.218452e-02]
[ 0.004029  0.065253  0.063062 -0.000949  0.015112  0.00361 ]
[ 0.028574  0.046025  0.103356 -0.047868  0.02448   0.009567]
[-0.013878 -0.006184 -0.026597 -0.017697 -0.025616 -0.033145]
[-0.036938 -0.014213 -0.122148  0.02005  -0.03472  -0.006552]
[ 0.012351  0.057964  0.024369  0.007875 -0.040548  0.012146]
[ 0.008503  0.042831  0.014347  0.037512  0.007505 -0.002305]
[ 0.025634  0.021078  0.070947 -0.010777  0.007801 -0.010619]
[-0.007715  0.053277 -0.00273   0.004863 -0.01939   0.016284]
[ 0.068587  0.026446 -0.041595  0.038321 -0.017561 -0.028764]
[-0.036933 -0.072311 -0.03206  -0.028914 -0.034564 -0.018825]
[ 0.074564  0.026908  0.049914  0.025335  0.014321 -0.013322]
[ 0.017295  0.029868  0.063408 -0.042974 -0.023166  0.012304]
[ 0.023197  0.040167 -0.03906  -0.0099   -0.026482 -0.000521]
[ 0.021525  0.058768  0.049762 -0.017996 -0.014847  0.012044]
[ 0.111204  0.015165  0.083508  0.009551  0.009396 -0.004686]
[ 0.056788  0.027927  0.024881 -0.039857  0.008471 -0.016776]
[ 0.051845  0.03941  -0.002841  0.009083 -0.002485  0.000156]
[ 0.079845  0.097731  0.058368 -0.00171  -0.019162 -0.006379]
[ 0.00507   0.002297  0.024423  0.010072  0.01169   0.000326]
[-0.028524  0.041757  0.051916  0.013549 -0.026598  0.010316]
[ 0.037166  0.003532  0.026323  0.013928 -0.004174  0.005423]
[ 0.057833  0.049562  0.054346  0.011977  0.010121  0.007724]
[-0.056831 -0.006013  0.009094 -0.018424  0.014234 -0.00999 ]
[ 0.123989  0.136118  0.159548  0.0323    0.005507  0.008334]
[ 0.019277  0.028207 -0.014788 -0.015977 -0.009653  0.002104]
[ 0.015829  0.018697 -0.020825  0.011172  0.001532  0.044898]
[-0.080757  0.003803 -0.022873 -0.001558 -0.007568 -0.001252]
[-0.053982 -0.020989 -0.004025  0.014664  0.016137  0.005738]
[ 0.080451  0.068258  0.11332  -0.017271  0.01636  -0.043267]
[ 0.012763  0.107928  0.098047 -0.032628  0.000226  0.022283]
[ 0.006208  0.028415  0.037367 -0.009484  0.031203  0.001886]
[-0.018263  0.057705  0.048622  0.033186 -0.027884  0.014198]
[ 0.034183  0.054802  0.065288 -0.008806 -0.001066  0.013408]
[-0.025582 -0.006105 -0.1125   -0.008026  0.002504 -0.008913]
[-0.001508  0.012759  0.052849 -0.027485 -0.008924  0.018259]
[-0.02005  -0.00668   0.015804  0.007754  0.017137 -0.036232]
[ 0.052444  0.028942  0.033018 -0.023712 -0.026084 -0.034729]
[ 0.116278  0.083134  0.014533  0.025085  0.012832  0.01149 ]
[ 0.112322  0.070255  0.037509  0.011459  0.018897  0.02451 ]
[ 0.058754  0.095386  0.064379  0.005922 -0.0523    0.012947]
[ 0.036621  0.043115  0.003532 -0.00964   0.038943  0.015296]
[ 0.015553  0.028326 -0.002343 -0.016043  0.005857  0.067882]
[-0.007334  0.046808 -0.036146  0.003066  0.010333 -0.016455]
[ 0.019173  0.035958  0.04823  -0.013089 -0.015502  0.004752]
[ 0.026144  0.043948  0.054534  0.000961  0.028209 -0.00888 ]
[ 0.002293 -0.027356  0.009028  0.00191  -0.010086 -0.016198]
[-0.019463  0.023996  0.00137  -0.00467  -0.00324   0.003128]
[-0.00748  -0.022723 -0.031272 -0.010733  0.007956  0.002629]
[ 0.049853  0.094733  0.070179 -0.007248 -0.003486 -0.003574]
[-0.030441  0.058036  0.090175  0.014113  0.005303  0.008391]
[ 0.011313  0.068257  0.033822  0.008674 -0.004425  0.020196]
[-0.043816 -0.062592 -0.001775 -0.025796  0.005779  0.010611]
[-0.013733 -0.041037  0.020028 -0.00943  -0.004581 -0.00468 ]
[-0.035109  0.031156  0.008434 -0.016142 -0.049433 -0.008447]
[ 0.045679  0.040506  0.047032 -0.000825  0.00571  -0.01484 ]
[-0.00544   0.057308  0.069554 -0.01541  -0.004945  0.026649]
[ 0.047326  0.021288  0.019785 -0.001472  0.00448   0.008515]
[ 0.022404  0.054017  0.048568 -0.006015  0.016698  0.000473]
[ 0.110947 -0.007673  0.122998  0.019657  0.021961  0.006925]
[ 0.101834  0.00568   0.079799  0.046195 -0.026051  0.029596]
[ 0.029792  0.095303  0.052867  0.008255 -0.003476  0.024452]
[ 0.05472   0.038483  0.033583 -0.000822  0.029382  0.001428]
[ 0.055624  0.102653  0.093653 -0.018278 -0.006056  0.009339]
[ 0.049158  0.071421  0.085434  0.005814  0.008265  0.030521]
[ 0.029596 -0.050098  0.026669  0.011083  0.01056  -0.017578]
[ 0.000464  0.147929  0.121364 -0.022773  0.027244  0.012857]
[ 0.016457  0.016901  0.019034  0.044459  0.010916 -0.015525]
[ 0.048973  0.052752  0.116177 -0.006613 -0.008662 -0.023273]
[-0.019646  0.028423  0.015255  0.025076  0.002207  0.022896]
[-0.010303 -0.008385  0.059063  0.009989  0.045439  0.011018]
[ 0.073391  0.025255  0.086185  0.068086  0.00196   0.007668]
[ 0.123413  0.059032  0.043544 -0.000228  0.003127  0.022342]
[ 0.018894 -0.014534  0.012073  0.006823  0.022554 -0.026209]
[ 0.033904  0.094442  0.074602 -0.000791 -0.007272  0.042783]
[ 0.097128  0.11946   0.136335  0.013312  0.023283 -0.039193]
[ 0.021964  0.048363  0.046014 -0.005174  0.022193  0.010161]
[-0.004932 -0.007277  0.060147  0.006971  0.027178 -0.024333]
[ 0.06985   0.089505  0.056727  0.011271 -0.002576 -0.002106]
[ 0.011527  0.046798 -0.008365  0.01766   0.004093 -0.024191]
[ 0.037398 -0.013393  0.036718 -0.013136 -0.031038 -0.005183]
[ 0.100142  0.161095  0.157333 -0.038939  0.014913  0.001644]
[ 0.042449 -0.003502 -0.029246 -0.035451 -0.011018  0.021708]
[ 0.02018   0.035001  0.023895 -0.018093 -0.000324  0.004502]
[ 0.086127  0.062263  0.103449 -0.024752  0.007814  0.033861]
[ 0.04963   0.05512   0.063833 -0.015909  0.011508  0.031505]
[ 0.035419  0.011429  0.041769  0.01536  -0.012352  0.034651]
[-0.01606   0.013509  0.004265 -0.010104 -0.002128  0.010863]
[-0.0054    0.047319  0.015097  0.012146  0.008875  0.011056]
[-0.018433 -0.045934 -0.040284  0.017545 -0.030525  0.071068]
[ 0.00118   0.055851  0.071172 -0.004776 -0.023824  0.028593]
[-0.041856  0.088106  0.096063  0.013466 -0.003908 -0.017138]
[ 0.06852   0.071919  0.111461 -0.023555  0.013235  0.008192]
[-0.066548 -0.038523 -0.016242  0.006788  0.001897 -0.000647]
[ 0.021758  0.055494  0.004716  0.006574  0.005777  0.008334]
[ 0.021153  0.061147  0.046635 -0.012528  0.007241 -0.030074]
[ 0.061519  0.12345   0.058637 -0.014458  0.01166  -0.013464]
[-0.022505 -0.034867  0.045262  0.019323 -0.003022 -0.005971]
[-0.008699 -0.058753  0.021698 -0.002243 -0.008474  0.001481]
[-0.02032  -0.000965  0.007855 -0.000185  0.023493  0.006362]
('Mean', 1, ': ', -0.020319965654478207)
('Median', 1, ': ', -0.020319965654478207)
('Variance', 1, ': ', 0.0)
('Mean', 2, ': ', -0.0009650151814921354)
('Median', 2, ': ', -0.0009650151814921354)
('Variance', 2, ': ', 0.0)
('Mean', 3, ': ', 0.0078554408982831701)
('Median', 3, ': ', 0.0078554408982831701)
('Variance', 3, ': ', 0.0)
('time: ', 8545.573052167892)
