“Running plot script on a single CPU core”
[ 0.060192  0.037177  0.115477  0.013213 -0.010398 -0.004906]
[ 0.024575  0.053127  0.027227  0.015339 -0.002721  0.033777]
[ 0.029331 -0.006405 -0.015108 -0.00212   0.025899  0.044533]
[ 0.081719 -0.019268  0.054646  0.006746  0.017961  0.002794]
[ 0.020467 -0.048764  0.004848  0.005939 -0.03787  -0.025781]
[ 0.075927  0.022588  0.095192  0.020386 -0.007287  0.006997]
[ 0.073024  0.137924  0.165913 -0.016953  0.024921  0.019076]
[ 0.103495  0.03151   0.097016  0.035982  0.004734 -0.028251]
[ 0.024666 -0.013637  0.072649  0.009256  0.023793  0.015112]
[ 0.021498 -0.010331  0.022691 -0.041374 -0.022111 -0.022057]
[-0.005654  0.049084  0.017691  0.041776  0.008412  0.018531]
[ 0.035648  0.041952  0.062583 -0.016041 -0.007622  0.026885]
[ 0.03849   0.027263  0.031231 -0.008996 -0.010709  0.000547]
[ 0.036829  0.082874  0.064752 -0.005336  0.005055  0.028739]
[ 0.004208 -0.035379  0.031467 -0.019241 -0.011887 -0.007793]
[ 0.067359  0.095099  0.131423  0.034205 -0.000249 -0.002767]
[ 0.061929  0.006906  0.085481  0.028473 -0.028313 -0.005436]
[-0.024901  0.030032  0.062291 -0.004282  0.007776 -0.008694]
[-0.014015  0.077885  0.091006 -0.03438  -0.004782  0.010401]
[ 0.053184  0.105388  0.038799  0.00152   0.002107 -0.007505]
[-0.007422  0.098378  0.148024  0.044867  0.031361 -0.013306]
[-0.029381  0.010282  0.056517 -0.013247  0.008661 -0.018259]
[ 0.055467  0.11525   0.100622 -0.02276  -0.00545  -0.006822]
[ 0.015298 -0.010419 -0.006359  0.009437  0.023237  0.04889 ]
[ 0.040835  0.071963  0.011888  0.017651  0.004655  0.006655]
[ 0.017794 -0.000752  0.015934  0.015439 -0.028003  0.020811]
[-0.009782  0.021407  0.035477  0.008006 -0.013472  0.029574]
[ 0.01671   0.070926  0.045892  0.00103  -0.01109   0.00421 ]
[-0.007834  0.06116   0.020058 -0.042044  0.022725  0.018382]
[ 0.028925  0.037022  0.048209 -0.022165  0.007331  0.00363 ]
[ 0.066668  0.014241  0.077908  0.026578  0.004422 -0.015916]
[ 0.05653   0.033104  0.028876 -0.034482  0.001161 -0.006819]
[ 0.09988   0.088533  0.038372  0.025485 -0.046211  0.054281]
[ 0.08798   0.085756  0.094734  0.000102 -0.018252 -0.030647]
[ 0.055695  0.096942  0.115755 -0.00257  -0.00848   0.007475]
[-0.067523 -0.021278 -0.038956 -0.005496 -0.008831 -0.002074]
[ 0.015996  0.02349   0.035738  0.011886 -0.010688  0.002394]
[-0.00179   0.004042 -0.030524 -0.018841 -0.008894 -0.014471]
[-0.077154 -0.013317  0.006986 -0.024598  0.020205  0.001655]
[ 0.027153 -0.008783  0.004539  0.004805 -0.022385 -0.021255]
[-0.013303  0.078654  0.043193  0.021177 -0.018047 -0.014156]
[ 0.041062  0.072122  0.067832 -0.020278  0.028525 -0.000309]
[ 0.050262  0.02584   0.033756  0.003037 -0.017802 -0.026215]
[ 0.035912  0.124152  0.086417 -0.003888  0.010383 -0.001704]
[ 0.017474  0.053279  0.051584 -0.006721 -0.021388 -0.006404]
[ 0.047922  0.076838 -0.023112 -0.031588 -0.048659  0.063355]
[ 0.065772  0.099781  0.118937  0.015398 -0.008829 -0.02821 ]
[ 0.07469   0.094296  0.127429 -0.000271 -0.004423  0.015182]
[-0.003767  0.008089  0.05017  -0.015083 -0.008898  0.010173]
[ 0.101422 -0.010641  0.129339 -0.006976  0.019178 -0.022957]
[ 0.02326   0.046228  0.076063  0.009087 -0.018012  0.048326]
[ 0.035699  0.018497  0.037958  0.025631  0.057407 -0.025483]
[ 0.104728  0.063047  0.120727 -0.003811  0.00793  -0.049385]
[-0.040541 -0.035339 -0.003361 -0.033445  0.003882 -0.035315]
[ 0.057631  0.038755  0.047544  0.000568 -0.027778  0.0234  ]
[-0.004952  0.075764 -0.023872  0.006796  0.032409 -0.021889]
[ 0.039625  0.122444  0.0351   -0.010069 -0.041699  0.010102]
[ 0.061671 -0.024793  0.093986 -0.059184  0.012952 -0.001799]
[-0.012228  0.079295  0.053621  0.015633  0.020007  0.001822]
[ 0.006601  0.105418  0.016944 -0.009018 -0.0344    0.015076]
[-0.026854 -0.03911  -0.016681  0.052418  0.006477  0.01417 ]
[ 0.022976  0.059749  0.102025  0.002968 -0.003201  0.010958]
[ 0.125197  0.075149 -0.021123  0.02957  -0.001064 -0.017298]
[ 0.070153  0.021004  0.037002  0.0016    0.010952 -0.028143]
[ 0.021527  0.017867  0.0369    0.015482 -0.003766 -0.012639]
[ 0.052219  0.04569   0.094999 -0.000263  0.00121  -0.007275]
[ 0.014048 -0.022628 -0.028665 -0.006917  0.012616 -0.001566]
[ 0.047168  0.004067  0.00749  -0.00221  -0.015222  0.016442]
[ 0.026557 -0.008097  0.035439 -0.013069  0.001281 -0.001831]
[ 0.064476  0.053492  0.068447  0.006834 -0.012527 -0.008672]
[-0.006732  0.064782  0.059516  0.000456 -0.001339  0.031365]
[-0.009658  0.065659  0.059041 -0.007679  0.019465 -0.021661]
[-0.045251  0.012205  0.02065   0.007173 -0.020328 -0.010645]
[-0.074093  0.038439  0.035134  0.027985  0.033736 -0.015402]
[ 0.03679   0.057837  0.049728  0.023577  0.004704 -0.024098]
[ 0.085641  0.058882  0.086361 -0.021006  0.007817 -0.00419 ]
[ 0.023694  0.044433  0.114246 -0.005568 -0.001926  0.013471]
[ 0.068709  0.047126  0.063829 -0.014013  0.012523  0.003491]
[ 0.015158  0.074768  0.109846 -0.016523 -0.023526  0.008409]
[ 0.025738 -0.059204  0.058451  0.013657  0.012574 -0.025983]
[ 0.041254  0.034897 -0.002192  0.032475  0.016926 -0.010838]
[ 0.030884  0.065558  0.053153 -0.018332  0.012467 -0.008553]
[ 0.052076  0.047911  0.115011  0.026449  0.027659 -0.040628]
[-0.055932 -0.00393  -0.024677  0.018326 -0.011692  0.007467]
[ 0.035179  0.013721  0.013862 -0.027383  0.011193  0.056865]
[ 0.040167  0.064424  0.079989  0.022956  0.002495  0.07286 ]
[-0.007058  0.174585  0.064847  0.000406  0.054989  0.01878 ]
[ 0.011582  0.083586  0.046436 -0.002042  0.048978 -0.006291]
[ 0.03666  -0.011353  0.062486 -0.011787 -0.012236  0.032615]
[ 0.017732  0.0509    0.065697 -0.027607  0.022598 -0.012365]
[ 0.0547    0.054701  0.068248  0.026392 -0.005601 -0.017161]
[ 0.015292  0.007592  0.010366  0.007381  0.030596  0.0123  ]
[ 0.055263  0.084106  0.048385 -0.045451  0.012596  0.020638]
[ 0.06284  -0.05703   0.029012  0.02061   0.046798  0.00738 ]
[-0.068817  0.004867  0.019138 -0.004361  0.022791  0.001329]
[-0.005623 -0.02531  -0.04263   0.042084  0.036671  0.016651]
[ 0.015062  0.065795  0.027489  0.010672 -0.024675  0.003599]
[ 0.050821  0.052822  0.077553  0.008916 -0.000662  0.010407]
[ 0.022499 -0.020287  0.044725 -0.002901  0.020932  0.004852]
[ 0.022729  0.002474  0.069485 -0.007203  0.015258  0.003818]
('Mean', 1, ': ', 0.022729278787110535)
('Median', 1, ': ', 0.022729278787110535)
('Variance', 1, ': ', 0.0)
('Mean', 2, ': ', 0.0024740729457029642)
('Median', 2, ': ', 0.0024740729457029642)
('Variance', 2, ': ', 0.0)
('Mean', 3, ': ', 0.069485055120616687)
('Median', 3, ': ', 0.069485055120616687)
('Variance', 3, ': ', 0.0)
('time: ', 8423.76844906807)
