“Running plot script on a single CPU core”
[ 0.066381 -0.190825 -0.894807  0.299305  0.222351  0.066421  0.036408
 -0.569497  0.307396  0.239302 -0.802506  0.325677 -0.556451 -0.400072
  0.20033   0.251903 -0.3416    0.331904  0.32643   0.312789]
[ 0.328253  0.301766  0.331177  0.332876 -0.001711  0.182457  0.249818
  0.29986   0.165669  0.306775  0.33127  -0.260063  0.271415  0.218526
  0.218183 -0.054172  0.242999 -0.987948  0.3302    0.166442]
[ 0.332839 -0.993135  0.295243  0.253416 -0.70995   0.222236 -0.799528
  0.333072 -0.936002 -0.242498  0.150571 -0.442609 -0.558946  0.331768
 -0.280037 -0.230078  0.324576  0.161627  0.250104 -0.088336]
[-0.31879   0.291267 -0.239676 -0.72115  -0.999483  0.322587  0.331858
 -0.710902 -0.807006  0.315442  0.252499  0.315146  0.07      0.148885
  0.012569 -0.092365 -0.413054 -0.466459 -0.126087  0.326104]
[ 0.027425 -0.205408 -0.353972 -0.588128  0.179622 -0.218004 -0.205778
  0.312189  0.330124 -0.356943  0.091456  0.258934  0.304422 -0.295582
 -0.71369   0.002789  0.097562  0.333251  0.031153  0.143693]
[-0.377584 -0.428331  0.303985 -0.926671  0.073501  0.214479 -0.99987
  0.333246  0.324495  0.234808  0.28336   0.109796 -0.04471  -0.406258
 -0.5207    0.265723 -0.237432 -0.991429  0.208849  0.332593]
[ 0.332699  0.184038 -0.713635  0.12575  -0.035198  0.297176  0.309081
  0.314406 -0.115023  0.316394 -0.850699  0.176314 -0.680121  0.033858
  0.196316  0.306179 -0.959169  0.143177 -0.746216 -0.929637]
[ 0.32696  -0.377276  0.315821  0.235823 -0.226355 -0.690425 -0.986536
  0.160275  0.312724  0.270284  0.304869 -0.510808 -0.036369  0.311753
  0.252278  0.015822  0.265229  0.293419  0.316563  0.326026]
[ 0.328676 -0.054676  0.250693 -0.719083  0.281527 -0.298089 -0.136822
  0.327113  0.010703 -0.008898  0.165444 -0.007646  0.271661  0.271878
  0.15988   0.319521  0.242824 -0.997399  0.094134  0.078735]
[-0.244524  0.233383  0.315273  0.246939  0.073091 -0.929177  0.217022
  0.249998 -0.901033 -0.999955 -0.02374  -0.027551  0.322594 -0.351388
  0.285598 -0.939947  0.018688  0.329207 -0.980446  0.33332 ]
[ 0.329605  0.122689  0.025296 -0.938115 -0.999801  0.232775 -0.291698
 -0.140968  0.332954  0.185989  0.043256 -0.098942  0.247328  0.331758
 -0.464011 -0.03151  -0.037017  0.255037  0.328197  0.203064]
[ 0.33316   0.305972 -0.31181  -0.212414 -0.604121 -0.020277  0.066284
  0.32343   0.328497 -0.847064  0.320757  0.312318 -0.997546  0.109334
  0.303281 -0.899362  0.100369  0.048926  0.24357   0.333183]
[-0.999192  0.256391  0.321835  0.174306 -0.08497  -0.994021  0.314322
 -0.796668  0.142616  0.113226  0.289138  0.119965 -0.221748 -0.286877
  0.309447  0.333299  0.317315  0.329553 -0.172662  0.142902]
[-0.98567   0.09743   0.235276  0.21996   0.317616  0.311499  0.333301
  0.042278  0.027855  0.006687  0.333315  0.331559 -0.594389  0.207308
  0.323541  0.053723  0.176262  0.24994   0.170525 -0.029536]
[ 0.178906  0.225657 -0.248976  0.32174  -0.072105  0.302357 -0.490352
 -0.037503  0.20072   0.32686   0.193371 -0.510905  0.097758  0.130887
  0.175803 -0.329141 -0.133933  0.231691  0.268117  0.274685]
[ 0.290326 -0.502314 -0.166793  0.270541 -0.626654  0.042349  0.264746
 -0.47574   0.194928  0.331354  0.11777  -0.504133  0.288898  0.332673
 -0.558585 -0.107159  0.331706 -0.952494  0.151938  0.189965]
[ 0.050001 -0.005643  0.298881  0.120318 -0.925913  0.011935  0.324773
  0.186343  0.333241 -0.03659   0.292053 -0.997693 -0.148631  0.024272
 -0.076607 -0.043951 -0.405822  0.021034 -0.030843 -0.549148]
[-0.923807  0.316096  0.182901 -0.746047  0.178947 -0.45978   0.25817
 -0.849451 -0.033257 -0.285197  0.130365 -0.675856 -0.973081  0.281816
  0.330407  0.259169 -0.211538  0.109393  0.024514  0.229502]
[-0.092361 -0.69458   0.067482  0.293457  0.309496  0.242501 -0.801051
  0.302958 -0.02306   0.239098  0.326669  0.126783  0.142458  0.287451
 -0.451754  0.053357 -0.220707  0.205749  0.263791  0.332743]
[ 0.255476  0.329848 -0.114544 -0.108211 -0.762353  0.16187   0.187029
  0.333161 -0.420539  0.30783   0.283174 -0.182749  0.039417  0.052865
  0.060481  0.141209  0.051488  0.271257 -0.538567  0.333172]
[ 0.317148  0.277116  0.295177  0.027862 -0.719011 -0.445071 -0.31051
 -0.1199    0.277818  0.195598  0.269212  0.181834  0.134006 -0.262133
  0.32339   0.325978 -0.573164 -0.035388  0.011563  0.270244]
[-0.059329  0.096727 -0.06236   0.303195  0.159417 -0.729981  0.181552
  0.331952  0.143156  0.216823  0.219199 -0.632181 -0.760881 -0.945116
  0.330351  0.241854 -0.12001  -0.681509 -0.326479 -0.04753 ]
[ 0.302696 -0.644096 -0.042605 -0.241302 -0.242413  0.258899  0.314274
 -0.334326  0.332992  0.178701 -0.847524  0.264495  0.071686  0.134638
  0.192656  0.318359 -0.460338 -0.602102  0.02367   0.051775]
[ 0.237239 -0.076659  0.073625 -0.182322  0.317228  0.301383  0.269185
  0.274141 -0.597247  0.331263 -0.750918  0.329144  0.175312  0.265931
  0.110957  0.064879 -0.897101  0.223554 -0.977739  0.038976]
[ 0.318053  0.14007  -0.464707  0.294238  0.053484 -0.185884 -0.453651
 -0.853285  0.331854  0.196254  0.00639  -0.999177  0.264127 -0.700532
  0.333323  0.333062  0.33137   0.328958 -0.991408 -0.554595]
[-0.227063  0.143601  0.33247  -0.583836 -0.99573   0.292901  0.309091
  0.137778  0.328898 -0.126011  0.057828  0.121999  0.225619 -0.780947
  0.325377 -0.236597  0.329057  0.287747 -0.599004  0.245476]
[ 0.291557  0.250988  0.329816 -0.097445  0.330127  0.322175 -0.919439
 -0.78551  -0.229359  0.128791  0.306392  0.331173  0.332295  0.101939
  0.176707 -0.904152  0.328795  0.317347  0.189316  0.317817]
[ 0.055547  0.330082  0.33327  -0.496872 -0.594742  0.328199  0.28439
  0.212793  0.133528 -0.987888  0.323972  0.155552  0.161314  0.119671
  0.270542  0.253392  0.331579 -0.044171 -0.333749  0.090883]
[ 0.332685 -0.79418   0.33015   0.28253   0.17727   0.23248  -0.183615
 -0.318795  0.309411  0.33318   0.330973  0.058731  0.144051  0.217083
 -0.171645  0.275193 -0.836764 -0.981025  0.29834  -0.06235 ]
[-0.475019 -0.378824  0.256538  0.013655 -0.195847 -0.925492  0.119622
  0.330431  0.292316 -0.129898 -0.118784  0.333217  0.22642   0.193429
  0.003755 -0.504783  0.292331 -0.756732  0.212721  0.333069]
[ 0.332926  0.299714  0.27911   0.328199  0.058533  0.11332   0.332591
  0.076647  0.271634  0.330235  0.331532 -0.958616  0.318878  0.299405
  0.122713  0.141852 -0.615571  0.258527 -0.99973   0.257943]
[ 0.332318  0.32952   0.325437  0.064296  0.211883  0.260759  0.316646
  0.251011 -0.933685 -0.99314   0.322647 -0.090952  0.329545  0.248785
 -0.983904  0.009389  0.33327   0.079583  0.135699  0.28598 ]
[-0.959029 -0.26288  -0.004758  0.233326  0.094701  0.301834 -0.313294
  0.268029  0.333318  0.035343  0.24833   0.015886  0.263049 -0.986719
  0.333333  0.243159 -0.106141  0.087694  0.322592  0.078215]
[ 0.116171  0.270777  0.16181  -0.887182  0.207314  0.255997 -0.986785
  0.323933  0.330601  0.159062  0.209135  0.043189 -0.620653  0.214777
  0.263772  0.303999  0.318071  0.175    -0.318874 -0.361742]
[ 0.154091  0.055177  0.123368  0.031147  0.309488  0.32896  -0.554281
  0.209952  0.040025  0.132431  0.321201  0.297409  0.333327 -0.8787
  0.331325  0.310668  0.307108  0.100648 -0.448404  0.314047]
[ 0.297315  0.306933 -0.445365  0.331594  0.068691 -0.09193   0.045209
  0.242682  0.333236  0.17385   0.232361  0.28502   0.224231 -0.590877
  0.31664  -0.116675 -0.162145  0.332393  0.159602 -0.294808]
[ 0.291008 -0.984868 -0.043357 -0.185328 -0.121032  0.330314 -0.138288
  0.329666 -0.232287  0.325266  0.295818  0.183278  0.094351  0.174821
  0.252384 -0.102185 -0.090768  0.213712 -0.998313  0.331739]
[ 0.278401 -0.765695  0.271848 -0.144752  0.333293 -0.160887  0.330126
  0.329652  0.32947  -0.973497  0.281164 -0.576235  0.267402 -0.754291
  0.314852  0.122299  0.332724 -0.591397 -0.81756   0.136142]
[ 0.179974  0.315758 -0.108669 -0.374318  0.120467 -0.309027  0.316214
  0.219477 -0.410735 -0.050542 -0.056092 -0.351573  0.246912 -0.567102
 -0.987863  0.319871 -0.005432  0.301242 -0.306026  0.155513]
[ 0.154707  0.20517   0.269846  0.278614  0.222189  0.084133  0.332543
  0.236835 -0.644689  0.242382  0.313591 -0.251265  0.300559 -0.506415
 -0.993674  0.031817  0.333212 -0.944047  0.19488  -0.697642]
[-0.050443 -0.12592   0.332493  0.22704   0.268381 -0.243705 -0.360116
 -0.934967  0.240318 -0.984694  0.131747  0.138363 -0.66648   0.242073
  0.280175 -0.825446  0.213487 -0.002949  0.18309   0.255017]
[-0.172842 -0.351484  0.116016  0.184381 -0.117801 -0.446583  0.043266
 -0.015354  0.327109  0.299886  0.101009 -0.248619  0.317606 -0.033409
 -0.035123 -0.118818  0.316973  0.298916  0.313452  0.110355]
[ 0.23042  -0.345441  0.328224  0.055483  0.326395  0.095401  0.289216
  0.290936  0.064253  0.276277  0.324633 -0.177058  0.33147   0.280204
  0.129906 -0.072049  0.014569  0.099028  0.292555 -0.324609]
[ 0.321903  0.277578  0.211607  0.268836  0.311572 -0.122222  0.11394
 -0.030133 -0.717657 -0.255344 -0.367319 -0.18774  -0.607318  0.312204
  0.311489  0.136241  0.153729  0.288006 -0.576223  0.041384]
[-0.615274 -0.101267 -0.137901  0.291094 -0.250397 -0.63367   0.332733
 -0.167983  0.326395 -0.361983 -0.999868  0.233683  0.312474  0.143366
  0.29712  -0.926522  0.325947  0.063378  0.321556  0.29342 ]
[ 0.098115  0.313094  0.170391  0.11418   0.065175 -0.026942 -0.719072
 -0.977832 -0.732869  0.294082  0.134414  0.26871   0.320632 -0.998773
 -0.314633  0.186062  0.292727  0.228657 -0.773261 -0.643414]
[-0.856746  0.242187  0.247288  0.332118 -0.987708  0.331958 -0.151035
  0.260728  0.306835  0.277344  0.261804 -0.278261 -0.759178 -0.494979
  0.062244 -0.999981  0.14963  -0.073886 -0.944184 -0.542342]
[-0.393556  0.152784  0.253041  0.148878  0.299495  0.040895 -0.501709
 -0.754296  0.218519 -0.230646 -0.937606  0.174038 -0.693966  0.068674
  0.333282  0.266101  0.332767  0.134521  0.32054   0.262027]
[ 0.311159  0.127354 -0.025671  0.327994  0.321102  0.265684  0.31825
 -0.562013 -0.491368  0.333278  0.132501  0.244443  0.321889  0.256815
  0.012622 -0.117214  0.219246 -0.272477  0.324166  0.195946]
[ 0.314321  0.071519  0.16355   0.320028  0.3303    0.296101  0.055176
 -0.089635  0.301111  0.313128  0.279462  0.284081  0.328151 -0.63149
  0.325234  0.333277 -0.980328  0.333123  0.06276   0.333059]
[ 0.305138  0.164677  0.193238  0.324735  0.318443  0.331856 -0.78033
  0.065297  0.32788  -0.269524 -0.158066  0.325469 -0.049456 -0.489981
 -0.986901  0.192168  0.303398  0.099782 -0.017276  0.333289]
[-0.661943  0.229835  0.275126  0.253321  0.293937  0.273526  0.291656
 -0.176861  0.33181   0.129533 -0.314349  0.333106  0.311718  0.142273
  0.190997 -0.125051  0.330973 -0.292956  0.150563  0.331294]
[ 0.017337 -0.551935  0.31793  -0.999606 -0.99714  -0.593842 -0.003702
  0.254352 -0.691487  0.328407  0.289599  0.208193 -0.63149   0.094582
  0.27835   0.195897 -0.040501  0.275172 -0.371458 -0.961473]
[ 0.298661 -0.85314  -0.023065  0.230747  0.332974 -0.89888  -0.794242
 -0.183923  0.219808 -0.910606 -0.849093  0.290534  0.330577  0.329316
  0.28295  -0.049505  0.330628 -0.54655   0.077095  0.319993]
[-0.930148 -0.260915  0.084837  0.202865 -0.180236  0.079786  0.260696
  0.297011  0.309121  0.330901 -0.748471  0.011684  0.318912 -0.21224
  0.312012  0.15868   0.309957 -0.077254  0.333044 -0.731789]
[-0.635673 -0.446168  0.323756  0.095248 -0.098934  0.209955  0.317059
  0.333214  0.300183 -0.890966  0.158493  0.236362  0.055503  0.329725
  0.332684 -0.958906  0.259524  0.325652  0.039361 -0.002919]
[-0.713453 -0.198875  0.236086 -0.385185 -0.870786 -0.289278  0.282188
  0.318645 -0.985721  0.227507  0.330516  0.272529 -0.366584  0.333333
  0.32859   0.21738   0.157543 -0.569957 -0.056086  0.312288]
[ 0.158709  0.128794 -0.033507 -0.480219 -0.075615  0.150217  0.153833
  0.33213   0.213439  0.321709 -0.043113  0.251983  0.059616  0.325132
 -0.915039  0.037872 -0.32176  -0.131643 -0.019741  0.252257]
[ 0.257405  0.303556  0.199074  0.17423   0.227234  0.198401 -0.153646
 -0.050943  0.011717 -0.945167  0.333052  0.042884 -0.062088 -0.341243
  0.183295  0.326683 -0.078411  0.304367 -0.090587 -0.501899]
[ 0.291022  0.297418  0.319845  0.308026 -0.216673  0.31937  -0.142989
  0.330778 -0.027682 -0.077468  0.098355  0.325911  0.31963   0.150244
 -0.321685  0.225432  0.161761  0.333182  0.226636  0.200561]
[ 0.333332 -0.386537  0.128235 -0.86638  -0.618205 -0.038292  0.247291
 -0.18851  -0.523267  0.323382  0.081409  0.312788  0.10409  -0.123338
  0.240497  0.291754 -0.544456  0.121884 -0.981395  0.094814]
[ 0.282021  0.333328  0.204525  0.333037  0.313857  0.297243  0.013571
  0.179747  0.30146   0.283199  0.253998  0.12221   0.319946  0.111821
  0.226738  0.333323  0.309048  0.254221  0.303183  0.327514]
[-0.958594  0.305533 -0.317592  0.16068   0.225322  0.314429  0.270197
 -0.030873  0.197471 -0.253784  0.255597  0.122171  0.312974  0.327863
 -0.129118  0.056529  0.320695  0.121788  0.275833 -0.224602]
[-0.011853  0.253688 -0.273083 -0.740583 -0.24035   0.238242 -0.367727
  0.015178  0.106609  0.237314  0.326127  0.275287  0.275156  0.243441
  0.069956  0.333143  0.106958  0.292157  0.207161  0.170148]
[ 0.333196  0.146594  0.321439  0.17947   0.33299   0.242062  0.174193
  0.217054 -0.443673  0.310862  0.24154   0.333059 -0.908824 -0.988136
  0.040957 -0.185646 -0.183891 -0.026078 -0.36572   0.261088]
[ 0.160253  0.274519  0.332743  0.211736 -0.363655  0.333318  0.273442
  0.161967 -0.419553 -0.571933  0.224015 -0.508095  0.170285  0.15379
 -0.094856  0.158539 -0.982563 -0.080482 -0.615731 -0.029492]
[ 0.28085  -0.389055  0.285831  0.295682  0.303978  0.310016  0.183373
  0.2583   -0.761915  0.285288  0.058591  0.328844  0.32952  -0.420413
  0.077745  0.302498  0.329211  0.235112 -0.450868  0.331597]
[ 0.20451   0.202273 -0.993413  0.275787  0.254382 -0.39814  -0.110762
 -0.611579 -0.521361  0.332487  0.296013 -0.894894  0.306102 -0.089417
  0.33255  -0.00121   0.17756   0.329091  0.1903   -0.029091]
[-0.493377  0.296298  0.298028  0.196308  0.326583  0.330581  0.308057
  0.200236  0.311582  0.150854  0.276806  0.132387  0.314672  0.274643
  0.326678  0.162972  0.247934  0.200251 -0.254285  0.006509]
[ 0.303426 -0.143474 -0.35     -0.193368  0.326016  0.207627  0.202759
  0.312533  0.200466  0.318007  0.307498  0.270733  0.289299  0.041198
  0.308917  0.307053  0.105509 -0.214246  0.24112   0.241614]
[ 0.324961 -0.182222 -0.252841 -0.256885  0.284424  0.300534  0.185865
  0.330972  0.307241 -0.011815  0.010047 -0.025159  0.324052 -0.042735
 -0.214655  0.331434  0.242032 -0.588253  0.27568   0.311925]
[-0.263079  0.204602 -0.062155  0.245792  0.317847  0.213531  0.272908
  0.213466 -0.880989  0.088206  0.327921 -0.82245  -0.439322 -0.079966
  0.321752  0.005789 -0.325537 -0.048327  0.327953 -0.889642]
[ 0.154777 -0.622892  0.266103  0.07408   0.31821   0.271385 -0.564296
  0.205897  0.328257  0.331887 -0.096867 -0.880436  0.201335 -0.83468
  0.26154   0.267574  0.277483  0.030764  0.310764  0.285736]
[-0.417823 -0.863514  0.152373  0.152258  0.103898 -0.939423  0.233659
  0.319244  0.27691   0.221935  0.312214  0.331578  0.315302  0.289206
 -0.198022 -0.593173  0.258867 -0.717843  0.230364 -0.263258]
[ 0.136446  0.320675  0.330738  0.275944  0.332485  0.332707 -0.881764
 -0.797947  0.209692  0.009916  0.294491 -0.791546 -0.980838  0.210709
  0.205942  0.221558  0.276226  0.243464 -0.781196  0.140817]
[-0.350811 -0.297494  0.279678  0.333333 -0.621809  0.333111  0.296228
 -0.385042 -0.689029 -0.06832  -0.468091  0.111673  0.316053  0.311327
 -0.09982   0.326948  0.270662 -0.972007  0.168102  0.332236]
[ 0.245744 -0.136106  0.302327  0.332797 -0.662406  0.277332  0.331777
  0.243077  0.147004 -0.203271  0.288365  0.326993 -0.023178  0.090462
  0.163146  0.171285  0.333269 -0.985119 -0.15969   0.127877]
[ 0.325976  0.244894 -0.142065  0.264714 -0.998578 -0.369238 -0.200022
  0.175653  0.258898  0.333272  0.322403  0.333333  0.31794   0.311441
  0.237627  0.331769 -0.646666  0.327059 -0.163256  0.32249 ]
[ 0.333147  0.242759 -0.949254  0.170403 -0.281769 -0.13474   0.332487
  0.246197  0.308773  0.33325  -0.969726  0.249952  0.153948 -0.831436
 -0.872217  0.332243  0.333263  0.232189  0.319064  0.272431]
[-0.542539 -0.640162  0.288545  0.017381  0.259842 -0.146453  0.330127
  0.269185  0.150672 -0.112638 -0.296062  0.32257   0.333329  0.333162
 -0.714629  0.162622  0.333332 -0.191091  0.101059 -0.083649]
[-0.720342  0.319858  0.278142  0.32208  -0.992316  0.137366 -0.810962
 -0.910866  0.307988  0.260428 -0.597254  0.326414  0.037589 -0.864256
  0.314843  0.240247  0.094036  0.175541  0.324926 -0.155342]
[ 0.24072  -0.626111 -0.905462  0.258537  0.238024 -0.916786 -0.201518
  0.2426    0.088557  0.024381  0.262398  0.282485 -0.013481  0.33092
  0.253793  0.292332 -0.473204 -0.009996  0.241925  0.289717]
[ 0.028552 -0.721387  0.332819  0.332801  0.077911  0.314039  0.329999
 -0.30632  -0.785523 -0.997145  0.331532 -0.480042  0.231929  0.314303
 -0.999104  0.309531 -0.033658  0.308481 -0.407704 -0.304905]
[-0.747874  0.201175 -0.991017 -0.21032   0.302052  0.275491  0.311899
  0.2647    0.333304  0.331997  0.268977  0.204747  0.078172 -0.64885
  0.180377  0.309436  0.330824  0.316359  0.277238  0.186721]
[-0.003063  0.330193 -0.993242  0.090432 -0.938133  0.166588  0.329942
 -0.011255  0.220871  0.253859 -0.205638  0.259066 -0.059601  0.318714
  0.032794  0.324758 -0.084532 -0.27939  -0.269983 -0.215007]
[-0.414385 -0.565616  0.035696  0.253428 -0.169994  0.258467  0.33104
  0.054237  0.137344  0.333299  0.32855   0.297471 -0.979339 -0.059115
 -0.51483   0.05723  -0.02541  -0.99574   0.326712  0.311805]
[ 0.193872  0.111388 -0.92502  -0.004643 -0.977454 -0.902562  0.305925
 -0.8376   -0.706857  0.315726 -0.220671  0.221094  0.093307 -0.357875
  0.141618 -0.054314  0.035498 -0.415527  0.120232  0.011237]
[-0.500116  0.317829  0.210985  0.326737 -0.826358 -0.245792  0.328493
  0.139584  0.32789   0.325968  0.332655  0.169902  0.2162    0.273223
  0.288607  0.246763  0.28853  -0.991482  0.222071  0.192812]
[ 0.006832 -0.822979  0.14274  -0.077454 -0.770074 -0.999924  0.269028
  0.201745  0.238313  0.208362  0.264644  0.12942  -0.310603  0.330288
 -0.335269  0.244474 -0.300276  0.327469 -0.006815 -0.427258]
[-0.610736  0.197343 -0.035842 -0.214457  0.120721 -0.041995 -0.858503
  0.182345  0.332502 -0.121971 -0.407246 -0.901556 -0.743336 -0.857469
  0.151866  0.215355 -0.43838   0.155167 -0.122772  0.082519]
[ 0.327481  0.190845  0.139413 -0.972925  0.178216  0.144421 -0.66797
  0.259893 -0.014305 -0.244396  0.201756  0.033319  0.250828  0.304126
 -0.253559  0.31543   0.33293   0.250102 -0.999876 -0.336371]
[ 0.330217 -0.977567  0.242255  0.274739 -0.455254  0.302006  0.254188
  0.178124  0.331571 -0.712898 -0.776963  0.245506  0.131941 -0.997279
  0.017469 -0.46714   0.195458 -0.509122 -0.599153 -0.988821]
[ 0.250409  0.143705  0.208424  0.257245  0.027265 -0.059577  0.205907
  0.309872 -0.007946 -0.421455 -0.672136  0.325953 -0.899262  0.267465
  0.086474  0.30538   0.282071 -0.471545  0.267082  0.2886  ]
[  4.803184e-02   3.212660e-01   2.046148e-01   8.266211e-02   8.589154e-04
  -1.619580e-01   3.206752e-01  -9.848136e-01   3.101128e-01   2.512105e-01
  -9.293760e-01  -3.554285e-01   2.709906e-01   2.795526e-01  -9.027727e-01
   3.331807e-01   3.290537e-01  -9.972801e-01   3.203423e-01  -1.873519e-01]
[ 0.331616  0.293208 -0.145879  0.303591  0.328259 -0.863371 -0.512818
  0.303225  0.235905  0.322098  0.181559  0.246671  0.038642 -0.65855
  0.26468   0.2437    0.323892  0.296446  0.123926  0.333306]
[ 0.146205 -0.991845 -0.188309  0.320444  0.247531 -0.160037 -0.252977
  0.312498 -0.94464   0.307259  0.269897 -0.986328  0.33311   0.07496
  0.221812  0.297884  0.197667  0.133348  0.291692  0.119666]
[ 0.093185  0.16158   0.316654  0.316421  0.059983 -0.212058  0.268334
  0.037177 -0.484721 -0.022568  0.227278  0.032338 -0.122149 -0.93638
  0.240495 -0.930031 -0.432654 -0.484064  0.157634  0.317077]
[-0.24873  -0.486719  0.171836  0.189661  0.331833 -0.192469 -0.00276
  0.298446  0.2308    0.333214  0.249304  0.227552 -0.989176  0.31607
  0.276433 -0.102424 -0.974702  0.31581  -0.297074 -0.997109]
[ 0.114356  0.219899  0.138872 -0.181394 -0.547974  0.160195  0.285042
 -0.7615    0.245603  0.053144 -0.757179 -0.399581 -0.001915  0.07613
  0.310482  0.296231 -0.421229  0.333109  0.259747  0.330376]
[ 0.307296  0.055256 -0.003498  0.108465 -0.076992 -0.100571  0.196903
  0.299471 -0.421247  0.328848 -0.381418 -0.993339  0.317899 -0.175589
  0.215968  0.262789  0.323237  0.320834  0.211705  0.295608]
[-0.021999882949074206, 0.018645868242053498, -0.012203894753567923, 0.026297727556933215, 0.054389928980654166, 0.00095753671391701767, -0.018153340735475865, 0.021073648809136147, -0.028313574105655714, -0.037416097148374045, 0.013505395084055904, 0.049311779405695477, 0.044302830883961808, -0.012091907258260259, 0.030038446420484088, -0.021835794969167488, -0.038831526096502075, -0.020911694476647091, 0.021026939687289692, 0.023304522205976758, -0.034700295502712641, 0.0079520002393639808, 0.081837255150850163, 0.0071115193537250876, -0.038442288386799361, 0.009481711548709193, 0.088005785608249482, 0.022329387623323385, 0.00042621824181676704, 0.0092232656517948208, 0.068901994811626899, 0.019138432347027501, -0.013849769091837549, 0.037215906272775476, 0.026544730835132813, -0.019857617051818099, 0.080487649109706405, 0.065798239611225939, 0.043787182915957484, -0.083240988524835774, 0.0075453732181690256, 0.0098384435112098823, -0.03194588054988351, 0.065460307996968892, -0.0065063697619086591, 0.0065855058043421399, 0.024760698000271253, 0.0033708428270712854, 0.02535500910555083, 0.059499021947489794, 0.050361241233964016, -0.024101385292236377, 0.026573017857675879, 0.039923174376783555, 0.013803461154985985, 0.01130363518554478, -0.050941482443878194, 0.095202873652320663, -0.11793862326037041, 0.076613560614077175, 0.029453358331866186, 0.017145457960450861, -0.060469566934099328, 0.034397473293014569, 0.045290767372225149, 0.087335420394395014, 0.037283419068111029, -0.026246408272349114, -0.014437870824420329, -0.0087932285561206913, 0.012871183286247923, -0.0063415836442228812, 0.02398774741931925, -0.009871342227626867, 0.059984490697329515, -0.05306808251758699, -0.058041181833803662, 0.0090079598303155484, 0.0031831386402347284, -0.0065018275470930531, -0.047822234155575627, -0.0067889033397107168, -0.038045538162302633, -0.05691354029248552, -0.009308189793432467, -0.0060043969563203792, -0.010967301330103957, -0.036604699206597924, -0.014344726947063445, -0.037292562280706543, -0.054318798520953504, 0.092280350026453184, -0.057114282476751654, 0.013696821228171362, 0.049636769872115127, -0.010107955927415674, -0.00024200062936878541, 0.0070512324526748882, 0.019586008542285163, 0.080597149627444242]
('time: ', 10227.534892082214)
