“Running plot script on a single CPU core”
[ 0.322389  0.320361  0.24614  -0.351654  0.310957 -0.007973 -0.104455
  0.151853  0.279605  0.02394  -0.001368  0.333308  0.254468  0.263659
 -0.032411 -0.178187 -0.980438 -0.99239   0.243771  0.003083]
[ 0.331597  0.133501 -0.998611 -0.33754  -0.452212 -0.786507  0.328427
  0.330364  0.154587 -0.327033  0.289315 -0.233862  0.333282  0.263165
  0.266467  0.275005  0.081562  0.223479 -0.572167  0.094623]
[ 0.322509  0.328741 -0.435178  0.195598  0.168945  0.333333  0.070331
  0.175327 -0.932941  0.254451  0.303753  0.295979 -0.599174  0.329096
 -0.027949  0.315436 -0.903792  0.317368  0.285619 -0.654   ]
[-0.018432  0.268772  0.306969 -0.058932  0.280227 -0.979726 -0.209973
  0.004233  0.146187  0.288625  0.330821 -0.497126  0.33034  -0.218198
 -0.209087 -0.269864  0.130308  0.208231 -0.994072  0.333003]
[-0.954963  0.283663  0.248833  0.269463  0.255133  0.261009 -0.01054
 -0.115252  0.181989  0.264827  0.318765 -0.424679  0.028431 -0.034398
  0.218345 -0.219554 -0.171541  0.23404  -0.107985 -0.42703 ]
[-0.132911  0.180211  0.329781 -0.489907  0.151025  0.311747  0.32659
 -0.606745  0.317298 -0.312843  0.283761  0.289245 -0.138877 -0.997534
  0.32329   0.145981  0.333319  0.266517  0.324164 -0.276345]
[ 0.055069  0.104982  0.233479 -0.88674  -0.821911 -0.349477  0.255655
  0.332841 -0.942533 -0.220071  0.327989  0.333332 -0.71103   0.045478
 -0.285439  0.154831 -0.332013 -0.928912  0.144385  0.31588 ]
[-0.039794 -0.509716  0.294906  0.199376 -0.103166 -0.358003 -0.149374
  0.284294  0.313474  0.204598  0.214152  0.297506 -0.665325 -0.734284
 -0.754523  0.210187  0.140109  0.323618  0.326701 -0.182294]
[ 0.25338   0.268379  0.243066  0.104376  0.294824 -0.2324   -0.729591
  0.321296  0.270544 -0.532314  0.325463  0.321355  0.249181  0.314742
  0.125375  0.291903 -0.93808   0.277279  0.31961  -0.923854]
[ 0.132613  0.270078  0.321972  0.322575  0.321121  0.22441   0.306629
  0.292494  0.185302  0.224155  0.328845 -0.673195  0.18595  -0.094658
  0.082664 -0.660007 -0.999811  0.278844 -0.007117 -0.053547]
[-0.034192  0.190196 -0.17744  -0.97677   0.038496  0.225963  0.332743
  0.332004  0.219346  0.042035 -0.17733   0.24701   0.296845  0.311816
  0.246316  0.274833  0.217939 -0.822753  0.284161 -0.161135]
[-0.876571 -0.611284 -0.446637  0.106666  0.227442  0.315061  0.275177
 -0.372955 -0.083332  0.088318  0.295789 -0.747614  0.276977 -0.029833
  0.0979   -0.999967  0.297015 -0.850175  0.235866  0.248973]
[-0.919389  0.324028 -0.359285 -0.471637  0.239949  0.1493   -0.909524
 -0.890137  0.212246  0.299128  0.274315  0.170437  0.106373  0.131318
  0.308658  0.276162  0.253053  0.208348  0.144809  0.175063]
[ 0.175713  0.302228 -0.718151  0.282671  0.155213  0.214751 -0.171223
  0.330653  0.231854  0.281076  0.297906 -0.981859  0.027117  0.282417
  0.261978 -0.836798 -0.049782  0.220713  0.257065  0.317372]
[-0.998415  0.283777  0.331168  0.313724  0.333121  0.040792  0.333333
 -0.458558  0.268309 -0.595696  0.115747  0.086849  0.24766   0.236981
  0.014935  0.28836  -0.634025  0.044836  0.174137 -0.186286]
[ 0.187995  0.280074 -0.956378 -0.025569  0.212261  0.043361  0.3319
  0.126405 -0.262419 -0.267439 -0.138811 -0.009829 -0.264314 -0.368732
  0.297214  0.327991 -0.569017  0.219216 -0.941897  0.317215]
[-0.37057   0.072281 -0.228591 -0.037926  0.284498  0.333303  0.078946
  0.290437  0.201411  0.327661 -0.44144   0.270088  0.066956 -0.866115
 -0.003814  0.315067  0.324626  0.327188  0.179714 -0.007657]
[ 0.045698  0.332657  0.033027  0.287145  0.296688 -0.023567 -0.088732
  0.242363  0.325001 -0.395768  0.321702 -0.163909  0.305654  0.043226
 -0.988988  0.087278  0.122485 -0.186141 -0.050215  0.227988]
[ 0.305705  0.330853  0.036776 -0.584689  0.307124  0.225777 -0.895315
  0.297303 -0.570348  0.33085   0.31598  -0.306687  0.321303  0.123686
  0.255007 -0.580734 -0.254742  0.309261 -0.999662 -0.577782]
[ 0.225279 -0.630719  0.142615  0.106578  0.179354  0.227543  0.324145
  0.303482  0.332585  0.013075  0.29206  -0.483529 -0.433768 -0.019848
  0.110305  0.325947  0.212837  0.308996  0.315809  0.268469]
[-0.255893  0.322389 -0.184814  0.150622  0.333318 -0.796542 -0.283052
  0.317642  0.317647 -0.981558  0.315685  0.239672 -0.001545  0.319555
 -0.335332  0.323031 -0.587211  0.333281 -0.765314 -0.068759]
[-0.099808 -0.984125  0.184857 -0.327599  0.332889  0.298251  0.331591
 -0.584014  0.189435  0.291829  0.280788  0.318669  0.309109 -0.22887
  0.006901  0.074758  0.333077 -0.497182  0.053965 -0.835378]
[ 0.290348  0.071787 -0.000888  0.326472 -0.612783  0.30141   0.329637
  0.309819  0.095619  0.299374  0.264564  0.224656  0.326091  0.081329
 -0.704114 -0.307471  0.085486 -0.159074  0.219923  0.293368]
[ 0.333281  0.28232   0.330643  0.073982 -0.129921  0.331334 -0.183612
  0.33109   0.285169 -0.120922 -0.080537 -0.984233 -0.966045 -0.528929
  0.163918 -0.425225 -0.934444  0.281202  0.120664  0.104535]
[ 0.18992   0.23692  -0.030205  0.295825 -0.96987   0.233924  0.289521
 -0.071332  0.192182  0.33255   0.261189 -0.368143  0.254297  0.070372
  0.314991 -0.965155  0.207676  0.247417  0.328245  0.065511]
[ 0.327216  0.330616  0.328859  0.282813  0.210569  0.282077 -0.062222
  0.293258  0.287075  0.331527  0.286969 -0.04467   0.065266 -0.090339
  0.332123  0.200652  0.235237  0.073425 -0.523707  0.270282]
[ -3.364148e-01   2.487562e-01   3.328468e-01  -4.529831e-01  -2.553774e-01
  -8.781506e-01   6.444545e-04  -5.608828e-01   1.610141e-02   3.215419e-01
   3.122821e-01  -9.967772e-01   6.448328e-02   6.695851e-02   9.945331e-02
   8.279497e-02   1.874644e-01  -6.675299e-01   3.203118e-01   3.481966e-02]
[ 0.248619  0.314482 -0.998656  0.138372 -0.053166  0.283481  0.204815
  0.321735 -0.882648 -0.305328  0.024482 -0.766807 -0.259263 -0.187664
  0.332221  0.102981  0.316323 -0.687097  0.223465  0.268158]
[-0.124116  0.326706  0.287873  0.326906  0.159248  0.197639 -0.269349
  0.329144  0.232051  0.251143 -0.174566 -0.198876  0.197941 -0.475717
 -0.14719   0.233274 -0.042669  0.331987  0.333311  0.31056 ]
[ 0.054132  0.272888 -0.936806  0.154344  0.069155  0.294482  0.061824
  0.295393 -0.07565   0.300931  0.302312  0.251129 -0.480584 -0.847575
 -0.58573  -0.281766  0.307882  0.292228 -0.48396   0.300099]
[-0.876919  0.042543 -0.675386  0.305909 -0.311631  0.146362  0.119612
  0.243887  0.076323 -0.615914 -0.999159  0.314003  0.280873  0.333178
  0.319773  0.333094 -0.999954  0.331374 -0.04156   0.32089 ]
[ 0.327782 -0.830933  0.279319  0.300348  0.194457  0.147824  0.32615
  0.310664  0.320696 -0.045456  0.05662  -0.817361  0.125421  0.333317
  0.138461  0.327533  0.07557  -0.991998  0.333333 -0.987184]
[-0.861314  0.050253  0.168563  0.266122  0.199008 -0.285886  0.226385
  0.326039 -0.108207 -0.08547   0.330678  0.331574  0.032107  0.274874
  0.17894   0.202777  0.302147  0.240422  0.283322 -0.611677]
[ 0.333328 -0.21363  -0.582093  0.03533   0.120063  0.260615  0.301354
  0.278511 -0.250087  0.076186  0.241977  0.095066  0.304895  0.066731
 -0.426277  0.129249  0.278637  0.093048  0.126952  0.332882]
[ 0.247762 -0.115181 -0.981357  0.273186  0.059327  0.209127  0.330704
 -0.282838  0.332985 -0.754405 -0.260187  0.318559  0.300194  0.327169
  0.316777  0.144035 -0.365889  0.235102 -0.697685  0.310002]
[ 0.215706 -0.208972  0.195404  0.076076  0.236948  0.215515 -0.007993
  0.303632  0.216142 -0.107594  0.32436  -0.035732  0.113017  0.333333
  0.066418  0.332611  0.172272 -0.109197 -0.683479  0.310735]
[ 0.322019 -0.97528  -0.085529  0.333136 -0.360328  0.331404  0.252376
 -0.997779  0.329528 -0.973161  0.332658  0.256576  0.274314 -0.48437
 -0.719535  0.216155  0.299158  0.133363 -0.770727 -0.323423]
[ 0.28265   0.260715 -0.950103 -0.3612    0.196397  0.304718  0.32408
  0.193054 -0.246326 -0.992745 -0.152386 -0.779641 -0.155187 -0.598236
 -0.218179  0.333266 -0.018312  0.118325 -0.9404    0.20785 ]
[-0.13957   0.162943 -0.410663  0.165797 -0.992695  0.277675  0.330222
  0.184861  0.294946  0.282802  0.123379  0.329404  0.329917 -0.686335
  0.333288 -0.632287  0.098983 -0.969266 -0.130175 -0.800439]
[ 0.26611  -0.065747  0.281663 -0.108639  0.329523  0.333289  0.187456
  0.230395  0.150173  0.333284  0.170657  0.21932   0.015279  0.1937
 -0.993684  0.044019 -0.944029  0.190646  0.26545   0.218246]
[ 0.322336  0.325907  0.251806  0.033034  0.322351 -0.675686 -0.116055
  0.329147 -0.986724 -0.181401  0.309828  0.229499  0.191769 -0.485029
  0.089983 -0.113012  0.311137 -0.110295  0.132116  0.314303]
[ 0.304062  0.331279  0.138571  0.281115  0.332561 -0.679105  0.296759
 -0.994715 -0.969115  0.325117  0.327036 -0.97369  -0.999993  0.333119
  0.223373 -0.99987   0.229934  0.205709  0.293669  0.325844]
[-0.583775  0.099194 -0.107471  0.305741  0.191421  0.014404  0.331724
  0.297566  0.318633 -0.321401 -0.485492  0.182913  0.299442  0.292428
  0.145254  0.170357  0.236342 -0.02006   0.131527 -0.256246]
[-0.99838   0.203187 -0.244077  0.293695  0.115526  0.281791  0.205067
  0.330627  0.179063  0.327162 -0.28595  -0.425949  0.235976 -0.612928
  0.244118 -0.180322 -0.867277  0.296629  0.325719 -0.041097]
[ 0.242595 -0.236785  0.319983 -0.992015  0.317708  0.325996 -0.006501
  0.304788  0.332013  0.233291  0.279619 -0.362198 -0.94368   0.320223
 -0.123524 -0.50815  -0.614612  0.203818  0.319517  0.312884]
[-0.456255  0.025607  0.256846 -0.497509 -0.408162 -0.540771 -0.560221
  0.332607  0.293663 -0.114125  0.333285  0.163701  0.119942 -0.588222
  0.304168  0.114098  0.096304  0.261088  0.26736  -0.113536]
[ 0.314294  0.296724  0.295178 -0.015245  0.041567 -0.986492 -0.999871
  0.17068   0.267271 -0.984667  0.33331  -0.485897 -0.800048  0.286733
  0.264411  0.098456 -0.027944  0.069379 -0.951183 -0.070273]
[ 0.285205  0.121625 -0.987722 -0.118329  0.306257  0.319528  0.321392
 -0.007236  0.321358 -0.395384 -0.6966    0.321378 -0.197822  0.00665
  0.20556   0.332724  0.138345 -0.436638  0.064285  0.244723]
[ 0.28517   0.195424 -0.761557  0.194739  0.078092 -0.837487  0.326112
  0.011301 -0.675849 -0.99552  -0.500479  0.265475  0.207466  0.195773
 -0.102416  0.15987  -0.163358 -0.18584   0.273688  0.194355]
[-0.036263 -0.008718 -0.948855 -0.461352  0.315522  0.279606 -0.273548
  0.328944  0.323331 -0.009064  0.300956 -0.326384  0.284818  0.320846
  0.286214 -0.475647  0.253337 -0.525558  0.286704  0.286059]
[-0.35313   0.33322   0.219316  0.10577  -0.76896  -0.037634  0.286505
  0.277116  0.218478  0.309324  0.154308  0.32762   0.200517 -0.521966
  0.032451  0.33227  -0.646529  0.171366  0.313263 -0.206188]
[ 0.103066 -0.618028  0.219383  0.093191  0.307205  0.12071  -0.992713
  0.220814  0.102559  0.172108 -0.818373 -0.673104  0.210282 -0.961767
  0.33327   0.163595  0.070464  0.280351  0.304856 -0.165919]
[-0.012392 -0.18706  -0.776169  0.228967  0.305528 -0.592127  0.213367
  0.303586  0.281437 -0.092031  0.299736  0.221061  0.195751 -0.075108
  0.266749  0.314536  0.332631  0.234151  0.327748  0.297162]
[-0.608041  0.134319  0.313843  0.317971 -0.996689 -0.267096 -0.407755
 -0.207473  0.238772  0.174161  0.33215   0.328413  0.152776 -0.934592
  0.011398 -0.085243  0.259595 -0.506322 -0.224556  0.333322]
[ 0.170056  0.278782 -0.312041  0.33307   0.065923  0.333286  0.326703
 -0.227097 -0.413373  0.226342  0.278616  0.329583  0.136057  0.146663
 -0.110599  0.275732  0.027445  0.16261   0.248476  0.168798]
[ 0.059052  0.209768 -0.179478  0.310729  0.158779 -0.7604   -0.40397
 -0.299422  0.204554  0.33329  -0.31409   0.312299  0.319957  0.237643
 -0.356213  0.327399  0.2447    0.220553  0.313434 -0.102787]
[-0.854362  0.107719 -0.442472  0.320268 -0.130982 -0.23011  -0.112725
 -0.310502 -0.19779   0.330029  0.159785  0.25309   0.061846  0.33283
  0.269028  0.016734 -0.70732   0.001871  0.313401  0.291871]
[ 0.281749 -0.361527  0.15379   0.185762  0.013021  0.19638   0.283281
 -0.528705  0.330995 -0.224451  0.320487 -0.93062   0.332933  0.330514
 -0.291432  0.088073  0.331097 -0.21404   0.011366  0.29772 ]
[-0.453972  0.042066  0.123161  0.214629 -0.441682 -0.10538   0.317353
  0.240673  0.289281 -0.957599  0.123046  0.283047  0.301193  0.246876
  0.148773  0.312741  0.051668 -0.662318  0.108842  0.113493]
[ 0.143679  0.101032 -0.356025  0.31494  -0.003437  0.332513 -0.073907
  0.141457  0.157119  0.086569 -0.770056  0.329594  0.290443  0.327488
  0.333012 -0.268068  0.298353 -0.195472  0.001975  0.294876]
[ 0.248955  0.150108  0.152083  0.324434 -0.954069 -0.370748  0.090497
  0.257387  0.094741 -0.412489 -0.097846 -0.949553  0.278604  0.2768
 -0.766995  0.038238  0.328467  0.333028  0.161594  0.306698]
[-0.029652  0.330487  0.331996  0.234564  0.09838   0.120584  0.041548
 -0.396195  0.315185 -0.116234  0.155985  0.105319  0.240539 -0.987453
  0.149608  0.095059 -0.611989 -0.422325 -0.539618 -0.674668]
[ 0.18349  -0.145297 -0.340739 -0.199314 -0.913295  0.038477  0.181838
  0.08904  -0.998645  0.293007  0.274671  0.022915  0.101705 -0.869344
 -0.003723  0.328525 -0.175837  0.325019 -0.800132  0.268927]
[ 0.235174 -0.011783 -0.511853  0.177719 -0.488236  0.118648  0.328702
  0.331788  0.29977   0.330032  0.327113  0.328829 -0.99431   0.240748
 -0.189845  0.310331  0.035046 -0.47508   0.331117  0.328136]
[ 0.20887  -0.835919  0.311669 -0.983562  0.295965  0.112084 -0.716836
 -0.147185  0.27334   0.333167 -0.133913 -0.054312  0.208166  0.290331
 -0.230159 -0.96557   0.300016  0.319132 -0.90774   0.23327 ]
[ 0.333263  0.27102  -0.843863 -0.085671  0.155287  0.165553  0.22622
  0.237008  0.30012   0.227514 -0.206375  0.295315 -0.348867 -0.077128
  0.330566 -0.470738  0.302493  0.308751 -0.097462 -0.679507]
[ 0.189061  0.266066  0.153683 -0.125716  0.294807  0.30534  -0.410214
 -0.907163  0.330056 -0.709407 -0.477185  0.002814 -0.766781 -0.687482
 -0.215512  0.232853  0.1486    0.313287  0.114056  0.197151]
[ 0.23149   0.260179 -0.527861 -0.046703  0.207718  0.30151   0.251205
  0.163854  0.083364  0.30106   0.329395  0.2095    0.278644 -0.408364
 -0.169512  0.287756 -0.842939  0.210151  0.293219  0.33332 ]
[ 0.328055 -0.480911  0.157654  0.332727  0.200759  0.311754  0.327853
 -0.106232  0.262143 -0.980702  0.107748  0.105223 -0.036995  0.322635
 -0.855342 -0.936152 -0.591354  0.197521  0.32212  -0.022451]
[ 0.300537  0.320257  0.287316  0.080506  0.326442  0.218555 -0.131289
  0.332635 -0.686486  0.098923  0.322124 -0.85159   0.192994  0.32954
  0.191797 -0.045708  0.012709  0.296552  0.205217 -0.182809]
[ 0.262857  0.039175  0.100921 -0.955361  0.279013 -0.400747  0.280986
  0.331425  0.326074 -0.481077 -0.920268 -0.060575 -0.897499  0.225948
  0.295739  0.237666  0.106935  0.285306  0.132708  0.314784]
[-0.6808    0.072773 -0.370391  0.301298  0.064778  0.321601 -0.422573
 -0.991247 -0.404551  0.33054   0.285297  0.186029 -0.18537   0.303234
  0.26148   0.321726 -0.262172  0.215356  0.276026  0.171241]
[-0.897062  0.314247 -0.750467  0.068378  0.08244   0.220421  0.038184
  0.307163  0.329649 -0.009091  0.252137 -0.504687  0.199125  0.191697
 -0.5783    0.328425  0.317732 -0.983929  0.14069  -0.036153]
[-0.573495  0.282931 -0.619939  0.295008  0.33233   0.315305  0.315056
 -0.984464 -0.20996  -0.212525 -0.456298 -0.06329   0.247542  0.259023
  0.320968  0.265234  0.326085 -0.944689 -0.910478  0.232637]
[-0.881612 -0.309969 -0.994771  0.214681 -0.235132 -0.394792  0.29911
  0.270447  0.280292  0.075541 -0.099409 -0.223159  0.333152  0.297039
  0.189277 -0.360239  0.278004  0.127841 -0.750337 -0.220945]
[-0.287032  0.056672 -0.687821  0.325182 -0.996387  0.209335  0.258894
 -0.107656 -0.358359  0.329258 -0.953518  0.324445 -0.201403  0.183335
  0.332976  0.060507 -0.319674  0.241593 -0.828034  0.317348]
[ 0.238989  0.186389  0.330876 -0.493157  0.110338  0.238943  0.116172
  0.287474  0.282191  0.331284  0.282773 -0.81848   0.148142  0.31073
  0.234386  0.25933   0.302986  0.264786 -0.170653  0.305484]
[ 0.32789   0.326377  0.329806  0.30183  -0.52437  -0.063797 -0.31381
  0.09922  -0.021652  0.276062  0.14695   0.21874  -0.992201  0.326941
  0.316576  0.255814  0.082137 -0.440853  0.135055  0.330592]
[-0.581777  0.277245 -0.867644 -0.36065   0.285909  0.330882 -0.555913
  0.274685 -0.90207   0.182493  0.262464  0.248782 -0.120818  0.317768
  0.333316 -0.649983 -0.997473 -0.022706  0.00946   0.159923]
[ 0.171635  0.282033  0.228564  0.333259  0.329447  0.294587 -0.793032
  0.320212  0.007093  0.230037  0.190757  0.116775  0.078759 -0.170604
 -0.128732 -0.127038  0.18419   0.197558  0.308386 -0.269483]
[ 0.157997  0.200067  0.331091 -0.763909 -0.972686  0.330017  0.148908
  0.332884  0.306344  0.301293 -0.104302  0.314101 -0.901556  0.33106
  0.182576 -0.046336 -0.941056  0.333177 -0.963867 -0.339743]
[-0.44907   0.30625  -0.773958 -0.268336 -0.542731  0.047425  0.323104
 -0.266546  0.328625  0.221979  0.090235 -0.62775   0.070593 -0.752619
  0.02641  -0.199394 -0.726326  0.033847 -0.292931  0.190205]
[ 0.199998 -0.414073  0.331673  0.290297  0.301447 -0.9475    0.325633
  0.332408  0.281701  0.296523  0.317012 -0.90374   0.333061  0.164406
  0.190342  0.119338 -0.366062  0.215103 -0.975149  0.16926 ]
[ 0.156671 -0.839765 -0.828039  0.12431   0.310949 -0.863135 -0.002652
  0.062691  0.30727   0.202296 -0.856763  0.199047  0.280314  0.237498
  0.048777 -0.671825  0.027361 -0.124061  0.050039 -0.906261]
[ 0.327392  0.118047  0.0395    0.122267  0.317851  0.219224  0.25596
  0.179234  0.241108  0.246637  0.331554  0.102337  0.332956 -0.086232
  0.258927 -0.502451 -0.9995   -0.996862 -0.453807  0.319373]
[ 0.320042  0.294318  0.330753  0.317734 -0.515461  0.048684  0.33068
  0.316554 -0.113994  0.242796  0.318581 -0.812522  0.081939  0.310909
  0.306441 -0.26579   0.184886  0.255096  0.30583   0.107485]
[ 0.225061 -0.742913  0.029037  0.333292 -0.078228 -0.224388  0.246048
  0.327891  0.333315  0.331433 -0.962369  0.15454   0.044164  0.2203
 -0.489557  0.175108  0.33325   0.294963  0.328196 -0.89045 ]
[ 0.259674  0.261222  0.265796 -0.060653 -0.811451  0.312544  0.116976
 -0.944213 -0.680047 -0.134577  0.327197 -0.956202  0.249421 -0.852355
  0.329405  0.026775 -0.780555  0.251583 -0.07914   0.331409]
[-0.89784   0.061641  0.307697  0.183778  0.333298  0.317926  0.052736
  0.316042  0.333207  0.332206 -0.164797  0.30289   0.245544 -0.068106
 -0.474546  0.332262  0.326463  0.158336  0.072941  0.031302]
[ 0.176982 -0.755061 -0.935449  0.321835 -0.359622  0.253145  0.245162
  0.33065   0.307995  0.330727  0.182027  0.326683 -0.08161  -0.076063
  0.216392  0.333281  0.284125 -0.80215  -0.991285  0.198653]
[-0.149885 -0.777411  0.294906 -0.345396 -0.168098  0.243625 -0.916938
  0.333188  0.243457  0.303423 -0.124557  0.33331   0.333221  0.182392
 -0.803269  0.323594  0.324471 -0.317291  0.295979  0.006182]
[ 0.314777  0.281156  0.328023 -0.989961  0.05779   0.003651 -0.208794
  0.217354 -0.508698  0.332849 -0.639491  0.193889  0.27829   0.32506
  0.18517  -0.269475  0.209156 -0.999902  0.326901  0.273441]
[ 0.327736 -0.095687 -0.790982 -0.989695  0.166898  0.315312  0.333082
  0.159567 -0.128884  0.332647  0.321289  0.033289 -0.005415  0.231173
  0.327938  0.208218  0.333144 -0.020601  0.32486   0.104078]
[ 0.31954  -0.042433  0.300337  0.240204 -0.022452  0.320549  0.270023
 -0.347458  0.317407  0.328603  0.260506  0.225674 -0.253819  0.265108
 -0.727087  0.326832 -0.886294 -0.17349   0.051649  0.316512]
[ 0.180854  0.319511  0.265551 -0.74366   0.078995  0.332794 -0.768563
  0.083736  0.32576   0.324444  0.330107 -0.688618  0.071643  0.088996
  0.148419  0.279049  0.328649  0.331012  0.134143  0.219989]
[ 0.117532  0.177872  0.33331   0.333164  0.255601  0.045715 -0.509463
  0.183834  0.181622  0.32584   0.286247  0.057739  0.248094  0.230098
 -0.638204 -0.836238  0.179325 -0.346639 -0.185495 -0.509717]
[ 0.16178   0.124147 -0.741788  0.243042  0.291953 -0.171284  0.330368
  0.099     0.327472  0.209672 -0.133901 -0.430808 -0.323805  0.260929
  0.269795 -0.004417  0.013395  0.267021  0.110365  0.2218  ]
[ 0.323781  0.327715 -0.672151 -0.175926 -0.75216   0.118192 -0.746787
 -0.004911  0.332959 -0.29691   0.136619  0.020291 -0.939798 -0.150192
  0.332487  0.196972  0.038804  0.302176  0.309269 -0.027365]
[ 0.331484  0.169813  0.32654  -0.558643  0.285561 -0.087092  0.321238
 -0.129778  0.277213 -0.105556 -0.13074   0.327619  0.068704 -0.821352
  0.268249  0.254973 -0.475339 -0.005061  0.257227  0.22127 ]
[-0.735783 -0.552233  0.293572  0.302247  0.247801  0.303079  0.125204
 -0.125274 -0.074033  0.209416  0.146749  0.225245  0.297764  0.254906
 -0.258441  0.323275 -0.079539 -0.997662 -0.81949   0.174558]
[0.065317107769403637, 0.074839384282846977, 0.075572616986721047, 0.047479663362530067, 0.043407732598767956, 0.003806516892616657, 0.057276699686366471, -0.025223879031413512, -0.01313213352406073, -0.010024050687470587, -0.030838060599154622, 0.029966410625955175, -0.05836402830420373, 0.0038653665580139218, 0.0080399934784458615, 0.0063944665855784899, 0.024179912267561998, 0.037844188593751465, 0.0048740474060238737, -0.010620923666737669, 0.01959700235970907, 0.023685334258581089, -0.00040593755928031161, 0.057886614351794652, 0.021915677466016442, 0.10819293265778659, -0.0004978915256402261, 0.026293022722728709, 0.0051909153132277813, -0.02803262989096978, -0.0028271448647622099, 0.057865401200932309, 0.0097406427969602971, -0.046008839212479336, 0.012718071723933466, 0.027505748361335208, 0.0016867654622181316, 0.016447367339509078, -0.013980564165688186, -0.012113961376354621, 0.066918565459209101, -0.0010691601612602963, 0.012038373250354173, 0.014930634692361, -0.015227120449478215, -0.013995847933713224, 0.00091898942802309813, -0.0065783311201532135, 0.042692668576384124, -0.03396254958115192, 0.01785492171431835, 0.043147179019634718, 0.0077231616186420327, -0.018131468040660126, 0.041742360725645522, 0.022822218641872505, -0.0086628205589122098, 0.061904540101547723, -0.0095726573744581156, -0.061800818961580017, -0.032912569943689296, -0.0023815911542975181, -0.023660806701075898, 0.085207694805705864, 0.063160852484184377, -0.016798560672271423, 0.078153841690918505, 0.081246921678933604, 0.056724194089188607, 0.0086254367432868628, -0.041942508406564549, 0.026416386629138255, -0.096408394173729706, 0.033392083344630508, -0.032862008923596253, 0.010833217720998545, 0.023969425088478546, 0.069480947532262138, 0.0053925533623869759, 0.097424734722822801, 0.016937221661748436, 0.0021052224769920747, -0.019469480386465093, 0.024120352603529488, -0.0096601471202120703, 0.062295501069597747, 0.0028099531655098597, 0.057604526288091429, 0.046038999944464254, 0.056118931363805649, -0.00421705425068164, 0.066926681014768619, 0.010332648508109166, 0.0056163798215291827, -0.068523207317485624, -0.022821719000100008, 0.0054497506840210652, -0.0028323198782169157, -0.014190949985480317, 0.03046686612436722]
('time: ', 9142.557192087173)
