“Running plot script on a single CPU core”
[ 0.264531  0.217778  0.262571  0.16918   0.329917  0.075898  0.30743
  0.275749 -0.871337 -0.638339 -0.126328  0.295055  0.283945 -0.159127
 -0.901901 -0.014164  0.295303 -0.069259 -0.940906  0.157095]
[ 0.265544 -0.694398 -0.944106  0.318363 -0.090391  0.328487  0.332774
  0.274752 -0.076165  0.332333 -1.        0.3269   -0.032409 -0.420778
 -0.142289  0.332028  0.321548 -0.186234  0.32471  -0.283773]
[ 0.288897  0.332482  0.110785  0.107691 -0.526862  0.332831 -0.180108
  0.035039  0.067164 -0.79418   0.11585  -0.158397  0.308678  0.267297
  0.291386  0.315163  0.333194  0.229345  0.332991  0.147251]
[ 0.034578 -0.316193  0.295907  0.316997 -0.761581 -0.211846  0.327972
 -0.193906  0.032292  0.167037  0.239622 -0.0109    0.325812 -0.437857
 -0.185497  0.214818  0.286574 -0.923732  0.005736  0.228382]
[ 0.23087  -0.147295  0.316034 -0.865251 -0.855502  0.038586 -0.733987
  0.333333  0.256258  0.217065 -0.01863   0.159387 -0.181918  0.332625
  0.152804  0.054338  0.298424 -0.428139  0.214459  0.251631]
[ 0.250567 -0.996054  0.332736  0.276082 -0.661418  0.203497  0.112026
  0.311194  0.296437  0.228914  0.299667 -0.995397  0.149163  0.315432
  0.325298 -0.270782  0.186914  0.231975 -0.321383 -0.292025]
[ 0.14424   0.003909 -0.055771  0.271521  0.308028  0.28282  -0.728311
 -0.36704   0.157051  0.332681 -0.358322  0.330278 -0.987265 -0.985388
  0.323992  0.257855  0.286781  0.149895  0.072788  0.240643]
[ 0.119015  0.289822  0.324587  0.332722 -0.97152   0.318419  0.321568
 -0.971928  0.326385  0.332787  0.322001  0.170719  0.26546   0.331663
  0.281215  0.330633  0.050471  0.333326  0.326151 -0.312208]
[ 0.250154  0.194548  0.33169   0.322087 -0.963955 -0.06688   0.296159
  0.304885  0.331081  0.318152  0.146414  0.278242 -0.646852  0.26736
 -0.258042 -0.209403  0.327926 -0.804166  0.074951 -0.738681]
[-0.597821  0.074108  0.260573 -0.590407  0.308275  0.073848  0.097594
  0.24246   0.308949  0.05151   0.333259  0.201353  0.131606  0.278182
  0.326874 -0.424859  0.030499 -0.151572 -0.015405 -0.073598]
[ 0.266848  0.269544  0.101203 -0.999979  0.297983  0.320433 -0.467291
  0.17702   0.328416 -0.229602 -0.550288  0.318899 -0.029369  0.233414
 -0.395823  0.101003  0.333122  0.285807  0.287379  0.292434]
[-0.120688 -0.018668 -0.850156 -0.240765  0.280475  0.320661  0.318551
 -0.642179 -0.560182  0.196297  0.297568  0.004855 -0.228491 -0.855452
  0.252013 -0.974538  0.05028  -0.725699  0.332771  0.329017]
[ 0.329151  0.124658 -0.093823  0.209654  0.333329  0.332837  0.332781
  0.309871  0.079585 -0.470088  0.096226  0.250849  0.318761  0.294578
  0.330802  0.09463   0.33142  -0.248181  0.316878  0.199277]
[ 0.332377 -0.841021  0.122901 -0.143972  0.089943 -0.620197 -0.417725
 -0.263655  0.064924  0.215153  0.327322 -0.091233  0.258449 -0.152984
  0.234417  0.190664 -0.17845  -0.168091  0.299824  0.328644]
[-0.052784  0.155405  0.254792  0.261868  0.083499 -0.986052 -0.159887
  0.259847 -0.906504  0.26277   0.326462  0.333112  0.236836  0.237814
 -0.516031  0.330294 -0.1552    0.242454  0.314013  0.314102]
[ 0.106203  0.247866 -0.759837  0.305301  0.329316  0.326685  0.145304
 -0.590526  0.206516  0.283466  0.329574 -0.494672 -0.887222  0.232977
  0.327974  0.092781  0.252862  0.267222 -0.574278 -0.338195]
[-0.046002 -0.46117   0.329124  0.166126  0.219255  0.332151  0.181006
  0.328549 -0.014293  0.124928  0.193979 -0.117239  0.318361  0.310429
  0.247078  0.332788 -0.835033  0.232777  0.210244 -0.169117]
[-0.478545 -0.077795  0.245641  0.318905  0.256453  0.313303 -0.855105
  0.322431  0.332257  0.270617  0.315943 -0.956355 -0.491965  0.299023
 -0.107405  0.152955  0.331524 -0.514519 -0.028473  0.250673]
[ 0.271209 -0.996343 -0.545591 -0.305823  0.209772  0.294412 -0.640144
 -0.941801 -0.086119  0.247165 -0.655873 -0.216896 -0.032033  0.181987
 -0.212832  0.30038   0.012165  0.282161 -0.472198  0.189024]
[ 0.012997 -0.283183  0.128804 -0.96564  -0.282056  0.244065  0.317243
 -0.265813  0.26996  -0.380117  0.049318  0.264473  0.294444  0.299676
  0.313645 -0.909931 -0.577842 -0.569395  0.303607 -0.899153]
[ 0.333248  0.254556  0.31315   0.257109  0.323909  0.331309  0.333326
  0.307755  0.207332  0.060739  0.215745  0.32556  -0.231127  0.305082
  0.301064  0.194705  0.331709 -0.970048 -0.487024  0.291599]
[ 0.299028 -0.999956  0.29831   0.323152  0.332491 -0.358576  0.29689
  0.171687 -0.411452 -0.997981  0.331204 -0.426395  0.08215   0.326964
 -0.318759 -0.059699  0.180221 -0.041928  0.324179 -0.601711]
[  3.128932e-01   3.099376e-01   3.269581e-01   1.975653e-01  -8.987431e-01
   3.150349e-01   3.153680e-01  -9.935159e-01  -7.174700e-01  -1.587546e-02
   4.546484e-04   3.080495e-01   5.451050e-02  -2.368203e-01   2.885230e-01
   2.018931e-01  -4.165090e-01   3.057992e-01   7.931430e-02  -3.098153e-01]
[ 0.33333  -0.026017  0.011149  0.140854  0.310794 -0.366389  0.329978
  0.332232 -0.969467  0.332817  0.297429  0.317651  0.195189  0.3108
 -0.521905 -0.076074  0.332732  0.295592  0.312028  0.306636]
[-0.979599 -0.854599  0.322351  0.113686  0.288049  0.301529  0.025816
 -0.400776  0.312372  0.162875 -0.865539  0.308747 -0.103264  0.269231
  0.321352 -0.912549 -0.081397  0.28566  -0.054849 -0.476844]
[-0.816704  0.306863  0.309854 -0.277002  0.323897 -0.306634  0.288002
 -0.368409  0.333218 -0.569001  0.249976 -0.235238 -0.893274  0.332545
  0.208673  0.242645 -0.136473 -0.601259  0.067326  0.265898]
[ 0.315179  0.289382  0.143761  0.301966 -0.152948  0.259386 -0.997464
  0.324023  0.257107  0.333306  0.333127  0.308077  0.318808  0.305707
  0.168668  0.118656  0.259739  0.238552 -0.946372 -0.832009]
[ 0.289399  0.333234  0.096501  0.188025  0.247618 -0.978525 -0.890144
  0.329616  0.08674   0.139988 -0.750135  0.198913 -0.043073  0.196707
 -0.226228  0.328357 -0.811792  0.087294  0.178477  0.262063]
[-0.229831  0.205438  0.331793 -0.159854 -0.853233  0.277632 -0.322316
  0.00947   0.025092 -0.985031 -0.804834 -0.231396  0.282703 -0.086466
  0.307093  0.232321  0.293167 -0.536689 -0.879866  0.115691]
[ 0.30169   0.245634 -0.999984 -0.998468  0.047301  0.193854 -0.828033
 -0.3584    0.252815  0.327437 -0.999909 -0.839961  0.269111  0.184386
 -0.376732  0.278213  0.311255 -0.577104 -0.980907  0.331627]
[-0.649089 -0.195866  0.326035  0.189307 -0.735132  0.331407 -0.171885
 -0.427317  0.21861  -0.999718 -0.154521  0.328563  0.292172  0.288481
 -0.258555 -0.119559  0.164081  0.215814 -0.644874  0.070732]
[ 0.333239  0.039292  0.206826  0.249971 -0.992564  0.266099 -0.301192
  0.261908 -0.895758 -0.931979 -0.186227 -0.077033  0.293421  0.308211
  0.137602  0.02546   0.074536  0.313833  0.035883  0.259617]
[ 0.294877  0.32455   0.203869  0.288821  0.250623  0.30964   0.186859
 -0.212282  0.331559  0.148651  0.229185  0.181504  0.017245  0.230541
  0.253067 -0.368351  0.261437  0.236866  0.330182  0.333103]
[ 0.330001 -0.062166  0.199095 -0.957144 -0.336484 -0.250618  0.322493
  0.145136 -0.850428 -0.128513  0.249902  0.312519 -0.128455 -0.840554
 -0.626569 -0.996517 -0.98409   0.317023  0.109982  0.324586]
[-0.204488  0.021646  0.331184 -0.161975 -0.082697 -0.816861  0.243346
 -0.85092   0.290707 -0.074727 -0.174711 -0.195622  0.333041  0.100291
  0.197004  0.314734  0.331654  0.318196 -0.384772  0.333244]
[ 0.327869 -0.361087  0.318968  0.323278  0.330242  0.282124 -0.515448
 -0.982723  0.28728  -0.221161  0.323148  0.254758 -0.307318  0.022914
 -0.470076  0.129864  0.324925  0.333333  0.33333  -0.59599 ]
[  3.179794e-01  -8.948670e-01   2.648335e-01  -4.959886e-01  -6.641669e-01
   2.936812e-02  -1.863508e-01   9.399250e-02   4.065073e-04   3.322706e-01
   3.137907e-01   3.291524e-01  -8.008427e-01   2.830538e-01  -4.554254e-01
  -9.039269e-01   3.030618e-01  -3.391341e-01   3.837400e-02   2.966147e-01]
[ 0.328925 -0.758473  0.332864  0.2836    0.235198  0.245321  0.30258
 -0.268073 -0.594996 -0.024729  0.233756  0.327733  0.26395   0.146511
  0.326837 -0.648529  0.090564 -0.634516 -0.957831  0.145779]
[ 0.300471 -0.771772 -0.488551  0.332906  0.108018  0.324705  0.27102
 -0.366569  0.166349 -0.831668  0.269544  0.328678 -0.138691  0.300394
 -0.685812 -0.520617  0.323338  0.322708 -0.827655  0.327727]
[ 0.298704  0.219299 -0.913502  0.276143 -0.848944  0.303245 -0.888774
  0.257939  0.320571  0.325646  0.331234  0.043952 -0.535767 -0.113407
  0.332011 -0.999717  0.103115  0.251315 -0.387991  0.331808]
[ 0.307245 -0.335856  0.177383  0.134971 -0.139137  0.314187  0.258228
 -0.349009  0.322924 -0.080919  0.326478  0.258663 -0.011726 -0.137967
 -0.105298 -0.112148 -0.843235  0.327864 -0.934544  0.100006]
[ 0.332091  0.328215 -0.993236  0.237272 -0.138883  0.258692  0.326315
  0.151481  0.309493 -0.989029 -0.275654  0.240733  0.201951 -0.175052
  0.065094 -0.181745 -0.993416  0.328818  0.301032  0.323657]
[ 0.329568  0.182772  0.33192   0.329147  0.224211 -0.602755 -0.717811
  0.298246 -0.038767 -0.58252   0.325357  0.18006   0.309825 -0.184331
  0.31789   0.166172 -0.077524  0.095856  0.30904   0.221095]
[ 0.192252  0.277939  0.167699  0.239583  0.157723  0.269713 -0.999144
 -0.42255  -0.766284  0.058988 -0.147748 -0.760847 -0.892264  0.07717
  0.192181  0.2588   -0.443234 -0.947382  0.164534 -0.805066]
[-0.375423  0.033189 -0.300748  0.194811 -0.658476 -0.844596  0.299129
 -0.085868 -0.60254   0.273386  0.026859  0.17859   0.058052  0.098606
  0.309008  0.119793 -0.491855  0.244954  0.317868  0.307741]
[ 0.130611  0.322389 -0.35417   0.013652  0.329474  0.092319  0.081513
  0.276229 -0.75009   0.316225  0.227363  0.33244   0.333333 -0.611895
  0.265015 -0.140045  0.29577  -0.796969  0.019648  0.229307]
[ 0.300088  0.24296   0.281349  0.307243  0.131557  0.260101  0.253468
 -0.701881  0.303374  0.333284 -0.377544  0.037593  0.208357  0.29765
  0.249768  0.231841 -0.803494  0.042374  0.248494  0.303512]
[ 0.209338  0.332092 -0.353376 -0.006259  0.330374  0.164909  0.325144
  0.331042  0.03368   0.281289 -0.239173 -0.716917  0.248609  0.308191
  0.318264  0.310205  0.323267  0.12767  -0.829218  0.318676]
[ 0.333266 -0.067705  0.329699  0.262808 -0.953663  0.316757  0.332959
  0.322862  0.329786  0.310375 -0.481684  0.326558  0.164712 -0.438277
  0.285098 -0.399166  0.320147  0.14025   0.123823  0.047238]
[ 0.066845 -0.071398 -0.095501  0.315181 -0.998407  0.327578 -0.977578
 -0.885997  0.263344  0.302067  0.332915 -0.365067 -0.65543  -0.769426
  0.109099  0.326241  0.236002  0.329897 -0.300989  0.2776  ]
[ 0.274494 -0.708773 -0.694942  0.328133  0.047213  0.289167  0.179627
 -0.900514  0.283242  0.298719  0.333122 -0.867627  0.115489 -0.414312
 -0.699712 -0.971294  0.225897  0.330794  0.310472  0.050263]
[-0.834336  0.327847  0.329296 -0.687738  0.246512  0.227122  0.139397
  0.245111 -0.802871  0.331789  0.007209  0.090404  0.312912 -0.379506
  0.208305  0.332896  0.236361 -0.999433  0.141074  0.308481]
[ 0.252579  0.200405  0.332981  0.319078  0.248521  0.040938  0.32021
 -0.164992 -0.416049 -0.99725   0.327833  0.246574  0.327816 -0.173068
  0.313835 -0.369391  0.022163  0.32699   0.171349 -0.299464]
[ 0.263404  0.196585  0.089526  0.238003  0.237384  0.289763  0.192105
  0.135208  0.192211 -0.039956 -0.711607  0.255519  0.203774 -0.978396
  0.325544 -0.716564  0.2833    0.329027 -0.799704  0.237037]
[ 0.21864   0.245765  0.332782  0.332448  0.234784  0.332434 -0.884966
 -0.275251  0.207011 -0.886036  0.261453 -0.643299  0.318403 -0.489435
  0.050263 -0.38105   0.185329  0.320478  0.026196 -0.267124]
[ 0.078585  0.332387  0.273704 -0.992272  0.104637 -0.18613   0.330825
 -0.511819  0.039376 -0.454707  0.329758  0.29863   0.290981  0.138831
 -0.251608 -0.471088  0.28945   0.31719   0.322436  0.328475]
[ 0.332759 -0.013719  0.275033 -0.37249  -0.931622 -0.003798  0.301596
  0.287699  0.033201 -0.608043  0.259917 -0.165029  0.157078  0.071493
 -0.042332  0.236214 -0.009405  0.333277 -0.969779  0.26234 ]
[-0.571813  0.316718  0.048188 -0.642418 -0.062221  0.16354  -0.596006
  0.285184 -0.671033  0.322775 -0.825392  0.118606  0.306067 -0.998615
  0.333294  0.235457  0.309955  0.318747  0.32812   0.193245]
[ 0.33217   0.199784 -0.13425   0.333264  0.3101    0.219047  0.298902
  0.326573  0.329709  0.250178 -0.717041  0.237595  0.03064  -0.210839
 -0.574365  0.088946  0.155164  0.330344  0.33333   0.324807]
[ 0.001512  0.247863  0.209192 -0.219595  0.332376 -0.13242   0.283116
  0.297531  0.16579  -0.812371  0.273816  0.333323  0.144476 -0.953316
 -0.958686 -0.012351  0.08046   0.329201 -0.446775  0.305949]
[ 0.071249  0.332724 -0.038275 -0.819186  0.316704  0.249888  0.236938
 -0.387656  0.168004  0.328136 -0.996613  0.328389  0.311845 -0.484661
 -0.718081  0.191121 -0.683697  0.280145 -0.46058  -0.296939]
[ 0.125163  0.237086  0.314806  0.014652  0.318917 -0.661548  0.048286
  0.256843  0.331345  0.325727  0.316634  0.326093  0.225013  0.135502
  0.20174   0.333271  0.256363  0.249405  0.308083  0.329242]
[ 0.123434 -0.983891  0.245836  0.333312 -0.482111  0.313013  0.294039
  0.333314 -0.078125 -0.658087  0.323478  0.304992 -0.025343 -0.405713
  0.306107  0.103895  0.269334  0.143035  0.079341  0.328295]
[ 0.125173 -0.13805  -0.737881  0.33046   0.306517 -0.111089  0.320728
 -0.538821  0.33083   0.072554  0.113542  0.277414  0.247624  0.264308
  0.291473  0.308446 -0.051524 -0.821829  0.324249  0.246903]
[ 0.066177 -0.352739  0.126231 -0.791367  0.267507  0.048002  0.332469
 -0.600803 -0.9997   -0.348303 -0.04564   0.212901 -0.388443 -0.545253
  0.277594 -0.313949 -0.28254  -0.457296  0.245315 -0.025925]
[ 0.325177 -0.227992 -0.172995  0.333175 -0.701828 -0.195274  0.330521
 -0.178324  0.33171  -0.452085  0.14648   0.259472  0.079759  0.281511
  0.296293  0.327897 -0.644328 -0.965548 -0.798238  0.33269 ]
[ 0.33301   0.247287  0.265202  0.308888  0.13263   0.330601  0.058016
 -0.003108  0.255013  0.326951 -0.901317  0.147781  0.328056 -0.539993
  0.068818  0.212026  0.328063 -0.117475  0.186011  0.300021]
[-0.857497  0.244621  0.237259  0.147794  0.09879  -0.949919  0.321638
  0.236718  0.333333  0.102256  0.33269   0.208275  0.095255  0.251031
 -0.968811  0.27104  -0.120623  0.330877  0.153558  0.332318]
[-0.512342  0.29384  -0.399106 -0.030258  0.299691  0.121267  0.298957
 -0.740889  0.056476 -0.938078  0.323844  0.236967  0.235832  0.237474
  0.290666  0.198075 -0.506657 -0.960338  0.28131   0.275773]
[ 0.042592 -0.080231 -0.992482 -0.341294 -0.777375 -0.578299  0.329739
  0.332951 -0.048597  0.214655  0.165637  0.325081  0.265521  0.27068
  0.012356  0.093069 -0.059507 -0.40161  -0.024635  0.333299]
[ 0.326875  0.178745  0.333221  0.306789  0.098967  0.297105 -0.432735
  0.317163  0.318898  0.093283 -0.700775  0.307725 -0.490469  0.332895
 -0.984079 -0.624071  0.011901  0.155383  0.309816 -0.413024]
[-0.463036  0.223525  0.331055 -0.378687  0.181657  0.274977  0.156405
 -0.662646  0.324283 -0.108272  0.316224  0.306185  0.166903 -0.388681
  0.329971  0.297134  0.141627  0.326669  0.32893   0.332848]
[ 0.331696  0.267357  0.333273 -0.166451  0.062637  0.304826 -0.709554
 -0.692799 -0.998828  0.272274  0.185149  0.332937 -0.84995   0.023777
  0.287959  0.11023  -0.947207 -0.132388  0.309515  0.332774]
[-0.113787  0.331163  0.143158 -0.515046  0.281436  0.284553  0.049726
  0.033031 -0.452726  0.204909  0.329456  0.318679  0.054713  0.166089
  0.289629 -0.257074  0.189132  0.333333  0.249812  0.001302]
[ 0.327124 -0.546659 -0.407432  0.227847 -0.931601  0.327684 -0.72686
 -0.183947  0.291192 -0.93938  -0.997594  0.313097  0.27474   0.319667
  0.175029  0.326118 -0.851544  0.069364 -0.988284  0.33115 ]
[ 0.291828  0.333316  0.298893  0.28614   0.219254 -0.078857 -0.886139
 -0.09312   0.277782  0.260987  0.279611  0.263371 -0.283726  0.084246
 -0.406713  0.125909  0.325267 -0.097968 -0.919223  0.307999]
[ 0.331704  0.287815 -0.991302 -0.009336  0.208362  0.333179 -0.60494
 -0.917697  0.332144  0.31226  -0.256356 -0.938582  0.142562  0.262901
  0.331927 -0.198374  0.199004  0.332022  0.180616 -0.22111 ]
[ 0.261481  0.322562 -0.150198 -0.414117  0.231244  0.33095   0.186685
  0.089389 -0.733477  0.31157  -0.347552  0.309838  0.332946  0.230859
  0.226966  0.300275 -0.891568  0.184603  0.315858  0.292093]
[ 0.276653 -0.043166  0.310357  0.331505  0.066457  0.296295  0.057076
  0.258202  0.319921  0.30156   0.226161  0.070405 -0.672402  0.316373
 -0.966535  0.151641  0.017405 -0.65481   0.296214  0.269821]
[ 0.309957  0.113303 -0.379681 -0.387012  0.275183 -0.654761 -0.649602
  0.206347 -0.296355  0.271438  0.308044  0.310994 -0.819006  0.173978
 -0.124998 -0.898607  0.315617  0.315296 -0.718685  0.30655 ]
[ 0.24745   0.309676  0.326438  0.330599  0.305994  0.292836  0.004872
  0.330076  0.187638  0.272583  0.245444  0.325793  0.333162 -0.418312
  0.20666  -0.215041 -0.085243 -0.635839  0.080164 -0.059831]
[ 0.108104 -0.62258   0.252149 -0.532518  0.314242 -0.256057  0.303415
 -0.937829 -0.50282  -0.568839  0.332584 -0.401562  0.145766  0.308399
  0.144903  0.275695  0.154713  0.333287  0.303864 -0.989025]
[-0.56643   0.329555  0.288177 -0.062877  0.331603  0.323661  0.151589
  0.0646    0.328622  0.309672  0.26502   0.055468  0.183348 -0.360923
  0.333031 -0.262137  0.168902  0.321219  0.177694  0.33007 ]
[ 0.236442 -0.76918  -0.595097 -0.627493 -0.002456 -0.999169  0.259017
  0.332153 -0.035632  0.121926  0.309056 -0.300425  0.323955  0.325147
 -0.764748  0.329738 -0.014899  0.328825  0.321947  0.144881]
[ 0.201601 -0.210122  0.05091  -0.574431  0.263575  0.289943 -0.779153
 -0.002887  0.055117  0.222606  0.319779 -0.043688  0.322795  0.331197
 -0.136943  0.070399  0.312162  0.004165  0.234156  0.243465]
[ 0.332611  0.053455  0.332794  0.333074  0.26781   0.31827   0.307755
  0.295624  0.206625  0.023403 -0.573901 -0.946046  0.128362  0.300377
  0.313252  0.301623  0.245938  0.281942  0.110484  0.325356]
[ 0.2775    0.025492  0.332267  0.170988  0.333194  0.282002 -0.02091
  0.162425 -0.991129 -0.254751 -0.973748  0.294728 -0.50903   0.17052
  0.252107  0.333095 -0.25219   0.283022  0.316832  0.306899]
[ 0.235823 -0.176604 -0.681701  0.322505 -0.5384   -0.932082 -0.127897
  0.31643  -0.110382  0.333172  0.269847 -0.018165  0.273941  0.19765
  0.310621 -0.049113  0.332053  0.193769  0.330288  0.3242  ]
[-0.983398  0.324084 -0.190471 -0.046095 -0.887769 -0.015884  0.236262
  0.127406 -0.301811  0.300159 -0.123475 -0.50184  -0.439211  0.246649
  0.332751  0.177818  0.27229  -0.087978  0.329533 -0.363993]
[ 0.330958  0.13907   0.204349 -0.028009  0.22538   0.285441  0.246353
  0.070217  0.222062  0.310887  0.255659  0.191092  0.30931  -0.330307
 -0.424902  0.051539  0.285279 -0.198422 -0.590336  0.300583]
[ -8.175690e-04  -3.220980e-01   1.833602e-01   3.264649e-01   3.064394e-01
   9.962691e-02  -9.960631e-01  -3.776608e-02   3.291182e-01   3.266047e-01
  -6.591422e-01  -9.516819e-01  -1.798812e-01   3.120162e-01   3.123438e-01
   7.846624e-02   2.186054e-01   1.171759e-02   3.235522e-01  -6.052871e-01]
[ 0.183275  0.203097  0.307604  0.171423 -0.597027  0.31479  -0.613661
  0.281264  0.229803  0.327145  0.286056  0.313436  0.281574  0.201767
  0.223912  0.214205 -0.629676  0.047673 -0.570901  0.203654]
[ 0.305426 -0.011376 -0.297718  0.32934  -0.60797  -0.166411  0.325054
 -0.209081 -0.751687  0.330127  0.304338 -0.720736 -0.61329   0.249833
  0.28741   0.332874 -0.03523   0.179195  0.27353  -0.146797]
[ 0.1427    0.303759  0.331797  0.15963   0.328923  0.332862  0.332607
  0.209587  0.234262  0.318438 -0.183763 -0.595672  0.297796  0.216901
  0.318139 -0.443177  0.267754 -0.230136 -0.109901 -0.408   ]
[ 0.085464 -0.218656  0.06952  -0.486629  0.28536   0.031771  0.057958
  0.11826  -0.861003  0.151071  0.035288  0.332297 -0.018932  0.291939
 -0.087036 -0.697327 -0.001002  0.333106 -0.237872 -0.672501]
[ 0.007037 -0.545957 -0.927379  0.069297  0.122789  0.130605  0.197164
  0.19603   0.236703 -0.031096  0.197958 -0.821183 -0.779679 -0.28448
 -0.030654 -0.643703  0.333249  0.307507  0.326948  0.240886]
[-0.375569 -0.999649  0.332392 -0.038385  0.320719  0.313571 -0.30847
 -0.958349 -0.987801 -0.877914 -0.974732  0.258118 -0.988754 -0.228001
  0.279161 -0.54293   0.066099 -0.120417  0.310758  0.23508 ]
[ 0.297785 -0.656897 -0.510298  0.333145 -0.904105 -0.163055  0.094411
  0.312345  0.323711  0.313306 -0.087787  0.287667  0.322299 -0.017338
  0.309341  0.327285 -0.472015  0.288326  0.332533  0.328627]
[ 0.320558 -0.723234  0.292238  0.088512  0.197238  0.296536  0.258184
  0.254494  0.048046  0.331023  0.284463  0.252473 -0.046902 -0.484103
  0.233639  0.30753   0.095903  0.328278  0.332969  0.326346]
[-0.844534  0.106772 -0.812016  0.291835  0.323238  0.049688  0.294566
  0.24774   0.315595  0.208459  0.005877  0.275861  0.333307 -0.740296
  0.319978  0.313746 -0.030365 -0.006664  0.331211 -0.139215]
[0.008555853399010549, 0.044024295474688224, 0.069430261823577838, 0.021693970924966669, -0.031083250378706129, -0.059442506389900396, -0.040134438846247816, 0.0047115862280132231, -0.022422806613264123, 0.0014316312995776848, -0.022965923247553699, 0.019483887453083229, 0.050785664212061765, -0.072592104345403308, 0.025859280983919201, 0.0039878925000991355, 0.01010369318210682, -0.0039632951219066848, 0.0060885085584110321, 0.014230157237451845, 0.080445834082256196, 0.11101656224906034, 0.076423677816456231, 0.0094563806993048782, 0.036452575394118947, -0.087899427454287138, -0.012692223078666576, 0.0017859102790728776, -0.0066551764465663799, 0.043626288957459625, -0.017766663568614338, -0.1167049361186886, 0.00035416151993394873, 0.06367558682691421, 0.010832003554185593, 0.0040696164484687047, -0.014195167207524062, -0.032254413813004201, 0.10745553031376454, 0.051237900061979175, 0.12446789531947125, 0.041997901572997487, 0.069592407554480595, 0.018994239566153537, -0.033815252787175343, 0.018025494664635947, 0.035710887323386398, 0.043903020234717344, 0.11879286233755046, 0.032161765446123369, 0.013846357852148161, -0.00095555584906070745, 0.0076386946977827497, -0.010440240633702136, -0.056093056333796021, 0.079654075322875204, -0.075635964749935503, -0.0068247111963821716, -0.032916499052059345, -0.0090501142252722884, -0.028312667870705369, 0.039450089545583725, 0.017690588396186313, -0.015328460687408424, -0.037493414073083778, -0.059955414746794111, -0.031449277757994887, 0.037551147495775705, -0.00079578748475206407, -0.00010239946086344071, -0.0071638273388773266, 0.0089374358534042297, 0.073639275109687041, -0.0098862918562038077, 0.01371178237402132, 0.022724860795986956, 0.023173973558614502, 0.017900520494492839, 0.03571012658255282, 0.06193423439288398, -0.076734459682619216, 0.047667795702252942, 0.0029934579252689497, 0.028544637986939153, 0.035979414060975379, 0.093337165576126951, -0.02297500545642206, -0.035347439596069036, 0.024095839536231844, -0.079787083777739132, -0.017376886464935171, 0.063971581342907827, -0.010049144511972807, 0.013630189915397356, 0.0099624509192881711, 0.015668991579535878, -0.018652568735586295, 0.020028219464597985, 0.02146854529340908, 0.031319800126098474]
('time: ', 9532.258955955505)
