“Running plot script on a single CPU core”
[-1.006772 -1.101323 -0.800533 -1.077536 -0.690206 -0.851663 -0.053526
 -0.025334 -0.131055 -0.176318 -0.060732 -0.143859 -0.034485 -0.185831
 -0.004887 -0.003774 -0.167988 -0.016421  0.044148  0.011026]
[-1.193091 -1.386414 -0.833613 -1.270984 -0.746355 -0.992653 -0.061323
  0.170477 -0.105637 -0.03652   0.07227   0.0652    0.073596  0.084654
  0.155666  0.03139  -0.039212  0.058903 -0.006779 -0.003107]
[-0.924617 -0.787809 -1.023444 -0.794805 -0.975073 -0.880969  0.067843
 -0.148961 -0.032191  0.051069  0.023027 -0.069644 -0.009387  0.053596
 -0.151395 -0.018992  0.060043  0.144867  0.045079  0.016316]
[ -9.791555e-01  -1.075195e+00  -8.849292e-01  -8.327466e-01  -7.561385e-01
  -7.397149e-01  -7.825940e-02   7.045361e-02   4.163605e-02   7.577384e-02
  -8.861450e-03   4.799671e-02   6.393689e-02   3.914159e-03   5.074033e-02
   9.919087e-02   1.356659e-01  -5.813015e-02   6.048689e-04  -8.133234e-03]
[-0.979729 -1.075497 -0.993429 -0.992053 -0.977486 -1.082984 -0.065967
 -0.013043 -0.04963  -0.017701  0.044462  0.002425 -0.015468  0.003995
 -0.029192  0.011388 -0.084969 -0.049329 -0.011207 -0.035381]
[-0.821392 -1.077449 -0.833179 -1.037555 -0.805853 -1.175052  0.082722
 -0.132853  0.015479  0.170582 -0.071115  0.067888  0.307107 -0.078354
 -0.108131  0.282459  0.082089  0.029314 -0.045529 -0.020944]
[-0.875087 -0.873705 -0.598278 -1.022123 -0.966957 -0.977017  0.119335
  0.070147 -0.109505  0.037247  0.08706  -0.122375 -0.030847  0.1398
  0.133568 -0.10831   0.123544  0.136854  0.081522  0.021745]
[-0.960417 -0.855314 -0.824829 -0.889946 -0.900631 -0.742892  0.237271
 -0.039904 -0.024732 -0.114224  0.074761 -0.039995  0.184385  0.024876
  0.019663  0.133501 -0.048457  0.271646 -0.084221  0.037592]
[-0.645596 -0.751469 -0.703733 -0.862212 -0.777996 -0.837381  0.009761
  0.049492  0.178968 -0.059082  0.083973  0.246756 -0.021094  0.136888
 -0.04832  -0.037756 -0.012801  0.00261   0.035828 -0.031917]
[-0.785423 -0.723721 -0.411337 -0.760025 -0.583785 -0.464548 -0.020897
  0.032921 -0.07478   0.14055  -0.066518  0.033048  0.195261 -0.137867
 -0.050955  0.140243  0.069624 -0.034782  0.011652 -0.041621]
[-0.907059 -0.923162 -0.660202 -0.942817 -0.647091 -0.645125 -0.035974
 -0.023979  0.094227 -0.071433 -0.014582  0.076121  0.039713 -0.048792
 -0.049477  0.105277 -0.122507 -0.062283 -0.033425 -0.029848]
[-0.961521 -0.829112 -0.728949 -0.662965 -0.42468  -0.335516 -0.084915
 -0.060286 -0.008426 -0.056657 -0.102528  0.020801 -0.03693  -0.080901
 -0.056889 -0.035698 -0.04359  -0.108289  0.068014  0.048491]
[-1.044593 -0.899696 -1.03931  -0.730416 -0.849523 -0.726241  0.044563
  0.004319  0.01071   0.028692 -0.007799  0.01524   0.055391  0.019421
  0.037426  0.045573 -0.011233  0.041063  0.037863  0.045307]
[-1.06029  -1.016913 -1.08573  -0.868063 -1.06323  -1.052579  0.015987
 -0.018579  0.008368  0.06206  -0.015516 -0.022033 -0.017607 -0.052
  0.020648 -0.056222  0.115507  0.032679 -0.02197  -0.060009]
[-1.084019 -1.111935 -0.81523  -0.992379 -0.667511 -0.723981 -0.103125
 -0.143446 -0.169461 -0.159873 -0.084834 -0.224507 -0.19884   0.003747
 -0.151895 -0.185482 -0.069838 -0.12527   0.006986 -0.067053]
[-0.918343 -1.010685 -0.87602  -1.007537 -0.93675  -1.169792  0.045194
  0.029717 -0.11651   0.073038 -0.060357 -0.124559  0.085281 -0.022946
 -0.03261   0.082383 -0.056879  0.075259  0.020376  0.005351]
[-1.006758 -0.696007 -0.778572 -0.639605 -0.793696 -0.666843  0.106254
  0.151066  0.01224  -0.086546 -0.075315 -0.037259  0.166626 -0.075396
  0.048853  0.122156 -0.015327  0.172788 -0.035042 -0.061454]
[-0.665874 -0.800813 -0.698945 -0.816602 -0.685726 -0.824803  0.023141
  0.030145 -0.021473  0.029087  0.01538  -0.019323 -0.018212 -0.048696
  0.050108  0.021142  0.041359  0.016086 -0.021836 -0.015156]
[-1.347397 -1.401628 -1.160337 -1.12358  -0.929572 -1.153602 -0.004849
  0.050375  0.017861 -0.086162 -0.025601 -0.089756  0.036358  0.017883
  0.128152  0.11681  -0.13517   0.006264  0.071563  0.027571]
[ -8.549676e-01  -1.101219e+00  -9.779373e-01  -8.763124e-01  -1.067160e+00
  -1.059068e+00   5.864842e-02  -1.967323e-02  -7.798312e-03  -1.230823e-03
  -3.094509e-02  -3.524078e-02   6.146699e-02  -5.924451e-02   1.686660e-02
  -8.219410e-04   5.930902e-03   1.031256e-01  -3.318765e-02  -1.801122e-02]
[-1.083094 -1.169075 -0.641811 -1.077862 -0.586804 -0.702596 -0.004446
 -0.016831 -0.09747   0.076857  0.146965 -0.065178 -0.112695  0.163778
  0.096938 -0.056024  0.134845  0.055275 -0.01872   0.041356]
[-0.76476  -0.803908 -0.712111 -0.86582  -0.697269 -0.692383 -0.097027
 -0.035702  0.112186  0.007215  0.043347  0.065187 -0.020695  0.100932
 -0.014749  0.047302  0.073685 -0.079641  0.017211 -0.029908]
[-0.977485 -1.066153 -1.010088 -1.073608 -1.198087 -1.258556 -0.060492
 -0.012852 -0.049358  0.017971 -0.102245 -0.059064  0.01978  -0.02959
 -0.004627 -0.035462  0.027813 -0.059242 -0.006866 -0.039372]
[-0.688541 -0.706243 -0.796767 -0.736652 -0.767882 -0.893517  0.066611
  0.023026  0.036564  0.004986 -0.084703  0.005314  0.090552 -0.057751
 -0.002498  0.093943 -0.004569  0.049411 -0.077502 -0.017716]
[-0.914946 -0.957646 -0.953573 -0.912597 -0.844601 -0.797892 -0.012095
  0.108569  0.099639 -0.141017  0.058042  0.050029 -0.094447  0.033475
  0.112792 -0.179787 -0.123664 -0.041736 -0.013867  0.021786]
[ -1.032630e+00  -9.040015e-01  -9.508722e-01  -1.006103e+00  -1.124907e+00
  -9.257545e-01  -4.269371e-02   1.242004e-01   1.655153e-01  -6.609805e-02
   8.194412e-02   2.302172e-01  -1.258011e-01   1.163937e-01   1.388286e-01
  -9.905935e-02  -1.564066e-01  -8.823610e-02  -8.786609e-02   1.033386e-03]
[-1.170302 -1.037646 -0.786252 -1.340217 -1.043345 -1.105677 -0.110176
  0.116769 -0.003006 -0.089926  0.115244  0.068078 -0.096629  0.092923
  0.054874 -0.169455 -0.06364  -0.169452  0.068397  0.083771]
[-0.500926 -0.844178 -0.544499 -0.623571 -0.462529 -0.564608 -0.139009
 -0.120842 -0.049035 -0.022516  0.029221 -0.023677  0.111473  0.055657
 -0.0957    0.116214  0.074205 -0.107875  0.016447  0.011293]
[-0.750853 -0.757331 -0.72742  -0.694587 -0.718103 -0.71418  -0.064346
  0.014765  0.055663  0.01356  -0.029037  0.075265 -0.060697 -0.007011
  0.054447 -0.0461    0.026079 -0.07814  -0.015833  0.013281]
[-0.94972  -1.151167 -1.108826 -0.818299 -0.934673 -1.052049  0.018688
 -0.012618  0.102008 -0.091875 -0.006045  0.062145 -0.022113  0.01492
  0.034322 -0.094043 -0.054652  0.088462  0.048708  0.014026]
[-0.963599 -0.973477 -0.95434  -1.00184  -1.107919 -0.973605  0.121837
  0.02975   0.067604 -0.088438  0.050886 -0.032149 -0.055588 -0.019323
  0.035696 -0.064675 -0.058237  0.083046  0.013289 -0.031132]
[-0.89209  -0.90712  -0.748479 -0.742045 -0.718148 -0.941173 -0.018858
  0.077839 -0.087635  0.012182 -0.062739 -0.106039  0.067206 -0.094167
  0.08545  -0.021982 -0.001248 -0.028918  0.029702  0.01251 ]
[-1.169889 -1.125541 -1.060699 -1.226208 -1.10575  -1.296436 -0.068306
  0.087365 -0.076718 -0.085663 -0.030145 -0.031661  0.071859  0.019275
 -0.0032    0.106784 -0.072269  0.006703  0.003531  0.085472]
[-0.997127 -0.975188 -0.747206 -0.961858 -0.895274 -1.155861  0.057484
 -0.05318   0.122313 -0.05477  -0.006051  0.117316  0.012671 -0.002045
 -0.144161  0.042518 -0.034079  0.034723  0.031929 -0.003188]
[-0.5999   -1.084463 -0.79026  -0.365878 -0.260379 -0.57786   0.048811
  0.01995   0.052542  0.06193  -0.05605   0.027657 -0.050748 -0.037285
  0.013624 -0.059812  0.038059  0.049617 -0.027241 -0.036154]
[ -8.790843e-01  -8.139095e-01  -5.945657e-01  -8.964744e-01  -6.881157e-01
  -6.605569e-01  -5.345720e-02   8.386204e-03   3.241685e-02  -5.704130e-02
   5.030863e-02  -1.225701e-02  -4.838797e-02   4.571874e-02   1.477523e-02
  -3.921151e-02  -1.127925e-01  -1.591902e-02   3.953633e-02   3.666255e-04]
[-0.967779 -0.941216 -1.102786 -0.64221  -0.942313 -0.812387  0.028921
 -0.053554 -0.129095 -0.047587 -0.082896 -0.033255 -0.142638 -0.112316
 -0.020393 -0.060365 -0.050105  0.003425  0.030216  0.035703]
[-0.692268 -0.571863 -0.589096 -0.86264  -0.970869 -0.931618 -0.002738
  0.13043   0.016695 -0.012712 -0.009207 -0.005504 -0.035991  0.055236
  0.166371  0.071873 -0.063593 -0.022285 -0.034236  0.004921]
[-0.966059 -0.839812 -0.986429 -0.741299 -0.922479 -0.805379  0.065609
 -0.062418 -0.055657 -0.042334 -0.025334 -0.020408 -0.03225  -0.04424
 -0.025562 -0.09926  -0.006206 -0.001573 -0.044876 -0.040965]
[-0.860301 -0.995697 -0.792611 -0.733176 -0.563797 -0.691149  0.003238
  0.008747  0.032382  0.083579  0.025689  0.007691 -0.072735  0.048089
  0.005535 -0.100594  0.095816 -0.023429 -0.015454 -0.004906]
[-1.226026 -1.066597 -1.105207 -1.097156 -0.993135 -0.89699   0.03296
 -0.050228  0.026784 -0.009249  0.111522  0.050171  0.003394  0.091169
 -0.051726  0.034602  0.034582  0.080387 -0.004175 -0.01066 ]
[-0.863076 -0.825073 -0.676475 -0.73747  -0.623982 -0.65989   0.074971
 -0.047096 -0.017654  0.021789 -0.032155 -0.020984  0.003532 -0.028054
  0.029529 -0.019647 -0.031735  0.108667 -0.044346 -0.025668]
[-0.719228 -0.68838  -0.672352 -0.808092 -0.822295 -0.898799  0.102398
 -0.047336  0.102941 -0.0088    0.079838  0.069409 -0.020636  0.020787
 -0.110193  0.017501  0.008389  0.157805  0.097509  0.016536]
[-0.729759 -0.889073 -0.81692  -0.837572 -0.868708 -0.985402  0.014986
  0.081989 -0.059834 -0.099274  0.014497 -0.022288  0.00782  -0.055262
  0.054415 -0.01446  -0.108235  0.050004 -0.031139  0.007095]
[-0.801891 -0.832017 -0.807707 -0.751614 -0.690734 -0.693575 -0.044902
 -0.085651 -0.042213  0.100793  0.111255 -0.029567  0.137259  0.1154
 -0.081157  0.113354  0.180365 -0.059745 -0.012562 -0.022284]
[-0.684482 -0.56363  -0.696173 -0.478928 -0.693569 -0.557399  0.136795
  0.138177 -0.192881  0.111198  0.06     -0.126015  0.061291  0.013168
  0.050435  0.135957 -0.076686  0.191852 -0.158504  0.006541]
[-1.028608 -0.726633 -0.920141 -0.798905 -1.08091  -0.766417  0.005804
  0.123303 -0.072893  0.057061 -0.049796 -0.023563  0.039944 -0.059042
  0.178374  0.0056    0.001925 -0.007471  0.023673  0.0092  ]
[ -8.770417e-01  -9.605130e-01  -8.588373e-01  -9.616143e-01  -8.111491e-01
  -1.003241e+00   6.916226e-03   5.323794e-03  -4.425267e-02  -4.638589e-02
  -2.297804e-02  -1.368811e-02   5.173532e-02   2.876983e-02  -7.103824e-03
   9.025294e-04   4.655759e-02  -2.486677e-02   1.095072e-02   2.672860e-02]
[-0.832331 -0.840057 -0.682924 -0.776438 -0.669417 -0.591397  0.05763
 -0.0914    0.036872 -0.110833 -0.068886 -0.016862  0.158392 -0.063928
 -0.041473  0.2411   -0.154527  0.035246  0.030808  0.027023]
[-0.831637 -0.885983 -0.654401 -0.794211 -0.705038 -0.6306   -0.054322
 -0.059521  0.048604 -0.035984 -0.042318  0.016404 -0.056241 -0.023041
 -0.033147 -0.096948  0.01737  -0.027563 -0.050329 -0.001123]
[-1.01386  -0.884181 -0.989942 -0.749979 -0.698574 -0.787217 -0.04495
 -0.12262  -0.038094 -0.141794  0.033515 -0.074956 -0.031706 -0.003384
 -0.142209 -0.00176  -0.15182  -0.120296 -0.011127 -0.006666]
[ -1.206761e+00  -1.145594e+00  -8.594388e-01  -1.027586e+00  -8.441137e-01
  -7.519540e-01   1.731150e-02   4.248663e-02   3.821667e-02  -4.702284e-04
   1.290091e-01   7.433456e-02   6.715495e-02   5.866755e-02   1.891141e-02
   5.238858e-02   4.405614e-02  -2.827320e-03  -1.996926e-02   1.246711e-02]
[-1.106358 -1.146777 -1.115049 -0.935741 -1.033046 -1.063418 -0.028037
  0.018572  0.085255 -0.005348 -0.098167  0.029362  0.04014  -0.094266
  0.090836 -0.03284   0.009319  0.025271 -0.02018   0.04006 ]
[-0.708683 -0.673099 -0.606732 -0.910408 -0.873912 -0.942014 -0.034246
  0.008148  0.172329  0.028103 -0.014714  0.130698 -0.19177  -0.041552
  0.102539 -0.25061   0.016803 -0.048213  0.034964  0.062726]
[-1.083254 -0.831724 -0.939023 -0.779609 -0.781724 -0.584616 -0.139369
  0.006959 -0.02244   0.07492  -0.025887 -0.011953 -0.203017  0.005063
  0.030851 -0.202644  0.039262 -0.091966  0.044769  0.011286]
[-0.897431 -0.917198 -0.825443 -1.11637  -0.972557 -0.882562 -0.066006
 -0.049825 -0.097347 -0.041446 -0.011779  0.037328 -0.062015  0.008503
 -0.032763 -0.034254  0.005583 -0.031107  0.055525 -0.015976]
[-1.015221 -0.793966 -1.087556 -0.82359  -0.803068 -0.87062  -0.084844
  0.126143 -0.037322 -0.165913  0.052225 -0.009383 -0.110589  0.064033
  0.116915 -0.132233 -0.136683 -0.008644  0.067847  0.032929]
[-1.162656 -0.968059 -0.739946 -1.057764 -0.845886 -0.598338 -0.061572
  0.086575 -0.144961 -0.016334 -0.1801   -0.191964  0.068407 -0.178875
  0.06121   0.068239  0.019567 -0.059077  0.066531 -0.033695]
[-0.839837 -0.753629 -0.839516 -0.806348 -0.987432 -0.857928  0.105359
 -0.011014  0.036602  0.002814 -0.031445  0.085337  0.086897 -0.031909
 -0.009044  0.086049 -0.022649  0.06822  -0.055452 -0.021234]
[ -8.942798e-01  -6.829960e-01  -8.432321e-01  -7.519976e-01  -9.173913e-01
  -6.655934e-01   3.500431e-02  -1.312756e-01   6.935181e-02  -5.112234e-02
  -4.075339e-02   1.082704e-01  -2.142509e-01  -2.910160e-02  -7.332245e-02
  -1.521402e-01  -4.402364e-02  -6.322622e-02  -2.773030e-02  -9.140451e-05]
[-1.096889 -1.052884 -1.103725 -0.85866  -0.905095 -1.003051  0.088038
  0.010437 -0.09504   0.125204 -0.09022  -0.018293 -0.032332 -0.09465
 -0.003598 -0.059708  0.133194  0.132595  0.068054  0.052019]
[-0.755444 -0.728936 -0.707632 -0.648011 -0.688079 -0.625958  0.041873
  0.084849  0.030549  0.025459 -0.027655  0.030828  0.065481 -0.030094
  0.047634  0.072517  0.032854  0.046288 -0.018229 -0.019783]
[-0.895853 -0.923931 -0.910043 -0.889696 -0.934688 -0.928681  0.094058
  0.003098 -0.06415  -0.084227  0.087544 -0.023353 -0.024579  0.05103
 -0.022457  0.048113 -0.08222   0.124428  0.055103  0.04769 ]
[-0.956801 -0.845666 -0.778535 -1.012882 -0.854813 -0.827954 -0.077826
 -0.033977  0.047853 -0.090138 -0.106052  0.034676  0.025128 -0.125616
 -0.072119  0.024995 -0.027248 -0.02579  -0.006137  0.00879 ]
[-1.135266 -0.968613 -0.970844 -1.079999 -1.059404 -0.979127  0.027803
 -0.067514 -0.089318 -0.061271  0.043392 -0.075643 -0.051668  0.041179
 -0.106038  0.022658 -0.018101  0.046454 -0.057528  0.002074]
[ -9.153782e-01  -8.700168e-01  -8.841122e-01  -8.152909e-01  -6.729097e-01
  -6.684114e-01   2.150277e-02  -1.275868e-01  -2.994144e-02  -1.341125e-04
  -7.834524e-02  -6.962692e-02   1.188325e-02  -8.477118e-02  -3.379521e-02
   3.177970e-02  -5.815196e-02   1.265931e-01  -1.086408e-02  -2.274564e-02]
[-0.880474 -0.80712  -0.629007 -0.933703 -0.759861 -0.666361  0.012924
 -0.060884  0.057592 -0.078581 -0.041177  0.034755 -0.007146 -0.005457
 -0.083709 -0.039372 -0.080704 -0.027109  0.040694 -0.00265 ]
[-0.91257  -0.972383 -0.852813 -0.834312 -0.853559 -0.780837 -0.131601
 -0.070062 -0.031926 -0.050793  0.070123 -0.037642 -0.121385  0.065704
 -0.085862 -0.046921 -0.060606 -0.117159 -0.113635 -0.040848]
[-1.060323 -1.055367 -1.10637  -1.113359 -0.955598 -0.972639  0.044388
 -0.160149  0.122883 -0.122449 -0.149377  0.157146 -0.065143 -0.162374
 -0.200634 -0.030668 -0.086613 -0.020566 -0.006916  0.009026]
[-1.048968 -0.913452 -0.995547 -0.94242  -1.023892 -0.990039 -0.001648
 -0.018083  0.006758 -0.055157 -0.062765 -0.107857  0.076845 -0.082854
  0.042386 -0.029262 -0.04681   0.00431  -0.024065 -0.003149]
[-0.621085 -0.640767 -0.65128  -0.65551  -0.727519 -0.662457 -0.073824
  0.035337  0.031514 -0.012411 -0.039097  0.085261 -0.023446 -0.038177
  0.021344 -0.042917 -0.00169  -0.09821   0.024358  0.017194]
[-1.106844 -1.111997 -1.109501 -1.045997 -0.858356 -0.950792  0.004965
  0.00465   0.065218  0.121875  0.062507 -0.024414 -0.018068  0.069148
 -0.08061   0.061366  0.176179  0.090411 -0.079287 -0.06854 ]
[-0.847593 -0.795538 -0.756194 -0.948883 -1.016594 -0.931909  0.075837
  0.002162 -0.095363  0.057664  0.092175 -0.143865 -0.052229  0.057734
  0.027672 -0.046486  0.024548  0.068166 -0.020645 -0.005349]
[ -7.206806e-01  -9.813991e-01  -7.289279e-01  -7.039790e-01  -3.677665e-01
  -6.220709e-01   2.336636e-02  -5.256924e-06  -1.729826e-02  -5.939077e-02
   7.762086e-02  -1.301496e-02  -2.800849e-03   1.145948e-01  -2.918084e-02
   1.524095e-02  -5.952547e-02   3.805597e-02  -4.742392e-02   3.375829e-03]
[-1.068986 -0.984228 -0.907935 -0.941019 -0.949834 -0.700222 -0.014453
  0.022939  0.03504   0.066253 -0.098456  0.057905 -0.051285 -0.034221
  0.009637 -0.022896  0.064423  0.020554  0.113388 -0.047009]
[-0.771837 -0.830693 -0.744344 -0.745747 -0.740981 -0.869483  0.041605
  0.114364  0.03916   0.019082 -0.096133  0.099391  0.11491  -0.061326
  0.071187  0.124406 -0.000919 -0.00943   0.046279 -0.005008]
[ -9.997323e-01  -7.760951e-01  -8.659867e-01  -6.894102e-01  -9.586649e-01
  -6.761422e-01   2.301420e-02   1.566234e-02  -5.148074e-02  -4.150184e-02
  -1.217024e-01   9.258305e-02  -4.204520e-02  -8.246923e-02   6.786378e-02
  -1.498869e-04  -1.283986e-02   3.985987e-02   2.800543e-02   7.259678e-03]
[ -1.135578e+00  -9.518800e-01  -1.043295e+00  -6.528217e-01  -8.978959e-01
  -6.154464e-01  -6.426127e-02  -5.589331e-02   4.551668e-02  -1.561817e-01
   7.375044e-04   5.459415e-02   1.166898e-01   2.703980e-02  -1.526139e-01
   1.144682e-01  -9.114030e-02  -1.010621e-01  -1.822686e-03  -3.643663e-02]
[-0.572607 -0.83027  -0.551499 -0.904271 -0.531917 -1.014167 -0.157795
  0.128512  0.196179  0.030848  0.004816  0.082879  0.01186   0.014315
  0.06387   0.028429  0.063361 -0.213823  0.010253  0.013272]
[-1.009821 -1.093117 -0.887466 -1.230819 -0.909885 -1.192207  0.082435
 -0.202534  0.143675 -0.037959  0.068302  0.137727  0.106402  0.058404
 -0.156665  0.143142  0.054805 -0.049544 -0.002509 -0.051847]
[-0.803314 -0.683589 -0.66497  -0.787055 -0.8488   -0.733637 -0.031116
 -0.020561  0.073373  0.004763 -0.15989   0.122542  0.06785  -0.154253
 -0.003646  0.001427  0.019216 -0.054181  0.008869 -0.007035]
[-0.805264 -0.782593 -0.746733 -0.818482 -0.748757 -0.800004 -0.017722
 -0.038954  0.043294  0.069099  0.068954 -0.023062  0.064514  0.122132
 -0.066347  0.074884  0.045092 -0.039234 -0.048855 -0.048218]
[ -1.121016e+00  -9.089861e-01  -1.109236e+00  -8.923383e-01  -1.070408e+00
  -1.041820e+00  -1.208012e-01  -1.011043e-01  -1.098088e-01  -7.827208e-02
   8.843368e-02  -8.318518e-02   1.048132e-02   8.237163e-02  -1.010868e-01
  -1.520035e-02  -1.280710e-01  -2.409561e-01   4.459167e-03   2.549037e-04]
[ -7.470850e-01  -8.594548e-01  -7.112541e-01  -8.222565e-01  -6.848036e-01
  -7.832743e-01  -1.191378e-01  -2.907545e-03  -3.478146e-03   4.520235e-02
   9.710916e-03  -2.791484e-03   4.972384e-03   3.905685e-02  -3.006890e-02
  -1.158536e-03   4.373789e-02  -9.643478e-02  -7.712102e-04   1.519951e-02]
[-0.980568 -0.97947  -0.792622 -0.884936 -0.740166 -0.780053  0.003082
  0.071264 -0.054969 -0.003947  0.042075 -0.072759  0.091283 -0.038055
  0.062908  0.026686 -0.028182  0.028738 -0.009755 -0.037233]
[-0.947834 -0.520394 -0.763424 -0.645887 -1.093387 -0.632463  0.047189
  0.195244 -0.033165 -0.128555  0.041654 -0.020227  0.036115  0.092564
  0.162373  0.021097 -0.045235  0.031588  0.025193  0.038385]
[-1.009919 -1.084619 -0.852719 -0.959798 -0.70059  -0.739375 -0.018787
 -0.056685 -0.060109  0.030528 -0.063681 -0.038054 -0.111544 -0.059655
 -0.115617 -0.094569  0.019291 -0.029459  0.019261 -0.015782]
[-0.905791 -0.873061 -0.833339 -0.844685 -0.884345 -0.968281 -0.191449
  0.011782 -0.111184  0.139756  0.037078 -0.104202 -0.040276  0.083067
 -0.099872 -0.093131  0.100814 -0.214431 -0.040131  0.014525]
[-1.065507 -0.9456   -1.04899  -0.917346 -0.898058 -1.002024  0.064511
 -0.007361  0.044319  0.022531 -0.035008  0.063268 -0.002305 -0.035955
 -0.013799  0.007251 -0.010647  0.101433 -0.033424  0.009969]
[-0.676633 -0.864268 -0.944345 -0.659672 -0.814628 -1.138693 -0.14783
  0.043913 -0.073604  0.037356 -0.022614 -0.050771  0.120542  0.01746
 -0.057494  0.104036  0.08914  -0.081802  0.033654 -0.012539]
[-0.783619 -0.767186 -0.814037 -0.73878  -0.795839 -0.862423 -0.025853
  0.039387 -0.01671  -0.067415  0.096338 -0.086842  0.026775  0.048276
  0.035461  0.008266 -0.086621 -0.048071  0.01977   0.015519]
[ -7.716390e-01  -8.818955e-01  -6.824495e-01  -9.081146e-01  -6.590725e-01
  -7.386862e-01   1.188617e-02  -4.686572e-02  -5.008349e-02   2.960134e-02
   4.019150e-02  -2.804272e-02   1.566356e-02   4.242490e-02   1.539636e-03
  -2.332199e-02  -7.184799e-03   6.419269e-03  -5.468060e-03   1.745267e-04]
[-0.975707 -1.128845 -1.119088 -0.991146 -1.012732 -1.042721 -0.057365
  0.08466   0.175888  0.01795   0.074146  0.161162  0.028439  0.026421
  0.011877  0.083838 -0.041044 -0.025126  0.048754 -0.026285]
[-0.862956 -0.870077 -0.725053 -0.84888  -0.821148 -0.77624   0.048538
  0.095969  0.01737  -0.020356  0.044201  0.025391 -0.066356  0.030493
  0.114093 -0.031976  0.045843  0.028237 -0.010521 -0.004764]
[-0.96461  -0.683772 -0.841643 -0.948989 -1.108141 -0.821103 -0.029654
  0.00159   0.014579 -0.132899  0.007187  0.053524 -0.129846 -0.022891
 -0.006312 -0.109423 -0.114272  0.021595 -0.017356  0.013772]
[-0.719829 -1.02962  -0.984415 -0.693599 -0.660213 -0.908513  0.180795
 -0.186147  0.231477 -0.1066   -0.052772  0.160019 -0.006456  0.004492
 -0.242065  0.029251 -0.114083  0.179787 -0.05454   0.005612]
[-0.988921 -0.680909 -0.719065 -0.760485 -0.749273 -0.46732   0.029744
 -0.059514  0.214046  0.138466 -0.147213  0.110591 -0.075659 -0.086453
  0.010245 -0.200147  0.091484  0.012095  0.010818  0.05033 ]
[-0.992114 -0.914761 -0.8345   -0.975836 -1.041193 -0.910428  0.025201
 -0.119544 -0.075805 -0.042848 -0.066071 -0.036493 -0.001879 -0.10881
 -0.085445 -0.068629 -0.023444  0.045542 -0.030931  0.016734]
[-0.972791 -0.696573 -0.774742 -0.848791 -0.938696 -0.652498  0.013383
 -0.077434  0.032362 -0.02021   0.035441 -0.044722 -0.081807  0.029394
 -0.097669 -0.093775 -0.005198  0.003784  0.027482 -0.022421]
[-0.851467 -0.853115 -1.129041 -0.454166 -0.686093 -0.944839 -0.071871
  0.00387   0.112249  0.115846  0.015565  0.103924 -0.030949  0.021897
  0.057107  0.029162  0.095763 -0.112944  0.021906  0.004413]
('Mean', 1, ': ', -0.85146749727239512)
('Median', 1, ': ', -0.85146749727239512)
('Variance', 1, ': ', 0.0)
('Mean', 2, ': ', -0.85311495748724642)
('Median', 2, ': ', -0.85311495748724642)
('Variance', 2, ': ', 0.0)
('Mean', 3, ': ', -1.1290412003895343)
('Median', 3, ': ', -1.1290412003895343)
('Variance', 3, ': ', 0.0)
('Mean', 4, ': ', -0.45416628906895962)
('Median', 4, ': ', -0.45416628906895962)
('Variance', 4, ': ', 0.0)
('Mean', 5, ': ', -0.68609280961389185)
('Median', 5, ': ', -0.68609280961389185)
('Variance', 5, ': ', 0.0)
('Mean', 6, ': ', -0.94483915116564909)
('Median', 6, ': ', -0.94483915116564909)
('Variance', 6, ': ', 0.0)
('time: ', 8141.500136852264)
