“Running plot script on a single CPU core”
[-0.817236  0.330128 -0.039237 -0.848173  0.250737 -0.549788  0.106649
  0.189738  0.250378  0.175566 -0.295929  0.324645  0.250646  0.300376
  0.333249  0.234737 -0.954593  0.322148  0.324296 -0.889699]
[ 0.234759 -0.517139  0.318456  0.332337  0.308489  0.283501 -0.419255
  0.271328  0.282041  0.333091  0.27496   0.141047 -0.248347  0.293206
 -0.649094  0.260063  0.298867 -0.136752  0.330977 -0.299346]
[ 0.266728 -0.344615  0.320792  0.298429  0.048313  0.197129  0.234973
 -0.288722  0.328369  0.257282 -0.06402   0.258128  0.044055 -0.294069
  0.083482  0.333123 -0.074128  0.283211  0.312742  0.317546]
[ 0.121574 -0.996792  0.190407 -0.120873 -0.256289  0.223851 -0.051554
 -0.133883 -0.013723  0.333138 -0.313995  0.124263  0.139194 -0.122524
  0.133233 -0.54032   0.105177 -0.966694  0.109903  0.333318]
[-0.071529 -0.103963 -0.371144  0.131398  0.307685  0.285743  0.164329
 -0.982634 -0.157868 -0.022556 -0.356755 -0.178154 -0.191599  0.196982
  0.333313 -0.754077  0.331873  0.322444  0.213704 -0.314683]
[ 0.038369  0.259397 -0.239003  0.141896 -0.25737   0.146352 -0.34824
 -0.015643 -0.691371  0.258372 -0.991702  0.309267 -0.061728 -0.356446
  0.331614 -0.218693  0.253375 -0.842512  0.267954  0.333201]
[ 0.319905 -0.655296  0.261149  0.315082  0.134819  0.169099  0.218226
  0.332545  0.33314   0.203503  0.212846 -0.358456 -0.118564  0.313661
 -0.458516  0.286311  0.318915 -0.178583  0.329079  0.303858]
[ 0.303945  0.322113  0.285448  0.295019  0.191714 -0.999488 -0.020446
 -0.530865  0.237048  0.32616   0.328468 -0.78953  -0.426413 -0.022164
 -0.686162  0.322571  0.331037  0.330468  0.302215  0.317857]
[ 0.079468  0.199527  0.212007  0.31161   0.008557  0.295519  0.114986
  0.294563  0.304616  0.21581   0.047377  0.092487  0.265735 -0.125557
  0.306324 -0.884531  0.261608 -0.555146 -0.463942  0.080164]
[ 0.263901 -0.853833  0.329303  0.310454 -0.969038 -0.638564  0.060375
  0.277422  0.263594  0.170515 -0.880695 -0.70561   0.208871  0.210994
  0.322054 -0.022231  0.30014  -0.780722  0.201962  0.323495]
[ 0.203799  0.313295 -0.070436  0.237409 -0.758054 -0.109411  0.29438
  0.207394  0.215099  0.176681  0.289463  0.291618  0.093818  0.332976
  0.25404   0.004104  0.109429  0.328946 -0.002562  0.328255]
[ 0.13294   0.00885   0.301513 -0.433564  0.01084   0.029169 -0.11009
 -0.714204  0.333261 -0.053353  0.270993  0.225669 -0.681962  0.310957
  0.310536  0.320218  0.224987 -0.401784 -0.999843 -0.060503]
[-0.592365  0.329494  0.248611  0.218334  0.196631 -0.034011  0.300482
 -0.921365 -0.210027 -0.379849 -0.999755 -0.011334  0.28787   0.127241
 -0.175805  0.299003 -0.06358   0.172766 -0.049126 -0.992623]
[ 0.289614  0.008122 -0.057574  0.314201 -0.282145  0.292897 -0.783742
  0.300404  0.333285 -0.207889  0.325985 -0.776212  0.330392  0.203765
  0.181846 -0.37139   0.319878  0.300537 -0.268514  0.317721]
[-0.011703  0.282714  0.177995 -0.579566  0.05608  -0.385579 -0.050784
 -0.335354  0.33133   0.317331  0.130496  0.275837 -0.936423 -0.536452
  0.332267  0.214605 -0.132809 -0.50011  -0.904649 -0.463142]
[-0.357801  0.332585  0.331779 -0.02546  -0.654304  0.328094  0.331641
 -0.641369  0.332539 -0.468073 -0.027194  0.333333  0.226253 -0.431842
  0.034546 -0.756897  0.33315   0.329443 -0.397235  0.329133]
[ 0.020589  0.316488  0.105043  0.330809 -0.990853  0.092335 -0.330853
  0.15073   0.316962  0.291429  0.298112  0.234254  0.283665  0.189587
 -0.122957  0.327753 -0.997721  0.206131 -0.843654  0.328348]
[ 0.139607  0.188923 -0.339221  0.325231  0.329891 -0.672335  0.30383
 -0.060159  0.288024 -0.288304  0.123121 -0.221077 -0.386998  0.288894
  0.329133 -0.544742  0.297639  0.211628  0.330887 -0.993331]
[ 0.032645  0.227001  0.309124  0.262767  0.309043  0.048487  0.305036
 -0.07115  -0.019753 -0.550492  0.056436  0.300944  0.317029 -0.405247
  0.105191  0.071539  0.312027  0.30923   0.233022  0.216386]
[ 0.078261 -0.94215  -0.263175  0.330582  0.330929  0.308637 -0.268128
 -0.885757 -0.856074 -0.099516  0.317941  0.1659    0.277958  0.291808
 -0.420875  0.25804   0.172749  0.316668 -0.56974   0.17344 ]
[ 0.17972   0.332938  0.178421 -0.170023  0.294367 -0.941364  0.029142
 -0.44248   0.192851  0.327174 -0.286928  0.294122  0.1484    0.318115
 -0.311139  0.329301  0.328049  0.174527  0.098123 -0.180006]
[-0.145346  0.296951 -0.968276 -0.830895  0.258657  0.294703  0.310686
 -0.802799  0.029824 -0.416728  0.191897 -0.281122  0.170504 -0.055287
 -0.44022   0.331593 -0.832925  0.315861  0.277015  0.332324]
[-0.878321 -0.121084 -0.762414 -0.371017  0.25337   0.327489 -0.250578
  0.237491 -0.868258 -0.097993  0.310755  0.332937  0.179954  0.163871
  0.310737  0.326847  0.317924  0.319085  0.32621   0.150542]
[ 0.274346 -0.900007  0.333309  0.264417 -0.131483  0.282774  0.241451
  0.16176   0.189765  0.307184 -0.410602  0.323188  0.333253 -0.490346
  0.332635  0.312069  0.299411  0.075685  0.301707  0.268331]
[ 0.312391  0.197418 -0.187946 -0.141111  0.266672  0.333127  0.303237
  0.140421  0.333172  0.190444 -0.649068 -0.073684  0.280998  0.213185
 -0.022616 -0.365112  0.305774 -0.171586  0.072116  0.305576]
[-0.878764  0.329746  0.33167   0.081965  0.256453  0.222769  0.226942
 -0.198934  0.257249 -0.865262 -0.868956 -0.421251 -0.991478  0.319347
 -0.107186  0.271394  0.290674  0.306754 -0.855912  0.205148]
[ 0.080104 -0.951107  0.332659  0.321668 -0.981727 -0.442807  0.265259
  0.310839 -0.072832 -0.923247  0.100902  0.209989  0.278724  0.278211
  0.306479 -0.907343  0.166439 -0.464424  0.330348 -0.706873]
[ 0.329867  0.324094  0.270138 -0.278024  0.277052  0.319361 -0.11742
 -0.228702  0.333299  0.261701  0.153307  0.109929 -0.731953  0.331916
  0.332757 -0.407253  0.29222   0.197744 -0.320485 -0.033424]
[ 0.33333  -0.384109 -0.33398   0.319956  0.193244 -0.124594  0.308129
  0.153018 -0.937015  0.253213  0.14269   0.212167  0.160886 -0.293822
 -0.368052 -0.012942  0.333026  0.180268  0.311665  0.094106]
[-0.913331  0.308596  0.331315  0.333281 -0.247569  0.308234  0.233797
  0.330147  0.313673 -0.442421 -0.213373 -0.569147 -0.278818  0.288853
  0.31276   0.239052  0.333132 -0.12725   0.317222  0.270832]
[ 0.19487   0.190785 -0.44661   0.038366 -0.883281  0.199242 -0.999964
 -0.231405 -0.725377 -0.667349 -0.806109  0.257731  0.108745  0.31277
  0.317563 -0.906017  0.267361  0.238809  0.138137  0.319431]
[ 0.256812 -0.955477  0.033546  0.33167  -0.030723 -0.438271  0.330186
  0.177497  0.304632 -0.689108 -0.099489 -0.025734 -0.997957  0.265889
  0.067034 -0.72785   0.196245  0.15469   0.329    -0.999993]
[ 0.236839 -0.85641   0.315176 -0.839403  0.03609  -0.662684  0.252841
  0.094071 -0.221308  0.316734  0.312827 -0.929677 -0.469936  0.017705
  0.077214 -0.099196 -0.212691 -0.992598 -0.479559  0.324371]
[ 0.114493  0.323537 -0.80051   0.310897  0.271479 -0.631235  0.288339
  0.179743  0.282898 -0.995173 -0.16161  -0.328215  0.328262  0.033526
 -0.039416  0.263657  0.319669  0.02462   0.320893  0.330965]
[-0.818822  0.287776 -0.321658 -0.162646 -0.910269  0.332238  0.13273
 -0.230747  0.316543  0.252558  0.31126  -0.285939 -0.586479  0.327452
  0.321386 -0.543137  0.177882 -0.040281  0.327469 -0.937459]
[-0.53112   0.12219  -0.591874 -0.12271  -0.909392  0.162437 -0.872068
 -0.06006  -0.911456 -0.357183  0.213872 -0.947689  0.278245  0.320004
  0.205038  0.255498 -0.05512   0.304214  0.329056  0.330381]
[ 0.292491  0.332785  0.075553  0.205727  0.209737  0.207765  0.328567
 -0.260461  0.267059  0.139759  0.200175  0.269521  0.306829 -0.534018
  0.190243  0.312443 -0.595391  0.102581  0.198766  0.256879]
[ 0.233495 -0.45012   0.318604 -0.187604  0.327552  0.127253  0.265883
  0.312625  0.306149  0.315529  0.310662 -0.999875  0.173967  0.333254
 -0.692793 -0.074038  0.326797  0.25023   0.060495 -0.16506 ]
[ 0.251673  0.304096  0.330214  0.198166  0.330096 -0.349046 -0.291176
  0.199039  0.330285  0.299592  0.298967  0.076584 -0.901621  0.038946
  0.322183  0.199001 -0.329292 -0.187712 -0.045731  0.321283]
[ 0.218202  0.332759  0.266193 -0.933359 -0.422242  0.330957  0.008631
 -0.559225 -0.503399  0.319275  0.322058  0.041703  0.285502 -0.514157
  0.23795   0.300552  0.288927  0.126986  0.278275  0.33115 ]
[ 0.327792 -0.104438 -0.622624  0.311048  0.291913  0.330518 -0.598346
 -0.952996  0.331671 -0.915856 -0.304668  0.096552 -0.198391  0.316667
  0.320973 -0.624211  0.251353 -0.252733  0.225043  0.164683]
[-0.211012 -0.607196  0.31763   0.277485 -0.580361 -0.411012  0.041767
 -0.532211  0.189769  0.326755  0.333279 -0.350325  0.317632 -0.046323
 -0.232258 -0.068273  0.33212  -0.563562  0.312643 -0.999701]
[-0.106399  0.321684  0.321067  0.312761 -0.11277   0.213419  0.142613
 -0.276987  0.326564 -0.054101 -0.984254 -0.055333  0.326868  0.316151
  0.294558  0.332962  0.17454  -0.629288  0.324227 -0.67493 ]
[ 0.083243  0.209331  0.118708  0.316289  0.245298  0.096023  0.201988
  0.139765 -0.931087  0.333096 -0.998709  0.329194 -0.274576  0.325593
  0.044825 -0.049468  0.315498  0.124389  0.272517  0.330459]
[ 0.318665  0.237709 -0.251711 -0.062156  0.297601  0.33093   0.333194
  0.219317  0.296634 -0.117958  0.268301  0.174161  0.263111  0.272436
  0.315688  0.327009  0.332118  0.078681  0.110567  0.141824]
[ 0.322554 -0.124926  0.032056  0.064782 -0.142395 -0.025751 -0.639789
  0.132348  0.203692  0.285231  0.307623  0.317761 -0.945992  0.051395
  0.253508 -0.977858  0.307009  0.331623  0.272114  0.225498]
[ 0.331287 -0.222575 -0.87971  -0.038827 -0.99732  -0.399242  0.126534
 -0.145919  0.112438  0.222566  0.286028 -0.755695  0.328079 -0.25778
  0.204971 -0.241531  0.160334 -0.493118  0.245214  0.142442]
[-0.955807  0.106623  0.31675   0.077853  0.224839 -0.12191   0.333333
  0.255504 -0.071562  0.202422 -0.117046  0.292577 -0.007867 -0.085695
  0.332989  0.2747    0.290307  0.190904 -0.54942  -0.405333]
[ 0.330346  0.253009 -0.993667 -0.574739  0.293089  0.274331  0.28623
  0.259378  0.105039  0.311083  0.307006  0.309165 -0.819719  0.333141
  0.319153 -0.790361  0.332568 -0.317549  0.006184  0.250617]
[ 0.328618 -0.070768 -0.012868  0.054469  0.20184   0.330592  0.326234
  0.077579  0.153362 -0.969186 -0.252443  0.265104  0.175871  0.325371
 -0.996847  0.192829  0.333188 -0.049614 -0.309972 -0.063279]
[ 0.18539  -0.252686 -0.721205  0.292642  0.327683 -0.298635  0.072054
 -0.500365  0.315622 -0.256597 -0.931269  0.2227   -0.628694 -0.074416
  0.319484 -0.402905  0.290477  0.231468  0.307238 -0.121613]
[-0.195835 -0.59466   0.321617  0.306412  0.004959 -0.017396  0.078927
 -0.623879 -0.559463  0.260202  0.285554  0.282525  0.324635  0.320367
 -0.156638  0.307291 -0.781561  0.154866 -0.988984  0.246342]
[ 0.153756 -0.590209  0.26659   0.328877  0.33018   0.275632  0.321157
 -0.004081  0.229448 -0.332461  0.33303   0.266726  0.272418  0.32968
 -0.652175  0.330809 -0.951295  0.329042  0.321236 -0.295705]
[-0.992681  0.187544  0.055597  0.328487  0.31569   0.309877  0.284191
  0.330301 -0.15315  -0.984358 -0.925733  0.037344 -0.332928  0.237401
  0.318412  0.308027 -0.120923  0.230289  0.33094   0.32913 ]
[ 0.29903  -0.813098  0.332829  0.329052  0.167963 -0.481525  0.14241
  0.158519  0.07048  -0.556571 -0.173657  0.329344 -0.946568 -0.071533
  0.305489  0.332642 -0.672889 -0.061299 -0.195518  0.238221]
[-0.858169  0.051892  0.333216  0.035978  0.246556  0.306378  0.331081
 -0.355305  0.05379  -0.028466 -0.222927  0.270337 -0.998612  0.308221
  0.138482  0.262639  0.314068 -0.859675 -0.98964   0.294   ]
[-0.404631  0.252361 -0.265328  0.16825  -0.990422  0.324211  0.237914
  0.292957  0.297102  0.117629  0.317238  0.059376  0.191576  0.332565
  0.271816 -0.034274  0.333333  0.232437  0.332731  0.333214]
[-0.988518  0.325288 -0.075332  0.045346  0.298594  0.33246   0.105712
  0.332832  0.04111   0.078329  0.313044 -0.262346  0.332827 -0.038473
 -0.032353  0.291667  0.291813  0.222374 -0.154957  0.092458]
[-0.895935 -0.492497  0.333284 -0.974177  0.322796 -0.905372 -0.022916
  0.246406 -0.321053  0.289359 -0.203201 -0.162907 -0.999505  0.332781
  0.270977  0.333325 -0.86879  -0.960433  0.13909  -0.269382]
[-0.293638  0.289842 -0.998961  0.319477  0.330029  0.17813  -0.065139
 -0.205754 -0.925971 -0.374543 -0.997965  0.328759 -0.771759  0.297845
 -0.993327  0.332677 -0.994236  0.318165 -0.080264  0.255352]
[  8.047442e-04  -2.079992e-01   3.332519e-01   3.161974e-01   2.434054e-01
  -7.363950e-03   2.874620e-01  -5.444257e-01  -7.628165e-02   1.062929e-01
   2.570341e-01  -1.502481e-01   2.617946e-01   7.326881e-02  -3.315208e-01
  -8.472651e-01   2.803696e-01   2.631174e-01   2.779974e-01   3.181109e-01]
[-0.9981    0.327677 -0.266237  0.330234 -0.304698  0.319878  0.292517
  0.315606  0.142869  0.062375 -0.140777  0.296564  0.325755  0.307641
 -0.314903  0.289067 -0.999073  0.23956   0.253774  0.21333 ]
[ 0.199374  0.110912  0.322074 -0.764784  0.237133  0.293318  0.326588
  0.282558  0.330915  0.306263  0.30723  -0.951743  0.331482  0.19902
 -0.163782 -0.064635  0.127102 -0.10255   0.215502  0.179517]
[-0.097865  0.308505 -0.009289  0.145228  0.282023 -0.87704   0.33167
  0.326595  0.028675 -0.18445   0.282546  0.018931  0.295337  0.330535
 -0.016463  0.277234  0.250051 -0.999011 -0.873953  0.29691 ]
[-0.043666 -0.739297 -0.127387 -0.809702  0.079218  0.329219 -0.974794
 -0.580934  0.327622  0.315492  0.182832 -0.999912 -0.334538  0.233582
  0.267386  0.313886  0.275322  0.274459  0.312814 -0.171628]
[ 0.333108 -0.999779  0.050183  0.30495  -0.147528 -0.45813   0.321662
  0.049728 -0.814687 -0.139154  0.255936  0.301619  0.333321  0.332392
  0.313165  0.325944  0.264167  0.325577 -0.46573   0.333259]
[ 0.110725 -0.468358  0.331459  0.332769  0.212184  0.255828  0.330092
  0.259247  0.328386  0.272251  0.315951  0.087621 -0.842053  0.332415
  0.196297  0.068413  0.328067 -0.335828 -0.945061 -0.147537]
[ 0.157432  0.309498  0.290084  0.32294   0.273915  0.060902  0.206737
  0.33215   0.320648  0.100251 -0.029904  0.328795 -0.310804  0.117112
 -0.040459  0.257551  0.27756   0.312971  0.223846  0.234969]
[ 0.211582 -0.42818  -0.009821 -0.614504  0.315223 -0.53958  -0.255677
  0.314094  0.250358 -0.98757   0.316746 -0.343913 -0.999544 -0.19564
  0.275724 -0.2687   -0.160487  0.307057  0.316605 -0.564921]
[-0.90415   0.330572 -0.808795  0.330117 -0.413091 -0.01345   0.333286
  0.294165  0.326091 -0.268762  0.332425 -0.688332  0.219262 -0.299885
 -0.239978  0.127716 -0.15293   0.166099 -0.992426  0.264012]
[ 0.24298   0.182804  0.305804 -0.324564 -0.204303  0.326237 -0.132527
  0.005936  0.327759  0.022448  0.333332  0.319912  0.283917  0.236636
 -0.949842  0.174677 -0.689116  0.098897 -0.69924  -0.198726]
[ 0.333033  0.180357  0.237775  0.255622  0.135663  0.069045 -0.658033
 -0.167099  0.313487  0.287897  0.092595  0.247703  0.31614   0.331492
 -0.405681  0.138934  0.333303  0.297947  0.327613  0.319521]
[ 0.266506  0.314907  0.109667  0.222651  0.282304 -0.576585 -0.961821
  0.320224  0.24988   0.310185  0.002981  0.320834 -0.308228  0.275781
  0.300514  0.186762  0.32989   0.137286 -0.270815  0.231629]
[ 0.230038 -0.766533  0.101167  0.25113   0.322159 -0.340438  0.237747
  0.266568  0.208723  0.319037  0.288582 -0.214483 -0.665541  0.13038
  0.291576 -0.739715  0.234966  0.295112 -0.507547  0.202591]
[ 0.260322  0.264949 -0.839755  0.294083  0.114435  0.139206  0.016644
  0.278512 -0.565277  0.315998  0.133777  0.276423  0.066217 -0.143668
  0.329721  0.096604  0.321604  0.206785  0.305737  0.271473]
[ 0.33259   0.286483  0.321336  0.254271  0.257584  0.326415 -0.079262
 -0.163409 -0.844019  0.324796  0.138475  0.31725   0.142741  0.300083
 -0.542893 -0.217876  0.254987 -0.042246  0.184879  0.177623]
[-0.011448  0.217804  0.085994 -0.568363  0.060273  0.270044  0.171786
  0.329894 -0.061387  0.306544  0.175637 -0.100038 -0.5569   -0.258954
 -0.010593  0.278219  0.271711  0.265505  0.31859   0.243492]
[ 0.174301  0.291933  0.209935  0.188531  0.146947  0.331611  0.331856
  0.297917 -0.255672 -0.993765 -0.746062 -0.757247 -0.679729  0.012724
  0.169415 -0.121604  0.32797  -0.130075  0.271011 -0.219483]
[-0.606463 -0.034162 -0.886094  0.133186  0.275137  0.214983  0.10455
  0.051167 -0.468597  0.156922  0.09399  -0.738256 -0.108955 -0.938263
  0.247412  0.053377 -0.643677  0.101261  0.332767 -0.071156]
[ 0.181019 -0.460192 -0.077913 -0.736629  0.332952 -0.45573  -0.09044
  0.321732  0.260498 -0.474085 -0.899647  0.286122  0.230952  0.333208
  0.328919  0.235993  0.25503  -0.530528  0.331183 -0.880065]
[-0.106421  0.322055  0.214722  0.319689  0.041205  0.283324 -0.06375
  0.096377  0.026903  0.097839 -0.759119  0.282478  0.333331  0.167731
 -0.6609   -0.505428  0.200347  0.200185 -0.073838 -0.233177]
[-0.906947  0.26792  -0.215088  0.280381  0.326231 -0.431283 -0.202412
  0.197019 -0.110371 -0.029514  0.116396  0.28957  -0.232192  0.319935
 -0.99871   0.233568  0.325888  0.330978  0.173824  0.17958 ]
[ 0.22822   0.19665   0.321027  0.300133 -0.580918  0.208167  0.189151
  0.040317  0.156056  0.224235  0.332576  0.248391  0.277436  0.195513
  0.028747  0.273407 -0.982159 -0.835919  0.227764 -0.177265]
[ 0.300233  0.30849  -0.255678  0.200266  0.078375  0.296047  0.325596
  0.330096 -0.131713  0.291925  0.224169  0.1481    0.333318  0.087724
 -0.420545  0.239263  0.280838 -0.562683 -0.034632  0.262893]
[-0.270664  0.310031  0.333312  0.325396 -0.277207  0.330566 -0.517679
  0.296029  0.142858  0.295101 -0.790195  0.242921  0.284214  0.049838
 -0.392238 -0.22925  -0.996043  0.258901  0.326803 -0.320687]
[-0.641045 -0.696143  0.259962  0.149519 -0.619777  0.317408  0.070975
  0.326781 -0.059747  0.295641  0.210997  0.329873  0.333333  0.273879
 -0.122917 -0.421226  0.1922   -0.943834 -0.556435 -0.994876]
[ 0.329405  0.274228  0.298012  0.064947  0.328798  0.289372 -0.533406
 -0.387281  0.15933   0.143417  0.279185  0.270634 -0.122501  0.1142
  0.27961   0.267594 -0.16273   0.233951  0.21892   0.31301 ]
[ 0.147574 -0.477678  0.21005   0.332836 -0.21715  -0.940599  0.318951
 -0.574472  0.333162  0.30958   0.156164  0.270767 -0.85481   0.256001
 -0.24809   0.248009  0.183245  0.331507  0.038859 -0.12228 ]
[ 0.217115  0.29048   0.324178 -0.378497 -0.456914  0.260328  0.231328
  0.327532  0.059791  0.030736  0.237866 -0.999905  0.211569  0.314626
  0.319481  0.310918  0.313777  0.315199  0.112592  0.187378]
[-0.577147  0.243313  0.332229 -0.137089  0.159014 -0.263103 -0.482783
  0.210785  0.254917  0.298809  0.200717  0.261638  0.332904 -0.472785
  0.025656 -0.108554  0.185518 -0.966273  0.324297  0.317643]
[ 0.190311 -0.997651  0.325656  0.299277  0.331589  0.31714   0.333245
  0.332592 -0.719045 -0.414155 -0.388682 -0.316514 -0.71892  -0.01354
 -0.207782 -0.070063  0.294382  0.324044  0.225989  0.325435]
[ 0.085566  0.321892  0.313011 -0.444324  0.301036  0.187012  0.061982
  0.161529  0.278342 -0.264865  0.321657  0.26377  -0.053252  0.251654
  0.31628   0.197089  0.198518 -0.931331  0.14176   0.33267 ]
[ 0.311209  0.091256 -0.415171  0.329341 -0.455129  0.134363 -0.915778
  0.278557  0.302556  0.074078 -0.487062  0.193696 -0.714327  0.284772
  0.209515  0.329237  0.3133   -0.77615  -0.054239  0.330287]
[ 0.313682  0.310911 -0.421983 -0.036846 -0.439463  0.2219    0.333302
 -0.198139  0.095512  0.329433  0.288177 -0.190858  0.321279  0.289687
  0.283624  0.123638  0.128231 -0.316042  0.153093  0.313208]
[ 0.310125  0.325224  0.322514  0.332098 -0.063694 -0.356676 -0.849358
  0.174517  0.30898  -0.461467 -0.552309  0.330408 -0.384782 -0.079781
  0.11108  -0.151119 -0.104864  0.240777  0.024553 -0.556329]
[ 0.227195  0.317396  0.316192 -0.669595  0.213499  0.314469  0.223448
  0.297867 -0.989438  0.254623 -0.001153  0.068939  0.19031  -0.083725
 -0.274961  0.330761  0.299506  0.328313 -0.620039  0.231149]
[ 0.316068 -0.280677  0.331375 -0.977464  0.225219  0.309275  0.28303
 -0.430466  0.270651  0.331982  0.137556 -0.960911  0.026296  0.285343
 -0.877822  0.252263  0.249134 -0.320868  0.308395 -0.936335]
[ 0.281597  0.149913 -0.033866 -0.120764  0.308329  0.312464  0.148778
  0.319813  0.331392  0.222085 -0.232118  0.246111  0.192751  0.330082
 -0.571892 -0.215196 -0.021599  0.310844 -0.747447 -0.949087]
[-0.482155 -0.076171  0.332723  0.243166 -0.141319 -0.124492  0.134751
  0.329968  0.240568  0.28182  -0.84108   0.332329  0.288968 -0.831348
  0.322844 -0.079527 -0.586604  0.28741  -0.79576   0.063511]
[ 0.226892  0.327299  0.318737  0.331403 -0.050358  0.327501  0.328984
  0.315364  0.204571  0.282514  0.229183  0.288595 -0.944697  0.311895
 -0.052546  0.294385  0.32956   0.146854  0.25766  -0.39619 ]
[-0.012677476457671144, 0.064911039047717028, 0.068850794702758511, 0.029612304287254101, -0.0091583801126864442, -0.010339834533647056, -0.057732243316471865, 0.048713148167948528, -0.017889744953076825, -0.044349636072072096, 0.062592146336046817, 0.017415908632911842, 0.031799678569661038, -0.029420265662350176, -0.0089329697549276089, -0.0025755262552826785, 0.035298314273878688, -0.0016495999685753604, 0.013286838951527869, -0.0048348223569154025, 0.071035783270786607, 0.024056211224720986, -0.013102389074289955, -0.027177989172115558, 0.095348207995552797, -0.030739154593156459, -0.0065059463170919901, -0.017454133322909793, -0.0077941395568302818, -0.064016587658184632, 0.015911594252993738, 0.066044303554035594, 0.029826411530471192, 0.050594116269865874, 0.010530502535088249, 0.0080143429486412288, 0.029350407586349991, 0.022258897480285367, -0.0067603852027156575, 0.0064022433703225801, -0.045706465540929053, -0.0052014698304579388, -0.0005513992703871512, -0.040448328969693234, 0.021655082727848052, 0.0091844108577068817, 0.081654741122977825, -0.047712905105685488, -0.036714535465322939, 0.025731929338312809, 0.010821757951712946, 0.034660685473745539, 0.009611593478970587, -0.10662901926925072, 0.043599636219008531, -0.06358067035789472, 0.013617660797564157, 0.056334536856632034, 0.018342576870161498, -0.01749717794155925, 0.0053124343129836949, 0.013659392094612754, 0.00097662449260885187, 0.017869715892706056, 0.048319707692421415, 0.024415139182179413, 0.050080056196551523, 0.036475243320569201, 0.0038264886287828204, 0.053564917594761008, -0.0055479375469712489, 0.0089871467341096078, 0.038822957256941348, -0.062986140555009451, -0.00027353859676682024, 0.086382988916426762, -0.00089614309563411203, 0.058376736952429842, -0.048307276007092836, 0.051129369085242876, 0.027955783096699618, -0.013515355926017714, 0.0022707936548977958, 0.023253208403782311, 0.0098020738767145565, 0.018463643735563751, -0.11100617076732988, 0.07179827929298066, 0.067428684948822371, -0.059524262401985051, -0.025092276491708393, 0.010411719799419766, -0.049804455449153906, 0.084656440842046293, -0.018086263416224158, 0.066957689361995254, 0.027780961255220837, 0.037577545449703736, -0.041538219834338086, -0.0083315336604112]
('time: ', 10473.399131059647)
