“Running plot script on a single CPU core”
[-1.047754 -0.88131  -0.916527 -0.849837 -0.883772 -0.706916 -0.074976
 -0.115942  0.012416 -0.034793 -0.037099  0.038389  0.127294 -0.020106
 -0.101587  0.03828  -0.044264 -0.114316 -0.019999 -0.014111]
[-0.794224 -0.682943 -0.765854 -0.600549 -0.618829 -0.602616 -0.001224
  0.158904  0.147831 -0.048846  0.070527  0.119014 -0.113778  0.071793
  0.160557 -0.087667 -0.044209  0.003565 -0.006002  0.006679]
[-0.910495 -1.008182 -0.797528 -0.976078 -0.736233 -0.863414 -0.16185
 -0.158117 -0.132632  0.235264  0.098921 -0.208099  0.004401  0.145269
 -0.183646 -0.021768  0.161077 -0.148856 -0.040933 -0.035618]
[ -1.109924e+00  -1.106570e+00  -8.947724e-01  -9.826296e-01  -8.629791e-01
  -8.382278e-01   1.082998e-02  -1.031371e-01   1.937071e-02   3.664055e-02
  -1.688248e-01   8.463233e-02   4.397118e-02  -1.776543e-01  -7.437497e-02
   9.457605e-02   5.445754e-02   6.018825e-04  -1.419987e-02   2.678142e-02]
[-0.635358 -0.470864 -0.532631 -0.81233  -0.931372 -0.805082 -0.00799
 -0.068106  0.015324 -0.022489 -0.119927  0.1089    0.003895 -0.107357
 -0.049904  0.002863 -0.083271 -0.011679 -0.036385 -0.011578]
[-0.844844 -0.945028 -0.794923 -0.952039 -0.693373 -0.881776  0.033523
 -0.034696 -0.034383 -0.005709 -0.086081 -0.030783 -0.032199 -0.061868
  0.036265  0.023234 -0.062479  0.064642 -0.009554  0.014071]
[-0.934581 -0.6825   -0.925687 -0.614354 -0.94214  -0.672433 -0.014369
 -0.015853  0.04943  -0.022973  0.020813  0.053786 -0.071385 -0.010098
 -0.002243 -0.080174 -0.031299 -0.031599  0.02105   0.019563]
[-0.871027 -0.804995 -0.557831 -0.964981 -0.684397 -0.581082  0.013173
 -0.004815  0.096047 -0.135928  0.079545  0.091453  0.039888  0.061375
  0.061634 -0.058046 -0.145012 -0.016922  0.095549  0.061915]
[-0.838767 -0.906926 -0.764752 -0.92618  -0.806415 -0.859101 -0.037875
  0.156798  0.106758  0.114111 -0.078129  0.153488  0.033168 -0.096378
  0.170725  0.034673  0.096929 -0.109426 -0.010899 -0.011617]
[ -1.095295e+00  -9.736747e-01  -1.138970e+00  -1.037124e+00  -1.166106e+00
  -1.146449e+00  -2.899111e-02  -1.426764e-01  -4.885778e-02   5.182624e-02
   8.944657e-02   9.887032e-03   1.992685e-02   1.110860e-01  -1.470968e-01
  -2.167375e-02   8.230398e-02  -1.076309e-01  -9.801751e-03  -6.010096e-05]
[-0.875577 -0.591083 -0.757984 -0.429078 -0.55723  -0.175616 -0.111262
  0.163326  0.08281   0.130966 -0.063646  0.161016  0.111445 -0.06105
  0.176215  0.079401  0.143118 -0.047136  0.017411 -0.00255 ]
[-1.083566 -0.78885  -0.873876 -0.974703 -1.047355 -0.81808   0.094861
 -0.015765 -0.093198  0.016167 -0.017208 -0.163317 -0.108296 -0.070458
 -0.046862 -0.14145   0.022601  0.139975 -0.033107 -0.065986]
[-0.701955 -0.772042 -0.844745 -0.62032  -0.791842 -0.59305  -0.102584
 -0.114803 -0.194009  0.101443  0.143612 -0.187655  0.09331   0.090938
 -0.127788  0.05396   0.224134 -0.121384  0.021573  0.075432]
[-1.114322 -0.804086 -1.155418 -0.891264 -1.149535 -1.110452 -0.010728
 -0.01596  -0.002779  0.123544 -0.023231  0.037203 -0.035304  0.053926
 -0.026693 -0.049919  0.167311 -0.047546  0.058241  0.007626]
[ -1.124400e+00  -9.578708e-01  -8.595110e-01  -1.076492e+00  -1.012842e+00
  -8.596233e-01   1.231178e-01  -1.001685e-01   3.607112e-02   1.062441e-01
  -6.166601e-02   1.467589e-02  -7.162018e-03  -7.023806e-02  -3.178017e-02
   5.564204e-02   4.781084e-02   9.441641e-02  -2.964257e-04  -1.415434e-02]
[-0.950705 -0.933177 -0.864582 -0.842974 -0.916776 -0.852216 -0.006242
 -0.121958  0.042743  0.064842 -0.009233  0.032626  0.132696  0.029554
 -0.056098  0.089861 -0.007451  0.005524  0.025766  0.016209]
[-0.959786 -1.021823 -1.320553 -0.524999 -0.821483 -0.90088  -0.077561
  0.055308  0.043406 -0.149257  0.006196  0.063478 -0.130347  0.00332
 -0.032237 -0.167607 -0.148123 -0.174676  0.020614  0.047614]
[-1.138058 -0.978789 -1.136552 -0.679455 -0.842636 -0.734887  0.07504
  0.075913 -0.080755 -0.015751  0.125869 -0.009603  0.033723  0.101522
  0.034953  0.064696 -0.055303  0.147225 -0.021734  0.04213 ]
[-1.304024 -1.133023 -0.918334 -1.187712 -0.892814 -0.767843 -0.024974
 -0.063867  0.117118  0.08517  -0.129954  0.111489  0.122998 -0.222945
 -0.020174  0.067412  0.133248 -0.084852 -0.113523 -0.030658]
[-0.71818  -0.800502 -0.704784 -0.912274 -0.838372 -1.06393   0.060321
 -0.028857 -0.01616  -0.051992 -0.064834 -0.025356 -0.001761 -0.128256
 -0.07681  -0.017322 -0.015423  0.079105  0.053105 -0.001304]
[-0.646233 -0.659647 -0.622333 -0.868979 -0.817252 -0.895626  0.033335
 -0.08313  -0.096401  0.069536  0.13673  -0.179071  0.0022    0.16039
 -0.193381  0.0413    0.093626  0.028261  0.015265 -0.018782]
[-0.867954 -0.967902 -0.878883 -0.765178 -0.895925 -0.721681 -0.011572
 -0.019152 -0.058386  0.013307 -0.093611 -0.06132  -0.266039 -0.045459
 -0.049361 -0.314617  0.052549  0.035938  0.033982 -0.020621]
[-0.844148 -1.201771 -0.911264 -1.13236  -0.841222 -1.21164  -0.140905
  0.037308  0.077119  0.090409 -0.168028  0.100725 -0.043026 -0.278861
  0.067864 -0.048298  0.22564  -0.073813 -0.078395 -0.044062]
[-0.992411 -0.956894 -0.805659 -1.041056 -0.923024 -0.826322  0.073439
  0.02578  -0.036686  0.026592  0.028175 -0.023696  0.013664 -0.00666
 -0.010915 -0.040253 -0.004718  0.06108   0.021707  0.015548]
[ -9.637905e-01  -8.450541e-01  -9.571270e-01  -8.401982e-01  -7.320517e-01
  -5.764259e-01   1.863548e-02   2.919350e-02  -8.454811e-03  -3.981602e-02
   3.045291e-02  -5.090583e-02   4.511421e-02   9.213611e-02  -7.889390e-02
   3.570506e-04  -2.861335e-02  -4.817305e-03  -8.831775e-03   1.687662e-03]
[ -8.578094e-01  -7.594835e-01  -6.975743e-01  -8.256410e-01  -7.521104e-01
  -6.414519e-01   5.751401e-04  -8.617600e-03   5.487315e-02  -2.758214e-02
   7.755262e-02   9.712923e-02   7.396713e-02   8.294370e-02  -3.670422e-02
   6.527119e-02   3.493606e-02  -7.766606e-02   6.856606e-02   2.106998e-02]
[-1.257134 -1.329549 -1.229271 -1.163019 -1.023627 -1.198637  0.053818
 -0.130089 -0.011574 -0.062228 -0.064546 -0.041948  0.064576 -0.077167
 -0.165247  0.012301 -0.002499  0.109154 -0.035485  0.009898]
[-1.024711 -0.925678 -0.876384 -1.005107 -0.953871 -0.830264 -0.045556
  0.008856  0.047692 -0.015304  0.029421  0.031002  0.093552  0.068226
 -0.004131  0.079503 -0.055811 -0.092767 -0.011266 -0.012916]
[-0.931198 -0.880759 -0.604871 -0.89223  -0.508964 -0.504443 -0.029846
 -0.165576 -0.087105  0.131713  0.043368 -0.111404  0.091649  0.079153
 -0.108573  0.058576  0.124224 -0.013406 -0.001909  0.040068]
[-1.086177 -1.041601 -1.231886 -1.11565  -1.182199 -1.172474  0.054262
  0.112088  0.111695 -0.068338 -0.023641  0.080949  0.092926 -0.037436
  0.040026  0.220529 -0.112723  0.101795 -0.031139 -0.034179]
[-0.98035  -1.008542 -0.931258 -0.992563 -1.004231 -0.985004  0.069289
  0.055364  0.030827  0.031639 -0.016053 -0.002734  0.024229 -0.033515
  0.014885  0.057801  0.031401  0.055988 -0.024386 -0.004267]
[-0.978895 -0.984339 -0.922336 -1.149919 -1.266034 -1.206593 -0.020669
 -0.026992  0.147846  0.003237 -0.019542  0.10339   0.058206  0.042988
 -0.027297  0.145491 -0.005941 -0.052302 -0.007264 -0.055483]
[-1.04493  -0.879864 -0.828755 -1.270262 -1.186483 -1.194688  0.088461
  0.005637 -0.064491 -0.049938  0.075858 -0.160466 -0.008544  0.102086
  0.093584 -0.153862 -0.091691 -0.01032  -0.040617 -0.076983]
[-0.990156 -0.999194 -0.856388 -0.819912 -0.64501  -0.574383  0.014189
  0.196564 -0.120204 -0.020333  0.016618 -0.12394   0.174773  0.064245
  0.13376   0.210605  0.060052  0.026378 -0.006653  0.067256]
[-0.901509 -0.85412  -0.52099  -0.972102 -0.71085  -0.644128 -0.026523
  0.084946  0.01134   0.050544 -0.027734  0.010831  0.059872 -0.051322
  0.08225   0.108701  0.047502 -0.025733 -0.014247  0.006367]
[-1.107085 -0.830569 -0.839782 -1.245462 -1.078451 -1.188674  0.019134
 -0.055876  0.121009  0.278983  0.091481  0.14028  -0.137726  0.154899
 -0.071546 -0.016671  0.291387 -0.086775 -0.033336 -0.037303]
[-1.020235 -0.909926 -0.82091  -1.019762 -0.831568 -0.820463 -0.050365
 -0.012462  0.022134 -0.062855  0.070037 -0.003212 -0.013245  0.061003
  0.00304  -0.036463 -0.116363 -0.070611  0.02201  -0.007118]
[-0.737243 -0.633997 -0.696771 -0.485011 -0.424466 -0.531656 -0.063492
  0.002412  0.015282  0.211648 -0.211561  0.12595  -0.041827 -0.188021
  0.005927 -0.024804  0.158925  0.053597 -0.043412 -0.049695]
[-1.044407 -0.921431 -0.828792 -0.876527 -0.790413 -0.788573 -0.053356
 -0.018343  0.021242  0.006258  0.020697 -0.018205  0.010414  0.04622
  0.016464  0.001919  0.039521 -0.018468  0.047704  0.028249]
[-0.781288 -0.91045  -0.730795 -1.036186 -0.838949 -0.839433  0.03572
  0.001954  0.001309  0.109688  0.082369 -0.015276  0.107725  0.137628
 -0.011425  0.137378  0.075188  0.022119 -0.007154  0.039678]
[-1.014909 -0.595349 -0.742718 -0.698757 -0.927502 -0.506827  0.04198
  0.030845  0.008792  0.055496  0.176638  0.077328  0.143204  0.107344
 -0.020435  0.171854  0.038194 -0.001312  0.010855  0.02273 ]
[ -1.028968e+00  -1.266699e+00  -8.044493e-01  -1.441828e+00  -9.521291e-01
  -1.284056e+00   1.131757e-01  -4.955243e-02   5.604896e-02   5.468926e-02
  -4.755169e-02   1.052824e-01  -1.364240e-03  -5.786639e-02   3.930924e-02
  -8.694045e-02   6.316841e-02   6.325673e-02  -3.551620e-02  -8.414889e-03]
[-0.707223 -0.756465 -0.812436 -0.877391 -0.925729 -1.142348  0.032113
 -0.043598 -0.041116 -0.040505  0.018386 -0.051414  0.03947  -0.061051
 -0.029664 -0.021801 -0.078387  0.036854  0.027215 -0.005739]
[-0.961066 -1.129804 -0.774896 -1.260294 -0.819984 -1.011657 -0.141616
  0.022922  0.097358 -0.086281  0.253911  0.212584 -0.100819  0.182917
  0.145108 -0.096894 -0.021701 -0.017377  0.067137 -0.022565]
[-1.075921 -1.107359 -0.718585 -1.299297 -0.950686 -1.052705  0.019148
 -0.047559 -0.019633  0.063729  0.057823 -0.027672  0.036505  0.101826
 -0.110865  0.036724  0.126573  0.079966  0.006449  0.017298]
[ -8.211773e-01  -7.436589e-01  -7.829980e-01  -8.420655e-01  -7.328860e-01
  -7.794159e-01  -6.230753e-02   1.191893e-01   1.584574e-01   7.437808e-02
  -4.747266e-02   1.659968e-01   5.471129e-02  -7.848713e-02   1.333759e-01
   2.095723e-02   1.027658e-01  -1.301779e-02   1.926001e-03  -6.768278e-04]
[-0.816294 -0.906136 -0.649137 -0.751646 -0.641032 -0.697508  0.037004
 -0.082097 -0.049821  0.020871 -0.030314 -0.07877   0.020279 -0.05949
 -0.064046 -0.070789 -0.014299  0.046023  0.04031   0.001493]
[-0.903716 -1.005802 -0.879722 -0.928511 -0.668096 -1.058868  0.079842
  0.10936  -0.126168 -0.166493 -0.011841 -0.10631  -0.0163    0.008922
  0.055793 -0.016772 -0.145192  0.013241  0.007244 -0.03146 ]
[-0.759566 -0.697865 -0.840636 -0.60165  -0.780223 -0.651404  0.036272
 -0.012693 -0.0532   -0.04307  -0.056228 -0.06183   0.07514  -0.00122
 -0.063694  0.101222 -0.043728  0.045417 -0.065727  0.001616]
[-1.018745 -0.59651  -0.898307 -0.67435  -1.064474 -0.666419 -0.089301
 -0.117422  0.008326  0.12104   0.029594  0.052987 -0.031292  0.004895
 -0.126675 -0.035407  0.144713 -0.003159  0.02098   0.01002 ]
[ -7.825412e-01  -6.652464e-01  -7.911177e-01  -8.325721e-01  -8.886200e-01
  -8.277893e-01   2.814945e-02   2.036365e-04   1.393078e-01   1.260183e-02
   1.048131e-01   7.575452e-02  -2.987252e-02   1.549394e-01  -5.655593e-03
  -3.032703e-02   1.926470e-02   6.193028e-02  -2.212625e-02  -4.312677e-03]
[-1.216957 -1.0849   -0.83707  -1.202    -0.993555 -0.724672 -0.110145
 -0.027477 -0.031895  0.123401 -0.021405 -0.052882  0.004489 -0.107041
 -0.052313 -0.043452  0.055821 -0.045931  0.137654  0.031929]
[-0.80619  -0.844992 -0.893103 -0.847422 -0.858851 -0.943662  0.020346
  0.027198  0.024153  0.036279 -0.023695  0.034435 -0.120748 -0.018903
 -0.002711 -0.10472  -0.004665  0.069077 -0.016406 -0.015734]
[-0.824343 -0.582974 -0.829466 -0.538844 -0.883822 -0.561514 -0.051919
 -0.005146 -0.00789  -0.026698 -0.02116   0.025867 -0.034013 -0.036836
 -0.012847 -0.031159  0.016546 -0.042956 -0.00733  -0.001692]
[-1.031824 -1.000684 -0.663989 -0.830162 -0.474669 -0.494817  0.019406
 -0.036427  0.122941  0.132908 -0.009483  0.109273  0.013916 -0.03211
 -0.039162  0.024533  0.143298 -0.026401  0.027017  0.031943]
[ -8.252132e-01  -6.929071e-01  -6.531786e-01  -7.763820e-01  -8.347547e-01
  -7.361700e-01   3.163532e-02   4.991784e-04   8.688753e-03   1.014167e-02
   1.603097e-01  -7.004665e-02  -1.885583e-02   2.072921e-01   4.328271e-02
  -2.348850e-02   6.486162e-02   6.292091e-02   1.186206e-02  -1.717431e-02]
[-0.997702 -0.999754 -0.715942 -1.11985  -0.829969 -0.79917   0.027951
 -0.077242 -0.058027 -0.006532  0.073885 -0.004743 -0.013056  0.067323
 -0.038429  0.021346 -0.080406  0.021412  0.045453  0.014455]
[-0.833225 -0.91106  -0.798379 -0.885367 -0.748558 -0.848394 -0.028076
  0.12296   0.060085 -0.02459  -0.063485  0.067818  0.08894  -0.055393
  0.094921  0.058628 -0.017186  0.003438 -0.045567  0.001016]
[-0.958201 -1.131995 -1.27993  -0.842864 -1.001641 -1.052821  0.016208
 -0.037595 -0.080046  0.136478 -0.06343   0.026603  0.059968 -0.063778
 -0.107391  0.045983  0.113261 -0.049561  0.093342 -0.002859]
[-0.768461 -0.993045 -1.000434 -0.764833 -0.758442 -1.017571  0.033432
 -0.021917 -0.001774  0.090974  0.10279  -0.034373 -0.132297  0.038596
 -0.075175 -0.016945  0.036389 -0.002647 -0.090304 -0.049998]
[-0.799696 -0.517802 -0.780468 -0.653355 -0.963484 -0.6048    0.012159
  0.175063 -0.039923  0.05102  -0.136757 -0.12961   0.008256 -0.064006
  0.19457   0.029768  0.007847 -0.022856 -0.021435  0.01281 ]
[ -9.219951e-01  -7.485714e-01  -9.627312e-01  -7.846086e-01  -1.113499e+00
  -9.307618e-01  -9.442618e-02  -8.698666e-02  -1.077628e-01   4.329408e-02
  -8.675382e-02  -9.027866e-02   6.890753e-02  -4.747709e-02  -8.921154e-02
   1.169022e-01   8.240809e-02  -1.036394e-01   1.840093e-02   3.305413e-06]
[-0.965695 -0.629885 -0.934151 -0.568799 -0.824725 -0.479228  0.190711
  0.139687 -0.024352 -0.012813  0.041614 -0.044017  0.05178   0.094667
  0.103468  0.07196  -0.021445  0.146833 -0.043833  0.00115 ]
[-1.304274 -0.95292  -0.974287 -0.810012 -0.940464 -0.864223 -0.241547
  0.002847  0.030889  0.05919  -0.049052 -0.143936 -0.033182  0.026375
 -0.169942  0.022218  0.150144 -0.26436  -0.013832 -0.050702]
[-0.979618 -1.050732 -0.805297 -0.898758 -0.738825 -0.86182  -0.074056
  0.071885 -0.001793  0.003774  0.076108 -0.018147  0.006661  0.016529
  0.082231  0.027355  0.020012 -0.109035  0.020958  0.005796]
[-0.838749 -0.809375 -0.800784 -0.710843 -0.694872 -0.638637  0.013068
  0.101943 -0.004618 -0.009252 -0.02003  -0.006639  0.018897 -0.024674
  0.093962  0.0114   -0.037527  0.0371    0.049065 -0.002211]
[-0.99265  -1.032464 -0.932814 -0.864575 -0.695568 -0.774643  0.053847
  0.020209 -0.007031 -0.052193  0.001994  0.101356  0.074773  0.021139
 -0.017987  0.050197 -0.045948  0.004158  0.045485 -0.008795]
[-0.819965 -0.75103  -0.96041  -0.589623 -0.726257 -0.752421  0.02145
  0.031345 -0.04157  -0.080503  0.04013  -0.027229 -0.037476  0.060019
  0.026913 -0.106763 -0.114245  0.027828 -0.003865  0.005801]
[ -1.114384e+00  -8.437608e-01  -7.739504e-01  -9.695762e-01  -9.989783e-01
  -6.691462e-01  -6.222941e-04  -4.990377e-02   2.427021e-02  -1.219434e-01
   1.194240e-02   6.891269e-02   2.478228e-02   3.435888e-03  -1.328177e-01
   2.839775e-02  -7.001419e-02   7.425343e-02   1.136191e-02   3.749488e-02]
[-0.691404 -0.661085 -0.542425 -0.684756 -0.57075  -0.517816 -0.025855
  0.05629   0.051808  0.050099  0.079018  0.05687  -0.08493   0.028376
  0.013532 -0.030175 -0.008831 -0.017257 -0.088347 -0.007515]
[-0.916415 -0.693928 -0.947446 -0.666682 -0.857155 -0.662769  0.010175
  0.027213 -0.07421  -0.032885  0.107911  0.00217   0.055789  0.118522
 -0.003136  0.041986 -0.022669  0.036947 -0.043155 -0.019696]
[-1.000337 -0.850881 -0.641124 -0.90472  -0.702814 -0.670295  0.051169
 -0.073831 -0.013099  0.010459  0.053595 -0.036985  0.040464  0.050023
 -0.015685  0.10957  -0.035115 -0.02031  -0.007455  0.010735]
[-0.939971 -0.99899  -1.014854 -0.701678 -0.778159 -0.819659  0.020573
  0.008833  0.048615  0.008057  0.130809  0.020839  0.009424  0.066673
  0.193406  0.027638 -0.003909  0.013362 -0.033503  0.042957]
[-1.02841  -0.816449 -0.818876 -0.769413 -0.807803 -0.586788 -0.020055
 -0.041161  0.041721 -0.002538 -0.028654  0.007561  0.044202 -0.049442
 -0.0472    0.053185 -0.039753 -0.016012 -0.058092 -0.034899]
[ -1.273097e+00  -1.138314e+00  -9.642287e-01  -1.147616e+00  -1.115087e+00
  -1.082743e+00  -1.186120e-01   1.130735e-01   9.381926e-04  -5.955807e-02
  -5.226686e-03  -3.749178e-03   6.766543e-02  -1.017510e-02   1.418731e-01
   5.991809e-02  -8.367648e-02  -1.049824e-01  -1.991096e-02   1.248096e-02]
[-0.892233 -1.031385 -0.892303 -0.967823 -0.71873  -0.853822  0.044843
  0.102975 -0.052093  0.012398  0.062952 -0.075719  0.006278  0.113769
  0.053924 -0.036321 -0.03737   0.056243  0.007227  0.015404]
[-0.908043 -0.839853 -0.926587 -0.72188  -0.744876 -0.767113 -0.010817
 -0.106324  0.020947  0.06605   0.062659  0.047032  0.085448  0.054247
 -0.134773  0.040906  0.036307 -0.048132 -0.012048 -0.015602]
[ -9.052050e-01  -7.145877e-01  -7.569908e-01  -7.409745e-01  -7.690588e-01
  -6.314134e-01   1.459287e-01  -7.941540e-02   1.772641e-01   3.321113e-02
   4.272841e-02   9.794059e-02  -8.897906e-02  -4.152876e-02  -4.212637e-03
  -3.401458e-02   7.848144e-03   2.095981e-01   6.010278e-02  -5.126801e-04]
[-1.152011 -0.838295 -0.946643 -0.855114 -1.083126 -0.69521  -0.057025
  0.03216   0.092364 -0.01383   0.059666  0.21934  -0.185973  0.04045
  0.107535 -0.260712 -0.06195  -0.062922  0.011474  0.031034]
[-0.723177 -0.685959 -0.607362 -0.677792 -0.450234 -0.632558  0.039505
 -0.072912  0.111688  0.288409 -0.150479  0.140046 -0.093174 -0.165526
 -0.051349 -0.096869  0.317005  0.125339  0.026389 -0.003497]
[-0.811758 -0.868693 -0.847514 -0.771089 -0.70882  -0.863813 -0.062217
  0.050317  0.065859 -0.052015  0.042751  0.021045  0.019979  0.049185
  0.01465   0.074415 -0.005617 -0.09403  -0.029671  0.021164]
[-0.9611   -0.883582 -0.996887 -0.98866  -1.01842  -1.00785   0.046678
 -0.084894 -0.026201  0.011314 -0.002904 -0.034642 -0.003525  0.035618
 -0.090212 -0.020732  0.061831 -0.01371   0.002837 -0.003811]
[-0.772064 -0.977273 -1.012726 -0.851646 -1.184452 -0.965418  0.136984
  0.204644  0.032242 -0.109288  0.10662   0.057547 -0.123336  0.053944
  0.244362 -0.064201 -0.086854  0.2697    0.069068  0.028125]
[-0.627366 -0.707313 -0.634588 -0.820304 -0.968314 -0.862144  0.078495
 -0.004075  0.022493 -0.053544  0.013932 -0.011046  0.011963  0.035734
  0.051218  0.024051 -0.004145  0.033984 -0.040962 -0.021834]
[-1.269353 -1.279528 -1.105182 -0.981097 -0.948361 -0.883115  0.05189
  0.061216 -0.092576  0.029446  0.039808 -0.084971 -0.017109 -0.058
  0.112236  0.019039  0.060082  0.029031 -0.066138 -0.03412 ]
[-1.301712 -1.303282 -1.036822 -1.252028 -0.909863 -1.051401 -0.111319
 -0.050288 -0.144389 -0.059708 -0.080985 -0.053285 -0.061268 -0.007627
 -0.068574 -0.046913 -0.088542 -0.024908  0.006526  0.024401]
[-0.985685 -0.960794 -0.912183 -0.994765 -0.73183  -0.771194 -0.041011
  0.110111 -0.025025 -0.091963  0.156189 -0.019562 -0.033735  0.135573
  0.072142 -0.008433 -0.078063 -0.054181 -0.019873  0.012523]
[-0.836851 -0.767405 -0.783787 -0.777347 -0.799554 -0.744684  0.088442
 -0.034409  0.160492  0.149528  0.039398  0.171993  0.033323 -0.009609
 -0.031646  0.06466   0.182595  0.074121  0.015858 -0.018548]
[-0.882573 -0.725223 -0.841118 -0.600098 -0.625321 -0.612804 -0.141739
  0.075256 -0.018849  0.025036 -0.008679 -0.027286  0.083607 -0.072777
  0.087695  0.107651  0.066648 -0.170129  0.0359   -0.0039  ]
[-1.036061 -1.091046 -1.016183 -1.058013 -0.884695 -1.08095  -0.101516
  0.027928  0.140962 -0.005732 -0.047347  0.058038  0.005814 -0.035984
  0.021218  0.036105 -0.034786 -0.076912  0.019166 -0.007205]
[-1.019833 -0.888985 -0.813437 -0.968566 -0.872064 -0.828974  0.143823
  0.04706   0.022969 -0.096766 -0.017466  0.025937 -0.006788 -0.010733
  0.120688  0.112223 -0.038648  0.029244  0.059876  0.003211]
[-1.308028 -1.255224 -0.922319 -1.382443 -0.922727 -1.006063  0.122996
  0.057395  0.005616  0.059962  0.01051   0.074367  0.156268  0.006648
  0.073831  0.209868  0.054763  0.084791  0.116224  0.020769]
[-0.841766 -0.713733 -0.756136 -0.718404 -0.657894 -0.635229  0.053245
  0.023209 -0.039325  0.106158 -0.005956 -0.016487  0.033439  0.005925
  0.044045  0.046764  0.138531  0.051055  0.003843  0.014232]
[-0.89787  -0.92853  -0.826399 -0.830254 -0.790774 -0.837085 -0.063933
  0.047948  0.002525  0.049466 -0.060124 -0.050208 -0.073542 -0.06111
  0.004583 -0.06897   0.066699  0.013164  0.048758  0.020278]
[-0.974693 -0.921284 -0.960283 -1.005825 -1.13654  -1.189944 -0.007426
 -0.239656  0.105123  0.130601 -0.01217   0.091193 -0.048162  0.007397
 -0.296525  0.010079  0.047027 -0.07677   0.05695   0.027842]
[-0.886015 -1.123611 -0.973237 -0.952976 -0.744073 -1.052259 -0.089498
 -0.015499 -0.042013  0.019788  0.006259 -0.106327  0.092076  0.046619
  0.083072  0.123912 -0.080339 -0.150885  0.013903  0.033906]
[ -1.134837e+00  -1.185271e+00  -9.620055e-01  -1.076074e+00  -7.117109e-01
  -8.351458e-01   1.958047e-02  -9.630867e-02  -1.694889e-02   5.486396e-02
   3.998783e-02   2.820695e-02  -7.723273e-02   4.698124e-02   1.152771e-02
  -2.334288e-02   1.189266e-01   6.716784e-03  -3.262375e-04   4.331503e-02]
[ -1.094729e+00  -7.985473e-01  -9.334051e-01  -9.796745e-01  -1.001022e+00
  -8.287507e-01   1.068431e-01   7.774524e-04   2.779635e-02   2.264573e-01
   1.868967e-01  -1.945405e-03  -1.280516e-01   1.282981e-01  -4.785862e-02
  -1.313413e-01   2.800515e-01  -1.557194e-02  -4.263098e-02  -6.667331e-02]
[-0.84243  -0.776779 -0.80219  -0.909606 -0.835813 -0.883595  0.033639
 -0.078302 -0.065684  0.121288  0.067158 -0.028471  0.086506  0.011961
 -0.075268  0.06633   0.030523 -0.008979  0.010722  0.039729]
[-0.656654 -0.789832 -0.649577 -1.176083 -1.051027 -1.255628  0.059573
 -0.071265 -0.172465  0.054687 -0.075738 -0.200367 -0.036021 -0.092664
  0.0372   -0.113228  0.008335  0.100634 -0.026686 -0.019458]
('Mean', 1, ': ', -0.65665392777152443)
('Median', 1, ': ', -0.65665392777152443)
('Variance', 1, ': ', 0.0)
('Mean', 2, ': ', -0.78983190471600584)
('Median', 2, ': ', -0.78983190471600584)
('Variance', 2, ': ', 0.0)
('Mean', 3, ': ', -0.64957653990287723)
('Median', 3, ': ', -0.64957653990287723)
('Variance', 3, ': ', 0.0)
('Mean', 4, ': ', -1.176082730633043)
('Median', 4, ': ', -1.176082730633043)
('Variance', 4, ': ', 0.0)
('Mean', 5, ': ', -1.051027227167753)
('Median', 5, ': ', -1.051027227167753)
('Variance', 5, ': ', 0.0)
('Mean', 6, ': ', -1.2556276459197608)
('Median', 6, ': ', -1.2556276459197608)
('Variance', 6, ': ', 0.0)
('time: ', 10013.767835140228)
