“Running plot script on a single CPU core”
[-0.637452 -0.43983  -0.677853 -0.614329 -0.882603 -0.983477  0.070448
 -0.144482  0.100364  0.012975  0.027757  0.171679 -0.038084 -0.002283
 -0.157038  0.0109   -0.056516  0.13635   0.020402  0.015846]
[-1.008025 -1.016976 -0.744488 -0.89675  -0.706763 -0.582367  0.030987
  0.007601  0.032258 -0.098819 -0.09182  -0.035363  0.047771 -0.074298
  0.0311   -0.002045 -0.091895  0.043728 -0.024821 -0.011363]
[-1.101086 -0.928989 -0.865445 -0.993524 -0.958403 -0.737717 -0.040328
 -0.086682 -0.092636 -0.020405  0.096369 -0.138472 -0.002703  0.094276
 -0.026037 -0.033749 -0.068193 -0.12969  -0.013719 -0.034113]
[ -8.406131e-01  -8.341999e-01  -9.154660e-01  -7.230597e-01  -8.771712e-01
  -8.202636e-01  -3.990619e-02  -9.781084e-02  -2.871422e-04  -5.070464e-02
   3.701926e-02  -3.566813e-02   8.221443e-03   4.873927e-02  -6.344908e-02
  -3.596583e-03  -8.900292e-02  -5.403827e-02   1.565721e-01  -7.091369e-03]
[-0.921725 -0.687063 -0.597224 -0.86556  -0.650725 -0.758475  0.031428
 -0.016812  0.123213 -0.019647 -0.050157  0.158063  0.028478 -0.055041
 -0.034911  0.035944 -0.005741  0.011512 -0.016147 -0.012983]
[-0.837901 -0.699962 -0.77195  -0.712375 -0.880603 -0.736935 -0.07791
 -0.044061 -0.004242  0.035095  0.022535  0.03843   0.009415  0.010523
 -0.01887   0.021969  0.087302 -0.077316 -0.007193 -0.008222]
[-0.821431 -0.79171  -0.689598 -0.610314 -0.588372 -0.550614  0.065876
 -0.085144  0.07102   0.099262 -0.096071  0.050128  0.045793 -0.020905
 -0.070988  0.05026   0.123134  0.051585  0.004061  0.001954]
[ -1.050375e+00  -9.481382e-01  -1.001742e+00  -9.312452e-01  -9.378691e-01
  -8.936164e-01   5.885934e-04   4.026536e-02  -8.372272e-02   6.722906e-02
  -1.388669e-02  -1.474433e-01   4.578961e-02   6.817106e-02   7.630147e-02
   7.480993e-02   1.222252e-01   1.045128e-03   1.198114e-02   4.083890e-02]
[ -1.073855e+00  -6.889501e-01  -7.782455e-01  -6.580524e-01  -7.807827e-01
  -5.628240e-01   1.325119e-01  -6.171188e-03   2.685081e-02   9.877057e-02
  -4.151888e-02   6.534173e-02  -1.618116e-01  -1.600050e-02   2.391029e-02
  -1.828392e-01   8.703351e-02   1.500345e-01   8.661626e-04  -2.121613e-02]
[-0.786387 -0.807358 -0.869922 -0.677515 -0.825058 -0.781805 -0.033752
 -0.043591 -0.032127  0.035026  0.088345 -0.008317 -0.022732  0.067453
 -0.061166  0.021161  0.054653 -0.085559  0.011441  0.001341]
[-1.080526 -0.97934  -1.013073 -0.891151 -1.117683 -0.998543  0.046866
 -0.069176 -0.025196  0.032744 -0.015803 -0.024456  0.138149 -0.10838
 -0.070444 -0.032004  0.127913  0.100625 -0.063274  0.047909]
[-0.976279 -0.817311 -0.817796 -1.09938  -1.027517 -0.742199  0.001822
 -0.064333  0.035281  0.083235  0.048405  0.03316  -0.119189  0.019361
 -0.009382 -0.161588  0.130337  0.00637   0.063775  0.028371]
[-0.708144 -0.576631 -0.471969 -0.716737 -0.760599 -0.584029 -0.124969
 -0.094698 -0.081579 -0.05677  -0.25708  -0.072738 -0.011448 -0.242218
 -0.136109 -0.055387 -0.041122 -0.192036  0.025642  0.001519]
[-0.674211 -0.785621 -0.688784 -0.61417  -0.506103 -0.691401  0.040834
  0.002435 -0.115394  0.032626  0.065991 -0.072256  0.020997  0.049077
 -0.039162 -0.016602  0.084254  0.111     0.025478  0.012982]
[ -8.322718e-01  -9.491793e-01  -7.903664e-01  -8.726687e-01  -8.474649e-01
  -9.736231e-01  -2.942888e-02  -1.092997e-01  -3.757269e-02  -1.752464e-02
   2.317654e-02  -6.041162e-02   1.155386e-03   2.808415e-04  -1.775397e-02
   8.614835e-02  -4.081063e-02  -2.738478e-02   3.181942e-02   2.839196e-03]
[-0.727017 -0.887941 -1.171997 -0.483787 -0.755333 -1.158431  0.008471
  0.002374 -0.032987  0.109026 -0.088711 -0.146223  0.010365 -0.08899
 -0.047808 -0.008112  0.133086  0.001812  0.02316   0.017841]
[-1.05757  -0.929577 -0.739967 -0.930997 -0.766382 -0.615655 -0.036622
  0.039451 -0.011421 -0.015879 -0.03437  -0.052559 -0.099896  0.018374
  0.055449 -0.124599  0.062594 -0.029384 -0.051205 -0.024071]
[-0.995659 -0.932432 -0.888482 -1.08058  -0.943373 -0.936475 -0.037207
 -0.049171  0.092897  0.013952 -0.006072  0.198369  0.053873 -0.044334
 -0.105975  0.032938  0.015096 -0.029958  0.039392  0.027256]
[-0.639154 -0.637188 -0.714669 -0.537597 -0.663959 -0.631263  0.077905
 -0.034183  0.009923  0.016186  0.069764 -0.008847 -0.13064   0.069978
 -0.03877  -0.11632   0.03666   0.077887 -0.017677  0.003604]
[-1.120195 -0.957123 -0.830306 -1.098126 -1.043498 -0.817717  0.105991
  0.087051  0.065939  0.146489 -0.020211  0.021638 -0.048663 -0.053178
  0.083492 -0.145017  0.080708  0.130963 -0.0272   -0.007023]
[-0.895886 -0.856908 -0.755007 -1.079192 -0.941238 -0.924045  0.037847
 -0.199629  0.14182  -0.020015  0.034934  0.124124  0.047807  0.066127
 -0.196024  0.00969  -0.108885  0.011541  0.063413  0.036696]
[-1.165057 -1.431297 -1.241521 -1.073031 -0.896735 -1.179596  0.056402
 -0.023297 -0.016385 -0.024956 -0.008299  0.02806   0.065919  0.018839
 -0.037503  0.101898 -0.052117  0.074936 -0.033569  0.015308]
[-0.853386 -0.760136 -0.754891 -0.602465 -0.769683 -0.562077 -0.036206
  0.057401 -0.038073 -0.011372  0.008757 -0.002078 -0.00953   0.037456
  0.002006 -0.038374 -0.026082 -0.054286 -0.020397  0.011927]
[-1.117176 -1.240297 -1.130041 -0.876836 -0.75804  -1.009716  0.059193
 -0.026127 -0.018086 -0.092516 -0.053321  0.00886   0.061688 -0.014376
 -0.027919  0.053029 -0.138594  0.033259  0.038239  0.013291]
[-0.753507 -0.834666 -0.474849 -0.667226 -0.435138 -0.511153 -0.020113
 -0.018698  0.025641  0.065285  0.130648  0.103331  0.075085  0.144116
  0.036873  0.094112  0.091016 -0.054078 -0.005132 -0.011502]
[-0.991222 -0.950155 -1.18158  -0.826955 -0.887459 -0.873214 -0.086605
  0.050103 -0.086568  0.085584 -0.037253 -0.090908  0.064982 -0.078215
  0.03228  -0.024734  0.036668 -0.035826 -0.055102  0.012634]
[ -1.050991e+00  -7.500875e-01  -1.095632e+00  -8.053575e-01  -9.936518e-01
  -8.369476e-01  -2.584305e-01  -4.832655e-02   9.658465e-02  -5.673406e-02
   2.195067e-02   1.102599e-01  -6.692048e-05  -1.845534e-02  -4.843128e-02
  -1.551231e-02  -6.137706e-02  -1.309052e-01   1.555166e-02   5.272855e-02]
[ -4.415446e-01  -6.629845e-01  -4.458524e-01  -4.982208e-01  -3.234646e-01
  -5.323052e-01  -2.358445e-02  -4.616952e-02   1.799841e-01  -1.370713e-01
   1.024588e-01   1.820285e-01  -5.325348e-02   1.398077e-01  -2.039854e-03
  -1.148791e-01  -1.469422e-01  -4.966136e-02   3.930084e-04   1.950821e-02]
[-0.95588  -1.180144 -1.047803 -1.140023 -1.006514 -1.114799 -0.002784
  0.108971 -0.138319  0.007502 -0.037712 -0.138717  0.003732 -0.012746
  0.061636 -0.005917  0.059319 -0.083202  0.001902 -0.016651]
[-0.724341 -0.936432 -0.795741 -0.753189 -0.697329 -0.895823  0.028082
 -0.050443 -0.020628 -0.051633 -0.010533  0.021524  0.055114 -0.001301
 -0.038286  0.096283 -0.009494  0.041238 -0.010098  0.013373]
[-0.899076 -0.881135 -0.701739 -0.897238 -0.664165 -0.731418 -0.022551
  0.047599  0.190122  0.085866 -0.067542  0.075921 -0.005213 -0.162115
  0.044683 -0.05507   0.096621  0.026636 -0.049767  0.015226]
[-0.755511 -1.196178 -0.909753 -0.960464 -0.863052 -1.161597  0.041732
  0.072476 -0.179137 -0.053325 -0.061592 -0.203686 -0.079094 -0.017132
 -0.059674 -0.037917 -0.0871    0.10776   0.002026  0.00913 ]
[-0.978405 -0.901129 -0.781431 -1.149133 -1.208183 -0.76623  -0.017845
  0.017083  0.011677 -0.097419  0.041525  0.025355 -0.008797  0.056844
  0.042394 -0.089502  0.065205 -0.001877 -0.018862 -0.023415]
[-0.990148 -0.791853 -0.788533 -0.925845 -0.907719 -0.759251  0.032752
  0.015577 -0.084215 -0.030742 -0.05004  -0.031167 -0.00321  -0.074496
 -0.024951 -0.020863 -0.026836 -0.011429  0.004681  0.012068]
[-1.093636 -1.046868 -0.872226 -1.122498 -0.811608 -0.870536 -0.039621
  0.062518  0.042502  0.075659 -0.002915  0.019554  0.041788 -0.051699
  0.040272  0.042984  0.059745 -0.092188 -0.052891  0.016477]
[-0.795875 -0.830316 -0.708172 -0.927506 -0.756081 -0.764114  0.042634
  0.0495   -0.003961  0.039951 -0.091346 -0.055269  0.121133 -0.05687
  0.074955  0.157681  0.016036  0.103066  0.059025  0.007617]
[-0.634213 -0.762495 -0.69308  -0.908475 -0.750856 -0.885406  0.019679
 -0.107102 -0.125238  0.15231   0.119147 -0.212049  0.025607  0.116571
 -0.065121  0.051208  0.149345 -0.077438 -0.003997  0.01968 ]
[-0.641048 -0.674711 -0.470888 -0.71923  -0.728942 -0.698597  0.013875
  0.097458 -0.031074 -0.042655 -0.049481 -0.041306  0.109428 -0.026365
  0.145623  0.076308 -0.048682  0.035307  0.078742  0.012865]
[-0.603759 -0.613166 -0.545727 -0.721925 -0.852807 -0.825516 -0.042445
 -0.147136 -0.10976   0.021666  0.088569 -0.150433  0.016686  0.1246
 -0.123462 -0.021818  0.019459 -0.033558  0.00771  -0.00253 ]
[ -1.043514e+00  -9.180043e-01  -8.915415e-01  -9.707679e-01  -8.664488e-01
  -7.739686e-01  -6.476665e-02   5.304081e-02  -3.030983e-02  -2.478726e-02
   2.073199e-02   6.963363e-04  -1.685056e-02  -4.571828e-02   5.320058e-02
  -1.177942e-01  -1.095663e-01  -7.408415e-02   1.968955e-02   2.104313e-02]
[-0.722642 -1.100243 -0.850181 -0.6441   -0.428951 -0.691333 -0.043367
 -0.005461 -0.075127 -0.183552 -0.099084 -0.117403  0.055356 -0.19592
  0.030882  0.100489 -0.182819 -0.045026 -0.002401  0.027243]
[-0.996669 -0.940515 -0.764579 -1.066414 -0.844353 -0.842529  0.019683
 -0.077458 -0.039209 -0.072128  0.074436 -0.062099 -0.027174  0.08228
 -0.063522 -0.003048 -0.057916  0.018363  0.00484  -0.006048]
[-0.989777 -1.058136 -0.638158 -0.877406 -0.48673  -0.521194 -0.069667
  0.040726  0.038912  0.21959   0.059903  0.0644    0.132282  0.063095
  0.009149  0.085247  0.207356 -0.059859 -0.005243  0.036542]
[-0.482284 -0.352286 -0.307166 -0.739896 -0.934501 -0.592853 -0.01595
 -0.037917 -0.022387 -0.016201 -0.029194 -0.054099 -0.013468 -0.001477
 -0.031816 -0.050625  0.004632 -0.039375  0.016355  0.009191]
[-0.823249 -0.831422 -0.873338 -0.636983 -0.794849 -0.918411 -0.084483
  0.069324 -0.003374 -0.092698 -0.033867  0.029402 -0.117589 -0.039706
  0.032508 -0.139552 -0.17527  -0.108815 -0.010302  0.009426]
[-0.866258 -0.797828 -0.899311 -1.009588 -1.169538 -0.949655 -0.044787
  0.213014  0.023718  0.059585  0.122442 -0.012061 -0.140012  0.109862
  0.145361 -0.083329  0.067805 -0.031494 -0.05847   0.008632]
[-0.785017 -0.77804  -0.582313 -0.880783 -0.657832 -0.666478  0.151448
  0.153268 -0.143208 -0.173873 -0.14986  -0.084254 -0.021877 -0.095738
  0.05302  -0.055641 -0.091887  0.106346 -0.045356 -0.07419 ]
[-1.42109  -1.458502 -0.88361  -1.157434 -0.804272 -0.821556  0.034336
 -0.018412  0.080993 -0.054692  0.011347  0.099254  0.004686  0.001475
 -0.100204  0.126322 -0.170706  0.01398   0.118105  0.081554]
[-1.108978 -1.133679 -0.82397  -0.851522 -0.626975 -0.76227  -0.009952
 -0.007447  0.02405  -0.060539  0.020531  0.059715 -0.035321  0.060217
  0.012437 -0.03706  -0.037528  0.040709 -0.033563  0.014115]
[-1.118009 -1.138859 -1.089773 -1.007393 -0.924357 -1.20925   0.014286
 -0.055076  0.090662 -0.061116 -0.048719  0.136525  0.091072 -0.133746
  0.021544  0.178864  0.064185 -0.106086 -0.021167 -0.009818]
[-0.863709 -0.809139 -0.763709 -0.791026 -0.714209 -0.732123  0.06091
  0.029033 -0.092629  0.160794 -0.050142 -0.107004  0.088204 -0.007892
 -0.021396 -0.054453  0.130377  0.067004 -0.001426 -0.010256]
[ -8.211233e-01  -9.772240e-01  -9.433702e-01  -8.418862e-01  -7.557830e-01
  -8.567903e-01   1.394816e-01  -7.910318e-02   4.831524e-02   2.012560e-01
  -1.644688e-01   9.284048e-02  -4.842411e-02  -2.364007e-01  -5.773178e-02
  -5.994209e-02   9.291851e-02   6.933281e-02   2.424050e-02   1.844480e-04]
[-0.971873 -1.148301 -0.991418 -1.131125 -0.9969   -1.276283 -0.065805
 -0.037299  0.144397 -0.072651  0.077678  0.130179 -0.025618  0.053655
 -0.11801  -0.011556 -0.096168 -0.036722 -0.001307  0.011157]
[-1.156231 -0.942707 -1.025202 -1.018357 -1.061301 -1.176636 -0.068878
  0.010174  0.035747  0.072425 -0.137482  0.086612 -0.046464 -0.127539
 -0.06349   0.064411  0.049599 -0.049733 -0.031499  0.083184]
[-1.151141 -1.210594 -1.038353 -1.187848 -1.179418 -1.050128 -0.034573
 -0.113097  0.139788  0.014737 -0.030904  0.054004 -0.118515 -0.038229
 -0.026289 -0.071225  0.088728 -0.147319  0.09244   0.032546]
[-0.986469 -1.15836  -1.030919 -1.019541 -0.862341 -0.99667   0.163958
  0.007231 -0.148076  0.073946 -0.018099 -0.116646 -0.086469 -0.020064
  0.048541 -0.113351  0.150045  0.236245  0.010579 -0.014425]
[-0.795943 -0.893865 -0.783302 -0.766265 -0.694143 -0.831141 -0.024481
  0.038259  0.060195  0.043593 -0.003004 -0.002634  0.057272  0.025226
  0.02153   0.016938 -0.026496 -0.009498  0.01755  -0.002071]
[-0.78777  -0.761091 -0.59715  -0.795326 -0.777852 -0.6563    0.010845
  0.01003   0.042365  0.024029 -0.012866  0.042471  0.010263 -0.007433
 -0.006878 -0.00507   0.044912  0.021459  0.054535  0.005195]
[-1.025026 -0.938861 -0.806823 -0.833227 -0.675652 -0.776782  0.176862
 -0.005598  0.126641  0.016314  0.164177  0.094868  0.078397  0.146792
 -0.011674  0.029005 -0.060546  0.213811  0.049332  0.052488]
[-0.931738 -1.168482 -0.807891 -0.88162  -0.75383  -0.868883 -0.00514
  0.08131  -0.002289 -0.12553   0.035831  0.079607 -0.104991  0.066711
  0.003076 -0.124736 -0.119412 -0.021892  0.049768  0.044812]
[-0.779461 -0.873171 -0.74808  -1.059007 -0.922676 -0.89463  -0.068837
 -0.047967 -0.068732  0.054727 -0.012771 -0.060449 -0.030121 -0.01563
 -0.016162 -0.008975  0.028255 -0.030691  0.007262 -0.02924 ]
[ -1.088173e+00  -7.772741e-01  -9.636310e-01  -9.970415e-01  -1.014115e+00
  -9.363974e-01   3.703669e-02   2.794214e-02  -1.672231e-02   2.624011e-02
   4.691930e-02  -1.963439e-02  -4.664669e-04   9.334093e-02   6.098737e-02
  -2.273908e-02   1.389829e-01   2.691404e-02  -2.503223e-02  -1.860106e-02]
[-1.225314 -0.825016 -0.640948 -0.918384 -0.870337 -0.463046 -0.136031
 -0.041679 -0.029519  0.033657 -0.027605 -0.053567  0.044136 -0.046861
 -0.083707  0.102369  0.012476 -0.068774  0.001745  0.007696]
[-1.089217 -0.792213 -0.859474 -0.892022 -0.856903 -0.637248 -0.056726
 -0.017921  0.097948  0.054452 -0.127771  0.093697 -0.057424 -0.003279
  0.031387 -0.139135  0.03916  -0.029424  0.080332  0.050357]
[-0.934438 -1.031526 -0.892276 -0.899355 -0.689728 -0.87956  -0.010149
 -0.053176  0.108914  0.084618 -0.027286  0.097468 -0.060179 -0.037127
 -0.047558 -0.08236   0.05371  -0.082647 -0.01386  -0.012699]
[ -3.757256e-01  -6.476512e-01  -6.946262e-01  -5.364090e-01  -5.798402e-01
  -7.920970e-01   3.153071e-02   3.117607e-02  -6.719360e-02   1.010221e-02
  -1.556224e-03  -1.133673e-01   9.000954e-03   2.453238e-02   4.713716e-02
   3.493108e-02   5.483206e-02   2.561615e-03   2.620457e-02  -1.251313e-05]
[-1.261578 -0.966391 -0.996257 -0.976255 -0.956049 -0.504809 -0.217614
  0.114904  0.076048  0.08394   0.065269  0.03634   0.255933  0.082391
  0.038768  0.298792  0.058595 -0.123027  0.040265  0.007789]
[-0.7541   -0.814442 -0.812944 -0.756272 -0.808973 -0.838144 -0.018842
 -0.023822  0.014232  0.097233  0.026716 -0.019137  0.003336  0.045058
 -0.029478  0.013951  0.087222 -0.044444  0.03328  -0.031876]
[-0.764134 -0.717969 -0.582821 -0.697566 -0.600936 -0.552502 -0.043716
  0.013215 -0.128121  0.056266 -0.011061 -0.126637  0.044248 -0.069846
  0.022691  0.10334  -0.007627 -0.044824 -0.026958  0.039416]
[-1.061638 -1.271383 -0.956068 -1.199827 -0.811408 -1.042796 -0.081008
 -0.055596 -0.027168  0.041511  0.078146  0.031094  0.05721   0.086037
 -0.062779  0.026317 -0.035313 -0.091172 -0.061548 -0.018983]
[ -1.019324e+00  -9.947785e-01  -6.993178e-01  -8.892944e-01  -5.693915e-01
  -4.438676e-01  -1.207176e-01  -1.197157e-01  -5.080326e-02  -7.485319e-02
   1.197886e-01  -7.117212e-02   1.045024e-01   8.991579e-04  -1.188594e-01
   6.325488e-02  -1.114202e-01  -1.204856e-01  -3.747880e-02   4.468462e-02]
[-0.788549 -0.6241   -0.691102 -0.712079 -0.736438 -0.594759 -0.017591
  0.12755  -0.015433 -0.003714  0.018155  0.037519 -0.016045  0.040518
  0.201676 -0.002854 -0.04917  -0.050901  0.030475 -0.019198]
[-1.052744 -0.983652 -0.824454 -0.956081 -0.885296 -0.804769 -0.057363
 -0.040534  0.020254  0.011863 -0.002351  0.045325 -0.046478  0.042566
 -0.076911 -0.036856 -0.020253 -0.088096  0.030862  0.001964]
[-0.648168 -0.885635 -0.70484  -0.885091 -0.718967 -0.950153 -0.095844
  0.033658  0.132283 -0.100949  0.091956  0.101042  0.044211  0.051676
  0.048403  0.025427 -0.193427 -0.073391  0.012596 -0.003434]
[-0.761467 -0.888511 -0.9316   -0.676634 -0.552957 -0.710216 -0.041442
 -0.101819 -0.039741  0.066576  0.001728 -0.028723 -0.031135  0.003297
 -0.084079  0.001757  0.086347 -0.010815  0.030409 -0.020934]
[-1.340314 -1.280831 -1.03904  -1.000616 -0.755444 -0.809612 -0.059202
  0.06174  -0.047888 -0.183593 -0.100402  0.023925 -0.01852   0.019986
  0.077215  0.006706 -0.205789 -0.084231  0.063797  0.008684]
[-1.2003   -1.155631 -0.862693 -1.488427 -1.125528 -1.237676  0.023046
  0.308632  0.0267   -0.003217 -0.10359  -0.004452 -0.110745 -0.043625
  0.377545 -0.022281 -0.043241  0.217083  0.088289  0.081761]
[-0.989604 -0.741769 -0.822517 -0.784315 -0.775204 -0.683667  0.038864
 -0.125399 -0.031278  0.0776    0.103385  0.02602  -0.008225  0.07546
 -0.155338 -0.080504 -0.004092 -0.020893  0.049067  0.052776]
[ -7.916894e-01  -7.850225e-01  -7.220858e-01  -7.889468e-01  -6.822849e-01
  -6.895616e-01  -1.031647e-02   3.773016e-02  -5.766660e-02   3.383540e-02
   4.987368e-02  -7.357089e-02  -8.676936e-02   1.160577e-01   7.381302e-04
  -7.263889e-02   7.827247e-02   3.229795e-02  -2.865668e-02   3.238568e-02]
[-0.804816 -0.837494 -0.781619 -0.963851 -0.883221 -0.962791  0.009894
  0.03485   0.00145   0.066418 -0.04483   0.00475   0.004412  0.015871
  0.00629  -0.008594  0.027274  0.042708 -0.039791  0.001049]
[-0.89062  -0.698737 -0.77606  -0.891784 -0.926187 -0.794049  0.059159
  0.076797 -0.042974 -0.016548 -0.008325 -0.032261 -0.01173  -0.04024
  0.003198  0.028093  0.05275   0.059995 -0.022504 -0.012174]
[-1.041695 -0.503295 -0.856508 -0.677776 -1.097894 -0.458078  0.126327
  0.06466   0.021139  0.072137  0.024117  0.065817 -0.047694  0.048968
  0.173241 -0.055087  0.063426  0.150663 -0.028496  0.008844]
[-1.230602 -1.126534 -1.194742 -1.123708 -1.063401 -1.125333 -0.011894
 -0.06384  -0.016226  0.12642   0.058123  0.003115  0.044946  0.006792
 -0.009662 -0.053752  0.193988  0.027725  0.090511  0.07647 ]
[-0.923062 -0.933241 -0.923708 -0.708845 -0.733534 -0.956128 -0.118354
 -0.001929  0.050534  0.01943   0.033029  0.053757 -0.066513  0.008352
  0.027728 -0.00411   0.014582 -0.053842 -0.007996  0.031518]
[ -8.985977e-01  -1.124445e+00  -1.017766e+00  -8.988993e-01  -7.727073e-01
  -1.013970e+00  -3.945290e-03   5.449059e-02   3.857188e-02   3.559132e-02
   3.124369e-02   2.862760e-04   8.751831e-03   4.094885e-02   1.156960e-01
  -3.770586e-02  -2.203125e-02   4.953194e-02  -7.848394e-02  -6.654503e-03]
[ -1.204589e+00  -9.732068e-01  -1.028331e+00  -6.314125e-01  -6.855001e-01
  -5.462573e-01  -1.210869e-01   1.042410e-01   1.530551e-02   4.334363e-02
  -2.615402e-03   6.481942e-02   8.531808e-02  -2.524459e-02   1.320817e-01
   7.206788e-02   4.284384e-02  -7.929761e-02  -6.849722e-02   7.045318e-04]
[-1.031515 -0.910948 -0.936809 -0.89724  -1.015977 -0.935803  0.019449
  0.024089  0.006253  0.008601 -0.001977 -0.053884  0.040223 -0.051405
 -0.047779  0.031561 -0.018085  0.105541 -0.005157  0.03396 ]
[-1.054167 -0.992156 -1.334294 -0.718903 -1.021557 -1.067134 -0.006189
 -0.014023  0.090211 -0.111143 -0.113223  0.100176 -0.105027 -0.085813
  0.08234  -0.019647 -0.139526  0.128999  0.033286 -0.001624]
[-1.01614  -0.886887 -0.739866 -1.073677 -0.893334 -0.760543  0.066373
 -0.047318  0.026346 -0.021828 -0.046581  0.047182  0.008727 -0.02086
 -0.090261  0.024809 -0.021264  0.040381  0.013023  0.036829]
[-0.781654 -0.704195 -0.657882 -0.754643 -0.73275  -0.552129  0.024381
 -0.093945  0.125005 -0.091218  0.170589  0.135965  0.138945  0.294143
 -0.225557  0.171164 -0.106957  0.083517 -0.046882 -0.013998]
[-1.124977 -1.016563 -0.830933 -0.949272 -0.849363 -0.714919 -0.074506
  0.107011 -0.012139 -0.045527  0.049995  0.023346  0.086547  0.130896
  0.125454  0.109133 -0.03602  -0.075418  0.048609 -0.006378]
[-1.041427 -0.996537 -0.893881 -0.888356 -0.773248 -0.875937  0.049087
  0.013942 -0.001808 -0.103823  0.040583 -0.025861 -0.035809 -0.032826
 -0.003667 -0.05848  -0.066851  0.044058 -0.023347  0.019021]
[-0.887076 -0.996174 -0.724464 -0.982    -0.670522 -0.932384 -0.014462
  0.10486   0.075174 -0.033987  0.12503   0.144403  0.111243  0.046818
  0.129088  0.129914  0.030035  0.029561 -0.025373  0.014049]
[-0.956411 -0.936482 -0.832525 -1.055835 -0.926234 -0.952183  0.037519
  0.13774  -0.007733 -0.067008  0.006639 -0.006572 -0.009647 -0.014409
  0.130923 -0.053389  0.047818  0.011062  0.024796  0.003452]
[-1.044597 -0.624074 -0.902934 -0.703281 -1.087497 -0.505186  0.036943
 -0.078911  0.022976 -0.018806 -0.066831  0.062813  0.012737 -0.052815
 -0.131822  0.019303  0.056749  0.042733  0.05697   0.039909]
[-0.968769 -0.770074 -0.749629 -0.684634 -0.686276 -0.445506 -0.035154
 -0.064832 -0.02693  -0.019818 -0.027615 -0.045936  0.022677 -0.064464
 -0.09786   0.051653 -0.063475 -0.050752  0.059247  0.010258]
[-0.934268 -1.002836 -0.704429 -1.224719 -0.831596 -1.098326 -0.104474
  0.066906  0.18657  -0.070111  0.057926  0.155895 -0.042979  0.062367
  0.050618 -0.048327 -0.147718 -0.092965 -0.004484 -0.0357  ]
[ -1.128411e+00  -9.076438e-01  -7.558500e-01  -1.038410e+00  -9.187664e-01
  -7.467812e-01  -1.039800e-01  -1.365719e-01   6.468553e-03  -2.013110e-04
  -1.042122e-01  -5.852853e-02  -2.123931e-02   1.767893e-02  -2.872103e-02
  -8.189302e-02  -5.874437e-02  -2.399339e-01   3.773123e-02  -4.445203e-02]
[-0.841355 -0.846404 -0.555557 -0.938735 -0.526288 -0.622208 -0.166507
  0.029607  0.019292  0.09303   0.002294  0.01247   0.061153  0.056105
 -0.024348  0.093407  0.129964 -0.152092 -0.001104  0.009039]
[-1.003236 -1.045703 -0.630517 -0.887996 -0.576331 -0.442659  0.027609
 -0.055876  0.110842  0.128624 -0.072987  0.103132 -0.199385 -0.148641
 -0.122276 -0.157745  0.185905  0.020094 -0.043581  0.050425]
('Mean', 1, ': ', -1.0032361586770373)
('Median', 1, ': ', -1.0032361586770373)
('Variance', 1, ': ', 0.0)
('Mean', 2, ': ', -1.0457031063348963)
('Median', 2, ': ', -1.0457031063348963)
('Variance', 2, ': ', 0.0)
('Mean', 3, ': ', -0.63051723055025999)
('Median', 3, ': ', -0.63051723055025999)
('Variance', 3, ': ', 0.0)
('Mean', 4, ': ', -0.88799590669961159)
('Median', 4, ': ', -0.88799590669961159)
('Variance', 4, ': ', 0.0)
('Mean', 5, ': ', -0.57633054782450555)
('Median', 5, ': ', -0.57633054782450555)
('Variance', 5, ': ', 0.0)
('Mean', 6, ': ', -0.44265932731713054)
('Median', 6, ': ', -0.44265932731713054)
('Variance', 6, ': ', 0.0)
('time: ', 7633.267004966736)
