“Running plot script on a single CPU core”
[ 0.316768 -0.798314  0.329146  0.308017 -0.709233  0.306358  0.326121
 -0.984132  0.313726  0.333158  0.322596 -0.605493  0.12728   0.272569
  0.318077  0.065395  0.258307  0.329594  0.331237  0.241053]
[ 0.280368 -0.239536 -0.076629 -0.814863  0.213421  0.259543 -0.630888
  0.302208  0.230505 -0.743818  0.190455  0.231479 -0.104546 -0.999088
 -0.324355  0.318061 -0.538898  0.263392  0.307124  0.176445]
[  2.787569e-02   2.783874e-01   5.238709e-02   3.187609e-01   6.422336e-02
   2.805468e-01  -5.930031e-01   3.332225e-01   3.080314e-01  -1.959995e-01
   2.182612e-01   6.575996e-04  -2.891829e-02  -7.796661e-01  -9.917956e-01
   3.051240e-01   2.333449e-03  -1.465591e-01   4.128808e-02  -2.839013e-02]
[ 0.323016  0.244142  0.240116 -0.313736 -0.063372  0.318224 -0.402927
  0.252629 -0.914529  0.314676  0.326228 -0.765609 -0.593553  0.254481
  0.296055 -0.786368  0.326574  0.237154 -0.521477  0.01813 ]
[ 0.32881   0.333036  0.266246  0.245461  0.263532  0.189748  0.144806
  0.326926  0.322579 -0.928148  0.290455 -0.086058 -0.940124 -0.774406
  0.315726 -0.192992  0.324563  0.321454  0.328247  0.204638]
[-0.133955  0.319876  0.328003 -0.918722 -0.984548 -0.789119 -0.587595
  0.329609 -0.441899  0.082617  0.213624 -0.80585  -0.60127   0.241085
  0.320657 -0.173867  0.18841  -0.950192 -0.495125  0.071619]
[-0.517687  0.328447 -0.138159 -0.392742  0.29282   0.196336  0.150476
  0.332901 -0.449312 -0.331617  0.019868  0.226366  0.227477  0.33305
  0.189466  0.286294 -0.187264  0.237503  0.185509  0.333105]
[ 0.311235  0.243599  0.31993  -0.478966 -0.999508  0.332145  0.215968
  0.288109 -0.078276  0.298035 -0.991648 -0.860248  0.304512 -0.071092
 -0.948925  0.309949  0.164745  0.141409  0.045335 -0.957968]
[ 0.291672  0.310149 -0.92636  -0.619095  0.322097  0.291287  0.23832
 -0.770821 -0.999508  0.324223  0.32696   0.171717  0.328504  0.323962
  0.25467  -0.524972  0.33322  -0.744983  0.293275  0.127933]
[-0.229467 -0.826353 -0.995209 -0.021845  0.322344  0.201425 -0.767108
  0.190474  0.329909  0.282338  0.333333  0.142946  0.117947 -0.587163
  0.333073  0.101235 -0.484105  0.027491  0.108896 -0.932994]
[ 0.261884  0.333321 -0.151527 -0.708948 -0.944023  0.322376 -0.236133
  0.202369 -0.943632 -0.634763 -0.576556  0.331444  0.018526  0.331246
 -0.644084  0.164356 -0.610491 -0.592793  0.258822  0.202239]
[ 0.248503 -0.852057 -0.585024  0.21896  -0.958293  0.105519 -0.573364
 -0.788793 -0.996263  0.333149  0.205131  0.219527  0.257644  0.333274
  0.315159  0.332761 -0.884592  0.190758  0.317571 -0.997207]
[-0.145415 -0.958023  0.333184  0.22896   0.255328 -0.499272  0.297722
  0.078833 -0.7877   -0.015016 -0.135441  0.106822  0.221439  0.294019
  0.265835  0.331647  0.136189  0.330316  0.33007   0.332543]
[  5.914273e-02   5.742417e-02  -4.032774e-01  -4.526417e-01   3.205000e-01
   3.298349e-01   2.572662e-01   1.285182e-03   3.267206e-03   3.093756e-01
   1.150131e-01   3.142322e-01   3.121285e-01  -1.434380e-01   2.895259e-01
  -3.669475e-04   1.124673e-01   3.168673e-01   2.565365e-01   3.275371e-01]
[ 0.318874 -0.558771 -0.999547 -0.934151  0.169821  0.27686  -0.09599
 -0.739854  0.258546  0.242085 -0.618498  0.169919  0.332159 -0.53682
  0.199306  0.241298  0.033702 -0.552304  0.330038  0.077089]
[-0.189172  0.28201   0.305563 -0.063957 -0.198254  0.33331   0.272859
  0.33306   0.297464  0.263254  0.292803  0.333295 -0.225585  0.217101
  0.090617 -0.937779 -0.252033  0.21611   0.021961  0.242956]
[-0.114     0.291074  0.332902  0.317244  0.329755 -0.964948 -0.503208
 -0.369313 -0.145605  0.320039  0.275562  0.020067  0.057064  0.287155
  0.299767  0.319546 -0.457655  0.133897 -0.700076 -0.912441]
[ 0.258842 -0.414747  0.025334  0.257252  0.319952 -0.168375 -0.263595
  0.311662 -0.059909 -0.454683  0.239557  0.26513   0.321174  0.310215
  0.317147  0.282581 -0.509432  0.148269  0.155392  0.321782]
[-0.250393 -0.847265  0.241809  0.30384   0.156243 -0.990177  0.095383
  0.221888 -0.37405   0.160569  0.196368  0.235388 -0.570061 -0.933453
  0.21019  -0.111902  0.332565 -0.772701  0.304817  0.087892]
[-0.990992  0.13105   0.300175 -0.076302  0.156847  0.236803 -0.442194
  0.267365  0.251643 -0.148703 -0.988436 -0.277311  0.206157  0.175295
 -0.023539  0.31853   0.026141  0.272575 -0.303505 -0.58638 ]
[ 0.330236  0.319943  0.307072  0.213819  0.278075  0.332729  0.31268
 -0.764057  0.331974 -0.734366  0.266078  0.14027   0.221992 -0.402698
  0.108046  0.252671  0.040732 -0.465863  0.263726  0.26298 ]
[-0.702009 -0.598943  0.301178 -0.445786  0.291701 -0.816443  0.317297
 -0.248376 -0.085871  0.036546  0.188833  0.322962  0.228955  0.049917
  0.256405  0.324706  0.311558  0.24808   0.286214  0.066359]
[ 0.324834  0.186562  0.136212  0.081433  0.174238  0.071276  0.321498
 -0.170642 -0.122183 -0.342606  0.318974 -0.828956  0.262632 -0.990028
 -0.866657 -0.887451  0.020953 -0.097861  0.302247  0.161229]
[ 0.323181  0.260857  0.322151  0.328812  0.227205  0.125358  0.32695
  0.331833 -0.064851  0.257798  0.179585  0.198499 -0.239288 -0.999999
  0.132127  0.283677  0.111433 -0.441092 -0.059295 -0.685728]
[ 0.333261 -0.177263 -0.10926  -0.202813  0.261443 -0.720303  0.332228
  0.30651   0.190717  0.27464  -0.456782  0.117414 -0.013953  0.111004
  0.06288   0.328222 -0.064647 -0.03193   0.211815  0.264749]
[ 0.223398  0.332592  0.077265 -0.855334 -0.967771 -0.110257  0.192068
  0.169042  0.175773  0.202416  0.193488 -0.718276 -0.99983   0.316012
  0.249754  0.319465  0.32923  -0.601657  0.28649  -0.221905]
[ 0.306397  0.178717  0.295465 -0.072609  0.308243  0.297858 -0.942843
  0.306687 -0.059844 -0.402226  0.270898 -0.35029  -0.837178 -0.796426
  0.333229 -0.340067  0.250142  0.305644  0.303341  0.293318]
[-0.737394  0.329297 -0.929187  0.332844  0.331423  0.027509  0.322741
  0.295695 -0.019192  0.234478  0.284434  0.141699  0.298796  0.322972
  0.333315  0.213256 -0.42742   0.227159 -0.995197 -0.056237]
[ 0.066971 -0.83213   0.265121  0.333204  0.333322 -0.550137  0.220703
 -0.449278  0.121751  0.28336   0.330807 -0.350826 -0.761521 -0.656365
 -0.533066 -0.434447  0.330991  0.180369  0.310248 -0.040103]
[ 0.01964   0.324195 -0.558217 -0.998013 -0.943802 -0.940908  0.070335
 -0.957642  0.169741  0.29826   0.301431 -0.975187  0.297571  0.227986
  0.33084   0.061968  0.253371  0.241914 -0.696838 -0.842339]
[ 0.265255  0.095299  0.231797  0.105552 -0.96369   0.249361  0.322296
  0.332064  0.243301  0.318051  0.328257  0.211584 -0.041518  0.304581
  0.3333    0.306016  0.31641   0.333068  0.31426  -0.451435]
[ 0.226506  0.313801  0.261725  0.121995  0.277135 -0.995102  0.273691
 -0.774616  0.134172  0.184512  0.304255 -0.113087  0.241726  0.311954
 -0.448507 -0.039533  0.304776  0.301782  0.188989 -0.999608]
[-0.652419 -0.864591 -0.026945  0.073689  0.048106  0.19167   0.034003
  0.069005 -0.835866  0.008979 -0.658966  0.200819  0.286934  0.280414
 -0.289302  0.253733  0.261208  0.12027   0.254078 -0.98146 ]
[ 0.32915   0.162801  0.244243 -0.375625  0.234229  0.303964  0.285899
  0.261655  0.224863  0.142921 -0.193542  0.316159  0.324353  0.321497
  0.329843  0.331866  0.076759  0.326311  0.223953  0.186692]
[ 0.325108  0.286636 -0.197679 -0.553544 -0.29182  -0.829199  0.295125
  0.225426  0.301041  0.33309  -0.645097  0.323267  0.321305  0.314327
  0.176232  0.281323  0.207852 -0.141978  0.209447  0.333322]
[ 0.257614  0.205688  0.15925   0.243561  0.047605  0.319876 -0.009778
 -0.028738  0.327362  0.111496 -0.047453  0.233961 -0.125813 -0.920944
  0.327104 -0.99937   0.329232  0.329881  0.211007  0.283928]
[ 0.277853 -0.203552 -0.883795 -0.998913  0.123762 -0.393569 -0.773005
  0.321966 -0.947043  0.331008 -0.69719   0.29808   0.31711  -0.508136
 -0.804335  0.208674  0.303453  0.332701  0.268166 -0.535374]
[ 0.28024   0.333182  0.320965 -0.865079  0.329596  0.32976  -0.435885
  0.031007  0.303726 -0.884596  0.026734  0.269429 -0.097268  0.333199
  0.333046  0.310924  0.325058  0.001433 -0.086395  0.076693]
[ 0.329885  0.108386  0.161794 -0.635714  0.006753  0.195505 -0.347374
  0.101957  0.297399 -0.985597  0.244464  0.332242 -0.122272  0.172453
  0.213221 -0.748084  0.126811  0.095898  0.309283  0.200281]
[ 0.317407 -0.786463  0.19225   0.259182  0.200637 -0.120605  0.310236
  0.239588 -0.040539 -0.783526  0.315293  0.332853 -0.658007  0.144268
  0.315683  0.30965  -0.995866  0.293924  0.251885  0.2762  ]
[ 0.050285 -0.699861 -0.542745  0.314059  0.09098  -0.07456   0.264134
 -0.285355  0.254961  0.274723  0.225808 -0.784869  0.333333  0.166116
  0.115916  0.301038  0.037713 -0.65874  -0.650478  0.331022]
[ 0.299132  0.327461 -0.076833 -0.949318  0.298564 -0.31421  -0.072251
 -0.481795 -0.35027  -0.251744  0.186372 -0.431809  0.276429  0.232835
  0.039048 -0.133657  0.226936 -0.988498  0.247339 -0.431854]
[ 0.067681  0.230241  0.321452  0.28443   0.254284 -0.876991 -0.85311
 -0.773763  0.240921 -0.092296 -0.731159  0.064136  0.228524 -0.416404
 -0.09306  -0.812446  0.050207  0.176099 -0.778997  0.181625]
[ 0.302112  0.330512  0.186577  0.261038 -0.840653  0.052847  0.305827
  0.326403 -0.768724  0.077887  0.317244  0.074812  0.295803  0.161949
  0.325687  0.302062  0.25     -0.086802  0.33324   0.300906]
[ 0.328472  0.107016  0.213477  0.332947  0.185614  0.332226  0.330936
  0.025737 -0.504338 -0.999794  0.333333  0.148364  0.063088 -0.407286
  0.236167  0.312429 -0.898277  0.001596  0.205897  0.325833]
[ -3.226728e-04  -9.060692e-01   3.201913e-01  -3.245942e-01   1.331949e-01
   8.123098e-02   1.505916e-01  -5.452240e-01   1.773428e-01   3.313818e-01
   2.987705e-01  -4.315633e-01  -9.900198e-01   2.560499e-01   2.566763e-01
   3.310915e-01  -9.847339e-01   3.325127e-01   2.148751e-01  -7.268154e-02]
[-0.227853 -0.923817 -0.7605   -0.968062 -0.615458  0.311346  0.212423
  0.104794  0.326581 -0.343005  0.296627  0.068696  0.323729  0.317389
  0.273861 -0.222454 -0.132932 -0.53504  -0.362921 -0.566953]
[ 0.312032  0.333322  0.247435  0.289485  0.326466  0.314519 -0.93575
  0.306374  0.333206 -0.525871  0.23118  -0.1158    0.097209 -0.51414
 -0.845997  0.251781  0.289132  0.231739 -0.999543  0.301214]
[-0.033022  0.221576 -0.640762  0.266886  0.327784  0.328272 -0.332208
  0.327959 -0.257467 -0.474326 -0.928274  0.330278  0.226773 -0.030811
 -0.078865  0.332231  0.074928 -0.668135  0.215091  0.333304]
[ 0.201234  0.2692   -0.840726  0.333184  0.289848  0.287014  0.156047
 -0.080345  0.257479 -0.632705 -0.848128 -0.373815 -0.27969  -0.844795
  0.144427  0.279806  0.18397   0.294687  0.246689  0.331624]
[ 0.274602 -0.074651 -0.171536 -0.120208  0.323345  0.136934 -0.393657
  0.157713  0.28946  -0.180307 -0.198148 -0.445725  0.325406  0.280072
  0.333269  0.236558  0.190089  0.27822  -0.62983   0.265001]
[ 0.012115 -0.122166  0.254524  0.268142  0.271089  0.329719 -0.041253
  0.220902  0.330159  0.080757 -0.219961  0.307007  0.333322  0.261081
 -0.947298  0.328334  0.231012  0.274757  0.314727  0.253222]
[ 0.110001  0.333245  0.208255 -0.032763  0.173544 -0.363507  0.332345
 -0.955747  0.25399  -0.550568 -0.934006 -0.314499  0.231012 -0.997862
  0.19199   0.203605  0.008742  0.14576  -0.027443 -0.978075]
[ 0.314627  0.155269  0.327533  0.267293 -0.355817  0.080556  0.30284
 -0.734688  0.155249 -0.114272  0.326413  0.332937  0.128709  0.32646
  0.23566  -0.765718  0.278587  0.180657  0.030937  0.315606]
[ 0.324443 -0.867854  0.317434 -0.046115 -0.309595  0.281099  0.272652
 -0.902469 -0.746991 -0.583156  0.312856  0.316381 -0.219636  0.096904
  0.107571  0.281747 -0.399112 -0.838704  0.330662 -0.962722]
[ 0.30141   0.305287 -0.025067 -0.046532 -0.05055   0.331678  0.311906
  0.188863 -0.751523  0.332882  0.168547  0.236276 -0.02251   0.224689
  0.18677  -0.121933  0.272486  0.243021  0.331329 -0.099636]
[ 0.319654 -0.034439 -0.482851 -0.417235 -0.106178  0.209463  0.076172
  0.060625  0.331689  0.276445  0.333314  0.289218  0.32873  -0.010013
  0.171271 -0.119335  0.331117 -0.904069  0.285871  0.140691]
[-0.107448  0.234699  0.094954  0.333228  0.153723 -0.329816 -0.815343
  0.28852   0.009167 -0.806346 -0.530154  0.327994 -0.299029  0.323103
  0.331873  0.330073 -0.82635  -0.629525  0.230781  0.117795]
[-0.124528 -0.883173 -0.124664 -0.554286  0.31263   0.215565  0.306613
 -0.203572  0.241645  0.330507  0.332535 -0.294267  0.259435 -0.298359
  0.217297 -0.858271  0.323705  0.313371  0.326295  0.199389]
[-0.479479  0.252709 -0.66      0.329375 -0.968356  0.254593  0.322488
  0.228554  0.213885  0.280601  0.294505 -0.670681  0.004672  0.287077
  0.153799  0.043417  0.261573 -0.498257  0.214085 -0.941168]
[-0.871629  0.250702  0.276003  0.325023 -0.344971  0.076667 -0.88089
 -0.252721  0.236414  0.118016 -0.68113   0.332128  0.085814  0.324228
 -0.925789  0.233636 -0.224239  0.326306  0.163777  0.328853]
[ 0.231169 -0.348785  0.284229 -0.290574 -0.337991  0.330853 -0.941708
 -0.853846 -0.920507 -0.049057 -0.212281  0.252282  0.33016   0.093648
 -0.218697  0.262894  0.333109 -0.523735 -0.127001 -0.138553]
[ 0.12969   0.312734  0.160242  0.326144 -0.911066  0.259313  0.171178
 -0.774107 -0.999999  0.30134   0.281801  0.289316 -0.306467  0.113954
  0.329711  0.333267  0.333328 -0.609883  0.313971  0.322884]
[ 0.316975  0.218192  0.22824  -0.634273 -0.433579 -0.848175  0.271834
  0.276503 -0.061042  0.291478  0.24853   0.303007 -0.906772  0.282639
 -0.519641  0.233825 -0.05354   0.269807  0.166658 -0.032096]
[ 0.110929 -0.167655  0.320107  0.275306 -0.270184  0.333199  0.173622
  0.323971 -0.970465 -0.578503  0.178192  0.217754 -0.629016  0.205187
  0.178303 -0.1742    0.298955 -0.478206  0.30497  -0.134689]
[-0.759319 -0.17677  -0.994692  0.324118 -0.803429  0.184194  0.003795
 -0.146779 -0.890732  0.328024 -0.464426  0.017041  0.33322   0.259855
  0.333047  0.23353   0.27882  -0.598544  0.102362  0.333264]
[ 0.064305 -0.114518  0.321863  0.272204 -0.849643  0.333203  0.321497
 -0.248988  0.220916  0.121387 -0.023899 -0.305158  0.268649  0.244998
  0.187085  0.114062 -0.553219  0.206632 -0.969894  0.332724]
[-0.361923 -0.23021   0.247487  0.259409 -0.614948 -0.048312 -0.093425
 -0.976081 -0.668609 -0.536613 -0.983189  0.304658  0.099858 -0.02638
 -0.106053  0.026481  0.317358  0.143482  0.209462 -0.408011]
[-0.289926 -0.567631 -0.224801 -0.727393  0.327476  0.145193 -0.748803
  0.011759  0.212851 -0.273383 -0.345757  0.136108  0.308773  0.287549
  0.326608  0.28864  -0.240844 -0.999923  0.24515   0.235808]
[ 0.333332  0.318954  0.309632  0.220009  0.330601  0.012653  0.319906
 -0.319864  0.3288    0.331276  0.315907  0.268413  0.311747  0.333326
  0.034387  0.083247  0.241848  0.122888  0.247956  0.257251]
[ 0.333333 -0.074038  0.172466 -0.58989   0.247062  0.33055   0.32931
  0.317413  0.333091 -0.023129  0.222768  0.230346  0.140683  0.247375
  0.054398  0.261605  0.328017  0.235682  0.329785  0.304279]
[-0.11645   0.319661  0.311602 -0.187341  0.229318 -0.155109  0.249635
  0.332647  0.331695  0.262808  0.316009 -0.383247 -0.509436  0.286222
 -0.004248 -0.139787  0.097745  0.294384 -0.103563  0.333148]
[ 0.26742  -0.451157 -0.229213  0.324107  0.134231  0.249967  0.302276
  0.318266  0.329213  0.27864   0.333297 -0.990442  0.304521  0.333203
 -0.218265 -0.126986  0.085939  0.277914  0.187265  0.268316]
[ 0.219194 -0.964081 -0.652609  0.293208  0.312584  0.166829 -0.18832
  0.224666 -0.29069   0.321527 -0.149937 -0.144782  0.149864 -0.996432
  0.148498 -0.020414 -0.088025  0.310729 -0.949102  0.31892 ]
[ 0.135161 -0.669575  0.227291  0.296782  0.019828 -0.870456  0.318306
  0.310761  0.319349  0.26405   0.22916   0.248903  0.296239  0.323938
  0.096958  0.290821 -0.35938   0.200157  0.191829  0.189384]
[ 0.28399   0.191679  0.314243 -0.996848 -0.753368  0.309066  0.065646
  0.261661  0.325151 -0.839391  0.305652 -0.828903  0.271422  0.22656
  0.099771 -0.370398 -0.214437 -0.451715  0.32636  -0.67059 ]
[ 0.322508  0.16648  -0.122937  0.27271  -0.696005  0.266806 -0.839818
  0.262491  0.294877 -0.32948   0.270556  0.313147  0.20042   0.021786
  0.332822  0.315983 -0.045582 -0.052433  0.0763    0.125673]
[ 0.061691 -0.381233 -0.369475  0.306284  0.330817  0.315665  0.231461
  0.322638 -0.956438  0.32079   0.178293  0.268721  0.083039 -0.948892
  0.20046   0.30698  -0.053676  0.312968  0.282214  0.331347]
[ 0.242371  0.302925  0.151922  0.319309 -0.956988 -0.951015  0.330476
  0.023886  0.245962 -0.857652  0.099505  0.326353 -0.176039  0.098854
  0.293364 -0.203614  0.049942  0.109849  0.205438  0.04163 ]
[-0.999552  0.011964  0.268221 -0.057846 -0.592892  0.282378 -0.106911
 -0.607056 -0.271716  0.333135 -0.128598 -0.650107  0.230031  0.230066
 -0.828861  0.029475  0.243869 -0.25146   0.046252 -0.842481]
[ 0.063577 -0.421084  0.333289  0.332375  0.330379  0.332952  0.285635
 -0.602586  0.321772  0.294134  0.233331 -0.028115 -0.286089  0.284588
 -0.42911  -0.127435 -0.319287  0.036662  0.333333  0.332998]
[ 0.321792 -0.558854  0.040945  0.33154   0.333315  0.297857  0.251531
  0.279173  0.239733  0.048093 -0.140574  0.317958  0.266602  0.185785
  0.206282 -0.983019  0.215385  0.006198  0.049688 -0.084211]
[ 0.076204 -0.049936  0.332027  0.318337  0.331791  0.318516 -0.993566
  0.295178 -0.985906 -0.992971  0.29272   0.330176 -0.045755  0.14888
  0.040939  0.331117  0.187544  0.187206  0.223278  0.324576]
[-0.879014  0.224993  0.325678  0.218316  0.332727 -0.882207  0.205531
 -0.484853 -0.00434   0.320469  0.170494 -0.999759  0.078565  0.332971
 -0.479362  0.291981  0.135677 -0.894249  0.326854  0.326622]
[ 0.20622  -0.309198 -0.026926 -0.156744  0.113266 -0.996608  0.330158
 -0.175017 -0.762597  0.325867  0.330956  0.043838  0.178522  0.18204
  0.333272  0.299505 -0.74037  -0.731975 -0.449476  0.223143]
[ 0.230725  0.326651  0.318014 -0.817775  0.293444 -0.896671  0.287806
 -0.901972 -0.314051  0.326431  0.321972 -0.404343  0.185081 -0.862257
  0.219287  0.296416  0.320112  0.196054  0.262048 -0.891773]
[ 0.003698  0.206022 -0.971259  0.166134  0.262575  0.164945 -0.374415
  0.206308 -0.92785   0.322545 -0.803901  0.326136  0.305778  0.095898
  0.298618  0.33322   0.307741  0.321412  0.09039  -0.465324]
[ 0.298392 -0.056887  0.209592  0.235792  0.194389 -0.02411   0.317037
 -0.354324  0.311714 -0.074757  0.200655  0.318048  0.331396 -0.934322
  0.306747 -0.346432 -0.163009  0.222829  0.332843 -0.16458 ]
[ 0.164615  0.307094  0.199621  0.146971  0.176835  0.272638  0.126556
  0.091279  0.091904  0.185858 -0.934753  0.235999 -0.014891 -0.128826
  0.272279  0.305955  0.084373  0.330165 -0.733969  0.328564]
[ 0.329662  0.193016 -0.097329  0.235404  0.322306  0.277993  0.145151
  0.292712  0.313638 -0.367233 -0.55606  -0.12345   0.265298  0.04968
  0.123149 -0.393247 -0.588854  0.201247  0.326072 -0.772565]
[-0.287013  0.186103  0.311788  0.32887   0.297298  0.043916 -0.192624
  0.307907 -0.110225  0.047197  0.16162   0.160874 -0.015063 -0.929133
 -0.660861  0.306831 -0.858863  0.332116 -0.433826  0.263701]
[ 0.256754  0.227246 -0.292099  0.087386 -0.422954  0.276291  0.314822
  0.308302  0.267448  0.331238  0.332155  0.298336  0.283715  0.145753
 -0.029795  0.32591   0.066614  0.194063  0.051994  0.106257]
[-0.187294  0.324412  0.108255 -0.892347  0.226333 -0.442407  0.287537
  0.278334  0.08502  -0.595923  0.055867  0.286021  0.31498   0.331549
 -0.77061  -0.419313  0.274292  0.189458  0.298841  0.322443]
[ 0.299199 -0.032102  0.294069  0.332809 -0.982529  0.210005 -0.353025
  0.313324  0.327528  0.302695  0.273251 -0.324555  0.142721  0.276069
 -0.02649   0.327124 -0.438481  0.332151  0.167613 -0.097931]
[ 0.325293  0.306451  0.330126  0.329948 -0.051446  0.263233  0.238774
 -0.849435  0.332874 -0.521148  0.283783 -0.986198 -0.617092  0.237688
  0.322407  0.090473 -0.716251  0.314312  0.32568  -0.557095]
[ 0.318315 -0.350896  0.130862  0.170862 -0.0912   -0.948418  0.324892
 -0.950182 -0.075243  0.305971 -0.057141 -0.211864  0.229072  0.327316
  0.319589 -0.148319  0.202029  0.312548 -0.242127  0.300548]
[-0.37586   0.314827 -0.198923  0.314793  0.302474  0.176104 -0.517968
  0.333114 -0.049644 -0.302308 -0.570778 -0.86726  -0.618631  0.330455
  0.113413  0.044983 -0.120164 -0.454502  0.324163  0.124421]
[ 0.075045 -0.522385  0.311681  0.299283  0.31971   0.2885   -0.112795
  0.290931 -0.039173  0.096004  0.323277  0.166948  0.056972  0.33274
  0.312056  0.324179 -0.053572  0.326774  0.328525 -0.732121]
[-0.154234  0.121872  0.092739  0.332626  0.309295 -0.986465  0.308166
  0.185488  0.112834 -0.518046  0.270053 -0.472444  0.0958   -0.089053
 -0.699976  0.185319 -0.160874 -0.095362 -0.998634 -0.039803]
[ 0.125826  0.151652 -0.189957  0.220534 -0.241156  0.327792  0.318387
  0.290524 -0.284352  0.325451 -0.236697  0.313562  0.201221  0.328409
 -0.487973  0.089087  0.165833  0.275036  0.305177  0.013965]
[-0.012071129629334376, -0.011927427170500771, -0.018096020908321613, 0.023325111388293518, 0.090033257852693255, -0.014274754878302404, -0.044752288509116223, 0.025392762124053336, 0.014202105115779184, -0.011058975710046132, -0.021285218548989793, 0.011076562350119279, 0.04331272562456287, 0.031560174486226278, -0.015756392526044383, 0.003983016340001061, 0.012853302199568317, 0.13227024933839679, -0.013711140767131286, -0.0926012041952744, 0.028551086721659513, -0.040718371677868959, -0.046417541047692967, 0.0090297541505663936, 0.089827422843582139, 0.0031313341196770872, 0.048618330360211848, -0.027748142601712988, 0.028879597158135574, 0.045505097509679522, 0.075350830168279204, 0.044762286556461278, -0.024311818539971441, 0.0059709680341952787, 0.11431139014953645, 0.10839739001982107, 0.12000701436887851, 0.062577544588477363, 0.0013836616514799616, -0.003437424663674804, 0.036981434349890575, 0.0033284464102258937, -0.0017416386379280197, 0.12482581453450559, -0.030872362823572808, 0.04715740341676624, -0.040533965236715042, 0.11809018908343513, 0.034936212994555654, 0.02911915007334609, -0.022045650520889193, -0.023005680493259996, 0.027622037814564696, -0.067525769897197552, -0.064493184231530554, -0.0060526742917476062, 0.039334309790488131, -0.015353471964411017, -0.037420415264851001, -0.0013843060949560448, -0.0014823079661315797, 0.034415089839975127, 0.02725539483904256, 0.067286922958174206, -0.0051778298834367631, -0.063022039627295356, 0.061895205908341661, 0.0073225816414757561, -0.021908890751633103, -0.015066301136518245, 0.020649022714304965, 0.03007037776036707, 0.069267508185916649, 0.031737863190906601, 0.002436961935313342, 0.051182560813476219, 0.0024945862649558559, 0.066800249252978741, -0.036320959498677752, -0.041515593850863897, 0.036038244589583254, -0.039774945590664079, 0.032124272005536046, -0.10899538612178949, -0.090398365693251242, 0.03934258681869171, 0.0095208584528827939, -0.039632716352123343, 0.043319399933707883, 0.099566465538238169, -0.0091698535177758278, -0.0019867126803133073, -0.015009606209047316, -0.025759191263935444, -0.058243343451651663, 0.020609891694734206, -0.017567162180000873, -0.072181000437516435, 0.023307237930838443, 0.050457524887340788]
('time: ', 8838.813460826874)
