“Running plot script on a single CPU core”
[-0.907758  0.284792  0.308437 -0.092006 -0.876116 -0.105723  0.203233
  0.297175  0.301094 -0.287011 -0.962596  0.331449  0.00906   0.325355
  0.238776 -0.753804  0.181947 -0.289413  0.289176  0.326497]
[ 0.328646  0.321871  0.271808  0.210318  0.332444  0.23324   0.257729
 -0.240769  0.32912   0.215671  0.3027   -0.468136 -0.413679 -0.916837
  0.133437  0.315396 -0.605083  0.311412  0.094922  0.24038 ]
[ 0.282955  0.333333 -0.060452 -0.554859 -0.708882  0.065836  0.295337
 -0.343331  0.313558  0.319759  0.331517 -0.228075  0.301442 -0.334651
  0.175138 -0.228552  0.292745 -0.489712 -0.979762  0.330138]
[ 0.332806 -0.317796 -0.046326  0.299671  0.222584  0.302162 -0.264637
  0.225782  0.296345 -0.166848 -0.868792  0.080389 -0.094329  0.328992
  0.278889  0.278828 -0.277069  0.288089 -0.995624  0.333233]
[ 0.316097  0.310663  0.19227  -0.961247 -0.659878  0.111269  0.230648
  0.293956  0.303703 -0.889014  0.266359  0.219294  0.331787  0.264817
 -0.39073   0.245938 -0.790897  0.09468   0.220803  0.258228]
[ 0.071054  0.327224  0.318256  0.319361  0.260957  0.269759  0.311071
  0.2331   -0.112894  0.294605  0.052784  0.256041  0.273677  0.189607
 -0.423085  0.303687 -0.768046  0.312915 -0.976795  0.025083]
[ 0.322457 -0.625985 -0.646798 -0.098817 -0.740976  0.298184  0.273997
 -0.283865  0.264739  0.145064 -0.995471  0.250977  0.102432  0.012393
  0.087081  0.331553  0.324027  0.311809 -0.330622  0.293316]
[ 0.237115 -0.111816 -0.097287 -0.376754  0.269901  0.322599  0.069987
  0.281979  0.294402 -0.809591  0.324087 -0.006019 -0.932503 -0.904024
  0.317913 -0.452366  0.313336  0.292815 -0.216503  0.196582]
[-0.537857 -0.865988 -0.745417 -0.124605  0.329994 -0.655411  0.278108
 -0.750811 -0.099039  0.321083 -0.243106  0.072775  0.252948  0.267292
 -0.162219 -0.990238 -0.369992  0.063746  0.123867  0.197054]
[ 0.186351  0.276607 -0.089226  0.325762 -0.818241  0.197898  0.215808
  0.277624 -0.938878  0.326064  0.308544  0.328246  0.333059 -0.936415
  0.154464  0.262492  0.305693  0.01887   0.086918 -0.717451]
[-0.098012 -0.05554   0.281102  0.010841 -0.34043  -0.793873  0.281015
  0.228314  0.074471 -0.187629  0.267358  0.225183  0.330541  0.199806
  0.09484   0.244609 -0.222834  0.330696  0.299104 -0.005871]
[ 0.02948  -0.052349  0.290821 -0.124724  0.205745  0.164281  0.329541
  0.312572  0.33288   0.17159   0.266722  0.2645    0.322486  0.327443
 -0.989553  0.035347  0.287421 -0.507626  0.282163 -0.108326]
[-0.247955  0.32107   0.316147  0.321935  0.302767 -0.120769  0.095714
  0.230964  0.181789  0.309571  0.326287 -0.229749 -0.215263 -0.682587
 -0.94977  -0.826817  0.280537 -0.619196  0.120815  0.140284]
[ 0.287614  0.286671 -0.087843 -0.548555  0.321785 -0.929771 -0.026087
  0.016384 -0.925735  0.182434 -0.598951  0.22893   0.095304 -0.869584
  0.332819 -0.385613  0.332852  0.198887  0.089934  0.310154]
[-0.26014   0.327038  0.121447  0.282433 -0.999893  0.306423  0.316184
 -0.682795  0.180209 -0.999972  0.288024 -0.403614  0.013462  0.002088
 -0.734428  0.28042   0.154419 -0.288541  0.225849  0.330896]
[ 0.295473  0.328347  0.307984 -0.006024  0.265207  0.321983  0.101905
  0.325032  0.179659  0.315908 -0.322716  0.135066 -0.547838  0.331683
  0.217614 -0.086948  0.070147 -0.009814  0.278788  0.155742]
[-0.822556  0.330017  0.317604  0.297558 -0.230518  0.232497  0.317082
  0.06564   0.214707 -0.951239  0.291034 -0.803954  0.277518  0.188296
  0.137788  0.202332  0.052572  0.145437  0.291197 -0.120559]
[ 0.279766  0.329776 -0.546335 -0.023093  0.013232  0.323408 -0.962434
 -0.735745  0.332367  0.306796  0.195979  0.231161  0.269013  0.276229
  0.227944  0.0078    0.259009  0.323841 -0.936989  0.105891]
[-0.949978  0.309587  0.228023  0.031828  0.324726  0.014498 -0.036199
  0.282425  0.319585  0.271413  0.278686 -0.887918 -0.193318  0.19759
 -0.966805  0.323224  0.332128 -0.143656  0.043437  0.333307]
[ 0.321567 -0.8295    0.301101 -0.382093  0.32617   0.137684 -0.170547
 -0.785257  0.3107    0.21712   0.175316  0.285297 -0.947915  0.268749
  0.300415  0.309315 -0.68718  -0.105863  0.278025 -0.96106 ]
[ 0.224143  0.333284  0.195587  0.320071 -0.516754 -0.446293 -0.986913
  0.311497  0.007268  0.147556  0.153186  0.200354  0.303483  0.095179
  0.18462   0.327332  0.186492 -0.091122  0.328426 -0.478162]
[ 0.182845 -0.842119 -0.177194  0.068747  0.297524  0.130069  0.329925
  0.073801  0.252541  0.178856  0.218527 -0.93259   0.259829  0.309733
  0.275213 -0.093963 -0.075271  0.233275  0.057254 -0.018993]
[-0.005213  0.296666  0.288884 -0.84083  -0.825081  0.329321  0.328496
 -0.178366 -0.935834 -0.228867 -0.811358  0.33185   0.244895 -0.475948
  0.328692  0.064261  0.133257  0.260803 -0.628576  0.333328]
[-0.233056  0.332654  0.2814   -0.179047 -0.970398  0.317461  0.15651
  0.096625  0.297391  0.17079   0.249844 -0.083068  0.035818 -0.073861
  0.323275 -0.436018 -0.934919  0.173394  0.314367  0.287876]
[ 0.326955  0.311079  0.321613  0.327772  0.007198 -0.509304 -0.398967
  0.247907 -0.661954  0.03201  -0.999995  0.318942 -0.979939 -0.540522
 -0.95034  -0.150704  0.333026  0.324667  0.315744  0.324867]
[ 0.245302  0.327536 -0.820635  0.100528 -0.311746  0.277956 -0.795652
  0.330026  0.331858 -0.964919 -0.956337  0.275641  0.252202  0.162547
 -0.03634   0.333284  0.22165  -0.062073  0.280952  0.26988 ]
[-0.513477 -0.81343   0.109946  0.271116  0.298129 -0.953069  0.185883
  0.224644 -0.999355  0.197392  0.327031  0.241234  0.293827 -0.6837
  0.117633  0.265551  0.332834  0.128757  0.325475  0.156477]
[ 0.314535  0.24906   0.180139  0.013305 -0.796684  0.176902  0.259336
  0.035822  0.302421  0.22016   0.319153  0.332893 -0.024702  0.29745
 -0.349579  0.019025  0.171352 -0.36664   0.29287   0.107536]
[ 0.270095 -0.070777  0.293686 -0.929608  0.33253  -0.348076 -0.427849
  0.017818 -0.281148 -0.770913  0.309255  0.098667 -0.383557  0.320184
  0.154074  0.33313  -0.998963  0.143299 -0.977969  0.30745 ]
[ 0.328413 -0.087107  0.103861 -0.227782  0.190498  0.229678  0.0749
  0.332282 -0.347558  0.08556  -0.083    -0.226803  0.234578 -0.026666
  0.277763  0.077513  0.32597   0.332773  0.321115 -0.586158]
[-0.606211 -0.263798  0.32878   0.307116  0.303318  0.297211 -0.683937
  0.30306   0.289155 -0.992409  0.214584 -0.433879  0.332076  0.113929
  0.14069  -0.315519  0.242511  0.316378 -0.999983  0.307218]
[-0.76021   0.330764  0.312146 -0.079525  0.258714  0.319353  0.17965
 -0.967238 -0.38826   0.323964  0.313813 -0.424161  0.14532   0.239564
 -0.047855  0.112945  0.166664  0.322137  0.129234  0.207726]
[ 0.317925 -0.479492 -0.853016 -0.940279 -0.015639  0.285574 -0.968907
  0.331385 -0.159516  0.007206 -0.232098  0.230767 -0.860426  0.226265
 -0.277737  0.300063  0.327459  0.046509  0.249602  0.249713]
[ 0.314796  0.288621 -0.384553 -0.945518  0.310933  0.283734  0.270527
 -0.383558  0.330331  0.2981   -0.925411  0.167776 -0.094832  0.32329
 -0.967365  0.264515  0.232124  0.225806  0.211154  0.132604]
[ 0.270597  0.333031  0.234348  0.33296   0.21655   0.278638  0.327988
  0.296346  0.29886   0.323283  0.245075  0.288873  0.205548  0.169369
  0.15676   0.156363  0.006903  0.266968  0.048275  0.165711]
[ 0.313872 -0.06558  -0.302937  0.073042  0.041738  0.322519  0.198954
 -0.230401  0.227582 -0.147347 -0.649461  0.312347  0.317801  0.333286
 -0.786376 -0.299207  0.326986 -0.020519  0.293102 -0.295784]
[ 0.219468  0.139279 -0.091088  0.169114 -0.155609  0.273905  0.070443
  0.100354 -0.513302 -0.132988  0.231512 -0.065815  0.206933  0.325956
 -0.77128   0.324501  0.319547  0.318863  0.24895   0.013664]
[ 0.328716  0.206325 -0.320799  0.136318  0.161635  0.237022  0.330026
  0.319675  0.296465  0.330486 -0.605424 -0.03148   0.331001 -0.469353
  0.305313 -0.95634   0.313319  0.264274 -0.727725 -0.28977 ]
[ 0.318931  0.319463  0.316183 -0.963573  0.306136  0.055934  0.33157
  0.253952 -0.411259 -0.960738  0.221929  0.271284  0.138428  0.333076
 -0.056609 -0.969496 -0.519542  0.299946 -0.731998  0.195228]
[ 0.074647  0.251452  0.332618  0.271159 -0.176601 -0.477617 -0.491118
  0.163364  0.073583  0.313313 -0.727848 -0.144508 -0.460978 -0.185812
  0.003947  0.29558   0.319254 -0.762279 -0.092948  0.188932]
[ 0.197695 -0.971174 -0.086208  0.331814  0.309935 -0.992362 -0.984705
 -0.967879 -0.131019  0.33313   0.253813 -0.055387 -0.008879  0.266576
 -0.164073 -0.883288  0.333299 -0.34793   0.319362  0.301719]
[ 0.24002  -0.403925  0.080685  0.299794  0.332289 -0.015404 -0.56438
  0.054006 -0.27286  -0.988414  0.2294   -0.32599   0.088715  0.32324
  0.19153   0.306454  0.227489 -0.135458 -0.513839  0.013882]
[ 0.318532 -0.087022  0.33189   0.213777 -0.855522  0.194608  0.293572
  0.083005 -0.164464  0.168183  0.331039  0.288545 -0.097645  0.039498
  0.053754  0.081008  0.034849  0.112075  0.244471 -0.085321]
[ 0.280575  0.332729  0.212175  0.331149  0.156952  0.323388 -0.992501
  0.31965  -0.476042  0.016738  0.049362 -0.968929  0.107714  0.023238
  0.06088  -0.329785  0.263264  0.237251  0.267676 -0.047274]
[ 0.326873  0.189643 -0.678587 -0.848244 -0.843576  0.30817  -0.974266
  0.298153  0.203598 -0.203151 -0.425848 -0.602275  0.165994  0.075464
  0.327492 -0.096613  0.149553  0.16926   0.005588  0.300887]
[ 0.325883  0.198936  0.129779 -0.191971 -0.508689 -0.505127  0.27851
  0.170422  0.015044 -0.197529 -0.730738 -0.117922 -0.931472 -0.071779
 -0.359852 -0.321621  0.271235 -0.420419 -0.984089  0.169147]
[ 0.327953 -0.271717  0.283692 -0.476102 -0.399362  0.331987  0.331897
  0.174014 -0.132262  0.224063  0.1863    0.043494  0.332043  0.042279
  0.00244  -0.797779  0.142801  0.062381  0.173013  0.238385]
[ 0.24049   0.194508 -0.450276  0.029273  0.329951 -0.260004  0.228262
  0.287555  0.290827  0.05599  -0.202139 -0.487653  0.328137  0.292527
  0.323498  0.330406 -0.872604 -0.989876  0.305147 -0.945662]
[ 0.330314  0.27773   0.328907 -0.363057  0.332952 -0.999549  0.283017
 -0.697055  0.222497 -0.89292  -0.952002 -0.098387  0.30638  -0.565655
  0.105717  0.094427  0.29775   0.325632 -0.200795 -0.386023]
[ 0.324406 -0.988366  0.273624  0.332489  0.243325 -0.532595 -0.913723
 -0.455235  0.031746 -0.190828  0.333061  0.333331  0.129611  0.304539
  0.272731 -0.035039 -0.05009   0.211787  0.325356 -0.843838]
[-0.920664 -0.259373  0.331927 -0.884291 -0.348644 -0.175246  0.03218
 -0.014749 -0.027859 -0.843475  0.197189  0.321381  0.323962 -0.145261
 -0.994391 -0.627731  0.279195  0.238142 -0.233618  0.313139]
[ 0.332438  0.327317 -0.968359 -0.118164 -0.380582 -0.281205 -0.189483
 -0.15447  -0.645025  0.271538 -0.746252 -0.081476  0.294398  0.275924
 -0.50398   0.23197   0.228166  0.234603 -0.086862  0.333107]
[-0.998416  0.332933 -0.752792  0.304597  0.312227  0.065651 -0.851359
 -0.067681  0.324528  0.223009  0.318599  0.163641  0.33265   0.068813
  0.139058  0.304945 -0.199599  0.313621  0.332251  0.277624]
[-0.031942 -0.582113  0.209433  0.264435 -0.109335  0.278303 -0.572425
 -0.979036 -0.184951  0.241561  0.024509  0.328604 -0.412705  0.331933
 -0.336611 -0.12244   0.322874  0.315708  0.162534 -0.547264]
[ 0.203837  0.021009 -0.937574 -0.035907  0.109082  0.297999  0.17248
  0.231353  0.303153 -0.954279  0.134647  0.268428  0.319658  0.332165
  0.295531  0.258115  0.282471  0.293827 -0.605594 -0.353402]
[ 0.067191 -0.145901 -0.052826 -0.124341 -0.966796  0.130878  0.291858
  0.267109  0.276626  0.203538 -0.943756 -0.843121  0.209544  0.234359
 -0.517075 -0.944101 -0.928504  0.192319  0.318966 -0.052559]
[ 0.305112 -0.099626  0.243124 -0.937369  0.30485   0.331556  0.09292
 -0.766135 -0.999413  0.265968 -0.817974  0.115277 -0.249485  0.059534
  0.192898  0.273295  0.093165 -0.142653  0.146354  0.013457]
[ 0.250144  0.159055  0.319664  0.269547 -0.296144  0.324299 -0.807881
 -0.812399 -0.231381  0.15429  -0.990041  0.038036  0.223722  0.293984
 -0.230713 -0.16964   0.234936  0.327714 -0.094082  0.301114]
[-0.800313  0.303251 -0.987361  0.24437   0.24149   0.280497 -0.287718
 -0.264247  0.043342  0.278319  0.287776  0.333304  0.324934  0.265988
 -0.881617  0.333039 -0.913706  0.158277  0.328589  0.205017]
[-0.987824  0.323761 -0.090635  0.229506 -0.806127 -0.897958 -0.518024
 -0.851526 -0.999964  0.096897  0.003348  0.118323 -0.03812   0.330703
  0.188301  0.106661  0.103342  0.067818 -0.117845  0.173698]
[ 0.265943  0.222672  0.289824  0.215528 -0.803151 -0.002522  0.12687
  0.333278  0.333332  0.241    -0.012143 -0.977604 -0.415868  0.188401
  0.333258 -0.936234 -0.916656 -0.983422 -0.370719  0.250543]
[ 0.331667  0.047754  0.333254 -0.127455  0.325581  0.031107  0.077141
  0.161514  0.325868 -0.778902 -0.433436 -0.995722 -0.75027   0.328901
  0.325008  0.310738  0.249029 -0.884737  0.323861 -0.273851]
[ 0.324677  0.004377 -0.963639  0.277663  0.182668  0.312661  0.072717
  0.284581 -0.700694  0.175695  0.262926  0.134851  0.330261 -0.523281
  0.301323 -0.312716  0.332598  0.045251 -0.506596 -0.884635]
[-0.48335   0.316117 -0.825357  0.125732  0.333327 -0.609295 -0.149001
  0.040696  0.021591  0.325373 -0.330211  0.073552  0.075142  0.231775
 -0.207391 -0.128546  0.320986  0.247872  0.312892  0.333163]
[ 0.317702  0.321592  0.252645 -0.508053  0.315334 -0.870902 -0.800895
  0.29817   0.33178  -0.596777 -0.041643  0.261774  0.180209 -0.024502
  0.064123 -0.626464 -0.156705 -0.796474  0.329823  0.33026 ]
[-0.98458   0.259671 -0.692759 -0.249866  0.256946  0.099415  0.331123
 -0.936981 -0.504825  0.326985  0.199647  0.318191  0.303334  0.308672
  0.139471 -0.577259  0.332131 -0.958949  0.327487  0.291058]
[ 0.257395  0.222673 -0.151114 -0.057678  0.171735  0.14073   0.332496
  0.333055  0.302135  0.219116 -0.13163   0.248719 -0.312147  0.330143
 -0.063399 -0.733598 -0.326128  0.273467  0.332199  0.280602]
[ 0.297883  0.329432 -0.357496  0.254179 -0.54964  -0.315301  0.287973
  0.333072  0.306893 -0.936135  0.310738  0.327659  0.330753 -0.43582
 -0.787219  0.119324 -0.977408 -0.390179  0.316164  0.185517]
[ 0.333033  0.24086  -0.058662  0.327328 -0.12986   0.023448  0.325299
  0.158372  0.324378  0.267434  0.305913 -0.67976  -0.453971  0.289771
 -0.406052  0.332781 -0.124929  0.328661  0.328535  0.001864]
[-0.199299  0.325503 -0.039785 -0.698591 -0.055063 -0.555597 -0.266233
  0.327391  0.213685  0.283147  0.28955   0.012494  0.30394   0.283469
 -0.142582 -0.120213  0.303104 -0.491022 -0.357224 -0.282873]
[-0.107398  0.33165   0.296877  0.279492 -0.781948  0.149446  0.045321
 -0.170449  0.246055 -0.342135  0.305595 -0.128226 -0.358636  0.277333
  0.329778  0.153876 -0.294652  0.133388  0.115521  0.05466 ]
[  2.993626e-01   2.319379e-01   3.303578e-01   8.527723e-02   3.333258e-01
   2.893947e-01   2.787527e-01  -9.614436e-01   6.988202e-04   3.186424e-01
   1.924440e-01   3.306159e-01   2.038445e-01   3.106426e-01  -4.294013e-02
   2.516966e-01   3.332516e-01   2.105982e-01   1.082413e-01   3.306512e-01]
[ 0.162954  0.305158 -0.099685  0.309427  0.20237   0.306197 -0.753291
  0.333333 -0.565645 -0.466008  0.238724  0.112206 -0.204406  0.048337
  0.186458  0.306189  0.080937  0.268446  0.243391 -0.008254]
[  2.080105e-01   3.328431e-01  -9.044546e-01   2.190245e-01   3.173284e-01
  -5.215981e-01   1.980523e-01   3.213902e-01  -7.931811e-04   2.672180e-01
  -1.944933e-01  -3.872215e-01   1.249852e-01   2.024816e-01  -1.938773e-01
   1.454922e-01   3.274608e-01   2.105184e-01   2.938347e-01   3.220553e-01]
[-0.999729 -0.749941 -0.071548  0.318832  0.292971  0.331181 -0.987011
 -0.381438 -0.020028 -0.139822  0.317963  0.108905  0.294895  0.333037
  0.05667  -0.999163  0.315047  0.320017 -0.534464 -0.421197]
[ 0.289685  0.323451 -0.719801 -0.607444  0.310862 -0.403718  0.322104
  0.319717  0.275462  0.280511  0.313755  0.332413  0.317275  0.201628
  0.012478  0.183887  0.333268  0.280488  0.327266  0.094816]
[ 0.314858 -0.235088  0.134193 -0.832837  0.017049  0.084826  0.172518
 -0.998384  0.203969  0.319217  0.325912  0.149702  0.33168   0.29171
 -0.494381  0.266178  0.142599  0.30586   0.266725 -0.993404]
[ 0.331402  0.257472  0.224954  0.028258  0.246639 -0.168071 -0.028145
 -0.069695  0.293402 -0.501865 -0.932561 -0.084462 -0.765058  0.202104
  0.297989 -0.077554 -0.566219  0.312621  0.314281  0.31034 ]
[ 0.305098 -0.956381  0.262773 -0.371552 -0.987175 -0.700248  0.320508
  0.281698 -0.446382  0.219085  0.038325  0.20263   0.333006 -0.932974
  0.099188 -0.938313 -0.388534  0.306367  0.319148 -0.55394 ]
[ 0.09717  -0.475663 -0.99536   0.267255  0.194603 -0.111642  0.246475
  0.170963  0.174649  0.304734  0.327361 -0.990134  0.235241  0.288068
 -0.302033 -0.546203  0.123881 -0.5719    0.182893  0.260916]
[ 0.243344  0.309678  0.333225  0.317798 -0.211181 -0.707867  0.308487
  0.279475  0.267318  0.285257 -0.311735 -0.706112  0.051775  0.27148
  0.325431  0.291253 -0.048048  0.332633 -0.998648  0.291484]
[-0.06208   0.139168 -0.216982  0.169567  0.248459  0.190605  0.245328
  0.191611  0.256128 -0.703956 -0.136319  0.332836 -0.221348 -0.767857
  0.250883  0.090962  0.311466  0.332105  0.24701   0.153455]
[ 0.266814  0.330067 -0.11511   0.174314  0.254858  0.252475  0.23037
 -0.437031  0.290052  0.257677  0.308472  0.213028  0.130821  0.321472
  0.026684  0.333135  0.27285   0.272278  0.329275  0.083904]
[-0.209481 -0.687923  0.308716 -0.984342  0.331877  0.305636 -0.501515
  0.032813 -0.304893  0.315973  0.327479  0.318584  0.317872  0.246982
  0.102903  0.330198 -0.463877  0.126709  0.11029   0.095547]
[-0.722477  0.090623 -0.646392 -0.117439 -0.981161  0.315044  0.296748
  0.294033  0.256972  0.188359 -0.877559 -0.173496 -0.996609  0.329969
 -0.109204 -0.461959  0.25374   0.237217  0.30185  -0.231426]
[-0.902149  0.330425  0.324496  0.265777  0.173938  0.086076 -0.415847
  0.166695  0.290455  0.140087  0.037408  0.22316   0.332212  0.202053
  0.128667  0.332921  0.272456  0.179513  0.286434  0.236753]
[ 0.326836  0.289787  0.140789  0.328386  0.254596 -0.750289  0.192243
  0.323238  0.130784  0.191249  0.201475  0.33332   0.329242  0.280433
  0.24085   0.02608   0.316236 -0.328299  0.044363 -0.85751 ]
[ 0.168768  0.015437  0.173976  0.331504 -0.156581 -0.38679   0.092645
  0.200303  0.286814  0.172264  0.147752  0.192957 -0.025125  0.039933
  0.128498 -0.996183  0.305171  0.146942  0.181961  0.327389]
[ 0.219453  0.324392 -0.510307 -0.268587  0.069984 -0.966994 -0.549622
  0.318734 -0.392563 -0.532201  0.248433  0.17101   0.18799   0.293373
 -0.064201  0.303878  0.228481 -0.050085  0.184639  0.308523]
[ 0.333328  0.329655 -0.031801 -0.948762 -0.426078  0.317632 -0.634103
  0.222156  0.15477   0.060204  0.298057 -0.805232  0.325684 -0.985722
  0.013593  0.06665   0.324111  0.176084  0.321287 -0.99813 ]
[ 0.328094 -0.119455  0.269166  0.185582  0.273334 -0.070679 -0.195744
 -0.248152  0.222466 -0.095983 -0.858609 -0.192558  0.191999  0.186097
  0.33294   0.325559  0.090848  0.316987 -0.274009  0.28475 ]
[ 0.203127 -0.032318  0.280503  0.310757  0.317934 -0.99695  -0.135082
  0.174965 -0.138364 -0.25648   0.311398  0.324014  0.120121  0.329522
  0.202032  0.25905  -0.816078  0.08892   0.332096 -0.039286]
[ 0.331039  0.167291  0.220541  0.205241 -0.492671  0.160018 -0.155392
  0.056122  0.333248  0.316162  0.332654  0.318196  0.256234  0.33123
  0.332171 -0.154455  0.273307  0.333331 -0.716213  0.082706]
[-0.131879 -0.000958  0.1549    0.001477  0.299839  0.288515 -0.304805
  0.327374  0.333063 -0.09211   0.3316   -0.236795  0.239     0.284856
  0.325389  0.280083  0.332573  0.333324 -0.045242 -0.904371]
[ 0.018108 -0.112859 -0.395494 -0.039967  0.285235  0.015038  0.038907
 -0.689206  0.30132   0.285135  0.276582 -0.210209 -0.973184 -0.145473
 -0.114404  0.267238  0.311328  0.3238    0.320483  0.221168]
[ 0.311731 -0.747683  0.315593 -0.253871  0.131278  0.26126   0.157514
  0.275814  0.324932  0.107743  0.316762  0.327577  0.097384  0.294898
  0.316163  0.322347  0.015423 -0.977906  0.278985 -0.999697]
[ 0.331176  0.314137 -0.95951   0.273348  0.221372 -0.142074  0.197336
  0.063558  0.124261  0.144922  0.325952  0.294902  0.116172 -0.581938
  0.290889  0.273255  0.330684  0.318555 -0.491906 -0.5582  ]
[ 0.177243  0.146196  0.305098  0.325962 -0.072264  0.203392 -0.07563
  0.269585 -0.576796 -0.593721 -0.204143  0.256181 -0.336253  0.266848
  0.082672  0.325126  0.27986  -0.061276  0.286678 -0.096042]
[-0.260246  0.267965 -0.855051  0.016775 -0.747049 -0.431029 -0.992428
  0.315486 -0.326972 -0.421005  0.160443 -0.45903   0.293787 -0.673257
  0.316699  0.228001  0.25009   0.229967  0.290092  0.250163]
[ 0.313896 -0.244677  0.32558   0.07694  -0.235574  0.327826 -0.415799
 -0.146275  0.232035 -0.759621 -0.475057 -0.999958  0.284035  0.039343
 -0.365904  0.127145  0.191343 -0.290729 -0.470793 -0.914166]
[0.068810582373889151, 0.0021664545793802503, -0.025485149650469496, -0.10513467070119858, 0.022849354024464641, 0.0074673839912529211, 0.052670376808181096, -0.026164359518707742, -0.040342146838709736, 0.067727654025278625, 0.0045249160960506019, -0.00074512688802167576, 0.017815318767197025, -0.070724509269250113, 0.034707039974037346, 0.041268057674857084, -0.080065575178625559, 0.033071641915674022, -0.095375080658804068, 0.079035165210735836, 0.02695328067948552, -0.037814652652272518, 0.013424774713563079, 0.014630583658971741, 0.014521067948591149, 0.046843746579499745, 0.0013052962107126254, -0.0070699740006984757, -0.028630160163540808, 0.056730529840345489, 0.040211828810927885, -0.023339962953838, -0.020492967969707843, -0.020331829086312037, 0.022376518081925201, -0.0042561025919891082, 0.053801051198222621, 0.05400747290835245, 0.020612121841349806, 0.0023217071352820973, -0.01734989011803803, 0.014696037480796842, 0.018094680842016098, 0.014456077736157646, -0.011555773396143665, -0.015145228700278901, 0.0028494982169376959, 0.043815120013591474, 0.018764305304435236, 0.050591672711240487, 0.0067553501139192562, -0.0050283993049117792, -0.028152410196339961, 0.0059601947372779282, -0.021284234924154266, 0.046582013346234755, 0.017362567611894808, -0.011401472935011481, -0.029184956487469771, 0.023735378328784695, 0.027293954015882554, -0.042438284618223521, -0.074731059774849562, 0.016134451439876518, -0.061599062924633352, -0.0043868722570109542, 0.041394870907380477, 0.066595939799890813, 0.0068427246856409552, 0.025962767724004659, 0.02720416686430939, -0.017112068963999805, 0.050056875546437618, 0.034539845217775589, 0.015777538009713377, 0.032024486002900754, -0.00037387672384459059, -0.0026415770498947611, 0.072470731786236087, 0.039520821463777792, 0.084871141586592258, -0.014000964805117991, 0.057089922688513067, -0.024692543177736864, 0.031201908855274851, 0.0045796113095273316, 0.078618431457833149, 0.054095258775546037, -0.0064062380316453338, -0.051815331188918401, 0.011570464833779104, 0.013561927307255695, -0.03302533825883075, -0.0050616830002163382, 0.010687519179358295, 0.14318565080645573, -0.0034305471693781842, -0.0099075859114333698, -0.015052543012734759, -0.022664216538396897]
('time: ', 9110.798269987106)
