“Running plot script on a single CPU core”
[-0.485797 -0.462889  0.27498   0.291682  0.323598  0.23624  -0.914556
  0.167173 -0.029329 -0.259121  0.26729   0.312864 -0.667775  0.310876
  0.120148  0.310646  0.211238  0.250621 -0.319348  0.160684]
[ 0.31964  -0.086766  0.048762  0.331428  0.320652 -0.922758  0.276323
  0.333027 -0.209138  0.130735  0.080185  0.17473   0.333077  0.181708
  0.251494  0.194471 -0.282917 -0.789744 -0.570111  0.113731]
[ 0.197741 -0.991483  0.275497  0.328203 -0.305946 -0.019434  0.197003
  0.317022  0.333329  0.25809   0.252758  0.263862  0.092901  0.297696
  0.107118 -0.607109 -0.330747 -0.330169 -0.987213  0.318881]
[ 0.182342  0.2523   -0.912762  0.016517  0.330351  0.331825  0.26739
  0.310818 -0.133633  0.047452  0.252131  0.305094  0.225797  0.300104
  0.286062 -0.991545  0.324477  0.126954  0.30588   0.159284]
[-0.108397  0.329233 -0.817978  0.316514 -0.07097   0.212856 -0.995925
  0.267849 -0.553612 -0.995908  0.333303 -0.091122  0.285707  0.019241
 -0.060552  0.281656 -0.402164 -0.966593 -0.527281  0.2838  ]
[ 0.331042  0.226897  0.07685   0.262194  0.129747 -0.342584  0.322747
  0.146931  0.140586 -0.185013 -0.096015 -0.547512 -0.104119  0.329616
  0.311405 -0.581451 -0.951482  0.285074 -0.184601  0.303692]
[ 0.271334  0.31026  -0.379982  0.134496  0.315025  0.173265  0.30994
  0.209861  0.325164  0.142387 -0.067195  0.208594  0.146363 -0.63252
  0.284352 -0.174501  0.258791  0.333322  0.306513  0.322048]
[-0.963825 -0.118314  0.244833 -0.699054 -0.98257  -0.121372 -0.128114
  0.128884 -0.968635 -0.649431 -0.022214  0.247835  0.330153  0.300813
 -0.98413   0.297514  0.332872  0.197012  0.324195 -0.652575]
[ 0.325796 -0.135414 -0.108654  0.33099   0.245065  0.245767  0.173342
 -0.259302  0.143185 -0.999975  0.301945 -0.205667  0.326298  0.331034
 -0.368528  0.3142   -0.005923 -0.133956  0.329233 -0.817748]
[-0.969938 -0.963088  0.330191  0.099763  0.284719 -0.789345  0.316936
  0.317929  0.267651  0.326966 -0.357285 -0.998687  0.324052  0.1569
  0.218534 -0.149891 -0.470917 -0.61887  -0.250585  0.333287]
[ 0.305397  0.11956  -0.999155 -0.052823  0.235713  0.225602  0.321199
  0.323044  0.328844  0.148316 -0.507022  0.076137  0.286318  0.222382
  0.059314  0.288703  0.027909 -0.941635  0.276975  0.287815]
[ 0.237026  0.327703  0.259145  0.164253  0.30108  -0.984422 -0.704101
 -0.540852  0.235524 -0.366299 -0.173708  0.031639  0.319079  0.326384
 -0.816392 -0.371051  0.184326  0.31104   0.26145   0.208893]
[ 0.309713  0.085842 -0.124043  0.317702  0.284767 -0.071237  0.157447
 -0.627294  0.333144 -0.039046 -0.027213  0.223869 -0.96725  -0.012621
  0.161341  0.317294  0.27611   0.332827  0.332064  0.29617 ]
[ 0.330219 -0.082826  0.063979  0.106552  0.328149  0.069309 -0.883527
  0.116771  0.289254 -0.171902 -0.059294 -0.669559  0.325371  0.322371
 -0.146562  0.320019  0.169975 -0.100261 -0.911013  0.175273]
[ 0.315525 -0.097639 -0.397101  0.283468  0.333114  0.317402  0.313795
 -0.478075 -0.220846  0.048503  0.093927  0.333063 -0.053765  0.203431
  0.304497 -0.910082  0.229763  0.302084 -0.166486  0.333243]
[-0.304544 -0.292953  0.332703  0.22656   0.330928  0.264633  0.042359
  0.332714  0.313614  0.062604 -0.03607  -0.724671  0.303558  0.294106
 -0.154434  0.282864 -0.518747  0.176188 -0.568489  0.28865 ]
[-0.901382  0.331258  0.019628  0.326126  0.111231  0.278676  0.111381
 -0.716171  0.257415 -0.111166  0.271711 -0.590263 -0.39916   0.328806
  0.130275 -0.195615  0.162623  0.181225  0.314858 -0.908584]
[ 0.230537 -0.389091  0.215323  0.248106 -0.628038  0.317151  0.216344
 -0.465423  0.270582  0.160806  0.322869  0.181093  0.316273 -0.611015
 -0.05009   0.008757  0.22758  -0.973323 -0.465512 -0.990336]
[-0.854564  0.306034  0.120172  0.148219 -0.357828 -0.784294  0.302636
  0.31164   0.180938  0.315033 -0.650284 -0.208768  0.206073  0.244378
 -0.619035 -0.757489  0.315657  0.074496  0.303394  0.051312]
[ 0.32979   0.019906  0.238367  0.205021  0.331126 -0.687416 -0.999998
  0.171768  0.317773 -0.046335  0.296882  0.333322 -0.160834  0.319731
 -0.2945    0.333285  0.332525 -0.974643  0.28074  -0.261487]
[ 0.309747  0.306728  0.321485  0.119874  0.066128  0.299519  0.22775
 -0.025974  0.332777  0.310712  0.319935  0.326724  0.193343 -0.581629
  0.303045 -0.310804  0.323841 -0.54516   0.321799 -0.16448 ]
[-0.147174 -0.997841  0.332721  0.098954 -0.768988 -0.00494   0.267846
 -0.66257   0.332614  0.056813  0.217611  0.32123   0.321798  0.332439
  0.298932 -0.010735  0.333179  0.327641  0.316132 -0.428763]
[ 0.251215 -0.156265  0.309842  0.325291  0.246043  0.044365 -0.156824
 -0.99704   0.333208  0.312801  0.089676  0.121429 -0.84305   0.296937
 -0.999395  0.150589 -0.782607  0.2599   -0.373734  0.314814]
[-0.75758   0.11272   0.31777   0.195949  0.210131  0.311012  0.32303
  0.217562  0.270962  0.278405  0.24229   0.331449  0.293283 -0.303553
  0.278061  0.255262 -0.858376 -0.998219  0.327179  0.289687]
[-0.319165  0.318702  0.01467  -0.605622  0.322784  0.073356 -0.44216
  0.311036  0.001403  0.128349  0.294531 -0.156628 -0.451288 -0.707235
  0.214115 -0.015983  0.308027 -0.707446  0.195272  0.029632]
[ 0.312335 -0.099865  0.029937  0.008335 -0.440693  0.122017  0.33224
 -0.007416  0.209309  0.305604  0.332644  0.10953   0.066295 -0.693886
 -0.094849  0.288141 -0.399814  0.327868  0.237843 -0.655186]
[ 0.325931  0.310528  0.316789 -0.024657  0.303023 -0.899746 -0.883308
  0.284335  0.074037  0.315558  0.178792  0.207582  0.015541 -0.778335
  0.333154 -0.090617  0.321962  0.257197  0.325106  0.125778]
[-0.894145 -0.800148  0.276408  0.100717  0.235791  0.024353  0.323409
 -0.075749  0.154596  0.296734  0.263697 -0.212112  0.283059  0.205171
  0.229232  0.310702 -0.875749 -0.970833 -0.240951  0.117065]
[ 0.327802  0.332056  0.096232  0.327814  0.330313  0.332228  0.325029
 -0.989022  0.164864 -0.993108  0.228576  0.296976  0.322947  0.303393
 -0.331206 -0.140683  0.308244  0.330172  0.332914 -0.97212 ]
[ 0.016728 -0.734126  0.155284  0.314354  0.135317  0.188375 -0.213984
  0.333287  0.311905  0.02315   0.286091 -0.198211  0.155983 -0.379571
  0.328433 -0.939837  0.259392  0.329784  0.330546  0.232974]
[ 0.0792    0.324692  0.249626  0.063776 -0.323304 -0.058905 -0.144097
  0.278617  0.33253   0.296789  0.055765  0.333296 -0.061692  0.223078
 -0.717859  0.310104 -0.382691  0.303534  0.224668 -0.245841]
[ 0.323817  0.301614  0.317886  0.175988  0.291543  0.232991  0.292201
  0.280883  0.246217 -0.165192  0.307079 -0.51402   0.261796  0.307332
  0.326483 -0.901701  0.202117  0.208118  0.137782  0.31212 ]
[ 0.196378  0.213042  0.332505  0.166011 -0.296192  0.301546  0.241196
 -0.405755  0.259695  0.311279  0.203524  0.280776 -0.314315  0.006746
  0.179235  0.22729   0.239882 -0.611031  0.325267  0.333287]
[-0.035545  0.117436 -0.338307  0.084012  0.21861  -0.733744 -0.880783
  0.147958  0.259121  0.33292   0.296708 -0.012284  0.243565  0.248018
  0.18526  -0.70779  -0.98113   0.135949  0.30984   0.231832]
[ 0.174616  0.327092  0.121924  0.164103 -0.376484  0.323377  0.309833
  0.174584  0.220861  0.330735  0.314962 -0.998247  0.298947  0.291246
 -0.119242  0.324337  0.275956 -0.352174  0.246572 -0.292778]
[-0.538923 -0.260927  0.312371  0.258213  0.302429  0.330841 -0.488235
  0.332941 -0.056213  0.333299 -0.70308  -0.081425  0.186538 -0.281871
  0.286194  0.316014  0.333215 -0.194314  0.276416 -0.844058]
[ 0.294667  0.172978  0.215884 -0.30289  -0.258482  0.320531  0.32526
  0.31893   0.278463  0.332016 -0.998828  0.215016  0.257033  0.172991
 -0.523256 -0.351102 -0.084628  0.321381  0.197784 -0.929057]
[ -5.561793e-01   2.382441e-01   3.154054e-01   1.931263e-01   2.918462e-01
   2.567784e-01  -1.054928e-02  -5.290974e-01   1.962493e-01   3.238758e-01
   3.030639e-01  -8.227039e-01   4.167937e-04   3.311308e-01  -6.912002e-02
  -1.881302e-01  -9.954448e-01   3.098994e-01   2.228095e-01  -8.259149e-01]
[ 0.326913 -0.909202 -0.278844  0.210553  0.316552  0.329061 -0.280261
  0.229626  0.33161   0.214303 -0.187987 -0.26574  -0.229657 -0.811269
 -0.476452  0.333291  0.326128 -0.067746 -0.164131  0.133227]
[ 0.178431  0.307453 -0.217762  0.273338  0.141872  0.327194  0.332599
  0.278604  0.332799  0.269532  0.242025 -0.14926   0.325511 -0.950948
 -0.879757 -0.95544   0.227793 -0.777743  0.322023  0.191179]
[-0.980995 -0.13299   0.302814 -0.617123  0.307522  0.080709  0.314705
  0.197594 -0.050411  0.320337 -0.43319  -0.315762  0.309694  0.32652
  0.328811  0.323883  0.321789  0.272261  0.319743 -0.742809]
[-0.220239 -0.360265  0.086108 -0.294998  0.238057 -0.973704  0.332
  0.301805 -0.911186  0.081114  0.331459 -0.03765   0.33332   0.327124
  0.330605  0.275173 -0.290644  0.218922  0.33012   0.326465]
[-0.74397   0.073629  0.321658  0.138256  0.330323 -0.933903  0.295732
 -0.094334  0.028594 -0.002921  0.301893  0.312115  0.332892  0.329394
 -0.73973   0.052402  0.115405 -0.44307  -0.783031 -0.253212]
[ 0.113124  0.333197  0.118407  0.332528  0.02594   0.24605   0.269359
  0.089326  0.283079 -0.722621  0.190549 -0.98948   0.33202   0.3016
 -0.086904  0.154389 -0.239389  0.324426  0.327602  0.202088]
[ 0.285302 -0.738957  0.305322  0.331883 -0.120644  0.211961 -0.219584
  0.31182   0.3312    0.226325  0.149677 -0.018566  0.069002 -0.037204
  0.296491  0.091156  0.151676  0.01262   0.321821 -0.074876]
[ 0.192885 -0.146797  0.297422  0.152998  0.333307 -0.461976  0.158399
  0.175517  0.326171  0.297847  0.213531 -0.459111  0.273495 -0.647478
 -0.467854 -0.074309  0.332993  0.148855  0.332683  0.312206]
[-0.358481  0.332609  0.308215  0.007682 -0.276879  0.328712  0.287139
 -0.962763  0.174781  0.333312  0.148103  0.283917 -0.453725 -0.371635
  0.020084 -0.012138  0.324909 -0.256065 -0.506233 -0.940191]
[ 0.327058  0.053031  0.252852  0.330138  0.32303  -0.983816  0.281977
  0.31568  -0.627563 -0.206889  0.330846  0.333099  0.245585 -0.03756
 -0.982151 -0.119838  0.313482 -0.860926  0.141857  0.177892]
[ 0.185238  0.33226   0.333311  0.259265  0.112399  0.294389 -0.372059
 -0.111234  0.230016 -0.999972  0.226937 -0.010231  0.119093  0.311582
  0.229929  0.102583  0.332062  0.328314  0.12147   0.32215 ]
[-0.080825 -0.237655  0.329778  0.094657  0.260223  0.302377  0.141522
  0.266939 -0.081498 -0.436504  0.30154  -0.059332 -0.333607 -0.107381
  0.264279  0.332085 -0.90569  -0.993669  0.313413  0.322522]
[ 0.207609 -0.571192  0.325672 -0.896162  0.225521  0.330568  0.326327
 -0.986567 -0.20363  -0.15616  -0.731413 -0.494708 -0.261302  0.332957
 -0.274805  0.322675  0.260646  0.243421  0.329013  0.333333]
[ 0.333171  0.145021  0.321251  0.325543 -0.005748  0.137886 -0.85525
  0.105651 -0.939084 -0.741839 -0.731338  0.311516  0.26802  -0.188961
  0.018372  0.256579  0.09884   0.037118  0.227415 -0.013011]
[ 0.329401  0.313456  0.154333  0.326421  0.323141  0.231459  0.273522
  0.078213 -0.314393 -0.506497 -0.021231 -0.081598 -0.540856  0.318977
  0.23313   0.059798  0.282416  0.120086 -0.546235  0.059324]
[-0.981487  0.329414  0.321027 -0.912095  0.028427 -0.358556  0.327076
  0.309034  0.322409  0.282175  0.266579 -0.950775 -0.036798  0.333011
  0.298248 -0.450138  0.317461  0.198853  0.308333  0.173815]
[ 0.215415 -0.862476  0.328411  0.240588  0.272179 -0.55591   0.130322
  0.244654  0.331474 -0.01825  -0.512358 -0.569451  0.173718 -0.622148
 -0.39637  -0.82723   0.329812  0.193185  0.292842  0.327194]
[ 0.332738 -0.947061 -0.973443  0.216386 -0.019923 -0.034683  0.197997
 -0.372765  0.223714  0.322903  0.223404  0.081639  0.193287  0.313164
  0.289403  0.215151 -0.943624  0.049848  0.332356 -0.037276]
[ 0.20843   0.00967   0.313072 -0.944483  0.275645  0.295628 -0.007645
  0.307618 -0.601996  0.320755  0.245582  0.00247   0.236541 -0.056862
 -0.67671   0.209143  0.28795   0.321869 -0.141183 -0.643057]
[ 0.028565  0.259115 -0.295394 -0.153631 -0.600077  0.238445 -0.206131
 -0.261638 -0.580841 -0.898313 -0.146003 -0.402876  0.304961  0.330594
 -0.425491 -0.455598  0.082671  0.312943  0.192871  0.326009]
[-0.177639 -0.999828  0.33171  -0.983768  0.286122 -0.478167  0.113234
 -0.164912  0.333265 -0.58013   0.325958  0.162075 -0.995443  0.240787
 -0.552621  0.331345  0.013816  0.09881  -0.118098  0.265217]
[ 0.020763  0.328799  0.331423  0.180833  0.330814  0.202218  0.042699
  0.333216  0.053134 -0.093431  0.319191 -0.594613 -0.032314  0.259288
 -0.308802  0.182636 -0.428472 -0.038908  0.33244   0.154884]
[-0.214112  0.312356  0.326455 -0.953139  0.252999 -0.071321  0.321447
  0.287287  0.162851  0.321689  0.300724 -0.516866  0.303974  0.141231
  0.122435  0.333314  0.29348  -0.486511 -0.258247 -0.448979]
[-0.062076  0.152429 -0.959415 -0.994224  0.114807 -0.055921  0.33273
 -0.056453  0.323543  0.312026  0.327406  0.332274 -0.849903  0.333268
  0.288943  0.291675  0.248552  0.277478 -0.95422  -0.974719]
[-0.212758  0.133158 -0.245724  0.127016  0.319273  0.271869 -0.001137
  0.253563 -0.962159 -0.091491  0.33226  -0.842551  0.20156   0.275097
 -0.103164  0.275166 -0.013848 -0.708672  0.306364 -0.044731]
[ 0.328518 -0.058902 -0.994845  0.333224  0.1807    0.31704  -0.967692
  0.236823 -0.11373  -0.099394  0.214475 -0.027365  0.245861  0.114296
 -0.193605 -0.375646  0.333333 -0.258172  0.217647 -0.07666 ]
[-0.535149 -0.405876 -0.080916  0.284022 -0.239459  0.255463  0.214002
  0.141422 -0.067461  0.039025 -0.280719 -0.510698 -0.52358   0.331629
  0.165093  0.311854  0.290572  0.17788   0.319415 -0.247102]
[ 0.127194  0.316262 -0.397004  0.291112  0.160948 -0.893345 -0.057867
  0.29381   0.228917  0.326941 -0.914632  0.034609  0.136266 -0.231383
 -0.996725 -0.832965  0.222482  0.254167  0.270657  0.09846 ]
[ 0.277504 -0.12662   0.271072  0.083239  0.260947  0.184807 -0.024646
  0.249943  0.319926 -0.569694 -0.167022  0.108275 -0.417121  0.270568
  0.113291  0.333156  0.167885  0.164442  0.284121  0.322043]
[ 0.280249  0.3031    0.114578 -0.953188  0.19636   0.25657  -0.828813
  0.263778 -0.03066   0.084686 -0.893508  0.292742 -0.103303  0.148057
  0.096789  0.333289  0.317975  0.158023 -0.493643  0.224358]
[ 0.198209 -0.999992 -0.400862 -0.69576   0.211572 -0.021125  0.314555
  0.164796  0.326746  0.127326  0.23975   0.168342 -0.729758 -0.165457
  0.319812  0.328585  0.305826  0.023136 -0.274051 -0.137606]
[ 0.323082  0.152041  0.326044  0.14933  -0.025028 -0.924078  0.29083
  0.326904  0.321806  0.071967  0.276865  0.165271  0.228844  0.160707
 -0.487178 -0.646378  0.272166 -0.253451  0.112041  0.215051]
[ 0.283694  0.28067   0.331534  0.333326 -0.016995 -0.375641  0.311498
  0.268676  0.292142  0.314058  0.229614 -0.381937  0.333331  0.200404
 -0.023606 -0.661102  0.2306   -0.095479  0.035084  0.332886]
[ 0.023292 -0.076174  0.246008 -0.61498   0.330454  0.317227  0.251271
 -0.604125  0.148803  0.278603 -0.146926  0.323431  0.054659  0.092868
  0.149573  0.279515  0.315262 -0.189024  0.077471 -0.229795]
[ 0.234663 -0.524047  0.333331  0.32013   0.291676  0.082224  0.147428
  0.309536  0.325875  0.331244 -0.995744  0.289343 -0.151148  0.331445
 -0.069164 -0.080854  0.311382 -0.107517 -0.993761  0.051429]
[-0.194814  0.081262  0.27968   0.319029  0.081532 -0.502909  0.178929
 -0.963756 -0.999032  0.270308 -0.88892   0.20354   0.286428 -0.938258
  0.33325   0.297084  0.333294 -0.986628 -0.115506 -0.75299 ]
[ 0.00962   0.064195 -0.997753  0.328109  0.216598 -0.052416  0.120161
  0.331833  0.292703  0.0682   -0.019608  0.308936  0.288838  0.319666
  0.328037  0.310518  0.285835  0.059328  0.181692 -0.578121]
[ 0.289775  0.028923 -0.087498 -0.955179  0.123906 -0.20568   0.317822
  0.032924  0.327893 -0.295587  0.309219 -1.        0.29612  -0.673823
  0.065264  0.301197 -0.221733  0.318154  0.206867  0.262712]
[-0.398297  0.222698  0.28523   0.295928  0.269427  0.329577  0.327566
  0.044297 -0.317694  0.156358  0.242623 -0.015608 -0.883303 -0.357148
  0.332976 -0.986398  0.264395  0.293341  0.333231  0.31485 ]
[ 0.255446  0.279485  0.328061  0.299992  0.332226 -0.074041  0.328525
 -0.033142  0.315966  0.247848 -0.396643 -0.189326 -0.056053  0.052918
  0.286802 -0.959654  0.323459  0.333144  0.320865 -0.918885]
[ 0.331288  0.276375  0.210432 -0.949486  0.29856   0.316952 -0.369803
 -0.827851 -0.491419  0.008764  0.308587 -0.655542  0.309603  0.177394
 -0.423078 -0.420799  0.305853  0.327795  0.31993   0.142444]
[ 0.331474  0.192326  0.330634  0.033353  0.330112  0.266531  0.330566
  0.308085  0.04757  -0.20611   0.287427 -0.654817 -0.096088 -0.624766
  0.239068  0.227511  0.285591  0.333118  0.22272   0.156195]
[ 0.249591  0.277904 -0.073961  0.324449  0.220189  0.235364  0.108451
 -0.199371  0.245754  0.298935  0.233935  0.049296 -0.578109  0.320646
  0.222307  0.083443 -0.248873  0.315646 -0.216533 -0.199255]
[ 0.307543  0.26977   0.304956  0.333309 -0.949413  0.329816  0.305678
 -0.913524 -0.146343  0.292724  0.27148  -0.020148  0.273842  0.333217
  0.020113 -0.96545   0.304296 -0.842543  0.094142  0.312508]
[ 0.027134  0.324677 -0.843457  0.327167  0.328459  0.33135   0.326961
 -0.04531  -0.223975  0.328349  0.062739  0.332621 -0.958385  0.193825
 -0.112442  0.152913  0.269356 -0.251515 -0.735018 -0.164905]
[-0.161448 -0.357263  0.267605  0.039947 -0.885732  0.241808  0.195487
  0.324821 -0.814143 -0.629578 -0.476811 -0.465655  0.25722   0.316221
  0.332724  0.085938 -0.930143  0.117336  0.329646  0.301924]
[ 0.287937  0.063979  0.203476 -0.148323 -0.013234  0.333303 -0.448738
 -0.397199  0.150316 -0.654899  0.305306 -0.991515  0.01434   0.315755
 -0.011301  0.306028  0.333281 -0.96688  -0.032929  0.313871]
[ 0.021296  0.059697  0.242136  0.265022  0.301066 -0.9948    0.326721
  0.160308  0.332712  0.244595  0.165283 -0.022768  0.175186 -0.994681
  0.308668  0.248043 -0.040467 -0.996333  0.318374  0.293524]
[ 0.331583  0.294029  0.287681  0.227466  0.246944  0.067018 -0.804651
  0.329781  0.305734  0.205413  0.071746 -0.657399  0.284015  0.060971
  0.319201 -0.451745  0.324723  0.324195  0.098241  0.275874]
[ 0.291169  0.328713 -0.506081  0.275726  0.33333   0.084509  0.304477
  0.284372  0.074754 -0.115828  0.077434 -0.983314 -0.994583  0.176204
  0.293483 -0.98923  -0.915702  0.121051  0.308048  0.054138]
[ 0.162203  0.325722 -0.999756  0.194317 -0.86596   0.308445 -0.995239
 -0.97384  -0.536508 -0.243682 -0.143273  0.24944  -0.646091  0.085431
 -0.400801  0.332038  0.073162  0.200011  0.186419  0.328094]
[ 0.266712  0.087393 -0.576042  0.326781 -0.906647  0.214335  0.329175
  0.331901  0.251879  0.33231   0.292696  0.269455  0.250205 -0.696353
 -0.989478 -0.880696 -0.246928  0.017493  0.30902   0.226351]
[ 0.333171  0.184326  0.33315  -0.195164  0.295249  0.240921 -0.930891
 -0.102739  0.232302  0.126896  0.33199   0.30918   0.332806  0.333199
  0.332158 -0.663443  0.201151  0.210283  0.299366 -0.026225]
[-0.602999  0.156251 -0.943014 -0.047483 -0.112069  0.321733  0.331447
  0.327433 -0.235516  0.098812  0.332424 -0.035273  0.302599  0.331736
 -0.036195  0.309944  0.264839  0.023395  0.320327  0.331444]
[ 0.299835  0.31784  -0.092954  0.184827  0.309174  0.329375 -0.889477
  0.287036  0.333252  0.270585  0.309522  0.220177  0.328752 -0.845325
 -0.121702 -0.292323  0.307647 -0.733215  0.213489  0.259327]
[ 0.327152  0.175201 -0.730923  0.319137  0.332842  0.295661 -0.9361
  0.206137  0.08284   0.10153  -0.999974  0.333128 -0.954335 -0.506099
  0.333246  0.329806  0.243654  0.311369 -0.195133  0.331617]
[ 0.310607  0.265657  0.326902  0.308225  0.332199 -0.388944  0.031816
 -0.788642  0.311017  0.119553  0.294717  0.010479 -0.856841  0.179255
  0.327203 -0.423869  0.2849    0.272453  0.188574  0.263471]
[ 0.057429  0.264744  0.323941 -0.849573  0.202456 -0.617666  0.045742
 -0.86021   0.285227 -0.186875 -0.078425  0.17486   0.150244 -0.999671
  0.083268  0.333103  0.299804  0.287061 -0.978501  0.333292]
[-0.234593  0.011426  0.314045 -0.491569 -0.418324  0.332107  0.2658
  0.277775  0.331764  0.12807  -0.235415 -0.945292  0.297643  0.196407
  0.297582  0.330919  0.333264 -0.905165  0.333333 -0.853827]
[-0.994908 -0.132727  0.255461  0.181096  0.292511  0.325586  0.332444
  0.225206  0.317799  0.21432   0.065946  0.084264 -0.08084  -0.43255
 -0.993038  0.245952  0.191696  0.313408  0.324774  0.332377]
[ 0.329321  0.145685 -0.223725  0.329262 -0.590148  0.117178  0.199507
  0.238164  0.314873  0.006742 -0.158463  0.157023  0.301844  0.332718
  0.226796 -0.494222  0.296231  0.231493  0.328654 -0.110433]
[ 0.06407   0.201964  0.329114 -0.874099  0.291416  0.004041 -0.210719
 -0.011439  0.033127  0.046008  0.288972 -0.3636    0.236081  0.331952
 -0.042102  0.290977  0.167055 -0.188634  0.20561   0.032844]
[0.0069558853266434295, -0.024610257653329803, 0.049291047331577048, -0.037519688716540794, -0.025231105173910723, 0.014698823813691198, 0.016304377024390915, -0.073468293913479199, 0.076808130732991725, -0.02619796615976322, -0.029708950929011935, 0.032269125966029016, 0.016068195563169629, -0.012725436122389022, 0.022131656599288618, -0.038713472939598315, -0.012789418958503496, 0.064835034150508314, -0.025165451836193675, 0.013145485901908505, 0.046131321210904852, 0.0091036553680660381, 0.062728103538418678, -0.0078377355912360169, 0.012111681001334917, 0.0087840472409989045, 0.07321407505194566, -0.059036207863181533, 0.10055703646252581, -0.0062612499813172288, -0.045320893238086579, -0.011110886686054811, 0.045524659513331983, 0.015649755322863675, 0.023725197932478653, 0.00095249495671612117, 0.086431840306684271, 0.015349153468464882, -0.020538209106532035, -0.0023908361549497825, -0.025046988218888733, -0.010521289628599884, -0.029852181984941217, 0.005459328897339133, -0.074063325229032695, 0.019750211957336727, -0.025128698671775418, 0.045436009359480389, 0.044517017537197945, 0.025107125724259341, 0.07106047858470585, -0.040118229855439391, 0.023452848905262558, -0.01999236764713197, 0.0011886821382315338, 0.044123820177516093, 0.044276403146423698, -0.065679206562686596, -0.015981319372085773, 0.056113577300465095, -0.025111113325598067, 0.0094908907080949179, 0.037129665395729511, -0.039024781243590212, 0.025989015581578401, 0.025278341626708209, 0.045021291969412708, -0.042387497363018722, 0.030190328411134643, 0.057163829152238221, 0.072335230343527707, -0.034206145837403182, 0.038621745466909024, 0.011059487742796692, 0.038240982357676048, -0.02309809094907761, 0.021579166599621835, 0.012148366313091713, -0.027240185239028325, 0.11400324791829888, 0.01888350133276287, 0.010191399058732731, -0.024169965676334712, 0.0068371995638488448, 0.034859092208748776, 0.046451738995588077, 0.068361598663620737, 0.034435769574275354, 0.0050678601089181319, -0.016623191652843261, -0.067510716473088261, -0.013762678462420297, 0.01958912044966199, 0.041097512896643318, -0.016907626254400621, 0.025902668258007737, -0.039818015733354112, -0.052060163139954874, 0.0075045383638567831, 0.051707740659285795]
('time: ', 9662.027917146683)
