“Running plot script on a single CPU core”
[-0.817552 -0.813858 -0.760685 -0.961318 -0.930747 -1.013266 -0.045056
 -0.064686  0.056353  0.071805  0.046123 -0.069746  0.056089  0.084339
 -0.025171  0.057713  0.212363 -0.064626  0.0609    0.013719]
[-0.936503 -0.824786 -1.001929 -0.651442 -0.770213 -0.67918   0.121726
 -0.051942  0.102114  0.014424 -0.004028  0.075609 -0.003868  0.02435
 -0.123745 -0.014072 -0.061517  0.065415  0.085189  0.040803]
[-0.962785 -0.730678 -1.017336 -0.634336 -0.966635 -0.830637 -0.046138
  0.163871  0.122788  0.027066 -0.094684  0.032116  0.05467  -0.056964
  0.163552  0.047242  0.053126 -0.049336  0.01222   0.069259]
[-0.939292 -1.087604 -0.908191 -0.757908 -0.679726 -0.737086 -0.045156
 -0.010916 -0.026122 -0.023395  0.058891 -0.044041 -0.181222  0.014748
 -0.00507  -0.200278  0.008208 -0.008948 -0.026748  0.016444]
[-1.068804 -0.952701 -0.551118 -0.991105 -0.586497 -0.47351   0.010482
  0.108656  0.048335  0.070678 -0.010629 -0.037391  0.124607 -0.003459
 -0.016545  0.13562   0.054303 -0.005886 -0.024186 -0.017569]
[-0.740941 -0.860153 -0.776652 -0.824873 -0.756615 -0.812286 -0.081603
 -0.042553  0.052469  0.134962 -0.062293  0.073945  0.020125 -0.120102
 -0.051823  0.069352  0.128911 -0.037666 -0.030018  0.026214]
[ -8.231453e-01  -8.052191e-01  -9.288296e-01  -7.416367e-01  -8.873458e-01
  -1.036736e+00   1.195204e-01  -4.767206e-02   4.269952e-02  -6.485244e-02
   1.740606e-02   9.134924e-02   1.639827e-03  -9.987771e-05  -4.435556e-02
  -9.381420e-02   7.020669e-02   1.634662e-01  -2.401253e-02  -4.766202e-03]
[-1.19059  -1.186514 -0.8934   -1.468321 -1.119271 -0.943404  0.069834
  0.115439 -0.074247 -0.036236 -0.087787 -0.016588 -0.047461 -0.067616
  0.008668 -0.08573  -0.075934  0.085927 -0.05256  -0.075005]
[-0.84467  -1.14088  -0.751023 -0.840161 -0.581266 -0.69938  -0.068993
 -0.05553  -0.106852  0.239703  0.002687 -0.214252 -0.057861 -0.056194
  0.116316  0.067415  0.297461 -0.147891 -0.012811  0.084189]
[-0.990038 -1.007387 -0.730529 -0.940859 -0.796362 -0.702086  0.024322
 -0.046806  0.094321  0.104411 -0.093792  0.042435 -0.107679 -0.09262
 -0.118556 -0.085994  0.12841   0.045452  0.032066 -0.03313 ]
[-0.976409 -0.931294 -0.931682 -0.977066 -1.038943 -1.033642  0.02638
 -0.050545  0.093841  0.006211 -0.050335  0.067436 -0.003934 -0.0312
 -0.101336 -0.069981  0.015956 -0.054315  0.057092  0.018227]
[-0.863652 -0.965941 -0.63707  -0.820005 -0.656259 -0.636672 -0.120488
  0.034474  0.017413  0.002725 -0.127093  0.070303  0.03401  -0.147641
 -0.04491  -0.01238  -0.008996 -0.053485  0.065733 -0.033629]
[-0.973821 -0.807012 -0.80768  -0.848104 -0.728369 -0.694176  0.03513
 -0.058675 -0.059608  0.003393  0.040064 -0.003122  0.083833  0.048582
 -0.072708  0.051597 -0.059677 -0.043131 -0.036923 -0.007269]
[ -1.052732e+00  -1.122316e+00  -1.009804e+00  -1.152553e+00  -9.256721e-01
  -1.045627e+00  -4.850145e-02  -1.038752e-01  -5.470500e-02   8.932710e-02
   3.013648e-02   1.338381e-02  -3.593318e-02  -6.616262e-04  -9.387961e-02
  -3.807380e-02   4.797918e-02  -7.851509e-02  -3.756446e-03  -1.488149e-02]
[-0.934882 -0.799606 -0.962    -0.844048 -0.9172   -0.868231 -0.022859
  0.085204 -0.038685 -0.018724  0.148937 -0.086118 -0.114839  0.074884
  0.066923 -0.057395 -0.064171 -0.050035 -0.096553 -0.068105]
[-0.90571  -0.82285  -0.744051 -0.877966 -0.738038 -0.665308 -0.017975
 -0.020612 -0.043724 -0.094493  0.041807 -0.006972  0.018113  0.064776
 -0.005661 -0.008178 -0.061989  0.023009  0.036251  0.03637 ]
[-0.83768  -1.079063 -0.823236 -0.665038 -0.500491 -0.707253  0.047147
  0.005659 -0.075271 -0.080519 -0.003094 -0.07144   0.091026 -0.029178
 -0.002986  0.023165 -0.014939 -0.003056  0.020997 -0.008646]
[ -1.186582e+00  -1.117244e+00  -1.037942e+00  -1.001684e+00  -1.037707e+00
  -1.145016e+00  -2.266876e-02  -3.497117e-02  -4.447130e-02   7.851254e-02
  -7.600337e-04  -3.771930e-02  -1.373305e-01  -5.919596e-04  -9.547282e-02
  -9.338624e-02   2.479927e-02   1.631775e-02   1.200900e-02   2.658717e-02]
[-1.043186 -0.929887 -0.969998 -1.131312 -1.020648 -1.038341  0.081055
  0.093069 -0.132097 -0.022584 -0.003818 -0.127861 -0.066199 -0.016274
  0.093506 -0.014399  0.044377  0.108212 -0.017602  0.017388]
[ -1.000583e+00  -1.141398e+00  -9.455127e-01  -9.668200e-01  -8.653364e-01
  -9.669393e-01  -7.924155e-02  -3.983196e-04   1.014463e-01  -1.632756e-01
   8.777733e-03   1.438029e-01  -9.685744e-02   6.832528e-02   3.011993e-02
  -8.550788e-02  -1.193706e-01  -1.905368e-01   2.398749e-02   1.130424e-02]
[-0.693055 -0.611208 -0.563738 -0.403701 -0.48289  -0.426291 -0.155383
 -0.138964 -0.138602  0.063101  0.014107 -0.129209  0.060982 -0.027275
 -0.046526  0.015494  0.057398 -0.128773  0.014104  0.018807]
[ -8.118210e-01  -1.001860e+00  -7.616595e-01  -7.526370e-01  -6.388052e-01
  -8.000727e-01   9.417606e-02   1.018348e-01   1.366712e-02   1.507919e-01
   6.422878e-02  -3.792226e-03   2.920006e-02   7.874190e-04   7.273079e-02
  -2.524567e-04   2.389410e-01   9.307883e-02   4.075770e-03  -3.421543e-02]
[-0.799036 -0.882432 -0.733615 -0.744111 -0.723737 -0.796316 -0.010323
  0.061468 -0.156035  0.038205 -0.01626  -0.143379  0.108725 -0.012818
  0.095628  0.098186  0.046629 -0.028441  0.038961  0.030764]
[-0.981802 -1.050735 -0.873584 -0.964344 -0.786857 -0.852049 -0.03123
 -0.001444 -0.027817 -0.118244  0.055142 -0.024286  0.01463   0.049583
  0.020379 -0.042364 -0.024085 -0.056789  0.060259 -0.006165]
[-0.944756 -0.920468 -1.065282 -0.982963 -1.028423 -1.036414  0.060171
  0.082877 -0.08715   0.002305  0.041119 -0.016878 -0.009788  0.025067
  0.08068  -0.071074  0.001232 -0.040547  0.027727 -0.005367]
[-0.64955  -0.990777 -0.754905 -0.874943 -0.605843 -1.002254  0.114387
  0.028663  0.005514 -0.043914 -0.007708 -0.027574  0.104374  0.017805
  0.053404  0.107667 -0.215311  0.117193  0.011884 -0.024821]
[-0.977654 -0.501718 -0.749073 -0.573306 -0.996942 -0.398495  0.232786
  0.0388   -0.047201 -0.127461  0.078529 -0.093937  0.114535  0.09895
 -0.049204  0.198037 -0.092986  0.242072 -0.065743  0.022328]
[-1.20271  -1.176671 -0.871076 -1.11987  -0.974409 -0.74265   0.022524
  0.086447 -0.046793 -0.005403  0.072463 -0.04382  -0.046217  0.052774
  0.107076 -0.036712 -0.017877 -0.028762 -0.022886 -0.034871]
[-0.903295 -0.848847 -0.719799 -0.853048 -0.8653   -0.804677  0.049917
  0.137924  0.010748  0.1568    0.070572  0.078138 -0.17394   0.115606
  0.107184 -0.080184  0.106765 -0.0578   -0.020995 -0.003487]
[-0.927212 -0.503507 -0.622469 -0.703923 -0.941894 -0.503843 -0.0506
 -0.192621  0.003344  0.042504 -0.013961  0.001772  0.060224  0.021838
 -0.125003  0.091826  0.047435  0.002436  0.031128  0.043113]
[-0.661385 -0.841713 -0.885109 -0.823368 -0.838654 -0.960831  0.009921
  0.009325  0.032674 -0.007067 -0.054566  0.042464  0.094044 -0.055207
  0.015726  0.091597  0.006671  0.04214   0.011837 -0.029487]
[ -6.983583e-01  -8.298413e-01  -5.633601e-01  -7.606122e-01  -5.102356e-01
  -6.374207e-01   8.292240e-02  -7.428834e-03  -1.261789e-01  -6.997574e-03
   8.990162e-02  -1.135530e-01   2.108646e-02   1.308983e-01  -2.249647e-02
   4.852835e-03   1.107395e-02   1.275290e-01  -1.973930e-02  -5.598789e-04]
[-1.131633 -0.907958 -1.029    -1.111368 -1.266634 -0.849716 -0.094015
 -0.071532  0.006465 -0.177126 -0.056847 -0.054656 -0.020429 -0.086181
 -0.006144  0.047761 -0.111162 -0.162316 -0.04776  -0.017134]
[-0.732584 -0.69823  -0.76636  -0.778108 -0.900154 -0.851976  0.049385
  0.00235   0.037918  0.011234  0.071434 -0.004671 -0.078317  0.037823
  0.010362 -0.096851  0.008902  0.055696 -0.065077 -0.014619]
[-0.883588 -0.742337 -0.890424 -0.737168 -0.717356 -0.637514  0.06096
  0.061405  0.061855  0.033538  0.07411   0.030539 -0.016769  0.044939
  0.078901 -0.030566  0.072096  0.078637 -0.032977  0.00476 ]
[-1.014749 -0.754303 -0.87309  -0.852112 -0.990192 -0.77177   0.080901
  0.142991 -0.085425 -0.081593  0.050959 -0.011394 -0.066632  0.021602
  0.221632 -0.0469   -0.100366  0.057153  0.077109  0.027275]
[ -8.897276e-01  -9.357237e-01  -8.989071e-01  -7.644684e-01  -7.735251e-01
  -8.961414e-01   1.541949e-01  -1.016478e-01  -2.668211e-02  -1.044618e-02
  -9.468368e-04  -2.507137e-02   5.848837e-02   7.466175e-03  -8.200083e-02
   1.152674e-01  -5.008550e-03   9.255454e-02   6.593251e-04   2.384769e-02]
[-1.023999 -1.031046 -0.74198  -0.719021 -0.292489 -0.363448 -0.008324
  0.00611  -0.035803 -0.237601 -0.038037 -0.032188 -0.017739 -0.011539
  0.04956  -0.075882 -0.243707 -0.068991  0.045663  0.025543]
[-0.901239 -0.836786 -0.848059 -0.808905 -0.778805 -0.891884  0.049059
  0.018499  0.016245  0.054344 -0.06766   0.053801 -0.027887 -0.039797
 -0.017412 -0.009052  0.066004 -0.037642 -0.01785  -0.020176]
[-0.695452 -0.265639 -0.956869 -0.540956 -1.081585 -0.65298   0.15572
  0.188885 -0.027844 -0.063138 -0.004677 -0.09141  -0.027904  0.02185
  0.221184 -0.044462  0.024261  0.152964 -0.017272  0.034404]
[-0.637768 -0.808875 -0.734491 -0.701607 -0.54376  -0.9648   -0.09842
 -0.114106  0.033158  0.044161  0.001325 -0.01647   0.056733  0.006743
 -0.095514  0.001331  0.131215 -0.211583 -0.016209  0.00475 ]
[-1.054682 -0.929983 -1.055964 -0.954841 -1.026389 -0.892116 -0.04136
  0.077004  0.063825  0.035764  0.022653  0.04489  -0.024401 -0.014234
  0.145761  0.028703  0.042887  0.002982 -0.091057 -0.037686]
[-0.488803 -0.557287 -0.641709 -0.356122 -0.379175 -0.509391  0.077968
 -0.026353 -0.027871  0.095692  0.004756 -0.042251 -0.050219  0.012364
 -0.006495 -0.080278  0.131213  0.132298  0.022601  0.015874]
[-0.917488 -0.66052  -0.702362 -0.678322 -0.67935  -0.411604  0.088182
  0.03631   0.075736  0.124281 -0.004964  0.00147   0.093432 -0.018504
  0.059145  0.13262   0.11902   0.086622  0.042235  0.039921]
[-0.786146 -0.898603 -0.711182 -0.636425 -0.541767 -0.486089  0.017372
 -0.052361 -0.115214 -0.20438  -0.101112 -0.035911 -0.05693   0.001646
 -0.05577  -0.021273 -0.267516 -0.036463  0.026477  0.028895]
[-0.850751 -0.970288 -1.11111  -0.79893  -0.656697 -0.88394  -0.12145
 -0.024457 -0.145532  0.001256 -0.019161 -0.121361 -0.074341  0.035917
 -0.165149 -0.00917  -0.05347  -0.018216 -0.108802 -0.008822]
[-0.647491 -0.653283 -0.695101 -0.474247 -0.587937 -0.623068 -0.043829
 -0.011448 -0.13226   0.104643  0.043349 -0.100321  0.017414  0.081617
 -0.068538  0.052004  0.132389 -0.055644  0.017234 -0.017833]
[ -9.739840e-01  -1.078469e+00  -1.077710e+00  -8.293139e-01  -8.837913e-01
  -9.748201e-01   4.866530e-02  -3.178251e-02  -5.717203e-04   3.903377e-02
  -2.808932e-02   6.932819e-02   3.579761e-02  -7.595039e-02  -1.323426e-02
  -2.075756e-02   2.458281e-02   6.681012e-02  -4.239127e-02   3.116569e-04]
[-0.825857 -0.732371 -0.696618 -0.770461 -0.686458 -0.640292  0.057161
 -0.071379  0.120824 -0.096122 -0.058671  0.136335  0.052655 -0.064412
 -0.058019  0.08671  -0.068194  0.050222  0.003319 -0.009699]
[-0.873468 -1.061167 -0.860819 -0.815271 -0.525973 -0.651441  0.028802
 -0.042292 -0.011789 -0.076623  0.005646  0.035571  0.039304  0.017097
 -0.072881  0.031772 -0.076685  0.035432 -0.012537  0.041165]
[-0.911385 -0.809231 -0.728724 -0.793686 -0.826591 -0.723507  0.051311
 -0.086478 -0.080233  0.003445  0.187153 -0.143193 -0.072031  0.132173
 -0.055048 -0.143891  0.016534  0.032476 -0.004338 -0.026362]
[-1.28656  -1.307034 -0.762949 -1.490582 -0.57298  -0.736167 -0.056976
 -0.052317 -0.106224  0.026845 -0.252357 -0.013493 -0.234258 -0.187786
 -0.122549 -0.135342 -0.039417 -0.055047 -0.090225 -0.019136]
[-0.834755 -0.807393 -0.734707 -0.860446 -0.85487  -0.60239  -0.095582
 -0.064926 -0.067839  0.00778  -0.068612 -0.058316 -0.029163 -0.018129
 -0.101065  0.028359  0.002928 -0.125022 -0.045766  0.011428]
[-1.242142 -1.110276 -1.265686 -1.056936 -1.245908 -1.306875 -0.02782
 -0.111902  0.054532  0.021052 -0.008915  0.004824 -0.084695 -0.081091
 -0.148797  0.061172 -0.026679 -0.094928  0.078895  0.010458]
[-1.26274  -1.305974 -1.023202 -1.161941 -0.939183 -0.815457  0.005453
  0.140535  0.033354  0.011967  0.003817  0.088827 -0.006423  0.039874
  0.079996  0.034929 -0.061676  0.025418 -0.032832 -0.011393]
[-0.904861 -0.825905 -0.71351  -0.838683 -0.786635 -0.787243 -0.015637
 -0.041793  0.017202  0.010514  0.056868 -0.004354  0.017651  0.06157
 -0.049597  0.060481  0.023997 -0.006558  0.027288  0.009109]
[ -1.134093e+00  -7.188642e-01  -1.054108e+00  -9.120983e-01  -1.213076e+00
  -8.162592e-01  -7.660144e-02   1.945082e-03  -2.004881e-02   9.579594e-02
   1.537662e-02   1.447535e-02   6.830272e-02   7.782941e-02   2.142721e-02
   1.751547e-01   1.993954e-02   6.921993e-04  -6.029387e-03   2.861347e-02]
[-1.051962 -1.136546 -1.204839 -1.171817 -1.088947 -1.206473  0.039125
  0.141166  0.013306  0.063506  0.118614  0.009114 -0.164836  0.115317
  0.062649 -0.187736  0.027793 -0.057207 -0.027153  0.017492]
[-0.74885  -1.045147 -0.884152 -0.93587  -0.711652 -1.057566 -0.206937
 -0.110109 -0.030037 -0.132631 -0.142113 -0.08596   0.112575 -0.244435
 -0.093982  0.026234  0.03688  -0.228596  0.012554  0.076763]
[-1.115731 -1.010363 -1.139905 -1.062195 -0.963634 -1.070616 -0.032992
 -0.018787 -0.08966  -0.05944   0.01118  -0.039419  0.041078  0.109488
 -0.101002 -0.009715 -0.07786   0.098779  0.090475  0.044209]
[ -8.935631e-01  -8.489166e-01  -6.981767e-01  -9.467836e-01  -8.719362e-01
  -7.666426e-01  -3.771564e-02   2.663521e-02  -6.606445e-03   1.591835e-02
  -7.130052e-02  -9.960011e-03  -6.282684e-04  -3.528279e-02  -4.829419e-03
  -1.024643e-02   7.958599e-02  -5.457334e-02  -4.360190e-03   1.565593e-02]
[-0.912472 -0.916824 -0.848892 -0.977348 -0.956939 -0.844865  0.036817
 -0.093779  0.058067 -0.056048 -0.0307    0.029761 -0.053854 -0.029168
 -0.074068 -0.043698  0.040775  0.020222 -0.044156 -0.041485]
[-0.994975 -0.820697 -0.855632 -1.066785 -0.692367 -1.010636  0.001159
 -0.103152 -0.044785 -0.047539  0.019118 -0.052842  0.085198 -0.071415
 -0.069839 -0.010738  0.062865 -0.071097  0.001298 -0.037108]
[-1.077465 -1.17842  -0.707799 -1.216095 -0.729548 -0.83121   0.113458
 -0.070095 -0.011446  0.05754  -0.193193  0.086641 -0.126467 -0.244532
 -0.17422  -0.164642  0.077102  0.114945 -0.064409 -0.024202]
[ -7.685808e-01  -9.564289e-01  -1.011485e+00  -9.014256e-01  -9.610187e-01
  -1.417817e+00   4.699879e-02  -1.831589e-02   9.234855e-02  -6.629501e-03
   2.170901e-02   1.623603e-01   4.120644e-02  -2.491823e-02  -3.015037e-02
   3.870428e-02   3.853253e-02   1.756660e-04   1.829129e-02   8.250717e-03]
[-0.64385  -0.352888 -0.426421 -0.411068 -0.51706  -0.19872   0.074453
 -0.045488 -0.010901  0.029055  0.058454 -0.017286  0.033386  0.048734
 -0.021139 -0.004829  0.056692  0.064423 -0.016821  0.004407]
[ -9.390688e-01  -9.427969e-01  -1.006493e+00  -1.051002e+00  -9.735541e-01
  -1.065861e+00   5.416920e-02  -6.753983e-02  -1.222135e-02   1.454335e-02
  -3.125004e-02  -5.842370e-02  -7.729221e-04  -6.878430e-02  -3.905628e-02
   1.513627e-02   8.325265e-02   3.014527e-02   2.373339e-02  -1.682445e-02]
[-0.715239 -0.782748 -0.718082 -0.822619 -0.744248 -0.779419  0.03116
 -0.006586 -0.008868 -0.029972 -0.060944 -0.027583 -0.012813 -0.063817
  0.019687  0.009061 -0.042732  0.034228 -0.012405 -0.006275]
[-0.987216 -0.952096 -0.86952  -0.944977 -0.850873 -0.846835  0.037318
  0.012972  0.140346  0.057997  0.027969  0.134891 -0.07917   0.031997
  0.01903  -0.121143  0.076607  0.053318 -0.031146  0.005732]
[-0.905297 -0.816431 -0.924847 -0.852491 -0.990016 -0.894972  0.145023
 -0.009905 -0.034003 -0.022486  0.047438 -0.02562  -0.10034   0.064128
 -0.051239 -0.11677  -0.033929  0.124443  0.018535 -0.019811]
[-0.889539 -0.700364 -0.670783 -0.625659 -0.678285 -0.50928  -0.043689
 -0.013672  0.004162 -0.053237  0.05597   0.024639 -0.06364   0.043667
  0.002961 -0.036603 -0.04074   0.037933 -0.031302  0.005265]
[-0.912005 -0.839965 -0.738853 -0.796702 -0.697606 -0.69822   0.027844
  0.013738 -0.086943 -0.028767 -0.034266 -0.090696  0.07077  -0.041539
  0.05537   0.008832 -0.081118  0.029156 -0.023319  0.018442]
[-0.81328  -0.914705 -0.645576 -0.877148 -0.603097 -0.772264  0.00496
 -0.116295  0.089597  0.020185 -0.086839  0.027846  0.148173 -0.200812
 -0.040329  0.146061  0.094919  0.093045  0.049296 -0.026914]
[-1.016491 -0.936367 -0.926231 -0.959082 -0.869265 -0.849598 -0.047481
 -0.128077 -0.137883  0.018801 -0.006798 -0.153829 -0.017654 -0.007071
 -0.104784  0.004994 -0.03864  -0.079632 -0.039824 -0.026666]
[-0.830985 -0.818913 -0.624166 -0.816272 -0.711085 -0.743714  0.041457
 -0.010645  0.075699 -0.024662  0.054205  0.104412  0.093035  0.037125
 -0.092374  0.103729  0.006174  0.097979 -0.02906  -0.007152]
[-0.939413 -1.037327 -0.675452 -0.953898 -0.654736 -0.724256 -0.018323
 -0.075296  0.016014 -0.168325 -0.049643 -0.040709  0.007611 -0.021141
 -0.119574 -0.009166 -0.184718 -0.026146  0.043528  0.036213]
[-1.004423 -1.16592  -1.138676 -1.076238 -1.296795 -1.28645   0.0865
  0.09397  -0.051334 -0.068399  0.09688   0.008782 -0.018557  0.135168
  0.117734  0.035359 -0.018774  0.066261 -0.012703  0.024282]
[-0.963846 -0.890383 -1.224851 -0.54286  -0.913938 -0.767423  0.193447
  0.176766 -0.080168 -0.060373 -0.170737 -0.163913  0.040645 -0.118052
  0.145971 -0.003692 -0.076725  0.240741  0.067061 -0.038247]
[-1.098687 -0.950057 -0.739834 -1.128992 -1.273845 -1.102804  0.051026
  0.043845  0.03096  -0.072224  0.041549  0.028148 -0.066378  0.003736
  0.07713  -0.174017 -0.095573  0.093659 -0.065519 -0.049329]
[ -7.972145e-01  -5.984616e-01  -7.191336e-01  -7.421119e-01  -8.985664e-01
  -6.604007e-01   5.601299e-02  -1.908809e-02  -1.576131e-02  -8.121203e-02
   8.448338e-04  -1.784970e-02   8.313365e-02   9.037030e-03  -4.630748e-02
   2.591181e-02  -7.734891e-02   4.540654e-02   1.845005e-02  -2.864569e-02]
[-0.476809 -0.790049 -0.720419 -0.453715 -0.445675 -0.899812  0.029607
  0.109057  0.185233 -0.0775    0.056961  0.327339 -0.162016  0.090684
  0.090889 -0.072854 -0.036663 -0.106339  0.135513  0.027101]
[-1.017349 -1.044083 -0.834554 -0.925042 -0.823368 -0.796602 -0.038741
  0.100879  0.078271  0.004976  0.056114  0.080369 -0.08365   0.077354
  0.07947  -0.040737 -0.057064 -0.102637  0.016571  0.010271]
[-0.924011 -0.800696 -0.891845 -0.791572 -0.931186 -0.81333   0.018979
 -0.038465  0.03273  -0.044566 -0.019799 -0.025815 -0.022276 -0.028802
 -0.092679 -0.07143  -0.028729 -0.022068 -0.025959 -0.019769]
[-0.998553 -0.997005 -0.849423 -1.045812 -0.895871 -0.901518 -0.090452
  0.008107  0.074408  0.005287 -0.014459  0.06477  -0.142179 -0.029612
  0.049644 -0.070143 -0.007645 -0.129043 -0.016056 -0.010822]
[-0.799899 -0.785911 -0.617389 -0.994663 -0.858313 -1.017486  0.026336
 -0.074733  0.045203 -0.007929  0.124457  0.079201  0.003088  0.046627
 -0.071282 -0.047655  0.028722 -0.054091 -0.068547 -0.01113 ]
[-1.056174 -0.97193  -1.136138 -0.829181 -0.892616 -0.858632  0.053465
 -0.007093 -0.101338 -0.01573   0.105862 -0.078507 -0.076534  0.031937
 -0.031283 -0.05978  -0.013849  0.029957  0.017621 -0.013762]
[-1.102951 -1.025368 -1.16869  -0.914895 -1.048445 -1.129396  0.075957
  0.001568 -0.148533  0.100992 -0.017904 -0.151405  0.002562 -0.088329
  0.008791  0.024256  0.050737  0.131251  0.129817  0.020132]
[ -9.102450e-01  -7.940167e-01  -9.556816e-01  -1.023491e+00  -1.142077e+00
  -1.061289e+00   7.816175e-05   3.809515e-02  -2.083723e-02   6.691577e-02
   1.294879e-01  -5.009505e-03   1.633202e-01   7.303524e-02   1.462754e-02
   9.858277e-02   4.256264e-02   2.026445e-02   5.639255e-02   1.008078e-02]
[-0.775386 -1.160197 -0.678602 -0.6876   -0.457361 -0.654238 -0.106375
  0.100239 -0.001561  0.180529 -0.038427  0.016274  0.140196 -0.170023
 -0.002299  0.1678    0.269684 -0.072194 -0.01021   0.009299]
[-0.821182 -0.868357 -0.739584 -0.815054 -0.683177 -0.725083  0.042532
  0.070207 -0.068014  0.138135 -0.028349 -0.105599 -0.115894 -0.010118
  0.021926 -0.098356  0.182039  0.107491  0.031304  0.011426]
[-0.73324  -0.695793 -0.92159  -0.756713 -0.941602 -0.901011 -0.014747
 -0.059848 -0.129084  0.010067  0.056401 -0.112983  0.02064   0.081074
 -0.029128 -0.030138 -0.002167  0.001417  0.013633 -0.013263]
[-1.251253 -1.391835 -1.092235 -1.443551 -0.898451 -1.029147 -0.029482
  0.127851 -0.036419 -0.099652 -0.090261 -0.117283  0.037019 -0.09641
  0.174016  0.059672  0.030594 -0.061865 -0.036118  0.015758]
[-0.662617 -0.603792 -0.762719 -0.583009 -0.651679 -0.768251 -0.003616
  0.015942 -0.003855 -0.049543  0.107691 -0.046851  0.039127  0.022734
  0.058396  0.08895  -0.064071  0.008874 -0.027274 -0.017558]
[-0.942247 -0.720366 -0.85073  -0.720852 -0.804859 -0.619812 -0.073059
 -0.023525  0.023969  0.049413  0.036545 -0.064413  0.118668 -0.015105
 -0.025657  0.207377  0.080875 -0.126478 -0.001963 -0.016002]
[-1.131442 -1.024597 -1.005929 -0.792789 -0.856697 -0.817776 -0.097326
 -0.007139 -0.078119 -0.124955 -0.198529 -0.051811 -0.038138 -0.28756
  0.039902 -0.067549 -0.243011 -0.120617  0.001823 -0.010828]
[-0.810366 -0.896044 -0.612436 -1.064937 -0.735138 -0.808451 -0.032398
  0.088993  0.023906  0.047524 -0.037533 -0.005623  0.105579 -0.029635
  0.078383  0.119756  0.058041 -0.087338 -0.014188 -0.016223]
[ -9.738327e-01  -1.088595e+00  -1.054597e+00  -9.930898e-01  -9.719876e-01
  -1.149894e+00  -2.425539e-01  -8.827108e-03  -3.032933e-02  -1.000416e-01
   9.545490e-04  -1.086029e-01  -2.983251e-02   3.586437e-02  -1.138480e-01
  -5.120795e-02  -1.526416e-01  -2.767128e-01  -3.216197e-02  -2.752675e-02]
[-1.087289 -1.021405 -0.947359 -1.01691  -0.9557   -0.971116 -0.030275
  0.066051 -0.032738 -0.073562  0.047543 -0.080419 -0.169567  0.109394
  0.078606 -0.149081 -0.01487  -0.006545 -0.01511  -0.002916]
[-0.985915 -0.937919 -1.136937 -0.936623 -1.091295 -1.007249 -0.045101
  0.097931  0.12058   0.075804  0.064366  0.091251 -0.139735  0.093566
  0.016469 -0.1062    0.115893 -0.025829  0.014607  0.00778 ]
[-0.800409 -0.91594  -0.685772 -0.888038 -0.710948 -0.710506 -0.139058
 -0.066726 -0.040203 -0.144758 -0.002328 -0.061672 -0.078485 -0.115779
  0.023359 -0.118577 -0.16564  -0.175069 -0.049006  0.001308]
('Mean', 1, ': ', -0.80040910460429882)
('Median', 1, ': ', -0.80040910460429882)
('Variance', 1, ': ', 0.0)
('Mean', 2, ': ', -0.91593995559861707)
('Median', 2, ': ', -0.91593995559861707)
('Variance', 2, ': ', 0.0)
('Mean', 3, ': ', -0.68577246704238592)
('Median', 3, ': ', -0.68577246704238592)
('Variance', 3, ': ', 0.0)
('Mean', 4, ': ', -0.88803768787836646)
('Median', 4, ': ', -0.88803768787836646)
('Variance', 4, ': ', 0.0)
('Mean', 5, ': ', -0.71094847327346444)
('Median', 5, ': ', -0.71094847327346444)
('Variance', 5, ': ', 0.0)
('Mean', 6, ': ', -0.71050622112833461)
('Median', 6, ': ', -0.71050622112833461)
('Variance', 6, ': ', 0.0)
('time: ', 10986.575870990753)
