“Running plot script on a single CPU core”
[ 0.317189 -0.236943  0.06221  -0.719686  0.33333  -0.407546 -0.896075
  0.303632  0.098754  0.048866  0.09886   0.331179 -0.229845  0.057273
  0.282596  0.071641  0.276322  0.320026  0.137952  0.320493]
[-0.026257  0.095315 -0.551835 -0.512399  0.018008  0.331974  0.220923
 -0.02843   0.333208 -0.578594  0.32147   0.073146 -0.9222    0.121368
  0.159477  0.282017  0.326875  0.282187 -0.565227 -0.19466 ]
[ 0.018414  0.307485  0.10736  -0.533996  0.317703 -0.863664  0.170439
 -0.087492  0.297696 -0.271824 -0.780929  0.022925 -0.373049  0.275571
  0.324943  0.038666  0.040067 -0.790263 -0.004431  0.093008]
[ 0.309549  0.323019 -0.352378  0.133468  0.306978  0.275384  0.317136
  0.29158   0.299442  0.174322 -0.955414 -0.910465 -0.962236  0.272722
  0.332824  0.320613  0.15846  -0.991306 -0.427149  0.285728]
[ 0.045283 -0.643876 -0.194995  0.314285  0.329124 -0.131814  0.050858
  0.283501  0.333321  0.049172 -0.432472 -0.994793  0.330197 -0.715697
  0.333333  0.18477   0.011395  0.315971  0.279772 -0.515976]
[-0.410261 -0.760567  0.252451 -0.976847 -0.984253  0.312689  0.319541
  0.197716  0.119912  0.32581   0.198733  0.270127  0.329176  0.324658
 -0.855756  0.206013 -0.392831  0.325833  0.161354  0.118105]
[-0.578729  0.079415  0.326143  0.324657  0.290656  0.214006  0.039188
  0.228525  0.299861  0.325413  0.246336  0.331456  0.327104  0.237259
  0.327932  0.274749 -0.355248  0.200626 -0.124522  0.241267]
[ 0.316537  0.324546  0.333093  0.294041 -0.233892  0.25192   0.315796
  0.320233 -0.411418  0.279784  0.159135 -0.018699 -0.136159  0.332835
  0.330723  0.120356 -0.225176 -0.037752  0.24398  -0.212318]
[ 0.312463  0.213695 -0.253106  0.315104  0.333054 -0.010049  0.323382
  0.314838  0.317785  0.145309 -0.985083  0.321296 -0.306557  0.308568
  0.079044  0.311722  0.310586 -0.095161  0.290057 -0.006194]
[-0.017948  0.063758 -0.022168 -0.159084 -0.367033 -0.965389  0.081349
  0.294075  0.19315   0.286469  0.275319 -0.315925  0.316329 -0.983815
  0.308308  0.326144  0.247224  0.294221  0.226074  0.298831]
[-0.042012  0.332671 -0.459826  0.330098  0.308034  0.32643  -0.890664
  0.313685  0.333319  0.330504  0.215818  0.317706  0.332054  0.299646
  0.25496   0.286142  0.330279  0.321662  0.052572  0.302857]
[ 0.130577  0.090738  0.274437  0.223259  0.221495  0.228207  0.195113
  0.161953 -0.028661  0.333333  0.32732  -0.652888  0.307398  0.26513
 -0.929494  0.142413  0.301375  0.24759  -0.553115  0.129271]
[-0.031267  0.161259  0.333259 -0.908604  0.215069 -0.965898 -0.09796
  0.166015  0.315384  0.293037 -0.534201 -0.654037 -0.332691  0.275084
  0.290452  0.314322 -0.743772  0.332194 -0.003072  0.202643]
[ 0.267087  0.300688  0.331563  0.260543  0.010518  0.33074  -0.805951
 -0.629688  0.305021 -0.699944  0.258218  0.303632  0.164222  0.328784
 -0.529623  0.114125  0.330731 -0.917856 -0.177501  0.272507]
[ 0.06968   0.333314 -0.960994  0.313832  0.048555  0.295673  0.329785
  0.332833  0.31173  -0.009657  0.14995  -0.157588  0.111985 -0.535677
 -0.089215  0.256905 -0.328525  0.319381  0.327635  0.081473]
[ 0.299409  0.195489 -0.370784  0.204239  0.305617  0.325047  0.330866
  0.311556  0.300144 -0.338477  0.135725 -0.452891  0.332724  0.204267
 -0.09777  -0.01902   0.239611  0.299147  0.121065  0.217846]
[ 0.246177 -0.379693 -0.858919  0.333317 -0.947286 -0.565243  0.267851
  0.226702  0.074225 -0.528474  0.09402   0.320078 -0.10814   0.331259
  0.330051  0.33333  -0.82333   0.317525  0.296576  0.331205]
[-0.05625   0.319852 -0.11596   0.074968  0.285788  0.236418 -0.033169
 -0.822844  0.330952  0.32113   0.333134 -0.303069 -0.645215  0.332982
  0.298962 -0.365965 -0.996489 -0.037561 -0.39081  -0.789692]
[ 0.165797  0.258725 -0.364657  0.03933   0.299659  0.241355  0.263435
  0.32983   0.333089  0.309516  0.222115  0.301326 -0.626501  0.305566
 -0.978778  0.323198  0.332459  0.267771  0.163616  0.306774]
[ 0.144722  0.154158  0.166738  0.073261  0.332669 -0.204158 -0.663756
  0.116082 -0.99172   0.254425  0.054883 -0.378047 -0.671753 -0.548886
  0.148715  0.001873  0.239147  0.309653  0.19093  -0.727158]
[-0.951273  0.065731  0.217855  0.07361  -0.833546  0.295031 -0.993094
 -0.103914 -0.252407 -0.202839  0.058346  0.301268  0.327221  0.053446
  0.176801  0.107122  0.178992  0.022679  0.314348  0.332859]
[ 0.316185 -0.087734 -0.080678  0.056767  0.314344  0.254545 -0.267578
  0.325531 -0.022505 -0.344403  0.188045  0.302871 -0.624326 -0.024463
 -0.989987 -0.102166  0.054583 -0.438782 -0.812093  0.333081]
[ 0.30539   0.333308 -0.180549 -0.730952  0.329224  0.269971  0.283901
  0.207786 -0.518192  0.008877 -0.06335   0.147557  0.201322  0.208767
  0.088208 -0.334101  0.325854 -0.62336   0.322151  0.320024]
[-0.809184 -0.141698  0.324297  0.176151 -0.535772 -0.080914  0.332826
  0.261102  0.289755 -0.989775  0.28785   0.323544  0.133576  0.010456
  0.240626 -0.821331 -0.080675  0.333301  0.33058   0.268514]
[ 0.166951  0.313746  0.043266  0.315218  0.105864  0.273053  0.274514
 -0.93801   0.172958 -0.316934 -0.661863  0.303135  0.327023 -0.054725
 -0.131731  0.301602  0.079776  0.293529  0.305924  0.318614]
[ 0.31154   0.194374  0.318971  0.286853  0.202963  0.331617  0.059774
 -0.080302 -0.155241  0.330126 -0.895584  0.047669 -0.089819 -0.064877
 -0.976339  0.199471  0.246789  0.253988  0.301998 -0.607562]
[ 0.317954  0.133887 -0.142698  0.327025 -0.922961  0.213236  0.293286
  0.277368  0.332863  0.331615 -0.292672  0.255959  0.291973  0.117582
 -0.053189  0.330702  0.153835  0.283788  0.331797  0.093127]
[ 0.134832 -0.112939  0.063332 -0.054998  0.320444 -0.194083 -0.195739
  0.319441  0.320468  0.219494  0.093181 -0.083483 -0.556731  0.328616
 -0.085699  0.03544   0.297685 -0.009186 -0.962336  0.323575]
[ 0.30029   0.327113 -0.174503  0.226635  0.271511  0.270738  0.308943
 -0.91859  -0.971661 -0.087483 -0.237312  0.331512  0.295732  0.332781
  0.11756  -0.853101  0.27348   0.325244 -0.841544  0.322194]
[ 0.232213 -0.598549  0.325881  0.322911  0.130348 -0.962654 -0.080641
 -0.852174 -0.415878  0.143504  0.249277 -0.998753 -0.022758 -0.219541
  0.315155  0.252076  0.297164 -0.994058  0.113133 -0.941287]
[ 0.056143 -0.984253  0.298073  0.298049  0.333302 -0.978462  0.091929
  0.311598  0.310514  0.297897 -0.224645  0.25575   0.333127  0.309185
 -0.090719  0.244378  0.162635 -0.042286  0.250361 -0.067742]
[-0.250248  0.328141 -0.902274  0.205389 -0.453068 -0.817859  0.303989
  0.229085  0.329581  0.106752  0.331478  0.174088  0.315239  0.292177
  0.311566 -0.028501  0.333074 -0.194011  0.331751  0.237095]
[ 0.023497  0.333276  0.069248  0.326715 -0.794188 -0.621797  0.081036
  0.280208  0.321562  0.135457  0.242779  0.187974  0.054277  0.245674
 -0.999901  0.150252  0.205201  0.320553  0.266652 -0.599617]
[ 0.127501  0.326979  0.233214 -0.043971 -0.380429 -0.11285  -0.005772
  0.295724  0.282115 -0.485014  0.323713 -0.400758  0.183371  0.165044
  0.312964  0.329687 -0.714144  0.305565 -0.218069 -0.981692]
[-0.802812 -0.566726  0.221265  0.319099  0.124729  0.247429  0.318825
  0.250639  0.016848  0.305271 -0.375112 -0.339422  0.116521  0.32628
 -0.037863  0.304221  0.006215  0.329448  0.309888 -0.833339]
[ 0.290604  0.228742 -0.98563  -0.986112  0.202998  0.28322   0.273406
 -0.630694  0.230133  0.015556 -0.167575  0.332893 -0.769178  0.32977
  0.319587  0.309412  0.044669 -0.102964 -0.545618  0.17076 ]
[-0.060621 -0.109646  0.193204  0.202891  0.196434  0.332334  0.279207
  0.124769  0.049507 -0.04899   0.330687 -0.497133  0.228236 -0.192346
  0.288967  0.281811  0.293077  0.333168  0.17138   0.181403]
[-0.643953 -0.71657   0.146849 -0.95991   0.19859   0.004324 -0.397704
 -0.399879 -0.998744 -0.761525  0.218919  0.331862  0.162364  0.278836
  0.212586  0.27907  -0.026087  0.097731 -0.45035  -0.211291]
[ 0.307454 -0.043099  0.326367 -0.98893   0.020355 -0.786451  0.317019
  0.2331    0.252748 -0.664162  0.299495  0.332397  0.016236 -0.345183
 -0.121024 -0.926128 -0.603934 -0.993732  0.333327 -0.156274]
[ 0.314501 -0.965734  0.294153  0.263     0.052734  0.287479  0.220046
  0.220068 -0.46686   0.108706 -0.023955 -0.431784  0.283396  0.087786
 -0.331061  0.332035  0.290018  0.017036  0.322346  0.128917]
[ 0.055816  0.319842  0.183799  0.295914 -0.992694  0.308665  0.287073
 -0.133957  0.115665  0.018062  0.279042 -0.221203 -0.815747  0.114426
  0.150756  0.229194  0.196236  0.310226 -0.127386 -0.894197]
[ 0.323516  0.295183  0.22897   0.101556  0.230486  0.015637 -0.265005
  0.020693  0.251554 -0.754938 -0.187619 -0.070147 -0.768284  0.308885
  0.089211  0.244038  0.269512  0.33333  -0.619141  0.141098]
[ 0.299336  0.325968 -0.418276 -0.517409 -0.580253 -0.875381  0.32256
 -0.9891    0.217485  0.319543 -0.312747 -0.372847  0.043552 -0.315779
  0.289365  0.332688 -0.217335 -0.349933  0.330284 -0.095677]
[ 0.271397  0.292383  0.309743  0.315833  0.298862  0.030545 -0.867269
 -0.743181 -0.022605  0.239969 -0.985496  0.238076  0.311528  0.035747
  0.248478  0.330067  0.331088  0.254321  0.32189   0.160326]
[ 0.120898 -0.447355 -0.547038  0.045097  0.166191  0.190917  0.226568
  0.327754 -0.065559  0.331862  0.242054  0.156944 -0.034128  0.11569
  0.235813  0.152056 -0.531122  0.107564  0.301078  0.317578]
[ 0.269623  0.314417  0.315323  0.30744   0.326384  0.209851  0.235843
  0.311656 -0.020075  0.33271   0.31224  -0.205544 -0.812167 -0.244788
  0.317677  0.315962  0.166185 -0.225262  0.157411  0.33274 ]
[ 0.328746  0.249111  0.330882 -0.942546  0.174777 -0.999604  0.305517
 -0.080369  0.121819  0.293674  0.100239  0.275909  0.287518  0.15667
  0.089473  0.329304  0.327268 -0.118072  0.199338  0.265675]
[ 0.32905  -0.855715 -0.059226 -0.102809  0.221786  0.263886  0.299426
 -0.003272  0.150854  0.060162  0.332573 -0.13472   0.326686  0.259757
 -0.125579 -0.899334  0.296017 -0.669675  0.240923  0.294217]
[ 0.333222  0.035857  0.20166   0.324808  0.306384  0.257576 -0.396215
  0.124353 -0.815008  0.33332   0.333316  0.039377 -0.133387 -0.429774
  0.333174  0.171236 -0.959677 -0.991012  0.328394  0.286191]
[-0.565888 -0.208191  0.288652  0.321528  0.209848 -0.152779  0.053624
 -0.375816 -0.064445  0.300516 -0.268949 -0.68916   0.332148  0.277459
  0.333078  0.054293  0.333333  0.198508  0.198395 -0.676409]
[ 0.065043 -0.622883 -0.992457  0.332838  0.331406  0.209074  0.332211
 -0.985728 -0.998305 -0.073479 -0.868193 -0.510444 -0.214105 -0.183778
  0.327944 -0.287475 -0.870478 -0.966885 -0.984564  0.240919]
[-0.657724  0.216241  0.195254 -0.13343   0.320616  0.29001   0.047636
 -0.220926  0.202614  0.290998  0.075134  0.25715   0.186437 -0.158025
  0.172761 -0.866291 -0.032228 -0.050157  0.083653  0.253989]
[ 0.16988   0.25399   0.162427  0.290642  0.007052  0.241603  0.309779
  0.333241  0.333144  0.080531  0.238924 -0.353216  0.296523  0.225142
  0.326695  0.173148  0.309389  0.084078 -0.015942 -0.467738]
[ 0.24128   0.258505  0.127207  0.333061  0.331249  0.182015 -0.635066
 -0.115853  0.281495 -0.064214  0.304348 -0.434732  0.103208 -0.162723
  0.283137 -0.408098 -0.064803  0.329665  0.31927   0.312133]
[-0.073299 -0.079304  0.239568  0.267503 -0.227681 -0.821521  0.227635
 -0.545592  0.311547 -0.478629  0.307777 -0.999939  0.27398   0.300513
  0.091879 -0.792442  0.330445  0.324661 -0.428518  0.277468]
[ 0.266897  0.319994 -0.270461  0.217478 -0.358062 -0.4804    0.28453
  0.299228  0.256087  0.302856  0.327299  0.208037  0.235722  0.290919
 -0.193947  0.178723 -0.962739  0.188273  0.228369 -0.032971]
[-0.971251 -0.024584  0.241008 -0.041882 -0.495203 -0.175928 -0.748867
 -0.022863  0.303476  0.264075  0.331344 -0.086618  0.284561 -0.141796
  0.073702  0.291403  0.30488   0.245681  0.278531  0.331553]
[-0.043552  0.319327 -0.042624  0.333312 -0.737603  0.182994  0.105949
 -0.684155  0.114081 -0.031956  0.287959  0.119545 -0.392185 -0.121949
  0.052719  0.047718  0.266067 -0.986885 -0.087914  0.291547]
[-0.880134 -0.178331  0.221898  0.332434 -0.198418  0.33232  -0.962014
 -0.574891 -0.734906 -0.05844   0.31965  -0.211877  0.103906  0.223129
 -0.860666 -0.999583  0.176072 -0.100684 -0.117581  0.332324]
[ 0.267311 -0.035445 -0.853869  0.271771  0.333284 -0.160464 -0.554007
  0.304487 -0.645191 -0.029801  0.329793 -0.935446  0.138243  0.093395
 -0.059219  0.043039  0.332531 -0.03052   0.324667  0.208498]
[ 0.117418  0.332774 -0.177482  0.264789 -0.289072 -0.947289  0.271327
  0.326487  0.331264  0.31479   0.141957  0.192982  0.30272  -0.213911
 -0.271423  0.152577  0.124138  0.308341 -0.678074  0.329807]
[ 0.231149 -0.971605  0.292973  0.231707  0.235925  0.29842   0.298877
 -0.058337 -0.264196 -0.741629 -0.998648  0.175606 -0.313989 -0.295769
  0.220526  0.048774  0.320992  0.297401  0.136186  0.260061]
[-0.94057   0.14019  -0.148036  0.32664   0.332547  0.086133  0.120194
  0.330773 -0.074161  0.110134 -0.364993  0.055914  0.280643  0.228349
  0.291765  0.202749  0.327507  0.167264 -0.490097  0.330502]
[ 0.295717  0.324098  0.325801  0.256564  0.323404  0.140057 -0.655718
  0.316677  0.258042  0.286294 -0.53153   0.240359  0.321438 -0.670088
 -0.489075 -0.300388 -0.784547  0.226124  0.223445 -0.821892]
[ 0.108273  0.280293  0.26601  -0.262613 -0.910417  0.055499  0.206691
 -0.119627 -0.308456 -0.246249 -0.620229  0.325585  0.202767  0.330725
  0.20469  -0.096873  0.302287  0.077437  0.267907 -0.991192]
[ 0.260158 -0.121824  0.030716  0.236442 -0.122884  0.274557 -0.42736
  0.081962  0.255034  0.205979 -0.110737  0.332118 -0.416249  0.230358
  0.228586  0.163225  0.309348  0.266065  0.281333 -0.64958 ]
[-0.954335  0.299793  0.109087  0.163885 -0.397664  0.002208 -0.776547
 -0.002941  0.276739 -0.151498  0.314133 -0.946895  0.333211 -0.010462
  0.201804 -0.024539  0.161567  0.126732  0.317904 -0.575983]
[ 0.28535   0.248087  0.291257  0.297641 -0.322126 -0.102424 -0.030394
  0.333333 -0.186798  0.299725 -0.418752 -0.257845 -0.51593   0.181439
 -0.489376  0.286138  0.321001  0.205788  0.31949   0.332964]
[ 0.330182  0.333184 -0.171541  0.287703  0.333322  0.04116  -0.144306
 -0.74002  -0.576431  0.331399  0.321202  0.325812  0.191022 -0.356395
  0.233851  0.329652  0.229566 -0.913891  0.205757  0.068022]
[ 0.04821  -0.329858  0.235395 -0.981513  0.232819  0.315428 -0.179741
 -0.515313 -0.644458 -0.102476  0.287253  0.208878 -0.735688  0.195263
 -0.362487  0.200161 -0.304423  0.268717 -0.718153  0.021549]
[ 0.281987  0.329675  0.330776  0.031891  0.261649 -0.207568 -0.99795
  0.326887 -0.986357  0.331511 -0.551494  0.056482 -0.85652  -0.051379
  0.287293 -0.002569 -0.999395  0.309509 -0.549722  0.265381]
[-0.094552  0.330646  0.252142  0.316714  0.038074  0.061946 -0.199952
  0.325112  0.332244 -0.267431  0.1103    0.290162  0.317955  0.149341
 -0.990233  0.268927 -0.339036  0.305441  0.175372  0.278841]
[ 0.332482 -0.46052  -0.079439  0.168055  0.193699  0.282837  0.199829
  0.310987 -0.852199 -0.399344 -0.043506  0.148719  0.07946  -0.568316
  0.056616 -0.049594 -0.030724  0.333328  0.284584  0.329437]
[-0.876106 -0.794279  0.252226 -0.041515  0.199969  0.240307  0.169506
  0.314587  0.29067  -0.446699  0.332563  0.162235  0.317563 -0.792657
  0.169595 -0.748866  0.193969 -0.031354  0.251904  0.019246]
[-0.978175  0.179972 -0.242089  0.30212   0.198611  0.119674 -0.419204
  0.319745  0.323717  0.20593   0.16693   0.012933  0.114691  0.135439
  0.233164  0.297759 -0.093951 -0.277617  0.27411  -0.198288]
[ 0.32733   0.081988 -0.309072  0.330278  0.063011 -0.708509  0.176176
  0.29739  -0.167022 -0.162228  0.316519 -0.998002  0.072231 -0.134652
 -0.741802 -0.259466  0.3063    0.331504  0.306505  0.329085]
[ 0.102296 -0.198886  0.2176   -0.339304  0.330057  0.284978  0.317458
  0.306765  0.32864  -0.882942  0.284588  0.187228  0.329803  0.286175
  0.231029  0.330891 -0.74465   0.195583  0.101768 -0.681869]
[-0.358898  0.236086  0.333317  0.099837 -0.331914  0.330587  0.169145
  0.241073  0.223812  0.165866  0.3268    0.075797  0.307682  0.224354
 -0.09543   0.293512 -0.777033 -0.20398  -0.441032  0.083567]
[ 0.177057  0.265791 -0.050021 -0.976417  0.004233  0.328803  0.09876
 -0.015273 -0.930794  0.153496  0.116329 -0.129128  0.320936  0.094524
  0.305596 -0.911743  0.216114  0.179604  0.228972  0.300664]
[-0.117365  0.217694 -0.099419 -0.537649  0.277396  0.32884   0.327887
  0.184765  0.298019 -0.669755  0.323595  0.225167  0.149299 -0.917189
 -0.710631 -0.764335 -0.213235 -0.962649  0.179951 -0.610717]
[-0.813627  0.326596 -0.240753  0.250418  0.064361 -0.103668  0.035833
  0.011198 -0.194982  0.329176  0.249324  0.225667  0.18753   0.331053
  0.326098  0.255232 -0.999778  0.299405 -0.310408  0.243317]
[ 0.221138  0.333004  0.320992 -0.333141  0.240305  0.074467  0.238792
  0.280327  0.304597  0.285505 -0.080837  0.258567 -0.217276 -0.196414
  0.332565 -0.810431  0.151424  0.270369  0.318183 -0.13548 ]
[ 0.231035  0.314632  0.318805  0.307233 -0.652724 -0.863943  0.31998
  0.327835  0.320939  0.232474  0.099286 -0.255931 -0.454753  0.299956
  0.333302 -0.45485   0.052231  0.191288 -0.100215  0.225848]
[-0.261596  0.321991  0.098982 -0.987103  0.150982 -0.800962 -0.847168
  0.332584 -0.246574  0.333141 -0.008829  0.227793  0.298976  0.116157
  0.331881  0.292648 -0.392501  0.332268  0.189744  0.315878]
[-0.402053  0.085727  0.321496 -0.810341 -0.969463  0.301437 -0.157446
 -0.930686  0.11042   0.257036 -0.150716  0.137637  0.110759 -0.898699
  0.33329   0.209771 -0.033435  0.166022  0.331552  0.275408]
[ 0.296043  0.32958   0.163972  0.229512  0.332299 -0.704674 -0.553954
  0.263489 -0.029885 -0.205629 -0.96372  -0.128964  0.283228  0.101357
 -0.075771 -0.031841  0.260836 -0.120952  0.332946 -0.44409 ]
[ 0.237779  0.333056  0.332511  0.33322   0.089914  0.182646 -0.755112
 -0.035906 -0.439782 -0.072908 -0.681493  0.322336  0.33308  -0.065164
 -0.197729  0.307165  0.29225  -0.739193 -0.318905 -0.795384]
[ 0.331446  0.224071  0.26188   0.217943  0.330084  0.288111 -0.523597
 -0.130638 -0.524473 -0.556929 -0.407051  0.082681  0.095531 -0.607078
  0.065987  0.256057  0.085085  0.046916  0.145189 -0.669765]
[ 0.27631  -0.297724  0.270872  0.331342 -0.999866  0.328217  0.132772
 -0.204816  0.226358  0.277846  0.275177  0.248538  0.310685  0.312956
  0.177643 -0.992799 -0.625526  0.330878 -0.118407 -0.08417 ]
[-0.988403  0.184101  0.333042  0.283061  0.329792  0.168848  0.329652
  0.032583  0.128154 -0.796616 -0.067689  0.06533   0.198455  0.118963
  0.197216  0.122068 -0.657693  0.122672  0.30682   0.102536]
[ 0.289577  0.236517 -0.820752 -0.225791  0.117382 -0.100555 -0.357528
 -0.459997 -0.138862  0.081569  0.141573  0.178677  0.331412  0.243502
 -0.582914 -0.976593  0.286111  0.252498  0.295057  0.308149]
[ 0.323823  0.158991  0.257164  0.32731   0.330742 -0.397321 -0.144395
 -0.195708  0.193086  0.138255  0.229704 -0.21911  -0.202794 -0.348154
  0.012838 -0.347437  0.262357  0.255988  0.231511  0.14164 ]
[ 0.241301 -0.001099  0.329454 -0.334444  0.311136 -0.001677  0.276973
  0.332897  0.322865 -0.861207  0.20782   0.319472  0.183578  0.151514
  0.110311 -0.166124  0.320349  0.330107 -0.100531 -0.700625]
[ 0.032631 -0.421196  0.112869 -0.677188  0.310853  0.321438 -0.582861
  0.332424 -0.363397  0.333327  0.188488 -0.987184  0.113004 -0.684275
  0.084995  0.24244   0.113872 -0.873648  0.070676 -0.995198]
[ 0.293962  0.328342  0.325457 -0.164727  0.235015  0.300059  0.283926
 -0.482277 -0.22019   0.333218  0.158315  0.327911  0.214947  0.29882
 -0.553002  0.330868  0.324385  0.32686   0.309669 -0.103947]
[-0.89719   0.328317  0.308915  0.310158  0.049113 -0.127513 -0.048446
 -0.225595  0.298044 -0.466653  0.148234  0.211668  0.154097  0.33222
  0.223752  0.187711  0.23777   0.2422   -0.081312  0.218256]
[ 0.236156  0.29466   0.329443  0.172903  0.116839 -0.22635   0.026802
  0.318256  0.314925  0.128179 -0.824759 -0.989037  0.196284 -0.083587
  0.233549  0.302132  0.325215 -0.691102 -0.11253  -0.321674]
[ 0.252856 -0.511913  0.321464  0.132586  0.140001  0.195371  0.246292
 -0.788017  0.203401 -0.812189 -0.405039  0.09809   0.175612  0.33044
 -0.435579  0.310879 -0.181661 -0.104338  0.051625  0.332408]
[ 0.112382 -0.05856  -0.059834 -0.1689    0.261044  0.218138  0.252979
  0.294995 -0.260408  0.297308  0.094743  0.008511  0.330752  0.211888
  0.082669  0.329906 -0.686332 -0.983818 -0.668324  0.185137]
[ 0.154852  0.255727 -0.999722  0.057169 -0.562515 -0.492417 -0.045626
  0.084685 -0.103271  0.285442  0.293954  0.327238  0.188701  0.278749
  0.289682 -0.552074  0.331269  0.32913   0.281826  0.317676]
[0.055127818020111075, 0.0067728667421940794, -0.068021954351428063, 0.08171880147750224, -0.018039556696501459, -0.0036172422532170234, 0.0094201622347402925, -0.018574497098179377, 0.11582450186041779, -0.0027964174360503771, -0.015740088126311384, 0.029335872417249512, 0.0029632395947927839, 0.0088335415764213554, 0.042047298144750112, 0.049449437305282173, 0.022259083541735586, 0.023288200771460411, -0.0023031755412080968, 0.0058070574522901819, 0.031145830320090107, -0.034180539355414541, 0.01251518498668247, -0.038123209327658003, 0.054451473417388999, -0.028076692729660846, -0.10949918075965592, 0.014100417551236505, 0.093323114858833184, -0.10156328897025274, 0.0062534850913260748, 0.0029612841227859565, -0.00020559840667097248, 0.0089400016853742048, -0.030560887265447256, 0.0099301686328536753, 0.016531342566192424, -0.029078876143055266, 0.070213601312209606, -0.038014103173265368, 0.018010279021386341, -0.048203123360153699, 0.056136297772919924, 0.03054383257155957, 0.052666791164595966, 0.012661436659514247, 0.039335722513052729, 0.085068007095544629, -0.01185334747195449, 0.011881884896398187, 0.048123250728061728, 0.028370430170666872, 0.028518447099329824, 0.026303212788977376, 0.010953146318932669, 0.036013915026316151, 0.072282903737885151, 0.033006459740957568, -0.032447535486862744, -0.024666877249014951, -0.011608408411201934, 0.050118626336032313, 0.0027980470838926408, 0.061915896335285492, 0.067112555126809637, 0.02582957996036192, -0.092012290580078759, 0.1174136802280405, 0.082957476252381868, 0.040380555023015158, 0.065753599145076391, -0.027980944140963859, 0.10765592199525234, -0.018251552679615424, -0.057088974648689672, 0.066755067848343119, 0.0031918922529642901, -0.0091631445798943667, -0.012390637624720674, 0.0029142268943036786, 0.027406880997233207, 0.047014117205943784, 0.073986354925379666, -0.017792375343146816, 0.00037904937404492633, 0.038416423014712875, 0.0026338566843504829, -0.065571729822578306, -0.16107940118343067, 0.010647703370360362, 0.081224604279684698, 0.059788112690977779, 0.033305903005186183, 0.01841593840959968, 0.038385891804606442, -0.016724349680619754, 0.050545281718728879, 0.027932826342695449, 0.041724360915516664, 0.047373037279832372]
('time: ', 9150.349962949753)
