“Running plot script on a single CPU core”
[ 0.283383  0.310925 -0.010871  0.251669  0.313513 -0.994384  0.113641
 -0.721423  0.284389 -0.510296  0.285012 -0.010453  0.118474  0.331783
  0.305868  0.312925 -0.50202   0.147801 -0.881795 -0.235609]
[ 0.318755 -0.784569  0.102561  0.275224 -0.988807  0.329283  0.327231
  0.292296 -0.29793   0.307681  0.012957  0.29006  -0.186886  0.326176
  0.312025  0.040081  0.231817  0.045153 -0.844784  0.321745]
[-0.926845  0.327175 -0.010377  0.330406 -0.074704  0.32967   0.326038
  0.262434 -0.070664 -0.575786  0.325179  0.24656   0.284186  0.296896
  0.287328  0.267194 -0.560317  0.149785 -0.035594  0.201616]
[-0.422089  0.174005  0.062491  0.190915  0.321779 -0.982028  0.310719
 -0.618911  0.298282  0.325987  0.043009  0.329285 -0.529386  0.24738
 -0.711565  0.318015  0.330269 -0.178957  0.229472  0.292999]
[ 0.30117   0.331758  0.320511  0.332001 -0.04858   0.2374    0.331808
  0.283162  0.331604  0.293037  0.280809 -0.134954 -0.24234   0.218518
  0.326703  0.21662   0.294735 -0.379464  0.322946 -0.387215]
[-0.291682 -0.994134  0.333306  0.328927 -0.32393  -0.211468  0.211451
 -0.38958  -0.134286  0.02687  -0.739842  0.306842  0.333075 -0.119205
 -0.107298 -0.094624 -0.729166 -0.978377 -0.800294  0.204802]
[ 0.322997  0.086015  0.252829  0.299166 -0.952791 -0.574098 -0.047261
  0.301616  0.126663  0.097081  0.161335 -0.648972 -0.796304 -0.67842
 -0.145685  0.274527  0.214199  0.275657  0.197457  0.332228]
[ 0.253581 -0.650578  0.249324  0.333098  0.269676  0.308753 -0.535449
  0.272737  0.308038  0.312096  0.262076 -0.424385  0.218095  0.333122
 -0.997027  0.329221  0.006214  0.29647   0.279184 -0.313292]
[ 0.333264  0.29688  -0.043823 -0.999972 -0.505764 -0.42835   0.192752
  0.298793  0.311276  0.329972  0.213843  0.322902  0.26263   0.271222
  0.324352 -0.892725 -0.967531  0.253153 -0.263537 -0.542408]
[-0.501163 -0.720776 -0.925461 -0.172687  0.038759  0.26114  -0.277988
  0.047082 -0.835396  0.010326  0.333331  0.128648  0.315844  0.15896
  0.231722  0.1547   -0.408904 -0.738463 -0.755234  0.271807]
[ 0.190575  0.324131  0.031339  0.277693  0.209875  0.288881  0.316397
 -0.796066 -0.156222  0.293819 -0.039785  0.258524  0.293519  0.25311
  0.002511 -0.041718 -0.157378  0.1809    0.256885  0.141786]
[ 0.157062 -0.736767 -0.428522 -0.090527 -0.185238  0.160043  0.153964
 -0.482462  0.33149   0.264309  0.206776 -0.27381  -0.213333  0.330802
  0.268768  0.291354 -0.130323 -0.010615  0.173627 -0.433221]
[-0.258889 -0.287531 -0.461547  0.182068 -0.428671 -0.316403  0.316203
  0.249882 -0.29634  -0.577689  0.282277  0.248895  0.330813  0.095074
  0.324395  0.14833   0.030222 -0.736418  0.152369 -0.957331]
[ 0.306338  0.252222  0.224086  0.182156  0.242571  0.278682  0.131498
  0.12441  -0.935975  0.332744  0.333065  0.095245 -0.690044  0.245501
 -0.510385  0.331783  0.309102  0.289041 -0.081568  0.313148]
[ 0.331101 -0.553885  0.319821  0.186076  0.199419  0.125878  0.232453
 -0.143109 -0.570243  0.328368  0.332821  0.329206  0.185242  0.211142
  0.326346  0.31549   0.0955    0.287805  0.300869  0.220194]
[-0.079808  0.331901  0.291507  0.272999  0.167052  0.202485  0.315691
  0.312628 -0.680508  0.117624  0.108093 -0.60727  -0.069028 -0.679249
  0.258684 -0.032412 -0.19298   0.330491  0.326231  0.30367 ]
[ 0.332948  0.324437  0.090979  0.226074  0.332731  0.257459 -0.814224
  0.328772  0.291262  0.325689  0.326928  0.321707  0.078195 -0.518993
  0.333333  0.316204 -0.874503 -0.009124  0.259626  0.298396]
[ 0.311122  0.232882  0.233763  0.253719  0.272717  0.332862  0.30946
  0.074721  0.205782  0.33273   0.308983  0.149144  0.04126  -0.0096
  0.332907  0.194496 -0.167824  0.328085 -0.021556 -0.233738]
[ 0.243723  0.333204  0.33317   0.29789   0.238385 -0.079148  0.33157
  0.324852  0.327452  0.289215  0.318386  0.025379  0.279217 -0.016122
 -0.010387  0.286392  0.331358  0.317383  0.172695  0.296343]
[ 0.22426   0.251496  0.007316  0.212348  0.123599  0.290984  0.254906
 -0.963188 -0.166422  0.241217  0.025647 -0.700416  0.267283 -0.294368
  0.105696  0.066626  0.043527  0.32627  -0.299945  0.29852 ]
[ 0.319571  0.330051  0.330161  0.324902  0.332813  0.332469  0.065762
  0.075683  0.243036  0.313962  0.301726  0.265131 -0.257113 -0.018478
  0.031737  0.265719 -0.536272  0.288772 -0.994552 -0.51082 ]
[ 0.241155  0.324832  0.321942  0.253144  0.256181 -0.579885  0.14235
  0.283848 -0.369383  0.244039  0.226979  0.242223 -0.576261 -0.438634
  0.32072  -0.094009  0.29936  -0.950628 -0.149021 -0.057077]
[ 0.323232  0.145026 -0.382553  0.283636  0.194208  0.171007  0.139275
  0.285223  0.272073  0.273563  0.32118  -0.445626 -0.345018 -0.257255
  0.327813  0.246891 -0.52756  -0.041056  0.250651 -0.016215]
[ 0.138864  0.321692  0.233686 -0.058462  0.329326 -0.047581  0.162029
  0.283259  0.328549  0.312508  0.038203  0.289003  0.277507  0.256616
 -0.630138 -0.935645 -0.229131  0.185288  0.274608  0.329458]
[-0.553975  0.174853 -0.037817  0.26683  -0.091607 -0.610753  0.16837
  0.324504  0.057669  0.332036 -0.148126  0.333187  0.053682 -0.95672
  0.262054  0.055858  0.248454 -0.644551  0.20283   0.191818]
[-0.525821  0.332988  0.178171  0.313133  0.184809  0.045706 -0.990844
 -0.316196 -0.116981 -0.698539  0.299335 -0.331776  0.242294  0.25513
 -0.233627  0.289864  0.314782  0.278198  0.311519  0.184771]
[-0.057792  0.315107  0.135423 -0.220578  0.325691 -0.214142  0.310798
  0.013201 -0.410133  0.322354  0.169377  0.248554  0.012703 -0.186207
  0.331467  0.280734  0.117052  0.251357 -0.996161  0.165444]
[ 0.310244 -0.139381 -0.990439  0.300055  0.173029  0.253518 -0.175804
  0.303636  0.323593  0.165753  0.302035  0.156047  0.331885  0.298989
 -0.162819  0.091044  0.28122   0.185035  0.332989  0.312475]
[-0.962415  0.228234  0.244366  0.303042  0.327802  0.181573  0.209721
 -0.90702  -0.229602 -0.419992  0.307318  0.32002   0.245278  0.328006
 -0.565916 -0.606622  0.314109  0.175166  0.318056 -0.364013]
[-0.1209    0.268521 -0.350664 -0.899614 -0.906663  0.213076 -0.649535
  0.32286   0.156245  0.287336  0.252149  0.318732  0.281318  0.237601
  0.273847  0.29234   0.273774 -0.899878 -0.915321 -0.189739]
[-0.214316  0.291345 -0.227572  0.255846  0.255541  0.135224 -0.962705
  0.324867 -0.431387  0.31897  -0.226984 -0.844267 -0.612926 -0.5276
 -0.071558  0.273041  0.212425 -0.894046 -0.179898 -0.64337 ]
[ 0.320392  0.23252   0.280248 -0.481667  0.332849 -0.904328 -0.872895
  0.236874  0.330357 -0.055918 -0.768012 -0.310114 -0.229825 -0.266454
  0.332018 -0.134661  0.290637  0.053927 -0.095461  0.3325  ]
[ 0.331443 -0.435265 -0.361167  0.197646 -0.379711  0.250794 -0.658561
 -0.990251  0.257289  0.098549  0.250736  0.130089  0.259611 -0.051868
  0.330941  0.310502  0.333236 -0.430374  0.113269 -0.373816]
[ 0.273341  0.258591  0.272446  0.239955  0.069938  0.331292  0.328032
  0.330773 -0.407231  0.317782  0.227504  0.109833  0.279596 -0.637618
  0.313484 -0.837446  0.273342  0.229498 -0.09188   0.240978]
[-0.125164 -0.997831  0.333293  0.117973  0.054393  0.168062  0.311132
  0.315624 -0.024046  0.314398  0.022865 -0.242708 -0.959452  0.164645
  0.188072  0.06937  -0.09014   0.158975  0.299579  0.333168]
[-0.884716  0.276969 -0.38519   0.332997 -0.053752 -0.41416   0.301601
  0.304883  0.188115 -0.23991   0.182715 -0.421438  0.132349  0.102042
 -0.202758  0.102389  0.313667 -0.997557  0.319912  0.301974]
[-0.432664  0.198089 -0.105351 -0.068066 -0.772721  0.187611  0.04655
  0.315872  0.307692  0.294892 -0.706513 -0.987855  0.225005 -0.691641
  0.269808  0.332356 -0.212322 -0.281045  0.307283 -0.606406]
[-0.237959  0.239151  0.331751  0.308402  0.316277  0.148589  0.305338
 -0.571283  0.328863 -0.27111  -0.160111  0.195299 -0.916209  0.26972
  0.322044 -0.806474  0.315832  0.159169  0.100049 -0.231797]
[ 0.285382  0.319991  0.207198 -0.326857  0.307037  0.261344  0.320186
  0.22755   0.220076 -0.889169 -0.156434  0.278987 -0.994348 -0.653074
  0.248292  0.093509  0.259297  0.237372  0.279696 -0.973344]
[-0.950613  0.273084 -0.914229 -0.828457  0.257783  0.277228 -0.040397
  0.288227  0.325398  0.31982  -0.913361  0.303496  0.321361 -0.813512
  0.288766 -0.258371  0.149419  0.180801 -0.846184  0.033721]
[ 0.009399  0.303339  0.284936 -0.670453 -0.204662  0.331908 -0.962528
  0.180119  0.144421  0.302617 -0.731542 -0.226162  0.298131 -0.270066
 -0.298905  0.100769 -0.144624  0.330651  0.06656   0.278049]
[ 0.099227 -0.089708 -0.555309  0.332715 -0.043488  0.328691  0.333009
  0.146299  0.30059  -0.745756  0.26308  -0.018491  0.216476  0.035452
  0.324037  0.322823  0.318946  0.232886  0.272761  0.260182]
[ 0.320761 -0.096103 -0.974593 -0.252522 -0.517468  0.050166  0.278106
  0.262824 -0.103531  0.326483  0.277783  0.327973  0.237356  0.046592
 -0.117704  0.310931 -0.926502 -0.411644 -0.124196  0.20728 ]
[-0.032699  0.296582  0.186151  0.254703 -0.99841   0.298306  0.21676
 -0.910734  0.289056 -0.015702  0.306165  0.154586 -0.033943 -0.752487
  0.299751  0.136985  0.30658   0.179942  0.28433   0.317264]
[-0.635749 -0.001808  0.333325  0.158654 -0.605728  0.140783  0.330015
 -0.788571  0.188559  0.245439  0.003088  0.312279  0.18245  -0.701175
  0.330304  0.154352  0.162834  0.293876  0.188253  0.327869]
[ 0.329596  0.254441  0.332123  0.253321 -0.892431  0.329956 -0.459549
  0.316341  0.301637  0.129698 -0.723586  0.333264 -0.574858 -0.394141
 -0.131157  0.066523 -0.155951  0.270149 -0.722372  0.328591]
[ 0.325577  0.282053 -0.322951  0.186726 -0.238526  0.321727 -0.993598
 -0.374111 -0.156853  0.120351  0.260799  0.31156   0.312584  0.316985
  0.308971  0.323497  0.236332  0.297745  0.201887  0.288314]
[ 0.217925 -0.552089  0.320606 -0.980488 -0.062518  0.264749  0.229362
  0.310275  0.32112   0.250713  0.325534 -0.319903  0.146347  0.080792
  0.259236  0.332804 -0.067253  0.137015  0.315261 -0.994403]
[-0.366678 -0.656191 -0.989651  0.236776 -0.942896 -0.370642  0.259346
 -0.802203 -0.354164  0.127646  0.277816  0.331946  0.316366 -0.95705
  0.156161  0.272929  0.327847 -0.488538 -0.012072  0.257291]
[-0.418555  0.280763  0.264878 -0.734234  0.156104  0.331558  0.300807
  0.229511 -0.052829 -0.987462 -0.871245 -0.073387  0.300396  0.329658
  0.262888  0.318102  0.15948  -0.53922   0.326515  0.053874]
[-0.009468 -0.522779  0.148496 -0.994376  0.186697  0.304017 -0.005404
  0.316959  0.315961  0.246204  0.244952  0.331427  0.131778  0.133757
 -0.944185  0.331805  0.262839  0.180414  0.251179  0.331039]
[ 0.026036  0.262217  0.313098  0.218273  0.219512 -0.196862  0.214525
  0.234991 -0.230798  0.331847 -0.999686  0.20019  -0.916054 -0.086209
  0.332057  0.228523  0.322673  0.167137 -0.835863  0.065903]
[ 0.186225  0.08737   0.057104  0.30816   0.326965  0.291601  0.331591
  0.314343 -0.101012  0.32908   0.328119 -0.563411 -0.372342 -0.364181
  0.171091  0.273918  0.09547   0.120621  0.212569  0.240667]
[ 0.13836  -0.118096 -0.067599  0.308486 -0.152252  0.208644  0.27788
  0.327152  0.326131  0.312212 -0.758864  0.332079  0.118174 -0.083067
  0.232667  0.322817  0.221718 -0.974869  0.311178  0.117792]
[ 0.268067 -0.993108 -0.96038   0.028458 -0.155431  0.328375  0.332669
  0.168893 -0.038229  0.25304  -0.963487 -0.118392  0.306585 -0.220907
  0.290095  0.298028  0.292794  0.302298 -0.854973 -0.035577]
[ 0.325179 -0.899788  0.330718  0.313979  0.268575  0.298203  0.071483
  0.249287 -0.384469 -0.146757  0.305402  0.164802  0.30268   0.195781
  0.307024 -0.129874  0.183882  0.318196 -0.041596  0.329696]
[ 0.054984 -0.71572   0.333188  0.068602  0.256016  0.281264  0.320686
 -0.930393 -0.016999  0.201428 -0.645285  0.33036   0.332656  0.188377
  0.326765  0.291339  0.332036 -0.05089   0.274155  0.207942]
[-0.590858 -0.459808  0.326334 -0.992536 -0.263646 -0.127814 -0.893098
 -0.296136  0.005093 -0.05315  -0.762536 -0.076037  0.293172  0.145005
  0.290963 -0.880228  0.294993 -0.989938 -0.087538 -0.947848]
[-0.159263  0.332962  0.037016  0.332543 -0.270892 -0.493904  0.316652
  0.320457  0.217281  0.091518 -0.280747  0.125449  0.328362  0.266527
 -0.972368 -0.432607 -0.062548  0.205113 -0.666281  0.311294]
[-0.148216  0.322128  0.314864  0.267676 -0.109088 -0.091548 -0.488382
  0.165961  0.3325    0.023136 -0.247721  0.333257  0.291743  0.233282
  0.296772  0.333065  0.21829  -0.466105  0.059493  0.288953]
[-0.99537   0.330398 -0.793634 -0.517975 -0.950307 -0.421172 -0.039678
  0.276226  0.326621 -0.999994 -0.705947  0.325292 -0.690896 -0.683782
  0.182406  0.215858 -0.519037 -0.32897   0.268766 -0.623356]
[ 0.036892  0.330994  0.283908  0.308839  0.137009  0.135677 -0.078562
  0.259369 -0.166584 -0.059678  0.273454 -0.491459  0.304751  0.320405
  0.232942  0.282384  0.018877  0.227154  0.001417  0.091521]
[ 0.323438  0.30881  -0.216451  0.306886  0.04912  -0.003147  0.222467
  0.333014  0.060823 -0.005163 -0.453611 -0.051798 -0.02907   0.31104
  0.328259 -0.313067 -0.097115 -0.638003  0.296425  0.005548]
[-0.884046  0.010039  0.325064 -0.516394  0.280218 -0.973821  0.326208
  0.222836  0.286552 -0.981466 -0.993952  0.222124  0.239269  0.031702
  0.242162  0.033892  0.288901 -0.044154  0.267869  0.283001]
[ 0.068125 -0.711022  0.091265  0.326167  0.204414  0.068671  0.332967
 -0.15888   0.300876  0.325021  0.33283  -0.094745  0.322712  0.165746
 -0.242838  0.333041  0.046447  0.313101 -0.989197  0.282036]
[-0.330643  0.279305  0.207976 -0.001881 -0.998855  0.048947 -0.586124
  0.295899  0.328446  0.288693 -0.337625  0.315282 -0.048903  0.321562
 -0.933206  0.329822 -0.653293  0.205182 -0.199851  0.318983]
[-0.086807  0.270341  0.330507  0.311256  0.331744  0.206882  0.329992
  0.333148  0.325787  0.154484 -0.997349 -0.108502  0.162894 -0.097081
  0.300509  0.092516 -0.319426  0.170827 -0.849198 -0.974491]
[ 0.273951  0.188293  0.209385 -0.902323  0.313177  0.186296 -0.828789
  0.231297 -0.019887  0.30284   0.286029  0.083804 -0.902686 -0.305276
  0.303288 -0.473788 -0.513664  0.330219 -0.316534  0.321836]
[ 0.318522  0.188116 -0.465873  0.236527  0.329538 -0.286986  0.328456
  0.296618 -0.422326  0.18824   0.212719 -0.774251  0.195471 -0.91906
  0.101513  0.28338   0.320281  0.01084  -0.389507 -0.519461]
[ 0.270513 -0.353146 -0.006247  0.058077  0.18098   0.186654  0.239861
  0.109872 -0.782628  0.167101  0.248094  0.254005 -0.813318  0.329141
  0.304799 -0.366753  0.303716 -0.078024  0.00417  -0.220973]
[-0.973156 -0.850329 -0.344171  0.022152 -0.884068  0.203756 -0.036153
  0.116907  0.318709 -0.93585  -0.985663  0.332273 -0.191969  0.300486
  0.08397   0.310303  0.257379  0.268183  0.154797 -0.33224 ]
[-0.964761  0.239633 -0.875924  0.304935  0.2228   -0.212712  0.267007
 -0.999799  0.191007  0.28766  -0.363274  0.205103  0.314333  0.249572
  0.142127  0.280458 -0.973753 -0.534848  0.330997 -0.966709]
[ 0.310933  0.331644  0.252797  0.315332 -0.056753 -0.054652 -0.013034
  0.331993  0.320659 -0.393809 -0.466311  0.323067  0.188815 -0.783477
 -0.938334  0.08026  -0.056929  0.059612 -0.269785  0.330405]
[ 0.134702  0.315844  0.266566  0.300349  0.154419  0.312596  0.250789
  0.154924  0.231888  0.331019  0.078788  0.27616   0.006788 -0.676093
 -0.871988  0.0971   -0.50665   0.162886  0.318893  0.216901]
[ 0.302069 -0.684997 -0.798212  0.185141  0.167354 -0.129811  0.283836
  0.225567 -0.429771 -0.537508  0.213443 -0.302332 -0.452798  0.246684
  0.32758   0.134168 -0.029767 -0.407316  0.280207  0.306022]
[ 0.037372 -0.540352  0.304179 -0.377954  0.086159 -0.086612  0.244718
  0.07837  -0.250595 -0.998147 -0.953071  0.152133  0.311004 -0.933588
  0.331742  0.151195 -0.204379  0.104443 -0.99727   0.332292]
[-0.27129   0.303222  0.0744    0.123821 -0.593869  0.310168  0.209123
 -0.861997 -0.966034 -0.724468  0.33055   0.207725  0.300636 -0.820155
 -0.186135 -0.600601  0.21416  -0.042486  0.313899  0.156627]
[ 0.318606  0.163394 -0.951433 -0.385077 -0.998904  0.241745  0.240676
  0.252    -0.102    -0.348878  0.322969 -0.240048  0.21244   0.330565
  0.270964  0.293162  0.301392  0.295514 -0.462726  0.317248]
[ 0.121632 -0.811399 -0.174799  0.243774  0.085651  0.321665 -0.964204
  0.326621  0.09383   0.258098  0.333189 -0.218023  0.110216  0.324097
  0.322643  0.325297 -0.119277  0.042559  0.296678 -0.727637]
[-0.592134 -0.092886  0.236416  0.278211  0.110641  0.287084  0.262148
  0.331377  0.256094 -0.130835  0.316836  0.237875 -0.155063  0.330568
 -0.662038 -0.826026 -0.084714 -0.075369  0.332128 -0.541996]
[-0.260397 -0.307984  0.311386  0.175487  0.333295  0.262635  0.31862
  0.31455   0.332135  0.277137 -0.210293  0.292586  0.333331  0.326701
 -0.195456 -0.806536  0.211286  0.132364  0.059757  0.291237]
[ 0.075031  0.224798 -0.105611  0.332719  0.14917   0.331929  0.333242
  0.331678  0.329381  0.327646 -0.937022  0.325013  0.183205 -0.763629
  0.177853  0.333277  0.307011 -0.923007  0.255546  0.333135]
[ 0.029644  0.215768  0.064505  0.170526 -0.754697  0.314684 -0.178542
  0.32838  -0.12048   0.331071  0.086942  0.25218   0.237916  0.261347
 -0.348817  0.330172 -0.113638 -0.993192 -0.242028  0.070321]
[-0.446582  0.325256 -0.338235 -0.802143  0.261596 -0.997795  0.333209
  0.252301  0.214365 -0.422112  0.263023  0.279869 -0.141601  0.179844
  0.042499  0.217931  0.311921 -0.048063  0.053427  0.300133]
[ 0.321843 -0.437129 -0.999567  0.27743   0.286317  0.310939  0.333145
 -0.122024  0.303449 -0.521172 -0.710115  0.307598  0.333333 -0.118906
 -0.211814 -0.299119  0.317875  0.299728  0.299779  0.318735]
[ 0.291001 -0.136883  0.209747  0.329454  0.13775   0.328374 -0.456227
 -0.650139 -0.271941  0.330789  0.212651  0.322286  0.315692 -0.559436
 -0.030373 -0.156864 -0.793294  0.305094  0.15542  -0.467789]
[-0.723803  0.148056  0.30445   0.11961   0.275111  0.329727  0.278915
  0.272026 -0.995761 -0.534649  0.333026 -0.105274 -0.004951 -0.048341
  0.332091  0.273563  0.176149  0.14812  -0.268705  0.320803]
[ 0.280684  0.327148  0.0147   -0.770742  0.099478 -0.972998  0.316309
  0.327287  0.103458  0.018337 -0.999992  0.325558  0.30762  -0.383191
 -0.390201  0.116462  0.332725  0.287322  0.287425 -0.270258]
[ 0.074553 -0.995909 -0.42892  -0.069432 -0.709406  0.217666  0.057022
  0.27664   0.312505  0.258922  0.241368 -0.97043   0.332595  0.081643
 -0.027763  0.171387 -0.519249  0.28875  -0.591129  0.124842]
[ 0.259143 -0.279287  0.147648  0.060388  0.241866 -0.595987  0.008664
  0.068963  0.20643   0.157234 -0.944956  0.32835  -0.785393  0.149015
  0.064802  0.277661  0.318768  0.182     0.22396  -0.43687 ]
[-0.754752 -0.061559  0.081785  0.14561   0.255548 -0.221921  0.330122
  0.113594  0.10551  -0.842219  0.333233  0.325482  0.180737 -0.723012
  0.33014   0.309222 -0.918586  0.255562  0.332387  0.308962]
[ 0.333029 -0.15722   0.152659  0.317151  0.324646  0.104635  0.308884
 -0.276551  0.178474 -0.594079  0.02798   0.272915  0.326977 -0.304387
  0.286757 -0.797658  0.26683  -0.597767 -0.844586 -0.205583]
[ 0.33245   0.022973  0.305653  0.179714  0.201893 -0.181523  0.195608
  0.331678  0.320603 -0.770491  0.321502  0.272736  0.127698  0.326701
 -0.248137  0.080766  0.331792  0.333306 -0.962642  0.002519]
[-0.329984  0.15176   0.320264 -0.142093  0.319262  0.289976 -0.02123
  0.261965  0.331827 -0.979997 -0.214304  0.157995  0.180389  0.228843
 -0.506867  0.332599 -0.110845 -0.223671  0.297117  0.331721]
[ 0.331723 -0.246773  0.268574  0.147635 -0.30227   0.181896  0.318901
  0.285491  0.262767  0.282557  0.174394 -0.634481  0.111391 -0.566777
 -0.136004  0.105804 -0.156786  0.305693  0.038633  0.295907]
[ 0.125457  0.251669  0.281196  0.255124  0.298804 -0.321633  0.183071
  0.184235 -0.327761 -0.088564  0.059529 -0.117861  0.208716 -0.914951
 -0.852263 -0.783013  0.237749  0.329747  0.137971 -0.048896]
[ 0.307769  0.216054  0.264565 -0.090868  0.065464 -0.401776  0.333326
  0.287706  0.198142 -0.066558  0.32098   0.062737  0.134129  0.068605
  0.078388  0.327166  0.183488 -0.120463  0.098639  0.277805]
[ 0.300709  0.329855  0.326868  0.286174 -0.346537  0.136132 -0.135788
 -0.454342  0.000544  0.332498 -0.215383 -0.221827  0.252304  0.313147
  0.282692  0.246502  0.180032  0.333224 -0.19858   0.108672]
[ 0.280447  0.054165  0.326772  0.062162 -0.192643 -0.025035  0.147362
  0.172581  0.298564  0.328643  0.064536 -0.013301  0.31736  -0.780743
  0.274056 -0.068113  0.2087    0.285047 -0.738863 -0.635396]
[-0.844583  0.327988 -0.540906 -0.873451  0.235394  0.255704 -0.442669
 -0.666465  0.283535 -0.462134 -0.906382  0.28985   0.30276   0.332555
  0.141927  0.236147  0.172565 -0.021751 -0.034637  0.028716]
[-0.078299387025948575, 0.03652944446116313, -0.035096924761419013, -0.035306190354106426, 0.067553900376694453, 0.0039743339143121781, -0.081647702269688927, 0.0551916131952018, 0.11711332830637933, -0.06269077324546507, 0.046815472390174639, -0.0089748748420117874, -0.0095889426729635907, 0.0448257095264466, 0.0075465449421073805, -0.0022872619749225997, 0.075073349393344979, 0.070390654179823625, 0.011761393363347056, 0.049606835530674548, 0.098216400834113537, -0.065976774721144105, 0.13774413365473742, 0.035433438920069685, -0.028499846412778695, -0.067219286069648831, -0.0038513876876814859, 0.034846636251067986, 0.060881586619829897, -0.029205457029410672, -0.0096843406209660421, 0.021062685232746126, -0.036677964538415375, -0.040941206185488244, -0.011947872447687954, 0.014295423422829856, -0.04402830339235958, 0.024591623836395238, 0.058667513991394943, 0.05563850971782569, 0.044795238304472608, 0.049585488357269641, 0.0053882569404209435, -0.055910775065211082, 0.014428062348105453, -0.0021051597929078736, -0.072373761031645389, -0.004369511685313493, 0.022243562114110493, -0.04554458350570717, 0.070358928338176779, 0.00054475349831419745, 0.032199913278812109, 0.035932577657722231, 0.093062639229107624, -0.028694137088263738, -0.0012880532613634352, -0.039000938604230595, 0.035668489011084992, -0.017913559167474058, -0.05516453734432325, -0.0080493676540109374, 0.026839065376512317, -0.01132913296959337, 0.0067360618205990277, -0.010435553833258115, 0.023220346352519614, 0.0032877961434090164, -0.047623964762647519, 0.079385232008488238, -0.033943424435091796, -0.071884166237734193, 0.056969406744958817, 0.037500407029652391, 0.034817573806285917, -0.060949109695893545, -0.0098584447409643672, 0.011390801669718453, -0.033991814817231944, -0.068493352389902507, 0.0017477317256681668, -0.013547285126594227, -0.013038071285152091, -0.039756594810140877, -0.0031625047189466904, 0.012205636906279349, 0.0056467326178443189, 0.078749558821340521, 0.0095572953059461646, -0.033417999591975833, -0.050587203584631424, -0.0087442520279740199, -0.019427638842261452, -0.00026264567888406587, -0.082080321757479535, 0.050169475618680515, -0.0081286678551553693, 0.031643490689468257, 0.032602857340233937, -0.0027312471211512479]
('time: ', 12129.911096811295)
