“Running plot script on a single CPU core”
[ 0.048688  0.050674  0.031318 -0.02261   0.000269 -0.015861]
[ 0.057908  0.045019  0.018136  0.039666 -0.023136  0.001179]
[ 0.098096  0.077714  0.066239  0.009771 -0.014648  0.013336]
[ 0.069681  0.072146  0.088445  0.017877 -0.003131 -0.002926]
[-0.043953  0.079947  0.096116 -0.055146  0.019314 -0.004223]
[-0.032848 -0.057021  0.036718  0.020751 -0.032625 -0.006769]
[ 0.025268  0.033812  0.041567  0.013608  0.014829  0.009891]
[-0.062452 -0.002485 -0.007615 -0.031914  0.006769 -0.021337]
[ 0.048955  0.009872  0.062023  0.034429 -0.018631  0.042092]
[ 0.071288  0.083675  0.104871 -0.038013 -0.029016 -0.008545]
[ 0.027042  0.031566 -0.024764 -0.0119    0.03644  -0.000685]
[ 0.081367  0.051342  0.077029  0.001232 -0.003065 -0.030202]
[ 0.002893  0.023239  0.043352 -0.02593  -0.004531  0.004742]
[ 0.078303  0.026248  0.010469  0.005914 -0.003745  0.019812]
[ 0.018175  0.050922  0.035254 -0.018147  0.01948  -0.007441]
[ 0.049004  0.077263  0.078467 -0.002732 -0.015944  0.022636]
[ 0.046088  0.053204  0.048113 -0.017037 -0.004247 -0.001557]
[-0.031881 -0.034608  0.001364 -0.027733  0.004871  0.008875]
[-0.01853   0.022531 -0.020293  0.012013  0.010574  0.003378]
[ 0.108028  0.097839  0.126977 -0.005082  0.009117  0.003705]
[ 0.048858  0.104765  0.113654 -0.030135 -0.013673  0.001696]
[ 0.036906  0.072081  0.06118   0.005656  0.009117 -0.003757]
[ 0.001577  0.069157 -0.010025 -0.026879 -0.005662  0.02131 ]
[ 0.026546  0.015986  0.034409 -0.014365  0.013005 -0.017435]
[ 0.025398  0.022337  0.119654  0.030389 -0.000748  0.03664 ]
[ 0.032104  0.044422  0.029935  0.018562 -0.024224 -0.000151]
[ 0.023814  0.034064  0.038829  0.001411  0.020986 -0.00241 ]
[ 0.043137  0.051179  0.06644   0.031137 -0.024166  0.013747]
[ 0.080303  0.09242   0.096982 -0.011649 -0.002363  0.002436]
[ 0.076866  0.081852  0.037635  0.005598  0.016428  0.023757]
[-0.023053  0.043983  0.075697 -0.00576   0.006685  0.007453]
[ 0.022393  0.033602  0.046258 -0.009948  0.007372  0.01031 ]
[-0.016008  0.01699   0.013978 -0.000686  0.030573  0.006898]
[ 0.0634    0.015101  0.074994  0.012051 -0.016576 -0.019424]
[ 0.012153  0.016416  0.088075  0.005861  0.000324  0.00482 ]
[ 0.009498  0.095859  0.064226  0.007426 -0.009054 -0.002267]
[ 0.022872 -0.004961  0.050932  0.025879  0.025495 -0.014344]
[ 0.083706  0.053076  0.0538    0.007455  0.035682 -0.022405]
[ 0.03279  -0.010973  0.022116 -0.027352  0.012648  0.004451]
[-0.006221  0.049193  0.027758  0.006856 -0.008013 -0.011783]
[-0.057816 -0.021623  0.010847 -0.000675 -0.011807  0.00347 ]
[ 0.082091  0.025106  0.021885  0.027415  0.035158 -0.025069]
[-0.033207  0.003463 -0.018675  0.001462  0.027132  0.00354 ]
[ 0.038348 -0.00863   0.079928 -0.007754  0.02043   0.012991]
[-0.034173  0.009651 -0.046217 -0.000133  0.00395  -0.035528]
[-0.045774 -0.03091  -0.0306    0.013425 -0.029391 -0.017959]
[ 0.068588  0.066112  0.065081  0.037141  0.021823 -0.00782 ]
[ 0.061251  0.024451  0.038953 -0.000568  0.028455 -0.022951]
[ 0.024558  0.023692  0.045711  0.009722 -0.017607 -0.007259]
[-0.044133 -0.079547 -0.004581  0.019249  0.009636 -0.047715]
[-0.045379  0.076543  0.016588 -0.013679 -0.032861  0.013313]
[ 0.051973  0.073485  0.195366  0.102395  0.000852 -0.011455]
[ 0.05323   0.039982  0.075036  0.009912 -0.00626  -0.015479]
[-0.003029 -0.012427  0.010561  0.000761 -0.026575  0.021521]
[ 0.115244  0.059194  0.064461 -0.011622 -0.007336  0.046848]
[-0.042344  0.030182  0.066966 -0.011019 -0.008022 -0.000235]
[ 0.06981   0.088174  0.105874  0.03582  -0.025573 -0.007017]
[ 0.051255  0.05675   0.084221  0.003352 -0.006809 -0.015752]
[-0.005193  0.006631  0.028057 -0.002953 -0.0086   -0.004026]
[ 0.045868 -0.002563 -0.040302 -0.030818 -0.031779 -0.038931]
[ 0.051589  0.021679  0.04078  -0.008269  0.017469  0.000443]
[ 0.04301   0.088547  0.131146 -0.035952  0.021637  0.013696]
[ 0.078824  0.061949  0.035412  0.024057 -0.035036  0.05138 ]
[-0.051634  0.001001 -0.006115  0.030021 -0.004658  0.020805]
[ 0.057236  0.049126  0.071901 -0.014221  0.015626 -0.026597]
[ 0.012544  0.011251 -0.006212  0.014691  0.009227  0.009907]
[ 0.047205  0.076079  0.037924 -0.008822  0.006052  0.039539]
[ 0.044305  0.015749  0.016219 -0.041211 -0.031873 -0.000778]
[ 0.023122  0.098244  0.058993  0.002103  0.015328  0.016316]
[ 0.042362  0.065865  0.074479 -0.019062  0.034502 -0.001674]
[ 0.00141   0.076828  0.033486  0.00181  -0.032579  0.026902]
[ 0.050448 -0.004002  0.070064  0.017507  0.003589 -0.005666]
[ 0.019688  0.051029  0.067087  0.033943 -0.031747 -0.011977]
[-0.052     0.028618  0.00452  -0.0258    0.012738 -0.00397 ]
[ 0.006167  0.008642  0.058114 -0.012836  0.007235 -0.02115 ]
[ 0.001148  0.010054 -0.005209 -0.002639  0.020985 -0.016604]
[-0.025291  0.034797  0.048716  0.001353  0.000264 -0.010181]
[ 0.049228  0.04152   0.080117  0.008964 -0.008426  0.002189]
[-0.067611 -0.042723 -0.037365 -0.001148 -0.012043 -0.048291]
[ 0.026045 -0.002676  0.020377  0.010385  0.008733  0.007056]
[-0.080148 -0.038509 -0.078546 -0.032775  0.045226 -0.006089]
[ 0.09838   0.070315  0.116661  0.039216 -0.017327  0.014969]
[-0.053857 -0.004144 -0.027048  0.009804  0.007859 -0.034993]
[ 0.023641 -0.03591   0.006894 -0.023131  0.012787 -0.007225]
[ 0.012424  0.001601 -0.027578  0.024689  0.001206  0.00114 ]
[-0.015766  0.044509  0.025718 -0.05456   0.005416  0.007571]
[ 0.082065  0.116173  0.089074 -0.003104  0.007121  0.009856]
[ 0.022019  0.032957  0.098975 -0.057532  0.061723  0.034049]
[ 0.0402    0.08172   0.071715  0.007489 -0.002376 -0.004366]
[-0.125296  0.04904  -0.009914  0.001207 -0.059739 -0.022909]
[ -5.545819e-05   3.832874e-02   4.845597e-02   2.285320e-02   2.046728e-02
   8.195393e-03]
[-0.037348  0.036869  0.004945  0.028879  0.013379 -0.014009]
[ 0.092574  0.035653  0.042483  0.026061  0.000751 -0.042789]
[ 0.024529  0.04017   0.040598 -0.003059  0.033341  0.005869]
[-0.023085  0.058767  0.078875  0.020717  0.041242  0.008065]
[ 0.039654  0.037932  0.072216  0.05214   0.026651  0.020965]
[ 0.058627  0.048284  0.08578   0.014391 -0.003902 -0.016411]
[ 0.018752  0.066665 -0.07044  -0.011582 -0.014925  0.003292]
[ 0.001872  0.050069  0.028997  0.001328 -0.029198 -0.002719]
[-0.015157  0.097713  0.048574  0.014428 -0.045398 -0.008173]
('Mean', 1, ': ', -0.01515683221589291)
('Median', 1, ': ', -0.01515683221589291)
('Variance', 1, ': ', 0.0)
('Mean', 2, ': ', 0.097712930201030196)
('Median', 2, ': ', 0.097712930201030196)
('Variance', 2, ': ', 0.0)
('Mean', 3, ': ', 0.048573657133435026)
('Median', 3, ': ', 0.048573657133435026)
('Variance', 3, ': ', 0.0)
('time: ', 15057.682034015656)
