“Running plot script on a single CPU core”
[ 0.288568  0.276573 -0.997242  0.331598 -0.154745  0.332363 -0.076331
 -0.85075  -0.071954  0.120129 -0.696968  0.207115  0.323907  0.321719
  0.32908   0.232803  0.17649  -0.925389 -0.447216  0.155055]
[ 0.315728  0.116976 -0.445941  0.161113 -0.972954  0.299535 -0.163692
 -0.995209  0.081275 -0.036439 -0.538322  0.055865  0.263757 -0.085011
  0.093638 -0.259901  0.222811  0.328313  0.158642 -0.290565]
[ 0.057319 -0.967256 -0.63968   0.332427  0.281273 -0.961076  0.333135
  0.327642  0.241971 -0.817942  0.292466  0.331635  0.179105  0.278313
 -0.098724  0.164159  0.179435  0.333252 -0.362322  0.237561]
[ 0.332776  0.305071  0.248025  0.258926 -0.329652  0.205885  0.332936
  0.289752  0.093141  0.095592  0.300211  0.324785 -0.262669  0.328876
  0.201694  0.062095  0.329187 -0.482901  0.170887  0.085179]
[-0.768076  0.159925  0.316278  0.23372   0.217239 -0.052038  0.286773
  0.155417 -0.108837 -0.067067  0.121604 -0.936215 -0.105458 -0.178805
  0.09883  -0.86637   0.171769  0.331598  0.299964  0.322285]
[ 0.318235 -0.024501 -0.850039  0.194989  0.149501  0.162257  0.325885
  0.223169 -0.041126  0.325723  0.130389 -0.101378  0.291362 -0.981552
 -0.756552  0.287345 -0.997974  0.326111 -0.871998 -0.122211]
[ 0.245847 -0.903123 -0.856622 -0.078887 -0.926888 -0.319071 -0.114957
 -0.131557  0.318615  0.318082  0.328692 -0.010906  0.294537  0.011265
  0.122167 -0.179109  0.304893 -0.662978  0.22068  -0.38104 ]
[-0.826336  0.33333  -0.988268  0.307873 -0.032863 -0.050148  0.248223
  0.281273  0.278675 -0.434635 -0.007351  0.325692  0.082677 -0.999792
  0.184708  0.216975  0.321353 -0.894697 -0.740266  0.3323  ]
[ 0.30273   0.229914  0.332179  0.149419 -0.594345  0.230252 -0.545798
  0.324491 -0.127202 -0.14269   0.296337  0.300819 -0.044817 -0.293834
  0.332466  0.215122 -0.616711 -0.478294  0.266979  0.311045]
[-0.044264 -0.700519  0.329929  0.24191   0.332589  0.020901 -0.299462
  0.319386  0.281918  0.023058  0.132474  0.017705 -0.202145 -0.541501
  0.226753 -0.583528  0.278625  0.245297 -0.16662  -0.745707]
[-0.773221  0.244778  0.332763 -0.092785 -0.336932  0.323038 -0.734201
 -0.087694  0.330949 -0.878893  0.333229  0.186465 -0.43139   0.325297
  0.226933  0.328408  0.084581  0.261328  0.252625  0.266704]
[-0.647885  0.30063   0.292936 -0.952054  0.25646   0.287208  0.276419
 -0.991231 -0.850178 -0.467719 -0.495579 -0.533328 -0.988132 -0.333008
 -0.958692  0.268684 -0.845477  0.221641  0.280895 -0.154285]
[-0.713676  0.294298  0.333288  0.067989 -0.153289 -0.010993  0.28032
 -0.072056  0.236451  0.282084 -0.673583  0.297863 -0.660948  0.025364
  0.329693 -0.839967  0.318916  0.291437  0.333224  0.088183]
[ 0.333162  0.259445  0.085493 -0.244993 -0.721818  0.333149 -0.335107
  0.297624 -0.304752 -0.636658 -0.790541  0.319073  0.013583 -0.593387
 -0.107558 -0.04861   0.244331 -0.348595 -0.830704  0.329148]
[-0.185969  0.332854  0.119209  0.014664  0.065393  0.312867 -0.291764
  0.2369   -0.542668  0.308748 -0.994988 -0.575456  0.29516  -0.028432
 -0.280979  0.266727  0.320654  0.303003  0.238795  0.065958]
[ 0.332908  0.329281 -0.929634  0.231525  0.110796 -0.174179  0.242497
  0.286663  0.127901  0.317283  0.332217  0.325349 -0.099141  0.311026
 -0.546389  0.270208 -0.996532  0.253288  0.328654  0.10372 ]
[ 0.182207  0.02191  -0.224411  0.333227  0.070795  0.168427 -0.160015
  0.332618  0.075419  0.065545  0.289045  0.02567  -0.999826 -0.494254
  0.332028  0.29336  -0.348648 -0.701334  0.045358 -0.999263]
[ 0.203869 -0.544383 -0.626714 -0.292432  0.309547  0.314207 -0.559499
  0.274048 -0.790179  0.089204 -0.574947 -0.602604  0.323862  0.257806
  0.317026 -0.243559  0.333008 -0.703354  0.190773  0.157224]
[ 0.323036  0.331975  0.27517   0.242743  0.050523 -0.133174  0.287946
 -0.049554  0.333319 -0.428059  0.133986  0.072519  0.001604  0.068505
  0.239835  0.323046  0.27826   0.106101 -0.44106   0.074912]
[ 0.202124  0.332415 -0.251631 -0.158153  0.238335 -0.282762  0.290655
  0.214413 -0.904455  0.296968  0.332853 -0.463571 -0.007246  0.157957
  0.212396  0.152602  0.332851  0.183935 -0.710267  0.147725]
[ 0.143409  0.17013   0.119052  0.199516 -0.678256 -0.072307  0.254682
  0.333197 -0.533645  0.147339  0.332304  0.268229  0.332575 -0.054978
  0.312551  0.216908 -0.058503  0.043643 -0.864583  0.319101]
[ 0.106914  0.286295  0.275042  0.249265  0.22416   0.161191  0.267382
  0.328032 -0.999411  0.033015 -0.953617  0.042332 -0.220707 -0.897913
 -0.141415  0.315299  0.325864  0.22968   0.320322  0.328899]
[-0.969881  0.024725 -0.209867  0.041707 -0.559286  0.301965  0.263001
 -0.999259  0.223535  0.316221  0.172357 -0.90215   0.270984  0.250817
  0.332399 -0.160382  0.2993    0.003875 -0.007899 -0.144926]
[-0.226154  0.222995  0.265959  0.119136  0.267464  0.333281  0.330817
 -0.911145 -0.977663  0.283652  0.087093  0.318651  0.318739  0.146527
  0.011423  0.049147  0.284112  0.09306   0.33333  -0.327202]
[ 0.155107  0.318443  0.331147  0.178757  0.257639 -0.367557  0.304769
 -0.779931  0.297347 -0.803265  0.324388 -0.468835  0.164385 -0.489544
  0.179338 -0.739853  0.311236  0.30127   0.137515 -0.601558]
[ 0.226975 -0.904141 -0.239498 -0.257996 -0.101449  0.332878  0.326067
 -0.149999 -0.402485 -0.635616  0.273554  0.174692 -0.945853  0.329863
 -0.370691  0.016981  0.29072   0.325353  0.332874 -0.314215]
[ 0.321214  0.333228  0.319736  0.332349  0.33049  -0.75837   0.331969
  0.320833  0.268768  0.001801  0.30528   0.110967  0.286406 -0.173402
 -0.570003  0.127128  0.13382  -0.356766  0.210341  0.229642]
[ 0.33273   0.33029   0.319712  0.303499  0.320208 -0.128428 -0.504364
 -0.011781  0.024341  0.295048  0.063602 -0.142478  0.298539  0.008482
  0.308499 -0.342386  0.125862  0.008391 -0.035554  0.252223]
[ 0.221821 -0.060377  0.292417 -0.550797 -0.06072  -0.173823  0.270884
 -0.956223  0.232761 -0.984246  0.32386   0.145375 -0.893538  0.319581
 -0.938018 -0.288045  0.117917  0.292285  0.097063 -0.265556]
[-0.842287  0.07295   0.233381 -0.035605 -0.052162 -0.161317  0.238772
 -0.851623 -0.30868   0.069978  0.333316 -0.023131  0.236987 -0.230609
  0.317138 -0.193562  0.095059 -0.881225  0.322703  0.331663]
[ 0.314392  0.287692  0.232764  0.182452 -0.001447 -0.994491 -0.967964
 -0.107468  0.324285 -0.875133 -0.174909  0.149509  0.111356  0.327954
  0.33332  -0.018774  0.107974 -0.351176  0.131651 -0.403545]
[-0.910546 -0.096886 -0.991915  0.242627  0.070454  0.035895  0.326924
  0.32711  -0.005274 -0.004845  0.293001 -0.999993  0.330737 -0.317316
  0.20306   0.332372  0.087352  0.261544 -0.685488 -0.867497]
[-0.319475 -0.021752  0.124839  0.084987  0.327514  0.237627  0.130189
 -0.714004  0.330587  0.098374 -0.998986  0.289473  0.313172 -0.178121
 -0.050347  0.278326  0.117567 -0.881772  0.022058  0.326976]
[ 0.332013  0.305319 -0.95481  -0.438034  0.133582  0.03495  -0.368325
  0.194737  0.266015 -0.385906  0.213415  0.294543  0.04883  -0.113427
 -0.712903  0.218902  0.294619 -0.454814 -0.055948  0.326967]
[ 0.04006  -0.690103 -0.181645  0.200492 -0.191931  0.332827  0.314651
  0.321235  0.261963 -0.006342 -0.647571  0.248487 -0.388834 -0.664593
  0.229583 -0.890722  0.333207  0.282143  0.299622  0.312267]
[ 0.326113 -0.166964  0.105918  0.161633  0.331401 -0.901684  0.245325
  0.305485 -0.674861  0.137563  0.245983  0.330826  0.075034  0.309082
 -0.471835 -0.755016 -0.280432  0.32848  -0.982053  0.332818]
[ 0.124012  0.229695  0.102523 -0.034764  0.062342  0.237688  0.223974
 -0.266061 -0.312743 -0.040441  0.072143  0.328634  0.097846  0.332864
  0.202907 -0.496978  0.225491  0.275114 -0.406586 -0.301563]
[ 0.18253  -0.332783 -0.031745 -0.18256  -0.723218 -0.869599  0.314086
  0.333004  0.325451 -0.307793 -0.995276  0.303625  0.229891  0.048919
 -0.344935  0.056006 -0.151348  0.227363  0.285393 -0.159923]
[-0.370028  0.249873  0.210055  0.169379  0.277827 -0.06387  -0.339334
 -0.988828  0.29715   0.088762  0.333308 -0.657108 -0.206151  0.276253
  0.245293  0.291673 -0.792916  0.062128 -0.167794  0.313026]
[ 0.312875  0.33179  -0.735361  0.279447  0.333158 -0.868654  0.288963
 -0.003337  0.310839  0.214165  0.219689  0.082709  0.1086    0.283887
  0.331083  0.260723 -0.481311  0.32103  -0.101447  0.30146 ]
[ 0.026521  0.006652  0.016829  0.292263 -0.169402  0.271054  0.279962
  0.27467  -0.094529  0.278488  0.149396 -0.841286  0.325365  0.3014
  0.273484  0.21795   0.032691 -0.310689  0.272529  0.198358]
[-0.986455 -0.886605  0.248565  0.330395  0.092942  0.332987  0.196914
  0.206308  0.25998   0.094901  0.314825  0.329158 -0.306447  0.300832
 -0.181184  0.19071  -0.101059  0.193603 -0.452081  0.279001]
[-0.956683  0.148112  0.293494  0.265997  0.29143   0.264773  0.326523
 -0.985409  0.136073  0.223492 -0.242092  0.033606  0.0638   -0.401648
  0.289163  0.088011  0.27924   0.329196  0.294636  0.103728]
[-0.344942  0.155106  0.323373 -0.325907  0.303071 -0.434829  0.127729
  0.266632  0.126922  0.322735  0.142689  0.302837  0.002117  0.031012
  0.327562  0.329813 -0.580657  0.323165  0.18451   0.332822]
[-0.416617  0.20447   0.058723  0.332786 -0.351911  0.239767 -0.890568
 -0.62208   0.163815 -0.232207  0.086718 -0.46834   0.201019  0.295671
 -0.813559 -0.798675  0.192657 -0.434648 -0.297532 -0.783537]
[-0.285927  0.316957 -0.619286  0.299009 -0.433166  0.067934  0.136383
 -0.02304   0.290569 -0.068833  0.116698 -0.482217  0.086642 -0.063105
  0.158613  0.155112  0.332461  0.325089 -0.641958  0.318551]
[ 0.13897  -0.348545  0.098816  0.333317 -0.905409  0.232304  0.163566
 -0.963535  0.30914   0.322759  0.297064  0.329069 -0.639342  0.333229
  0.165043 -0.366738  0.322055  0.295094 -0.012697  0.332877]
[-0.564976  0.159781  0.313281 -0.206166  0.245829 -0.082348  0.300439
  0.327329  0.162487 -0.315639 -0.137166 -0.706421 -0.239628  0.301134
 -0.368055 -0.260811  0.211393 -0.182019 -0.418117  0.307437]
[-0.932405 -0.080642  0.315912  0.320283  0.31531   0.300449 -0.984087
  0.135442  0.156302  0.289704  0.328465  0.236582 -0.869933 -0.356949
  0.332096 -0.948738 -0.625233 -0.694282 -0.552873  0.234198]
[ 0.199001 -0.792867 -0.923145  0.290011 -0.285355  0.3255    0.309835
  0.23215   0.332077  0.187863  0.202773  0.329226 -0.259043 -0.26618
  0.312527 -0.033798  0.316565  0.140193  0.33056   0.315229]
[ 0.332353 -0.378828  0.307249  0.317684 -0.564137  0.312753  0.320503
  0.332202  0.323503  0.013606  0.292648 -0.051544  0.332223  0.27301
 -0.297242  0.261963 -0.150268 -0.154248 -0.756306 -0.73605 ]
[ 0.107283  0.316535  0.264939 -0.227157 -0.651628  0.099384 -0.968928
 -0.436975 -0.993303  0.331633  0.154188  0.326274  0.153379  0.219047
 -0.919031  0.164666  0.215849  0.186331 -0.991956 -0.984232]
[-0.282285  0.234566 -0.091642  0.329921  0.256811  0.191272  0.254051
  0.324169 -0.065744  0.079797  0.170117  0.333243  0.289945  0.266068
 -0.541331  0.238135 -0.054329  0.225035  0.003566  0.305588]
[-0.24101   0.333294 -0.524843  0.148777  0.257935  0.143653 -0.892461
  0.332187  0.1804    0.123646  0.086617  0.321941  0.258051  0.165714
 -0.198911 -0.24199   0.141612  0.321174  0.326116  0.173051]
[ 0.043746  0.238335  0.318631  0.136663 -0.10932   0.326002 -0.871265
  0.050638 -0.985601 -0.489009 -0.097489 -0.687953 -0.323649  0.333309
  0.330635 -0.030173  0.053668  0.330059  0.310783  0.25074 ]
[ 0.275643 -0.970863 -0.914003  0.332386  0.333231  0.304585  0.322088
 -0.462014  0.328933 -0.243111  0.308731  0.287477 -0.497546 -0.232324
 -0.09057   0.131979  0.33175  -0.999021  0.131435  0.191055]
[ 0.056443  0.333204  0.212396  0.0435    0.254113 -0.088844 -0.09552
  0.171225 -0.310546  0.329153  0.323107 -0.159138 -0.066077 -0.773994
 -0.015067 -0.166155  0.328762 -0.990315  0.325837  0.083507]
[ 0.330312 -0.250236  0.319244 -0.282846  0.323404  0.255388  0.311616
  0.33281   0.328936 -0.995141  0.23971   0.317075  0.182271  0.113271
  0.272145  0.180881  0.307369  0.33148   0.10073   0.153981]
[-0.902364  0.05089  -0.227537  0.310427 -0.401612  0.00952   0.313976
  0.323892 -0.126149  0.268359  0.278138  0.311447  0.111424  0.310377
  0.288762  0.079542 -0.218545  0.19406  -0.021026  0.228114]
[ 0.191807  0.322881  0.281711  0.295233  0.184792 -0.524729 -0.110039
  0.011085  0.298163  0.213109  0.32999   0.26777   0.328431  0.289531
  0.316817 -0.380632  0.308927 -0.548958 -0.325549 -0.213057]
[ 0.304435  0.323711  0.332298  0.332931  0.203526  0.155483  0.149946
  0.278316  0.101388  0.228405 -0.937107  0.100817  0.219141  0.328789
  0.306783  0.195559  0.329766 -0.13335  -0.852103 -0.728336]
[-0.417703  0.331165  0.305404  0.328021 -0.296003 -0.726029  0.325136
 -0.03298   0.320603  0.309211 -0.385784  0.236475 -0.572605  0.258062
  0.332849 -0.733564  0.143095 -0.749657  0.324895 -0.849494]
[ 0.328833 -0.013861 -0.686104  0.28877   0.319321  0.283089  0.186583
  0.300381 -0.16492   0.330694 -0.940507  0.315455  0.319363  0.094252
 -0.320401  0.309139 -0.960013  0.174458  0.192149  0.327662]
[ 0.247541  0.102474  0.233929  0.168264 -0.530553  0.246669 -0.59339
  0.272759 -0.571051  0.161255  0.142666 -0.784746  0.284215  0.089842
  0.328812  0.298581 -0.566534  0.160622  0.333267  0.333122]
[-0.175173 -0.268155  0.29706   0.305819 -0.404673 -0.57338   0.303016
 -0.916422 -0.080855  0.256683 -0.171067  0.268034  0.311242  0.037991
  0.223432  0.284263  0.326466 -0.038279 -0.755439 -0.824195]
[ 0.279866 -0.252118  0.220707 -0.127277 -0.076532  0.316554  0.066649
  0.309047  0.330526  0.284389 -0.541564 -0.541893 -0.182321  0.234601
  0.192491  0.331815  0.240572 -0.824605  0.310201 -0.601562]
[ 0.306733  0.301453  0.196333  0.268277  0.042662  0.329349 -0.00507
 -0.941844 -0.127011 -0.340459  0.113404  0.220036  0.225533 -0.828673
  0.082648  0.317125  0.056633  0.318769  0.184121  0.299767]
[-0.536395  0.307257  0.305818  0.313357  0.236541  0.325515 -0.919347
  0.164473 -0.231201 -0.487614  0.303762  0.036275  0.288984 -0.96151
  0.301909  0.299547  0.148632  0.321838  0.316596  0.306245]
[ 0.330034  0.276011  0.282068 -0.263775  0.258832  0.332485  0.228137
  0.333324  0.273065  0.157165 -0.518256 -0.155152 -0.98741  -0.043521
  0.321886  0.002666  0.333321  0.092191  0.108901 -0.302899]
[ 0.21805   0.084781 -0.639046 -0.26855   0.02768   0.026695  0.332963
  0.313532  0.249962 -0.386096  0.289086 -0.319668 -0.014644  0.324354
  0.31959   0.329986  0.052483 -0.040611  0.320359  0.181467]
[-0.496328  0.217759  0.307295  0.149375  0.330001 -0.735248  0.295315
  0.244889  0.268809  0.115529  0.331781  0.326796 -0.950813  0.118273
  0.110245 -0.241232 -0.010887  0.256649  0.313318  0.288177]
[-0.99752   0.179821  0.158585  0.324208  0.286897  0.316999  0.333169
  0.320927 -0.23742   0.036142 -0.232112  0.224075 -0.327004  0.022801
  0.100891 -0.306245 -0.998916 -0.361327  0.296796  0.277884]
[ 0.262553 -0.842234  0.03073   0.062001 -0.215177  0.312859  0.312228
  0.214506 -0.238381  0.295754 -0.056326 -0.769253 -0.527902 -0.268389
 -0.769578  0.332857  0.222242  0.328175  0.253299  0.270444]
[ 0.298825  0.192453  0.10637   0.060009 -0.773332  0.295845  0.230614
 -0.627607 -0.974081  0.318895 -0.735178 -0.098779  0.323211  0.328616
  0.262265  0.046007  0.179187 -0.993966  0.282367 -0.587567]
[-0.656925  0.173113 -0.873276  0.317996 -0.123038  0.217545  0.218625
  0.331161  0.064396  0.332966  0.332458 -0.187166 -0.034858  0.127224
 -0.968829  0.03927   0.231219  0.307375  0.159161 -0.03489 ]
[ 0.19752   0.195812  0.269197  0.324848 -0.216928  0.104234  0.319717
 -0.984197  0.33279  -0.149383  0.031108 -0.988323 -0.050351  0.333324
  0.168218  0.279384 -0.751274 -0.251072  0.23386   0.215335]
[-0.97533   0.28176   0.333173 -0.184946  0.195219 -0.517439  0.32159
  0.284137  0.288122  0.250839 -0.595632  0.282065  0.151934 -0.319348
  0.330313  0.307014  0.095142 -0.652624 -0.285475  0.309749]
[ 0.041868  0.326633  0.263723  0.321882  0.332347  0.119172  0.174577
  0.233037 -0.243551  0.324292  0.194594 -0.998455  0.331413 -0.256504
  0.202876  0.087836  0.062926  0.065767  0.234443 -0.034889]
[-0.948371  0.293002  0.333246 -0.994444  0.328117  0.20967   0.318302
 -0.051487 -0.840681 -0.153606 -0.041889  0.331682  0.198241  0.316852
  0.158639 -0.23167   0.296449 -0.863889 -0.269433  0.017712]
[-0.148884  0.332805  0.29402   0.333251 -0.081104  0.28257   0.330692
 -0.430841  0.194216  0.109032  0.260766  0.117623 -0.22103   0.328077
  0.243701  0.322471 -0.979171  0.299873  0.237229 -0.452682]
[-0.886527  0.315168  0.333168  0.219816 -0.224727  0.190379 -0.155233
  0.265485  0.287093  0.091697  0.170728  0.320263 -0.37189   0.333022
  0.323868  0.307097  0.32243   0.215835  0.205864  0.28955 ]
[ 0.288955  0.244263 -0.85828   0.332309 -0.02455   0.333331  0.312393
  0.287914 -0.055152  0.313783  0.285849 -0.167966 -0.128257 -0.999992
 -0.239558  0.331795 -0.050406 -0.463909  0.303745  0.304658]
[ 0.317815  0.327416  0.256821  0.331834  0.288402  0.210776  0.252771
  0.32576   0.121537  0.060007  0.230238 -0.130802  0.281991  0.295575
 -0.431103  0.326046  0.236163  0.33282   0.234743 -0.830223]
[ 0.262281  0.140055  0.302061 -0.066551  0.3327   -0.277865  0.286402
  0.067671  0.330471 -0.207855 -0.420828 -0.09629   0.315475  0.329424
 -0.056428 -0.053207  0.302213  0.318749 -0.439229  0.312847]
[ 0.298456 -0.562228  0.204884  0.218293  0.010401 -0.536312  0.207066
  0.320832  0.31264  -0.329828 -0.08462   0.006732  0.138655  0.23391
  0.248553  0.27534   0.332472  0.113942  0.330969  0.282768]
[ 0.246341 -0.762957  0.075894  0.185094 -0.155193  0.333163  0.287364
  0.241469  0.147478 -0.670345 -0.436709  0.070797  0.304494  0.287653
 -0.66562  -0.825576 -0.089989  0.332557  0.328062  0.081838]
[-0.541589 -0.168448  0.313511  0.279547 -0.76968   0.333002  0.047103
  0.274764  0.270785 -0.106004  0.234034 -0.911978 -0.99279  -0.886308
  0.324347 -0.368774  0.12517  -0.110772 -0.16277   0.238139]
[-0.172502  0.17431  -0.309249 -0.387546  0.311872  0.329304  0.297974
 -0.965685  0.332705  0.199057  0.2696   -0.105737  0.313844  0.181486
  0.264602  0.284681 -0.235253  0.272777  0.3229    0.283875]
[ 0.318407  0.186263 -0.729679  0.285064 -0.501381 -0.965107  0.331959
  0.265113  0.182193  0.149512  0.16863  -0.964051 -0.486325  0.155568
 -0.928082 -0.049982  0.297159  0.332917 -0.781705 -0.145664]
[ 0.248167  0.070971  0.198446  0.322426  0.035643  0.29867   0.311825
  0.222505 -0.424907 -0.166171  0.045883  0.110624 -0.699795  0.040589
  0.294788  0.170471  0.327102  0.127509  0.30823   0.330266]
[ 0.199661  0.326259  0.158151 -0.27399   0.244897  0.034612  0.308586
 -0.40019   0.294269  0.191007  0.25893   0.268452  0.289297 -0.570787
  0.311145 -0.576164  0.046043  0.313303 -0.895404 -0.179596]
[-0.308959  0.241551 -0.553698  0.087643  0.3033    0.314898 -0.280029
  0.215433  0.299818  0.009545  0.255254  0.069628  0.197016  0.184987
 -0.643521 -0.053993  0.214325  0.301589 -0.014972 -0.220578]
[-0.655947 -0.977296 -0.67326   0.114291 -0.166774 -0.617893 -0.029734
  0.311564 -0.319707 -0.589351  0.303215  0.021432  0.1805   -0.585356
 -0.604826  0.33235   0.312432  0.057619  0.33323  -0.68009 ]
[ 0.294533 -0.6071   -0.79408   0.333227  0.068866  0.065027 -0.63553
  0.32936   0.221859  0.323048  0.306839  0.30521   0.245028 -0.00883
  0.303419  0.333331  0.33305  -0.433698  0.059528 -0.977756]
[ 0.269745 -0.062713 -0.09043   0.326339 -0.17162  -0.224117 -0.89265
  0.333283  0.318505  0.296704  0.291721 -0.855871 -0.542338  0.272316
  0.138599  0.132319  0.308587  0.091967  0.296043  0.27172 ]
[ 0.155469  0.283744 -0.03982   0.28655  -0.036518  0.297159  0.319873
  0.309527  0.304935  0.267954  0.044364  0.261212  0.289218  0.332816
  0.294604 -0.090713  0.261704  0.220319  0.274444  0.296744]
[ 0.218416  0.233753  0.30988  -0.941627 -0.592403 -0.066148 -0.603703
  0.332556 -0.103767  0.15384   0.007188  0.331634  0.226329 -0.34967
  0.252575 -0.153476 -0.48319  -0.232916  0.255632 -0.146425]
[ -4.137206e-04   3.325232e-01   3.102041e-01   3.101970e-01  -7.219138e-01
   3.314575e-01   3.073767e-01   2.636887e-01   3.154807e-01   3.091526e-01
   3.313685e-01  -9.999872e-01   1.209737e-01   5.468857e-02  -6.976439e-01
  -8.605679e-01  -4.275891e-02   2.429464e-01   2.461108e-01  -4.264239e-01]
[ 0.333252  0.29012   0.208999  0.267809  0.276166  0.32575   0.268194
  0.074683  0.324824  0.325429 -0.209752 -0.220628  0.331977 -0.630761
 -0.699489 -0.306447  0.316767  0.210221  0.230646  0.255769]
[ 0.165868  0.283792  0.237283  0.146612  0.158375 -0.211523  0.100445
  0.079026  0.325485  0.275276  0.33205  -0.373713 -0.426919 -0.093373
  0.222468 -0.68909   0.316613 -0.991777 -0.105572  0.333188]
[-0.0059003880925853069, -0.060485656339563154, -0.0024525825560899259, 0.095182553653855806, -0.060003715577440664, 0.0068844631776405762, -0.043204803169077821, 0.058101082556189954, -0.0055506346914049876, 0.0033878066183169048, 0.024368717176315724, 0.0073098526294314015, 0.043089420768606557, 0.0093087469428680403, -0.0074826992518503554, 0.043902566486563044, 0.0017884442619537089, 0.072646412338014915, -0.037421963604371222, 0.011083836006633568, 0.044101694897571209, -0.027209063342639339, -0.0068832916938399435, -0.019203715265089127, 0.026461123257090435, 0.0090314773836865925, 0.048941737055694712, -0.063057411153714604, 0.066830814767100455, -0.033762908095114619, 0.012090393969044211, 0.034921035282866719, 0.0094537327628397283, 0.068741632104468153, 0.0843705638190137, 0.067270259499388918, -0.0043608886689930487, 0.024080066044585818, -0.045062138616419389, 0.021116680976697277, -0.014817104690247142, 0.049286352797057509, -0.031981649737011675, 0.018693700884959474, -0.030650311953630938, -0.001457838701831915, 0.033113651991514392, -0.037557950204740287, 0.03835129433492579, 0.059925944116075408, 0.076687173048028578, 0.01062388122389829, -0.041536276646317205, 0.019333616250582636, 0.02386624281716266, 0.030226560232599314, 0.019774581767254183, -0.076993000440830572, -0.030629185726820163, 0.04477396132243075, 0.044718567759239769, 0.0093101404735378979, 0.051153270885320623, 0.065587392284079254, -0.017354881963602548, 0.021133699764011971, 0.036679308026069224, -0.035562858965082822, -0.0059081499581913888, 0.0032946876416926341, -0.0029219293262791046, 0.013729261791008751, -0.012534187517721063, 0.03207937944725775, -0.029760295323573049, 0.01173530113367563, -0.019542146021093609, 0.075664831400514096, -0.046793886800886697, -0.014139471580242369, -0.0070793063977868664, 0.053459860671760895, 0.075118636155465102, 0.013241917514018736, 0.013605438167996309, -0.021178005702144675, -0.017538299132473179, -0.016496763581105967, 0.010745916755470819, 0.022110382005483625, -0.025726381714406776, -0.024097642808800224, 0.00061821849941490203, 0.078299932008969841, 0.012676872654819371, 0.027288534978511081, 0.07150438860295108, 0.026707531109349678, 0.099487400012033517, 0.040832545451413266]
('time: ', 9707.18615603447)
