“Running plot script on a single CPU core”
[-1.348973 -1.158308 -0.975128 -1.146986 -0.831455 -0.787809  0.012451
  0.031282  0.061715 -0.075303  0.03055   0.070872  0.102639  0.010446
  0.060463  0.02105   0.032721 -0.03654  -0.013683  0.01501 ]
[-0.829713 -0.821228 -0.787288 -0.888476 -0.907534 -0.938813  0.143791
 -0.005866  0.043508  0.067207 -0.121831  0.03769   0.084827 -0.151904
 -0.032608 -0.008518 -0.047009  0.175694 -0.005036 -0.04524 ]
[-0.969923 -1.26126  -1.003333 -0.858436 -0.832525 -1.01235  -0.003218
  0.125491  0.022994  0.009395 -0.034065  0.059968  0.037359  0.006882
  0.101159  0.098243  0.004759  0.042526 -0.004558  0.011242]
[-1.044173 -1.227806 -0.802852 -1.189173 -0.858347 -1.10617  -0.065414
 -0.054614  0.169352  0.01343   0.022871  0.26417   0.124837  0.106761
 -0.172268  0.131413  0.015573  0.084623 -0.036259 -0.020498]
[-0.722612 -0.766788 -0.706558 -0.775286 -0.708234 -0.724092  0.123309
 -0.0015    0.008634 -0.008161 -0.079106 -0.015566 -0.189275 -0.085419
 -0.062612 -0.249157  0.118558  0.1813   -0.073236 -0.022759]
[-0.83086  -0.687169 -0.650635 -1.032965 -1.034194 -0.851367 -0.005151
 -0.07122   0.021381 -0.027525 -0.011763  0.012749  0.0861    0.070832
 -0.097935  0.0995   -0.002258  0.026811  0.006344 -0.027696]
[-1.158678 -0.900732 -0.76942  -0.930776 -0.892221 -0.75594  -0.072314
  0.111184  0.055056  0.030844 -0.203067  0.008833  0.070204 -0.104329
  0.097108  0.106691  0.031907 -0.030487  0.062446  0.042944]
[-0.501639 -0.793382 -0.530721 -0.96131  -0.748682 -1.133032 -0.105345
 -0.029037 -0.041439 -0.004692  0.001825 -0.067164 -0.136175  0.038657
  0.065786 -0.105332 -0.093312 -0.071899 -0.03788  -0.006905]
[ -1.060570e+00  -1.205639e+00  -1.076914e+00  -1.411817e+00  -1.135555e+00
  -1.402028e+00   9.440756e-03  -5.289168e-02   1.134392e-02   8.421186e-03
  -5.854019e-02  -5.814188e-04  -1.841589e-01  -1.746833e-02   3.850230e-02
  -6.503251e-02  -6.893399e-02  -2.334800e-02  -2.009850e-02  -5.841656e-03]
[ -8.558787e-01  -7.078211e-01  -7.704593e-01  -8.216850e-01  -8.182791e-01
  -7.018020e-01  -1.041219e-01  -2.744793e-02  -1.147759e-02   6.331028e-02
   4.260490e-02  -1.229218e-02   6.978185e-02   8.830006e-05  -2.570974e-02
   6.748419e-02   1.014279e-01  -1.299475e-01  -1.956618e-03   3.238970e-03]
[-0.925977 -1.106922 -0.928184 -1.232443 -1.094701 -1.074922  0.09309
  0.048796  0.056102 -0.112482  0.024053  0.071085  0.079518  0.005757
 -0.01166   0.13773  -0.122577  0.040337  0.132859  0.029486]
[-0.793429 -0.77052  -0.955902 -0.795332 -0.951393 -0.928504 -0.019864
  0.026379  0.023934 -0.101102  0.066155 -0.04104   0.040017  0.103898
 -0.151012  0.049167 -0.083048 -0.088807 -0.031414 -0.032101]
[-0.681184 -0.60997  -0.766884 -0.983757 -1.215632 -1.100623  0.085546
  0.011921  0.011561  0.047021  0.132096  0.046039 -0.046555  0.161468
 -0.033763 -0.130287  0.121101  0.019407 -0.018872 -0.0302  ]
[-0.805003 -0.823506 -0.781358 -0.744906 -0.696579 -0.83628  -0.101229
  0.003473 -0.022498 -0.086116  0.017853 -0.01743   0.133794  0.020575
 -0.017158  0.084379 -0.065372 -0.05905  -0.004157  0.004534]
[-0.629645 -0.685995 -0.766329 -0.652093 -0.713841 -0.821305  0.08092
 -0.038633 -0.074458  0.122041 -0.049309 -0.16116  -0.026261 -0.06582
 -0.046457 -0.033545  0.075609  0.098524  0.023691 -0.022381]
[-0.748636 -0.795761 -0.7062   -0.7213   -0.653417 -0.873169 -0.048706
  0.082604 -0.158973 -0.16714  -0.120452 -0.166091 -0.060238 -0.09765
  0.049398  0.003238 -0.25215  -0.000928 -0.101176 -0.074324]
[-0.999813 -0.829534 -0.621438 -0.87558  -0.658979 -0.482564  0.12765
 -0.06296  -0.029444 -0.018712 -0.10489   0.017954  0.052964 -0.090694
 -0.093505  0.058588 -0.105799  0.075598 -0.054518  0.010403]
[-1.288852 -1.424077 -0.700925 -1.166377 -1.031114 -0.91367  -0.028654
  0.103076 -0.18709   0.124722  0.136884  0.017414  0.026221  0.234703
 -0.03313   0.031412 -0.158105 -0.065269  0.089308  0.06437 ]
[-1.22295  -0.877307 -1.022031 -0.936584 -0.930637 -0.735306 -0.054184
 -0.079152  0.015226 -0.039672  0.085911 -0.068133  0.100048  0.022352
 -0.091467  0.078522  0.00992  -0.0035    0.042293  0.004103]
[ -8.075045e-01  -7.121433e-01  -6.265169e-01  -8.523965e-01  -6.823204e-01
  -5.925013e-01   1.023783e-02   4.173493e-02  -1.223713e-01  -1.094886e-02
   2.360073e-02  -8.108797e-02  -2.806261e-02   7.246561e-03   1.125906e-01
  -6.594064e-02   1.995616e-02   2.918608e-02   3.205604e-02  -4.573920e-04]
[-1.14527  -0.74479  -0.767194 -0.800227 -1.09262  -0.362973  0.028485
  0.267705 -0.113494  0.076408 -0.124843  0.032919  0.091682 -0.103192
  0.209878  0.204046 -0.006763  0.128302 -0.012256 -0.072886]
[-0.93285  -0.793596 -0.737786 -0.908886 -0.895396 -0.750716 -0.027893
  0.012078 -0.084336 -0.034656  0.036666 -0.119232  0.042901  0.048931
  0.029473  0.028338 -0.080107 -0.067326 -0.055191 -0.016284]
[ -8.432784e-01  -1.089914e+00  -8.737124e-01  -8.816225e-01  -7.496537e-01
  -1.109226e+00   4.176710e-02   2.619924e-02   2.819246e-02   8.832578e-02
  -8.453775e-02  -9.767409e-03  -1.973771e-02   4.422236e-04   2.734309e-02
   2.833835e-02   6.446915e-02   2.557194e-03   4.285293e-02  -2.499950e-02]
[-0.86481  -0.742896 -0.727775 -0.691599 -0.725249 -0.678725  0.03261
  0.030359 -0.044864  0.033275 -0.000886 -0.031094 -0.048997 -0.034527
 -0.029634 -0.137897  0.064494 -0.008851  0.006143 -0.012435]
[-1.172131 -1.038858 -0.892978 -1.09658  -1.032656 -0.825237 -0.02696
  0.048857 -0.012357  0.029608 -0.002573 -0.039427 -0.072442  0.053855
  0.089249 -0.048437 -0.040132  0.022246 -0.00561   0.010764]
[-0.996941 -1.041216 -0.952102 -1.026396 -0.956628 -0.770382 -0.015691
 -0.047601  0.050897 -0.108447  0.099738  0.024099  0.013977  0.09329
 -0.087351  0.036778 -0.098657  0.030474 -0.082246 -0.045785]
[-1.177733 -0.997522 -0.84954  -1.215438 -1.107185 -1.146278 -0.028564
 -0.097152  0.063961  0.05268   0.031285  0.014969 -0.375775  0.104713
  0.073987 -0.138694  0.013193 -0.090638 -0.020537  0.101023]
[-1.051234 -1.076722 -0.732417 -0.883022 -0.723954 -0.854323 -0.011199
 -0.083753 -0.148827  0.077808  0.010184 -0.102218  0.118298  0.070203
 -0.043301  0.154508  0.122596 -0.057021 -0.002244  0.017153]
[-1.257422 -1.082388 -0.746426 -1.023679 -0.611337 -0.726262 -0.034747
 -0.016615 -0.018475  0.011003  0.022692 -0.128857 -0.107211 -0.002623
  0.036102 -0.103275 -0.006863 -0.050972 -0.079756 -0.032987]
[ -8.635908e-01  -7.864317e-01  -5.342325e-01  -9.381763e-01  -9.786023e-01
  -6.846313e-01   2.116037e-02  -1.815304e-01  -4.466851e-02   4.859043e-02
   5.736644e-03  -2.035920e-02  -8.346697e-02  -7.917640e-04  -1.774074e-01
  -3.112969e-02   6.300378e-02   6.927882e-02   4.853363e-02   2.584571e-02]
[-0.907148 -0.936084 -0.810693 -0.897874 -0.75277  -0.756262  0.135343
 -0.097057  0.077198 -0.019624  0.039161  0.060615  0.01879   0.032842
 -0.048047  0.036757 -0.081612  0.128542 -0.075962 -0.019736]
[-0.976752 -0.791331 -0.883184 -0.947709 -1.05739  -0.822544 -0.081583
  0.052409 -0.007446  0.132053  0.082315  0.066246  0.071068  0.131899
 -0.003443  0.02986   0.121704 -0.111392  0.005475 -0.007294]
[-1.089419 -0.997891 -0.735593 -1.130831 -1.038513 -0.834002 -0.089446
  0.01855  -0.169527 -0.038331 -0.241182 -0.243181 -0.137881 -0.208696
  0.084468 -0.094693 -0.07457  -0.089308  0.032324  0.015367]
[-1.061705 -1.295984 -1.03637  -1.007745 -0.792969 -0.955374 -0.049806
  0.018038 -0.024971 -0.054073 -0.017212  0.013526  0.020998 -0.002356
  0.01393   0.040508 -0.051179 -0.006739  0.009181 -0.008359]
[ -8.509837e-01  -9.261410e-01  -7.629104e-01  -7.030332e-01  -5.000613e-01
  -7.721919e-01  -2.764619e-02   6.930712e-02   1.668177e-02  -1.154285e-01
   4.664043e-03  -1.236686e-02   6.858571e-02   3.737141e-02  -2.176357e-03
   5.259540e-02  -7.772088e-02  -2.925722e-02   6.934785e-04   1.083078e-02]
[-0.977089 -0.810269 -1.060171 -0.712921 -0.913893 -0.777375 -0.151041
  0.165274  0.069403  0.03086  -0.003808  0.117306  0.039606  0.003655
  0.17329   0.047648  0.00248  -0.086442  0.01946  -0.012376]
[ -7.518152e-01  -6.937635e-01  -8.008288e-01  -7.981568e-01  -1.064131e+00
  -9.227738e-01  -1.879430e-04  -2.704605e-02   3.253668e-02   8.133849e-02
  -1.127746e-01   5.392141e-02  -1.341184e-01  -1.411557e-01  -5.628858e-02
  -1.445729e-01   1.915211e-03  -1.644401e-02  -1.100494e-02   5.785074e-03]
[-0.731155 -0.834229 -0.77529  -0.642327 -0.473412 -0.571532 -0.014125
  0.082281  0.024209  0.12243  -0.02147  -0.034691  0.074884 -0.002328
  0.097347  0.118175  0.071398 -0.01209   0.002799 -0.015989]
[-0.94332  -0.521458 -0.790807 -0.668234 -0.917056 -0.477978  0.03067
 -0.018683 -0.101262  0.04523   0.069942 -0.130332 -0.035816  0.134028
 -0.035801 -0.116717 -0.014195  0.043863  0.041826  0.050402]
[-0.936958 -0.94558  -0.915867 -0.875167 -0.832869 -0.818652  0.029484
 -0.007273 -0.034183  0.01729   0.064757 -0.117844 -0.014445  0.0957
 -0.023603 -0.006075  0.017264 -0.044167 -0.032403  0.015776]
[ -9.550514e-01  -7.264787e-01  -8.003849e-01  -6.734972e-01  -7.372177e-01
  -5.211162e-01   6.077542e-02  -1.181651e-01   4.816347e-02   4.648207e-03
  -7.323748e-02   2.661974e-02  -6.141367e-02  -5.181457e-02  -1.464086e-01
  -2.960554e-02   3.583583e-03   4.378655e-02  -5.349635e-04   3.120829e-02]
[-1.367251 -0.835755 -1.335838 -0.808797 -1.291982 -0.871245  0.18597
 -0.113256  0.133088 -0.093254 -0.077807  0.113983 -0.002099 -0.05786
 -0.109809  0.00245  -0.143022  0.161503  0.046035  0.010873]
[ -6.732936e-01  -8.440003e-01  -7.606718e-01  -6.473626e-01  -5.536162e-01
  -8.298506e-01   8.718108e-03  -3.530754e-02   2.980462e-02  -4.638918e-02
   7.824677e-05   8.154630e-03   4.751081e-02  -9.386785e-03   6.889473e-03
   6.917045e-02  -3.814879e-02   4.658309e-02   2.521874e-02  -2.035899e-02]
[-0.783655 -0.729786 -0.732049 -0.561192 -0.571104 -0.401913 -0.013155
 -0.072811  0.079659 -0.178412 -0.043617  0.015901  0.041522 -0.081959
 -0.058856  0.007285 -0.136322  0.020016  0.032052 -0.010762]
[-0.663863 -0.544093 -0.553827 -0.624094 -0.618957 -0.545979 -0.024067
  0.100111  0.204387  0.019004 -0.04323   0.184978 -0.008394 -0.034012
  0.094946  0.02121   0.03055  -0.022896 -0.010166 -0.004546]
[ -7.604829e-01  -6.545631e-01  -7.147183e-01  -5.966860e-01  -6.190752e-01
  -5.888706e-01   1.820448e-02   1.203597e-03  -7.058463e-02  -3.324408e-02
  -3.518097e-02  -7.211875e-02  -6.705507e-03  -1.610627e-02   2.806679e-05
  -2.566610e-02  -1.452121e-02  -2.000834e-02  -1.975895e-02  -1.367950e-02]
[-0.805343 -0.944392 -0.761732 -0.924548 -0.841131 -1.07889   0.041856
  0.0221   -0.083565 -0.132587 -0.015527 -0.170581  0.026545 -0.022212
  0.08385  -0.027952 -0.056908  0.05928  -0.054241 -0.031183]
[-1.202055 -0.949656 -1.090853 -0.995013 -1.076084 -0.888499  0.094887
  0.030657 -0.010371 -0.054     0.040751 -0.022142 -0.101078  0.054818
  0.08157  -0.118563 -0.063551  0.123587 -0.106727 -0.053263]
[-1.058096 -0.959554 -1.130424 -0.94932  -1.123007 -1.188669  0.127685
  0.011617 -0.049745  0.029073  0.108836  0.054655 -0.008569  0.024241
 -0.029549  0.054553 -0.078103  0.195969 -0.049528  0.01342 ]
[ -8.811356e-01  -8.514023e-01  -6.682066e-01  -1.013944e+00  -7.433041e-01
  -7.597397e-01  -4.249186e-03  -1.239399e-01   5.278594e-02   5.823434e-02
   1.679461e-01   2.873710e-02   2.916936e-03   1.309182e-01  -9.258487e-02
   6.863396e-03   8.173204e-03  -3.559710e-04   1.247963e-02  -2.903855e-02]
[-0.96159  -0.756235 -0.835108 -0.576711 -0.77618  -0.519707 -0.116069
  0.004775  0.101174  0.036026  0.138709  0.137139  0.057987  0.069363
 -0.045237  0.040773  0.017959 -0.025116  0.009662  0.021723]
[-0.878802 -1.051804 -0.752827 -1.19408  -0.919567 -1.047513  0.03234
 -0.081404  0.00884  -0.040258  0.046771  0.081174 -0.106206 -0.017341
 -0.07348  -0.098285 -0.010031  0.007814  0.032976 -0.022352]
[-1.002934 -1.033838 -0.933713 -1.069927 -1.056837 -1.074891  0.060202
  0.004131 -0.040054 -0.029632 -0.0058    0.006015 -0.003463 -0.01222
 -0.030339  0.016475 -0.051066  0.041077  0.047117  0.012466]
[-0.956917 -0.754197 -0.243199 -0.900687 -0.44213  -0.10329  -0.009315
  0.030495  0.001593 -0.081143  0.139543  0.026056 -0.107248  0.107098
  0.030202 -0.098551 -0.056594 -0.004329  0.010055 -0.013645]
[ -9.821826e-01  -7.991986e-01  -8.894922e-01  -6.823719e-01  -7.623796e-01
  -6.943190e-01   3.946260e-02   1.548999e-01  -9.895444e-03  -2.155120e-02
  -1.818224e-02   3.534907e-02  -2.877338e-02   3.080406e-02   1.846915e-01
  -3.202725e-02   4.689539e-04   5.261939e-02  -2.538163e-04   8.124256e-03]
[-0.694647 -0.74893  -0.779525 -0.710075 -0.593575 -0.760731 -0.001568
  0.036773  0.041201  0.079622 -0.06604   0.022795  0.027858 -0.096527
  0.022046  0.066069  0.035808  0.037886 -0.088558 -0.009763]
[-0.979083 -1.012182 -0.803283 -0.929604 -0.735032 -0.775933  0.057862
 -0.069093  0.115274 -0.010557  0.01806   0.138556  0.051752 -0.01813
 -0.055572  0.013695 -0.018653  0.038821 -0.011046  0.006934]
[-0.771716 -1.118497 -1.034855 -0.691466 -0.545962 -1.014638 -0.017938
 -0.048528 -0.060609 -0.201789 -0.01215   0.007659 -0.167251  0.074298
 -0.028375 -0.077641 -0.252386 -0.092194 -0.006702  0.058214]
[-1.038256 -0.944412 -0.982494 -0.884942 -0.886366 -0.810015  0.00309
 -0.12484   0.054371  0.116002 -0.028563  0.079503  0.036743 -0.015155
 -0.095892  0.029013  0.087627  0.020997  0.022914  0.017539]
[-0.98727  -1.080335 -0.631384 -1.176385 -0.892038 -0.877732 -0.100586
 -0.06154  -0.086745 -0.086085  0.081782 -0.058744 -0.051188  0.102025
 -0.037899 -0.024366 -0.027739 -0.103782  0.012804 -0.005441]
[-1.128016 -0.921008 -0.873393 -0.932122 -0.906881 -0.728197  0.039233
 -0.076301 -0.035222 -0.011062 -0.044128  0.032666 -0.040923 -0.051007
 -0.026442 -0.030328 -0.011802  0.024944 -0.022436  0.012729]
[-0.79703  -0.738397 -0.705068 -0.613752 -0.554709 -0.483632 -0.101026
 -0.010488  0.107801 -0.027542  0.088098  0.119675 -0.046125  0.071984
 -0.023114 -0.041562 -0.006134 -0.053016  0.025957  0.039376]
[-0.72457  -0.839395 -0.60447  -0.674861 -0.536124 -0.629624 -0.036473
 -0.074142  0.14492  -0.051166 -0.008319  0.154921  0.024851  0.038563
 -0.119876 -0.011508 -0.065086 -0.011263 -0.012983 -0.009297]
[ -7.364439e-01  -9.250111e-01  -5.845649e-01  -7.614526e-01  -4.695647e-01
  -6.854690e-01  -2.693892e-02   7.694589e-02  -4.151531e-02   1.215602e-01
  -1.367774e-01   5.285463e-04  -2.141921e-02  -1.571973e-01   9.977598e-02
  -1.873664e-02   7.630909e-02  -4.506384e-02  -3.871518e-02  -7.287560e-03]
[-0.7464   -0.667722 -0.76145  -0.725084 -0.745674 -0.685689 -0.036905
 -0.156054 -0.045156  0.025419  0.001074  0.053406 -0.040733  0.020887
 -0.137436 -0.021308  0.017392 -0.073965 -0.001722  0.011388]
[-0.828172 -0.808938 -0.840312 -0.602498 -0.707021 -0.68657  -0.066728
  0.064179 -0.016082  0.038873  0.046026 -0.004275  0.033939 -0.051151
  0.042817  0.020591  0.037618 -0.014014  0.008412  0.002716]
[-0.718611 -0.942006 -0.927982 -0.754118 -0.696206 -1.060178 -0.006539
  0.005996  0.078487  0.009674 -0.070476  0.140137 -0.03331  -0.014925
 -0.059587 -0.01812   0.064943 -0.03075   0.007129 -0.02073 ]
[-1.176808 -1.0052   -0.768876 -1.232509 -0.889239 -0.890696  0.022522
  0.052146 -0.035142 -0.137232  0.059395  0.037668  0.064119  0.072468
 -0.010312  0.049941 -0.173232  0.028575 -0.012261 -0.011745]
[-1.056666 -0.981602 -0.861605 -0.8947   -0.773441 -0.829596 -0.026594
  0.013532 -0.021472 -0.110943 -0.018326  0.036913  0.033387 -0.022087
 -0.032103 -0.014546 -0.067209 -0.027604 -0.033964  0.018048]
[-1.00691  -1.023096 -0.835825 -1.073211 -0.866958 -0.844542 -0.004537
  0.01096  -0.073245  0.048545  0.069317 -0.125382 -0.080869  0.071371
  0.043805 -0.031546  0.038784  0.037892 -0.025127  0.002784]
[-0.846118 -1.032559 -0.932526 -0.793728 -0.59868  -0.871259 -0.113069
  0.116353 -0.036816  0.219546  0.042106 -0.088879  0.030738  0.050437
  0.104333  0.082074  0.250711 -0.12955   0.042446  0.032702]
[-0.749496 -0.698978 -0.735757 -0.732055 -0.822834 -0.817218 -0.040559
 -0.032636 -0.039117  0.003904 -0.114589  0.0621    0.01653  -0.106218
 -0.057511  0.016075 -0.166534 -0.040069 -0.011013  0.007577]
[-0.8439   -0.831189 -0.67359  -0.941795 -0.745559 -0.649192 -0.026097
  0.038446 -0.098315  0.088088  0.146268 -0.005209 -0.010263  0.12863
  0.021521  0.056185  0.086694 -0.025615 -0.033133  0.022705]
[-0.874523 -0.905948 -0.680066 -1.006517 -0.705076 -0.725694  0.005813
  0.074864  0.041105 -0.060637 -0.051078  0.001485  0.060637 -0.0749
  0.080537  0.035339 -0.077152  0.026541  0.013103 -0.02224 ]
[-1.073202 -1.045663 -0.901559 -1.065312 -0.836862 -0.843761  0.058607
 -0.020408 -0.051206 -0.005777  0.01455  -0.001424 -0.15053  -0.00406
 -0.116351 -0.051829  0.090609 -0.086897 -0.074655 -0.043302]
[-0.783787 -0.764803 -0.624244 -0.679181 -0.636081 -0.546086 -0.043284
 -0.015856  0.048438 -0.017913  0.01125   0.054697 -0.020787  0.028444
  0.019491 -0.051782 -0.044812 -0.073977  0.011754  0.034275]
[-0.628817 -0.725404 -1.036918 -0.328368 -0.599666 -0.680317  0.172568
 -0.087503  0.049247 -0.050818 -0.032415  0.037991 -0.023002  0.003752
 -0.037626  0.019681 -0.010508  0.272149  0.08133   0.001401]
[-0.859722 -1.004537 -1.031188 -0.713974 -0.838898 -0.867923  0.026428
  0.056107 -0.088841  0.129588  0.126154 -0.114634  0.058857  0.082649
  0.050607  0.055672  0.092012  0.068674 -0.021974  0.024267]
[-0.325974 -0.768064 -0.681921 -0.363233 -0.273161 -0.673912  0.210662
 -0.015441 -0.143488 -0.030851 -0.034157 -0.204799  0.141858 -0.100507
  0.060098  0.081567 -0.0564    0.202145  0.004912 -0.007717]
[-1.006187 -0.784979 -0.864281 -0.682305 -0.835926 -0.678939 -0.020268
  0.08837   0.086528 -0.077346 -0.021122  0.026484 -0.051403  0.013227
  0.237057 -0.066458 -0.067674 -0.082826 -0.012836  0.002293]
[-1.118065 -0.99693  -1.065341 -0.878457 -0.872854 -0.904388 -0.076158
 -0.04332  -0.063772  0.018087  0.084249  0.028266 -0.182332  0.118295
 -0.081072 -0.098204 -0.059721 -0.132706  0.061918 -0.025732]
[-0.908512 -0.802781 -0.840573 -0.850463 -0.842295 -0.815763 -0.097533
  0.018044  0.039725  0.023388 -0.022622  0.06691  -0.080515  0.007738
 -0.024411 -0.077946 -0.028771 -0.061529 -0.022481  0.012034]
[ -8.427899e-01  -8.868710e-01  -8.985432e-01  -8.387961e-01  -8.336447e-01
  -9.382414e-01   5.189647e-02  -1.171746e-01  -2.277076e-03   6.797999e-02
  -5.313751e-02  -9.151375e-03   8.812472e-04  -8.850652e-02  -1.363991e-01
  -5.505068e-02  -3.428995e-02   4.651573e-02   4.730940e-02   2.296009e-02]
[-1.084921 -0.89505  -0.700324 -1.095873 -0.90024  -0.620749  0.007007
 -0.005448  0.009033 -0.067559  0.055544  0.059619 -0.038977 -0.005179
 -0.065848 -0.07168  -0.005261  0.033358  0.004572  0.011525]
[-0.958741 -0.987498 -1.207016 -0.739243 -0.881194 -0.84067   0.046443
  0.020518  0.137844  0.137826 -0.047035  0.177554 -0.018442  0.023188
  0.093609  0.026198  0.06556   0.011319 -0.018449  0.012355]
[-0.907639 -0.706898 -0.618248 -0.829092 -0.730286 -0.413513 -0.035694
  0.077891  0.029121  0.027766 -0.066854 -0.005308 -0.043226  0.011146
  0.07567  -0.045729  0.059812 -0.068344 -0.032498  0.008414]
[-0.892647 -0.851868 -0.90238  -0.774853 -0.872101 -0.810565  0.053959
 -0.083817  0.01992   0.020603 -0.104495  0.003128 -0.009113 -0.066768
 -0.08164  -0.051073 -0.021502  0.136094  0.003688  0.026749]
[-0.975873 -0.672048 -0.777362 -0.780833 -1.007671 -0.706477 -0.08813
 -0.033347 -0.05128  -0.06186   0.078419 -0.065782  0.181844  0.131036
 -0.076055  0.146584 -0.05541  -0.100533  0.021664 -0.006375]
[-0.889355 -0.864295 -0.834383 -0.856034 -0.735872 -0.828363  0.043883
  0.007594  0.007103  0.072767  0.071317  0.02943  -0.010293  0.099624
  0.066237  0.030586  0.06386   0.060903  0.038666  0.023631]
[-0.982612 -1.019386 -0.770683 -1.218322 -0.922332 -1.041363 -0.019158
  0.073598  0.142397 -0.110268 -0.037733  0.154656  0.08176  -0.030482
  0.037374  0.007537 -0.114953  0.006077  0.009253  0.003352]
[-0.851714 -0.873769 -0.810266 -0.836509 -0.766235 -0.847192  0.028079
 -0.064354  0.040143  0.043969 -0.011801 -0.005995 -0.069285 -0.034477
 -0.041763  0.007432  0.120125 -0.015649  0.021669 -0.003509]
[-0.899174 -0.818363 -0.661535 -0.847668 -0.643689 -0.847242  0.040063
 -0.002404 -0.058349 -0.280743 -0.143846 -0.097397 -0.150069 -0.173909
 -0.047937 -0.08673  -0.234961 -0.043036  0.013798  0.025254]
[ -8.843023e-01  -8.371779e-01  -6.953732e-01  -8.333311e-01  -7.137360e-01
  -6.883211e-01  -3.865751e-02  -3.727913e-02   4.527789e-02  -3.538460e-02
  -1.857242e-03   4.296521e-03   4.152743e-02   4.399367e-02  -8.208057e-02
   8.019083e-02   2.295718e-02  -2.785087e-04   8.234749e-02   2.323399e-02]
[-0.987652 -0.901701 -0.869529 -0.978783 -0.795717 -0.784479 -0.010316
  0.048758  0.047777 -0.041345 -0.046132  0.052279  0.00952   0.00264
  0.027496 -0.07084   0.016002 -0.02104   0.042691  0.001437]
[-0.667394 -0.782788 -0.746513 -0.682567 -0.586744 -0.744207 -0.005991
 -0.004986 -0.072522 -0.013183  0.04182  -0.014747  0.022616  0.043948
 -0.066462  0.0117   -0.006647 -0.003394 -0.041081  0.011327]
[-0.971576 -0.988963 -0.842758 -0.966375 -0.904632 -0.848275 -0.032959
 -0.058843 -0.054181  0.078199  0.101245 -0.04891   0.134203  0.020063
 -0.131727  0.100507  0.095805 -0.069469  0.003048 -0.005064]
[-0.755872 -0.874134 -0.738177 -0.891004 -0.683281 -0.868259 -0.087937
  0.048063 -0.078702 -0.018291 -0.043099 -0.082517 -0.006823 -0.028871
  0.042203  0.009396 -0.042725 -0.110566 -0.014806 -0.044686]
[-0.751784 -0.819095 -0.716692 -0.811953 -0.748118 -0.867276  0.016555
  0.029467  0.015419  0.013409 -0.072943 -0.022282  0.04766  -0.083137
  0.039502  0.034591  0.0022    0.014269  0.026491  0.00873 ]
[-0.729843 -0.711135 -0.824684 -0.689387 -0.808037 -0.717448 -0.011349
  0.038265 -0.061432 -0.019828  0.028547 -0.089924  0.101647  0.004738
  0.019377  0.057104 -0.025993  0.014979  0.0234    0.015146]
[-0.740276 -0.641987 -0.835488 -0.604789 -0.68694  -0.705709  0.109832
  0.038099 -0.073188 -0.038426  0.045343 -0.131108  0.031861  0.001759
  0.056193 -0.026442 -0.038161  0.129187 -0.010698 -0.003177]
('Mean', 1, ': ', -0.74027564565285564)
('Median', 1, ': ', -0.74027564565285564)
('Variance', 1, ': ', 0.0)
('Mean', 2, ': ', -0.64198696655762522)
('Median', 2, ': ', -0.64198696655762522)
('Variance', 2, ': ', 0.0)
('Mean', 3, ': ', -0.83548817441839496)
('Median', 3, ': ', -0.83548817441839496)
('Variance', 3, ': ', 0.0)
('Mean', 4, ': ', -0.60478866027007827)
('Median', 4, ': ', -0.60478866027007827)
('Variance', 4, ': ', 0.0)
('Mean', 5, ': ', -0.68693974879310082)
('Median', 5, ': ', -0.68693974879310082)
('Variance', 5, ': ', 0.0)
('Mean', 6, ': ', -0.70570850969888943)
('Median', 6, ': ', -0.70570850969888943)
('Variance', 6, ': ', 0.0)
('time: ', 7854.195003032684)
