“Running plot script on a single CPU core”
[-1.090777 -1.200484 -0.990303 -0.897692 -0.641348 -0.854729  0.047283
 -0.179427  0.196414 -0.107427  0.08397   0.143539  0.001477  0.07319
 -0.150075 -0.021825 -0.08987   0.023668  0.017261  0.022147]
[-0.976898 -1.084584 -0.846314 -0.889359 -0.641456 -0.890235 -0.006964
  0.130367  0.092742 -0.323326  0.059522  0.127307 -0.239057  0.037019
  0.199197 -0.148195 -0.275329  0.011351 -0.008025  0.007322]
[-1.114727 -0.972377 -0.93764  -0.987746 -1.196591 -0.929633 -0.031752
  0.050965  0.041896  0.040139  0.025759  0.019671  0.023101  0.066314
  0.078271  0.089011  0.043774 -0.022254  0.033304 -0.022439]
[-0.741071 -0.664707 -0.655234 -0.710091 -0.795991 -0.779216 -0.04932
 -0.041998 -0.020765  0.012691  0.052896 -0.051067  0.015962  0.063238
 -0.08387   0.043516  0.04277  -0.046899  0.033787  0.013272]
[-0.730991 -0.663651 -0.781303 -0.68741  -0.788252 -0.611692  0.064926
 -0.030045 -0.036496 -0.024396 -0.049491 -0.027346  0.013058 -0.033223
 -0.004016  0.024092 -0.03588   0.045961 -0.014337 -0.015851]
[-0.940643 -0.937146 -0.868578 -0.953547 -0.967631 -1.018237  0.043833
  0.091888 -0.14489   0.048863  0.048913 -0.151364  0.027233  0.12258
  0.043472  0.014402  0.043643  0.052259  0.040347  0.042029]
[-1.196696 -1.05684  -1.011152 -1.088741 -0.968317 -1.001706  0.004452
 -0.00527  -0.128079 -0.056366 -0.134398 -0.044996 -0.026445 -0.064822
 -0.130913 -0.055467  0.025039 -0.076569 -0.022824  0.009636]
[-1.21186  -1.015438 -1.34915  -0.970851 -1.331622 -1.072271 -0.073584
 -0.020605 -0.053043 -0.102623  0.070983 -0.12586   0.119447  0.104235
 -0.003613  0.160137 -0.066088 -0.045627 -0.020615  0.050662]
[-0.817586 -0.773869 -0.932613 -0.606927 -0.61995  -0.795808  0.020722
 -0.068564  0.109103 -0.056616 -0.01968   0.0422   -0.027411  0.015148
 -0.025838 -0.141324 -0.110268 -0.055729 -0.006806 -0.012268]
[ -8.961024e-01  -8.700939e-01  -7.998876e-01  -9.247309e-01  -8.093483e-01
  -7.539387e-01  -4.387280e-02  -1.207627e-01   4.744162e-02  -8.044198e-02
   6.533264e-02   3.670928e-02   3.715787e-02   3.557619e-02  -4.554587e-02
   1.240217e-01  -6.158059e-02  -5.309849e-02  -2.200625e-02   1.385179e-04]
[-0.686472 -0.640591 -0.692262 -0.569844 -0.761655 -0.607913 -0.041069
 -0.004391  0.024356 -0.009723 -0.014749  0.041577 -0.025358 -0.013785
  0.015421 -0.005787 -0.028191 -0.089704  0.051477  0.005375]
[ -1.012699e+00  -1.127413e+00  -1.076573e+00  -9.042391e-01  -8.355223e-01
  -1.012721e+00   2.432835e-02  -8.448430e-02  -6.373419e-02  -1.205910e-01
  -1.553427e-02  -2.470155e-02  -1.193816e-02  -5.155034e-02  -1.136679e-01
   2.270785e-02  -1.197423e-01   6.781880e-02   3.604589e-02   6.111821e-04]
[-0.764895 -0.812821 -0.552157 -0.851337 -0.690223 -0.631269  0.009879
  0.151189  0.03148  -0.001104  0.060285  0.049281  0.0973   -0.005166
  0.141251  0.077209 -0.076659  0.030344 -0.016318 -0.039954]
[-1.127515 -1.228018 -1.155528 -1.153475 -1.174947 -1.33335  -0.072009
  0.097374  0.021915  0.082817 -0.053541 -0.074675 -0.020875 -0.011745
  0.123669 -0.028136  0.048036 -0.037858 -0.003647 -0.004406]
[-0.994837 -0.991758 -1.132199 -0.667349 -0.856898 -0.78397   0.092378
  0.033634  0.087099  0.12042  -0.042774  0.05885   0.061061  0.059177
  0.02061   0.044673  0.077671  0.159877  0.007318 -0.020031]
[-0.973235 -1.069315 -0.982542 -0.955889 -0.90938  -0.951774 -0.00164
  0.032291  0.140112  0.084109  0.027967  0.134447 -0.062785  0.020179
 -0.056572 -0.002824  0.092485 -0.039526 -0.072591 -0.008584]
[-1.033614 -0.918449 -0.946283 -1.095433 -1.120202 -1.200888 -0.056444
 -0.164376 -0.003945  0.076375 -0.047769 -0.088371 -0.079149 -0.058589
 -0.200718 -0.084152  0.051628 -0.143932 -0.023971  0.0326  ]
[-0.640565 -0.955204 -0.874577 -0.632633 -0.608045 -1.052051 -0.065363
  0.098554 -0.090077  0.003732  0.021401 -0.047174  0.040159 -0.112105
  0.124106 -0.017005 -0.063428 -0.112362 -0.0287    0.01993 ]
[-0.806917 -0.942511 -0.855276 -0.752893 -0.645932 -0.751185 -0.02008
 -0.042818  0.050276 -0.003566 -0.014274 -0.0323    0.052651 -0.009462
  0.022176  0.001006 -0.028119 -0.037951 -0.017551 -0.033866]
[-0.964836 -0.89195  -0.889552 -0.815259 -0.842126 -0.739766 -0.049008
  0.018562  0.030958 -0.097137  0.074736  0.045026  0.007665  0.055942
  0.040085  0.024575 -0.038254 -0.026802  0.016031  0.000966]
[ -8.740396e-01  -7.726990e-01  -7.640384e-01  -1.094163e+00  -1.144084e+00
  -1.059253e+00  -3.155355e-02   1.014943e-01  -3.276228e-02  -4.560806e-02
   1.564374e-01   1.136619e-03  -1.767472e-01   7.684814e-02   6.312699e-02
  -1.346972e-01   7.444750e-02   4.575378e-02  -5.543130e-02  -5.162681e-02]
[ -7.151056e-01  -7.999676e-01  -6.660479e-01  -7.658072e-01  -6.761879e-01
  -7.918226e-01  -2.206646e-02   2.124656e-02   3.804885e-02  -6.908599e-03
   3.486747e-02   9.533825e-03  -5.161436e-02   2.744198e-03   1.972091e-02
  -1.071672e-02  -2.869057e-02  -1.658476e-02  -1.885357e-04  -1.238743e-02]
[-0.783666 -0.783859 -0.70767  -0.829082 -0.747464 -0.767331 -0.00259
 -0.051947  0.077607  0.184334  0.036105  0.129062 -0.060799  0.008696
 -0.054937  0.019191  0.086263  0.052698 -0.007268 -0.010945]
[-0.96781  -0.86715  -0.578759 -0.905547 -0.508273 -0.522398 -0.009927
  0.111318  0.038405  0.162704 -0.005615  0.071652 -0.004423 -0.055027
  0.091229  0.051652  0.17733  -0.021151 -0.039056 -0.008132]
[-0.97468  -0.89465  -1.067597 -0.840587 -1.016281 -1.198289  0.045233
 -0.161043  0.04802  -0.117649  0.015045  0.130526  0.171046  0.066303
 -0.171292  0.175916 -0.163943  0.042277 -0.051125  0.005261]
[-1.180691 -1.204092 -0.974236 -1.14153  -0.946354 -0.950868 -0.019028
 -0.051491  0.174589  0.062204  0.028654  0.172005 -0.046659  0.046146
 -0.027628 -0.081359  0.007222 -0.031474 -0.027735  0.055432]
[-0.900451 -0.625385 -0.61239  -0.836599 -0.808326 -0.440031 -0.008277
  0.0096    0.012923 -0.116178 -0.018124  0.01585  -0.067178 -0.009389
 -0.038832 -0.161241 -0.08879  -0.04518   0.007566  0.012434]
[-1.438092 -1.622667 -1.284533 -1.624732 -1.261337 -1.563536 -0.019872
 -0.057953  0.108407 -0.052248  0.014039  0.076218  0.066127 -0.014587
 -0.073877  0.002011 -0.03632  -0.136798  0.062688 -0.049379]
[-1.030032 -0.895864 -1.052127 -0.990269 -1.133457 -0.897997  0.020037
 -0.019383 -0.133988  0.088402  0.090783 -0.099025 -0.062387  0.046708
 -0.029389 -0.132267  0.103592  0.045683 -0.04752  -0.058975]
[-0.971743 -1.124418 -1.100235 -1.045971 -0.964068 -1.101572 -0.092983
  0.021202  0.03021  -0.022586 -0.01239   0.036803  0.00308   0.035778
  0.037292  0.023878  0.035978 -0.007525  0.018894  0.02806 ]
[-0.788324 -0.869498 -0.728178 -0.754078 -0.643573 -0.763065 -0.039969
 -0.030695  0.086444 -0.053853  0.052758  0.122671  0.099276  0.039119
 -0.045484  0.101187 -0.042908 -0.059764  0.01525   0.017877]
[-0.712491 -0.887406 -0.936554 -0.582929 -0.595451 -0.702407 -0.02018
  0.08501   0.17375  -0.058293  0.054997  0.254941  0.014143  0.090324
  0.065985  0.019004 -0.025772  0.027294 -0.002877 -0.01963 ]
[-0.916006 -0.703889 -0.648351 -0.770517 -0.785857 -0.525244 -0.027749
  0.110456  0.003096  0.006911  0.007429  0.062959  0.052357  0.006119
  0.006743  0.096734 -0.025589 -0.110964  0.051639  0.03809 ]
[-0.796164 -1.068401 -0.972133 -0.735221 -0.71127  -1.089978 -0.117224
  0.032023  0.019501  0.091165  0.081594  0.029928 -0.043538  0.068596
  0.102507 -0.002219  0.115106 -0.093045 -0.006874 -0.009702]
[-0.603621 -0.72654  -0.812184 -0.453007 -0.489673 -0.695767 -0.093237
 -0.020126 -0.067144  0.193736  0.024392 -0.043375  0.19573   0.095773
 -0.054312  0.19154   0.213504 -0.153434 -0.024565 -0.001874]
[-0.778736 -0.846665 -0.867488 -0.640587 -0.765802 -0.77208  -0.040308
  0.05285  -0.024113  0.041799 -0.031296  0.017095 -0.110244 -0.064048
  0.061693 -0.068892  0.087358 -0.046427 -0.016075  0.019007]
[ -8.781234e-01  -8.955557e-01  -8.209946e-01  -8.883851e-01  -7.710263e-01
  -7.318222e-01  -4.438146e-02  -3.386572e-02   3.228113e-02   1.329291e-02
   3.738653e-02  -5.673262e-02   2.828670e-02   2.902112e-02  -5.659686e-02
   2.910745e-02   3.718188e-02  -1.387628e-01   7.232887e-04  -4.215188e-02]
[-1.040269 -1.082926 -0.883583 -1.110149 -0.992286 -0.907388  0.164859
 -0.007144  0.02375  -0.024285 -0.008018  0.03292  -0.042401 -0.029614
 -0.060543 -0.055501 -0.011884  0.105103  0.004334  0.050923]
[-1.145041 -0.950877 -0.934062 -1.074112 -0.968842 -0.775311  0.043146
  0.063541  0.023555  0.185669 -0.025499  0.093307  0.126679 -0.018224
  0.100151  0.19706   0.235855  0.037198 -0.011855  0.005554]
[-0.886855 -0.923566 -0.910249 -0.909855 -0.787067 -1.004081 -0.015814
 -0.082047  0.001831 -0.016789 -0.005115 -0.020156 -0.066776  0.124472
 -0.054605 -0.091061  0.056629  0.030833 -0.010967 -0.014398]
[-1.177745 -0.718656 -0.762622 -0.882954 -1.006258 -0.580058  0.005154
  0.023729 -0.070016 -0.116187 -0.141241 -0.012746  0.021363 -0.149377
  0.029717 -0.033973 -0.108626 -0.002188  0.006224 -0.032891]
[-0.668011 -0.604164 -0.738502 -0.562031 -0.687457 -0.769676 -0.04352
  0.073471 -0.060857 -0.11079   0.077326 -0.020933 -0.000885  0.130209
  0.099935  0.023363 -0.135759 -0.005067 -0.002695  0.016255]
[-0.788366 -1.006608 -0.811097 -0.774289 -0.681523 -0.864052 -0.029434
  0.010658  0.145488 -0.032635 -0.007634  0.131661  0.031088  0.006361
 -0.005195  0.002921 -0.049353 -0.028806  0.022336 -0.010896]
[-0.941491 -0.842596 -1.04538  -0.805666 -0.95296  -0.81932   0.118429
 -0.025335  0.047583 -0.031674  0.00429   0.079373  0.224342  0.014376
 -0.015387  0.227517 -0.069688  0.12601  -0.035429 -0.048042]
[-0.985034 -0.931367 -0.923033 -0.884411 -0.789128 -0.881298  0.145217
 -0.017103  0.025922 -0.108627  0.052434  0.062414  0.066071  0.027037
 -0.014371  0.064189 -0.095487  0.142811  0.020708  0.024999]
[ -1.058053e+00  -9.390511e-01  -1.028339e+00  -8.222235e-01  -9.171333e-01
  -9.009755e-01  -1.486929e-01   2.228205e-02   6.310870e-02  -3.091122e-02
  -9.944656e-02   8.819078e-04   2.119930e-02  -3.601359e-02   1.600225e-02
   1.409105e-02   8.577726e-03  -2.028693e-01  -6.236431e-02  -2.901953e-02]
[ -9.647947e-01  -8.760732e-01  -1.047311e+00  -6.812908e-01  -6.174959e-01
  -6.590388e-01   1.258555e-01   5.149088e-03  -5.527476e-02   1.749261e-02
   1.265221e-02  -3.830470e-02  -2.343183e-02  -6.680048e-03   6.049926e-03
   7.224056e-02  -7.698055e-05  -4.415871e-02   3.682710e-02  -1.732466e-03]
[-1.145    -0.822176 -0.819443 -0.893222 -1.131921 -0.624429 -0.034002
  0.010104  0.094283 -0.031761 -0.066399  0.04229  -0.093316 -0.093994
 -0.021698 -0.084933  0.057766 -0.084911  0.070763  0.083103]
[-1.256163 -0.930693 -1.146449 -1.07401  -1.144668 -0.981747 -0.016499
 -0.014286  0.056836  0.138846  0.073381  0.01787  -0.049488 -0.00218
 -0.007968 -0.050334  0.099352 -0.053165 -0.03709   0.028061]
[-1.241678 -1.220248 -1.20889  -1.25908  -1.046557 -1.284306 -0.022598
  0.132045  0.054931 -0.199865 -0.172983  0.030113  0.291474 -0.206081
  0.119526  0.067275 -0.116451  0.002683  0.022206 -0.013783]
[-0.963297 -0.786618 -0.991513 -0.868384 -1.014929 -0.773937  0.009944
 -0.07683   0.024043  0.022366 -0.095189  0.022399 -0.165579  0.012556
 -0.085552 -0.086138  0.038719 -0.018546  0.052722  0.014496]
[-0.859099 -0.814572 -0.906053 -0.871707 -0.886486 -0.851594 -0.014168
  0.106443 -0.079937 -0.018265 -0.036211 -0.033378  0.023442 -0.044587
  0.080985 -0.036226 -0.048515 -0.024827  0.026703  0.026092]
[ -9.706650e-01  -9.375705e-01  -8.499787e-01  -8.091440e-01  -6.414694e-01
  -7.088539e-01  -2.320292e-02   1.540943e-02   8.329451e-02   3.167454e-04
  -1.176496e-02   1.602816e-01  -1.491343e-03  -1.568060e-02   2.918032e-02
  -1.487637e-02   4.660857e-02   1.156437e-02  -7.245646e-02  -1.769476e-02]
[-0.90112  -0.894852 -0.632056 -0.958551 -0.691639 -0.742426  0.019112
  0.033221 -0.136403 -0.008527 -0.095052 -0.102906  0.046257 -0.149176
 -0.06296   0.063337 -0.031693  0.01501   0.158971  0.023969]
[-1.299568 -1.157076 -1.017305 -1.050914 -0.808055 -0.808783 -0.005223
  0.011701 -0.092052  0.010631 -0.025889 -0.136819 -0.023052 -0.054192
  0.088943 -0.062668 -0.008666  0.060567  0.016854 -0.031867]
[-0.821227 -0.837186 -0.854847 -0.802118 -0.753157 -0.952725  0.020149
  0.023341 -0.186712  0.043893  0.170288 -0.176266 -0.073571  0.181875
  0.022035 -0.048473  0.026885 -0.061461 -0.005835 -0.010906]
[-0.971921 -0.885541 -0.81191  -0.785978 -0.71629  -0.590296  0.020657
 -0.038655  0.043363  0.045107  0.042728 -0.047236 -0.119391  0.022422
 -0.009002 -0.10919   0.039195  0.067349  0.024974 -0.009592]
[ -1.447390e+00  -8.477997e-01  -7.498181e-01  -9.281385e-01  -8.324418e-01
  -5.283820e-01   3.237286e-02   4.641890e-03   5.168660e-02  -2.843215e-02
  -5.056749e-02   8.079384e-03   1.124471e-02  -4.097171e-02  -5.433943e-02
  -7.606435e-02  -7.952102e-02   2.950189e-03   4.960111e-05  -5.589228e-02]
[-0.956793 -0.957057 -0.792756 -0.990934 -0.832659 -0.830351 -0.030218
  0.013136  0.084024  0.00978  -0.047103  0.0837    0.050762  0.018727
  0.055258  0.074917  0.051837 -0.092313  0.008151 -0.012583]
[-0.80258  -0.728786 -0.709558 -1.052382 -1.090918 -1.085775  0.012578
 -0.015699  0.041058 -0.027547 -0.062049  0.063008 -0.045171 -0.070461
 -0.120961 -0.006896 -0.038089  0.194241  0.068228 -0.024801]
[-0.932997 -0.896807 -0.678497 -0.879158 -0.623708 -0.802565  0.163219
  0.040363 -0.094278 -0.001026  0.094727 -0.034936 -0.14766   0.105012
  0.084951 -0.200169  0.088211  0.147817  0.027371  0.032974]
[-1.039932 -1.012414 -0.92872  -0.941746 -0.771269 -0.846954 -0.084566
  0.035196  0.022199 -0.066962 -0.092846  0.014895  0.033918 -0.083869
 -0.01604   0.008008 -0.094985 -0.068551 -0.044643 -0.015434]
[ -1.010605e+00  -9.160030e-01  -8.548059e-01  -9.521968e-01  -9.766267e-01
  -8.661409e-01   1.958248e-02   5.082137e-02   9.831178e-02   4.661169e-02
   2.599119e-03   5.852160e-02  -7.134533e-02   4.423899e-02  -2.507597e-02
  -9.843261e-02   8.541048e-03  -2.740211e-02   4.472283e-02  -7.945974e-04]
[-0.976977 -1.132715 -0.694827 -1.127471 -0.707374 -0.762956  0.066189
 -0.111579 -0.077844  0.057305 -0.073185 -0.033369  0.087827 -0.033537
 -0.056581  0.095373  0.027067 -0.046021 -0.071469 -0.02406 ]
[-0.762141 -0.853589 -0.760562 -0.784069 -0.726784 -0.875714 -0.007233
  0.093051  0.010486 -0.06488   0.049252 -0.039837 -0.007697  0.001492
  0.043752 -0.006476  0.049937 -0.014817  0.089239  0.004543]
[ -8.723107e-01  -7.261557e-01  -8.223406e-01  -8.001253e-01  -9.539077e-01
  -7.734140e-01   1.323348e-02   1.012301e-01  -2.475436e-02   3.552168e-02
   4.968271e-02  -9.235892e-04  -7.975443e-02   1.284930e-01   7.761796e-02
  -9.681340e-02   3.308141e-02   1.223378e-02  -6.138392e-04  -7.218671e-03]
[-0.71428  -0.590306 -0.836353 -0.503659 -0.77294  -0.702815  0.09979
  0.010897 -0.009206  0.039088 -0.061985  0.041383  0.040719  0.001477
  0.045088  0.00642   0.07116   0.045405 -0.033341 -0.004079]
[-0.937438 -1.005996 -0.816136 -0.918406 -0.788485 -0.96645  -0.066945
  0.013709 -0.0871   -0.039898  0.012189 -0.065714  0.103452  0.058695
  0.071062  0.070838 -0.089252 -0.023575  0.035042  0.002977]
[-0.77863  -0.746628 -0.740573 -0.550893 -0.645141 -0.566548  0.059488
 -0.006544  0.084043  0.045098 -0.066946 -0.009635 -0.014683 -0.058186
 -0.000798 -0.04939   0.090371  0.058044  0.009001 -0.001382]
[ -8.442643e-01  -8.936816e-01  -7.645067e-01  -1.025954e+00  -1.038447e+00
  -1.060580e+00  -2.589317e-02   4.610016e-02   1.093988e-01   2.843575e-02
   3.588556e-02   1.341294e-01   3.262711e-02   5.502913e-04   1.255201e-01
   8.531470e-03   1.272138e-02  -6.906519e-02  -1.250921e-02  -1.122125e-02]
[-0.883233 -0.787715 -0.705624 -0.662819 -0.74687  -0.574103 -0.048272
  0.082889 -0.014243  0.206563  0.222555 -0.060293 -0.098505  0.185382
  0.014543 -0.03437   0.18137  -0.023447 -0.01204   0.021626]
[ -8.613664e-01  -1.163418e+00  -7.331285e-01  -1.204363e+00  -9.151184e-01
  -1.413103e+00  -7.533345e-02  -2.368450e-02   3.733871e-02  -1.968070e-02
  -8.616467e-03   7.063219e-02   6.648900e-04  -9.025482e-02   3.301281e-03
   1.530127e-02  -2.392113e-03  -6.730294e-02  -8.292168e-02  -1.012270e-02]
[-0.900663 -0.875636 -0.684485 -0.975036 -0.699567 -0.698444  0.02453
  0.116303 -0.070982  0.017277  0.02476  -0.02604   0.118443  0.068757
  0.113628  0.14631   0.014115 -0.00386  -0.035952 -0.028791]
[-0.942317 -0.872577 -0.962414 -1.011008 -0.9593   -1.144    -0.052494
 -0.173375  0.019359  0.012166 -0.021612  0.085904  0.011106  0.004067
 -0.024586 -0.012083 -0.013171  0.028999 -0.014305 -0.010402]
[-1.337969 -1.178022 -1.271236 -1.100417 -1.20205  -1.138994  0.00291
  0.021554 -0.283781  0.125119 -0.117397 -0.063123  0.016178 -0.079666
 -0.038211 -0.022605  0.185511 -0.086436 -0.099055 -0.017403]
[-0.704497 -0.633379 -0.556104 -0.77978  -0.520891 -0.635731 -0.103805
 -0.008914  0.058556 -0.079572  0.014492  0.044285  0.030938  0.035603
  0.030372  0.019445 -0.020448 -0.057494 -0.069915 -0.016402]
[-0.835175 -0.765729 -0.816778 -0.760039 -0.895328 -0.688994 -0.05577
 -0.107386 -0.027661  0.072294 -0.142787  0.045219 -0.006324 -0.078025
 -0.078736 -0.008747  0.031864 -0.022128  0.037558  0.033407]
[-1.110637 -0.759928 -0.527205 -0.965027 -0.75582  -0.51414   0.003208
 -0.01643   0.048968  0.004175 -0.043569  0.003001  0.041653 -0.108738
  0.031149  0.073342 -0.044274 -0.014753 -0.00478  -0.023318]
[-0.568334 -0.80754  -0.777253 -0.601326 -0.48486  -0.673448  0.019607
  0.004975  0.055771 -0.010532 -0.053629 -0.017992 -0.044593 -0.05009
  0.072311 -0.035444 -0.010162 -0.071169 -0.040541 -0.017777]
[ -7.878674e-01  -6.113643e-01  -8.760029e-01  -6.350961e-01  -9.145182e-01
  -8.007095e-01   6.848137e-02  -4.558169e-02   3.062383e-02  -8.969362e-02
   6.937964e-02   8.256323e-04   1.093611e-01   1.115623e-01  -3.154973e-02
   7.609777e-02  -9.145478e-02  -1.477596e-03   6.159436e-03  -7.435672e-03]
[-0.974974 -0.819703 -0.737288 -1.116153 -0.928566 -0.996111 -0.027598
 -0.074963  0.076686 -0.078144  0.105263  0.002285 -0.024139  0.078898
 -0.184847 -0.008616 -0.058188 -0.061192  0.016241  0.014778]
[-0.805159 -0.830161 -0.689043 -0.69324  -0.669232 -0.689739 -0.027826
  0.003729 -0.09441  -0.04763   0.016492 -0.102809 -0.021917  0.035807
  0.010651 -0.052989 -0.06805   0.010265 -0.032182  0.004617]
[ -1.100128e+00  -9.930681e-01  -1.027979e+00  -1.101855e+00  -9.557045e-01
  -8.357348e-01  -5.948927e-02  -8.528562e-02   5.374565e-03   1.053936e-01
  -1.079383e-02   3.427014e-02   7.394785e-02   9.453256e-04  -1.143786e-01
   6.574004e-02   8.203936e-02  -4.025729e-02   2.289193e-02   1.115581e-02]
[-0.796193 -0.861854 -0.806221 -0.787373 -0.67532  -0.85617  -0.111612
 -0.003995  0.064319 -0.03483  -0.08724   0.047048  0.0044   -0.041836
 -0.04577  -0.011102 -0.001915 -0.088999  0.041158 -0.010741]
[-1.103272 -1.080052 -1.015607 -1.024824 -1.008839 -1.034557 -0.013289
 -0.054139 -0.037576 -0.032755 -0.029181 -0.030698  0.029396 -0.015672
  0.011966  0.08966  -0.054677  0.019734 -0.010346 -0.03016 ]
[-0.937713 -0.843804 -0.871785 -0.818985 -0.869639 -0.811396  0.114609
 -0.015295 -0.037876 -0.020393 -0.01943  -0.048673  0.009506  0.021014
 -0.062141 -0.060614 -0.060279  0.116294  0.003123  0.017258]
[-0.877175 -0.733634 -0.768892 -0.628021 -0.646797 -0.572333  0.050716
  0.059007  0.079615  0.041981 -0.158035  0.029555 -0.060023 -0.138773
  0.060262 -0.091242  0.033713  0.094807 -0.065436 -0.020617]
[-0.777737 -0.956042 -0.781265 -1.295413 -0.973224 -1.349563  0.009342
  0.048441 -0.17659   0.088331 -0.077831 -0.214504 -0.113141 -0.161377
  0.051521 -0.144389  0.06953   0.020199 -0.04271  -0.017337]
[-0.867042 -0.83627  -0.741454 -0.893909 -0.821119 -0.789217  0.004076
 -0.043691 -0.041995  0.014328  0.078917 -0.064207 -0.077682  0.078601
  0.048074 -0.049054  0.040676  0.003211 -0.055534 -0.010272]
[-1.088942 -1.1287   -1.025868 -1.112865 -1.053113 -1.086824  0.034397
  0.003732  0.081042  0.124231 -0.192393  0.134325  0.066205 -0.244236
 -0.020512  0.021416  0.066885  0.088757  0.044501  0.050475]
[-1.059541 -1.090725 -0.977974 -1.032313 -0.936735 -0.890605  0.045915
  0.036893  0.054044  0.077563 -0.047927  0.024652 -0.019827 -0.07948
  0.117652  0.008938  0.078919 -0.026236  0.026678  0.023357]
[-1.274996 -0.943382 -1.273666 -0.815297 -1.250966 -0.716962  0.040678
  0.152666  0.056668  0.039512  0.077476  0.113284 -0.038152  0.135231
  0.269443  0.040722  0.097593  0.009325  0.013411  0.002204]
[ -1.024454e+00  -1.030931e+00  -1.020347e+00  -9.458499e-01  -7.833442e-01
  -1.170149e+00   1.070507e-02  -9.751350e-02  -1.260994e-01   9.915444e-02
   4.241130e-02  -1.832667e-01   9.540051e-02   1.508387e-01  -1.162448e-01
   7.170983e-02   6.145944e-04   6.127605e-02   1.666440e-02   2.582939e-02]
[-1.053329 -1.095497 -0.966368 -0.962624 -0.817157 -0.774527 -0.088987
 -0.029628 -0.008983 -0.074561  0.059719 -0.032758 -0.011492  0.060683
  0.003505 -0.045764 -0.038081 -0.068861 -0.048582 -0.019139]
[ -7.879459e-01  -8.008543e-01  -8.657504e-01  -8.150027e-01  -8.809353e-01
  -9.179151e-01  -1.702622e-02  -2.217991e-03   4.664107e-02   1.724520e-01
  -8.222664e-03   3.023487e-02  -2.534705e-02   1.301698e-02   2.266256e-02
  -3.064269e-04   1.718357e-01   4.257082e-03  -4.389361e-03  -2.688132e-03]
[-1.023989 -0.899042 -0.748966 -0.848435 -0.785475 -0.632764  0.041922
 -0.044374 -0.014749 -0.05472   0.029655  0.048478 -0.126437  0.040659
 -0.045656 -0.1222   -0.081253  0.066404  0.072592  0.041644]
[-1.03214  -1.038423 -1.064465 -1.027809 -0.960816 -0.940302 -0.186062
  0.056069  0.10059   0.091776 -0.079104  0.126297 -0.033884 -0.053276
  0.047233 -0.074538  0.087265 -0.126238  0.009261  0.043409]
[-0.866717 -0.84621  -0.917396 -0.918192 -1.087896 -0.852134 -0.018421
 -0.0593   -0.128665  0.029764  0.048033 -0.200631  0.032125  0.080802
 -0.087045  0.018906 -0.008931  0.017825 -0.073318 -0.048025]
[-0.775005 -0.767387 -0.864809 -0.680118 -0.829783 -0.7468   -0.02011
 -0.001824  0.002506  0.13834  -0.128738 -0.026657  0.052162 -0.116088
  0.027972  0.021114  0.178461  0.00124  -0.062622  0.010168]
[-0.993459 -0.996342 -1.04215  -1.010562 -1.064136 -1.0532   -0.027957
  0.036178 -0.008833  0.014725 -0.049795 -0.023607  0.107318 -0.055966
 -0.025127  0.001499  0.015529 -0.004569 -0.039849 -0.021314]
('Mean', 1, ': ', -0.99345937599579848)
('Median', 1, ': ', -0.99345937599579848)
('Variance', 1, ': ', 0.0)
('Mean', 2, ': ', -0.99634246470594734)
('Median', 2, ': ', -0.99634246470594734)
('Variance', 2, ': ', 0.0)
('Mean', 3, ': ', -1.0421504354987339)
('Median', 3, ': ', -1.0421504354987339)
('Variance', 3, ': ', 0.0)
('Mean', 4, ': ', -1.0105622598704542)
('Median', 4, ': ', -1.0105622598704542)
('Variance', 4, ': ', 0.0)
('Mean', 5, ': ', -1.0641357599834629)
('Median', 5, ': ', -1.0641357599834629)
('Variance', 5, ': ', 0.0)
('Mean', 6, ': ', -1.0532004801770776)
('Median', 6, ': ', -1.0532004801770776)
('Variance', 6, ': ', 0.0)
('time: ', 8143.549755096436)
