“Running plot script on a single CPU core”
[-1.027196 -1.105149 -0.57974  -1.145213 -0.608576 -0.464773  0.087207
 -0.038988 -0.07893  -0.132969 -0.12058  -0.144376  0.011403 -0.093284
 -0.023994  0.099753 -0.038727  0.052013 -0.104365  0.007499]
[-0.918698 -0.831295 -0.896742 -0.753364 -0.792957 -0.762046  0.077614
  0.024737 -0.024348 -0.014696  0.004009  0.003982  0.047097 -0.034236
  0.088729  0.044299  0.015387  0.070696 -0.022832 -0.010866]
[-1.236934 -0.956304 -0.896049 -1.05965  -1.020525 -0.995876 -0.202407
 -0.12628   0.113465 -0.075766  0.054863 -0.004301 -0.225312  0.023958
  0.007068 -0.071171  0.003388 -0.332147 -0.057926 -0.07921 ]
[-0.710452 -0.884787 -1.203849 -0.449522 -0.586047 -0.917272  0.124538
  0.042344 -0.04373  -0.078646  0.113887 -0.079522  0.049763  0.120534
  0.139017  0.044108 -0.054113  0.208826 -0.045183 -0.02493 ]
[-0.724566 -0.699308 -0.864532 -0.616134 -0.704236 -0.660694  0.135924
 -0.003308 -0.112603  0.007128  0.00787  -0.071725  0.146862 -0.048722
  0.040256  0.195184 -0.034803  0.127626 -0.011383 -0.00615 ]
[-0.930214 -0.730542 -0.821042 -0.760341 -1.015168 -0.72515   0.039549
 -0.03099  -0.119331 -0.105076  0.043226 -0.085504  0.031355  0.046675
 -0.028407  0.097226 -0.11028   0.020415  0.035691  0.016573]
[-1.225865 -1.076555 -0.991268 -1.130586 -1.079533 -1.008159  0.099639
 -0.071093 -0.013095  0.084238 -0.049387 -0.084811  0.045788 -0.061576
 -0.02675   0.066421 -0.078748  0.103595  0.093197 -0.038428]
[-0.900099 -0.962974 -0.667235 -0.778152 -0.67859  -0.709026  0.145388
  0.07404   0.007009  0.042061 -0.033012  0.050468  0.010152 -0.062305
  0.051731 -0.049895  0.082117  0.210717  0.010481 -0.011398]
[-0.945658 -0.834494 -0.563772 -0.757784 -0.650012 -0.581761  0.03172
  0.18493   0.00823  -0.106651  0.085291 -0.094166 -0.052518  0.12118
  0.165082 -0.007488 -0.027502 -0.021415  0.095147  0.014963]
[-0.831695 -0.769941 -0.925524 -0.748377 -0.84945  -1.015754  0.106013
  0.098834 -0.072612 -0.029316  0.064131 -0.145731  0.158788  0.09632
  0.041403  0.164747  0.036621  0.140758  0.023541  0.054388]
[-0.851489 -0.902816 -0.819816 -0.96707  -0.77735  -0.872679 -0.11277
  0.023081 -0.107574 -0.154163 -0.136937 -0.099853  0.019051 -0.156208
  0.010758  0.048117 -0.144222 -0.010054  0.053383  0.031765]
[-1.024041 -1.330806 -1.172781 -0.983534 -0.73254  -1.345405 -0.015924
 -0.032657  0.078874  0.029613 -0.094323  0.055817  0.027579 -0.142364
  0.013373  0.007671  0.071326 -0.041111  0.040483  0.002424]
[-0.949723 -0.870979 -0.941052 -0.777532 -0.981639 -0.869525  0.082474
 -0.02504   0.037938  0.051483 -0.057311  0.027471 -0.131577 -0.074818
 -0.049962 -0.157686  0.080989  0.123163 -0.065778  0.01211 ]
[-0.636901 -0.681099 -0.590218 -0.625568 -0.482482 -0.531283  0.045382
 -0.065099 -0.067279 -0.022397 -0.059399 -0.066368 -0.101357 -0.038376
 -0.08629  -0.083949  0.024345  0.028983 -0.010508  0.008292]
[-1.113063 -0.91685  -1.131419 -1.091182 -1.067178 -0.699082 -0.109911
  0.243634  0.212506  0.07794  -0.160474  0.190603 -0.070344 -0.236625
  0.413957  0.084657  0.146587 -0.295742  0.038645 -0.016959]
[-0.740976 -0.662891 -0.728964 -0.757124 -0.92437  -0.754966  0.015621
  0.278585  0.039069  0.02555   0.099777  0.029741  0.141333  0.02386
  0.252803  0.185609  0.040736 -0.021024  0.042945 -0.009266]
[-0.928097 -0.971383 -0.591951 -0.776331 -0.461264 -0.471503 -0.081007
  0.051726  0.085281 -0.337589  0.113703  0.098289 -0.007625  0.08956
  0.075792 -0.049965 -0.275085 -0.136697 -0.059035 -0.00955 ]
[-0.99073  -0.880814 -0.798139 -1.050078 -0.95001  -0.869262 -0.071843
 -0.022075  0.149168 -0.083387 -0.005564  0.129777 -0.119053 -0.065149
 -0.095678 -0.088875 -0.09739   0.011994 -0.010025  0.016773]
[-0.636086 -1.246355 -1.25214  -0.643903 -0.570324 -1.191192  0.176742
  0.00539  -0.207194 -0.209641 -0.047681 -0.072153 -0.024132  0.055208
  0.006745  0.071874 -0.098486  0.1065   -0.036913 -0.009237]
[-0.986844 -1.429208 -1.411632 -0.778141 -0.602077 -1.383885 -0.003796
  0.011738 -0.037155  0.290973 -0.029687 -0.16705   0.167229 -0.036183
 -0.004717  0.098204  0.359043 -0.092041  0.024337  0.029469]
[-0.8286   -0.824053 -0.699543 -0.958956 -0.823167 -0.947577 -0.047647
  0.125194 -0.037034 -0.057691 -0.169092 -0.014312 -0.030729 -0.196577
  0.079387 -0.04358  -0.098759  0.004478  0.049554  0.039294]
[-1.180724 -0.717611 -0.957802 -0.824688 -0.994483 -0.566484 -0.053861
  0.011683  0.025515  0.138954 -0.069624 -0.001475  0.107828 -0.074379
 -0.004441  0.12284   0.105151 -0.122133  0.03864  -0.032734]
[ -9.300295e-01  -8.995785e-01  -9.576757e-01  -8.359522e-01  -8.847049e-01
  -9.234218e-01  -2.740482e-02   9.533048e-04  -2.631744e-02   5.162353e-02
   4.137451e-02  -3.150623e-02   5.452237e-02  -1.594882e-02  -2.646753e-02
   7.429227e-03   9.520127e-02  -6.490388e-02   3.227385e-02  -1.866287e-02]
[ -7.799271e-01  -8.247698e-01  -5.570341e-01  -7.367743e-01  -6.100652e-01
  -6.580193e-01  -7.078696e-02  -1.966967e-02  -6.379925e-02   5.967442e-02
   3.460742e-02  -4.478546e-02   3.314029e-04   2.176450e-02  -1.185425e-02
   9.883721e-03   4.313584e-02  -3.014091e-02   3.454711e-02   8.700519e-03]
[-1.007619 -0.873569 -0.90685  -0.800742 -1.015036 -0.587416  0.263381
  0.057732 -0.036365 -0.106255 -0.108665 -0.145657 -0.064198 -0.154121
  0.072979 -0.08746  -0.029485  0.240142 -0.009805 -0.089273]
[-1.024964 -0.819197 -0.950568 -0.910211 -1.132673 -0.795352 -0.036541
 -0.065833 -0.146427  0.016798 -0.034639 -0.202074 -0.020674  0.015464
 -0.083431 -0.10042  -0.016247  0.047429  0.0702    0.082156]
[-0.851464 -1.083843 -0.804784 -0.887144 -0.566893 -0.625464  0.107755
  0.029616 -0.153779  0.079906  0.046548 -0.105797  0.009768  0.036879
  0.041304 -0.061699  0.124684  0.125723 -0.02681   0.036779]
[-1.139522 -1.24668  -1.073705 -1.109207 -0.975691 -1.226219  0.004881
 -0.029988  0.117533 -0.274641  0.001794  0.134473  0.137918 -0.059543
  0.005627  0.112437 -0.149316 -0.07616  -0.023856 -0.053642]
[-0.869243 -0.548955 -0.59409  -0.910765 -0.946338 -0.579859 -0.068
  0.073735  0.024869 -0.010204  0.053172  0.063503 -0.119885  0.085799
  0.071326 -0.189151  0.017458 -0.076742  0.026798 -0.021908]
[-0.746262 -0.708321 -0.744564 -0.654734 -0.569023 -0.52532   0.040677
 -0.095325  0.002201 -0.091858  0.044996  0.06351   0.022682 -0.034835
 -0.046372  0.011416 -0.095165  0.132874  0.018486  0.004339]
[-0.996599 -0.817669 -0.717019 -0.917774 -0.849451 -0.812984  0.000997
 -0.163601  0.027111  0.082378  0.02274   0.086861  0.078689  0.025495
 -0.077966  0.068858  0.027917 -0.033376  0.039738  0.005747]
[-0.948272 -0.752137 -0.7619   -1.071167 -1.119155 -0.785703 -0.00666
  0.115196 -0.002139  0.005446 -0.070909  0.036849  0.138911 -0.12844
  0.173486  0.167267 -0.006322 -0.009712  0.005286  0.003576]
[-0.817553 -0.931044 -0.906799 -0.559471 -0.677581 -0.834256 -0.163652
  0.012974  0.006914  0.102702 -0.002844  0.110685 -0.03662   0.0147
  0.005544 -0.055625  0.05329  -0.144312 -0.032639  0.02392 ]
[-0.991538 -0.791351 -0.908301 -0.848612 -0.971657 -0.8415   -0.063254
 -0.039902 -0.065991 -0.025321 -0.145783 -0.058646  0.058418 -0.19003
 -0.022336  0.04583  -0.027106 -0.119097 -0.016434  0.00881 ]
[-1.064494 -0.877825 -0.602829 -0.999269 -0.846034 -0.679747  0.127939
  0.106184  0.025378 -0.016858 -0.047401  0.076743 -0.02157  -0.080421
  0.095648 -0.054567  0.036944  0.101921 -0.034464 -0.038731]
[-1.012274 -0.852148 -0.907652 -0.771665 -0.800208 -0.708463 -0.106977
 -0.015918 -0.05494   0.101031  0.083992 -0.099962 -0.100617  0.002694
 -0.004518 -0.114079  0.089238 -0.188219  0.08965   0.020393]
[ -8.259785e-01  -9.005437e-01  -7.570287e-01  -9.822234e-01  -7.584071e-01
  -8.247929e-01   5.333288e-02  -2.334714e-02   2.747080e-02  -1.224021e-02
   1.333200e-02  -8.397692e-02   9.990874e-02  -1.678012e-03   2.548773e-02
   7.682642e-02  -4.228687e-04   5.960125e-02   1.913452e-02  -1.068619e-02]
[ -8.184962e-01  -8.699211e-01  -7.474168e-01  -8.571804e-01  -7.969414e-01
  -7.567420e-01   6.771824e-02  -1.050158e-01   7.665044e-02  -3.527985e-02
  -2.810799e-02   5.339416e-02   2.295405e-02  -6.485621e-02  -1.535387e-01
  -7.513716e-03  -3.990338e-03   2.806596e-04  -3.238496e-02  -2.730634e-02]
[-1.025412 -0.937751 -0.334704 -0.913494 -0.316439 -0.399584  0.134509
 -0.005535 -0.061493 -0.079983  0.10226  -0.062675  0.029359  0.097083
  0.009443  0.024546 -0.079938  0.055547 -0.016     0.054586]
[ -9.020636e-01  -8.919308e-01  -9.232907e-01  -8.950651e-01  -9.100621e-01
  -1.000600e+00  -1.387571e-02   4.754387e-03   1.092544e-01   7.516055e-02
   3.094484e-02   1.156870e-01   4.741046e-02   3.765359e-02   8.086958e-04
   5.353314e-02   6.337184e-02  -5.638739e-02  -3.544545e-02  -8.243573e-03]
[-0.757625 -0.837801 -0.740296 -0.713406 -0.688508 -0.651409 -0.044477
 -0.010122 -0.131244  0.094534  0.126816 -0.043423 -0.060485  0.216034
 -0.061144 -0.090176  0.102177  0.016851  0.015499  0.010177]
[ -8.978887e-01  -7.264323e-01  -7.626910e-01  -6.491539e-01  -7.298430e-01
  -5.860280e-01   4.778033e-02  -7.228530e-02   8.600645e-02  -1.544158e-02
  -5.135085e-03   8.220572e-02  -1.142448e-01   9.592271e-03  -1.084822e-01
  -1.275014e-01  -1.072690e-02   5.272266e-02   3.333949e-04   3.056141e-02]
[ -8.451471e-01  -9.480157e-01  -8.903672e-01  -8.447600e-01  -9.320199e-01
  -8.294080e-01  -2.966061e-03  -1.594684e-01   1.490945e-02   8.233830e-02
   2.789974e-02   2.297641e-02  -4.555086e-02   3.340641e-02  -1.866736e-01
  -7.186205e-02   5.899603e-02  -1.720436e-01  -9.027498e-04   2.718991e-02]
[-0.858802 -0.82695  -0.629379 -0.920254 -0.65239  -0.723281  0.01855
 -0.118367 -0.073739 -0.033509  0.160071  0.033857  0.207139  0.2167
 -0.127626  0.145685  0.008962  0.018488  0.067464  0.039237]
[-0.968983 -0.989593 -1.073657 -0.702413 -0.715295 -0.758455 -0.048778
 -0.021068 -0.075762 -0.024135  0.025619 -0.096913 -0.067292 -0.008787
 -0.071107  0.005645  0.025587 -0.006924 -0.019799 -0.017442]
[-1.149152 -1.0316   -0.815031 -0.903979 -0.789216 -0.831095 -0.03048
 -0.039358 -0.077757  0.029304 -0.04502  -0.090277  0.026497 -0.053347
  0.002519  0.021663 -0.011696 -0.043616  0.070126  0.004951]
[-0.82636  -0.987089 -0.798248 -0.865537 -0.684387 -0.727316  0.040504
  0.088527  0.007747 -0.008873  0.072847  0.009128  0.035568  0.080485
  0.074123 -0.010707 -0.037648  0.032196  0.044189 -0.008023]
[-0.997589 -0.967107 -0.766565 -1.157835 -0.932377 -0.950341 -0.123532
 -0.086863  0.088015 -0.089007 -0.147954  0.07654   0.022016 -0.24974
 -0.124243 -0.003916 -0.076577 -0.093014  0.007687  0.026298]
[-1.205339 -1.2292   -1.274352 -1.066297 -1.084623 -1.243485 -0.128049
  0.019757  0.002646  0.068359 -0.040342 -0.081694  0.105421 -0.097971
  0.091414  0.007734  0.130281 -0.225465 -0.044397 -0.038524]
[-0.765462 -0.724061 -0.718054 -0.726442 -0.829657 -0.688958  0.042238
  0.108615  0.034166 -0.133506 -0.08529  -0.044126 -0.003134 -0.089863
  0.087577  0.053207 -0.118625  0.108848 -0.019152  0.020661]
[-0.703085 -0.655427 -0.520414 -0.726567 -0.64382  -0.535577  0.106264
 -0.024868  0.01114  -0.01107   0.043831 -0.006193 -0.057374  0.021517
 -0.032369 -0.020529 -0.058147  0.082526  0.032615  0.024427]
[-1.273809 -1.274041 -1.067806 -1.287869 -1.088002 -1.304183 -0.066836
 -0.154513 -0.18122   0.064482  0.045704 -0.193229  0.033587  0.154043
 -0.102951  0.012797  0.032789 -0.079474  0.03257  -0.014349]
[-0.984835 -0.494556 -0.669939 -0.55083  -0.795626 -0.370454  0.084774
 -0.094092  0.050688  0.089683 -0.020557  0.068673 -0.056447  0.045951
 -0.127713 -0.077525  0.079031  0.046893 -0.009733  0.001264]
[-0.635773 -0.677686 -0.58532  -0.620475 -0.292048 -0.385048 -0.024097
 -0.012229 -0.061228 -0.062381 -0.093519 -0.095846 -0.1049   -0.051533
 -0.007504 -0.072688 -0.122251 -0.053023 -0.035436  0.012421]
[-0.659042 -0.518427 -0.644722 -0.633723 -0.832878 -0.592708  0.089998
 -0.075567  0.050055 -0.089951 -0.025846  0.006771 -0.074044 -0.086377
 -0.114276 -0.027167  0.034587  0.155663 -0.001406  0.02014 ]
[-0.984295 -1.019055 -0.872427 -1.013313 -0.982999 -0.916358  0.00685
  0.072731  0.005669  0.079142 -0.156966 -0.025869 -0.061273 -0.149564
  0.083976  0.007226  0.075752 -0.019515 -0.026551 -0.017259]
[ -8.209591e-01  -9.206514e-01  -5.834529e-01  -7.996487e-01  -4.511196e-01
  -4.437115e-01   5.867837e-02   2.267731e-02  -6.063007e-02   5.230911e-02
   4.373189e-03  -5.804980e-02  -1.511471e-01  -2.300478e-02   2.775858e-04
  -1.587841e-01   5.037353e-02   4.943752e-02  -2.595087e-03   7.399081e-03]
[-1.145776 -1.036416 -0.870299 -1.042147 -0.931187 -0.790128 -0.064377
 -0.100278 -0.02449  -0.142423 -0.014943 -0.028403  0.051935 -0.076767
 -0.085921 -0.004076 -0.124303 -0.070221  0.039462  0.006996]
[ -6.738926e-01  -8.075663e-01  -4.363518e-01  -7.317088e-01  -4.934842e-01
  -5.085706e-01  -3.597286e-03   1.843706e-02  -1.395598e-01  -1.233944e-01
  -2.758900e-01  -1.036565e-01   5.290572e-02  -2.033509e-01  -3.276625e-02
  -4.988712e-04  -8.148563e-02  -1.857578e-02  -3.571217e-02  -2.382875e-04]
[-0.950807 -0.784122 -0.763907 -0.893424 -0.934441 -0.656639 -0.069657
  0.003559  0.070936  0.009635 -0.042484  0.027572  0.030065 -0.01524
 -0.058491 -0.004925  0.046589 -0.054367 -0.011866 -0.014102]
[ -8.703684e-01  -1.184843e+00  -1.049948e+00  -9.101571e-01  -7.333095e-01
  -8.924147e-01  -6.386580e-02  -3.625807e-04   1.868222e-01  -9.757265e-03
   1.884098e-01   1.426071e-01   6.855459e-02   3.518311e-01   6.225784e-02
   1.028538e-01  -2.367590e-02  -7.719552e-02  -6.155862e-02  -3.545628e-02]
[ -1.024356e+00  -1.173079e+00  -8.622823e-01  -1.200390e+00  -1.082023e+00
  -1.149936e+00  -1.426685e-02  -9.250191e-02   5.331192e-02   7.106465e-02
  -1.631928e-02   6.305389e-02  -7.247367e-02  -5.709552e-02   1.797972e-02
  -3.193657e-02   2.163090e-02  -8.216012e-02   2.170726e-02  -9.846027e-04]
[ -9.555284e-01  -9.218207e-01  -4.552500e-01  -8.862041e-01  -5.415542e-01
  -3.714538e-01  -1.326178e-01   1.065359e-01  -5.334215e-02   5.372429e-02
  -1.603141e-01  -4.549856e-02  -1.692463e-01  -4.305916e-02   5.792131e-03
  -1.156312e-01  -3.925172e-02  -1.116411e-01  -2.189839e-03  -2.209696e-04]
[-0.968777 -0.924882 -0.724586 -1.082218 -0.824281 -0.735173 -0.053355
  0.042228 -0.10552  -0.105754 -0.17055  -0.121218  0.111989 -0.170107
  0.060272  0.120042 -0.136368  0.062325  0.06304   0.029775]
[-1.237725 -1.512934 -1.207138 -0.965931 -1.052736 -1.214702  0.016783
  0.079874 -0.141396  0.194162 -0.190664 -0.018347 -0.100774 -0.183951
  0.097365 -0.052687  0.181208 -0.058955 -0.034327  0.004434]
[-0.872825 -0.978443 -0.728923 -0.974353 -0.791824 -0.778634  0.077478
  0.060974 -0.03221  -0.036111  0.01508  -0.051406 -0.009578  0.050089
  0.066508 -0.092105 -0.018785 -0.007556  0.006589  0.028767]
[ -1.023750e+00  -9.044750e-01  -1.043323e+00  -8.391360e-01  -8.730516e-01
  -9.122892e-01   1.276436e-01  -2.399464e-02  -4.380240e-02   6.700563e-02
  -1.057408e-02  -5.308988e-02  -1.082368e-01   6.793598e-02  -5.180430e-03
  -7.107726e-02   1.016946e-01   2.640146e-01   7.860862e-04   1.040160e-02]
[-0.473568 -0.747502 -0.252176 -1.131731 -0.476658 -0.680832  0.044887
 -0.016874 -0.154616  0.034596 -0.183722 -0.032853 -0.107804 -0.333667
 -0.021948 -0.091104  0.284507  0.026698  0.023527  0.019899]
[-0.880911 -0.904079 -0.668947 -0.90551  -0.647196 -0.720372  0.010343
 -0.079147  0.004329  0.084914  0.06323  -0.009348 -0.051162  0.075835
 -0.098037 -0.079273  0.084116 -0.07537  -0.034714 -0.025626]
[-1.065699 -1.131002 -1.006228 -1.011104 -1.048201 -0.995356  0.043501
  0.002618  0.054327  0.034204  0.096764  0.052984 -0.026611  0.104773
  0.027828 -0.011499  0.064612  0.086719 -0.028328  0.004846]
[-1.030457 -0.909203 -0.593505 -0.952348 -0.730446 -0.660716 -0.019139
  0.102636 -0.069362 -0.092095 -0.190224 -0.036231 -0.085882 -0.158271
  0.128948  0.007924 -0.103769  0.034547  0.031283 -0.005525]
[-0.789457 -0.651204 -0.594761 -0.666134 -0.583284 -0.502181 -0.018004
  0.05629  -0.021263  0.035492  0.020509 -0.021259  0.086079  0.074032
  0.07212   0.125731 -0.011317  0.025361  0.052166  0.001907]
[-0.875518 -0.925614 -1.102876 -0.684477 -0.929111 -1.205603 -0.095649
 -0.115856  0.197745  0.015361  0.081819  0.221828 -0.043333  0.072811
 -0.10735   0.005203  0.074676 -0.028275  0.006187 -0.079507]
[-0.85939  -0.878391 -0.770706 -0.703522 -0.587827 -0.733716 -0.044735
 -0.075499  0.013902 -0.176488 -0.02161  -0.033432  0.210583 -0.158602
 -0.008831  0.111703 -0.117737  0.018481 -0.001416  0.021564]
[-0.912683 -0.866797 -0.706819 -1.222277 -0.930212 -1.015967  0.033015
 -0.159315  0.004838  0.166921 -0.243081  0.045468 -0.06989  -0.275886
 -0.112817 -0.054586  0.183463  0.05726  -0.002193  0.011795]
[-0.83919  -0.781596 -0.927605 -0.840107 -1.009309 -1.036689 -0.092973
  0.038704  0.052626 -0.055465 -0.005446  0.054464  0.017461 -0.004703
  0.040872  0.001088 -0.055915 -0.079972 -0.015061 -0.010529]
[-0.828016 -0.575135 -0.667359 -0.740763 -0.886562 -0.641902  0.015848
 -0.07122   0.028506  0.069233  0.038342  0.029487  0.012026  0.064606
 -0.044051  0.027772  0.056097  0.03321   0.007853  0.008193]
[-1.426002 -1.339246 -1.428873 -1.324689 -1.227772 -1.21424   0.036451
  0.053544 -0.035091 -0.067913 -0.071284 -0.041325 -0.079423 -0.038643
  0.075434 -0.056423  0.03859  -0.007943 -0.027193 -0.047437]
[-0.960555 -1.09373  -0.970942 -0.992024 -0.971635 -0.992088 -0.132265
 -0.106415 -0.072768  0.077414  0.001329 -0.092771 -0.057596 -0.027515
 -0.148144 -0.01801   0.029152 -0.093339  0.057737 -0.012212]
[-0.950045 -0.932626 -1.000643 -0.897796 -0.913059 -0.94139  -0.070793
 -0.093077  0.036901  0.091888 -0.01087   0.03328  -0.102353  0.046067
 -0.100163 -0.126076  0.049865 -0.117425  0.017986  0.005704]
[-1.084932 -1.199549 -1.220974 -1.079838 -0.839039 -0.959888 -0.106229
  0.059464  0.166203  0.032898  0.033048  0.211415 -0.096811  0.013332
  0.050911 -0.158417 -0.020556 -0.22644  -0.003505  0.044739]
[-0.960572 -0.975104 -0.886785 -0.874198 -0.742918 -0.864343 -0.007112
  0.026461  0.008461  0.028905  0.026218  0.01757  -0.011309  0.043347
  0.014282 -0.046333  0.026188 -0.019815  0.02885  -0.039041]
[-0.896651 -1.166114 -1.111299 -0.764661 -0.747547 -1.058606  0.027454
  0.072301  0.034412  0.030142  0.109816  0.033202  0.030586  0.087048
  0.026547  0.042351  0.023704 -0.01832   0.042123  0.00722 ]
[-0.963473 -0.753914 -0.761325 -0.906652 -0.836192 -0.779871 -0.050571
  0.012627 -0.006981  0.004755  0.099544  0.013858 -0.034385  0.108879
  0.00183  -0.046984 -0.026012  0.003956  0.006391 -0.016618]
[-0.790834 -0.820204 -0.873637 -0.710026 -0.765565 -0.749276 -0.017915
 -0.081356  0.094353  0.05843  -0.09354   0.067083 -0.031007 -0.107015
 -0.057235 -0.079265  0.056698 -0.064057 -0.048208  0.010275]
[-0.908528 -0.457768 -0.696143 -0.399956 -0.76072  -0.29465   0.096483
 -0.100523  0.058701 -0.107641 -0.029898  0.121546 -0.168778 -0.055507
 -0.098535 -0.215123 -0.00607   0.086931  0.040361  0.050801]
[-0.910876 -0.732953 -0.749232 -0.778199 -0.949815 -0.692254  0.054028
  0.01814  -0.052565  0.069377 -0.04591  -0.109566  0.00589  -0.060036
  0.007663 -0.018502  0.075042  0.063244  0.063985  0.026305]
[-0.901819 -1.055909 -0.959164 -0.91491  -0.939587 -1.17899  -0.076068
 -0.120975  0.103968 -0.08662   0.124268  0.135406  0.004769  0.179594
 -0.121854 -0.04765  -0.088282 -0.090087  0.022679 -0.00668 ]
[-0.81613  -0.832773 -0.700394 -0.718321 -0.745539 -0.818332 -0.073632
 -0.016422  0.049779 -0.100777  0.105118  0.052908 -0.031251  0.10471
 -0.016698 -0.071115 -0.120251 -0.146351 -0.023179 -0.012909]
[-1.368914 -0.799438 -0.789041 -1.122018 -1.260297 -0.768749  0.021994
  0.007046  0.154364  0.081237 -0.127356  0.028824  0.0624   -0.069092
  0.050998  0.016313  0.114101 -0.074168  0.061382 -0.033882]
[-1.034419 -1.193567 -0.942591 -1.212266 -1.011674 -1.170544  0.024179
  0.001239 -0.099001 -0.122012  0.039986 -0.100352  0.002977  0.046614
 -0.034463  0.15206  -0.100717  0.07586   0.025464  0.018884]
[-1.143872 -1.010376 -0.876064 -1.087368 -1.032984 -1.008105  0.018964
  0.028752 -0.063841 -0.088916 -0.083586 -0.053737 -0.065036 -0.161786
  0.028849 -0.089004 -0.154813 -0.006346  0.019288 -0.034745]
[-1.105828 -0.915983 -1.1343   -0.874572 -1.037063 -1.045876  0.006597
  0.001957  0.002875 -0.049826 -0.009469 -0.019224 -0.116549  0.022225
  0.067943 -0.095895 -0.02703  -0.014892  0.060259  0.030241]
[-0.886893 -0.941301 -0.729564 -0.900275 -0.65512  -0.770663  0.018003
  0.140826 -0.005219  0.023129  0.082453 -0.067723  0.002603  0.08825
  0.099842 -0.037608 -0.016648  0.036433 -0.036583 -0.017941]
[-1.012372 -0.915144 -0.796199 -1.01012  -0.881708 -0.702098 -0.051098
  0.122507  0.07291  -0.011033 -0.091673  0.092913  0.141726 -0.054736
  0.083884  0.152945  0.072904  0.017593 -0.071951 -0.016856]
[-1.083872 -0.887046 -0.942255 -0.856651 -0.84856  -0.665274  0.088557
 -0.100599 -0.148178 -0.01869   0.050714 -0.108837  0.116456  0.091319
 -0.067557  0.032542  0.020336  0.173275  0.136174 -0.007535]
[-0.834115 -0.839401 -0.600071 -0.811582 -0.56826  -0.606926  0.054163
 -0.004777 -0.046274 -0.073356 -0.032993 -0.108965 -0.078908 -0.09124
  0.013282 -0.122862 -0.051073  0.107905  0.033892 -0.010212]
[-0.921667 -1.25427  -0.744732 -1.004868 -0.645544 -0.886626 -0.064796
 -0.102489 -0.016757  0.047647  0.001925  0.031754  0.041614 -0.010655
 -0.097805  0.068714  0.032975 -0.044669 -0.039315  0.011011]
[-0.790109 -0.791135 -0.888016 -0.618517 -0.629335 -0.790643  0.061586
  0.056409  0.114386  0.068728  0.043781  0.121906 -0.02541   0.060847
 -0.019264 -0.026007  0.072073  0.042037 -0.050088  0.001506]
[-1.09285  -0.924524 -0.910911 -0.823259 -0.682719 -0.699355 -0.086287
 -0.070422  0.027286 -0.061593 -0.034049  0.01437  -0.110975 -0.035148
 -0.030875 -0.059029 -0.129957 -0.06115   0.009799  0.033331]
('Mean', 1, ': ', -1.0928496648256076)
('Median', 1, ': ', -1.0928496648256076)
('Variance', 1, ': ', 0.0)
('Mean', 2, ': ', -0.92452402772366993)
('Median', 2, ': ', -0.92452402772366993)
('Variance', 2, ': ', 0.0)
('Mean', 3, ': ', -0.910910915600044)
('Median', 3, ': ', -0.910910915600044)
('Variance', 3, ': ', 0.0)
('Mean', 4, ': ', -0.82325870841126292)
('Median', 4, ': ', -0.82325870841126292)
('Variance', 4, ': ', 0.0)
('Mean', 5, ': ', -0.68271892941276535)
('Median', 5, ': ', -0.68271892941276535)
('Variance', 5, ': ', 0.0)
('Mean', 6, ': ', -0.6993554317698073)
('Median', 6, ': ', -0.6993554317698073)
('Variance', 6, ': ', 0.0)
('time: ', 8313.010712146759)
