“Running plot script on a single CPU core”
[-0.12137   0.115972  0.250714  0.312507  0.058675  0.214067  0.320986
 -0.260269  0.319251 -0.241722  0.319011 -0.619519  0.107313 -0.799202
  0.293517  0.307748  0.321909  0.027391 -0.348011 -0.080779]
[ 0.251586 -0.311162  0.047187  0.042048  0.307904 -0.997488  0.333166
  0.333029  0.325786  0.233456  0.167456 -0.50373   0.004713 -0.005969
 -0.767977  0.140107 -0.784611  0.322894  0.268792  0.327875]
[ 0.327779  0.276934 -0.942919  0.261504  0.32682  -0.599419  0.234343
  0.246205  0.31152   0.298231  0.333112 -0.563089  0.273809  0.20684
  0.22478   0.186672 -0.978872  0.147422  0.197642  0.3206  ]
[ 0.223917 -0.043885 -0.999538  0.279257  0.325939 -0.007818  0.1483
 -0.555681  0.050796 -0.480977 -0.092316  0.121521  0.327748  0.283456
  0.320111  0.234921  0.147797 -0.998676  0.306602  0.332792]
[-0.872099  0.293685 -0.288827 -0.278151  0.319368  0.31023   0.117361
  0.198754 -0.588779  0.328688  0.331265 -0.303728  0.255946 -0.596814
  0.330723  0.297351 -0.02986   0.248153  0.203721  0.303482]
[-0.295873  0.27005   0.030988 -0.006733  0.324479 -0.037466  0.326305
  0.317529  0.32066   0.242342  0.330911  0.202785 -0.519298  0.161739
 -0.292657  0.009844 -0.902799  0.23803   0.125959  0.190477]
[ 0.2987    0.326031  0.307804  0.28372   0.319445  0.282987  0.242159
 -0.160226 -0.476949  0.317074  0.066416  0.29675   0.317717  0.076565
  0.319049  0.155918  0.323382  0.163545  0.267371  0.33333 ]
[-0.990515  0.320152 -0.38769   0.33084   0.329441  0.311828 -0.894834
  0.319373 -0.242114  0.284303 -0.998254 -0.643333  0.331915  0.153967
  0.278061  0.015522  0.313206 -0.09704  -0.459683 -0.691518]
[ 0.256677 -0.002771  0.036408  0.157997 -0.198917 -0.012113  0.326689
 -0.049166  0.139691  0.081598  0.331059 -0.565193 -0.071244  0.332429
 -0.094096 -0.197739  0.120393  0.1043    0.192235  0.1583  ]
[-0.223285  0.222934 -0.983016  0.252808 -0.397205  0.27584  -0.744275
  0.267948 -0.281592 -0.265754  0.333193 -0.465812  0.055199  0.136471
  0.248931  0.230523  0.32874   0.327882  0.314615 -0.053904]
[ 0.287089  0.19635  -0.147732 -0.278842 -0.92512   0.29488   0.330658
  0.257236  0.28483   0.331053  0.147821  0.117764  0.203067  0.11198
  0.152481 -0.999599  0.317889 -0.33019  -0.966017  0.330407]
[ 0.33283  -0.711333  0.287304  0.016526  0.240092  0.159551  0.324431
  0.014784  0.333145  0.284507  0.190186  0.296768 -0.13008   0.016776
  0.091812  0.066579  0.33147  -0.910308  0.308567 -0.187874]
[ 0.275872 -0.992723 -0.288285  0.305112  0.186174  0.054619  0.329174
 -0.976761 -0.834755 -0.617168 -0.652375  0.177426 -0.123799  0.250183
  0.289461 -0.972387  0.03007   0.331231  0.333312  0.33331 ]
[ 0.177744  0.327696  0.222613  0.331896  0.270361 -0.999333 -0.975911
  0.165604 -0.11323   0.196395  0.305949  0.333333 -0.362086  0.136805
 -0.068766  0.286747  0.069588 -0.63014   0.112806  0.259298]
[ 0.194689 -0.306682  0.299047  0.328758 -0.025296 -0.719215  0.1864
  0.055568  0.318182 -0.008452 -0.154024  0.333302  0.209051 -0.791263
  0.152797 -0.329969  0.25768  -0.587727 -0.394672  0.325206]
[-0.004131 -0.609042  0.087149 -0.177509 -0.020277  0.312453  0.0839
  0.305051  0.314848  0.310125 -0.687175  0.289582 -0.025531 -0.837257
  0.035645  0.323509  0.102738  0.311943  0.047581  0.329964]
[ 0.115273  0.182395  0.300353 -0.927606  0.302956  0.321115  0.332167
  0.317475 -0.121872  0.309013  0.165947  0.332001  0.326256  0.177088
  0.23961   0.070179 -0.03973  -0.258336  0.264431  0.074249]
[ 0.332597 -0.90325  -0.967245 -0.438332  0.330375  0.255846  0.18726
 -0.177388  0.004455 -0.04692  -0.409149  0.232899  0.313448  0.303473
  0.332176  0.314141  0.206698  0.333244 -0.412642  0.11294 ]
[ 0.134663  0.31507   0.297321 -0.071384 -0.736767 -0.261743  0.285703
  0.303366  0.295662  0.226131  0.150149  0.288481 -0.954256  0.180138
  0.309228  0.063588  0.315781  0.316133  0.135848  0.289867]
[-0.266669  0.115924 -0.276609 -0.461594 -0.213724  0.333039  0.304347
  0.179609 -0.098966 -0.630748 -0.266063  0.281726  0.333272  0.106408
 -0.853306  0.28536   0.3311   -0.016167 -0.894426  0.161293]
[ 0.332056  0.14679  -0.009223 -0.450922 -0.103494  0.238871  0.306389
  0.286328 -0.792248  0.290276  0.250353 -0.339816  0.046575  0.311471
  0.329502  0.27162  -0.76311   0.224784 -0.54565   0.33172 ]
[ 0.321701  0.332662 -0.086275 -0.021889 -0.450904  0.324336 -0.294563
 -0.460582  0.332951  0.215823  0.314796  0.30594  -0.325671  0.289706
  0.090256  0.056696  0.107298  0.314971 -0.018527 -0.982214]
[ 0.04456   0.331769 -0.415029  0.064097  0.023285  0.253727 -0.70957
  0.304602 -0.581048  0.303839  0.3267    0.333333  0.32907   0.215064
 -0.269071 -0.120642 -0.627824 -0.999274  0.270042  0.005723]
[-0.267654  0.287661  0.130976  0.313849  0.323972  0.20408   0.304419
  0.333157 -0.57955  -0.997131 -0.197616 -0.938319  0.159006 -0.687367
  0.289539  0.2968    0.024164 -0.529317 -0.094604 -0.835607]
[ 0.176386 -0.918894  0.327526 -0.44223  -0.999696  0.255279  0.224789
 -0.270364 -0.968501  0.03417   0.308134  0.174825  0.332818  0.048595
 -0.11078  -0.066994 -0.953412  0.292162  0.245576  0.129018]
[ 0.303613  0.301239  0.249432  0.163454  0.220057  0.102479  0.171843
  0.128771 -0.601506  0.218272  0.312107  0.317439  0.199532  0.324797
  0.171974 -0.638861  0.275351  0.327237  0.301952 -0.224975]
[-0.164572 -0.578     0.285664  0.276881  0.283587 -0.207724 -0.999249
 -0.080176  0.332029 -0.163112 -0.750965  0.281449  0.333296  0.081388
  0.107377  0.321862 -0.36457  -0.4984   -0.425764  0.293707]
[ 0.278081  0.205167  0.186286 -0.9713    0.305479 -0.09923   0.115691
  0.061254 -0.245814 -0.768148  0.247295  0.331083  0.244206  0.314352
  0.292356  0.32875   0.180574  0.207784  0.24394  -0.716222]
[-0.920071  0.315272 -0.419405 -0.944087  0.332118  0.33221   0.093529
  0.235667 -0.353978  0.290391  0.249267 -0.066591 -0.214771 -0.126241
  0.249759 -0.287805  0.084403  0.27735   0.301225  0.333242]
[-0.997939 -0.515683 -0.315393  0.333329  0.013677 -0.870009  0.325816
 -0.324659  0.304317 -0.004996  0.203747  0.330913  0.320778  0.011127
  0.170353 -0.279318  0.3038   -0.083612 -0.357248  0.328961]
[-0.326058 -0.33589   0.332061 -0.101874 -0.904934  0.306817  0.184578
  0.139423  0.232063 -0.586471 -0.963526  0.26783   0.240987 -0.47364
 -0.780251  0.005742 -0.556881  0.333331  0.238109  0.243949]
[ 0.332299  0.33194   0.30973   0.21558   0.333326  0.330198 -0.814367
 -0.486316 -0.285265  0.333207  0.268108 -0.274271  0.325459  0.138028
  0.307153 -0.461747 -0.791996 -0.030301 -0.067813  0.333252]
[ 0.083632  0.187051  0.327225 -0.369721  0.116908 -0.295773  0.134774
  0.309335 -0.631397  0.314592  0.271601 -0.840547 -0.164196  0.110449
  0.28064   0.191366 -0.020922  0.320223  0.141095 -0.307476]
[ -2.054270e-01   2.019626e-01  -2.689547e-01  -7.608176e-01   3.262515e-01
   3.520237e-02  -4.491568e-03  -2.003781e-01   2.877960e-01   3.295064e-01
   2.085291e-01   2.528090e-01   2.282736e-01  -2.785158e-01  -2.028191e-01
  -9.082458e-01   3.141532e-01   3.242277e-01   1.161217e-01   7.128820e-04]
[-0.155999 -0.282355  0.320568  0.280018  0.261275 -0.994623  0.327511
 -0.736802 -0.073813 -0.999874 -0.925673  0.134206  0.253698  0.301321
 -0.819961  0.222765  0.249474  0.285843 -0.811303  0.254323]
[ 0.23288  -0.51494   0.159999 -0.043448 -0.76913   0.119365  0.326712
 -0.950669  0.318648 -0.757816  0.29187   0.328317  0.328183  0.128805
 -0.951704  0.323149  0.182491 -0.86898   0.152426 -0.99597 ]
[ 0.008815  0.182642  0.332383  0.333333  0.248818 -0.521961 -0.190268
  0.325802  0.084547 -0.610069  0.161492  0.187674 -0.055431 -0.576247
  0.136531  0.23612   0.093527  0.149674 -0.888184 -0.345079]
[ 0.038944  0.311164  0.328642  0.005099  0.315561  0.330275  0.329592
 -0.661122 -0.253523 -0.014861  0.332405 -0.789744  0.254069  0.026851
  0.266744  0.096182  0.324111  0.312456 -0.055456  0.075326]
[-0.182073  0.27434  -0.529544 -0.96006  -0.070227  0.312427  0.052538
 -0.060552 -0.942822 -0.222733 -0.450105  0.245968  0.106577  0.211395
 -0.745039  0.237583  0.288844 -0.554923  0.326927  0.138773]
[ 0.306049  0.128323 -0.024159  0.306143  0.317079  0.292565 -0.736882
 -0.104336 -0.025841  0.333122  0.1689   -0.005439 -0.054079  0.181346
  0.00702   0.029278  0.332099  0.247575  0.265845  0.159285]
[ 0.275754  0.28168  -0.011771  0.211303  0.075813  0.320517  0.296498
  0.193875  0.120369  0.252755 -0.989513 -0.939425  0.3332    0.003737
  0.2725   -0.122806  0.324486  0.238236 -0.18556  -0.026489]
[-0.19723   0.268325  0.050158  0.072714  0.324622  0.328851 -0.280771
  0.301306  0.326523  0.266538  0.320898  0.33323   0.29427   0.256198
  0.298531  0.171751 -0.532356  0.287308 -0.99788   0.231395]
[-0.206004  0.291501 -0.309593 -0.969315  0.291298  0.270288  0.312648
  0.290269  0.306273  0.285029  0.198301  0.218343 -0.38975  -0.085344
  0.30768   0.07416   0.299621 -0.346837  0.255326  0.291508]
[-0.950307 -0.054824  0.165065  0.178566  0.328763  0.042345  0.309001
  0.327904  0.333073  0.233201  0.287972  0.311353 -0.148027  0.256949
  0.324836 -0.169609  0.124358  0.316767  0.330485  0.289002]
[ 0.323823  0.11811   0.32626  -0.953941  0.333064  0.320834  0.32287
 -0.878237 -0.652624  0.247455  0.207307  0.093499  0.330573  0.278576
  0.190528 -0.003496  0.3127   -0.129202 -0.59407   0.323868]
[ 0.327242  0.332539  0.332619 -0.171448  0.11265   0.3317    0.314968
  0.258325  0.279723 -0.551973  0.180497  0.323919  0.332649  0.264134
 -0.193058 -0.07481   0.063072  0.308006  0.031208  0.292722]
[ 0.258051  0.324667  0.10365   0.297926 -0.039269 -0.707786  0.333325
 -0.794465 -0.796794 -0.440455  0.328779  0.329476  0.102574 -0.455294
  0.327231  0.298934  0.331411  0.288909 -0.824458  0.247382]
[ 0.190293  0.006795 -0.991674 -0.570815  0.211559 -0.707706  0.31824
  0.255539  0.042001  0.310223 -0.029094 -0.210155  0.319152  0.333095
 -0.033714  0.215325 -0.671608  0.324021 -0.964571  0.215225]
[-0.275391 -0.032293 -0.927027  0.229068  0.321412  0.120375 -0.682466
 -0.180911 -0.101265 -0.371135  0.110061  0.226337 -0.967952  0.281269
 -0.918458  0.290926  0.305518 -0.345525 -0.177885  0.28528 ]
[-0.909493  0.291803 -0.722453  0.137356 -0.155578  0.320752 -0.085012
  0.032528  0.286434  0.266941 -0.899262  0.115454  0.304826  0.269096
  0.08973   0.098459  0.138087  0.322661 -0.651327  0.135061]
[ 0.215778  0.333296  0.331645  0.332724  0.330785 -0.022816  0.222783
 -0.140489  0.333184 -0.599713 -0.344813 -0.356872  0.040736 -0.040798
 -0.005537  0.211978  0.057181 -0.509757 -0.998931 -0.050646]
[ 0.277973 -0.84141   0.331515 -0.56878   0.276726 -0.964594 -0.5652
  0.17193   0.333281  0.333035 -0.042952  0.333169  0.112698  0.182517
  0.332354  0.332613  0.32037  -0.350174 -0.992913 -0.970749]
[ 0.046171  0.228524  0.239806 -0.620272  0.161112  0.044918 -0.932337
  0.105481  0.145439 -0.009728 -0.31395   0.036272 -0.167691  0.238939
  0.287598 -0.681894 -0.309164  0.152892 -0.215121  0.330566]
[ 0.284029  0.24793   0.288278  0.215838  0.178006  0.333285  0.017797
 -0.366225  0.292527  0.021182 -0.495983  0.321084  0.116921 -0.006104
  0.16371  -0.297061  0.161548  0.146101  0.233234  0.060772]
[-0.928212 -0.99416  -0.183846  0.177811  0.154721  0.196386  0.319509
  0.024426 -0.1657   -0.90757   0.328196  0.198952  0.325604  0.313021
 -0.00138  -0.984463 -0.203499  0.292295  0.175467  0.329324]
[ 0.324479  0.31373   0.149838  0.013549  0.152974  0.031111  0.31441
  0.166283 -0.373637 -0.63896  -0.945678  0.144488  0.299328  0.055781
  0.102857  0.191912 -0.991651  0.293869  0.069229 -0.962432]
[ 0.20782   0.25262   0.10272  -0.173081  0.332405  0.329809 -0.954919
  0.252224  0.224013  0.116062 -0.949376 -0.896397 -0.500223  0.272131
  0.254855  0.3278   -0.362774 -0.049184  0.325528 -0.675195]
[ 0.294093  0.266211  0.332132 -0.779889  0.302134  0.147591  0.326611
  0.265295  0.330096 -0.923932  0.065019  0.072982  0.324325  0.258901
 -0.415297  0.293215  0.289742  0.170582  0.282661  0.313729]
[ 0.332564 -0.118152  0.114755  0.221963  0.327471 -0.591029  0.331441
  0.279565 -0.96313  -0.122984  0.321376 -0.943488  0.069566 -0.71905
  0.278785  0.26525  -0.192503 -0.525423  0.150965 -0.559663]
[ 0.30187   0.312719  0.147372  0.330002  0.208457  0.315283  0.267576
  0.254017 -0.002013 -0.110892  0.253993  0.186177 -0.844162  0.331234
  0.069065  0.324405  0.257831  0.289551  0.245375 -0.956378]
[ 0.022583  0.206284  0.329459  0.119156  0.134418  0.169141  0.032998
 -0.21101   0.246812 -0.096032  0.225739  0.045214  0.237166 -0.927218
  0.285964  0.296812  0.25322  -0.999975  0.330072 -0.951381]
[-0.239892  0.248804 -0.660082  0.184253  0.277536  0.306302 -0.057901
 -0.867419  0.302491  0.313689  0.010384 -0.361455 -0.590918  0.082772
  0.262187 -0.759318  0.314267  0.322088 -0.017078  0.06293 ]
[-0.842039 -0.244395  0.305766  0.179845  0.318884  0.33215  -0.502412
 -0.05339   0.331877  0.286519  0.114978 -0.777043  0.226524  0.329862
 -0.821799 -0.911319  0.331909 -0.050279  0.3331   -0.210364]
[-0.940836 -0.164795  0.330899  0.140387  0.171268  0.30456   0.228054
  0.330224  0.081902 -0.258177  0.248457 -0.240224  0.09003   0.17838
  0.079078  0.313903  0.192643 -0.329026 -0.766237 -0.223493]
[ 0.293534  0.198108  0.280271  0.315259  0.110311  0.235325 -0.116556
  0.166259  0.166987  0.004643 -0.147291 -0.877579 -0.236963 -0.671328
  0.332167  0.333332  0.191327  0.317753  0.325945 -0.951175]
[  3.182734e-01  -2.273061e-01   3.303281e-01   3.239529e-01  -8.525643e-01
   3.305296e-01   2.078494e-01   3.331802e-01   1.780526e-01   2.413948e-01
   7.805662e-04   1.385955e-01   1.272254e-01   1.081028e-01   1.895915e-01
   3.326614e-01   3.293097e-01   3.331318e-01  -3.445901e-01   1.296016e-01]
[ 0.0658    0.128006  0.305869 -0.812818  0.233722  0.208842 -0.990069
  0.23578  -0.703339 -0.109691  0.266022 -0.964236  0.26628   0.047315
 -0.285782  0.331269 -0.49106  -0.173485  0.298383  0.151306]
[ 0.2129    0.331696  0.322057 -0.996857  0.259614 -0.518513 -0.009345
  0.069572  0.08923  -0.193996 -0.348978  0.311462  0.07864   0.333333
  0.326692  0.062521  0.294461  0.332816 -0.802486 -0.806135]
[ 0.31461   0.331363  0.242911  0.225546 -0.121635  0.318312 -0.345686
  0.27086   0.127037  0.284495  0.006469  0.311953  0.320571  0.265583
 -0.257856 -0.551175  0.060269 -0.042588  0.310455  0.173296]
[ 0.332771  0.321801  0.317785 -0.340926 -0.485154  0.309639 -0.994121
 -0.739115  0.223522  0.221123 -0.727793 -0.277615 -0.44555   0.138636
  0.323575 -0.976339  0.124268 -0.530817  0.328011 -0.103135]
[ 0.241666  0.309898 -0.992502  0.226558 -0.492321  0.048786 -0.610516
 -0.198108  0.017875 -0.121876  0.240835 -0.646585  0.228613  0.305152
  0.311309  0.332717  0.296839  0.192616 -0.143044  0.176258]
[ 0.277482  0.332347 -0.03484  -0.585896  0.245878  0.319373 -0.800624
  0.289413  0.27063   0.331216  0.299152  0.089974 -0.38506  -0.757876
  0.270475  0.302457  0.260904 -0.161924  0.252225  0.146016]
[-0.845473  0.136798  0.269911  0.138814 -0.391152  0.331634  0.270683
 -0.024916 -0.256158 -0.497131  0.333011  0.332555 -0.125217  0.330878
  0.228006  0.112055  0.248235  0.250533  0.269177 -0.165885]
[ 0.324188  0.286803  0.210864  0.305178  0.30981  -0.292216  0.333305
  0.186096  0.169432  0.110156 -0.434523  0.280977 -0.922887  0.299353
  0.138069 -0.121111  0.333319 -0.485784 -0.888549 -0.990635]
[ 0.320571  0.275489  0.214517  0.301875  0.215187  0.331418  0.327623
 -0.04189   0.303226  0.222706  0.290951  0.087872  0.19714   0.29359
  0.293204  0.196345  0.210202  0.109897 -0.972386  0.318342]
[-0.094194 -0.683586 -0.786258 -0.473397  0.328824 -0.712551  0.151352
  0.214253  0.010083  0.325197  0.210172  0.303134 -0.095307  0.324845
 -0.951477  0.257564  0.12116   0.221931  0.01183   0.239259]
[-0.829216 -0.375247  0.299808 -0.490099  0.198615  0.243747  0.276358
  0.265713  0.23827   0.140827  0.18059   0.282808  0.333129 -0.281536
  0.115094 -0.946998  0.288952 -0.143966  0.019957  0.331492]
[-0.271501  0.128985  0.326979 -0.676755 -0.445787  0.071758  0.33312
  0.332183  0.311124 -0.522006 -0.688249  0.212158 -0.226635 -0.914098
  0.01588  -0.903002  0.322439  0.142964  0.071534  0.332012]
[ 0.310604 -0.787975  0.272802 -0.518494  0.016841 -0.636687  0.333036
 -0.057422  0.331191 -0.743972 -0.062975  0.33288   0.30277   0.323755
 -0.3675   -0.213499  0.299463  0.241593 -0.651273  0.331023]
[ 0.330822 -0.17758   0.290451  0.198803  0.281772 -0.455693 -0.573811
 -0.793623 -0.916614  0.266221 -0.929046 -0.935778  0.302113 -0.46553
  0.212994  0.328139 -0.780246  0.303948 -0.962795 -0.614436]
[ 0.308415  0.146364 -0.123463  0.291007 -0.84779   0.320031  0.32296
  0.138671  0.190772 -0.217975 -0.600436  0.189595  0.25158  -0.424443
  0.148367  0.331705 -0.414388  0.313743 -0.114744  0.219476]
[ 0.324347 -0.135818 -0.054921 -0.708421  0.276734  0.290464  0.314577
  0.273327 -0.520208  0.238314  0.276136  0.327214 -0.830314  0.263561
  0.328332  0.33112   0.316654  0.306373  0.244006  0.056186]
[-0.772231 -0.490263  0.290404  0.27911   0.321595 -0.41454  -0.922874
 -0.529995 -0.784518 -0.038685  0.332101  0.188551 -0.708335  0.321342
  0.329492 -0.534278  0.074471  0.289307  0.120654 -0.9879  ]
[ 0.331139 -0.655615  0.326569 -0.022181  0.306885  0.32701  -0.494569
 -0.624139 -0.272648  0.298913 -0.144191  0.284474  0.332836  0.314064
 -0.997733  0.331427  0.242976  0.310168  0.256991 -0.650296]
[ 0.330995  0.175785  0.281826 -0.580297  0.115238  0.233175 -0.19998
  0.29437   0.316423  0.32432   0.290309  0.175485 -0.627319 -0.632608
 -0.724083  0.262238 -0.974416  0.331127  0.282484 -0.152432]
[ 0.289525  0.001557  0.329937  0.250942 -0.948874 -0.102954  0.329379
 -0.991695  0.331298  0.105651  0.203082  0.130267  0.021545 -0.886174
  0.178899  0.30321  -0.973626  0.268775  0.267894  0.320748]
[-0.34437   0.127665  0.152052 -0.672549  0.025369  0.290362  0.32125
  0.265257  0.009786  0.325787 -0.572193  0.31256   0.3186    0.292531
  0.326916  0.333329  0.333333  0.332145  0.2794    0.164735]
[ 0.259214  0.134065  0.020054  0.114517  0.332849  0.31842   0.231386
  0.187009  0.326968  0.199043  0.333303  0.276477 -0.152204 -0.061448
  0.29284   0.33265   0.200197  0.317543 -0.742456 -0.500431]
[ 0.223341  0.322137  0.082784 -0.849762  0.24198   0.280037  0.312
  0.052277  0.144311  0.32479   0.333181  0.250826 -0.102745  0.12101
 -0.380347  0.322974  0.028911  0.332189 -0.065059  0.217256]
[ 0.077928  0.32891  -0.321618  0.326486  0.227579 -0.746602  0.172119
 -0.271051  0.012415 -0.967884  0.292033  0.001468  0.230902  0.331661
 -0.803289  0.273596 -0.022222 -0.886698  0.323441 -0.223947]
[ 0.240838  0.326654  0.04927   0.245323  0.29687   0.062421 -0.097495
  0.133523  0.323834  0.19825  -0.267457  0.304427 -0.179274  0.036428
 -0.2042    0.295451 -0.149487 -0.78335  -0.974503  0.333078]
[-0.44738   0.329684  0.288668  0.084464  0.286436 -0.59666  -0.854374
  0.059426  0.073928  0.242396 -0.93974   0.292024 -0.680583 -0.991023
  0.313845  0.022484  0.279562  0.261822  0.035777 -0.013219]
[ 0.333324  0.255175 -0.720053  0.324673  0.303587 -0.191731  0.118293
 -0.889835  0.140684  0.289455  0.275182  0.320726 -0.910965 -0.435027
  0.299237  0.326611  0.279396 -0.428213 -0.038466  0.332265]
[-0.666237  0.048361 -0.297431  0.157142 -0.21965   0.329573  0.327597
 -0.555488  0.321034 -0.769353  0.159908 -0.08843  -0.62406  -0.159047
  0.33333  -0.728219 -0.0477   -0.130488 -0.27021   0.332241]
[-0.888563 -0.614787  0.31118   0.222737 -0.031616 -0.635162 -0.395428
  0.034322 -0.15913  -0.78797   0.304132  0.138639  0.277352  0.326109
 -0.980634 -0.999894 -0.994684  0.051531  0.307985  0.332753]
[ 0.041731 -0.510722  0.0198    0.14425   0.3089    0.245613  0.24615
  0.295876  0.080207  0.291784  0.051287 -0.222593  0.177419  0.22139
  0.20728   0.122185 -0.637442 -0.934598 -0.630136  0.254557]
[-0.231645  0.333203 -0.630677  0.282755  0.331721  0.332995  0.251588
  0.278034 -0.114243  0.270985  0.220236  0.042404  0.321509  0.208932
  0.021807 -0.828133  0.249821 -0.443528  0.223979  0.32384 ]
[ 0.326512  0.244692  0.327873 -0.835988 -0.999984  0.181416  0.288419
 -0.993901 -0.782743  0.110882  0.316566  0.327693  0.293335 -0.486781
 -0.031288  0.307258  0.303673 -0.324288  0.076913  0.257033]
[ 0.327439  0.328059 -0.598347  0.059878  0.078428  0.283456 -0.982085
 -0.229616  0.333142 -0.220222 -0.501519  0.291863  0.166605  0.13092
 -0.166315  0.078044  0.094946  0.150659  0.109097  0.317923]
[-0.209011  0.20169   0.235259  0.014455  0.087343 -0.96717   0.245688
 -0.076246 -0.207134  0.315987 -0.117747  0.174845 -0.82977   0.270765
  0.284729 -0.861582  0.220064 -0.059905  0.333274  0.298668]
[0.032209685895042015, -0.029575222023231595, 0.0066379734735274587, 0.059192183764525369, 0.014254616119768193, -0.012287323242214265, 0.029297992559792707, -0.014555226237836116, -0.094818931558103003, -0.017222066284290072, 0.031192078549051205, 0.033960124287644278, 0.032743486011684336, 0.0091384661964625247, 0.037343096923799668, -0.028399282135481499, -0.047657922984002093, 0.045749166003524799, -0.0050280096796352092, -0.0030109237954820123, 0.046190832188306885, -0.014018852404238502, 0.079035860411037578, 0.03132721104213454, 0.063841355426143387, 0.063385896434139222, 0.013775313276228385, 0.0050832738098136598, -0.12619909471923807, 0.0018614244910923894, -0.038905336021318959, 0.069020783375462913, 0.040798560611861399, 0.018332679372331268, -0.015633171260229256, 0.027307284314840585, -0.010235885021361453, 0.028310328513709234, 0.022081428165259265, 0.072580371825868017, -0.084951778334998562, 0.011069101136445991, -0.018503458718825583, -0.012606528655842442, 0.055537021147441468, -0.030352928920013844, 0.068554419348559825, 0.023644169850204511, 0.03337346656933482, 0.02991229038308163, 0.02479227674938439, 0.092139290947578417, -0.025966541981327376, -0.023024267860856207, -0.024847525551833449, 0.018504093486260698, 0.043399562062116759, -0.002016131552553424, 0.015444216702605651, -0.024449534639508108, 0.013112985903147464, 0.013628358080747527, 0.010682177823742589, 0.010908750030444114, 0.039518195057157757, 0.096873149173104744, 0.030106156599435739, 0.062443077432906391, 0.042976158269204645, 0.061043453181312546, -0.005953209540660559, 0.03504299092203253, -0.021264895263114147, 0.11080864489408324, 0.056930358906405409, 0.018130478476866385, -0.032946926069632898, -0.010351382402326914, 0.035359708446388693, -0.036436283697106886, 0.023632818844740999, 0.066070748510443311, -0.025202441549167509, 0.017867827463867725, 0.0014945314545636856, 0.0090701363650327882, 0.014729079911082521, 0.025681842443166375, 0.039770443011008211, 0.025818037894347785, 0.0046975385872196074, 0.028733622809649306, 0.032156824332727707, -0.012368061752143555, -0.090537458943832028, 0.011903725624784957, -0.019928557951534087, 0.0020200622101448906, 0.023454112774444535, 0.0094836286862034214]
('time: ', 9031.022070884705)
