“Running plot script on a single CPU core”
[ 0.042461  0.036285  0.086343 -0.013279  0.01692  -0.004606]
[ 0.016643  0.072101  0.052023  0.008469  0.002064  0.01158 ]
[ 0.014502 -0.009953  0.04138  -0.0018    0.004407 -0.010769]
[ 0.01514   0.054182  0.052054  0.021624  0.037441 -0.014356]
[ 0.05832   0.055701  0.075081  0.03655  -0.007695  0.003474]
[ 0.038551  0.088536  0.111388  0.032987  0.003852  0.007024]
[-0.025914  0.011741  0.030442  0.03142  -0.010147 -0.017726]
[-0.00756  -0.035062  0.06368  -0.04414  -0.035081 -0.015898]
[ 0.045836  0.058891  0.089534  0.008268 -0.020588  0.028622]
[-0.072489 -0.057494 -0.043297  0.016666 -0.010918 -0.02248 ]
[ 0.046406  0.040618  0.035794  0.000247 -0.007996  0.02574 ]
[ 0.047782  0.063196  0.054232 -0.005341 -0.016864 -0.010415]
[ 0.040066  0.090179  0.02928  -0.015563  0.037161  0.043316]
[ 0.097938  0.11105   0.052299 -0.00144  -0.049057  0.001183]
[-0.017534  0.015566  0.039794 -0.006681 -0.00136   0.001982]
[-0.051902  0.004062  0.028232 -0.003098  0.03166  -0.025644]
[-0.008275  0.05256   0.058323  0.013787  0.001311 -0.022839]
[ 0.027897  0.026133  0.045396 -0.019176  0.019448 -0.012445]
[ 0.014971  0.057206  0.075312 -0.018364 -0.01171   0.030568]
[ 0.077581  0.062918  0.074116  0.029966 -0.015982 -0.005004]
[-0.027543 -0.018058  0.067554  0.002347  0.003389  0.006227]
[ 0.018967 -0.01387   0.002178  0.012157 -0.002826  0.009019]
[-0.020257  0.042386  0.057741 -0.013197 -0.010403  0.026754]
[ 0.056234  0.019239  0.053978 -0.003751  0.001767 -0.014201]
[ 0.016404  0.042478  0.031484 -0.021329 -0.024863 -0.021679]
[ 0.016364  0.004967 -0.000291 -0.023221  0.011858 -0.057372]
[ 0.036863 -0.044309  0.04678   0.012987 -0.01371  -0.020389]
[-0.045967  0.022513  0.004541 -0.016282  0.006327 -0.000934]
[ 0.036527  0.104688  0.104886  0.023208  0.003818 -0.00672 ]
[ 0.009391  0.0449    0.012557  0.038702 -0.046655  0.034531]
[ 0.033018  0.051541  0.036227 -0.0213   -0.017241  0.014503]
[ 0.075365  0.050936  0.004763  0.0056   -0.001543 -0.015368]
[-0.014447 -0.074424 -0.114888 -0.018597  0.045895 -0.025904]
[ 0.010631 -0.00094   0.028249 -0.00318  -0.034223 -0.004896]
[ 0.011687  0.002963 -0.009593 -0.02778   0.044198 -0.014746]
[ 0.037986  0.008811  0.004889 -0.025172 -0.001531  0.006664]
[-0.013345  0.107741 -0.042125 -0.032218  0.04269  -0.029828]
[-0.008682 -0.003774  0.028414 -0.026567  0.004756 -0.030158]
[ 0.013513  0.002671 -0.017906 -0.015072  0.016198  0.012897]
[-0.004556  0.053283  0.071916  0.002869 -0.018444 -0.000904]
[ 0.03817   0.049954  0.040434  0.008643 -0.006941 -0.012759]
[ 0.055861  0.077755  0.051321 -0.008006  0.000838 -0.00458 ]
[ 0.004529  0.060391 -0.012096  0.016512 -0.006175  0.009332]
[-0.001133  0.056063 -0.016938 -0.020961  0.002343 -0.006201]
[-0.01138  -0.019423  0.063313 -0.000247 -0.010928  0.045011]
[ 0.036371  0.041181  0.048973 -0.013953 -0.022595 -0.010298]
[ 0.072964  0.082783  0.041986  0.014484  0.002705 -0.009958]
[ 0.068432  0.10634   0.061589 -0.016075  0.021419  0.001615]
[-0.019087 -0.019876 -0.003412 -0.000255 -0.023291  0.020728]
[ 0.036672  0.025304  0.047111 -0.004519 -0.018989 -0.017515]
[ 0.028702  0.096647  0.078564 -0.003024  0.000955 -0.016221]
[ 0.004126 -0.001239  0.00846   0.015754 -0.004585 -0.020295]
[ 0.011497  0.037052  0.098304 -0.020278 -0.0068    0.018032]
[ 0.043651  0.074108  0.065269 -0.027102  0.009398 -0.027142]
[ 0.034789  0.052233  0.017867  0.009095  0.014878 -0.000113]
[ 0.037287  0.085271  0.09135  -0.03921   0.007176  0.021331]
[ 0.042346  0.016508  0.088395 -0.00613  -0.008741  0.024295]
[-0.030076  0.003657 -0.026543  0.007884 -0.000669  0.016931]
[ 0.028255  0.056878  0.098884  0.003867 -0.056079 -0.011009]
[-0.008893 -0.035717  0.014737 -0.009878 -0.01104  -0.000175]
[-0.047421 -0.020446  0.025544 -0.003883  0.026123  0.011244]
[-0.010509  0.033943  0.050523  0.006954 -0.00388   0.018417]
[-0.004726  0.042221  0.040548  0.021693  0.013335  0.013106]
[ 0.036632  0.008292  0.065741  0.02296  -0.022788 -0.008976]
[-0.07219  -0.069393 -0.036103  0.010402 -0.056898  0.025525]
[ 0.024923  0.053497  0.086173 -0.018714 -0.016798 -0.002206]
[ 0.010003  0.035786 -0.003622  0.002183  0.018901  0.001602]
[ 0.009088  0.057889  0.079696 -0.019971 -0.008968  0.010467]
[ 0.04463   0.031678  0.078161  0.025347  0.004629  0.026358]
[ 0.015432 -0.022508  0.02798   0.016485 -0.008305  0.053072]
[-0.017647  0.065295  0.101515 -0.008489 -0.012981  0.010993]
[ 0.036546  0.03506   0.047348 -0.026828 -0.009731  0.010092]
[ 0.080641  0.033873  0.070021  0.008732 -0.03135  -0.005659]
[ 0.102551  0.132024  0.110436 -0.036016  0.01191   0.036135]
[-0.029032  0.02043   0.026711  0.030389 -0.02925   0.037897]
[ 0.045126  0.071995  0.056827 -0.01938   0.023611  0.049879]
[ 0.017958 -0.080447  0.019227 -0.010367  0.04103  -0.004504]
[ 0.016861  0.035882 -0.002231  0.003276 -0.015485  0.044338]
[-0.006498  0.031267  0.041148 -0.01482  -0.019135  0.037243]
[ 0.06521   0.052917  0.056527 -0.024322  0.006765  0.008479]
[-0.04033  -0.024174  0.026114 -0.007978 -0.029417 -0.018492]
[ 0.064679  0.127547  0.061044 -0.046045  0.032553  0.015506]
[-0.058046  0.00835  -0.098641  0.018774  0.023924  0.007765]
[ 0.049631  0.037588  0.082381 -0.012296 -0.011452 -0.013012]
[ 0.04354   0.033336 -0.009061  0.002501 -0.044389 -0.037256]
[ 0.030108  0.036784  0.013147  0.008028  0.009652  0.010259]
[-0.026975  0.079373  0.072251 -0.01504  -0.006432  0.00472 ]
[ 0.006429 -0.032073  0.03266  -0.000581  0.012728  0.019961]
[ 0.040723  0.038419  0.015641 -0.004816  0.005819  0.019488]
[ 0.025813  0.062949  0.04691  -0.024193 -0.040201 -0.000704]
[ 0.005119  0.033912  0.055374 -0.01597   0.003189  0.034675]
[-0.022857 -0.003268  0.032378  0.00466   0.007571  0.025974]
[ 0.013042  0.06333   0.033883 -0.012094  0.015123  0.042228]
[ 0.096309  0.098968  0.088954 -0.022268 -0.013652 -0.004866]
[-0.041785 -0.007875  0.074486 -0.037185  0.037039 -0.003753]
[-0.053849 -0.011838 -0.031025 -0.024933 -0.008431 -0.00235 ]
[ 0.031665  0.029609  0.047285  0.007162  0.00572   0.01607 ]
[ 0.045402  0.045401  0.070189  0.019286  0.029613 -0.036609]
[ 0.04754   0.093814  0.064593 -0.017574  0.013302  0.012981]
[-0.019056  0.020747 -0.06676   0.000159 -0.015181  0.008725]
('Mean', 1, ': ', -0.019056112880832261)
('Median', 1, ': ', -0.019056112880832261)
('Variance', 1, ': ', 0.0)
('Mean', 2, ': ', 0.020747137143975879)
('Median', 2, ': ', 0.020747137143975879)
('Variance', 2, ': ', 0.0)
('Mean', 3, ': ', -0.066760203530491904)
('Median', 3, ': ', -0.066760203530491904)
('Variance', 3, ': ', 0.0)
('time: ', 13147.92514204979)
