“Running plot script on a single CPU core”
[-0.932477 -0.970664 -0.883586 -0.777757 -0.753252 -0.867851  0.038568
 -0.081215 -0.003933 -0.036408  0.034959 -0.015533  0.017632  0.066213
 -0.089305  0.009797 -0.095391  0.069802  0.083787 -0.008095]
[-0.956318 -0.725226 -0.967606 -0.603355 -0.85708  -0.682728 -0.128994
 -0.034531  0.076757  0.186144  0.055261  0.119413  0.15782  -0.000983
 -0.084173  0.180402  0.13896  -0.233493  0.028383 -0.006508]
[-0.974279 -1.094725 -0.89139  -0.815736 -0.686092 -0.763771 -0.046568
 -0.071692 -0.023041  0.04013   0.008485 -0.053361 -0.121673 -0.029657
 -0.110079 -0.040719  0.004847 -0.124653 -0.020944 -0.016315]
[ -9.209585e-01  -1.078132e+00  -9.451261e-01  -9.535859e-01  -8.190816e-01
  -1.032301e+00  -2.650542e-02  -1.987660e-02   1.779366e-02   1.206711e-02
   6.937862e-02  -2.029810e-02   3.784746e-02   6.596401e-02  -9.429352e-03
   3.095949e-02  -7.107038e-04  -4.262148e-02  -2.228586e-02   1.716633e-02]
[-0.958266 -0.852476 -1.00793  -0.728467 -0.953842 -0.703153  0.001426
  0.035954 -0.006201 -0.035042  0.015684  0.039708  0.031312  0.046789
  0.061311  0.12065  -0.049218 -0.010556 -0.017076  0.020639]
[-0.962633 -0.963192 -0.644993 -1.138589 -0.93859  -1.024198  0.010995
 -0.046629  0.029332 -0.067178 -0.074192  0.101637 -0.080103 -0.08029
  0.002676 -0.048308 -0.010995  0.014894 -0.070014 -0.031634]
[-1.072802 -0.876466 -0.723868 -0.800662 -0.697215 -0.456008  0.038483
  0.066223 -0.0028   -0.055631  0.058398  0.062553  0.185522  0.048787
  0.026048  0.202096 -0.046997  0.020341  0.062498 -0.003768]
[ -1.129401e+00  -9.768298e-01  -8.716125e-01  -1.018252e+00  -1.158933e+00
  -8.742393e-01  -1.092560e-03  -3.227805e-02   8.197660e-02  -4.197137e-02
  -1.843259e-03   2.651017e-03   1.511710e-02   5.448817e-02  -1.780229e-02
   1.033306e-01   3.082822e-02  -2.508530e-02   3.565875e-02   2.857696e-02]
[ -8.267961e-01  -9.529682e-01  -9.824239e-01  -5.959638e-01  -5.303156e-01
  -7.733356e-01   1.688050e-01   1.022232e-02   2.436983e-02   5.248438e-02
  -1.171974e-02   7.520011e-02  -1.129969e-01  -7.886864e-04  -8.900296e-03
   2.492559e-03   2.562992e-02   1.024107e-01   4.535590e-02  -4.064484e-02]
[-0.895048 -0.940689 -0.684192 -0.762559 -0.511727 -0.529927  0.035673
 -0.107501 -0.026856  0.124286  0.028458 -0.044424 -0.018542  0.047822
 -0.113388  0.013617  0.141106 -0.004496  0.042537  0.005681]
[-1.072925 -1.15564  -1.266019 -0.994218 -0.820528 -1.026936  0.091913
  0.134201  0.150751 -0.166231  0.138566  0.099138  0.065683  0.055656
  0.006038  0.011563 -0.056994  0.153976  0.061696  0.082505]
[ -8.547224e-01  -9.297156e-01  -7.693920e-01  -7.704924e-01  -7.380244e-01
  -7.818590e-01  -6.886570e-02   6.582241e-03  -9.538003e-02  -3.082379e-03
  -6.695825e-02  -6.504614e-02  -3.953035e-02  -4.167499e-02   4.178495e-02
   2.702055e-03   2.752942e-03  -7.563906e-02   8.537574e-04  -4.778490e-03]
[-0.83495  -1.036827 -0.88763  -0.882478 -0.827828 -0.893075  0.159514
  0.073661 -0.107278 -0.090221  0.037608 -0.126331  0.062698 -0.006594
  0.062994 -0.007468 -0.093076  0.172201  0.055184 -0.002195]
[-1.054084 -0.860141 -0.916389 -0.62957  -0.79548  -0.548488 -0.095637
  0.074578  0.105721 -0.015501  0.011364  0.092781  0.014346 -0.0928
  0.018031 -0.033743 -0.054067 -0.033347  0.005363 -0.003355]
[-1.025849 -0.832629 -0.747481 -0.989535 -0.769089 -0.727386 -0.07269
  0.090283 -0.102541  0.072319  0.040639 -0.080563  0.002275 -0.069756
 -0.018196  0.031589  0.06112  -0.014321  0.011118 -0.0348  ]
[-0.71048  -0.717141 -0.615137 -0.962861 -0.953612 -0.862318  0.069423
  0.037215 -0.075526 -0.065907 -0.08456  -0.025947  0.046126 -0.163485
  0.025005 -0.003211 -0.039361  0.071426  0.051293  0.027388]
[-1.055381 -1.07953  -0.925455 -1.029962 -0.904372 -1.091983  0.156211
 -0.023051  0.029234  0.01525   0.118398  0.013424 -0.049698  0.111812
 -0.091395 -0.007501  0.065175  0.120953 -0.015252  0.047218]
[-0.83861  -0.845996 -0.571681 -0.927869 -0.904771 -0.698869 -0.030928
 -0.034075 -0.0979    0.019023  0.133959 -0.059372 -0.046783  0.077893
 -0.107429 -0.058347  0.127856  0.114746  0.03479   0.007529]
[-0.995692 -1.004368 -1.178691 -0.785498 -0.905273 -0.890726 -0.004293
  0.069355 -0.070095 -0.010519 -0.017683 -0.133535 -0.005253 -0.014937
  0.108474 -0.025158  0.025405  0.044037  0.053122  0.005213]
[-0.89407  -1.027055 -0.623597 -0.968157 -0.5809   -0.687309 -0.016139
 -0.013901  0.012335 -0.009557 -0.047478  0.014486 -0.022058 -0.067234
 -0.017922 -0.011079  0.021973 -0.054403 -0.005863  0.005413]
[-0.895459 -0.831607 -0.698659 -0.903343 -0.673555 -0.745664  0.092853
  0.044634  0.065378  0.004532 -0.015365  0.03272  -0.058211 -0.045869
  0.109569 -0.04118  -0.010866  0.041061 -0.013138 -0.008913]
[-0.799903 -0.655738 -0.699115 -0.752409 -0.704574 -0.651171  0.005565
  0.079214 -0.037992  0.027479 -0.034326 -0.027679  0.054148 -0.064833
  0.023034  0.031798  0.02874  -0.009813  0.017462 -0.007216]
[-1.379095 -1.186916 -1.515195 -1.025697 -1.318203 -0.86189  -0.1005
 -0.102925 -0.030701  0.11628  -0.057925  0.012055 -0.094973 -0.047447
 -0.078041 -0.096312  0.083929 -0.050487  0.081932  0.0575  ]
[-0.73722  -0.970329 -0.620117 -0.637076 -0.31605  -0.632101  0.017592
  0.049605 -0.065842  0.11794   0.004671 -0.04712   0.014635  0.027725
  0.067864 -0.018532  0.103725  0.109032  0.048544 -0.012048]
[ -7.376123e-01  -7.379811e-01  -6.430905e-01  -6.128793e-01  -5.196925e-01
  -4.822037e-01  -3.610102e-02  -6.321657e-03  -2.846803e-02   4.972230e-02
   9.917310e-03  -2.572884e-02   1.289844e-01  -1.689996e-02  -1.321622e-04
   1.215202e-01   4.659777e-02  -2.409820e-02   4.666952e-03   1.033734e-02]
[-0.799267 -0.70319  -0.675328 -0.832018 -0.704006 -0.612723  0.004333
 -0.078788  0.019831  0.00264  -0.036885  0.038769 -0.052555 -0.035968
 -0.078849 -0.088146 -0.04045  -0.002045  0.059079  0.020631]
[-1.250554 -1.341949 -1.102049 -1.307549 -1.214785 -1.049376  0.073805
  0.113024 -0.033616  0.095991  0.004938  0.054011  0.12313   0.015974
  0.104561  0.101719  0.089473  0.119076 -0.068118 -0.017753]
[-1.063577 -0.862441 -0.659527 -0.893527 -0.626403 -0.50554  -0.087311
  0.156352  0.012383  0.008969 -0.085747  0.054285 -0.174185 -0.029497
  0.175821 -0.25919  -0.001709 -0.103615 -0.002302  0.01616 ]
[-0.751443 -0.910694 -0.720392 -0.724222 -0.595875 -0.638938 -0.069143
  0.009268  0.020338  0.034001 -0.046085  0.031649  0.014277 -0.031921
  0.054815  0.036698  0.018461 -0.046188 -0.010761 -0.026729]
[-0.951374 -0.919825 -0.398296 -0.940635 -0.484467 -0.412114 -0.074626
 -0.025255 -0.061569 -0.176813  0.090852 -0.006091 -0.076247  0.147046
  0.062149 -0.099366 -0.154036 -0.11638  -0.037689  0.010163]
[-0.726204 -0.851823 -1.035845 -0.658679 -0.86838  -0.930576  0.006341
 -0.004484  0.083825 -0.004168  0.059761  0.056799 -0.016231  0.050769
 -0.034636 -0.015479  0.045477  0.006617  0.052794  0.020762]
[-1.072654 -1.06182  -0.968094 -1.107925 -1.080388 -1.132758  0.267985
  0.102397 -0.061125  0.062534  0.232089 -0.087321  0.033861  0.247355
  0.103891  0.069947  0.007952  0.274803 -0.032243  0.025975]
[-0.855721 -0.941801 -0.79492  -0.660277 -0.283249 -0.688396 -0.082343
 -0.099428 -0.087141  0.154018 -0.017953 -0.15586   0.033325  0.087273
 -0.152429  0.055257  0.180888 -0.085002 -0.057558 -0.023658]
[-1.063353 -0.957986 -1.402466 -0.682542 -0.84363  -0.677399  0.232673
  0.087182 -0.026096  0.013947  0.012036  0.130143 -0.096922 -0.148701
 -0.075336  0.007511  0.033085  0.284539  0.11307   0.078685]
[-0.978883 -0.75278  -0.480607 -0.950643 -0.803454 -0.489945 -0.108326
  0.059498  0.097652 -0.09166   0.22914   0.051181 -0.082711  0.216454
  0.101346 -0.057057 -0.093901 -0.062038 -0.005892 -0.004907]
[-1.045183 -0.885522 -0.943074 -0.795595 -0.844687 -0.805999 -0.056721
  0.015638 -0.077241 -0.11948   0.04614  -0.07766   0.158805  0.101078
  0.037214  0.132187 -0.010627 -0.100812 -0.002136  0.049469]
[-1.166653 -1.288225 -0.898101 -0.923915 -0.593291 -0.680034 -0.068205
 -0.132561  0.027998  0.01471   0.078887  0.017252  0.236123  0.114988
 -0.142793  0.25266   0.10942  -0.048424  0.064539  0.022606]
[-0.869799 -0.859132 -0.828882 -0.898311 -0.847835 -0.82077   0.063458
 -0.241729 -0.066767 -0.131571  0.066528 -0.142452  0.042301  0.105361
 -0.319817  0.080896 -0.0112    0.093252 -0.041027  0.027653]
[-0.893363 -0.779285 -1.078479 -0.906724 -1.165518 -0.970011  0.095239
 -0.131126 -0.006597  0.103142  0.013851  0.079173  0.015901  0.017831
 -0.180539 -0.052643  0.087451  0.141402  0.021397  0.028993]
[-0.994666 -0.98071  -0.481773 -0.856471 -0.416318 -0.315368 -0.066149
 -0.076111  0.12411  -0.05546   0.11975   0.153103  0.115704  0.146418
 -0.065281  0.080237 -0.037531 -0.085455  0.082425 -0.0289  ]
[ -1.127807e+00  -9.949115e-01  -9.346752e-01  -1.069225e+00  -1.050263e+00
  -1.017834e+00  -7.834216e-02   2.213701e-04   2.799863e-02  -3.070564e-02
  -3.953503e-02   8.628233e-02   7.955615e-02   2.811976e-02   4.127295e-02
   3.643100e-02  -3.760385e-02  -1.030754e-01  -1.120570e-02   2.480710e-02]
[-0.913201 -1.055073 -0.882795 -0.913771 -0.636755 -1.012509 -0.074911
  0.017466  0.016722  0.1428    0.054762 -0.019549 -0.043469  0.011287
  0.104406 -0.020094  0.295154 -0.041519 -0.019509 -0.025464]
[-0.876225 -0.736373 -0.72378  -0.953086 -0.998095 -0.964978  0.051655
 -0.013626 -0.011294  0.029084  0.154242 -0.081367  0.005786  0.186141
 -0.105929  0.042691  0.058601  0.023353 -0.025388 -0.032807]
[-0.879309 -0.952423 -0.945142 -0.787359 -0.912316 -1.066555 -0.037553
 -0.049213  0.110115 -0.040801 -0.067857  0.125618 -0.097645 -0.050035
 -0.109753 -0.033034 -0.021517 -0.016869  0.020299  0.018574]
[ -8.192026e-01  -6.949448e-01  -6.486391e-01  -9.258896e-01  -8.041923e-01
  -7.018647e-01  -3.383938e-02  -4.243685e-02  -4.280999e-02  -1.704375e-02
  -2.699777e-02  -5.790610e-02  -3.778063e-02  -5.566365e-02  -8.718467e-02
  -9.685040e-02  -1.434342e-03  -1.020584e-02   9.642434e-03  -9.228169e-04]
[-0.901382 -0.937838 -0.80254  -0.838181 -0.842367 -0.790945  0.124723
 -0.028736  0.135703 -0.081917  0.02499   0.180874 -0.056872  0.040308
  0.047401 -0.037929 -0.15073   0.161318  0.021234 -0.026486]
[-1.014594 -1.092943 -1.022583 -0.832674 -0.670141 -0.814458 -0.070761
  0.007997 -0.006494  0.044569  0.021057 -0.017104  0.117867  0.033383
  0.006107  0.042121  0.048921 -0.167908  0.015779 -0.006435]
[ -8.397689e-01  -8.148635e-01  -8.945820e-01  -7.407890e-01  -6.797783e-01
  -9.415220e-01  -3.535046e-02  -1.545810e-02  -2.810808e-02   6.180727e-02
  -7.647336e-02  -9.682373e-02   1.036025e-01  -9.469831e-02  -8.656365e-02
   8.795018e-02   1.118275e-01  -4.203259e-02  -4.877972e-02  -2.767656e-04]
[-1.106753 -0.979438 -1.074987 -0.852917 -0.911797 -1.068068  0.067343
  0.043048  0.025682 -0.170224 -0.012725 -0.009164 -0.033887  0.039368
 -0.004097  0.012986 -0.163858  0.014796  0.030096  0.0112  ]
[-0.931493 -0.920534 -0.650712 -0.931508 -0.692816 -0.740901  0.009153
 -0.014029 -0.009168  0.05118  -0.042504 -0.010012  0.106053 -0.061796
 -0.020687  0.149081  0.02196  -0.039864 -0.03186  -0.03458 ]
[ -8.104319e-01  -1.123273e+00  -1.151302e+00  -8.207536e-01  -9.695420e-01
  -9.160021e-01   7.867957e-04  -1.370939e-02   4.686282e-03  -9.773504e-02
  -1.596026e-03  -9.497761e-02   1.077829e-02  -1.610499e-02   1.114341e-02
  -9.785698e-03  -7.618172e-02   3.445262e-02   2.909832e-02   3.655113e-02]
[ -9.152120e-01  -8.352435e-01  -7.710302e-01  -7.321901e-01  -6.548268e-01
  -6.307918e-01  -2.666120e-02   3.135719e-02   1.834092e-04   6.410881e-02
   1.696480e-02   3.512373e-02  -5.971493e-02   1.163114e-02   2.805647e-02
  -9.242791e-02   4.971745e-02  -3.260961e-02   1.119007e-02  -2.961553e-02]
[-0.884955 -0.725094 -0.670875 -0.886679 -0.86386  -0.68681   0.00851
 -0.073633 -0.001467 -0.10296   0.008285  0.014919  0.129481 -0.031942
  0.001942  0.178274 -0.090411 -0.004944  0.008051 -0.010166]
[-1.018993 -0.986377 -1.01714  -0.986034 -0.927158 -0.911845 -0.047958
  0.020639  0.012726 -0.029532 -0.011127  0.106102  0.106156  0.104329
  0.064806  0.060906  0.009325 -0.04704   0.027654 -0.025345]
[-0.817319 -0.811074 -0.845675 -0.80803  -0.783306 -0.757523  0.049276
  0.093969 -0.134658 -0.007941 -0.015356 -0.08029  -0.010351  0.047453
  0.044354 -0.012833  0.008721  0.095561 -0.021861 -0.026117]
[ -9.655600e-01  -7.777914e-01  -6.170374e-01  -1.286217e+00  -9.861469e-01
  -8.201220e-01   6.539505e-04   3.937947e-03   6.278378e-02   2.723431e-02
   1.058511e-01   1.140528e-01  -8.093002e-02   1.234850e-01  -7.845835e-03
  -7.188263e-02   8.333051e-02  -1.997574e-02   1.610343e-02  -5.163408e-03]
[-1.111617 -0.971366 -0.997053 -0.947004 -0.954053 -0.857981 -0.130297
  0.00803   0.073209 -0.004554 -0.03261   0.016874 -0.073639 -0.064034
  0.059237 -0.129034  0.041564  0.010964  0.01853   0.003987]
[-1.075895 -1.073808 -1.0214   -0.949995 -1.148132 -1.233489 -0.104792
 -0.046537  0.084449  0.049333  0.113955  0.032051  0.177236  0.123511
  0.029815  0.112287  0.120017 -0.049675  0.003973 -0.041466]
[ -8.332109e-01  -8.260195e-01  -7.649013e-01  -9.153769e-01  -7.432026e-01
  -7.852679e-01  -7.006891e-02   2.156690e-02   1.570448e-02  -4.621066e-02
   5.342639e-02  -2.608035e-02   5.111463e-02  -8.517921e-04  -1.425198e-02
   3.908735e-02  -4.135932e-02  -7.803587e-02  -4.542731e-02  -1.351140e-02]
[-0.858983 -0.812283 -0.997688 -0.772004 -1.060598 -0.977666  0.149102
  0.042863  0.040081  0.071095 -0.019281  0.037275 -0.090739 -0.039124
  0.052233 -0.04022   0.131474  0.079646  0.017042 -0.005894]
[ -1.221097e+00  -1.030994e+00  -8.669513e-01  -1.238771e+00  -1.159296e+00
  -7.920488e-01   6.856767e-04  -9.969989e-02  -1.116669e-01  -7.085341e-02
  -8.280479e-02  -1.008819e-01   3.673757e-02  -4.682362e-02  -1.175772e-01
   1.263033e-01  -1.830139e-02   6.057258e-02   2.355569e-02   1.645849e-02]
[-0.899945 -0.555625 -0.593342 -0.788301 -0.814081 -0.622272 -0.02612
 -0.026033 -0.024256 -0.065255  0.008959 -0.060218  0.098906  0.049204
 -0.0375    0.14053  -0.093384 -0.00824  -0.014555  0.010536]
[-0.829014 -0.933289 -0.502836 -1.140316 -0.66972  -0.884243 -0.041158
  0.082276  0.063474  0.120731  0.040911  0.035813 -0.012363  0.10602
  0.052728 -0.016247  0.088352 -0.095623 -0.009441 -0.006327]
[-0.831438 -0.808604 -0.903973 -0.640487 -0.67792  -0.660302  0.096791
  0.034661  0.009382  0.083443 -0.052045  0.012326 -0.012493 -0.067012
  0.034814 -0.039448  0.03398   0.111979 -0.006452  0.014207]
[-1.198608 -0.944176 -0.808509 -1.182473 -1.136719 -0.753492  0.068679
 -0.228005  0.033896  0.045277  0.014811 -0.006077  0.056745 -0.064464
 -0.212858  0.106317  0.031864  0.126113  0.087805  0.005564]
[-0.991225 -1.053429 -1.00238  -0.854514 -0.804419 -0.821505  0.132788
 -0.025771  0.025808 -0.106109 -0.048816  0.006444  0.131264 -0.004156
  0.017575  0.09143  -0.050156  0.094877 -0.075221  0.036504]
[-0.920815 -0.93031  -0.658593 -0.725349 -0.409217 -0.206915 -0.031617
 -0.034865  0.031967  0.132608 -0.073494  0.046818  0.099355 -0.043549
 -0.150505  0.203477  0.133535 -0.049406  0.005963  0.037795]
[-0.876462 -0.851516 -0.796473 -0.884747 -0.730762 -0.926425  0.107656
  0.103772  0.049971 -0.050448  0.003379  0.043866  0.063547  0.038932
  0.114435  0.079185 -0.003623  0.092733  0.025518 -0.00718 ]
[-0.937475 -0.990455 -0.946798 -0.910885 -0.92143  -0.947391  0.033871
  0.018183  0.014312 -0.003807 -0.084935 -0.02699   0.019185 -0.039847
  0.002041  0.05663  -0.002498  0.093341 -0.005976 -0.013144]
[-0.895821 -0.778131 -0.956967 -0.672463 -0.904265 -0.715507  0.108573
  0.042176  0.061154 -0.127487 -0.018468  0.123268  0.020956  0.035073
 -0.006765  0.002474 -0.119626  0.071385  0.031123  0.009155]
[ -1.303427e+00  -9.331033e-01  -9.041017e-01  -1.003766e+00  -1.021750e+00
  -6.777944e-01   1.220809e-01  -1.071885e-01   3.499013e-04  -1.002175e-01
  -6.568980e-02  -1.478573e-01  -1.704904e-01  -8.570684e-02  -8.274642e-02
  -1.546353e-01  -3.562056e-02   6.969132e-02  -6.810956e-02  -6.416803e-02]
[ -7.167233e-01  -7.736250e-01  -7.105784e-01  -8.099124e-01  -8.532370e-01
  -8.550547e-01   2.789717e-04   1.159257e-02   2.890223e-03  -2.231409e-02
  -1.801681e-03   4.432725e-03  -3.078577e-02  -2.646346e-02   2.822070e-02
  -3.584141e-02  -3.358008e-02   7.005913e-03   4.930387e-02  -2.384316e-03]
[ -1.031190e+00  -7.244273e-01  -1.014716e+00  -6.460861e-01  -8.794106e-01
  -6.694692e-01   1.653175e-01  -6.460015e-02  -2.230888e-02  -6.328595e-02
   1.122621e-01  -7.442510e-02   1.333655e-02   4.538219e-02  -9.719357e-02
   8.456502e-02  -9.528266e-02   2.166818e-01  -1.964555e-02   4.100515e-04]
[-1.015947 -0.978233 -0.936064 -0.663071 -0.850739 -0.808499  0.061185
  0.055968 -0.038676 -0.04492  -0.016759 -0.086268  0.141522 -0.044837
  0.142086  0.107891  0.01451   0.13205  -0.050886 -0.005491]
[-0.761087 -0.790315 -0.799949 -0.636417 -0.73755  -0.719765  0.066027
 -0.082198 -0.079129 -0.017327 -0.017122 -0.103249  0.021142  0.011736
 -0.148883  0.063421 -0.009217  0.016705  0.038218  0.037654]
[-0.934172 -0.900089 -0.794381 -0.83318  -0.791809 -0.884219 -0.005487
  0.006619 -0.037012 -0.092856 -0.016992  0.02802  -0.016097  0.014014
 -0.011657  0.038451 -0.133441  0.086962  0.032386 -0.028028]
[-0.915032 -0.90004  -0.875009 -0.968459 -0.901352 -0.80494   0.041964
 -0.210955  0.088865  0.013085 -0.151633  0.032311 -0.017799 -0.125613
 -0.233241 -0.05806   0.070332  0.061601  0.02031  -0.002813]
[ -7.446250e-01  -1.164834e+00  -9.390642e-01  -7.559809e-01  -6.036426e-01
  -1.006347e+00  -6.374404e-02  -3.378615e-02   1.031575e-01   1.256432e-01
  -1.522476e-02   1.162521e-01  -1.555586e-02  -1.067197e-02  -7.576194e-03
   6.126781e-02   1.084037e-01  -1.159520e-01  -5.508515e-03  -6.625443e-04]
[-0.873386 -0.92605  -1.007274 -1.042659 -1.128646 -1.029165 -0.084641
 -0.080022 -0.024236 -0.190838 -0.023616 -0.009846  0.052921 -0.113246
 -0.016469 -0.014539 -0.106584 -0.126103  0.039203 -0.012947]
[-0.934576 -0.675165 -0.62882  -1.180777 -1.100707 -0.990257 -0.091518
  0.173398  0.189146 -0.121473  0.124045  0.291697 -0.07002   0.062125
  0.192071 -0.072578 -0.064781 -0.082829 -0.133804 -0.01475 ]
[-0.846904 -0.768628 -0.875363 -0.834662 -0.883008 -0.875973 -0.013713
 -0.011129 -0.013556  0.005559  0.10378  -0.027312 -0.00813   0.062363
 -0.108712  0.02895   0.016229 -0.021523  0.038294 -0.028048]
[-1.09261  -0.696436 -0.883176 -0.724909 -0.945688 -0.693051 -0.044529
 -0.114325  0.101576  0.031813  0.024995  0.084034 -0.079177 -0.009307
 -0.064073 -0.08475   0.002262 -0.062864  0.019762  0.016257]
[-0.992582 -0.760565 -0.80702  -0.838329 -0.942913 -0.685226  0.036793
 -0.070179 -0.034115  0.048388 -0.149598 -0.042439 -0.209722 -0.080911
 -0.135413 -0.245816  0.027068  0.115778 -0.017468 -0.052029]
[-0.997055 -1.07619  -1.162714 -0.836742 -0.992262 -1.210228 -0.022302
 -0.080267  0.01447   0.03614   0.042641  0.106832 -0.207924  0.11047
  0.092856 -0.1984    0.02713   0.004972  0.016901  0.012364]
[-0.751184 -0.741772 -0.748194 -0.779121 -0.80972  -0.810393  0.009693
  0.065121 -0.065699 -0.016039 -0.013049 -0.084684  0.043754 -0.020266
  0.020716  0.043633 -0.055093  0.017721 -0.004248  0.019257]
[-0.569778 -0.746716 -0.781116 -0.715446 -0.625429 -0.937291 -0.003483
 -0.057052 -0.145455  0.058246  0.027581 -0.173253  0.011335  0.039781
 -0.044681  0.039011  0.021999 -0.020091 -0.036796 -0.015272]
[-0.877411 -0.850053 -1.11933  -0.681121 -0.798095 -0.922554  0.03401
 -0.004324 -0.107071  0.010141 -0.162874 -0.061131 -0.057762 -0.074176
  0.059904 -0.04762  -0.003239  0.155981 -0.053074 -0.045169]
[ -6.188274e-01  -6.346315e-01  -5.397649e-01  -8.275604e-01  -6.331126e-01
  -6.466432e-01  -6.623020e-02  -3.750654e-02  -7.144931e-02  -4.733322e-02
  -7.928752e-04  -6.795399e-04   9.359327e-02   4.852631e-03  -4.261127e-02
   1.048629e-01   6.829904e-03  -4.274060e-02  -3.618911e-02  -2.834012e-02]
[-0.920532 -0.733045 -0.763674 -0.795448 -0.933151 -0.626823  0.026923
  0.095747  0.01582   0.130769 -0.090709  0.005153 -0.10768  -0.033206
  0.021899 -0.201352  0.084087 -0.020176 -0.059782 -0.052583]
[-1.061085 -0.868217 -0.940076 -0.830519 -0.891635 -0.916893  0.031309
 -0.050192 -0.092784  0.253271  0.053335 -0.082399  0.002479  0.090768
 -0.041474  0.066529  0.247335  0.137826  0.01383   0.052169]
[ -8.325969e-01  -6.759001e-01  -7.505688e-01  -6.263767e-01  -7.097346e-01
  -5.356473e-01   3.683608e-02  -7.581287e-03  -7.974830e-03  -9.456154e-02
  -1.429183e-01   2.810888e-02   1.225695e-01  -1.550132e-01   2.637049e-04
   7.403726e-02  -9.069856e-02   4.442120e-02  -4.149440e-03  -4.159257e-03]
[-0.464706 -0.833199 -0.847111 -0.523106 -0.506508 -1.018978 -0.135704
  0.106358  0.09634  -0.040108  0.041499  0.029942 -0.012757  0.027657
  0.129126  0.011521 -0.082856 -0.073938 -0.039223  0.005477]
[-0.881072 -0.993807 -0.743326 -0.943063 -0.808988 -0.941554 -0.043725
  0.077513  0.038161  0.018068 -0.027364 -0.009927  0.068419 -0.028517
  0.07055  -0.010752 -0.033178 -0.046352 -0.026727 -0.023449]
[ -1.135033e+00  -1.181989e+00  -1.054021e+00  -1.153709e+00  -9.650357e-01
  -1.116535e+00  -4.495401e-02   3.298087e-02  -1.019481e-03   1.579731e-02
  -2.965180e-02   4.997121e-02  -1.935278e-02  -7.194927e-02   2.686150e-02
  -6.781606e-02  -2.392293e-02   3.950877e-03  -5.747483e-05  -1.144577e-02]
[-0.896382 -0.783129 -0.902857 -0.931843 -1.121864 -1.120179 -0.01625
  0.003343 -0.014096 -0.017909  0.026492 -0.097982  0.013277 -0.028639
  0.057012 -0.005216  0.07172   0.010888 -0.008001 -0.012102]
[-0.816954 -0.722328 -0.627345 -0.832698 -0.641118 -0.660647 -0.072985
  0.045552 -0.0703   -0.04962  -0.184852 -0.102332  0.040386 -0.130532
  0.118769  0.073875 -0.042886 -0.048805 -0.007551  0.001579]
[ -1.188803e+00  -1.021074e+00  -1.032321e+00  -1.222991e+00  -1.221994e+00
  -1.053620e+00   9.286629e-02  -6.125793e-02  -5.114750e-02   4.694530e-02
   1.146669e-01   1.932998e-02  -1.200814e-02   1.576945e-01   4.205400e-04
  -1.359484e-02  -2.014663e-02   8.276439e-03  -9.272235e-02  -4.648562e-02]
[-0.818017 -0.747514 -0.679372 -0.909494 -0.795857 -0.778409  0.037224
 -0.033359 -0.050015  0.040938  0.015023 -0.055629 -0.069596  0.044633
 -0.032344 -0.039896  0.060862  0.053558 -0.006149 -0.017339]
[ -1.177635e+00  -1.103474e+00  -9.719514e-01  -1.336858e+00  -1.002008e+00
  -1.039285e+00  -2.144982e-02  -1.584757e-01  -5.525721e-02   4.689337e-02
  -7.728856e-02  -5.647556e-02   4.101948e-02  -1.013712e-01  -1.287667e-01
   5.901075e-02  -1.194406e-03  -9.975753e-02   5.883939e-03  -6.366113e-03]
[ -9.326541e-01  -9.869806e-01  -7.367126e-01  -8.061109e-01  -6.084801e-01
  -5.915381e-01  -5.738979e-02   1.585475e-02   9.969685e-02   6.767782e-02
  -4.652340e-02   9.159941e-02   1.192339e-01  -4.327881e-02  -9.421291e-03
   8.241361e-02  -8.231508e-04  -4.144309e-02  -6.594360e-02  -3.235362e-02]
('Mean', 1, ': ', -0.93265409406758737)
('Median', 1, ': ', -0.93265409406758737)
('Variance', 1, ': ', 0.0)
('Mean', 2, ': ', -0.9869806496430662)
('Median', 2, ': ', -0.9869806496430662)
('Variance', 2, ': ', 0.0)
('Mean', 3, ': ', -0.73671259014771961)
('Median', 3, ': ', -0.73671259014771961)
('Variance', 3, ': ', 0.0)
('Mean', 4, ': ', -0.80611090403835928)
('Median', 4, ': ', -0.80611090403835928)
('Variance', 4, ': ', 0.0)
('Mean', 5, ': ', -0.60848012569042753)
('Median', 5, ': ', -0.60848012569042753)
('Variance', 5, ': ', 0.0)
('Mean', 6, ': ', -0.59153813471361816)
('Median', 6, ': ', -0.59153813471361816)
('Variance', 6, ': ', 0.0)
('time: ', 10088.28406882286)
