“Running plot script on a single CPU core”
[  3.219502e-01   2.766117e-01   3.043662e-01  -5.528717e-01   3.070583e-01
  -5.798164e-01   3.476041e-04  -2.577287e-02   1.974242e-01  -9.682012e-01
   3.330267e-01   1.509710e-01  -7.868274e-01   3.091492e-01   2.800204e-01
   2.280667e-01  -9.900289e-01   9.471508e-02  -5.840083e-01  -4.840209e-01]
[ 0.330416  0.153064 -0.122328  0.308944 -0.999752  0.163617  0.303125
 -0.100879  0.27256  -0.023663 -0.545008  0.333316  0.202409  0.11534
  0.031983  0.25712   0.320746  0.319988  0.220112  0.329036]
[ 0.320238  0.26429  -0.464647  0.297709 -0.999994  0.02708   0.066492
 -0.865958  0.163721 -0.146022  0.31266   0.327928  0.329584  0.277807
  0.246266  0.3295   -0.747617  0.330674 -0.568372  0.178584]
[-0.024239 -0.683278  0.333234  0.27683   0.331291  0.064587 -0.71163
  0.190782  0.333034  0.266822 -0.996782 -0.919179  0.248707  0.160492
  0.02461   0.207171  0.227055  0.299147  0.171726  0.326856]
[ 0.329908 -0.00634   0.143024  0.279565  0.166066  0.300219 -0.375304
  0.106375  0.298532  0.316113 -0.758562 -0.57585  -0.048444  0.306826
  0.310107  0.298812 -0.642779  0.02397  -0.638587  0.257143]
[ 0.06909   0.258659 -0.004372  0.333193  0.146348 -0.938087  0.248262
  0.194267  0.306899  0.182126  0.32343   0.025764  0.298855  0.300065
  0.222679  0.258796 -0.442529  0.113978  0.187995  0.332482]
[ 0.328024 -0.381651  0.255444  0.259633  0.266732  0.031838  0.304209
  0.028473  0.047853 -0.331961 -0.779136 -0.220742  0.182264 -0.989931
  0.309541  0.329102  0.277056  0.09143  -0.302094  0.333288]
[ 0.300915  0.080486  0.28635  -0.375199  0.064161 -0.013561  0.2437
 -0.133842  0.07716   0.201998 -0.396246  0.090878  0.309004 -0.012834
 -0.009213 -0.123844 -0.993079 -0.213048  0.330742  0.239743]
[-0.56365   0.3277    0.240609 -0.469639 -0.792172 -0.250044  0.082879
 -0.008259  0.18585   0.113672  0.079947  0.325057  0.1528    0.276159
  0.329742  0.089239  0.323535  0.049101  0.106561  0.207573]
[ 0.019397  0.328471 -0.558913 -0.219885  0.240777  0.319046 -0.80681
  0.234091 -0.121151 -0.550745  0.308737  0.159726  0.148067 -0.08125
 -0.234033  0.331391  0.236071 -0.441944  0.330428  0.308492]
[ 0.15988   0.027853  0.291253  0.121695  0.23817  -0.666141 -0.143998
  0.329142 -0.063853  0.098481  0.31564   0.329439 -0.288254  0.329956
  0.097187  0.329121  0.258132  0.201989 -0.146695 -0.857024]
[ 0.27447   0.223392 -0.305751  0.333228 -0.914923  0.299758 -0.666185
  0.249277  0.070669  0.280328  0.31356   0.19554   0.222959  0.326621
  0.210983 -0.581328  0.305083 -0.614933 -0.722383  0.330269]
[-0.454327 -0.012921 -0.152084  0.078936  0.235381  0.268203 -0.065183
 -0.997363  0.323086  0.245891  0.167665 -0.232176  0.232992  0.206376
  0.316238 -0.228725  0.231332  0.32622  -0.040497 -0.030468]
[ 0.325845  0.165584  0.072213  0.172816 -0.813195 -0.256398  0.271582
  0.299382 -0.307006 -0.341946  0.291766  0.305432  0.278693  0.322899
  0.327171  0.002043 -0.484644  0.046249  0.078866  0.252763]
[ 0.328442  0.326202  0.320506  0.328707  0.051855 -0.640077  0.324872
 -0.969933  0.242748 -0.961748  0.293261  0.33248   0.272718  0.321145
 -0.090855 -0.891047  0.323448  0.332506  0.242472 -0.96426 ]
[ 0.24156  -0.254027 -0.770805 -0.778921  0.333274  0.265916  0.271948
  0.305988 -0.99786  -0.155149 -0.997471  0.032242  0.09893   0.312494
 -0.942399 -0.56209   0.265151 -0.921038  0.299074  0.308848]
[ 0.307374  0.288687 -0.584425  0.22709   0.089725  0.331681  0.329416
  0.309911  0.255527 -0.322845  0.25039   0.263644 -0.742596 -0.130392
 -0.262364  0.222423  0.332767 -0.168536  0.3319    0.143256]
[ 0.256373 -0.210043 -0.057455 -0.618597  0.085629 -0.076237 -0.133371
  0.268331 -0.895164  0.300144  0.263855 -0.514021  0.327872  0.2935
  0.236017 -0.528568  0.259877 -0.262609  0.244984  0.319455]
[-0.070041  0.328521  0.311836  0.317882 -0.906928 -0.574634  0.324095
 -0.169884 -0.977644  0.243601  0.268829 -0.026497  0.196969  0.310732
  0.291655  0.282257  0.313273  0.154927  0.328722 -0.302907]
[-0.709868  0.194384  0.326733 -0.468359  0.333145  0.178733  0.063609
  0.101809  0.319303  0.232597  0.317687 -0.993128  0.142136  0.277867
  0.290973  0.087931 -0.032746  0.106152 -0.576754  0.13199 ]
[ 0.12598   0.303118  0.065839  0.218693  0.332318  0.29708   0.333145
  0.283497  0.297886  0.251011 -0.139798 -0.01612   0.328278  0.331232
 -0.818646  0.026747 -0.298951  0.333323 -0.438517  0.328408]
[ 0.197578 -0.01388   0.304367 -0.844899  0.303974 -0.609868  0.329116
  0.331848 -0.394466  0.321145  0.056893 -0.192895 -0.145477  0.333085
 -0.859353 -0.906606  0.333103 -0.135641 -0.543814  0.331589]
[-0.994984  0.148051 -0.634235  0.306301  0.32403   0.205067  0.328583
  0.106039  0.333208  0.14489   0.07483  -0.453338 -0.32257   0.31604
  0.247428  0.319104  0.218816  0.182809  0.331969  0.165222]
[ 0.318562  0.23454  -0.368745 -0.974516  0.328582  0.245729 -0.110179
  0.241813  0.297222 -0.37368  -0.470378  0.236477  0.277344  0.178506
 -0.823419 -0.586077 -0.281625  0.262991  0.284233 -0.616774]
[ 0.046148  0.217111  0.328429  0.27663   0.291559  0.273317 -0.085259
  0.271433  0.306685  0.004153  0.318945  0.319803  0.332315  0.069232
  0.22375  -0.45858  -0.354282 -0.37911   0.280117  0.330251]
[-0.078098 -0.049579 -0.08855   0.045172 -0.540762  0.309994 -0.990245
 -0.532668  0.142117 -0.035879  0.281647  0.246736 -0.9122    0.287567
  0.25541   0.28719   0.333212 -0.603978  0.299486 -0.26173 ]
[-0.289814  0.269629 -0.758131 -0.917532 -0.805103 -0.999698  0.29535
  0.088221 -0.625397  0.322318  0.154459  0.303614  0.224475  0.333204
 -0.869552 -0.279308  0.308299  0.194464  0.27696  -0.571103]
[ 0.327026 -0.688154 -0.903897 -0.864074  0.032469 -0.832525  0.331977
 -0.059583  0.21807   0.285261 -0.358723  0.214936  0.277009  0.296867
 -0.504623 -0.530793 -0.478268 -0.16617   0.288423  0.155998]
[ -1.037931e-01   1.703002e-01   1.768309e-01   3.148223e-01   2.362732e-01
   2.748076e-01   1.786853e-01  -9.852851e-01   3.253536e-01  -3.876648e-04
   2.263790e-01   3.328472e-01  -9.821777e-01  -9.346688e-01  -9.389269e-01
   2.743960e-01   3.027086e-01   3.319748e-01   3.105694e-01   1.817145e-01]
[-0.99999   0.302679  0.225262  0.239053 -0.144687  0.318516  0.139534
 -0.952199  0.31457   0.321375 -0.258358 -0.749479  0.333314  0.319034
  0.27144  -0.019329  0.099592  0.159835 -0.837201 -0.249155]
[-0.265826  0.211116  0.112219 -0.91921   0.332918  0.13266   0.282479
 -0.269148  0.265248  0.312954 -0.699698  0.264509  0.310918  0.330353
  0.315442 -0.610642 -0.909615  0.319158 -0.043001 -0.287665]
[ 0.178503  0.332695 -0.582318  0.216803 -0.872644  0.09619   0.308582
 -0.95995   0.328229  0.073663  0.272847 -0.560248 -0.030659 -0.858121
  0.204001 -0.304133  0.295683 -0.905338  0.127217  0.274103]
[ 0.229009  0.270065  0.297808  0.169249  0.227439 -0.090428 -0.042045
  0.332948 -0.978178 -0.978241  0.038655  0.087212  0.11939   0.331234
  0.296421 -0.098499 -0.41018   0.31064   0.321392  0.222916]
[ 0.312153 -0.136467  0.155429  0.322617 -0.268483 -0.329801  0.120907
  0.330384  0.298999  0.310578  0.096299  0.19276  -0.776068 -0.021633
 -0.929864  0.314125  0.248265 -0.988577  0.333312 -0.12304 ]
[ 0.213658 -0.066222  0.181694 -0.357374  0.321894  0.333222  0.330593
  0.308434  0.207948  0.246267  0.049666  0.322616  0.112032 -0.211059
 -0.161734  0.333179 -0.042056  0.318499  0.058268  0.308618]
[-0.048837 -0.995143  0.208022  0.332575 -0.093567  0.31648   0.240588
  0.332688  0.042067  0.302338  0.199041 -0.999996 -0.251165  0.164565
  0.267761  0.129214  0.296786  0.231256  0.301377  0.080676]
[ 0.30391   0.333159  0.305222 -0.302674 -0.530724  0.196524  0.070579
  0.315875 -0.207163  0.287479  0.15023   0.209934  0.316447  0.167464
  0.30933   0.226811 -0.533434  0.317244 -0.470122  0.318755]
[-0.318576 -0.00724   0.287676 -0.167708  0.20842   0.139627  0.053689
 -0.154936  0.323515  0.252817  0.285504  0.283085 -0.045992 -0.342507
  0.247927  0.093697  0.161628 -0.441407  0.264115  0.310286]
[-0.490245  0.318336  0.293905 -0.748632  0.328447  0.003465 -0.822679
  0.076524  0.308721  0.120168 -0.695687  0.277773 -0.880202 -0.87361
  0.331682 -0.221855 -0.958307  0.127893  0.311579 -0.724508]
[ 0.324005  0.328909 -0.726946 -0.833099  0.21361   0.067672  0.28393
 -0.143355  0.322636  0.139296 -0.057406  0.276027  0.322645 -0.972004
  0.267309 -0.956967  0.273051  0.309037 -0.042956  0.083005]
[ 0.107256  0.288999  0.221802  0.155728 -0.06911   0.32075  -0.993681
  0.235608  0.326528  0.327526  0.299097  0.331627  0.083849  0.243789 -1.
  0.33236   0.319465 -0.684766  0.333316 -0.128416]
[ 0.131991  0.332758 -0.801739 -0.38401   0.332367 -0.088648  0.299497
 -0.096387 -0.558294 -0.046539  0.032291  0.32649  -0.78275  -0.078434
 -0.134964  0.319178 -0.298061  0.3061   -0.073783  0.332722]
[ 0.187022  0.235729  0.23824   0.29463   0.280225  0.295788 -0.612543
 -0.73932   0.332822  0.23452  -0.497519  0.301239  0.051408 -0.667674
  0.316706  0.220055  0.17817  -0.290039  0.183548 -0.008007]
[ 0.330811 -0.281096  0.330354  0.237163  0.333252  0.188454  0.108277
  0.329323 -0.629169  0.304895 -0.757861 -0.014917 -0.87147   0.028864
 -0.567841  0.284842 -0.045073  0.32796  -0.427704  0.2638  ]
[ 0.219551  0.232305 -0.995528 -0.996237  0.097402  0.138638 -0.200111
 -0.763102  0.304963 -0.410842 -0.831264 -0.308663 -0.759113 -0.015695
  0.29836  -0.410908  0.33162  -0.182526  0.266696 -0.40509 ]
[ 0.282027  0.325551  0.225849  0.282103 -0.040984  0.076083  0.306487
  0.331624  0.290932 -0.819492  0.312799  0.233627 -0.650942  0.084575
  0.12393   0.258208  0.324987  0.0806   -0.106199  0.326135]
[-0.818256  0.27846   0.226511 -0.39832   0.186123 -0.0856    0.285275
  0.263968  0.285041  0.218496  0.132201  0.161759  0.33042   0.316704
 -0.956008  0.274651  0.302528  0.154401  0.254413  0.304664]
[-0.431154  0.26588  -0.922734  0.265796  0.175831  0.284737  0.087854
  0.301879 -0.253894  0.322413  0.226043 -0.071435 -0.72611  -0.541733
  0.010708 -0.100171 -0.347785  0.206018  0.284087 -0.63806 ]
[ 0.326937  0.31974   0.161581  0.109749 -0.375196  0.312643  0.24961
  0.273434 -0.237263  0.117421  0.281936  0.33255   0.297173  0.224276
  0.254986 -0.535556 -0.250974  0.332541  0.331966  0.322616]
[-0.570662  0.242206  0.166973  0.198487  0.313459  0.320931 -0.072774
  0.320651 -0.836755 -0.538348 -0.021859 -0.052215  0.296487  0.235103
  0.067729  0.250461  0.309437  0.332288  0.229354  0.206009]
[ 0.22029   0.227544  0.180319 -0.454315 -0.055691  0.321041 -0.622188
 -0.027532 -0.21734  -0.573048  0.315388 -0.991196 -0.728689  0.16899
  0.332253  0.326224  0.067417  0.129527 -0.761441  0.333266]
[ 0.023663  0.32379   0.326051 -0.959985  0.224119  0.240396 -0.997999
 -0.322743 -0.998083 -0.960065  0.100887  0.303643  0.322497  0.2498
 -0.075853  0.264435 -0.038883 -0.236423  0.297399  0.272157]
[-0.42576   0.253645  0.013014  0.090033  0.21939   0.314124  0.291296
  0.278692  0.308786 -0.091982  0.107208  0.227633  0.29183   0.333299
  0.202349 -0.298804 -0.868501 -0.262627  0.304925 -0.610923]
[-0.790334 -0.132397  0.079207 -0.23103   0.224518 -0.935472  0.329095
 -0.966     0.307618 -0.607711  0.039124 -0.537017 -0.796401  0.168329
 -0.333515 -0.114367 -0.250453  0.303165  0.300588  0.127273]
[ 0.244272  0.317585 -0.22019  -0.127221  0.132044  0.13631  -0.650541
  0.213826 -0.36374   0.280883  0.206433 -0.044479  0.306591  0.303793
  0.07386  -0.099325  0.300976  0.262893  0.329655  0.1685  ]
[ 0.332145  0.048267  0.075038 -0.180107 -0.334342 -0.35783  -0.977733
  0.191308  0.233116 -0.899582  0.229039 -0.871256  0.331965  0.280776
  0.290329  0.277961  0.320088 -0.418957  0.321485  0.280223]
[ 0.29739   0.103351 -0.383859 -0.189381 -0.577803  0.279852  0.316703
 -0.494372 -0.505713 -0.60982   0.332789 -0.864169  0.254479  0.070524
 -0.680151 -0.776987  0.189638  0.326191  0.042428  0.326573]
[ 0.318283  0.230093  0.279828 -0.561588 -0.072131 -0.991795  0.302839
 -0.977504 -0.926168  0.170779  0.169514  0.031164  0.160974  0.278338
  0.017039  0.326365 -0.363872  0.312362 -0.007335 -0.969866]
[ 0.333213  0.258598 -0.999593 -0.044555 -0.245683 -0.675011  0.330486
 -0.891436  0.308872 -0.053091  0.118594  0.233005  0.039524  0.331759
  0.275489 -0.20155  -0.562196  0.260361  0.289323  0.308733]
[ 0.188204  0.312596  0.005477 -0.511908 -0.104544  0.331847  0.154446
 -0.990476  0.305502  0.305471 -0.704839  0.285164  0.209167  0.333278
  0.229582  0.254771  0.26441   0.262595  0.322482  0.163423]
[ 0.230203 -0.83843   0.31192  -0.054446 -0.646334 -0.880166  0.325456
  0.213423  0.300985  0.048394  0.303386 -0.785527  0.326826 -0.077163
 -0.662783  0.218147 -0.493936 -0.935047  0.332745  0.299176]
[ 0.270605  0.019736  0.329681  0.231148 -0.654734  0.324071  0.02308
  0.333327  0.152203 -0.758095 -0.409415 -0.612005  0.127982  0.295162
  0.042719 -0.820615  0.158701 -0.604818  0.327721  0.22323 ]
[ 0.147763  0.051395  0.303614 -0.399189  0.329499  0.316504  0.318143
  0.111352  0.10401   0.311798  0.314155 -0.998199 -0.8447    0.183355
  0.306784 -0.631486  0.287208  0.278358  0.306269 -0.042769]
[ 0.29582   0.327177  0.045581  0.099036  0.076225  0.164781 -0.402451
 -0.643558  0.03189  -0.439625  0.292042  0.261695 -0.083427 -0.467471
  0.103026  0.160782 -0.940595  0.325907  0.212506 -0.994599]
[-0.320688  0.245613  0.232462  0.309402  0.308018 -0.663891 -0.229876
  0.291329  0.062801  0.309744  0.050351  0.024746  0.305762  0.297276
 -0.542323  0.044673  0.036572  0.071351 -0.149872 -0.9627  ]
[ 0.306738 -0.263918  0.173102  0.185994 -0.999319 -0.495421  0.303687
 -0.218625  0.146549  0.323287 -0.177219  0.197167  0.200021 -0.247013
 -0.999767 -0.800654 -0.162995  0.198388  0.273166 -0.286932]
[ 0.133197  0.320387  0.246574  0.081907  0.301331  0.314061  0.217004
  0.131958 -0.124829  0.05781   0.002479  0.26255   0.287306 -0.524939
 -0.094876  0.330958 -0.086009  0.333333 -0.141287  0.191334]
[ 0.248459  0.31324   0.045422  0.329916  0.265976 -0.043384  0.324523
  0.322391  0.150485  0.286668 -0.997508  0.182003  0.08202   0.137776
 -0.920327  0.280483 -0.13946  -0.489421  0.297405  0.321893]
[ 0.333305  0.317958  0.281754  0.332381  0.001064  0.246705 -0.031434
  0.275073 -0.567667 -0.856371 -0.463104  0.308582  0.08423   0.332656
 -0.163318  0.127377  0.222573 -0.212741 -0.500904  0.301434]
[ 0.322152  0.080543 -0.703317  0.33329   0.240338  0.253137  0.189643
  0.036543  0.229099 -0.259265 -0.956577 -0.021122  0.331421  0.161904
  0.145321 -0.297408 -0.126025 -0.087137  0.255434  0.323128]
[-0.305598  0.262716  0.330687  0.139873 -0.192786  0.319928  0.102567
  0.161828  0.032192  0.016348 -0.215589  0.319408 -0.009718  0.289893
  0.328488  0.332749 -0.986556 -0.992295  0.008832  0.058103]
[-0.996605 -0.856093  0.326968 -0.995946 -0.972541  0.07931  -0.551396
  0.228947  0.323524  0.323081  0.297202  0.281579  0.324815 -0.281426
  0.099849 -0.0798    0.314408 -0.013124  0.197552 -0.028098]
[  3.027850e-01  -2.239568e-02   3.304436e-01   5.760768e-02   1.917462e-01
   5.241117e-05   3.332510e-01   3.095299e-01   3.331925e-01   2.149975e-01
  -1.383218e-02  -8.523189e-01  -1.397623e-01   2.760913e-01   3.305855e-01
   3.317671e-01   6.387563e-03   2.486199e-01   1.427810e-01   3.303311e-01]
[ 0.311918  0.330876 -0.047172  0.324598  0.318741 -0.805164  0.222404
  0.229214 -0.739111  0.206203  0.324853  0.2936   -0.347327 -0.806215
  0.227726  0.333144  0.319458 -0.913175  0.287211 -0.902467]
[ 0.211314 -0.142828 -0.824645 -0.876464  0.004881 -0.302279  0.279793
 -0.382753  0.258747  0.164067 -0.265106 -0.526562 -0.378978  0.261308
  0.307327  0.296468  0.324501  0.25546  -0.753178  0.01948 ]
[ 0.324588  0.333096 -0.921549  0.240907  0.31647  -0.999875  0.209761
  0.321703  0.267338 -0.229886 -0.117114  0.216899  0.003156 -0.71056
  0.125389 -0.342883 -0.083497  0.33187  -0.204284  0.330636]
[-0.713956  0.322917  0.234078 -0.049277  0.333201  0.006996 -0.808813
  0.331626 -0.629718  0.332578 -0.998821  0.229435  0.163034 -0.911292
  0.305586  0.053261 -0.399992  0.190927  0.321074  0.121908]
[ 0.227312  0.115025 -0.928789 -0.203948 -0.910411  0.239095 -0.19526
 -0.110937  0.237106  0.005303 -0.901369 -0.482396 -0.279748  0.24043
 -0.945574  0.061825 -0.282311  0.316505  0.330746  0.332172]
[-0.75105  -0.119822 -0.996561  0.203952  0.298934 -0.99048  -0.914475
  0.311602 -0.100589  0.004645  0.261601  0.333288 -0.819216  0.296891
 -0.21287  -0.166662  0.333079 -0.397292 -0.011506  0.178281]
[ 0.312705 -0.132352  0.255074  0.122418 -0.413562  0.324403  0.179651
 -0.637624  0.322782 -0.603042  0.062591  0.285625  0.30134  -0.625049
  0.231471  0.332088  0.204407  0.317264  0.162006  0.325152]
[ 0.304989 -0.216901 -0.081038 -0.826528  0.279687  0.320264 -0.116781
  0.058334  0.259926 -0.534147  0.262856  0.06951   0.307603  0.15816
  0.052301  0.291465 -0.482153  0.24483   0.329613  0.21114 ]
[ 0.249943  0.253289 -0.372644 -0.949619  0.310729  0.197211 -0.07494
  0.110557  0.296945  0.310627  0.319484  0.177614  0.1229    0.205344
  0.319906  0.085576  0.22072  -0.999305 -0.120225  0.33154 ]
[ 0.216991 -0.339967  0.105156  0.325459  0.319437 -0.997496 -0.127895
 -0.075482 -0.889932  0.333146 -0.972214 -0.290471  0.279091 -0.753172
 -0.350166  0.054507 -0.594833 -0.390002  0.091493 -0.071402]
[ 0.292419  0.19027   0.02106   0.328187 -0.851744 -0.122167  0.058626
 -0.035695  0.276212  0.33115   0.21441   0.189575  0.288339  0.236225
 -0.813793  0.094728  0.317637 -0.990773  0.200162  0.178768]
[-0.293316  0.286024  0.329331 -0.960965 -0.45429  -0.990854  0.30764
 -0.917935  0.270664  0.262565  0.174877 -0.195427 -0.706746  0.257655
 -0.742446 -0.821085  0.260416  0.141805  0.178854  0.163976]
[ 0.325714  0.310238 -0.356611 -0.483003  0.049156 -0.31008  -0.149809
 -0.599764  0.309775  0.29457   0.333271  0.254566  0.333293 -0.065253
  0.098295  0.086133  0.323689  0.320372 -0.000825 -0.224116]
[ 0.284829 -0.996454 -0.567487 -0.135564 -0.147761 -0.022537  0.200278
  0.333094 -0.518041  0.332358  0.229162  0.284005  0.234679  0.278493
  0.082212  0.053921  0.333295  0.224692 -0.042392 -0.739246]
[-0.028225 -0.019227 -0.022664  0.286125  0.168369 -0.018498  0.213476
  0.319311  0.304705  0.323958 -0.709229  0.176914  0.249251  0.328897
 -0.997582  0.221647  0.329744  0.274554 -0.999951 -0.043256]
[ 0.312519 -0.681351 -0.156608 -0.783803 -0.119713 -0.153872  0.332414
  0.083464  0.212896  0.057592  0.203962  0.325547 -0.201121 -0.076958
  0.218014  0.316641  0.269681  0.194384  0.089064  0.333006]
[ 0.332033  0.320369  0.123031 -0.161042  0.333318  0.2498    0.290267
 -0.700134  0.02586   0.282221  0.21989  -0.835802 -0.162685  0.142025
  0.327153 -0.579686  0.078245  0.318209 -0.131265  0.331258]
[ 0.327845  0.307288  0.145587 -0.99773  -0.83887   0.33276   0.328674
  0.331983  0.325033 -0.578113 -0.982961 -0.552656  0.325162  0.325293
  0.333027  0.329968 -0.530263 -0.02145   0.140502  0.304375]
[ 0.327625  0.198678  0.246885 -0.32757   0.311936  0.179343  0.204566
  0.27967   0.151794  0.291955 -0.134579 -0.129777  0.278639  0.327043
  0.063191 -0.672103  0.265168 -0.510303  0.167064  0.245725]
[ 0.33166   0.057656  0.321669  0.222659  0.107808  0.330764  0.294077
  0.096337 -0.110568  0.082563  0.289224 -0.566288  0.288442  0.325221
  0.332697 -0.409009  0.288937  0.097473 -0.953489  0.332173]
[ 0.240815  0.087838 -0.057903 -0.032352  0.231363  0.287888  0.279593
 -0.126777  0.327566 -0.696839 -0.677188  0.220179  0.215988  0.333156
  0.286976  0.058976 -0.995278  0.006137  0.317844  0.264628]
[ 0.313971  0.099027  0.330307 -0.693583  0.163966  0.317284 -0.416067
 -0.89917   0.33294  -0.335621 -0.125757  0.285398 -0.21309  -0.186403
  0.109339  0.214796  0.074711 -0.413124  0.319165 -0.14174 ]
[-0.353972  0.32666  -0.56681  -0.999172 -0.221081  0.325711 -0.999998
 -0.360993  0.307088  0.323168  0.307704 -0.455211  0.32055   0.327882
  0.324656  0.064516  0.090883  0.326911  0.308008  0.035599]
[-0.043096  0.333294  0.312192  0.28174   0.279756 -0.130405 -0.253709
 -0.430968  0.209067  0.149462 -0.956311 -0.236136 -0.337149  0.041061
  0.250685  0.022611  0.060997  0.103085  0.132238 -0.577261]
[-0.262764  0.054225  0.276403  0.324707 -0.991748  0.330981  0.132025
 -0.736856  0.330618  0.12826   0.164197 -0.891758  0.332993  0.33004
 -0.090528  0.331955  0.255612 -0.423962  0.325791  0.103948]
[ 0.331859  0.249749 -0.977326  0.331267  0.019467  0.321299 -0.176556
 -0.909209 -0.251681  0.211386 -0.996205 -0.054263  0.322067  0.105104
  0.06371   0.252456 -0.92084   0.308444  0.328237  0.329263]
[-0.252103  0.127231 -0.602636  0.083998 -0.92173   0.126417  0.210741
 -0.947461 -0.519171 -0.472898 -0.164467  0.314123  0.333328 -0.99446
  0.168958  0.318083  0.058265  0.150283  0.291451  0.148929]
[-0.02428785890657037, 0.019151129702852765, 0.0063995437603758254, 0.054003231306760546, 0.0069171276265740933, 0.020741628144509305, 0.11620167933188888, 0.07944710062474683, -0.028131648438307177, 0.015055960203664792, 0.0098051513196494855, 0.092515073384722257, -0.020166607885413912, 0.016332065664118656, 0.052540320496031523, -0.0028001803135063452, 0.026313802373976791, -0.034376974781268665, -0.0057647426213120745, 0.019135742087681318, 0.03201670165070479, 0.0157528349962196, 0.0082452279736395795, 0.05686117597105006, -0.0025486020856495331, 0.018382908238670698, -0.016525124450448625, -0.0083318777683725753, 0.025601327751853725, -0.067729219625953796, 0.010226501374771879, 0.058396936161267038, 0.063272478137414018, 0.032331689050874968, -0.022439060170605207, 0.066063640150584635, -0.011969066947632667, 0.010937122260431031, 0.06331686937921932, 0.049953196194532756, 0.012103936061803239, 0.052594410033620906, 0.093287456034908386, -0.12566761348934358, -0.018065454967319206, -0.034360550062014994, 0.047680970648526722, -0.016680325355233228, 0.0018854876153885924, -0.059609243357906516, 0.056040959553845165, 0.075352447020984953, -0.034949117850558153, -0.011649682339331724, -0.034186844252843684, 0.16462814898422681, 0.10861134296171937, 0.065639909159625698, 0.048127315595451803, 0.0004305654290111538, 0.049774354293140782, 0.020988822666235113, 0.059842291701600811, 0.0097106084512577073, -0.023594284940727794, 0.08172333680646296, -0.015149065722054433, 0.074286260275220783, 0.017371914905516705, 0.088791463938113629, -0.0060292259578191842, -0.10671583662516793, 0.053463357137019135, 0.036038215218471725, 0.026993831363257309, 0.0025982623691995221, 0.014435880369788379, -0.033645622791231455, 0.0342029970891502, -0.092052105577592691, 0.063784593085394831, -0.047075204017427819, 0.030960535631433445, -0.039958464390921489, -0.007824984475691632, 0.058450034835368314, -0.041633158016649074, -0.0016830316757281208, -0.043274688362603675, 0.02832405796793136, 0.11051927866380126, 0.018906119078982264, -0.00039192454476244531, 0.028783705754264394, 0.029979128790302068, -0.0012738299375444351, 0.00037198789018293849, 0.030554822904307555, -0.010024164750497999, -0.026658618090200342]
('time: ', 12022.647060871124)
