“Running plot script on a single CPU core”
[-0.926525 -0.824047 -0.689549 -1.145118 -1.093242 -0.961223 -0.014769
 -0.106125  0.051671  0.115858  0.069017  0.051527 -0.074043  0.09996
 -0.147301 -0.04699   0.131873  0.004868  0.046879  0.046571]
[-1.045591 -0.700779 -0.843331 -0.681042 -0.998072 -0.553843 -0.002357
 -0.048607 -0.054127 -0.061189 -0.074394 -0.035103  0.042519 -0.056028
 -0.044501  0.040774 -0.07631  -0.048469 -0.104569  0.007637]
[-0.923329 -0.867872 -0.811216 -0.940548 -1.032739 -0.845337 -0.001195
  0.032911  0.043778 -0.034005 -0.076805  0.081508  0.027956 -0.061266
  0.039187 -0.003984 -0.026496 -0.018816  0.010038 -0.007928]
[-0.851122 -0.7887   -0.857161 -0.752227 -0.793223 -0.650136 -0.032415
  0.039066 -0.007498  0.014221 -0.114122  0.042282  0.06055  -0.084946
  0.004089  0.053679 -0.01416  -0.092417  0.030299  0.063118]
[-1.225151 -1.168248 -0.770391 -0.961056 -0.702196 -0.699072  0.083091
  0.071948  0.008576  0.038176  0.059796  0.015957  0.003661  0.117392
 -0.058882 -0.025185  0.08721   0.141208 -0.038427  0.011484]
[-0.747316 -0.818976 -0.704354 -0.80103  -0.683705 -0.86881  -0.020346
  0.059548  0.154787 -0.069129  0.0402    0.095037 -0.120234  0.124765
  0.125838 -0.152263 -0.150635 -0.008983 -0.065409 -0.004983]
[-0.830963 -0.907206 -1.020895 -0.786723 -0.893677 -0.974806  0.061652
 -0.102372 -0.032762  0.01386  -0.004553 -0.089986 -0.009539  0.017712
 -0.012478  0.001793  0.002815  0.006652  0.07277   0.029638]
[ -6.274309e-01  -5.966541e-01  -7.949038e-01  -4.464691e-01  -6.711701e-01
  -5.969039e-01   9.164350e-03  -8.668802e-02   7.754122e-04  -1.711626e-02
   3.673489e-02   1.041096e-02   3.622743e-02   3.700511e-02  -1.165790e-01
   7.323329e-02  -4.247709e-03   5.127357e-02  -1.012358e-02   1.780558e-02]
[-0.911617 -0.886902 -0.835769 -0.684543 -0.736166 -0.599786  0.127348
 -0.068695 -0.06462  -0.012211 -0.101936  0.030038  0.059639 -0.099927
 -0.026717  0.023077  0.011664  0.030361  0.073415  0.014419]
[-0.798104 -0.827246 -0.729868 -0.859984 -0.979117 -0.970048 -0.162103
  0.182911  0.22411   0.009696  0.134876  0.137467  0.037621  0.12786
  0.145701  0.050789 -0.002785 -0.205838  0.020467  0.012147]
[-1.00059  -1.071897 -0.8494   -1.099163 -0.916492 -1.022989  0.050324
 -0.100268  0.059374  0.120845  0.08977  -0.052454 -0.080231  0.035879
 -0.138822 -0.078411  0.099875  0.049444  0.076134  0.059856]
[-0.860815 -0.840284 -0.950035 -0.734821 -0.661279 -0.776302 -0.018242
 -0.018368  0.016073  0.02568  -0.048741  0.024909  0.041631 -0.079549
 -0.037182 -0.03117  -0.01259   0.101391  0.016276  0.015901]
[-1.137022 -1.252868 -0.987581 -1.374475 -1.140735 -1.197527 -0.09907
 -0.056803  0.086215  0.021753  0.027335  0.069465  0.004501 -0.019303
 -0.091941 -0.097688  0.050378 -0.125282  0.021457 -0.051334]
[-0.761832 -0.808513 -0.724094 -0.688739 -0.704958 -0.681726  0.036683
 -0.027927  0.074562 -0.130586  0.065875  0.023749 -0.092498  0.056868
 -0.078322 -0.111472 -0.040064  0.04409  -0.01187   0.031823]
[-0.959652 -0.713945 -0.697684 -0.64447  -0.636128 -0.55204   0.006824
 -0.034434 -0.029902 -0.004963 -0.009547 -0.003653  0.010423  0.009435
  0.011342  0.030363  0.007905  0.02339  -0.004093 -0.013691]
[-0.946717 -0.788568 -0.795145 -0.828227 -0.805704 -0.747935 -0.03122
  0.121637  0.081303  0.008215 -0.004777  0.061328 -0.097712 -0.012817
  0.109762 -0.106144 -0.013102 -0.070059 -0.02498  -0.014822]
[-1.220542 -0.955591 -0.778487 -0.843896 -0.838866 -0.54806   0.042382
 -0.031379  0.078621 -0.07577  -0.160589  0.105392  0.026549 -0.15221
 -0.047374  0.046321 -0.095771  0.070031 -0.144772 -0.031391]
[-1.23531  -0.946587 -1.263732 -0.957884 -1.139413 -1.21236  -0.074564
 -0.046544  0.08415   0.142522 -0.031318  0.102659 -0.194204  0.047471
  0.040465 -0.111592  0.138632  0.099661  0.165022 -0.048208]
[-0.816705 -0.800656 -0.78254  -0.727993 -0.509163 -0.572513 -0.027673
 -0.070179 -0.00834  -0.098179 -0.069916 -0.018172  0.058442 -0.005624
 -0.117955  0.061933  0.010277 -0.065586 -0.079449  0.040191]
[-1.137451 -1.019199 -0.863222 -1.059048 -0.886146 -0.965051  0.069653
 -0.048922  0.010158  0.066887  0.137162 -0.067571  0.072016  0.120542
 -0.043286  0.013993  0.094225 -0.030034 -0.016937 -0.015828]
[-1.363796 -1.342742 -1.291867 -1.343382 -1.206546 -1.24151  -0.102394
 -0.002971  0.006542  0.010402 -0.006865  0.083064 -0.088654 -0.040687
  0.101102 -0.108974 -0.030511 -0.041387  0.025465 -0.062143]
[-1.062596 -0.842968 -0.878357 -1.16313  -1.179755 -0.997941  0.01609
  0.102306  0.005303  0.087319 -0.102992 -0.00331  -0.03815  -0.152658
  0.109262 -0.005438  0.10836  -0.041964 -0.075323 -0.053466]
[-0.868957 -0.868596 -0.675087 -0.856698 -0.703903 -0.703602 -0.145045
 -0.002121 -0.116814  0.061072  0.009985 -0.086035  0.040526  0.009642
  0.036687  0.074863  0.075276 -0.117548  0.02631   0.002132]
[ -7.850149e-01  -8.963553e-01  -1.090048e+00  -6.718789e-01  -7.501070e-01
  -9.761850e-01   1.215122e-02   3.301677e-02  -5.184504e-02   2.657419e-02
  -1.341665e-04  -5.799098e-02  -1.630292e-02   4.583780e-02  -2.763809e-02
   4.819291e-03  -7.333515e-04   2.910549e-02  -3.864165e-02  -2.666826e-02]
[-0.846909 -1.010008 -0.972055 -0.871799 -1.024823 -1.250915  0.0962
  0.107818  0.113657 -0.053873  0.021167 -0.025228  0.104844 -0.036538
  0.10034   0.059664  0.037925  0.101143 -0.09717   0.009567]
[-1.128417 -0.831933 -0.858637 -1.211656 -1.126046 -0.79159  -0.094668
 -0.048245 -0.012845 -0.009558  0.019263 -0.020758 -0.029662  0.004971
 -0.08622   0.050005 -0.009225 -0.124922 -0.001408 -0.041698]
[-0.972272 -0.97646  -1.003528 -1.050583 -0.964764 -0.969062 -0.094781
 -0.084732  0.139145  0.104139 -0.056336  0.03686  -0.071173  0.027404
 -0.096431 -0.020418  0.084821 -0.052517 -0.010818 -0.013891]
[-0.900265 -0.874356 -0.749986 -0.859768 -0.826254 -0.726553 -0.075887
  0.109877 -0.037306  0.011275  0.016432 -0.072164  0.089277  0.046757
  0.02747   0.151259  0.061812 -0.065297  0.013227  0.014127]
[-1.050673 -1.102973 -1.079974 -1.029193 -0.936299 -1.100113  0.046967
  0.056332 -0.012538  0.021915  0.113263 -0.083105 -0.078143 -0.001393
  0.18625  -0.015794  0.027602  0.139898  0.0359   -0.023112]
[-0.599703 -0.959062 -0.887541 -0.603933 -0.426398 -0.886917  0.087912
  0.125248 -0.094522 -0.137416  0.03806  -0.109963 -0.104361  0.042406
  0.075979 -0.105763 -0.173658  0.128712 -0.017664 -0.009612]
[-1.160022 -1.03789  -1.238896 -1.182865 -1.135404 -1.192237  0.227139
 -0.116     0.16815   0.043509 -0.056533  0.073378  0.008913 -0.119879
 -0.085553 -0.082914  0.118699  0.281456  0.053029  0.034246]
[ -8.256685e-01  -8.545859e-01  -7.930169e-01  -8.919854e-01  -8.761681e-01
  -9.493904e-01  -2.535101e-03  -6.839440e-02   8.018698e-02  -6.020533e-02
   1.367156e-03   1.055596e-01   5.212178e-02   3.081992e-02  -3.867035e-02
   5.708780e-02  -8.423719e-02   8.480320e-02   2.827236e-03   6.494939e-04]
[-0.54983  -0.719459 -0.781224 -0.439375 -0.490604 -0.710494 -0.093686
  0.011026 -0.001945 -0.149654 -0.062551 -0.014341 -0.154839 -0.123887
 -0.063221 -0.086362 -0.122184 -0.14085   0.017108  0.000962]
[-1.16243  -0.85499  -0.93276  -0.937228 -0.947789 -0.596598  0.047929
 -0.004316 -0.005098  0.127295  0.076953 -0.06172   0.018081 -0.058889
 -0.086586  0.023968  0.15968   0.012452  0.004879  0.03204 ]
[-0.907019 -0.719705 -0.746871 -0.669771 -0.645237 -0.534723  0.025328
 -0.023698  0.039982 -0.036929  0.029567  0.12098  -0.004938  0.037209
  0.001526 -0.008803 -0.111623  0.035989 -0.054369 -0.028085]
[ -9.605424e-01  -7.298588e-01  -7.192498e-01  -1.259248e+00  -1.104932e+00
  -1.062312e+00  -4.272324e-03  -6.804718e-02  -3.665404e-02   5.963168e-02
  -9.165859e-02  -9.050980e-02   7.280873e-02   1.470971e-03  -2.156784e-01
   8.721101e-02   6.506327e-02  -1.847445e-01   3.848347e-02   9.485885e-04]
[-1.045021 -0.83575  -1.177171 -1.054659 -1.45409  -1.29685  -0.043929
 -0.194458 -0.192373  0.091933 -0.342705 -0.210578  0.086378 -0.246601
 -0.038288  0.313379  0.130652 -0.035017 -0.036352 -0.01503 ]
[-0.754325 -0.645829 -0.705788 -0.718408 -0.729918 -0.780175 -0.098268
  0.130035  0.125919  0.051936 -0.043592  0.082313  0.025704 -0.140522
  0.094925  0.054612  0.056167 -0.089979 -0.002743  0.009423]
[-1.079058 -0.899215 -0.924341 -0.919971 -1.044625 -0.81983   0.062215
 -0.101036  0.085028  0.10406   0.032699  0.02485  -0.052419  0.017676
 -0.08779  -0.108115  0.115648  0.075115  0.003631 -0.026052]
[-0.995935 -1.026932 -0.901445 -0.987255 -0.855287 -0.834622  0.029165
 -0.013514  0.080288 -0.054386  0.073345  0.036104  0.074185  0.084771
  0.016789  0.046864 -0.084509 -0.026597  0.03691   0.009704]
[-0.698079 -0.578623 -0.706855 -0.63171  -0.787659 -0.677622 -0.025595
 -0.00242  -0.002178 -0.053239 -0.118375 -0.033868  0.025444 -0.127328
  0.030856 -0.010445  0.014791 -0.074157 -0.030907 -0.017746]
[-1.145614 -1.017608 -0.974833 -1.006153 -0.882457 -0.817529 -0.091178
 -0.278105 -0.118835  0.065549  0.005007 -0.163215  0.020593  0.045852
 -0.145684  0.123897  0.078108 -0.096295 -0.026778  0.006516]
[-1.040799 -0.862086 -1.104242 -0.703537 -1.023868 -0.595105 -0.012642
  0.056965  0.069768 -0.012756 -0.046912  0.043866 -0.023682  0.026322
 -0.001173 -0.048678 -0.066915  0.02648   0.036931 -0.013512]
[-0.818902 -0.87088  -0.842879 -0.855632 -0.761928 -0.866706  0.081291
  0.004698  0.022696 -0.061704 -0.082453 -0.046244 -0.028228 -0.113125
  0.007479 -0.022008 -0.152353  0.089715 -0.00895   0.036693]
[-0.959698 -0.872487 -0.82134  -0.932464 -0.858976 -0.804451  0.035595
  0.037538  0.120792  0.014415  0.038582  0.129445 -0.049539 -0.004666
  0.054874 -0.039274  0.011451  0.086146 -0.017402  0.005352]
[ -9.646409e-01  -1.002695e+00  -8.123111e-01  -1.090896e+00  -8.372737e-01
  -8.030859e-01   1.437582e-01   9.266590e-03   3.875669e-03   5.147837e-02
  -4.218177e-02  -8.588768e-02   4.473875e-02  -7.746800e-02   1.027042e-03
   8.720423e-02   8.818710e-02   1.856656e-01  -2.329544e-02  -2.021647e-02]
[-0.916132 -0.964633 -0.706604 -0.79169  -0.570229 -0.539304 -0.16614
 -0.13385  -0.047951 -0.106223 -0.075727 -0.041776 -0.092188 -0.119891
 -0.125162 -0.152358 -0.149662 -0.213061  0.093412  0.03077 ]
[-1.179415 -0.991944 -1.021507 -0.923858 -0.984166 -0.690789  0.180711
  0.062941 -0.156992 -0.032239  0.033826 -0.131482 -0.060403 -0.008682
  0.002203  0.041717 -0.109985  0.239785  0.021854  0.020928]
[-0.975282 -0.858166 -0.96035  -0.783084 -0.920487 -0.753233  0.041508
  0.08203  -0.097287  0.028947  0.033159 -0.017982 -0.026249  0.004415
  0.103713  0.011117  0.027475  0.028039  0.007006 -0.004804]
[-1.107158 -0.947351 -0.970441 -1.026948 -1.094614 -0.811814 -0.033256
  0.073813  0.045851 -0.126178  0.212969  0.108542 -0.013251  0.156639
  0.100734 -0.072551 -0.132591 -0.024859 -0.033633 -0.017128]
[-0.926415 -1.164168 -1.202147 -0.634284 -0.634386 -0.915107  0.190451
 -0.079268  0.090206 -0.156063  0.213201  0.059891  0.126267  0.158723
 -0.006727  0.065961 -0.150953  0.22767  -0.002191  0.047515]
[-0.964128 -0.920531 -0.850187 -0.89591  -0.771102 -0.79013  -0.027258
 -0.041119  0.00709   0.040274  0.027361 -0.035069 -0.024131 -0.043751
 -0.014453  0.066529  0.103031 -0.040188  0.00359   0.006667]
[-1.037368 -0.730442 -0.742792 -0.754529 -0.817813 -0.473566 -0.055249
  0.04985  -0.068855  0.053443 -0.017455 -0.066111  0.085702 -0.085063
  0.028802  0.11977   0.039106  0.070008 -0.063662 -0.001262]
[ -9.173397e-01  -8.333596e-01  -8.107810e-01  -7.066956e-01  -7.757529e-01
  -6.895849e-01  -7.633529e-02   2.460415e-02   1.029710e-01   2.001190e-01
  -1.113183e-01   1.328714e-01   9.517258e-02  -8.363595e-02   1.089872e-01
   6.539270e-02   1.470948e-01  -7.855087e-03  -4.776082e-02  -8.133722e-05]
[-0.964906 -0.91712  -0.736901 -0.882112 -0.82894  -0.797261 -0.085591
  0.045146 -0.041621  0.065539 -0.031257 -0.032631  0.143957 -0.024268
  0.058838  0.14982   0.142979 -0.024114 -0.021017  0.00885 ]
[-0.784318 -0.774842 -0.861029 -0.737801 -0.816484 -1.022856  0.085352
  0.009339  0.056217  0.015831 -0.046034  0.052759  0.176034 -0.109282
 -0.006687  0.038943  0.050198  0.028112 -0.01381  -0.001354]
[ -8.597991e-01  -7.371333e-01  -7.965924e-01  -8.727127e-01  -8.192082e-01
  -8.240698e-01  -6.269884e-02   1.007507e-01   8.983015e-02  -1.183006e-02
   1.611561e-02   3.774208e-04  -8.699387e-02   1.787474e-02   7.798909e-02
  -6.890365e-02  -1.979317e-02  -4.430395e-03   2.057310e-02  -3.222243e-02]
[-0.947006 -1.009313 -0.89054  -1.02625  -0.956374 -1.110354  0.056879
 -0.02486   0.04762   0.081248  0.145534  0.102734 -0.144954  0.102021
 -0.08731  -0.098071  0.07472   0.091135 -0.052266 -0.032106]
[-0.835118 -0.934881 -0.77787  -0.940958 -0.752036 -0.841137  0.051843
  0.002149 -0.137813 -0.026725  0.033008 -0.103391 -0.089857  0.029902
 -0.032347 -0.096457 -0.015507  0.06146   0.026916 -0.013623]
[-0.911225 -0.759459 -0.849128 -0.727524 -0.90556  -0.766905  0.037305
  0.042598 -0.086173 -0.042265  0.140845 -0.042428  0.101282  0.097566
  0.060156  0.136405 -0.068568  0.045644 -0.00486  -0.025316]
[ -7.767507e-01  -7.426257e-01  -5.031587e-01  -7.814242e-01  -6.441745e-01
  -6.070855e-01  -1.075919e-03  -2.074440e-02  -8.424958e-02   8.788490e-02
   2.552019e-04  -5.875699e-02   1.524430e-02   8.688851e-03  -5.499509e-03
   1.039596e-02   2.688700e-02  -8.466707e-03  -5.533112e-02  -1.878444e-02]
[ -1.171261e+00  -1.285524e+00  -9.854152e-01  -1.025796e+00  -8.329765e-01
  -1.055326e+00   2.441501e-02  -5.387293e-04  -1.695318e-02  -1.591700e-02
   2.675635e-02  -7.898160e-02  -5.286085e-02   7.292191e-02   4.098485e-02
  -4.939498e-02  -3.799807e-02   1.542769e-01   5.106951e-03  -9.084928e-04]
[-0.762927 -1.107143 -0.832988 -0.922527 -0.578088 -0.948845  0.070361
  0.055053 -0.037234 -0.185478  0.102864 -0.031676 -0.127144  0.108242
  0.008008 -0.065056 -0.190027  0.035121  0.042057  0.014766]
[-0.883865 -0.624403 -0.776332 -0.653142 -0.820807 -0.567319  0.010867
 -0.037025 -0.047304  0.043981 -0.076609 -0.008024  0.033521 -0.050623
 -0.037625  0.049572 -0.017609  0.012389  0.004447  0.017975]
[ -6.481200e-01  -6.518056e-01  -6.738304e-01  -5.878890e-01  -6.158672e-01
  -6.099286e-01   1.475641e-02  -1.627505e-01   5.836772e-02  -6.233379e-03
  -4.671467e-02   1.345701e-01   3.120945e-03  -6.808754e-02  -1.118082e-01
   5.615376e-04  -2.045576e-02   4.532548e-02  -4.679312e-02  -6.755571e-03]
[-0.996252 -0.786128 -0.519513 -0.846283 -0.677336 -0.320442  0.094665
  0.043     0.001249 -0.108306 -0.043759 -0.095322 -0.27984  -0.022466
  0.011995 -0.305397 -0.059978 -0.008243 -0.019935 -0.011441]
[-0.659977 -0.859872 -0.713961 -0.775144 -0.667701 -0.898034  0.080695
 -0.09092  -0.113706 -0.027568  0.038312 -0.161595  0.015054  0.063304
 -0.148116  0.027861  0.043564  0.071541 -0.03144  -0.029759]
[-0.765079 -0.85651  -0.781971 -0.713408 -0.548438 -0.61858   0.117251
 -0.065201  0.015538  0.179489 -0.012303  0.017514 -0.152021 -0.028411
 -0.066621 -0.200766  0.181199  0.170017  0.056848 -0.004435]
[-0.995363 -1.040265 -1.000866 -0.775325 -0.831832 -0.809111 -0.062632
 -0.007391 -0.115722 -0.002144  0.132762 -0.074674  0.024327  0.175788
 -0.030208  0.027019  0.011885 -0.144216  0.057149  0.023935]
[-1.015433 -1.108154 -0.906275 -1.057422 -0.811187 -0.969849 -0.022433
  0.016074 -0.128615 -0.047368 -0.136156 -0.112614  0.061963 -0.180374
 -0.037644  0.017172 -0.146267  0.06873   0.027344  0.019962]
[-0.481899 -0.51971  -0.58067  -0.558759 -0.679881 -0.665671  0.079592
 -0.013986  0.065039  0.008386 -0.050823  0.044114 -0.020242 -0.091908
 -0.030916 -0.066581  0.040842  0.113373 -0.021717 -0.0047  ]
[ -1.305446e+00  -1.351341e+00  -1.361366e+00  -9.359474e-01  -1.064986e+00
  -1.076706e+00  -9.535947e-05   2.147151e-01   4.739312e-02   1.244796e-01
  -9.660392e-02   8.942211e-02   7.278810e-02  -6.433366e-02   2.130702e-01
   3.789266e-02   9.943602e-02   5.568743e-02   1.833072e-02  -3.027791e-02]
[-1.055532 -1.118088 -1.150919 -0.771422 -0.878331 -0.780806 -0.014636
 -0.049509 -0.060837  0.121351  0.036811 -0.065035 -0.079941 -0.069897
 -0.022138 -0.064311  0.135191 -0.012611  0.087008 -0.047123]
[-1.064966 -1.192428 -1.02313  -1.07506  -0.912826 -1.045699 -0.10335
  0.008358  0.131263 -0.105306  0.110494  0.070847  0.021318  0.163357
 -0.003757 -0.020994 -0.073657 -0.105981 -0.024124 -0.020218]
[ -1.013477e+00  -9.945487e-01  -8.633123e-01  -9.110781e-01  -7.456583e-01
  -7.012522e-01   6.189920e-03   2.862100e-02   6.018343e-02  -4.338088e-03
  -4.342376e-02   8.333676e-02  -2.383995e-02  -5.149993e-03   7.035496e-03
  -2.042245e-02  -1.811841e-02  -2.831381e-02  -4.956942e-02   5.350164e-04]
[-0.807368 -0.590761 -0.543585 -0.566543 -0.526499 -0.32152   0.076108
  0.103863 -0.053853  0.02727   0.114152 -0.073513 -0.029205  0.056431
  0.091411 -0.054399 -0.003986  0.067178  0.029934 -0.010537]
[-0.886904 -0.889015 -0.641378 -0.778977 -0.764591 -0.679105 -0.077714
 -0.038478  0.013471  0.134889  0.058919 -0.08483   0.124412  0.047592
 -0.041219  0.167586  0.12646  -0.047422 -0.013322 -0.008302]
[-0.883231 -0.980825 -0.798634 -0.831699 -0.822761 -0.912919 -0.04
  0.047052 -0.022693 -0.094771  0.005132 -0.031368  0.007246  0.017053
  0.09692  -0.020568 -0.049241  0.022334 -0.04629  -0.012709]
[-1.068511 -1.491197 -0.813503 -1.474131 -0.89702  -1.300187 -0.097641
 -0.273714  0.060308  0.061862 -0.064647  0.111663  0.161395 -0.042136
 -0.356011  0.08393   0.169468 -0.150685 -0.067129 -0.026816]
[-0.720163 -0.840848 -0.682668 -0.788674 -0.682143 -0.730267  0.112325
 -0.044698 -0.004531 -0.149918 -0.039364  0.051987  0.043825  0.019838
 -0.020392  0.03594  -0.120253  0.038446  0.027643  0.006066]
[-0.976584 -0.981247 -0.926875 -1.02899  -0.967465 -0.97655   0.064287
 -0.038028 -0.023396 -0.029591 -0.065377 -0.016297  0.053101 -0.004771
 -0.032941  0.08176  -0.021691  0.025917  0.027688 -0.009299]
[-0.961161 -1.021211 -0.66795  -0.963276 -0.633022 -0.778283 -0.002499
  0.056572 -0.008555 -0.037631  0.042034 -0.02429   0.059301  0.038515
  0.079359  0.100401 -0.015435 -0.009746  0.007281 -0.013807]
[ -8.302644e-01  -9.679568e-01  -6.951730e-01  -9.248313e-01  -5.903528e-01
  -8.293819e-01   5.887603e-02  -4.630188e-02  -3.311350e-02  -4.658814e-02
  -5.218543e-02  -9.300429e-02   2.875850e-02  -1.118586e-01  -5.686324e-02
   1.224342e-02  -5.974610e-02   3.479090e-02  -2.532893e-04   2.877233e-02]
[-0.988903 -1.074987 -1.004621 -0.779873 -0.735225 -0.856791  0.045779
  0.082349  0.046433 -0.047105  0.077237  0.066922 -0.097608 -0.014106
  0.023591 -0.148377 -0.077928  0.040076 -0.003377 -0.03128 ]
[-0.859344 -0.668426 -1.161917 -0.435219 -0.859347 -0.641378 -0.08038
  0.009322 -0.05377  -0.036318  0.262491 -0.115046 -0.068386  0.146726
  0.050826 -0.049563 -0.032409 -0.107309  0.053492 -0.025943]
[ -6.164299e-01  -5.531496e-01  -5.320985e-01  -4.750696e-01  -5.676461e-01
  -3.707421e-01   1.240460e-01  -2.511550e-02   2.782002e-02  -8.002307e-02
  -1.779682e-02  -2.346836e-03   3.584449e-02  -5.037899e-02  -3.107472e-02
   7.516079e-02  -6.831138e-02   1.614264e-01  -4.958367e-04   7.841713e-03]
[-1.036732 -1.144548 -0.961626 -1.025158 -0.906698 -1.121455 -0.02395
 -0.041707 -0.02597  -0.046684  0.104978  0.033534 -0.084201  0.150776
 -0.134948 -0.050683 -0.077521  0.060714  0.098776 -0.009386]
[-1.127506 -0.856069 -0.89851  -0.817469 -0.866632 -0.637933  0.010666
  0.058716 -0.049341  0.035375 -0.006157 -0.048889 -0.010204 -0.07975
  0.006007  0.02219   0.079297 -0.011838 -0.010257  0.035644]
[-0.937018 -0.95272  -0.745481 -0.939992 -0.750719 -0.737289 -0.044891
 -0.059842  0.076452  0.047713 -0.048466  0.010027 -0.02464  -0.045512
 -0.018883 -0.035409  0.049674 -0.050413 -0.063792 -0.036472]
[-0.953265 -0.89399  -0.788326 -1.123524 -0.877871 -0.8519    0.020922
  0.009658 -0.158291  0.010786  0.030271 -0.069304  0.045989  0.082563
  0.035686  0.144723 -0.061506  0.047781 -0.077544  0.01761 ]
[-0.903566 -1.037776 -0.860195 -0.838305 -0.736595 -0.855978 -0.097227
  0.070021  0.007585 -0.06868  -0.018936 -0.014495 -0.090969 -0.055989
  0.143573 -0.050953 -0.128496 -0.093853  0.036696 -0.001874]
[-0.806231 -0.60594  -0.812351 -0.66402  -0.842203 -0.719227 -0.035211
  0.079485 -0.032307  0.020513 -0.084645 -0.048568  0.004538 -0.084571
  0.038975  0.023129  0.038523 -0.050045 -0.045419  0.001858]
[-0.813988 -0.707514 -0.813782 -0.4777   -0.683985 -0.579516  0.174271
  0.023839  0.042995 -0.070558 -0.037207  0.016489  0.194576 -0.014851
  0.032212  0.159443 -0.156403  0.16201   0.016199 -0.011739]
[-0.925851 -0.97384  -1.123223 -0.773142 -0.849327 -0.97647   0.046639
  0.083778  0.120519 -0.01064  -0.063016  0.16709  -0.12428  -0.063768
  0.107418 -0.066856 -0.061837  0.032667 -0.071911  0.012618]
[-1.027162 -1.048029 -0.864434 -1.044616 -0.76158  -0.597353  0.079433
 -0.035544  0.085703 -0.066189 -0.044727  0.053613  0.062548 -0.049179
 -0.119449  0.004707 -0.116799  0.092696 -0.010768 -0.039673]
[-0.958289 -0.731356 -0.725583 -0.75782  -0.977697 -0.607387  0.027467
 -0.153487 -0.001913 -0.055569 -0.15091   0.032537 -0.007497 -0.098182
 -0.157205 -0.042967 -0.032523  0.10237  -0.042059 -0.016155]
[-0.815214 -0.721054 -0.618235 -0.742556 -0.876557 -0.669369  0.055559
  0.089344 -0.144733  0.06576   0.047214 -0.129358 -0.009546 -0.01386
  0.096977  0.02645  -0.002614  0.075787 -0.029277  0.023719]
[-0.844943 -0.675154 -0.675798 -0.914593 -0.994685 -0.81971  -0.006004
  0.004564 -0.052102 -0.072676 -0.060916 -0.018846 -0.085137 -0.026171
 -0.058822 -0.058675 -0.071785 -0.024529 -0.024402 -0.002482]
[-0.861852 -0.697798 -0.785895 -0.963842 -0.997487 -0.968882  0.050095
 -0.179393  0.048408  0.019544 -0.026791 -0.023026 -0.076108 -0.099565
 -0.181666 -0.015632 -0.025959  0.009689  0.013291 -0.034378]
[-0.82544  -0.855469 -0.826205 -0.550675 -0.617476 -0.607215 -0.272309
  0.116734  0.095325 -0.163553  0.082445  0.151991 -0.079419  0.025152
  0.03857  -0.142991 -0.127543 -0.245353 -0.035439  0.001893]
('Mean', 1, ': ', -0.8254399154538028)
('Median', 1, ': ', -0.8254399154538028)
('Variance', 1, ': ', 0.0)
('Mean', 2, ': ', -0.85546918496511881)
('Median', 2, ': ', -0.85546918496511881)
('Variance', 2, ': ', 0.0)
('Mean', 3, ': ', -0.82620482809369733)
('Median', 3, ': ', -0.82620482809369733)
('Variance', 3, ': ', 0.0)
('Mean', 4, ': ', -0.55067546918611232)
('Median', 4, ': ', -0.55067546918611232)
('Variance', 4, ': ', 0.0)
('Mean', 5, ': ', -0.61747590365616789)
('Median', 5, ': ', -0.61747590365616789)
('Variance', 5, ': ', 0.0)
('Mean', 6, ': ', -0.60721493595148957)
('Median', 6, ': ', -0.60721493595148957)
('Variance', 6, ': ', 0.0)
('time: ', 7708.998301029205)
