“Running plot script on a single CPU core”
[-0.974979 -0.904505 -0.706    -0.893592 -0.593503 -0.733299  0.024309
  0.032675 -0.065952  0.079281 -0.024022 -0.06486   0.099374  0.033579
  0.05531   0.080722 -0.002991 -0.033101  0.017834  0.014515]
[-0.935351 -0.957601 -0.967743 -1.242338 -1.323222 -1.453398 -0.157775
  0.107723  0.083125  0.01505  -0.099432  0.123125  0.101642  0.015888
  0.113795  0.032845  0.090705 -0.265117  0.003215  0.005214]
[-0.838985 -0.750824 -0.802545 -0.715613 -0.801648 -0.703891  0.070403
 -0.044456  0.057054  0.018515 -0.027992  0.07994   0.060119 -0.044193
 -0.021286  0.112948  0.034161  0.076294  0.018525 -0.003257]
[-0.980403 -0.829245 -0.915993 -0.784889 -0.841651 -0.671836 -0.050708
 -0.05122  -0.019008 -0.050367  0.001676 -0.015333  0.043239  0.011405
 -0.053074  0.033332 -0.029155 -0.057256  0.024965  0.030058]
[-0.601293 -0.698496 -0.674195 -0.545557 -0.470375 -0.612072 -0.053138
  0.017572 -0.057081 -0.165771  0.003277 -0.031605 -0.013838  0.054625
  0.024817 -0.011361 -0.17434  -0.047948  0.007503  0.002591]
[-0.749198 -1.059881 -0.817358 -0.830431 -0.756286 -0.878293  0.161275
  0.009872 -0.09504  -0.116108  0.009749 -0.160679  0.131298 -0.056107
  0.03754   0.121771 -0.212717  0.166495 -0.010417 -0.027683]
[-1.086141 -1.170422 -0.803975 -1.064605 -0.645875 -0.668675  0.086575
 -0.068498 -0.056895 -0.16967  -0.080173 -0.025667  0.175578 -0.078808
  0.02602   0.150028 -0.205532  0.083224 -0.007222  0.018272]
[-0.773497 -0.924029 -0.737653 -0.709061 -0.676332 -0.751424 -0.046235
 -0.10238  -0.008223 -0.048661  0.087024  0.007205 -0.04291   0.042148
 -0.151629 -0.046786 -0.072999  0.005176  0.009446  0.010803]
[-0.878961 -1.072562 -0.762396 -0.956978 -0.678029 -0.669351  0.133604
  0.051218 -0.063964  0.247413  0.173781 -0.186765 -0.221446  0.20588
  0.226574 -0.296612  0.202028  0.160986  0.040063 -0.007145]
[-1.035661 -1.024866 -1.013271 -0.950407 -1.035084 -0.961476  0.04583
 -0.00542   0.006565  0.03358   0.011692 -0.024682  0.031969 -0.031348
 -0.049807  0.024958  0.046438  0.042235 -0.026607 -0.027643]
[-1.295739 -1.166679 -1.072431 -1.179481 -1.134596 -0.878911  0.038701
 -0.011128 -0.014613 -0.063674  0.074256 -0.031794 -0.075929  0.14459
  0.059211 -0.058492  0.071149  0.105083  0.057987  0.054813]
[-0.617285 -0.81588  -0.977848 -0.86563  -0.897859 -1.228316  0.161379
 -0.116492  0.198094  0.132408 -0.004364  0.264531 -0.031069  0.041707
 -0.126243 -0.039876  0.061352  0.208975 -0.013031  0.014317]
[-0.82721  -0.712331 -0.766292 -0.695628 -0.801837 -0.732272 -0.095244
 -0.095928 -0.025536 -0.03251   0.038241 -0.038896 -0.0625    0.064887
 -0.040068 -0.055632 -0.046383 -0.126561 -0.031636 -0.034922]
[ -1.171388e+00  -9.494705e-01  -1.067348e+00  -6.846263e-01  -8.501728e-01
  -7.456037e-01   1.947579e-01  -3.906040e-02  -1.001409e-02   9.162469e-02
   2.718093e-02   5.067101e-02  -9.061045e-03   2.053615e-03   8.849552e-04
   1.409501e-02   9.624137e-04   2.499570e-01   5.447226e-02   2.977493e-02]
[-1.138115 -0.904886 -0.944515 -1.017425 -0.987554 -0.852464 -0.039891
 -0.034397  0.086515 -0.043702 -0.137395 -0.007948 -0.05954  -0.175459
 -0.037518 -0.001853 -0.039473 -0.056312 -0.004912  0.020539]
[-0.996045 -0.794545 -0.972251 -0.667619 -0.748042 -0.58128  -0.073622
  0.075637 -0.003977  0.015989 -0.006847 -0.04748  -0.089413 -0.07568
  0.032152 -0.059107  0.038863 -0.08449   0.017523 -0.027289]
[-1.102312 -1.100288 -0.831359 -0.863186 -0.610722 -0.614815 -0.051365
  0.056844 -0.13102   0.093692 -0.13931  -0.186493  0.083764 -0.106537
  0.012303  0.105869  0.078303  0.122402  0.040837 -0.014665]
[-1.146184 -0.727715 -1.08207  -0.936638 -1.069386 -0.993777  0.116651
  0.046732 -0.060127  0.129943 -0.063891 -0.031374  0.034643 -0.091138
  0.054176  0.077201  0.155757  0.128056  0.03299   0.034764]
[-0.752646 -0.931954 -0.855928 -0.774282 -0.695778 -0.941062 -0.046008
  0.004267 -0.032368 -0.047732  0.016913 -0.04443   0.010251 -0.019195
  0.033845 -0.002462 -0.047843 -0.02563   0.004091  0.035749]
[ -8.400987e-01  -8.443038e-01  -9.808053e-01  -7.742825e-01  -8.226879e-01
  -7.759546e-01  -1.126931e-02  -7.551771e-02   1.590088e-02   7.640502e-02
  -2.800055e-02   8.179040e-03   1.841262e-01   3.266679e-04  -4.664362e-02
   1.121284e-01   9.231756e-02  -6.665103e-02  -2.193536e-02   4.657134e-03]
[-0.823925 -1.025475 -0.957086 -0.771528 -0.682292 -0.850454  0.049002
  0.056794 -0.028117  0.033559 -0.028285 -0.021658  0.048281 -0.116226
  0.047062 -0.007501  0.029642  0.023342  0.019692 -0.01088 ]
[-0.829266 -0.665039 -0.751176 -0.70673  -0.786308 -0.580069  0.057217
  0.049504  0.052003  0.191358  0.108237  0.082159 -0.044402  0.085802
  0.020431 -0.050594  0.131979  0.145518 -0.017558 -0.014116]
[ -9.750826e-01  -6.906929e-01  -7.845764e-01  -7.642633e-01  -9.276542e-01
  -6.604411e-01   1.346526e-01  -8.839930e-02   3.701239e-02   3.350111e-02
  -2.551968e-02   1.448262e-02  -1.193904e-02   1.845567e-03  -6.454138e-02
  -3.175946e-02  -6.209774e-04   1.560180e-01   3.302407e-03  -1.778783e-02]
[-0.9238   -0.880341 -0.949357 -0.751589 -0.630871 -0.767728  0.022885
  0.063865 -0.080085  0.082599  0.072817 -0.003171  0.049499  0.074323
  0.123718  0.160834  0.078741 -0.041069 -0.01082   0.033794]
[-0.940806 -0.767485 -0.750836 -0.874889 -0.829629 -0.525767  0.050969
  0.083484 -0.064102  0.032348  0.10614  -0.088596 -0.151912  0.093721
  0.039796 -0.183419  0.013581  0.052441  0.011509 -0.013052]
[ -7.471381e-01  -7.270959e-01  -6.021085e-01  -8.087437e-01  -6.295143e-01
  -7.492434e-01  -6.030332e-02  -1.179286e-01  -4.720687e-02  -4.272929e-02
  -3.134490e-04  -5.926166e-02  -7.995560e-03  -6.982322e-02  -1.015069e-01
  -5.953273e-03  -1.052267e-02  -1.791226e-01  -4.334113e-03   2.592243e-02]
[-0.765017 -0.755806 -0.682496 -0.716562 -0.588782 -0.647396 -0.037576
 -0.119104  0.027512  0.019296 -0.048685  0.008623  0.046413 -0.085126
 -0.164226  0.124676 -0.007104 -0.036826 -0.008016 -0.02561 ]
[-0.861123 -0.762145 -0.769537 -0.68775  -0.842577 -0.775516 -0.09282
  0.0444   -0.075676 -0.07414  -0.031286 -0.090683  0.007978 -0.133961
  0.038091  0.039813 -0.083967 -0.097554 -0.031777 -0.013766]
[-1.107545 -1.044114 -0.963845 -1.0516   -1.056931 -1.183605 -0.101178
  0.017401 -0.036618  0.092764  0.090559 -0.020664 -0.101996  0.125197
  0.008793 -0.105715  0.016496 -0.111456  0.017072 -0.014661]
[-1.089617 -0.93354  -0.900455 -1.045015 -0.971506 -0.775686  0.133917
 -0.062262  0.01826   0.146455 -0.01424   0.049541 -0.086981 -0.076704
 -0.107299 -0.064049  0.104463  0.077948  0.057038  0.057172]
[ -7.419484e-01  -7.642235e-01  -9.702401e-01  -6.756674e-01  -8.256021e-01
  -8.806268e-01  -1.422557e-01  -3.209473e-04   1.304232e-02   1.565532e-02
  -7.868553e-03   5.765217e-02   3.847260e-04  -4.860884e-02   1.836663e-02
   3.864591e-04  -3.875920e-02  -1.604270e-01   7.052533e-03  -1.882139e-02]
[-0.932958 -0.830013 -0.835863 -0.758502 -0.871488 -0.779328 -0.039655
 -0.006823 -0.041654  0.015538 -0.077629 -0.06777   0.008904 -0.099784
  0.003854 -0.021395  0.038021 -0.026315 -0.029644 -0.022117]
[-0.686491 -0.839229 -0.750383 -0.464621 -0.531966 -0.617087  0.353374
  0.034692 -0.04058  -0.136716  0.014298 -0.025717  0.088341  0.00745
 -0.007076  0.104519 -0.122188  0.363405  0.059519 -0.01719 ]
[-1.306993 -1.334442 -1.176318 -1.235954 -1.123056 -1.29241  -0.048465
  0.03833   0.115426  0.005447  0.006977  0.199685  0.072312  0.032666
 -0.00837   0.013547  0.081798  0.139632 -0.067765  0.030002]
[-0.864084 -0.926568 -0.921302 -0.503621 -0.575897 -0.852239 -0.035462
 -0.006023 -0.108948 -0.212689 -0.024244 -0.085086  0.010138  0.008849
 -0.040503 -0.002954 -0.322433 -0.049941 -0.02513  -0.017064]
[-1.335579 -1.232424 -1.08945  -1.128278 -0.835833 -0.771909  0.099602
 -0.043449  0.006792 -0.016824 -0.099069 -0.058764  0.094467 -0.077999
 -0.002701  0.092516 -0.070476  0.006213  0.001348  0.004688]
[ -9.226559e-01  -6.476612e-01  -6.125342e-01  -8.836184e-01  -7.678140e-01
  -5.489330e-01   7.401859e-02   2.173207e-02  -7.249382e-02   9.113414e-04
   3.311497e-02  -6.931979e-02  -7.415522e-02  -8.231982e-03   4.296943e-02
  -8.124321e-02  -1.728597e-02   7.534093e-02  -3.939348e-03  -1.619608e-02]
[-0.669946 -1.045551 -0.777211 -0.796104 -0.604098 -0.904435  0.143055
 -0.058311  0.070057  0.09992   0.064891 -0.004624 -0.035106  0.065288
 -0.036393 -0.048893  0.143589  0.189379  0.09796   0.033965]
[-1.062248 -1.06926  -0.994438 -1.058808 -0.84255  -1.005579 -0.138591
  0.011715  0.044571 -0.139677  0.058072  0.041419  0.056686  0.095346
 -0.151755  0.023318 -0.182281 -0.145403 -0.056665  0.043722]
[-0.972799 -0.72257  -0.610996 -0.967885 -0.857914 -0.707458 -0.010888
 -0.087392 -0.041337  0.034215  0.074633 -0.023377 -0.108282  0.066304
 -0.043498 -0.096885 -0.029896  0.046852 -0.011022  0.026745]
[ -7.631876e-01  -7.716150e-01  -8.219880e-01  -7.581932e-01  -8.297160e-01
  -7.975947e-01  -4.934250e-02   3.965158e-02  -4.547223e-04   1.326459e-02
  -1.339506e-02  -2.521150e-02   9.656864e-04   1.024390e-02   2.379057e-02
  -2.627950e-02   4.081026e-02  -3.176324e-02  -1.820050e-02  -1.146588e-02]
[-1.077044 -0.911057 -1.173235 -0.708359 -0.940453 -0.765651 -0.011596
  0.006416 -0.088408 -0.098925  0.011743 -0.069023 -0.07256  -0.051141
 -0.012617 -0.076887 -0.059645 -0.062256  0.030761  0.003614]
[-0.819816 -0.790343 -0.40702  -1.039957 -0.783324 -0.689403  0.003314
  0.003389 -0.005081  0.066956  0.053669 -0.049138  0.032729  0.080472
 -0.043945 -0.021074 -0.012308 -0.006336 -0.052595 -0.032096]
[ -9.965260e-01  -8.377476e-01  -1.015293e+00  -8.353066e-01  -9.761182e-01
  -9.449674e-01   1.730838e-01   9.380415e-02   1.917728e-02  -5.332942e-04
   5.205301e-02  -3.490576e-02   8.451507e-02   5.378630e-02   3.042736e-02
   6.126761e-02  -1.178610e-02   1.538852e-01   9.809586e-05  -1.420730e-02]
[-0.925283 -0.881113 -0.678659 -0.87794  -0.622738 -0.59849   0.015948
  0.0439   -0.012331 -0.13812   0.008098  0.029366  0.006031  0.057597
  0.093087  0.069922 -0.113368  0.018358 -0.020583  0.004536]
[-0.947101 -0.995778 -1.207955 -0.858154 -0.917665 -1.086881 -0.075294
 -0.036662  0.012129 -0.00963  -0.050722 -0.06537   0.096731  0.075659
  0.003888  0.03291   0.008806 -0.088356  0.036681  0.070625]
[ -1.032403e+00  -1.092719e+00  -9.969586e-01  -7.425007e-01  -7.430998e-01
  -8.381897e-01  -2.071370e-02   2.175064e-02   6.113034e-02  -3.189294e-02
   1.209362e-01   9.120795e-02   3.713240e-02   1.443197e-01   8.481095e-02
   5.598632e-02  -1.511268e-01   1.724925e-03  -5.464631e-04  -2.806128e-02]
[-0.993823 -0.927784 -0.873012 -0.951199 -0.909802 -0.829957  0.042131
 -0.10133  -0.038484  0.046384 -0.023933 -0.061483  0.026977 -0.081118
 -0.073227 -0.062042  0.066322  0.020477  0.051321  0.002872]
[-1.072436 -0.9587   -0.961525 -0.868111 -1.009878 -0.887264 -0.00758
  0.096582 -0.026847  0.033848 -0.006587 -0.045618 -0.0588    0.073108
  0.098254  0.003597  0.049466 -0.035101  0.027556 -0.010399]
[-0.772533 -0.646849 -0.617154 -0.679936 -0.605246 -0.526935  0.018387
  0.010991 -0.107385 -0.1094   -0.122093 -0.101313 -0.119623 -0.090882
  0.01571  -0.095251 -0.125127 -0.036569 -0.008391 -0.026755]
[-1.08153  -0.798233 -0.770372 -0.892042 -0.83476  -0.55637   0.055879
 -0.048875  0.082947  0.016859 -0.091875  0.060018 -0.115188 -0.113179
 -0.156387 -0.125514  0.025945  0.128429 -0.092679 -0.027456]
[-1.016455 -1.114792 -0.899581 -1.214439 -0.870931 -0.886167 -0.174208
  0.107354 -0.004065 -0.001315  0.063104  0.144665 -0.107168  0.108321
  0.018433 -0.179266 -0.062409 -0.111534  0.004103  0.040721]
[-1.217949 -0.9482   -0.861735 -0.841145 -0.757597 -0.520991  0.079267
  0.055424 -0.026618  0.089502 -0.080757  0.042727 -0.227651  0.006581
 -0.007759 -0.125432  0.143528  0.098909 -0.079485  0.011725]
[-1.009961 -1.038771 -0.793306 -0.944894 -0.792287 -0.924015 -0.037088
 -0.036777  0.05236   0.09469  -0.026889  0.009319  0.054195 -0.080011
 -0.058478  0.084047  0.1185   -0.016245 -0.055933 -0.036056]
[-0.95537  -0.943614 -0.869291 -0.78461  -0.651249 -0.695338 -0.013737
 -0.137145 -0.01209  -0.032486 -0.074438  0.023583 -0.049884 -0.07568
 -0.091802 -0.063499 -0.044975 -0.012663  0.010595  0.024405]
[-0.889027 -0.678964 -0.711748 -0.93255  -0.932459 -0.940362 -0.043494
  0.302253 -0.009286 -0.008581  0.049398 -0.114951 -0.090919  0.002822
  0.313141 -0.194639  0.04572  -0.082728  0.007647 -0.028763]
[-0.612044 -0.732186 -0.735307 -0.62777  -0.583222 -0.824027 -0.027859
 -0.014657  0.139407  0.038053 -0.141279  0.118417  0.033358 -0.17395
  0.002405  0.053844  0.036579 -0.004787 -0.048733  0.03418 ]
[-0.934588 -0.622078 -0.782201 -0.68702  -0.887945 -0.486216  0.062175
  0.049533  0.005731 -0.041934  0.012403  0.035995 -0.041926 -0.027153
  0.078182 -0.045199 -0.032217  0.027871  0.053909  0.01168 ]
[ -7.619161e-01  -7.059538e-01  -6.629387e-01  -7.631432e-01  -7.672362e-01
  -7.770655e-01   7.868553e-02  -6.833418e-02  -2.853732e-02   8.036990e-02
   7.624091e-03   1.494041e-02   1.182047e-02   2.485594e-02  -6.367698e-03
   3.480850e-02   9.999904e-02   6.297644e-02  -5.755294e-04  -8.512856e-03]
[-0.915937 -0.924648 -0.909355 -0.814447 -0.8868   -0.78424   0.103743
  0.064226 -0.04936  -0.028279 -0.053546 -0.056616 -0.040491 -0.037345
  0.053091  0.054904  0.024681  0.132617  0.049006  0.019245]
[-0.974862 -0.651852 -0.770664 -0.695924 -0.914741 -0.624819  0.025926
  0.06366  -0.038634  0.122729 -0.306046  0.003099 -0.003313 -0.184216
  0.014436 -0.073611  0.129235  0.016323 -0.027884  0.026673]
[-0.841632 -0.642092 -0.704737 -0.797508 -0.915529 -0.739564 -0.032346
  0.122382  0.046683  0.05741   0.085977  0.029169 -0.020224  0.065055
  0.147582  0.016004  0.031377 -0.098615  0.028965 -0.005867]
[-0.765011 -0.881995 -0.77751  -0.609498 -0.702218 -0.739824  0.00317
 -0.006852  0.082357 -0.033136 -0.006622  0.080525 -0.129929 -0.020826
 -0.066343 -0.062513 -0.057552  0.043215 -0.033941  0.02161 ]
[-1.028741 -0.876814 -0.911299 -0.916051 -0.78799  -0.667084  0.113035
  0.025821 -0.090127 -0.035622  0.010568 -0.069048 -0.227023 -0.062419
 -0.102305 -0.277436  0.025209  0.149492 -0.041223  0.027848]
[-0.950333 -1.022789 -0.96983  -0.78612  -0.855781 -0.876766 -0.051139
 -0.02603   0.020107  0.020483  0.062188  0.012744  0.001417  0.079076
  0.006125  0.01016   0.072432 -0.047519 -0.048905 -0.022915]
[-0.910735 -0.829823 -0.808105 -0.860429 -0.85249  -0.75591   0.091513
 -0.008038 -0.022044  0.02591  -0.008929  0.01512   0.036301 -0.030299
 -0.023435  0.040933  0.049106  0.05616   0.028019 -0.00904 ]
[-0.9294   -0.944671 -0.478023 -0.848207 -0.456949 -0.560358  0.013961
 -0.099697 -0.035529  0.057842  0.19633  -0.02437   0.083379  0.238983
 -0.031875 -0.003293  0.084265  0.053321 -0.023523  0.029531]
[-1.044694 -1.119479 -0.92784  -1.148572 -0.97324  -1.071657  0.028764
 -0.047676 -0.011189  0.156122 -0.051343 -0.028438  0.033873 -0.094531
 -0.054149  0.027019  0.153086 -0.020145 -0.034799 -0.025562]
[-0.71299  -0.789592 -0.950028 -0.503786 -0.510547 -0.732951  0.124595
  0.040828 -0.065686  0.203467  0.083456 -0.008302 -0.165477  0.113718
  0.117832 -0.067375  0.128652  0.087434  0.01969   0.028622]
[-0.923372 -0.818956 -0.581963 -0.742407 -0.540733 -0.466138  0.078556
 -0.03461  -0.08908  -0.091565  0.024627 -0.106869 -0.003796 -0.014839
 -0.05017   0.072333 -0.089172 -0.005053 -0.020694 -0.011512]
[-1.209387 -1.166783 -1.015656 -1.247867 -1.13272  -1.146677 -0.003154
 -0.172769  0.077555  0.044297  0.004091  0.113879  0.098198 -0.012261
 -0.125145  0.103665  0.040853  0.061867 -0.020036 -0.00459 ]
[-0.941754 -0.862561 -0.528969 -1.149465 -1.082101 -0.957809 -0.166525
 -0.06665  -0.134108 -0.082245  0.249471 -0.081807  0.174308  0.191481
 -0.170478  0.265382 -0.137008 -0.102589  0.015417  0.035199]
[-0.939768 -0.807359 -0.926462 -0.698522 -1.081996 -0.748917  0.118365
 -0.061232  0.170759  0.081434 -0.085276  0.20298   0.009832 -0.024147
 -0.147369  0.021089 -0.019668  0.123104 -0.023955  0.040474]
[ -7.446884e-01  -7.478260e-01  -7.025690e-01  -7.565475e-01  -6.736131e-01
  -6.941417e-01  -6.264434e-02  -1.493982e-01   2.396566e-04  -1.999419e-02
  -1.328387e-03  -2.139937e-02  -5.495446e-03  -1.444839e-02  -1.039276e-01
   1.172481e-02  -1.996637e-04  -3.503815e-02  -4.667523e-02  -2.280403e-03]
[-0.991918 -0.728322 -0.923793 -0.728985 -0.944705 -0.659655 -0.031253
 -0.041036 -0.074321  0.011104  0.001639 -0.093356  0.015799 -0.013597
  0.02364  -0.001464 -0.003979 -0.035503  0.066823  0.006088]
[-0.741838 -0.794768 -0.690152 -0.854442 -0.722497 -0.757513  0.016556
 -0.053612 -0.089169 -0.048977 -0.081979 -0.105715  0.08809  -0.104546
  0.008336  0.100722 -0.097362  0.021434  0.007311 -0.01364 ]
[-1.001012 -0.864063 -0.934598 -0.834725 -1.007477 -1.195371  0.024901
  0.129621 -0.013617  0.0289    0.085372 -0.047224  0.059837  0.119417
  0.066909  0.103885 -0.074041 -0.017197  0.01881   0.048464]
[-0.960684 -0.817901 -0.867925 -0.852215 -0.924722 -0.81858  -0.078738
  0.027068  0.02065   0.09191  -0.0904   -0.050126 -0.02773  -0.137507
  0.031171 -0.001326 -0.049419 -0.063372  0.023    -0.038943]
[-1.138633 -1.302301 -0.776279 -1.009547 -0.708859 -0.755207  0.024741
  0.04048  -0.028508 -0.038151  0.067243 -0.022058  0.00232   0.058184
 -0.01481   0.004325 -0.114821  0.015373 -0.030217 -0.018903]
[ -1.094913e+00  -8.501759e-01  -7.456497e-01  -9.195433e-01  -8.166281e-01
  -6.231147e-01  -1.061089e-01   4.717924e-02   2.479329e-02   9.145438e-04
  -4.518760e-03   7.308513e-02  -6.633052e-02  -2.290487e-02   4.486172e-02
  -7.174440e-02  -7.030197e-03  -1.079517e-01   3.639467e-03  -1.252079e-02]
[-0.672618 -0.698433 -0.533495 -0.643287 -0.560992 -0.5498    0.067899
  0.002498  0.048897  0.030223 -0.034912  0.07738   0.057109 -0.051826
 -0.006034  0.007273  0.028403  0.083526  0.001646  0.007349]
[-1.204816 -0.879575 -1.042531 -0.666799 -1.044832 -0.598872 -0.095562
 -0.149729 -0.096559  0.011065 -0.026555 -0.116239 -0.022783 -0.041745
 -0.089816 -0.046399  0.081071 -0.034164 -0.006836 -0.001975]
[-1.031941 -0.997933 -0.712984 -1.115878 -0.520301 -0.676572  0.064061
 -0.035813 -0.033602  0.004659  0.060945 -0.056003  0.173717  0.108656
  0.042821  0.134375 -0.002993  0.024251  0.088834  0.052043]
[ -9.688897e-01  -8.759611e-01  -9.867295e-01  -8.177647e-01  -9.619938e-01
  -8.759336e-01  -4.864215e-02   1.239035e-02   6.682917e-02   1.165107e-02
   2.536673e-02   7.243496e-02   5.843380e-02  -2.534893e-02  -4.104292e-04
   6.696937e-02   2.727708e-02  -4.290238e-02  -5.652088e-02   5.642225e-03]
[ -1.066294e+00  -9.448766e-01  -7.443956e-01  -9.827757e-01  -8.068509e-01
  -8.159393e-01   9.537699e-02   1.036352e-01  -1.243762e-01   5.909590e-02
   5.685319e-02  -9.980275e-02  -2.212171e-02   8.038850e-02   5.989904e-02
  -2.494889e-02   2.465447e-02   1.539419e-02   5.783100e-04   7.577838e-03]
[-1.093628 -1.369537 -0.971842 -1.199378 -1.018036 -1.045762  0.024253
  0.011394  0.011896  0.099604 -0.230524 -0.023389  0.057378 -0.124268
  0.010827  0.042184  0.066125  0.02014   0.063508  0.013124]
[-1.044119 -1.117724 -0.992412 -1.090744 -0.963163 -1.091221  0.087332
  0.107918 -0.044322  0.021698 -0.102188  0.023566 -0.072125 -0.042749
  0.024232  0.013413  0.004305  0.025174 -0.060629 -0.033139]
[-0.443582 -0.538846 -0.655913 -0.730747 -1.463355 -1.326059 -0.089109
 -0.056716 -0.08795  -0.026979 -0.177462 -0.463737  0.030815 -0.193325
 -0.167939 -0.006052 -0.038446 -0.081584 -0.051802 -0.008708]
[-0.953539 -0.862265 -1.037223 -0.687346 -0.91111  -0.741786 -0.03289
  0.087899 -0.013093 -0.097299  0.058585 -0.01304  -0.125164  0.022478
  0.127517 -0.09236  -0.050408 -0.08755  -0.061837  0.009861]
[ -8.512604e-01  -9.643092e-01  -1.078774e+00  -7.353832e-01  -7.824300e-01
  -9.364609e-01   2.377318e-02  -3.144113e-02  -3.989698e-02   1.056906e-03
  -9.150136e-03  -5.570510e-02  -5.132352e-02  -5.087372e-03  -6.533457e-02
  -1.995904e-02   8.619739e-03   1.272435e-02  -9.268997e-03   8.793511e-03]
[-0.762279 -0.645155 -0.679008 -0.712636 -0.748193 -0.696755  0.06829
 -0.026906 -0.098992 -0.083711 -0.087601 -0.089345 -0.010047 -0.107727
 -0.036487 -0.024982 -0.025843  0.069263 -0.010858 -0.025359]
[-0.784052 -0.935907 -0.772295 -0.883214 -0.795458 -0.924956 -0.120069
  0.029024  0.237986  0.086315 -0.091753  0.166652  0.012072 -0.145875
  0.097262  0.05009   0.073639 -0.126171  0.003653 -0.04732 ]
[-0.966457 -0.946937 -0.911761 -0.834597 -0.823257 -0.90553  -0.050636
  0.046783 -0.053306 -0.040583  0.097333  0.001857 -0.084895  0.021449
  0.029045 -0.074568 -0.05496  -0.080551  0.008623 -0.012788]
[ -1.094231e+00  -9.867823e-01  -8.230887e-01  -9.562593e-01  -7.872831e-01
  -6.666572e-01   1.694722e-01  -4.244867e-02   3.010358e-02  -4.285869e-02
  -6.850620e-02   1.810236e-02   1.573927e-01  -1.314679e-01   6.712577e-02
   1.501757e-01  -1.752741e-01  -2.883229e-04   7.817181e-03   2.957496e-02]
[ -8.262243e-01  -8.498625e-01  -7.975771e-01  -7.327027e-01  -6.513723e-01
  -8.259990e-01  -3.784561e-02   9.898753e-02   6.399453e-02   4.279316e-03
   1.437821e-02   6.557738e-02   7.569696e-04   2.599987e-02   8.600530e-02
   7.976684e-02  -9.726747e-03  -7.112746e-02   5.002808e-02   5.459415e-02]
[-0.727144 -0.697546 -0.709694 -0.760965 -0.692511 -0.685965 -0.206841
 -0.136477 -0.069649 -0.064301  0.035507 -0.069183 -0.00429   0.041382
 -0.102736 -0.10122  -0.094738 -0.18145  -0.025737  0.014082]
[-1.081881 -1.07658  -0.721956 -1.11062  -0.854141 -0.773583  0.240982
 -0.107034  0.094714 -0.068588  0.019668  0.076876  0.011708 -0.078841
 -0.127427 -0.040463 -0.027346  0.177364 -0.090266 -0.088564]
[ -8.963931e-01  -1.030632e+00  -8.105728e-01  -1.052743e+00  -9.562410e-01
  -1.002354e+00  -2.864812e-02   5.025756e-02  -1.071837e-01  -4.458895e-02
   1.098037e-01  -9.232168e-02  -1.889954e-02   4.492524e-02   2.428317e-02
   7.641589e-04  -2.129653e-03   2.194393e-03  -6.206395e-02  -4.541586e-03]
[-0.905778 -1.053297 -0.887587 -0.996826 -1.021758 -1.068546  0.058545
  0.056266 -0.009421  0.009362  0.085674 -0.012745 -0.003308  0.031598
  0.041528  0.008497 -0.039724  0.059347  0.042372  0.036262]
[-0.980231 -0.787288 -0.868006 -0.796029 -0.851987 -0.698381  0.050857
 -0.026328 -0.010426  0.005101  0.120219  0.007479 -0.032857  0.078513
  0.010837 -0.044168  0.020457 -0.019678 -0.018929 -0.010751]
('Mean', 1, ': ', -0.98023072040502968)
('Median', 1, ': ', -0.98023072040502968)
('Variance', 1, ': ', 0.0)
('Mean', 2, ': ', -0.78728821807157001)
('Median', 2, ': ', -0.78728821807157001)
('Variance', 2, ': ', 0.0)
('Mean', 3, ': ', -0.86800616608790593)
('Median', 3, ': ', -0.86800616608790593)
('Variance', 3, ': ', 0.0)
('Mean', 4, ': ', -0.79602895460990775)
('Median', 4, ': ', -0.79602895460990775)
('Variance', 4, ': ', 0.0)
('Mean', 5, ': ', -0.85198710583902637)
('Median', 5, ': ', -0.85198710583902637)
('Variance', 5, ': ', 0.0)
('Mean', 6, ': ', -0.69838090002118092)
('Median', 6, ': ', -0.69838090002118092)
('Variance', 6, ': ', 0.0)
('time: ', 11048.549831867218)
