“Running plot script on a single CPU core”
[ 0.006959  0.027994  0.05261  -0.007609  0.011718  0.00503 ]
[-0.025316  0.042278  0.010422  0.029323 -0.012943 -0.034918]
[ 0.029184 -0.029334 -0.031339 -0.017532 -0.028175  0.002724]
[ 0.042901  0.037343  0.006757  0.03983  -0.020003 -0.015057]
[-0.0487    0.073213  0.030273  0.028844  0.032655  0.000255]
[ 0.044161  0.046847  0.088295  0.022408  0.033914  0.006306]
[ 0.054647  0.057057  0.045734 -0.00529   0.025847 -0.008677]
[-0.060015 -0.013704  0.011137 -0.004673  0.004682 -0.000499]
[ 0.021204  0.058699  0.047828  0.007793 -0.015628  0.015215]
[ 0.012119  0.035322  0.002635 -0.019367  0.006184 -0.007003]
[ 0.091362  0.097392  0.047415 -0.019828  0.004451  0.013   ]
[ 0.011648 -0.028755 -0.016317 -0.01509  -0.036791 -0.027663]
[ 0.068474  0.073748  0.112002  0.008456  0.010357 -0.014032]
[-0.049473 -0.015112 -0.037863  0.030669 -0.018445  0.028482]
[-0.064842 -0.039024 -0.047782  0.014573  0.034582 -0.011465]
[ 0.075519  0.038806  0.004279 -0.011989  0.00947  -0.028244]
[ 0.027326  0.03794   0.110038  0.001749  0.010368  0.031626]
[-0.020144  0.024662  0.005102  0.003607  0.011333  0.014909]
[ 0.0398    0.065007  0.07282  -0.005739 -0.005874 -0.002357]
[ 0.041891  0.042659  0.087032 -0.002178 -0.002131  0.00195 ]
[-0.040915 -0.055491 -0.075144 -0.029733  0.026204  0.064377]
[ 0.077299  0.028527  0.076807  0.009225 -0.005979 -0.024769]
[-0.008557  0.046992 -0.032455 -0.011048 -0.074971  0.007058]
[-0.03485  -0.028492  0.041236 -0.013231 -0.028056 -0.017148]
[ 0.05762   0.10153   0.066037  0.013421 -0.013607  0.019757]
[ 0.002     0.001264 -0.011526  0.005854 -0.005766 -0.025122]
[-0.08787  -0.00256  -0.054312 -0.015304 -0.010675  0.035762]
[-0.020913 -0.018406 -0.003693 -0.023261  0.01235  -0.019631]
[ 0.003295  0.025353  0.08279   0.009842  0.005581 -0.002206]
[-0.025376 -0.009115  0.083761 -0.003494  0.01333  -0.009347]
[ 0.063144  0.037615  0.045192  0.002041  0.00126  -0.003044]
[-0.038463  0.011175 -0.056673  0.010997 -0.04404  -0.007948]
[ 0.044258  0.091053  0.072038  0.011461  0.003084  0.022154]
[ 0.093755  0.06917   0.084819 -0.000871  0.039821 -0.007292]
[-0.002144  0.027414  0.055557 -0.004215 -0.005873 -0.012438]
[-0.031559 -0.012475  0.043924  0.0002    0.006373 -0.007381]
[ 0.004483  0.039588  0.00328   0.006891  0.027835  0.006891]
[  7.539297e-02   8.640759e-02   7.685631e-02  -4.550681e-05   1.239267e-02
   2.238894e-03]
[ 0.013066  0.023467  0.008446 -0.006954 -0.015622  0.00016 ]
[-0.045513 -0.040401 -0.074909 -0.023828 -0.003764 -0.026564]
[-0.003911  0.040353  0.051322  0.019731 -0.025419 -0.021282]
[-0.069447 -0.057506 -0.084799  0.023203 -0.004571  0.054463]
[-0.024752  0.03125   0.043247  0.01197   0.026701  0.033353]
[-0.007391  0.099899  0.057551  0.01671   0.025552  0.010963]
[-0.020079  0.04323  -0.019126 -0.011067 -0.008865  0.023022]
[ 0.054868  0.060867  0.091492 -0.012447 -0.002693  0.004502]
[ 0.011601  0.035661  0.053457  0.015925  0.009068  0.00936 ]
[ 0.000878  0.007344 -0.032549  0.016803 -0.009111 -0.026326]
[-0.098893 -0.075253 -0.044051  0.01805  -0.015646  0.024424]
[ 0.026186  0.036776  0.064572 -0.014473 -0.000249 -0.015422]
[ 0.06305   0.022338  0.066358  0.012311  0.025027  0.009015]
[-0.019875  0.035477  0.060634  0.023922 -0.001556 -0.003837]
[-0.029488 -0.064427  0.001543 -0.015822 -0.020433  0.003425]
[-0.006919  0.071071  0.029299 -0.046793  0.060234  0.041797]
[ 0.049789  0.041828  0.022693 -0.005222 -0.008805 -0.010218]
[ 0.009281  0.016123  0.031699  0.024985 -0.013223  0.0197  ]
[ 0.083048  0.094373  0.092362 -0.023236  0.006196 -0.014262]
[-0.035602 -0.001465 -0.049098 -0.000601 -0.014034  0.00658 ]
[-0.030691  0.041057  0.076824 -0.010808 -0.011942 -0.000507]
[-0.067849 -0.077183 -0.094919  0.046955 -0.024009  0.004071]
[-0.065227 -0.076345 -0.021608  0.015062  0.034832  0.008866]
[ 0.048009  0.078338  0.079058 -0.001718 -0.004926 -0.017469]
[-0.01535   0.058636  0.059091 -0.021892  0.004451  0.007676]
[ 0.053382  0.064004  0.106681 -0.044277 -0.009933  0.020935]
[-0.057175  0.030398  0.043286  0.00345   0.0294    0.040267]
[ 0.085988  0.072371  0.076506 -0.004244 -0.006138 -0.000276]
[ 0.055382  0.057621  0.053882  0.00712  -0.019869  0.017049]
[ 0.051992  0.003381  0.066669 -0.003616  0.006944 -0.019148]
[ 0.030051  0.070935  0.078713  0.032046 -0.005667 -0.017018]
[ 0.035151  0.065221  0.095641  0.001628  0.014182 -0.003833]
[-0.012044  0.056722 -0.006719  0.00798   0.013701  0.004288]
[ 0.017529  0.034337 -0.018681  0.003674 -0.007014  0.005993]
[ 0.071815  0.090291  0.107243  0.008264  0.00728  -0.00533 ]
[ 0.080433  0.045305  0.084102  0.025676  0.018853 -0.016107]
[ 0.088246  0.120261  0.12245  -0.00713   0.000495 -0.012686]
[ 0.073905  0.088799  0.072328  0.019892  0.017801  0.017587]
[ 0.072985  0.115092  0.059097 -0.011101 -0.013574  0.00656 ]
[ 0.025296  0.094106  0.1189    0.00831  -0.013972 -0.017571]
[ 0.004752  0.064471  0.05492   0.017123 -0.008481  0.03936 ]
[ 0.031763  0.044594  0.026413 -0.020108 -0.02834   0.033018]
[ 0.082028  0.028373  0.063033 -0.047715  0.010716  0.002763]
[ 0.030453  0.042681 -0.014861  0.036259  0.02643   0.011872]
[ 0.021416 -0.037968 -0.0396   -0.022918  0.029503  0.002816]
[-0.093402 -0.00016   0.012261 -0.040928 -0.019977 -0.023515]
[ 0.018894 -0.001421  0.041905 -0.019393 -0.046813 -0.026341]
[-0.025946  0.041782  0.02536  -0.048967  0.008404 -0.032844]
[-0.02825   0.027986  0.021244 -0.03414  -0.010371  0.024664]
[ 0.033072  0.107849  0.076823 -0.016371 -0.026208 -0.012223]
[ 0.04716   0.000153  0.065127  0.016919  0.009518 -0.036541]
[ 0.004768  0.031402  0.076472  0.007246 -0.013245 -0.004784]
[ 0.015051 -0.029273  0.031906  0.017459  0.028892  0.015518]
[ 0.019073  0.058685  0.109736  0.034256  0.049563 -0.046769]
[-0.018548 -0.011387  0.023184 -0.033239 -0.004938  0.017613]
[ 0.026695  0.030669  0.05741  -0.001387  0.003644  0.011805]
[ 0.063143  0.024267  0.069168  0.016015 -0.013017  0.022499]
[ 0.014636  0.03147   0.014264 -0.012802  0.018467  0.013191]
[-0.030859  0.106112  0.027058  0.002358 -0.008518  0.003278]
[-0.014466  0.032294 -0.019593  0.002386 -0.005533  0.006383]
[-0.050301  0.050415  0.038022 -0.025972 -0.017524  0.008036]
[-0.013668  0.022662  0.061529  0.002515 -0.023757  0.021061]
('Mean', 1, ': ', -0.013668196762308422)
('Median', 1, ': ', -0.013668196762308422)
('Variance', 1, ': ', 0.0)
('Mean', 2, ': ', 0.02266187110034985)
('Median', 2, ': ', 0.02266187110034985)
('Variance', 2, ': ', 0.0)
('Mean', 3, ': ', 0.061529115591077439)
('Median', 3, ': ', 0.061529115591077439)
('Variance', 3, ': ', 0.0)
('time: ', 8913.00419998169)
