“Running plot script on a single CPU core”
[ 0.009135 -0.027133 -0.010285 -0.007067  0.018987 -0.011283]
[ 0.036429 -0.027981  0.088166  0.015124  0.051975  0.012546]
[ 0.003699 -0.006952 -0.007347  0.00878  -0.015017 -0.021451]
[ 0.044635  0.068349  0.053827  0.000561  0.045604 -0.011778]
[-0.012438  0.066914  0.055354 -0.015738 -0.012506  0.012094]
[ 0.021567  0.052276  0.020107  0.010297  0.029321 -0.021851]
[ 0.061213  0.062944  0.030774  0.015286  0.027775 -0.001124]
[ 0.091768  0.126906  0.057405  0.002338 -0.044486  0.03288 ]
[ 0.04539   0.001713 -0.005645 -0.040317 -0.003855 -0.005839]
[ 0.015875  0.031569  0.049166 -0.016369 -0.003563 -0.011635]
[ 0.004319 -0.01987  -0.017382 -0.012367 -0.010062 -0.003673]
[-0.01583   0.07589   0.029256 -0.020921 -0.012342 -0.009838]
[ 0.058279  0.086802  0.097893 -0.032975  0.006004 -0.000772]
[ 0.024238  0.033534  0.044246  0.013337  0.011628  0.008968]
[ 0.05193   0.045454  0.030357  0.016806 -0.027417 -0.009034]
[ 0.027191  0.012988  0.048584 -0.004248 -0.007924 -0.036499]
[ 0.021339  0.035684  0.012407 -0.002187  0.00751  -0.007723]
[ 0.049344  0.043552  0.074675 -0.028737  0.02277   0.01935 ]
[ 0.010613  0.074221  0.119685  0.020901  0.03476   0.002957]
[ 0.032044  0.02553   0.03632   0.003382  0.010994 -0.04312 ]
[ 0.051407  0.02325   0.077847  0.010594 -0.013152  0.01595 ]
[-0.007471  0.047616  0.005065 -0.004854 -0.035416  0.028414]
[-0.014693  0.103498  0.096593  0.07647  -0.019819  0.037317]
[ 0.126297  0.090002  0.083178 -0.012092 -0.031862 -0.058266]
[-0.040366  0.006599 -0.054     0.013803 -0.032477 -0.014091]
[ 0.0085    0.038683  0.032388 -0.018768 -0.01056   0.014422]
[ 0.150635  0.027855  0.099995  0.015085  0.011871 -0.030065]
[ 0.031581  0.10331   0.086256 -0.000379  0.013617 -0.002617]
[ 0.0083    0.008621  0.027903  0.023293 -0.00572   0.021923]
[-0.030874 -0.001533  0.078222 -0.007705 -0.018852 -0.045298]
[-0.020633  0.017074  0.053839 -0.029302  0.003015 -0.000459]
[ 0.045807  0.014106  0.002829  0.01121   0.005437  0.025241]
[ 0.01839   0.001945  0.019582 -0.004707  0.001871 -0.002769]
[-0.008099  0.156221  0.026137  0.00175   0.019217 -0.014979]
[-0.002577 -0.003827  0.015855  0.028743  0.001279 -0.026815]
[ 0.002053  0.009017 -0.006885  0.000533 -0.004063 -0.019661]
[ 0.024683 -0.004099  0.037794 -0.014736 -0.018582  0.007326]
[ 0.016336  0.044596  0.054201  0.015063 -0.015079  0.003399]
[ 0.032052  0.018315  0.06495   0.010064  0.000236 -0.01022 ]
[ 0.042673  0.058354  0.063074 -0.017657  0.013774 -0.007297]
[-0.0532    0.045848 -0.062354 -0.002229  0.004603 -0.011517]
[ 0.029538  0.105763  0.064373 -0.012184  0.021809  0.005774]
[ 0.017905  0.126446  0.087713  0.038294 -0.001559  0.015613]
[ 0.000262  0.01344   0.06067   0.012127 -0.004036 -0.014949]
[ 0.043365  0.033239  0.063495 -0.016613 -0.002623  0.002096]
[ 0.011796 -0.007036  0.008173 -0.036375 -0.016882 -0.025452]
[ 0.032469  0.088483  0.024808 -0.011015 -0.020654 -0.006049]
[ 0.035888  0.032378  0.001601  0.02221   0.009089 -0.019603]
[ 0.00815   0.085051  0.124796 -0.036293  0.004679 -0.007632]
[ 0.028662  0.109333  0.100895  0.018504  0.001044  0.022102]
[ 0.126894  0.126019  0.099649  0.014122 -0.009057  0.021725]
[-0.022682 -0.075652 -0.002371  0.043621  0.009099 -0.057906]
[-0.107638  0.015273 -0.022715 -0.019223  0.047184 -0.036249]
[ 0.026644  0.058388  0.101796 -0.018814  0.023142  0.00696 ]
[-0.00892   0.009953 -0.038848  0.021076  0.0347    0.048322]
[ 0.006132  0.061853  0.062001  0.009977  0.050437 -0.026051]
[ 0.000371  0.030948 -0.006051  0.02106  -0.024829  0.011132]
[ 0.010479  0.013097  0.048001 -0.002854  0.01004  -0.020595]
[ 0.074475  0.069996  0.087489  0.033341  0.003009  0.025618]
[ 0.005488  0.029479 -0.047922 -0.029236  0.005483  0.014017]
[ 0.024098  0.014835  0.081058 -0.004959  0.03072  -0.01065 ]
[ 0.04686  -0.010847  0.01793  -0.024518 -0.015705 -0.00443 ]
[ 0.005898  0.057883  0.069994  0.022401 -0.015023 -0.010768]
[ 0.074536  0.06177   0.109591  0.001283 -0.007805  0.00805 ]
[ 0.081717  0.079819  0.098604  0.016149  0.020395  0.006385]
[ 0.017372  0.026252  0.027537  0.004312 -0.003419  0.024062]
[ 0.013192  0.061048  0.006746  0.015345  0.05657   0.003629]
[ 0.09513   0.129279  0.085101  0.010797  0.006518 -0.00732 ]
[-0.006028  0.012314  0.042489  0.006374 -0.01693  -0.013347]
[ 0.014192  0.019406  0.005728  0.000198  0.005903 -0.013464]
[ 0.105486  0.058761  0.086644  0.014027 -0.002078 -0.023682]
[ 0.021512 -0.032802 -0.025822  0.036281 -0.009474 -0.026609]
[ 0.04339   0.013746  0.030971 -0.01362   0.017622  0.013288]
[  3.755563e-02   4.416674e-02   2.322535e-02   3.053760e-03   6.537481e-05
   8.058751e-04]
[ 0.031971  0.052627  0.054188 -0.004001  0.010504 -0.026199]
[ 0.080825  0.107823  0.092365 -0.007749 -0.007604  0.01217 ]
[-0.01026   0.037469  0.082056 -0.002192  0.011759 -0.026099]
[-0.062839  0.015866  0.003644  0.020492 -0.009196 -0.0077  ]
[ 0.018375  0.032292  0.085164 -0.010967  0.030848  0.00599 ]
[-0.004061  0.018478  0.024773 -0.004145  0.019695  0.000831]
[ 0.000375  0.063703  0.042856 -0.003388 -0.014969  0.004214]
[-0.008397  0.041606  0.041223 -0.003709 -0.003081  0.022904]
[-0.008878 -0.013597  0.096876  0.024669  0.018524 -0.029168]
[-0.0344   -0.009753 -0.012864  0.003108  0.013225 -0.014202]
[ 0.023013  0.015289 -0.004741  0.004536  0.024438 -0.023054]
[ 0.026293 -0.022196  0.105104  0.030666 -0.071548 -0.013893]
[ 0.023625  0.006224  0.024793 -0.018566  0.015482  0.035831]
[ 0.024057  0.016974  0.003885 -0.002137 -0.011592  0.014401]
[-0.007935 -0.032939 -0.000765 -0.007863  0.013521 -0.034019]
[ 0.039997  0.064401  0.040895  0.014462  0.001467  0.017439]
[ 0.055499 -0.017907  0.075427 -0.002092  0.00034   0.019473]
[-0.011506  0.028423 -0.001565  0.007587  0.027633 -0.0001  ]
[ 0.014453  0.075161  0.075147  0.00342   0.014074 -0.000192]
[ 0.101314  0.028658  0.118371 -0.001255  0.025084  0.076456]
[-0.003862 -0.01213  -0.00372  -0.01836   0.017924 -0.016386]
[ 0.059689  0.061339  0.123803  0.011865 -0.011076 -0.015498]
[-0.004492  0.010641  0.062032 -0.024563  0.002779 -0.012796]
[-0.010856  0.012597  0.004772  0.010525  0.030364  0.013789]
[ 0.002717  0.030127  0.010437 -0.020675 -0.026585  0.010068]
[ 0.072951  0.090854  0.099006  0.000301  0.019656 -0.020303]
('Mean', 1, ': ', 0.072951322753183584)
('Median', 1, ': ', 0.072951322753183584)
('Variance', 1, ': ', 0.0)
('Mean', 2, ': ', 0.090854259605139473)
('Median', 2, ': ', 0.090854259605139473)
('Variance', 2, ': ', 0.0)
('Mean', 3, ': ', 0.099006290581639289)
('Median', 3, ': ', 0.099006290581639289)
('Variance', 3, ': ', 0.0)
('time: ', 17356.37717604637)
