“Running plot script on a single CPU core”
[ 0.023076 -0.00495   0.033208  0.006632  0.000127 -0.037435]
[ 0.080563  0.079375  0.056371 -0.003379  0.000975 -0.002013]
[ 0.002968  0.031106 -0.006874  0.022555  0.006424 -0.009812]
[-0.024057  0.025895  0.005553 -0.013814  0.008672  0.035129]
[ 0.038103  0.03266   0.039783 -0.006658 -0.017255 -0.005099]
[ 0.002773 -0.074826  0.026291  0.037412 -0.03681  -0.015076]
[-0.036606  0.028392 -0.013649 -0.020998  0.04458   0.024956]
[ 0.03415   0.053596  0.043052  0.018169 -0.004843  0.019821]
[-0.013867  0.028693  0.048739  0.010255  0.026776  0.015982]
[ 0.078     0.110815  0.12046   0.016809  0.011706  0.023329]
[ 0.043532  0.069279  0.066976  0.00675   0.007357  0.03132 ]
[ 0.040393  0.023782  0.022121 -0.010039  0.012667  0.002583]
[ 0.052622  0.039589  0.061011  0.006476 -0.013894  0.020791]
[ 0.071257  0.115204  0.032989  0.00775   0.003365 -0.018615]
[-0.032023  0.016943 -0.013106  0.037477  0.009734  0.014669]
[ 0.073998  0.059908  0.003245  0.022269 -0.060647 -0.001183]
[-0.066732  0.038303 -0.002713 -0.000454  0.011711 -0.02421 ]
[-0.012926  0.021871  0.030815 -0.014169 -0.000395 -0.024049]
[ 0.026708  0.067879  0.071719  0.044922  0.002436  0.021329]
[ 0.009511 -0.057144 -0.00265  -0.011824  0.003635  0.001775]
[ 0.064809  0.092717  0.052139 -0.019358 -0.015415  0.018598]
[-0.04003  -0.025324 -0.005121 -0.027054  0.015415  0.005307]
[ 0.027782  0.040668  0.070047 -0.009517 -0.017355  0.002794]
[-0.041179  0.005197 -0.032334  0.000128  0.015793  0.005653]
[-0.038168 -0.004271 -0.014515  0.027862 -0.005544 -0.016956]
[ 0.062196  0.056971  0.1189   -0.000132  0.019398  0.017483]
[ 0.019515  0.057858  0.028341 -0.002168  0.008044 -0.012109]
[ 0.037456  0.094851  0.077112  0.001238  0.000683 -0.006687]
[ 0.013447  0.058469  0.033086 -0.037565  0.007672  0.018899]
[ 0.084342  0.119401  0.124035  0.006714  0.021013 -0.010846]
[ 0.024722  0.087979  0.083008 -0.000305 -0.00542  -0.006978]
[ 0.035717  0.063735  0.055573 -0.005545 -0.025718  0.002376]
[ 0.002659  0.009921  0.002159  0.008355 -0.003464  0.020737]
[ 0.038529  0.027344  0.049113  0.003468  0.001541  0.003837]
[ 0.016602  0.045825  0.055295  0.032635 -0.034929 -0.019312]
[-0.003866  0.019511  0.023089  0.001482 -0.014923 -0.017656]
[ 0.029774  0.053267  0.043335 -0.028038 -0.006545  0.014561]
[ 0.010871  0.080987  0.045796  0.01572  -0.02177  -0.005315]
[ 0.043483  0.059283  0.038829 -0.001265 -0.033088  0.021432]
[ 0.031241  0.072145 -0.038059  0.039675 -0.011194 -0.003403]
[-0.136435 -0.177151 -0.079757  0.039904  0.040662 -0.088761]
[-0.01651  -0.052603 -0.008326  0.004719 -0.018474 -0.017728]
[-0.020991  0.030686  0.08218  -0.045322  0.006452  0.01764 ]
[ 0.027264  0.073513  0.039557 -0.007744  0.047779 -0.011091]
[ 0.068998  0.064675  0.077734  0.024397  0.002905 -0.013101]
[ 0.021195  0.02472  -0.087445 -0.008724  0.017719  0.017998]
[ 0.109965  0.084057  0.139222 -0.014136 -0.012451  0.062896]
[-0.042839  0.044371 -0.008834 -0.014694  0.035258  0.020849]
[-0.025863  0.029902  0.041178 -0.038475 -0.014137 -0.025178]
[-0.082015 -0.031395 -0.049223 -0.022812 -0.021391  0.011466]
[ 0.000188 -0.002172  0.004711 -0.016624 -0.011791 -0.035888]
[ 0.007092  0.050091  0.043835 -0.013818  0.014553  0.006216]
[ 0.008711  0.097144  0.11547   0.031884 -0.014363  0.001249]
[-0.038318  0.051154 -0.006026 -0.025867 -0.012915 -0.014924]
[ 0.046406  0.053486  0.047826  0.008452  0.0019    0.0062  ]
[ 0.000457  0.045202  0.05636   0.011026  0.015414  0.004815]
[-0.006017 -0.014094 -0.013303  0.035101 -0.003188  0.029776]
[-0.015195  0.043538  0.06886  -0.000123  0.002162  0.023075]
[ 0.007173  0.015961  0.052071  0.028339 -0.003428  0.007026]
[ 0.014363  0.032071 -0.040978  0.004955 -0.013132  0.011292]
[-0.025813  0.041528  0.071153  0.012852 -0.024305 -0.004272]
[ 0.049778  0.001066  0.026413 -0.01609   0.014009  0.004413]
[ 0.098927  0.111542  0.146417 -0.03146  -0.033245 -0.013673]
[ 0.023397  0.070099  0.139419 -0.005497 -0.015005 -0.009544]
[ 0.011901  0.024086  0.014726  0.013618  0.032598 -0.019615]
[-0.031063 -0.044001  0.010424 -0.009333  0.020404 -0.016863]
[ 0.089775  0.113615  0.117835 -0.009772  0.013681 -0.01377 ]
[ 0.096858  0.12491   0.101901 -0.010503  0.029719 -0.020336]
[ 0.030954  0.057838  0.073983 -0.0084   -0.004837 -0.009269]
[ 0.038122  0.068719  0.05075   0.016296 -0.016613  0.020304]
[-0.001588  0.040345 -0.028979  0.007849  0.016968  0.011376]
[ 0.119871  0.0851    0.015038  0.011024  0.037932 -0.003803]
[ 0.048644  0.023931  0.039627  0.003156 -0.002123  0.010756]
[ 0.04769   0.023225  0.05653   0.020932 -0.014597  0.007324]
[ 0.071413  0.11716   0.092091 -0.009963 -0.004796 -0.012119]
[-0.039051 -0.007724  0.008413 -0.001005 -0.019159 -0.059569]
[-0.010991  0.038626  0.03392  -0.00224  -0.03277  -0.006984]
[-0.022256  0.006715 -0.024957  0.004834 -0.006491 -0.009152]
[ 0.065073  0.03672   0.03601  -0.016871  0.029667 -0.018669]
[ 0.028831  0.071669  0.069201  0.008434  0.024017  0.000251]
[ 0.046958 -0.044253 -0.012179  0.003257  0.016531  0.012797]
[-0.004974  0.043536  0.011885  0.015596 -0.037821  0.040069]
[ 0.027346  0.080543  0.047687 -0.019885 -0.020958 -0.000867]
[-0.017101  0.015357  0.022591  0.006009 -0.014963 -0.002134]
[ 0.080375  0.049075  0.112885  0.002711  0.00599   0.000945]
[-0.004551  0.019326 -0.03411   0.025775  0.045495 -0.02723 ]
[  9.688326e-02   1.114744e-01   1.014314e-01  -4.934257e-05  -2.054943e-02
   1.542703e-02]
[ 0.046212  0.051881  0.050125 -0.002735  0.018787 -0.02642 ]
[ 0.052838  0.047242  0.036645 -0.007582 -0.012428 -0.000195]
[ 0.07976   0.036746  0.006643 -0.003042  0.001774  0.023519]
[ 0.08315   0.116706  0.121599  0.045129 -0.022055  0.021946]
[-0.008044 -0.025494 -0.07596   0.00488   0.03586  -0.00187 ]
[ 0.068481  0.051548  0.057924 -0.004688 -0.004846  0.030554]
[-0.075501  0.005997  0.013415  0.025456  0.012006 -0.005551]
[-0.009242  0.035303  0.033372  0.008937 -0.00178   0.012588]
[ 0.06645   0.029343  0.067806 -0.011907 -0.00771  -0.009152]
[ 0.015454  0.020107  0.004833  0.006391  0.024521 -0.026446]
[-0.000548  0.012201  0.05723  -0.009782 -0.000368  0.016718]
[ 0.018164  0.062817  0.017043  0.00491   0.011958  0.003706]
[ 0.045921  0.020678  0.024417  0.000103  0.013073 -0.034322]
('Mean', 1, ': ', 0.045920937345409696)
('Median', 1, ': ', 0.045920937345409696)
('Variance', 1, ': ', 0.0)
('Mean', 2, ': ', 0.020678310298717854)
('Median', 2, ': ', 0.020678310298717854)
('Variance', 2, ': ', 0.0)
('Mean', 3, ': ', 0.024416951489321277)
('Median', 3, ': ', 0.024416951489321277)
('Variance', 3, ': ', 0.0)
('time: ', 8385.535321950912)
