“Running plot script on a single CPU core”
[ 0.043855  0.06948   0.059022 -0.029023  0.014693 -0.024843]
[ 0.046519  0.06135   0.000949  0.003024 -0.011135  0.006213]
[ 0.038378 -0.001745  0.054414 -0.018202 -0.009529 -0.028637]
[ 0.022956  0.062898  0.097069 -0.002835 -0.012693 -0.001746]
[ 0.094408  0.06017   0.070527  0.013456  0.03392   0.000242]
[-0.015795  0.033472  0.086598 -0.031456  0.00297  -0.023437]
[-0.015483  0.062848  0.036479 -0.011293 -0.000354 -0.003385]
[ 0.026095  0.027773  0.001233 -0.001964 -0.002607  0.00124 ]
[-0.029361 -0.060099 -0.05237   0.008004  0.006547 -0.0234  ]
[ 0.04917   0.056187  0.052188  0.020144 -0.024683  0.021845]
[ 0.0843    0.075228  0.090336  0.020845  0.005224  0.030285]
[-0.003506  0.004119 -0.036131 -0.049095  0.003582  0.03154 ]
[-0.090755 -0.100395 -0.023559  0.025833  0.039178  0.013282]
[ 0.0101    0.066316  0.018808  0.003451 -0.002909  0.000793]
[ 0.061876  0.099423 -0.006092  0.006856 -0.009348 -0.001666]
[  1.713023e-02   1.800690e-02   3.646792e-02  -1.093513e-02  -3.025574e-05
   9.040422e-03]
[-0.004518 -0.006801  0.045513  0.012777  0.00779  -0.016634]
[ 0.016289  0.051664  0.074987  0.004748 -0.005289  0.018328]
[ 0.104547  0.132996  0.06052   0.016617 -0.014089 -0.010898]
[ 0.047679  0.098543  0.110592  0.007805 -0.020663  0.011509]
[-0.029484 -0.011006  0.021014  0.006556  0.005141 -0.011685]
[ 0.018201  0.095606  0.122625  0.018974  0.008108  0.016084]
[-0.015503  0.033635  0.026578 -0.016792  0.003918  0.008932]
[  1.055657e-05  -1.265505e-02   2.398670e-02   1.433721e-02  -3.366530e-02
   3.793032e-02]
[-0.004916  0.009464  0.005601  0.014439  0.024883  0.030759]
[ 0.021015  0.030539  0.043816  0.001446 -0.005141  0.001924]
[ 0.001356  0.007279  0.068145 -0.009672  0.038631 -0.02185 ]
[ 0.065171  0.183175  0.088593  0.005586  0.00375  -0.055163]
[ 0.06717   0.058069  0.081027 -0.034207 -0.01647  -0.010461]
[ 0.061447  0.152101  0.149216 -0.015117  0.015612 -0.007488]
[-0.022492  0.006716  0.025704 -0.005729  0.017342  0.002084]
[-0.073596 -0.001963  0.039517 -0.01144   0.008545  0.038329]
[ 0.021488  0.144725  0.131486  0.033621  0.028869  0.003061]
[ 0.043854  0.057721  0.113036  0.00553  -0.003792  0.010497]
[-0.143498 -0.061058 -0.09878  -0.006156 -0.042004 -0.018049]
[ 0.022637  0.026906 -0.00688  -0.010556 -0.00845   0.025516]
[-0.084993 -0.031835  0.000925 -0.005997  0.006556 -0.029794]
[  7.931573e-02   1.126548e-01   1.450129e-01  -3.103688e-02  -5.373807e-03
   6.590570e-05]
[-0.008919  0.084711  0.06362   0.024929  0.00504   0.007801]
[-0.011957 -0.018988  0.017346  0.013455 -0.012974 -0.016998]
[ 0.053     0.039805  0.052382 -0.02287   0.026329 -0.031434]
[ 0.049706  0.038705  0.013889 -0.004772  0.004432 -0.024675]
[ 0.10141   0.070296  0.130683  0.01825   0.002273 -0.009931]
[ 0.064157  0.081308  0.116849 -0.036639 -0.019226  0.012514]
[ 0.027565  0.071052  0.075464 -0.011121  0.014367 -0.003977]
[-0.004654  0.014643 -0.02079  -0.012332  0.007614  0.033872]
[ 0.00907   0.108035  0.081943 -0.006525  0.004101  0.000152]
[ 0.001528  0.04924   0.052677 -0.006088 -0.006848  0.021094]
[-0.005999  0.006368 -0.017542  0.001606  0.003651  0.001369]
[ 0.052644  0.041686  0.041731  0.002357 -0.034814  0.042354]
[ 0.045017  0.042326  0.070765 -0.011633 -0.018924 -0.008462]
[ 0.023655  0.082956  0.042371  0.008884  0.01997  -0.009677]
[ 0.056424 -0.002067  0.02764   0.016443  0.020088 -0.025255]
[ 0.043526  0.058991  0.081327  0.000553  0.012051  0.023444]
[ 0.019311  0.042538  0.071064  0.000662 -0.01177   0.010002]
[-0.025221  0.004326  0.021894  0.015358  0.016999 -0.009158]
[  4.214381e-03   7.509639e-05   5.121390e-02   3.807390e-02   1.308692e-02
  -6.927262e-03]
[ 0.030283 -0.006009  0.028408  0.000622 -0.015221  0.00704 ]
[ 0.098806  0.11269   0.124546  0.002611 -0.002945  0.006459]
[-0.028154  0.01457   0.016817 -0.017486  0.00512  -0.008115]
[ 0.072922  0.127868  0.145457  0.015797 -0.021098 -0.012146]
[ 0.063019  0.117628  0.098155 -0.016471  0.007613 -0.009513]
[ 0.037106 -0.002602  0.031164 -0.014666  0.007793  0.007536]
[ -5.633280e-02   1.135212e-02   8.386165e-03   1.831400e-03   2.328560e-06
  -1.413723e-02]
[ 0.052242  0.038558  0.087838 -0.020138 -0.025324  0.018826]
[-0.008958 -0.044639 -0.025855  0.001336  0.001781  0.000196]
[ 0.072123  0.047262  0.096203 -0.005071 -0.00414   0.017323]
[ 0.032156  0.052854  0.022518 -0.006863  0.028854  0.004373]
[-0.000676  0.030811 -0.013208 -0.020528  0.021908 -0.01027 ]
[-0.014274  0.004233  0.037409  0.042848  0.029902  0.034703]
[ 0.018797  0.022562  0.03359   0.00262  -0.012043  0.006567]
[ 0.023068  0.051353  0.078927 -0.005438  0.046444  0.006182]
[ 0.062469  0.059967  0.080559 -0.013062  0.010459  0.016842]
[ 0.033656  0.031493  0.070549 -0.007243 -0.006143 -0.009876]
[-0.029446  0.011186  0.02219   0.008306 -0.015226 -0.002241]
[ 0.035145  0.009482  0.052692  0.010286 -0.010902  0.005118]
[ 0.042114  0.011031  0.052267  0.01824  -0.006113  0.022665]
[ 0.008327  0.004667  0.060723  0.003995  0.011392  0.001994]
[ 0.028751  0.037901  0.041491  0.012038  0.022793 -0.016981]
[-0.047652  0.033515  0.023636 -0.003128 -0.032373  0.017383]
[ 0.029971  0.015032 -0.001252  0.011969 -0.020086 -0.008465]
[ 0.015859  0.010456  0.013656 -0.02783   0.007464 -0.04745 ]
[ 0.008276  0.036202  0.023529  0.009464 -0.006311 -0.002008]
[-0.011227  0.058057  0.1485    0.023882  0.000577  0.029196]
[-0.028583 -0.000791 -0.008686  0.011164 -0.004654 -0.011205]
[  8.479645e-02   4.803165e-02   4.964035e-02  -9.540189e-05   5.593291e-03
  -3.375552e-02]
[-0.02543   0.014272 -0.022031 -0.006261 -0.034215  0.008286]
[ 0.015942  0.068402  0.023353  0.015657 -0.002134 -0.01313 ]
[ 0.055696  0.034507  0.082562  0.060135 -0.013779  0.021713]
[ 0.061346  0.039081  0.07868   0.007093  0.02102   0.00281 ]
[-0.058031  0.060045  0.032475  0.00569   0.032835  0.042076]
[-0.035681 -0.042245 -0.050944  0.015338 -0.022651  0.008774]
[ 0.119121  0.030382  0.084512  0.010759  0.000207  0.005135]
[ 0.005515  0.081511  0.11968  -0.035773  0.002345  0.018119]
[ 0.033908  0.053053  0.025944  0.031033  0.02688  -0.002662]
[-0.019869  0.012358  0.015558  0.008438  0.017419 -0.000925]
[ 0.020827  0.021372  0.04744  -0.008544  0.013011 -0.008549]
[-0.008008 -0.017289 -0.007162  0.005855 -0.026992  0.012003]
[ 0.006793  0.034989  0.09047  -0.010478  0.00684   0.021761]
[ 0.033829  0.081474  0.085613 -0.027274  0.005149 -0.003625]
('Mean', 1, ': ', 0.033828868704006455)
('Median', 1, ': ', 0.033828868704006455)
('Variance', 1, ': ', 0.0)
('Mean', 2, ': ', 0.081474219472397885)
('Median', 2, ': ', 0.081474219472397885)
('Variance', 2, ': ', 0.0)
('Mean', 3, ': ', 0.085612622527824575)
('Median', 3, ': ', 0.085612622527824575)
('Variance', 3, ': ', 0.0)
('time: ', 7456.249577045441)
