“Running plot script on a single CPU core”
[ 0.03656   0.047914  0.09063   0.067959  0.005416 -0.023099]
[-0.053264  0.022097 -0.043038 -0.011032  0.040824  0.027394]
[ 0.033121  0.057718  0.088974 -0.017799 -0.019185 -0.019724]
[ 0.079597  0.022864  0.085543 -0.043379 -0.027817 -0.042702]
[-0.019444  0.022702  0.025348 -0.006376 -0.014845 -0.016998]
[ 0.033933  0.03932  -0.004319 -0.005302 -0.008297  0.015013]
[ 0.030655  0.020326  0.036458  0.006895 -0.014358 -0.000696]
[-0.034808  0.00497   0.0209    0.017102 -0.007353 -0.013788]
[ 0.002708  0.026201  0.004264 -0.003768  0.0157   -0.010067]
[ 0.050541  0.012981  0.090294  0.020864  0.014826  0.008382]
[ 0.04426   0.013792  0.066921 -0.017908  0.050861 -0.00926 ]
[ 0.054441  0.051924  0.023143  0.009614 -0.024854 -0.036832]
[ 0.02605   0.041738  0.031817  0.01036   0.016842 -0.005783]
[ 0.064957  0.078429  0.069473  0.02659   0.008058  0.018454]
[ 0.004942  0.029184 -0.042395  0.036152 -0.001738 -0.026974]
[ 0.066018  0.101801  0.098172 -0.027219  0.006416 -0.003783]
[-0.019452  0.005026  0.036731 -0.011518  0.022402  0.049614]
[ 0.0943    0.070465  0.135909 -0.039499  0.006274 -0.001747]
[ 0.008768  0.028113  0.04456   0.035721  0.011835 -0.00368 ]
[ 0.029246  0.051575  0.074018  0.002141 -0.01542   0.018516]
[ 0.041596  0.025263  0.062736 -0.00962  -0.016056  0.008072]
[ 0.068776  0.074132  0.050173  0.00628   0.006612 -0.03165 ]
[ 0.001784  0.05763   0.032544  0.004317  0.032208 -0.01171 ]
[ 0.029232  0.040601  0.083079 -0.00101  -0.016904 -0.0126  ]
[ 0.005993 -0.012887  0.037545 -0.007118  0.026195 -0.042697]
[ 0.00316   0.001151  0.01347  -0.019696  0.014407 -0.015027]
[ 0.040688  0.118813  0.046759 -0.038901 -0.005898  0.017032]
[ 0.035491  0.049472  0.032915  0.003182 -0.003459 -0.009726]
[ 0.001715 -0.000471  0.061123  0.047291  0.018889 -0.015284]
[-0.076752 -0.028153 -0.067178 -0.01217   0.004647  0.006607]
[ 0.037381  0.080087  0.030286  0.003918 -0.024752  0.027155]
[ 0.029775  0.106996  0.085973  0.024217  0.031524 -0.004357]
[ 0.013179  0.053853  0.019857  0.00386   0.007117 -0.008069]
[ 0.015331  0.012022  0.068488 -0.036404 -0.007038 -0.012276]
[ 0.007669 -0.047083 -0.014756  0.007925 -0.006178  0.027473]
[ 0.0203    0.054503  0.041618  0.015856 -0.002497 -0.005585]
[-0.006269  0.026964 -0.017293 -0.007715  0.013581  0.003576]
[ 0.030137  0.023913  0.089007 -0.023589  0.03581  -0.011353]
[ 0.017832  0.06601   0.081876 -0.004479  0.006391  0.003485]
[-0.011747  0.028534  0.016486 -0.041303 -0.036818 -0.000767]
[-0.018084  0.005934  0.009006  0.001951 -0.000164  0.003073]
[-0.011256  0.046693  0.004467  0.026041  0.008413  0.024006]
[ 0.076406  0.129134  0.122025 -0.007086  0.013928  0.016794]
[-0.055585  0.013592  0.052681 -0.01816   0.008362  0.010801]
[ 0.034397  0.051699  0.098292  0.007787  0.017369 -0.00855 ]
[ 0.002899  0.010165  0.012156 -0.008261  0.013534 -0.011102]
[ 0.057532  0.020088  0.054432  0.041886  0.011617  0.001704]
[ 0.026903 -0.002724  0.030851 -0.004585 -0.023372  0.030391]
[ 0.055983  0.063255  0.06404   0.00478   0.015555 -0.007866]
[ 0.048457  0.028628  0.111224  0.010301  0.009735  0.001093]
[ 0.053752  0.081845  0.117708  0.020591 -0.027099 -0.009616]
[ 0.049635  0.04048   0.026481 -0.01084   0.019286 -0.036487]
[-0.028791 -0.001646 -0.010082 -0.008768 -0.009143 -0.002411]
[ 0.089495  0.100771  0.133136  0.022549  0.01828   0.00226 ]
[ 0.008806  0.053959  0.00505  -0.013691  0.032512 -0.010738]
[-0.017659  0.060045  0.124358  0.011884  0.03031  -0.019388]
[ 0.074656  0.057276  0.079984 -0.023519  0.005123 -0.017776]
[ 0.011595  0.019259  0.063036  0.018841 -0.005573 -0.001884]
[ 0.059473  0.057354  0.037411 -0.03202  -0.000545  0.007525]
[ 0.063616  0.024117  0.096804  0.031981 -0.007205  0.01708 ]
[ 0.04195   0.071597  0.064005  0.018416 -0.014401  0.005251]
[ 0.051619  0.058265  0.025585  0.01837  -0.02071  -0.038539]
[-0.005276 -0.002284  0.038552  0.013062  0.017088  0.002129]
[-0.006521  0.058503  0.048452  0.003924  0.01975  -0.034434]
[-0.052311  0.008567 -0.019847  0.013029  0.01563   0.014824]
[-0.027641  0.005236 -0.009944  0.031368 -0.027529 -0.022314]
[ 0.075429  0.080579  0.05009   0.008212  0.021848 -0.010021]
[ 0.032976  0.065549  0.06738  -0.004371 -0.004616  0.021822]
[ 0.024743  0.009884  0.090975  0.00567  -0.015936 -0.008217]
[-0.020501 -0.061937 -0.000733  0.010664 -0.017016 -0.009975]
[ 0.086734  0.033888  0.056355  0.005559 -0.01762   0.004501]
[ 0.080262  0.010621  0.103475  0.021008 -0.013707 -0.004045]
[ 0.039631  0.019181  0.08113   0.031031 -0.045708 -0.028854]
[ 0.018402  0.030918  0.087109  0.02573  -0.003987  0.020856]
[ 0.037562  0.054516  0.073261  0.001637 -0.008484  0.028529]
[ 0.085125  0.060348  0.086105  0.003588  0.005015  0.021577]
[ 0.058092  0.050626  0.091174 -0.023382  0.002556  0.000539]
[ 0.068656  0.069321  0.050339  0.007683 -0.019319  0.001809]
[-0.035751  0.024509 -0.043985  0.006495 -0.033684  0.014106]
[-0.01866  -0.032174  0.012642  0.003563 -0.024942  0.012024]
[ 0.056895  0.040559  0.024095 -0.034397  0.009431 -0.033096]
[ 0.078188  0.061241  0.073368 -0.013373  0.005229  0.002852]
[-0.034774  0.055193  0.048492 -0.048951 -0.011921 -0.012082]
[ 0.010124  0.005266  0.038767 -0.024056  0.006623  0.007057]
[ 0.025674  0.013613 -0.002337 -0.01438  -0.038313 -0.026007]
[ 0.030056 -0.006621 -0.035027 -0.008644 -0.001945 -0.029532]
[-0.008823  0.028115  0.031662 -0.006911 -0.005839 -0.010533]
[-0.028285 -0.006812 -0.039073  0.006243  0.034571 -0.017994]
[ 0.069506  0.092947  0.150354  0.037929 -0.023102  0.014419]
[ 0.051052  0.096852  0.080568  0.008541 -0.00356   0.000789]
[ 0.144076  0.149845  0.050942  0.000431 -0.016113  0.011431]
[ 0.087217  0.074213  0.087276 -0.00031  -0.029241 -0.021439]
[-0.064774 -0.036017 -0.0166    0.013613 -0.001036  0.008767]
[ 0.051447  0.056757  0.051429 -0.008236 -0.025673  0.00044 ]
[ 0.043133  0.071207  0.083675  0.006255  0.029049  0.013483]
[ 0.062724 -0.005898  0.043725 -0.01471   0.000369  0.068261]
[ 0.058195  0.022786  0.05725  -0.00037   0.003833 -0.000388]
[ 0.022676  0.074045  0.109486  0.013258  0.012154  0.008469]
[-0.018163  0.031543 -0.023255  0.016432  0.008145 -0.025967]
[ 0.052589  0.050268  0.064689 -0.002361  0.000888  0.006455]
('Mean', 1, ': ', 0.052588851152651987)
('Median', 1, ': ', 0.052588851152651987)
('Variance', 1, ': ', 0.0)
('Mean', 2, ': ', 0.050268202551452909)
('Median', 2, ': ', 0.050268202551452909)
('Variance', 2, ': ', 0.0)
('Mean', 3, ': ', 0.064688779378080041)
('Median', 3, ': ', 0.064688779378080041)
('Variance', 3, ': ', 0.0)
('time: ', 14243.275725126266)
