“Running plot script on a single CPU core”
[-0.953296 -1.399145 -0.874524 -0.786571 -0.332172 -0.686478 -0.146563
 -0.139101 -0.001533 -0.112725 -0.069882  0.036793 -0.154821 -0.122571
 -0.202276 -0.067269 -0.17071  -0.058313 -0.023726 -0.021119]
[-0.944779 -0.976305 -0.835235 -1.239764 -1.248923 -1.400484 -0.036242
 -0.007212  0.001764  0.020307  0.019429 -0.046351  0.018327 -0.094912
  0.042291  0.05603   0.003953  0.050115  0.018463  0.030955]
[ -8.531505e-01  -6.780137e-01  -5.263429e-01  -9.489835e-01  -8.076219e-01
  -7.621544e-01   3.495318e-02   8.955388e-02  -2.594259e-02   3.025663e-02
   1.192348e-01  -5.125386e-02  -1.221935e-02   8.884382e-02   9.659702e-02
   3.596536e-03   4.024230e-02  -2.979054e-02   2.077310e-03   3.717163e-04]
[-0.880236 -0.941469 -0.827002 -0.717205 -0.934581 -1.006511 -0.132031
  0.087252  0.124002 -0.066393 -0.016383  0.122852  0.10792  -0.036883
 -0.014274  0.086577 -0.001734 -0.162146 -0.018437  0.012367]
[ -8.717792e-01  -7.851753e-01  -6.473502e-01  -1.172674e+00  -9.489550e-01
  -8.377838e-01   1.021834e-02  -9.615409e-02  -2.291976e-02  -6.741667e-03
  -3.973519e-02  -5.122151e-02  -2.926999e-02   2.307151e-03  -7.263491e-02
  -9.759705e-02  -5.154772e-02   3.593961e-04   3.703654e-02   7.455122e-03]
[ -8.273775e-01  -6.169514e-01  -7.483147e-01  -6.848878e-01  -7.882593e-01
  -6.786077e-01   2.299972e-02  -1.155658e-01  -1.000594e-03  -7.450956e-04
   4.978607e-02  -4.404227e-02  -6.053315e-02   6.640203e-02  -1.391759e-01
  -1.709261e-02  -3.694495e-02  -4.819619e-02   1.664364e-03   2.942350e-02]
[-1.053428 -1.055267 -1.023758 -1.137552 -0.949006 -1.189989  0.005602
  0.021111  0.16098   0.029132 -0.050658  0.02719  -0.007575  0.012684
 -0.057038 -0.047925  0.037514  0.062901  0.080329  0.072596]
[-0.987197 -0.808238 -0.771294 -0.906033 -0.829901 -0.618305  0.042268
 -0.011009 -0.00707  -0.037124  0.05784  -0.005372 -0.07976   0.060374
  0.047008 -0.131002  0.028715  0.0463    0.009258  0.017443]
[-0.783496 -0.872484 -0.716498 -0.764971 -0.625524 -0.699304 -0.060605
 -0.165905 -0.064166  0.051118  0.107659 -0.092598  0.039945  0.117805
 -0.138729  0.055079  0.098731  0.043103 -0.00444  -0.059672]
[-0.947019 -0.887189 -0.898859 -0.86087  -0.869727 -0.800759  0.065911
 -0.012339 -0.015194 -0.008864 -0.030813 -0.007853 -0.063971 -0.052538
 -0.026807 -0.077746 -0.007955  0.05827   0.035683 -0.012929]
[-0.848191 -0.762165 -0.974794 -0.692613 -0.896376 -1.002963  0.011924
  0.064475 -0.083936 -0.104079 -0.017292 -0.049597  0.025589  0.003538
  0.071392  0.068652 -0.114936  0.043116 -0.025857 -0.0016  ]
[-0.930907 -0.857986 -0.633132 -0.8175   -0.490412 -0.491776  0.049997
 -0.037931 -0.008641 -0.010454 -0.088019 -0.01077   0.039746 -0.181055
 -0.033116  0.097426 -0.014464  0.051957 -0.004973  0.00306 ]
[-0.902106 -1.113007 -0.713377 -0.846736 -0.43718  -0.578128  0.030646
 -0.031482  0.077293 -0.271606  0.008037  0.051945  0.303044  0.039488
  0.009252  0.251606 -0.168126  0.13495   0.029947 -0.017655]
[-1.063676 -0.607299 -0.993275 -0.590941 -0.92227  -0.756363  0.10405
  0.003722 -0.018137 -0.023803 -0.039256 -0.041173  0.115792  0.070614
  0.048245  0.062423 -0.042897  0.171444 -0.010254  0.038964]
[-0.896652 -0.553912 -0.46075  -0.784514 -0.707153 -0.469277 -0.050541
 -0.069133  0.010486 -0.036883 -0.035945 -0.033945 -0.136567 -0.037851
 -0.07665  -0.170557 -0.073547 -0.055922  0.011946  0.02184 ]
[-0.658321 -1.184708 -0.856287 -0.660546 -0.384235 -0.986415 -0.053975
 -0.054961 -0.187618 -0.166141 -0.029183 -0.223985 -0.026955 -0.08761
 -0.008686 -0.03519  -0.258515 -0.128895 -0.051191  0.016191]
[-1.003074 -0.743735 -0.579156 -0.84683  -0.739907 -0.555255 -0.140487
 -0.049905 -0.061897 -0.066799 -0.031535 -0.132284 -0.129264 -0.017783
 -0.080704 -0.09489  -0.065538 -0.199626  0.007032  0.006623]
[-0.66585  -0.59862  -0.526211 -0.932357 -0.868412 -0.860769  0.039868
 -0.047485 -0.08119  -0.044823  0.032208 -0.044203  0.003222  0.035458
 -0.046701 -0.010855 -0.032951  0.045611  0.002959 -0.021237]
[-0.992085 -1.122076 -0.751559 -0.919258 -0.684018 -0.987973 -0.059556
 -0.094621  0.0166   -0.141211 -0.027574  0.066658  0.011     0.004576
 -0.120833 -0.081067 -0.13575  -0.050761  0.050418  0.048476]
[-0.924565 -0.920115 -0.768614 -0.917732 -0.776247 -0.898211 -0.037196
 -0.020471 -0.036516 -0.037788 -0.044504 -0.029751  0.120932  0.025439
 -0.010813  0.090369 -0.063865 -0.003955  0.067073  0.004582]
[-0.79937  -0.736937 -0.617679 -0.855838 -0.760657 -0.649854 -0.057289
 -0.042561  0.013149  0.010158 -0.044471  0.005339  0.047683 -0.039725
 -0.042769  0.020255  0.039533 -0.03721   0.028125 -0.00743 ]
[-1.110753 -0.840404 -0.959369 -0.861688 -0.86476  -0.776429 -0.009754
  0.097492  0.053732 -0.022752  0.078288  0.046552 -0.059088  0.111137
  0.058048 -0.017128 -0.058038 -0.054167  0.01814  -0.024059]
[-1.121602 -1.160696 -1.038205 -0.84965  -0.743903 -0.847912 -0.066428
 -0.049104 -0.012083 -0.072652 -0.018744  0.040869  0.135955  0.01401
  0.023886  0.192257 -0.001805 -0.056825 -0.009105  0.021739]
[-1.203382 -1.026218 -0.958596 -1.102575 -1.018864 -0.90439   0.086833
  0.05647  -0.035401 -0.015356 -0.026615  0.009725 -0.004251 -0.027586
  0.019333  0.025904 -0.067773  0.011581 -0.035171 -0.012082]
[-1.009171 -0.870392 -0.786722 -0.829934 -0.654679 -0.604431  0.024641
  0.022117 -0.074236 -0.014372  0.022459 -0.020632 -0.027476  0.050292
  0.045891 -0.069574 -0.061426 -0.049024 -0.047044 -0.021792]
[ -9.424074e-01  -9.557967e-01  -9.253559e-01  -8.586152e-01  -8.126176e-01
  -8.315617e-01   9.014873e-02   8.957486e-03  -3.513222e-03  -5.693461e-02
  -8.732251e-02   3.533936e-02  -2.516995e-02  -6.072527e-02   1.135833e-04
  -2.516812e-02  -1.229639e-01   5.193620e-02   2.607996e-02  -6.331148e-03]
[-1.254126 -0.94375  -0.772462 -1.062626 -0.891645 -0.659074 -0.050714
 -0.005735  0.001295  0.100389 -0.106521 -0.010915 -0.067388 -0.113516
 -0.022188 -0.11043   0.056459 -0.032267  0.044394 -0.005768]
[-0.739895 -0.907669 -0.682227 -0.750654 -0.530274 -0.823469  0.101158
 -0.044056  0.01345   0.159305 -0.093358  0.094302 -0.069898  0.006772
 -0.003554 -0.019539  0.224945  0.048839  0.038698  0.036468]
[-0.710271 -0.627208 -0.739635 -0.758592 -0.730969 -0.708199 -0.120225
  0.043428 -0.01415  -0.051695 -0.009684  0.056159 -0.00741  -0.008977
  0.085073 -0.086224 -0.022817 -0.195535  0.008383  0.005348]
[ -1.098063e+00  -1.016011e+00  -1.117637e+00  -8.959769e-01  -1.014194e+00
  -1.142129e+00  -5.470418e-02   1.009520e-02  -7.597334e-02  -1.671322e-01
  -9.830820e-02  -8.375165e-02   5.437137e-02  -2.646829e-02   1.019878e-01
   2.610866e-02  -1.695351e-01   8.673529e-02  -1.834665e-02   4.455126e-05]
[-0.731998 -0.605799 -0.611522 -0.687899 -0.613675 -0.64037   0.031141
 -0.045608  0.054486  0.035769 -0.026322  0.059013 -0.06848   0.049394
 -0.021285 -0.059034  0.076639 -0.014296  0.013358 -0.036926]
[-0.888313 -0.84487  -0.902661 -0.905253 -0.967062 -0.86462  -0.021382
  0.031245  0.115126 -0.09973   0.030432  0.102351 -0.083678  0.034351
  0.010618 -0.093596 -0.080419 -0.081129  0.004915 -0.02012 ]
[-0.931006 -0.896483 -0.807077 -0.863795 -0.77193  -0.701514  0.094958
 -0.014274  0.046091 -0.214126 -0.06104   0.038062  0.03577  -0.012276
 -0.04645   0.015465 -0.17937   0.061652 -0.024832 -0.005674]
[-1.007456 -0.918683 -0.901155 -1.009016 -0.911082 -0.968255 -0.031784
 -0.010894 -0.017407 -0.019567  0.045141 -0.044965 -0.025743  0.023881
 -0.003578 -0.014434 -0.013588  0.001438  0.007795 -0.002889]
[-0.799456 -1.188218 -1.067335 -0.821733 -0.709256 -1.061626 -0.023392
  0.158813  0.039495  0.05739  -0.038106  0.0445   -0.125708 -0.010572
  0.175419 -0.051431 -0.00212   0.038998  0.011677  0.019409]
[-0.951083 -1.039654 -0.692748 -1.176888 -0.888205 -0.786301  0.008606
 -0.016767 -0.045925 -0.005383 -0.004988 -0.056198 -0.028846  0.036952
 -0.00331  -0.119373  0.032543 -0.057958  0.049569  0.028955]
[-1.037717 -1.073804 -1.030145 -0.823362 -0.595127 -0.949877 -0.127033
  0.15479   0.073731  0.019576 -0.021698  0.062552 -0.039423 -0.077535
  0.097979 -0.073704  0.046886 -0.160089 -0.025975  0.004311]
[-0.800441 -0.713748 -0.82979  -0.786563 -0.979825 -0.826763  0.073485
 -0.0157   -0.042035  0.042661 -0.043403 -0.014736 -0.016932 -0.051649
 -0.087093 -0.041396  0.038839  0.067299 -0.015747 -0.003818]
[-1.108661 -1.082567 -0.721633 -1.130788 -0.739626 -0.809196  0.038329
 -0.047991 -0.075896  0.023476 -0.126718 -0.09113   0.050274 -0.122348
 -0.051456 -0.033253  0.036569 -0.078644 -0.084225 -0.045787]
[ -9.273288e-01  -1.063804e+00  -5.188025e-01  -1.116251e+00  -6.400494e-01
  -9.838981e-01   3.011005e-02   4.940888e-02   6.130359e-02  -2.038113e-01
   6.149598e-04   4.860812e-02   1.740298e-02   4.738302e-02   7.986844e-02
   2.977581e-02  -2.465341e-01   5.435230e-02  -6.288439e-04   1.879965e-02]
[-0.898515 -0.807303 -0.893676 -0.756164 -0.8292   -0.791318  0.048955
  0.016891  0.05566   0.062314 -0.001716  0.040148  0.03032  -0.038182
  0.004548 -0.003534  0.084048  0.059622 -0.008403 -0.01131 ]
[ -9.381520e-01  -9.136957e-01  -1.291481e+00  -6.847178e-01  -1.047784e+00
  -1.048500e+00   1.617358e-01  -1.093306e-01   2.203225e-01   6.382729e-02
   1.539528e-01   1.533216e-01   7.432653e-04   1.387523e-01  -1.412609e-01
   2.141472e-02   1.234814e-02   1.573807e-01   2.183251e-02  -5.881103e-03]
[-0.876051 -1.206783 -1.284558 -0.886637 -0.649307 -1.284044  0.257848
 -0.029105  0.1411   -0.054274  0.014765  0.149981 -0.195034 -0.130378
  0.080425 -0.07111  -0.013321  0.24175  -0.018846  0.012002]
[ -8.670191e-01  -1.003123e+00  -9.856143e-01  -9.081822e-01  -9.453021e-01
  -9.945158e-01  -1.344296e-01  -4.338334e-02   7.095831e-04   8.426905e-02
   9.838497e-02   2.401577e-02   1.075339e-03   1.897261e-01  -2.293468e-02
  -2.626062e-02   1.161204e-01  -8.759767e-02   6.143363e-02   3.897341e-03]
[-0.903916 -0.993836 -0.876298 -0.817003 -0.964782 -0.9213    0.057314
 -0.043636  0.041722 -0.068107 -0.083159  0.020811 -0.03865  -0.100726
 -0.015521 -0.094841 -0.009381  0.070892  0.022213 -0.004398]
[ -8.899843e-01  -7.487660e-01  -8.698935e-01  -5.282994e-01  -5.974860e-01
  -6.005412e-01  -4.261157e-02   1.492829e-01   9.683462e-02   9.490029e-03
  -6.268799e-02   1.035466e-01   6.655577e-02  -6.586176e-02   1.085451e-01
   1.107354e-01   3.855770e-02  -8.716039e-03   9.502985e-03   8.478797e-04]
[-1.05625  -1.243818 -0.996004 -1.062143 -0.89947  -1.102899 -0.040724
 -0.018667 -0.015436  0.012061 -0.060449 -0.027744  0.185975 -0.119297
 -0.066567  0.073236  0.02046  -0.023166  0.015716 -0.012019]
[ -8.819614e-01  -1.104941e+00  -1.015947e+00  -9.948039e-01  -1.027227e+00
  -1.168416e+00   5.938662e-02  -2.126377e-02  -3.189445e-02  -3.063320e-02
  -6.229945e-02  -7.117233e-03   3.757046e-02  -2.972899e-02  -8.172284e-02
   5.135141e-02   2.920641e-02   7.844787e-02   4.644379e-02  -1.032289e-03]
[-1.012073 -1.069326 -1.001678 -0.846685 -0.884238 -0.987868  0.071236
  0.019639  0.050587 -0.004828 -0.025884  0.011365  0.00173  -0.023838
  0.01071   0.004966 -0.040517  0.049076  0.038612  0.030808]
[-0.987475 -0.829997 -1.054981 -0.75376  -0.949651 -0.751332 -0.120518
 -0.032676  0.032103 -0.094714 -0.112894  0.030288  0.032138 -0.027595
 -0.092081  0.004551 -0.085793 -0.043622  0.05616   0.008292]
[-1.066315 -0.940899 -1.185546 -0.95737  -0.974867 -1.015854  0.018253
 -0.201602 -0.128041 -0.139387 -0.072366 -0.157157 -0.045033  0.04693
 -0.201825  0.010063 -0.156841  0.064997 -0.018197 -0.047613]
[-0.982581 -0.97451  -0.834025 -0.9901   -0.857736 -0.846127 -0.005776
  0.029859 -0.060443  0.056441  0.007121 -0.050821 -0.073711  0.0462
  0.014108  0.027107  0.169604  0.011474  0.076299  0.008142]
[-1.055949 -1.135159 -1.173806 -1.087745 -1.058633 -1.227206  0.055776
 -0.008393  0.052811  0.064187 -0.058057  0.012195 -0.144034 -0.070362
  0.061918 -0.16715   0.092276  0.017915  0.029613 -0.004019]
[ -7.632673e-01  -7.564235e-01  -9.025663e-01  -8.265158e-01  -9.528183e-01
  -8.262101e-01  -2.337589e-02  -1.591419e-01   3.170442e-02  -4.458715e-03
   9.876635e-02   5.178648e-02   3.890489e-02   1.444789e-01  -1.239160e-01
  -1.523042e-02   9.221353e-02   4.261133e-03   2.165221e-02  -2.598617e-05]
[-1.004427 -1.006472 -0.834424 -0.922264 -0.811868 -0.868261 -0.055723
  0.007898  0.121583  0.026802 -0.050883  0.066454  0.084438  0.004025
 -0.052002  0.092893  0.022522 -0.06272  -0.036366 -0.02229 ]
[-1.317909 -1.231832 -0.805454 -1.26559  -0.848528 -0.824965 -0.088893
  0.179471  0.010545 -0.123864  0.016832  0.058241 -0.233983  0.265916
  0.166476 -0.473947 -0.115474 -0.025694 -0.006621  0.001332]
[-1.045316 -0.859838 -0.928615 -0.681395 -0.80503  -0.449837 -0.114215
 -0.026236  0.036014  0.020335 -0.042572  0.022044  0.084798  0.05026
 -0.03138   0.057655 -0.020708 -0.119032 -0.070878  0.007274]
[-1.104039 -0.910292 -1.130685 -1.069185 -1.425932 -1.224319 -0.0728
  0.079154  0.096315 -0.15906   0.076247  0.114292  0.058632  0.100236
 -0.031815  0.069576 -0.079594  0.009651 -0.081895  0.007396]
[-1.009395 -0.808681 -1.13011  -0.673558 -0.960925 -0.853035  0.113222
 -0.014373  0.052935 -0.097497 -0.082596  0.031837  0.204917 -0.02164
 -0.09001   0.108287 -0.127309  0.138777  0.023436  0.013349]
[-0.596534 -0.83916  -0.679836 -0.754473 -0.632526 -0.856731  0.100414
  0.036366  0.015788  0.013397 -0.035223  0.060515 -0.062961 -0.002677
  0.076697  0.009539 -0.030281  0.075206  0.015472 -0.019197]
[-0.982966 -0.856389 -0.758335 -1.011332 -1.1798   -0.92738   0.010986
  0.095444 -0.001347  0.017555 -0.022043 -0.088637  0.12938   0.007333
  0.04609   0.104081 -0.022315  0.138872  0.016415 -0.01432 ]
[-1.066028 -0.97981  -0.732117 -1.147116 -0.995684 -0.85675  -0.034974
  0.010965 -0.073527  0.126546 -0.107155 -0.112686 -0.033532 -0.037241
 -0.01636  -0.051513  0.120831 -0.137201  0.028162 -0.016505]
[-1.078109 -0.888135 -0.635228 -1.07789  -0.917063 -0.828865 -0.03937
 -0.095743 -0.020645  0.02551   0.006727  0.01327  -0.037905  0.046749
 -0.048072  0.018311  0.036907 -0.012271  0.025069 -0.019792]
[-1.147732 -1.073051 -0.972951 -1.167942 -1.004838 -1.074422  0.180225
 -0.062814  0.075062 -0.087521 -0.060391  0.071149 -0.076362 -0.109599
 -0.117628 -0.070214 -0.085342  0.150669 -0.088401 -0.00839 ]
[-0.717694 -0.796972 -0.752019 -0.706168 -0.603824 -0.734723 -0.105995
 -0.045992 -0.189477 -0.047435  0.031177 -0.269908 -0.043355  0.016546
 -0.072135 -0.080537 -0.045554 -0.04155  -0.026792 -0.014483]
[-0.636843 -0.729465 -0.567262 -0.738911 -0.629539 -0.698023  0.089161
 -0.012044 -0.102942 -0.038079 -0.065762 -0.098089  0.107728 -0.090817
 -0.010511  0.171608 -0.09469   0.105011  0.005526 -0.006801]
[-1.05746  -0.820961 -0.831737 -1.000013 -1.026005 -0.927698  0.03716
  0.045051  0.036435 -0.055934 -0.074228  0.009814  0.006191 -0.083857
 -0.051119 -0.042633  0.025885 -0.002996  0.119851  0.014431]
[-0.775072 -0.784887 -0.516894 -0.869854 -0.579591 -0.591811 -0.045266
 -0.013246  0.082518 -0.230855  0.080518  0.080713 -0.153457  0.064308
 -0.03462  -0.130175 -0.192936 -0.08219  -0.044606 -0.025669]
[ -1.119703e+00  -1.146509e+00  -9.087915e-01  -1.371083e+00  -1.135666e+00
  -1.243667e+00  -1.999490e-01  -3.472897e-03   2.372546e-02  -3.654504e-02
   7.839876e-02  -1.611293e-02  -7.304222e-04   1.138600e-01  -1.564816e-02
  -5.576467e-02  -5.297908e-02  -1.661304e-01   2.750995e-02   2.241879e-03]
[-1.023655 -1.150775 -1.271285 -1.0206   -1.042085 -1.349731  0.046849
 -0.065283  0.103108 -0.054406 -0.184853  0.053004 -0.208065 -0.094814
 -0.015515 -0.227007  0.054216  0.0665   -0.066347 -0.057581]
[-1.276153 -0.951913 -1.334137 -0.997055 -1.274247 -0.943993 -0.132157
  0.122382  0.049407 -0.099526  0.054174  0.040948 -0.049241  0.016164
  0.121128 -0.092338 -0.136745 -0.104906 -0.052073 -0.052168]
[-1.157072 -1.092661 -0.947515 -1.118954 -0.999985 -1.059426 -0.003758
  0.012542  0.144664 -0.086878 -0.049289  0.137668  0.04919  -0.118624
  0.023729 -0.002901 -0.058738  0.063267  0.052088  0.038715]
[-0.90647  -0.962483 -0.937326 -0.800427 -0.841629 -0.852173  0.011852
 -0.054469 -0.018689  0.048447  0.01943  -0.079493 -0.044268  0.005472
 -0.014415 -0.086854  0.057384 -0.038074  0.056579  0.004607]
[-0.741456 -0.627505 -0.848375 -0.61984  -0.886013 -0.735613 -0.020068
  0.005454  0.056297 -0.003894 -0.039987  0.019931  0.05843  -0.035984
 -0.037909  0.050267 -0.038207 -0.038072 -0.002791 -0.016571]
[-0.840488 -0.88569  -0.86956  -0.722971 -0.755011 -0.824687  0.022847
  0.001534  0.011122  0.028223  0.040678 -0.016451 -0.013799  0.032943
 -0.024197  0.055052  0.058817  0.007623  0.009127 -0.02138 ]
[-0.630273 -0.891448 -0.770508 -0.888056 -0.71915  -0.979875 -0.031684
 -0.06667   0.135011 -0.066782  0.123573  0.089041 -0.119567  0.139961
 -0.018362 -0.098319 -0.139061 -0.001365 -0.035456 -0.0185  ]
[ -6.726270e-01  -8.070090e-01  -6.127692e-01  -6.988285e-01  -5.863483e-01
  -6.015862e-01  -4.071342e-02  -5.366161e-02   6.789534e-02  -7.579521e-02
   2.224481e-02   7.921710e-02  -2.726307e-03   2.872086e-02  -1.325024e-01
  -1.903365e-04  -9.452364e-02  -6.349971e-02  -1.788869e-02  -1.529044e-02]
[ -9.836759e-01  -1.058755e+00  -7.743049e-01  -1.000172e+00  -7.326345e-01
  -8.347356e-01   1.317129e-01  -8.105810e-02   8.745633e-02   4.544517e-04
  -4.883223e-02   1.082259e-01  -8.307865e-02  -1.239539e-01  -1.357333e-02
  -4.574686e-02   4.934613e-02   6.776935e-02  -2.021215e-02  -5.115333e-02]
[-1.030411 -0.879178 -0.804551 -0.979482 -1.060548 -1.095144  0.047909
  0.082219 -0.11269   0.008247 -0.017928 -0.055241 -0.007989 -0.015688
 -0.011943 -0.045957  0.021695  0.091777  0.036087 -0.00442 ]
[-1.097057 -1.002206 -1.065187 -0.862986 -0.851764 -0.797643 -0.02285
  0.017983 -0.02343  -0.202288  0.098559 -0.054668  0.06312   0.149117
 -0.035838 -0.035348 -0.240367  0.049841 -0.07311   0.002175]
[-0.998496 -0.915136 -1.056366 -1.028405 -1.306992 -1.203189 -0.137507
  0.032821 -0.07137   0.051587  0.051137 -0.188804 -0.053932 -0.055318
  0.043911  0.053447  0.099606 -0.263656  0.04118  -0.014527]
[-0.831786 -0.795633 -0.714612 -0.864325 -0.762115 -0.774452 -0.069284
 -0.043092  0.042043  0.025765  0.00893   0.003097  0.127378  0.032762
 -0.095981  0.11469   0.102824 -0.087757  0.047341  0.027466]
[-1.251629 -1.008684 -0.992713 -1.041991 -1.123545 -0.875508 -0.080163
 -0.006644 -0.113764 -0.032278 -0.010134 -0.075181  0.066001 -0.036467
  0.03942   0.045717 -0.057842 -0.080926  0.015516  0.021914]
[ -8.753725e-01  -7.952542e-01  -8.253418e-01  -8.759351e-01  -9.141187e-01
  -8.916599e-01  -4.232414e-02   1.134667e-01   3.560522e-05   1.417602e-03
  -9.273647e-02  -1.768748e-02   5.299651e-02  -7.275996e-02   7.210292e-02
   1.093391e-01   7.993454e-02  -2.564612e-02   1.467299e-02   5.656152e-03]
[ -1.022747e+00  -8.887206e-01  -1.007826e+00  -8.412914e-01  -9.146540e-01
  -7.876542e-01   1.072811e-02  -1.309788e-02  -2.878521e-02   4.418022e-04
   5.038676e-02  -3.789823e-02   1.872867e-02   1.149990e-01  -2.095107e-02
   3.247816e-02   2.061961e-02   3.806597e-02  -6.908816e-02   2.354150e-03]
[-0.68935  -0.686199 -0.580666 -0.74939  -0.69705  -0.762433 -0.032708
  0.045569 -0.059086  0.007963  0.120146 -0.032625 -0.12501   0.178747
  0.026801 -0.129399  0.043707  0.044223 -0.058676 -0.025504]
[-1.033935 -0.887006 -1.011682 -0.955543 -1.103573 -0.97858  -0.092473
 -0.005243 -0.013369  0.076242 -0.044936  0.021352  0.046995 -0.060741
  0.044609 -0.004933  0.070201 -0.12805   0.093877  0.065558]
[ -7.762888e-01  -8.161167e-01  -8.782663e-01  -7.518124e-01  -7.378065e-01
  -8.452434e-01   1.135620e-02  -6.617442e-03  -5.270781e-02   6.813599e-02
   2.802196e-02  -2.716117e-05  -5.756854e-02   1.089949e-02  -1.053837e-02
  -4.290123e-02   1.090854e-01  -6.205410e-03  -2.655044e-02  -2.939587e-02]
[-0.915327 -0.99941  -0.907403 -0.829561 -0.823862 -0.852336 -0.11179
  0.086496 -0.02373   0.09463  -0.018274 -0.024906  0.023661  0.03835
  0.051115  0.017386  0.101725 -0.115434  0.021816  0.005761]
[-0.985503 -0.730835 -0.625465 -0.669102 -0.507877 -0.360798 -0.243368
 -0.048583  0.027058  0.106286  0.08714   0.064685  0.044201  0.106614
 -0.019763  0.106281  0.124548 -0.256839 -0.012235 -0.041061]
[-0.844279 -0.856058 -0.878316 -0.707656 -0.770244 -0.748192  0.023434
  0.104928 -0.085376 -0.077025  0.007936 -0.092074  0.002582  0.081304
  0.020895  0.015977 -0.096642 -0.04741  -0.092192 -0.008492]
[-0.718769 -0.750753 -0.692747 -0.792763 -0.703827 -0.719525  0.120367
  0.044092  0.030617 -0.014951  0.017356 -0.002751 -0.011911 -0.006952
  0.018502 -0.004638 -0.021606  0.096853 -0.021322  0.020415]
[ -7.411745e-01  -9.550865e-01  -7.259942e-01  -1.132396e+00  -1.094336e+00
  -1.272260e+00   7.097227e-02  -6.030849e-02  -1.708056e-01   4.656909e-02
   7.763507e-03  -1.006727e-01   7.876437e-02   5.800877e-02  -4.647810e-02
   7.513965e-02  -3.797793e-03   2.268115e-02  -4.256092e-03  -3.239334e-04]
[-0.926085 -0.969406 -0.752066 -0.920523 -0.668842 -0.762935  0.056066
  0.037791 -0.016991 -0.074142  0.023878  0.018709  0.036918  0.029048
  0.034667  0.057627 -0.05612   0.087537  0.036052  0.002833]
[-0.896435 -0.712922 -0.767999 -0.678957 -0.770102 -0.685201 -0.032271
  0.020148  0.022897 -0.001267 -0.001468 -0.031135 -0.071917 -0.012673
  0.030945 -0.091414 -0.01427  -0.016582  0.015413  0.016453]
[-0.85396  -0.638286 -0.658963 -0.673757 -0.679307 -0.539572  0.045531
  0.026652 -0.06018   0.116517  0.04616  -0.087835 -0.103132 -0.016454
  0.028699 -0.119205  0.092702  0.040613 -0.016599 -0.01989 ]
[ -1.061534e+00  -8.818188e-01  -7.780440e-01  -5.875174e-01  -7.850117e-01
  -3.828664e-01   1.551761e-02  -3.529829e-02  -8.952641e-02   1.568461e-01
   1.043896e-03  -2.278746e-02   1.592798e-01   7.582824e-02  -5.209083e-02
   2.066736e-01   6.191942e-02  -1.375953e-01   3.115810e-02  -2.389376e-02]
[-0.995769 -1.084186 -1.069916 -0.981275 -1.129841 -1.076486  0.022409
 -0.140244  0.015863  0.022868 -0.085465 -0.002912 -0.133964 -0.018164
 -0.19741   0.007634  0.068683  0.046532 -0.007252 -0.016969]
[-1.115938 -1.159629 -0.960559 -1.152918 -0.937839 -1.036007  0.053816
  0.057671  0.055087 -0.008052 -0.037218  0.083453 -0.030187 -0.067818
 -0.004293 -0.013921  0.027182  0.045128  0.02062   0.045866]
[-0.934502 -0.849346 -0.690371 -1.023921 -0.854318 -0.861054 -0.007201
 -0.006299  0.040771 -0.088497 -0.004221  0.045336  0.041847 -0.007568
  0.006629  0.04003  -0.091073  0.027389  0.04628   0.017558]
('Mean', 1, ': ', -0.93450194040228785)
('Median', 1, ': ', -0.93450194040228785)
('Variance', 1, ': ', 0.0)
('Mean', 2, ': ', -0.84934612088846073)
('Median', 2, ': ', -0.84934612088846073)
('Variance', 2, ': ', 0.0)
('Mean', 3, ': ', -0.69037096784042817)
('Median', 3, ': ', -0.69037096784042817)
('Variance', 3, ': ', 0.0)
('Mean', 4, ': ', -1.0239209552286213)
('Median', 4, ': ', -1.0239209552286213)
('Variance', 4, ': ', 0.0)
('Mean', 5, ': ', -0.85431774348165279)
('Median', 5, ': ', -0.85431774348165279)
('Variance', 5, ': ', 0.0)
('Mean', 6, ': ', -0.86105371278977838)
('Median', 6, ': ', -0.86105371278977838)
('Variance', 6, ': ', 0.0)
('time: ', 10342.62746310234)
