“Running plot script on a single CPU core”
[-0.155406 -0.027794 -0.054191 -0.021287  0.006716  0.019425]
[ 0.02434  -0.023567  0.031715  0.009814  0.023436  0.036162]
[ 0.031292  0.018715  0.037234 -0.021059 -0.025622  0.007221]
[ 0.055222  0.031488  0.110855  0.01444  -0.018476 -0.035674]
[ 0.01903   0.060674  0.015837 -0.0095   -0.019055 -0.044021]
[-0.029268 -0.002203  0.003577 -0.008682  0.002447  0.011862]
[ 0.011172 -0.023383 -0.001331  0.019022  0.012203 -0.011773]
[ 0.006289 -0.009732 -0.013398  0.000392 -0.01026   0.004699]
[-0.036567 -0.023125  0.029105  0.048908  0.005808 -0.015673]
[ 0.053676  0.13357   0.060913  0.028275 -0.049162  0.022439]
[ 0.050441  0.042267  0.064988  0.020592  0.021241 -0.02819 ]
[ 0.046492 -0.02367  -0.040195  0.003745  0.015176  0.000743]
[ 0.124316  0.054428  0.106938  0.024412  0.037877 -0.02263 ]
[-0.024299  0.014004  0.051227 -0.024887  0.018119  0.054045]
[ 0.033708  0.098122  0.089354 -0.006887  0.000239 -0.005185]
[-0.028125  0.020209 -0.00027  -0.016257  0.014666 -0.012752]
[-0.050036  0.0406    0.055874  0.003389  0.022689  0.003693]
[ 0.029523  0.09281   0.048315  0.02452   0.037424 -0.0216  ]
[ 0.042028  0.049171  0.097829 -0.004462  0.012837  0.024518]
[ 0.012285  0.074448  0.080176 -0.057583  0.014087 -0.029191]
[-0.008573  0.013908  0.016701 -0.001273 -0.022756 -0.0108  ]
[ 0.02594   0.151466  0.128062 -0.0183    0.004544  0.01573 ]
[-0.001152  0.052708  0.028603  0.014117 -0.015679 -0.001094]
[-0.007169 -0.045495 -0.018819  0.011456  0.017751  0.021189]
[ 0.034301  0.057169  0.021954  0.018454 -0.013042 -0.007188]
[-0.007416  0.070947  0.120548  0.009909  0.004983 -0.008845]
[ 0.043979  0.023946  0.058895  0.005915  0.012203 -0.030707]
[ 0.018586  0.005259  0.036233  0.001222  0.009692 -0.006274]
[ 0.02111   0.107879  0.09295  -0.009612 -0.011844 -0.009567]
[ 0.004935  0.006588  0.012723  0.017613  0.029035 -0.022741]
[-0.034129  0.013819  0.047312 -0.001015 -0.002311  0.002271]
[ 0.039794  0.02773   0.027768 -0.016868  0.007515  0.007783]
[ 0.035331  0.005866  0.020237 -0.006973 -0.005218 -0.04095 ]
[ 0.027645 -0.014433  0.01421  -0.004086 -0.016453 -0.020843]
[ 0.040945 -0.006178  0.050422  0.000523  0.01054  -0.014676]
[ 0.016247  0.010895  0.02137  -0.018836  0.033328 -0.018323]
[ 0.014364  0.076011  0.06137   0.003307  0.015717  0.007317]
[-0.020382  0.03749   0.00079  -0.002269  0.020295  0.019823]
[ 0.002857  0.074281  0.067375  0.003392 -0.033285  0.01076 ]
[ 0.022238  0.052773  0.070943  0.009504  0.024029  0.007379]
[ 0.024915  0.01804   0.019113 -0.016676 -0.0199   -0.013724]
[ 0.082707  0.062251  0.098051 -0.012343 -0.009849  0.012326]
[ 0.082599  0.054441  0.124742  0.011158  0.028055 -0.024111]
[-0.024054 -0.051535  0.002422  0.01794  -0.00911  -0.026849]
[-0.039482  0.04825   0.059564  0.031704 -0.016007 -0.004358]
[-0.02111  -0.034558  0.021227 -0.020013 -0.013989 -0.005855]
[-0.006322 -0.030928  0.00742   0.018491  0.016041 -0.009595]
[ 0.044828  0.075097  0.082706  0.000634 -0.011392  0.004427]
[-0.05084  -0.00172   0.024533  0.032815 -0.038933  0.015832]
[-0.024031 -0.032116  0.013587  0.017701 -0.024281  0.044447]
[-0.162264 -0.038073 -0.031382 -0.012671 -0.022195 -0.012607]
[ 0.092593  0.057525  0.090343  0.022778  0.016534 -0.022359]
[ 0.02295   0.079476  0.122488  0.006285  0.025148  0.007472]
[-0.014681 -0.013115 -0.019766 -0.008074  0.011314 -0.025652]
[ 0.074355  0.103595  0.112421 -0.013114 -0.03055   0.007695]
[-0.042834  0.036585  0.064626 -0.02544  -0.005853 -0.001658]
[-0.003208 -0.024927 -0.041455 -0.006816  0.005756  0.008825]
[ 0.020316  0.014553  0.034188 -0.003649  0.015106 -0.017193]
[-0.028373  0.007716  0.039396 -0.013763 -0.015585 -0.002837]
[-0.005434  0.006234  0.021957  0.038113 -0.040041  0.026382]
[ 0.068416  0.093743  0.066796  0.046363  0.01547   0.022089]
[-0.010199  0.036943  0.001802  0.024336 -0.037559  0.025567]
[ 0.018309  0.026527  0.042491 -0.010912  0.002222  0.005739]
[ 0.040639  0.054997  0.050251 -0.007982  0.012182 -0.003092]
[ 0.011925 -0.018095  0.033775 -0.008652 -0.011389  0.010139]
[ 0.067034  0.079802  0.029899  0.008449 -0.021089  0.023797]
[-0.014207  0.045664  0.05145   0.027246 -0.0116   -0.003459]
[  1.859663e-02   1.205601e-01   4.921481e-02   1.482728e-02  -4.187846e-02
   9.260776e-05]
[ 0.00824  -0.043659  0.01878   0.00082  -0.036138 -0.012794]
[ 0.050681  0.063352  0.031239  0.01082   0.005939 -0.007335]
[ 0.046807 -0.000323  0.07556   0.003467  0.015762 -0.011643]
[ 0.042976  0.077369  0.024768 -0.025518  0.035945  0.014897]
[ 0.0577   -0.001046  0.03408  -0.013311 -0.013833 -0.018026]
[ 0.101213  0.053708  0.026624  0.006692 -0.03047   0.022722]
[ 0.035964  0.009878  0.007009 -0.008439  0.027958 -0.03949 ]
[ 0.028222  0.06242   0.061023 -0.028857 -0.00717  -0.008485]
[ 0.049768  0.033607  0.074916 -0.006279  0.016335 -0.006139]
[ 0.010343 -0.004859  0.005949  0.005038 -0.002702 -0.001555]
[-0.066503  0.031345  0.013464 -0.019084  0.028057 -0.005219]
[ 0.036709  0.065369  0.073918 -0.040832  0.005991 -0.011979]
[ 0.038766  0.035395  0.013346  0.018526  0.001784  0.036798]
[ 0.033793 -0.010507  0.021086 -0.003404 -0.012024 -0.018113]
[ 0.115606  0.038726  0.097254  0.002721  0.010357  0.004934]
[ 0.027467  0.057539  0.075725  0.001043 -0.030597  0.018463]
[-0.003148  0.031941  0.037535  0.017532 -0.016996 -0.002363]
[ 0.058735  0.058924  0.111817 -0.042059 -0.006262 -0.015273]
[ 0.122827  0.131954  0.179204  0.032368  0.009755 -0.023639]
[ 0.065158  0.065229  0.070415 -0.008153 -0.018332 -0.009681]
[ 0.016627  0.059725  0.061572  0.007552  0.003811  0.002381]
[ 0.034959  0.073273  0.042361 -0.033255  0.045424  0.01443 ]
[ 0.013576  0.06875   0.054737 -0.027786  0.001211 -0.004853]
[ 0.017315  0.049339  0.073475  0.004489 -0.027198 -0.004275]
[ 0.112755  0.135428  0.095289 -0.01393  -0.025939 -0.053865]
[ 0.018239  0.004979 -0.026084  0.010109 -0.003292 -0.026796]
[-0.02561  -0.060131 -0.004935  0.006892 -0.00776  -0.008694]
[ 0.045576  0.028597  0.062376  0.022215 -0.005855 -0.012889]
[ 0.085108  0.130843  0.049534  0.018673  0.009915  0.03997 ]
[-0.013769  0.039265  0.046575  0.032658  0.02359  -0.047727]
[ 0.044886  0.020511  0.061296  0.005385 -0.028926 -0.00797 ]
[ 0.013063  0.013803  0.076816 -0.008474  0.015379  0.016852]
('Mean', 1, ': ', 0.013063178806141452)
('Median', 1, ': ', 0.013063178806141452)
('Variance', 1, ': ', 0.0)
('Mean', 2, ': ', 0.013802733951737318)
('Median', 2, ': ', 0.013802733951737318)
('Variance', 2, ': ', 0.0)
('Mean', 3, ': ', 0.076816234648069262)
('Median', 3, ': ', 0.076816234648069262)
('Variance', 3, ': ', 0.0)
('time: ', 7395.750519037247)
