“Running plot script on a single CPU core”
[-0.76667  -0.588017 -0.753651 -0.552754 -0.726435 -0.343077 -0.026248
  0.022065  0.054143  0.045557  0.018521  0.011234  0.057954  0.017684
  0.072279 -0.001736  0.015011  0.008982  0.000836 -0.01504 ]
[-1.238294 -0.881338 -1.004089 -0.967578 -1.031027 -0.755678 -0.096646
  0.094607 -0.06166   0.032871 -0.06383  -0.094797  0.062804 -0.048668
  0.139008  0.058033  0.063431 -0.1966    0.019497  0.05434 ]
[-0.976071 -1.007814 -0.792567 -0.943857 -0.90393  -0.912413 -0.086846
  0.025984 -0.065751 -0.076952 -0.078632 -0.036562 -0.114295 -0.100871
  0.036602 -0.070996 -0.105221 -0.159622 -0.034441 -0.010204]
[-0.766475 -0.710128 -0.486669 -0.705801 -0.458687 -0.509624  0.046416
  0.038983 -0.002083  0.182006  0.018124  0.03509  -0.112881  0.052325
 -0.034332 -0.097873  0.200633  0.113612 -0.011895 -0.051889]
[-1.19812  -0.867792 -1.064874 -0.692712 -1.078167 -0.696757  0.124126
 -0.094144  0.049709  0.065112  0.014724  0.02164  -0.044866  0.038769
 -0.137759 -0.00275   0.088311  0.150832 -0.061999 -0.013248]
[-1.06955  -0.983678 -1.116392 -1.063219 -1.231044 -0.925778  0.096976
 -0.014513  0.044524  0.042876 -0.04566   0.065776 -0.168599 -0.031342
 -0.030315 -0.258101 -0.048322  0.112282 -0.003408 -0.002678]
[ -1.020158e+00  -6.405181e-01  -7.855171e-01  -6.367456e-01  -1.012467e+00
  -6.299571e-01  -1.015258e-02   2.237461e-01   5.579709e-02  -5.578451e-02
  -1.030056e-02   2.108393e-02  -4.942314e-04  -2.831376e-02   1.856782e-01
   6.663415e-02   1.677338e-02  -1.023903e-01   7.762500e-02   1.635686e-03]
[-0.954672 -1.088888 -0.916455 -1.232379 -1.105467 -1.224223 -0.031178
 -0.110269 -0.066971 -0.006383  0.103353 -0.093416 -0.070319  0.071894
 -0.070511 -0.052818  0.008215 -0.028607  0.041485 -0.058831]
[-0.863606 -0.851921 -0.741201 -0.976316 -0.834423 -0.86685   0.052848
 -0.048743 -0.12362   0.048143 -0.030861 -0.128184 -0.003013 -0.06146
 -0.012979  0.019809  0.059847  0.068375 -0.010706 -0.01814 ]
[-0.875306 -0.949974 -0.937286 -1.060917 -0.98626  -1.094703  0.041054
 -0.063909  0.021269 -0.001212 -0.061993  0.044225  0.009445 -0.033444
 -0.06687   0.059539 -0.046036  0.088563  0.076013 -0.029182]
[ -7.080587e-01  -8.151268e-01  -5.498532e-01  -9.519216e-01  -5.471780e-01
  -6.920876e-01   2.343543e-02   3.544758e-02   8.977363e-04   9.670018e-02
   4.710501e-02  -4.494121e-02  -2.227310e-02   1.189154e-02   1.547123e-02
  -2.215950e-02   1.647842e-01   2.126325e-02   3.730925e-02   5.458395e-02]
[-1.033189 -1.170112 -1.00701  -0.931655 -0.77207  -0.893422  0.020532
 -0.063783 -0.036687  0.021638 -0.075221 -0.027586  0.01991  -0.024461
 -0.146803  0.081975 -0.076765 -0.034668 -0.025868 -0.018449]
[-1.037813 -0.752807 -0.952904 -0.687777 -0.836449 -0.73619  -0.126241
  0.035956  0.038054  0.009993 -0.041202  0.013504  0.086704 -0.045435
  0.096727  0.05551  -0.003522 -0.086199 -0.040377  0.051536]
[ -8.238850e-01  -8.507983e-01  -7.055017e-01  -7.762175e-01  -5.258959e-01
  -7.086678e-01   4.543232e-02   6.016492e-02  -6.188521e-02  -2.059605e-01
  -3.902165e-03  -5.825541e-02  -1.116817e-01  -1.325097e-02   3.099650e-02
  -7.360387e-02  -2.214886e-01   1.111895e-02  -1.510159e-02  -8.915636e-05]
[-0.776594 -0.891873 -0.692667 -0.66768  -0.643697 -0.643625 -0.065222
 -0.031875 -0.083641 -0.058755 -0.035053 -0.077848  0.103024 -0.059588
  0.016596  0.103346  0.004003 -0.12162  -0.008509 -0.009401]
[ -8.786087e-01  -7.053417e-01  -8.107461e-01  -8.071554e-01  -9.083080e-01
  -8.333946e-01   3.889965e-02  -4.481417e-02   4.788288e-02   1.718564e-02
   9.178668e-02   2.105356e-04  -9.544542e-03   1.251392e-01   1.365022e-02
  -8.285784e-02   4.022712e-02   4.395739e-02  -4.032551e-02   1.025911e-02]
[-0.782582 -0.902122 -0.662485 -0.720039 -0.524579 -0.614867 -0.092996
 -0.007106  0.046801 -0.037711 -0.004951  0.074712 -0.098294  0.010524
 -0.043352 -0.110315 -0.041572 -0.104793 -0.037888 -0.030703]
[-0.765134 -0.998509 -0.630665 -0.694201 -0.395444 -0.461027 -0.025623
  0.07419  -0.043288 -0.082408  0.032281  0.038983  0.175168  0.120742
  0.04198   0.20866  -0.185863  0.06668  -0.055279 -0.023466]
[-0.91978  -0.892251 -0.630243 -0.872984 -0.682811 -0.709887 -0.079886
  0.028785 -0.118162 -0.083764 -0.096129 -0.124385 -0.018249  0.016219
  0.035576  0.01293  -0.060663 -0.127634  0.027563 -0.050754]
[-1.093492 -1.136917 -0.897323 -1.310593 -1.104858 -1.122017  0.01233
 -0.046118  0.031934 -0.105079 -0.042503  0.053935  0.111918 -0.060464
 -0.004861  0.143945 -0.133149 -0.052798 -0.032548 -0.015074]
[-0.972134 -1.01175  -1.023011 -0.79896  -0.898791 -0.941757  0.052559
  0.077362  0.014085  0.025808 -0.115872 -0.013972  0.094387 -0.099713
  0.111643  0.057585  0.061799  0.122408  0.009048  0.018812]
[-0.792576 -0.694365 -0.598114 -0.850099 -0.773136 -0.782188 -0.047879
  0.080284  0.011188  0.094874  0.070589  0.061294 -0.017519  0.038794
  0.040752 -0.097786  0.06475  -0.049497  0.011568  0.012996]
[-0.766446 -0.952055 -0.953472 -0.824935 -1.130958 -1.093987  0.113223
 -0.009771 -0.11699   0.070607 -0.005228 -0.124396  0.055395  0.01906
 -0.028149  0.016148  0.048854  0.130882  0.03272  -0.021827]
[-1.13313  -0.994603 -0.891998 -1.073743 -1.068399 -0.876018 -0.021762
 -0.054951 -0.06135   0.028086 -0.034264 -0.146009  0.007299 -0.027248
 -0.048522  0.050073  0.024116 -0.036724  0.006568 -0.009811]
[-1.056624 -0.958205 -1.083257 -0.927813 -1.106127 -0.965057 -0.070872
  0.042501 -0.014734  0.089506  0.082738 -0.058499 -0.00193   0.019756
  0.046071 -0.065502  0.078571 -0.06488  -0.026327 -0.00181 ]
[-1.047485 -0.870539 -0.837677 -0.920962 -1.174268 -0.849693  0.012752
 -0.038263 -0.007576 -0.073096  0.031371 -0.008543 -0.020659 -0.044722
  0.050248 -0.027166 -0.017672 -0.024823  0.005367  0.00432 ]
[-0.85538  -0.636808 -0.692613 -0.827257 -0.946822 -0.775694  0.14099
  0.133138 -0.057483 -0.088272 -0.068625 -0.045744 -0.049283 -0.037279
  0.17034  -0.031189 -0.075114  0.124058  0.100911  0.006439]
[-0.960719 -1.189558 -0.751452 -0.650439 -0.266483 -0.565541 -0.138073
  0.074437 -0.087832 -0.113141  0.139072  0.004729 -0.061124  0.189947
  0.055209  0.017853 -0.21316  -0.098518  0.066803  0.046773]
[-0.814183 -0.61331  -0.675573 -0.722787 -0.829226 -0.665001  0.08072
 -0.131778  0.063998 -0.074221 -0.093224  0.073669 -0.108158 -0.085092
 -0.106276 -0.152115 -0.065729  0.113594  0.008289 -0.008615]
[-1.10965  -0.639645 -0.709708 -0.84268  -0.905755 -0.667146 -0.042079
  0.139553 -0.025684  0.034073 -0.021717  0.029992 -0.026042  0.01186
  0.073428 -0.002003  0.086422 -0.025746 -0.01659   0.008232]
[ -8.348441e-01  -7.598641e-01  -6.693857e-01  -6.734770e-01  -6.591044e-01
  -4.879215e-01   3.282435e-02   4.256623e-02  -4.277851e-02  -7.934356e-02
  -5.658899e-02  -3.282187e-02   1.244722e-01  -6.501767e-02   8.047294e-02
   7.987549e-02  -9.462380e-02   4.955313e-02   4.990036e-04  -5.447758e-03]
[-1.234031 -0.968654 -0.880241 -0.974038 -0.846769 -0.575641  0.106194
  0.011707  0.073089  0.103357  0.028491  0.068522 -0.16114   0.109847
  0.064409 -0.191492 -0.008819  0.023537  0.036483  0.01547 ]
[ -8.164614e-01  -8.495778e-01  -5.224845e-01  -8.788110e-01  -6.061647e-01
  -6.619378e-01  -7.729191e-02   1.155849e-01   5.669965e-02   2.391433e-01
   7.167278e-03  -2.304349e-02   8.034598e-02  -5.760531e-02   1.051916e-01
   6.257132e-02   1.299328e-01  -4.535284e-02   5.776349e-02   2.128318e-04]
[-1.138798 -1.021157 -0.942102 -1.118978 -1.239163 -1.087225 -0.058655
  0.01924   0.125958 -0.055413  0.04076   0.120824 -0.042945  0.112678
 -0.026669 -0.031804 -0.076478 -0.064257  0.02017   0.019878]
[-0.81318  -0.951003 -0.8763   -0.861194 -0.717421 -0.982651 -0.011713
  0.087213 -0.020652  0.008795  0.018128 -0.003466 -0.007032 -0.017993
  0.085463 -0.007785  0.002291 -0.026452  0.005641  0.014096]
[-1.097229 -1.327858 -1.128711 -0.993477 -0.773289 -1.161716 -0.074577
  0.065364 -0.050525 -0.368646  0.076124 -0.094747 -0.142237 -0.030992
  0.018158 -0.130976 -0.239469 -0.077184  0.007126  0.063733]
[-1.030393 -0.967603 -0.961566 -1.02669  -0.88467  -1.053592  0.012231
  0.122736 -0.066062  0.048082  0.067129 -0.013964  0.013541  0.044866
  0.101752  0.005027  0.011733 -0.0513   -0.090032 -0.012406]
[-1.309502 -1.058653 -1.082136 -1.347124 -1.107505 -1.120267 -0.010408
  0.067132  0.046422  0.046219 -0.06596   0.058427  0.301623  0.015968
  0.076364  0.155456  0.105657  0.017969  0.067451  0.0171  ]
[-0.860699 -0.692021 -0.419748 -0.876148 -0.794981 -0.638241  0.031789
  0.053093 -0.143047  0.076503  0.333412 -0.122891 -0.03165   0.214829
  0.131864  0.06086   0.085626 -0.057795 -0.03926  -0.023789]
[-0.786425 -0.917734 -0.805479 -0.862215 -0.797384 -0.957718 -0.028926
 -0.048528 -0.028056  0.095817  0.001776 -0.028114 -0.035857 -0.001061
 -0.060489 -0.030763  0.077549 -0.011653  0.014123 -0.004584]
[ -9.988003e-01  -8.711759e-01  -8.983374e-01  -1.181194e+00  -1.007021e+00
  -9.135220e-01  -7.008587e-02  -7.541559e-02   6.556064e-02  -6.583931e-02
   7.023994e-02   7.496281e-02  -7.181470e-02   1.525112e-02  -1.417006e-02
  -1.203995e-02  -3.541725e-04  -6.417667e-03  -4.505827e-02  -1.926929e-02]
[-1.264402 -1.061354 -0.895606 -1.049897 -1.124563 -0.824659  0.157213
 -0.055392  0.008714 -0.004914 -0.16557  -0.013176 -0.005286 -0.15554
  0.003171 -0.035392 -0.022903  0.067023  0.001331  0.006398]
[-0.835863 -0.809664 -0.819533 -0.8034   -0.746027 -0.876959  0.016478
 -0.006999  0.050025  0.03632  -0.012572  0.08554   0.035099  0.03446
  0.029315  0.025132  0.073692  0.003369 -0.060827 -0.003005]
[-0.81508  -0.665245 -0.791568 -0.78256  -0.956595 -0.779401 -0.06877
 -0.132837  0.05042   0.082779  0.044909  0.068409  0.071927  0.042317
 -0.141475  0.174403  0.085734 -0.077705  0.018862  0.010867]
[-0.750928 -0.717182 -0.653309 -0.86927  -0.801887 -0.804826 -0.01451
  0.030647  0.104127  0.003481 -0.100446  0.123519 -0.055088 -0.066957
  0.010546 -0.068087  0.005868  0.012133  0.023666  0.051248]
[-1.152847 -1.101516 -1.207853 -0.910392 -1.095958 -0.99636   0.053687
 -0.050735  0.002285 -0.155865  0.138381  0.01834   0.029359  0.179449
 -0.053653 -0.011112 -0.180913  0.045419 -0.002536 -0.008122]
[-0.898016 -0.74367  -0.770343 -0.858089 -0.974634 -0.74442   0.024155
  0.045116  0.056861 -0.063888 -0.025534  0.08869  -0.020219 -0.013968
  0.03383   0.021418 -0.058522  0.060473  0.007799 -0.012033]
[-0.789974 -0.750661 -0.818799 -0.7056   -1.007047 -0.856806  0.052444
  0.140439 -0.005486 -0.06525   0.074097  0.098622 -0.064492  0.020801
  0.138008 -0.119368 -0.011419  0.059517 -0.123413 -0.024453]
[-1.145594 -0.911424 -0.945855 -0.755536 -0.849012 -0.847872 -0.041872
  0.004495 -0.074314  0.005897  0.071609 -0.0125   -0.044839  0.064724
  0.031696 -0.077222 -0.013616 -0.125811  0.002264  0.028797]
[-0.736159 -0.643929 -0.432378 -0.952998 -0.572218 -0.667178 -0.015957
 -0.002665 -0.017401 -0.07978   0.205511 -0.023677 -0.013025  0.256358
  0.003924 -0.016752 -0.08624   0.015145 -0.016757  0.009021]
[-0.992525 -0.965959 -0.990307 -0.750944 -0.752381 -0.835556 -0.076222
  0.097056  0.050914  0.032895 -0.02424   0.069065  0.057018  0.026908
  0.027378  0.043781  0.053169 -0.054631  0.04625   0.016311]
[-0.832501 -0.761972 -0.827822 -0.896418 -0.826307 -0.984211 -0.101503
 -0.10201  -0.128471  0.023887 -0.026216 -0.127563 -0.017289 -0.042213
 -0.066308  0.014922  0.057958 -0.175733 -0.012842  0.006629]
[-0.883428 -1.074397 -0.984028 -0.916104 -0.739145 -0.998111  0.004814
 -0.004677 -0.212952 -0.098431 -0.157579 -0.296742  0.093275  0.043461
  0.088155  0.136123 -0.133344  0.075763  0.012906  0.019875]
[-0.957667 -1.081042 -1.025036 -0.839732 -0.863024 -0.870739  0.103689
 -0.049172 -0.038518 -0.03629  -0.001475 -0.06748  -0.03457   0.008239
 -0.12007  -0.027304 -0.049434  0.039639 -0.022287  0.002339]
[-1.045134 -0.661858 -0.766068 -1.040612 -1.037084 -0.805034 -0.09759
 -0.153559  0.045196 -0.002306 -0.058812  0.048084 -0.212351 -0.006548
 -0.101678 -0.25166  -0.061525 -0.033275 -0.005851  0.020839]
[-1.015371 -1.26023  -0.804642 -1.131391 -0.757292 -0.817068  0.019911
  0.009786  0.060462  0.062678  0.022414  0.129711 -0.068711  0.018456
 -0.018997 -0.032668  0.127005  0.023612  0.008569 -0.00856 ]
[-1.486264 -1.279594 -0.766439 -1.364138 -1.125713 -0.881111 -0.004061
 -0.228011  0.02812  -0.082928 -0.141049  0.048711 -0.192766 -0.212457
 -0.17301  -0.100614 -0.047732 -0.034457  0.102941  0.057727]
[-1.194831 -0.952271 -0.864636 -0.860522 -0.777872 -0.655253  0.014947
  0.047311 -0.007462 -0.124712  0.103822  0.013975 -0.127536  0.030558
  0.042363 -0.081917 -0.078128 -0.021352  0.054872  0.031584]
[-0.923809 -0.885715 -1.000482 -0.754118 -0.817593 -0.91364  -0.02621
  0.041484  0.03035  -0.038108  0.052618  0.028624 -0.027877 -0.010038
  0.049167  0.029756 -0.008054 -0.011447  0.0179    0.006204]
[-1.028775 -1.058924 -0.925705 -1.164619 -0.989409 -1.118191  0.003608
  0.044341  0.079874 -0.027851 -0.054702  0.098221 -0.113796 -0.030629
 -0.110598 -0.164675 -0.039712  0.062275 -0.011446 -0.025278]
[-0.62852  -0.748477 -0.633322 -0.568955 -0.546076 -0.919986 -0.020208
 -0.071015 -0.183494 -0.076388 -0.031952 -0.232944 -0.007963 -0.022642
 -0.035691  0.008299 -0.045299 -0.063836  0.061051  0.020174]
[-0.63433  -0.968184 -0.725232 -0.824495 -0.517427 -0.802707 -0.025702
  0.00705  -0.040774  0.224751 -0.102006 -0.014395 -0.021538 -0.00496
  0.063636 -0.029576  0.243924 -0.155017  0.019023 -0.0654  ]
[-0.937722 -1.154922 -0.940686 -0.816347 -0.728013 -0.999038 -0.03933
 -0.0584   -0.200082  0.004607  0.160466 -0.155364 -0.031952  0.220718
 -0.102757 -0.014627 -0.015531  0.042043 -0.147619 -0.027614]
[-0.976461 -0.960313 -0.827926 -0.757654 -0.619455 -0.661939 -0.07525
 -0.00756  -0.041676  0.014327 -0.042625 -0.01202  -0.164901 -0.018798
 -0.03866  -0.096596  0.015843 -0.005126 -0.072244 -0.041397]
[-1.121197 -0.677673 -0.93288  -0.710218 -1.003494 -0.663225 -0.05057
 -0.174298 -0.002067 -0.029265 -0.038462  0.013856  0.036016 -0.005433
 -0.128802  0.026093 -0.027415 -0.106354 -0.059589 -0.05758 ]
[-0.652189 -0.689166 -0.646526 -0.828063 -0.787684 -0.801434  0.035944
 -0.129637 -0.049331  0.032951 -0.013557 -0.04531  -0.01894  -0.052998
 -0.10614  -0.027377  0.032295 -0.05206  -0.040893  0.01967 ]
[-0.819003 -0.721419 -0.717217 -1.003753 -1.004142 -0.938835  0.019648
  0.029937  0.095415  0.004638  0.052174  0.069855  0.048779  0.055702
  0.053069  0.086092 -0.051826 -0.010221 -0.04089   0.037733]
[-0.816401 -0.932483 -0.778904 -0.792805 -0.701077 -0.753402 -0.081834
 -0.12631  -0.046879  0.058962 -0.080635  0.063381 -0.058984 -0.052491
 -0.144941 -0.110798  0.064555 -0.04871   0.074069 -0.027417]
[ -8.338549e-01  -9.857571e-01  -7.633213e-01  -9.869302e-01  -7.573142e-01
  -8.346566e-01   2.544111e-02  -5.023813e-02   8.659263e-02   8.201063e-04
  -7.615449e-02   5.599438e-02   2.044565e-02  -4.394748e-02   3.058470e-02
   5.877846e-02   8.516400e-03  -7.332431e-02   6.805710e-02   2.581126e-02]
[ -6.657897e-01  -6.039213e-01  -5.676229e-01  -8.456388e-01  -7.497635e-01
  -6.607497e-01   4.599807e-02  -2.436139e-02   3.614730e-02  -6.832215e-02
   1.770655e-01   1.610252e-05   1.447039e-02   1.329745e-01  -2.304345e-03
   4.301886e-02  -8.460396e-02  -1.028979e-03   5.264615e-02  -4.309968e-03]
[-0.861976 -0.950679 -0.714149 -0.627192 -0.269976 -0.583919 -0.141924
  0.02303   0.090922 -0.300957 -0.04269   0.071218 -0.163228  0.010669
  0.02351  -0.253088 -0.297873 -0.108803 -0.030399  0.046969]
[-0.783013 -0.74678  -0.804948 -0.86035  -0.92589  -0.916743  0.084677
 -0.06546   0.034827  0.046389  0.013326  0.084035  0.142967  0.006385
 -0.022546  0.142927 -0.006707  0.140348  0.052152 -0.008253]
[-0.689489 -0.916462 -0.836884 -0.888148 -0.924755 -1.05027  -0.081693
  0.050042  0.099604  0.096418  0.009575  0.145311 -0.057774  0.081102
  0.042095 -0.131731  0.216576 -0.022471  0.022197  0.050402]
[-0.995418 -0.999979 -0.687474 -0.940188 -0.762196 -0.799256 -0.042614
 -0.046037  0.069034  0.009666 -0.032303  0.043475 -0.003034 -0.001616
 -0.029614  0.043565 -0.020796  0.049786  0.036055  0.002788]
[ -7.671798e-01  -9.390077e-01  -8.196050e-01  -7.472988e-01  -6.083296e-01
  -8.265355e-01   3.056901e-02  -9.246155e-04  -1.128294e-02   1.062983e-02
   5.932192e-02   5.421474e-02  -6.184686e-02   5.736645e-02   4.327536e-02
  -2.978604e-03   2.588702e-02  -1.748185e-03   2.015834e-02   4.497350e-03]
[-0.751849 -0.846691 -0.697869 -0.920196 -0.827058 -0.876729  0.038351
  0.029975  0.020485 -0.026625  0.037278  0.028589  0.103098  0.054908
  0.003231  0.068395 -0.023122  0.07839   0.03165   0.02942 ]
[-0.919006 -0.726198 -0.633428 -0.695525 -0.749005 -0.614864  0.041061
  0.088839  0.053257  0.044145 -0.052025  0.040337  0.02426  -0.047661
  0.075407  0.003359  0.048959  0.029568  0.013759 -0.007074]
[-1.031633 -0.411518 -0.788627 -0.678154 -1.161336 -0.360791 -0.07406
 -0.14849  -0.091987  0.082906  0.146836 -0.062976 -0.08704  -0.014951
 -0.146996 -0.155266 -0.076866 -0.131834  0.074987  0.036466]
[-0.759574 -0.747887 -0.552799 -0.738686 -0.574546 -0.563236 -0.015955
 -0.016978  0.045447  0.008897 -0.061247  0.036968  0.065928 -0.024904
  0.027939  0.041533 -0.022409 -0.028095 -0.041779 -0.006263]
[-0.950264 -0.781183 -0.740958 -0.795814 -0.74478  -0.61514   0.004716
  0.010607 -0.042084  0.039708  0.006102 -0.017976  0.09498  -0.067532
  0.055551  0.079286 -0.012224 -0.006547 -0.031637 -0.038937]
[-0.990419 -0.908603 -0.854827 -0.924833 -0.90032  -0.949425  0.043417
 -0.088126 -0.009397 -0.028935  0.001865  0.028323 -0.017607 -0.019927
 -0.026642  0.031767 -0.022933  0.037869 -0.039883 -0.00755 ]
[-0.942784 -1.099498 -0.854496 -0.991528 -0.816286 -0.985399  0.056734
 -0.012519 -0.02459   0.012822  0.056227  0.001144 -0.137459  0.025289
  0.096148 -0.090418  0.004168  0.038211  0.007449  0.022019]
[-0.988449 -1.056523 -1.049679 -0.983429 -0.996762 -1.029606  0.141166
  0.051665  0.132491 -0.013666 -0.047424  0.030778 -0.011529 -0.085349
  0.026555 -0.03986   0.03391   0.074321 -0.030562 -0.019058]
[-0.976055 -0.705316 -0.91969  -0.515748 -0.639974 -0.55936   0.117803
  0.005925  0.014909 -0.144628 -0.00336   0.069718  0.130467 -0.010733
 -0.01944   0.192142 -0.101713  0.144758  0.028053 -0.007734]
[-0.731329 -0.6929   -0.718372 -0.712275 -0.884779 -0.880434 -0.055985
  0.125262  0.091973 -0.077999  0.01667   0.080521 -0.046631  0.00464
  0.113418 -0.116494 -0.06752  -0.125721 -0.044018  0.005647]
[-0.766155 -0.813241 -0.634425 -0.657705 -0.603609 -0.667228  0.010733
 -0.028163 -0.027322  0.034452  0.039761 -0.041328 -0.05124   0.054184
 -0.03207  -0.051014  0.034141 -0.005502 -0.056853 -0.038677]
[ -8.695050e-01  -7.687045e-01  -7.917587e-01  -5.334668e-01  -7.219638e-01
  -5.489297e-01  -1.020088e-01   1.177676e-02   5.293384e-02  -1.902698e-04
   4.430873e-02  -6.382842e-02   1.168738e-01   7.114149e-02   1.650846e-02
   1.454714e-01   6.359819e-02  -1.817656e-01  -1.521652e-01  -2.314806e-02]
[-0.545555 -0.628461 -0.582233 -0.761683 -0.671132 -0.895933 -0.04757
  0.016787  0.147188  0.093066 -0.193306  0.086063  0.097948 -0.266479
  0.020696  0.081121  0.040142  0.009902  0.047889 -0.007439]
[-0.75952  -0.676272 -0.446386 -0.693715 -0.528038 -0.3792    0.008739
 -0.052289  0.013107  0.008206  0.100641  0.046853  0.043163  0.094556
 -0.035048  0.056848  0.014572  0.003708 -0.012867  0.019189]
[-0.87363  -0.685765 -0.702651 -0.739633 -0.720213 -0.480777  0.016274
 -0.099831 -0.105801 -0.066353  0.038196 -0.095856 -0.172228  0.053465
 -0.054706 -0.143525 -0.064771 -0.005223 -0.01355   0.002062]
[-0.973662 -0.945691 -0.702145 -0.907519 -0.647136 -0.728805 -0.0298
  0.004175  0.040939 -0.071728 -0.08403  -0.001474 -0.084015 -0.058937
 -0.003577 -0.100835 -0.05263  -0.011629  0.006275 -0.005593]
[-0.921726 -0.805785 -0.914811 -0.904212 -0.979982 -1.101339 -0.048967
 -0.00765   0.01944  -0.006724  0.089341 -0.016341 -0.166859  0.196217
 -0.036134 -0.082772  0.026483  0.025129  0.020187 -0.021418]
[-1.113488 -1.211194 -0.96218  -1.112476 -0.92287  -1.110449 -0.034864
  0.099997  0.025819 -0.051767 -0.140762 -0.003157 -0.040292 -0.120159
  0.075707 -0.088703  0.048067 -0.156602  0.007154  0.040829]
[-1.002692 -0.844177 -0.773935 -1.007214 -1.061111 -0.966627 -0.074574
  0.099558  0.045181 -0.173455  0.078565 -0.018048 -0.047133  0.015413
  0.068917 -0.054005 -0.182533 -0.138652  0.008906  0.028956]
[ -8.407485e-01  -6.868026e-01  -7.565739e-01  -5.489515e-01  -6.894530e-01
  -5.397196e-01   2.528912e-02  -5.183035e-02   3.636861e-03   2.933614e-02
   7.623076e-03   2.858860e-02   1.542887e-01  -9.386055e-02  -6.778628e-04
   1.417067e-01   5.572577e-02   1.112748e-02   1.731100e-02   3.391049e-02]
[-1.065773 -1.122698 -0.89499  -1.006335 -0.846336 -0.860617  0.072443
  0.025244 -0.043571  0.055745 -0.034845 -0.09231  -0.080543 -0.098717
  0.052785 -0.119475  0.072602  0.001642  0.082345  0.02101 ]
[-0.835664 -0.639834 -0.563186 -0.708443 -0.634978 -0.543375  0.027552
  0.244118 -0.015473  0.036783 -0.177492  0.009027  0.079224 -0.193252
  0.187064  0.037509  0.065976  0.034798 -0.008236 -0.050195]
[-0.897858 -0.93867  -0.717961 -1.137778 -0.864831 -1.031665 -0.07948
  0.047329 -0.077365  0.115141  0.040168  0.025266 -0.089088  0.01782
  0.010718 -0.148306  0.033377 -0.10621   0.008079 -0.015621]
[-0.799908 -0.98697  -0.977256 -0.662063 -0.783569 -0.894533  0.02037
 -0.02583  -0.022398  0.081764 -0.045265 -0.046148 -0.047395 -0.049463
 -0.039456 -0.032855 -0.00992   0.026251 -0.011243 -0.00454 ]
[-0.891529 -0.895079 -0.818405 -0.628011 -0.52404  -0.649176  0.130941
 -0.096416  0.064081 -0.070029 -0.018555  0.136398  0.170884 -0.034292
 -0.040864  0.219825 -0.112441  0.097723 -0.020511 -0.016837]
('Mean', 1, ': ', -0.89152854975459639)
('Median', 1, ': ', -0.89152854975459639)
('Variance', 1, ': ', 0.0)
('Mean', 2, ': ', -0.89507875513072843)
('Median', 2, ': ', -0.89507875513072843)
('Variance', 2, ': ', 0.0)
('Mean', 3, ': ', -0.81840500276788708)
('Median', 3, ': ', -0.81840500276788708)
('Variance', 3, ': ', 0.0)
('Mean', 4, ': ', -0.62801064172023668)
('Median', 4, ': ', -0.62801064172023668)
('Variance', 4, ': ', 0.0)
('Mean', 5, ': ', -0.52403964567045447)
('Median', 5, ': ', -0.52403964567045447)
('Variance', 5, ': ', 0.0)
('Mean', 6, ': ', -0.64917622414981602)
('Median', 6, ': ', -0.64917622414981602)
('Variance', 6, ': ', 0.0)
('time: ', 8296.758744955063)
