“Running plot script on a single CPU core”
[-0.063282  0.035805  0.06105   0.035843 -0.005517  0.022556]
[ 0.006299  0.032776 -0.001401 -0.00111  -0.013259  0.01101 ]
[-0.028797  0.010664 -0.040259 -0.024565  0.007941  0.016722]
[ 0.005054 -0.029775 -0.027019 -0.011272  0.012504  0.013399]
[ 0.053588  0.067301  0.031685 -0.018807  0.005941 -0.017386]
[ 0.018014  0.002328  0.010566 -0.016129 -0.003729 -0.005327]
[ 0.025868  0.041527  0.056715 -0.053748  0.070557  0.015688]
[ 0.078869  0.120133  0.072556  0.002831 -0.007238  0.003036]
[ 0.041754  0.11563   0.076926 -0.001648 -0.005706  0.001855]
[ 0.086701  0.103567  0.095586  0.003687  0.003039  0.007084]
[-0.010737  0.0209    0.038609 -0.028071 -0.008063  0.006092]
[ 0.024865  0.0401    0.053614 -0.023177 -0.058447  0.008232]
[-0.003514  0.052716  0.037521  0.022377 -0.012442 -0.010165]
[ 0.048122  0.041274  0.087326  0.041355  0.028853 -0.000753]
[-0.020219 -0.014683  0.031381  0.003351  0.008911  0.00584 ]
[ 0.032724  0.072448  0.09662   0.042233 -0.004403 -0.041813]
[-0.077827 -0.061193 -0.064563  0.011321 -0.027832 -0.018955]
[-0.007109  0.081174  0.069644 -0.00359   0.007182 -0.02923 ]
[-0.010295  0.038742  0.035215  0.035666 -0.020299  0.038676]
[ 0.025537  0.019614 -0.000214 -0.010822 -0.01722   0.009688]
[ 0.032635  0.085819  0.015999  0.013735 -0.005655 -0.018415]
[-0.013564  0.06747   0.001359  0.021364 -0.008408 -0.026697]
[-0.026667  0.023889  0.040732  0.007655  0.011935 -0.03159 ]
[ 0.076748  0.160984  0.094496 -0.012472 -0.033545  0.004079]
[-0.039617 -0.00216  -0.05608  -0.035144 -0.00774   0.018084]
[-0.05402  -0.030945 -0.047655  0.036103  0.015013  0.01577 ]
[ 0.065358 -0.016135  0.134409 -0.017922 -0.003762 -0.035279]
[ 0.065759  0.047927  0.115079 -0.005126  0.011703 -0.005691]
[ 0.008237 -0.010437  0.002369  0.002163 -0.015699 -0.01045 ]
[ 0.044792  0.003951  0.018869 -0.002994  0.01417   0.003541]
[-0.025072  0.105538  0.063791  0.042761 -0.007139  0.000684]
[ 0.036569  0.082022  0.061608  0.001363 -0.024565  0.026316]
[-0.029246  0.009246 -0.010369 -0.004984 -0.024109  0.032888]
[ 0.005359  0.031896  0.055621  0.029224  0.01924  -0.016982]
[ 0.024301  0.074519  0.084221  0.062142  0.003761 -0.002393]
[ 0.007868  0.044802  0.065575 -0.003018  0.019828 -0.00382 ]
[-0.03122   0.006334 -0.008481 -0.028045 -0.007131 -0.02645 ]
[ 0.037875  0.012312  0.054648  0.004316 -0.020997  0.009664]
[ 0.00315   0.035004  0.029014 -0.030309  0.020027  0.010591]
[ 0.012078  0.052938  0.027185  0.001346  0.002866 -0.028975]
[ 0.002676  0.020883  0.097886 -0.004065 -0.003168 -0.004238]
[ 0.067032  0.070694  0.0235    0.011231 -0.0064    0.000205]
[ 0.061731  0.020761  0.080665  0.030118 -0.010069 -0.018842]
[ 0.015807  0.058729  0.029951  0.004938  0.002886  0.011975]
[ 0.055177  0.027723  0.03728  -0.016913  0.000794 -0.022004]
[ 0.005771  0.0373    0.008008 -0.009658 -0.007863 -0.002012]
[ 0.048414  0.064505  0.060712 -0.004389  0.009257 -0.013802]
[ 0.039353  0.02126   0.052862 -0.012706 -0.022807  0.024057]
[ 0.03982   0.037289 -0.021134  0.011061 -0.036824  0.010662]
[ 0.031946  0.03302   0.04498   0.01208  -0.015397 -0.021667]
[-0.019475  0.087524  0.093141  0.005214  0.000356  0.003237]
[ 0.005239 -0.001963 -0.019759  0.004588  0.005358  0.015688]
[ 0.019689  0.050273  0.029253  0.008373  0.025131 -0.061914]
[ 0.01447   0.008154 -0.010716 -0.000225 -0.015127  0.01374 ]
[-0.005098 -0.006546  0.01227  -0.038655  0.017344 -0.00205 ]
[-0.011772  0.016454 -0.011652  0.011785 -0.019563  0.002569]
[ 0.069179  0.072841  0.027751 -0.017867  0.013125  0.035931]
[ 0.035702 -0.003596  0.068272  0.035244  0.018484  0.002434]
[ 0.036464  0.054351 -0.004277  0.011389  0.015588  0.013288]
[ 0.052148  0.051826  0.061259 -0.003467 -0.028575 -0.007955]
[ 0.004094  0.083206  0.098932 -0.001217 -0.014263  0.01379 ]
[ 0.038849  0.043411  0.024436 -0.026948  0.00443  -0.022378]
[-0.005959 -0.022767  0.020447  0.006408  0.015037  0.005109]
[ 0.051953  0.112358  0.101881  0.005618  0.006404  0.038898]
[ 0.064662  0.026926  0.055731  0.033132 -0.010118  0.007768]
[-0.052702 -0.039062  0.002015 -0.022419  0.001339  0.021073]
[ 0.091602  0.028823  0.097473 -0.021155  0.023797  0.06194 ]
[-0.051468 -0.002598 -0.019807  0.002096  0.015419 -0.013583]
[ 0.104809  0.077293  0.062081  0.018879  0.002302 -0.012449]
[ 0.054752  0.052037  0.077161 -0.019638  0.001348  0.007754]
[ 0.032402  0.013664  0.031625 -0.045467 -0.023351  0.030334]
[ 0.055956  0.107843  0.10922  -0.021556  0.001411  0.025518]
[ 0.069641  0.078141  0.014987  0.002394  0.020553 -0.008717]
[ 0.001463  0.002603  0.055888  0.002836 -0.01411  -0.014768]
[ 0.004255  0.049436  0.122689  0.015022  0.025694  0.042765]
[ 0.008205 -0.075739 -0.06079  -0.008725 -0.006037  0.01197 ]
[ 0.078999  0.10925   0.082654 -0.012633 -0.003216 -0.000765]
[ 0.069879  0.041139  0.106162  0.029447 -0.017204 -0.011183]
[ 0.034886  0.064871  0.027972  0.002632  0.012852 -0.025128]
[ 0.018843 -0.002441  0.02142  -0.002535 -0.010156  0.011726]
[ 0.003751  0.023824  0.024444 -0.004948 -0.000452 -0.007964]
[ 0.036073  0.052888  0.1131   -0.024502  0.017096 -0.003567]
[ 0.03545   0.051066  0.11159  -0.011903  0.006263  0.03933 ]
[ 0.052997  0.051454  0.058936 -0.007046 -0.020018 -0.002716]
[-0.053244 -0.031833  0.016355 -0.01318   0.003051 -0.003101]
[ 0.042999  0.10778   0.12657  -0.00652   0.006712  0.013576]
[ 0.040666  0.034859  0.02963   0.002955 -0.001622  0.000318]
[ 0.10845   0.063287  0.052484 -0.002979  0.004765  0.014565]
[-0.000667  0.059109  0.025894  0.004514 -0.001469 -0.011388]
[ 0.063832  0.083588  0.089703 -0.019829  0.014151 -0.005915]
[ 0.052328  0.050818  0.042807  0.008661  0.00183   0.008357]
[ 0.032725  0.043982  0.029484  0.038374 -0.02612   0.028689]
[-0.035234 -0.039722 -0.003461 -0.006083  0.003266  0.011329]
[ 0.152334  0.101618  0.085995  0.011146  0.015962  0.001101]
[ 0.050005  0.082915  0.070719 -0.004012 -0.013863 -0.006454]
[ 0.048139  0.035499  0.061566 -0.01515  -0.002581 -0.012388]
[ 0.00901   0.007208  0.038766  0.013611 -0.040999 -0.008844]
[ 0.002736  0.044312  0.022241 -0.028358  0.029372  0.010734]
[ 0.022041 -0.001159 -0.001755 -0.004597 -0.007444  0.005624]
[ 0.044082 -0.018976 -0.004426  0.000933 -0.000223  0.031759]
('Mean', 1, ': ', 0.044082443814793537)
('Median', 1, ': ', 0.044082443814793537)
('Variance', 1, ': ', 0.0)
('Mean', 2, ': ', -0.018976090994332895)
('Median', 2, ': ', -0.018976090994332895)
('Variance', 2, ': ', 0.0)
('Mean', 3, ': ', -0.0044261117257115047)
('Median', 3, ': ', -0.0044261117257115047)
('Variance', 3, ': ', 0.0)
('time: ', 16701.165150880814)
