“Running plot script on a single CPU core”
[ -9.753434e-01  -7.489774e-01  -5.328250e-01  -1.314741e+00  -9.490632e-01
  -8.352930e-01  -2.740968e-04   1.560694e-01   1.041358e-02  -2.533925e-02
   1.415951e-01   9.703715e-02   5.994325e-02   1.983314e-01   1.621016e-01
   6.056024e-02  -7.287675e-02  -1.279611e-01  -9.029986e-02  -1.991497e-02]
[ -7.680368e-01  -8.173028e-01  -7.742856e-01  -7.169912e-01  -6.438437e-01
  -8.634160e-01  -4.339439e-02  -1.386659e-02  -1.435192e-02  -1.687174e-02
  -1.668884e-02  -5.936923e-02  -4.622316e-04  -7.287202e-03   3.252061e-02
  -9.117371e-03   1.540532e-02  -4.213905e-02   1.352757e-02  -2.169322e-03]
[-0.546358 -1.055298 -0.891197 -0.559708 -0.50727  -0.975901  0.046218
 -0.038412 -0.174104  0.10071  -0.029768 -0.191482 -0.060683  0.062088
 -0.114067 -0.038195  0.106353  0.02761  -0.050381 -0.002586]
[-0.711083 -0.735424 -0.719667 -0.785458 -0.735395 -0.771298 -0.001158
 -0.021751 -0.077787 -0.002507 -0.0025   -0.111376 -0.028121  0.03279
 -0.074301 -0.011063  0.035192 -0.046851 -0.119494 -0.008041]
[-0.744007 -0.63571  -0.486329 -0.798806 -0.61697  -0.580075  0.010586
 -0.023153  0.010394 -0.043121 -0.022426  0.012605 -0.027282 -0.021946
 -0.012529 -0.026264 -0.020476 -0.030126  0.012444  0.033343]
[-0.947481 -0.963824 -0.980046 -0.872299 -0.834072 -0.960167 -0.010881
  0.01893   0.030163  0.10375  -0.067605  0.123684  0.001337 -0.097587
  0.091838 -0.026834  0.075047 -0.028276  0.026932 -0.002899]
[-0.740102 -0.825111 -0.743097 -0.645741 -0.565169 -0.758557 -0.040508
  0.026136 -0.024297  0.139923  0.085161 -0.002049  0.018534  0.099574
  0.029858  0.005533  0.173608 -0.029676 -0.007735  0.029109]
[-0.701141 -0.726684 -0.982439 -0.579705 -0.644638 -0.509198 -0.014042
 -0.0293   -0.09213  -0.125952  0.027695 -0.055126 -0.121514  0.056386
  0.045302 -0.133938 -0.091391 -0.080205  0.020208  0.01817 ]
[-0.902483 -0.705334 -0.639393 -0.731554 -0.656295 -0.496697  0.056125
  0.0578    0.018948  0.012903 -0.023304  0.074031 -0.125193 -0.048721
  0.059034 -0.106763  0.038405  0.008346 -0.024751  0.010444]
[ -8.873403e-01  -1.116909e+00  -1.016303e+00  -7.565678e-01  -8.122416e-01
  -9.987996e-01   7.259562e-02   9.015317e-04  -1.503706e-01  -3.443916e-02
   8.253442e-03  -6.964174e-02   5.196699e-03  -1.173311e-01   1.299047e-02
   8.910644e-02  -4.023058e-02   1.394923e-01   7.608040e-02  -3.768363e-02]
[-0.777164 -0.764281 -0.887723 -0.718378 -0.867963 -0.911808  0.014402
  0.060729  0.009684  0.010924  0.075011  0.032897 -0.004581  0.061163
  0.065921  0.048194  0.005347 -0.030253  0.001693 -0.004273]
[-0.763419 -0.779929 -0.896471 -0.902058 -0.94475  -1.000422  0.002641
  0.057022 -0.074938 -0.002201  0.032768 -0.098227 -0.109733 -0.018699
  0.044554  0.002354  0.055511  0.051391 -0.024983 -0.0022  ]
[-0.844566 -0.77247  -0.884063 -0.89265  -1.098276 -0.922661 -0.020877
 -0.017564  0.011242  0.060376  0.099039 -0.01831   0.105992  0.027106
 -0.018382  0.052691  0.014713 -0.011869  0.025103  0.019927]
[-0.910871 -0.931959 -0.673304 -0.846859 -0.625523 -0.644423  0.007919
  0.009284  0.090672  0.027323  0.030056  0.072523 -0.076803 -0.025795
 -0.021157 -0.115389  0.014293  0.008851  0.020397 -0.015873]
[-1.093987 -0.98762  -1.132712 -0.976614 -0.962725 -0.83401   0.029785
  0.060081  0.009022  0.012726  0.020484  0.010246 -0.034256  0.014675
  0.027755 -0.001187 -0.039912  0.062333 -0.017094  0.011205]
[-0.822204 -0.908038 -0.966659 -0.74669  -0.783348 -0.914008  0.142821
 -0.174782  0.124503  0.070066 -0.0799    0.039303 -0.061224 -0.007611
 -0.137447 -0.034275  0.053936  0.116763  0.027766  0.022749]
[-0.812364 -0.683125 -0.593654 -0.756    -0.646524 -0.470335  0.032178
 -0.031209 -0.211168  0.164561 -0.078077 -0.193306  0.287032 -0.023312
 -0.069954  0.275152  0.157312  0.007517  0.014479  0.075763]
[-1.194989 -1.166554 -0.976278 -1.047665 -1.215961 -1.208496 -0.245712
  0.14225   0.075665 -0.058952 -0.03553  -0.022869 -0.00539  -0.038079
  0.135336  0.045501 -0.107295 -0.278018 -0.046494 -0.013214]
[-0.800056 -1.008832 -0.968784 -1.058255 -1.135794 -1.379542 -0.039299
 -0.034028  0.01682   0.025856  0.065947 -0.010372 -0.070517  0.040106
 -0.072696 -0.003628  0.081715 -0.120274 -0.017499  0.010186]
[-1.178764 -0.979265 -0.932595 -1.271961 -1.06944  -1.121665  0.009611
  0.080337 -0.119886  0.041436  0.054455 -0.149638 -0.057686  0.041483
 -0.051477 -0.084039  0.024922  0.072245  0.028051  0.058788]
[ -8.181073e-01  -7.594330e-01  -7.483703e-01  -9.353762e-01  -9.326962e-01
  -9.158938e-01   1.131872e-01   6.380016e-02   3.716781e-02   1.146970e-01
  -6.615020e-02   6.430004e-02   5.125677e-02  -1.107003e-01   1.097630e-01
   8.667559e-02   4.929532e-02   3.427391e-03   7.197345e-04  -1.480229e-02]
[-1.346277 -1.125053 -1.089953 -0.905936 -1.204519 -0.944987 -0.021864
 -0.040317  0.165122  0.055049  0.081297  0.051598 -0.065034  0.039855
 -0.205589 -0.030272  0.05086   0.017391 -0.013457 -0.046186]
[-1.003297 -0.98387  -1.090074 -0.915723 -0.908358 -1.047061 -0.002843
 -0.082457 -0.067802  0.008796  0.015934 -0.085423  0.055334  0.048389
 -0.056171 -0.063098  0.040353  0.011361  0.00685   0.019126]
[ -1.253621e+00  -1.154651e+00  -1.278005e+00  -8.916617e-01  -1.066317e+00
  -1.293242e+00   2.655659e-02  -8.425128e-05  -5.551571e-02   8.801090e-02
   4.063113e-02   3.124595e-02  -4.554800e-02   3.034118e-02   9.633283e-03
  -1.670656e-01   6.419374e-03  -5.765429e-03  -1.925367e-02  -4.133608e-02]
[-0.936404 -1.08342  -0.837554 -1.219381 -0.853486 -0.881465  0.245987
  0.008945 -0.049588  0.076284  0.062286 -0.064448  0.014997  0.026216
 -0.085859  0.01817   0.013925 -0.06998  -0.01065   0.022801]
[-0.820627 -0.659807 -0.773115 -0.778942 -0.824139 -0.742037  0.013087
  0.022972 -0.032938 -0.082997  0.060342  0.034625  0.004893  0.040486
  0.018901 -0.017897 -0.064566 -0.01835   0.0255   -0.013211]
[-1.155349 -0.950725 -0.939043 -1.233695 -1.3648   -0.949715  0.03546
  0.022251 -0.018722 -0.114541 -0.091255  0.074574 -0.113553 -0.164788
 -0.00802  -0.178037  0.033708  0.031416  0.032173  0.031998]
[ -1.091759e+00  -8.976107e-01  -1.098656e+00  -1.006447e+00  -1.236618e+00
  -1.076533e+00   3.093404e-02   2.315735e-02   1.797766e-02  -9.537924e-02
   5.375850e-02  -1.587535e-02  -7.009957e-02   2.503276e-04   4.869265e-02
  -5.764408e-02  -5.453058e-02   1.138057e-01  -4.494020e-02  -2.498260e-02]
[-0.828715 -0.833854 -0.771723 -0.893452 -0.763619 -0.935836 -0.127252
 -0.01847  -0.044296 -0.022597 -0.01219  -0.006758  0.051419  0.002985
  0.007924  0.092627  0.043415 -0.205376  0.006087 -0.003196]
[-1.214378 -1.026147 -0.934963 -1.135319 -1.07186  -0.886416 -0.03441
 -0.103816  0.076525  0.120908  0.062202  0.061578  0.025389  0.039334
  0.011703  0.012756  0.120111 -0.050659 -0.055355 -0.006156]
[-1.02055  -1.035698 -1.188741 -1.013577 -1.226746 -1.090141 -0.100125
  0.25371   0.055906  0.005364 -0.075983 -0.058252 -0.017761 -0.066655
  0.306916 -0.035585 -0.135262  0.021982  0.026201 -0.028499]
[-0.843737 -0.724823 -0.803351 -0.712054 -0.737159 -0.683847 -0.104793
 -0.052052 -0.035999  0.002308  0.074674 -0.004822  0.000849 -0.006066
 -0.01082  -0.021667 -0.01064  -0.100798  0.034863 -0.036261]
[ -1.117572e+00  -1.255773e+00  -1.431212e+00  -8.737894e-01  -1.034672e+00
  -1.225626e+00  -2.836055e-02   7.193659e-02   2.063100e-01  -2.752180e-02
   8.974612e-05   1.900462e-01   1.514163e-01   7.910411e-02   4.338506e-02
   1.652003e-01   2.629606e-02  -1.518421e-01  -1.426861e-02  -2.325112e-02]
[-0.847731 -0.818206 -0.844487 -0.687313 -0.735136 -0.871022  0.083823
  0.158793 -0.144932  0.11807   0.01724  -0.146138  0.060133  0.02326
  0.156911 -0.003073  0.123583  0.16797  -0.029776  0.053016]
[ -8.242089e-01  -9.126238e-01  -8.681034e-01  -1.067798e+00  -9.363564e-01
  -1.093105e+00  -2.026427e-02  -7.171930e-03   6.113831e-02  -6.763081e-02
  -6.593522e-02   6.612561e-02  -2.895147e-02  -6.177234e-02  -3.146744e-02
   3.232043e-02   3.290272e-04  -5.063334e-02  -4.443962e-02  -2.404970e-02]
[-0.900235 -0.838325 -0.719168 -1.149634 -0.912876 -1.006946  0.017702
 -0.048491 -0.093619 -0.094358 -0.080242 -0.057827  0.064292 -0.091521
 -0.015054  0.014768 -0.064547  0.04483   0.024257 -0.026996]
[ -7.308690e-01  -6.358970e-01  -6.248066e-01  -8.295810e-01  -8.518227e-01
  -9.240314e-01  -7.831595e-04   4.928686e-02   4.014738e-02  -5.467994e-02
   5.775816e-02  -1.229748e-02  -1.021127e-01   1.497747e-01   1.998567e-01
  -9.346339e-02  -7.193564e-02  -3.419053e-02   2.879390e-02  -1.964923e-02]
[-1.214997 -1.403617 -1.254209 -1.05744  -0.919325 -1.160992  0.014644
 -0.016273  0.050841 -0.011886  0.073056  0.048254  0.023523 -0.012055
 -0.01592   0.07258  -0.033967  0.039162  0.041907 -0.015274]
[-1.259622 -1.104727 -1.083479 -1.20289  -1.309604 -0.94326  -0.10424
  0.057256  0.076005  0.065652  0.148709 -0.008012 -0.095865  0.094884
  0.045537 -0.209963 -0.059281 -0.013611  0.016766  0.009104]
[-1.404667 -1.408196 -1.306281 -1.260697 -1.116669 -0.817835 -0.024906
  0.05422   0.124558  0.075746 -0.034222  0.091893  0.01208  -0.05968
  0.056735  0.01685  -0.011046  0.025951  0.060044 -0.026553]
[-0.979433 -1.064326 -1.145097 -0.817084 -0.80003  -1.028437  0.099475
  0.030138  0.120008  0.100973 -0.093589  0.184213  0.074508 -0.104017
 -0.011547  0.123453  0.065206  0.077675 -0.098325 -0.088913]
[-0.750731 -0.739333 -0.58008  -0.798975 -0.648535 -0.639628 -0.01795
  0.001848  0.012428  0.008426 -0.059275 -0.016726 -0.028893 -0.046828
  0.001791 -0.020253  0.024484 -0.040367 -0.017208 -0.006856]
[-1.126722 -1.130543 -0.918642 -1.128204 -1.076598 -0.935303  0.08
  0.026834  0.011614  0.049248  0.06594  -0.044454  0.045394  0.033307
 -0.062088  0.114954  0.01175   0.043189 -0.010609  0.05265 ]
[ -6.801435e-01  -7.699765e-01  -6.650096e-01  -9.805677e-01  -8.980140e-01
  -8.344785e-01  -7.346026e-02   6.536460e-02   6.219866e-02  -4.485018e-02
  -9.709188e-02   2.827986e-02   4.938563e-02  -1.291598e-01   2.301647e-02
  -1.867446e-02  -7.486884e-02   5.174365e-06   1.062340e-02  -1.881442e-02]
[-0.839061 -0.769925 -0.868656 -0.756189 -0.78164  -0.846438 -0.003203
  0.145904 -0.036876 -0.037482  0.005614 -0.027724  0.015304  0.100589
  0.243485  0.026663  0.004866  0.003784  0.023914 -0.006969]
[-1.27502  -1.133744 -1.279727 -0.857175 -0.916143 -0.946239  0.075142
 -0.068182  0.077354 -0.013781 -0.179037  0.051073  0.139412 -0.12984
 -0.0022    0.05129  -0.016738  0.119007 -0.02261   0.046818]
[-1.009023 -0.909003 -0.925657 -1.099909 -1.042709 -1.132368  0.022501
 -0.066501 -0.012556 -0.033844 -0.074426 -0.004607 -0.050052 -0.081654
 -0.073114 -0.088695  0.025199  0.076501 -0.063128  0.014348]
[-0.967418 -1.011104 -0.773399 -0.819112 -0.721514 -0.667924  0.04939
  0.001889 -0.039078 -0.002467 -0.004536 -0.033407 -0.056199 -0.001037
  0.020217 -0.09744   0.007334  0.072654  0.0131    0.010868]
[-0.877535 -0.960427 -0.690332 -0.906672 -0.700386 -0.75864   0.037265
  0.138233 -0.020924  0.074369 -0.005358  0.029903  0.008249  0.007752
  0.127922 -0.006277  0.037671  0.077723 -0.024462  0.007896]
[-0.94027  -0.991398 -0.700066 -0.865799 -0.638996 -0.673514 -0.006832
  0.110529 -0.086485 -0.103817  0.044983 -0.074125 -0.195207  0.134662
  0.126764 -0.166696 -0.034087 -0.105494  0.026672 -0.024275]
[-0.785262 -0.904554 -0.552185 -0.807772 -0.566649 -0.681458 -0.084952
 -0.066521  0.005987 -0.171311 -0.009378  0.060842 -0.070707  0.053333
 -0.139707 -0.075473 -0.367911  0.004219 -0.082298  0.001846]
[ -7.134617e-01  -6.146975e-01  -6.529090e-01  -8.098868e-01  -9.557222e-01
  -7.874262e-01  -2.445707e-02   2.014119e-02   1.482453e-01   1.049088e-01
  -1.858346e-01   1.323029e-01  -4.397018e-02  -5.641082e-02   2.164888e-02
  -7.901570e-03   8.161808e-02  -8.645580e-02  -7.470997e-04   1.750835e-04]
[ -8.640384e-01  -7.337927e-01  -6.581014e-01  -7.467023e-01  -6.809286e-01
  -5.780416e-01   6.002197e-02   8.263138e-04   7.149202e-02   7.807041e-02
  -7.581191e-02   5.548840e-02  -3.895364e-03  -7.688849e-02   1.247771e-02
  -2.060920e-02   9.549957e-02   3.635611e-02   3.120759e-03  -2.674995e-02]
[-0.852794 -0.828453 -1.053227 -0.686779 -0.933148 -1.023182  0.085879
 -0.039617  0.14724  -0.100939  0.032123  0.176704 -0.053231  0.060326
 -0.07582   0.056581 -0.149035  0.107263 -0.010721  0.027693]
[-1.225522 -0.969465 -1.053816 -1.058665 -1.138366 -0.954121 -0.081516
 -0.003046  0.051938 -0.05832   0.072494  0.056437  0.089048  0.076778
 -0.007543  0.06787  -0.028121 -0.091996 -0.005509 -0.006239]
[ -6.718382e-01  -5.427353e-01  -4.640594e-01  -7.987696e-01  -6.915022e-01
  -4.804100e-01   4.147814e-03   7.977036e-02   1.095646e-01   1.184190e-02
  -1.129691e-01   8.338372e-02   3.483042e-04  -3.512020e-02   5.825070e-02
   2.598834e-03   6.396600e-02  -6.842946e-02  -6.569768e-03   1.872948e-02]
[-1.063692 -0.967365 -0.905911 -0.814041 -0.79183  -0.619843  0.057962
 -0.039299  0.0335    0.039896  0.091627  0.025789  0.033165  0.082084
 -0.059946  0.069151  0.106994  0.084654  0.008486 -0.003651]
[-1.224882 -1.107298 -1.184932 -1.116845 -1.00606  -1.044378 -0.069957
 -0.00883  -0.002879 -0.016674 -0.152049  0.13444   0.106595 -0.043243
 -0.091081  0.13146  -0.038698 -0.065316  0.04681   0.063196]
[-0.958741 -0.785123 -0.775678 -0.839492 -0.808416 -0.695166 -0.023663
  0.004712  0.099516  0.07976   0.049214  0.102405 -0.040321  0.037382
  0.052573  0.008991  0.037912  0.083483 -0.010653 -0.021971]
[-0.662668 -0.693312 -0.720597 -0.956972 -1.25863  -1.185169 -0.124701
  0.00568   0.03451  -0.079528 -0.080183  0.007281  0.046849 -0.060253
  0.074488  0.007748 -0.121777 -0.100511 -0.028705  0.059223]
[-0.746934 -0.961173 -0.848174 -0.843869 -0.740023 -0.909752 -0.016324
 -0.020561 -0.023177  0.052534  0.160304 -0.069809  0.04773   0.128385
 -0.064036 -0.008992  0.074594  0.005092  0.033972  0.018356]
[ -1.021542e+00  -8.141145e-01  -7.005541e-01  -9.577982e-01  -8.698695e-01
  -7.821317e-01  -6.463455e-02  -5.029689e-02   8.454089e-04   4.058526e-02
  -2.891737e-02   5.210487e-02  -7.150302e-03  -1.165803e-01  -9.693702e-02
  -4.315605e-02   2.635047e-02  -6.736242e-02  -1.672407e-02   3.503600e-02]
[-1.193218 -1.071874 -1.179627 -0.792734 -1.04454  -0.873912  0.132115
 -0.142902  0.116835  0.099661 -0.052238  0.152955  0.016925 -0.067435
 -0.10803   0.03969   0.014632  0.155825  0.087181 -0.011979]
[-0.785099 -0.887897 -0.77082  -0.915466 -0.852326 -1.11747  -0.082166
  0.021029 -0.076042 -0.005901  0.033166  0.029999  0.049384  0.031416
 -0.020857  0.071816 -0.040927 -0.090052 -0.068016 -0.045219]
[-1.146103 -0.930979 -1.035043 -0.930032 -1.019946 -0.720743  0.043883
 -0.094326  0.064612  0.009307 -0.003888 -0.014121 -0.109628 -0.025504
 -0.15436  -0.057788 -0.068939  0.032661 -0.047719  0.022531]
[-0.797122 -0.904012 -0.882481 -0.963323 -0.961154 -0.937928  0.079286
 -0.045007 -0.121078  0.028931 -0.04878  -0.11565  -0.064302  0.021909
 -0.007232 -0.041653 -0.009334  0.077669 -0.074429  0.009569]
[-1.136329 -0.771183 -0.987284 -0.563234 -0.964946 -0.480195  0.024394
 -0.084143  0.061072  0.021097  0.060222  0.107531 -0.192875  0.011596
 -0.061172 -0.130661  0.048415  0.047352  0.011575  0.029906]
[-0.870356 -0.905482 -0.604461 -0.956378 -0.594267 -0.73621  -0.155525
 -0.042996 -0.029301  0.098336 -0.007764 -0.054611  0.061155 -0.016826
 -0.097879  0.059416  0.080564 -0.225431 -0.008597  0.004655]
[-1.086518 -1.015443 -0.794878 -0.970239 -0.757782 -0.914597  0.039955
 -0.108236 -0.031246 -0.053899 -0.12042  -0.091392 -0.073983 -0.168475
 -0.111417 -0.059942 -0.105887 -0.022038  0.010561  0.032809]
[-1.109659 -0.920725 -0.858487 -1.108405 -0.958455 -0.861472 -0.013069
  0.036148 -0.037561 -0.101669  0.079033 -0.079287  0.138788  0.046986
  0.060069  0.214811 -0.026572 -0.092373  0.054662  0.087011]
[-0.729549 -0.858236 -0.736309 -0.662476 -0.576932 -0.705746  0.030311
  0.072151  0.051127 -0.001093  0.016828  0.044608  0.075838 -0.03645
  0.056071  0.077314  0.002619 -0.018743  0.002674  0.031658]
[ -1.070628e+00  -1.198486e+00  -8.365527e-01  -1.068840e+00  -7.730412e-01
  -9.301557e-01  -7.331623e-02  -3.209144e-02   3.635580e-02   2.552762e-05
   7.851179e-02  -8.375335e-05  -1.064404e-01   9.090064e-02  -5.673924e-02
  -4.447179e-02   1.455966e-03  -9.597472e-02   7.227423e-03  -2.374053e-02]
[ -9.921723e-01  -1.003306e+00  -7.857454e-01  -9.609009e-01  -5.707869e-01
  -7.896345e-01   1.092742e-01   6.181723e-02   2.363539e-02  -6.679826e-02
   1.284360e-02   4.284751e-02   9.254974e-02  -1.746803e-02  -2.832020e-04
   1.033761e-01  -8.001373e-02   4.428441e-02   1.422380e-02   7.982317e-03]
[-0.977156 -0.766787 -0.981907 -0.916807 -1.088965 -0.960173 -0.097298
  0.052835 -0.060625  0.049691  0.057217 -0.062043  0.054805  0.042808
  0.03959   0.071092  0.102407 -0.025916 -0.037246 -0.055361]
[-0.994861 -0.783529 -0.970484 -0.804928 -1.107183 -0.863404 -0.049733
 -0.035252  0.007585 -0.023651 -0.069615  0.084497 -0.06784  -0.081211
 -0.034332 -0.118191  0.012707 -0.042886  0.069472 -0.0182  ]
[ -1.314176e+00  -1.059555e+00  -1.304625e+00  -1.078231e+00  -1.190461e+00
  -9.893455e-01   1.333005e-02  -3.209934e-02  -1.907984e-02  -8.921034e-02
   9.525105e-03  -3.586430e-02   4.409671e-02  -2.967160e-02   7.226980e-03
  -1.891754e-02  -9.950591e-02   2.144722e-02   2.034862e-02  -6.905024e-04]
[-1.348603 -0.998281 -0.946789 -0.937917 -0.972838 -0.787646  0.162101
 -0.199627 -0.054375  0.200011 -0.179995  0.013863 -0.23546  -0.276613
 -0.244469 -0.138492  0.239038  0.178576  0.012559 -0.013278]
[ -8.143354e-01  -7.092349e-01  -9.107978e-01  -7.076469e-01  -7.440517e-01
  -5.966234e-01   6.021992e-02  -1.086543e-01   6.688690e-02  -1.993577e-02
  -3.368006e-04   8.477890e-02  -1.126739e-01   5.798697e-03  -1.201760e-01
  -1.133241e-01   2.048539e-03   5.339979e-03  -1.791459e-02  -1.213253e-02]
[-0.825603 -1.095609 -1.045048 -0.716273 -0.693425 -1.005981 -0.103221
  0.022066  0.157598  0.037104 -0.05598   0.165474  0.013783 -0.054966
  0.06863  -0.004495  0.106448 -0.172098  0.028098  0.040276]
[-0.962818 -0.951795 -0.946831 -0.704507 -0.6782   -0.756298  0.026199
  0.007619  0.034977  0.056099  0.044346  0.078263 -0.00365   0.021297
 -0.045422  0.028193  0.077777 -0.032573  0.079188 -0.002944]
[-0.736848 -0.936492 -0.894905 -0.786322 -0.776232 -1.013021 -0.059114
  0.034063 -0.070156  0.094921  0.023369 -0.118672  0.006425  0.135538
  0.052855 -0.103146  0.16831   0.07023  -0.005549 -0.010745]
[-1.126381 -1.198672 -0.936134 -1.180914 -0.99669  -1.230321  0.068229
  0.03027  -0.013875  0.111177  0.153518 -0.074359 -0.162449  0.037577
  0.136274 -0.115666  0.109372  0.040641 -0.015209 -0.011812]
[ -1.113416e+00  -9.612092e-01  -8.862779e-01  -1.114021e+00  -1.116216e+00
  -8.943956e-01   6.474235e-03   2.626231e-02   1.166753e-01  -1.334439e-01
   7.574412e-04   2.452127e-02  -6.773557e-02  -1.381712e-03   9.707218e-02
  -3.549507e-02  -4.234671e-02  -4.690527e-02  -2.489944e-02  -2.772135e-02]
[ -1.016970e+00  -9.605996e-01  -7.949866e-01  -1.341955e+00  -1.220772e+00
  -1.171390e+00   4.434561e-04   4.524269e-02   5.689126e-02  -1.389847e-01
  -9.168901e-02   7.539307e-02  -4.055092e-02  -1.482017e-01   3.528267e-02
   1.857260e-03  -9.891361e-02  -8.857609e-03   6.098340e-02   2.363939e-02]
[ -8.011026e-01  -8.736648e-01  -6.230834e-01  -8.806293e-01  -7.189609e-01
  -6.380103e-01   7.839165e-02  -4.867379e-02   1.070070e-01   1.359789e-01
  -1.514468e-01   4.239933e-02   7.019368e-02  -1.796110e-01   4.361563e-04
  -2.704172e-02   1.377029e-01   9.359436e-02  -4.435546e-02  -4.451620e-02]
[-1.094151 -1.095921 -1.199753 -0.805631 -0.958774 -0.951781  0.059973
  0.089417 -0.100869 -0.053193 -0.007114  0.007548 -0.043545 -0.074862
  0.093679  0.001869 -0.007846  0.079612 -0.008433 -0.035673]
[-0.897592 -0.934174 -0.897403 -1.083721 -0.893581 -1.072662 -0.049569
 -0.004052  0.126237  0.064281  0.002437  0.024396  0.052387  0.001404
 -0.007378  0.09462   0.115835 -0.102798  0.005326  0.007593]
[-0.874565 -1.158936 -0.859081 -0.958001 -0.753321 -0.94401  -0.053485
  0.009145  0.165314 -0.140855 -0.025463  0.126251 -0.180764 -0.021689
  0.029938 -0.17551  -0.190892 -0.202427  0.088127  0.063933]
[-0.941355 -0.638965 -0.908137 -0.888284 -1.098968 -0.953533 -0.104452
  0.112764  0.038758  0.096288 -0.050677  0.111884  0.0242   -0.02017
  0.143523  0.082069  0.161207 -0.180811 -0.054187  0.036753]
[-0.990983 -0.879477 -1.099807 -1.087255 -1.196388 -1.141086  0.008339
  0.047053  0.030601  0.050941  0.055111  0.056591 -0.001877  0.050303
  0.044932  0.154286  0.079044 -0.032879  0.068714 -0.023011]
[ -1.048245e+00  -8.928671e-01  -7.032157e-01  -1.056434e+00  -7.892161e-01
  -6.046654e-01   1.224814e-01  -1.656267e-02  -1.184261e-02   2.559106e-03
  -8.103291e-02  -6.312865e-03  -7.711006e-02  -1.195926e-01   1.879115e-02
  -9.954986e-02   1.003425e-03   1.096772e-01  -1.081655e-02  -1.181972e-02]
[-0.770161 -0.852613 -0.782302 -0.847679 -0.786885 -0.854889  0.019347
 -0.022607 -0.02936   0.042717  0.033921 -0.046206 -0.033915  0.019797
 -0.053349 -0.021435  0.06686   0.007725 -0.036634 -0.010653]
[-1.081195 -0.877634 -1.081528 -1.082139 -1.147916 -1.154076 -0.02444
  0.028491 -0.103147  0.040652 -0.068533 -0.12093  -0.01731   0.033106
  0.011805 -0.030183 -0.060686 -0.064752  0.040214  0.025296]
[ -1.370879e+00  -1.081514e+00  -8.415153e-01  -1.431693e+00  -1.123256e+00
  -9.429036e-01   3.653317e-02   7.030307e-02   2.876956e-02  -8.122614e-02
   6.057558e-03   4.832442e-04   1.710191e-01  -1.343100e-02   2.912074e-02
   1.993942e-01  -1.168287e-01  -3.944900e-03   1.076535e-01   5.010511e-02]
[-0.975745 -0.887883 -0.658305 -0.934656 -0.72279  -0.652939 -0.014989
 -0.048974 -0.087923  0.068566  0.01449  -0.050564 -0.018338 -0.051404
 -0.024656 -0.119891  0.050115 -0.012137  0.023731 -0.038201]
[-0.944169 -0.603376 -0.626643 -0.555727 -0.591473 -0.274303  0.028514
 -0.005589  0.139576 -0.038646  0.005801  0.092671 -0.200424 -0.008628
  0.030242 -0.218681 -0.037181  0.010564 -0.015631  0.022003]
[-0.89821  -0.866226 -0.951985 -0.677456 -0.679802 -0.793976 -0.002134
  0.022607  0.036419 -0.047034  0.055831 -0.015306 -0.049845  0.012366
 -0.041199 -0.079912 -0.115174  0.015704  0.002667 -0.030356]
[-1.069373 -1.005703 -1.139503 -1.090177 -1.066106 -1.182495  0.016775
  0.292614 -0.061881 -0.060175  0.059773 -0.114685  0.097334  0.013052
  0.183568  0.097393  0.032198  0.005844 -0.097372 -0.011923]
[-1.034053 -1.113944 -1.070458 -0.934282 -1.204136 -1.158074  0.066231
  0.098452 -0.089725 -0.22088  -0.029417 -0.036487  0.080394 -0.015369
 -0.004844 -0.089978 -0.208826 -0.078822 -0.010067  0.055012]
[-0.995925 -0.793514 -0.882967 -0.905594 -0.908415 -0.773441 -0.039713
  0.106042 -0.09997   0.094543 -0.066562 -0.020158 -0.005306 -0.12006
  0.109738 -0.026205  0.114833  0.003178 -0.064116 -0.030108]
('Mean', 1, ': ', -0.99592540140426788)
('Median', 1, ': ', -0.99592540140426788)
('Variance', 1, ': ', 0.0)
('Mean', 2, ': ', -0.79351404770446998)
('Median', 2, ': ', -0.79351404770446998)
('Variance', 2, ': ', 0.0)
('Mean', 3, ': ', -0.88296651068481591)
('Median', 3, ': ', -0.88296651068481591)
('Variance', 3, ': ', 0.0)
('Mean', 4, ': ', -0.90559393004540223)
('Median', 4, ': ', -0.90559393004540223)
('Variance', 4, ': ', 0.0)
('Mean', 5, ': ', -0.90841465580690939)
('Median', 5, ': ', -0.90841465580690939)
('Variance', 5, ': ', 0.0)
('Mean', 6, ': ', -0.77344137193911466)
('Median', 6, ': ', -0.77344137193911466)
('Variance', 6, ': ', 0.0)
('time: ', 8126.220232963562)
