“Running plot script on a single CPU core”
[-1.169726 -0.90836  -0.934342 -0.949896 -1.013638 -0.73702   0.087147
  0.070342  0.128102  0.108241 -0.118508  0.051198  0.063094 -0.089378
  0.029498  0.068105  0.018702  0.067784 -0.019758 -0.011416]
[-1.018426 -0.972105 -1.154743 -0.763202 -0.858215 -0.914311  0.100145
 -0.001892  0.03996  -0.063473  0.05488   0.086434 -0.115228  0.063084
  0.031084 -0.104523  0.035432  0.047394 -0.040141 -0.011861]
[-1.011534 -0.985898 -0.86658  -0.960727 -0.977081 -0.883432  0.011733
 -0.147867  0.14557   0.181602 -0.283234  0.110478 -0.056482 -0.220215
 -0.240023 -0.046476  0.103224  0.052644  0.039096  0.028553]
[-1.05087  -0.848601 -0.865639 -0.990092 -1.066154 -0.888666 -0.067473
  0.038786  0.172919  0.036386 -0.109144  0.168097 -0.030278 -0.132363
  0.105101 -0.03632   0.104098 -0.106466 -0.081597 -0.028382]
[ -1.167713e+00  -9.177952e-01  -9.698308e-01  -9.140018e-01  -9.464179e-01
  -9.002814e-01   1.085324e-01  -5.620197e-02   4.448138e-02  -3.727243e-02
  -2.364696e-02   4.125527e-02  -1.362149e-02  -3.041188e-02  -8.479850e-02
  -4.980167e-03   2.145879e-02   1.119470e-01  -1.817090e-02  -3.857305e-04]
[-0.912233 -0.842291 -0.862607 -0.955882 -0.909873 -0.892421 -0.088289
 -0.109577 -0.085077  0.054944  0.106358 -0.101661  0.040954  0.123833
 -0.081204  0.04051   0.063667 -0.10192   0.015958 -0.01192 ]
[-1.025462 -0.630852 -0.923866 -0.622785 -0.945678 -0.613176 -0.003895
 -0.025539  0.060281 -0.002203 -0.064264  0.031394 -0.025299 -0.038916
  0.023607  0.022974  0.001516 -0.085426  0.004377 -0.004077]
[-1.059787 -1.074381 -0.535652 -0.946117 -0.646591 -0.612109 -0.04102
  0.003544 -0.039203 -0.081637  0.073918  0.054954  0.039548  0.108552
  0.00747  -0.027697 -0.058634 -0.04274  -0.146042 -0.09542 ]
[-0.90052  -0.877002 -0.914533 -0.861013 -0.757706 -0.809822  0.0471
  0.004634  0.059086  0.033217  0.063855 -0.017791  0.069372  0.064444
 -0.03925   0.093542 -0.054624  0.02449   0.051792  0.006853]
[-0.78405  -0.763306 -0.590813 -0.694391 -0.562642 -0.568176  0.008203
  0.037172 -0.080879 -0.043968  0.094394 -0.019021 -0.004975  0.070875
  0.002853 -0.067043 -0.033917  0.044985  0.008006 -0.010579]
[-0.952665 -0.846419 -0.789276 -0.930119 -0.872363 -0.795366  0.067655
 -0.079082  0.243032  0.069314 -0.231275  0.175667  0.087262 -0.189739
 -0.102245  0.102095  0.069178  0.056187 -0.071311 -0.037663]
[-0.662068 -0.751418 -0.781504 -0.642473 -0.647563 -0.905952 -0.190121
  0.058035  0.06424   0.037786 -0.026012  0.119961 -0.090282 -0.103355
  0.053602  0.016323  0.072245 -0.22865   0.003111  0.016793]
[-1.008037 -0.793311 -0.903371 -0.69977  -0.746877 -0.750165  0.106356
 -0.036182 -0.060348 -0.167565 -0.043323 -0.007858  0.049316 -0.129587
  0.009184 -0.037782 -0.193646  0.106749 -0.0211   -0.007977]
[-1.040511 -0.732503 -0.8454   -0.746748 -1.146526 -0.869131  0.068349
  0.178521 -0.124639 -0.065166 -0.017428 -0.094695  0.103477 -0.069513
  0.303788 -0.057908  0.032037  0.150226  0.004733  0.022082]
[-0.945287 -1.094473 -0.957722 -0.815964 -0.870908 -0.849494 -0.151697
 -0.006984 -0.081088  0.303879  0.018472 -0.200794  0.202536  0.015667
 -0.043832  0.187562  0.323486 -0.270274  0.011607  0.034212]
[-0.976806 -1.257487 -0.95     -0.960594 -0.862892 -1.218923  0.17143
  0.065513  0.095078  0.094108  0.028104  0.117206  0.016013  0.042949
  0.079993  0.033082  0.034383  0.207491  0.01039   0.034396]
[ -6.776379e-01  -6.479139e-01  -5.420215e-01  -8.988924e-01  -6.523994e-01
  -6.835674e-01  -2.397146e-05  -1.133598e-01   4.875926e-02   1.295746e-01
   3.718305e-02   9.319088e-02   5.077161e-02   4.252288e-02  -1.570619e-01
  -1.341813e-02   1.957971e-01  -6.451586e-02   1.597542e-02  -4.942076e-03]
[-0.87119  -0.857552 -0.904405 -0.680517 -0.774235 -0.936433 -0.056404
 -0.069793  0.055727 -0.101655 -0.01556   0.036182  0.069881 -0.04709
 -0.068907  0.026006 -0.088254 -0.081026  0.056393 -0.014448]
[-0.918611 -1.039259 -0.905437 -0.950762 -0.844436 -1.0054    0.152185
  0.165207  0.001072  0.093356  0.129509 -0.001642 -0.123119  0.06092
  0.186553 -0.077663  0.151022  0.075392 -0.051182  0.041776]
[-1.176231 -1.081865 -0.909733 -1.279845 -0.980389 -0.803582 -0.20391
 -0.027796 -0.021066 -0.015452 -0.101483 -0.033817  0.045913 -0.109073
 -0.046445  0.093877 -0.084728 -0.151904 -0.01153  -0.091457]
[-1.138758 -0.820003 -0.857244 -1.039133 -1.163789 -0.9539    0.074074
  0.098449  0.063192  0.075858  0.095374  0.011074 -0.046139  0.152263
  0.071358 -0.075525  0.098501  0.055578  0.029443  0.015063]
[ -9.504826e-01  -8.453748e-01  -7.419512e-01  -1.188799e+00  -6.577291e-01
  -8.283241e-01   6.620471e-03  -9.889522e-02  -8.231265e-02  -4.346861e-03
   1.090426e-01  -1.132179e-01   1.702113e-02   1.126906e-01  -8.133165e-02
  -2.344326e-02   1.479331e-02  -4.181371e-02   6.342398e-04   1.828647e-02]
[ -1.041994e+00  -7.648058e-01  -8.230708e-01  -1.020675e+00  -1.132475e+00
  -8.051350e-01   8.494054e-02  -5.724595e-02  -2.753117e-02  -6.672222e-02
  -5.621592e-02  -5.086722e-03   3.147531e-03  -3.246092e-02  -2.806322e-02
  -3.552086e-02  -7.690586e-02   1.045128e-01  -2.895347e-05  -1.921404e-02]
[-0.95412  -0.986209 -1.136208 -0.885382 -1.05575  -1.022411 -0.036196
  0.031007 -0.025341 -0.0467   -0.086888 -0.05018   0.035803 -0.109112
 -0.037388  0.095928 -0.096007 -0.055592  0.014537 -0.012178]
[-0.953898 -0.895753 -0.920978 -0.885112 -0.873593 -0.918985  0.024321
  0.144833  0.043057 -0.035316 -0.119694  0.010252  0.138649 -0.104862
  0.143726  0.106696 -0.037595  0.033537  0.017419 -0.01011 ]
[-0.703984 -0.771586 -0.724766 -0.685392 -0.614338 -0.691726  0.021134
  0.026788  0.094678 -0.016434 -0.018505  0.069957 -0.044581 -0.033281
  0.067134 -0.055082 -0.061031  0.014481  0.060148  0.00671 ]
[-0.593617 -0.533196 -0.625476 -0.556291 -0.585782 -0.609201 -0.012666
 -0.028602 -0.066309  0.049582  0.020243 -0.119876 -0.054938  0.024004
 -0.063763 -0.047491  0.05734   0.034465 -0.013896 -0.010385]
[-0.941397 -0.861212 -0.930043 -0.697209 -0.844175 -0.904642 -0.19706
 -0.050757  0.040577  0.103616 -0.043437  0.029064  0.136192  0.021966
 -0.011669  0.110391  0.048901 -0.175834 -0.040975 -0.013998]
[-0.888607 -0.748974 -0.725042 -0.989732 -0.898126 -0.835044 -0.035737
  0.064311 -0.067406  0.002021 -0.021934 -0.090328 -0.012726  0.013959
  0.074934  0.014515 -0.055626 -0.02759   0.022276  0.019009]
[-0.899951 -0.976151 -0.978831 -0.971093 -0.952724 -0.933507  0.017763
 -0.006716 -0.036581 -0.069457 -0.064017 -0.052371  0.038176 -0.085143
  0.087392  0.058665 -0.091727  0.012812  0.023957  0.039886]
[ -9.180726e-01  -7.062112e-01  -9.511837e-01  -6.598484e-01  -7.525354e-01
  -5.648561e-01   1.038396e-01  -6.776449e-02   4.276781e-03   1.429228e-04
  -9.355648e-02   7.895163e-03  -1.050803e-01  -3.559124e-02  -6.292404e-02
  -1.538741e-01  -2.796266e-02   5.872745e-02   2.294306e-02  -1.670207e-02]
[-0.888692 -0.837621 -0.90534  -0.69567  -0.779786 -0.72859  -0.043472
  0.123217  0.009169 -0.022344  0.026136 -0.011665 -0.092209 -0.028881
  0.158951 -0.079556 -0.016366 -0.132249  0.024652 -0.001667]
[ -1.216588e+00  -1.196385e+00  -9.838111e-01  -1.014656e+00  -8.693258e-01
  -8.978649e-01   1.680540e-01   1.623428e-01  -1.088729e-01   1.069501e-01
   6.843930e-02  -9.494957e-02  -4.177333e-02   6.429934e-02   1.022334e-01
  -2.046414e-02   8.798319e-02   1.304694e-01  -1.131947e-02   1.096294e-04]
[-0.760897 -0.81751  -0.565644 -0.749987 -0.496146 -0.514284  0.007238
  0.047126  0.058267 -0.016157  0.173398  0.033864 -0.158024  0.211524
  0.087122 -0.144578 -0.001847  0.016157  0.001287 -0.006215]
[ -8.394287e-01  -8.161858e-01  -7.658677e-01  -7.950819e-01  -6.829677e-01
  -6.443120e-01  -3.961250e-02  -1.335640e-02   6.741668e-02  -1.518749e-01
   2.413420e-04   5.846315e-02   3.262655e-02   1.844968e-02  -5.173071e-02
  -3.229223e-03  -1.415411e-01  -2.299997e-02   2.345780e-02   1.128298e-02]
[-0.910889 -0.92388  -0.752314 -0.971507 -0.702522 -0.744766  0.045732
  0.039104 -0.050748 -0.152606 -0.081343 -0.023105 -0.031846 -0.104936
  0.041153 -0.016783 -0.124914  0.023771  0.005619 -0.036826]
[-0.846446 -0.756836 -1.087078 -0.673238 -0.927495 -0.764056 -0.040573
  0.102063  0.014933  0.011568  0.149753 -0.068862 -0.114651  0.076123
  0.117256 -0.098056  0.031015 -0.113483 -0.014473  0.035335]
[-0.755278 -0.756017 -0.361407 -0.826588 -0.318866 -0.369033  0.014349
  0.103642 -0.063625 -0.031904  0.148366 -0.040767 -0.121919  0.112876
  0.126864 -0.106551 -0.057001 -0.001778 -0.010299 -0.023823]
[ -8.656607e-01  -1.035068e+00  -6.086817e-01  -9.812905e-01  -5.110005e-01
  -6.526560e-01  -1.995723e-02   1.152487e-01  -6.781518e-02   7.181768e-02
   1.312826e-01   2.267761e-02  -8.526035e-02   1.796616e-01   2.522402e-02
   4.895733e-04   1.221652e-01   3.915510e-03  -7.445238e-02  -1.828373e-02]
[-0.780471 -0.703949 -0.679762 -0.679743 -0.746817 -0.59673   0.067453
  0.132488 -0.054519  0.030083  0.046805 -0.088051 -0.02028   0.071583
  0.089875 -0.055489  0.005485  0.00713  -0.037471 -0.031812]
[-0.80971  -0.912155 -0.70563  -0.772935 -0.629594 -0.806529 -0.083987
  0.02397  -0.037341 -0.021013  0.044223  0.021724  0.043944  0.081137
 -0.090062  0.018671  0.087886 -0.111121 -0.022958 -0.027538]
[-0.898819 -1.066202 -1.077954 -0.746496 -0.650646 -0.92799   0.031616
 -0.071552  0.057131  0.047107  0.132707 -0.033948  0.044725  0.177844
 -0.053592  0.054231  0.044243  0.018904 -0.006265  0.007334]
[-1.041586 -1.097743 -1.040071 -0.832756 -0.726635 -0.937973 -0.026509
  0.035799  0.004848  0.096806  0.037142 -0.037282  0.002645  0.030255
  0.030083 -0.061242  0.023398 -0.031549  0.019626  0.040324]
[ -9.196266e-01  -8.727193e-01  -8.925040e-01  -7.437770e-01  -8.059060e-01
  -8.379390e-01   8.512587e-03  -1.107157e-02   2.950174e-02  -4.167601e-03
   9.528685e-02   9.871380e-03  -7.126595e-03   2.715945e-02  -1.717998e-04
  -4.182452e-02  -2.125908e-02   4.635681e-03  -2.707642e-02  -6.944453e-03]
[ -1.042103e+00  -8.352493e-01  -7.404736e-01  -8.827515e-01  -8.810534e-01
  -6.068672e-01  -4.600755e-02  -1.892832e-02  -5.930170e-03  -9.739021e-02
  -1.228414e-01  -1.338516e-02   1.065862e-01  -1.958141e-01  -1.015583e-03
   5.804521e-02  -7.120242e-02  -8.398147e-02   4.397041e-02  -1.564629e-03]
[ -7.852193e-01  -1.001799e+00  -8.445461e-01  -8.552994e-01  -6.497501e-01
  -9.265169e-01  -2.379948e-02  -6.966018e-02   5.515154e-02   3.310925e-02
   3.735910e-02  -2.563523e-02  -8.401304e-04  -6.852818e-02  -5.179139e-02
   3.540270e-02   6.769466e-02  -6.615735e-02  -4.117352e-02  -1.337751e-02]
[-0.956879 -0.992951 -0.755516 -0.900276 -0.683897 -0.772208 -0.039957
 -0.034488 -0.107506 -0.137384 -0.075412 -0.080489  0.106647 -0.095725
  0.0243    0.083963 -0.173356 -0.050101  0.015687  0.004683]
[ -8.601385e-01  -8.956616e-01  -9.624745e-01  -9.060130e-01  -8.847550e-01
  -1.076958e+00   8.666004e-02   1.280756e-02   2.625924e-02  -4.637475e-02
  -6.519675e-02  -6.572085e-03   7.966362e-04  -3.865107e-02   3.943270e-02
  -1.972128e-02  -4.369926e-02   1.000795e-01   5.716039e-02   8.018230e-03]
[-0.768538 -1.05008  -0.803951 -1.234303 -0.949577 -1.333989 -0.047163
 -0.024546  0.063956  0.074248 -0.078104  0.101071 -0.022132 -0.087756
 -0.047671  0.029447  0.098213 -0.14657   0.06048   0.023974]
[ -8.372342e-01  -8.901465e-01  -6.598543e-01  -8.111893e-01  -5.308101e-01
  -7.244555e-01   2.973141e-02  -5.242945e-02  -3.225637e-02  -1.278929e-02
  -3.688936e-02   1.677295e-02   5.958416e-03  -4.903977e-02  -9.975921e-03
  -2.239282e-02  -7.877190e-03   4.629304e-02   1.191956e-03  -2.774229e-04]
[-0.709913 -0.712015 -0.886004 -0.638985 -0.747695 -0.678951 -0.124141
 -0.11267  -0.070676 -0.144941 -0.062629 -0.1023   -0.06071  -0.037578
 -0.138349 -0.093919 -0.137627 -0.157559 -0.003258 -0.033161]
[-0.666363 -0.812807 -0.710206 -0.676716 -0.595682 -0.924718 -0.067866
  0.008495 -0.061486 -0.139739 -0.030235 -0.169237 -0.075853 -0.079497
 -0.009073 -0.057556 -0.195333 -0.126748  0.040482  0.008626]
[-0.957539 -1.096878 -1.031651 -0.836077 -0.926462 -0.885755  0.047202
  0.139196  0.039605  0.010017 -0.031392 -0.012196  0.036898 -0.014892
  0.114456  0.046198 -0.055309  0.108234  0.110891  0.073723]
[-1.279226 -1.032828 -0.974676 -1.149634 -1.253699 -1.15141   0.052837
  0.044335 -0.110817  0.131981 -0.021633 -0.011828 -0.008729 -0.029306
  0.04959  -0.057151  0.137197 -0.020131 -0.025533 -0.007958]
[-0.901885 -0.828924 -0.936209 -0.870791 -0.996093 -0.92144   0.00416
 -0.092574  0.018723 -0.058525  0.022855  0.039856 -0.023228  0.001262
 -0.112436  0.016225 -0.020243 -0.036623  0.052893  0.039814]
[-0.820828 -0.739771 -0.643255 -0.866489 -0.753268 -0.658697  0.018422
 -0.046746 -0.1183    0.040752  0.022524 -0.113001 -0.117751  0.027351
 -0.054975 -0.107729  0.114705  0.077873  0.016146  0.006362]
[-1.126917 -0.902369 -0.917787 -0.865732 -0.808406 -0.709079  0.027583
  0.008339  0.058473  0.06501  -0.095195  0.100868  0.030152 -0.073626
  0.008389  0.06163   0.074643 -0.005385 -0.002443  0.020429]
[-0.9825   -0.893257 -0.796287 -0.947076 -0.769488 -0.907784  0.086779
 -0.053503  0.011884 -0.020141  0.147078  0.012136  0.066552  0.156325
 -0.047955  0.072497 -0.049295  0.081885  0.050936  0.030178]
[-1.013053 -0.778901 -0.736001 -0.86282  -0.787154 -0.53915   0.017614
  0.17274  -0.021101 -0.033998 -0.102907 -0.008148  0.116671 -0.175395
  0.179966  0.144275 -0.02158   0.064849  0.045847 -0.003995]
[ -9.552521e-01  -1.180086e+00  -7.920545e-01  -1.077945e+00  -7.328396e-01
  -7.719012e-01  -2.592523e-02   4.549361e-02  -1.726235e-03   4.804313e-02
  -7.036336e-02  -3.083362e-02   6.131652e-03  -1.117012e-02   1.161142e-01
   9.728657e-04  -2.110173e-02  -4.521207e-04  -3.481238e-03   1.432179e-02]
[-0.870636 -0.917097 -0.938442 -0.782621 -0.683311 -0.895651  0.107454
 -0.051309  0.072212 -0.018597 -0.046947  0.049175 -0.03703  -0.02458
 -0.103034 -0.049531 -0.055122  0.137223 -0.020884 -0.008101]
[-0.996426 -1.008314 -0.997276 -0.945065 -0.863893 -0.832984 -0.00379
 -0.028068  0.026377  0.021706 -0.141546  0.040073  0.020517 -0.077196
 -0.008238  0.054241  0.008044 -0.101038  0.002546 -0.005024]
[-1.020115 -1.142639 -0.951316 -1.226009 -0.967933 -1.231371 -0.022929
  0.135917  0.046554  0.100119  0.037681 -0.020956  0.068903 -0.016786
  0.194969  0.03866   0.146924  0.002578  0.021281 -0.039895]
[-1.119238 -1.002913 -1.075603 -0.69785  -0.684728 -0.722263 -0.060795
 -0.085841  0.036575 -0.003725  0.10593   0.029739 -0.009761  0.133268
 -0.088144  0.023304 -0.030976 -0.043108 -0.034514 -0.006316]
[ -1.072877e+00  -9.027226e-01  -9.327964e-01  -8.418038e-01  -8.396783e-01
  -6.964397e-01  -6.855559e-02   2.999300e-02  -6.541183e-02  -3.903182e-02
  -1.238456e-01  -5.521625e-02   6.482582e-02  -5.517568e-02  -1.239746e-02
   1.424904e-01  -2.075152e-02  -1.033195e-01  -3.795881e-04  -2.872380e-02]
[-1.037603 -0.91937  -0.608335 -1.048283 -0.575518 -0.664296  0.15561
 -0.001754  0.046487  0.156996 -0.093947  0.146723 -0.191112 -0.067256
 -0.01381  -0.186416  0.102997  0.186464  0.028632 -0.031593]
[-0.733379 -0.798984 -0.559801 -1.07943  -0.75172  -0.849498 -0.069756
  0.175304  0.05694  -0.083101  0.194283  0.027975 -0.09195   0.2399
  0.123993 -0.0496   -0.077233 -0.00985   0.012031  0.01571 ]
[-0.639381 -0.87337  -0.822211 -0.596692 -0.41415  -0.7626   -0.249652
 -0.001974 -0.07576  -0.086542  0.08772  -0.091001  0.105976  0.061841
 -0.03013  -0.009979 -0.113833 -0.220943  0.023253  0.00636 ]
[-0.978847 -0.939072 -0.834375 -1.005388 -0.801638 -0.847664  0.036153
  0.072325  0.110614 -0.015543  0.092522  0.063316 -0.196528  0.091409
  0.054714 -0.105396  0.055358 -0.075048 -0.058857  0.010027]
[-1.006075 -0.907238 -1.107282 -0.809924 -0.896492 -0.85914   0.004819
 -0.047835  0.001704 -0.046553 -0.017558  0.048173 -0.089865 -0.003671
 -0.014325 -0.141962 -0.021569  0.010102  0.01486  -0.032571]
[-0.953983 -1.01229  -0.655912 -0.97008  -0.73057  -0.740568  0.122164
  0.08204   0.058399 -0.056716  0.149186  0.080377 -0.018168  0.208185
  0.04835   0.063613 -0.126036  0.117913  0.026767  0.009474]
[-0.90664  -0.80133  -0.690985 -0.913591 -0.781856 -0.693057 -0.01469
 -0.038254 -0.010822  0.006719  0.076647 -0.024664 -0.019527  0.014852
 -0.017714 -0.043068  0.066423 -0.033665  0.002065 -0.005378]
[-1.044666 -0.884728 -0.983215 -0.979841 -0.947859 -0.832435 -0.124719
 -0.032018  0.070586 -0.101439  0.105902  0.100685  0.158189  0.010861
 -0.053496  0.11097  -0.138804 -0.162439 -0.070317  0.055733]
[-1.026398 -1.026197 -0.798617 -0.916979 -0.705083 -0.839327 -0.048049
 -0.008693 -0.075053 -0.059028  0.055632 -0.091543  0.01884   0.038647
 -0.0419    0.026823 -0.021491 -0.047204  0.015784  0.046768]
[-0.721859 -1.023462 -0.839646 -0.933426 -0.837191 -1.136724  0.04308
  0.004568 -0.085315 -0.074886 -0.04233  -0.051035 -0.020847 -0.070359
 -0.017213  0.043296 -0.130213  0.080941 -0.013608  0.00238 ]
[-0.388344 -0.580165 -0.613908 -0.49792  -0.533137 -0.825797  0.078304
  0.089529 -0.189482 -0.097329 -0.016178 -0.230225 -0.069234  0.023893
 -0.029602 -0.030809 -0.124645  0.002143  0.067223  0.007287]
[ -6.468031e-01  -8.965328e-01  -1.055341e+00  -5.912320e-01  -6.272012e-01
  -8.423435e-01   1.234759e-01   3.045283e-03   1.564699e-02   8.295546e-03
  -4.376275e-03   1.179867e-01  -1.539722e-02  -2.303339e-02   2.048857e-02
  -3.159035e-02   5.167857e-02   8.117825e-02  -1.138672e-04   3.801717e-02]
[-0.984206 -0.92681  -0.963055 -0.748979 -0.807691 -0.813298  0.207325
 -0.027329  0.068159 -0.154934 -0.024755  0.047462 -0.042845 -0.004266
 -0.028053  0.00517  -0.148263  0.202122 -0.042588  0.01139 ]
[-1.078675 -0.801714 -0.878218 -0.815873 -0.849271 -0.677003  0.053996
 -0.108116  0.051145 -0.042384  0.096331  0.090394  0.108524  0.032251
 -0.113193  0.15154  -0.045254  0.037202  0.034084 -0.029445]
[-0.929362 -0.994382 -0.630511 -0.98151  -0.629844 -0.715454  0.049262
  0.057174  0.037271 -0.050617 -0.046952  0.025545  0.11156  -0.070901
  0.043472  0.083327  0.013517  0.060241  0.030831 -0.013933]
[-0.953577 -0.882272 -0.927552 -0.94553  -0.956968 -0.938363  0.040403
 -0.004444  0.040352  0.059289 -0.096929  0.022281  0.006148 -0.111055
  0.037265 -0.079946  0.017259  0.032062 -0.017882  0.012256]
[-0.79206  -0.863997 -0.749965 -0.782829 -0.708853 -0.936169  0.143695
 -0.004692  0.096967 -0.023037 -0.113474  0.066198  0.040946 -0.001558
 -0.077644  0.041831  0.0299    0.191372 -0.020879 -0.042985]
[-0.846131 -0.721499 -0.66904  -0.752526 -0.684858 -0.576098  0.016258
  0.019528 -0.047291  0.029811  0.216243  0.004933 -0.089278  0.246268
  0.072534 -0.15297   0.041828 -0.019898  0.102689  0.040803]
[ -1.039174e+00  -6.534932e-01  -9.861140e-01  -5.231823e-01  -8.157538e-01
  -4.193614e-01   2.881224e-02   4.600436e-02  -3.844776e-02   5.452702e-02
   8.043236e-02  -2.729465e-03  -1.438928e-01   7.058762e-02  -7.331951e-04
  -1.562817e-01   7.640405e-02   5.823505e-02  -3.592863e-03   3.702379e-02]
[ -7.245331e-01  -9.367951e-01  -8.743342e-01  -8.159319e-01  -6.832441e-01
  -9.976895e-01   6.940534e-03   1.174385e-01  -1.714883e-04  -9.024162e-03
  -6.104754e-02   1.061900e-03  -7.642315e-02  -6.039937e-02   1.371792e-01
  -8.758918e-02  -2.337942e-02  -1.387915e-02   2.322913e-02  -9.843791e-04]
[-1.03891  -0.771332 -0.832616 -0.83158  -0.753022 -0.44049  -0.082228
 -0.175949 -0.028463  0.045722 -0.073228 -0.081539 -0.289076 -0.163469
 -0.176819 -0.191413 -0.080555 -0.067361  0.011108  0.040193]
[-1.02899  -0.926874 -0.783836 -0.846477 -0.690979 -0.756208  0.009895
  0.020492  0.034308 -0.050365 -0.093915  0.035497 -0.043042 -0.106956
  0.071468 -0.035075 -0.047228  0.009022  0.034014 -0.01411 ]
[-1.273942 -0.994098 -1.151894 -0.906837 -1.033072 -1.067389  0.014919
  0.009593  0.051322  0.1504   -0.005687  0.064183 -0.012465 -0.030956
  0.038179  0.04941   0.124995 -0.193436  0.001922  0.010299]
[-1.017538 -1.204028 -1.027476 -1.000103 -0.806762 -0.906944 -0.111059
  0.023695  0.029947  0.083168  0.051932  0.035316 -0.045179  0.049605
  0.041965 -0.003914  0.092848 -0.053738  0.025498  0.001965]
[-1.306066 -1.215598 -0.978717 -1.254022 -1.080435 -0.872692 -0.058879
 -0.00285   0.039221  0.015423  0.140573 -0.029429  0.047795  0.147636
 -0.025006  0.05321   0.012969  0.038558 -0.0149   -0.021053]
[-1.070264 -0.938302 -1.10344  -0.923863 -1.022586 -0.801336  0.09833
  0.066066 -0.035634 -0.026747  0.047723 -0.0414    0.094582  0.031146
  0.115964  0.048377 -0.049299  0.209548  0.049948  0.054038]
[-0.898521 -1.100047 -0.80446  -0.973152 -0.835253 -1.081985 -0.029737
  0.160774 -0.007259 -0.090172  0.151891 -0.035863 -0.139912  0.184881
  0.223007 -0.078007 -0.098977 -0.032415 -0.023266  0.02167 ]
[ -7.741348e-01  -6.821824e-01  -8.878791e-01  -7.615954e-01  -9.148227e-01
  -7.987148e-01  -3.523776e-02  -4.137040e-02   5.884531e-02   6.157257e-02
   4.924568e-02   3.575279e-02  -4.950469e-02   5.571530e-03   9.493357e-03
  -5.636589e-02   5.266822e-02  -2.356226e-02   6.393627e-02  -8.212744e-04]
[-0.866042 -0.952771 -0.848024 -0.85487  -0.873037 -0.968467 -0.064
  0.010192 -0.019322  0.01793   0.028729 -0.056619 -0.043978  0.033809
 -0.001096 -0.058588 -0.044677 -0.067204 -0.06924  -0.01897 ]
[-0.96576  -1.173452 -1.009892 -1.064729 -0.958146 -1.08233  -0.085431
  0.0358    0.095767 -0.08042   0.059931  0.164358 -0.069903  0.059073
 -0.060802 -0.097787 -0.064063 -0.120126 -0.017568 -0.011331]
[-1.009518 -1.040805 -1.31934  -0.924564 -1.137724 -1.17741   0.030346
  0.010052  0.01259   0.077808  0.158416  0.035629  0.097784  0.133284
  0.077709  0.164876  0.038434  0.038579  0.049974  0.027338]
[-0.927084 -0.840042 -0.858434 -0.747486 -0.741714 -0.798645 -0.02064
  0.154847  0.05191   0.114881  0.022829  0.066836  0.022517  0.035934
  0.213394  0.079638  0.104861 -0.087918 -0.023732  0.040981]
[-0.775708 -0.720407 -0.75187  -0.808338 -0.687434 -0.600033 -0.012428
  0.045656 -0.100096 -0.016023  0.021763 -0.053698 -0.051389  0.039545
  0.128896 -0.064258  0.001991  0.001911  0.021806  0.055998]
[ -9.125724e-01  -8.492771e-01  -7.618186e-01  -8.445920e-01  -7.713731e-01
  -7.973841e-01  -1.307637e-01  -7.052671e-02   2.314379e-02   5.544947e-02
   4.518131e-02  -1.640496e-02  -3.149380e-02  -1.356647e-02  -7.270117e-02
  -2.709035e-02  -8.803676e-03  -1.660358e-01  -2.670987e-02  -7.462813e-05]
[-0.779444 -0.811227 -0.806853 -0.854314 -0.910404 -0.912516  0.059999
 -0.003509  0.122756  0.029024  0.015506  0.193945 -0.046341 -0.055971
  0.032442 -0.067682  0.035743 -0.004457  0.062424  0.025981]
('Mean', 1, ': ', -0.77944351018817748)
('Median', 1, ': ', -0.77944351018817748)
('Variance', 1, ': ', 0.0)
('Mean', 2, ': ', -0.81122656185922803)
('Median', 2, ': ', -0.81122656185922803)
('Variance', 2, ': ', 0.0)
('Mean', 3, ': ', -0.80685314960687149)
('Median', 3, ': ', -0.80685314960687149)
('Variance', 3, ': ', 0.0)
('Mean', 4, ': ', -0.85431405192279941)
('Median', 4, ': ', -0.85431405192279941)
('Variance', 4, ': ', 0.0)
('Mean', 5, ': ', -0.910403782680834)
('Median', 5, ': ', -0.910403782680834)
('Variance', 5, ': ', 0.0)
('Mean', 6, ': ', -0.91251593188980329)
('Median', 6, ': ', -0.91251593188980329)
('Variance', 6, ': ', 0.0)
('time: ', 10638.872147083282)
