“Running plot script on a single CPU core”
[ 0.03545   0.017149  0.059045  0.001073 -0.027421 -0.015919]
[ 0.045132  0.061766  0.072577  0.023781 -0.005697  0.007123]
[ 0.054212  0.085793  0.043182  0.008863  0.000317  0.009196]
[-0.024359  0.002006  0.051726 -0.005777 -0.012495 -0.007719]
[ 0.004714 -0.094261 -0.01616  -0.016805 -0.007978 -0.026451]
[ 0.093472  0.111109  0.069118  0.009282  0.002604  0.009098]
[ 0.092369  0.070205  0.078923 -0.003153  0.022606  0.005867]
[ 0.062012  0.02294   0.052441 -0.005025 -0.003011  0.004696]
[-0.049539 -0.004967  0.002078  0.0053   -0.043595 -0.014721]
[ 0.032575  0.068195  0.067105 -0.001691  0.018414 -0.010581]
[ 0.03588   0.071688  0.031394 -0.006827 -0.008775 -0.015977]
[-0.044845  0.060056  0.01104  -0.020773  0.004015  0.027133]
[ 0.103158  0.032595  0.067897  0.002134 -0.010381 -0.06059 ]
[ 0.054589  0.027259  0.067166 -0.004629  0.001029 -0.00172 ]
[-0.036497  0.021104 -0.008202  0.001536  0.021736 -0.003797]
[ 0.067205  0.065476  0.05888   0.041734  0.025654  0.015423]
[ 0.081679  0.047109  0.056356 -0.020653 -0.016768  0.032301]
[ 0.058626  0.083302  0.027682  0.009065  0.000541 -0.011762]
[ 0.024253  0.000357  0.058093  0.020574 -0.010815  0.018141]
[ 0.036577  0.063684 -0.001315 -0.004788  0.013854 -0.006856]
[ 0.1213    0.094215  0.060976  0.001993 -0.030404 -0.03676 ]
[ 0.031258  0.03682   0.057501  0.012563 -0.039027  0.015097]
[ 0.010803  0.00128  -0.002306 -0.013676 -0.031921 -0.00681 ]
[ 0.010274 -0.007433  0.073928 -0.004364 -0.013912  0.017738]
[ 0.007708 -0.004254  0.001856 -0.013742 -0.005714  0.031281]
[-0.004743  0.016119  0.039421  0.008643  0.015247  0.00323 ]
[ 0.013651  0.063382 -0.002887  0.06046  -0.052158  0.028123]
[ 0.101476  0.046237  0.095019  0.031367 -0.002057  0.011857]
[-0.030911  0.056586  0.078932  0.030841  0.03356   0.00578 ]
[ 0.023299 -0.024537  0.07624  -0.016552 -0.030691  0.009377]
[ 0.006363  0.04669   0.065983 -0.005648 -0.012924  0.018562]
[ 0.093772  0.130227  0.100094 -0.008623 -0.018205  0.00965 ]
[ 0.045097  0.026724  0.01517  -0.014173 -0.005247  0.003751]
[ 0.053509  0.109938  0.138196  0.045253 -0.016888 -0.028974]
[ 0.025833  0.022539  0.036983 -0.016981 -0.014376  0.006458]
[ 0.038535  0.118633  0.014807 -0.001657 -0.046858 -0.026586]
[ 0.064123  0.038306  0.044883 -0.007695 -0.000685 -0.002628]
[-0.001182  0.083183  0.095333 -0.01866  -0.019242  0.0109  ]
[-0.037717 -0.000987  0.022123  0.010019  0.017997  0.014395]
[ 0.033939  0.011876  0.089843  0.000779  0.032008 -0.00516 ]
[ 0.064687  0.031527  0.004103 -0.001314 -0.014064  0.000751]
[ 0.044486  0.076035  0.03877   0.003882 -0.033217 -0.004788]
[ 0.013315  0.072006  0.046622  0.013347 -0.029799 -0.007281]
[ 0.038615 -0.036099  0.073489 -0.013716  0.050807 -0.024106]
[ 0.008049  0.012835  0.016977 -0.00628   0.007446 -0.019285]
[ 0.097872  0.072825  0.089362  0.028475 -0.011607 -0.008391]
[-0.014833 -0.012176 -0.039787 -0.032838  0.010959  0.030865]
[ 0.022397  0.060738  0.062024  0.026121 -0.044872  0.010667]
[ 0.082886  0.124446  0.104705 -0.001904  0.017135  0.00599 ]
[ 0.060497  0.044781  0.032699 -0.002173 -0.021127 -0.023618]
[ 0.047677  0.073113  0.065016 -0.005836  0.005357 -0.006533]
[ 0.029338  0.033741  0.003478 -0.011946  0.018772 -0.021959]
[ 0.045094  0.052459  0.07703  -0.015675 -0.006105  0.021818]
[ 0.038073  0.047364  0.055349 -0.016845 -0.024191 -0.013881]
[ 0.040617 -0.008344  0.037166 -0.059326  0.010997  0.003927]
[-0.012704  0.070271  0.025552 -0.004443 -0.042755 -0.015479]
[ 0.024115  0.079927  0.040165 -0.03389   0.010452 -0.008979]
[-0.055132 -0.074642 -0.049743  0.020437  0.00301   0.009198]
[ 0.001065  0.023466  0.049744  0.004556  0.004074  0.047979]
[-0.079527 -0.094073 -0.05572  -0.01877   0.014665  0.0007  ]
[ 0.010851  0.092454  0.099725  0.021945  0.020682  0.014993]
[ 0.025981  0.016597  0.054235 -0.022216 -0.000583 -0.012816]
[ 0.028512 -0.011249  0.015742 -0.004694  0.011435  0.028666]
[-0.020337 -0.046938 -0.066154  0.023387  0.030789 -0.018052]
[ 0.033655 -0.008955  0.051072 -0.003628  0.037503  0.042288]
[ 0.070175 -0.056155  0.079128  0.029864  0.008929  0.0404  ]
[ 0.053618  0.095733  0.072127  0.045421  0.014998  0.000448]
[ 0.069277  0.109964  0.091428  0.021474  0.000415 -0.015138]
[ 0.00605   0.050928  0.043744  0.000636  0.009178 -0.024444]
[-0.019328  0.035542  0.047113 -0.015755  0.052319 -0.011749]
[ 0.060878  0.055658  0.031668  0.007899 -0.000216  0.017676]
[ 0.019138  0.054019  0.100603 -0.00522  -0.003821  0.019574]
[ 0.062215  0.016969  0.077533  0.021455 -0.026853 -0.003663]
[ 0.050906  0.010699  0.0737   -0.013051  0.009268  0.003191]
[ 0.030695  0.070647  0.052859  0.026497  0.002911  0.013391]
[-0.045592 -0.029457 -0.002075 -0.020125 -0.014747 -0.016103]
[ 0.026781  0.062143  0.047384 -0.014393 -0.010082  0.028044]
[ 0.075998  0.075763  0.061001 -0.007872  0.01904   0.019762]
[ 0.06649   0.060844  0.140649  0.00382   0.006568  0.000506]
[-0.017205  0.012335  0.01295   0.017679 -0.007081 -0.00848 ]
[ 0.075667  0.092473  0.05191  -0.001103 -0.010905 -0.000349]
[-0.024287  0.061186  0.055974  0.010909 -0.019019 -0.028619]
[ 0.049211  0.04422   0.072576 -0.008879  0.002612 -0.010001]
[ 0.058852  0.012728  0.052827  0.008567  0.014286 -0.023564]
[ 0.059542  0.066316  0.040693 -0.013019  0.031199 -0.00222 ]
[ 0.049053 -0.027297  0.041198 -0.026045 -0.011632  0.02788 ]
[ 0.019114 -0.038066 -0.007448 -0.001765 -0.008278  0.031625]
[-0.030196  0.065353  0.093091  0.052872 -0.017201  0.016656]
[ 0.025319  0.030061  0.033076 -0.003001  0.003304  0.011209]
[ 0.052926  0.046328  0.041759 -0.023947  0.002872  0.021296]
[ 0.08076   0.045245  0.09077   0.019433  0.039383  0.026313]
[ 0.057083  0.025653  0.038326 -0.013611 -0.003341 -0.009942]
[-0.004506  0.051963  0.067918 -0.00286   0.033083 -0.028367]
[-0.016683  0.042147  0.050584 -0.023737  0.008503  0.009895]
[ 0.022435  0.035638 -0.02847   0.012689  0.003191 -0.023153]
[-0.005754  0.025691 -0.044031  0.051801 -0.029601  0.013888]
[ 0.072219  0.050512  0.080694 -0.027295  0.020348  0.034944]
[ 0.006354  0.048994  0.033088 -0.014266  0.009384 -0.001836]
[ 0.053171  0.100915  0.084897  0.007603  0.044551 -0.005928]
[ 0.002526  0.085928  0.074995  0.032429  0.003337 -0.008884]
('Mean', 1, ': ', 0.0025260633462260334)
('Median', 1, ': ', 0.0025260633462260334)
('Variance', 1, ': ', 0.0)
('Mean', 2, ': ', 0.085927997442082404)
('Median', 2, ': ', 0.085927997442082404)
('Variance', 2, ': ', 0.0)
('Mean', 3, ': ', 0.074994662859468375)
('Median', 3, ': ', 0.074994662859468375)
('Variance', 3, ': ', 0.0)
('time: ', 9654.854923009872)
