“Running plot script on a single CPU core”
[ 0.196822  0.274234  0.138563  0.287139  0.235267  0.328526 -0.999099
 -0.272627  0.291413 -0.377537  0.120629  0.287513 -0.195363 -0.411404
  0.296426  0.246708  0.332548  0.007282  0.21319   0.333101]
[-0.474119 -0.112127  0.293941  0.032529  0.332232  0.311931 -0.496156
  0.241088  0.059413 -0.169874  0.17782   0.320009 -0.13903  -0.189936
 -0.973371  0.307664 -0.297805  0.278096  0.322408  0.131089]
[-0.672265  0.205536  0.190227 -0.625126  0.333226  0.310537  0.305036
  0.114526 -0.327125 -0.259841  0.266499  0.277311  0.115961 -0.411406
  0.227512  0.2505    0.080048  0.332988  0.260917 -0.893075]
[ 0.207061  0.074988  0.298235 -0.516698 -0.255038  0.040088 -0.333324
 -0.171817 -0.187543 -0.998551  0.231097 -0.664906  0.32124   0.324902
 -0.590225 -0.568858 -0.938524  0.25969   0.221954  0.095701]
[ 0.14539  -0.184497 -0.657721  0.005929  0.143175 -0.488785  0.264957
  0.333083 -0.96155   0.136808 -0.99976   0.099068 -0.057712  0.320823
  0.161953  0.318891  0.32966   0.125569 -0.561885  0.241792]
[ 0.04464  -0.117503  0.301148  0.320059  0.310613  0.294597 -0.219182
  0.331109  0.29693   0.231599  0.332957  0.259985  0.23509   0.149645
  0.098942 -0.238801  0.332673  0.176709  0.260202  0.27873 ]
[ 0.331292  0.043499  0.236198 -0.100474 -0.345206  0.034209 -0.85711
 -0.706101  0.122893  0.322319  0.326528  0.317595  0.261809 -0.313899
 -0.151023  0.269089 -0.14506   0.231664 -0.330158  0.329741]
[ 0.330492 -0.500563  0.218741  0.3327    0.041274  0.080995 -0.007709
  0.130512 -0.211071 -0.795623 -0.577407  0.23401   0.154831  0.078567
  0.317832  0.322933  0.313422  0.330246  0.24654  -0.260007]
[ 0.161415  0.285842  0.19069   0.333013  0.269903  0.04061   0.322562
  0.308141  0.286575  0.305313  0.298626 -0.77576   0.325891  0.254045
  0.314844  0.3226    0.144108 -0.651746  0.066185  0.33315 ]
[-0.228942  0.312705  0.107914 -0.514052  0.290581  0.296624 -0.232743
  0.293883  0.33333  -0.347128 -0.656337  0.325967 -0.024558 -0.071393
  0.329927 -0.401489 -0.369653 -0.205391 -0.876588  0.319368]
[ 0.023317  0.299335  0.332824  0.2155    0.130662 -0.254295 -0.380133
  0.305133  0.321861 -0.522624  0.321482  0.019795  0.285476  0.326939
  0.03537  -0.185465  0.30253  -0.026513 -0.778546  0.305767]
[ 0.020272  0.28268   0.33224  -0.86392   0.15609   0.116842  0.216307
  0.332614  0.091647 -0.436671 -0.666781  0.272789  0.32045   0.08353
 -0.54366   0.068445  0.204197  0.111348 -0.532568 -0.804302]
[-0.305225  0.248609  0.18127   0.30858  -0.04991   0.323066 -0.99765
  0.025494  0.330519  0.253232  0.333298  0.315345  0.249251  0.333306
  0.053322  0.152301 -0.97103  -0.144345  0.331935  0.214893]
[ 0.14677   0.277887  0.2076    0.228541 -0.290556  0.326281  0.260965
  0.326618  0.327757  0.216215  0.283908  0.33314  -0.349042 -0.33275
 -0.096331  0.174452 -0.947362  0.278015  0.315487  0.099285]
[ 0.23712   0.33035  -0.198337  0.196294  0.073193 -0.0033   -0.880694
  0.172342 -0.119583 -0.055318  0.271984 -0.029649  0.233855  0.279742
  0.29642   0.294775  0.309911  0.288878  0.315947 -0.002085]
[ 0.285871  0.215614  0.288405 -0.660185  0.306265  0.224702  0.243897
 -0.196332  0.049167  0.29335   0.106154 -0.068815  0.327194  0.150611
  0.232178  0.329988  0.280718 -0.955398  0.307778 -0.461887]
[-0.002994  0.321275 -0.978111  0.271312 -0.020571  0.218277 -0.028271
  0.295515 -0.357352  0.3024   -0.285158 -0.927769  0.246279  0.240332
  0.332111  0.259341  0.333333  0.240534  0.327071 -0.804437]
[-0.820401  0.115496  0.017542  0.172642 -0.067203  0.119319 -0.216833
  0.330999  0.328903  0.233244  0.056723 -0.98825   0.269588  0.114458
 -0.531909  0.315885  0.312846  0.239989 -0.153281 -0.292661]
[ 0.251499  0.32036   0.330446  0.132561  0.300625 -0.035673  0.22324
  0.324388  0.292421  0.318645  0.333245 -0.834483 -0.103597  0.243377
  0.333333  0.324409 -0.488303 -0.537986 -0.318352  0.258068]
[ 0.124402  0.315044  0.316702  0.250415 -0.055583 -0.993889  0.034706
 -0.143723  0.221793  0.053669 -0.760992  0.138792  0.329644  0.032499
  0.076596  0.171445  0.326443  0.296225  0.310468  0.202221]
[ 0.158832  0.303446  0.329548  0.017445 -0.041217  0.266499  0.296979
 -0.823514 -0.357791  0.075244  0.321223  0.038547 -0.153869  0.281301
  0.158971  0.261282  0.31893  -0.898181  0.220793  0.316431]
[-0.521061  0.310631  0.273541  0.309735 -0.794378 -0.767349 -0.876578
 -0.234129  0.130388 -0.639367  0.113455  0.333197 -0.62352   0.112644
  0.332988 -0.956537  0.115103  0.111924 -0.006774  0.320565]
[ 0.250698 -0.019759 -0.196178  0.312357  0.00723   0.32093   0.259714
  0.188621  0.315227  0.329213 -0.847386  0.305948  0.328326 -0.111613
  0.195368 -0.065677  0.295208 -0.171147 -0.152773  0.003115]
[ 0.329034 -0.741996  0.043951 -0.012881  0.322486  0.218925  0.237232
 -0.633173  0.255751  0.264299  0.333054  0.009541  0.290767 -0.886773
  0.02315   0.301731 -0.022909  0.332947  0.30431   0.261163]
[-0.797808  0.036359  0.333333  0.287474 -0.843786  0.152106  0.33333
  0.021589  0.298897  0.097916 -0.034788  0.32187  -0.491425  0.109821
 -0.725864  0.331376  0.324429  0.291169 -0.254391 -0.725217]
[-0.554694 -0.557753  0.202311 -0.814536  0.255642  0.259445  0.282665
  0.19316  -0.142389 -0.106171  0.224094  0.273856  0.200565 -0.518131
 -0.506501  0.328165  0.295854 -0.974584  0.219832  0.265056]
[-0.033592  0.214328  0.14232   0.333333  0.329058  0.237865  0.236211
  0.279909 -0.619055 -0.279164  0.001373 -0.695961  0.2303   -0.999614
 -0.867605 -0.195894 -0.968515  0.295865  0.326227  0.220684]
[-0.302894  0.31913   0.158402 -0.481779  0.333105 -0.231165  0.317045
 -0.14868  -0.998165 -0.976948  0.264642  0.198512 -0.981803  0.29147
 -0.962842 -0.001069 -0.122834 -0.072345  0.263289 -0.372075]
[ 0.279405  0.310715 -0.55134   0.127035  0.290062  0.235506 -0.672603
  0.30534   0.240307  0.309779  0.162706  0.186198 -0.777414  0.25857
 -0.307418  0.05372  -0.968649  0.271171 -0.00898   0.164861]
[ 0.279448  0.309117  0.333208  0.331737 -0.107995  0.314206  0.32852
  0.280652  0.150704 -0.89852   0.274741  0.333304 -0.998402  0.142411
  0.317297 -0.059436  0.330563 -0.999437  0.295569 -0.32312 ]
[ 0.333299  0.307891  0.203126  0.099412 -0.240122  0.257545  0.309559
  0.199255  0.18381   0.057329 -0.155289 -0.387983 -0.99048   0.266008
 -0.400154  0.331586  0.230867  0.259294  0.302471 -0.189126]
[ 0.316864 -0.798732  0.297447  0.331918 -0.200085 -0.973359  0.333101
  0.318536  0.18313   0.255327  0.329805  0.326353 -0.777597  0.326561
 -0.799784  0.264438  0.212865 -0.034402  0.013342  0.304084]
[ -4.831656e-01   2.762840e-01   2.008920e-01  -5.319171e-01  -1.313446e-01
   3.051832e-01   1.504569e-01   3.291076e-01   1.771902e-01  -8.454940e-01
   3.105744e-01   2.927044e-01   3.108219e-01   3.332947e-01   2.535980e-01
   6.272524e-02   4.213527e-04  -9.388070e-01  -9.124941e-01   2.570075e-01]
[-0.612684 -0.553754  0.325647  0.235328  0.293196 -0.944461  0.148865
  0.049447  0.086127 -0.53577  -0.004033 -0.116947  0.328029 -0.946205
 -0.32872   0.048725  0.269751  0.147904  0.022602 -0.07678 ]
[-0.97996   0.328462 -0.093701  0.293461  0.120854  0.332997 -0.884539
 -0.238206  0.323278 -0.07312  -0.984697  0.305298 -0.003964  0.051709
  0.197459  0.29873  -0.985584 -0.02695  -0.863431 -0.830474]
[ 0.189412 -0.202447  0.113674  0.08737   0.304619  0.255873  0.320386
  0.175932  0.331286 -0.411377  0.012883 -0.514783 -0.39382   0.134202
  0.261607  0.174297  0.318519  0.076441 -0.490054  0.290089]
[-0.754701  0.169651 -0.087867 -0.274186  0.324456  0.095082  0.332606
 -0.0047    0.332156 -0.834956  0.307815 -0.010793 -0.51176   0.245481
  0.288911  0.305487  0.325933  0.195285 -0.241278 -0.274326]
[ 0.212593  0.003473  0.302659  0.011573  0.186246  0.322282  0.315439
  0.331171  0.306312  0.329494  0.143764 -0.557318 -0.041846  0.333267
  0.000924  0.183749 -0.719584  0.213028  0.228778  0.324484]
[ 0.323831  0.291768  0.235507  0.332802  0.331593  0.114032  0.272647
  0.083549  0.327032  0.203232  0.181918 -0.999876 -0.552456  0.273568
 -0.163167  0.029426  0.259531 -0.996683  0.261909  0.31982 ]
[-0.533788  0.327802 -0.045762 -0.424866 -0.411348 -0.03164   0.333331
  0.187332 -0.915565  0.31534   0.333216 -0.013205  0.060583  0.302147
  0.31094   0.006984  0.332893 -0.341892  0.304555  0.022573]
[ 0.238598 -0.323877 -0.179129  0.278096  0.333011  0.019845  0.328539
  0.250169 -0.953228  0.326362 -0.723222  0.290739 -0.25654   0.188456
  0.309562  0.272512 -0.038506  0.30817  -0.982874 -0.26435 ]
[-0.304346  0.330979  0.147084 -0.098274  0.071852 -0.000959 -0.858292
 -0.043476  0.088354  0.283886  0.099845  0.33135  -0.910537  0.32889
 -0.927219  0.076813  0.195805 -0.897992  0.143935 -0.207905]
[-0.50886  -0.933612  0.137414 -0.984946  0.327615  0.031923  0.308551
 -0.168208  0.331617  0.332243  0.301326  0.268732  0.322834  0.097589
  0.115433  0.310243 -0.082738  0.060526  0.302043  0.203838]
[ 0.025166 -0.24139  -0.713126  0.330821 -0.206711 -0.88956  -0.627918
  0.022689 -0.140924  0.332981  0.324702  0.274882  0.275021  0.120894
 -0.946442  0.307809  0.332222  0.143     0.124975  0.028507]
[-0.219018 -0.439948 -0.68418   0.326668 -0.920768 -0.899909 -0.672062
 -0.697635  0.168886  0.331686 -0.654778  0.313475 -0.941814  0.319326
  0.239991  0.127448 -0.311933  0.322355  0.329659  0.30846 ]
[ 0.333118 -0.166563  0.242969  0.323417  0.320515  0.264294  0.306069
 -0.002364 -0.293021 -0.217967 -0.881621  0.28381  -0.991702 -0.285857
  0.231391 -0.215162 -0.496687  0.010103  0.257795 -0.61059 ]
[-0.428308 -0.029925  0.33242  -0.307593 -0.77947   0.252757 -0.593375
 -0.732995 -0.015916  0.330626  0.332262 -0.999825  0.231647 -0.250213
  0.287654  0.220229  0.134755 -0.841394  0.206272 -0.359815]
[ 0.326543  0.324027  0.058738 -0.288087  0.226557  0.154513 -0.036269
  0.172703  0.106468  0.332908  0.250746  0.331007 -0.914016  0.207308
  0.306213 -0.990357 -0.557105 -0.304208  0.017628 -0.040347]
[-0.758388  0.329995  0.12237   0.297616  0.075742 -0.394067  0.166165
 -0.789615 -0.98661   0.308126  0.300685  0.090024  0.224969  0.271628
  0.307337  0.248605 -0.139073  0.329504  0.237059  0.232749]
[ 0.33216  -0.002799  0.323076  0.194967  0.039988  0.236395  0.307471
 -0.032582  0.029486  0.292723  0.331137 -0.110908  0.307436  0.002635
  0.224329  0.129572 -0.127424 -0.246983  0.326687 -0.734944]
[ 0.103348 -0.989777  0.276692  0.304067  0.295233 -0.028557 -0.86779
 -0.440371 -0.788125  0.298763  0.326592  0.30323   0.270773  0.261721
 -0.671667 -0.312482  0.071266 -0.597647 -0.063227  0.288455]
[-0.990615  0.300226  0.160357  0.323927  0.333165 -0.180915  0.323146
  0.332907 -0.961313  0.328787 -0.826399 -0.00776   0.323802  0.332203
 -0.026728  0.173443 -0.711735  0.333333  0.190531  0.212734]
[ 0.330782 -0.280627  0.305541  0.319942 -0.06014  -0.946279  0.104367
 -0.530484  0.33329   0.235563  0.275722 -0.79132  -0.06997   0.177488
 -0.568106 -0.556327  0.330737  0.331813  0.294807 -0.266712]
[ 0.249445  0.133584  0.270297  0.332345  0.004542 -0.388067 -0.011234
 -0.665414  0.302695  0.160422  0.27439  -0.978485  0.285272  0.310752
  0.082393 -0.067478  0.144387  0.333308 -0.042444  0.143795]
[-0.65611   0.294432  0.162577  0.327282  0.216085  0.134303  0.118652
  0.329602  0.301873  0.324401  0.076809 -0.170772 -0.089632  0.325096
  0.330921 -0.219342 -0.44561  -0.355988  0.085844  0.195   ]
[ 0.324259  0.109892  0.332358  0.136724  0.301052  0.187503  0.2875
  0.315339 -0.940652  0.322673  0.090495  0.178201 -0.928464  0.020942
  0.134359 -0.002092  0.303989  0.245916  0.088293  0.30936 ]
[-0.669394 -0.559136  0.292772  0.212333 -0.743299  0.142766  0.095478
  0.297321  0.244593  0.333257  0.244457  0.184967 -0.04107  -0.269574
  0.322474  0.063603  0.302862 -0.399981 -0.262012  0.32158 ]
[ 0.117536  0.323399  0.216637 -0.485842 -0.07652  -0.052152 -0.997024
 -0.896417  0.324968  0.241179  0.281148  0.260407  0.260463 -0.049248
  0.205115 -0.057496 -0.238245  0.244052  0.305597  0.200172]
[-0.998794  0.115345 -0.982249  0.222757  0.32628   0.284652 -0.58643
 -0.879419  0.020574 -0.603612 -0.028485  0.315323  0.317683 -0.999844
  0.318283  0.007512  0.333323 -0.836015  0.254148  0.269742]
[ 0.200318 -0.003951  0.192157  0.137158  0.245124  0.333016  0.32979
  0.116491  0.199728  0.33327  -0.077886 -0.771584  0.251052 -0.014824
  0.289885 -0.743511 -0.802869 -0.574522  0.246851  0.290123]
[ 0.323106  0.159888 -0.578177  0.13596  -0.100023  0.303097  0.326648
 -0.952079  0.311709  0.333125  0.276673  0.274601  0.308525 -0.097333
  0.269752  0.3328    0.329895 -0.320755  0.308538  0.289481]
[ 0.156524  0.332777  0.155609  0.084123 -0.599991 -0.050278  0.094172
 -0.073435 -0.093315 -0.19897   0.29635  -0.161109  0.015861  0.276583
  0.247058 -0.557436 -0.143814  0.313589  0.17278  -0.239425]
[-0.07883   0.214433 -0.683781 -0.620085  0.332937  0.319365 -0.963151
  0.197676  0.09093   0.272843 -0.191752 -0.344791 -0.270665  0.111719
  0.330437  0.045934 -0.402415  0.305061 -0.986627  0.29648 ]
[ 0.168202  0.248611 -0.244849  0.295922  0.190481 -0.042236  0.264484
  0.3159    0.266747 -0.016334  0.327691  0.306346 -0.010456  0.25882
 -0.846362  0.163959  0.301347  0.261837 -0.147193  0.113308]
[ 0.134182  0.13729   0.263048 -0.510543  0.332944  0.26707  -0.52327
 -0.990152  0.289088 -0.656459 -0.197095  0.313632  0.294825  0.313334
 -0.987802 -0.180738 -0.365277 -0.691805  0.183205  0.176767]
[ 0.332174  0.2109   -0.898315 -0.272825 -0.978453  0.301408  0.309599
  0.239142  0.068596 -0.086576  0.281394  0.310351  0.33086   0.152047
 -0.915445  0.30836   0.289117  0.332991  0.074025  0.331039]
[ 0.023413  0.333317 -0.837001 -0.536779  0.184837  0.294185  0.1527
  0.219558  0.332041  0.275848  0.261084 -0.167894  0.040484  0.330537
 -0.953246  0.084314 -0.1123    0.332355 -0.514046  0.332283]
[-0.984921 -0.564922  0.323686  0.097349  0.020233  0.272497 -0.90289
  0.087537 -0.071885 -0.170244 -0.635187 -0.771335  0.25323   0.194624
 -0.247845  0.108156 -0.734454 -0.054868  0.214213 -0.867449]
[-0.023628  0.107356  0.088498 -0.530357  0.30154  -0.795981 -0.13869
  0.203225  0.297787 -0.248325 -0.143761  0.322091  0.323806  0.082466
  0.284318 -0.257829  0.097589 -0.99047   0.260319  0.202748]
[ 0.32998  -0.33804   0.096374  0.013401  0.333005  0.233041  0.153408
 -0.064842  0.320278  0.263277  0.329053  0.317983  0.08982   0.218599
 -0.979144  0.330862  0.322033  0.29661  -0.021003  0.294201]
[-0.528985 -0.247934  0.276704  0.060912  0.261786 -0.527744 -0.102069
  0.016287  0.045952  0.156673 -0.953429 -0.901008  0.323864 -0.349588
 -0.233784 -0.046586  0.320633  0.332033  0.306954  0.063418]
[ 0.331484  0.239474  0.204046  0.289216 -0.039128  0.232222  0.322181
  0.332961  0.249023 -0.605212  0.130643  0.295935 -0.430335 -0.059027
 -0.502653  0.32678   0.320224  0.31277  -0.906681 -0.126195]
[ 0.23716   0.333171  0.321854 -0.352213  0.140661  0.33293   0.194266
 -0.043764  0.050735 -0.371909  0.099992  0.089362  0.333007  0.00716
 -0.992945  0.288495 -0.71738   0.263468 -0.237864 -0.378114]
[-0.511993 -0.127919  0.305937  0.279232  0.332729 -0.176551  0.328402
 -0.090987  0.294281 -0.874034  0.25992   0.198224 -0.793218  0.255549
 -0.609874 -0.375597  0.306609  0.31064   0.326323 -0.445433]
[-0.202538 -0.256092  0.333108 -0.975187  0.238569  0.317765  0.15752
 -0.032476  0.293596  0.212999 -0.38806   0.065746 -0.688861  0.185435
 -0.226509 -0.123116 -0.798024  0.291981 -0.198062 -0.554948]
[ 0.305681  0.331125 -0.035182  0.170919 -0.581144  0.282606  0.10295
 -0.801555  0.169462 -0.144101  0.31727   0.331249  0.333259  0.330293
 -0.051852  0.212627  0.312967  0.33331   0.304118  0.24872 ]
[-0.309873  0.330205  0.332607  0.24826  -0.860176  0.204962  0.292589
  0.301925  0.314889  0.322363 -0.983503 -0.268943  0.259244 -0.184887
  0.250132  0.013076  0.204968 -0.041101  0.200703  0.33231 ]
[ 0.322672 -0.128126  0.333003  0.178271 -0.156193  0.325016  0.229668
 -0.209926  0.025895  0.32506   0.292312  0.263588  0.208601 -0.990919
  0.159772 -0.988592  0.253423  0.323289  0.316396  0.314079]
[ -3.226916e-01   3.328551e-01  -9.994507e-01   3.087169e-01  -2.235667e-01
  -5.030517e-01  -9.596685e-01   1.955648e-01  -1.644695e-01   3.264741e-01
   1.871690e-01   2.425359e-02   2.924182e-01   3.776179e-02  -9.395169e-01
  -9.985276e-01  -5.385211e-01  -1.163327e-01  -7.025179e-04   3.172725e-01]
[ 0.233592  0.333218 -0.015624  0.192606  0.333246  0.333333  0.214945
  0.157997  0.31471  -0.159316 -0.703445  0.123618 -0.537911 -0.130086
  0.207574  0.329302  0.273375 -0.47891   0.136457  0.158993]
[ 0.246761 -0.01655   0.155764 -0.473994 -0.289126  0.081192  0.21052
 -0.330674  0.331089  0.118467  0.237769  0.287526 -0.020389  0.144621
  0.331842 -0.229887 -0.037389  0.080359 -0.47083  -0.996982]
[-0.991872  0.314584  0.284718  0.329948  0.332636 -0.641041 -0.824759
 -0.802457  0.179964  0.278628  0.303252 -0.525125 -0.229415  0.147479
 -0.999925  0.296383  0.294697  0.325053  0.144068  0.210783]
[ 0.315751  0.324612 -0.374456 -0.065535 -0.417779  0.333158  0.263036
  0.290196  0.301722  0.313823  0.211537  0.098266  0.314189  0.286515
  0.224676  0.208788  0.328286 -0.149665  0.333304  0.319101]
[-0.980749 -0.482242  0.32602   0.272792  0.331802 -0.997099  0.199712
  0.319068  0.281015  0.308139  0.328871  0.122826  0.028555  0.031804
 -0.958891  0.323457  0.239077 -0.011404  0.19427  -0.239988]
[-0.67311  -0.374767 -0.99862   0.023311  0.185835 -0.231825 -0.384181
  0.169516  0.248947  0.160939  0.330148 -0.593278  0.259837  0.28453
 -0.070333  0.181747 -0.84829  -0.428142  0.321117  0.327197]
[-0.043899  0.33321   0.332315  0.325162  0.305056 -0.239583 -0.108001
 -0.381792  0.189523  0.247283 -0.364655  0.327489  0.134012  0.324278
  0.331157 -0.460437  0.333208  0.293531 -0.862139  0.06922 ]
[ 0.175475  0.182873 -0.584999  0.123465  0.327525 -0.293204  0.296236
 -0.998629  0.170719 -0.167155 -0.888975  0.247209  0.134059  0.162325
  0.322793  0.173003  0.329638  0.322788  0.112245 -0.703049]
[-0.02388  -0.838496 -0.030211  0.320778  0.323771  0.322065  0.260568
  0.31693  -0.232325 -0.472927  0.332709 -0.872275 -0.37999   0.308197
 -0.999292  0.33178   0.267291 -0.512478  0.026887 -0.682541]
[ 0.120131  0.129394 -0.264811  0.275035 -0.97229   0.308862  0.161942
  0.151973 -0.213863  0.196614  0.147325 -0.00387   0.252082 -0.958727
 -0.43537   0.077077 -0.695373  0.333265 -0.138672 -0.655965]
[-0.044372 -0.038133  0.288805 -0.679926  0.178334 -0.229153  0.333322
 -0.297712 -0.088125  0.258499  0.264168  0.318358  0.328733  0.332641
 -0.941391 -0.076305 -0.059627 -0.663197  0.277407  0.27967 ]
[-0.015964 -0.069789 -0.060824 -0.012902  0.170493  0.317706 -0.044702
  0.179194 -0.921957 -0.446716  0.333248  0.236521 -0.802999  0.331359
 -0.524013  0.120944  0.070312  0.325165  0.107089  0.31201 ]
[ 0.328433 -0.628223 -0.760188 -0.973268 -0.164258 -0.130083  0.328908
  0.056244 -0.670917  0.085681  0.134616 -0.177905  0.333279  0.307144
  0.221147 -0.996939  0.333294  0.21055   0.313847 -0.249394]
[-0.559297 -0.999948 -0.987315  0.316264  0.311296  0.092446  0.311283
 -0.072783  0.287697 -0.548351 -0.775594  0.332062  0.307021 -0.40217
  0.17737   0.224423  0.319597 -0.987613  0.330154  0.329729]
[ 0.276347  0.303473  0.330564  0.120345  0.310482  0.321681 -0.358513
 -0.068137  0.330282  0.285611  0.326285 -0.055873 -0.25307   0.318274
 -0.437974 -0.624221  0.269089  0.253265  0.232791 -0.815665]
[-0.135843  0.007412  0.272649  0.327673  0.317493  0.332637 -0.746674
 -0.143999  0.30186  -0.178355 -0.672637  0.291316  0.323406 -0.968842
  0.332208  0.104608 -0.999844  0.325543  0.117899 -0.327028]
[-0.941467 -0.192301  0.131001  0.297112 -0.420124  0.296689 -0.42781
 -0.976584  0.277059 -0.102418  0.278288  0.327367  0.24319   0.330257
 -0.717838  0.293916  0.329332  0.322808  0.289495  0.177895]
[ 0.293024  0.115936  0.241136  0.297667  0.292911 -0.833293  0.297486
  0.330557  0.260734 -0.574557  0.161192  0.167915  0.280338  0.329493
  0.237572  0.330491 -0.323114  0.15475   0.332545  0.19951 ]
[ 0.037532  0.332609  0.120729 -0.141822  0.327521  0.048777 -0.154801
  0.331781  0.201798  0.184075  0.058457 -0.075612 -0.700566 -0.34692
 -0.41905   0.085022  0.08526   0.099191  0.268818  0.270144]
[ 0.272016 -0.218043  0.244938  0.32618  -0.955153  0.326569  0.207769
  0.331639 -0.398871  0.303333  0.236868 -0.972936  0.051851  0.332762
  0.134466 -0.59416   0.096809  0.137335  0.133519 -0.06183 ]
[ 0.053311  0.174113  0.332607  0.328877  0.122383 -0.85422   0.312391
  0.21339   0.133792  0.135252  0.33127   0.207518 -0.551095  0.329128
  0.012716  0.136942  0.304493  0.309641  0.332168  0.117115]
[0.036697108184594152, -0.032798488886440713, 0.0099130814570393966, 0.0020231427987266459, 0.012244198779062965, 0.066270326922806475, 0.0064995029927843451, -0.1027456025420953, 0.03706140255264459, 0.00742277679872555, -0.0048134408193695882, 0.057678129012213905, -0.0077562806305583876, 0.065086948559933994, -0.03203542429623793, 0.05033016664723472, -0.004639204692627105, 0.032314812735641185, 0.082782921054453201, -0.0057420764902057497, 0.021533848743523237, 0.030596523848637203, 0.056816791571957265, -0.049988490327819157, -0.04843648358431818, -0.015744339694013121, 0.042011906529725272, 0.011409124856060604, 0.054122453507309348, -0.0034866896926831759, 0.0012102602870474044, 0.031964097873860287, -0.033400550979202359, -0.018915977569789244, -0.053326186928931096, 0.010904531222746316, 0.054327564359080371, 0.065472845788847767, 0.00048399037228558095, 0.023777889826126719, 0.10626899753179675, 0.031611696146170654, 0.033574482410190676, -0.0073761220662608255, 0.015860841096089706, 0.007353551709385231, -0.012287820410632866, 0.065216054110707078, -0.0056358470801970428, 0.0375548288765436, -0.018543152805652469, 0.0058586194193529506, -0.11032576518898735, -0.015125895545667928, -0.013618230763848604, 0.013467414089432139, 0.081659977367276038, 0.051624957754207848, 0.028448410847638494, 0.064801511724718958, 0.055472076860914266, 0.0278110419904887, 0.054018998811404137, 0.056768923837270543, -0.026684749218671339, 0.014022095552643443, 0.022373844481194088, -0.05478476111838182, 0.0093309561040720926, 0.05797824141686464, -0.040023157062964054, 0.047884014094677241, 0.03647931146433156, 0.0065285339485270377, 0.014859884791550926, 0.069600420450175282, -0.014226767003073015, 0.044195317618576202, -0.025054439197690515, 0.034932289690191409, -0.018546293095690364, -0.018123157458123318, -0.0047930865247450827, -0.034481160473554207, 0.0044306237023580275, -0.00703038356612537, 0.02281666799687701, -0.00062157513221836394, 0.038074990661170025, -0.048394301841542108, 0.0068283591803255141, 0.056395875150207608, -0.036484719768183127, 0.020092186438255222, -0.020032455946842095, -0.017677472564238572, -0.0015850656950040509, 0.0165841554643366, -0.073611451115851434, -0.0064505157777196634]
('time: ', 8896.754184961319)
