“Running plot script on a single CPU core”
[-0.636967 -0.912439 -0.944612 -0.958948 -1.100481 -1.222909 -0.018553
 -0.137532 -0.048112  0.05605  -0.072839 -0.044152 -0.128205 -0.100912
 -0.170342 -0.086885  0.110252 -0.065491  0.084852 -0.011273]
[-0.903759 -0.85891  -0.830781 -0.785686 -0.733486 -0.720535 -0.154345
 -0.006865 -0.003164  0.038845  0.051721  0.05733   0.111083  0.091187
  0.024336  0.083308  0.057801 -0.149719  0.072078  0.021037]
[-1.020196 -0.943865 -0.769692 -0.952939 -0.914884 -0.781769 -0.029289
 -0.070624  0.037724 -0.064351  0.050015  0.037637 -0.039333  0.072782
 -0.127119 -0.023979 -0.017748 -0.058447  0.016445 -0.014183]
[-1.076925 -0.80659  -1.089628 -0.793418 -1.123097 -0.896118  0.106136
  0.091666  0.014629  0.016587  0.019177  0.005524  0.041802  0.014743
  0.037484  0.054415 -0.003447  0.110947  0.019129 -0.018738]
[-0.896842 -0.798594 -0.695647 -0.850754 -0.784254 -0.722359 -0.034733
  0.036662 -0.008426  0.009317 -0.130266 -0.051735  0.177908 -0.068021
  0.011349  0.072508  0.019076 -0.008657 -0.034545 -0.014692]
[-0.898948 -1.142995 -1.183162 -1.121398 -0.933055 -1.400714 -0.011266
 -0.026447 -0.209526  0.042327 -0.098087 -0.157194  0.197589  0.031376
 -0.051892  0.06995   0.090125 -0.026936  0.143956  0.011633]
[-0.762981 -0.791252 -0.596728 -1.050208 -0.932441 -0.897105  0.007238
 -0.003573 -0.088449 -0.004524 -0.071578 -0.100791 -0.095004 -0.093378
 -0.079286 -0.096796  0.048183  0.120174 -0.013808 -0.050543]
[-0.98885  -0.907891 -0.655134 -0.980531 -0.822346 -0.6354    0.054502
  0.005213  0.150396  0.102572 -0.105337  0.15394  -0.13111  -0.133901
  0.086712 -0.150009  0.032578  0.003998 -0.027281 -0.020375]
[-0.979167 -1.093703 -0.973055 -1.057126 -0.887116 -0.838479 -0.03096
 -0.141989  0.06753   0.017736  0.045646  0.04725   0.050905  0.061518
 -0.143596  0.028742 -0.054337 -0.02879  -0.037665 -0.009116]
[-0.703117 -0.822159 -0.84214  -0.543404 -0.70358  -0.977242  0.258694
  0.235396 -0.148585  0.029683 -0.026916 -0.101338 -0.044821 -0.030812
  0.10842   0.038631  0.177978  0.17817  -0.0387    0.041496]
[-0.815769 -0.777849 -0.712881 -0.930486 -0.881688 -0.829087 -0.038319
  0.041596 -0.043919  0.046695  0.089565 -0.071988  0.014483  0.099404
  0.092275  0.056052  0.039324 -0.039469 -0.009639  0.013758]
[-1.082561 -0.979235 -0.866196 -1.273325 -0.794782 -0.912888  0.061439
 -0.097344  0.025848  0.095397 -0.111101  0.180368 -0.136671 -0.111141
 -0.095372 -0.116628  0.124948  0.063058  0.041184 -0.003046]
[-1.203315 -1.143149 -1.038157 -0.906055 -0.762945 -0.766303  0.222843
 -0.03469  -0.112567  0.02764   0.078351 -0.162905 -0.036764 -0.003918
 -0.072338  0.002408  0.051158  0.171898  0.02521  -0.020234]
[-1.096696 -1.032219 -0.791323 -1.000113 -0.883877 -0.803133 -0.005176
  0.020377 -0.046085 -0.019962  0.057589 -0.058257 -0.02868  -0.005555
 -0.056384 -0.008983  0.013497 -0.003506 -0.033201 -0.003703]
[-1.152665 -1.083683 -0.989277 -0.994682 -1.001492 -0.800721 -0.068532
  0.024465  0.030411 -0.003751  0.036733  0.009806  0.148708  0.076939
  0.004155  0.138415 -0.040042 -0.163218 -0.025772 -0.017824]
[-1.214407 -1.210829 -1.122523 -1.201326 -1.189208 -1.045739 -0.056627
 -0.150469  0.071451  0.057831 -0.04156   0.055652 -0.043997 -0.11119
 -0.12123  -0.150243 -0.006343 -0.006255  0.123902  0.02396 ]
[-0.706374 -0.742628 -0.673951 -0.559482 -0.47373  -0.660593 -0.073228
 -0.014344  0.050623  0.065644  0.018286  0.11711  -0.007072 -0.015997
 -0.029115  0.00226   0.0977   -0.06546   0.011224  0.009183]
[-0.900302 -0.991128 -0.915958 -0.874029 -0.735868 -0.961514 -0.00836
  0.00868   0.099673 -0.116981 -0.072969  0.077446 -0.009344 -0.023842
  0.032727 -0.00749  -0.119206  0.016652  0.019705 -0.021887]
[-0.861886 -0.732315 -0.784857 -0.95801  -0.9359   -0.909276  0.007413
 -0.046606  0.019712 -0.05796  -0.034478  0.007066 -0.076366 -0.072356
 -0.014231 -0.079576 -0.041268 -0.021897 -0.024386 -0.019682]
[-1.153351 -0.977486 -0.901963 -1.01503  -1.043107 -0.778739 -0.021661
 -0.048755  0.151505 -0.015212 -0.026286  0.189204 -0.050513 -0.088153
 -0.044694 -0.02077  -0.055863 -0.001278 -0.015463  0.063651]
[-0.824118 -0.826249 -0.835336 -0.849625 -0.936654 -0.924231 -0.114126
 -0.019648  0.086454  0.027846  0.119084  0.061248  0.046174  0.090192
  0.009368  0.040011 -0.041717 -0.060528  0.069262  0.045685]
[ -1.121862e+00  -8.617421e-01  -8.862724e-01  -1.023295e+00  -1.044123e+00
  -8.177599e-01  -4.069629e-02   4.529591e-02  -5.176788e-02  -5.461463e-02
  -6.180539e-02  -3.180777e-02  -1.294634e-02  -3.595372e-02   3.161753e-02
   6.584875e-02  -1.188878e-01  -7.374443e-02   4.616700e-02   7.456978e-04]
[-0.978966 -0.655579 -0.933628 -0.72126  -1.010616 -0.740522 -0.158482
 -0.005629  0.093851 -0.012378  0.09523   0.136031 -0.012266 -0.005358
  0.046299 -0.0496   -0.098913 -0.161771  0.055192 -0.080174]
[-0.833626 -0.742327 -0.698705 -0.720296 -0.569253 -0.648478 -0.059301
 -0.019518 -0.080161 -0.119119 -0.018402 -0.002014  0.061687  0.010637
 -0.038263  0.042336 -0.125624 -0.029641  0.007654  0.009801]
[-0.947302 -0.910436 -0.888322 -1.160038 -1.010189 -1.061052  0.033055
 -0.057977  0.01141  -0.043152 -0.014576 -0.126664  0.041038 -0.054421
 -0.03463   0.060411 -0.046869 -0.012172 -0.092257 -0.002236]
[ -7.814133e-01  -6.981115e-01  -7.823414e-01  -9.495432e-01  -9.191000e-01
  -9.992350e-01   7.130720e-03  -1.501289e-01   2.362690e-02   1.887890e-02
  -8.045277e-02   2.620650e-02  -2.698404e-02  -1.217162e-01  -1.406916e-01
  -1.538219e-02   8.007227e-02   5.678318e-02  -8.898687e-04   1.774773e-02]
[-0.959839 -0.792599 -0.67148  -0.799308 -0.627535 -0.554954  0.042062
 -0.080416  0.033514  0.017905  0.011206  0.02651  -0.068434 -0.00122
 -0.050403 -0.007241  0.050795 -0.021008  0.006514  0.013018]
[-0.981977 -0.766218 -0.95646  -0.769221 -1.088097 -0.847677 -0.042201
 -0.054034 -0.033845  0.111026  0.064261 -0.089958  0.026043  0.090167
  0.104749  0.022143  0.155597  0.005274  0.007035 -0.012342]
[-1.128915 -1.006626 -0.86992  -0.80631  -0.743959 -0.620924 -0.079853
 -0.057135  0.038084  0.014863  0.010595  0.039306 -0.206336 -0.007883
 -0.056004 -0.246423 -0.07223  -0.085515  0.02339   0.006977]
[-1.044949 -0.988444 -0.606058 -1.058465 -0.8086   -0.732308  0.076195
 -0.024318 -0.119114  0.017386  0.113896 -0.084445  0.076534  0.134624
  0.018127  0.151665 -0.1767    0.044391  0.058985  0.061983]
[-0.897181 -0.959189 -0.807144 -0.884765 -0.833677 -0.831892 -0.013055
 -0.145473  0.0882   -0.016934  0.098244  0.029239 -0.016357  0.080063
 -0.130893 -0.021149 -0.026127 -0.071846 -0.062373 -0.007484]
[-0.991866 -0.90958  -0.76525  -1.118757 -0.75326  -0.62629   0.040492
  0.030623 -0.103861 -0.125881 -0.032022 -0.039189  0.033774 -0.077883
 -0.006708  0.05649  -0.097706  0.053773 -0.010939 -0.035438]
[ -7.041416e-01  -9.575826e-01  -1.117486e+00  -5.199917e-01  -5.600865e-01
  -9.818214e-01  -1.168878e-01   3.245265e-02   1.203391e-01   3.032348e-04
  -8.532337e-02   9.377398e-02  -3.721519e-02  -2.128835e-02   2.710805e-02
   2.966036e-02  -1.496913e-02  -1.162573e-01   4.567656e-02   2.341986e-03]
[-0.952051 -0.7218   -0.928134 -0.76802  -1.051653 -0.657274  0.001223
  0.025928 -0.029839  0.034608 -0.096257 -0.062389  0.06614  -0.1038
  0.018474  0.096413 -0.038284  0.014719  0.037791  0.014774]
[-1.062992 -0.885065 -0.891392 -0.936472 -0.97622  -0.824629 -0.015177
 -0.01409  -0.033603 -0.02704   0.020803  0.017821 -0.038898  0.067464
  0.004566 -0.047764 -0.035664  0.023765 -0.003093 -0.006956]
[-0.896411 -0.716094 -0.680409 -1.065852 -1.147288 -0.944676  0.016932
  0.068908 -0.002345  0.053418 -0.125254 -0.03507  -0.007005 -0.156543
  0.079944  0.060186  0.10329   0.060681  0.043616  0.005025]
[-0.901072 -0.864375 -0.742153 -0.807917 -0.637284 -0.710037 -0.00986
  0.01474   0.003085  0.101323  0.081073  0.029535 -0.011021  0.081391
  0.076145 -0.053165  0.083716  0.004495  0.024224  0.052976]
[-0.993048 -0.740202 -0.811775 -0.974671 -0.987344 -0.801924 -0.086517
  0.089933  0.038804 -0.04648   0.073634  0.054668  0.004868  0.067348
  0.121328 -0.006225 -0.050297 -0.10815  -0.008469  0.016476]
[-1.200659 -1.292548 -1.126717 -0.99484  -0.797731 -0.922934 -0.011654
  0.045789  0.124626 -0.029034 -0.012842  0.123966  0.077961 -0.022532
  0.093027 -0.008348 -0.055094 -0.046837  0.068819  0.030428]
[-0.611034 -0.694474 -0.752006 -0.854547 -0.887746 -1.04753   0.120621
 -0.195331  0.22909  -0.031296  0.008685  0.2676   -0.142268 -0.097084
 -0.357644 -0.12037  -0.010767  0.145318 -0.017884  0.054612]
[-1.024047 -0.84823  -0.90269  -1.183184 -1.20962  -1.048409  0.072519
  0.01374  -0.046587  0.001317  0.04617  -0.012638 -0.098056  0.052796
  0.039259 -0.104623  0.094018  0.031971 -0.094873 -0.026474]
[-1.296736 -0.784773 -0.988872 -1.205417 -1.147335 -1.179662  0.101438
 -0.036642 -0.052358 -0.027898  0.08312  -0.068163 -0.01546  -0.022443
  0.038148 -0.081904 -0.012693  0.166931  0.075713 -0.049475]
[-1.225207 -1.168284 -0.830269 -1.142093 -1.069531 -0.96753   0.008462
  0.092188 -0.039504 -0.025116 -0.140224  0.049175 -0.049222 -0.121763
 -0.141689 -0.084735 -0.023839  0.0385   -0.016965 -0.018193]
[-0.708083 -0.696614 -0.703159 -0.773415 -0.721741 -0.733208 -0.09176
  0.033769  0.059547 -0.025301 -0.004027  0.020094 -0.007269 -0.008681
  0.009762  0.040607 -0.033332 -0.091777 -0.022234  0.007044]
[-0.935456 -0.968877 -0.802925 -0.693214 -0.596483 -0.636801 -0.18753
  0.047842  0.079001  0.003403 -0.00357   0.067623  0.001945  0.015317
 -0.028191  0.02403   0.013876 -0.151892  0.047982 -0.026508]
[-0.827823 -0.65821  -0.748141 -0.590666 -0.814636 -0.634997  0.012212
  0.172753 -0.112801  0.027086  0.196135 -0.230106 -0.061717  0.109218
  0.139776 -0.057182  0.070204  0.071528 -0.050865 -0.005379]
[-0.677174 -0.56557  -0.819705 -0.50386  -0.754575 -0.632147  0.186099
  0.011076  0.081728  0.110954  0.06963   0.10641  -0.063924  0.089868
 -0.012049 -0.046377  0.13524   0.213832  0.010108  0.050686]
[-0.811216 -0.972882 -0.976484 -0.816585 -0.932855 -0.800481 -0.021123
 -0.073427  0.031027 -0.013017 -0.023466  0.001664  0.187317 -0.008818
  0.031708  0.12257  -0.016063  0.036393  0.058162 -0.028404]
[-0.917735 -0.823294 -0.861969 -0.827983 -0.787536 -0.711958  0.02351
  0.052916 -0.109694  0.032468  0.069378 -0.101418 -0.109055  0.01582
  0.087178 -0.160359 -0.030692  0.06308   0.02457   0.02705 ]
[-0.948441 -0.770549 -0.677136 -1.090785 -1.085033 -0.821947  0.042882
 -0.157719  0.196553 -0.034955  0.117749  0.254597 -0.027369  0.043549
 -0.206773 -0.049198 -0.02561  -0.012281  0.025311 -0.015907]
[-1.001753 -1.036103 -0.754345 -1.031075 -0.701492 -0.748992  0.032329
  0.004466  0.037381 -0.007092  0.027758  0.049902  0.022523 -0.028557
  0.017554  0.042071  0.103288 -0.058939 -0.018481  0.012238]
[-1.143343 -0.905043 -1.018101 -0.939351 -1.177068 -0.915314 -0.063234
 -0.095836  0.005901 -0.074105  0.058537  0.08863  -0.094393  0.081975
 -0.066727 -0.104717  0.002483 -0.087266 -0.040689  0.055426]
[-0.968187 -0.947406 -0.7692   -0.798137 -0.752517 -0.703575 -0.201734
  0.045897 -0.068347 -0.084993  0.0015   -0.035211 -0.010803 -0.024401
  0.106217 -0.071815 -0.15786  -0.215447 -0.017903  0.004302]
[-0.914393 -1.005604 -0.93488  -0.656595 -0.530596 -0.659816 -0.007593
 -0.037498 -0.027559 -0.023984  0.017627 -0.004032  0.007115  0.047808
 -0.021434  0.041966  0.03217   0.004467 -0.017007  0.021949]
[-0.95578  -1.065138 -0.876824 -1.072808 -0.950416 -0.866232 -0.011199
  0.116994 -0.027113 -0.066549 -0.061633  0.079103  0.034339 -0.067948
  0.152623  0.030244 -0.033478 -0.077843 -0.011308  0.048715]
[ -9.830727e-01  -1.101599e+00  -9.824956e-01  -8.792245e-01  -7.083301e-01
  -1.092846e+00   6.417358e-05  -1.442171e-02   9.955748e-02   2.275178e-02
  -8.238670e-02   5.359555e-02  -6.723398e-02  -5.698930e-02  -1.710550e-01
  -1.443535e-02   3.146797e-02  -1.289822e-01  -7.955590e-02  -3.237643e-02]
[-0.98474  -0.967019 -0.869581 -0.805807 -0.654143 -0.703827 -0.038161
  0.022833 -0.103172  0.142989  0.079888 -0.122261 -0.037252  0.056626
  0.043477  0.017298  0.12252  -0.057952  0.009327 -0.002896]
[ -1.083949e+00  -9.839811e-01  -8.396961e-01  -9.004475e-01  -8.326612e-01
  -8.890544e-01  -1.971212e-01   8.403360e-02  -2.337389e-02  -2.245711e-02
   3.033910e-02   9.050630e-04   4.940367e-02   2.153593e-02   1.991943e-01
   9.591344e-02  -1.853841e-02  -2.049517e-01  -1.049781e-01   8.060998e-03]
[-0.752013 -0.658659 -0.740268 -0.596805 -0.72573  -0.622197  0.044562
 -0.023452 -0.025959  0.025747 -0.007258 -0.026108 -0.07698  -0.004362
 -0.033588 -0.049236  0.06363   0.015268 -0.021026 -0.012733]
[ -7.945237e-01  -8.161891e-01  -9.308594e-01  -6.459741e-01  -6.641673e-01
  -7.871082e-01   6.411571e-02  -2.588604e-02  -2.748063e-02   5.610094e-02
  -5.506729e-04  -1.450422e-02   1.277549e-02   3.400131e-02  -7.840602e-02
   3.221102e-02   3.576786e-02   1.019958e-01   2.432003e-02   2.901586e-02]
[-0.954185 -0.565402 -0.773478 -0.778115 -0.950547 -0.797168  0.059987
 -0.089963 -0.015875 -0.034985 -0.054273 -0.077919 -0.073483 -0.147805
 -0.072742 -0.064815  0.065744  0.041181  0.006528  0.003692]
[-0.748122 -0.576259 -0.663752 -0.477526 -0.567827 -0.44759   0.041552
 -0.098865  0.063625 -0.058026 -0.005623  0.095861  0.020225  0.024327
 -0.083783  0.015361 -0.095708  0.079443 -0.046696 -0.039877]
[-1.302932 -0.769646 -0.963063 -0.780609 -1.271876 -0.724205 -0.183
  0.082163  0.078793 -0.161956  0.022981  0.092717  0.091807  0.028545
  0.100538  0.053033 -0.077231 -0.074055 -0.023397  0.036719]
[-0.774007 -0.861772 -1.143938 -0.758056 -0.951616 -1.282742  0.026282
 -0.060011  0.066222 -0.038494  0.024892  0.020747  0.145968 -0.031337
 -0.161994  0.183151 -0.082954  0.010825  0.044501 -0.016496]
[-1.0688   -0.785773 -1.04074  -0.757237 -1.042732 -0.885083 -0.134598
  0.038016  0.039133  0.00597   0.100478  0.08374  -0.122047  0.158581
  0.052318 -0.184788 -0.021012 -0.08304   0.050018  0.054121]
[-1.23793  -1.202046 -1.141083 -0.786714 -0.951336 -0.637231  0.029141
  0.159898 -0.036137 -0.030454  0.016787 -0.102251 -0.016868  0.081928
  0.127209 -0.031063 -0.108131  0.017994 -0.00574   0.011882]
[ -8.436585e-01  -8.883191e-01  -7.060502e-01  -1.018480e+00  -7.608744e-01
  -8.890178e-01   7.303549e-02   5.927045e-02   8.621552e-04  -4.340495e-03
  -1.502978e-01  -2.176353e-02  -5.924609e-02  -1.075839e-01   6.225551e-02
  -1.179642e-01  -6.303604e-02   1.123609e-01   3.962280e-02   4.802021e-03]
[ -8.232745e-01  -8.460871e-01  -8.560056e-01  -6.980588e-01  -6.468299e-01
  -6.728592e-01  -2.163974e-02  -1.684443e-02  -4.948821e-02  -2.104257e-01
  -4.792900e-02   1.819972e-04   4.402603e-02  -6.639701e-02  -9.203217e-02
   2.959778e-02  -1.397838e-01  -3.953643e-02  -7.665035e-03   1.030149e-02]
[-0.462142 -0.68929  -0.689552 -0.451381 -0.560901 -0.783536  0.049458
  0.029778 -0.111855  0.105131  0.042573 -0.206105  0.00505   0.11565
  0.036128  0.024721  0.15879   0.044761  0.011488  0.049491]
[-0.968013 -0.650441 -0.766026 -0.742843 -0.924702 -0.604756 -0.020038
 -0.101796 -0.018076 -0.014527  0.044279  0.013742  0.042229 -0.008635
 -0.103694  0.014716 -0.006138 -0.027901  0.023332  0.013869]
[-0.728682 -0.662361 -0.355156 -0.664184 -0.375649 -0.321386 -0.066241
  0.014738 -0.073203  0.022462  0.028906 -0.072937  0.006692  0.075551
  0.003391  0.03721   0.037439 -0.114084 -0.031818  0.027115]
[-0.764779 -0.829532 -0.659935 -1.060714 -0.845518 -0.876897  0.064308
  0.122377  0.053676 -0.063751  0.027916  0.050288 -0.021229  0.054035
  0.092388 -0.070507 -0.056014  0.086373  0.045996  0.016117]
[-0.952035 -0.913971 -0.733706 -1.117895 -0.916655 -0.947129 -0.070605
 -0.047051 -0.033097 -0.103189  0.090779 -0.018671 -0.096612  0.092282
 -0.037381 -0.017649 -0.083908 -0.034785  0.025008  0.006483]
[ -8.054910e-01  -9.793845e-01  -7.720909e-01  -9.531183e-01  -7.269295e-01
  -8.731462e-01  -7.580487e-02  -5.720950e-02  -4.117882e-02  -9.023455e-03
   4.393213e-02  -6.492923e-02   7.560320e-02   5.275812e-02  -6.780855e-02
   1.034784e-01   6.491603e-05  -9.549679e-02   6.851308e-03   1.697238e-02]
[-0.938081 -0.724005 -0.819834 -0.756278 -1.010787 -0.680017  0.066744
  0.052004  0.015901 -0.010554  0.031889 -0.049157  0.037655 -0.002792
 -0.017375  0.076073 -0.021303  0.039367  0.029619  0.026131]
[ -1.444575e+00  -1.325459e+00  -1.064095e+00  -1.066856e+00  -9.740970e-01
  -8.298586e-01   1.040680e-01  -3.445386e-02  -8.731877e-02   1.038546e-03
  -2.553177e-02  -5.452769e-02  -6.004807e-02  -1.061136e-01  -1.044889e-01
  -1.713318e-01  -6.775204e-02   1.101466e-01  -4.575165e-03  -2.297726e-02]
[-1.2172   -0.933641 -0.85329  -0.943375 -0.613942 -0.603982 -0.080671
 -0.032745  0.071033  0.077043  0.119695  0.077077  0.013988  0.108633
  0.03224  -0.055035  0.080811 -0.068458 -0.020659 -0.010696]
[-1.151429 -1.150158 -0.914362 -1.059204 -0.912873 -0.809356  0.005149
 -0.071943  0.006283 -0.108633  0.008283  0.084328  0.101333 -0.084757
  0.007453  0.160904 -0.024562  0.029577  0.037126  0.00611 ]
[-0.67897  -1.118417 -1.104652 -0.60415  -0.567892 -0.998306 -0.049121
  0.002195  0.048494  0.075473 -0.005474  0.039862  0.11589   0.028432
 -0.008892  0.050293  0.12871  -0.163963 -0.02287  -0.057992]
[ -1.042490e+00  -8.875717e-01  -8.832909e-01  -1.004149e+00  -8.442516e-01
  -7.095276e-01   4.769936e-02   7.900691e-02   7.732016e-02   3.836247e-02
   2.676901e-02   2.063599e-02  -4.487417e-02  -3.612441e-03   8.422737e-02
  -1.420481e-02   1.429092e-02   5.205830e-02   1.626352e-02   7.281379e-04]
[-0.945424 -0.85339  -0.380882 -1.169685 -0.678756 -0.472547  0.001483
 -0.0787    0.066616  0.011645 -0.35414  -0.027417  0.090074 -0.302672
  0.064077  0.142974 -0.088447  0.094556 -0.015186  0.013666]
[-1.065558 -1.087062 -1.028754 -0.902549 -1.029101 -1.01052  -0.037804
  0.078781 -0.079117 -0.01348  -0.066781 -0.038484  0.004548 -0.023174
  0.079175  0.068597  0.015931 -0.058421 -0.047163 -0.020485]
[-0.671105 -0.718086 -0.559194 -0.675017 -0.52544  -0.603528  0.006552
 -0.018829 -0.051335  0.012155  0.100248 -0.046869 -0.026656  0.078233
 -0.033558 -0.017549 -0.061457  0.002981  0.039011  0.008196]
[-0.936726 -0.900262 -0.915038 -0.78115  -0.779435 -0.643584  0.063325
  0.004148 -0.023014  0.020979  0.011403 -0.005114 -0.097613  0.01705
 -0.001788 -0.150202  0.079626  0.106362 -0.047161 -0.008015]
[-0.941257 -1.018862 -0.837589 -1.019706 -0.782438 -0.948784  0.054794
  0.056325  0.085888 -0.017639  0.024831  0.073108  0.016415  0.004261
  0.027067  0.045923 -0.057618  0.12042   0.010255  0.005167]
[-0.912476 -0.887944 -0.830239 -0.988845 -0.776411 -0.875434 -0.034978
 -0.107006 -0.04932   0.017036 -0.016169 -0.062523 -0.010956 -0.05492
 -0.05578   0.061502  0.027453  0.024629 -0.006966  0.015899]
[-1.016242 -1.087676 -1.041989 -1.23536  -1.109356 -1.147073  0.063111
 -0.046998  0.229086  0.133079  0.02444   0.240948 -0.089168 -0.00267
  0.008167 -0.028558  0.088588  0.003561  0.014479  0.014558]
[-0.641045 -0.751174 -1.009541 -0.470904 -0.730609 -0.562803  0.074801
 -0.0279   -0.136871  0.119249  0.002784 -0.08637  -0.241457  0.072618
  0.045569 -0.239954  0.163214  0.208503 -0.024547 -0.052505]
[-0.951379 -0.971003 -1.010676 -0.747058 -0.863792 -0.76213  -0.152718
 -0.011954 -0.034676 -0.038935 -0.065642  0.003478  0.067311 -0.066663
  0.028586  0.03163  -0.004256 -0.162817 -0.067589  0.005882]
[-0.816244 -0.905193 -0.545256 -1.046174 -0.583463 -0.899666 -0.067234
 -0.101438 -0.104343  0.165431  0.004458 -0.04671  -0.082766 -0.016769
 -0.031598 -0.072212  0.216648 -0.097357  0.011844  0.013612]
[-0.932901 -0.864494 -0.759057 -0.899174 -0.787764 -0.625433 -0.024947
  0.064038  0.083231 -0.045127 -0.031467  0.015588  0.055928 -0.078936
  0.045502  0.063616 -0.014821 -0.015236  0.018187  0.026209]
[-1.216663 -1.1787   -0.85557  -1.229934 -1.059061 -1.002506  0.003878
  0.01872   0.181321  0.009885  0.014759  0.173521 -0.010247 -0.074102
  0.090001 -0.058641 -0.0895   -0.05192   0.047712  0.014221]
[-1.221384 -1.238073 -0.969932 -1.157724 -0.910965 -1.052533 -0.125013
  0.00232   0.022858 -0.07839   0.101877  0.022388 -0.036119  0.045837
 -0.043297 -0.024203 -0.029036 -0.036458  0.016708 -0.03877 ]
[-0.895171 -0.922703 -0.903341 -0.778887 -0.769722 -0.763835 -0.024803
  0.006111 -0.04339  -0.105051 -0.02799  -0.03307  -0.030076  0.01121
 -0.016632 -0.061133 -0.079534 -0.054042  0.032219  0.022792]
[-1.36203  -0.852064 -0.955316 -0.990227 -0.986323 -0.655842  0.016137
  0.146028  0.057892 -0.073248  0.010302 -0.051681 -0.121335  0.073764
  0.085686 -0.144711 -0.114235 -0.050848  0.015662 -0.012694]
[-0.825959 -0.818727 -0.859417 -0.670212 -0.643324 -0.656283 -0.038878
 -0.017544 -0.024412 -0.108107 -0.08902  -0.051754  0.079951 -0.059334
  0.04333   0.015804 -0.117115 -0.007845 -0.085002 -0.016541]
[ -1.116405e+00  -1.100745e+00  -1.053393e+00  -1.018016e+00  -1.090115e+00
  -9.712407e-01  -1.340736e-01  -3.430000e-04   2.817791e-02  -6.476425e-02
   6.533972e-02   1.014557e-01   8.023342e-02   1.157582e-01  -1.724220e-02
   4.646892e-02  -1.147938e-01  -1.032641e-01   1.954679e-02   8.712748e-03]
[-1.425166 -1.270045 -1.078533 -1.489943 -1.170062 -1.184971 -0.026829
  0.115725  0.010924  0.107576  0.296036 -0.097261  0.057482  0.270726
  0.175624  0.042879  0.120293 -0.029065 -0.045522 -0.033591]
[-0.979061 -0.907997 -0.862886 -0.953434 -0.734995 -0.841701 -0.038437
 -0.025709  0.087495 -0.07884   0.034194  0.073572  0.074483  0.005599
 -0.032266  0.025858 -0.061326 -0.011624  0.03215   0.048674]
[-1.017292 -1.023015 -0.850459 -0.914905 -0.632574 -0.684527 -0.02602
 -0.010575  0.049136 -0.113566  0.045406  0.103043 -0.070366  0.023674
 -0.040794 -0.044345 -0.159083 -0.029646  0.038828 -0.01095 ]
('Mean', 1, ': ', -1.0172922917729981)
('Median', 1, ': ', -1.0172922917729981)
('Variance', 1, ': ', 0.0)
('Mean', 2, ': ', -1.0230149657106642)
('Median', 2, ': ', -1.0230149657106642)
('Variance', 2, ': ', 0.0)
('Mean', 3, ': ', -0.85045855658271829)
('Median', 3, ': ', -0.85045855658271829)
('Variance', 3, ': ', 0.0)
('Mean', 4, ': ', -0.9149049032938652)
('Median', 4, ': ', -0.9149049032938652)
('Variance', 4, ': ', 0.0)
('Mean', 5, ': ', -0.63257435354531466)
('Median', 5, ': ', -0.63257435354531466)
('Variance', 5, ': ', 0.0)
('Mean', 6, ': ', -0.68452664126996587)
('Median', 6, ': ', -0.68452664126996587)
('Variance', 6, ': ', 0.0)
('time: ', 8595.336695194244)
