“Running plot script on a single CPU core”
[ -7.724067e-01  -9.045238e-01  -8.194290e-01  -8.317366e-01  -6.677969e-01
  -9.452155e-01   9.112370e-03   6.646809e-03   3.606739e-02   3.191917e-02
  -1.816112e-02   5.787635e-02  -2.559557e-02  -3.761134e-02  -1.424187e-02
   2.993237e-04   4.597148e-02  -7.303708e-03   8.885742e-03   3.184552e-02]
[-0.873303 -0.94717  -0.771499 -1.002603 -0.823711 -0.838301 -0.052607
 -0.144066 -0.034577  0.043799 -0.045663 -0.046759 -0.062698  0.025794
 -0.140874 -0.017384  0.076573 -0.086348 -0.035432 -0.009116]
[-1.010579 -0.727752 -0.956076 -0.568245 -0.902754 -0.602268  0.104107
  0.007192  0.059179  0.032812 -0.018715  0.105061 -0.072201 -0.006111
  0.040701 -0.099899  0.002032  0.109501  0.013336 -0.013544]
[-0.666815 -0.67933  -0.707635 -0.783684 -0.905323 -0.874988  0.081089
  0.077891 -0.005666  0.09608   0.057057  0.001744  0.02763   0.028034
  0.079083  0.104653  0.092393  0.085758 -0.010741  0.007778]
[ -7.963990e-01  -1.047809e+00  -1.092476e+00  -8.181376e-01  -8.390500e-01
  -1.141191e+00   9.791893e-02   3.772459e-02  -6.768188e-02  -2.531173e-02
   4.686311e-02  -1.377726e-01  -4.996277e-03   9.806967e-02   1.912063e-02
  -4.504382e-04  -3.393219e-02   5.408612e-02  -4.931610e-02   2.236258e-02]
[-0.651588 -0.624718 -0.699761 -0.591639 -0.718883 -0.596985  0.063209
 -0.033612  0.062275  0.029222  0.094617  0.099046  0.005503  0.040996
 -0.052797 -0.007795  0.032909  0.096075  0.017142 -0.013642]
[-1.253952 -0.707804 -0.963284 -0.728149 -1.109064 -0.564132  0.163715
 -0.082038 -0.04075  -0.049834 -0.01581  -0.056663 -0.074429  0.0203
 -0.110967 -0.102812 -0.021756  0.128704 -0.008288 -0.015915]
[-1.010227 -1.072728 -1.110913 -0.916242 -0.988994 -1.173565  0.036759
 -0.056961 -0.117279 -0.137215 -0.011006 -0.135422 -0.002118  0.030135
  0.001278 -0.068281 -0.121392  0.099515 -0.057451  0.014517]
[-0.698239 -0.685246 -0.741154 -0.565789 -0.54525  -0.599587 -0.002477
  0.088338  0.069668  0.076072 -0.040036  0.061597  0.022298 -0.073214
  0.091083  0.052292  0.089004  0.019389  0.01581   0.011328]
[-1.130987 -0.827997 -1.073843 -0.840703 -0.981215 -0.82069   0.013057
  0.001751 -0.070244 -0.115267  0.158462 -0.028115 -0.18258   0.104702
  0.068045 -0.104256 -0.09517   0.056546  0.048505  0.0058  ]
[ -9.317208e-01  -9.968019e-01  -9.673135e-01  -9.036830e-01  -9.596901e-01
  -9.508083e-01  -1.300623e-01  -1.814770e-02   1.954069e-02   3.514069e-03
   1.082392e-01  -2.978510e-02   5.093920e-02   2.984151e-01   4.097669e-02
   5.869589e-02  -2.170650e-03  -1.145265e-01  -4.033371e-02   6.633011e-04]
[-1.082537 -1.064302 -0.821395 -0.911991 -0.583315 -0.683236  0.19953
 -0.134051 -0.029068  0.120301 -0.055451 -0.015358 -0.01731  -0.026335
 -0.051614 -0.054304  0.083466  0.101762 -0.038307 -0.042327]
[-0.803972 -0.811421 -0.545999 -0.864529 -0.568085 -0.740484  0.003057
 -0.157315 -0.119969 -0.019444 -0.156344 -0.104247 -0.055846 -0.171359
 -0.081936 -0.024931 -0.0831   -0.026019 -0.0423   -0.002573]
[-0.926479 -0.98343  -0.969598 -0.987617 -0.918671 -0.937168  0.035914
  0.018788  0.016738  0.1436   -0.030863  0.014537 -0.054222 -0.008892
  0.006843 -0.039859  0.092413  0.009957 -0.04048  -0.037592]
[-0.724876 -0.690106 -0.675956 -0.709904 -0.789116 -0.769759  0.080592
 -0.006302  0.107217  0.036339  0.001713  0.108097  0.007467  0.009857
  0.044692 -0.023198  0.004902  0.11281   0.037691 -0.014083]
[-0.797643 -0.685518 -0.722203 -0.831451 -0.833997 -0.772081  0.030382
  0.048354  0.072996  0.041579  0.008586  0.054034  0.058183  0.040187
  0.029682  0.065164  0.031597 -0.027168  0.011776  0.002044]
[-0.983936 -0.940459 -0.916629 -0.929332 -0.928167 -0.929866  0.019836
  0.055672 -0.004183  0.0111    0.122992 -0.038721  0.006382  0.064021
  0.027741 -0.00699  -0.011051  0.0249    0.013153  0.012198]
[-1.140798 -1.058072 -1.045662 -1.002666 -0.864284 -1.083716  0.158214
 -0.063896 -0.054924 -0.022118 -0.020504 -0.103695 -0.0743    0.034705
  0.016091 -0.009376 -0.187786 -0.014993  0.048563 -0.019537]
[ -1.060479e+00  -8.117054e-01  -8.179384e-01  -9.393500e-01  -9.001879e-01
  -7.462299e-01  -2.783791e-02  -6.212888e-02  -2.684830e-02   5.096583e-02
   3.189506e-02  -1.722184e-02  -1.912739e-03  -6.194578e-03  -1.496375e-02
   9.880238e-03   3.509401e-02  -8.733086e-02   1.504763e-02  -7.766502e-04]
[-1.019356 -0.984954 -0.743793 -1.095526 -0.918191 -0.892477  0.035762
  0.047375  0.002673 -0.046694  0.033029 -0.017199  0.019964  0.034831
  0.034529  0.025094 -0.017687  0.031793 -0.047158 -0.053536]
[-1.008547 -0.901955 -1.118826 -0.973445 -1.201275 -0.955059 -0.067872
  0.05744   0.038984  0.145979 -0.099225  0.09835   0.135045 -0.076156
  0.038066  0.136535  0.139496 -0.094986  0.05219  -0.012398]
[-0.861861 -0.997883 -0.702303 -0.969462 -0.933559 -0.922675  0.005214
  0.015448 -0.090903 -0.027938 -0.031559 -0.077574 -0.022021  0.089717
  0.029894 -0.045618  0.091317 -0.002178 -0.029814 -0.030293]
[-0.928226 -0.724543 -0.874778 -0.593188 -0.750141 -0.638719 -0.151825
 -0.059295  0.005069  0.033605 -0.092125  0.034122  0.037895 -0.085058
 -0.098896  0.025413  0.036246 -0.095584 -0.003691 -0.00772 ]
[-0.844245 -1.088269 -0.993343 -0.793019 -0.766818 -1.034457 -0.215519
 -0.006473  0.019935  0.086008 -0.010329  0.071078 -0.087262 -0.023445
  0.002863 -0.018045  0.074947 -0.179305  0.084307  0.036458]
[-1.234115 -0.514285 -0.967684 -0.744709 -1.178097 -0.708265 -0.119993
 -0.135752 -0.080812 -0.014463  0.122194 -0.151059  0.060849  0.027692
 -0.22419   0.084218  0.109138 -0.120886  0.018647 -0.024862]
[-0.93201  -0.726528 -0.851758 -0.63976  -0.602971 -0.614259  0.209978
  0.151591 -0.041953 -0.177962 -0.050797 -0.100312  0.141709 -0.046964
  0.186211  0.087822 -0.140317  0.191025 -0.00214   0.017664]
[-1.221207 -0.96022  -0.964537 -0.872236 -0.962764 -0.793148  0.027196
 -0.020779 -0.070169 -0.032482 -0.042002 -0.046988 -0.062178 -0.097472
 -0.024065 -0.043694  0.022055 -0.002123  0.011641  0.007423]
[ -1.011945e+00  -1.002123e+00  -1.069827e+00  -8.967455e-01  -8.332913e-01
  -9.790560e-01   2.839173e-02   2.567914e-02   2.278287e-02   2.431074e-02
   4.967512e-02   6.094061e-02  -3.194004e-02   5.859519e-02   2.138937e-02
  -6.186631e-02  -1.064549e-03   5.823800e-02   6.355851e-02   1.381610e-03]
[-0.97483  -0.87414  -0.774544 -0.882796 -0.867863 -0.910939 -0.174692
 -0.034049 -0.096008 -0.216578  0.032367 -0.047538  0.104648  0.080009
 -0.024557  0.013451 -0.122213 -0.13024  -0.058465 -0.030388]
[-0.830993 -0.835946 -0.886066 -0.632897 -0.683452 -0.778829  0.06049
  0.033767 -0.039016 -0.046569  0.090983 -0.085353 -0.039364  0.075342
  0.024152 -0.067319 -0.043896  0.099728 -0.022637  0.009003]
[-1.014736 -0.777786 -0.701426 -0.872392 -0.729194 -0.429946 -0.072607
 -0.002548 -0.097061  0.140386  0.116553 -0.125283  0.003818  0.094199
 -0.021459  0.066594  0.081137 -0.096592 -0.047523  0.007051]
[-0.745417 -0.801685 -0.715916 -0.786285 -0.753218 -0.799137 -0.076414
 -0.067051 -0.017012  0.013612 -0.109831  0.015685  0.087429 -0.069753
 -0.043568  0.072144 -0.046902 -0.074446  0.073811  0.040651]
[-1.138416 -0.857508 -0.760194 -1.074812 -0.886696 -0.641552  0.093083
 -0.002842 -0.105002 -0.0081    0.021001 -0.031438 -0.091162  0.020147
  0.006219 -0.167144 -0.04308   0.042733 -0.003267  0.026805]
[-0.868835 -0.97759  -1.006123 -0.775502 -0.839887 -0.952133 -0.134434
  0.175451  0.127587 -0.092804 -0.043339  0.158004 -0.058728  0.038493
  0.163446  0.031999  0.050127 -0.24043   0.040278  0.015613]
[-0.8128   -0.640462 -0.715999 -0.629423 -0.66573  -0.492805 -0.094276
  0.008257  0.015708  0.021036 -0.001572 -0.024621  0.203976 -0.021778
  0.021993  0.142189 -0.025479 -0.134754 -0.022266  0.020249]
[ -9.578200e-01  -7.693738e-01  -9.066957e-01  -6.238788e-01  -8.958127e-01
  -5.663477e-01   1.009076e-01  -2.708667e-02  -9.222856e-03   2.059376e-01
   7.693345e-03  -9.453273e-03  -4.877511e-02   2.866748e-02   8.389288e-03
  -6.933176e-02   1.193242e-01   6.306637e-02  -5.573591e-02  -1.472624e-04]
[-1.199146 -1.116451 -0.831888 -1.132947 -0.878168 -0.764876  0.040175
  0.073865  0.141718  0.054204  0.049779  0.14205  -0.009772  0.099834
  0.050631 -0.011679 -0.006515  0.003988 -0.068196 -0.02135 ]
[-0.974691 -1.052903 -1.011831 -1.055267 -1.089512 -1.187693 -0.033608
  0.006963  0.024395  0.021796  0.115426  0.00307  -0.134691  0.044195
  0.046472 -0.097148  0.085842  0.00351   0.049903  0.028964]
[-0.599419 -0.652506 -0.989889 -0.883423 -1.05222  -1.083742 -0.038149
 -0.159748 -0.040307  0.01699  -0.007283  0.05655  -0.017734  0.029898
 -0.152427 -0.006609  0.02109  -0.177704 -0.019834  0.061397]
[-0.9519   -0.976158 -0.770477 -0.971451 -0.821966 -0.800528  0.070762
 -0.004629 -0.033397 -0.073406 -0.061042 -0.054256  0.018595 -0.065654
 -0.010963 -0.028457 -0.047092  0.061581 -0.006904 -0.006204]
[-0.987235 -1.185935 -0.989196 -0.917802 -0.986441 -1.487881  0.007594
  0.037869 -0.11971   0.078227  0.064039 -0.189358  0.056963  0.045844
 -0.005948  0.083381  0.072175  0.020381 -0.034894  0.016248]
[-0.946064 -0.825806 -0.832782 -0.739262 -0.920589 -0.878432 -0.300182
 -0.148221 -0.144988  0.106447  0.0755   -0.122827  0.04096   0.017627
 -0.104702  0.069942  0.051334 -0.329553 -0.042193 -0.011085]
[-0.886406 -0.587269 -0.610168 -0.796919 -0.904649 -0.619174  0.01242
 -0.067403  0.03634  -0.044958  0.027836  0.028974  0.043677  0.063958
 -0.131355  0.062455 -0.089263  0.085274 -0.001227 -0.004364]
[-0.810846 -0.446602 -0.854172 -0.728195 -1.250164 -0.726961  0.144326
 -0.215374  0.060654 -0.043389  0.027894  0.006078  0.03188   0.042829
 -0.20094   0.054711 -0.006696  0.160881 -0.008911  0.006066]
[ -1.295641e+00  -9.561207e-01  -1.040432e+00  -1.019022e+00  -1.165218e+00
  -8.104232e-01   1.870400e-01  -1.350156e-01   1.334602e-01   4.078735e-04
  -4.071048e-02   1.063904e-01  -1.165163e-02   2.856843e-02  -1.110312e-01
   1.417945e-01   5.186949e-02   2.108132e-01   2.315087e-02  -4.273437e-02]
[-0.720912 -0.761957 -0.780981 -0.561316 -0.593021 -0.675133 -0.046008
  0.015436  0.02897   0.076606 -0.016589 -0.011761  0.002269 -0.012621
  0.011303  0.046431  0.008341 -0.063001 -0.011432 -0.011376]
[-0.590159 -0.969386 -1.242334 -0.643185 -0.946705 -1.449281  0.255244
 -0.055787  0.17714   0.079129 -0.069779  0.241785  0.017866 -0.115574
 -0.173571 -0.018956  0.14108   0.152252 -0.018794 -0.048906]
[-1.098838 -1.362357 -0.900057 -1.267982 -0.901701 -1.155519 -0.011257
 -0.081776 -0.089648  0.019649 -0.02506  -0.07825  -0.024129 -0.026978
 -0.022812  0.007716  0.115726 -0.014157  0.072676  0.017115]
[-0.79644  -0.976088 -0.842235 -1.134959 -1.041731 -1.232403 -0.054159
 -0.012292  0.129924  0.167358 -0.034155  0.125592 -0.051406 -0.117297
 -0.041915 -0.094748  0.194237 -0.099131  0.013337  0.023349]
[-1.11966  -1.13889  -1.074939 -1.129414 -1.172109 -1.220259 -0.013171
 -0.050044 -0.101994  0.052725 -0.027206 -0.088468  0.043779  0.066428
 -0.03375   0.004521  0.009884 -0.073054 -0.008148 -0.014693]
[-0.956928 -0.919057 -1.03806  -0.736536 -0.99533  -1.000742 -0.148701
  0.012383 -0.042477 -0.043605  0.048341 -0.005736 -0.060105  0.025914
  0.020582 -0.025075  0.022283 -0.151687  0.037278 -0.03042 ]
[ -1.030304e+00  -9.274591e-01  -7.098380e-01  -9.118578e-01  -8.721624e-01
  -7.164247e-01   2.076447e-02  -2.985914e-02   8.968099e-05   9.760432e-02
   1.018278e-01  -1.460923e-02  -8.885184e-02   2.087612e-02   5.590205e-02
  -1.148361e-01   1.246870e-01  -2.965904e-02   1.100782e-02  -5.838596e-03]
[ -1.012323e+00  -9.994781e-01  -8.963743e-01  -1.104427e+00  -9.606854e-01
  -1.178369e+00  -6.324416e-02  -2.913053e-02  -4.701488e-02  -4.996214e-02
   1.779746e-02   2.721458e-02   2.446451e-02  -1.201386e-02   8.071089e-04
   1.123282e-01  -3.526519e-02  -1.077719e-01   4.938736e-03  -7.839185e-03]
[-0.747531 -0.700941 -0.505403 -0.699179 -0.607649 -0.512983 -0.043208
 -0.016127  0.033778 -0.04249  -0.156505  0.042751  0.124529 -0.157324
  0.093263  0.146596 -0.055515 -0.037502  0.034617  0.035406]
[-0.906597 -0.972735 -0.921163 -0.832225 -0.873835 -0.824698  0.11534
 -0.086821  0.115111  0.047547 -0.057945  0.090471  0.008942 -0.117673
 -0.118788 -0.024743 -0.00457   0.098881  0.038151  0.030332]
[-0.879972 -0.78255  -0.744647 -1.003873 -0.963985 -0.92046   0.085202
 -0.105675  0.0291    0.107698 -0.094464 -0.036265 -0.040162 -0.11331
 -0.10751  -0.044112  0.132383  0.054858 -0.046787 -0.009433]
[-0.927522 -1.003612 -1.009405 -0.97658  -0.917983 -1.085972  0.022337
 -0.009141 -0.053478  0.025186 -0.018038 -0.080348  0.011228  0.048959
 -0.02226   0.056384  0.03632   0.047034  0.087928  0.072543]
[-1.303206 -1.234036 -1.096508 -1.06043  -1.008975 -0.893868 -0.008833
  0.02394  -0.042846  0.01303  -0.058029 -0.040749 -0.038628 -0.057436
  0.032495  0.019166  0.096282  0.007603 -0.037309  0.037296]
[-0.829352 -0.766292 -0.776857 -0.959233 -1.068218 -1.040797  0.008422
  0.07683   0.055118  0.114884  0.041644  0.102494 -0.071211  0.05918
  0.116531 -0.096189  0.123282  0.012704 -0.026142  0.033355]
[-0.985915 -0.921914 -0.647511 -0.831956 -0.63015  -0.485725  0.022674
 -0.023361  0.103978 -0.012434  0.077066  0.073794  0.00468   0.070227
 -0.009816  0.067677  0.024149  0.014723  0.0347   -0.019549]
[-0.760013 -0.878854 -0.738676 -0.738595 -0.637359 -0.871744 -0.015691
  0.003098 -0.090646 -0.022437 -0.009219 -0.131426 -0.055994 -0.062732
 -0.019678 -0.003733 -0.042636  0.0226   -0.01299  -0.028385]
[-1.009146 -1.085266 -1.174716 -0.946588 -1.147269 -1.338897 -0.027022
 -0.044977  0.014889 -0.022317 -0.204528  0.028679  0.196209 -0.262129
  0.039432  0.154176  0.092569 -0.049861  0.020129 -0.017718]
[ -8.928748e-01  -6.779822e-01  -8.086497e-01  -9.135969e-01  -1.026621e+00
  -8.228614e-01  -1.882000e-02   4.592109e-04   7.328608e-03  -9.799579e-02
   9.863296e-03  -4.933182e-02  -9.198648e-03   5.130247e-02  -2.500942e-02
  -1.460281e-02  -1.230265e-01  -7.834784e-02  -1.163717e-02  -4.453698e-02]
[-0.939037 -0.919431 -0.862658 -0.858266 -0.789124 -0.909884 -0.005075
 -0.041884 -0.024966 -0.030218 -0.013126  0.023367  0.039382  0.046191
 -0.020086 -0.040298 -0.041111 -0.012711 -0.029807  0.006079]
[-0.457548 -0.715712 -0.789051 -0.595451 -0.661917 -1.015026 -0.01232
 -0.094138 -0.061096 -0.051681 -0.037367 -0.076337 -0.048214 -0.062091
 -0.127535 -0.108062 -0.143419 -0.118774  0.001021 -0.045045]
[-0.868776 -0.828279 -0.50684  -0.781295 -0.634276 -0.422395 -0.060442
 -0.156121  0.043531  0.053814  0.038717  0.017019  0.171513  0.026331
 -0.117789  0.137954  0.055672 -0.091763 -0.012935 -0.017625]
[ -8.342306e-01  -9.009507e-01  -9.590103e-01  -9.225958e-01  -9.528598e-01
  -1.041778e+00   3.204145e-02   6.601382e-02  -3.431808e-02   7.482357e-02
   4.169128e-02  -4.387693e-02  -3.997315e-02   4.719524e-02   8.227342e-02
  -1.181298e-02   7.392023e-02  -2.040337e-02   7.877526e-02   3.677664e-04]
[-0.718116 -0.699791 -0.626618 -0.849578 -0.771934 -0.758281 -0.026997
 -0.019297 -0.050404  0.014404 -0.142756  0.019135 -0.102767 -0.109911
 -0.09419  -0.080234 -0.011855 -0.059847 -0.055571 -0.0296  ]
[-0.705863 -0.68332  -0.872135 -0.774797 -1.075116 -0.871183 -0.106379
  0.072894  0.087877  0.048944 -0.034124  0.195998  0.159859 -0.001251
  0.154318  0.154934  0.135294 -0.162556  0.014631 -0.024822]
[-0.897716 -1.208877 -0.936743 -1.243423 -0.992001 -1.305599 -0.102127
 -0.015053 -0.081625 -0.139334 -0.050275 -0.136734 -0.080671  0.082341
 -0.040577 -0.049514 -0.057322 -0.136717 -0.041074  0.020755]
[-0.931744 -0.837569 -0.964971 -0.888809 -0.829397 -0.971027  0.069098
 -0.096308  0.057607 -0.065307  0.069585 -0.018381 -0.082123  0.074054
 -0.068351 -0.038524 -0.051775  0.10816   0.010421  0.045366]
[-1.281972 -1.212211 -1.082089 -1.012709 -0.909057 -0.986111  0.213151
 -0.067139 -0.06467  -0.019926  0.01626  -0.051992  0.004145  0.035396
 -0.173268 -0.028614  0.012109  0.241093 -0.081166 -0.004042]
[-0.83795  -1.055095 -0.768375 -1.077455 -0.97488  -0.986594  0.058502
 -0.009769 -0.065829 -0.018419  0.026529  0.051206 -0.024229  0.131626
 -0.062187 -0.028238 -0.022598  0.090417 -0.060206 -0.007728]
[-0.622783 -0.569995 -0.672889 -0.601844 -0.632144 -0.728623 -0.080118
  0.002909  0.090756  0.049375 -0.005448  0.098474  0.036535 -0.058314
 -0.045954  0.040102  0.078669 -0.134456 -0.043216 -0.007613]
[-1.032266 -0.814571 -0.819857 -0.99887  -0.962228 -0.891045 -0.057358
  0.09748   0.091781  0.051492 -0.009866  0.089568 -0.085675  0.028159
  0.135961 -0.031536  0.049314 -0.072347  0.035729  0.021239]
[-0.894304 -0.748193 -0.864915 -0.917516 -0.889672 -1.028084  0.043778
  0.085267 -0.13909  -0.094036 -0.061455 -0.149644 -0.022513 -0.046067
  0.094276 -0.058365 -0.203529  0.051818 -0.012681  0.020607]
[ -8.462014e-01  -9.697938e-01  -1.046920e+00  -8.688908e-01  -7.545668e-01
  -8.560812e-01  -1.188334e-01   2.471942e-02  -1.019395e-03  -1.397757e-02
   3.969975e-02  -4.263493e-02   3.542798e-02  -7.687543e-03  -2.449773e-02
   4.510058e-02  -5.737793e-02  -1.068790e-01  -1.352323e-02  -7.463604e-03]
[-0.739238 -1.03924  -0.869679 -0.78137  -0.633453 -0.743606  0.038717
 -0.066369  0.177755  0.170629 -0.07848   0.197096 -0.02103  -0.016721
  0.016615 -0.041796  0.164801  0.085731 -0.011273  0.011008]
[-0.878197 -0.805468 -0.74158  -0.652721 -0.540387 -0.542278 -0.062323
  0.002212 -0.049189  0.093347  0.080214 -0.053473 -0.177188  0.036319
  0.023118 -0.240386  0.088751  0.02993   0.044463 -0.00895 ]
[-0.994527 -0.824321 -0.918673 -0.810774 -0.818264 -0.605698  0.062067
  0.010309  0.026344 -0.033789 -0.025832  0.003793  0.219142  0.02473
 -0.020736  0.186623  0.040047  0.070957  0.058827  0.020892]
[-0.899434 -0.785333 -0.854901 -0.969819 -1.010571 -0.86614  -0.001193
  0.066102 -0.023564 -0.040396 -0.039356 -0.053616  0.016415 -0.023828
  0.082768  0.001965 -0.00152   0.012591  0.027481 -0.006727]
[-0.844775 -0.875875 -0.797253 -0.700589 -0.572054 -0.801439  0.049756
 -0.121063  0.012899 -0.131706  0.04296  -0.026535 -0.03284   0.045994
 -0.087657 -0.004668 -0.149191  0.05316   0.119739 -0.010219]
[-0.863563 -0.950135 -0.812931 -0.827338 -0.727082 -0.825533 -0.005078
  0.079327  0.049133  0.031051 -0.051355 -0.005023 -0.034731  0.026063
  0.156283 -0.03615   0.016682 -0.033144  0.003416  0.011652]
[-0.687463 -0.939501 -0.324242 -0.885729 -0.592371 -0.802896 -0.068578
  0.01455   0.029396 -0.039635  0.056545 -0.019579  0.134991  0.165979
 -0.146588  0.039356 -0.103428 -0.029576  0.046445 -0.018255]
[ -8.934121e-01  -8.840026e-01  -8.937948e-01  -6.919254e-01  -7.154831e-01
  -6.871706e-01  -8.483533e-02  -9.402649e-03  -9.558152e-04  -6.520565e-02
  -9.555020e-02   2.002883e-02   4.613294e-02  -1.131946e-01  -5.549624e-02
   5.281889e-02  -3.315597e-02  -9.448870e-02   3.991450e-02   1.589596e-04]
[-1.006668 -0.896056 -1.235759 -0.646484 -0.841239 -0.645909  0.106166
 -0.118745  0.108836 -0.055909  0.019678  0.174183  0.159243  0.03937
 -0.102546  0.178516 -0.045871  0.090631 -0.016156  0.022837]
[-0.814693 -0.907446 -0.631739 -0.968434 -0.802819 -0.957396 -0.001814
  0.016966 -0.014033  0.108291  0.035471  0.027502  0.060478 -0.075418
 -0.035861  0.027597  0.105928  0.013281  0.037492 -0.00834 ]
[-0.938764 -0.928271 -0.722675 -0.694381 -0.591421 -0.529867 -0.020261
 -0.028091 -0.00856  -0.019521  0.065944 -0.015256  0.033712  0.039019
  0.066232 -0.066671 -0.038758 -0.01431  -0.050771  0.014321]
[ -1.117970e+00  -1.060365e+00  -9.624789e-01  -1.110878e+00  -1.071537e+00
  -1.000769e+00  -6.301408e-05   7.496998e-02  -3.223700e-03  -7.247802e-02
   6.697190e-02   5.066876e-02   5.055199e-02   7.990898e-02   3.706887e-02
   8.211681e-02  -1.103855e-01   1.581331e-02  -6.326945e-02   2.164186e-02]
[-1.152848 -0.960513 -0.983623 -0.986292 -1.050569 -1.118593 -0.014242
  0.04696   0.047592  0.014481 -0.024159  0.054485 -0.075303 -0.038102
  0.010453 -0.066606  0.021962  0.014457  0.03765   0.011261]
[-0.74349  -0.719715 -0.86677  -0.755075 -0.936472 -0.806113 -0.01012
  0.057877 -0.158043 -0.053419 -0.073687 -0.149719  0.02005  -0.078939
  0.022408  0.009102  0.045157 -0.027445 -0.032983 -0.006801]
[-0.939306 -1.032379 -0.986482 -0.837452 -0.853358 -0.954414 -0.003532
  0.046912 -0.072218  0.165313 -0.095066 -0.081902  0.106197 -0.051404
  0.010277  0.178902  0.184312 -0.018037 -0.05667  -0.010413]
[ -8.423938e-01  -8.941262e-01  -7.048378e-01  -7.873092e-01  -5.743215e-01
  -7.197429e-01   5.145284e-04  -1.239614e-01  -5.509249e-02  -1.039340e-01
   2.136579e-03  -2.848350e-02  -3.884078e-02  -4.541537e-03  -1.044721e-01
   8.597452e-02  -9.686795e-02  -9.730160e-02   1.061280e-01   4.274193e-02]
[-0.85958  -0.725101 -0.621306 -1.278922 -1.23661  -0.938029  0.095718
  0.040167  0.034012 -0.027154  0.183041  0.103234 -0.005051  0.164379
  0.020389 -0.005752 -0.138364  0.093669  0.062657  0.020612]
[ -7.280134e-01  -1.009174e+00  -8.562662e-01  -8.422546e-01  -7.776766e-01
  -9.384078e-01   6.086047e-02   5.037909e-03  -2.518162e-02   9.819681e-04
   5.229694e-02  -3.591933e-02  -1.184022e-01   8.930950e-02   1.981537e-02
  -1.096974e-01  -4.440916e-02   1.126281e-01  -1.226972e-01  -2.165865e-02]
[ -9.313524e-01  -9.067905e-01  -8.067481e-01  -1.035226e+00  -9.882928e-01
  -1.016259e+00   5.379057e-02  -3.075684e-02  -4.927523e-04  -5.103165e-02
   2.244879e-02   3.025114e-02  -1.232415e-03   2.735711e-02  -8.819709e-03
   4.068369e-02  -4.901387e-02   3.277583e-03   2.423239e-02   2.737793e-02]
[-1.015783 -1.103191 -0.946366 -0.834813 -0.885429 -1.067768 -0.079163
 -0.022083 -0.014082 -0.070238  0.03955   0.095985  0.053658 -0.070474
  0.108967 -0.057766 -0.054901 -0.163925 -0.025687 -0.005018]
[-1.004734 -1.058651 -1.040586 -0.99312  -0.972779 -1.194355 -0.20469
  0.01413   0.167279  0.072296 -0.04863   0.256944  0.081399 -0.036042
  0.103629  0.029888  0.19382  -0.203795 -0.022872 -0.036224]
[-0.861135 -0.757871 -0.678657 -0.86892  -0.774607 -0.78735   0.093024
 -0.020345  0.044715  0.009672 -0.069766  0.063234 -0.016705 -0.131388
  0.022893 -0.060006 -0.025807  0.077026  0.015807 -0.004847]
[-0.851221 -0.958471 -0.57606  -0.821511 -0.567617 -0.657217 -0.067786
  0.06913  -0.101895  0.021646 -0.004834  0.016405 -0.075149  0.030069
  0.059918 -0.085473  0.01716  -0.103215 -0.038628  0.022147]
('Mean', 1, ': ', -0.85122072643443902)
('Median', 1, ': ', -0.85122072643443902)
('Variance', 1, ': ', 0.0)
('Mean', 2, ': ', -0.95847100324823842)
('Median', 2, ': ', -0.95847100324823842)
('Variance', 2, ': ', 0.0)
('Mean', 3, ': ', -0.57605971006045842)
('Median', 3, ': ', -0.57605971006045842)
('Variance', 3, ': ', 0.0)
('Mean', 4, ': ', -0.82151101474879717)
('Median', 4, ': ', -0.82151101474879717)
('Variance', 4, ': ', 0.0)
('Mean', 5, ': ', -0.56761660665570457)
('Median', 5, ': ', -0.56761660665570457)
('Variance', 5, ': ', 0.0)
('Mean', 6, ': ', -0.65721663047085188)
('Median', 6, ': ', -0.65721663047085188)
('Variance', 6, ': ', 0.0)
('time: ', 10382.078772068024)
