“Running plot script on a single CPU core”
[ 0.027849  0.021659  0.048291  0.031516 -0.017697  0.029444]
[-0.039775 -0.03026  -0.002617  0.003509 -0.013376  0.020175]
[ 0.01791   0.065301  0.085445 -0.021866 -0.022375 -0.01073 ]
[ 0.080973 -0.004179  0.091211  0.018518  0.009347  0.014391]
[ 0.036647  0.0728    0.055138 -0.015826  0.015953 -0.005323]
[ 0.068451  0.066801  0.036844  0.004317  0.024658  0.026476]
[ 0.02512   0.08221   0.085275 -0.002412  0.016594  0.005435]
[ 0.026462  0.047876  0.070301  0.015734 -0.017959  0.014822]
[ 0.04761  -0.005786  0.079973 -0.008027  0.032711 -0.017932]
[-0.015512 -0.042326 -0.042467  0.001806  0.020938 -0.017809]
[-0.03595  -0.019332 -0.119414 -0.001167 -0.002599  0.008926]
[ 0.042948  0.130515  0.045957 -0.023119 -0.003313 -0.000613]
[-0.075661 -0.065138  0.023415 -0.041863  0.023307 -0.008009]
[ 0.065582  0.1047    0.093554  0.005057  0.000551 -0.003853]
[ 0.045052  0.034963  0.038356  0.028824 -0.013674  0.031983]
[ 0.02928   0.082583  0.091036  0.012004 -0.002116 -0.02831 ]
[ 0.084495  0.118027  0.092735 -0.012771  0.003226  0.008422]
[ 0.051802  0.052316  0.080813  0.015006  0.016398 -0.003851]
[ 0.044463 -0.020415  0.085087  0.018309  0.029798 -0.005552]
[ 0.030331  0.025118  0.052398  0.009863  0.003712 -0.011588]
[ 0.033041  0.026826 -0.002753 -0.010082  0.040974  0.042562]
[ 0.102638 -0.015109  0.145172  0.006176  0.012215 -0.029942]
[ 0.041871  0.092229  0.098469  0.003635  0.036431  0.031113]
[ 0.01107   0.084721  0.051452 -0.048458  0.065244 -0.022007]
[ 0.078415  0.034346  0.094996  0.033123 -0.002396  0.078355]
[ 0.096407  0.063996  0.059068 -0.007785  0.023405 -0.02143 ]
[-0.080993 -0.008222 -0.016242  0.012514  0.017651  0.038288]
[ 0.037829  0.012913  0.089889 -0.031953 -0.008019 -0.010221]
[-0.014224  0.050161  0.006623  0.002391 -0.018018  0.00103 ]
[ 0.004577  0.038177  0.029315  0.001094 -0.018513  0.035372]
[-0.016121  0.047786  0.019379 -0.02328   0.011116  0.011122]
[ 0.081761  0.034997  0.098104  0.00478  -0.001541  0.004327]
[ 0.077477  0.05542   0.07325   0.002514  0.005903 -0.021675]
[ 0.035819  0.107915  0.087865  0.014519  0.018503  0.000152]
[ 0.021991 -0.002941  0.018115  0.001362 -0.015822  0.001237]
[-0.030464  0.019157 -0.003381  0.005548 -0.006968  0.026311]
[ 0.046615  0.058103  0.126608  0.015966  0.011548 -0.016792]
[ 0.081791  0.071132  0.07284  -0.024806  0.021203  0.003416]
[-0.005975 -0.00993   0.035506  0.023242  0.001964 -0.031983]
[ 0.023828  0.037876  0.033991  0.003579 -0.010974  0.016159]
[ 0.06909  -0.021145  0.015203  0.006947  0.024812 -0.011594]
[ 0.040707 -0.002698  0.027572 -0.008095  0.022055 -0.009417]
[ 0.005502 -0.009665 -0.003684 -0.011936  0.007075  0.008723]
[-0.001348  0.075588  0.065222 -0.001612  0.045173 -0.012759]
[ 0.04443   0.004298  0.05081   0.017478  0.002726  0.005401]
[ 0.035087  0.109545  0.01971  -0.000173 -0.009642  0.00409 ]
[ 0.001782  0.061386  0.070734  0.02562  -0.008848  0.021346]
[ 0.093177  0.055588  0.009762 -0.019575  0.009247 -0.022181]
[ 0.097565  0.090913  0.08882   0.022626  0.028065 -0.014785]
[ 0.045606  0.044128 -0.022056 -0.034804  0.057207 -0.000294]
[ 0.007638  0.056373  0.044103 -0.004918  0.00454  -0.024792]
[ 0.037033  0.10163   0.112353 -0.002013 -0.026018  0.014704]
[-0.059425  0.02352  -0.065718 -0.023863  0.004595 -0.007268]
[ 0.000678  0.019752  0.047149 -0.018605 -0.001961 -0.001235]
[ 0.072165  0.032627  0.071393 -0.021229 -0.025827 -0.001691]
[-0.048905  0.002598 -0.042872  0.008572  0.026903  0.009244]
[ 0.03472   0.08381   0.09019  -0.031905  0.031025 -0.004764]
[ 0.026168  0.147139  0.126805  0.004969 -0.007953 -0.002876]
[ 0.130423  0.135133  0.084756  0.043801 -0.024301 -0.052083]
[  2.161208e-02   9.969227e-02   2.801921e-02   1.065113e-02   1.295002e-02
   9.528565e-05]
[ 0.040912  0.085356  0.109998  0.02162   0.004322 -0.028077]
[ 0.040094  0.078349  0.038279  0.026324 -0.010428  0.029872]
[ 0.112191  0.030446  0.08054  -0.027282  0.009876 -0.021464]
[ 0.016164  0.053604 -0.005254  0.026553  0.057577 -0.031916]
[ 0.010692  0.056739  0.027402  0.015333  0.011442  0.013039]
[-0.009479  0.036069  0.023044  0.007056 -0.024149  0.00159 ]
[ 0.055462  0.07943   0.053698 -0.01665  -0.020235  0.003545]
[-0.010972  0.051419  0.032665 -0.049976  0.024852  0.019706]
[ 0.031501  0.040478  0.093236  0.015527 -0.00661   0.002386]
[ 0.009596  0.026476 -0.031246  0.014062  0.012212  0.007916]
[ 0.080391  0.041438  0.090376 -0.01937   0.025035 -0.014242]
[ -1.808095e-02   8.747801e-03   2.883232e-03  -2.654330e-05   3.386792e-02
  -3.441984e-02]
[-0.035097  0.037564  0.01532  -0.020988 -0.001365  0.009848]
[ 0.0416    0.088334  0.109689 -0.003152  0.01103  -0.002495]
[ 0.010711  0.025246  0.042059 -0.002995 -0.001426  0.00957 ]
[ 0.006365 -0.003906 -0.002403 -0.007685 -0.001714 -0.006034]
[ 0.017824  0.040671  0.055966  0.015785  0.005725  0.029009]
[ 0.035804 -0.016989 -0.025618 -0.003845  0.020335 -0.022509]
[ 0.065187 -0.017927 -0.025953  0.006492  0.02226   0.019561]
[ 0.023114  0.0123    0.070625  0.039978  0.027158  0.007678]
[ 0.013212  0.009284 -0.020091 -0.012106  0.006498  0.022341]
[ 0.053234 -0.005896  0.000767 -0.010968 -0.002326 -0.003724]
[ 0.089908  0.079995  0.05271  -0.001313  0.008992 -0.004485]
[ 0.085586  0.06249   0.090511  0.025717  0.020397  0.008964]
[ 0.003773  0.056119  0.042584  0.020201  0.002052 -0.015123]
[ 0.061769  0.084166  0.070846  0.006047 -0.020434  0.02181 ]
[-0.023282  0.085367  0.051047  0.018666 -0.001383  0.005937]
[ 0.001876  0.028445  0.085531  0.019328  0.019831  0.001455]
[ 0.066255  0.095798  0.068042 -0.000512 -0.005259 -0.022727]
[ 0.015054 -0.032257  0.020223 -0.0131   -0.012893 -0.02308 ]
[ 0.055099  0.096444  0.095531  0.01241   0.010721  0.010571]
[ 0.001015 -0.056014  0.018121 -0.020096  0.000169 -0.014433]
[-0.013066  0.059749  0.0131    0.020981 -0.006504 -0.009382]
[ 0.012884  0.058053  0.044726  0.016692  0.026635  0.002244]
[ 0.062066  0.062786  0.093536  0.017264  0.004286 -0.012556]
[ 0.013124  0.011292  0.070617 -0.013401 -0.000795 -0.019929]
[-0.019146  0.055831 -0.011006  0.013868  0.005006 -0.016218]
[ 0.007884  0.037135  0.02936   0.005278 -0.002543  0.000359]
[ 0.063247  0.026777  0.102233  0.006429  0.019999 -0.009952]
[ 0.0283    0.068022  0.077826  0.006127 -0.005788 -0.013317]
('Mean', 1, ': ', 0.028300187611936454)
('Median', 1, ': ', 0.028300187611936454)
('Variance', 1, ': ', 0.0)
('Mean', 2, ': ', 0.06802229630157948)
('Median', 2, ': ', 0.06802229630157948)
('Variance', 2, ': ', 0.0)
('Mean', 3, ': ', 0.077825855350108747)
('Median', 3, ': ', 0.077825855350108747)
('Variance', 3, ': ', 0.0)
('time: ', 13376.562394857407)
