“Running plot script on a single CPU core”
[-0.737736 -0.62688  -0.696226 -0.635191 -0.761013 -0.519776  0.085856
  0.035087 -0.08237   0.0362    0.103559  0.011863 -0.039945  0.062438
  0.06648  -0.007386  0.033589  0.052592  0.023801  0.005154]
[-0.963598 -0.898303 -0.731976 -0.995285 -0.924665 -0.739844 -0.108004
  0.111926  0.037399 -0.076248  0.094452 -0.003257 -0.100173  0.102082
  0.042458 -0.128046 -0.034074 -0.085719  0.015292 -0.013817]
[-0.797297 -0.655944 -0.641112 -0.83228  -0.787253 -0.630117  0.049062
 -0.08186   0.185018 -0.049355  0.018483  0.167864  0.011199 -0.027187
 -0.065058  0.032234 -0.084559  0.094707  0.063718 -0.025505]
[-1.000659 -1.073555 -1.019632 -0.846645 -0.686614 -0.830144  0.039969
  0.025726  0.01312  -0.195038 -0.029104  0.027598 -0.047197 -0.023925
  0.029915  0.047712 -0.124887  0.046264 -0.037141  0.043051]
[-0.784551 -0.592857 -0.862963 -0.429218 -0.994549 -0.493331 -0.063874
 -0.103773 -0.010354 -0.083825  0.069497 -0.087567 -0.118963  0.016418
 -0.109674 -0.115948 -0.101706  0.062053  0.005484  0.016148]
[-0.644589 -0.580428 -0.556443 -0.871123 -0.80213  -0.754373 -0.048805
 -0.106183  0.03522   0.02464   0.011637  0.029159  0.041698  0.031089
 -0.118768  0.065065  0.062009 -0.085143  0.02773   0.003526]
[-1.036325 -1.00225  -1.03703  -1.001358 -0.95734  -1.014687 -0.070012
  0.10557   0.046521 -0.007169  0.012224  0.028845 -0.02152  -0.029545
  0.043934  0.050831 -0.021939 -0.113175 -0.064929  0.025667]
[-0.924141 -0.972841 -0.524046 -1.054648 -0.472474 -0.628093 -0.049191
 -0.033267  0.004121 -0.127659 -0.033212  0.011242 -0.104573 -0.025979
 -0.012966 -0.090406 -0.138347 -0.111769  0.044764 -0.037157]
[-0.737309 -0.772306 -0.777412 -0.803927 -0.558807 -0.81553  -0.025409
 -0.051298 -0.063184 -0.06279  -0.033039 -0.076379  0.071105  0.062708
 -0.065355  0.074334 -0.197629  0.079798 -0.030887  0.012264]
[-0.882836 -0.770075 -0.710465 -0.914833 -0.880363 -0.809946  0.038682
 -0.081137  0.147165  0.050094  0.04155   0.112191  0.040544  0.044012
 -0.069667  0.024589  0.037194  0.116738 -0.014142 -0.010393]
[-1.111531 -1.091886 -1.07588  -1.06651  -1.062251 -1.005518  0.088197
 -0.004254  0.001157  0.013968  0.029935  0.086342  0.025866 -0.026821
  0.008264  0.059066  0.016565  0.073371 -0.065444 -0.042848]
[-0.880864 -0.891115 -0.738795 -0.792213 -0.544513 -0.5528    0.053947
  0.003952  0.028371  0.008709  0.031655 -0.05825   0.071394  0.078038
 -0.037371  0.014547  0.04887   0.059751  0.003457 -0.011353]
[-0.91953  -0.992677 -0.981878 -0.871157 -0.94199  -1.04106  -0.07064
  0.013294 -0.058848  0.010359 -0.111459  0.025988 -0.036259 -0.058027
 -0.06368   0.020026 -0.060395 -0.132678  0.00998  -0.027805]
[-1.00948  -0.930032 -0.82272  -0.901472 -0.780782 -0.795871  0.013046
  0.069019 -0.073534 -0.034946  0.148185 -0.067404 -0.056655  0.174014
  0.072349 -0.118389 -0.019951 -0.021834 -0.015171 -0.005857]
[-0.596964 -0.657291 -0.627828 -0.578788 -0.608154 -0.666579 -0.003149
 -0.032891 -0.084013 -0.001882  0.152478 -0.03968  -0.070308  0.158779
 -0.06318  -0.051395 -0.064501 -0.034664  0.017675  0.003452]
[ -1.104984e+00  -1.027068e+00  -6.731579e-01  -1.072120e+00  -8.279990e-01
  -6.993976e-01  -2.930556e-03  -4.097451e-04  -1.327997e-01   8.185625e-02
   4.736509e-03  -1.603044e-01   1.613934e-01  -1.559393e-02  -8.838363e-02
   1.437450e-01  -4.116475e-02   1.576993e-02   6.111962e-02   3.506782e-02]
[-0.992631 -0.883398 -0.981844 -0.901109 -1.049637 -0.82874   0.027015
 -0.028257  0.102873 -0.017923  0.081288  0.217609  0.024788  0.066984
  0.089037  0.103333 -0.005522  0.060862  0.0104    0.002126]
[-0.841284 -1.240068 -1.096289 -0.501882 -0.510112 -0.733378  0.176588
  0.022742  0.023585 -0.11572  -0.015833 -0.046157  0.037718  0.052488
  0.098463  0.055557 -0.161075  0.004254  0.031401  0.03503 ]
[-0.778315 -0.729242 -0.76541  -0.814576 -1.069396 -0.857598  0.16391
 -0.016429 -0.080512 -0.026739 -0.026091 -0.088968  0.058372 -0.044553
  0.024855  0.034252 -0.008653  0.124841 -0.0228   -0.004986]
[-1.070863 -0.9579   -0.701815 -1.00354  -0.919898 -0.942256 -0.082817
  0.105525 -0.078579 -0.001497  0.039134 -0.034705  0.058496 -0.028729
  0.103116  0.093514  0.022389 -0.093893 -0.016819 -0.009158]
[ -8.056346e-01  -9.396855e-01  -4.579345e-01  -8.358784e-01  -2.903343e-01
  -3.645066e-01  -5.800887e-02  -6.997617e-02  -7.061217e-02  -1.664174e-01
  -7.735137e-02  -6.430265e-02   1.600235e-01  -5.250907e-02  -5.980026e-02
   9.561492e-02  -9.371118e-02  -4.617841e-02   8.309557e-04   1.930670e-03]
[-0.865686 -0.871651 -0.914557 -0.78877  -0.918972 -1.070355 -0.034623
 -0.13768  -0.040382  0.107611 -0.059061 -0.055175 -0.110156 -0.06815
 -0.206001 -0.130778  0.126237  0.012665 -0.110557 -0.036939]
[ -1.117748e+00  -8.441539e-01  -7.140712e-01  -6.517412e-01  -6.962109e-01
  -6.278919e-01  -1.120818e-01   4.151247e-02   1.083358e-01   1.800112e-01
   4.938270e-04   1.399388e-01   5.687540e-02  -7.046460e-02   1.502393e-01
   6.202027e-02   6.920904e-02  -8.409570e-02   2.459556e-02   2.786943e-03]
[-0.795682 -0.726459 -0.48938  -0.941255 -0.581656 -0.655761  0.003472
  0.021701  0.024472  0.119793  0.087793 -0.001429 -0.024481  0.057227
 -0.02073   0.037504  0.131259 -0.03626  -0.051016  0.012225]
[-0.764159 -0.99532  -0.882581 -0.898312 -0.757685 -1.033921  0.00445
 -0.065136 -0.015444 -0.057745 -0.004146  0.042702 -0.071328  0.00457
 -0.035379 -0.016987 -0.06631  -0.021165  0.02626   0.011266]
[-0.913514 -0.913467 -0.76212  -1.005247 -0.890171 -0.966721  0.055698
 -0.045217 -0.061368 -0.04284  -0.080888 -0.054059  0.028049 -0.026732
 -0.029583 -0.011398 -0.110568  0.0871    0.015932 -0.001228]
[-1.287793 -1.25566  -1.025166 -1.259173 -0.946692 -1.088477  0.013192
 -0.030356  0.139085  0.075668  0.051173  0.019151  0.121618  0.06888
  0.025184  0.155815  0.014025 -0.074461 -0.08577  -0.031476]
[-1.023024 -1.073237 -1.109709 -0.962843 -1.098831 -1.006532 -0.051363
 -0.007235 -0.101126 -0.021469  0.074239 -0.112409 -0.022314  0.039694
  0.038569 -0.042558 -0.047583 -0.041205 -0.045997 -0.014368]
[-1.18656  -0.984024 -1.031698 -0.992731 -1.063801 -0.944475 -0.143494
 -0.079828 -0.112859 -0.109257 -0.020721 -0.141111  0.115345 -0.026072
 -0.053643  0.058989 -0.098609 -0.157373 -0.017092  0.009661]
[-0.91454  -0.803491 -0.954189 -0.491413 -0.660708 -0.48815   0.041858
 -0.062048  0.069218  0.140941 -0.053201  0.116109 -0.05607   0.0152
 -0.145403 -0.160005  0.123064  0.05911   0.066372  0.023716]
[ -6.746156e-01  -7.439395e-01  -8.964716e-01  -5.407761e-01  -8.113537e-01
  -1.014711e+00   2.924860e-02   4.027625e-02  -2.775671e-02  -2.055745e-02
   1.076912e-01  -1.274745e-04  -1.415722e-01   1.161063e-01   3.006324e-02
  -8.309218e-02  -5.159994e-02   6.049595e-02  -2.955724e-02  -6.471387e-04]
[-0.984595 -0.980811 -0.867911 -0.802869 -0.684071 -0.72379  -0.048784
  0.053299  0.058223 -0.044391 -0.022539  0.07143  -0.042158  0.026901
 -0.018848 -0.018622 -0.004751 -0.014774 -0.062044  0.016562]
[-1.139401 -0.815523 -0.995045 -0.954297 -1.121899 -0.676133  0.011414
 -0.008442  0.159439  0.027933 -0.009427  0.103633  0.015091  0.014082
 -0.054756  0.065871  0.023043  0.062512 -0.009151  0.001704]
[-0.784698 -0.758498 -0.693914 -0.601254 -0.539085 -0.456005  0.065965
 -0.014696  0.057582 -0.064542 -0.041671  0.080533  0.078905  0.009384
 -0.04368   0.037999 -0.041916  0.051529  0.005693 -0.007506]
[-0.944135 -0.961376 -0.810134 -0.89855  -0.732407 -0.76372  -0.109497
  0.05387  -0.00255  -0.074461  0.030399 -0.051766 -0.066042  0.053164
  0.068335 -0.122023 -0.154468 -0.151606  0.03308  -0.001513]
[-0.788006 -1.149643 -1.097298 -0.606218 -0.519894 -0.909151 -0.066314
  0.009132 -0.095021 -0.055704  0.012966 -0.026453  0.022439 -0.002285
 -0.077726 -0.027401 -0.060775 -0.046199  0.079099 -0.019399]
[ -1.185614e+00  -9.539842e-01  -7.792852e-01  -1.156049e+00  -1.115938e+00
  -8.569640e-01  -1.739851e-02  -1.106131e-01  -3.112026e-03  -2.335158e-02
  -7.985116e-02  -1.191761e-02  -5.717598e-02  -1.100007e-01  -9.732100e-02
  -2.024186e-02  -1.516284e-02  -3.000439e-04  -2.459504e-02  -2.473286e-02]
[-1.256377 -1.052185 -1.070605 -1.103657 -1.11081  -0.943819 -0.141888
  0.199077  0.163434  0.007455 -0.05342   0.076548 -0.059357  0.05456
  0.124639 -0.108371  0.055444 -0.032231  0.006727  0.040794]
[ -8.909368e-01  -7.347796e-01  -7.514175e-01  -8.458737e-01  -8.269264e-01
  -6.829068e-01   8.931001e-02   7.412671e-04  -7.942929e-02  -1.109733e-01
  -4.205642e-02  -2.351054e-02  -1.779161e-02  -2.860712e-02  -1.433925e-02
  -4.045085e-02  -1.417655e-01   7.393297e-02   1.414813e-03  -4.771697e-02]
[-0.941823 -0.613561 -0.843672 -0.529313 -0.664203 -0.373735  0.009714
 -0.175281 -0.110384  0.023813  0.010317 -0.065247  0.318955  0.001589
 -0.094589  0.277849 -0.011292  0.038595  0.01269   0.00593 ]
[-1.183961 -0.974852 -0.959021 -1.135078 -0.961257 -0.822678 -0.075274
  0.002257 -0.002215  0.081266 -0.063838  0.042121 -0.079047 -0.053339
 -0.045699 -0.092953  0.097563 -0.022247  0.018865  0.023187]
[-0.935051 -0.955162 -0.543528 -1.097283 -0.678775 -0.73676  -0.056088
 -0.086127 -0.002679  0.042278 -0.079212  0.024176 -0.082077 -0.125231
  0.055904  0.011883  0.077417 -0.069412 -0.002128  0.009076]
[ -3.569490e-01  -5.218098e-01  -5.639159e-01  -4.540032e-01  -4.728645e-01
  -7.914408e-01   3.840214e-02  -1.144185e-01   7.174898e-02   1.806309e-02
   2.145233e-02   1.346098e-01   3.592491e-02   8.700006e-03  -1.553339e-01
   3.477137e-02  -2.091628e-02   1.381616e-01  -3.416945e-02  -5.495490e-04]
[-0.759032 -0.954168 -0.746953 -0.834333 -0.633487 -0.849307 -0.001886
 -0.058769  0.133415  0.019804 -0.026111  0.093771  0.065488  0.019896
 -0.113474  0.036112 -0.019386 -0.004436 -0.022013 -0.01956 ]
[-1.054911 -0.968585 -0.958844 -0.827275 -0.907479 -0.757149  0.040255
 -0.038086 -0.086914  0.209964  0.045623 -0.047582 -0.033125  0.017773
 -0.037441 -0.008696  0.142909  0.047177 -0.049879 -0.046886]
[-0.913499 -0.84519  -0.770771 -0.845876 -0.732382 -0.755428  0.0065
 -0.005445 -0.024657  0.013115 -0.111854 -0.030268 -0.095978 -0.065103
  0.007809 -0.053035  0.047763 -0.038464  0.012098  0.00757 ]
[-1.039564 -1.050445 -0.952395 -0.99752  -1.048698 -0.872704  0.062237
  0.026759 -0.008491 -0.037679  0.147991 -0.043745 -0.060272  0.155016
  0.023788 -0.150687 -0.073243 -0.004892 -0.05988  -0.005094]
[-0.957258 -0.822529 -0.864908 -1.13746  -1.019303 -0.920342 -0.07852
 -0.102791  0.122023 -0.038859  0.287848  0.111794  0.173805  0.160159
 -0.091123  0.306141 -0.066479 -0.030635 -0.010133 -0.04648 ]
[-0.921318 -1.072134 -0.733546 -1.070603 -0.584229 -0.668163  0.052298
  0.077953 -0.129517  0.153882  0.004615 -0.032416  0.070809  0.02042
 -0.004549  0.048089  0.204644  0.079481  0.08931  -0.008996]
[-0.835453 -0.906154 -0.747631 -0.987471 -0.763915 -0.915848 -0.030522
 -0.064666  0.033715  0.11432   0.071646  0.07556   0.132354  0.109514
 -0.004664  0.094111  0.101537 -0.037432 -0.013738 -0.025115]
[-1.04838  -0.83203  -0.846861 -0.940142 -0.989744 -0.81546   0.08955
 -0.004065  0.107152  0.07135   0.097731  0.12768  -0.020172  0.106158
  0.009146  0.025524  0.060282  0.158522 -0.039536  0.037327]
[ -9.454086e-01  -9.610887e-01  -6.915534e-01  -9.004105e-01  -5.559672e-01
  -7.902820e-01   6.048818e-02  -6.677799e-02   3.609919e-02   6.675221e-02
  -1.543875e-01   5.037856e-02  -9.741501e-02  -1.532339e-01  -6.651402e-02
  -1.019924e-01   7.970219e-02   7.680657e-02   4.010761e-02   6.399706e-04]
[-0.946994 -1.212015 -1.197493 -0.940666 -0.907181 -1.044085  0.065193
 -0.081794  0.059903 -0.006338 -0.062453  0.080663 -0.036402 -0.040568
 -0.099828  0.02965   0.028658 -0.020499  0.012921  0.029883]
[-1.154372 -0.973132 -0.856927 -0.988435 -0.854898 -0.683853  0.060381
  0.010059  0.094528  0.006181 -0.080732  0.094985  0.200024 -0.019702
 -0.026569  0.289908 -0.003508  0.062656  0.017808 -0.017599]
[-0.778199 -0.789224 -1.02084  -0.641439 -0.909661 -0.948805 -0.097188
  0.074893  0.024956 -0.135412  0.141777  0.073217  0.08758   0.066516
  0.044604  0.020288 -0.081948 -0.126463  0.00284  -0.032896]
[-0.689929 -0.909111 -0.7871   -0.822257 -0.466212 -0.76794   0.032286
  0.093136  0.149422 -0.134585  0.105175  0.002669  0.081704  0.102705
  0.065975 -0.004393 -0.260228  0.072502 -0.107904 -0.058645]
[-0.789932 -1.096088 -1.01479  -0.694558 -0.514885 -0.971658 -0.024887
  0.083085  0.091197 -0.022744  0.040756  0.04421  -0.111544  0.057626
  0.119301 -0.109728 -0.028978 -0.072762  0.043926  0.006951]
[-0.759321 -1.036195 -0.840704 -0.909801 -0.898986 -1.271426 -0.098486
 -0.036981  0.109346  0.100515 -0.071675  0.14836   0.065847 -0.132085
  0.106585  0.013876  0.04333  -0.056227 -0.022453 -0.022877]
[-0.701829 -0.963489 -0.623984 -0.742675 -0.427414 -0.76102   0.048203
 -0.026783  0.015448 -0.170511 -0.085994 -0.002864 -0.028793 -0.111157
 -0.005509 -0.019298 -0.212566  0.133726 -0.024005 -0.018495]
[-0.936795 -0.911302 -0.845378 -1.021713 -1.037616 -0.981578  0.098043
  0.071037  0.04681   0.053177 -0.023279  0.037568  0.06901  -0.045423
  0.040284  0.055386  0.049567  0.244531  0.009081  0.012007]
[-0.844004 -0.875821 -0.713526 -0.925145 -0.833899 -0.756468  0.003756
 -0.094194  0.062412 -0.006829 -0.061659  0.071773  0.032418 -0.051776
 -0.119822  0.054019  0.046681 -0.054984 -0.012912  0.010222]
[-0.549682 -0.704686 -0.775926 -0.761139 -0.859945 -1.160173  0.078573
 -0.172909  0.252584  0.028591 -0.021441  0.190601 -0.038026 -0.151061
 -0.103113  0.039904  0.101819  0.113663 -0.023173 -0.030196]
[-1.109097 -0.750719 -1.073935 -0.402809 -0.682958 -0.364341  0.152483
 -0.147139  0.012713  0.082741 -0.093567  0.026249 -0.032095 -0.041047
 -0.197765 -0.079989  0.09284   0.276233 -0.036399 -0.032967]
[-0.729808 -0.571726 -0.498548 -0.819439 -0.875501 -0.752673 -0.079049
  0.221762  0.077653 -0.095821 -0.05574   0.126051 -0.039021 -0.04751
  0.260952 -0.091371 -0.127142 -0.100344  0.059384 -0.021054]
[ -8.119219e-01  -9.469328e-01  -7.358593e-01  -9.877324e-01  -5.300542e-01
  -7.157914e-01  -1.753240e-02   8.713344e-04   2.019541e-02  -9.133309e-02
   4.237894e-02  -9.108541e-03  -2.504104e-02   7.203500e-02  -1.690110e-02
  -8.979998e-02  -9.495782e-02  -2.403225e-02  -2.937452e-02   2.528477e-02]
[-1.06017  -0.948679 -0.955714 -0.922668 -0.942161 -0.892062  0.018174
  0.041963 -0.122047  0.145756  0.1211   -0.125309 -0.004644  0.08221
  0.037958 -0.040958  0.063912 -0.019032  0.02286  -0.0034  ]
[-0.856584 -0.959444 -0.796248 -0.896359 -0.795876 -0.911169  0.099884
 -0.042345 -0.006301 -0.017001  0.088523  0.015566 -0.109736  0.111001
 -0.069611 -0.09216   0.025676  0.064671  0.039802  0.014287]
[-0.907362 -0.761467 -0.927671 -0.496265 -0.751247 -0.464983  0.089943
  0.020449  0.042532 -0.212938  0.03468   0.007706  0.263655  0.011678
  0.053054  0.243453 -0.152416  0.153325  0.07407   0.034635]
[-1.120239 -0.986988 -0.77531  -0.836985 -0.668434 -0.558881  0.088588
  0.054886 -0.09681  -0.092159  0.002707 -0.068689  0.147724 -0.003279
 -0.028182  0.127275 -0.117866  0.023731 -0.015239  0.016044]
[-1.286973 -1.094595 -0.848251 -1.184283 -0.615511 -0.856148  0.037881
  0.120034 -0.147518 -0.066371 -0.095458 -0.210621 -0.044608 -0.057903
  0.053229 -0.073244 -0.117808 -0.094339 -0.003573  0.051132]
[-0.821473 -0.880405 -0.744277 -0.817005 -0.764789 -0.888771  0.017587
  0.046581 -0.081421  0.030584 -0.016545 -0.04166   0.019122 -0.075757
  0.003612 -0.062658 -0.019679  0.052962 -0.019851 -0.025584]
[-0.976802 -0.841384 -0.868868 -0.761854 -0.819802 -0.748244  0.070445
  0.08626   0.017223 -0.022898 -0.094396 -0.025796  0.033271 -0.071334
  0.092422  0.012741 -0.03892   0.052858  0.03666   0.003605]
[-0.919659 -0.709873 -0.639957 -0.935792 -0.738249 -0.679809 -0.018107
 -0.031241 -0.032622 -0.025644  0.114062 -0.050341  0.066659  0.097304
 -0.01      0.051766  0.01153  -0.052658 -0.030376  0.011461]
[-1.112302 -1.273515 -1.033561 -1.1434   -1.051031 -1.279817  0.030096
  0.015847  0.014743 -0.022086  0.055547  0.082687 -0.068513  0.044129
  0.119967 -0.01975  -0.058879  0.097574 -0.04838   0.012857]
[-1.092874 -1.068133 -0.892688 -1.190902 -0.729338 -0.762531 -0.047612
 -0.134214  0.146389 -0.134783  0.068496  0.071332  0.062793  0.059474
 -0.078182  0.115306 -0.17461  -0.007451  0.044512  0.008067]
[-1.137178 -1.035696 -0.954502 -1.089192 -1.013153 -0.918352 -0.002032
  0.054935 -0.077057  0.078903  0.143967 -0.168446  0.02409   0.093054
  0.080635 -0.029989  0.062516  0.045152  0.063214 -0.03758 ]
[-1.065863 -1.152729 -0.769559 -1.009693 -0.590956 -0.688721 -0.019925
  0.004062 -0.096803  0.041123  0.207647 -0.062526  0.180204  0.041399
 -0.038902  0.160083  0.082108 -0.100609  0.031398  0.020056]
[-0.887586 -0.849415 -0.839857 -0.936386 -0.975857 -0.866456  0.035687
  0.022825  0.045626  0.05434   0.009131 -0.008638  0.036011  0.035203
 -0.031162  0.040099  0.073057  0.012404 -0.042104 -0.012917]
[-0.970259 -0.891783 -0.883736 -0.997753 -0.963635 -0.950858  0.058441
 -0.121651 -0.032038  0.061939  0.060619 -0.002994 -0.064676  0.16809
 -0.052156  0.02531   0.025814  0.023731 -0.086045 -0.044598]
[-0.894357 -0.959351 -0.390361 -1.084762 -0.200831 -0.397747 -0.008898
  0.094883 -0.037016 -0.210136 -0.185866 -0.073944  0.00302  -0.120644
  0.065556 -0.123197 -0.316455  0.035226  0.014274  0.059322]
[-1.111038 -0.921628 -0.89901  -1.020327 -0.951595 -0.794768 -0.111297
  0.193976  0.180907 -0.083556 -0.025029  0.168872 -0.096956 -0.032879
  0.120223 -0.106481 -0.093625  0.017656  0.022352 -0.012142]
[ -1.308554e+00  -9.001264e-01  -8.052133e-01  -1.028325e+00  -9.379240e-01
  -6.694785e-01   2.994075e-02   1.047692e-04  -5.619722e-02   8.616941e-02
   1.258422e-01  -4.127963e-02   3.952281e-02   1.047798e-01  -2.116903e-02
   1.924325e-02   4.575125e-02   4.927875e-03   5.574270e-02  -1.101603e-03]
[-1.25438  -1.070884 -1.160168 -1.141935 -1.236389 -1.164977  0.083145
 -0.007458  0.01396   0.144176  0.085084 -0.063966  0.087477  0.034523
 -0.018016  0.22558   0.202057  0.043005 -0.114063 -0.004343]
[ -7.538712e-01  -7.945427e-01  -9.554930e-01  -6.120295e-01  -7.632233e-01
  -9.541333e-01  -1.136563e-01  -1.022941e-01  -3.636102e-02  -4.520980e-02
   3.632815e-03   4.594360e-02  -7.242452e-02  -9.302601e-04  -1.337034e-01
  -8.273872e-02  -3.535357e-02  -2.128086e-01  -8.192622e-02  -8.941473e-03]
[-0.693965 -0.705203 -0.722518 -0.739507 -0.881433 -0.801079 -0.221626
  0.016971  0.077609 -0.157661 -0.005285 -0.007706  0.059721  0.003969
 -0.030572 -0.00246  -0.124765 -0.274682  0.047379 -0.022885]
[-1.238535 -1.010923 -1.042112 -1.077385 -1.135935 -0.99647   0.09873
 -0.030448  0.062126  0.117183 -0.016673  0.038041 -0.151106 -0.094564
 -0.023632 -0.132373  0.162853  0.025583 -0.037393 -0.051609]
[ -9.376278e-01  -8.762021e-01  -6.837189e-01  -8.738113e-01  -7.144770e-01
  -6.597762e-01   3.559108e-02  -5.947914e-03  -1.126986e-01  -1.217313e-01
   5.265580e-02  -6.308517e-02  -5.727460e-02   7.247163e-02  -2.187859e-03
  -1.123150e-02  -1.428812e-01  -7.423509e-05  -3.031062e-02   5.702520e-03]
[-1.020814 -0.85251  -0.963857 -1.017647 -1.081409 -0.897195 -0.099918
 -0.044356  0.015108 -0.103028  0.094089  0.032294  0.086584  0.075506
 -0.044026  0.061005 -0.092944 -0.194221  0.024653  0.052687]
[-0.676681 -0.953296 -0.794865 -0.566083 -0.522689 -0.706021  0.095211
 -0.056308  0.066575 -0.191491  0.033677  0.034523  0.009209  0.046543
 -0.052615 -0.001684 -0.196947  0.076917  0.014564  0.001961]
[-1.184028 -1.175848 -1.030134 -1.1429   -1.14442  -1.039726 -0.026596
 -0.059758  0.008078  0.176055 -0.063567 -0.135774  0.054194 -0.053697
 -0.012794  0.043891  0.121075 -0.026638 -0.100073 -0.021319]
[-0.810427 -0.779801 -0.461644 -1.013958 -0.726031 -0.622672 -0.03535
  0.014028  0.038416  0.031188  0.010767  0.005051 -0.017405 -0.007893
  0.040165 -0.032416  0.09011   0.015109 -0.05294  -0.006606]
[-1.104819 -1.087419 -0.916883 -1.044545 -0.884395 -0.968237  0.117303
  0.145727 -0.043516 -0.034439 -0.181464 -0.033227  0.100084 -0.175445
  0.199972  0.211576  0.041789  0.023626  0.020615  0.006859]
[-0.864032 -0.890675 -0.820578 -0.850391 -0.785483 -0.893553  0.030009
 -0.068796 -0.008006  0.091581 -0.172057  0.05205  -0.044068 -0.177892
 -0.063202 -0.005825  0.048092  0.07697   0.024411  0.001806]
[-1.098546 -1.041565 -0.835225 -1.174327 -1.06806  -1.035951  0.073749
 -0.014389  0.093507  0.03238  -0.114388  0.027058 -0.023974 -0.094453
 -0.062515 -0.020253  0.03855   0.02114   0.019521  0.007999]
[-0.899806 -1.02769  -0.888093 -0.947306 -0.819272 -0.987162  0.164993
 -0.069255 -0.030454  0.072177  0.055486  0.025611  0.086134  0.140699
  0.001162  0.082017  0.099005  0.037057  0.056847  0.053826]
[-0.893713 -0.890408 -0.763378 -0.879877 -0.705948 -0.793084 -0.031202
  0.160374  0.065535  0.101953 -0.148358  0.026125  0.011456 -0.123088
  0.144326 -0.047453  0.114416 -0.025691  0.088339 -0.004664]
[-0.700191 -0.819784 -0.743271 -0.660708 -0.477144 -0.727982 -0.052641
  0.022285 -0.075811  0.100663  0.023336 -0.034807  0.011131 -0.020362
 -0.020179  0.021234  0.092552 -0.020979 -0.025892  0.013727]
[ -9.668747e-01  -5.074176e-01  -9.613798e-01  -8.309405e-01  -9.945086e-01
  -7.630865e-01   7.127006e-02  -2.659555e-02  -9.083350e-02  -1.050650e-01
   4.777012e-02   8.812375e-02  -1.078170e-01  -2.538279e-02  -7.428687e-02
  -9.328842e-02  -2.253957e-02  -4.578402e-02   4.955310e-04   2.747944e-02]
[ -7.352152e-01  -8.601084e-01  -9.469862e-01  -8.164693e-01  -8.202269e-01
  -1.035581e+00  -4.340614e-06   6.800097e-03   4.169005e-02  -3.497750e-03
   9.175050e-03   3.229777e-02   6.980347e-02  -3.340781e-03   1.104891e-02
   3.670303e-02   9.384987e-03   4.456289e-02  -6.075696e-03   2.779813e-03]
[-0.915688 -0.965303 -0.722541 -1.029237 -0.723742 -0.78644   0.127108
  0.04811   0.132748 -0.070791 -0.007947  0.070496 -0.063427  0.084734
  0.042428 -0.00235  -0.027359  0.112205  0.057024  0.002568]
('Mean', 1, ': ', -0.91568825569513213)
('Median', 1, ': ', -0.91568825569513213)
('Variance', 1, ': ', 0.0)
('Mean', 2, ': ', -0.96530347712492215)
('Median', 2, ': ', -0.96530347712492215)
('Variance', 2, ': ', 0.0)
('Mean', 3, ': ', -0.72254138483851527)
('Median', 3, ': ', -0.72254138483851527)
('Variance', 3, ': ', 0.0)
('Mean', 4, ': ', -1.0292367638169029)
('Median', 4, ': ', -1.0292367638169029)
('Variance', 4, ': ', 0.0)
('Mean', 5, ': ', -0.72374199844023901)
('Median', 5, ': ', -0.72374199844023901)
('Variance', 5, ': ', 0.0)
('Mean', 6, ': ', -0.78643966572330881)
('Median', 6, ': ', -0.78643966572330881)
('Variance', 6, ': ', 0.0)
('time: ', 11075.372762918472)
