“Running plot script on a single CPU core”
[-0.853499 -1.054215 -0.9764   -0.640664 -0.540428 -0.957586  0.012712
 -0.043337  0.032689  0.033053 -0.023553 -0.026887 -0.133624 -0.076136
 -0.001325 -0.102535 -0.015919 -0.009111  0.086067 -0.004268]
[-0.718465 -0.784333 -0.740743 -0.947218 -0.855686 -0.942676 -0.004772
 -0.063482 -0.072135 -0.045937 -0.094673 -0.089163 -0.076231 -0.071906
 -0.051127 -0.08273  -0.030035  0.036109  0.065017  0.024889]
[-0.949324 -1.027514 -0.967696 -1.033953 -0.999921 -1.166096  0.09465
  0.104546  0.102104 -0.082538 -0.023916  0.120226 -0.025606 -0.016996
  0.033938  0.037858 -0.072071  0.066817  0.062917 -0.01633 ]
[-1.087627 -1.114987 -0.900146 -1.092871 -0.918401 -0.946215 -0.134416
  0.012419 -0.012581  0.07198   0.041214 -0.029486 -0.046222  0.013343
  0.005613 -0.054631  0.026583 -0.117082 -0.070831  0.003502]
[-0.789772 -0.792003 -0.663748 -0.771768 -0.7599   -0.846682 -0.048815
  0.053349  0.027381 -0.15218   0.042051 -0.040104  0.110757  0.043004
 -0.030583  0.109276 -0.089094  0.011108 -0.002674  0.023619]
[-0.865621 -1.030081 -1.093181 -0.669752 -0.767049 -0.732526 -0.216873
  0.012813  0.138999 -0.045895 -0.040183  0.126178  0.156648 -0.069763
  0.050433  0.054551  0.025409 -0.131468 -0.031933 -0.032933]
[-0.916503 -0.722995 -0.908357 -0.888914 -1.015741 -0.991308  0.036721
  0.022881 -0.062109 -0.038316  0.039804 -0.042061  0.025332  0.081049
  0.006505  0.09665  -0.043326  0.049094 -0.017389  0.008303]
[-0.93711  -0.948967 -0.75964  -0.872015 -0.736698 -0.806742 -0.035509
 -0.065095 -0.056618 -0.082481  0.079424 -0.021536  0.022588  0.051363
 -0.07679   0.009578 -0.073381 -0.004037  0.001185 -0.001132]
[-0.74697  -0.872539 -0.517075 -0.664349 -0.325508 -0.37903   0.076256
 -0.043164 -0.069224  0.055056  0.007725 -0.061051  0.029057  0.01259
 -0.040844  0.016297  0.080409  0.077274 -0.07336  -0.0241  ]
[-1.234103 -1.249553 -1.196402 -1.070083 -0.954853 -1.06608  -0.005629
 -0.090006 -0.062221 -0.044079  0.009679 -0.074531 -0.053294 -0.064152
 -0.106824 -0.010686 -0.068079 -0.10057  -0.053551 -0.093791]
[-0.884017 -0.996311 -0.914813 -0.873814 -0.801727 -1.004781  0.125251
  0.103943 -0.062081 -0.042398  0.026543 -0.100725  0.045036  0.038687
 -0.016341 -0.026603  0.003478 -0.004584  0.084201 -0.01233 ]
[-0.931198 -0.846731 -0.640487 -0.808265 -0.611569 -0.620021 -0.022561
 -0.015418 -0.122015 -0.006529  0.00787  -0.036128 -0.019003 -0.00367
  0.038051 -0.043806 -0.045445 -0.047163 -0.019573 -0.021606]
[-0.77431  -0.884193 -0.852909 -0.880891 -0.772889 -0.896722 -0.025258
 -0.042131 -0.042154 -0.030778 -0.026017 -0.018248 -0.049758 -0.023606
 -0.016333 -0.008269 -0.042317  0.002824  0.025465 -0.012213]
[-0.708531 -1.220259 -1.000595 -0.82077  -0.557138 -1.05208  -0.045669
 -0.067624 -0.035439  0.057933  0.110371 -0.069241 -0.130215  0.147927
  0.027942 -0.040519  0.07389  -0.042774  0.011391  0.025644]
[-0.970019 -0.844768 -0.934625 -0.715825 -0.783062 -0.72846   0.131761
  0.010345  0.017368  0.10136  -0.052786  0.027268  0.072237 -0.085804
 -0.010522  0.038938  0.025316  0.131513 -0.053616 -0.011716]
[-0.839958 -0.994043 -1.204325 -0.730837 -0.982575 -0.958258 -0.055624
 -0.050109 -0.089882  0.071545 -0.030078 -0.040343  0.08651  -0.079641
  0.010704  0.081127  0.124574 -0.104685  0.071199 -0.005199]
[-0.784187 -0.719776 -0.597205 -0.976088 -0.815162 -1.029864 -0.001778
 -0.097999  0.088822  0.058121 -0.057465 -0.023117  0.001413  0.007236
 -0.037879 -0.043291  0.04625  -0.022607 -0.02776  -0.046242]
[-0.590912 -0.77816  -0.880594 -0.534232 -0.728736 -0.848586  0.195898
 -0.13363   0.137526  0.069112 -0.075518  0.134091 -0.030378 -0.107714
 -0.128762 -0.067116  0.069019  0.172669  0.041935  0.042602]
[ -8.878902e-01  -9.833619e-01  -8.092062e-01  -1.005169e+00  -9.708967e-01
  -9.670931e-01   3.957710e-02   7.731506e-02   4.225831e-02   3.939716e-02
  -2.276523e-02   1.014691e-01   6.032714e-02  -1.419678e-02   1.028104e-01
   1.373071e-02  -2.472995e-02  -5.513168e-04   6.050315e-02  -4.703407e-02]
[-0.999491 -0.966462 -0.865873 -0.910515 -0.972689 -0.958845 -0.100851
  0.092833 -0.020633 -0.064247  0.069787 -0.017258 -0.127435  0.010209
  0.126082 -0.088838 -0.104612 -0.064546  0.038834 -0.024196]
[ -7.304185e-01  -8.106468e-01  -8.576458e-01  -6.770129e-01  -7.790571e-01
  -8.217870e-01  -6.110701e-02   8.592227e-02  -3.942210e-04   3.974891e-02
  -1.549812e-01   2.986458e-02   6.645442e-02  -1.487442e-01   1.464823e-01
   1.016900e-01   7.896421e-02  -2.160982e-02   1.430951e-02   2.973645e-02]
[-1.251665 -0.930223 -0.746399 -1.030257 -0.802604 -0.491167 -0.161911
 -0.046982  0.106681 -0.011585  0.17109  -0.034279 -0.108254  0.131165
  0.019129 -0.122729 -0.018101 -0.129852  0.044981  0.004449]
[-1.164978 -0.903429 -1.001546 -0.965521 -1.113824 -0.765635 -0.034876
 -0.010183 -0.041333 -0.010879  0.012171 -0.127594  0.009149 -0.071145
 -0.047468 -0.034408 -0.024431 -0.011784  0.065559  0.033936]
[-1.185565 -0.756164 -1.212202 -0.663691 -1.033352 -0.521573 -0.072224
  0.029778 -0.036836 -0.059167  0.135161 -0.002755  0.179962  0.01131
  0.049855  0.228307 -0.042495 -0.054135 -0.021212 -0.002523]
[ -1.056475e+00  -8.585785e-01  -7.437679e-01  -1.138657e+00  -8.841034e-01
  -9.794007e-01  -4.517799e-02  -3.746399e-02   6.690011e-02   3.085458e-02
   1.245711e-01   1.136910e-02  -1.537814e-02   1.066203e-01  -1.962824e-02
   6.902929e-03  -1.389672e-02  -8.209027e-04   3.858898e-02  -2.290269e-02]
[-0.950129 -0.844492 -0.986284 -0.630292 -0.984323 -0.915124 -0.015642
  0.132657  0.016581 -0.081348  0.092873  0.073619 -0.033763  0.13005
  0.134316 -0.015179 -0.100632 -0.078471  0.045096 -0.029883]
[-1.222745 -1.1114   -1.061186 -0.953392 -1.021023 -0.737968 -0.023639
 -0.031815  0.050929 -0.066305  0.07916   0.232801  0.182703 -0.017231
 -0.115302  0.131883 -0.009976 -0.116183 -0.083452 -0.031031]
[-0.710805 -0.587027 -0.867761 -0.553944 -0.70079  -0.862685 -0.098953
 -0.030424 -0.042004  0.209422  0.047616 -0.045281 -0.146912  0.0558
 -0.008096 -0.071872  0.211198 -0.153397 -0.043812 -0.015653]
[-0.773821 -0.701376 -0.943384 -0.615204 -0.831756 -0.751656  0.002053
  0.011915 -0.14449  -0.014918 -0.025423 -0.129955 -0.011108 -0.0201
  0.054437 -0.043828 -0.043155  0.006629  0.043882  0.012506]
[-0.950247 -0.732095 -0.571187 -0.896896 -0.925527 -0.996977 -0.005997
  0.061649 -0.052926 -0.055311 -0.06515  -0.023308 -0.071685 -0.159692
  0.060068 -0.048721  0.046402  0.047525  0.002928 -0.007118]
[-1.127851 -0.908846 -0.979225 -0.925372 -0.971085 -0.799021  0.060839
  0.013812 -0.047806  0.006471 -0.070827 -0.107904 -0.21312  -0.05221
 -0.048957 -0.210034  0.016115  0.077395  0.020979  0.022316]
[-1.066079 -0.982817 -0.854504 -1.073246 -0.899255 -1.032203  0.151644
  0.001599 -0.044485 -0.041936 -0.062239 -0.004531 -0.067177  0.008507
  0.003146 -0.082433 -0.11317  -0.024556  0.028834  0.035466]
[-0.97851  -1.066815 -0.876553 -1.079816 -0.987582 -0.900605  0.036563
 -0.038647  0.120134 -0.081009 -0.028765  0.154339 -0.115766 -0.061169
 -0.026522 -0.072531 -0.044071  0.054075 -0.023831  0.011218]
[-1.332795 -1.19932  -1.220914 -1.076407 -1.17991  -1.20256   0.07569
  0.069488  0.09029   0.137909 -0.010483 -0.006022 -0.044666 -0.035191
  0.084601 -0.07725   0.031211 -0.024711  0.063514 -0.015744]
[-0.788254 -0.910887 -0.672611 -0.904929 -0.529589 -0.695064 -0.073738
  0.02536  -0.073978 -0.208955 -0.003648 -0.079547 -0.167242 -0.00273
  0.042205 -0.143593 -0.292238 -0.147556 -0.046991 -0.040774]
[-1.089664 -1.008312 -0.919333 -1.009238 -1.064258 -0.922952 -0.021603
 -0.042681 -0.022724  0.073958  0.016126  0.139792  0.077609  0.147679
 -0.00258   0.052167 -0.006831  0.057609 -0.007049  0.001548]
[-0.941211 -0.946176 -0.914792 -0.849883 -0.742493 -0.854754 -0.0808
 -0.057317  0.116907 -0.016436 -0.061193  0.092905  0.039323 -0.078515
 -0.082186  0.016373 -0.026252 -0.083817  0.001179  0.004153]
[-1.109885 -0.85014  -0.827084 -0.988067 -1.166686 -0.65633  -0.074412
 -0.031821 -0.040414 -0.054323  0.042139 -0.063761 -0.30379   0.099305
  0.025618 -0.178779 -0.101994 -0.028517  0.052865  0.01565 ]
[-0.744571 -1.005916 -0.770207 -1.081729 -0.753725 -1.157659 -0.016931
 -0.034176  0.106274 -0.036205  0.015753  0.01961  -0.001189  0.022816
 -0.093303  0.008738  0.017228  0.102191  0.075227 -0.00793 ]
[-0.902008 -0.93179  -0.862951 -0.850052 -0.873971 -0.911892  0.066797
  0.040132  0.070532 -0.004293  0.080648  0.089584 -0.030713  0.092508
  0.044264  0.030854 -0.05666   0.086005  0.070623 -0.043756]
[-0.864099 -0.880253 -0.898748 -0.711082 -0.8026   -0.820507 -0.034804
  0.067519 -0.172    -0.072391  0.077024 -0.169576  0.04958   0.064401
  0.018808  0.015965 -0.001233  0.032091 -0.093079 -0.002454]
[-0.839549 -0.942888 -0.717138 -0.795931 -0.580999 -0.632678  0.141514
 -0.048329 -0.034948 -0.060556  0.047679  0.021476 -0.180067  0.090814
 -0.125699 -0.058598 -0.031524  0.08243   0.01288   0.072086]
[-0.980627 -0.832483 -0.931923 -0.88087  -0.94398  -0.84317   0.027183
  0.02787  -0.0594   -0.005556 -0.044358 -0.104536 -0.005398 -0.040373
 -0.002721 -0.005013  0.078721  0.031823  0.022766  0.004701]
[-0.873566 -0.964415 -0.755701 -0.877608 -0.6906   -0.767779  0.01528
 -0.06435  -0.001969  0.032914 -0.009814  0.006354 -0.02472  -0.006145
 -0.025484 -0.038632  0.072773  0.088351  0.006172  0.00916 ]
[-0.720662 -0.6646   -0.615872 -0.694809 -0.684176 -0.681266 -0.045894
 -0.015003  0.008367 -0.085151  0.022067  0.03737   0.054636  0.024329
 -0.018273  0.029866 -0.078658 -0.033147 -0.037294 -0.013035]
[-0.739226 -0.672376 -0.582695 -0.761192 -0.694231 -0.721591 -0.0141
  0.123313  0.111361  0.029675  0.038782  0.071119  0.035068  0.011861
  0.174184  0.006517  0.058866  0.030726 -0.017126 -0.010765]
[-0.972683 -0.952456 -0.884976 -0.894559 -0.839535 -0.805483 -0.033272
 -0.050233  0.002275  0.038087 -0.025767  0.045398 -0.085071 -0.020241
 -0.034727 -0.085388  0.055084  0.039751  0.083233  0.044745]
[ -8.314562e-01  -8.553646e-01  -7.659775e-01  -7.987930e-01  -7.259844e-01
  -7.526178e-01   1.966758e-02   1.052545e-01   3.192144e-02  -2.531334e-02
  -2.662181e-05   4.033006e-02  -2.427143e-02   2.695216e-02   1.422832e-01
   1.309015e-02  -3.608379e-02   7.355933e-02  -9.731855e-03   2.328875e-02]
[ -9.056249e-01  -9.168354e-01  -8.111747e-01  -1.089391e+00  -1.002846e+00
  -1.019502e+00  -8.571066e-03  -9.279511e-02  -1.247701e-01   3.452991e-02
  -1.405288e-01  -1.274935e-01  -2.305438e-04  -1.347888e-01  -9.580383e-02
   3.295122e-02  -8.559768e-03   2.542635e-02   2.364535e-02  -3.403257e-03]
[ -9.491364e-01  -1.200713e+00  -9.577284e-01  -8.958509e-01  -6.874978e-01
  -9.986875e-01   6.316515e-03   9.274538e-02  -8.933350e-02  -6.351646e-02
   1.341213e-01  -2.289556e-02   1.279354e-01   1.620020e-01   4.525091e-04
   1.139643e-01  -1.289088e-01   1.140746e-01   1.182118e-02   6.263336e-02]
[ -1.008461e+00  -7.221013e-01  -7.454815e-01  -7.734601e-01  -9.935592e-01
  -5.602971e-01  -5.734365e-02   5.248808e-02  -4.946088e-03   1.469420e-02
   1.133405e-02   2.146751e-04  -5.163267e-02   4.509875e-02   1.018119e-01
  -7.949866e-02   2.092122e-02  -1.762954e-01  -2.783217e-02   3.522658e-02]
[-1.008572 -0.838162 -1.03548  -0.685949 -0.82788  -0.816022  0.077212
  0.051138 -0.052636  0.005184  0.055583 -0.083014 -0.06561   0.069008
  0.013928 -0.042704 -0.005381  0.108816  0.06688  -0.008116]
[-0.794257 -0.833418 -1.089762 -0.721797 -0.851824 -1.002367  0.140639
  0.07341  -0.109637 -0.074713 -0.211648 -0.172509  0.118012 -0.159535
  0.044393  0.069969 -0.055825  0.331462 -0.078884 -0.058163]
[-0.80851  -0.653949 -0.659451 -0.816717 -0.789579 -0.742992 -0.01214
 -0.015616  0.006044  0.027821  0.009077  0.038348 -0.018557  0.027838
 -0.02832  -0.051867  0.008166 -0.061961 -0.004178  0.039575]
[ -9.804623e-01  -1.147414e+00  -9.456071e-01  -8.857332e-01  -8.223395e-01
  -9.041479e-01   4.529460e-02   9.308106e-03   3.750779e-04  -1.845645e-03
  -9.883961e-02  -2.129405e-02  -1.930895e-02  -8.136508e-02  -1.853600e-02
   1.174175e-01   1.996461e-03   5.259143e-02  -1.355216e-02   5.568526e-03]
[-0.881248 -0.952584 -1.273011 -0.686002 -0.944248 -1.128154 -0.140778
  0.019826  0.149543  0.120813 -0.118507  0.052466 -0.071702 -0.253562
  0.004312 -0.026561  0.051269 -0.040922  0.105229  0.022848]
[-0.886356 -0.749325 -0.790831 -0.853656 -0.794061 -0.848339  0.038351
  0.027841 -0.040532  0.002402  0.019449 -0.068853  0.007556  0.027398
 -0.006767 -0.035286 -0.038149 -0.009456 -0.012517 -0.01604 ]
[-0.974575 -0.810681 -0.527171 -0.872386 -0.566214 -0.576295 -0.204683
  0.075841  0.051596 -0.030462 -0.050225  0.04258   0.023625 -0.122655
 -0.021459 -0.008548 -0.004803 -0.17326  -0.013952  0.019296]
[-0.948469 -1.012874 -1.067598 -0.862346 -0.918843 -0.973947 -0.008045
 -0.026509 -0.008781  0.10146   0.077628 -0.081797  0.002966  0.032763
  0.023712 -0.023775  0.040367  0.058349  0.030924  0.024063]
[-1.048886 -0.857463 -0.521509 -0.973951 -0.750704 -0.45438   0.078746
 -0.045585 -0.006494  0.079519 -0.113289  0.027158  0.034428 -0.096192
  0.04386   0.041116  0.114537  0.052509 -0.0068   -0.010222]
[-1.081033 -1.044594 -0.795027 -1.013198 -0.819277 -0.76716   0.042764
 -0.005095  0.05037   0.148227  0.058377  0.041724  0.110883  0.129673
  0.044521  0.196218  0.14409   0.048041  0.03825  -0.00419 ]
[ -1.036011e+00  -1.271193e+00  -1.005017e+00  -9.585633e-01  -7.968848e-01
  -1.087999e+00  -6.978826e-02   2.476955e-02   1.186530e-01  -8.481295e-02
   8.229168e-02   5.369083e-02  -4.331680e-04   7.437351e-02   4.945292e-03
  -3.688359e-02  -7.849410e-02  -7.877939e-02  -1.555162e-02   8.141216e-04]
[-1.07796  -0.794237 -0.980152 -0.732551 -0.954949 -0.820583  0.004238
  0.102553  0.035118  0.012439 -0.065665  0.052039  0.084532 -0.109264
  0.27236   0.052511 -0.12891  -0.026482  0.022511  0.0386  ]
[-0.873139 -0.728633 -0.62578  -0.793629 -0.710226 -0.602898  0.028443
  0.010959  0.01253  -0.050971 -0.049647 -0.009222 -0.099974 -0.039103
  0.047711 -0.091136 -0.071045  0.032092  0.008968 -0.002904]
[-0.80954  -0.927124 -0.949322 -0.705417 -0.742834 -0.903189 -0.081091
  0.093096  0.024151  0.071663 -0.002756  0.027213  0.079758 -0.093497
  0.076321  0.040769  0.007831 -0.042604 -0.041771 -0.004255]
[-0.957916 -0.923553 -0.974114 -0.777083 -0.79112  -0.878364  0.122156
 -0.153821  0.171726  0.079605 -0.059045  0.132404 -0.079238  0.009846
 -0.19655   0.076011  0.119933  0.096894 -0.004771 -0.007331]
[-0.794329 -0.815103 -0.72505  -0.952132 -0.927054 -0.940378 -0.033483
  0.010235 -0.153132 -0.152859 -0.062596 -0.149124 -0.086877 -0.025386
 -0.015099 -0.115328 -0.214889  0.023515 -0.05542  -0.032911]
[ -9.918525e-01  -7.223513e-01  -9.082100e-01  -6.556118e-01  -8.830227e-01
  -6.326597e-01  -1.373468e-02   4.811079e-02  -1.546044e-02   1.207835e-02
   5.692084e-02  -3.215977e-02  -5.069694e-02   1.109497e-02   6.265018e-02
  -8.877994e-03  -2.270215e-02  -4.829266e-03  -1.765035e-02  -9.891133e-04]
[ -1.087440e+00  -1.192909e+00  -1.047861e+00  -9.918882e-01  -9.609353e-01
  -8.727659e-01   1.709356e-01   3.033102e-02  -3.619697e-02  -1.643007e-01
   8.951519e-02   1.021004e-01   9.932816e-02   9.034552e-02   4.551278e-02
   6.554723e-02  -1.357591e-01   6.183361e-02  -5.524606e-02  -7.758645e-04]
[-0.768941 -0.675546 -0.877733 -0.806512 -1.054626 -0.831476  0.010304
  0.028879  0.057163 -0.046977  0.005916  0.12286  -0.131694  0.055825
  0.001189 -0.158356 -0.059669 -0.061993 -0.008826 -0.005201]
[-0.848057 -0.843824 -0.790474 -0.729837 -0.653837 -0.629079 -0.027035
  0.002739  0.074228 -0.02562  -0.106819  0.017873 -0.045911 -0.129034
 -0.029302 -0.029479 -0.038362 -0.032747  0.034657  0.013906]
[-1.049698 -0.980871 -0.945269 -0.967956 -0.949953 -1.034132 -0.041912
 -0.053959  0.005941  0.131     0.07674  -0.049594  0.086745  0.062631
 -0.040567  0.110369  0.137918 -0.147249  0.019332  0.012425]
[ -1.099598e+00  -7.804249e-01  -9.834700e-01  -8.568308e-01  -1.099907e+00
  -5.492444e-01  -4.873980e-02   9.218246e-03   5.412469e-02  -6.758238e-04
   5.431402e-02   7.947422e-02  -4.080213e-02   4.862412e-02   8.207184e-03
  -8.916981e-02   7.892881e-03  -3.437006e-02   2.373947e-02   7.170033e-02]
[-1.037446 -0.709706 -0.979139 -0.843406 -0.924868 -0.794242  0.176102
  0.132644 -0.030525 -0.168206 -0.118964 -0.016431  0.039103 -0.08689
  0.196757 -0.059247 -0.073697  0.168898 -0.019056 -0.036656]
[-1.09639  -0.982562 -1.031929 -0.978017 -0.88724  -0.888434 -0.061316
 -0.022386 -0.057548 -0.002602 -0.064426 -0.050593 -0.020947 -0.008998
 -0.065272 -0.02411  -0.004361  0.042295  0.057768  0.053361]
[-0.785525 -0.886499 -0.923298 -0.876639 -0.779946 -0.993899 -0.078142
  0.016107 -0.027927 -0.007108 -0.026747 -0.022288 -0.133072 -0.064226
  0.02399  -0.126642 -0.042759 -0.169392 -0.011018  0.017424]
[-0.989251 -0.592605 -0.932595 -0.467151 -0.711826 -0.397524 -0.054735
  0.056887  0.01833  -0.018497  0.070878  0.064452 -0.15316   0.125521
  0.094548 -0.111959 -0.016591 -0.13605  -0.064889 -0.026901]
[-0.685441 -0.687684 -0.604394 -0.649853 -0.574649 -0.589892 -0.009245
  0.066135 -0.039442  0.063935 -0.030509 -0.05578  -0.006578 -0.041953
  0.055496  0.006504  0.051779 -0.00577   0.013193 -0.01925 ]
[-0.702179 -0.790259 -0.653928 -0.664081 -0.664829 -0.563361  0.001567
  0.060901 -0.027534  0.043123 -0.0838    0.070048  0.080536 -0.128579
  0.07101   0.168561  0.092615 -0.084319 -0.001366  0.010458]
[-1.260311 -1.102821 -1.019119 -1.080335 -0.869143 -0.928935 -0.065244
  0.02197  -0.065054  0.115471  0.001603  0.011375  0.088645  0.08062
 -0.059321 -0.008466  0.089947 -0.03855   0.079918  0.008322]
[ -1.000914e+00  -8.491614e-01  -9.557990e-01  -9.827413e-01  -1.084594e+00
  -1.103534e+00  -1.078125e-01   3.553167e-02  -5.447486e-03  -1.379672e-01
  -2.375541e-01  -1.153816e-01   4.130574e-02  -1.543440e-01   9.812153e-03
   4.318191e-04  -1.817387e-02  -1.074546e-01   7.830579e-03  -4.416106e-03]
[ -6.955660e-01  -7.785702e-01  -6.340624e-01  -7.282403e-01  -6.721308e-01
  -6.805503e-01   1.501659e-01  -1.816206e-01   5.092872e-04  -8.551286e-02
   1.041270e-01   1.971884e-02   1.337131e-01   1.305268e-01  -2.057328e-01
   9.601143e-02  -7.465625e-02   1.910303e-01   2.250921e-02   2.881929e-02]
[ -8.226973e-01  -9.163944e-01  -1.057106e+00  -8.327761e-01  -1.110279e+00
  -1.200560e+00  -8.892608e-03  -5.706166e-02   2.589162e-04  -6.849251e-02
   1.766387e-02   3.369471e-03   1.609645e-01   3.556936e-02  -7.814845e-02
   8.386386e-02  -9.563645e-02   4.617198e-02   1.967617e-02  -7.007657e-03]
[-0.830803 -0.764756 -0.76192  -0.908908 -0.790752 -0.763454  0.095146
 -0.026647  0.00955   0.052309 -0.112266 -0.016072  0.060679 -0.093368
  0.016843  0.0476   -0.001883  0.065465 -0.0311   -0.035079]
[-0.904989 -0.684438 -0.816817 -0.650565 -0.772288 -0.680362  0.043
  0.031579 -0.008734  0.073266 -0.021112 -0.009812  0.038775 -0.017484
  0.025397 -0.033899  0.079521  0.132532 -0.051637  0.001966]
[-1.155709 -0.876731 -1.052089 -0.883096 -0.892754 -0.737627 -0.048385
  0.032872 -0.104648 -0.180071 -0.177409 -0.148075 -0.227466 -0.214965
  0.066395 -0.224483 -0.182358 -0.177825 -0.04248   0.006821]
[-1.329417 -0.896228 -0.942371 -1.171974 -1.360777 -1.230433 -0.099524
  0.032555  0.045469 -0.033652 -0.024884 -0.02047   0.036281  0.019207
  0.079436  0.120175  0.0112   -0.119957  0.067543  0.070192]
[-1.187537 -1.066435 -1.304726 -0.670726 -0.947219 -0.857021 -0.048044
 -0.057797 -0.144633  0.00518   0.036332 -0.016477 -0.062157  0.094784
 -0.13833  -0.098384  0.128746  0.007466 -0.014551  0.027465]
[-0.99082  -0.9023   -0.701937 -1.052744 -0.632624 -0.742023 -0.089565
 -0.011087  0.1012   -0.092098  0.073113  0.1217   -0.038361 -0.026254
  0.033761 -0.118222 -0.180218  0.056648 -0.012367  0.020594]
[ -7.549406e-01  -7.757060e-01  -6.881646e-01  -7.260854e-01  -6.578382e-01
  -6.333345e-01  -9.179954e-02  -7.548488e-03  -3.703230e-02  -5.277300e-02
  -3.080513e-02  -3.777499e-02  -2.593288e-02  -1.385244e-02   2.051898e-02
  -7.907344e-02  -3.186394e-02  -1.016256e-01  -1.180745e-02  -2.774207e-04]
[-0.927214 -1.035889 -1.025944 -0.83415  -0.745427 -0.775807  0.05293
 -0.041892  0.057172 -0.002246  0.032085  0.093447  0.059856  0.075177
  0.016768  0.014044  0.012353  0.053113  0.104079  0.02416 ]
[-1.011228 -0.813415 -0.730994 -0.810035 -0.825337 -0.540662 -0.059534
  0.082751  0.021734  0.068663 -0.206188  0.07769   0.143751 -0.309122
 -0.010901  0.183888  0.10329  -0.154304 -0.012524  0.018668]
[-1.067931 -0.990189 -0.901792 -0.899879 -0.856967 -0.836313  0.024985
 -0.011624  0.094246  0.025936 -0.063088  0.091726  0.058666 -0.038747
 -0.003651  0.065736  0.029626  0.132763 -0.035608  0.002812]
[-1.253111 -1.164943 -0.907364 -0.987245 -0.874393 -0.685616 -0.104978
  0.01039   0.044952  0.104942  0.055347  0.034553  0.068875  0.02027
  0.026851  0.092963  0.025689 -0.125185  0.030909  0.017756]
[-0.829368 -0.916511 -0.721284 -1.015093 -0.826035 -0.912124 -0.042499
  0.015283  0.014223  0.022749 -0.067038  0.040479 -0.038175 -0.074835
  0.044773 -0.032049 -0.034592 -0.047862 -0.008631  0.025746]
[-0.797356 -0.922639 -0.941857 -0.708392 -0.667451 -1.010034  0.086373
 -0.11771   0.047479 -0.008209  0.026889  0.024721 -0.143143 -0.014939
 -0.103149 -0.11476  -0.010791  0.05401   0.058237  0.019302]
[-0.940994 -1.045746 -1.006817 -1.181826 -1.044362 -1.149718  0.050703
 -0.063188 -0.09595  -0.106479  0.002786 -0.08891  -0.063875 -0.005132
 -0.070076 -0.029262 -0.046994  0.070032 -0.022827 -0.004327]
[-0.870601 -0.825779 -0.780499 -0.854777 -0.865178 -0.790492  0.095407
  0.005059 -0.020173 -0.055169  0.074431 -0.008816  0.064275  0.094184
  0.026309  0.153048 -0.038762  0.145375 -0.101538 -0.011537]
[-0.970273 -0.957234 -0.893782 -1.071497 -0.919078 -0.787156 -0.0753
  0.087432  0.036333  0.053823 -0.034145 -0.006917  0.015252 -0.040629
  0.013083 -0.032956 -0.020902 -0.004158  0.008273 -0.003035]
[-0.752679 -0.867523 -0.780066 -0.841981 -0.56259  -0.963494  0.067511
  0.017879  0.100759  0.203793 -0.042894  0.08569  -0.002638 -0.084594
  0.017424  0.00538   0.300392  0.056372 -0.05115   0.022557]
('Mean', 1, ': ', -0.75267901264029546)
('Median', 1, ': ', -0.75267901264029546)
('Variance', 1, ': ', 0.0)
('Mean', 2, ': ', -0.86752251424254445)
('Median', 2, ': ', -0.86752251424254445)
('Variance', 2, ': ', 0.0)
('Mean', 3, ': ', -0.78006629125157234)
('Median', 3, ': ', -0.78006629125157234)
('Variance', 3, ': ', 0.0)
('Mean', 4, ': ', -0.84198128847502862)
('Median', 4, ': ', -0.84198128847502862)
('Variance', 4, ': ', 0.0)
('Mean', 5, ': ', -0.56259035284319614)
('Median', 5, ': ', -0.56259035284319614)
('Variance', 5, ': ', 0.0)
('Mean', 6, ': ', -0.96349430263459312)
('Median', 6, ': ', -0.96349430263459312)
('Variance', 6, ': ', 0.0)
('time: ', 8931.378484010696)
