“Running plot script on a single CPU core”
[ 0.001333 -0.025028  0.0058    0.041262  0.027222  0.000672]
[-0.010038  0.018219 -0.004595  0.01032  -0.013534 -0.010768]
[ 0.027219  0.012605  0.060728  0.027222  0.009869  0.013949]
[ 0.037007 -0.008157  0.047135  0.015549 -0.02165  -0.023999]
[-0.000523  0.008571 -0.016306 -0.012192  0.007324 -0.000973]
[ 0.023855  0.00182   0.023069  0.002615  0.012104  0.001103]
[-0.011025  0.02852   0.028702  0.005916  0.00577   0.003193]
[ 0.000856  0.065277  0.090877  0.006295  0.004367 -0.002555]
[ 0.001689  0.083649  0.019966  0.013003  0.015822 -0.01719 ]
[ 0.049535  0.06726   0.077313 -0.000632  0.033011 -0.009797]
[ 0.090905  0.023751  0.0261    0.003778  0.010496 -0.009176]
[ 0.096753  0.085205  0.094014 -0.012315  0.012601 -0.007669]
[ 0.056145  0.017051  0.038236  0.05067   0.016411  0.025294]
[ 0.030791  0.081012  0.000324 -0.004411  0.015088 -0.023697]
[ 0.008084  0.091433  0.0449   -0.027516  0.016019 -0.010706]
[ 0.054417  0.05777   0.040612  0.013358  0.021928 -0.019746]
[ 0.096536  0.075057  0.102465  0.008627 -0.030348  0.011628]
[ 0.095083  0.08545   0.14239   0.016677  0.005589  0.017208]
[ 0.102628 -0.00138   0.110053  0.005399  0.014941 -0.009721]
[ 0.010007  0.031346  0.026433 -0.005159 -0.032777 -0.00325 ]
[ 0.060697  0.090592  0.075401 -0.002054 -0.044472 -0.028733]
[-0.05457  -0.010731  0.042666 -0.007242 -0.016387  0.008086]
[ 0.034115  0.015516  0.073248  0.006318  0.011621  0.01846 ]
[-0.013872  0.024122  0.041152  0.012897  0.016142  0.017107]
[ 0.024884  0.003267  0.026359  0.012162 -0.014554  0.009183]
[-0.049329 -0.013924 -0.021241  0.009679  0.001162  0.017676]
[ 0.048472  0.039964  0.06488   0.001564  0.006988  0.002528]
[ 0.081082  0.023529  0.06253   0.018195  0.016193 -0.018827]
[-0.04116  -0.013292  0.041803  0.000794  0.010073 -0.019674]
[ 0.060226  0.076249  0.065483 -0.001492 -0.0106   -0.006735]
[ 0.003107  0.115555  0.044279 -0.026507 -0.011797  0.031372]
[-0.068373 -0.016826  0.009058 -0.021886  0.003197 -0.008151]
[ 0.048578  0.109113  0.059376 -0.035394 -0.00309  -0.000401]
[ 0.017147 -0.021013  0.008979  0.015923  0.015162  0.000568]
[ 0.044002  0.020551  0.024347 -0.016961  0.045162  0.019155]
[-0.050876 -0.021285 -0.023213 -0.022767 -0.013724 -0.010434]
[ 0.078526  0.078048  0.011841  0.030924  0.002997 -0.020679]
[-0.016874 -0.035089 -0.015238 -0.003046  0.007795  0.003134]
[ 0.061091  0.057911  0.05103  -0.016375  0.005989  0.01374 ]
[-0.063021 -0.01481  -0.020657 -0.00264   0.031843  0.012921]
[ 0.002731  0.099584  0.100082  0.054601 -0.006042  0.003668]
[ 0.111173  0.118069  0.120176 -0.012432  0.024735 -0.006426]
[ 0.068523  0.120862  0.151988 -0.019184  0.008502  0.007819]
[ 0.091489  0.051064  0.104088  0.005278  0.006521 -0.026238]
[-0.00988   0.016421  0.06072  -0.001754  0.006555  0.020993]
[ 0.021985  0.056223  0.042084  0.006496  0.00406   0.015497]
[-0.019058  0.028158  0.025549  0.007789  0.003767 -0.0003  ]
[ 0.006197  0.097235  0.103233 -0.019894 -0.015891 -0.004683]
[ 0.070813  0.105797  0.107954 -0.013944 -0.004791 -0.01036 ]
[ 0.085062  0.071197  0.055505 -0.006261  0.016104 -0.001909]
[ 0.021759  0.015866  0.027408 -0.010354  0.023161  0.013264]
[  4.860456e-02   7.194232e-02   1.175212e-01  -1.439939e-05   4.058109e-03
   9.472734e-03]
[-0.021588  0.07121   0.043358 -0.010706  0.015891 -0.010828]
[ 0.033722  0.06355   0.071964  0.021232  0.018423  0.003476]
[ 0.009981  0.033374  0.043569 -0.011101  0.004451 -0.016041]
[-0.000812  0.007729  0.00809   0.012843  0.011807  0.033585]
[ -1.389182e-02  -1.291858e-02   6.608765e-03   1.573740e-02  -5.948625e-05
  -8.964065e-03]
[ 0.009918  0.010202 -0.008475 -0.032242  0.010083  0.011854]
[-0.031017 -0.032318 -0.073783  0.02112   0.002458 -0.000917]
[-0.048506 -0.011859  0.029393 -0.007225  0.025193 -0.013024]
[-0.02182  -0.025146 -0.0198   -0.000142 -0.0191   -0.024827]
[-0.024421  0.023591 -0.047319  0.001365  0.024328  0.006495]
[-0.079736 -0.069194  0.017924  0.001278  0.027998 -0.001987]
[ 0.005455 -0.001678  0.044718 -0.002849  0.024436 -0.029534]
[ 0.099751  0.102218  0.102895  0.018416 -0.007993 -0.003433]
[ 0.019086  0.051892  0.056864  0.03465  -0.002411  0.001924]
[ 0.037162  0.052518  0.042014  0.021201 -0.013133  0.019708]
[ 0.061763  0.084132  0.051538  0.022114 -0.003496  0.023322]
[ 0.010015  0.031291  0.032258 -0.028611 -0.023249  0.00627 ]
[ 0.046012  0.060658  0.074995 -0.036903  0.004196  0.013494]
[ 0.005774  0.089836  0.133519 -0.014961  0.011492 -0.013705]
[-0.006357  0.095919  0.050976  0.036021  0.001533 -0.00663 ]
[ 0.003449  0.005683  0.049861 -0.001459  0.008126  0.011314]
[ 0.036617  0.090987 -0.053904 -0.006524 -0.011562  0.016785]
[-0.05087   0.048813  0.041327  0.010515 -0.021757 -0.02215 ]
[ 0.00552   0.003842  0.002603 -0.020128 -0.042327 -0.01301 ]
[ 0.014306  0.017453 -0.017376 -0.014329 -0.006579  0.007728]
[-0.049784 -0.012659 -0.071252  0.018228  0.008495  0.031005]
[ 0.080568  0.046422  0.031333  0.032551  0.001467 -0.050733]
[ 0.058217  0.065476  0.090478  0.025814 -0.031618  0.026239]
[-0.023735 -0.002992 -0.01616  -0.008937 -0.004855  0.043458]
[-0.037854  0.003181 -0.032161 -0.026665 -0.009761  0.004993]
[ 0.032329  0.075002  0.079226  0.010801  0.028657 -0.017355]
[ 0.016447 -0.040645 -0.033656  0.03802  -0.006076 -0.019435]
[ 0.031268  0.024387  0.04292  -0.010313  0.005129 -0.008775]
[ 0.022301  0.083095  0.063696  0.001348  0.004432 -0.00673 ]
[-0.008234 -0.024456 -0.012947 -0.040834 -0.009888 -0.029751]
[ 0.017503  0.000303 -0.012104 -0.015724 -0.002787 -0.008307]
[ 0.072948  0.094723  0.081284 -0.0108    0.009562  0.045475]
[-0.057592  0.009112  0.010335 -0.04161  -0.018554 -0.008388]
[ 0.118973  0.084848  0.050599 -0.017349  0.02641  -0.008815]
[ 0.065607  0.070577  0.065854 -0.007988 -0.017151  0.00171 ]
[-0.070735 -0.035005 -0.094047 -0.044024 -0.00638  -0.001136]
[ 0.029004  0.055225  0.094749  0.023266 -0.003455  0.059488]
[ 0.041215  0.102693  0.092051  0.000637 -0.010794 -0.006859]
[ 0.07757   0.123473  0.017243 -0.014547  0.035353  0.054267]
[-0.050509  0.109356  0.066132 -0.027452  0.016662 -0.007906]
[ 0.107998  0.058831  0.06184   0.01167   0.003574 -0.032982]
[ 0.110727  0.067889  0.078745  0.015777 -0.024242 -0.00825 ]
[ 0.052504  0.103173  0.075046 -0.045217  0.016858  0.040215]
('Mean', 1, ': ', 0.052503649708964296)
('Median', 1, ': ', 0.052503649708964296)
('Variance', 1, ': ', 0.0)
('Mean', 2, ': ', 0.10317268149114776)
('Median', 2, ': ', 0.10317268149114776)
('Variance', 2, ': ', 0.0)
('Mean', 3, ': ', 0.075045619396631069)
('Median', 3, ': ', 0.075045619396631069)
('Variance', 3, ': ', 0.0)
('time: ', 10413.386761903763)
