“Running plot script on a single CPU core”
[-0.007972  0.004936  0.022686 -0.011726 -0.004527  0.001866]
[ 0.036034  0.037089  0.041588  0.009474 -0.014819 -0.02926 ]
[ 0.044086 -0.022019  0.020501 -0.036235  0.030694  0.022711]
[-0.035992  0.055319  0.026582 -0.028189  0.031382  0.013529]
[ 0.007891  0.017697 -0.021745  0.021148  0.009466 -0.022162]
[ 0.026234 -0.003201  0.066858 -0.009171  0.005718 -0.002056]
[-0.003896  0.028199  0.026325 -0.023199 -0.00663   0.028621]
[ 0.011426  0.049216  0.024875 -0.01323  -0.007966  0.004217]
[ 0.060824  0.047658  0.0865    0.038728 -0.034146  0.048891]
[ 0.016938  0.071089  0.124346 -0.015137  0.008706  0.004986]
[ 0.057545  0.045425  0.074975 -0.022373  0.012504  0.007618]
[-0.006671 -0.029335 -0.00245   0.004202 -0.023965 -0.006177]
[ 0.029207  0.062451  0.10603   0.010562  0.000479  0.011525]
[ 0.053721  0.070945  0.060403 -0.00394  -0.013064  0.004939]
[ 0.080912  0.040509  0.060648 -0.005154 -0.026049  0.035559]
[-0.093568  0.00043  -0.049829 -0.011861  0.016234  0.020878]
[-0.049306 -0.020845  0.039294  0.034993  0.015446  0.034226]
[ 0.036719  0.039892 -0.007813  0.011649  0.01424   0.008846]
[ 0.037312 -0.03072   0.018284  0.020574  0.001894 -0.000883]
[ 0.014767  0.016228 -0.011316 -0.007594  0.000476  0.015983]
[ 0.036892  0.062843  0.099064 -0.035671 -0.034391 -0.025974]
[ 0.051011  0.042717  0.013728 -0.001297  0.013318  0.040356]
[ 0.046907  0.019527  0.064289 -0.027248 -0.013035 -0.009451]
[ 0.03855  -0.016855 -0.009531 -0.038111  0.001428 -0.010988]
[ 0.010563  0.020845  0.001308 -0.016111  0.00299   0.00727 ]
[ 0.04904   0.071152  0.083147  0.028711 -0.036569  0.042662]
[ 0.043599 -0.007646  0.106635 -0.01288   0.005763 -0.003198]
[ 0.016603  0.037373  0.054023  0.017507 -0.026866 -0.004332]
[ 0.012867  0.04227   0.056626 -0.003817  0.001554  0.010847]
[-0.039375 -0.046485  0.054363  0.033768 -0.020308  0.023067]
[ 0.094419  0.064143  0.119871  0.026559  0.017432  0.011087]
[-0.043467  0.000628 -0.013956  0.008172 -0.037552  0.003033]
[-0.006549  0.024421 -0.026523 -0.008863 -0.013777  0.020447]
[ 0.05439  -0.020542  0.053295 -0.003935  0.010712 -0.037237]
[ 0.031176  0.050823  0.071528  0.014749  0.040981 -0.003547]
[ 0.034275  0.068306  0.066198  0.018427 -0.019932 -0.024881]
[-0.060394 -0.000876 -0.031655 -0.047398 -0.027673  0.016135]
[-0.032723  0.018206  0.003869  0.037312  0.001221 -0.023851]
[ 0.086868  0.122627  0.115498 -0.023196 -0.009014 -0.022263]
[ 0.003931  0.011149  0.021577  0.01561  -0.005752  0.008529]
[ 0.026579  0.005904  0.046034  0.027039  0.014565 -0.032174]
[ 0.029801  0.045645  0.024901  0.012691 -0.003227  0.000602]
[-0.006537  0.005568  0.00289   0.010233 -0.019194  0.005619]
[ 0.033988  0.088923  0.067999  0.032227 -0.060337 -0.007373]
[ 0.089758  0.102881  0.067005 -0.008467  0.036925 -0.019003]
[ 0.108766  0.038736  0.003564  0.002507 -0.003021 -0.004396]
[ 0.004588  0.070152  0.083875 -0.019281  0.005875  0.00917 ]
[ 0.024233  0.034161  0.0836    0.020061  0.00601  -0.003386]
[ 0.02231   0.047317  0.070147 -0.008534 -0.015792  0.015782]
[-0.03043  -0.026508 -0.031478 -0.010926 -0.013906 -0.021658]
[ 0.006144  0.070267  0.079983  0.009237 -0.027651 -0.005185]
[ 0.006496  0.037636  0.036371  0.020487 -0.005432 -0.008987]
[ 0.065566  0.060692  0.062529  0.013025  0.028314 -0.001878]
[ 0.026726  0.055962  0.077065 -0.010109 -0.028014  0.002591]
[ 0.026658  0.06222   0.05575  -0.020921  0.022772  0.012185]
[ 0.026591 -0.002515 -0.000436 -0.005008  0.013524 -0.032642]
[ 0.016953  0.053786  0.033109 -0.017175  0.025977 -0.037072]
[ 0.051589  0.071869  0.100897  0.023542  0.007579  0.010742]
[ 0.030145  0.064258  0.08681   0.003686 -0.022827  0.02326 ]
[-0.033926  0.016566  0.040571 -0.011011 -0.025699  0.012005]
[ 0.018879  0.069628 -0.01692   0.022672 -0.005311  0.016756]
[ 0.050752  0.098449  0.120357  0.017992  0.02933  -0.021365]
[ 0.018569  0.025773  0.081976 -0.015146 -0.019499  0.019156]
[ 0.038346  0.032537  0.077449  0.019739 -0.005757 -0.032119]
[ 0.068882  0.005585  0.019508  0.014719  0.02766  -0.008167]
[-0.000463  0.068846  0.088078  0.023864 -0.009234  0.007549]
[ 0.046522  0.090171  0.098785 -0.039768  0.019066 -0.013692]
[-0.048637  0.006035  0.059711  0.010812 -0.023073 -0.022528]
[ 0.061451  0.037171 -0.002753 -0.007083 -0.010787  0.016427]
[-0.025393  0.073245  0.069177 -0.002962 -0.056671  0.000103]
[ 0.021123  0.035252  0.034287 -0.00169  -0.022699 -0.036052]
[ 0.05465   0.03362   0.075222 -0.006229 -0.045648 -0.000693]
[ 0.023943 -0.038672 -0.06475   0.046906 -0.024743  0.018671]
[ 0.095729  0.068957  0.049643  0.023749 -0.010875  0.008295]
[ 0.022046  0.08282   0.056086 -0.007137 -0.004177  0.006582]
[ 0.041788  0.058373  0.092029 -0.035559  0.018632 -0.008181]
[ -1.642392e-02  -1.601188e-02  -1.548780e-02   1.677251e-02   1.887715e-05
   3.794397e-02]
[ 0.018657  0.070536  0.084323  0.024265 -0.001887 -0.000823]
[-0.05346   0.00425  -0.049632  0.019443 -0.00588   0.004665]
[-0.020217  0.022968  0.011546 -0.002262 -0.022962  0.036193]
[ 0.028404  0.011312  0.026055  0.034023 -0.034004 -0.001123]
[ 0.068434  0.061856  0.076638 -0.059789 -0.006737 -0.020301]
[ 0.043236  0.089983  0.072271 -0.0197    0.00876  -0.007103]
[-0.048683  0.005546  0.025369 -0.01091  -0.007207 -0.022367]
[-0.007523  0.017521  0.001078 -0.00958   0.015603 -0.010806]
[-0.000415  0.049695 -0.017084 -0.011994 -0.001859 -0.012257]
[ 0.042063  0.01445   0.008187 -0.002443  0.004656 -0.014449]
[-0.016131  0.045801  0.058999  0.009698 -0.026137 -0.002925]
[ 0.000782  0.203815  0.164904 -0.041887  0.021889 -0.003918]
[ 0.040719  0.025917 -0.013193 -0.034225  0.003802  0.012518]
[-0.039092  0.044414  0.039263  0.013763 -0.034357  0.00426 ]
[ 0.021553 -0.04264   0.045926 -0.026423  0.021393 -0.008388]
[ 0.030979 -0.050205  0.071954 -0.006351 -0.002404 -0.011467]
[ 0.013584  0.047771  0.05163  -0.005996 -0.049821 -0.014692]
[ 0.111288  0.088098  0.096355 -0.011924  0.044673  0.053931]
[ 0.116663  0.099526  0.092404 -0.008456 -0.009204  0.018256]
[ 0.039872  0.067971  0.053097  0.021753  0.050061 -0.029906]
[ 0.023525  0.029887  0.024745 -0.026772 -0.006638  0.009681]
[-0.032883  0.087412  0.094273 -0.018127 -0.036638 -0.018938]
[ 0.010976  0.08474   0.05519  -0.024957  0.005153 -0.019511]
('Mean', 1, ': ', 0.01097552954623955)
('Median', 1, ': ', 0.01097552954623955)
('Variance', 1, ': ', 0.0)
('Mean', 2, ': ', 0.084740304072238287)
('Median', 2, ': ', 0.084740304072238287)
('Variance', 2, ': ', 0.0)
('Mean', 3, ': ', 0.055190198579896967)
('Median', 3, ': ', 0.055190198579896967)
('Variance', 3, ': ', 0.0)
('time: ', 13306.990215063095)
