“Running plot script on a single CPU core”
[ 0.296465 -0.695104  0.331869  0.332289 -0.110765 -0.057377  0.333158
  0.199021  0.328693 -0.174895  0.332036  0.13083   0.307077  0.203127
  0.139284 -0.033306 -0.97822   0.14101  -0.094497 -0.050971]
[ 0.332796  0.283619  0.317312 -0.047361 -0.998887 -0.836548  0.073512
 -0.623194  0.317957 -0.060318  0.323707 -0.520039  0.300772  0.224413
  0.079284  0.280243 -0.379178  0.277525  0.281068 -0.728718]
[ 0.173346  0.325726  0.08513   0.328179  0.107623  0.168358  0.237816
 -0.777679  0.071621  0.225523  0.31593  -0.174535  0.093116 -0.256732
  0.322976  0.332965  0.296638 -0.027938 -0.246916  0.24396 ]
[ 0.333244  0.332631  0.295551  0.330202  0.324325 -0.907012 -0.682272
 -0.867749 -0.591672 -0.999078  0.333273 -0.708985 -0.44136   0.33292
 -0.705471  0.308868 -0.849608 -0.358248  0.326357  0.26687 ]
[ 0.305866 -0.578707  0.322404  0.134913  0.1435   -0.512218  0.264977
  0.290033  0.303498  0.172602  0.263889  0.283114  0.117164  0.288462
  0.113183  0.146854 -0.639793 -0.097655 -0.620567 -0.226456]
[ 0.200404 -0.194009 -0.013413  0.287271 -0.272961 -0.14308   0.224324
 -0.544276 -0.64268  -0.121607  0.035248  0.319623 -0.915191 -0.141595
 -0.522218  0.173878 -0.08717   0.2393    0.274314 -0.216579]
[ 0.322879 -0.07245   0.333263 -0.206607  0.325425  0.283133 -0.658245
  0.320351 -0.85587   0.325909 -0.020839  0.275692  0.26723  -0.239761
 -0.712964  0.244208 -0.179242 -0.340391  0.178912  0.324533]
[-0.57295  -0.141891  0.196115  0.257748  0.075125 -0.530628  0.21356
  0.313344  0.26331   0.267486 -0.134873  0.170687  0.280114  0.32817
 -0.776973  0.193862  0.306539 -0.386627  0.274915  0.268705]
[ 0.298804 -0.115381 -0.932395 -0.756511  0.321337  0.315831 -0.081857
  0.218552  0.267686  0.32395   0.326306  0.303669 -0.75306   0.263539
 -0.084904  0.086792  0.317497 -0.998428  0.327598  0.276673]
[ 0.03925   0.211621  0.137422  0.310075  0.332722 -0.551731 -0.99161
  0.152919  0.150543  0.321388  0.214265  0.319369  0.312385  0.328622
 -0.974254  0.331065 -0.06353   0.312481 -0.928022 -0.668763]
[ 0.195033  0.166899 -0.320609  0.003666  0.292991 -0.807733  0.330842
  0.154409  0.33228  -0.133987  0.225167 -0.902952  0.328998  0.08681
 -0.13243   0.280203 -0.738207  0.327486  0.292007  0.31873 ]
[ 0.325582  0.252465  0.053916  0.23868  -0.613152  0.277075  0.293505
 -0.942867 -0.955084 -0.209858  0.201878 -0.996343 -0.003856  0.088971
  0.299565 -0.336236  0.333285  0.127813  0.306613  0.332214]
[-0.33647  -0.061007 -0.014881  0.287472  0.27851  -0.388043  0.289564
 -0.664604 -0.125162  0.054586 -0.50829  -0.456213 -0.13794   0.082965
 -0.019567 -0.812491 -0.127973  0.147807 -0.46801  -0.336417]
[ 0.317118  0.228117 -0.513566 -0.272998 -0.801272  0.194603 -0.834976
  0.045845  0.318955 -0.25548   0.321686 -0.043918 -0.076451 -0.750398
  0.055501  0.015216  0.219678 -0.311676  0.172501  0.007947]
[ 0.052433  0.318793  0.27112  -0.421209  0.329266  0.191737  0.332646
  0.210858  0.224273  0.317012  0.31777   0.333188 -0.196645  0.271928
 -0.790182  0.180916  0.33332  -0.189018  0.333225 -0.534796]
[ 0.195222 -0.399079 -0.984369  0.264469  0.332316  0.145649  0.108588
 -0.173087  0.072464  0.300384  0.230685  0.295469  0.148456  0.288069
  0.312896  0.323144  0.31692   0.253261 -0.766784  0.298277]
[ 0.303928  0.156659  0.266362  0.25699  -0.01126  -0.425032 -0.448406
  0.241635  0.327343  0.044946  0.246708  0.309599  0.020657  0.333278
  0.247205  0.29409  -0.656924  0.264228  0.329814 -0.741782]
[ 0.148657  0.331756  0.310797  0.256805  0.218759 -0.876098  0.254834
  0.261507  0.313073  0.333185 -0.935375  0.329239  0.324633  0.321354
  0.316674  0.333333  0.167973 -0.887664  0.30369   0.096287]
[-0.00528   0.249034  0.318384 -0.132317 -0.514441  0.301486  0.329523
  0.011673  0.328739  0.33333   0.236099  0.25812   0.169369  0.049828
  0.282579  0.263334  0.030517  0.270432 -0.850425  0.232113]
[ 0.241568 -0.914248  0.251324  0.293936  0.290377 -0.614393  0.321222
 -0.224179 -0.147197 -0.998986  0.095743  0.332315  0.253611  0.060842
  0.33037   0.299478  0.209074 -0.760515 -0.80037  -0.013803]
[ 0.333331 -0.396043 -0.50658   0.239814 -0.113085  0.295008 -0.725451
  0.283125  0.244232  0.185126  0.332609  0.311453 -0.50576   0.046992
  0.21788   0.331849 -0.664809  0.324295  0.317407 -0.705379]
[-0.274891  0.03606   0.270095  0.256514  0.298178  0.297193  0.260673
  0.295497  0.064976  0.175923 -0.614392 -0.856055 -0.954121 -0.918428
 -0.514944 -0.963058  0.013338  0.332044 -0.059574 -0.966034]
[ 0.314066  0.286592  0.094293  0.219165  0.213386  0.332275 -0.344471
  0.174119 -0.532147 -0.030042  0.288205  0.289603 -0.020595  0.25003
  0.12432  -0.011356 -0.870343  0.038458  0.325472 -0.280748]
[  2.130927e-01   3.326441e-01   3.251788e-01   1.643733e-01   2.537910e-01
  -2.756244e-04   2.864652e-01   2.922450e-01   3.333287e-01  -2.729290e-02
   8.966886e-02  -7.299214e-02   2.452637e-01   8.374455e-02  -2.052125e-01
   2.172692e-01   3.326049e-01   2.374726e-01   3.200383e-01   1.874349e-01]
[-0.56645  -0.152045  0.264785 -0.559981  0.321004  0.289808  0.146361
 -0.856974  0.056298  0.310189  0.235008 -0.130771 -0.428225  0.328511
  0.23769   0.225618  0.091355  0.177107  0.332174  0.2882  ]
[ 0.332728  0.109123  0.074102 -0.010382 -0.635788  0.189559 -0.012077
 -0.262411  0.299849  0.276751 -0.135066  0.330154 -0.072971  0.150263
 -0.412154 -0.825012  0.290754 -0.917229  0.331634  0.33277 ]
[ 0.278219  0.141906 -0.89382  -0.242618  0.326869 -0.171173 -0.02986
  0.221658  0.215445  0.036527 -0.349118  0.332835  0.129149 -0.971885
 -0.014199  0.33164   0.018332 -0.49749   0.201899  0.230285]
[ 0.027421 -0.475046  0.290232  0.239168 -0.751802 -0.014685  0.332177
 -0.646234  0.329472 -0.427699 -0.408872  0.31396   0.172806  0.313536
 -0.319717  0.261157 -0.0934    0.01453   0.253585  0.322255]
[-0.241897 -0.365654  0.035835 -0.887545  0.077036  0.141036  0.118962
  0.305048 -0.556779  0.331144  0.325197  0.09984   0.294325  0.24265
  0.329156  0.070361 -0.955753  0.244492  0.237259  0.293557]
[ 0.061233  0.016992  0.185294 -0.572282  0.327122 -0.001579  0.332372
  0.333191  0.31965  -0.516299  0.325386  0.153825  0.323094  0.140973
  0.332588 -0.190323 -0.97188  -0.868316 -0.384987  0.292279]
[-0.246147  0.226848  0.208815  0.090871  0.324461  0.160464  0.085876
  0.3286    0.062995 -0.759176  0.324101  0.332549  0.281524 -0.201997
  0.315775  0.316579  0.295492 -0.3199    0.173197  0.051482]
[ 0.284458 -0.001432 -0.256034  0.291457 -0.21767   0.13108   0.023524
 -0.36075  -0.056331  0.33136   0.332438  0.035286  0.00768   0.065147
 -0.00159  -0.442327 -0.113435  0.29942  -0.824053 -0.619491]
[-0.20108   0.331397 -0.926193 -0.285497 -0.09268   0.276617  0.182916
  0.163567  0.286018  0.332601  0.300974  0.170242 -0.11926   0.266824
  0.331412 -0.331221  0.29504  -0.644686 -0.108568  0.329453]
[ 0.234313 -0.216871 -0.188025  0.017204  0.316679  0.159135  0.311836
  0.263318 -0.750265  0.06712   0.258692  0.014868  0.292214  0.333332
  0.130288  0.278334  0.251824  0.329679  0.323428  0.333303]
[ 0.043464 -0.96714   0.314582  0.138318  0.291616  0.273047  0.209923
  0.267126  0.159632 -0.620743  0.306369  0.245893 -0.075593  0.287557
  0.323887  0.257077 -0.075172  0.318277 -0.286298 -0.011564]
[ 0.33101   0.212443  0.300218  0.23287   0.326682  0.275925 -0.999533
  0.109957  0.200979  0.25497   0.325385  0.139232 -0.26077   0.262687
  0.33326  -0.128093 -0.25941  -0.964385  0.216492  0.202592]
[ 0.137934 -0.329438 -0.359472 -0.541554  0.294262  0.326212 -0.299238
  0.150163  0.026288  0.163661 -0.159749  0.299454  0.167891  0.099659
 -0.069926  0.101884  0.284533 -0.878138 -0.782393 -0.657547]
[ 0.022006 -0.668716  0.266622  0.063199  0.331969 -0.937844 -0.012688
 -0.09716   0.200828 -0.698577  0.329248  0.307868  0.191641  0.144927
  0.314726  0.256425 -0.229589  0.22458  -0.567185  0.299138]
[-0.254375  0.301215  0.28262  -0.528138  0.269989  0.296474 -0.938976
  0.294253  0.332928 -0.55622   0.099448  0.205888  0.323804  0.087068
  0.048118 -0.010866  0.303154  0.314142  0.27825   0.328369]
[-0.125385  0.262918  0.201945  0.276242  0.185885  0.264346  0.243529
  0.183737  0.333034 -0.019619  0.330168 -0.383673  0.257578  0.276413
  0.298019 -0.298859 -0.403888 -0.914693  0.232167  0.301297]
[ 0.273714  0.144905  0.325559  0.223998  0.321518  0.067537 -0.054081
  0.304424 -0.02587  -0.550331  0.218735  0.082577  0.21939   0.306978
  0.326221  0.23485   0.214617  0.158427  0.042464 -0.917544]
[ 0.283081  0.024177 -0.155613  0.226786  0.333212  0.010129 -0.003031
 -0.529363  0.316485 -0.157686 -0.551636  0.332514  0.133251  0.155871
  0.331533 -0.96903   0.302347  0.278297  0.33138   0.250647]
[-0.555559 -0.739521 -0.725698 -0.427593  0.315275 -0.202612  0.233133
  0.317042  0.329635  0.230015 -0.136966  0.070738 -0.108034  0.26472
  0.153051  0.217951 -0.943188 -0.759176 -0.075132 -0.672721]
[ 0.332959  0.287078  0.324302  0.18039  -0.151243  0.030366  0.220111
 -0.652703 -0.047598 -0.181855 -0.266911 -0.435434  0.105805 -0.382018
 -0.049096  0.307796 -0.794996  0.109715  0.264829  0.333272]
[ 0.304528  0.332177 -0.991989 -0.211226  0.268868 -0.068929  0.253677
  0.317208 -0.934563  0.283389  0.142863  0.314321  0.099652  0.300471
  0.159158  0.330949  0.149987  0.331406  0.315612  0.179027]
[ 0.305314  0.233923 -0.790096  0.262556 -0.281788 -0.552509  0.326835
  0.067967  0.282158  0.100168  0.237425  0.241782 -0.505125  0.283378
 -0.488634 -0.957773 -0.190827  0.297099  0.163165  0.090533]
[ 0.310183  0.106315 -0.57982   0.331288 -0.044758  0.322914  0.331465
  0.23236   0.325622 -0.290934  0.234338 -0.363986  0.223086  0.168383
  0.033806  0.262019  0.280709 -0.644826 -0.171363  0.057248]
[ 0.160128  0.330721  0.269444  0.332159 -0.224304  0.285028  0.265406
  0.307321  0.020275  0.229302 -0.234369 -0.065151  0.315482  0.277877
  0.311633  0.07284  -0.801019 -0.339204 -0.670504 -0.276329]
[ 0.273551 -0.847214 -0.342675 -0.186059  0.115024  0.333173  0.333331
  0.188195 -0.070596  0.291346 -0.997417  0.332709  0.332285  0.287411
 -0.291189  0.333256  0.333279 -0.17918   0.299835  0.258341]
[ 0.166163  0.281471  0.317371 -0.600882 -0.356829 -0.12569   0.309798
  0.317027  0.240596  0.288797  0.239889  0.26123   0.220218  0.023912
 -0.806701  0.313611 -0.988869  0.075372 -0.058973  0.318571]
[ 0.333093  0.305312 -0.594671  0.320686  0.318684 -0.96748   0.204181
  0.165128  0.246304  0.205973  0.096347 -0.974529  0.013467  0.089042
  0.222844  0.331415  0.222951  0.2546   -0.450701  0.331179]
[-0.573583 -0.883514  0.218561 -0.644583 -0.079817 -0.105717  0.325697
  0.196869  0.149565  0.329983  0.241729 -0.78856  -0.359795  0.297706
  0.297162  0.0843    0.077526  0.040303  0.324829 -0.919663]
[-0.874342  0.285356  0.326333 -0.956872 -0.917374  0.328551  0.267366
  0.229459  0.324858  0.33298   0.324991  0.124042  0.321943 -0.057491
  0.332169 -0.539716  0.296733  0.315458  0.258378  0.33247 ]
[ 0.124155 -0.26363  -0.9939    0.259703  0.244947  0.316275  0.321691
  0.213453 -0.245476 -0.674803  0.251221 -0.764234 -0.928191  0.310547
 -0.231518 -0.622953 -0.131357  0.149987 -0.21668   0.303078]
[ 0.289652  0.201596  0.329104  0.243023 -0.039759 -0.323186  0.333208
 -0.991439  0.289684 -0.186729  0.146931 -0.90654   0.327432  0.333331
  0.333331 -0.346676  0.32969   0.330032 -0.883471 -0.105053]
[-0.057328 -0.939556  0.322769  0.258003 -0.997076  0.025553 -0.193647
 -0.319581  0.28895  -0.09185   0.304143  0.099039 -0.990148  0.300432
  0.329354  0.299464  0.274707  0.251009 -0.838072 -0.782309]
[-0.47322   0.105662  0.072455  0.203363 -0.585085 -0.965356  0.311215
 -0.279782 -0.305835  0.325728 -0.744585  0.248856  0.140136  0.19427
  0.234008  0.332353  0.101956  0.333062 -0.141569 -0.825653]
[ 0.296484 -0.506842 -0.037506 -0.044347  0.182354  0.327016  0.319717
  0.19172  -0.917546  0.214002  0.322249 -0.995216  0.328086  0.330983
  0.247323 -0.840385 -0.324365  0.14195   0.329848 -0.856792]
[-0.474398  0.193678  0.299088  0.215675 -0.259517  0.253895  0.047544
 -0.709942  0.242348 -0.030911 -0.151034  0.174496  0.058252 -0.162867
  0.262743  0.240073  0.095652  0.314352  0.32895  -0.408451]
[  2.953577e-01   2.154204e-01  -8.427024e-01   9.404448e-03  -3.065178e-01
  -6.019864e-04   1.826880e-01   3.323143e-01   1.805137e-01  -4.687086e-01
   3.268326e-01   2.685009e-01   2.374151e-01   3.307033e-01   2.376249e-01
   5.413502e-02  -8.151052e-01   2.827594e-01   3.298681e-01  -9.624964e-01]
[-0.950946  0.256001  0.084277  0.293444 -0.037065  0.333148 -0.287101
  0.327149  0.137972  0.246869  0.224056 -0.305615  0.005643  0.011281
  0.281279  0.162894  0.100251  0.187588 -0.577639  0.328346]
[ 0.298005  0.282115 -0.79528   0.293465  0.307932  0.296862  0.305956
  0.222361  0.263737  0.331706 -0.239522  0.231687  0.318261  0.178534
  0.063214 -0.242918 -0.376797  0.332913  0.307453  0.332372]
[-0.117247  0.027442 -0.012219  0.28846   0.326341 -0.173106  0.265375
  0.120033  0.333246 -0.161719 -0.167547 -0.251958  0.243646  0.171684
  0.125121 -0.295439 -0.004046  0.127002  0.254916 -0.428558]
[ 0.323558 -0.19274  -0.686821 -0.77572   0.085684 -0.273851  0.197805
 -0.938948  0.255515  0.190154 -0.805085  0.325075  0.174682 -0.413221
 -0.245135 -0.584402 -0.86826   0.300405  0.238158 -0.333528]
[ 0.312414  0.309422  0.33011   0.145893 -0.837619  0.078677 -0.66875
 -0.996042  0.164671  0.157089  0.298375 -0.191898  0.273155  0.004593
 -0.797058 -0.360264 -0.950017  0.333283 -0.850059  0.302473]
[-0.984861  0.093113  0.331616  0.253436  0.312803 -0.876645 -0.19841
 -0.354093 -0.546613 -0.998926  0.287448  0.324303 -0.938778  0.148041
  0.302344 -0.527696  0.324845  0.281096  0.329081 -0.137117]
[ 0.110936  0.141139 -0.38789   0.184538 -0.274136  0.015699 -0.935712
  0.327931  0.326764  0.165263  0.102805 -0.050065  0.196332  0.296999
 -0.838161 -0.961808 -0.687414 -0.802914 -0.316542 -0.184358]
[ 0.328469  0.332904  0.33213   0.21876  -0.168356  0.316575  0.316838
  0.328834  0.18893   0.11379   0.0281   -0.412891  0.067752 -0.164399
 -0.824112  0.175339  0.033426 -0.104083  0.187199  0.317925]
[ 0.220703 -0.172983  0.320048 -0.030211  0.159895  0.130365  0.174147
  0.331594 -0.99309   0.310628 -0.525442 -0.249587 -0.573733 -0.211136
 -0.201554  0.330273 -0.320376 -0.144855  0.27432  -0.906925]
[-0.45984   0.035666  0.284124 -0.448988  0.298821 -0.687432  0.093912
 -0.398446  0.329232 -0.098206  0.314774  0.311121  0.30681   0.265516
 -0.760461  0.012024 -0.180345 -0.635576  0.261295  0.188621]
[ 0.203965  0.331985  0.083449  0.184487  0.179879  0.315607  0.082868
  0.254864 -0.097806 -0.307083  0.22935   0.327916  0.057391  0.329482
  0.116073 -0.483916  0.325856 -0.922109 -0.889196  0.275343]
[-0.781598 -0.726336 -0.094369  0.260789 -0.18411  -0.171412  0.332505
  0.32781   0.323123  0.305177  0.320629 -0.815691 -0.733647  0.277541
  0.188214  0.320266  0.018414  0.282952  0.332457  0.323729]
[ 0.080976  0.329348 -0.38702  -0.971974  0.276453  0.325852  0.04525
  0.276519  0.327244  0.168618  0.008544  0.258677 -0.198335  0.221421
 -0.11206  -0.679567  0.282773 -0.18932  -0.999957  0.029189]
[ 0.332567 -0.266281  0.141811  0.106688  0.164119  0.329516 -0.939487
  0.308551  0.287435 -0.263223  0.165287  0.275332  0.086693  0.22302
 -0.943661  0.296128  0.204537 -0.310314 -0.666922  0.33167 ]
[-0.967955  0.203431  0.31631  -0.990934  0.309475  0.323929 -0.332412
  0.32938   0.142227  0.260818  0.328206 -0.565332  0.325458 -0.103964
 -0.443668 -0.007485 -0.525782 -0.351747  0.185275 -0.138413]
[ 0.29642  -0.284733  0.282521  0.315329 -0.460078  0.139126  0.232304
 -0.979256  0.297658  0.177315  0.305283  0.289147  0.324809  0.280208
  0.264748 -0.399403 -0.466434 -0.733346  0.246424  0.306649]
[ 0.331736  0.168871  0.030896  0.222999  0.298512  0.183084  0.333204
  0.039213  0.182795  0.166083 -0.98006  -0.355337 -0.883525  0.28659
  0.327845  0.282572  0.32673   0.263794  0.246164  0.328229]
[ 0.278979  0.330808 -0.071588  0.240298 -0.999994  0.32707   0.239418
  0.051281  0.320689  0.333168 -0.965684  0.006701 -0.134574 -0.721773
  0.320544 -0.030661  0.196773  0.172779  0.289986  0.314506]
[ 0.103271  0.322258  0.306755  0.203532 -0.466371  0.272794  0.165171
  0.230021 -0.369572 -0.533494  0.3293    0.090195  0.321677 -0.995586
 -0.038515  0.214577  0.327515 -0.218732 -0.077426  0.144384]
[ 0.233372 -0.673459  0.321093 -0.002133  0.105482  0.136489 -0.785541
  0.290343 -0.177207  0.206122  0.08792   0.297188  0.331499 -0.273186
 -0.840313 -0.782792  0.081455  0.274343 -0.857425 -0.581952]
[ 0.31859  -0.261551  0.192072  0.198253  0.302443  0.300194  0.330579
 -0.173553 -0.5842    0.133249  0.281359  0.266599 -0.839236  0.332664
 -0.982963 -0.576221 -0.998839  0.015214  0.217737 -0.18287 ]
[ 0.329808  0.311513  0.329508  0.28835  -0.225606  0.187058  0.28493
  0.321    -0.388517 -0.942606 -0.022806  0.124166  0.279511  0.099604
  0.256146 -0.635463  0.312166  0.333241 -0.294946  0.300382]
[-0.058749  0.093052  0.307713 -0.063055  0.292377  0.300069  0.331774
  0.250883  0.32426  -0.208941  0.152107  0.282475  0.329654  0.286053
 -0.57025  -0.99841   0.306715 -0.980468  0.320796 -0.997391]
[ 0.172001  0.293534  0.164289  0.319304  0.329865 -0.086805  0.015933
  0.331537 -0.157822 -0.165655  0.14415  -0.133594 -0.19334  -0.401527
  0.248006 -0.383087  0.332052  0.311598  0.229609 -0.894688]
[ 0.325626  0.025805  0.14517  -0.069895 -0.252297  0.300447  0.320143
  0.296058  0.210395  0.151176  0.063083  0.141816  0.328159  0.021125
  0.164138  0.319662  0.325721  0.27866   0.08859  -0.024993]
[-0.135437 -0.51713   0.256036  0.217077  0.165772 -0.050038  0.279488
 -0.948018  0.333038 -0.379247  0.306569  0.080645 -0.209576  0.329778
  0.319018  0.289441  0.043665  0.333042 -0.070654 -0.446108]
[ 0.288849 -0.28896  -0.388036  0.188361  0.009069  0.333333  0.114196
 -0.095251 -0.613108  0.326593  0.2453   -0.927178  0.276757 -0.875146
  0.207318  0.123788  0.322296 -0.62331  -0.589767  0.317097]
[-0.915509 -0.835658  0.134057  0.069188 -0.647951  0.224459 -0.427803
 -0.985952  0.176921 -0.156563  0.004916 -0.81001  -0.994717 -0.182714
  0.283765 -0.946142 -0.332336  0.177676 -0.194085  0.313929]
[ 0.279958  0.333296 -0.804548  0.209129 -0.220335  0.33108   0.314994
  0.142372  0.029406  0.330474  0.235881  0.30213   0.213863  0.330061
 -0.036812  0.245293  0.331742 -0.37209  -0.521164  0.212253]
[ 0.265423  0.188784  0.324673  0.316431  0.118272 -0.170455  0.318998
  0.29474   0.319185  0.108781 -0.376912  0.306991  0.333331  0.227108
  0.296056  0.281275 -0.369634  0.313082  0.207475 -0.02534 ]
[-0.423253 -0.342926  0.298842  0.288433 -0.041253  0.332997  0.038101
  0.333173  0.319565  0.244096  0.167687 -0.916287  0.205458  0.286244
  0.089164  0.332838  0.093651  0.312701 -0.402457 -0.276599]
[-0.881809  0.320579  0.329156  0.285762 -0.822053  0.11793   0.01027
 -0.828782  0.168378  0.307643 -0.892174  0.333042  0.333333 -0.73126
  0.231239  0.329363 -0.520747 -0.720071  0.298054 -0.953696]
[-0.341781  0.333301  0.274398 -0.207697 -0.873833  0.213224  0.319925
  0.309083  0.165234 -0.262646  0.12299  -0.598484  0.059651  0.30904
 -0.353444 -0.023109 -0.685813  0.1822    0.333228 -0.026812]
[ 0.234839  0.088161  0.323205 -0.464828  0.223107  0.277912 -0.96432
  0.136272  0.084681  0.331386  0.062333  0.159808 -0.380675  0.289899
  0.250309  0.331775  0.162283  0.331296  0.234995  0.311038]
[ 0.128525  0.313088  0.317694 -0.028504  0.262767  0.324814  0.28551
  0.320951 -0.843845 -0.016111  0.29545  -0.950113  0.332635  0.226119
 -0.221476 -0.862556  0.271866 -0.815037  0.256852  0.312821]
[ 0.122342  0.270588  0.319991  0.307299  0.315094  0.314998 -0.083998
  0.122432 -0.228557  0.331771 -0.974184 -0.298283  0.167268 -0.274451
  0.333005  0.123825 -0.343699 -0.061416  0.315815 -0.873792]
[-0.974264 -0.085489 -0.789361  0.327297  0.2469    0.224297  0.322967
  0.320285 -0.57252   0.06035   0.317789  0.021377  0.233897 -0.587321
 -0.280194  0.330208  0.289205  0.00348   0.129999  0.237844]
[ 0.200758  0.227708 -0.181779  0.290667  0.332837 -0.926922  0.274442
 -0.46672   0.325334 -0.311751  0.126744  0.330407 -0.752315  0.32843
  0.189817  0.157864 -0.957877 -0.113478 -0.223713 -0.997513]
[ 0.309606 -0.998514  0.044892  0.305924  0.333269  0.077199  0.051875
 -0.137386 -0.672634  0.297483  0.330569  0.328594 -0.029653  0.252559
  0.16896   0.320135  0.307     0.331982 -0.64028   0.288657]
[ 0.313409  0.229588 -0.562038  0.306775  0.071702  0.301835 -0.20786
  0.155629  0.248199  0.119229  0.317007 -0.035841 -0.47137   0.111247
  0.140845  0.31722   0.036966  0.01754   0.252319  0.331473]
[0.014289730710964232, 0.12489760683497603, -0.066111113995538207, 0.014993085081645374, 0.095505053955713654, 0.015297575574475114, 0.03460625230630171, -0.020615279206230075, -0.051218473131943443, 0.03578261011134095, -0.018923971502740111, 0.054868889459870451, -0.0091154395151587519, -0.021710128060008604, -0.021050521136209394, 0.010757277816433347, 0.059737240693506249, 0.043742306012757554, 0.045685582769149233, -0.023923285393303545, -0.030769762695151748, -0.00033096141051003336, -0.12517463758613945, 0.027080551571413009, -0.038569020802688314, 0.014291230970562174, 0.043708339733797119, 0.012664380931512545, -0.0083280569095105506, 0.034659851920512116, -0.0036841126343838404, -0.014055865203643603, -0.020229919981742617, -0.032336037300667309, -0.0070029036817628801, 0.066091096642268976, 0.010302254052457993, 0.063183780398145206, -0.019368813798389228, 0.0036585467685986139, 0.048937005437662245, 0.074771593787906154, -0.051592806142563674, 0.088717317181737115, 0.07635556925767073, 0.032628585801285415, 0.030105197003445217, 0.090161488477942156, -0.064625398004949652, 0.0065639932700426729, 0.034658061391475148, -0.040140745838413983, 0.037462779209396779, 0.023212505628993976, -0.064382436837762513, -0.0050951577807145862, 0.0050628737156555026, 0.041036885183010241, -0.06007186808446946, 0.018781161471978447, -0.024643765735741896, 0.01423748704026262, 0.041790147550738926, -0.036749633110054969, -0.0041713414063918597, 0.06106325948013025, 0.0072623936319138327, 0.085305219663001919, -0.022530801262278188, 0.0010459664770047783, 0.0067993296163060823, -0.027624255330320091, 0.0031357376822619271, 0.096254961024109992, -0.024958636603994333, -0.038893136352982416, 0.011425293845722662, 0.015787844186133493, -0.03496808211598311, -0.04055784432052939, -0.033556312597764038, 0.0043265574561211495, 0.002617058705841023, -0.011118426439681167, -0.0053704792563075143, 0.061485216689359412, 0.044012149971836001, 0.0090873386623681052, -0.057642127379686214, 0.045100031070885671, 0.00097398759683930969, 0.046442847829276657, -0.027643828555590333, 0.012666149761740936, 0.030620977326561952, 0.07189401285200353, 0.033376551800655907, -0.043118925587362578, 0.03413939996894727, -0.0036661097475161886]
('time: ', 9666.131811857224)
