“Running plot script on a single CPU core”
[-1.041315 -0.922174 -0.848624 -0.691767 -0.711134 -0.576548 -0.125367
  0.102751 -0.047968  0.124118 -0.123984 -0.036479  0.183486 -0.08953
  0.092141  0.17357   0.123083 -0.165073 -0.065162  0.00828 ]
[-0.867192 -0.743736 -0.772426 -0.775197 -0.765463 -0.639117  0.003672
  0.043675 -0.096259 -0.053465  0.086611 -0.121527 -0.087771  0.088508
  0.005121 -0.090128 -0.050982  0.006269 -0.027248 -0.052714]
[-1.190962 -1.086709 -0.993428 -0.840291 -0.850089 -0.719574 -0.078172
  0.007425  0.019798  0.003551 -0.026556  0.103809  0.069193 -0.008876
 -0.010736  0.092449 -0.00852  -0.050598  0.020953  0.035273]
[-1.148995 -0.965975 -1.186931 -0.771757 -1.018868 -0.981364  0.040613
 -0.124427 -0.014621  0.00371   0.015491  0.025077 -0.046022  0.057473
 -0.08382  -0.119255  0.104402 -0.102788 -0.031506  0.001352]
[-0.731643 -0.671458 -0.913988 -0.798332 -1.152873 -1.153521 -0.012096
  0.024351  0.074679 -0.047973 -0.103896  0.086452  0.034553 -0.025732
 -0.003108  0.052476  0.005118  0.064903  0.040529 -0.020738]
[-1.116346 -0.878998 -0.501568 -0.713625 -0.461141 -0.514724  0.197433
 -0.014226 -0.136571 -0.25136  -0.158303 -0.169501 -0.029296 -0.071235
 -0.030656 -0.023587 -0.183544  0.120511  0.007678 -0.008327]
[ -7.699179e-01  -9.131453e-01  -7.716627e-01  -7.589535e-01  -6.675333e-01
  -7.389866e-01   3.438096e-04  -4.129678e-02   9.425972e-02   3.197440e-02
  -9.602934e-02   1.151022e-01   2.309675e-02  -8.814392e-02   6.306254e-04
   1.005012e-02  -1.366940e-02  -3.518496e-02  -4.558675e-02  -3.102698e-02]
[-0.776361 -0.733401 -0.617076 -0.914829 -0.825866 -0.752435  0.005287
  0.082585  0.14673  -0.047735  0.210034  0.136191  0.032231  0.17506
  0.009841  0.031383  0.007688  0.04149  -0.039457 -0.008439]
[ -1.192437e+00  -9.237224e-01  -1.149706e+00  -8.815051e-01  -1.043879e+00
  -8.519515e-01  -3.539276e-02  -6.810322e-02   7.125343e-04  -3.581564e-02
   5.418502e-03   9.680817e-02  -5.933899e-05   1.002091e-01  -8.025630e-02
   1.061755e-02  -6.857132e-02  -4.964240e-02  -4.926737e-02  -9.000926e-03]
[-1.03961  -0.704058 -0.788405 -0.785384 -0.876377 -0.550426 -0.04692
  0.054989 -0.02032  -0.050422  0.072333 -0.075654  0.074573  0.12568
 -0.015472  0.158901 -0.094889 -0.033236  0.00195   0.005404]
[-0.843074 -0.899888 -0.69542  -0.913509 -0.686482 -0.776485 -0.006598
 -0.0174    0.072206 -0.00821   0.005039  0.083865  0.009529 -0.039699
 -0.009954  0.028937 -0.016978 -0.047541 -0.048893 -0.002651]
[ -9.927186e-01  -9.802589e-01  -1.155689e+00  -7.964072e-01  -8.520331e-01
  -9.063382e-01   2.539187e-02  -3.563085e-02   4.788868e-02   9.177853e-03
   1.177603e-02   6.066432e-02  -9.007491e-04  -2.033012e-03   5.355387e-02
   2.988013e-02   2.167894e-02   6.717392e-02  -3.989190e-02  -1.318911e-02]
[-1.154274 -1.085665 -1.248571 -0.773924 -0.899325 -0.826599 -0.028473
 -0.158926 -0.071286  0.082912 -0.037266 -0.098531  0.133828 -0.070366
 -0.10984   0.012699  0.015047 -0.078346 -0.003506  0.01271 ]
[-0.763533 -0.877144 -0.827982 -0.765701 -0.655793 -0.889297  0.021944
  0.017685 -0.008878  0.057182  0.017486 -0.020248 -0.019785  0.006912
 -0.006112 -0.057097  0.058125  0.011594  0.033911  0.007522]
[ -7.088898e-01  -7.219772e-01  -8.143817e-01  -7.648340e-01  -9.048768e-01
  -8.880810e-01   9.803645e-03  -8.293009e-02   2.806286e-02   5.250064e-04
  -1.592941e-02  -1.344985e-02  -5.782448e-02  -7.418363e-02  -4.850316e-02
  -3.978694e-02  -5.251956e-02   3.009221e-02   1.299958e-02  -2.914375e-02]
[-1.090195 -0.995337 -0.740753 -0.910587 -0.573612 -0.532668 -0.045804
 -0.070974 -0.110764 -0.039348  0.04586  -0.027883 -0.271488 -0.012966
 -0.022089 -0.289433 -0.041646 -0.055016  0.029002 -0.025723]
[-0.873917 -1.052211 -1.403693 -0.714393 -1.010533 -1.115459  0.025743
  0.007321 -0.010204  0.035618 -0.037916 -0.085014 -0.02333   0.020742
 -0.08428  -0.036877  0.054163  0.10945  -0.019923 -0.018881]
[-0.899493 -0.783893 -1.000934 -0.785874 -0.860072 -0.806092  0.11183
  0.098109 -0.037804  0.00126   0.010772 -0.078163  0.005118 -0.037633
  0.13865  -0.050464  0.020028  0.117874  0.011339  0.003046]
[-0.576712 -0.987644 -0.802969 -0.458111 -0.362844 -0.825512 -0.139407
 -0.114698 -0.060761 -0.0902   -0.027763 -0.134065 -0.024102 -0.060187
 -0.143817  0.014429 -0.101076 -0.106846  0.00528   0.005569]
[-0.872502 -0.773085 -0.714009 -0.769371 -0.75709  -0.652553  0.015921
  0.09146   0.052794 -0.016323 -0.010669  0.035133 -0.030968  0.003802
  0.052333 -0.038858 -0.029386 -0.032791  0.008673  0.015834]
[-1.060673 -0.88554  -0.606717 -0.990853 -0.948458 -0.594153 -0.067074
 -0.072939 -0.016866 -0.043883  0.068209 -0.040877  0.095983  0.053015
 -0.086476 -0.027668 -0.119994 -0.095333 -0.025356 -0.012919]
[-0.820814 -0.977432 -0.656352 -0.816979 -0.534664 -0.652011 -0.009134
 -0.045826 -0.079045  0.041715  0.038415 -0.121658  0.020873  0.034137
  0.016314 -0.01784   0.025442 -0.037564  0.024432  0.001542]
[-0.959078 -1.061533 -0.960833 -0.785372 -0.658606 -0.754572 -0.060561
  0.04271   0.061995  0.0765    0.006393  0.045984  0.014134  0.018797
  0.027224 -0.006293  0.030115 -0.041965  0.065627 -0.026486]
[-0.867923 -0.716404 -0.790979 -0.677919 -0.870441 -0.507653  0.077369
 -0.067574  0.116454 -0.051791  0.10571   0.125534  0.152945  0.107185
 -0.088126  0.235369 -0.057649  0.173276  0.070095  0.018067]
[-0.686852 -0.865287 -0.767589 -0.917794 -0.803168 -1.021597 -0.004212
 -0.057718  0.0357   -0.062815  0.052408  0.058167 -0.045373 -0.0177
 -0.023931 -0.023478 -0.023725  0.023056 -0.04705  -0.016658]
[-0.994657 -0.657546 -0.561546 -0.900901 -0.775986 -0.383993 -0.066007
 -0.189809 -0.021613 -0.06882  -0.253577 -0.051887 -0.228344 -0.189435
 -0.24515  -0.086362 -0.034442  0.004626  0.008459  0.001512]
[ -1.119702e+00  -8.981709e-01  -1.068942e+00  -9.367443e-01  -1.128997e+00
  -8.855826e-01  -8.823899e-03  -1.337020e-01   3.272126e-02   1.788254e-01
  -1.421895e-01   5.558095e-02   3.768163e-02  -1.211961e-01  -1.706431e-01
  -8.381627e-03   1.622506e-01   1.020598e-03   3.777099e-02   2.055227e-02]
[-0.683256 -0.903055 -0.743743 -1.231901 -1.111367 -1.394821  0.031675
  0.023033  0.080324 -0.033591  0.164195  0.098378 -0.119281  0.294734
  0.105226 -0.209247 -0.06503  -0.121617  0.054909  0.026797]
[-0.826276 -0.870104 -0.737257 -0.88765  -0.774769 -0.76764   0.042915
  0.067145  0.007195 -0.126898  0.012257 -0.004223 -0.053834 -0.001556
  0.045363 -0.064289 -0.182417  0.058315  0.007055 -0.015424]
[ -7.969260e-01  -9.618441e-01  -8.959084e-01  -8.163320e-01  -8.210118e-01
  -9.864522e-01   7.060133e-02   7.906368e-02  -1.652601e-01   5.517465e-02
   2.127986e-02  -1.547041e-01  -7.694351e-02   3.858466e-02  -1.591320e-02
  -6.312215e-02   5.561145e-02   5.393424e-02   7.985019e-04  -1.241453e-03]
[-0.753413 -0.74913  -0.743055 -0.899433 -0.981824 -0.833244  0.190862
  0.037993  0.026312 -0.062654 -0.147599  0.097659 -0.007602 -0.117231
 -0.04192  -0.02853  -0.093497  0.150421  0.003292  0.019919]
[-0.914212 -0.797815 -0.916986 -0.8024   -0.831633 -0.77449  -0.028091
  0.054169 -0.053642 -0.123696 -0.058529 -0.072817 -0.15288  -0.015435
  0.02506  -0.14257  -0.055452 -0.024807  0.02741  -0.012457]
[-0.887342 -0.717364 -0.428907 -0.875274 -0.836571 -0.5165   -0.058318
 -0.132298 -0.06047  -0.012367  0.144459 -0.067622 -0.022912  0.186661
 -0.116556  0.033701 -0.13633  -0.083258  0.036426 -0.009091]
[-0.771299 -0.813929 -0.691736 -0.770045 -0.596441 -0.757252 -0.043048
 -0.060624 -0.067477  0.038786 -0.057852 -0.066768  0.039732 -0.0201
 -0.086394 -0.034201  0.042281 -0.004931  0.042874  0.03895 ]
[ -9.107172e-01  -1.045362e+00  -8.211007e-01  -9.458408e-01  -7.192164e-01
  -8.869982e-01   7.811902e-03   1.039368e-01   1.677515e-01   5.912452e-03
  -3.619957e-02   2.058637e-01  -3.918509e-04  -3.454754e-02   7.394357e-02
  -2.145809e-02   1.997879e-02  -6.714876e-02   3.310672e-02   1.947573e-03]
[-0.750346 -0.688556 -0.947463 -0.794248 -1.089238 -0.984436 -0.086018
 -0.085349 -0.090417 -0.08294   0.038675 -0.085755 -0.033186  0.10749
 -0.034811 -0.120166 -0.100824 -0.040576 -0.009535  0.003841]
[-0.733018 -0.906287 -0.908083 -0.697147 -0.698067 -0.777894  0.014009
 -0.01641  -0.109557 -0.011673 -0.127108 -0.065674 -0.028742 -0.169801
 -0.029302 -0.024998  0.047329  0.007027  0.052485 -0.005787]
[-0.798105 -0.937343 -0.872639 -0.771704 -0.619794 -0.873014 -0.101928
 -0.032003  0.046731  0.10679   0.060201  0.077347  0.012049  0.056061
  0.010788  0.028444  0.073169 -0.098593 -0.033014 -0.017179]
[-1.167846 -1.220925 -1.130708 -1.077244 -0.982655 -0.863897 -0.025262
  0.051524  0.091687  0.084476 -0.100229  0.068042 -0.005757 -0.032567
  0.104873 -0.062484  0.073096  0.044166 -0.007305  0.036237]
[-0.99686  -0.872602 -0.731187 -1.11681  -0.99933  -0.803193 -0.022316
 -0.077074 -0.063383  0.060136 -0.071672 -0.107141  0.064174 -0.057291
 -0.121349  0.091889  0.104419  0.057596 -0.047079 -0.004103]
[-1.223921 -1.128597 -0.963245 -1.171009 -0.964208 -0.895     0.043839
  0.018202  0.006234  0.024912 -0.108334 -0.009096 -0.061146 -0.096568
  0.054187  0.011206  0.010552 -0.033892 -0.072     0.051353]
[ -9.076960e-01  -8.672720e-01  -9.636643e-01  -8.533425e-01  -1.028639e+00
  -8.056887e-01   3.590126e-02  -3.421488e-02  -7.934432e-02   4.135282e-02
   1.422902e-02  -2.453944e-02  -8.234355e-02  -1.035050e-02  -7.180319e-02
  -5.927406e-02   9.717066e-02   3.928689e-02  -4.067221e-02  -8.859363e-04]
[-0.763689 -0.706356 -0.579772 -1.32334  -1.16394  -0.928455  0.067962
 -0.053903  0.160493 -0.007068 -0.275939  0.16552  -0.026356 -0.216217
 -0.089958 -0.156024  0.063643  0.141966 -0.030163 -0.022568]
[-1.117794 -0.908321 -0.815725 -1.168381 -0.966601 -0.87955  -0.006274
  0.115432 -0.008571 -0.022223 -0.03406  -0.005679 -0.02155   0.021935
  0.148208 -0.047259 -0.043659 -0.015199 -0.008836 -0.025316]
[-0.69134  -0.774803 -0.679097 -0.623155 -0.569578 -0.750277  0.159789
  0.084878 -0.051968  0.066469  0.075143  0.004477 -0.022935  0.090711
  0.122412 -0.041942  0.079938  0.173519  0.023318 -0.009805]
[ -1.076299e+00  -1.187871e+00  -1.011276e+00  -9.512024e-01  -8.004580e-01
  -1.084164e+00  -8.100221e-02  -8.094486e-02  -4.315587e-03  -1.740906e-02
  -2.437105e-02  -6.122258e-03  -3.462202e-03   5.304761e-02  -4.212399e-03
  -7.591402e-02  -4.169347e-02  -8.641876e-02   1.263656e-02   2.632215e-04]
[-0.808214 -0.849753 -0.666222 -0.988129 -0.836183 -0.751932 -0.032972
 -0.001072 -0.01428  -0.040577  0.017582 -0.005424  0.053262  0.037788
  0.067643  0.026609 -0.042546 -0.045605  0.03947  -0.040767]
[ -5.773692e-01  -8.786280e-01  -6.876642e-01  -6.619263e-01  -5.239911e-01
  -7.801789e-01   9.142327e-02   1.507787e-02   4.154263e-02   6.131633e-02
   5.645707e-02   4.643286e-03  -5.762247e-04   2.967616e-02   3.820133e-02
  -5.291518e-02   1.086737e-01   3.479177e-02  -1.062843e-02  -1.802568e-02]
[-1.090426 -0.954777 -0.838143 -1.203379 -0.945292 -0.847181  0.020189
 -0.028524 -0.023811  0.074287  0.072845  0.033341 -0.145403  0.064012
 -0.009463 -0.152421  0.071303  0.016908 -0.039774 -0.064398]
[-1.006844 -0.779508 -1.194732 -0.600732 -0.873754 -0.679693  0.13193
  0.044773 -0.078545 -0.008294 -0.030179 -0.049281 -0.325782  0.031479
  0.196046 -0.192226 -0.006159  0.103627 -0.012285 -0.02542 ]
[-0.834062 -0.968246 -0.714755 -0.937749 -0.601781 -0.850329  0.001527
 -0.029469  0.054051  0.053656  0.017098  0.01467  -0.026734 -0.04024
 -0.043312  0.017397  0.085029 -0.001011  0.012785 -0.008691]
[ -8.513108e-01  -9.250025e-01  -8.728774e-01  -7.759089e-01  -7.962709e-01
  -8.506582e-01   4.924653e-02   4.218235e-02   6.831196e-02  -4.164511e-02
   8.735164e-04   1.151942e-01  -1.964079e-02  -3.694763e-02  -1.449642e-02
  -3.351707e-02  -4.408239e-02   9.499424e-02  -2.398624e-03  -1.044050e-02]
[-1.033999 -0.995564 -0.829832 -1.062695 -0.762164 -0.783257  0.051902
  0.035977 -0.027643 -0.074883 -0.026391 -0.03459   0.048598 -0.01697
  0.039699  0.047701 -0.099018  0.034542  0.089704  0.021279]
[ -9.677503e-01  -8.884477e-01  -8.953162e-01  -8.733999e-01  -9.053097e-01
  -7.182786e-01   4.336325e-04   1.183339e-01   3.741902e-02  -1.004701e-01
   4.688404e-02   1.875635e-02   7.438018e-02   6.669616e-02   1.620093e-01
   1.390279e-01  -1.197917e-01   3.119104e-02  -3.727945e-02  -9.546950e-03]
[ -9.643207e-01  -8.386748e-01  -8.887598e-01  -5.694565e-01  -6.924398e-01
  -6.002994e-01  -2.105959e-01  -5.249889e-02   4.363525e-02  -3.420766e-02
   4.700640e-03   5.095174e-02   2.627281e-02   1.571385e-02  -9.510058e-02
  -2.032308e-02  -2.573651e-04  -2.116447e-01  -8.461473e-02   6.068739e-03]
[-0.919057 -0.807063 -0.800528 -0.837389 -0.860046 -0.643255  0.033339
 -0.105476 -0.162889 -0.086754  0.016593 -0.122387 -0.01465  -0.063393
 -0.125571 -0.007279 -0.099087  0.007837  0.012331 -0.042039]
[-1.095175 -1.003286 -0.888466 -1.166976 -0.995026 -0.86311  -0.180719
  0.078771  0.20433  -0.060694  0.12413   0.124358 -0.106706  0.002756
  0.011495 -0.154231 -0.050619 -0.15924  -0.044742  0.02261 ]
[-1.158649 -1.010053 -0.737651 -0.990777 -0.918046 -0.77507   0.119784
 -0.114254  0.038151 -0.100569  0.062165  0.07209   0.041483  0.028874
 -0.143763  0.057146 -0.054561  0.108662 -0.020797  0.001429]
[-0.992469 -0.760878 -0.279615 -0.837978 -0.284556 -0.187261  0.076214
  0.012877 -0.057018  0.079318 -0.042875 -0.073318  0.029085 -0.020931
 -0.026173  0.024457  0.066694  0.084837 -0.017827 -0.017628]
[-1.015212 -1.03882  -0.917727 -1.122087 -0.938034 -1.087227 -0.085838
 -0.090517  0.011266  0.029848  0.007441  0.021577  0.032255  0.002885
 -0.172514 -0.019546  0.026351 -0.085293  0.0774   -0.020897]
[-0.87758  -0.351635 -0.97842  -0.29937  -0.660184 -0.174061  0.02984
 -0.160928 -0.001201  0.093049 -0.127324  0.039448 -0.139116 -0.091032
 -0.144607 -0.203411  0.110647  0.016725 -0.021743 -0.024049]
[-0.829172 -0.870445 -0.75072  -0.813687 -0.561625 -0.673969 -0.045677
 -0.098763  0.037361  0.132489  0.107785 -0.002348  0.08384   0.083019
 -0.051988  0.115394  0.046746  0.032098  0.051405 -0.012335]
[-0.780635 -0.64929  -0.770906 -0.780261 -0.899064 -0.840829 -0.063022
 -0.036198 -0.079052 -0.079981  0.109548 -0.06374   0.084406  0.123385
  0.00932   0.035951 -0.096184 -0.06221  -0.004015  0.015328]
[ -9.680943e-01  -6.923511e-01  -6.582879e-01  -8.194637e-01  -7.745515e-01
  -5.871807e-01  -2.878395e-02   6.993233e-02  -9.203200e-04  -9.420617e-02
  -3.710700e-02   8.546227e-04  -6.724359e-02   3.046995e-02   8.245762e-02
  -7.984000e-02  -1.061070e-01  -5.570180e-02   2.194539e-02   2.094159e-03]
[-0.845267 -0.938668 -0.858614 -0.823591 -0.6391   -0.807008 -0.028826
  0.054226 -0.060954 -0.031751  0.054504 -0.028083  0.10541   0.007403
  0.100762  0.089721 -0.036453 -0.014531 -0.021378  0.020416]
[-0.777639 -0.773912 -0.762434 -0.752599 -0.74114  -0.819797 -0.086392
 -0.059989 -0.148678 -0.021225 -0.0241   -0.117531  0.019834 -0.01773
 -0.10769   0.026429 -0.014387 -0.113049  0.022568 -0.004282]
[ -1.037776e+00  -9.280709e-01  -9.911571e-01  -8.882195e-01  -1.055308e+00
  -8.265009e-01  -8.526359e-03  -1.296108e-02   9.040680e-02   2.699757e-03
  -2.299527e-02   6.166742e-02   3.141069e-02   4.108505e-03  -4.550277e-02
   3.880555e-02  -6.367545e-04  -2.593775e-02  -1.284981e-02  -8.131104e-03]
[ -9.444918e-01  -1.051151e+00  -7.910171e-01  -1.055235e+00  -7.651821e-01
  -8.368913e-01  -2.522349e-02  -1.471333e-02  -1.118401e-01   1.131519e-02
  -2.912387e-02  -1.590430e-01  -7.174551e-02   2.496957e-02  -3.190618e-03
  -1.310891e-01  -1.210829e-02  -2.266686e-02   3.853857e-04  -5.651195e-02]
[-0.80146  -0.8714   -0.720605 -0.677552 -0.738962 -0.862169 -0.043646
 -0.029114  0.04734   0.011456  0.069267 -0.009488  0.076116  0.048412
 -0.010951  0.107298  0.06747  -0.026742 -0.070034 -0.000978]
[ -9.177187e-01  -1.134984e+00  -5.494427e-01  -1.237010e+00  -9.136976e-01
  -7.459704e-01   4.175069e-02   5.721205e-02  -9.571386e-02   6.314199e-03
   8.772054e-03  -1.453948e-01  -1.003556e-01   1.408865e-02   3.626204e-02
  -9.406062e-02  -9.944620e-04  -2.277292e-02  -1.804169e-02   5.568845e-02]
[-0.839302 -0.773087 -0.924816 -0.908019 -1.036763 -0.623941  0.058647
 -0.09219  -0.015396  0.024908  0.169332 -0.013026  0.148551  0.08773
 -0.067134  0.216492 -0.009344  0.19463   0.006011  0.009159]
[-0.982907 -0.918068 -0.664479 -0.717825 -0.552698 -0.592379 -0.072297
  0.027541 -0.117858  0.125253 -0.019701 -0.144205 -0.002064 -0.043144
  0.025729 -0.027427  0.15145  -0.052608 -0.023151  0.00953 ]
[ -8.850102e-01  -9.431961e-01  -6.763082e-01  -1.258347e+00  -8.489627e-01
  -8.344052e-01  -9.292283e-02  -8.622146e-02  -3.119531e-01   3.248342e-02
  -9.320993e-04  -2.943663e-01  -1.559159e-01  -9.419954e-02  -1.370776e-01
  -7.687582e-02   2.643821e-02   6.497366e-02   1.026809e-01  -4.670065e-02]
[-1.150484 -0.68428  -0.859271 -0.563062 -0.875879 -0.698815  0.048782
 -0.160284 -0.029035 -0.063079 -0.042409  0.026023 -0.089347 -0.170008
 -0.151445 -0.070127 -0.136417  0.085061 -0.006723 -0.00622 ]
[-1.205378 -0.991257 -0.931189 -0.987628 -1.068871 -0.664125 -0.08684
  0.048707 -0.058749  0.037957 -0.021445 -0.032395 -0.026193 -0.043998
  0.033553  0.026593  0.002283 -0.073909 -0.041987 -0.009402]
[-1.061233 -0.950223 -1.118238 -0.867834 -0.958881 -0.978608 -0.017853
  0.007684  0.023735  0.032941  0.080311  0.048103  0.022494  0.142566
 -0.041933  0.045838  0.068921 -0.055738 -0.007072 -0.019474]
[-0.768123 -1.062408 -0.739377 -0.975586 -0.651932 -0.929638 -0.038886
  0.086685  0.038507 -0.005779 -0.024753  0.068563  0.067213 -0.022482
  0.076839  0.159477  0.00764  -0.014483  0.013955  0.03761 ]
[-0.988198 -0.724743 -0.821637 -0.659998 -0.902127 -0.603864 -0.096124
 -0.053093 -0.125212 -0.018979 -0.137911 -0.188592  0.06532  -0.151761
 -0.030396  0.121136 -0.022637 -0.177586  0.107317  0.036176]
[-0.998332 -0.833134 -0.802164 -0.905261 -0.857693 -0.741056  0.031523
  0.041311  0.013843 -0.037936 -0.072948  0.025126  0.014378 -0.060014
  0.02951  -0.031871 -0.107582  0.104435 -0.148551 -0.027926]
[-1.145314 -0.862339 -0.93362  -0.894934 -0.80118  -0.718324 -0.012518
  0.039873 -0.181735  0.129123 -0.035779 -0.118946 -0.02063   0.060729
  0.011747  0.030949  0.163206 -0.027917  0.037586  0.001478]
[ -9.858804e-01  -5.926838e-01  -9.095680e-01  -7.947099e-01  -1.056504e+00
  -5.775818e-01  -3.759029e-02   1.038431e-01   2.605509e-02   9.657826e-02
  -1.106074e-01   1.737353e-02   2.097423e-01  -1.564696e-01   1.980255e-01
   1.628675e-01   2.383080e-02   2.470133e-02   1.353149e-02  -4.263102e-04]
[-0.803278 -0.704195 -0.507692 -0.728515 -0.592408 -0.486864 -0.166044
 -0.096512 -0.074866 -0.159207 -0.146621 -0.164236 -0.103088 -0.076001
 -0.061988 -0.180524 -0.220392 -0.203652  0.017689  0.055441]
[-0.897076 -0.55319  -0.612631 -0.952626 -1.076062 -0.505239 -0.059167
 -0.259839  0.044675  0.049161  0.19586   0.07554   0.162498  0.182867
 -0.292254  0.120357 -0.023141 -0.048794  0.027462 -0.005832]
[ -1.149031e+00  -1.064125e+00  -1.059439e+00  -1.157070e+00  -1.090485e+00
  -1.169428e+00  -1.997509e-02  -3.556738e-02   5.914700e-02  -3.259650e-02
   2.323786e-02   1.641269e-02   2.674716e-02  -5.938737e-02   1.210151e-02
   5.713888e-02  -5.697672e-02  -6.001756e-02  -8.964344e-04  -3.002488e-02]
[-0.973214 -0.989374 -0.944441 -0.97162  -0.833462 -0.961983  0.042754
  0.003901 -0.008559 -0.095935 -0.096169  0.025699 -0.033123 -0.091341
 -0.009012  0.003363 -0.104758  0.020976 -0.021633 -0.025201]
[-0.560401 -0.790728 -0.529483 -0.84327  -0.623717 -0.968008 -0.134993
 -0.022026  0.213945 -0.008083 -0.118297  0.109341  0.134837 -0.188882
  0.042052  0.062629  0.07123  -0.121099 -0.025584  0.020154]
[-0.962221 -0.981501 -0.976666 -1.079261 -0.86247  -0.921101  0.035571
 -0.185681 -0.020899  0.110317 -0.164276  0.079255 -0.063108 -0.342264
 -0.285338  0.009803  0.110536  0.068555 -0.029138 -0.026696]
[-0.95909  -0.74672  -0.741441 -0.794972 -0.714894 -0.547928 -0.011307
 -0.028977  0.038429 -0.073479 -0.026531  0.035301 -0.02576  -0.032565
  0.013363 -0.047658 -0.102675 -0.016714  0.01162   0.001167]
[ -1.027379e+00  -9.568728e-01  -7.708710e-01  -1.023434e+00  -8.638966e-01
  -9.376826e-01   4.606715e-02  -1.425005e-02  -4.422832e-02  -3.075528e-02
   3.899669e-02  -4.535840e-02  -2.500872e-02   1.165073e-02  -4.089213e-03
  -4.771817e-02   5.229971e-04   1.077780e-01   6.253369e-03  -2.027213e-02]
[-0.964648 -0.935207 -0.745775 -1.015175 -0.870504 -1.08718   0.035288
 -0.062079  0.044551  0.098699  0.025685 -0.006781  0.102708  0.092174
 -0.079412  0.069905  0.133618  0.009898 -0.018158  0.011271]
[-1.006263 -0.901197 -0.827331 -0.897882 -0.906511 -0.760985 -0.025045
 -0.038066 -0.096765  0.011111  0.141889 -0.095788  0.049008  0.150354
  0.04172  -0.051211 -0.048599  0.061192 -0.037528  0.024849]
[-0.833496 -0.747643 -0.716377 -0.834616 -0.814789 -0.770297 -0.018663
 -0.003104 -0.035662 -0.016278  0.03409  -0.019856 -0.012738  0.024978
  0.027297 -0.019167 -0.008417  0.045556 -0.012468  0.001968]
[ -8.978639e-01  -9.062015e-01  -7.247371e-01  -1.076878e+00  -8.143233e-01
  -8.188891e-01   6.640626e-02   9.575764e-02   8.413724e-03   4.863063e-02
  -1.016465e-03  -6.127519e-04  -2.204637e-02   4.778372e-02  -1.667245e-02
   5.005255e-02   7.465786e-02   1.031575e-01   9.668763e-03   3.819587e-03]
[ -7.032613e-01  -8.735417e-01  -5.869273e-01  -1.005023e+00  -7.570460e-01
  -1.070605e+00  -9.416934e-03  -6.518573e-02  -1.150352e-01   4.139607e-02
  -9.428499e-02  -1.022217e-01  -6.159283e-02  -1.061669e-01  -6.339306e-02
   5.681639e-02  -5.465415e-03  -3.118595e-02   5.694092e-04  -5.650572e-02]
[-0.751138 -0.885483 -0.746184 -0.865779 -0.672562 -0.69081   0.080062
  0.102733  0.060217  0.049967 -0.004827  0.06527  -0.142564 -0.020843
  0.088005 -0.075031  0.049351  0.044331  0.064964  0.036197]
[-0.783082 -0.836249 -0.851373 -0.896207 -0.849998 -1.019832  0.069628
  0.048085  0.064155  0.007257 -0.040674  0.044472  0.065696 -0.04516
  0.040626  0.096333  0.018101  0.067978  0.035987 -0.022104]
[-1.145424 -1.26599  -1.069785 -1.013287 -1.04791  -1.167893  0.092721
 -0.074848 -0.109783 -0.009793 -0.122835 -0.059789  0.010871 -0.160744
 -0.06931   0.015816 -0.05729   0.049914 -0.043584  0.001288]
[-0.760011 -0.873315 -0.844198 -0.589008 -0.563967 -0.890866 -0.087681
 -0.008005  0.025764  0.016361 -0.024329  0.014332 -0.074895  0.013929
 -0.049501 -0.016074  0.017968 -0.102199  0.021722  0.013484]
[-0.84753  -0.849156 -0.971439 -0.857313 -0.903857 -1.133031  0.008058
 -0.082254 -0.020923 -0.030948 -0.001241  0.030794 -0.178883  0.057199
 -0.060376 -0.227617 -0.010462  0.054164  0.021648  0.013968]
[-0.716015 -0.752584 -0.714816 -0.883653 -0.898427 -0.964566 -0.035722
 -0.006361 -0.071839 -0.004239 -0.010633 -0.06968  -0.043978 -0.016157
  0.019709 -0.09005  -0.023723 -0.054404  0.009959  0.006035]
('Mean', 1, ': ', -0.7160152175754444)
('Median', 1, ': ', -0.7160152175754444)
('Variance', 1, ': ', 0.0)
('Mean', 2, ': ', -0.75258354760740898)
('Median', 2, ': ', -0.75258354760740898)
('Variance', 2, ': ', 0.0)
('Mean', 3, ': ', -0.71481598563223758)
('Median', 3, ': ', -0.71481598563223758)
('Variance', 3, ': ', 0.0)
('Mean', 4, ': ', -0.8836531706774996)
('Median', 4, ': ', -0.8836531706774996)
('Variance', 4, ': ', 0.0)
('Mean', 5, ': ', -0.89842729472828164)
('Median', 5, ': ', -0.89842729472828164)
('Variance', 5, ': ', 0.0)
('Mean', 6, ': ', -0.96456602864366059)
('Median', 6, ': ', -0.96456602864366059)
('Variance', 6, ': ', 0.0)
('time: ', 7723.1285009384155)
