“Running plot script on a single CPU core”
[-0.920414 -0.866843 -0.604196 -0.888748 -0.78879  -0.742284 -0.056134
  0.110057  0.030006  0.100788 -0.104694  0.048002  0.116588 -0.08183
  0.170908  0.087997  0.086233 -0.076255 -0.011176  0.046334]
[-1.177912 -1.053976 -0.892567 -0.918385 -0.60582  -0.461917 -0.082463
 -0.103227 -0.098569  0.182182 -0.098671  0.084813  0.056632 -0.166168
 -0.074724  0.021476  0.206479 -0.149308 -0.003242  0.012507]
[-0.821171 -0.812393 -0.63316  -1.022408 -0.811514 -0.941268  0.006188
  0.003519  0.03629  -0.028233 -0.126375  0.049384  0.006603 -0.164557
 -0.045953  0.016254 -0.049861  0.05244  -0.035501  0.01048 ]
[-1.007695 -0.995963 -0.947052 -0.960509 -0.895228 -0.917079 -0.069042
  0.076213 -0.092932  0.038325 -0.03274  -0.083881 -0.006029 -0.052699
  0.07292  -0.013461  0.02053  -0.068314  0.027588 -0.030546]
[-1.13526  -1.319508 -1.135779 -1.120732 -0.887322 -1.07996   0.047997
 -0.084204  0.011713 -0.042238  0.120197 -0.018315  0.111704 -0.043337
  0.044859  0.013509 -0.109375 -0.040582  0.034622  0.038707]
[-1.096023 -0.889778 -0.776531 -0.866913 -0.72976  -0.626226  0.046063
  0.034738  0.077962 -0.023576  0.066515  0.031288  0.123517  0.098529
  0.096629  0.184372 -0.027496  0.032128 -0.040681 -0.017694]
[-0.969631 -0.936958 -0.949439 -1.295371 -1.074447 -0.744508 -0.036217
 -0.031751 -0.129049  0.186578  0.162686 -0.118742 -0.132752  0.090313
 -0.013009 -0.15147   0.099836  0.064015  0.022214 -0.006171]
[-0.693045 -0.741486 -0.624478 -0.768812 -0.619255 -0.731168 -0.010557
 -0.016819 -0.01581   0.030528  0.100001 -0.036904  0.015668  0.087851
 -0.0042    0.051825  0.025933 -0.042469 -0.040333 -0.025588]
[-0.896813 -0.921803 -0.602076 -0.992975 -0.656872 -0.729494 -0.085393
 -0.030537  0.008884  0.118173 -0.00797   0.014661 -0.050268 -0.020585
 -0.013911  0.063412  0.173484 -0.083677 -0.018495 -0.01363 ]
[-0.774069 -0.890015 -0.532857 -0.691141 -0.513757 -0.430918 -0.029491
 -0.074008  0.057339 -0.023874  0.140589  0.071006 -0.004179  0.197924
 -0.086849 -0.031373  0.008459 -0.008201  0.005239 -0.025977]
[-1.054875 -0.699087 -0.78754  -0.861685 -0.816821 -0.568048 -0.023145
 -0.043252 -0.098159  0.029279 -0.052443 -0.138339  0.116101 -0.038174
 -0.04642   0.063419  0.04493  -0.043935  0.001429  0.034403]
[-0.945863 -0.928808 -0.782132 -0.916533 -0.67918  -0.866876 -0.021989
 -0.056178 -0.067591  0.075163 -0.009118 -0.094319 -0.045238  0.039417
 -0.161157 -0.075589  0.14234  -0.216462 -0.03557   0.001528]
[ -1.017070e+00  -9.132681e-01  -9.161912e-01  -8.768573e-01  -9.759268e-01
  -8.500731e-01   6.128407e-02   1.230766e-02   3.333019e-04   7.346502e-02
  -7.225458e-02   5.083437e-02  -1.368510e-01  -8.875352e-02   6.181706e-02
  -1.886032e-01   9.681928e-02   6.552042e-02  -4.552576e-02  -1.067760e-02]
[-1.079731 -0.9748   -0.524359 -1.434886 -0.891147 -0.939337  0.087707
 -0.03739  -0.131473 -0.029629 -0.024251 -0.082951 -0.065297 -0.035672
 -0.013658 -0.098342 -0.03618   0.069115 -0.032796 -0.017039]
[ -1.330551e+00  -1.281668e+00  -7.994652e-01  -1.208871e+00  -6.697845e-01
  -6.377397e-01  -9.952547e-02  -5.967731e-02   9.745978e-02   5.228232e-02
  -1.087442e-01  -6.257451e-04   7.855177e-02  -2.240079e-01  -4.865157e-02
   1.413622e-01   1.151793e-01  -3.085916e-02  -8.852890e-02  -6.594813e-02]
[-0.979845 -0.884917 -0.754782 -0.615143 -0.499095 -0.482796  0.075677
  0.054347 -0.062829 -0.14227  -0.091755 -0.066057  0.272608 -0.028885
  0.031428  0.214071 -0.231882  0.098074 -0.010416  0.019738]
[-0.892288 -0.871826 -0.799428 -0.726936 -0.701596 -0.892009 -0.138614
  0.030309  0.096598  0.058175  0.053159  0.107856 -0.051214  0.057489
 -0.024184  0.020713  0.080852 -0.089053  0.002697  0.040515]
[-1.131986 -0.748442 -0.876056 -0.999017 -1.211876 -0.786116 -0.078507
 -0.133875 -0.104524  0.006437 -0.061235 -0.07946  -0.097465 -0.085572
 -0.180482 -0.114712 -0.079211  0.048356  0.025482 -0.022895]
[-0.762693 -0.894548 -0.830863 -0.685055 -0.620271 -0.793972 -0.02452
 -0.014016  0.042738  0.003939 -0.013312  0.011086 -0.042935 -0.051213
 -0.019292  0.011484  0.016183 -0.004645  0.03915  -0.022056]
[ -9.799413e-01  -1.033319e+00  -9.559394e-01  -8.717455e-01  -7.855227e-01
  -9.993011e-01   9.477764e-03  -3.364006e-03  -8.804114e-02   3.899788e-02
  -4.997649e-04  -9.667124e-02   8.991451e-02  -4.317508e-02  -6.426955e-03
   6.655104e-02   1.190226e-02  -1.148271e-02   3.005565e-02   1.437734e-02]
[ -8.653312e-01  -9.986577e-01  -1.017210e+00  -8.856920e-01  -7.230586e-01
  -9.277707e-01   5.178955e-02  -4.606468e-02  -8.208204e-02   9.132028e-02
   9.734850e-02  -1.196240e-01   4.032462e-02   4.492427e-02  -4.761644e-02
  -2.111825e-04   1.030538e-01   8.235267e-02  -2.704832e-02  -3.859874e-02]
[-1.275063 -1.060222 -0.49862  -1.14857  -0.586561 -0.376419  0.045339
  0.044754  0.090492  0.087056 -0.038558  0.09816   0.013904 -0.070658
  0.037924  0.030084  0.16523  -0.084939  0.028572  0.045252]
[-0.964239 -0.729495 -0.777291 -0.645304 -0.616448 -0.289769 -0.023639
  0.035026 -0.05912  -0.024932 -0.073292 -0.076821  0.290966 -0.06886
 -0.001503  0.191469 -0.01423   0.024389  0.001517  0.017135]
[ -8.820362e-01  -9.695699e-01  -1.082761e+00  -7.701138e-01  -7.616061e-01
  -9.240354e-01  -6.141654e-02  -3.642457e-02   1.556648e-02  -3.665889e-02
   3.791225e-05   1.101428e-02   7.703609e-02   6.155318e-02  -1.066006e-01
   4.236074e-02  -6.650214e-03  -1.157387e-01  -2.763643e-02  -1.739714e-02]
[-1.008824 -0.780192 -1.136487 -0.874261 -1.25317  -1.178734 -0.063947
 -0.221603 -0.203226  0.01113  -0.003209 -0.217535  0.006791  0.151113
 -0.267515  0.038669  0.08389  -0.082453 -0.076246 -0.023943]
[-1.18428  -1.245631 -1.04921  -1.09418  -0.963282 -1.178396  0.029012
 -0.049425  0.097751 -0.035723  0.01241   0.06179  -0.018183  0.037934
 -0.038929  0.019326 -0.052879 -0.101495  0.002254 -0.052437]
[-0.431722 -0.624821 -0.508616 -0.569821 -0.67529  -0.60897  -0.024584
 -0.088793  0.182706 -0.093687  0.132581  0.180761  0.042748  0.104428
 -0.066921  0.013752 -0.104729  0.024637 -0.018919 -0.003498]
[-0.957914 -0.952196 -0.77703  -1.052507 -1.004025 -0.746801  0.019688
 -0.038937 -0.001806  0.103568 -0.071984  0.014786  0.03105  -0.049452
 -0.03639  -0.099884  0.073087 -0.017341 -0.028107 -0.007543]
[ -1.071194e+00  -8.535485e-01  -9.263614e-01  -1.009497e+00  -8.623308e-01
  -8.808581e-01  -2.965194e-02   5.887252e-04  -2.949823e-02  -7.984527e-03
  -2.879691e-02   5.757265e-03  -1.969681e-01  -1.661138e-02   6.225564e-02
  -1.158429e-01   2.313831e-02  -3.469514e-03   2.000670e-02  -2.699339e-02]
[-0.925111 -0.903932 -1.079113 -0.732097 -0.96994  -0.918418  0.095546
 -0.066144  0.037767  0.038858  0.023992  0.022638  0.075756 -0.019255
 -0.01499   0.048451 -0.011051  0.102545 -0.086557  0.012548]
[ -8.793526e-01  -1.032380e+00  -9.861815e-01  -9.018984e-01  -7.716829e-01
  -1.110657e+00   7.662247e-02  -1.605345e-01   9.110386e-02   1.025136e-01
   3.883874e-02   4.720247e-02   7.962588e-02   4.209149e-02  -8.910464e-02
   7.733640e-02   7.232604e-02  -3.869030e-04  -3.780433e-02  -2.772242e-04]
[-1.141839 -1.153864 -1.040525 -1.0913   -1.011381 -1.174303  0.031562
  0.095226  0.047513 -0.075492 -0.04334   0.034876  0.076938  0.00967
 -0.003504  0.05628  -0.019135  0.083765  0.009711  0.021807]
[-0.951574 -0.811328 -0.794844 -0.689391 -0.78177  -0.634048  0.071946
 -0.009864 -0.009223  0.059958 -0.052605  0.029447  0.079432  0.016939
  0.001548  0.048034 -0.044533  0.072771  0.079298  0.064306]
[ -1.153829e+00  -1.177484e+00  -9.315478e-01  -1.156171e+00  -9.096176e-01
  -9.476943e-01   9.117157e-02  -1.589588e-02   9.743555e-03  -4.600258e-02
  -8.782478e-02   1.086081e-01   4.854912e-04  -6.754445e-02   1.933780e-02
   4.963588e-02   2.593266e-03   1.327573e-01   3.979767e-02   4.292414e-03]
[-0.763329 -0.742473 -0.639225 -0.778044 -0.749908 -0.632706  0.058486
 -0.021935  0.111705 -0.054245  0.142855  0.147577  0.096992  0.178682
 -0.106169  0.035621 -0.034856 -0.036067  0.001975  0.005958]
[-0.909477 -1.241794 -0.974003 -0.96303  -0.726524 -0.964156  0.008688
 -0.024593  0.009062 -0.032175  0.077748 -0.025644 -0.029572  0.138296
 -0.072007 -0.061628 -0.05497  -0.021109  0.001814 -0.006159]
[-0.939322 -0.989621 -1.007117 -0.920081 -0.802729 -0.99325   0.008797
 -0.138455  0.086833  0.013364  0.008973  0.046735 -0.029212 -0.055008
 -0.073283  0.003488  0.049963 -0.080204 -0.007539  0.006147]
[-0.977707 -1.00899  -1.057185 -0.999788 -1.049535 -0.998305 -0.043325
 -0.009462  0.216155  0.036447 -0.022168  0.189991  0.101825 -0.018649
 -0.060464  0.087978  0.104388 -0.009321 -0.025726 -0.012294]
[ -7.510862e-01  -8.852541e-01  -9.719801e-01  -5.876334e-01  -5.989206e-01
  -9.762638e-01   1.031910e-01   1.499812e-02   3.424689e-02   1.346977e-01
   3.671639e-02   3.757298e-02  -2.454853e-04   9.506260e-02  -1.561262e-02
  -4.972622e-02   1.174820e-01   1.145414e-01   3.246777e-02   1.135273e-02]
[-0.913756 -1.086887 -0.942651 -1.060117 -0.964936 -1.120397  0.052022
 -0.066677 -0.036115  0.058582  0.029773 -0.042447  0.023424  0.067414
 -0.02577   0.026822  0.023767  0.080561 -0.027377  0.002502]
[ -9.601742e-01  -1.016316e+00  -9.105970e-01  -1.013948e+00  -8.675051e-01
  -9.939073e-01  -4.448252e-04  -3.273870e-02   4.882205e-02   2.019494e-02
   3.249475e-02   2.978210e-02  -2.770453e-02   5.427006e-02  -2.253821e-02
  -1.136674e-02   3.893326e-02   7.354256e-03  -4.798946e-02   3.609017e-03]
[ -8.809202e-01  -8.021256e-01  -8.157434e-01  -8.488404e-01  -8.306047e-01
  -8.885357e-01   1.141825e-02  -2.359708e-02  -7.094723e-02  -1.033368e-02
   2.619855e-03  -4.492191e-02  -3.067533e-02  -7.273743e-04  -4.081500e-03
   2.770069e-02  -7.410279e-02   1.025270e-01   2.948313e-02  -5.892282e-03]
[-0.942274 -1.071137 -0.495856 -0.8838   -0.461838 -0.45981   0.030751
 -0.059782  0.051229  0.027927 -0.045972  0.024381  0.072918 -0.11713
 -0.098681 -0.021274  0.014861  0.041564  0.015617  0.048877]
[ -8.350656e-01  -1.004030e+00  -8.964754e-01  -7.451686e-01  -6.352531e-01
  -1.041655e+00   1.405166e-01  -5.354439e-02   5.730569e-02   5.613388e-02
   5.286052e-02   9.725692e-03  -1.360413e-02   8.705626e-02  -9.669168e-02
  -3.101611e-02   2.146996e-02   2.387141e-01   4.550764e-02  -4.353513e-04]
[-1.085643 -1.105435 -0.768007 -1.080021 -0.832993 -0.77495  -0.144826
 -0.140218 -0.006576  0.047274  0.031521 -0.06355  -0.06366  -0.013607
 -0.106099 -0.002869  0.054221 -0.124997  0.06084  -0.00939 ]
[ -8.546858e-01  -8.924978e-01  -7.847945e-01  -8.266567e-01  -6.863965e-01
  -7.942802e-01  -5.061489e-03   5.804374e-02   4.967843e-02  -9.760929e-02
   7.223662e-02   4.491428e-02  -9.881906e-02   3.790889e-02   3.428820e-04
  -7.128536e-02  -9.584548e-02  -4.720912e-02  -1.439598e-02   1.936381e-02]
[-1.175444 -1.21494  -0.94485  -1.104087 -0.942209 -0.985029 -0.04793
  0.115699  0.037513  0.070686 -0.034567  0.097421  0.080419 -0.077122
  0.040448  0.030887  0.043011 -0.090721  0.042985  0.046808]
[-0.838289 -0.911675 -0.809416 -0.831806 -0.742895 -0.914271  0.021208
  0.086908 -0.055324 -0.002614  0.129359 -0.0782    0.084657  0.119649
  0.052803  0.076666 -0.011734  0.015032  0.048978  0.001833]
[ -6.006669e-01  -6.494678e-01  -6.378957e-01  -7.985482e-01  -7.858496e-01
  -9.282322e-01  -2.973756e-02  -5.567698e-02   3.213079e-02   1.324963e-02
   1.205267e-02   2.062684e-02   8.662436e-03   1.442018e-04  -1.787429e-02
   2.948561e-02   2.058232e-02  -4.551516e-02  -4.870773e-02  -9.659846e-03]
[-0.801354 -0.97158  -0.741675 -1.317445 -0.885974 -1.432647  0.222546
 -0.129718  0.051819  0.027758 -0.109482  0.111476 -0.120909 -0.07931
 -0.236978 -0.040957  0.057375  0.2492   -0.021831  0.049391]
[ -7.727724e-01  -7.636377e-01  -9.289266e-01  -7.134444e-01  -8.861478e-01
  -8.808602e-01  -5.947620e-02   7.634312e-02  -3.179919e-02   5.102045e-03
  -8.849315e-02  -4.046521e-02   8.576370e-03  -1.018263e-01   1.827025e-01
   7.684302e-02   5.798158e-04  -5.760737e-02  -8.921104e-03   4.653496e-02]
[-0.844093 -0.699452 -0.765622 -0.767681 -0.827061 -0.69279   0.037689
 -0.019252 -0.012023 -0.003743 -0.052781 -0.02192   0.096458  0.003517
 -0.071846  0.101063 -0.042914  0.016927  0.002443 -0.00696 ]
[-0.640269 -0.840311 -0.862615 -0.630135 -0.583234 -0.83171   0.002783
 -0.045903 -0.025629 -0.07841  -0.053269 -0.041307 -0.098291 -0.074336
  0.005262 -0.03534  -0.140759 -0.002437  0.023169 -0.006111]
[ -9.672068e-01  -9.291306e-01  -1.143836e+00  -8.921962e-01  -9.591557e-01
  -8.363200e-01   7.515588e-02   2.871461e-02   7.335911e-02   2.560337e-01
  -7.635192e-04   1.848193e-03  -1.180464e-01   1.811551e-02   4.862988e-02
  -1.275703e-01   1.325460e-01   1.607073e-01  -6.747733e-02  -2.216194e-02]
[ -7.936304e-01  -6.406832e-01  -7.147667e-01  -7.247227e-01  -8.151943e-01
  -6.516256e-01  -1.654844e-01  -1.278622e-01  -7.654329e-02  -4.988233e-02
  -8.028100e-04  -6.603275e-02  -1.547611e-02   7.233489e-02  -8.305838e-02
   3.898702e-02  -6.443084e-02  -1.917109e-01  -9.068227e-03  -5.909182e-03]
[-0.750997 -0.687387 -0.700828 -0.760059 -0.690063 -0.671724 -0.031168
 -0.00465  -0.017996  0.030843  0.007205 -0.025165 -0.024221 -0.032101
  0.004242 -0.032655 -0.003674 -0.016491  0.004966 -0.033015]
[-0.669523 -0.76287  -0.78772  -0.611495 -0.633022 -0.64134   0.116037
 -0.027681  0.05607  -0.06761   0.001635  0.092978  0.02364  -0.034888
 -0.030412  0.019223 -0.175304  0.214097 -0.008941  0.007141]
[-0.939766 -1.066677 -1.044372 -0.971637 -0.921076 -0.971841 -0.043231
 -0.069367  0.113297  0.015     0.046744  0.083298 -0.002941  0.078832
 -0.07535   0.023837 -0.010508  0.013641 -0.037789 -0.012696]
[-1.060952 -1.016434 -0.917066 -1.103437 -0.924346 -0.936875  0.10635
 -0.153022 -0.048553  0.071734  0.126321 -0.059212  0.077639  0.041697
 -0.006719  0.046128  0.11916   0.10397  -0.011745 -0.003573]
[-0.78437  -0.736416 -0.711145 -0.561997 -0.609393 -0.566013  0.057368
  0.019571  0.117841  0.029269  0.06101   0.044127 -0.053606  0.062618
  0.019985 -0.033587  0.005758  0.058386  0.014463  0.004607]
[-1.105889 -0.903467 -0.839207 -0.947998 -0.693418 -0.685369 -0.030743
 -0.125916 -0.156616 -0.04682  -0.030221 -0.177838  0.025064 -0.041326
 -0.054898 -0.018557 -0.027969  0.065153 -0.089162 -0.008096]
[-0.848774 -0.898437 -0.843746 -1.074246 -0.998846 -1.080666  0.016447
  0.109454 -0.124448 -0.012052  0.096357 -0.137325 -0.048458  0.092402
  0.129286 -0.008925  0.025687 -0.011009 -0.059232  0.014116]
[-1.116581 -1.129645 -1.066001 -0.809855 -0.687067 -0.843931  0.087174
 -0.143197 -0.049618 -0.016224 -0.039387 -0.070048 -0.025025 -0.034016
 -0.201805  0.023737  0.010583  0.040601  0.013059  0.028139]
[-0.909571 -0.930649 -0.866699 -0.898659 -0.827895 -0.867813 -0.017797
  0.022383  0.015455 -0.06818   0.046692  0.028183  0.025178  0.071338
  0.031755  0.008369 -0.03375   0.078705 -0.022755 -0.014755]
[ -1.377208e+00  -1.194566e+00  -9.601893e-01  -1.265534e+00  -8.479130e-01
  -7.988608e-01   2.692027e-02   6.515661e-03   7.469955e-02   2.948775e-04
  -6.465463e-02  -8.307808e-02  -6.030983e-02  -6.349369e-03   2.595881e-02
   7.494193e-03   2.317454e-02  -7.021086e-02   1.761026e-02  -8.493839e-03]
[-0.492239 -0.590765 -0.451636 -0.70772  -0.655847 -0.768231  0.113043
  0.010874 -0.062553  0.031593 -0.008185 -0.069501 -0.026223 -0.003654
  0.035287 -0.034473  0.036176  0.156175  0.016125  0.012799]
[-0.889267 -0.685392 -0.594101 -0.767631 -0.62908  -0.449545  0.042446
  0.089143  0.05059   0.012716  0.05817   0.027425 -0.076095  0.05664
  0.051479 -0.112146 -0.016275 -0.011488 -0.029365  0.015802]
[-1.017225 -1.111708 -0.742813 -1.048792 -0.691923 -0.777118 -0.172251
 -0.100901 -0.295991 -0.010555  0.186921 -0.176462 -0.082977  0.177037
 -0.057736 -0.035449  0.069234 -0.003091 -0.1391   -0.069119]
[-0.961215 -0.841896 -0.618474 -1.104473 -0.943981 -0.801391  0.006678
 -0.012947  0.059242 -0.058352  0.087819 -0.001704 -0.0559    0.053652
  0.036956 -0.07931   0.014086 -0.007949 -0.023485  0.006548]
[-1.078272 -1.079675 -1.031666 -0.871419 -0.854699 -0.857741  0.122721
  0.004267  0.00798   0.076649 -0.080844  0.042936 -0.173366 -0.093417
 -0.034453 -0.104468  0.067759  0.056672  0.064027  0.041466]
[-0.973182 -1.111047 -1.045777 -1.23767  -1.180364 -1.189011  0.025009
  0.027614 -0.059332 -0.054458 -0.037489 -0.107157 -0.030352 -0.058349
  0.02526  -0.019843 -0.102328  0.02148  -0.036542 -0.003994]
[-0.836366 -0.954025 -0.951878 -0.731587 -0.77183  -0.888445 -0.036267
 -0.115871 -0.11278   0.072022  0.045446 -0.218024  0.08098   0.047578
 -0.108231  0.089148  0.034673 -0.082306  0.088137  0.059526]
[-0.865072 -0.874458 -0.740676 -0.742579 -0.640661 -0.661227  0.021863
 -0.051452  0.04592  -0.060467  0.103292  0.010524  0.070873  0.131131
 -0.003803  0.131348 -0.071674  0.044403  0.039452  0.010763]
[-0.874677 -0.855469 -0.911907 -0.836128 -0.729229 -0.941566  0.106531
 -0.008729  0.049455  0.101345 -0.013083  0.08146  -0.068242  0.00777
  0.0514   -0.089184  0.153625  0.055081 -0.074905 -0.002754]
[-0.937928 -0.86239  -0.787251 -0.84832  -0.819679 -0.681859 -0.070402
 -0.028883  0.039013 -0.077408  0.078643 -0.007671 -0.02166   0.139668
 -0.009849 -0.030415 -0.106373 -0.026545 -0.04767  -0.023289]
[-0.986816 -0.883735 -0.747682 -0.889355 -0.692972 -0.697467 -0.060963
  0.034268  0.043756 -0.039602 -0.045714  0.026642  0.178881 -0.014515
 -0.002869  0.141012 -0.07594  -0.020037 -0.046129 -0.017247]
[-0.919251 -0.897417 -0.721128 -0.811839 -0.679424 -0.598617  0.021899
  0.075936 -0.039899 -0.041126  0.014428 -0.048424  0.077729 -0.027556
  0.152375  0.064846 -0.074525  0.047204  0.037727  0.00364 ]
[ -7.935167e-01  -6.302072e-01  -6.880696e-01  -6.499503e-01  -8.036983e-01
  -5.683458e-01  -3.289916e-04  -3.146281e-02  -3.266383e-02   6.255303e-02
  -2.100111e-02  -3.568035e-02  -4.091949e-02  -6.350525e-03   3.607802e-04
  -6.397315e-02   1.204328e-01  -4.252180e-02  -4.380201e-02  -1.613161e-02]
[-0.654975 -0.696794 -0.822141 -0.611704 -0.787891 -0.794623 -0.069382
  0.079264  0.093944 -0.049865 -0.006115  0.104228 -0.080015 -0.015048
  0.118882 -0.083588 -0.082404 -0.117655 -0.027995 -0.016486]
[-0.589746 -0.767165 -0.404989 -0.820594 -0.615728 -0.734586  0.060447
  0.043858  0.096162 -0.058186  0.230101  0.076829 -0.056563  0.230195
  0.117139 -0.038035 -0.063795 -0.022321 -0.08784  -0.049486]
[ -1.092561e+00  -8.570646e-01  -1.071609e+00  -7.211119e-01  -9.598414e-01
  -5.912838e-01   6.371434e-02   1.036143e-01   9.775348e-04  -1.509468e-01
   1.435541e-02   1.207958e-02   1.264055e-01  -5.344475e-02   2.303206e-02
   8.474950e-02  -1.211955e-01   4.014038e-02   1.895364e-02   1.367308e-02]
[-0.891128 -0.79352  -0.584674 -0.656812 -0.48462  -0.56285   0.072965
  0.147912  0.008545  0.05246   0.055522  0.015834 -0.079287  0.077967
  0.220469 -0.09486   0.024331 -0.011088  0.002564  0.01245 ]
[-0.935003 -1.030899 -0.762358 -0.922591 -0.729893 -0.805376  0.1302
 -0.072262  0.16692  -0.068917  0.032846  0.219142 -0.006727  0.045752
 -0.067169 -0.024438 -0.089592  0.054999 -0.008592 -0.019148]
[-1.194921 -1.188735 -0.894388 -1.457258 -1.006816 -1.06269  -0.020779
 -0.108048  0.114848  0.017332 -0.12746   0.077438 -0.047219 -0.198524
 -0.02343  -0.028069  0.051717 -0.090458 -0.071515 -0.007437]
[-0.877496 -0.949085 -1.023482 -0.980293 -1.028664 -1.060711 -0.068132
  0.003402  0.059258  0.016322  0.058921  0.034281  0.091666  0.04378
  0.004898  0.040703 -0.053201 -0.132585 -0.004294  0.012733]
[-0.893702 -0.952823 -0.822257 -0.798587 -0.643249 -0.771388 -0.039886
  0.046757  0.040276 -0.04845  -0.031434 -0.007071  0.152439  0.005286
  0.076007  0.117313 -0.031075 -0.048151 -0.011862  0.002226]
[-0.939388 -0.844396 -0.764499 -0.761699 -0.759061 -0.70407  -0.0222
 -0.068327 -0.114835 -0.078087 -0.06887  -0.056266  0.028139 -0.075765
 -0.03144   0.016382 -0.075755  0.017541 -0.013356  0.001104]
[ -1.085523e+00  -9.673859e-01  -8.190958e-01  -1.043799e+00  -8.413584e-01
  -9.052154e-01   3.735369e-02   5.039604e-02   3.672494e-02  -8.253023e-02
   1.897706e-02  -2.233461e-03  -1.072482e-01  -2.627753e-02   8.342373e-02
   1.681967e-02  -4.443751e-02  -5.652516e-04  -1.212662e-02   1.259962e-02]
[-0.813569 -0.958347 -0.883464 -0.825667 -0.726913 -0.680792  0.034983
  0.068839  0.040105 -0.122566 -0.144017  0.001096  0.122817 -0.150254
  0.072293  0.161544 -0.107934  0.042677 -0.013933  0.019022]
[ -8.064738e-01  -6.689726e-01  -8.220014e-01  -7.594982e-01  -9.956553e-01
  -6.882647e-01   1.437014e-01  -5.388563e-02  -1.246950e-02  -8.147436e-02
   1.442415e-01  -7.606504e-02   4.775061e-02   1.420600e-01  -5.540977e-02
   1.596748e-02  -1.110184e-01   1.982308e-01   9.668501e-04   4.137555e-02]
[-0.784334 -0.629023 -0.865005 -0.780274 -1.158462 -0.813457  0.072366
  0.080062 -0.121048 -0.011249  0.022924 -0.064579  0.025057 -0.025953
  0.064805 -0.002851  0.018937  0.094828  0.039755 -0.001798]
[-0.702042 -0.71249  -0.513474 -0.902547 -0.762114 -0.71169   0.046466
 -0.004188  0.032774  0.009271  0.074766  0.003258  0.053434  0.126651
 -0.025338  0.023581  0.075521  0.049688 -0.006621  0.007493]
[-0.988866 -0.924078 -0.80965  -0.912616 -0.791256 -0.699549 -0.04865
  0.008153 -0.013745  0.045104 -0.026737 -0.024614  0.013503 -0.071066
 -0.040728 -0.003622 -0.031142 -0.042448  0.015072 -0.028692]
[-0.846492 -1.053378 -0.738161 -0.867292 -0.580659 -1.084248  0.06418
 -0.036442 -0.13395   0.013082 -0.069385 -0.077911 -0.125809 -0.086539
 -0.042691 -0.141013  0.075019  0.021741  0.029649 -0.045856]
[-0.815162 -0.777833 -0.383855 -1.008515 -0.807277 -0.688184  0.010199
  0.016151  0.048555  0.047021  0.101105  0.04576  -0.015461  0.071714
  0.045937  0.002615 -0.042626  0.052489 -0.02681  -0.017122]
[ -7.861069e-01  -8.338656e-01  -8.939145e-01  -6.340766e-01  -6.238553e-01
  -8.317911e-01  -4.800459e-02  -1.141495e-02  -2.863042e-03  -3.829725e-02
   5.719296e-02  -6.891254e-02   1.236870e-01   1.198944e-01   1.822142e-02
   1.328521e-01  -1.289683e-01  -1.484184e-01  -7.990281e-04  -3.013937e-02]
[-0.977828 -1.184273 -0.822478 -1.303515 -0.894378 -1.29261   0.160694
  0.013235  0.093397 -0.083908  0.053058  0.138801 -0.079535  0.002657
  0.106412 -0.080547 -0.032297  0.098516 -0.004687  0.013451]
[-0.918739 -0.736292 -1.038103 -0.681993 -1.010723 -0.663206 -0.001246
  0.063552 -0.125126 -0.043048 -0.013477 -0.065157  0.102642  0.075495
  0.024146  0.133728  0.014264 -0.016119 -0.028204  0.00212 ]
[-1.022469 -1.063997 -0.940243 -1.081133 -0.796022 -0.976552 -0.057281
  0.079805  0.011753 -0.015011 -0.04836  -0.022521  0.141551  0.05543
  0.07842   0.123573 -0.076002 -0.072851 -0.006229 -0.037574]
[-1.047785 -0.90826  -0.876905 -1.04747  -1.073572 -0.870459 -0.013814
  0.047494 -0.115662  0.01679   0.082171 -0.106371  0.00817   0.076257
 -0.042506  0.084668 -0.076264 -0.051482  0.040589 -0.032454]
('Mean', 1, ': ', -1.0477850948852874)
('Median', 1, ': ', -1.0477850948852874)
('Variance', 1, ': ', 0.0)
('Mean', 2, ': ', -0.90826037125193526)
('Median', 2, ': ', -0.90826037125193526)
('Variance', 2, ': ', 0.0)
('Mean', 3, ': ', -0.87690528999889372)
('Median', 3, ': ', -0.87690528999889372)
('Variance', 3, ': ', 0.0)
('Mean', 4, ': ', -1.0474703733589035)
('Median', 4, ': ', -1.0474703733589035)
('Variance', 4, ': ', 0.0)
('Mean', 5, ': ', -1.0735720929038792)
('Median', 5, ': ', -1.0735720929038792)
('Variance', 5, ': ', 0.0)
('Mean', 6, ': ', -0.8704588985070093)
('Median', 6, ': ', -0.8704588985070093)
('Variance', 6, ': ', 0.0)
('time: ', 7671.235085964203)
