“Running plot script on a single CPU core”
[ 0.181081 -0.343908  0.258009 -0.570982  0.130796  0.042815 -0.145878
  0.332758  0.286537  0.317238  0.320011 -0.990485 -0.61261   0.208477
  0.299464 -0.044978  0.304897 -0.690687  0.276568  0.19774 ]
[ 0.318932 -0.88224   0.303877 -0.015728  0.17537   0.281832  0.082568
 -0.30434  -0.279616  0.319498 -0.01943   0.316856  0.06488   0.333333
  0.126602 -0.83092  -0.82809   0.271149 -0.209384  0.018674]
[ 0.32719  -0.321175  0.265241  0.040564  0.147628  0.331988  0.267649
  0.272227  0.324429  0.097987  0.144865 -0.065855  0.288436 -0.781843
 -0.106524 -0.164562  0.188287 -0.011406 -0.457071 -0.762272]
[ 0.245214 -0.256174 -0.034721  0.331972 -0.889808  0.099549  0.303546
  0.321522 -0.998453 -0.22062   0.287167  0.277747 -0.416898 -0.3443
  0.328286  0.301418  0.298364  0.159654 -0.948817 -0.077875]
[ 0.006806 -0.812517 -0.171619  0.320473  0.27392   0.256053  0.157901
  0.301821  0.103801  0.332539  0.172097 -0.120378  0.13826  -0.997166
  0.065884  0.329787  0.254598  0.330944  0.222904 -0.197833]
[ 0.332934  0.327947 -0.055887  0.266743  0.185382  0.326311  0.19855
  0.329994  0.175581 -0.999913  0.331938  0.193126  0.330478 -0.802965
 -0.479903  0.330771  0.247032 -0.413264  0.32641   0.330673]
[ 0.332087 -0.999989  0.257641  0.114193 -0.058079  0.276923  0.151017
  0.139464  0.160632  0.321528 -0.204457  0.26616   0.324359  0.245996
  0.326636  0.043171  0.127175 -0.048556  0.066659 -0.870654]
[-0.358225 -0.253667 -0.173877  0.054083  0.330652  0.331885  0.319151
  0.309518  0.033785  0.327893 -0.376891  0.103151  0.329296 -0.979369
  0.316604  0.116849  0.333291  0.236674  0.33264   0.177126]
[-0.783172 -0.981947  0.311571 -0.56614   0.161284  0.154742 -0.355865
  0.285848  0.21261  -0.060112 -0.220567  0.092441  0.224635  0.251215
  0.314478  0.309398  0.040046  0.324861  0.070586 -0.339993]
[ 0.228898 -0.938238  0.298237  0.306315  0.318024  0.332017  0.010366
  0.324384  0.241124  0.286915 -0.633473  0.271792 -0.245298  0.176455
 -0.187542  0.230332  0.320728 -0.101368  0.318087 -0.362063]
[-0.175143 -0.92803  -0.122692 -0.132544 -0.999883  0.233192 -0.644614
 -0.967114  0.17268   0.331892  0.229867  0.218623  0.300293  0.186767
  0.292046  0.269616 -0.069546  0.014526  0.313469  0.326876]
[ 0.315916  0.031621 -0.436425  0.251619  0.333031 -0.203801  0.269043
 -0.135449  0.312353  0.14613  -0.764785 -0.130935  0.204399  0.096257
  0.172191 -0.902064 -0.392609  0.29799   0.175871  0.308841]
[-0.589776 -0.868368  0.2198    0.259745  0.295703 -0.415996  0.144794
 -0.085186  0.329367  0.229068 -0.239394  0.320603  0.288756 -0.526601
  0.298373  0.175495 -0.991202  0.240047 -0.668508 -0.269675]
[-0.216102  0.327822  0.278499 -0.150668  0.199588  0.284238  0.030656
 -0.107247 -0.26508   0.295862 -0.546273 -0.136076 -0.999429 -0.999018
  0.10854  -0.11338  -0.774744  0.273146  0.254364 -0.474045]
[ 0.314943  0.320233 -0.006124 -0.072133 -0.364946  0.333309  0.048608
  0.315494  0.332911 -0.007586 -0.516389  0.332102 -0.295197 -0.614866
 -0.461663 -0.996678  0.17636  -0.431692  0.245136  0.124964]
[ 0.299119  0.198408 -0.719182  0.29111  -0.56104   0.326459 -0.452231
  0.331529 -0.428066  0.267607 -0.289236 -0.806301  0.155716  0.227239
  0.217752  0.328144 -0.779933 -0.302867 -0.384817  0.12148 ]
[ 0.2141    0.145277 -0.502347 -0.820978  0.327751  0.329383 -0.639563
  0.327332  0.326014  0.261981  0.321877 -0.203682 -0.042257  0.331216
  0.318013  0.325383  0.330027  0.260967 -0.866955  0.166485]
[-0.915438  0.332244 -0.499793 -0.318503  0.3324    0.209842  0.332454
  0.228772 -0.165777  0.273511  0.132515 -0.118853  0.331837 -0.13072
 -0.653683  0.167876  0.27746   0.030716  0.266333 -0.208716]
[ 0.041037 -0.32561   0.188782  0.184053 -0.787785  0.332494 -0.822283
  0.291634 -0.13256   0.314051  0.23492   0.203878  0.218838  0.087212
  0.23438  -0.138606  0.255693 -0.875388 -0.630134  0.182487]
[-0.304403  0.289903  0.32914   0.329322 -0.334945 -0.796065 -0.64414
 -0.990282 -0.090375  0.332423  0.256239  0.332726  0.302244  0.33222
  0.060029 -0.345638  0.241212 -0.51931   0.321587  0.332005]
[-0.145305 -0.597375 -0.858913 -0.278218 -0.170772  0.125646  0.029776
  0.316345 -0.15919  -0.743214  0.332859  0.327977  0.301756  0.312712
  0.223506  0.317888  0.332408 -0.359693 -0.692951  0.331287]
[ 0.310215 -0.880157 -0.825016 -0.836939  0.157083 -0.011834  0.164984
  0.043481 -0.384376 -0.70657  -0.981506  0.270217  0.118549 -0.076479
  0.209625 -0.031948 -0.549557  0.235646 -0.049906  0.315456]
[  3.331738e-01  -8.566954e-02   3.014238e-01  -4.664676e-01  -9.555025e-01
  -8.436363e-04   3.022697e-01   2.497730e-01   2.853570e-01  -4.130095e-01
  -6.184999e-01   3.013356e-01   3.333196e-01  -1.721932e-01   3.171521e-01
  -2.572278e-01  -1.797822e-01  -2.325023e-01   1.701696e-01   3.172900e-01]
[-0.094176  0.319492  0.020435  0.322639  0.33173   0.287055  0.077113
  0.139359  0.085649  0.221     0.332854  0.291336  0.286169  0.31992
 -0.089325 -0.009539  0.301536  0.03562   0.040355 -0.987694]
[ 0.295397  0.149647  0.331105  0.135586  0.317363  0.267895 -0.99855
 -0.391216  0.314189 -0.769278  0.132488 -0.244866  0.007854 -0.720757
 -0.745975  0.309684  0.322767  0.181366  0.333333  0.138691]
[ 0.252043  0.333211  0.165373  0.317198  0.247116  0.280564  0.333178
  0.088347 -0.030789 -0.291993 -0.092366  0.315859  0.073735  0.242725
 -0.072628  0.19688   0.126532  0.325889  0.188535  0.131331]
[-0.350986  0.218014 -0.550767  0.035261 -0.744689 -0.824683  0.328004
 -0.176739 -0.77874  -0.143648  0.316544 -0.861659  0.013968  0.315975
  0.324359  0.319585  0.3311    0.329448  0.229362  0.050617]
[-0.05371  -0.86198   0.269557 -0.257875 -0.906213 -0.994042 -0.826698
  0.316516  0.049861  0.031893  0.169949  0.040631  0.333144  0.277328
 -0.536709  0.23847   0.325734 -0.062822  0.135834  0.300115]
[-0.92499  -0.988083 -0.794135  0.13653  -0.675645  0.326664  0.210007
  0.22473  -0.346734 -0.823002 -0.534986 -0.578476  0.304636  0.286884
 -0.972471 -0.113695  0.303958  0.315498  0.31851  -0.991057]
[ 0.146916  0.165158  0.104198  0.288919 -0.649292 -0.219732 -0.280968
  0.233542  0.333274  0.268173  0.2735   -0.082116  0.323531  0.329844
  0.274759 -0.510591  0.038372  0.219189 -0.131868 -0.57722 ]
[-0.193397 -0.056149  0.278944  0.046697  0.143808  0.226229  0.246235
  0.25676   0.004228  0.30363  -0.041109  0.10838   0.20913  -0.949637
  0.14476   0.229345  0.30946  -0.124076  0.10682  -0.999989]
[  3.327002e-01  -9.926575e-01  -7.814665e-01   3.134536e-01   2.746999e-01
   2.582539e-01   3.255140e-01   2.984155e-01   8.939230e-02  -1.227332e-01
  -1.264080e-01   3.199307e-01   2.820965e-01  -9.877358e-01  -7.585207e-01
   3.017456e-01   2.182436e-01   2.968079e-01   2.425724e-01   9.868878e-05]
[ 0.13299   0.277739 -0.127558  0.260855  0.325374  0.279527  0.293321
 -0.196538  0.282464 -0.422524  0.321796 -0.531444  0.2287    0.291897
 -0.940985 -0.275365  0.087847 -0.043143  0.095807  0.296725]
[-0.957955 -0.348602  0.170696  0.333103  0.036437  0.318586  0.129148
  0.333328  0.32899   0.273003 -0.73692  -0.311551  0.121248  0.282464
  0.285243 -0.14543  -0.322974  0.21118   0.312598 -0.684295]
[-0.293237  0.219314  0.138909 -0.064137  0.31891  -0.333211  0.174669
 -0.466328 -0.893946  0.319433  0.333285  0.333018  0.181221 -0.119511
 -0.275786 -0.137005 -0.029315  0.332262  0.319295  0.32412 ]
[ 0.305442  0.207262 -0.200707  0.288286 -0.999315  0.234109  0.333095
  0.31976   0.332166  0.329956  0.32315   0.332089  0.321898  0.206464
  0.153367  0.176763  0.315183  0.331969  0.278126  0.214293]
[ 0.065373  0.183915 -0.188819  0.110631  0.207478  0.328847 -0.487098
  0.301102 -0.831038  0.30436   0.205193 -0.431653  0.331787  0.285008
  0.333333  0.332976  0.25073   0.332395 -0.050477 -0.953862]
[ 0.212903 -0.638306  0.162775  0.286682 -0.610659  0.303778  0.32861
 -0.630084 -0.933834 -0.429674  0.332707  0.021654 -0.591551  0.303582
  0.29316   0.140596 -0.102397 -0.365803 -0.934223 -0.979777]
[-0.601732 -0.035277  0.320791  0.30563  -0.448058  0.266791  0.299128
  0.31506   0.263386  0.263471 -0.361253  0.068489 -0.577275 -0.141273
  0.009598 -0.131658  0.087645  0.219184  0.098151  0.32997 ]
[-0.218517 -0.867879 -0.255325 -0.576379 -0.815746  0.046221  0.327759
  0.136897 -0.70452   0.325955 -0.176164 -0.159971  0.160523  0.306649
  0.329446  0.124059 -0.183077  0.232029  0.323218  0.142624]
[ 0.039423  0.092149  0.31918  -0.106109 -0.890915  0.306407  0.203893
  0.331179  0.327362  0.286542  0.327705  0.208566  0.259132 -0.011543
  0.313001 -0.999465  0.234214  0.019361  0.294637  0.330539]
[-0.20087   0.290572  0.144154  0.20237   0.296571  0.26918  -0.404335
  0.26334  -0.414495  0.322535  0.325471  0.07594  -0.156588  0.238361
  0.039008  0.254599 -0.032374  0.24927   0.323116  0.296538]
[ 0.085     0.028397  0.284746 -0.85913  -0.050224 -0.214289  0.275183
  0.250163  0.25761   0.284411  0.195553  0.332613  0.3311   -0.035108
 -0.971677  0.332796 -0.954574  0.30955  -0.395324  0.071922]
[-0.937158  0.327686  0.248051  0.278701 -0.046181  0.253795 -0.537911
 -0.052271  0.02625  -0.836048  0.330294  0.330305 -0.077126  0.131719
 -0.567085  0.327706 -0.447622  0.274177  0.209224 -0.172549]
[ 0.270061  0.326301  0.184251  0.331451  0.332147  0.286969  0.317694
  0.03014  -0.385003  0.186455  0.251807  0.321462  0.260847  0.32972
 -0.030874  0.252943 -0.338486  0.315842  0.02058   0.086627]
[ 0.33227   0.329052 -0.90184   0.163316  0.239379  0.332971 -0.24158
  0.325214  0.232518  0.321569  0.266507 -0.615552  0.202169  0.134602
 -0.641937 -0.998069 -0.504054  0.317871  0.333199  0.320135]
[ 0.253807  0.322077  0.333324  0.332835  0.323768 -0.062118 -0.123652
  0.327811  0.324279 -0.479856  0.330883  0.105041  0.327362 -0.107083
 -0.999714  0.31857   0.16506  -0.320569  0.326793  0.189514]
[ 0.253847  0.329775 -0.769507 -0.038535 -0.10975  -0.622125  0.330975
 -0.058705  0.153299  0.142513 -0.128309 -0.67466  -0.935316 -0.988305
 -0.985193  0.328125 -0.075865  0.333281 -0.94727  -0.497539]
[ 0.262799  0.316975  0.1781    0.328718  0.165148 -0.605808  0.250376
  0.232689  0.289921  0.267721 -0.143656  0.302266 -0.670187  0.326032
  0.127743  0.318521 -0.015855  0.278369  0.304921  0.209497]
[-0.751096  0.251021 -0.491021  0.022018  0.323776  0.301354  0.287273
  0.332923  0.271287 -0.518199  0.165449 -0.211823 -0.420451  0.283132
  0.283234  0.084499  0.297809  0.297416  0.272338  0.016121]
[ 0.21471  -0.724537  0.29495  -0.195868  0.333301  0.333054  0.323395
 -0.960668  0.262554  0.321266  0.202628  0.269212 -0.064814  0.33285
 -0.113145 -0.650874 -0.999662  0.333256  0.215282  0.245686]
[-0.060582  0.21581  -0.19581   0.292192 -0.700829  0.264392 -0.412463
  0.237291 -0.501938 -0.973304  0.323214  0.328864  0.112004  0.155831
  0.032308 -0.809472  0.112864 -0.206008 -0.680571 -0.967031]
[  2.049079e-01   3.320080e-01   2.922624e-01   3.329069e-01   1.103882e-01
  -9.757449e-01   2.968743e-01   2.563037e-02   3.259979e-01   3.224337e-01
   2.433159e-01   3.190882e-01   2.297139e-01  -5.558566e-01  -5.762593e-04
   2.176907e-01  -5.230751e-01   3.311425e-01   3.173258e-01   3.033812e-02]
[ 0.204783  0.297809 -0.188089 -0.950703  0.124837  0.250173  0.270201
  0.168873  0.202283  0.177543 -0.127121  0.326607 -0.032542  0.147282
  0.077312 -0.277954 -0.714056  0.226483  0.040606  0.310756]
[ 0.114626  0.304329  0.062295  0.221322  0.327014 -0.792418  0.275032
  0.298229 -0.037741 -0.53258  -0.157684  0.191662  0.253765  0.273679
  0.062593  0.303871  0.306948  0.267468  0.224621 -0.702271]
[  7.184513e-02  -9.108908e-01   1.895697e-01  -4.012660e-01   1.734137e-01
   2.759515e-01  -1.751165e-01   2.474830e-01   2.729599e-01   2.189028e-01
  -3.566746e-01   6.688927e-02  -3.194245e-01  -5.021443e-03   3.100857e-01
   3.114991e-01  -1.020468e-04  -7.627398e-01  -6.619125e-01   3.273895e-01]
[-0.809512 -0.808377 -0.494949  0.1435   -0.597713  0.25968   0.300509
  0.107755  0.120599  0.022136  0.181434  0.234681 -0.939185  0.321311
  0.087727 -0.015129  0.278872 -0.306573 -0.835886  0.120246]
[ 0.333207 -0.108356 -0.032963  0.33308   0.324795 -0.465919  0.296829
  0.320725  0.332213 -0.717834  0.310477  0.332546  0.243097 -0.009504
  0.233642  0.089416 -0.142262  0.333327 -0.031496  0.279914]
[ 0.303025  0.324909  0.024001  0.278946 -0.433869  0.329498  0.077553
  0.332107  0.215957  0.332284  0.322378 -0.284148  0.289533  0.152106
 -0.972087  0.295384  0.15833   0.226852  0.248144  0.061399]
[ 0.104152  0.303014  0.096038  0.176527 -0.919803  0.329907 -0.256978
 -0.178444  0.197309  0.317055  0.283718 -0.507578  0.327239  0.037024
  0.056485 -0.162561  0.304096 -0.020555  0.333293  0.226148]
[ 0.277064  0.129784  0.278604 -0.632623  0.322295 -0.227063  0.264769
 -0.069002  0.190264  0.22111   0.114375 -0.912783  0.324982  0.296538
  0.2776    0.24404  -0.056613  0.293172 -0.065835  0.236136]
[ 0.232425  0.143901  0.285341 -0.845438 -0.999944 -0.905664  0.257002
 -0.558791 -0.605253  0.172541  0.277651  0.077994  0.331464 -0.807621
  0.192997 -0.045469  0.298833  0.176714  0.305994  0.251251]
[  3.305010e-01  -3.160873e-01   2.809234e-01   3.199168e-01  -2.369474e-01
   3.135677e-01   1.756257e-01   3.207906e-01  -8.261921e-01  -7.468596e-02
  -2.103226e-01  -6.826231e-02  -6.887713e-01   1.584586e-01   8.440499e-04
  -5.131890e-02   1.021886e-01   2.190465e-01  -8.529189e-01   1.724589e-01]
[-0.038629  0.255898  0.293571  0.291128 -0.102481 -0.176872  0.315706
 -0.973679 -0.650406 -0.060357 -0.958815 -0.086175 -0.086772  0.174154
  0.230852  0.329578  0.291523  0.322537  0.28294  -0.01199 ]
[-0.928964 -0.530991 -0.471718  0.232542 -0.00767  -0.033037 -0.991523
  0.119612 -0.216559  0.117917  0.14109   0.331902  0.273263 -0.948913
 -0.117305  0.331073 -0.695073  0.094567 -0.98436   0.191726]
[-0.850132  0.277761  0.219776  0.333313  0.305315 -0.330586 -0.711724
 -0.467878  0.314661 -0.974962  0.320584  0.330874 -0.585125  0.30018
  0.320009  0.024903  0.316713  0.312634 -0.302573  0.327108]
[ 0.30321   0.271162 -0.52783   0.197002  0.203524  0.168431  0.330848
  0.193448  0.080759  0.21025  -0.35435  -0.712614 -0.299231  0.325901
 -0.01529   0.31076  -0.46446  -0.470433  0.019692 -0.890131]
[-0.27897  -0.116326 -0.455242  0.135373  0.233476 -0.027175  0.31079
  0.327718  0.113129  0.120494  0.285572 -0.197495 -0.975408 -0.027514
  0.002351 -0.982115  0.292474 -0.35791   0.30414  -0.309932]
[-0.088407  0.21517  -0.075408 -0.645591  0.142847  0.329756 -0.543763
  0.299077  0.096134  0.033435  0.232771  0.286753  0.100013 -0.009479
 -0.030584  0.205253 -0.62865   0.204053  0.309901  0.329643]
[ 0.257747 -0.359138  0.159642 -0.954713 -0.72965   0.331041 -0.963426
 -0.039769 -0.099928  0.282784  0.218892  0.255291 -0.580052  0.205906
  0.303101  0.298782  0.095032  0.209692  0.312546  0.314518]
[-0.100861  0.197366  0.116153  0.067984  0.164973  0.33333  -0.948272
  0.333173  0.283775  0.187627  0.304935 -0.407828  0.330652 -0.330622
 -0.359838 -0.570397  0.296611  0.282768 -0.9994    0.103679]
[-0.082159 -0.599683  0.330713  0.294996  0.281145 -0.024604  0.248655
  0.232379  0.270447  0.248576 -0.470384  0.322846 -0.108763  0.332103
  0.333182  0.29713   0.313035 -0.049023  0.322785  0.228639]
[-0.997489 -0.436142  0.33212  -0.94199   0.135256 -0.359264  0.139501
  0.321467  0.269752 -0.3427   -0.42691   0.333283  0.091583 -0.213684
  0.319562 -0.825396  0.229883  0.305188  0.332567 -0.139357]
[ 0.079934  0.205376  0.287429  0.24591   0.328987  0.286482  0.301223
 -0.5065    0.281944 -0.075196 -0.161354  0.300917  0.103528  0.235371
  0.326671 -0.990216 -0.020132  0.149224  0.20704   0.279776]
[ 0.309688  0.297369 -0.722442  0.156497  0.252533 -0.458726  0.292013
  0.308034  0.282401 -0.405782  0.320731  0.307839  0.310224  0.3207
  0.234397 -0.02065   0.200395  0.194012  0.333091 -0.332373]
[-0.028243  0.330095  0.283801  0.023528 -0.080547  0.283226  0.24675
 -0.556225 -0.681061  0.30665   0.151274 -0.414325  0.316237  0.290871
 -0.979012  0.156885  0.324675 -0.223127 -0.594245  0.318069]
[ 0.128554  0.289591  0.247536  0.055093 -0.67152   0.08439  -0.851174
  0.333258  0.211129 -0.167386  0.324155  0.245325 -0.377026 -0.269971
 -0.712554  0.319746  0.148528  0.333111 -0.203076  0.216001]
[ 0.327449  0.23072   0.32208   0.302144 -0.069989  0.120029  0.332874
  0.322662  0.310607  0.332294  0.298191 -0.172471  0.055595  0.184885
  0.31752   0.310512 -0.215444  0.185987 -0.723295 -0.531681]
[ 0.296555  0.3304    0.168454  0.318421  0.200407  0.077897 -0.031761
  0.330266  0.124033  0.333104  0.102883 -0.2661    0.333258 -0.491264
  0.060543 -0.539491  0.328778 -0.959887 -0.089899 -0.251457]
[ 0.226668  0.235476  0.137077  0.32036  -0.430709  0.267623  0.14356
  0.254309 -0.22439   0.266616 -0.352473  0.283415 -0.081664 -0.978112
  0.262775 -0.148156 -0.070309 -0.315572  0.009348 -0.364074]
[ 0.327936  0.329785 -0.160182  0.284245 -0.792083 -0.407718  0.215328
  0.333284  0.103119  0.210721  0.330782  0.316374  0.333271 -0.695991
  0.251771  0.332827  0.25156   0.326896  0.272219  0.290937]
[-0.948712  0.300418  0.260172  0.326436 -0.082668  0.154211  0.331744
  0.192534  0.240813  0.127906  0.332537 -0.66133  -0.282587  0.332592
 -0.024836  0.116797  0.266985  0.331408  0.29273  -0.370227]
[ 0.329809  0.280825  0.309861  0.31285  -0.225854  0.150418  0.236685
 -0.471348  0.122035  0.330903  0.23402   0.329367 -0.572531 -0.430269
  0.285991 -0.002807  0.328911  0.183895  0.323803  0.115825]
[-0.723444  0.255146 -0.901789 -0.332696 -0.906547  0.216339  0.324492
 -0.005025  0.33152   0.322596  0.283659 -0.958925 -0.297395  0.196613
 -0.004199  0.292295  0.332021  0.32742   0.215139  0.162263]
[ 0.09442   0.145204  0.232587  0.223054 -0.475492 -0.199925  0.288762
  0.268903  0.284003  0.151961  0.333048  0.292314  0.321651 -0.631897
 -0.37837   0.3328    0.286686  0.158851  0.2369   -0.504585]
[-0.036612  0.031148  0.268107  0.327231 -0.699368 -0.311357  0.240641
  0.285801 -0.999992 -0.857187  0.330166  0.150917 -0.527596  0.330233
 -0.577166  0.329812  0.279682  0.322092 -0.017977  0.278931]
[ 0.224846 -0.779297  0.302776 -0.792705  0.302823 -0.003352  0.297216
 -0.352835  0.275857 -0.43182  -0.170161  0.320917 -0.016225  0.02143
 -0.522536  0.13799   0.143322 -0.250691  0.253479 -0.084813]
[ 0.158649  0.116907  0.332946  0.332752  0.30869  -0.341147  0.333311
  0.333333 -0.994372  0.295704 -0.997162 -0.0147    0.180797  0.318106
  0.240705  0.324247  0.076415  0.205606  0.321993 -0.123301]
[-0.899257 -0.444666  0.320475  0.259695  0.18991   0.309647  0.330549
 -0.511924 -0.637004  0.296846  0.332442 -0.493075 -0.144411 -0.30895
  0.330236  0.172701 -0.5146   -0.005129  0.064475 -0.173546]
[ 0.332762  0.302951  0.152997  0.17534  -0.527165  0.330152 -0.702661
  0.299899  0.330128  0.126078  0.037817  0.250554 -0.825397  0.263975
  0.328812  0.272795 -0.073651  0.333183 -0.518912 -0.242541]
[  2.991436e-01   3.301107e-01   3.272240e-01   2.794114e-01  -9.435069e-02
   2.739324e-01   1.570122e-01   2.428259e-01  -4.987876e-02  -2.527203e-01
   3.222600e-01   2.287751e-01   3.052162e-01  -5.875982e-01   3.173527e-01
  -4.736590e-01   4.783711e-04  -9.973672e-01  -4.190570e-01   3.249874e-01]
[ 0.245092  0.262133  0.262167  0.332064  0.104919 -0.032651  0.331729
  0.270522  0.315776 -0.683132 -0.751702 -0.457356  0.12642  -0.750561
 -0.581309  0.305463  0.309337  0.297928  0.322974 -0.367755]
[ 0.329355  0.275993  0.178587  0.311556  0.143751 -0.207284  0.306469
 -0.989841  0.108076  0.307218  0.163499  0.212886  0.33133   0.144952
 -0.132846 -0.141458  0.332501  0.274757 -0.890934 -0.072421]
[ 0.180913  0.184703 -0.374068 -0.999171 -0.031355  0.209422  0.227091
  0.307669  0.332611  0.310833  0.310563  0.147285 -0.790753  0.256867
 -0.052528 -0.9204    0.063884  0.169505 -0.718055  0.322671]
[ 0.33158   0.272756  0.08618   0.312296  0.332384 -0.445314 -0.526141
  0.332926  0.317374  0.314669  0.190739 -0.219918 -0.851142 -0.714567
  0.271307  0.12855   0.298343  0.331643 -0.157361  0.17718 ]
[ 0.324348 -0.249127 -0.18554   0.333324  0.039034  0.273551  0.323192
  0.156626 -0.195775  0.313275  0.154396  0.323003  0.332756 -0.031881
  0.289262  0.194274  0.241469 -0.092002  0.11309  -0.668898]
[ 0.330415  0.242231 -0.098737  0.070189 -0.696489  0.147084  0.329786
  0.229602  0.285761  0.118423 -0.970418  0.140507  0.325659  0.275031
  0.315074  0.328999  0.126761 -0.938733  0.326297 -0.30591 ]
[-0.361272  0.284845  0.223357 -0.258933  0.147858 -0.517344  0.332761
 -0.101529  0.328391  0.28843   0.245942  0.207405 -0.091396  0.304953
  0.333201  0.168844  0.161609  0.333095  0.315338  0.287927]
[ 0.332455  0.285264  0.165707  0.053603 -0.624755  0.308289  0.328296
  0.248388 -0.987076  0.329796  0.33246   0.319968  0.328204  0.277272
 -0.804903  0.249343 -0.515923  0.042869  0.333255  0.27924 ]
[-0.560924  0.282553  0.302548  0.138826  0.322316  0.128933  0.325992
  0.014578  0.118459  0.226612  0.333101  0.315771 -0.174119  0.246731
  0.263967  0.131211  0.241673  0.003768  0.295435  0.141742]
[-0.012753413088274518, -0.0058775958582008014, -0.054206465513989277, 0.11319089071936514, -0.0080757637900596771, -0.024608705247945506, -0.066069739828526375, 0.0081874338294719573, -0.067969199480170772, 0.026093937774443077, 0.014477987070401099, -0.06066670064490931, -0.024344899459474156, 0.015116997232352131, 0.010083778564583978, -0.055701806133062748, 0.031025871616114364, -0.0017898873419016637, -0.022777014773955891, -0.002254283395875023, 0.023869497507867765, -0.016725345137978909, 0.055763090669437687, 0.0041885962477035132, 0.04556622131634841, -0.0075672799595476459, -0.0017686452678561393, 0.017311758307086159, -0.043253715395653258, -0.035069859378503404, 0.0096564847722594438, 0.045711660010065713, 0.0023515639913939679, -0.026254703719558847, -0.02064974220230209, -0.055271448343731044, 0.017713444738942111, 0.021487640102180044, -0.020241187218174472, 0.019573737893900656, 0.010890894320188176, 0.033511862983731683, 0.016837755266656304, 0.0028127860985854847, -0.036458654203147201, -0.024763545076821991, 0.064255672521374652, -0.051841921744817998, 0.011653414810191609, 0.030639971086891871, 0.034224484898376123, 0.034480524480104281, 0.023731112710747598, -0.0073042215787073872, 0.01072508974682615, 0.039266400389665654, -0.0012766399301558096, -0.012840423933893841, 0.086860405162552806, 0.00033879699322070245, 0.040459769624941272, 0.030306823110367975, 0.011541455296018521, 0.0017043527378244119, 0.00076938989895281029, -0.06150774050125174, -0.015297175585995526, -0.019455305324810379, -0.013647561363229158, 0.031373185243064539, 0.0094021467779054485, 0.0052064868083280952, 0.071452606470404412, 0.00036113883876040531, 0.032837142973492051, 0.02969392501596577, -0.027917635159755261, 0.096329349520966306, 0.036568459200645553, 0.083388072979303285, 0.00077107452175667612, -0.019767082821263715, 0.086258019945252118, 0.031926600508698888, 0.01807513780221956, 0.0019259818172310261, 0.081493371045848167, 0.058804608701455069, -0.016616501241208392, 0.01182923684479753, 0.060602890051527386, -0.011451509427827355, 0.12888427405087444, 0.032720561558330613, -0.0099644390076346623, -0.074362563794898362, 0.081860373846805667, -0.01702128259829333, -0.030095905780927634, -0.02568023177325196]
('time: ', 7732.207456111908)
