“Running plot script on a single CPU core”
[ 0.3329   -0.982574 -0.702441 -0.965294  0.33294   0.258437  0.30934
  0.305099 -0.954581  0.078576  0.333154 -0.071335 -0.076218 -0.089623
 -0.24112   0.147447 -0.217515  0.030371 -0.711156 -0.31842 ]
[ 0.203407  0.306606 -0.625455 -0.598969  0.322984  0.189049 -0.111598
  0.002612  0.327816  0.328315  0.291235  0.332778  0.179419  0.30997
  0.281003 -0.758791 -0.331411 -0.340212  0.292997 -0.326725]
[ 0.333251  0.145275 -0.269981  0.321755  0.187973  0.302079  0.237022
 -0.463834 -0.316724  0.14392   0.250622  0.33218   0.100399  0.041977
  0.090838 -0.569281 -0.216293 -0.039257 -0.372756  0.330839]
[ 0.333238 -0.100382 -0.032629  0.333023  0.331199  0.068997  0.32976
  0.252123 -0.136435  0.31823   0.079702 -0.999947 -0.225377  0.138252
  0.326888  0.255685  0.250543  0.31457  -0.860742  0.103601]
[-0.012037 -0.295453  0.333315 -0.670744  0.290086  0.31141  -0.298151
  0.328303  0.249863 -0.495765 -0.228901  0.201249 -0.871092 -0.663971
  0.301425  0.23479   0.014189  0.203024 -0.166778  0.054355]
[-0.27361  -0.97187   0.204211 -0.423534  0.0732    0.318005  0.204961
  0.175012  0.111632 -0.134191  0.325918  0.267139  0.296154  0.333327
  0.33262   0.199126  0.257739  0.328742 -0.106363  0.017531]
[ 0.084252 -0.26691  -0.456856  0.331298 -0.264945  0.140281 -0.798522
  0.288678  0.300995  0.285232  0.181979  0.23885  -0.80532  -0.167936
 -0.911131 -0.090858  0.333328  0.225614  0.333226  0.304415]
[ 0.25767  -0.939473 -0.463024  0.318118  0.266405 -0.657088  0.00776
 -0.794403  0.220925  0.21983  -0.929358  0.313166  0.19611   0.04825
  0.313815  0.333136 -0.38096   0.058739  0.110911  0.321084]
[ 0.270109 -0.519187  0.330632  0.19432   0.322079  0.242497 -0.047241
  0.212862  0.244659  0.329282  0.332076  0.292188  0.187852  0.235004
 -0.418506  0.219122  0.25062  -0.808439  0.206802 -0.006169]
[ 0.189675  0.333309 -0.999049 -0.548385 -0.896154  0.314008  0.246562
  0.306968  0.333328  0.280327 -0.937231 -0.242302  0.311954  0.225434
  0.331483  0.316866  0.133327 -0.260344 -0.944199  0.306593]
[ 0.18769   0.208061  0.026736  0.333194  0.224126  0.323774  0.102798
 -0.24812   0.31517  -0.027244 -0.251512 -0.906139  0.33001   0.133558
  0.262065  0.333118 -0.166119  0.308523 -0.927569 -0.187654]
[ 0.080065  0.03992   0.142705  0.333211  0.274627  0.333107  0.308789
  0.332634 -0.113401 -0.748404 -0.848074  0.139188 -0.81179   0.32264
 -0.269381  0.066017 -0.094496  0.222011  0.289283  0.173234]
[ 0.315809 -0.344301  0.153703 -0.901633  0.1641    0.32739  -0.126541
  0.215434 -0.680243 -0.814095  0.180622 -0.01246  -0.104888  0.298282
  0.283452  0.293195 -0.295765 -0.445436 -0.528394 -0.31778 ]
[-0.999534  0.279759  0.332698 -0.328217  0.333333  0.25386   0.030388
 -0.937616  0.325471  0.331285  0.219638 -0.471227 -0.732252 -0.999063
  0.206387 -0.313658  0.056782  0.298218  0.211695  0.022783]
[ 0.321023  0.326466 -0.048335 -0.891901  0.176933 -0.973597  0.33069
 -0.270922  0.333111  0.332704  0.268247 -0.484345  0.222704 -0.044189
  0.144391 -0.638695  0.252301  0.303018  0.292889  0.234043]
[-0.589293 -0.520237  0.310414  0.333316  0.088792  0.303571  0.320285
  0.31055   0.199784  0.332236 -0.671561 -0.912591  0.267651 -0.02968
  0.331782 -0.799314  0.236702 -0.25037   0.195823 -0.198501]
[-0.405803 -0.462302  0.315877  0.12033   0.32867   0.023329 -0.03036
  0.316225 -0.28091   0.33258   0.324002 -0.382054  0.297732  0.198624
 -0.202194 -0.28518  -0.894369 -0.084083 -0.150928  0.333096]
[ 0.327795  0.305088 -0.239636 -0.059162  0.295643  0.119762  0.326777
  0.095326  0.268115  0.282574  0.324697 -0.082779 -0.15775   0.33088
 -0.827613  0.13235   0.333255  0.19634   0.262689 -0.186041]
[ 0.172884  0.183764  0.333297 -0.151641  0.227605  0.3049    0.280175
  0.276835  0.327265 -0.197426 -0.059298  0.245134  0.32695   0.306364
 -0.052723  0.248628 -0.999892 -0.998233  0.313023  0.328346]
[ 0.316868  0.299854 -0.010176 -0.446132  0.259733 -0.29644  -0.025285
 -0.417622  0.223343  0.311536 -0.435095  0.329913  0.076553  0.286856
  0.200552 -0.826158  0.285122  0.305944  0.109897  0.28905 ]
[ 0.017731  0.321299  0.241124 -0.997724  0.252696  0.175638  0.156478
 -0.130787 -0.999884  0.246249  0.32618   0.311073  0.324308  0.275109
 -0.703115  0.216847  0.31985   0.201671 -0.710476  0.096808]
[ 0.33294   0.274275 -0.214731  0.32153   0.323498  0.286244 -0.751731
 -0.770652 -0.925564  0.300324 -0.196537  0.213202 -0.882398 -0.87569
 -0.702035  0.285741  0.244331 -0.20614   0.311226  0.314217]
[ 0.138521  0.288917 -0.755169  0.320304  0.31069  -0.513158 -0.029563
  0.333001  0.333037  0.332748 -0.412044  0.288644  0.20817   0.320848
  0.006723  0.318723 -0.692096 -0.937662  0.214644  0.261722]
[-0.122614  0.308312  0.168907 -0.999869  0.314524  0.33133  -0.391077
 -0.458118 -0.027532  0.315013  0.131     0.333181  0.116418  0.330744
  0.330575 -0.323653  0.327118  0.256093  0.25733   0.305945]
[ 0.300978  0.31029   0.247528 -0.900688  0.122348 -0.31939  -0.280707
  0.26474   0.281262  0.051511  0.182683  0.17871   0.333261  0.33178
 -0.037147 -0.870082 -0.541075  0.274784  0.307446  0.141143]
[ 0.105043  0.038614  0.301094  0.306394  0.140474 -0.084159 -0.631825
  0.327341 -0.993418  0.291443  0.333042  0.235504  0.293886  0.193601
  0.304073 -0.135342 -0.426282 -0.648252  0.260049  0.232206]
[ 0.247928  0.2709    0.022974 -0.064439  0.14813   0.314176 -0.332325
 -0.849324  0.324716  0.202675  0.28711  -0.469125  0.258173  0.254256
  0.321617  0.262287  0.292681 -0.017345  0.311631  0.325798]
[ 0.301309  0.072391  0.119251  0.329525  0.328037  0.270124 -0.441631
  0.31836   0.151875  0.279549 -0.999761  0.326625  0.325626 -0.037077
 -0.591605 -0.781633  0.328669  0.212495  0.239438 -0.087422]
[ 0.295946  0.321213 -0.995571  0.2972   -0.725176  0.130465 -0.024168
  0.330304  0.31844   0.296835  0.329938 -0.883866  0.331019 -0.561495
 -0.600268  0.166082 -0.571414 -0.081739 -0.701574  0.292591]
[ 0.294458  0.298243  0.210893  0.295334  0.183603  0.331517  0.262852
 -0.611336 -0.284288 -0.06937  -0.564354  0.273654  0.03818   0.324364
  0.307365  0.124269  0.230033 -0.094024  0.299931 -0.489642]
[ 0.281211  0.283024 -0.811204 -0.793906 -0.566179  0.331678 -0.713971
  0.3275    0.226683  0.329451  0.291657 -0.902909  0.308703 -0.428233
  0.293612  0.332777  0.118493  0.24809   0.331607  0.095503]
[ 0.199763 -0.012475  0.331503  0.25252   0.295598 -0.758464 -0.312398
  0.281882 -0.996515 -0.143738 -0.099952  0.31917   0.298301  0.078585
 -0.816352  0.323189 -0.456467  0.302312 -0.395065  0.082903]
[-0.719125  0.177489  0.324642 -0.074922 -0.999647 -0.017756 -0.667649
  0.287458 -0.359056 -0.629307 -0.741847  0.218417  0.156469  0.332837
  0.324825  0.325198  0.124038  0.172459  0.331925  0.218249]
[ 0.095728  0.159389 -0.512262 -0.335372  0.154044  0.333017  0.285973
 -0.226446  0.326321  0.266633  0.189709  0.148934  0.271344  0.001543
  0.188544 -0.098139  0.287008 -0.069218  0.010076 -0.373731]
[-0.958937 -0.689724  0.314897 -0.649288 -0.090814 -0.996633  0.265233
  0.14331  -0.172126 -0.445557 -0.987893 -0.013658 -0.957822 -0.057944
  0.29498   0.103055 -0.063083 -0.393092  0.249295  0.326002]
[ 0.281091 -0.574982  0.311214  0.237992  0.331674 -0.832592  0.333219
  0.076724  0.200945 -0.111677  0.33264   0.27698  -0.966212 -0.827228
  0.295231  0.204479  0.301909 -0.848547  0.135393  0.327424]
[ 0.296696  0.171201  0.263278  0.320563 -0.326156  0.073798  0.325334
 -0.048303 -0.671357  0.297899  0.204847  0.255502  0.322827 -0.495134
  0.162938 -0.810694 -0.332208  0.30617  -0.19374   0.116357]
[-0.864102  0.179934  0.280476  0.299035 -0.074635  0.332664  0.329981
  0.283944  0.229236  0.333318  0.096846  0.31097   0.193313  0.133098
 -0.026413  0.318774  0.274831  0.132578 -0.221198  0.186324]
[-0.977778 -0.970817  0.328209  0.323715  0.333332  0.264264  0.285193
 -0.436973  0.205911 -0.563419  0.328295 -0.934697 -0.991319 -0.465248
 -0.069389  0.302578 -0.396294 -0.779244 -0.869973  0.234953]
[ 0.028242 -0.177581 -0.347103 -0.0558   -0.11687   0.303629  0.002053
  0.332809  0.320539  0.322778  0.23113  -0.840575 -0.333121  0.2923
  0.160678  0.323053  0.333173  0.323482  0.074803 -0.99707 ]
[-0.99722   0.262376 -0.099191 -0.460088  0.012431  0.287025  0.238352
 -0.144088  0.284727  0.111653  0.228666  0.133028  0.325466  0.097218
 -0.993283  0.309352  0.237089 -0.25329   0.293692  0.323616]
[-0.174035  0.24503  -0.058942 -0.012216  0.308432 -0.167056 -0.034017
  0.156767 -0.481471  0.162248  0.250625 -0.156231  0.286649  0.019758
 -0.911926  0.290075  0.240678  0.252564 -0.610615 -0.791501]
[ 0.292522  0.33222   0.331513  0.001452 -0.016068  0.25635  -0.586641
  0.076369  0.133131  0.186004 -0.793999  0.328649  0.191164  0.158215
 -0.514723  0.330283  0.197165  0.333135  0.320409  0.302947]
[-0.832484  0.328098 -0.466171  0.244367  0.009359 -0.970959 -0.943901
 -0.480329  0.283643  0.323557  0.312831  0.231662  0.267193  0.324271
 -0.662863  0.13845   0.332727 -0.880861 -0.072875 -0.234882]
[ 0.298734  0.03377   0.127994  0.248105 -0.201845  0.222129 -0.190416
 -0.129021  0.164961  0.226215 -0.281042 -0.283697  0.1622    0.141402
 -0.413886  0.252057  0.289946 -0.65408   0.240033  0.16141 ]
[-0.645143  0.058578 -0.413854  0.331265  0.263987 -0.644589 -0.572421
 -0.269844 -0.031643  0.208887  0.152737 -0.523375  0.274615  0.278844
  0.047669 -0.522492  0.253244  0.285688  0.333333  0.322364]
[-0.028843  0.329253  0.209532  0.178127  0.323657 -0.342616  0.323729
  0.071113 -0.012296  0.298278  0.303486 -0.991945  0.270346  0.178096
  0.212162 -0.977701 -0.093561  0.285462 -0.699954  0.174964]
[ 0.089364  0.330098  0.273423 -0.75985   0.236402  0.292029  0.11721
  0.313823 -0.73931   0.101468  0.188424 -0.121791  0.332481 -0.35676
  0.251075  0.2953   -0.035195  0.132999 -0.250545 -0.958033]
[-0.950188  0.306351 -0.646764 -0.951809 -0.906863 -0.644161  0.110193
 -0.036631  0.321001 -0.115069 -0.218564  0.333327 -0.275219  0.309492
  0.079708  0.243394  0.023999  0.099922 -0.462655  0.282636]
[ 0.33006   0.319504  0.274644  0.19301  -0.66266  -0.680257  0.284317
  0.180955 -0.999921  0.331836 -0.018633  0.181523  0.281812  0.077831
  0.190841 -0.995329  0.304637  0.292192  0.028385  0.008086]
[-0.586935  0.181546  0.320918  0.330966  0.331925  0.158668  0.330183
  0.32879  -0.414708  0.227203  0.287926  0.200347 -0.065326  0.329257
  0.065372  0.003511 -0.397852  0.315569 -0.062889  0.187579]
[ 0.33253   0.256434 -0.610271 -0.943185  0.152841 -0.167967 -0.279233
  0.294337  0.330997  0.236922  0.332482  0.309679 -0.238936  0.221235
 -0.997158  0.327505  0.131232  0.181857  0.203491  0.31114 ]
[ 0.135393  0.322755  0.044074  0.166294  0.311943  0.287238 -0.531667
 -0.798763  0.266538  0.329433  0.256333  0.309926  0.164919  0.304202
  0.333325 -0.250708  0.296568  0.277284  0.160873  0.210909]
[-0.66587   0.287906  0.327907  0.140724  0.331569 -0.267166 -0.726934
  0.235018  0.332734  0.002925  0.20342   0.333312 -0.999241  0.088579
  0.313864 -0.567846 -0.367346  0.330489 -0.864633  0.332019]
[ 0.208918  0.305943  0.123873  0.119511  0.331924  0.317124 -0.99675
  0.332912  0.333094 -0.055887 -0.149311 -0.644546 -0.204784 -0.035444
  0.333044  0.102754  0.230061  0.333309  0.328266  0.050299]
[ 0.331662  0.329105  0.322522 -0.871272  0.158544  0.315947  0.309024
  0.262644 -0.178791  0.091437  0.16807   0.333333  0.31443  -0.348855
 -0.052784  0.261735 -0.289956  0.150395  0.197891  0.312164]
[ 0.286773 -0.172864  0.021128  0.262835 -0.95362   0.280723 -0.071083
  0.125119  0.29189   0.330441  0.037514 -0.24807  -0.120251  0.284511
  0.294838  0.291574 -0.483074  0.215615  0.014484 -0.098635]
[ 0.020359  0.124673  0.33154  -0.058034  0.280727 -0.54384  -0.032972
  0.216271  0.295218  0.324941  0.242322 -0.522444  0.329893  0.326232
 -0.107138  0.307026  0.332668  0.149275 -0.133791 -0.883245]
[-0.836592 -0.184197  0.319554  0.209978  0.314194 -0.848063  0.303551
  0.324721  0.3262    0.18395   0.161516 -0.589743  0.306692 -0.947292
  0.327884  0.333113  0.118275  0.309106  0.136816  0.292158]
[ 0.205902 -0.470967  0.145344 -0.95689   0.302094 -0.262821 -0.206682
  0.328726  0.333217  0.099338 -0.438282 -0.461054  0.253799  0.00262
  0.322679 -0.387515 -0.745207 -0.54432  -0.733094  0.050033]
[-0.772687  0.312596 -0.055022  0.219636  0.128495  0.321655 -0.99403
  0.325934 -0.827786  0.254688  0.328228  0.212261 -0.100004 -0.454744
 -0.935547  0.28      0.282629 -0.215623  0.274502  0.16832 ]
[ 0.279764  0.254371 -0.147511 -0.215782  0.293586 -0.749556 -0.028633
  0.200681 -0.128213  0.040853  0.309912  0.291417  0.006866 -0.516025
  0.127434  0.266752 -0.593295  0.300767 -0.851002  0.263596]
[ 0.332674  0.330408 -0.015333 -0.579175  0.041145  0.165175 -0.113282
 -0.181214  0.257799 -0.692509 -0.963732 -0.376225  0.30029  -0.866679
 -0.781517 -0.983897  0.329197 -0.984593  0.266936 -0.65068 ]
[ 0.10242   0.281461  0.329778  0.313716 -0.300752 -0.668441  0.289289
 -0.91017  -0.753431 -0.347663  0.155841  0.333247  0.275239  0.314285
 -0.157723  0.271912  0.229385  0.038544  0.116822 -0.174252]
[ 0.332959  0.266323  0.333303  0.045073 -0.233647  0.329582 -0.071556
 -0.532332 -0.711572 -0.317646  0.294689 -0.782434  0.215426  0.333241
  0.181877  0.317761 -0.00271   0.138699  0.332866 -0.271328]
[-0.623574 -0.053652 -0.499058 -0.134398 -0.236757  0.32158   0.266282
 -0.392744  0.301436  0.290571 -0.96776   0.301511  0.172323  0.332978
 -0.49942   0.08568   0.221908 -0.112568 -0.063021  0.249624]
[ 0.25181   0.307438  0.322493  0.266877  0.27213   0.174148 -0.910944
 -0.948145  0.333167 -0.839865  0.215833  0.205689 -0.987809  0.207069
  0.326804  0.298247 -0.525337  0.16204   0.332265  0.082307]
[ 0.248932 -0.99168   0.001029  0.331687  0.287779  0.169261 -0.935986
  0.241838  0.279872  0.307463  0.107271  0.094977  0.16587  -0.097875
  0.285411 -0.836494  0.331896  0.332888  0.284939 -0.453982]
[ 0.249454 -0.373708 -0.68707   0.278872 -0.65573   0.148443  0.199832
  0.323861 -0.243114 -0.931898  0.265597  0.274925 -0.538882 -0.506287
  0.104697  0.110048  0.1666    0.231792 -0.72974   0.038099]
[ 0.315049 -0.750153  0.217875  0.320712 -0.515715 -0.13542   0.265885
 -0.99361  -0.064993  0.170961 -0.025329  0.296413  0.039315  0.29274
 -0.121662  0.123795  0.089933  0.063025 -0.233055  0.300291]
[-0.094191 -0.188722  0.301914  0.239912  0.062532  0.291484  0.248583
  0.188821  0.33212  -0.484766 -0.141481  0.326048 -0.367606  0.16027
  0.015877  0.281478  0.276171  0.332996  0.008287  0.247592]
[-0.441456  0.333332  0.333043  0.302723  0.137627  0.275179  0.054722
 -0.999935 -0.521008  0.332741 -0.287106 -0.139685  0.192848  0.171328
  0.255839 -0.106906 -0.828561 -0.122865  0.327609  0.176956]
[-0.818558  0.2545   -0.065215 -0.301479 -0.743488 -0.964715  0.332909
  0.222585 -0.34757   0.099229  0.294744  0.3052    0.275263  0.151304
  0.305085  0.27192   0.230628 -0.458005  0.218196  0.329768]
[-0.203238  0.088741  0.333044 -0.19694   0.252931  0.095953  0.308433
  0.280502 -0.084816  0.321041  0.32661   0.315    -0.34224   0.288968
  0.123012 -0.943856 -0.969405  0.284106 -0.452379  0.283101]
[ 0.073936 -0.017742 -0.169441  0.312917  0.331025  0.328804  0.303887
  0.143367  0.066318  0.30131   0.316377  0.331023  0.326603  0.134054
 -0.607026 -0.386671  0.117683 -0.949717  0.229659  0.247365]
[ 0.217095 -0.813227  0.096497  0.169637  0.320095 -0.581144 -0.976799
 -0.252565  0.129539  0.31586   0.322643  0.304989  0.053692  0.267329
  0.251059  0.296965 -0.861496 -0.999891  0.287043  0.311153]
[ 0.304999  0.287034  0.304699  0.062814  0.320337  0.332566  0.242528
  0.302532  0.246356  0.214328  0.330716  0.087749  0.315627  0.323129
  0.192686  0.333301  0.2913    0.126287 -0.145855 -0.765368]
[-0.153459 -0.730709 -0.896527  0.134972  0.155685 -0.926939  0.232987
 -0.891405  0.329931  0.330893  0.276891  0.184955 -0.113716 -0.176937
  0.212764  0.129331 -0.91699   0.308006  0.294482 -0.200102]
[ 0.050053  0.321424 -0.961155 -0.660646  0.140704  0.313512  0.182241
  0.24677   0.317839 -0.491853  0.264198 -0.00585  -0.747678  0.105684
  0.257155 -0.503995  0.255835 -0.033142 -0.206626  0.285996]
[ 0.218189  0.084819  0.02101   0.005268  0.332858  0.185267 -0.623911
  0.312124  0.290186  0.332379  0.273374  0.25281  -0.294833  0.263512
  0.333149  0.319875  0.097473  0.267249  0.283566  0.12542 ]
[ 0.333095  0.010714  0.285258  0.32032  -0.262497  0.168256 -0.026515
  0.331873  0.140782  0.157691 -0.423431 -0.973961 -0.306544 -0.18945
  0.201755  0.296051 -0.036374 -0.088609  0.252324  0.279453]
[ 0.333267 -0.002623 -0.96871   0.0997    0.306299  0.163154  0.333302
 -0.895377  0.245975  0.318115  0.304442  0.302853  0.310978  0.077762
  0.250892 -0.440525  0.330088  0.295924 -0.071874  0.32871 ]
[-0.132515  0.289444 -0.593287  0.266014 -0.922796  0.124595  0.278045
  0.332822 -0.38675  -0.783188  0.302657 -0.366689  0.136404 -0.477593
  0.208628 -0.269227  0.272001 -0.295198  0.323078  0.324014]
[-0.969374  0.331078  0.294519  0.275921  0.315504 -0.735048 -0.159601
 -0.318638 -0.180909  0.323929 -0.644854 -0.213148 -0.987166  0.171613
  0.228221 -0.107999 -0.168673  0.298186  0.029483  0.328447]
[-0.100278  0.312147  0.140005 -0.667136  0.10421   0.2967   -0.353023
  0.279066  0.330805  0.331885  0.075213  0.272268  0.237025  0.125775
 -0.276859 -0.142401  0.149058  0.276191  0.270858 -0.124033]
[ 0.119467  0.24407   0.274373 -0.337428 -0.576172  0.331484  0.115644
  0.333165 -0.11892   0.274013  0.313745 -0.212373  0.328886  0.055376
 -0.955118 -0.213094 -0.689074  0.325588  0.277001  0.157193]
[-0.444143  0.310346  0.296215  0.173073  0.080156  0.24933  -0.045785
 -0.38743  -0.999992  0.268623 -0.093591  0.167477  0.123312  0.299977
 -0.138649 -0.877079 -0.424503  0.324852  0.168929  0.242037]
[-0.798217  0.317528  0.125256 -0.053409  0.25769   0.262786 -0.537844
  0.054193  0.318998  0.157395 -0.402347 -0.300939 -0.915465  0.272089
  0.021973 -0.622673  0.333269  0.304216  0.333201  0.227112]
[-0.948856  0.329919 -0.690869  0.250742 -0.043449  0.306098 -0.389078
  0.014197 -0.851596  0.277091  0.321244 -0.126812 -0.958825  0.156119
 -0.516468  0.255295 -0.999287 -0.618444  0.332552  0.127069]
[ 0.200165 -0.759236  0.312272 -0.957745  0.331046  0.042016  0.319527
  0.209105 -0.054001  0.215306  0.294841 -0.758088  0.331715  0.005162
  0.246778 -0.99244   0.023067 -0.35785  -0.510663  0.287755]
[ 0.313831 -0.49483   0.013658  0.169796  0.324463  0.329977  0.15373
  0.283871  0.261682 -0.340401  0.302696 -0.689985  0.333087 -0.010179
  0.292576 -0.402902 -0.681047 -0.732479  0.261061  0.256835]
[ 0.321318 -0.737139  0.333256 -0.09907   0.121952 -0.996112  0.332008
  0.314986  0.094313 -0.369633  0.329507  0.333333 -0.157872  0.177287
 -0.722616 -0.222293  0.213015  0.319897  0.135607  0.280482]
[ 0.233016 -0.131114  0.284859  0.241855  0.301201  0.22467  -0.414943
  0.279645  0.333264 -0.758966  0.217649  0.327735  0.316026  0.302464
  0.036493 -0.448083  0.293813  0.270395  0.116144 -0.012102]
[ 0.325587 -0.789133  0.304917  0.0125    0.320031 -0.21383   0.160495
 -0.520234  0.032559 -0.160076  0.321704 -0.099877 -0.987228  0.242825
  0.045368  0.195602 -0.343507  0.119493  0.32815   0.156213]
[-0.246011 -0.940604  0.300929 -0.270436  0.323003 -0.414095 -0.55605
  0.234772  0.241914 -0.779857  0.332464  0.330459 -0.984429  0.202101
  0.259066  0.261853 -0.998166  0.333182  0.181967 -0.565174]
[ 0.332242 -0.923929  0.33332   0.331808  0.302834 -0.991732  0.280613
  0.191002 -0.40377   0.256723  0.193002  0.332479  0.307247 -0.184306
 -0.598522 -0.999996  0.280205  0.27241   0.042512  0.134496]
[ 0.203176  0.320771  0.308233  0.333255  0.295084 -0.497155  0.296324
  0.328024  0.019071  0.265442  0.323395  0.099641 -0.233283  0.089535
  0.329448  0.225408  0.124755  0.333331  0.325851  0.244449]
[ 0.188249  0.240458 -0.775186  0.319704  0.332836  0.327182  0.318306
 -0.078413  0.161759  0.226057 -0.038325 -0.859175  0.076924  0.208635
  0.332307  0.159527 -0.793514 -0.86004   0.082779  0.331087]
[  3.096114e-01   3.098728e-01   3.055652e-01  -1.420329e-01  -7.827080e-04
   3.150268e-02   1.420612e-03   3.224591e-01   1.273850e-01   3.294594e-01
   2.817079e-01   1.505888e-01   2.923083e-01   2.564412e-01   2.724920e-01
  -9.077000e-01  -4.467794e-01  -8.371522e-02   3.118129e-01   1.876122e-01]
[ 0.323828 -0.541895 -0.357293 -0.953509  0.3329    0.072788 -0.415614
 -0.450702  0.141145  0.292508  0.25089  -0.959655  0.211245  0.33026
  0.22954   0.073686 -0.812399  0.301304 -0.217901  0.086718]
[0.099232456471330666, 1.8064505488218918e-05, 0.11778642782716167, -0.00954273465030403, 0.015940273383138141, 0.0083688936098052502, -0.022124096173041896, -0.053841248333356906, 0.090255320701009778, 0.014923080253010201, -0.037122111900665916, 0.033664455697760123, 0.011830557015461485, -0.015434691217921181, -0.073141783872103683, -0.052800908915933475, -0.0042899277219393128, 0.14694243860224385, 0.063846197716179651, 0.098904157357421252, 0.019514545449098829, 0.027678928301664074, 0.045302828618672561, -0.0025464509452532702, -0.054637783756440961, 0.010546702116073434, 0.062721899333306241, -0.035383908304957468, 0.03048562356219503, 0.0068778091948057951, -0.017290725146898944, -0.035358765829581112, 0.0019294339848080488, 0.036304874388947958, -0.0007337080666329765, -0.051971418849386108, 0.080180456702482944, -0.059096253301833435, -0.11193223913704098, 0.055896931350735937, -0.003515944756485534, -0.012213190432888543, 0.024576671943915107, -0.046883403887352793, 0.14103027353209949, 0.030396054613753054, -0.014041118532514588, 0.04529673777725543, 0.018320220528395881, -0.1014099163889457, -0.05090972536745686, 0.03607515962581076, -0.03692277422622009, 0.013300936062943802, -0.0049314531135581652, 0.060788608020757584, -0.019941570621080706, -0.041520570574111106, 0.015458111614121361, 0.016993109617897073, 0.000921944068403735, 0.023883616923544515, 0.091038418189914871, -0.026008454780519316, 0.079173583557511251, -0.012821156964411884, 0.046931119570867291, 0.020645193742724444, 0.015624421115768367, 0.10595537886834736, 0.019038927140901982, 0.012807065098820125, -0.039826123641543587, 0.0067076674408985126, -0.012729968068138003, 0.045299837802540432, 0.009221306869685586, -0.0055947284707638101, 0.04807534707747739, -0.019873642235233857, -0.13549284248420124, -0.07610219217672981, 0.032032160890584249, -0.017374327002580015, 0.017811995520896559, 0.0083844061237032946, -0.0036368976211500481, 0.021937749528717299, 0.048603083647838607, 0.029251245640566997, 0.067983404368169464, -0.055452019158815979, -0.020106440303174017, 0.037578370499764757, 0.0095837825105833108, -0.078457344095843595, 0.080407340266813496, -0.015073784702610754, 0.064180801638340029, 0.083298003047084651]
('time: ', 9075.445035934448)
