“Running plot script on a single CPU core”
[ 0.067416  0.087088  0.077178 -0.025202  0.025712 -0.001807]
[ 0.030685  0.029581  0.076103 -0.006686  0.003648 -0.022629]
[ 0.028028 -0.027134 -0.009685  0.020913 -0.015478 -0.017406]
[-0.011014 -0.070385 -0.049883  0.005059 -0.046412  0.007734]
[ 0.022504  0.04119   0.101046 -0.0302   -0.003603  0.026694]
[-0.016545  0.051661 -0.066438 -0.009597  0.020082 -0.005263]
[-0.058297  0.023912 -0.013022 -0.008116  0.022379 -0.009669]
[-0.015019 -0.009865 -0.051296 -0.032445 -0.023165  0.030826]
[-0.052592 -0.014373  0.0509    0.002912 -0.026426 -0.020913]
[ 0.025252  0.003564  0.06074  -0.01644   0.015681  0.012818]
[ 0.023316  0.02402   0.016486  0.026547  0.007359  0.002027]
[ 0.034409  0.037782  0.080415  0.02679   0.015018  0.011767]
[ 0.024046  0.065664  0.090213 -0.018549  0.026346  0.020443]
[ 0.019784  0.058916  0.024639 -0.013693 -0.020224  0.072096]
[ 0.039518  0.078415  0.059551 -0.005314  0.017023  0.02031 ]
[ 0.103223  0.089078  0.026828 -0.008603  0.015972  0.058908]
[-0.064375  0.004257  0.021689  0.037976 -0.032091 -0.044822]
[ 0.005905  0.034951  0.039105 -0.011449  0.002939 -0.013154]
[-0.029954 -0.028936 -0.030438  0.027311 -0.038401  0.016001]
[ 0.006784  0.028589  0.074849  0.00393   0.032423 -0.016831]
[ 0.046778  0.124026  0.097386 -0.009819 -0.028972  0.024154]
[ 0.055037 -0.015258  0.061818 -0.007835  0.041649 -0.019609]
[ 0.038091  0.030821  0.044886 -0.016012  0.01872  -0.021752]
[-0.027894  0.049444 -0.00626   0.023312 -0.045592  0.025571]
[ 0.057031  0.063993  0.051058  0.015086 -0.017142 -0.002761]
[ 0.070068 -0.009037  0.055345 -0.016793 -0.00576   0.001928]
[ 0.00204   0.033501  0.016398  0.016418  0.006608 -0.006318]
[ 0.077512  0.007098  0.064679  0.025795  0.024128  0.030822]
[ 0.026474  0.074909  0.057578 -0.015114  0.012021 -0.043077]
[-0.017103  0.005576  0.036473 -0.006889  0.016509  0.004725]
[ 0.04107   0.109478  0.133687 -0.000268  0.025335  0.008548]
[-0.023323 -0.049256 -0.003798  0.006029  0.021767  0.051512]
[ 0.077502  0.031228  0.087414  0.000153 -0.022293 -0.011925]
[ 0.043059  0.082582  0.105948 -0.018524 -0.022368  0.032218]
[ 0.041944  0.050787  0.070793 -0.012213  0.005591  0.004697]
[ 0.028645  0.048624  0.029485  0.001054  0.006587  0.013282]
[ 0.044054  0.057862  0.036648  0.011433  0.019652 -0.03492 ]
[-0.024068  0.077271  0.031829  0.034739  0.008138 -0.002906]
[ 0.024333  0.036152 -0.006613  0.016941  0.073524 -0.026527]
[ 0.029372  0.000234  0.060897  0.0143    0.034777  0.031399]
[ 0.046059  0.177871  0.09279   0.001512 -0.033982 -0.017013]
[ 0.058348  0.11031   0.089009 -0.029966  0.000911 -0.007229]
[ 0.048246  0.098152  0.09113  -0.031754 -0.015969 -0.005219]
[-0.013224 -0.038169 -0.052343 -0.027592  0.020245 -0.001548]
[ 0.061694  0.023869  0.024435 -0.009647 -0.00876  -0.009877]
[ 0.020319  0.092899  0.072113 -0.008963  0.016606 -0.016443]
[ 0.001587  0.010262  0.045553  0.004518 -0.021583 -0.017754]
[ 0.075337  0.103046  0.138992  0.021043  0.012294  0.008027]
[ 0.082638  0.024253  0.055587 -0.018473  0.019795  0.008338]
[-0.046396  0.014767 -0.033736  0.005076 -0.042145  0.009322]
[-0.022567  0.050806  0.035344 -0.013635 -0.016581 -0.007434]
[ 0.031    -0.064736  0.045106  0.011818  0.01817   0.06295 ]
[ 0.058025  0.021042  0.031232 -0.02063   0.000252 -0.002087]
[-0.05012  -0.071577 -0.01342   0.017267 -0.01668  -0.002606]
[-0.021829  0.015406  0.031025  0.0159   -0.028295  0.01183 ]
[ 0.016316  0.008862  0.056568  0.027772  0.031866  0.004355]
[ 0.036112  0.04308   0.060504 -0.003096 -0.013894 -0.000864]
[ 0.022713  0.054345  0.064197  0.005045 -0.012963 -0.021008]
[-0.073184  0.001002  0.028426 -0.027083 -0.013231  0.007646]
[ 0.054604  0.056772  0.014106 -0.00981   0.008049  0.022632]
[-0.003841  0.017813  0.055533  0.004473 -0.020927 -0.011126]
[ 0.031602  0.051366  0.015196  0.012726  0.008286  0.003247]
[-0.077395  0.038194  0.02836   0.007507  0.004089 -0.002944]
[ -2.184139e-02  -3.147223e-02   1.076171e-02   1.709320e-02   9.211132e-05
   1.053318e-02]
[ 0.045425  0.021498  0.059165  0.00945   0.00216   0.007208]
[ 0.028715  0.053011  0.034041 -0.014224 -0.018627  0.034881]
[ 0.043127  0.030768  0.034388 -0.01391   0.013241  0.005678]
[ 0.130505  0.083723  0.131113  0.007405  0.025612  0.021609]
[ 0.033323  0.061566  0.057785  0.021493 -0.018216  0.046129]
[ 0.062093  0.070677  0.095595  0.01048   0.006454 -0.00757 ]
[ 0.016474  0.062393  0.072428 -0.034795  0.00805   0.001983]
[ 0.023882  0.062038  0.04212  -0.004581 -0.041846 -0.020544]
[ 0.032918  0.030039  0.070209  0.020364 -0.005485 -0.030203]
[ 0.047912 -0.011536  0.040497 -0.018618  0.025055 -0.016537]
[ 0.039591  0.029337  0.033682  0.014866 -0.001394 -0.009972]
[ 0.030052  0.085739  0.089435 -0.005606 -0.012228 -0.016016]
[-0.000502 -0.00897  -0.039901 -0.049178  0.010102 -0.037498]
[-0.019115  0.017587 -0.030559  0.050799 -0.006766 -0.0067  ]
[ 0.039469 -0.001455  0.017765  0.01722   0.011058  0.017645]
[ 0.018514  0.000284 -0.038608 -0.00019  -0.012017 -0.025847]
[ 0.082957  0.069852  0.087827 -0.022273 -0.009001 -0.014511]
[ 0.046555  0.053989  0.04706   0.003861 -0.006378 -0.021476]
[ 0.019949  0.072482  0.082252  0.005868 -0.010167 -0.001671]
[-0.068291  0.009643  0.059542  0.002155  0.007914 -0.004965]
[-0.012321  0.041123  0.025665  0.01439  -0.016011  0.024373]
[ 0.070402  0.085134  0.086444 -0.01058   0.017217 -0.008989]
[ 0.049483  0.025944  0.033901 -0.02964  -0.02382   0.015796]
[ 0.019332  0.03013   0.076549  0.001673 -0.007454  0.030402]
[-0.043278 -0.021965 -0.006031 -0.003245 -0.038713  0.012435]
[-0.013208  0.007872 -0.033431 -0.020928 -0.034962 -0.015304]
[ 0.102784  0.016042  0.099462 -0.009903 -0.003671  0.010288]
[ 0.029767  0.036228 -0.010852  0.015051  0.00829  -0.001927]
[ 0.065075  0.057876  0.043962  0.004543  0.021549  0.034585]
[ 0.020581  0.023019  0.027011  0.008542  0.01387  -0.012182]
[ 0.075252  0.067431  0.085469  0.000599 -0.025029  0.00322 ]
[ 0.050124  0.024421  0.021875 -0.043639  0.032909 -0.000679]
[ 0.050692 -0.011183 -0.015556 -0.04028   0.021466  0.00469 ]
[ 0.059231  0.1321    0.064208 -0.025243 -0.042908 -0.052511]
[ 0.00361   0.017678  0.008587  0.00467   0.025265  0.045362]
[ 0.071051  0.068456  0.044789  0.010023 -0.025347  0.019925]
('Mean', 1, ': ', 0.071050970798919144)
('Median', 1, ': ', 0.071050970798919144)
('Variance', 1, ': ', 0.0)
('Mean', 2, ': ', 0.068456118567790908)
('Median', 2, ': ', 0.068456118567790908)
('Variance', 2, ': ', 0.0)
('Mean', 3, ': ', 0.044789027272654741)
('Median', 3, ': ', 0.044789027272654741)
('Variance', 3, ': ', 0.0)
('time: ', 8426.054255008698)
