“Running plot script on a single CPU core”
[ 0.274519 -0.070289 -0.91832   0.331432  0.26621  -0.476119 -0.963751
  0.232859  0.115116 -0.991022  0.33096  -0.405491  0.091709  0.006929
  0.062427 -0.333063 -0.263539  0.333278  0.297693 -0.375354]
[ 0.326372  0.296267  0.247148  0.328638  0.291783  0.062316  0.234024
  0.332     0.269081  0.076512  0.303344  0.078559  0.265324  0.233753
  0.332164 -0.654268  0.289682  0.107829  0.244062 -0.129644]
[-0.862493  0.253824  0.065259  0.318393  0.324738 -0.118804 -0.668916
  0.119065  0.140572  0.314134 -0.804104  0.168861  0.064273 -0.224271
  0.26686   0.255717  0.030421  0.324329 -0.78413   0.059154]
[ 0.320644 -0.997376  0.322211  0.232318 -0.16726   0.19833   0.291215
  0.276331  0.243475  0.29038   0.333223 -0.880868 -0.55603   0.154673
 -0.238642  0.333002  0.308274  0.243275 -0.108632 -0.382462]
[ 0.324763 -0.864917 -0.826084 -0.194439  0.314746 -0.841556  0.317398
 -0.623885  0.301196  0.216175  0.32691   0.313505  0.205897  0.265156
 -0.211083  0.321089  0.331971 -0.554624 -0.511153  0.332321]
[-0.999582  0.250898  0.31758   0.233165 -0.347237 -0.262079 -0.201353
  0.135803 -0.074543 -0.989757 -0.145549  0.291131 -0.352406 -0.854717
  0.295022  0.221728  0.333293 -0.0205    0.218417  0.12707 ]
[ 0.149943  0.332709 -0.277374  0.30975   0.180277  0.30782   0.331075
 -0.36282   0.333068 -0.233284 -0.005326  0.040784 -0.358899  0.152941
 -0.546365 -0.250452  0.236092  0.318473 -0.003042  0.325151]
[ 0.310638  0.285915  0.318978 -0.838887  0.315473  0.31833   0.194569
  0.319087 -0.347785 -0.805595  0.050643  0.309019 -0.176612 -0.68899
  0.271907 -0.256995 -0.991405  0.259906 -0.956055  0.302395]
[-0.601055  0.326299  0.291681  0.238349  0.120388  0.164201  0.294245
  0.175793  0.120134  0.331831  0.030741  0.091407 -0.907877  0.28737
 -0.683468 -0.08912  -0.15752   0.227357  0.245893  0.247963]
[ 0.291168  0.327558 -0.047177  0.333296  0.048284  0.300771 -0.480923
  0.109023 -0.318626  0.332277 -0.148237  0.264371 -0.025486  0.240412
  0.319993  0.061574 -0.957466 -0.887517  0.325239  0.333291]
[ 0.240787  0.326349 -0.072742  0.200576  0.332041 -0.143753 -0.503841
  0.330375  0.333179  0.33048   0.283426  0.189634  0.304261  0.034363
  0.331482  0.312501  0.327406 -0.672648  0.283839 -0.069058]
[-0.466042  0.123042 -0.398491 -0.437699 -0.239212 -0.327353  0.296084
  0.267189  0.312406 -0.858655 -0.094112 -0.033856  0.329776  0.328787
 -0.957733 -0.418373  0.286413  0.318443  0.239695  0.317358]
[ 0.265943 -0.239618  0.329937  0.320822 -0.38964   0.111365  0.177751
  0.073689  0.26      0.227669 -0.804108  0.045637  0.145201 -0.358933
  0.049602 -0.599219  0.249228  0.025488  0.015856  0.263778]
[-0.14415   0.326467 -0.089816 -0.935805 -0.864867  0.250425 -0.086523
  0.314651  0.329381  0.137946  0.052937  0.134096  0.32834  -0.217922
  0.213197 -0.999735  0.248984  0.285103  0.248419 -0.417365]
[-0.208004  0.146409 -0.699422 -0.166618  0.266724  0.308633  0.31412
 -0.846831 -0.74365   0.240711  0.010547  0.322604 -0.796507  0.299117
  0.332194  0.319922  0.320716  0.326328  0.328038  0.296141]
[ 0.153007  0.311799  0.304421  0.263259  0.17024   0.131088  0.285322
 -0.757345 -0.440213  0.317019  0.316909  0.301805  0.220403  0.292618
 -0.414235  0.193847  0.301692  0.099355  0.099704 -0.016572]
[ 0.256594 -0.834255  0.299521 -0.247377  0.243513  0.105652  0.208582
  0.001869 -0.783546 -0.541703  0.327357  0.295423 -0.381597  0.313655
  0.210185  0.333161  0.312673  0.27113   0.33289  -0.170013]
[ 0.168465 -0.26261  -0.772263  0.321895  0.213066  0.106898  0.306177
  0.333018  0.126672  0.145528  0.08228  -0.039369  0.303117  0.252684
  0.312655  0.125362  0.332022 -0.645722  0.096695 -0.774454]
[ 0.324963  0.328765  0.319353  0.326079  0.194809  0.226287 -0.008747
 -0.642974 -0.331152  0.237751 -0.641663  0.264774 -0.853161  0.189797
  0.237838  0.046165  0.164972 -0.572748  0.17065   0.265272]
[ 0.331859  0.294196  0.315721  0.323432  0.200305  0.181362 -0.075446
  0.22778  -0.105772  0.325221 -0.884166 -0.080029 -0.124395 -0.428391
  0.24453   0.324801 -0.003597 -0.788279 -0.594087  0.332152]
[ 0.106582  0.279651  0.156137  0.302611  0.300166 -0.106481  0.320831
 -0.961935 -0.999927  0.331947  0.265372 -0.673179 -0.685889  0.321438
 -0.791622  0.097818 -0.959595 -0.735995  0.233741  0.196943]
[ 0.322911  0.125064  0.33246  -0.004047  0.130984 -0.442451  0.33331
  0.332954 -0.353478  0.025206 -0.600854  0.332628 -0.508383 -0.121145
  0.331392 -0.958493 -0.98413   0.328868  0.329914  0.202815]
[-0.257082 -0.10934   0.256185  0.185047  0.061303  0.283468 -0.015878
  0.317719  0.32907   0.062244  0.259326  0.170333  0.200767 -0.018493
  0.313473 -0.053677  0.293499  0.112834  0.327703  0.316476]
[ 0.130463  0.274233  0.318321  0.243509  0.237384  0.04936   0.323747
  0.091401  0.307414  0.310871  0.319338  0.283665  0.306035  0.121159
  0.250402 -0.929718  0.328227  0.328841  0.321823 -0.911428]
[ 0.333272  0.221974 -0.105054 -0.077133  0.129713  0.172325  0.330105
 -0.994127 -0.863135 -0.823017 -0.909852 -0.972597  0.006337 -0.279413
  0.214103  0.296807  0.249059  0.329595  0.322672  0.240362]
[-0.964875 -0.692337  0.291382  0.253634 -0.490493 -0.395451 -0.362194
  0.188158  0.326943  0.275773  0.17069  -0.028749 -0.028266  0.330162
  0.33117   0.122514  0.327265 -0.167679  0.328195 -0.911025]
[ 0.267889  0.323621 -0.298583 -0.228282 -0.637776  0.327971  0.263371
  0.280369  0.248816  0.326864 -0.745721  0.189545 -0.050763  0.316454
  0.330484  0.237654  0.192629 -0.940225  0.289881 -0.635509]
[ 0.31938  -0.568046  0.318928  0.306651  0.06263  -0.20764   0.0183
  0.133846 -0.602532 -0.161793  0.224466  0.328058  0.32844   0.094806
 -0.942516 -0.010749  0.298411  0.313352  0.308501 -0.918191]
[  3.026102e-02   1.701403e-01  -5.891514e-02   7.150514e-02   1.362891e-01
  -9.371562e-02   2.218596e-02  -8.890989e-02   3.202842e-01   3.151088e-01
  -9.125472e-01   8.841303e-02   2.990721e-01  -8.031204e-01  -5.489469e-01
  -4.066877e-04   2.827711e-01   3.221515e-01   3.170052e-01   3.331305e-01]
[ 0.307383  0.284254  0.258986  0.316077  0.316649  0.251379 -0.866058
  0.239312 -0.205144 -0.721193  0.331947  0.32645   0.125062 -0.290896
  0.264302 -0.488045 -0.656679  0.102627  0.260694 -0.021518]
[ 0.132747 -0.3268   -0.31889   0.045288  0.332623  0.127787  0.201118
  0.327407  0.330353  0.312009  0.060115  0.195667  0.270011 -0.857221
 -0.566178  0.264953 -0.115257  0.252576 -0.769978  0.333322]
[ 0.217253  0.32426   0.330816 -0.324144  0.33298  -0.644901  0.300474
  0.307276 -0.756365 -0.401751  0.332404 -0.19659  -0.560203 -0.994956
  0.329342  0.328837  0.271332  0.328374  0.324323  0.31383 ]
[-0.972222  0.321716  0.288181 -0.305552 -0.182323  0.113463 -0.497795
  0.333272  0.32863   0.333242 -0.504835 -0.041303  0.289025  0.147679
  0.228353  0.333061  0.077659  0.171509 -0.950596  0.287975]
[-0.785684  0.294013  0.166545  0.229358  0.326218 -0.105474  0.041399
 -0.025923 -0.257887  0.283589 -0.760456 -0.199889  0.015561 -0.154702
  0.009934  0.265325  0.33304   0.331427  0.198152 -0.91078 ]
[ 0.320029  0.330168 -0.249714 -0.757706 -0.791582  0.216148 -0.987989
  0.213989 -0.85134  -0.167215  0.305455 -0.793431  0.13999   0.321121
 -0.133071 -0.267359  0.212817 -0.958229 -0.975411 -0.643528]
[ 0.3332    0.221627 -0.045608  0.187783  0.156747 -0.897103 -0.100211
  0.309816  0.022192  0.262685  0.301078  0.25154   0.03058   0.292151
 -0.893393  0.233822 -0.083901  0.241756  0.298043  0.122921]
[-0.615187  0.278593  0.125757 -0.43694   0.22259   0.301701  0.332425
  0.247262  0.046659  0.325533  0.330403  0.134749  0.063093 -0.501076
  0.32591  -0.745754  0.331355  0.315051  0.236856 -0.989695]
[ 0.328818  0.25352  -0.473878  0.238666 -0.978139  0.243617  0.328947
 -0.987602  0.329003  0.321535  0.333204  0.281743  0.319593 -0.538251
  0.236142  0.300942  0.321278  0.287574 -0.343768 -0.115245]
[ 0.32134   0.28429   0.330995 -0.509929 -0.821291 -0.814006 -0.402533
 -0.037741 -0.486549 -0.063196 -0.266959 -0.066273  0.325018  0.245448
  0.308546  0.260559  0.326401 -0.487322 -0.854563  0.322241]
[ 0.33009   0.279693  0.325327 -0.060615 -0.179036  0.319162 -0.01337
  0.228926  0.332847  0.292482  0.077576 -0.913375 -0.831586 -0.099569
  0.297333 -0.198121 -0.443275 -0.18047   0.14114   0.314501]
[ 0.310839 -0.391663  0.158807  0.333288 -0.478493  0.113637 -0.998638
 -0.164094  0.299536 -0.160016  0.25846   0.045743 -0.333517 -0.309006
 -0.083394  0.333128 -0.019857  0.327166  0.320727 -0.163828]
[ 0.065119  0.199412 -0.425755  0.10817  -0.234576 -0.848542  0.212537
 -0.98155   0.328397  0.305395  0.276706  0.330748  0.193384  0.014292
 -0.034122  0.30352  -0.020468  0.171899 -0.552512  0.290158]
[ 0.196218  0.247893  0.19419   0.333325 -0.485965  0.32916   0.310919
 -0.804714  0.324158  0.32209  -0.633678  0.098917  0.21239  -0.802175
 -0.099966 -0.683682  0.015999 -0.927906  0.332881  0.300915]
[ 0.254329  0.090032  0.195306 -0.726028 -0.40513  -0.429776  0.267616
  0.320721  0.181429  0.310184 -0.052051 -0.910652  0.279507  0.223761
 -0.783918  0.242292 -0.187164  0.271838 -0.695662  0.143242]
[-0.172353  0.131715  0.294237 -0.862253  0.06754  -0.999823  0.229168
  0.331861  0.266366 -0.172719  0.259066  0.327389  0.160359  0.087196
  0.316216 -0.456309  0.280082 -0.61848   0.240828  0.14621 ]
[ 0.186839  0.30366  -0.973277  0.314113 -0.435998  0.033933  0.332052
  0.095235 -0.308589  0.288772  0.123477  0.258812  0.323666 -0.188282
 -0.247761  0.327312 -0.546217  0.047216  0.288656  0.320289]
[ 0.116083  0.294388 -0.155599  0.282031  0.110918  0.288404  0.100103
 -0.657374  0.332721 -0.45286   0.02029   0.333093  0.063232 -0.917533
  0.287381  0.134507  0.141479  0.256622  0.192499 -0.586365]
[ 0.146759  0.313751  0.304784  0.11308   0.326117 -0.988534  0.331136
  0.284883 -0.391125  0.022196  0.102515  0.325179 -0.014625  0.260556
  0.325235 -0.982987  0.103797  0.327504 -0.146288 -0.880264]
[ 0.320778  0.26562   0.314954 -0.197104  0.173979 -0.671855  0.309631
  0.273062 -0.255335 -0.298122 -0.980404  0.331906  0.288477  0.078199
  0.151282  0.221264  0.333331  0.118651 -0.948038  0.25035 ]
[-0.26786   0.302884  0.280005 -0.048158  0.206252  0.319371 -0.093078
  0.325349  0.284869  0.268315  0.051084  0.232019  0.314261  0.193456
  0.026388 -0.296047 -0.030825  0.002354  0.322933  0.0548  ]
[ 0.248802  0.289097  0.32786  -0.75542  -0.284576 -0.099587  0.314612
  0.321967 -0.574202 -0.741143  0.116737  0.163825  0.280001 -0.41839
  0.304275  0.30584  -0.84616  -0.321451  0.254235 -0.337714]
[ 0.296019  0.307273 -0.654158  0.236558  0.246184  0.332348  0.29278
  0.323048 -0.630405  0.324376  0.242524 -0.004892  0.19462  -0.581482
 -0.345067  0.105132  0.329302  0.17883   0.116162  0.316492]
[-0.991268  0.319032 -0.642889  0.124584  0.164282  0.331308 -0.31512
  0.318793 -0.431971  0.304878  0.277852 -0.249199  0.277742 -0.18266
  0.319013  0.302135  0.330589  0.32781  -0.859944  0.050645]
[ 0.289166 -0.294091 -0.053558 -0.172942  0.252126  0.273304  0.216817
  0.217337  0.27767   0.327358  0.043413  0.333038 -0.038082  0.289132
  0.32009   0.265367  0.291001 -0.912805 -0.505762  0.290715]
[-0.165673 -0.998987 -0.907235  0.321365 -0.599504 -0.739132 -0.834943
 -0.373722  0.324012 -0.936313 -0.788235 -0.967501  0.243756 -0.893915
 -0.785973  0.307545 -0.676544  0.333305 -0.622332  0.267134]
[ 0.329541  0.326737  0.147726 -0.452076  0.316135  0.259363 -0.954271
  0.332929  0.20293  -0.00659  -0.761395  0.317498  0.095584  0.20234
  0.206667  0.311003  0.233836  0.286884 -0.008518 -0.284113]
[ 0.312749 -0.249769 -0.506031 -0.281689 -0.088128  0.320756 -0.333114
  0.333093  0.220739  0.324963  0.229423 -0.320348  0.229342  0.25914
  0.327294 -0.457323  0.332918  0.14914  -0.182577  0.236704]
[-0.081473 -0.293332 -0.484296  0.266814 -0.086036  0.050852 -0.02502
  0.201461  0.330836 -0.266698  0.306251  0.326759 -0.250412 -0.105924
  0.328057  0.322775  0.067233 -0.591597  0.054744  0.32489 ]
[-0.610167 -0.302596  0.041607  0.248369  0.300889 -0.108982 -0.994422
 -0.794698  0.255011  0.257454 -0.464864  0.017544  0.266177  0.243573
  0.203951  0.333242 -0.969525 -0.154205  0.086258 -0.148751]
[ 0.177458 -0.6417    0.268251 -0.136281 -0.154876  0.333333  0.317179
  0.333196 -0.208126  0.172129 -0.508986  0.332622  0.330398 -0.465786
 -0.681999 -0.15132   0.016383  0.155028  0.294495  0.332175]
[ 0.109849  0.317764  0.222694 -0.059317  0.210115  0.299788  0.21918
  0.314328  0.333231 -0.633172 -0.001639  0.201931  0.148861  0.258759
 -0.134186 -0.077105  0.076012  0.313306  0.26976  -0.787197]
[-0.690283  0.244902 -0.923467  0.277083 -0.170434 -0.902746 -0.334562
  0.119202  0.333163 -0.141133  0.333048  0.013048  0.12904   0.251047
  0.097216  0.333327 -0.288824  0.322492  0.28451   0.31974 ]
[ 0.300604  0.24306   0.329396  0.330082  0.314156  0.198807  0.271963
  0.270235  0.307928  0.269227  0.225699  0.331092  0.1633   -0.399496
  0.30558   0.275631  0.332319  0.078613  0.14986  -0.051796]
[ 0.224281  0.229936  0.189037  0.313855  0.152197  0.325928 -0.233854
 -0.372183  0.08725   0.330301  0.292699 -0.305174 -0.791898 -0.974467
 -0.550458 -0.573534  0.30336  -0.997163  0.319945 -0.753402]
[ 0.269239  0.321777  0.331931  0.211598  0.257215 -0.99975   0.081775
  0.316849  0.112602  0.050154  0.317584  0.225348  0.283812  0.18065
  0.283006  0.302232 -0.971067  0.331863 -0.529026 -0.646143]
[ 0.079567  0.328569 -0.997895  0.201422  0.317905  0.316437 -0.230799
  0.309699  0.243072  0.216884  0.187196  0.249354 -0.392783  0.26204
  0.270103  0.331952 -0.057707  0.208631  0.331825 -0.764828]
[ 0.089378 -0.711415  0.209247 -0.029643  0.324849  0.320912 -0.728496
  0.303498  0.110648 -0.322481  0.060226 -0.997744  0.216766 -0.822325
  0.114201  0.1284   -0.274499 -0.549834 -0.405702 -0.926378]
[ 0.139103  0.315892 -0.648593  0.332881  0.261217 -0.965381 -0.09361
 -0.141624  0.095207  0.275998 -0.468551  0.327976  0.280516  0.24592
  0.218049 -0.804192  0.107069 -0.889327  0.308483 -0.552289]
[ 0.221928  0.330345  0.332734 -0.850379 -0.156061  0.231271 -0.046159
  0.300839 -0.091439 -0.058099 -0.491807  0.242777  0.1043   -0.055624
  0.184777  0.308454  0.048886  0.253268  0.225581  0.154307]
[ 0.190861 -0.19428   0.329908  0.142435 -0.998482  0.287281  0.32366
 -0.804389  0.331844 -0.01341   0.208697 -0.259665 -0.715654 -0.057936
  0.272466 -0.461943 -0.277986  0.224538 -0.928515 -0.359101]
[ 0.165126  0.102104  0.329836  0.315166 -0.204791  0.257848  0.231776
 -0.721353  0.320988 -0.96678   0.303579 -0.137923  0.332212  0.283553
 -0.954854  0.099249 -0.022516  0.057219 -0.988384  0.061564]
[-0.511804 -0.182416 -0.770449  0.327585 -0.19707  -0.134706  0.068028
 -0.999997  0.322287 -0.085636  0.226465  0.029    -0.067152  0.068639
  0.259895 -0.358493  0.262487  0.327528 -0.757832  0.333063]
[-0.773286  0.252375  0.236944  0.332289  0.225049  0.106527 -0.999942
  0.306807  0.313748 -0.139423  0.316052  0.089699 -0.699156  0.046476
  0.330473  0.309903  0.270814  0.276607  0.324366  0.07522 ]
[ 0.328425 -0.660227  0.001384  0.186886  0.324547  0.078278 -0.736059
  0.241935  0.198566 -0.947353  0.22898  -0.02948  -0.041206  0.310517
  0.322702 -0.011778  0.188338 -0.010234  0.259641  0.306004]
[ 0.332288  0.243104 -0.509888  0.261163  0.306028 -0.962075  0.173151
 -0.003512  0.113303  0.328732 -0.4763    0.269886  0.206413  0.329091
  0.219855  0.29329   0.239351  0.282577 -0.42427   0.332773]
[ 0.319305 -0.478312  0.18474   0.234553  0.042663 -0.194038 -0.174416
 -0.983542 -0.776388  0.285392  0.304535  0.258494 -0.408053 -0.044316
  0.286863  0.329129  0.331816  0.195822  0.313168  0.039674]
[ 0.100282 -0.520028 -0.858652  0.203338 -0.688887  0.293704  0.277701
  0.218612  0.326304 -0.646681 -0.39294   0.323226  0.32334   0.312297
  0.296563  0.332815  0.109478  0.330113  0.307564  0.328932]
[ 0.065166  0.295677  0.231897  0.191728  0.077425  0.241633  0.284883
  0.048125 -0.914823  0.299466 -0.876532  0.164124  0.314147  0.330796
  0.333008  0.325324  0.32997   0.331097 -0.558735  0.232028]
[ -3.803420e-01  -1.436900e-01  -1.173601e-01  -9.668378e-01  -9.436851e-02
  -9.411458e-01  -1.499358e-04  -4.802258e-02   3.080172e-01   2.592620e-01
   1.514245e-01  -9.820950e-02   3.235699e-01   1.928744e-01   2.987319e-01
   1.336797e-01  -2.836719e-01   1.090305e-01   1.199084e-01  -3.263961e-01]
[ 0.328574 -0.15671   0.332186  0.31675   0.235452  0.260524  0.327594
  0.332395 -0.058661  0.146659 -0.337292  0.315379  0.297185 -0.934495
 -0.143337 -0.98813   0.285674  0.150362  0.33141  -0.228138]
[-0.084672  0.054628 -0.213448  0.240332 -0.684506 -0.38029   0.168197
  0.089747  0.171352  0.227047  0.165962 -0.473545  0.330774  0.24687
 -0.16227   0.318842  0.326518  0.079214  0.013652  0.267656]
[ 0.32792  -0.010121 -0.998442 -0.188894  0.135028 -0.937928 -0.388161
  0.027856 -0.962315  0.330257 -0.967128  0.213183  0.271387 -0.20138
  0.207571  0.063146  0.221752  0.222069 -0.075134  0.241341]
[ 0.299536 -0.048799  0.28592   0.264519  0.281336  0.001339  0.290894
  0.282966 -0.041185  0.171389 -0.577466 -0.108892  0.152503  0.311501
 -0.229268  0.013206  0.031474  0.155388  0.301589  0.331946]
[ 0.071401 -0.956176  0.33307  -0.017193  0.317057  0.089395  0.301383
 -0.994071 -0.250926  0.020687  0.316146  0.195432 -0.297126  0.332375
  0.283446 -0.135203  0.331373  0.322306  0.216212  0.320844]
[-0.048568  0.327983  0.3007   -0.483604  0.162931  0.291586  0.327258
  0.079677  0.327526  0.31975   0.289081  0.296785 -0.662589  0.331768
  0.313606  0.208522  0.163125  0.170262  0.323446 -0.124741]
[ 0.30734   0.201054 -0.704129  0.333325  0.328247 -0.962934 -0.795884
  0.333114 -0.236021  0.145646 -0.849339 -0.849898  0.333203 -0.174519
 -0.671061  0.128442 -0.028461  0.170589  0.326618 -0.48912 ]
[ 0.330529  0.12141   0.327282  0.331702  0.203428  0.099335 -0.519771
  0.315241 -0.540168 -0.516931  0.314333  0.33032  -0.197535  0.287205
 -0.493799  0.318362  0.061706  0.151595 -0.051517  0.331787]
[ 0.240184  0.261771  0.119391  0.332898  0.320955 -0.79718   0.317196
  0.332349 -0.995325 -0.154195 -0.232147 -0.845396  0.317458  0.318527
 -0.209647  0.19052   0.25805   0.294189  0.331826  0.319766]
[-0.030118  0.04298  -0.627518  0.081556  0.290641  0.331471  0.156867
 -0.757323  0.294277  0.270533 -0.310825 -0.092636 -0.855442  0.259887
  0.082456 -0.235527 -0.339998  0.325713  0.282015  0.154236]
[ 0.312227  0.310201 -0.433926  0.332518  0.294299 -0.122064  0.332861
  0.233829  0.326684 -0.093265 -0.553959  0.313103 -0.25209   0.313008
  0.013054  0.300911  0.317121  0.333328 -0.844475  0.229655]
[ 0.327101 -0.422905 -0.078471  0.181928 -0.99338   0.222953  0.264629
  0.279612  0.299317 -0.317724  0.074584  0.333318 -0.572375 -0.809344
 -0.833067  0.18862  -0.473086  0.277761  0.086056  0.240882]
[ 0.314083 -0.442749 -0.333462  0.241515  0.332388  0.333333  0.333315
 -0.054069  0.091122 -0.35993  -0.161425  0.294275  0.31494  -0.701782
 -0.028742 -0.316214  0.33213  -0.496736  0.276316 -0.111623]
[ 0.076189 -0.396023  0.29877   0.130431  0.310284  0.111465  0.28018
 -0.225006 -0.881856  0.197898  0.224067  0.315919 -0.122038  0.283028
  0.310723  0.005467  0.311492  0.333288 -0.144759  0.154801]
[ 0.247467  0.298218  0.307043  0.327377 -0.558909 -0.998039  0.326111
  0.332564 -0.051851  0.010228  0.332905 -0.164298  0.30219   0.257673
  0.330006  0.169562 -0.064067  0.333325  0.222438 -0.998989]
[ 0.332611  0.215746  0.159648  0.303642  0.176374  0.328786  0.242154
  0.047137 -0.940768 -0.210422 -0.869    -0.834343  0.157597  0.232849
 -0.611695 -0.839745  0.306303 -0.2787   -0.361226  0.291191]
[ 0.296103 -0.012325 -0.995219  0.027883  0.315771  0.30816  -0.005182
 -0.523073  0.064792  0.318387  0.243879  0.290813  0.150695  0.321187
  0.311857  0.271435  0.052168 -0.646801  0.237137 -0.824826]
[ 0.297368  0.331278  0.260764  0.170346  0.324708 -0.714595 -0.833342
 -0.977577 -0.215066  0.169802 -0.381553 -0.94827   0.252255 -0.92842
 -0.6676    0.326692  0.09255   0.289851  0.166961  0.291298]
[ 0.307506 -0.018378 -0.079483  0.297223 -0.233518 -0.213005 -0.233346
 -0.723551  0.281439  0.155657 -0.962196  0.269439  0.296937 -0.879404
 -0.240844  0.319389 -0.30948   0.191264  0.330198 -0.095965]
[ -8.986149e-01   3.329598e-01   2.381375e-01  -7.916310e-01   3.234276e-01
   1.195680e-01   6.611555e-02   2.927133e-01  -5.049524e-01  -1.976910e-01
   2.461113e-01   3.312533e-01   6.777890e-02  -3.747248e-01   2.916180e-01
   3.816997e-04   3.259637e-01   3.296462e-01   2.968280e-01   2.782477e-01]
[-0.660912 -0.393134 -0.107565 -0.131455 -0.980676 -0.076911 -0.948715
  0.309569  0.24998  -0.628986 -0.867632  0.135247  0.086652  0.267642
  0.248535 -0.050927  0.24977   0.324679 -0.052737  0.314327]
[0.036118669926794106, 0.0040427016023045215, -0.042482278201669388, 0.055190929498919961, 0.075097266395010492, -0.054304634631208271, -0.0096813594526744817, -0.035606835238347345, -0.063661483970758215, -0.06688178156093838, 0.067835499066003557, -0.03927485066044778, 0.074595093311235705, 0.031931083044750869, 0.0004425646365376068, 0.030923021890519486, -0.052583294003824832, -0.0025886919908852113, 0.040990178511022934, 0.037323228611737091, -0.016670159146522243, 0.10121908630986168, 0.032314425149910397, -0.0080782243555054534, 0.11943651684946102, -0.014401759747296405, 0.010616051586297082, -0.0084376121221192424, 0.028629678572334956, 0.041384683374038223, 0.016403438602482612, 0.050404005809096541, -0.02882953112583142, -0.070424171409640079, 0.042686899757156838, 0.0734687983483166, -0.0007280829128810673, -0.093206003935313086, -0.053720125387125894, -0.036663627720350644, 0.1424450012774448, 0.045502807719603092, 0.054475757373000727, 0.066906999575856996, -0.031871261120505479, -0.016532171048681099, 0.024433155525170044, 0.02859619201691925, -0.053675305044118549, -0.013627175102929323, 0.00030466725879110812, -0.032052204258368522, -0.019578497623553681, 0.033822553186317605, 0.0018858806489281676, -0.0095429258836724484, 0.060649768427800899, 0.032021806317147475, -0.060778155206077766, 0.072518639101479987, -0.0012054686407776682, -0.006306069900023914, -0.0019986359301455425, -0.028862328128722886, 0.052938267741284156, 0.010899775522519708, 0.012898628754948738, 0.039433062644231548, 0.028999872136237781, 0.033159950973036617, 0.046228042807497496, -0.035689845273074616, -0.033679780784462987, 0.022978236552531728, 0.02297259107431987, -0.028256231134501542, -0.019381862879454925, -0.0016013923333257907, -0.053639660168110392, -0.037945959571680066, 0.0059594208811154098, 0.0091783998900663022, 0.0082725670529552042, 0.062012177479421782, 0.00057717209544900366, 0.03363547569640396, 0.063584774275809275, 0.094767448736846255, -0.0075222178219713602, -0.011078081060964973, 0.091243080486520439, 0.058920793057219256, -0.012483144847759226, 0.032052757182586905, 0.03239502660115362, 0.046633595788041993, 0.072339043906579886, -0.01844341834546398, -0.017162780453389814, 0.073389665564917328]
('time: ', 7954.632621049881)
