“Running plot script on a single CPU core”
[ 0.056373  0.058645  0.118506  0.019499 -0.009229  0.042104]
[-0.006622  0.024786  0.066106  0.048149  0.053303 -0.01636 ]
[ 0.060646  0.047653  0.094323 -0.023879 -0.005487  0.01249 ]
[-0.025005 -0.034696 -0.010082 -0.019266 -0.001763 -0.023815]
[-0.052201 -0.009313 -0.032576 -0.01012   0.013227  0.048454]
[ 0.026954  0.038262  0.052736  0.008218  0.014965  0.014564]
[ 0.106241  0.126351  0.046006  0.004334 -0.058226 -0.012138]
[ 0.062806  0.027894  0.080174  0.006509 -0.007658 -0.00649 ]
[-0.008122 -0.052608  0.00791   0.011726 -0.00048  -0.029962]
[ 0.022249 -0.033192 -0.079212 -0.030963  0.017114  0.041209]
[ 0.037685  0.055742  0.085249  0.013199  0.005482  0.011629]
[ 0.00072   0.047429  0.061806 -0.011444 -0.019357 -0.027883]
[-0.004495  0.009215  0.014968 -0.015962  0.00257  -0.006604]
[ 0.083702  0.12101   0.129291  0.013341  0.011916 -0.008381]
[ 0.047549  0.070896  0.091416 -0.00542   0.01243  -0.003363]
[ 0.110741  0.076785  0.037057  0.021899 -0.033741  0.008923]
[ 0.008795  0.001287  0.017376  0.006102  0.006505  0.01362 ]
[-0.029765 -0.088919 -0.040451  0.042674  0.031169 -0.003757]
[-0.052229 -0.043253 -0.047985  0.002902  0.007591  0.017696]
[ 0.020581  0.063196  0.045267 -0.003614  0.011491 -0.00261 ]
[ 0.025816 -0.034614 -0.003936 -0.027593  0.039979 -0.031321]
[ 0.054892  0.033884  0.050653 -0.005761 -0.005258 -0.003586]
[ 0.016916  0.052889  0.025898  0.008483  0.00598   0.019351]
[-0.048948  0.020164  0.0107   -0.004838 -0.005688 -0.005487]
[ 0.004476  0.033895 -0.00405   0.005817  0.037363  0.006381]
[ 0.082226  0.069628  0.091452 -0.001506  0.012735  0.001464]
[ 0.008983  0.001993  0.02365   0.011101  0.028415 -0.02879 ]
[ 0.048339  0.056083  0.034446 -0.019623 -0.01668  -0.002245]
[ 0.004584 -0.00297  -0.013419 -0.001077 -0.001142  0.005719]
[ 0.007328  0.009488  0.024636  0.000224  0.042089  0.001566]
[-0.009441  0.083886  0.027717 -0.005135  0.00373   0.010834]
[ 0.024215  0.012147 -0.014562 -0.002263  0.005349  0.021527]
[-0.03773  -0.001853  0.02328   0.004458 -0.013403  0.042253]
[ 0.049447  0.08357   0.06911  -0.002572  0.019079  0.017534]
[ 0.053499 -0.000562  0.008255  0.020614  0.015958  0.005301]
[ 0.030707 -0.012617  0.05499   0.020372  0.004477 -0.010212]
[ 0.022125  0.062817  0.066022  0.012092 -0.004436  0.012889]
[ 0.033518  0.111117  0.090147  0.023096 -0.008744  0.012475]
[ 0.01962   0.033147  0.084708 -0.036227 -0.009046  0.002102]
[-0.039095  0.048017  0.05515  -0.011751 -0.007608  0.00982 ]
[ 0.021603  0.084296  0.079114 -0.004484  0.008136  0.006026]
[ 0.048457  0.033388  0.039062  0.029576 -0.017122  0.025467]
[ 0.015845  0.036337 -0.004279 -0.001542 -0.019854  0.003334]
[ 0.062596  0.07771   0.041473  0.013698 -0.02067  -0.009424]
[ 0.092441  0.040475  0.064004  0.035165 -0.008817  0.027878]
[ 0.010411  0.027092 -0.003178 -0.013946  0.003207  0.01368 ]
[ 0.042499  0.053077  0.010548  0.006199 -0.016568 -0.00501 ]
[-0.037655 -0.01007  -0.016207  0.001701  0.023349 -0.025494]
[ 0.036091  0.02668   0.048725  0.015087  0.037348 -0.01827 ]
[ 0.073023  0.048405  0.022714 -0.001016 -0.035324 -0.013438]
[ 0.023465  0.047721  0.0159    0.020947 -0.004485  0.007993]
[ 0.026511  0.012638  0.074522 -0.006632 -0.01997  -0.000333]
[ 0.06552   0.02665   0.077378 -0.053035 -0.012775  0.009717]
[-0.050766  0.053835  0.046009 -0.021407  0.083884 -0.014109]
[ 0.059471  0.025206  0.038733  0.014005  0.010612  0.054759]
[ 0.055661  0.091923  0.103625  0.030359 -0.035036  0.036911]
[ 0.046842  0.091683  0.140678  0.005282  0.054216 -0.016654]
[-0.002039 -0.035459  0.015993 -0.025696 -0.006723 -0.030164]
[ 0.01043   0.025891  0.03166  -0.022292  0.043452  0.02054 ]
[ 0.027002  0.040596 -0.009813 -0.03347   0.02358  -0.036782]
[ 0.080943  0.051238  0.136271 -0.004333 -0.023363 -0.028182]
[-0.074749 -0.015011  0.014601  0.002457 -0.001092 -0.026675]
[ 0.067864  0.093042  0.086934 -0.022054  0.066037  0.000151]
[ 0.076281  0.053492  0.034397 -0.004412  0.011078 -0.011195]
[ 0.026267  0.003443  0.043191  0.005916  0.001864 -0.01971 ]
[ 0.033134  0.017528  0.10098   0.012548  0.020976  0.011648]
[ 0.016158  0.024746  0.071986 -0.044556  0.000525 -0.01098 ]
[ 0.018112  0.002321 -0.04479   0.042055  0.030572 -0.027244]
[ 0.054594 -0.014332 -0.017649  0.00452   0.02689  -0.010263]
[ 0.041958  0.069268  0.0904   -0.019662  0.02044   0.017616]
[ 0.070915  0.080695  0.013388 -0.007207  0.028328 -0.002712]
[ 0.10991   0.072384  0.04773  -0.038178  0.013271  0.036037]
[ 0.077725  0.060886  0.070229 -0.013175 -0.015156 -0.02029 ]
[ 0.023035  0.043362  0.064353  0.0347   -0.026605 -0.007381]
[ 0.047045  0.070805  0.070852 -0.033096  0.005177  0.011126]
[ 0.057546  0.072878  0.072526 -0.037824  0.012718  0.023821]
[-0.004408  0.008066 -0.01347   0.007784 -0.009053  0.018589]
[ 0.018067  0.032749  0.017972 -0.004549  0.030472 -0.007813]
[ 0.098257  0.039404  0.009169  0.022269  0.033816  0.014387]
[ 0.09188   0.125771  0.114771 -0.024211  0.010085 -0.03893 ]
[ 0.030328  0.013543  0.068464  0.010152  0.012938 -0.010005]
[ -3.768218e-02  -7.648004e-02  -9.034782e-02   1.287749e-02   9.669904e-05
   1.262326e-02]
[-0.002571  0.096604 -0.014624 -0.001767 -0.004512 -0.023835]
[-0.00377   0.047943  0.007403 -0.028937  0.009675  0.044212]
[ 0.070912  0.096643  0.066908 -0.007655 -0.02224  -0.011612]
[ 0.042373  0.049685  0.026984 -0.020016  0.001229  0.003817]
[ 0.044538  0.026238  0.038218 -0.007485 -0.019409  0.010909]
[ 0.019398  0.028558  0.089203  0.021004  0.012928 -0.00601 ]
[ 0.063713  0.056384  0.059004 -0.001038 -0.001163 -0.004199]
[ 0.030923  0.020729  0.026487  0.010527  0.009682  0.005301]
[ 0.02115   0.025854  0.022773  0.007662 -0.014037  0.006285]
[-0.006928 -0.044094  0.045554  0.013833 -0.004635 -0.023016]
[ 0.030571 -0.006451  0.057567  0.025914 -0.001807 -0.014677]
[ 0.009627  0.018045  0.049602 -0.018142 -0.010407 -0.029557]
[-0.073356 -0.009111 -0.044062 -0.014455 -0.023831 -0.013276]
[ 0.10289   0.071483  0.074826  0.018754  0.021244 -0.02283 ]
[ 0.005754  0.045422  0.090067  0.016397  0.017805  0.011968]
[ 0.017493  0.042666  0.027124 -0.008449  0.014066  0.01564 ]
[ 0.075948  0.134083  0.09145  -0.018455  0.005984 -0.028095]
[ 0.039392  0.056241  0.08771   0.021289  0.025096 -0.015357]
('Mean', 1, ': ', 0.039391522877295602)
('Median', 1, ': ', 0.039391522877295602)
('Variance', 1, ': ', 0.0)
('Mean', 2, ': ', 0.056241021342325878)
('Median', 2, ': ', 0.056241021342325878)
('Variance', 2, ': ', 0.0)
('Mean', 3, ': ', 0.087710418067902904)
('Median', 3, ': ', 0.087710418067902904)
('Variance', 3, ': ', 0.0)
('time: ', 14763.609902143478)
