“Running plot script on a single CPU core”
[-0.887243 -0.030196  0.287491  0.298581  0.32732   0.095314  0.106563
  0.324722  0.33316  -0.047272  0.281248 -0.350411  0.309081 -0.930117
  0.225597  0.30744   0.298829  0.326283 -0.460424  0.008081]
[ 0.228015  0.321485 -0.908654 -0.507672  0.179345 -0.797094 -0.804859
  0.286847  0.150363  0.312574 -0.841436  0.316683  0.168529  0.333151
  0.265448 -0.358825  0.319415  0.261498  0.31696   0.319688]
[ 0.228124 -0.678818  0.331175  0.154505  0.106625 -0.0862   -0.145977
 -0.893676 -0.271096  0.125111  0.167735  0.296378  0.115594  0.332755
  0.275681  0.192348 -0.201676  0.150529  0.312514  0.129798]
[ 0.323908 -0.889294  0.288848  0.263837 -0.090303 -0.938286 -0.938292
 -0.249718  0.33291   0.168262  0.321138 -0.217634 -0.666398  0.256214
 -0.108162  0.333271  0.33127   0.212776  0.333332 -0.900812]
[-0.786154 -0.997839  0.327094  0.332627 -0.061781  0.146355  0.31657
 -0.035483  0.332946 -0.163521 -0.658347  0.270174  0.252365  0.333296
  0.333287 -0.446354 -0.779959 -0.236397  0.31465   0.303163]
[ 0.331659  0.321568 -0.629374 -0.99604   0.172959  0.302787  0.235448
  0.329575  0.296699  0.283003  0.173627  0.016016  0.263736  0.257769
 -0.016669  0.328412 -0.531016  0.224744  0.321773  0.270915]
[ -1.928541e-01   2.543879e-01   3.037895e-01   3.286854e-01  -9.171697e-01
  -4.704756e-02   2.753922e-01  -9.923032e-01  -9.997701e-01   9.518294e-02
   3.255178e-01   2.877760e-01  -3.581791e-02   3.329757e-01  -2.958182e-01
   1.762732e-01   2.772123e-01  -2.448262e-01   7.678738e-02   6.912357e-04]
[ 0.319225 -0.930201  0.237135 -0.299046  0.217052 -0.668467 -0.836199
  0.21693   0.002868  0.172128 -0.175657  0.316617  0.268453  0.315198
  0.186464  0.063627 -0.483273  0.299031  0.192697 -0.764666]
[ 0.089735  0.178426 -0.269021 -0.941942  0.333332  0.303737  0.138124
  0.326473 -0.820751  0.31477  -0.767155  0.329411  0.305676  0.288395
  0.253431  0.333245  0.271092 -0.33497  -0.970659 -0.685878]
[ 0.156356  0.062198  0.167956  0.299051  0.329733 -0.746966 -0.87579
 -0.97773   0.024408 -0.136493  0.124797 -0.074592 -0.862917  0.332378
  0.245552  0.25488  -0.704589  0.024211 -0.452462  0.239775]
[ 0.312386  0.297245  0.291678  0.332473  0.090302 -0.065382 -0.180072
  0.139837 -0.472199 -0.110876  0.027474 -0.490668 -0.996127  0.331431
 -0.223435  0.242842 -0.010427  0.303629  0.27427   0.12001 ]
[-0.88109  -0.215662  0.330431  0.319976 -0.317854  0.172407 -0.804848
  0.319055 -0.408404  0.228737 -0.604061  0.330132  0.288989  0.332088
 -0.007073  0.179561  0.332648 -0.379371  0.323285 -0.457698]
[ 0.328202  0.163501  0.321628  0.151497 -0.770312  0.219748  0.048857
  0.148491  0.329787  0.138959  0.332431  0.172154 -0.12747   0.304203
  0.172581  0.230704  0.311438  0.284397  0.310228  0.07661 ]
[ 0.136762  0.333217 -0.766411  0.293899  0.299612 -0.080466  0.006169
 -0.918023 -0.090085 -0.330365  0.26291   0.121362  0.153049  0.135913
  0.331619 -0.350169  0.262504  0.233819  0.196323  0.190098]
[-0.247619  0.32728   0.23597   0.170858 -0.045131  0.235317 -0.894266
 -0.447943  0.31449   0.330951  0.040748 -0.081666 -0.603219 -0.895461
  0.28281   0.289687  0.204172  0.123029  0.294625  0.294448]
[-0.031014  0.31602   0.128716  0.331839  0.165777  0.331093  0.229849
  0.176478 -0.425307 -0.991748  0.332355 -0.061752  0.203028  0.061984
  0.308517 -0.601314 -0.661175  0.071418  0.300344 -0.735281]
[ 0.333308  0.33317   0.238872  0.299177  0.327252 -0.424502  0.316768
  0.333097  0.290735  0.276934 -0.079494 -0.37777   0.315972  0.279773
  0.200815  0.040688  0.333322  0.321974 -0.983519  0.330628]
[ 0.262476  0.220423 -0.982763 -0.122756  0.327464  0.294657 -0.586844
  0.064921 -0.566102  0.332961 -0.996788  0.261104 -0.042402 -0.877313
  0.279869 -0.744148  0.332521 -0.887401  0.302512  0.3333  ]
[ 0.118505 -0.217105  0.276829 -0.167707 -0.980072  0.24844   0.332852
  0.183384  0.065977 -0.040395  0.256139  0.328825  0.304762 -0.025661
  0.242844  0.203935  0.081932  0.33075  -0.965127 -0.228028]
[-0.126884  0.293076  0.016695  0.185938 -0.101023 -0.521015 -0.504307
  0.332201  0.256548  0.326982  0.256355  0.276578 -0.982071 -0.099628
  0.313877  0.240126  0.327126  0.277254  0.327901  0.105621]
[ 0.320077  0.267142  0.306556  0.151621 -0.662143 -0.215921 -0.144985
  0.217521 -0.372847  0.102335  0.055074  0.042455 -0.05071   0.281378
 -0.040722 -0.104567  0.327934  0.261993  0.243553 -0.113345]
[ 0.051797  0.298918  0.210265  0.039864  0.308309  0.315199  0.079311
  0.228554 -0.995527 -0.546141 -0.729839  0.243351  0.322259  0.067815
 -0.997991  0.146813 -0.657126  0.303146  0.329565 -0.422451]
[-0.566822  0.021836  0.276941  0.332757 -0.858739  0.227891  0.175619
  0.282665 -0.479108  0.316425  0.322214 -0.999433  0.100156 -0.863845
 -0.130378  0.045086 -0.818869  0.184167 -0.861155  0.281752]
[ 0.251822  0.331363  0.279608  0.254923  0.327118 -0.982794  0.150701
 -0.208845 -0.290401  0.223327  0.296589 -0.99186   0.305656  0.321046
  0.31287  -0.812434  0.329049  0.282245  0.229905 -0.180165]
[ 0.246194  0.258013  0.25939   0.33171   0.234244  0.180949  0.329401
  0.154481  0.105291 -0.648769  0.276445  0.321979  0.050165  0.327687
  0.330245 -0.696322  0.251173  0.313753  0.329488  0.111723]
[-0.75774   0.255964 -0.588722  0.293891 -0.409972  0.027341  0.332983
 -0.333115  0.328563  0.321347 -0.72038   0.315905  0.313325  0.070902
  0.044548 -0.536553  0.325279 -0.052773 -0.500625 -0.020997]
[ 0.33331  -0.074103  0.302337  0.304838  0.025019 -0.262874  0.26438
  0.302152 -0.131137  0.289605  0.225343 -0.10507   0.085472  0.273344
 -0.894519  0.324438  0.333193  0.297598  0.257018 -0.135644]
[ 0.326628  0.199666  0.198196 -0.829228  0.323597  0.214051  0.155468
  0.290039  0.320372  0.21273   0.060882  0.24457   0.309769 -0.590818
  0.301239  0.241353  0.329584  0.293428  0.306208  0.329486]
[ 0.224956 -0.095647  0.02744   0.264293 -0.34285  -0.641743  0.086622
  0.117626 -0.107291 -0.135275  0.032832  0.293736  0.275076  0.188063
 -0.030075  0.327204  0.186646  0.216306 -0.832149  0.272866]
[ 0.016963  0.276366 -0.327793  0.327587 -0.73587   0.331032  0.277575
 -0.011516  0.28339  -0.038022  0.320342  0.303987  0.119549 -0.569819
  0.327221  0.333326  0.329765  0.287061  0.270204  0.329492]
[-0.999977  0.131249  0.16134  -0.286738  0.188021  0.332339  0.324929
 -0.052391  0.322403 -0.026021  0.11252  -0.080828  0.331703 -0.346698
  0.203012  0.277234 -0.55027  -0.62277  -0.934335  0.332352]
[ 0.034742  0.318343 -0.124824  0.333136  0.332035  0.233773  0.332177
  0.274106 -0.58605  -0.164908  0.26631  -0.930945  0.196749  0.324138
  0.193212  0.080883 -0.18647   0.202942  0.329267 -0.999883]
[ 0.318989  0.298434 -0.740311 -0.563696  0.333333 -0.892309  0.331733
  0.074254  0.291788  0.31385  -0.806547  0.331478 -0.046866  0.234725
 -0.362338  0.306591 -0.131292 -0.494567  0.267944  0.330234]
[ 0.276252  0.224449  0.139599  0.333201  0.252144  0.080284  0.248915
 -0.730404 -0.333751 -0.117699 -0.533142  0.152632  0.333329 -0.305987
  0.258895 -0.161559 -0.94474  -0.663968 -0.250329  0.133875]
[-0.826525  0.282446  0.332806  0.317472  0.07961  -0.815959  0.292138
  0.194258 -0.812151  0.160311  0.322878 -0.038435  0.275927 -0.112006
 -0.024937 -0.266647 -0.221433 -0.22777   0.328545 -0.592987]
[-0.405637  0.060848 -0.349943  0.141604  0.326718  0.086732  0.213403
  0.042043 -0.800663  0.294129  0.219332 -0.006648 -0.097228  0.038951
 -0.883785  0.317726 -0.320365  0.325328  0.310872  0.076006]
[ 0.281355  0.311852  0.262765  0.33303  -0.055963 -0.030546 -0.22235
 -0.402303  0.327391  0.012731  0.309794  0.11508   0.307347  0.232917
  0.190417  0.330101  0.327375  0.102859  0.333273 -0.597854]
[ 0.239338  0.089642 -0.535508  0.322806  0.3333    0.32404   0.11793
  0.331107  0.077932  0.25022   0.264185 -0.142687  0.327406 -0.376641
  0.022616  0.333113  0.05083  -0.5928    0.055453 -0.964271]
[-0.774588  0.105605  0.055092  0.321611  0.239824  0.251093  0.318969
  0.212318  0.248483  0.326925  0.186263  0.331474  0.255032  0.276646
 -0.172282  0.322476 -0.116011  0.246722  0.303384  0.038737]
[ 0.213977  0.246704  0.278936  0.298296  0.333303 -0.811956  0.244095
  0.211762 -0.278573 -0.898582  0.230265 -0.908215  0.324311  0.109132
  0.026535  0.284636  0.26884   0.163532  0.307389 -0.910209]
[ 0.323009  0.27485  -0.353564 -0.158188 -0.990577  0.271342  0.149106
  0.332253  0.177441  0.220275  0.257362  0.331697 -0.125981  0.049718
  0.120892  0.269326  0.319867  0.331734  0.257402  0.297479]
[ 0.077111  0.243012  0.333017  0.298838  0.326681 -0.198452  0.331907
  0.249608 -0.013964  0.332645  0.210057  0.329488  0.084431  0.212077
  0.083788  0.331033  0.306341 -0.079637  0.247815  0.301448]
[-0.242245 -0.579633 -0.999992  0.105124  0.162359  0.118692  0.332102
 -0.14848  -0.972358  0.073144 -0.312518  0.301416  0.267794 -0.594466
  0.318943  0.238933  0.226196  0.33322  -0.353209  0.330427]
[ 0.224647  0.31223   0.143716  0.165012  0.112289 -0.001003  0.22101
  0.214342 -0.461025  0.170069 -0.32918   0.212091  0.189234 -0.207393
  0.212678  0.27056   0.32979   0.228254  0.239526  0.316922]
[ 0.21813   0.290676  0.011931 -0.321515  0.118998 -0.002438 -0.00086
  0.137217  0.324483 -0.160328  0.278715  0.269918  0.091968  0.132551
  0.282935  0.263097 -0.592033  0.212972  0.284455 -0.111358]
[-0.562088  0.32856   0.333177 -0.1073   -0.955347  0.236396 -0.723567
 -0.999487  0.187695  0.287726  0.006349  0.219689  0.196469  0.310624
 -0.994007 -0.157414  0.238961  0.126875  0.157031  0.17254 ]
[ 0.26917   0.071723  0.231625 -0.309125  0.303276  0.327642 -0.013553
  0.281402  0.044937 -0.053522  0.306375  0.223708  0.134255  0.327007
 -0.758225 -0.77312  -0.096722  0.069343 -0.338288  0.25531 ]
[-0.095704 -0.024993 -0.880925  0.219268  0.269017  0.320286  0.249301
  0.22053  -0.782263 -0.582612  0.322288 -0.277833 -0.831683  0.135812
 -0.080059 -0.075635 -0.292894 -0.10162   0.332084  0.332023]
[-0.403813  0.331359  0.217812  0.261564  0.278125  0.243414  0.323083
 -0.066213 -0.648317 -0.980218 -0.389985  0.333291  0.326768 -0.128706
 -0.986338  0.277247 -0.997381  0.296493  0.209873  0.325546]
[-0.310139  0.326532  0.264918 -0.723656 -0.214735  0.3323   -0.855783
  0.315753  0.129237  0.165799  0.314873  0.327168 -0.716802 -0.715672
  0.078353  0.122635  0.032019 -0.198529  0.306382  0.204022]
[ 0.283445  0.31678   0.214031  0.071914  0.204455  0.328503  0.328178
  0.04618   0.291145 -0.270496 -0.623577 -0.455383  0.303809  0.307933
  0.006654 -0.794401  0.278831  0.317111  0.125096  0.097851]
[-0.001862  0.255312  0.29072  -0.75373   0.330744  0.272227  0.262763
  0.330511  0.12047   0.223075  0.180137 -0.423096  0.320007  0.324258
  0.13872  -0.811898 -0.832803  0.332269  0.329878  0.271635]
[-0.735159  0.331935  0.293636  0.12867  -0.544168  0.133982 -0.536535
 -0.938749  0.263599  0.329653 -0.289431  0.293848  0.326208  0.324979
 -0.10147  -0.152895 -0.416575 -0.601916 -0.780459  0.141886]
[ 0.279228 -0.067097  0.321983  0.015147 -0.923664  0.333156 -0.339566
  0.165643  0.289184 -0.270102  0.218546  0.140325  0.315179 -0.037339
  0.153539 -0.726954  0.177762  0.289107 -0.070918 -0.278945]
[ 0.286921 -0.962492 -0.709467  0.226066 -0.684069  0.104375  0.207395
  0.29805   0.287835  0.281051 -0.025711  0.105751  0.283206 -0.959891
  0.089128  0.219489 -0.99816  -0.354562  0.022808 -0.962644]
[ 0.319273 -0.521702  0.167585  0.036386  0.285015  0.256469  0.332265
  0.258294  0.324561  0.121266  0.140402 -0.985063 -0.565005  0.331375
 -0.199395  0.196773 -0.343255  0.203335  0.250625 -0.292579]
[-0.872449  0.112817  0.268851  0.254372  0.218066 -0.74152   0.332662
 -0.255311  0.312025  0.298015 -0.210595  0.226671  0.237295  0.331502
  0.322227  0.33298   0.211187  0.318304 -0.763205  0.131301]
[ 0.331379  0.332295  0.286973 -0.912265  0.328398  0.33318   0.189951
  0.326258  0.322079  0.309704  0.199769  0.306719  0.087628  0.302086
  0.319775 -0.819339  0.323626  0.054429 -0.984589  0.232775]
[ 0.240971  0.300264 -0.831221  0.222014  0.311821 -0.069436  0.148964
 -0.225484 -0.482198  0.127714 -0.941678  0.324345  0.273615  0.307722
 -0.249407 -0.190588  0.086851  0.328828 -0.120374  0.236002]
[ 0.329384 -0.988147  0.312518  0.308181  0.004075  0.280835  0.259653
  0.329244 -0.53854  -0.72305  -0.065638  0.210263  0.333328  0.306327
  0.103114 -0.596582 -0.462448 -0.182244  0.284381 -0.198122]
[ 0.251961  0.262474 -0.131081  0.313635 -0.999871  0.213133  0.186335
 -0.568506  0.255768  0.310358  0.096772  0.295959  0.294771 -0.185706
 -0.728282  0.229102  0.3267    0.319523  0.215103  0.273904]
[ 0.326589 -0.271098  0.33239   0.210262 -0.002619 -0.751815  0.002503
  0.234552  0.28163   0.182663 -0.008134 -0.201677 -0.810123 -0.100576
 -0.370558  0.310861 -0.236931  0.282421  0.333049  0.065914]
[ 0.332989  0.333333  0.320908  0.251135  0.096317  0.079187 -0.390182
 -0.924469  0.228082  0.284643  0.293548  0.047908  0.0282   -0.998687
  0.296048  0.229038 -0.649071 -0.915575  0.138009 -0.020024]
[ 0.33283  -0.967161 -0.805052 -0.019557 -0.220026  0.072758  0.057931
  0.272215 -0.400564 -0.229783 -0.4787   -0.138306  0.284441  0.177438
  0.260128  0.019827  0.173024  0.128758 -0.534156  0.181737]
[ 0.22031  -0.021122 -0.44739   0.249571  0.27401   0.187995  0.189263
  0.174647 -0.381209  0.332134  0.26419   0.272228  0.333332  0.21969
  0.011422  0.278479  0.323898 -0.989073  0.138958  0.157745]
[ 0.327029 -0.283177  0.327277 -0.483737 -0.713292  0.062135 -0.321475
  0.299947  0.286098  0.323758  0.331196  0.32501   0.25562   0.209478
  0.333174  0.098198  0.154007  0.028041  0.034569 -0.646655]
[ 0.104941  0.198537  0.327567  0.224415 -0.460613  0.225169 -0.82628
  0.304867  0.222223  0.323242  0.189287  0.332871 -0.24348   0.332449
 -0.376691  0.305614  0.333054  0.268409  0.285442 -0.255631]
[ 0.235723  0.297334  0.245761 -0.323047  0.261011  0.332542  0.3105
  0.28163   0.322194  0.260317  0.30961  -0.502727  0.157632 -0.294237
 -0.437393 -0.549169  0.254115 -0.919427 -0.899339 -0.534702]
[ 0.332191 -0.976111  0.326489 -0.769339  0.231713 -0.26951   0.199011
  0.024809 -0.502333  0.333321  0.022047  0.254269  0.14828   0.127844
  0.051662  0.306086  0.241577 -0.091872  0.333196 -0.511485]
[ 0.159476 -0.223414  0.23774   0.27821   0.333136  0.281356  0.262715
 -0.569175  0.22671   0.330281  0.303865 -0.401004 -0.231999 -0.324121
  0.331012 -0.104962 -0.324338  0.283037  0.287198 -0.541286]
[-0.004213  0.310991 -0.411068  0.326281  0.156892  0.2652    0.290724
  0.333312  0.26832   0.274883 -0.15379  -0.299985  0.332335  0.311897
 -0.340812  0.221695  0.325816  0.238716 -0.529559  0.177718]
[ 0.195702  0.148758 -0.602748 -0.131307  0.330223  0.040064 -0.125055
  0.099054  0.32869  -0.075408 -0.094051  0.332777 -0.25787  -0.020773
 -0.981415  0.294509  0.001503 -0.45495   0.163461  0.250018]
[  1.628281e-01  -4.381669e-01  -6.230960e-01  -5.550909e-04   3.109323e-01
   3.231430e-01   1.646531e-01   2.557839e-01  -1.342552e-01  -9.988490e-01
   3.246632e-01   2.441245e-01  -8.044429e-01  -2.272567e-02  -9.999374e-01
  -2.900190e-01  -8.401689e-02   2.619959e-01  -6.046841e-01   3.063921e-01]
[ 0.307509 -0.073583  0.314936 -0.155337  0.304297 -0.430735  0.137556
  0.28213   0.055579  0.331988 -0.73513   0.322606 -0.557783  0.090356
 -0.608628  0.33313   0.315474  0.332927  0.102261 -0.155562]
[ 0.130271  0.281312 -0.981548 -0.129553 -0.731865 -0.863051  0.092863
 -0.668799 -0.091328  0.117704  0.288323  0.028049 -0.113145  0.151156
  0.077179  0.333069  0.266445  0.12311   0.259894 -0.105587]
[-0.154824  0.299683 -0.985658 -0.122355  0.147011 -0.970356  0.330755
  0.330292  0.309188 -0.165652  0.282821  0.231248 -0.970723  0.283761
  0.304722  0.333331  0.323     0.256478  0.139327  0.326934]
[ 0.322539 -0.652333  0.30275   0.333047 -0.096815  0.333095  0.281099
  0.251072 -0.940584  0.219306  0.24112   0.305375  0.017448  0.295044
  0.239712  0.314879  0.007977  0.164083  0.231585 -0.840667]
[ 0.27121   0.306525  0.302501  0.247176  0.253229 -0.42989   0.198308
  0.329647  0.332395  0.128261  0.307516  0.037914  0.281249  0.226762
  0.333248  0.234203 -0.892127 -0.317354  0.105     0.174733]
[ 0.226925  0.196001 -0.541672 -0.417546  0.298582 -0.999975  0.126436
  0.124331  0.299375 -0.928015 -0.184046  0.294164  0.323717  0.333282
  0.332164 -0.959967 -0.088777  0.311736  0.302369  0.331091]
[-0.35428   0.294072  0.325961  0.166492  0.333236  0.326725  0.324489
  0.332647  0.091964  0.287226 -0.846391  0.209992  0.23257   0.253751
  0.326451  0.154278  0.306059  0.221827  0.279431  0.29278 ]
[ 0.208762 -0.095923 -0.480185  0.313082 -0.947115  0.174116 -0.293083
  0.312064  0.244299  0.325385  0.134801 -0.44924  -0.392149  0.132481
  0.330245  0.320087  0.300332  0.332677  0.331494  0.154363]
[-0.997392  0.292258  0.328021  0.205089 -0.122659  0.269322  0.113803
 -0.970171 -0.72726   0.219969  0.280801  0.291393  0.31229  -0.134633
 -0.174847  0.146516 -0.751991  0.291193  0.088654  0.327817]
[ 0.332096  0.224297  0.318738  0.193546 -0.281489  0.331585 -0.446805
 -0.903136  0.332424  0.24124   0.312681  0.15419  -0.999547  0.219208
 -0.416808  0.215428 -0.136306  0.199574  0.332017  0.28935 ]
[ 0.280711  0.273356 -0.318558  0.266143  0.332779 -0.989529  0.104485
 -0.998797  0.303286  0.253005  0.237334 -0.795717  0.309481  0.27439
 -0.00303   0.130406 -0.148209  0.194177 -0.577158 -0.840458]
[ 0.24649  -0.340234  0.21392   0.191297  0.234482  0.26877   0.304044
 -0.610255  0.314166  0.333322  0.229965 -0.216182  0.333083 -0.22187
  0.052825  0.3219    0.247135  0.168952  0.329162 -0.734763]
[ 0.129706  0.315642  0.332929  0.273929  0.326432  0.331958 -0.703199
  0.332295  0.274339  0.097014  0.195631 -0.57483   0.029593  0.219749
 -0.945908  0.253025  0.236811  0.316066  0.33116   0.206979]
[ 0.27511   0.324711  0.216764  0.200936 -0.573111 -0.578351  0.332875
 -0.22338   0.330121  0.331711  0.241617  0.333333  0.306635 -0.493678
  0.311283  0.326333  0.326119  0.278847  0.135657 -0.035702]
[-0.57244   0.314856  0.197453 -0.14416   0.318397  0.242736  0.063358
  0.295286  0.323272 -0.116322  0.326822  0.165308  0.194245  0.328046
  0.252981  0.080267  0.307147 -0.306055  0.330564  0.292407]
[-0.232196 -0.010851 -0.333888  0.050028 -0.114519 -0.352143  0.333222
 -0.94188  -0.703131  0.015391  0.233486 -0.670359  0.312211  0.333296
 -0.973005  0.22514  -0.272152 -0.791633  0.328014 -0.042846]
[ 0.332905  0.213119  0.328466 -0.215835  0.218357 -0.100565  0.066724
 -0.941363  0.291902  0.332043  0.077649  0.25079   0.327654  0.118811
  0.185414  0.060915  0.333284 -0.963484  0.077926  0.332036]
[ 0.191402  0.314724 -0.316428  0.30309  -0.509377  0.279462  0.251492
 -0.385175 -0.617706 -0.334134 -0.248954  0.287163 -0.45205   0.330212
 -0.179154  0.18827  -0.391145  0.313706  0.291733 -0.139558]
[ 0.220909 -0.08393  -0.165107 -0.410501  0.289055  0.331421  0.211662
  0.333315 -0.065737 -0.555232 -0.999029  0.068785 -0.268414  0.331831
  0.331756  0.259276 -0.928021 -0.065572  0.087059  0.28725 ]
[-0.005733 -0.604686  0.070662  0.323554 -0.303929  0.222896  0.135323
  0.133955  0.184507 -0.920144  0.308467 -0.545343 -0.783047 -0.998841
  0.136676  0.328338  0.32562   0.325627  0.114425  0.254667]
[-0.095461  0.169198  0.225262 -0.33141   0.230804  0.321739  0.223301
  0.019149  0.270116 -0.523991  0.255356  0.329439 -0.561283 -0.992951
  0.26868  -0.54317  -0.595209  0.133234  0.075475  0.313339]
[ 0.277075  0.322699  0.332707 -0.003622 -0.249111  0.212402  0.3102
  0.333281 -0.049126 -0.083539  0.296914  0.287504  0.303759  0.207774
  0.28526  -0.626628 -0.716691  0.270857 -0.170651  0.314211]
[ 0.300619  0.312763 -0.931653 -0.980564  0.320597  0.22793   0.307453
  0.332025  0.31178   0.131875  0.175502  0.327949  0.2582   -0.977101
 -0.033052 -0.011556  0.110751 -0.965593 -0.355627  0.253925]
[ 0.239647  0.325621  0.329376 -0.277633  0.329946  0.294068  0.333333
  0.207197  0.332983  0.133032  0.097089  0.260323  0.317941  0.023352
 -0.05394  -0.691693  0.233614  0.105685 -0.931576 -0.999746]
[ -3.219697e-01   3.071077e-01  -7.555590e-04   3.152033e-01  -8.271973e-01
   3.047864e-01   1.353563e-01   2.010389e-01   3.317224e-01   2.670519e-01
   2.458899e-01  -2.558540e-01  -2.990294e-01   2.405637e-01   1.627556e-01
  -1.831869e-01   1.730198e-01   3.141649e-01   3.328881e-01  -4.705420e-01]
[ 0.301998  0.324423  0.331959 -0.17645   0.134394  0.174021  0.332881
 -0.282599  0.320125  0.311303  0.273971 -0.248634 -0.824391  0.205157
  0.330598  0.27402   0.327176  0.327936 -0.998603  0.314147]
[-0.047113 -0.989976  0.266716  0.32608  -0.105625  0.324715  0.32881
 -0.730129  0.333237 -0.007273  0.29125   0.065962 -0.636875  0.280903
  0.29401   0.131778 -0.987495  0.333017  0.089102  0.080072]
[-0.014234158130680741, 0.011450396315991013, 0.085308519650709291, -0.0084088492092854739, 0.018250128568388368, -0.011001620423660263, 0.01729480527776861, 0.036226884647904745, -0.0084223728896501288, 0.019156984094322704, 0.034649353213602407, -0.00077779338616279503, 0.0089544824062561257, -0.048137728123896856, -0.022703607508277712, 0.038784611177888881, 0.050741701853878662, -0.028314924000258535, 0.038709459571482752, -0.003318250213640947, 0.0064813014615889841, 0.029916305405428993, -0.0065419902588771395, 0.036956540564662077, 0.024365715906549124, 0.013001185599953446, -0.0076232512792175355, 0.087015336594309267, 0.050203548713661061, 0.011004554674626355, -0.019014293100508173, 0.011500765644268902, -0.0096650787044345599, -0.034271725164582989, -0.052823667728898904, 0.0056531176383879944, 0.019965193761341038, -0.019923581090783626, -0.03509514941992431, 0.049251152131659731, -0.036070239375211421, 0.007455774419613842, -0.015980097450530584, 0.018653284528731051, 0.0011282257061260847, 0.0064255867592174498, 0.0059197962305324592, 0.021039388780637616, 0.028128629275350536, -0.032343515952376056, 0.094626930954891941, -0.0020359803500507039, -0.041163085302602487, 0.09303787957218107, 0.045288063869517392, 0.068745235742227739, -0.026754867320128106, 0.068511901009531972, -0.024043538806441278, 0.052327613908108028, 0.016667610978164826, 0.024197739305585886, 0.026780413134813053, 0.015502178828757041, -0.012249030614239598, -0.012220785900376174, 0.023362205531237329, -0.026591956697653546, 0.022378571576778028, 0.030700523524541556, -0.048900351839042441, 0.037236592362331455, 0.015343050117182344, 0.1207327482992934, -0.024020881537464012, 0.022089507828401578, -0.010248652307203288, 0.097092121353132804, 0.068563647558158081, 0.01975228655030109, 0.051824623418039839, 0.033698593997352977, -0.030985326361487708, 0.099550023502456925, 0.011015310188590449, 0.0078048033957863888, 0.0053735688845285567, -0.005448943086653002, 0.016405428385142418, 0.060125308029791935, 0.00088682509356668993, 0.036022813479833216, -0.026546511579476652, 0.03601358003601908, 0.0060758269528632391, 0.056198580026478345, 0.024085951311433679, 0.0011818146002807173, -0.005136914246283264, 0.043917068408555755]
('time: ', 14110.477984905243)
