“Running plot script on a single CPU core”
[-0.814431 -0.626347 -0.775951 -0.742908 -0.773208 -0.588189 -0.041997
 -0.033479 -0.032389  0.018636 -0.072862 -0.021065 -0.053003 -0.091686
 -0.040619 -0.065827  0.019935 -0.040252 -0.006012 -0.038511]
[-0.848457 -0.885672 -0.446226 -1.07839  -0.659726 -0.704378 -0.027097
  0.065362  0.087976  0.014207  0.052906  0.115541 -0.030931  0.028341
  0.083841 -0.053253  0.007504 -0.002148 -0.012372  0.026539]
[-0.832502 -0.813818 -0.728176 -0.986752 -0.798424 -0.771668  0.013637
  0.033663  0.039775 -0.074719  0.150017 -0.016218  0.019554  0.10667
  0.041665  0.031723 -0.064144 -0.003454  0.048529 -0.003656]
[ -6.136271e-01  -7.018629e-01  -7.338534e-01  -7.805521e-01  -8.027176e-01
  -8.870224e-01  -8.272583e-02   1.473668e-02   1.355515e-01  -1.442519e-01
  -3.343500e-02   1.951805e-01   2.661425e-02  -1.959038e-03  -5.969218e-04
   3.738166e-02  -1.611816e-01  -5.815998e-02   1.454100e-02  -2.879142e-03]
[-1.110273 -1.123072 -0.908589 -1.195238 -1.064981 -1.051948  0.096643
  0.055325 -0.013833 -0.01422   0.05409  -0.021687 -0.045001 -0.032218
  0.111113 -0.030218 -0.058163  0.052479  0.028116  0.021074]
[-0.666917 -0.63468  -0.345007 -0.802983 -0.642961 -0.655596 -0.024355
  0.064691  0.014661 -0.003499  0.037248 -0.027111  0.102117  0.002834
  0.102778  0.080366  0.062879 -0.019191  0.060174  0.030737]
[-0.920625 -0.856062 -0.864981 -0.807438 -0.838632 -0.813649 -0.122627
 -0.042287 -0.079922 -0.104261 -0.04167  -0.072019 -0.061842 -0.031184
 -0.038214 -0.052906 -0.036462 -0.073805  0.058049 -0.035715]
[-1.022422 -1.191723 -0.975881 -0.86799  -0.782754 -0.938922  0.042226
  0.019752 -0.050787  0.090943 -0.05885  -0.015977 -0.093338 -0.04088
  0.050796  0.01519   0.142472  0.046675  0.003857 -0.01276 ]
[-0.819637 -0.656068 -1.002776 -0.765528 -1.045606 -0.911936 -0.076417
  0.062014  0.022438  0.020214 -0.044534  0.087021 -0.171299 -0.013065
  0.075466 -0.1727    0.003802 -0.11115   0.045971 -0.005163]
[ -9.236553e-01  -8.873256e-01  -7.566660e-01  -1.080829e+00  -7.613507e-01
  -1.030111e+00  -5.756376e-02  -1.483320e-01  -1.354460e-01   5.757785e-02
  -7.797248e-02  -7.033600e-02  -2.366424e-02  -1.434450e-01  -1.233102e-01
   8.837298e-02   8.539958e-03  -3.846983e-02   9.844522e-02   3.916288e-04]
[-0.642593 -0.561432 -0.675813 -0.702522 -0.932344 -0.6485    0.062336
 -0.180447  0.169073 -0.06867   0.081904  0.172866  0.145102  0.105018
 -0.164028  0.167985 -0.106604  0.08994  -0.01537  -0.013526]
[-0.651018 -0.570029 -0.660822 -0.581398 -0.814619 -0.578779 -0.035077
 -0.034267 -0.049265 -0.032763  0.004399 -0.04523   0.039214  0.008936
  0.020105  0.056818 -0.051379 -0.023016 -0.051943  0.008172]
[-0.801644 -0.707409 -0.595073 -0.835325 -0.694905 -0.725722  0.124548
 -0.072575 -0.13458   0.106898 -0.028519 -0.155097 -0.026113  0.066697
 -0.109866  0.046247  0.111705  0.096925  0.055314  0.015292]
[-1.039153 -1.182682 -0.954442 -0.975933 -0.80067  -0.941763  0.060883
 -0.152214 -0.088697 -0.129897 -0.066407 -0.051586 -0.062147 -0.092008
 -0.104501 -0.040264 -0.10648   0.080503  0.031819  0.011341]
[-0.912998 -0.749299 -0.857806 -0.877316 -1.062787 -0.935653  0.164077
  0.075418 -0.111131 -0.039866  0.234933 -0.103208 -0.284654  0.189202
  0.157986 -0.18867  -0.046218  0.231536 -0.041996  0.01475 ]
[-1.03066  -0.897282 -1.140846 -1.096313 -1.230847 -1.050199  0.072708
 -0.007519  0.081423  0.075885 -0.016627  0.04482   0.030299  0.016682
  0.037892  0.008598  0.065599  0.07814   0.03629   0.034902]
[-0.712155 -0.953981 -0.841643 -0.846619 -0.738251 -0.886129 -0.063835
  0.054421 -0.093329 -0.004613  0.089719 -0.195475 -0.114327  0.087775
 -0.004165 -0.091174 -0.02518  -0.047854 -0.019691 -0.012382]
[ -1.007368e+00  -1.019076e+00  -9.877064e-01  -9.766539e-01  -8.288885e-01
  -9.622285e-01   1.659865e-02  -3.189688e-02  -5.391026e-02  -2.400173e-02
  -5.096024e-02  -2.737714e-02  -3.046766e-02   5.921741e-02  -4.760853e-02
  -2.765862e-02  -3.204930e-03  -1.426635e-02   4.167029e-02   7.198308e-04]
[-0.925137 -0.796005 -0.888363 -0.719523 -0.795936 -0.865923 -0.033637
  0.0091    0.155293  0.10103  -0.056404  0.171189  0.0665   -0.093154
  0.118387  0.043784  0.089708 -0.045556 -0.01604  -0.010038]
[-1.010941 -1.119643 -1.069079 -0.736062 -0.809066 -1.061648  0.060952
  0.073494 -0.027489 -0.072183  0.159922 -0.035369  0.126386  0.065493
  0.133956  0.105213 -0.060042  0.10358   0.00921   0.04254 ]
[-0.810392 -0.880385 -0.741918 -0.918785 -0.752123 -0.865665  0.088181
 -0.060382 -0.063026  0.040312 -0.02936  -0.117262  0.057667  0.002125
 -0.040514  0.082476  0.067385  0.182489  0.023621 -0.004653]
[ -7.446136e-01  -8.745218e-01  -7.651985e-01  -6.714808e-01  -5.608763e-01
  -6.515085e-01  -2.299944e-02   5.268158e-03   1.860054e-02   1.131059e-01
  -6.303540e-02   6.781717e-02   6.091958e-02  -1.931566e-02   1.475711e-02
   4.961324e-02   1.123737e-01  -1.279261e-02  -6.576803e-02   4.032013e-04]
[-0.509834 -0.713962 -0.715519 -0.648874 -0.628654 -0.925681 -0.032002
  0.074123  0.01984   0.019729 -0.016608  0.015121 -0.125846 -0.015825
  0.042263 -0.144348  0.058724  0.012801  0.043912  0.013671]
[-1.03558  -0.862323 -0.846922 -1.128733 -0.96375  -0.841806  0.029422
  0.043019  0.032771 -0.163476 -0.123709 -0.005593  0.185845 -0.14106
  0.126275  0.191231 -0.224575  0.061155 -0.019663 -0.010709]
[-0.690447 -0.908114 -0.778517 -0.847742 -0.758389 -0.964151 -0.025752
  0.025204  0.035024  0.088888 -0.007861  0.068762  0.060542  0.014864
  0.001004  0.10131   0.02376  -0.007752  0.049558 -0.003193]
[-1.005976 -0.858163 -0.899405 -0.973589 -0.995183 -0.844374 -0.040229
  0.077419  0.062154 -0.041362  0.10293   0.057462 -0.086807  0.04478
  0.033137 -0.061767 -0.074112 -0.037306  0.044037  0.00217 ]
[-0.526502 -0.39343  -0.415826 -0.750959 -0.786378 -0.576452 -0.057662
 -0.073644 -0.022713  0.007957  0.284623  0.039783  0.131398  0.233792
 -0.095978  0.182021  0.005292 -0.046113  0.022293  0.016732]
[-0.784916 -0.573812 -0.844001 -0.475022 -0.686035 -0.515188 -0.084225
  0.06222   0.056448  0.187629 -0.130631  0.111561 -0.146984 -0.080813
 -0.046669 -0.174472  0.235565 -0.059401 -0.016313 -0.006703]
[-1.057505 -0.966813 -0.971659 -0.783489 -0.893359 -0.856417  0.107023
  0.088029 -0.041172 -0.045893 -0.129532 -0.096738 -0.062251 -0.11117
  0.114169 -0.022531  0.073195 -0.01326  -0.028742 -0.010159]
[-0.859735 -0.928032 -0.866715 -0.774011 -0.756311 -0.913018  0.035537
  0.111811 -0.095494 -0.028915  0.040932 -0.109416 -0.022968  0.033256
  0.178159 -0.031353 -0.036242  0.030249 -0.021407  0.009379]
[ -6.942260e-01  -8.962848e-01  -7.880710e-01  -8.517945e-01  -7.373332e-01
  -8.434369e-01  -1.302179e-01  -1.257755e-02  -3.934618e-02  -7.746241e-02
   2.346055e-02  -1.627280e-02   5.140479e-02  -6.768860e-04   2.177611e-02
   3.056634e-02  -3.129067e-02  -1.214944e-01   5.112728e-03  -2.770900e-02]
[-0.925863 -0.82263  -0.817411 -1.058163 -0.93383  -0.865569 -0.062688
 -0.084716  0.078979  0.139772  0.013107  0.107598  0.012258 -0.033514
 -0.075925  0.045896  0.160218 -0.11092   0.017357  0.003145]
[-0.817446 -0.827907 -0.827282 -0.900343 -0.862468 -0.81734   0.005696
 -0.001779 -0.016481 -0.031322  0.017897 -0.064983 -0.009911  0.057492
  0.044119 -0.076951 -0.116411 -0.087641  0.062185 -0.002215]
[-0.884532 -0.65243  -0.569778 -0.976139 -0.867662 -0.72244   0.012587
  0.110026 -0.006346 -0.127059  0.012567 -0.005222 -0.014064  0.038777
  0.112722  0.115331 -0.036701 -0.037545  0.063866  0.02595 ]
[-0.881415 -0.816103 -0.781904 -0.796871 -0.653635 -0.620834  0.003879
  0.004943 -0.036106 -0.06891   0.093993 -0.001689 -0.110346 -0.023899
 -0.026945 -0.079728 -0.159261 -0.027049 -0.078058 -0.034733]
[-0.854676 -0.795892 -0.81272  -0.793143 -0.836469 -0.887094 -0.086028
 -0.044175 -0.017438 -0.037027  0.010835 -0.00419  -0.094657  0.073987
  0.013367 -0.128459 -0.0712    0.019744  0.038905  0.032148]
[-0.616511 -0.787063 -0.689239 -0.611752 -0.43847  -0.72974   0.023561
 -0.028455  0.050162  0.232096 -0.074519  0.015442 -0.036572 -0.109589
  0.066913 -0.054509  0.272399  0.020756  0.050641  0.009278]
[-1.136592 -1.230845 -0.980991 -1.090282 -0.801332 -0.957285  0.020462
  0.136422 -0.118577 -0.038604  0.0461   -0.077629 -0.0675    0.016408
  0.179211 -0.039371 -0.023835 -0.003041  0.014164 -0.021881]
[-1.029345 -0.991811 -1.148019 -0.899274 -1.049729 -1.080537  0.068581
 -0.044335  0.080928 -0.042427  0.057757  0.035436  0.044332  0.007403
 -0.04704   0.014874 -0.02924   0.090418  0.042508  0.044492]
[-0.770937 -0.858813 -0.684684 -0.974157 -0.840051 -0.944685 -0.011149
 -0.046935  0.063695  0.047714 -0.010746  0.122994 -0.159483 -0.020327
 -0.012406 -0.176385  0.049615 -0.030768 -0.015829 -0.004176]
[-0.968994 -0.915308 -1.100442 -0.898441 -1.064404 -1.137343 -0.04129
  0.110968 -0.084735  0.004813 -0.028192 -0.080786  0.119945 -0.056166
  0.092945  0.127063 -0.038648  0.028191 -0.084621 -0.030693]
[-1.180144 -0.823979 -1.072367 -0.987947 -1.263963 -0.786783 -0.087414
  0.152235 -0.043724  0.113455  0.127016 -0.049418  0.172505  0.092917
  0.150702  0.21618   0.08538  -0.184046 -0.046527 -0.003139]
[ -9.449818e-01  -7.621373e-01  -8.069998e-01  -8.760261e-01  -8.830458e-01
  -7.181288e-01  -4.532084e-02  -2.564832e-02   7.356286e-04  -5.047855e-04
  -3.120628e-02  -3.533028e-02  -8.313919e-02  -4.333014e-02  -6.671877e-02
  -6.394125e-02  -2.753558e-02  -5.068953e-02   4.996545e-02  -5.089172e-03]
[-0.723213 -0.790304 -0.742625 -0.683555 -0.718768 -0.791504  0.02063
 -0.117745 -0.053693 -0.057832 -0.091263 -0.055269 -0.023107 -0.07173
 -0.116848 -0.028729 -0.099591  0.004354 -0.025323  0.018602]
[-0.92073  -1.106073 -0.968392 -0.913419 -0.82119  -0.955073  0.008652
  0.095714 -0.14517   0.243715  0.014616 -0.166124 -0.01986  -0.057065
  0.104116 -0.024569  0.217288 -0.016869 -0.024175  0.004143]
[-1.081126 -1.075822 -0.833524 -1.13409  -0.870463 -0.797584 -0.09778
 -0.001457  0.070511 -0.064344 -0.136528  0.033495  0.16017  -0.073002
  0.037329  0.141686 -0.05212  -0.11142   0.047966  0.037181]
[-1.079201 -1.01227  -1.100187 -0.727605 -0.967996 -0.803438 -0.02349
 -0.057873  0.022435 -0.033299 -0.012406 -0.008003  0.029068 -0.025388
 -0.063954  0.054528  0.009333 -0.051363 -0.025136  0.003532]
[-0.894956 -0.869133 -0.862017 -0.70273  -0.868004 -0.73407   0.057648
 -0.043265 -0.010098  0.015266 -0.061385 -0.013264 -0.023817 -0.036544
 -0.052811 -0.022145  0.054631  0.001309 -0.056772 -0.011142]
[-0.922854 -0.880804 -0.733697 -1.110551 -0.93714  -0.934881 -0.073398
  0.013877 -0.007743 -0.001341  0.016213 -0.132512 -0.037964 -0.040833
 -0.06947  -0.031902 -0.047735 -0.175153 -0.008976  0.007234]
[-1.15302  -0.967491 -0.954124 -1.050537 -0.922617 -0.596908 -0.055482
 -0.087701 -0.033161 -0.034944  0.005801 -0.03943   0.025998  0.001161
 -0.113229 -0.01484  -0.012157 -0.07468  -0.030417 -0.008656]
[-1.087268 -1.115924 -1.072169 -0.974221 -0.964513 -0.859556  0.008545
 -0.198139  0.043201 -0.050517 -0.037599  0.119753  0.009537 -0.047688
 -0.115407  0.011247 -0.034656  0.018543  0.013421  0.040675]
[-1.072899 -1.178602 -1.044206 -1.160101 -1.114377 -1.199018 -0.096401
 -0.075321  0.070825  0.060442 -0.020546  0.070483 -0.128172 -0.057306
 -0.064296 -0.085764 -0.02658  -0.044822  0.067444  0.071954]
[-1.024853 -0.807788 -0.777265 -0.630488 -0.785288 -0.812521  0.031621
 -0.003083  0.016064 -0.048986  0.076452  0.025324  0.134761  0.080557
 -0.008236  0.159732 -0.055933  0.051977 -0.010597  0.005109]
[-1.051957 -1.040104 -0.762747 -0.921372 -0.867487 -0.79421  -0.005812
 -0.171825  0.138594 -0.059419  0.158152  0.113104 -0.068971  0.120703
 -0.033558 -0.073271 -0.091025  0.010529  0.013654 -0.007838]
[-0.854261 -0.963513 -0.769278 -1.134072 -0.876665 -1.108278  0.020165
  0.080405  0.034539  0.062607 -0.016283  0.005148  0.003363 -0.062758
  0.024733 -0.003443  0.115376  0.0319   -0.007074  0.025975]
[-0.567052 -0.635565 -0.775202 -0.352782 -0.540922 -0.581639 -0.112098
  0.063742  0.090405 -0.057837 -0.003095  0.107593 -0.038815 -0.020997
 -0.022731 -0.130321 -0.076164 -0.194608 -0.003706  0.014894]
[ -1.165291e+00  -7.185747e-01  -1.057693e+00  -8.942346e-01  -1.140934e+00
  -9.646776e-01   9.511381e-02   5.338338e-02  -3.195149e-03   8.826194e-02
   6.426667e-02   1.875461e-04   7.118878e-03   4.899922e-02   1.344733e-01
   3.133962e-02   1.818698e-02   1.325736e-01   1.604473e-02  -4.645238e-02]
[-1.19352  -1.08084  -1.1679   -0.75692  -1.094511 -0.868515 -0.049518
  0.304241  0.185284  0.074369 -0.043612  0.184823  0.012182 -0.101425
  0.340895  0.110017  0.119895  0.006908 -0.011353 -0.024471]
[-0.594421 -0.616392 -0.513381 -0.902694 -0.705849 -0.75404   0.089651
  0.082166 -0.070727  0.047617 -0.182258  0.014783  0.041167 -0.216127
  0.123843  0.024813  0.095657  0.077783  0.036573 -0.008782]
[-0.957639 -0.901128 -0.755233 -0.847465 -0.76934  -0.684619 -0.058773
 -0.024535  0.020886  0.025356  0.066904  0.03999  -0.003357  0.044825
 -0.059974 -0.015479  0.078668 -0.063854  0.010434  0.013079]
[-1.20679  -1.078644 -1.123985 -1.089601 -1.072179 -1.121958 -0.103992
 -0.09668   0.081395  0.049158 -0.045687  0.063863 -0.164793 -0.097815
 -0.00489  -0.027703 -0.018406 -0.064012  0.028876 -0.005558]
[-0.901049 -0.79917  -0.731451 -0.700737 -0.595894 -0.522141 -0.087149
 -0.113286  0.061321  0.015067  0.079424  0.067665  0.128418  0.097732
 -0.090597  0.144556  0.036109 -0.057779  0.001963  0.017842]
[-0.958861 -1.042034 -0.764012 -1.128438 -0.957374 -1.015527  0.085355
 -0.086234 -0.016507 -0.079581  0.131848  0.038968 -0.044317  0.173419
 -0.103839 -0.038771 -0.064996  0.065297 -0.006651  0.020736]
[-0.902329 -0.731544 -0.891152 -0.741338 -1.020381 -0.853087  0.00174
  0.069455 -0.019458  0.025172  0.017505 -0.016444 -0.106978  0.056158
  0.130322 -0.156438  0.045289  0.00143  -0.002441 -0.00844 ]
[-1.255936 -0.96433  -0.868615 -1.016428 -1.151447 -0.790704 -0.104806
  0.045744 -0.010195 -0.094192  0.00979  -0.046583 -0.007583 -0.071373
 -0.064683  0.065439 -0.043517 -0.098506  0.025931 -0.003738]
[-0.898015 -0.869787 -0.728948 -0.902556 -0.749898 -0.801197 -0.020902
 -0.095609 -0.041601  0.011267  0.054447 -0.0232    0.083141  0.054735
 -0.071688  0.032677  0.047279 -0.027071  0.005586 -0.0287  ]
[-0.930669 -1.014019 -0.762135 -0.942303 -0.692659 -0.862296  0.037692
  0.01654   0.003337  0.053791 -0.017555  0.005499  0.087312 -0.055489
  0.042624  0.07238   0.095533  0.019686 -0.016681 -0.010872]
[-0.876901 -0.90812  -1.12278  -0.467193 -0.639189 -0.671166 -0.169421
 -0.093915 -0.014358 -0.11136  -0.131499 -0.009285  0.087344 -0.043602
 -0.114021  0.089174 -0.052521 -0.144273 -0.026461 -0.027972]
[-0.672846 -0.599261 -0.774119 -0.637037 -0.730485 -0.695763  0.090472
  0.210544 -0.028261 -0.047595 -0.056694 -0.056759 -0.051947 -0.039235
  0.25775  -0.028101 -0.014115  0.135804 -0.056342 -0.018502]
[-0.815845 -1.187099 -0.998555 -0.978919 -1.136239 -1.409776 -0.043306
  0.013435 -0.148215  0.145803  0.202586 -0.083452  0.062188  0.165638
  0.015749  0.11883   0.135477 -0.052125 -0.099949 -0.072021]
[-1.046349 -1.111856 -0.768095 -0.869745 -0.758956 -0.773292  0.188165
 -0.034368 -0.105408 -0.060157 -0.068359 -0.190182  0.157041 -0.124804
  0.027555  0.167006 -0.010436  0.228552 -0.119743 -0.067389]
[ -8.971132e-01  -8.113039e-01  -9.015912e-01  -8.466156e-01  -9.039091e-01
  -8.238329e-01   2.128505e-02  -4.752298e-02   5.434660e-02   2.192917e-02
  -2.902304e-03  -7.507297e-04   2.944372e-02  -1.159064e-02  -2.386032e-02
  -9.387273e-03   2.505358e-02   6.724682e-02  -5.383592e-03  -1.544155e-02]
[-0.87904  -0.859401 -0.82471  -0.787603 -0.802146 -0.874627  0.022326
 -0.085538  0.189761 -0.003731  0.108618  0.191443  0.028204  0.191967
 -0.130652  0.066596  0.024185 -0.021612  0.022918  0.014735]
[-0.916668 -0.739349 -0.777867 -0.691102 -0.891766 -0.731546  0.082347
  0.098242 -0.027106 -0.011267  0.015571 -0.048384  0.06389  -0.034301
  0.056753  0.017705  0.048573  0.087007 -0.044146 -0.013032]
[ -7.317760e-01  -6.683184e-01  -5.906385e-01  -7.473167e-01  -6.393730e-01
  -6.455646e-01  -5.484167e-02  -2.458325e-02  -6.074308e-03  -1.577951e-02
   2.699891e-02  -4.544826e-04   2.242575e-02   4.226222e-02   6.201812e-03
   4.015202e-02   6.030921e-03  -3.707721e-02   4.417748e-02  -2.329953e-02]
[-0.942482 -0.732562 -0.798087 -0.75816  -0.872922 -0.535276  0.015854
 -0.082042  0.046308  0.07995  -0.055628  0.048953  0.064128 -0.102474
 -0.085169  0.054285  0.026446  0.028605  0.051995  0.036146]
[-1.133089 -1.019774 -1.014482 -0.983362 -0.883766 -0.902515 -0.053049
  0.087566 -0.084359 -0.033445 -0.011659 -0.087766  0.084639 -0.036107
  0.015338  0.140704 -0.035115 -0.12043  -0.048278  0.042216]
[-0.808543 -0.768807 -0.420404 -0.617838 -0.393766 -0.399634  0.170148
 -0.08291  -0.116231  0.111841  0.267309 -0.194946 -0.058163  0.282799
 -0.060329 -0.02639   0.146178  0.238149 -0.060985  0.015333]
[ -1.143237e+00  -8.881001e-01  -8.315725e-01  -1.017582e+00  -9.200542e-01
  -8.199704e-01   7.098009e-02  -5.006790e-02  -4.680576e-02  -4.383521e-05
   9.869008e-02  -1.508446e-01  -1.308768e-02   1.323343e-01  -2.638096e-02
  -3.321834e-02   7.488244e-02   7.183907e-02   6.554386e-03  -9.352551e-03]
[-1.053002 -0.951146 -1.047422 -0.856631 -1.004826 -0.816005 -0.079134
 -0.089754 -0.05421  -0.01491  -0.020288 -0.043712  0.080798 -0.016345
 -0.088676  0.10511  -0.029202 -0.105845 -0.015546 -0.004731]
[ -6.278746e-01  -8.767483e-01  -7.982803e-01  -6.829668e-01  -6.439659e-01
  -8.917395e-01   1.599315e-03  -3.433440e-02  -1.029371e-01   1.706715e-02
  -5.781961e-03  -3.440922e-02  -7.851560e-02   7.812839e-04  -1.520076e-02
  -8.705037e-02  -1.258935e-02   5.366393e-02  -5.101294e-02   2.719676e-03]
[-1.241435 -0.899371 -0.908587 -1.03483  -1.032639 -0.786552 -0.077524
  0.066538  0.07574  -0.035995  0.013802  0.06176   0.037439 -0.016314
  0.011686  0.071057 -0.053159 -0.090039  0.022304 -0.018456]
[-0.694893 -0.582817 -0.551839 -0.8364   -0.841506 -0.925834 -0.021676
 -0.009036 -0.098202  0.158476  0.185712 -0.186819  0.053721  0.259812
  0.004668 -0.023196  0.218824 -0.097026  0.066143 -0.011369]
[-0.84058  -0.891488 -0.731301 -0.727803 -0.520181 -0.647959  0.115423
 -0.057889  0.092414  0.095524  0.059843  0.07128  -0.012179  0.080231
 -0.049883  0.004773  0.176316  0.086119 -0.008366  0.010436]
[-0.797746 -0.759961 -0.737792 -0.867444 -0.855895 -0.852444 -0.043195
 -0.086278  0.102535  0.008471  0.038964  0.084918 -0.06425   0.07101
 -0.093794 -0.182402  0.046812 -0.144816  0.017903  0.023489]
[-0.994716 -0.97801  -0.987687 -0.942168 -0.963973 -0.94591  -0.018124
 -0.074828 -0.054466 -0.048699 -0.090383 -0.015251 -0.018934 -0.046121
 -0.056862 -0.043697  0.011602  0.001732 -0.032118 -0.001887]
[-1.156104 -1.153363 -1.080397 -1.064268 -0.894996 -0.900458  0.075582
  0.100266  0.121894 -0.189408  0.11704   0.164353  0.089353  0.153793
  0.193718  0.11621  -0.119271  0.05087   0.035772  0.023054]
[-1.006104 -0.910408 -0.994594 -0.784534 -0.870417 -0.835354  0.010911
  0.030206 -0.059785 -0.126349 -0.074266 -0.025022  0.048276 -0.115957
  0.071684  0.018877 -0.171004  0.029679 -0.012583 -0.005738]
[ -8.785892e-01  -5.638340e-01  -6.398860e-01  -7.847503e-01  -7.914368e-01
  -4.851487e-01  -5.056319e-02  -1.185779e-01  -4.961618e-02  -8.560573e-04
   4.957406e-02  -3.303772e-02   8.877471e-02   3.047243e-02  -6.172216e-02
   5.965667e-02   1.467054e-02  -1.430560e-02   5.607895e-02  -1.945028e-02]
[ -9.651657e-01  -7.445872e-01  -7.129657e-01  -7.927144e-01  -7.047933e-01
  -7.518434e-01   2.776910e-02  -9.072822e-02  -6.602939e-02  -5.020516e-02
  -7.560133e-02  -9.528200e-02   7.239729e-04   1.548222e-03  -6.448972e-02
   8.653443e-03  -7.374687e-02   1.772318e-02  -5.080903e-03   2.315421e-02]
[ -6.234788e-01  -6.291470e-01  -4.824401e-01  -6.543344e-01  -5.796035e-01
  -6.319138e-01   6.008983e-03   1.041448e-01  -3.415912e-02   3.628204e-02
   1.116731e-01  -2.041294e-02  -7.354963e-03   2.059140e-01   1.043873e-01
   2.159699e-02   2.203709e-02   5.213136e-05  -1.816688e-02   1.878509e-02]
[-0.955436 -0.694954 -0.655072 -0.905243 -0.828287 -0.749199 -0.005134
  0.061715 -0.080189 -0.022986  0.027481 -0.082735  0.003366  0.018929
 -0.02789   0.048811 -0.092582 -0.021099 -0.020043 -0.032297]
[-0.9133   -0.829298 -0.688445 -0.770192 -0.697845 -0.512171  0.056928
  0.005662 -0.008204 -0.057165 -0.026786  0.035263  0.077538 -0.012663
 -0.004066  0.061344 -0.009433  0.003075  0.011543  0.029745]
[-1.233483 -1.035336 -1.109656 -0.937311 -1.102713 -0.722611 -0.109209
 -0.049835 -0.073813 -0.1206    0.099209 -0.112797  0.120567  0.072937
 -0.092412  0.211058 -0.11809  -0.071893  0.060537  0.015661]
[ -1.036609e+00  -9.090165e-01  -9.308916e-01  -9.356960e-01  -8.087367e-01
  -7.193091e-01   5.234714e-02  -1.110495e-01   1.912794e-03   1.598420e-02
  -1.002216e-03  -2.478174e-02   2.606762e-02   4.779820e-02  -9.425613e-02
   3.452957e-02  -2.466062e-02  -5.779204e-02  -1.076044e-03   7.177694e-03]
[-0.803763 -0.827309 -0.845195 -0.782343 -0.850901 -0.889739 -0.087251
 -0.027997 -0.003355  0.016862 -0.078659  0.039181  0.005885 -0.056927
 -0.021516 -0.021237 -0.033848 -0.104684  0.015678 -0.001814]
[-0.992104 -1.059664 -0.870731 -1.052038 -0.746634 -0.88009   0.052477
 -0.069749 -0.082456  0.063827 -0.045652 -0.005924  0.061671 -0.042925
 -0.032674 -0.003693  0.098954  0.012162  0.028724  0.004636]
[-0.966369 -0.795326 -0.803566 -0.805544 -0.848934 -0.75289  -0.026434
 -0.009213  0.047652  0.008256 -0.009537  0.035129  0.01931  -0.065123
 -0.041493  0.039435 -0.044701  0.020635  0.052095 -0.011802]
[-0.926518 -0.887933 -0.882527 -0.789473 -0.741194 -0.718152 -0.015005
  0.062224  0.073968 -0.008459  0.040218  0.071375 -0.03686   0.04931
  0.016279 -0.023288  0.033676  0.023177  0.00315   0.00309 ]
[-0.830891 -0.78695  -0.641791 -0.79151  -0.754271 -0.641162  0.034351
 -0.063238  0.068431  0.012712 -0.016228  0.010391  0.004523 -0.020711
 -0.057716  0.052221 -0.027126 -0.033201  0.009174  0.027038]
('Mean', 1, ': ', -0.83089105461160273)
('Median', 1, ': ', -0.83089105461160273)
('Variance', 1, ': ', 0.0)
('Mean', 2, ': ', -0.78695008596758487)
('Median', 2, ': ', -0.78695008596758487)
('Variance', 2, ': ', 0.0)
('Mean', 3, ': ', -0.64179146558902733)
('Median', 3, ': ', -0.64179146558902733)
('Variance', 3, ': ', 0.0)
('Mean', 4, ': ', -0.79151010412926703)
('Median', 4, ': ', -0.79151010412926703)
('Variance', 4, ': ', 0.0)
('Mean', 5, ': ', -0.75427071427407033)
('Median', 5, ': ', -0.75427071427407033)
('Variance', 5, ': ', 0.0)
('Mean', 6, ': ', -0.64116239875029513)
('Median', 6, ': ', -0.64116239875029513)
('Variance', 6, ': ', 0.0)
('time: ', 10468.38119316101)
