“Running plot script on a single CPU core”
[-1.004295 -0.8984   -0.658888 -0.723319 -0.571553 -0.651641 -0.019174
 -0.053096  0.032234 -0.053418 -0.09268   0.084515 -0.237518 -0.008931
  0.008428 -0.154955 -0.025659  0.008322 -0.04191  -0.010217]
[ -9.101465e-01  -7.813908e-01  -7.831486e-01  -8.950073e-01  -8.865009e-01
  -7.943963e-01  -1.550946e-02   3.240780e-02  -6.010984e-02   1.111621e-02
   3.004983e-02  -1.224397e-01  -4.599118e-04   5.789849e-03   1.724483e-02
   6.527583e-02   2.401295e-02   6.329320e-02  -2.207898e-02  -1.402924e-02]
[-0.787791 -0.816525 -0.864317 -0.856995 -0.741072 -0.861264  0.072725
 -0.00592  -0.059226  0.037131  0.010542 -0.071958  0.050275 -0.014279
 -0.016335  0.092152  0.041923  0.046754 -0.057963  0.012773]
[-1.019556 -1.017821 -1.247612 -0.740754 -1.115713 -1.191289 -0.099512
  0.123544 -0.034527  0.054384 -0.087963  0.068258 -0.123396 -0.072268
  0.082066 -0.154877 -0.027191 -0.035105  0.039572  0.02796 ]
[-1.013741 -0.908754 -1.010891 -0.811327 -0.900422 -0.797268  0.013795
 -0.065258  0.043751 -0.01709   0.105781  0.076599 -0.028243  0.090501
 -0.07135  -0.005361  0.119697  0.073893  0.002783 -0.005431]
[-1.043466 -1.057184 -0.919137 -0.970203 -0.812812 -0.87902  -0.031623
 -0.12091   0.089979 -0.049504  0.016766  0.086355  0.006421  0.098289
 -0.201101  0.048784 -0.192607  0.074674 -0.090696 -0.020637]
[-1.069905 -0.830884 -0.988698 -1.154412 -1.372656 -1.325881  0.098285
 -0.177949  0.02108   0.059073 -0.032478  0.075146 -0.044276 -0.097274
 -0.248525 -0.023595  0.047629  0.117198 -0.02939   0.05157 ]
[-0.786947 -1.113447 -0.978141 -0.773194 -0.688945 -1.071952 -0.063557
 -0.046817 -0.049208  0.023023 -0.028425 -0.06395   0.025176  0.020726
 -0.054388 -0.010384  0.062834 -0.052852 -0.068468  0.021289]
[-0.738665 -0.652643 -0.611525 -0.578707 -0.404161 -0.383041 -0.055466
 -0.064625 -0.018034 -0.093858 -0.027293 -0.063298 -0.127441 -0.052471
 -0.012445 -0.052438 -0.077392 -0.057015  0.011174  0.002658]
[-0.80844  -0.821992 -0.879478 -0.823764 -0.872329 -0.799449  0.013764
  0.019945  0.047338 -0.084777  0.059035  0.025046 -0.014091  0.101309
  0.055375 -0.031409 -0.094559  0.006808  0.015577 -0.008566]
[-0.797196 -0.515381 -0.704086 -0.65609  -0.8139   -0.390633  0.024374
  0.029845  0.086562  0.012391 -0.043932  0.08586   0.059531 -0.03237
  0.066181  0.052044  0.030906 -0.035609  0.033927 -0.014584]
[-0.770513 -0.847868 -0.946964 -0.641664 -0.68247  -0.687914  0.084749
  0.042765  0.033619 -0.01165  -0.022331  0.011812 -0.095541 -0.023872
  0.063576 -0.099016  0.011207  0.078237  0.001584 -0.004196]
[-0.940733 -0.771857 -0.812558 -0.798084 -0.898371 -0.713921 -0.051026
 -0.029797  0.005352 -0.071788 -0.018764  0.024078 -0.036089 -0.035942
 -0.056078 -0.042325 -0.105166 -0.085931  0.013053  0.019491]
[-1.149041 -0.867022 -0.938177 -0.803829 -0.902373 -0.600463 -0.074313
  0.0689    0.015169  0.046462  0.200328 -0.008244  0.089901  0.079815
  0.051052  0.103306  0.043153 -0.084127 -0.045158 -0.011101]
[-1.11472  -1.077774 -1.118406 -1.311125 -1.377536 -1.634606 -0.044844
  0.280918  0.126815  0.12799   0.223395  0.235138  0.17156   0.125628
  0.295988  0.116594 -0.003192 -0.045256 -0.068954 -0.006713]
[-1.155217 -0.936619 -0.626931 -1.10856  -0.704242 -0.641519 -0.04803
  0.045754 -0.06251   0.039276  0.082892 -0.011501  0.10272   0.141176
  0.033911 -0.012036  0.050773 -0.043736 -0.007268  0.011955]
[-0.687408 -0.678023 -0.591384 -0.801698 -0.663034 -0.729004 -0.027402
 -0.009505 -0.097708 -0.017862  0.048111 -0.13763   0.104424  0.040376
 -0.044918  0.126039 -0.022756  0.055621  0.016888 -0.024382]
[-0.982449 -1.036903 -0.698039 -1.149302 -0.798352 -0.81115   0.006555
 -0.048475 -0.111458 -0.111371  0.031884 -0.09412  -0.027427  0.026987
 -0.054488 -0.021323 -0.05907   0.019595 -0.017731 -0.01953 ]
[-0.860025 -0.824101 -0.633866 -0.698569 -0.366155 -0.529836  0.00119
  0.053441  0.03105  -0.103095  0.060549  0.055085  0.000893  0.084224
  0.068033 -0.003145 -0.180552  0.045218  0.022073 -0.012541]
[-1.219279 -1.02048  -1.021663 -1.049216 -1.107835 -0.92083   0.017108
 -0.07963   0.023798  0.123368 -0.074123  0.024151 -0.106812 -0.031144
 -0.166366 -0.028931  0.049859  0.110735 -0.025008 -0.037372]
[-1.062422 -1.063466 -0.773229 -0.928473 -0.596109 -0.720479 -0.037175
 -0.065627  0.127984  0.1027   -0.051326  0.052247  0.025847 -0.105398
 -0.077792 -0.007111  0.061791 -0.110535 -0.009108 -0.022813]
[-1.037903 -0.931852 -1.174514 -1.039787 -1.080758 -1.098468 -0.00826
  0.052262 -0.127997 -0.003529  0.031196 -0.135309  0.032569  0.079203
  0.085006  0.01986  -0.043224 -0.008533  0.073983  0.011162]
[-0.810401 -0.764088 -0.93175  -0.587396 -0.747646 -0.776612 -0.087475
  0.047347 -0.118488 -0.147628  0.002173 -0.058375  0.025753 -0.024763
  0.125281  0.022228 -0.197631 -0.051535 -0.023432 -0.027553]
[ -9.346174e-01  -6.828305e-01  -8.373945e-01  -5.198236e-01  -7.024603e-01
  -4.879188e-01  -1.406635e-01   1.895746e-02  -8.409416e-02  -8.562679e-02
  -2.281033e-03  -5.289413e-02  -1.987955e-01   6.104107e-04   3.051098e-03
  -1.501057e-01  -6.190431e-02  -6.767270e-02  -2.693054e-02  -4.894145e-02]
[ -8.803593e-01  -5.752659e-01  -7.698850e-01  -6.773424e-01  -8.040954e-01
  -6.417077e-01   1.554174e-02   1.298247e-01  -1.124676e-01   8.251030e-02
   8.983170e-02  -1.143229e-01  -5.977018e-03   8.205121e-02   1.035312e-01
   5.522355e-02   1.041142e-01   9.561667e-02   3.919388e-02   8.194191e-05]
[-0.635135 -0.669769 -0.658478 -0.58081  -0.561714 -0.668436 -0.080994
 -0.044639 -0.103462 -0.024932 -0.005714 -0.043649  0.05036  -0.012911
 -0.004261  0.02619  -0.045834 -0.003764  0.068116  0.019782]
[-0.792577 -0.891545 -0.78594  -0.666301 -0.677729 -0.856793 -0.072873
 -0.055642  0.010085  0.087681  0.035673 -0.048899  0.018423  0.020355
 -0.024921  0.017253  0.056625 -0.048718  0.010782 -0.0114  ]
[-0.748085 -0.575962 -0.855722 -0.728102 -0.829942 -0.830591 -0.009206
  0.045424 -0.007105 -0.084259  0.060591  0.118047  0.022265  0.071295
  0.120659 -0.003377 -0.042049  0.058435 -0.043244  0.008548]
[-1.295202 -0.698464 -0.806289 -0.918421 -1.102858 -0.467192 -0.071172
  0.088176  0.080834 -0.026031 -0.087322  0.18538   0.060454 -0.054077
  0.168567  0.048109 -0.006863 -0.00239  -0.026369 -0.053819]
[-0.982308 -1.046397 -1.030365 -0.896213 -0.843036 -0.870679 -0.1354
 -0.056786 -0.10109   0.016177 -0.065597 -0.062007 -0.007835 -0.108395
 -0.008717  0.025748  0.015881 -0.068284 -0.031742  0.029943]
[-1.47332  -1.591007 -0.791807 -1.445188 -1.307713 -1.203134  0.119539
 -0.088061 -0.01625   0.054957  0.032597 -0.032335 -0.085795  0.022318
 -0.219826 -0.193235  0.074751  0.064286 -0.008399  0.062105]
[-0.945845 -0.858809 -0.760592 -1.014367 -0.835227 -0.847982  0.119924
  0.028993 -0.015568  0.081694  0.077033  0.001681  0.051986  0.099155
  0.011619  0.078421  0.078315  0.073209 -0.017322 -0.032713]
[-0.812747 -0.788723 -0.995814 -0.868235 -0.943569 -0.901359 -0.04654
 -0.00603   0.041447 -0.137733  0.056717  0.090428 -0.082711  0.011587
  0.034581 -0.094428 -0.162289 -0.111479  0.016521 -0.027372]
[-1.095867 -1.053118 -1.175112 -0.926685 -0.938793 -1.16645   0.191098
 -0.104794  0.146046 -0.071293  0.009407  0.115614 -0.035383  0.243576
 -0.030938 -0.028418 -0.083191  0.237272  0.029175  0.045971]
[-0.888001 -0.76778  -0.878068 -0.736251 -0.925289 -0.876503 -0.008215
 -0.163621  0.073402  0.01067   0.048187  0.040536  0.119554  0.034101
 -0.22397   0.185421  0.039474  0.024499  0.041132  0.008536]
[-1.028604 -0.983012 -1.057984 -0.650809 -0.622491 -0.789245  0.049684
  0.04986   0.049621  0.023027 -0.066816  0.087318  0.010809 -0.066355
  0.099533  0.005023 -0.029156  0.087034  0.00827  -0.011627]
[-0.814689 -1.01421  -1.081954 -0.912326 -0.833887 -1.237432 -0.093055
  0.121066  0.271013 -0.166258 -0.145245  0.29319  -0.069883 -0.064889
  0.192449 -0.161489 -0.037125 -0.081326  0.006529  0.00161 ]
[-0.704061 -0.567709 -0.443228 -0.997776 -0.825316 -0.699859  0.015563
 -0.016259 -0.068331 -0.054331 -0.087803 -0.081098  0.001692 -0.144876
 -0.004187  0.074238 -0.071246  0.024502  0.005639  0.027557]
[ -8.723387e-01  -1.045372e+00  -8.843468e-01  -1.056637e+00  -7.591127e-01
  -1.026749e+00   2.683306e-03  -3.569172e-02  -1.304985e-01  -9.154674e-02
   7.972909e-02  -1.615726e-01   4.286167e-02   1.135668e-01  -2.953850e-02
   4.760395e-02  -1.600431e-01  -8.565383e-04   3.615391e-03   5.323162e-02]
[-1.095544 -1.019601 -1.018574 -0.860604 -0.841148 -0.814003  0.002859
  0.033857 -0.072147 -0.022704  0.049567 -0.035473 -0.002978  0.088942
  0.022982 -0.039981  0.1073   -0.005946 -0.003911 -0.017047]
[-1.402615 -1.25872  -1.042537 -1.217462 -0.973313 -0.935968  0.054043
  0.018735 -0.131217 -0.046798  0.085724 -0.184089  0.002638  0.12156
  0.201161 -0.07084  -0.025174 -0.021335  0.007846 -0.014002]
[ -1.007863e+00  -1.010134e+00  -9.377395e-01  -1.045373e+00  -9.975669e-01
  -9.195671e-01   9.967062e-02  -5.705300e-02   5.588452e-02   6.610204e-02
  -8.173378e-02   4.076873e-02   3.056926e-02  -8.662765e-02  -9.994479e-02
   1.433321e-05   5.201140e-02   1.874949e-02   1.850503e-02   7.658795e-03]
[-1.175183 -0.994171 -1.202422 -0.724108 -0.996448 -0.746725  0.218679
 -0.05118   0.026834 -0.168338  0.061887 -0.04401   0.16431   0.070503
 -0.15231   0.144086 -0.159219  0.204966  0.005664  0.005559]
[-0.592564 -0.943135 -0.698838 -0.589995 -0.423202 -0.758325 -0.067045
  0.007425 -0.06257  -0.043724  0.031426 -0.058329  0.018921  0.060787
  0.076408 -0.005939 -0.041498 -0.064763  0.10995   0.03356 ]
[-0.847409 -0.720971 -0.760623 -0.732775 -0.783039 -0.651587  0.013689
 -0.028397  0.070283  0.039595  0.045928  0.018417 -0.086512  0.030698
  0.009193 -0.067898  0.01399   0.016367  0.001611 -0.004605]
[-0.820456 -0.727607 -0.741206 -0.694106 -0.772911 -0.61233   0.030539
  0.025414  0.065266  0.031736  0.076934  0.060587  0.035587  0.089912
  0.072585 -0.00982   0.063892 -0.011277 -0.016062 -0.033777]
[-0.959557 -0.953532 -0.497019 -1.152722 -0.653415 -0.581268 -0.04065
  0.01014   0.044124  0.021672 -0.10185   0.051244  0.054767 -0.07459
 -0.022407  0.129256  0.076355 -0.104044  0.111712 -0.004302]
[-0.91549  -0.75334  -0.680402 -0.944189 -0.876611 -0.722384 -0.047917
 -0.123924  0.063405  0.05829  -0.089328  0.060164 -0.028141 -0.131281
 -0.151244 -0.029139  0.047674 -0.052478 -0.00271  -0.018609]
[-0.827637 -0.850614 -0.79218  -0.621691 -0.619217 -0.613882 -0.115998
  0.050869 -0.104785 -0.147701 -0.027812 -0.093269 -0.047763 -0.019602
  0.154482 -0.037786 -0.16477  -0.101421 -0.004568  0.011961]
[-1.113581 -0.869569 -0.870134 -0.811411 -0.813787 -0.628282  0.058887
 -0.080487 -0.049747 -0.037493 -0.05749  -0.061791 -0.008642 -0.04923
 -0.047826 -0.008236 -0.042151  0.031647 -0.001589  0.024819]
[-1.119732 -0.919404 -1.013083 -1.147237 -1.117143 -1.155341 -0.029359
 -0.208365 -0.025308  0.077876 -0.178891  0.057058 -0.003412 -0.262803
 -0.335001 -0.105984  0.097829 -0.130204  0.092831 -0.037677]
[-0.46679  -0.410867 -0.263558 -0.77007  -0.646229 -0.663416  0.036476
 -0.014013  0.139178 -0.00465   0.171299  0.091614 -0.067212  0.184211
  0.029252 -0.022224  0.083168  0.037759  0.044335 -0.046786]
[-0.907415 -1.011702 -0.884302 -0.917218 -0.869564 -0.987606 -0.013764
 -0.021349  0.005197 -0.051049 -0.002107  0.029965  0.058587  0.045362
 -0.077816  0.030455 -0.040599 -0.057694  0.020154 -0.007912]
[ -8.143286e-01  -9.084697e-01  -7.547523e-01  -9.118964e-01  -6.916136e-01
  -7.553242e-01  -5.168386e-02  -3.114732e-02  -1.727359e-01  -1.034607e-01
  -2.991809e-02  -1.243814e-01  -3.958078e-02  -2.513512e-02  -2.343862e-02
  -5.203221e-02  -1.854585e-01   2.021624e-02   5.195101e-03   5.697786e-04]
[-0.964981 -1.052557 -0.800846 -0.930633 -0.70262  -0.844433 -0.019152
  0.006365  0.017268  0.146069 -0.026966  0.010453 -0.073573  0.033227
 -0.038303 -0.070101  0.117875 -0.037259  0.02997  -0.003507]
[-0.968206 -0.866111 -0.851281 -0.928705 -0.903707 -0.836842  0.069474
 -0.050634  0.012745 -0.028785 -0.051689 -0.030344  0.183146 -0.010854
 -0.055941  0.203506 -0.004842  0.064061 -0.020065  0.043554]
[-0.814316 -0.795856 -0.855109 -0.82991  -0.929428 -0.887038 -0.040691
 -0.004748 -0.036925  0.05029   0.010547  0.004299 -0.052919  0.044423
 -0.058971 -0.02746   0.041693 -0.018925  0.020586 -0.021471]
[-1.211148 -0.975661 -1.24577  -0.770432 -0.893143 -0.647383 -0.166454
 -0.10905  -0.054634 -0.119881 -0.047008  0.027792  0.061802 -0.047181
 -0.153976  0.041554 -0.054191 -0.438602  0.071015  0.04372 ]
[-0.6866   -0.84555  -0.719113 -0.651146 -0.622266 -0.641672 -0.036356
 -0.071586 -0.052168 -0.113457  0.043049 -0.035029 -0.125798  0.050037
  0.042036 -0.142221 -0.185199 -0.147664  0.035129 -0.018184]
[-0.593243 -0.962656 -0.79284  -0.672448 -0.554052 -0.959974  0.008481
  0.120411  0.095346  0.038178  0.025278  0.072849  0.088051 -0.03304
  0.083874  0.089322  0.090715 -0.030677  0.041031 -0.003909]
[-1.179315 -0.948094 -0.812899 -0.960483 -0.788412 -0.880555  0.013534
 -0.052997 -0.123788 -0.053205 -0.033734 -0.119224 -0.032103  0.008855
  0.023668 -0.019191 -0.078466  0.021379  0.055431  0.018184]
[-0.734136 -0.745056 -0.616917 -0.83457  -0.596318 -0.710904 -0.050757
  0.063496  0.132753  0.027779 -0.028455  0.112376  0.037593 -0.030944
  0.06433   0.026672 -0.011117  0.038917  0.063322  0.012545]
[-0.709924 -0.657631 -0.617956 -0.71015  -0.716987 -0.576125  0.085393
 -0.082872  0.055553 -0.098101 -0.021448  0.004635  0.050672  0.040912
 -0.106366  0.063573 -0.067774  0.141524 -0.008518 -0.032288]
[-0.698002 -1.036412 -0.901769 -0.84431  -0.752716 -1.07296  -0.037882
 -0.022449  0.018143 -0.028813  0.016391  0.025899 -0.019721  0.031513
 -0.032436  0.034016  0.009833 -0.044792  0.021891  0.031903]
[-0.912618 -0.650737 -0.844168 -0.524294 -0.672876 -0.558081 -0.134659
 -0.082852 -0.029137  0.09615   0.051754 -0.002839 -0.007432  0.034687
 -0.097895  0.015461  0.069602 -0.171327  0.092352  0.004689]
[ -9.597427e-01  -7.083685e-01  -9.141327e-01  -8.952125e-01  -1.114981e+00
  -8.196173e-01   1.189341e-01   9.191515e-02   2.942322e-02  -1.184052e-02
   8.194019e-02   2.216351e-02  -6.335217e-02   2.454347e-02   5.274603e-02
  -2.616879e-02  -7.342512e-04   9.128588e-02  -6.278211e-02  -4.804084e-02]
[-0.973376 -0.895453 -0.706891 -0.818546 -0.681471 -0.574789 -0.113502
 -0.169635 -0.095081 -0.011499 -0.127856 -0.063726 -0.207551 -0.16554
 -0.191504 -0.131627  0.014031 -0.112239  0.004257  0.004337]
[-1.289168 -0.954604 -1.132562 -1.07824  -1.253969 -0.892133 -0.004244
  0.093083  0.06775  -0.030555 -0.076188  0.065672 -0.021764 -0.003201
  0.039289 -0.022209 -0.079229  0.026137 -0.095422 -0.007046]
[-0.781914 -0.926302 -0.907329 -0.762925 -0.777031 -0.924607  0.031102
  0.0189    0.026382 -0.086079 -0.024103  0.063099 -0.006947 -0.02969
  0.103752 -0.020032 -0.059454  0.08621   0.055448  0.014269]
[-0.915036 -0.632758 -0.580363 -0.839527 -0.775174 -0.655023  0.05216
  0.067036 -0.064387  0.145501  0.155016 -0.032143 -0.241978  0.170095
  0.093428 -0.253577  0.132137  0.097465  0.028503 -0.060153]
[-0.978525 -0.938216 -0.825619 -0.870133 -0.724241 -0.77924  -0.011778
  0.011168  0.057274  0.125315 -0.0145    0.037895 -0.020299 -0.001243
  0.019203  0.031688  0.08038   0.029373  0.020003 -0.007675]
[-1.070048 -0.841587 -0.820555 -0.870684 -0.778095 -0.744541 -0.034812
  0.027247  0.010671  0.050278 -0.053996  0.052885 -0.078579 -0.082492
  0.090011 -0.173654  0.142254 -0.069512  0.051392 -0.007509]
[-0.892818 -0.905062 -0.93339  -0.999633 -1.188133 -1.018965 -0.018919
 -0.019336 -0.130813  0.110944  0.097337 -0.185701  0.017139  0.086936
  0.041592 -0.039207  0.080442 -0.068257 -0.045841 -0.018973]
[ -9.594709e-01  -6.651841e-01  -8.585799e-01  -7.835182e-01  -1.052393e+00
  -9.424214e-01  -1.288824e-01   2.244434e-01   1.312624e-01  -7.954502e-02
   1.001018e-01   6.589755e-02  -1.164322e-01   1.871632e-01   2.263113e-01
  -2.798118e-04  -7.457631e-03  -1.745575e-01   5.584312e-02  -1.100060e-02]
[ -1.038071e+00  -7.728860e-01  -8.968596e-01  -7.724372e-01  -9.562497e-01
  -4.760905e-01  -1.305636e-01  -1.020262e-01  -2.338372e-04   8.101581e-02
  -8.617785e-02  -3.870108e-03  -1.848670e-01  -1.041463e-01  -1.115138e-01
  -2.379655e-01   1.304140e-02  -2.661061e-02   2.176234e-02   3.217566e-02]
[-0.885832 -0.803989 -0.787147 -0.874587 -0.840933 -0.842865  0.017317
  0.022627 -0.055721 -0.084768  0.124035 -0.088006  0.074088  0.145878
  0.016553  0.076178 -0.076841  0.031661  0.020973  0.040642]
[-0.879619 -0.711276 -0.827096 -1.017108 -0.986951 -0.975182 -0.014342
 -0.028131 -0.032277  0.004814 -0.046939 -0.009627 -0.041934 -0.052474
 -0.027757 -0.074144  0.07408  -0.03982  -0.045743 -0.027839]
[-1.037316 -0.654646 -0.853624 -0.879736 -1.205583 -0.893421 -0.09154
  0.003527 -0.01378  -0.044327  0.212373 -0.038331 -0.002865  0.09969
 -0.032517  0.032822 -0.064424 -0.067412 -0.076845 -0.055424]
[-1.241038 -0.820822 -0.954264 -1.085821 -1.108971 -0.847973  0.026237
  0.070476  0.058998 -0.028172  0.080738  0.003665 -0.032142  0.040448
  0.042119 -0.061076  0.035965  0.037585  0.003492 -0.008067]
[-0.942663 -0.932739 -0.912921 -0.895867 -0.86319  -0.899411 -0.149159
  0.109572 -0.001399  0.029166 -0.033014  0.005033  0.147735 -0.047414
  0.055779  0.105257  0.065376 -0.097931 -0.02014   0.064554]
[-0.847414 -0.734418 -0.637158 -0.831751 -0.668916 -0.570954  0.056656
 -0.027779  0.086377 -0.033993  0.102941  0.068472  0.111822  0.146992
 -0.024143  0.159124 -0.004217  0.0836   -0.006214  0.013515]
[-1.040953 -1.03747  -0.924356 -1.02125  -0.897247 -0.886077  0.012492
 -0.047328 -0.051942  0.041221  0.028633 -0.024412  0.002765  0.083885
 -0.127651 -0.003654  0.035178 -0.011497 -0.024419 -0.046864]
[ -8.973495e-01  -9.010048e-01  -8.774051e-01  -8.601261e-01  -8.981412e-01
  -8.048257e-01   4.934864e-02   7.576860e-02   6.921705e-02   2.046042e-02
  -8.869350e-03   5.137832e-02   2.560509e-02  -2.283120e-02  -8.567585e-03
  -2.877701e-03   4.105487e-02   1.010196e-01  -4.575235e-04  -7.773398e-03]
[ -8.043414e-01  -7.040232e-01  -7.108770e-01  -7.682749e-01  -6.961164e-01
  -6.960114e-01   8.356923e-02  -1.216694e-01   8.711323e-02  -8.340249e-02
  -8.903823e-02   6.313356e-04   7.787576e-02  -1.296501e-01  -1.293687e-01
   6.437849e-02  -1.158120e-01   1.037145e-01   4.247277e-02  -2.768576e-04]
[-0.93237  -0.840238 -0.752143 -1.021262 -1.003762 -1.010802  0.050634
 -0.17169  -0.03222   0.013803  0.101148 -0.071457 -0.118665 -0.014374
 -0.266441 -0.129474  0.028717  0.061045  0.027718  0.036218]
[-0.831637 -0.705898 -0.760609 -0.962243 -0.849782 -0.94722  -0.018485
  0.203001 -0.014855 -0.074797 -0.035769  0.076145  0.136459 -0.087365
  0.159672  0.057685 -0.055498 -0.039873 -0.034662  0.029269]
[ -9.496242e-01  -9.912676e-01  -8.797672e-01  -9.077758e-01  -9.387121e-01
  -7.516102e-01  -4.003238e-02   1.132282e-02  -1.254633e-02   3.602591e-02
   7.775419e-03  -3.783199e-02   9.610952e-04   1.225616e-02   1.027241e-01
   5.648612e-02  -9.141834e-03  -5.156961e-02   7.170995e-03   6.970795e-04]
[-0.856351 -0.663402 -0.741643 -0.631281 -0.750128 -0.494409 -0.009427
  0.195732  0.015821 -0.084945  0.058073 -0.002741 -0.082513 -0.014487
  0.219465  0.016299 -0.034904  0.034318  0.055381 -0.001642]
[-0.888974 -0.906494 -0.712513 -0.934684 -0.822674 -0.745978 -0.088946
  0.048532  0.060505  0.084857 -0.005919 -0.018938  0.056037 -0.028561
  0.10195   0.055117  0.098631 -0.002392 -0.014238  0.039865]
[-0.909357 -1.038826 -0.798583 -0.947711 -0.697679 -0.787326  0.06761
  0.068201  0.003742 -0.027618  0.014867  0.078898  0.071779  0.046301
  0.010083  0.054393 -0.066572 -0.030883 -0.015299 -0.058559]
[-0.673412 -0.762628 -0.874573 -0.421218 -0.651554 -0.811937  0.374966
  0.050737 -0.137028  0.132239  0.088982 -0.137177  0.05019   0.093437
 -0.07318  -0.033451  0.105381  0.307072  0.075683 -0.011064]
[-0.876112 -0.754814 -0.574784 -0.786193 -0.670358 -0.518594 -0.003101
 -0.025338 -0.068619 -0.021718 -0.08007  -0.022685 -0.008139 -0.04373
 -0.033441 -0.014463 -0.010418 -0.067942  0.031687  0.04106 ]
[-0.909063 -1.141482 -0.743292 -1.131424 -0.831778 -1.194939 -0.002592
  0.031611  0.026802 -0.036669 -0.089044  0.012653 -0.07118  -0.100851
  0.029681 -0.10559  -0.068586  0.021139 -0.002466  0.00681 ]
[-0.664044 -0.693187 -0.588232 -0.610957 -0.528647 -0.581798 -0.029499
 -0.087316  0.050567 -0.060204  0.025967  0.014125 -0.012411  0.00993
 -0.073161 -0.031505 -0.053924  0.016824  0.021351 -0.020251]
[-1.134974 -1.075971 -0.935448 -1.111558 -0.979251 -1.057609 -0.022901
  0.114123 -0.071482 -0.117168  0.075358 -0.121053  0.127933  0.078611
  0.139868  0.185624 -0.106109 -0.028011  0.003927  0.032268]
[ -1.118784e+00  -1.204362e+00  -9.235947e-01  -1.072500e+00  -8.359229e-01
  -8.965571e-01   6.907784e-02   3.648939e-02   5.050026e-03  -5.770324e-02
  -7.455842e-02   8.579713e-04  -4.963017e-02  -2.448779e-02   1.048458e-01
  -2.181726e-02   3.543793e-02   6.935993e-02   1.332384e-02  -1.340730e-02]
[-0.502572 -0.771446 -0.874904 -0.470729 -0.577117 -0.855204  0.12421
 -0.005775  0.160868 -0.062899 -0.024054  0.079809 -0.006354 -0.111337
  0.014493 -0.001099 -0.086824  0.141667 -0.084223  0.001484]
[ -1.045203e+00  -5.484088e-01  -5.755991e-01  -9.186452e-01  -9.504927e-01
  -6.087818e-01   1.069852e-01   1.765212e-02   1.783060e-01  -2.380951e-02
   1.636420e-01   1.846692e-01  -2.130421e-03   7.329435e-02   2.365905e-02
   7.034666e-02  -8.901159e-04   1.322010e-01   6.409293e-02   2.346886e-02]
[-0.831813 -0.908575 -0.821623 -0.712278 -0.67193  -0.993344 -0.098196
  0.051727  0.12886   0.028264 -0.101208  0.150631  0.048675 -0.07499
  0.071396  0.042611  0.088432 -0.077104 -0.005047 -0.020065]
[ -9.304463e-01  -9.783916e-01  -8.757619e-01  -1.047962e+00  -8.175542e-01
  -1.034944e+00  -5.121349e-02   2.475346e-02   5.258587e-02  -9.635695e-02
   7.990578e-03   3.949517e-02  -3.967739e-02  -5.711123e-02   5.040877e-02
  -2.585277e-04  -5.273963e-02  -5.621859e-03   3.351796e-02   1.914581e-02]
('Mean', 1, ': ', -0.93044633962894663)
('Median', 1, ': ', -0.93044633962894663)
('Variance', 1, ': ', 0.0)
('Mean', 2, ': ', -0.97839156214893619)
('Median', 2, ': ', -0.97839156214893619)
('Variance', 2, ': ', 0.0)
('Mean', 3, ': ', -0.87576192219334192)
('Median', 3, ': ', -0.87576192219334192)
('Variance', 3, ': ', 0.0)
('Mean', 4, ': ', -1.0479615267835016)
('Median', 4, ': ', -1.0479615267835016)
('Variance', 4, ': ', 0.0)
('Mean', 5, ': ', -0.81755416220194954)
('Median', 5, ': ', -0.81755416220194954)
('Variance', 5, ': ', 0.0)
('Mean', 6, ': ', -1.0349439969720928)
('Median', 6, ': ', -1.0349439969720928)
('Variance', 6, ': ', 0.0)
('time: ', 8220.202945947647)
