“Running plot script on a single CPU core”
[-0.00245   0.065453  0.062668  0.01578  -0.015923  0.00167 ]
[-0.055356  0.01458  -0.024314  0.026738 -0.004649 -0.012328]
[ 0.005533 -0.01706   0.029755 -0.011953  0.012588 -0.013971]
[-0.045912  0.020629  0.025939  0.002086  0.037976 -0.006721]
[ 0.031153  0.007697  0.004763 -0.010459 -0.023489 -0.010703]
[-0.007305  0.027227  0.051513 -0.008912  0.018267 -0.009924]
[ 0.015973  0.06458   0.043016  0.00603  -0.03491  -0.007171]
[ 0.048917  0.074179  0.067895  0.010391  0.01409  -0.000632]
[ 0.064131  0.073322  0.094861 -0.021026 -0.004671 -0.019399]
[ 0.030172  0.078087  0.067442  0.024754  0.018117  0.003856]
[ 0.072653  0.060293  0.034949  0.005299 -0.01727   0.032381]
[ 0.042636  0.098105  0.074052 -0.009186  0.020932  0.02214 ]
[ 0.005564  0.093116  0.117175 -0.03241  -0.041107 -0.014909]
[ 0.107096  0.099015  0.119117  0.023695  0.013582  0.001467]
[ 0.007518 -0.017032 -0.070553  0.006336 -0.029037 -0.018558]
[-0.013553 -0.0204   -0.113999  0.001676 -0.005923  0.014309]
[ 0.030087  0.020349  0.015859 -0.02737  -0.006189 -0.02699 ]
[ 0.119897  0.085819  0.010332  0.010384  0.023305  0.024528]
[ 0.027171  0.029576  0.092246 -0.058424 -0.008131  0.051622]
[ 0.03424   0.022944  0.030523 -0.005771  0.004116 -0.018413]
[ 0.088549 -0.001098  0.054649  0.040709  0.012993 -0.058711]
[-0.012115 -0.044258  0.037629 -0.005458  0.014564  0.019033]
[ 0.0479    0.051723  0.086565  0.031937  0.007664 -0.005695]
[-0.014262  0.088851  0.022105 -0.0013   -0.026407  0.025399]
[ 0.074536  0.02143   0.015206  0.009298  0.036038 -0.010917]
[ 0.026028  0.069753  0.054408  0.0197    0.010674  0.020456]
[ 0.100432  0.157486  0.154583  0.00585  -0.031356 -0.023171]
[ 0.052746  0.026842  0.024675 -0.013993 -0.005428 -0.010461]
[-0.015437  0.000789  0.020407  0.000954 -0.062991  0.019245]
[-0.021607  0.01508   0.066003 -0.014495  0.005448  0.006616]
[ 0.146815  0.115009  0.137434  0.002178  0.007691  0.000235]
[ 0.054285  0.096447  0.102076 -0.00295   0.007384 -0.020076]
[-0.001301 -0.008047  0.003655  0.000745  0.007902 -0.02092 ]
[ 0.009191  0.048364  0.027193  0.011762 -0.044769 -0.011712]
[ 0.043916  0.08359   0.084058 -0.011504 -0.013396 -0.000676]
[ 0.098636  0.031701  0.022363 -0.009073 -0.000129 -0.027717]
[ 0.010985 -0.033121  0.048279  0.024779  0.013171 -0.011905]
[ 0.035341  0.068248  0.029723 -0.018102 -0.024756 -0.028139]
[ 0.060011  0.048034  0.073255  0.043238  0.019481  0.008429]
[ 0.039057  0.056686  0.062293 -0.012611  0.004298 -0.009232]
[ 0.051351  0.107679  0.057959 -0.035604  0.019702  0.022894]
[ 0.020366  0.018393  0.00968   0.011575 -0.007201  0.001958]
[ 0.075026  0.066743  0.051557 -0.001944 -0.018506 -0.010846]
[ 0.057239  0.039576  0.095563  0.002358 -0.010543 -0.007361]
[ 0.067602  0.105634  0.09883  -0.030824 -0.032323  0.018829]
[ 0.029446 -0.010176  0.052895 -0.008727  0.015937 -0.021233]
[ 0.047443  0.103796  0.0776    0.011185 -0.021873  0.013449]
[-0.004801  0.055393  0.111929 -0.017933  0.028371  0.029148]
[-0.034819 -0.017554 -0.077294 -0.021566 -0.012706  0.022683]
[ 0.009356  0.003268  0.035784  0.015463  0.012551 -0.007435]
[-0.105529  0.024921  0.022696  0.00704  -0.028769 -0.011979]
[ 0.066311  0.108809  0.081891 -0.011254 -0.015948 -0.015042]
[ 0.060658  0.002485  0.049859  0.045431  0.039573 -0.005872]
[ 0.052439  0.055619  0.040725  0.010416  0.008846 -0.045313]
[ 0.016613  0.058902 -0.002512 -0.005134  0.030669 -0.00728 ]
[ 0.035961 -0.006257  0.017231  0.02004   0.00081   0.007231]
[ 0.003811 -0.063147  0.088278 -0.002984  0.02596  -0.068313]
[-0.007975  0.040559  0.035604 -0.027062  0.000874 -0.030425]
[ 0.057024  0.044309  0.080321 -0.021727 -0.013986  0.010312]
[ 0.063585  0.049328  0.080203 -0.01133   0.005739 -0.001629]
[ 0.037274  0.053973  0.07565   0.005436  0.005502  0.01715 ]
[-0.022924  0.016705 -0.059825 -0.004032  0.010386 -0.009817]
[-0.049683 -0.0217   -0.111242 -0.001892 -0.042698 -0.003458]
[ 0.03336   0.010608  0.006765  0.048286  0.030802 -0.015142]
[ 0.041847  0.022372  0.069071 -0.016095 -0.030413 -0.022127]
[-0.01607   0.05689   0.004249  0.037334 -0.019496  0.041554]
[-0.003921  0.090942  0.150332 -0.013939  0.02371   0.006587]
[ 0.027637  0.040238  0.036642 -0.012401 -0.002786 -0.014346]
[ 0.027209  0.034705  0.098969 -0.022009 -0.020841  0.011584]
[-0.011907 -0.020394  0.013241  0.030573 -0.008124  0.011832]
[ 0.033923 -0.004942  0.020384  0.017291 -0.014944  0.023081]
[ 0.016816  0.040942 -0.001765 -0.002824  0.003391  0.004521]
[ 0.007169  0.053926 -0.012615  0.003562  0.00456  -0.008727]
[-0.027793 -0.041681  0.003876 -0.023501  0.014935 -0.017638]
[ 0.004642  0.039229 -0.010911  0.010344 -0.0086   -0.013494]
[ 0.022301  0.084926  0.053573  0.001635 -0.026317  0.02734 ]
[ 0.062414  0.039186 -0.012053 -0.009807  0.025338 -0.020394]
[ 0.120594  0.094087  0.118103  0.057622  0.007183 -0.005148]
[ 0.018027  0.061094  0.032143  0.005781  0.016137  0.02841 ]
[ 0.027561  0.046814  0.02842   0.002724 -0.01035   0.008906]
[-0.05755  -0.007155 -0.054245  0.015029  0.03872  -0.019049]
[ 0.007511  0.001475  0.052673 -0.047639  0.038243  0.049578]
[-0.006517 -0.003336 -0.051779  0.038497  0.008152  0.015122]
[ 0.049412  0.09663   0.092967 -0.020411  0.044771  0.01058 ]
[ 0.084948 -0.016374  0.004064  0.018136 -0.024869  0.012435]
[ 0.042981  0.090225  0.130037  0.031562  0.017554  0.020781]
[ 0.090049  0.049793  0.081005  0.024461  0.025149 -0.020029]
[ 0.008058  0.068251  0.039936 -0.005868  0.025228  0.024725]
[ 0.01311   0.054932  0.036406  0.004468  0.015078 -0.00053 ]
[-0.013082 -0.006127  0.015824  0.021442  0.0284   -0.020104]
[-0.071624 -0.025822 -0.046863 -0.018716  0.007031  0.040669]
[ 0.065067  0.077881  0.08244   0.004945  0.014819  0.004956]
[ 0.019049  0.030017  0.015682  0.03146   0.001762 -0.009276]
[-0.013665  0.007561 -0.018222 -0.009513  0.019065 -0.021845]
[ 0.02903   0.016014  0.032376  0.036117  0.021132 -0.007742]
[ 0.058914  0.023251  0.040579 -0.018421  0.027917  0.005444]
[ 0.035769  0.019624  0.057974 -0.002238 -0.025108  0.009832]
[ 0.016398  0.079152  0.09523   0.003014  0.009617 -0.011438]
[-0.043975  0.074701  0.061979 -0.008466  0.024319 -0.0003  ]
[ 0.020565  0.014754  0.045729 -0.006188 -0.003324 -0.013834]
('Mean', 1, ': ', 0.020565353451706396)
('Median', 1, ': ', 0.020565353451706396)
('Variance', 1, ': ', 0.0)
('Mean', 2, ': ', 0.014753959194512943)
('Median', 2, ': ', 0.014753959194512943)
('Variance', 2, ': ', 0.0)
('Mean', 3, ': ', 0.045729214986074539)
('Median', 3, ': ', 0.045729214986074539)
('Variance', 3, ': ', 0.0)
('time: ', 8077.850249052048)
