“Running plot script on a single CPU core”
[ -8.749492e-01  -9.038517e-01  -8.570665e-01  -7.266061e-01  -8.522692e-01
  -9.905044e-01   4.192115e-02  -3.396036e-02   6.732733e-02   4.031928e-02
   3.015853e-02   6.648556e-02   1.075587e-01   6.383446e-02   9.483910e-02
   3.802168e-02   5.110162e-02   8.904160e-04  -6.208240e-02  -2.578458e-02]
[-0.81347  -0.841794 -0.836583 -0.727847 -0.742403 -0.613082 -0.023278
 -0.004716  0.036878 -0.048588  0.037675  0.010977 -0.05042   0.082375
 -0.043293 -0.028089  0.014542  0.021743  0.005736  0.022118]
[-1.054024 -0.823021 -0.66426  -0.867622 -0.808111 -0.692828  0.038782
  0.113019 -0.112107  0.068276  0.029879 -0.03649  -0.030901  0.067067
  0.063856 -0.035352  0.095717  0.113877  0.077527  0.025806]
[-0.923473 -0.966669 -0.878219 -0.84475  -0.675616 -0.881464 -0.021266
  0.023211 -0.075476  0.170865  0.037314 -0.052117 -0.048379  0.029323
  0.006841 -0.008752  0.2183    0.010877 -0.027021 -0.026865]
[-0.836272 -0.797459 -0.721818 -0.934319 -0.868027 -0.757871 -0.052647
 -0.020913 -0.10982  -0.050848 -0.017619 -0.110782 -0.039769 -0.003692
 -0.026353 -0.016252 -0.036906 -0.105544  0.025398  0.002296]
[-0.91712  -0.894992 -0.730072 -1.090667 -0.814617 -0.845455  0.053823
  0.053376  0.144143  0.075294 -0.097182  0.115927 -0.07365  -0.064546
  0.058651 -0.059808  0.005807  0.027085 -0.026456 -0.011178]
[-1.057239 -0.825223 -0.864611 -0.748567 -0.767366 -0.576017 -0.114733
 -0.127823 -0.095329 -0.043336  0.016425 -0.076797 -0.012964 -0.007807
 -0.066954 -0.003986 -0.018965 -0.034765 -0.007003 -0.007698]
[ -8.066605e-01  -8.732898e-01  -9.327277e-01  -8.240720e-01  -7.794869e-01
  -8.376116e-01   1.065649e-01   8.227487e-02   1.322096e-02   4.199367e-02
   1.886508e-03  -1.183349e-04  -1.499630e-02  -1.790687e-02   8.484092e-02
  -4.425801e-02   7.325971e-02   1.117425e-01  -3.966520e-02  -2.207801e-02]
[-0.836182 -0.847709 -0.746642 -0.821956 -0.774062 -0.823654  0.077326
 -0.003326  0.042823  0.036086 -0.011615 -0.008927 -0.039324 -0.020895
  0.016039 -0.021077 -0.012016  0.08041  -0.041299 -0.023875]
[-0.862268 -0.785939 -0.74566  -0.741071 -0.6736   -0.636147 -0.126473
 -0.052695  0.005064  0.099923 -0.016841  0.047642 -0.042597 -0.027715
 -0.054737 -0.046826  0.118439 -0.193828  0.012611 -0.01894 ]
[-0.636722 -0.903047 -0.866873 -0.644635 -0.737486 -0.888504 -0.154297
  0.029944  0.242204  0.015682 -0.111548  0.217626  0.142382 -0.110764
 -0.023725  0.121106  0.05191  -0.234064  0.044604  0.051782]
[-0.95579  -0.884639 -0.847032 -0.864482 -0.728542 -0.780293 -0.041101
 -0.057809 -0.074036  0.01051   0.151418 -0.038223 -0.027504  0.151808
 -0.083449 -0.011326  0.014284 -0.052807  0.029471 -0.014211]
[ -1.030705e+00  -9.033661e-01  -8.389125e-01  -8.667913e-01  -9.987355e-01
  -8.529549e-01  -4.594553e-02   1.270723e-02  -2.348435e-02   1.282609e-02
   9.304189e-04  -1.794432e-02   3.393584e-02   6.545990e-02   6.119395e-02
   3.179374e-04  -1.151909e-02  -1.712583e-02   3.591910e-02  -2.095175e-04]
[-0.805359 -0.968266 -0.931223 -0.814427 -0.796138 -1.083054  0.195965
  0.016335 -0.041357 -0.22185  -0.033629  0.008958  0.090817  0.059578
  0.072422  0.169185 -0.25809   0.262185  0.004665  0.008038]
[-1.369549 -1.029758 -1.180576 -1.064412 -1.039977 -0.715491 -0.106662
  0.014437  0.070994  0.045805  0.115139  0.119555 -0.069103  0.075612
  0.056028 -0.102747  0.079224 -0.079128  0.024057  0.024428]
[-1.009223 -0.829599 -0.743467 -0.850168 -0.674852 -0.581193 -0.023855
  0.024265 -0.042668  0.019386 -0.027689 -0.030854 -0.040177  0.026487
  0.022799 -0.015987  0.00104   0.021018 -0.004927  0.005273]
[-0.771816 -0.732689 -0.577421 -0.892983 -0.832074 -0.811209  0.086678
 -0.010284  0.094798  0.05027  -0.040341  0.105296  0.057971 -0.070305
 -0.019201  0.049518  0.083477  0.097826 -0.023357 -0.011923]
[ -1.005827e+00  -1.543540e+00  -1.137471e+00  -8.337636e-01  -8.625126e-01
  -1.401779e+00   1.474701e-01   1.220784e-01  -4.642949e-02   9.766994e-02
  -1.343376e-01   9.837890e-02  -3.140372e-02  -3.609457e-01   2.835881e-01
  -7.473916e-03   8.794181e-02  -1.904488e-04   3.386403e-02   6.130310e-03]
[-0.966904 -0.890431 -0.85146  -0.90724  -0.917376 -0.816067  0.086964
  0.01274  -0.003732 -0.064629  0.021503  0.069063 -0.046754 -0.040959
 -0.039028 -0.099834  0.008617  0.050725 -0.024182  0.049268]
[ -7.582179e-01  -1.083525e+00  -1.004431e+00  -7.158626e-01  -5.796133e-01
  -8.764800e-01   5.839975e-02  -6.120548e-02   9.270263e-02   1.130907e-01
  -4.536587e-02   3.761282e-02   4.515840e-02  -4.135057e-02  -5.028304e-02
   3.054743e-02   6.145163e-02   8.134522e-02   3.827997e-05   2.528249e-02]
[ -1.218774e+00  -1.314263e+00  -1.033955e+00  -1.155774e+00  -1.000673e+00
  -1.177870e+00  -1.833881e-01   1.673321e-01   1.124103e-01  -4.011352e-02
   6.315499e-02   5.269692e-02  -3.293396e-02  -1.501704e-04   1.547949e-01
  -6.976778e-02  -1.240131e-01  -1.431197e-01  -5.430626e-02   1.776130e-02]
[-1.396773 -1.219617 -1.254634 -0.964537 -0.988507 -1.196946  0.140639
 -0.008531  0.075383  0.00771  -0.065465 -0.063503  0.016304 -0.065611
  0.04763   0.017372 -0.158761  0.130139 -0.056097 -0.04798 ]
[-0.944999 -1.153381 -0.811818 -1.071383 -0.678553 -0.855313  0.004254
  0.011707  0.092347 -0.038743 -0.003856  0.02111   0.22413  -0.036567
  0.047566  0.264826  0.02728   0.037458  0.034274  0.0067  ]
[ -1.019557e+00  -9.487257e-01  -1.183210e+00  -9.743596e-01  -1.001048e+00
  -1.004485e+00  -4.799984e-02   1.764750e-02  -4.950812e-02  -1.000505e-01
   9.013660e-04  -5.980342e-02  -9.839765e-02   1.646381e-02   3.718691e-03
  -1.032568e-01  -1.507977e-01   1.779826e-02   5.716611e-02   8.146759e-03]
[ -1.249402e+00  -9.845918e-01  -6.947897e-01  -1.089310e+00  -1.017932e+00
  -8.777332e-01  -9.575048e-02  -1.039627e-02   3.115153e-02   5.706837e-02
  -1.024502e-01  -1.780700e-02   1.385711e-06  -7.543374e-02  -4.313840e-02
  -5.191860e-03   8.653305e-02  -1.242047e-01   5.622021e-02   1.137497e-02]
[-1.223751 -0.711925 -1.173729 -0.692736 -0.958282 -0.626548 -0.007217
 -0.127102 -0.078496 -0.012504  0.026192 -0.166321 -0.049014  0.023812
 -0.188573 -0.067258  0.005264 -0.025111  0.006477  0.009888]
[-0.955844 -0.9307   -0.806135 -0.89437  -0.897041 -1.169675  0.037979
  0.028989  0.057879 -0.002287  0.003295  0.092845 -0.181259 -0.080805
 -0.026568 -0.15093  -0.041551  0.103753  0.051753  0.050641]
[ -1.326802e+00  -1.296825e+00  -1.197390e+00  -1.380559e+00  -1.288024e+00
  -1.293508e+00  -1.973101e-02   8.649688e-02  -1.311697e-01   2.322853e-02
   2.309753e-02   1.082823e-03   7.736607e-02   2.952768e-03   2.228484e-01
   1.854139e-01   3.239918e-02  -7.745129e-02  -2.804263e-02  -3.770158e-02]
[-0.82845  -0.791147 -0.840406 -0.650182 -0.829008 -0.548361 -0.134845
  0.088058  0.035477  0.027194  0.041644  0.080434  0.099493  0.023479
  0.093797  0.05742   0.051149 -0.173805  0.034865 -0.006213]
[-0.897073 -0.878041 -0.685541 -0.917169 -0.652576 -0.74374  -0.100229
  0.118766  0.009559 -0.091349  0.129395  0.063251 -0.104029  0.122723
  0.07292  -0.031396 -0.096974 -0.060495  0.04716   0.050608]
[-0.719545 -0.684906 -0.703172 -0.654096 -0.57687  -0.643475  0.04755
  0.003604 -0.013397  0.0529   -0.021838  0.019929 -0.034094 -0.009901
  0.031191 -0.018351  0.04158   0.015268 -0.009326 -0.001884]
[-0.740805 -0.768812 -0.804873 -0.712417 -0.74498  -0.867097  0.157087
  0.04694   0.121495  0.090552 -0.066533  0.132138  0.013527 -0.083397
 -0.033328 -0.033172  0.167614  0.198382  0.001207 -0.004001]
[-0.897262 -0.863427 -0.988813 -0.805414 -1.071839 -0.867966  0.090241
  0.042043  0.09082  -0.150727 -0.024083  0.07567  -0.070238 -0.085578
 -0.002137 -0.034014 -0.062764  0.088867  0.041273  0.001913]
[-1.139277 -1.100444 -0.929572 -0.969948 -0.807095 -0.856812 -0.090035
  0.065949 -0.040761  0.021192 -0.00611  -0.023884 -0.004027 -0.006151
  0.124295 -0.022915  0.040013 -0.058459 -0.003221  0.060181]
[ -1.050801e+00  -9.984894e-01  -8.581099e-01  -9.547810e-01  -9.000871e-01
  -9.409259e-01   1.935144e-02  -3.143037e-02   2.722330e-02   3.988430e-02
   4.828927e-02   4.096657e-02   1.289014e-02   8.484559e-02  -8.956126e-04
  -6.513236e-02   6.561490e-02   7.914086e-02   4.375546e-02   3.050309e-02]
[-0.780072 -0.836077 -0.723837 -0.805098 -0.611461 -0.723757 -0.127429
  0.017004 -0.159555 -0.136962 -0.100305 -0.153646  0.093211 -0.141685
  0.033697  0.073836 -0.192568 -0.084485  0.04075   0.028349]
[-1.168697 -1.139186 -0.975712 -0.961554 -0.973189 -0.878989  0.09019
  0.022633 -0.079499 -0.089523  0.011589 -0.059937  0.015805  0.042795
  0.019615  0.073862 -0.050362  0.113789  0.01885   0.040787]
[-1.125087 -1.20126  -0.944433 -1.071348 -0.847315 -1.018332 -0.12217
 -0.173886 -0.035041  0.107561  0.013096 -0.068942 -0.144248  0.013672
 -0.162392 -0.046155  0.027602 -0.116351  0.062899 -0.029925]
[-0.677395 -0.835601 -0.74313  -1.092448 -0.974429 -1.106643 -0.028781
 -0.085475  0.026757  0.027817 -0.09136  -0.03052   0.044389 -0.097665
 -0.169875  0.017052  0.011143 -0.070746 -0.044402 -0.018061]
[-1.26789  -1.120393 -1.349669 -0.901835 -1.115404 -1.093779  0.040186
 -0.055426  0.035284  0.0091    0.005948  0.047189  0.01048   0.060559
 -0.011375  0.021867 -0.005035  0.030753  0.016799 -0.028551]
[-1.191711 -1.040715 -0.729458 -1.172656 -0.80939  -0.720599  0.017396
  0.040473  0.025003  0.044383  0.031769  0.036139  0.116934  0.027226
  0.006194  0.131465 -0.087665 -0.143086  0.058308  0.041713]
[-1.020192 -0.994014 -0.941419 -0.939319 -1.025294 -0.939173  0.01208
 -0.040904  0.0249    0.108535  0.116981 -0.006132 -0.026895  0.064343
 -0.07434  -0.012359  0.033022  0.124853 -0.04394  -0.016952]
[ -6.229142e-01  -9.023891e-01  -7.495135e-01  -6.799255e-01  -7.279475e-01
  -9.931142e-01  -8.784578e-02  -5.156636e-02   1.930782e-01  -1.722172e-01
   5.429049e-02   1.289574e-01  -9.883534e-04   5.526017e-05  -2.706731e-02
  -1.020090e-02  -1.306641e-01  -1.001579e-01  -2.064850e-02   1.411537e-02]
[ -8.891813e-01  -6.750305e-01  -4.244687e-01  -1.026262e+00  -6.797699e-01
  -5.056070e-01   3.895179e-02   5.397125e-02   6.207974e-04   6.989598e-02
  -1.314352e-01   3.369976e-02   1.234671e-01  -1.679564e-01   6.110499e-03
   1.296611e-01   8.534203e-02   1.469074e-02  -3.257052e-02  -2.237050e-02]
[-0.785487 -0.978345 -0.879114 -0.803782 -0.658954 -0.991308  0.047845
  0.033895 -0.015572  0.133514 -0.023938 -0.042507 -0.047267  0.09506
  0.077801 -0.053629  0.204126  0.140193  0.061141  0.055807]
[-0.916047 -0.803024 -1.174768 -0.669488 -1.012955 -0.825961  0.103851
  0.081843  0.170161  0.056377  0.021382  0.17894  -0.058803  0.009331
  0.223874 -0.031351  0.061897  0.015359  0.023127  0.038472]
[ -9.077943e-01  -7.110849e-01  -5.552178e-01  -1.040740e+00  -7.679883e-01
  -7.029120e-01  -6.883854e-02  -3.856527e-02  -1.489619e-04   1.200710e-01
  -5.498749e-02  -1.231575e-02  -1.267345e-01  -5.893962e-02  -2.640938e-02
  -1.717576e-01   1.038115e-01  -1.702496e-02  -9.772861e-04  -2.215801e-02]
[-0.988856 -0.948962 -0.792962 -0.782386 -0.656596 -0.703778  0.026628
  0.091077  0.009601  0.024341  0.040819  0.018092 -0.016221  0.031104
  0.069391 -0.006403 -0.033906  0.028757 -0.045889 -0.036499]
[-0.964624 -0.995292 -0.687349 -1.057804 -0.8351   -0.783721  0.040509
  0.116493  0.011842  0.019258 -0.171109  0.007464 -0.01393  -0.234332
 -0.014055 -0.097809  0.103052  0.01788  -0.036089  0.030292]
[ -8.863995e-01  -8.388159e-01  -8.066473e-01  -9.649242e-01  -8.864761e-01
  -9.335197e-01  -1.431336e-03   6.794351e-02  -2.934718e-02  -9.386463e-03
  -6.622215e-02  -7.038464e-04  -5.708777e-03  -2.084885e-02   9.847068e-02
   3.368168e-04   7.860357e-03  -3.770218e-02  -3.365594e-02  -3.950534e-02]
[ -1.226092e+00  -1.058693e+00  -9.911542e-01  -1.141533e+00  -1.015377e+00
  -1.000921e+00   5.592727e-02   1.126498e-01   3.516285e-02  -5.002927e-02
  -4.613654e-02   1.004186e-03  -1.207140e-02  -1.316311e-01   5.526147e-03
   1.371174e-02   8.144160e-03   1.316568e-01  -1.968270e-02   1.623723e-02]
[-0.86064  -0.780476 -0.697775 -0.785997 -0.873454 -0.6794    0.028194
  0.057392  0.071542 -0.069417  0.096141  0.012111  0.122956  0.13638
  0.040459  0.096106 -0.122713  0.150438 -0.06042  -0.041384]
[ -1.009584e+00  -1.253472e+00  -1.278681e+00  -8.754915e-01  -1.141395e+00
  -1.280044e+00   2.213048e-02   1.745710e-02  -6.911675e-02  -3.001166e-02
   1.786477e-01   8.333983e-04   1.084509e-01   1.995015e-01   6.807791e-02
   8.167150e-02  -7.669186e-02  -6.727103e-02  -3.249197e-02  -5.828849e-02]
[-1.045082 -0.947651 -0.882176 -1.009402 -1.106971 -1.25498   0.068721
  0.088437 -0.057746  0.026213  0.027989 -0.08187  -0.075585  0.030787
  0.124891  0.054451  0.047254  0.118112  0.050188  0.011141]
[ -8.829864e-01  -9.817439e-01  -1.079053e+00  -5.639905e-01  -6.262123e-01
  -7.441647e-01  -2.422402e-01  -6.712945e-03  -1.480914e-02  -1.023812e-01
  -9.342375e-02   4.511516e-02  -1.060586e-01  -1.637320e-01  -3.217925e-04
  -1.807361e-02  -6.703499e-02  -2.361985e-01   5.907385e-02   2.348919e-02]
[-0.719324 -0.826063 -0.889501 -0.684497 -0.842363 -1.055561  0.071671
 -0.020031  0.010707  0.008449 -0.095995  0.07074   0.010095 -0.064655
 -0.047924  0.02357  -0.025896  0.033674 -0.023671 -0.009525]
[ -1.027941e+00  -9.072327e-01  -1.117278e+00  -8.760726e-01  -1.128037e+00
  -9.016093e-01  -6.205603e-02  -1.481652e-02  -7.440218e-02  -2.492963e-04
   5.069820e-04  -8.057327e-02  -8.090445e-02  -3.490715e-02  -3.380045e-02
  -7.701081e-02   3.582947e-02  -4.240285e-02  -6.373978e-03  -1.551203e-02]
[-0.828402 -0.765734 -0.619436 -0.811756 -0.72852  -0.652752 -0.057312
 -0.031758 -0.009248 -0.016372  0.031337  0.012255 -0.148874  0.006292
 -0.006849 -0.102841 -0.029939 -0.005072  0.008377 -0.040753]
[-1.026819 -0.770748 -0.922892 -0.829835 -0.958807 -0.865417 -0.046878
 -0.032345 -0.013612 -0.056636  0.064093 -0.011257  0.001955  0.073413
 -0.056809 -0.020333 -0.104183 -0.090787 -0.027423 -0.014173]
[-0.790432 -0.929086 -0.947095 -0.735651 -0.794975 -0.924226 -0.006027
  0.026651 -0.00374  -0.049898  0.005559 -0.032878 -0.035147 -0.010984
  0.006202 -0.072014 -0.056746  0.018006 -0.039296 -0.01074 ]
[-0.969905 -0.935235 -0.986563 -1.038631 -1.091362 -1.062804  0.00229
 -0.004022 -0.068807  0.1124    0.028645 -0.008379  0.009245  0.00436
  0.032621 -0.011023  0.064849  0.07013  -0.011423 -0.006302]
[ -9.769563e-01  -7.954730e-01  -8.094892e-01  -7.292622e-01  -7.391255e-01
  -6.102899e-01   5.549381e-04  -1.117021e-02  -8.427970e-02   4.071834e-02
   7.184908e-02  -4.968865e-02  -1.874973e-02   6.321841e-02  -3.399010e-02
  -5.752847e-03   4.725177e-02   9.907399e-02  -3.113367e-02   2.155010e-03]
[-0.583728 -0.852349 -0.790895 -0.477044 -0.428484 -0.696759  0.01934
  0.122929 -0.039198  0.046683  0.013685 -0.028785 -0.071685  0.062687
  0.110375 -0.048054  0.04849   0.005148  0.006269  0.026249]
[-0.987284 -0.794098 -0.772373 -0.996506 -0.961267 -0.761354 -0.10714
  0.007775 -0.069206  0.042605  0.009068 -0.082299 -0.015523 -0.021349
  0.04298  -0.077129  0.021946 -0.072288 -0.011486 -0.008094]
[-1.036965 -0.970946 -0.676779 -1.031447 -0.610043 -0.775717  0.050466
 -0.042575 -0.088559  0.013802  0.019973 -0.044168 -0.027947  0.041486
 -0.026414 -0.084895 -0.009355  0.036147 -0.039833 -0.043733]
[-0.962224 -0.892017 -0.867673 -0.876923 -0.653168 -0.731549 -0.093273
 -0.15128   0.077536 -0.097704  0.033961  0.149931 -0.162452 -0.018217
 -0.08908  -0.088274 -0.153738 -0.180073 -0.065118  0.005249]
[-0.831987 -0.793477 -0.704425 -0.852132 -0.857866 -0.89577  -0.036809
 -0.151652  0.020407 -0.164011  0.0013    0.081297 -0.075797  0.019228
 -0.084109 -0.108131 -0.195582 -0.0502   -0.0227   -0.030931]
[-0.872858 -0.88546  -0.76253  -0.868139 -0.790067 -0.857154  0.071616
 -0.011644  0.009635 -0.006548  0.053998 -0.028252  0.049543  0.085891
 -0.021473  0.012318  0.044507 -0.060388 -0.06058  -0.028788]
[ -8.610782e-01  -7.146963e-01  -7.753167e-01  -6.879740e-01  -6.392466e-01
  -5.480310e-01   4.137550e-02  -2.462664e-01  -1.312423e-01  -3.162478e-02
  -7.360884e-02  -1.753314e-01  -2.190279e-02  -9.548145e-02  -2.888320e-01
   2.140808e-04   7.884826e-03   3.301325e-02  -6.100377e-03  -1.462260e-04]
[-1.157003 -1.06121  -0.740613 -1.211124 -0.930057 -0.902814  0.065113
 -0.056455  0.095397  0.035294 -0.055314  0.040377 -0.009985 -0.059178
 -0.077824 -0.017889  0.018146  0.024856  0.088104  0.015517]
[-1.273281 -1.049402 -1.038736 -1.062571 -0.955215 -0.913105 -0.043039
 -0.01993   0.109633  0.010182  0.064074  0.166638 -0.015178  0.094017
 -0.027238  0.019873  0.017902 -0.054348  0.037784  0.053337]
[-0.99917  -0.886782 -1.144419 -0.622577 -0.754339 -0.696141  0.138159
 -0.106365  0.161753 -0.185524 -0.096529  0.091582  0.055925 -0.054766
 -0.060604  0.058579 -0.205369  0.161337  0.019132  0.012647]
[-0.840106 -1.020004 -0.894009 -0.945587 -0.847967 -1.265973 -0.178428
 -0.003062  0.075726 -0.016621 -0.024183  0.137356  0.051158 -0.082868
  0.056104  0.055852 -0.031674 -0.212806  0.047617  0.020895]
[-0.842664 -0.798846 -0.961827 -0.672775 -0.698103 -0.740959  0.036397
 -0.002049  0.051013  0.113635  0.119635  0.065734  0.009947  0.038389
 -0.058018  0.085979  0.063717  0.009371  0.06992   0.04246 ]
[-0.778952 -0.68758  -0.828956 -0.655968 -0.702088 -0.626709 -0.045611
  0.063908  0.068335 -0.010432 -0.082954  0.064607 -0.024607 -0.081607
  0.066794 -0.008224 -0.054114 -0.021043  0.056065 -0.006193]
[-0.865987 -0.714427 -0.841052 -0.809716 -0.832042 -0.719371  0.026154
 -0.098865 -0.152137 -0.008247 -0.014725 -0.118183 -0.06048   0.043603
 -0.116576 -0.063797 -0.054972 -0.055448  0.010168  0.036457]
[ -7.661859e-01  -7.583146e-01  -8.343855e-01  -6.263007e-01  -8.234818e-01
  -7.300497e-01   5.166546e-02  -6.885375e-02  -1.276990e-02  -6.942036e-02
   9.138031e-02   1.871893e-02   7.809014e-02   1.310904e-01  -5.839411e-02
   2.534220e-02   2.962055e-04   8.595420e-02   7.664141e-02   4.105233e-03]
[ -9.155526e-01  -9.988609e-01  -8.622066e-01  -8.774665e-01  -8.372489e-01
  -9.695736e-01   5.989958e-02  -9.345459e-02   5.596456e-02  -7.841973e-02
   2.956129e-04  -3.203275e-02   4.361919e-02  -1.138529e-03  -6.114733e-02
   2.520484e-02  -5.132025e-02   4.596637e-02  -4.404200e-02   4.824173e-05]
[-1.065708 -1.036859 -1.185429 -0.907049 -0.917222 -1.097896 -0.023481
  0.026448  0.002788  0.070622  0.164363  0.014683 -0.027254  0.142785
  0.075059 -0.04757   0.115939  0.015276 -0.058676 -0.003848]
[-0.918131 -0.928391 -0.727356 -0.895383 -0.732937 -0.807767 -0.058351
 -0.00684  -0.014222 -0.047334  0.023334  0.013966  0.008397 -0.027458
  0.002819 -0.002505 -0.026885 -0.042173  0.001178 -0.013954]
[-0.788078 -0.847593 -0.830329 -0.922225 -0.854219 -0.991393  0.062267
 -0.007564  0.062972  0.160456 -0.085747  0.056042 -0.00469  -0.078511
  0.001373 -0.01796   0.152274  0.050647  0.003056 -0.014872]
[-1.063841 -1.266224 -1.052999 -0.858154 -0.759227 -1.031411 -0.018738
 -0.130007  0.020147  0.007297  0.0625   -0.003494  0.00373  -0.004744
 -0.116797  0.026481  0.009894 -0.022549 -0.044551 -0.002793]
[-1.00715  -1.012879 -1.003618 -0.983878 -0.917727 -0.861214  0.045681
  0.023039 -0.042969 -0.037272  0.033038 -0.040154  0.034237  0.064981
  0.010451 -0.003205 -0.086799  0.112801 -0.01208   0.008024]
[ -8.554991e-01  -9.320948e-01  -9.945346e-01  -8.641741e-01  -7.594819e-01
  -8.100048e-01  -2.640328e-01   1.341200e-01   2.190077e-01  -1.631334e-01
   5.514928e-02   2.557517e-01   1.222933e-01  -3.935541e-02   2.801143e-02
   5.975415e-02  -1.662361e-01  -3.397761e-01  -7.254342e-04  -5.777649e-02]
[-0.865163 -0.685265 -0.798518 -0.488134 -0.685991 -0.426597  0.066024
 -0.010545 -0.050724  0.023149 -0.001252 -0.049351 -0.049365 -0.012952
 -0.006035  0.022186  0.061725 -0.003392  0.022924 -0.03925 ]
[-0.943782 -0.987907 -0.778487 -0.76351  -0.624096 -0.736768  0.009927
  0.002131 -0.034777 -0.129731  0.078301 -0.033222  0.167313  0.14703
 -0.064027  0.14755  -0.13143  -0.005719  0.003008  0.004068]
[-0.813974 -0.829534 -0.678533 -0.930694 -0.944973 -0.945436 -0.064495
  0.043972 -0.083148  0.041481 -0.007398 -0.133167  0.006422 -0.015041
  0.082224  0.039335  0.067687 -0.087772  0.028994 -0.002504]
[-0.683231 -0.793197 -0.708228 -0.661292 -0.562376 -0.72194   0.154216
  0.19448  -0.14457  -0.072259 -0.022454 -0.159332 -0.030061 -0.016497
  0.160651 -0.066571 -0.082263  0.118052  0.008635  0.010108]
[-0.977539 -0.720294 -0.983452 -0.799472 -0.879984 -0.699215 -0.040769
 -0.094107 -0.138617 -0.087072  0.080267 -0.141415 -0.084143 -0.013046
 -0.084939 -0.129589 -0.096303 -0.123927  0.037606  0.040594]
[ -9.611103e-01  -9.939475e-01  -1.072430e+00  -1.018791e+00  -1.150631e+00
  -1.205054e+00   1.875189e-02  -6.557445e-02  -1.156047e-01   1.183335e-01
  -1.663214e-02  -1.751242e-01  -2.539281e-02  -5.026366e-02  -6.061528e-02
  -3.991808e-02   6.259279e-02  -3.992023e-04  -1.108276e-02  -2.061938e-02]
[-0.798875 -0.845512 -0.874004 -0.7572   -0.931476 -0.931345 -0.013033
 -0.058343 -0.053787  0.049624 -0.024651 -0.060282  0.096655 -0.053038
 -0.016628  0.036006  0.028285  0.012719 -0.030902  0.027202]
[ -1.029534e+00  -1.144655e+00  -1.095672e+00  -1.072635e+00  -9.895146e-01
  -1.080420e+00  -4.881637e-02  -4.634970e-03  -3.660518e-02   9.632745e-02
   4.851911e-02  -1.351700e-02  -5.981187e-02  -9.820690e-05  -3.496331e-02
  -7.358891e-02   5.175551e-02   1.272430e-02  -2.392005e-02   2.441074e-02]
[-0.767895 -0.725304 -0.802983 -0.623169 -0.739319 -0.664067 -0.041575
  0.092441  0.039105 -0.014644  0.02846   0.106729  0.055648 -0.015802
  0.072738  0.063918 -0.033274 -0.076791  0.002402 -0.007796]
[-1.126351 -1.071671 -0.813794 -0.927263 -0.733505 -0.834993  0.144584
  0.007591 -0.127821  0.069429  0.041638 -0.170321  0.130902  0.053717
 -0.035301  0.102184 -0.06319   0.271152  0.005133  0.070246]
[-0.981673 -0.766132 -1.037453 -0.658603 -0.891964 -0.615894 -0.102579
  0.008151  0.011184 -0.062517 -0.127696 -0.054553  0.01438  -0.119166
  0.067697 -0.021569  0.008797 -0.226538  0.034361 -0.008491]
[-0.889143 -0.994346 -0.82692  -0.797767 -0.504156 -0.608092  0.020333
  0.033738  0.091789 -0.268074  0.040594  0.095491  0.006163  0.034449
 -0.005846 -0.034004 -0.20533   0.110616  0.06709   0.03066 ]
[-0.77633  -0.76683  -0.632477 -0.772376 -0.681087 -0.656775 -0.029106
  0.064966  0.00515  -0.046331  0.026513  0.048527 -0.043008  0.023392
  0.126459 -0.03752  -0.051565 -0.022725 -0.02537   0.007955]
[-0.951185 -0.79622  -0.89942  -0.919101 -0.949798 -0.690048 -0.049791
  0.08025   0.033315 -0.125722 -0.01746   0.047337  0.132117  0.00398
  0.096864  0.160883 -0.165781 -0.01482   0.031919 -0.007398]
[-1.127383 -1.020155 -0.94813  -0.932836 -0.888587 -0.737383 -0.049917
 -0.003577 -0.033402  0.048611  0.050829  0.086206 -0.114432  0.053819
  0.1009   -0.100094  0.10481  -0.172624 -0.048121  0.020318]
[-1.201226 -1.073944 -0.992164 -1.337249 -1.074549 -1.009435 -0.171736
 -0.06059  -0.082777 -0.016694  0.075058 -0.103159 -0.108299  0.003297
 -0.055742 -0.06834   0.136329 -0.130976  0.042188  0.01585 ]
('Mean', 1, ': ', -1.2012256189474408)
('Median', 1, ': ', -1.2012256189474408)
('Variance', 1, ': ', 0.0)
('Mean', 2, ': ', -1.073943555808941)
('Median', 2, ': ', -1.073943555808941)
('Variance', 2, ': ', 0.0)
('Mean', 3, ': ', -0.99216423197937786)
('Median', 3, ': ', -0.99216423197937786)
('Variance', 3, ': ', 0.0)
('Mean', 4, ': ', -1.337249162921551)
('Median', 4, ': ', -1.337249162921551)
('Variance', 4, ': ', 0.0)
('Mean', 5, ': ', -1.0745492784792823)
('Median', 5, ': ', -1.0745492784792823)
('Variance', 5, ': ', 0.0)
('Mean', 6, ': ', -1.0094354326755652)
('Median', 6, ': ', -1.0094354326755652)
('Variance', 6, ': ', 0.0)
('time: ', 8035.460268974304)
