“Running plot script on a single CPU core”
[ 0.040772  0.051297  0.04985   0.014702 -0.01491   0.007371]
[ 0.043905  0.075947  0.129611 -0.013884  0.004565  0.011746]
[ 0.009163 -0.016609  0.048794 -0.018806  0.004333 -0.016815]
[-0.021058  0.06129   0.023527  0.004717  0.008199  0.003877]
[-0.021159  0.000838  0.038088 -0.008391  0.006994  0.032316]
[ 0.039692  0.031091  0.033244 -0.003842 -0.004724 -0.011405]
[-0.00349   0.034063  0.064697  0.025866 -0.012597  0.012533]
[-0.025109  0.02327   0.031797  0.012245  0.006616  0.000242]
[-0.038202 -0.002151 -0.016526 -0.013215  0.012461  0.038227]
[ 0.088689  0.045265  0.087875  0.000315  0.006389  0.014046]
[ 0.067375  0.039349  0.031789 -0.010318  0.001783  0.015641]
[-0.019979 -0.020458 -0.033346  0.029211 -0.014265 -0.038342]
[ 0.043093  0.062943  0.028096 -0.013508 -0.01984   0.003959]
[ 0.006927  0.019128  0.017327 -0.005399 -0.000958 -0.009875]
[ 0.056722  0.050062  0.016255  0.010131 -0.010778  0.010522]
[ 0.022951 -0.01482   0.013266  0.009598 -0.028682  0.016076]
[ 0.027774  0.047095  0.048072 -0.007848  0.017291 -0.017542]
[-0.059362  0.023177  0.009017  0.026836  0.00616   0.033323]
[ 0.038034  0.04766   0.037256  0.000533 -0.036756 -0.015644]
[ 0.02787   0.055713  0.028211 -0.000266  0.009424 -0.008193]
[  4.916316e-03   7.832331e-03   4.743557e-02   7.297984e-03   8.478431e-05
  -2.035137e-02]
[ 0.04339   0.062263  0.018004  0.001815 -0.005081  0.027982]
[-0.013908 -0.02535   0.033225 -0.092426  0.015066 -0.004501]
[ 0.018895  0.08381   0.019524 -0.002761  0.035029  0.03307 ]
[-0.025887 -0.008234 -0.061873  0.01731  -0.002626 -0.0083  ]
[-0.001917  0.015538  0.021903  0.007912 -0.005946  0.023774]
[ 0.022595  0.040474  0.040159 -0.005096  0.018365  0.022832]
[ 0.075257  0.086677  0.115908 -0.002592 -0.034079  0.010322]
[-0.001397  0.024539 -0.039627  0.00996  -0.012169  0.01391 ]
[-0.008663 -0.060231  0.044526 -0.009108  0.03127   0.038709]
[ 0.029883  0.043551  0.081302 -0.001126  0.012059  0.000422]
[-0.002082 -0.019852 -0.021786 -0.005605 -0.023607  0.01261 ]
[ 0.074792  0.061882  0.063232 -0.005047 -0.02075  -0.019229]
[ 0.087623  0.069938  0.071238  0.008397 -0.000272  0.001309]
[-0.105259 -0.057019 -0.062383 -0.002946 -0.012725  0.01901 ]
[ 0.019854  0.005479  0.035967  0.024178  0.012999  0.010426]
[-0.040336 -0.041443 -0.02142  -0.009612  0.028534 -0.001143]
[ 0.013526  0.029918  0.024057 -0.029814 -0.009188 -0.00457 ]
[ 0.040098 -0.033593  0.055831 -0.000684  0.028746 -0.004361]
[-0.031134  0.038067 -0.010326  0.019193 -0.001213 -0.000881]
[ 0.062732  0.10316   0.024706 -0.013938 -0.021837 -0.004845]
[ 0.061964  0.011441  0.069429 -0.006127 -0.013975 -0.021507]
[ 0.035586  0.004597  0.040816  0.004221  0.00981   0.031834]
[-0.022413  0.018662 -0.008915  0.031153  0.021696 -0.018547]
[ 0.000429 -0.009628 -0.019809 -0.01415  -0.037948  0.005495]
[-0.08155   0.057814  0.137403  0.042333  0.018425 -0.009108]
[-0.008494  0.086124  0.067193 -0.0168   -0.002518  0.005883]
[ 0.055773  0.018959  0.050723  0.016627  0.011741  0.011001]
[ 0.113829  0.088465  0.140778 -0.025185 -0.007872 -0.013435]
[-0.002423  0.046934  0.012096 -0.002433 -0.029012  0.013118]
[ 0.00264   0.046808  0.068437  0.00077   0.004522  0.010474]
[ -1.109422e-02   3.332499e-02   3.645047e-02  -2.529827e-05   3.061486e-02
   7.817186e-03]
[-0.048439  0.007713  0.001151  0.037347  0.010183 -0.016844]
[ 0.011621  0.092106  0.04254   0.011934  0.026675 -0.009453]
[-0.015164  0.042432  0.047088 -0.000835  0.021306  0.006417]
[ 0.057142  0.014483  0.012992  0.027939  0.037079 -0.03755 ]
[-0.02656  -0.00124   0.047218  0.034814 -0.010453 -0.011313]
[ 0.042246  0.064121  0.045399 -0.00263   0.005297  0.000455]
[ 0.051837  0.042213  0.093554  0.036609  0.009576 -0.006996]
[ 0.017951  0.029093  0.030747  0.015569  0.001795 -0.031411]
[ 0.034289  0.064796  0.101447 -0.056275  0.029259  0.033171]
[-0.000355  0.05642   0.006947 -0.009697  0.024723  0.006607]
[ 0.113057  0.120131  0.098933  0.00209  -0.008886 -0.018042]
[  1.470030e-02   9.820494e-03   8.234978e-02   9.227369e-03   1.038340e-02
  -5.870095e-05]
[ 0.100067  0.117195  0.106306  0.00259  -0.007483 -0.003303]
[-0.025206  0.030896  0.023794  0.018725  0.020663 -0.002424]
[ 0.081764  0.09587   0.067157  0.006965  0.044462 -0.02714 ]
[ 0.035737  0.044358  0.084442  0.018407 -0.005349  0.014457]
[ 0.05047   0.055324  0.059512  0.004805  0.025801 -0.020215]
[-0.024019 -0.007388  0.037238 -0.043403  0.017761  0.00121 ]
[-0.062058 -0.024321  0.009832  0.073569  0.005893  0.055446]
[ 0.011333  0.052564  0.010511  0.0058   -0.008164  0.011506]
[ 0.076628  0.062737  0.027595 -0.012922  0.024822  0.013934]
[ 0.076978  0.058395  0.082823  0.004946  0.010407  0.010994]
[-0.01406   0.002058  0.015193  0.00361   0.009598  0.000809]
[ 0.044001  0.049521  0.045306 -0.043475 -0.004936 -0.012853]
[ 0.045192  0.052694  0.056774 -0.001033  0.004794 -0.007055]
[ 0.04447   0.001964  0.017575 -0.000637  0.034335  0.02183 ]
[ 0.016485  0.086569  0.109826  0.018358  0.005833  0.013762]
[ 0.057054  0.078663  0.065918 -0.013416 -0.007694 -0.005131]
[ 0.025132  0.095098  0.107102 -0.007172 -0.030673  0.011641]
[-0.061952 -0.077943 -0.001498  0.008015 -0.004916 -0.027631]
[ 0.010914  0.02488   0.020306  0.010206 -0.047163  0.000768]
[ 0.062629  0.046601  0.015416  0.002831 -0.003303  0.020523]
[-0.027842  0.041675  0.050587  0.019215 -0.012196 -0.014481]
[-0.103506 -0.062379 -0.049055  0.002271 -0.016265  0.010122]
[ 0.068145  0.002772  0.073016  0.001496 -0.018589 -0.018014]
[-0.041705 -0.057578 -0.051525 -0.002027 -0.021117  0.012978]
[ 0.041333  0.136105  0.105871 -0.005841  0.037105  0.000146]
[ 0.017553  0.074116 -0.020871 -0.031632 -0.032257 -0.024484]
[-0.047311 -0.000794  0.000513  0.016245  0.004768  0.003396]
[-0.034403 -0.007194 -0.0314   -0.004775 -0.021207  0.01493 ]
[ 0.021497  0.019025  0.024139  0.003833 -0.020966 -0.009401]
[ 0.033199  0.025864  0.018879 -0.004818  0.024972  0.006083]
[ 0.064158  0.09687   0.045562 -0.002734  0.005777 -0.022738]
[ 0.110208  0.087037  0.065077  0.019447  0.004984  0.016197]
[ 0.098115  0.039065  0.080744  0.022917 -0.018547  0.025016]
[ 0.002663  0.048296  0.024163 -0.008176 -0.007517  0.010682]
[-0.024428  0.033023  0.027659  0.013247  0.018371  0.017897]
[ 0.031968  0.042596  0.119381  0.009196  0.013418  0.027244]
('Mean', 1, ': ', 0.031967711743090675)
('Median', 1, ': ', 0.031967711743090675)
('Variance', 1, ': ', 0.0)
('Mean', 2, ': ', 0.042595703952328631)
('Median', 2, ': ', 0.042595703952328631)
('Variance', 2, ': ', 0.0)
('Mean', 3, ': ', 0.11938074343409771)
('Median', 3, ': ', 0.11938074343409771)
('Variance', 3, ': ', 0.0)
('time: ', 8864.667294025421)
