“Running plot script on a single CPU core”
[ 0.080168  0.309305  0.282767 -0.135072  0.288794  0.185624  0.119823
  0.292605 -0.048348  0.328347  0.159374  0.239905  0.060718  0.324583
 -0.191434 -0.267754 -0.033505 -0.997289  0.327942 -0.97214 ]
[ 0.122688  0.318274  0.273965  0.134835 -0.955894  0.315916  0.234793
  0.314124  0.307881 -0.192396  0.229775  0.228031 -0.864563  0.199189
  0.064746  0.170248  0.294857  0.269945 -0.9997    0.321815]
[ 0.271604  0.112048  0.015549 -0.254298  0.298448 -0.261519  0.260745
  0.333074 -0.445418 -0.8821   -0.367806 -0.603488  0.260048  0.295007
  0.178759 -0.565711  0.222692  0.244587 -0.961885  0.319473]
[-0.167214 -0.382176  0.331246  0.086897 -0.169674 -0.167043  0.324946
  0.18732   0.194331  0.079872  0.332941  0.317727  0.223577  0.276338
 -0.511135  0.309561  0.079578 -0.98305  -0.216766  0.122954]
[-0.595027 -0.035357  0.289416  0.331272 -0.919037 -0.690221 -0.589733
  0.315551  0.216823  0.297251  0.332477 -0.089508  0.186602  0.21718
  0.333205  0.328186  0.302961  0.326355  0.267169  0.262966]
[-0.018083 -0.146712  0.329861  0.330253 -0.668446  0.305749  0.33171
 -0.985788  0.332616 -0.269237  0.085266 -0.226672 -0.216513  0.331921
  0.062509 -0.564115  0.31472   0.077097  0.287821 -0.092106]
[-0.779288  0.189826  0.331964  0.23148   0.276261  0.180229  0.305039
 -0.880966  0.213609 -0.059192 -0.553559 -0.098692  0.329784  0.298915
  0.3275    0.129349 -0.086324  0.02024   0.113281  0.324737]
[ 0.005316  0.255442  0.11483  -0.325627 -0.34464   0.333329 -0.098318
 -0.967525  0.179696  0.164134 -0.600099  0.303716 -0.965718  0.331332
  0.061     0.313892  0.24371   0.164902  0.197216  0.326854]
[ 0.324995  0.324362  0.242187 -0.629252  0.323085 -0.003912  0.242111
  0.319147 -0.12724  -0.577119  0.333285  0.332658  0.120583  0.323819
  0.069548 -0.185555  0.184521  0.328694 -0.023203 -0.260095]
[ 0.311242 -0.610936  0.330323  0.306179 -0.287275  0.310927  0.250386
  0.329189  0.065449  0.141811  0.04985   0.174295 -0.270106 -0.27555
  0.330045  0.068591  0.31336   0.290449  0.316557  0.295509]
[-0.387434 -0.123829 -0.994932  0.065889 -0.017878  0.174179 -0.577616
  0.331892  0.088228 -0.518214  0.280182  0.187436  0.242953 -0.16466
  0.332867 -0.220501  0.244876  0.272422  0.226076  0.111074]
[-0.693224  0.102235  0.30643   0.290207  0.209289  0.234118  0.123578
  0.188622  0.218547 -0.297822  0.330232  0.275219  0.312455 -0.842243
  0.283601 -0.185229  0.041891  0.184439  0.180936 -0.976011]
[-0.999419 -0.556592  0.300175 -0.993188 -0.100915 -0.164549  0.259976
  0.216551  0.189163 -0.983588  0.315034  0.241441 -0.082603  0.325006
  0.066495  0.207777  0.05591   0.27282   0.118637  0.217245]
[ 0.262179 -0.867419 -0.790252 -0.088187  0.308851 -0.682676  0.322215
  0.314245  0.244326  0.317212  0.333282  0.176258 -0.059256  0.200773
  0.117737  0.267816  0.108784  0.214549 -0.924723  0.271305]
[ 0.330464  0.279496 -0.348108  0.317967  0.316494 -0.804796  0.117296
  0.080594  0.292036  0.284926 -0.89124   0.328091 -0.964274  0.155813
 -0.436376  0.269841 -0.273628  0.16718  -0.931763 -0.439302]
[-0.199294  0.323238  0.036898 -0.147767  0.330749  0.210491  0.119994
  0.116166  0.312276  0.332675  0.293104 -0.276216  0.249869  0.254488
 -0.934643 -0.155001  0.315951  0.315914  0.162435  0.283545]
[ 0.270314 -0.384629  0.332488  0.333003 -0.836084 -0.08555   0.328977
  0.067831 -0.819603 -0.589485 -0.91858   0.306308 -0.088357  0.326482
  0.324415 -0.782659 -0.989323 -0.026897 -0.397183  0.269503]
[ 0.321844  0.243703 -0.064338  0.321385 -0.06014   0.324662 -0.935544
 -0.281574 -0.630665 -0.035821 -0.251678  0.311736  0.194885  0.304507
  0.315283  0.295402  0.303857 -0.107117 -0.635114 -0.478903]
[ 0.316492  0.301467  0.193939  0.313493  0.292819  0.187918  0.254222
 -0.018696  0.274556 -0.479594 -0.547892 -0.881559  0.289434  0.103627
 -0.951433 -0.709652  0.320352  0.284786 -0.595098  0.298802]
[-0.100042  0.215499  0.32014   0.32581   0.303373  0.13457  -0.43773
  0.271457 -0.335089  0.003239  0.330265  0.166459 -0.435606  0.182395
  0.155571  0.097291  0.169683  0.074847  0.332356  0.280207]
[ 0.330504 -0.216082  0.299678 -0.928492  0.300692  0.067185 -0.977204
 -0.432613  0.235378  0.096975  0.307115  0.060377 -0.662415  0.303492
  0.106769  0.332615 -0.8057    0.272281 -0.183941 -0.004098]
[ 0.30642   0.16405  -0.776184 -0.436552  0.158442  0.213514  0.074373
 -0.935163 -0.670706 -0.29868  -0.991196  0.270432 -0.10676   0.154551
 -0.265388 -0.978366  0.051116 -0.9994   -0.98339  -0.100624]
[ 0.032404  0.288439  0.330488 -0.108164  0.325368  0.247419 -0.141384
  0.094653  0.333267 -0.95269   0.206935 -0.407166  0.28945  -0.849475
 -0.861397  0.237114  0.309645  0.307427  0.309678  0.128777]
[ 0.31293  -0.653043  0.251828  0.328038 -0.161347 -0.398204 -0.881639
  0.28961  -0.197781 -0.570633 -0.221819  0.300084 -0.813972  0.153873
  0.332787 -0.978616 -0.057164  0.326601 -0.138031  0.173191]
[-0.792763  0.160942 -0.469753 -0.231448 -0.593858 -0.58141  -0.008565
 -0.934815  0.329879  0.299151 -0.343481 -0.337623  0.299969  0.304856
  0.283096  0.271798  0.209772  0.263946 -0.035174 -0.097732]
[-0.991412  0.323147 -0.295733 -0.915872 -0.879942  0.323854  0.309523
  0.33289   0.298309 -0.213404  0.120761  0.31859   0.046486 -0.265891
  0.320161 -0.970252 -0.716594  0.33212   0.276826  0.33325 ]
[-0.066202  0.296567  0.306908  0.31669   0.234892  0.286768 -0.126079
 -0.286933  0.327344 -0.988384  0.082675  0.045728  0.326002  0.214339
  0.314252  0.313616  0.043604  0.224597  0.05535  -0.033384]
[ 0.0701    0.326562  0.142212  0.212366  0.177595  0.332222  0.281055
  0.028229 -0.440856  0.061813  0.318583  0.327477 -0.683591  0.209019
  0.201694 -0.102751 -0.033125  0.322667 -0.947406 -0.398633]
[ 0.065362  0.333107  0.322215  0.273251  0.272185  0.05165   0.291551
  0.275067  0.196288  0.202281  0.332818 -0.037229  0.332786  0.302806
  0.113626 -0.691771  0.184469 -0.322461  0.309846 -0.219668]
[-0.118555  0.325856  0.284118  0.258736 -0.885147  0.22415  -0.256687
  0.0252    0.331773  0.251619  0.331604  0.240899 -0.062653  0.323737
  0.304731  0.139442  0.181979  0.266215 -0.853223  0.098763]
[ 0.333221  0.105654 -0.136743  0.176092  0.268768  0.299914 -0.121587
  0.226252 -0.609473  0.157704 -0.135987  0.331125 -0.836163 -0.955755
 -0.691896  0.191557 -0.41335   0.314717 -0.040263 -0.372842]
[ 0.330924  0.332588  0.106389 -0.020988  0.333333  0.311164 -0.952887
 -0.018504  0.150286 -0.53561  -0.977263  0.268132  0.156927  0.32966
 -0.435295  0.236216  0.318204 -0.434422  0.018437  0.189397]
[ 0.133631  0.022458  0.177623  0.284979  0.244485  0.332266 -0.880328
  0.255333 -0.070328  0.309775  0.009492  0.27497   0.168132 -0.278152
  0.303334  0.318757  0.266119  0.156675  0.326459 -0.294038]
[-0.497926  0.002783  0.101373 -0.969293 -0.407518  0.124861  0.333331
  0.310266  0.194863  0.330512  0.127656 -0.939872  0.326741  0.330298
  0.169776  0.332201  0.226612  0.318325 -0.941134  0.178473]
[ 0.33123   0.067885  0.333186  0.009535  0.18666  -0.051964 -0.047059
  0.089896  0.001094  0.3003    0.257304  0.27325   0.333198 -0.147196
 -0.986628  0.013368  0.33146   0.326547 -0.154459 -0.991133]
[-0.29037  -0.364865  0.103088  0.077481  0.330422  0.290066 -0.058237
 -0.796234  0.315213 -0.486248 -0.89587   0.330401  0.261187  0.243374
 -0.055146 -0.510888  0.187846  0.29368  -0.999856 -0.129014]
[ 0.176573 -0.261128  0.304681  0.22616  -0.557477  0.308772  0.330503
  0.116468  0.112604  0.309894  0.226281  0.057968 -0.494358  0.332743
 -0.664552  0.252581  0.166991 -0.3148    0.302565  0.181356]
[-0.163556  0.162575 -0.88181  -0.996309  0.152661 -0.298073 -0.913988
  0.278162  0.301059 -0.534902 -0.00318  -0.691771 -0.207517  0.319665
 -0.059043  0.138159 -0.14234   0.139491 -0.311728  0.322854]
[ 0.27397   0.330915  0.174212  0.076263  0.194807  0.309248 -0.974875
  0.133544 -0.898806 -0.111808  0.26709   0.226584  0.235759 -0.08173
 -0.145707  0.199    -0.182291  0.330036  0.323882 -0.73851 ]
[-0.354235 -0.270791 -0.524638 -0.499214 -0.010653  0.013168  0.171088
  0.00748  -0.788709 -0.227287  0.295868  0.331495  0.280201  0.307479
  0.2348    0.319179  0.278991  0.011766  0.333237 -0.752532]
[ 0.137172  0.10712  -0.461009  0.258663  0.328857 -0.260471  0.306778
  0.141183 -0.205086  0.315009  0.322597 -0.178581  0.321982  0.106151
  0.278106  0.322302  0.215896  0.309662 -0.149112  0.323245]
[ 0.333332 -0.996255  0.325572 -0.999664 -0.413898  0.310388  0.217518
  0.330621 -0.984243  0.329017 -0.094514  0.19928   0.168144 -0.011634
 -0.999814 -0.998227  0.319365 -0.499364 -0.01426  -0.755891]
[-0.886806  0.175928  0.31546   0.21382   0.28081   0.333073  0.268745
 -0.999958 -0.990271  0.154634  0.119504  0.295105 -0.24671   0.332719
 -0.073162 -0.451551  0.315778 -0.98961  -0.247573  0.285881]
[ 0.260673  0.297628 -0.030902  0.332289  0.213815 -0.261548  0.316641
  0.228101  0.031439  0.314349  0.097386  0.18353   0.304486 -0.859872
  0.30989   0.235069  0.12614   0.332646  0.249277  0.228897]
[ 0.158842  0.269895  0.32367   0.331797  0.332615  0.311563  0.332731
  0.296762  0.175076 -0.374364  0.331341 -0.059029 -0.970636  0.331891
  0.15577   0.330819 -0.311007  0.271046 -0.402131 -0.007839]
[-0.753222  0.18043   0.17347  -0.686228 -0.429205  0.323667  0.202636
 -0.999421  0.24287  -0.205416  0.09872  -0.061658  0.02391   0.179171
 -0.948756  0.284155 -0.314044 -0.14305  -0.314896  0.249271]
[ 0.303078  0.175786  0.333159  0.319287 -0.134258  0.269631  0.330636
  0.314278  0.331037 -0.37895  -0.481935  0.243689 -0.931956  0.20566
  0.156468  0.323134  0.190719  0.314096 -0.045735 -0.334791]
[ 0.305364 -0.040352 -0.895962  0.333299  0.251203 -0.811471 -0.879178
 -0.278409  0.216407  0.312077  0.331399  0.324879 -0.967938  0.21163
  0.198365  0.314536 -0.94322   0.328237  0.307758  0.261409]
[ 0.080148  0.007875  0.266965  0.069958  0.322077 -0.672894  0.13268
  0.239816  0.255926  0.325428 -0.050885 -0.742302 -0.962826  0.087179
 -0.814702  0.14729   0.209102 -0.453339 -0.986753 -0.41953 ]
[ 0.220517 -0.541779 -0.257795  0.182891  0.216154  0.263989 -0.98994
 -0.729266  0.291045  0.295682 -0.511128 -0.603033  0.333028  0.333036
 -0.126896  0.32975   0.064148  0.035008  0.14648   0.331256]
[ 0.135204  0.248057  0.324371  0.142053  0.322025  0.291017 -0.435869
  0.326339 -0.195518  0.222138  0.302786  0.291945  0.117122  0.31429
 -0.56254  -0.958812 -0.215746 -0.008722  0.006073  0.095384]
[-0.138564 -0.082843  0.233979  0.180072  0.050227 -0.397041 -0.999956
  0.188645  0.015796 -0.107897 -0.361961  0.225173  0.332761  0.239466
  0.077611  0.328863  0.332739  0.149636  0.323096 -0.774056]
[-0.944686  0.240505  0.209216  0.266444  0.305763  0.03268  -0.881682
  0.317208  0.237718  0.311496  0.240166 -0.061191  0.230831  0.035162
  0.285342  0.271352  0.284836  0.085091 -0.326301  0.023121]
[ 0.222755  0.316382 -0.138996  0.228467  0.332355 -0.656711  0.294087
 -0.608394  0.031278  0.224228  0.086652  0.320941 -0.41225  -0.01601
 -0.94193  -0.304059  0.295596  0.285325  0.174982  0.167136]
[ 0.045046  0.252032  0.170312  0.332056 -0.023347 -0.01638  -0.09833
  0.312955  0.272297 -0.534144  0.182046 -0.204401  0.319317  0.178575
  0.332096  0.332251  0.33251   0.331737  0.193448  0.329135]
[ 0.285428  0.05025   0.288437 -0.825254  0.089265  0.197648 -0.078951
 -0.158288  0.286533 -0.858044  0.331291  0.310368 -0.04252   0.035136
  0.329496 -0.590698 -0.472     0.309043  0.039919  0.298419]
[ 0.28895   0.229423  0.057048  0.189545  0.249643  0.25857   0.176727
  0.182206  0.01389   0.19671   0.289151  0.333327  0.155059  0.30876
  0.323827 -0.088023  0.330926  0.312115 -0.898879 -0.578638]
[ 0.333233  0.310521 -0.12329   0.32622  -0.010112 -0.312811  0.211664
  0.01303  -0.265294  0.251583  0.288387 -0.483164  0.333306  0.21525
 -0.052622  0.272479 -0.869288 -0.137016 -0.438652  0.279437]
[-0.018122 -0.965036  0.328442  0.20175  -0.003543 -0.195235  0.256908
 -0.824589 -0.291628  0.332993  0.313305  0.226803  0.279408  0.123812
  0.224869 -0.1431    0.199448 -0.380288  0.314384  0.310525]
[ 0.232853  0.328926 -0.542262  0.243838  0.242153  0.333285  0.200013
 -0.383543 -0.655552  0.214033 -0.397636  0.31671   0.330619 -0.274155
 -0.5652   -0.574838  0.075981  0.301915  0.265262 -0.171077]
[ 0.003497  0.332319  0.146162  0.166918  0.316347 -0.137573 -0.116799
  0.295337  0.325063 -0.847479 -0.85087  -0.439815  0.195296  0.288589
  0.31659   0.205803 -0.331769  0.081847  0.325554  0.333232]
[ 0.183961  0.293633  0.301539  0.298263 -0.035292  0.279472 -0.056058
  0.180878  0.189741 -0.800502  0.324074  0.247345  0.333263  0.163922
  0.065384  0.333327  0.133544  0.326319  0.212909 -0.426697]
[-0.332339 -0.935938 -0.765457  0.183271  0.321264  0.113891  0.309427
 -0.152228  0.042108  0.288152 -0.634182  0.248829 -0.549699 -0.578573
  0.029235  0.294766 -0.12393   0.260872 -0.11023  -0.762055]
[ 0.29903   0.309623  0.22517  -0.024672 -0.859609  0.315462  0.311967
  0.258844  0.215668 -0.172706 -0.806749  0.126669  0.267219  0.176036
  0.142602  0.283283 -0.250448  0.296737  0.177542  0.320554]
[-0.093648  0.323718  0.286916 -0.170854  0.312863  0.117061  0.055466
  0.309225  0.196463 -0.061668  0.22928  -0.17761   0.28269   0.287773
 -0.264728  0.333071  0.333164  0.122013 -0.065421 -0.829889]
[ -3.774482e-01   2.427144e-01  -7.200841e-04  -9.637919e-01  -7.103387e-01
   2.584962e-01   2.939494e-01   2.228727e-01   2.925573e-01   3.195188e-01
  -6.016052e-01   9.110594e-02   3.210364e-01   3.151770e-01   3.236326e-01
   3.198285e-01  -5.003719e-01   2.673117e-01  -3.814958e-01   1.943769e-01]
[-0.050277  0.330341 -0.026097  0.332968  0.12612   0.224635  0.081793
  0.327354  0.020653 -0.042609  0.320626 -0.24727  -0.089446  0.154351
 -0.994509  0.233086  0.130778  0.315462  0.130118  0.230907]
[ 0.19577   0.332212  0.161794 -0.359535  0.17274   0.320273  0.333211
 -0.894276 -0.99848   0.271462  0.275036 -0.040524  0.30065   0.315217
 -0.970855 -0.345524  0.308313  0.236633  0.297133 -0.580932]
[ 0.333286  0.324164  0.328392  0.323353  0.293381 -0.020322  0.333285
  0.278796  0.249779  0.299767 -0.351452 -0.658732 -0.764891  0.056734
 -0.255962  0.333156 -0.636379 -0.205961  0.330523  0.306883]
[ 0.167598 -0.210004  0.324378 -0.676187 -0.42158  -0.798777  0.268674
  0.275875  0.057355  0.215013  0.296494  0.264365 -0.477059  0.187983
  0.322257  0.330208 -0.528243  0.2557    0.33121   0.282542]
[ 0.152549  0.319355  0.328744  0.312466 -0.988612  0.324998 -0.046986
  0.3221   -0.052074  0.241094 -0.114235  0.241133  0.099475 -0.979802
 -0.186677  0.031472 -0.846452  0.19561   0.159493 -0.159537]
[-0.179433 -0.873491  0.024492 -0.160895  0.091692  0.25488   0.282252
  0.099738 -0.330677 -0.168571  0.185228  0.276802  0.300707 -0.57188
  0.194917  0.318786  0.324429 -0.449347 -0.210307 -0.221239]
[-0.142492  0.302085 -0.030769 -0.047851  0.290712 -0.441963  0.229274
  0.313937 -0.990988  0.330303  0.030412  0.095204  0.331612 -0.017751
  0.328486  0.307678  0.176439  0.271677 -0.010344  0.199064]
[ 0.247456 -0.38208  -0.332893 -0.771589  0.290126  0.138841  0.19148
  0.327163  0.309877  0.156896  0.282962  0.323421  0.307673  0.312261
  0.280534  0.331411  0.216225  0.213864  0.138421  0.304232]
[ 0.273314 -0.13018   0.218971 -0.603992  0.28304  -0.82305   0.302315
  0.319143  0.309723  0.062498  0.323169 -0.143531  0.287249 -0.445028
  0.152056  0.332705  0.14871  -0.70499   0.295112  0.202001]
[ 0.176429  0.149168 -0.045713  0.318532 -0.758531 -0.119874  0.314874
  0.087316  0.114221 -0.190881  0.104748 -0.084472  0.312542 -0.11507
 -0.987732  0.328381  0.197241  0.283054  0.303336 -0.963761]
[ 0.323998  0.21497   0.148808 -0.0299    0.325913 -0.201406  0.315853
  0.328243  0.246281 -0.90049   0.245001 -0.441023  0.259956  0.251605
  0.152409  0.092507  0.269039  0.320902 -0.164385  0.271187]
[ 0.293619  0.231385  0.151848  0.120066  0.157442  0.22871   0.330599
 -0.927145 -0.501514 -0.450683  0.204262 -0.160149  0.2954   -0.999989
 -0.953017  0.148104  0.301352 -0.249836  0.247264 -0.338157]
[ 0.250111 -0.633035  0.301082 -0.427222  0.181136 -0.5436   -0.816985
  0.216058 -0.786992  0.228473  0.309443 -0.592501  0.329767  0.288417
 -0.043426  0.310814  0.218075  0.155957  0.246464 -0.334832]
[-0.344668 -0.647808  0.329779 -0.724138  0.144885  0.325346 -0.278837
  0.304186  0.321007 -0.693869  0.329678 -0.116512  0.093754 -0.317426
 -0.482729 -0.998486 -0.21471   0.139427 -0.442959 -0.647696]
[-0.793138 -0.540494  0.321374 -0.097397 -0.018661  0.321749  0.05633
 -0.632416  0.263624  0.293024  0.308018  0.284476  0.261976 -0.348784
 -0.003256  0.310493 -0.556965  0.110281  0.32385  -0.038721]
[-0.00845   0.303756 -0.549078  0.329337  0.303093 -0.426613 -0.562838
  0.332814  0.264611  0.244194 -0.71898   0.295666  0.126888  0.324536
  0.324094 -0.995849  0.281414  0.08597   0.106233  0.082323]
[ 0.211156 -0.898101  0.208664 -0.228556  0.191375  0.329694  0.312899
  0.332472 -0.022611  0.306724  0.307239 -0.951093  0.306963  0.269682
  0.307689 -0.406536  0.073952  0.333111 -0.85154  -0.337032]
[-0.469144  0.275205 -0.090138 -0.477032  0.065905 -0.219322 -0.13563
  0.327472  0.229627  0.209169  0.135759  0.319239  0.329948  0.333324
 -0.415447  0.233455  0.330107 -0.948651 -0.179807  0.331695]
[-0.128848 -0.362123 -0.294179 -0.503801  0.066592 -0.992161 -0.932611
  0.198419 -0.746485  0.319763  0.128324 -0.080429  0.250835 -0.0309
 -0.686684  0.09997  -0.643921 -0.961218  0.324539  0.303924]
[ 0.331388  0.27412   0.210556 -0.559453  0.32053   0.251329  0.268263
  0.180116 -0.167075 -0.051866  0.321117 -0.733121  0.329559  0.100971
  0.322759  0.269552  0.261528 -0.945102 -0.999283  0.310115]
[ 0.321244  0.17942  -0.177509  0.165725  0.209898  0.310617 -0.18291
  0.264673 -0.990603  0.306661 -0.579664  0.201386  0.018024  0.33165
  0.192565  0.329198  0.014911  0.14959  -0.097299  0.325254]
[ 0.301939 -0.189618  0.303055  0.245895  0.136918  0.3095    0.311996
 -0.368696  0.317122  0.186322 -0.758767  0.3231    0.311482  0.181371
 -0.064311 -0.135078 -0.192403 -0.250505 -0.107905  0.287993]
[ 0.321181  0.328579 -0.225273  0.332804 -0.077694 -0.11046  -0.1984
  0.134118 -0.553922 -0.991318 -0.864213 -0.853754  0.077762 -0.974293
  0.332671 -0.132094  0.319432  0.306453 -0.067344 -0.806019]
[-0.237727  0.009762 -0.034367 -0.21016   0.24178  -0.464688  0.288384
  0.32184   0.327423  0.292768  0.322612 -0.646354  0.051958 -0.215014
 -0.28351   0.294879 -0.397605 -0.175887 -0.99766  -0.132451]
[-0.061569  0.333288  0.117854 -0.186807  0.327092 -0.238997  0.226294
  0.215332  0.092863  0.327989  0.307976  0.139708  0.063482  0.330344
  0.329926  0.296775  0.142294 -0.936159 -0.655121  0.160534]
[-0.057857  0.014058  0.278822  0.098158  0.132173  0.111502 -0.617216
 -0.815166  0.040147  0.33114  -0.99944   0.310666 -0.049493  0.058789
  0.298775 -0.917662  0.169445  0.003581 -0.965342 -0.587013]
[-0.859649  0.330974 -0.359164  0.282752 -0.942342 -0.999714  0.236553
 -0.0351    0.261872 -0.551272 -0.429402 -0.215996  0.059722  0.301279
  0.104265 -0.572901  0.145178  0.281067 -0.589143  0.327295]
[ 0.208779  0.218762  0.316526 -0.171188  0.004262 -0.322115  0.300413
  0.192685  0.316304 -0.39287   0.255076  0.305317 -0.816505  0.249709
 -0.998661  0.314513  0.261275  0.185641  0.242492  0.178076]
[ 0.129268 -0.245738  0.276167  0.273758 -0.292343  0.325707 -0.425474
  0.279111 -0.261288  0.173894  0.176125  0.218131  0.052001 -0.40152
  0.306784  0.234758  0.175669 -0.693776  0.318012  0.326446]
[ 0.211139 -0.957258  0.219625  0.169159 -0.147281  0.319183 -0.806122
 -0.37563   0.312686  0.316073  0.311426 -0.910541 -0.947815 -0.089929
  0.098623 -0.525619  0.246343  0.217922  0.302673 -0.826608]
[ 0.255864  0.322612  0.264546  0.302213 -0.322285  0.186228  0.331684
  0.321911  0.268155  0.21476   0.242666  0.330323  0.317927  0.039716
  0.137486 -0.980132 -0.701534 -0.237581  0.236515  0.312689]
[ 0.243994  0.312754 -0.995379  0.261211  0.294696  0.271815 -0.99298
  0.29701   0.279271  0.210867  0.208089 -0.09646   0.284913  0.323989
 -0.439755 -0.119383  0.016092 -0.6288    0.280492  0.22152 ]
[-0.172834  0.172404 -0.725928  0.217997 -0.329376  0.332058  0.250352
  0.055319  0.291013 -0.497436 -0.70072   0.021552 -0.142325  0.158481
  0.319576 -0.438826  0.192934  0.22862   0.273297 -0.899661]
[ 0.326804  0.293091  0.302723 -0.309099  0.322622 -0.403449  0.329417
 -0.432095  0.333099  0.311573  0.132434  0.328742  0.293873  0.320606
 -0.999928  0.283614  0.268447  0.332112 -0.45512  -0.973911]
[0.048514661981641186, 0.023608685903367649, 0.033249902746601667, 0.0056910000664745775, 0.0072639115861222736, -0.016158053486886027, 0.067999434488386856, 0.045492671585146485, 0.037509531332383328, 0.05033911644777328, -0.00574284081082721, 0.0067608796856413189, 0.0091685842309080501, -0.0089941263767550628, 0.20616799504532352, -0.01519896499131701, 0.079943740474242908, -0.027153899431008321, 0.01109947813996065, 0.012635157466689265, -0.093448522433358161, -0.038979630844088509, 0.045698324929964299, 0.075071903268814938, -0.040478225142777324, -0.1126630666575168, 0.0095764675694613444, 0.056192531630947333, -0.016512367965679814, -0.0057603988028914477, -0.023898703223349194, 0.0048653548550706693, -0.053714487576189518, -0.028248641264077556, 0.0031771679729762914, 0.015571888886611818, 0.037946627124984256, 0.024896432725887208, 0.02564056007627169, 0.012424721989260645, 0.042625716740449626, 0.012309450309691883, 0.028376575934834003, 0.073935523627639888, -0.059478877193616969, -0.075085979863161456, -0.055797029924575525, -0.028791805544491678, 0.017606432502114314, 0.0019321351729443825, 0.12299103638432259, -0.032224232853054771, -0.027139549336952062, 0.059540236160472382, 0.022044162467245099, 0.039235077849928357, 0.06347997067035821, 0.085111793478255759, 0.046483905160653469, 0.030840676175832471, 0.040561326740126281, 0.014606679361274522, -0.0039365657805278675, 0.075234747183574646, -0.015770369917502233, 0.041429647519494794, -0.024590125239192014, 0.06570034608922054, -0.03910433495379223, 0.031204451008963879, 0.058655958810118841, -0.011050505275838285, -0.0020617633989523931, -0.072539792488378635, -0.00098605885369251745, -0.010401844833333757, 0.01705015789017017, -0.039221217750748272, 0.024152342876725574, -0.040621644519969913, 0.017583310085923176, -0.034925500671715036, -0.062405709669180104, -0.022542334817083176, 0.0062024289133239818, 0.0045312154448468589, 0.085553920779392695, -0.016503173361088086, 0.056876284684473921, -0.024676040399273513, 6.1925568005334608e-05, -0.026237428407337324, -0.039286520532371583, -0.030088951974513389, 0.011525928334832278, 0.015013543934083107, 0.097742985760229606, 0.020687636947101878, 0.020175452149654993, 0.065770034285837553]
('time: ', 9807.607560157776)
