“Running plot script on a single CPU core”
[ 0.070595  0.082687  0.086742 -0.00819  -0.010703  0.012517]
[ 0.076077  0.013192  0.035547 -0.020224 -0.037949 -0.020532]
[ 0.008831  0.015774  0.014118  0.004113 -0.008893 -0.015936]
[ 0.055001  0.006933  0.031919  0.006804  0.019918  0.003094]
[ 0.067363  0.012843  0.062861  0.004241 -0.015257 -0.014287]
[-0.016932  0.006285  0.058571  0.055294  0.01651  -0.00913 ]
[ 0.033006 -0.000451  0.032263 -0.005907  0.025252  0.00782 ]
[ 0.034828  0.046861  0.046222  0.012261 -0.00688   0.04396 ]
[ 0.035284  0.075636  0.037305  0.00941  -0.037159  0.000954]
[ 0.00562   0.027064  0.002001  0.020364  0.001505 -0.031064]
[-0.005368  0.051614  0.047413  0.011177 -0.006443 -0.005183]
[ 0.063557  0.052075  0.035418 -0.00683  -0.017645 -0.022141]
[-0.006376  0.088404  0.074733 -0.026358 -0.029125  0.005662]
[-0.035326  0.00512   0.026929  0.019075 -0.010296 -0.010622]
[-0.048688 -0.018687  0.007815  0.018512  0.006802  0.009435]
[ 0.036355  0.053081  0.04143   0.00313   0.004466  0.018922]
[ 0.033076  0.058822  0.060684 -0.006383 -0.029921 -0.017529]
[ 0.116084  0.160598  0.145641 -0.003115  0.04174   0.036162]
[-0.036629 -0.069278  0.023251  0.023953 -0.015048  0.04852 ]
[-0.079343 -0.000744  0.044941  0.061574 -0.039293 -0.016761]
[ 0.021743  0.079626  0.061696 -0.018891  0.001162 -0.024869]
[ 0.083949  0.009642  0.093588  0.042434  0.015917  0.035295]
[ 0.08963   0.032389  0.106002  0.012443 -0.010188 -0.005725]
[ 0.075765 -0.023611  0.137578 -0.009204  0.009441  0.023012]
[-0.002582  0.010373 -0.024541  0.016089  0.018223  0.010411]
[-0.035104  0.033992  0.04022   0.023998  0.000245 -0.008219]
[ 0.032078  0.066726  0.046946 -0.0246    0.002317  0.007038]
[-0.007318  0.061651  0.073466  0.000867  0.009088  0.003505]
[ 0.046211  0.064809  0.053663  0.01779   0.022582 -0.005721]
[ 0.053956  0.070316  0.083119 -0.014385  0.002179  0.006601]
[ 0.063471  0.095698  0.099667 -0.00787   0.005066 -0.009783]
[ 0.013923  0.020866  0.043875  0.002884 -0.017265 -0.016628]
[ 0.066757  0.092538  0.11219   0.001667  0.024493 -0.014089]
[ 0.022546  0.000239 -0.049212  0.002975 -0.010266  0.002526]
[ 0.002033  0.032832 -0.000978  0.005862  0.012694 -0.00733 ]
[ 0.06932   0.07301   0.024305  0.032571 -0.014936 -0.003776]
[ 0.043609  0.067887  0.028677  0.022098  0.014231 -0.039313]
[ 0.050679  0.097234  0.112665 -0.001821 -0.004313  0.01646 ]
[ 0.071101  0.045889  0.031076  0.004031  0.036667  0.005847]
[-0.058878 -0.045131 -0.024268  0.035072 -0.02211   0.027168]
[ 0.079963  0.054633  0.102913  0.008841  0.031178 -0.026052]
[ 0.06569   0.0765    0.085839 -0.013505  0.019752 -0.031812]
[ 0.032019  0.054169  0.069296  0.005188 -0.022897  0.010815]
[ 0.034543  0.036717  0.093716  0.011622 -0.006071 -0.00136 ]
[-0.023206 -0.041113  0.001708  0.014833  0.006007 -0.015993]
[-0.014884  0.016309  0.035653  0.021816 -0.017811  0.046755]
[-0.018584  0.064249  0.004906  0.014484  0.084597 -0.050105]
[ 0.048489  0.011731  0.066627 -0.018497  0.017038  0.048809]
[ 0.019628  0.014337  0.048219  0.018279 -0.010098  0.019623]
[ 0.048964  0.088762  0.130015 -0.009151  0.006357  0.000974]
[-0.022236  0.023251  0.062946 -0.036006  0.014306 -0.028686]
[-0.033382  0.030194  0.077918  0.042403 -0.008663  0.001861]
[ 0.08213   0.045226  0.028843 -0.041584  0.000309 -0.017423]
[ 0.065989  0.070124  0.09786  -0.029189 -0.013741 -0.002647]
[ 0.050258  0.01519   0.055659 -0.017244  0.019264  0.028245]
[ 0.002156 -0.016687  0.020302  0.007594  0.022145 -0.023732]
[ 0.051522  0.123707  0.122368  0.01203   0.007408  0.002616]
[ 0.061267  0.108601  0.107441 -0.007836 -0.00823  -0.000561]
[ 0.013791 -0.065098 -0.028383 -0.002311  0.003975 -0.01514 ]
[ 0.008717  0.006279  0.013142  0.000828  0.017081  0.005772]
[ 0.015972  0.061037  0.063677 -0.006778  0.018073 -0.014912]
[ 0.059138  0.085431  0.137846  0.024015 -0.003289  0.012356]
[-0.021473  0.007123 -0.048535  0.020565 -0.016784 -0.01031 ]
[ 0.044805  0.021949  0.055643 -0.001238 -0.030263 -0.032789]
[ 0.00174  -0.027434  0.011074 -0.006381  0.040562  0.008504]
[ 0.01876  -0.002254  0.058428 -0.013539  0.006428  0.002836]
[ 0.02472   0.063148  0.030263  0.012851  0.008298  0.009206]
[-0.049565  0.097353  0.108205  0.050147 -0.044878  0.018091]
[ 0.049996  0.037841  0.045177  0.011167  0.012836  0.025862]
[-0.008775 -0.018788  0.022094 -0.001084 -0.000929 -0.025873]
[ 0.03656   0.06926   0.06543   0.053289 -0.031193 -0.025928]
[ 0.014609 -0.0161    0.015379 -0.004359  0.009604 -0.03977 ]
[ 0.031865  0.069643  0.13904  -0.046887  0.038403 -0.018976]
[ 0.058651  0.091183  0.063882 -0.020255  0.028254 -0.001865]
[ 0.04607   0.106855 -0.024043  0.023848  0.033843  0.004863]
[-0.025119  0.002378  0.025808 -0.018204  0.046251  0.009954]
[-0.021634  0.037394  0.01164  -0.011535  0.00833   0.02644 ]
[ 0.037569  0.007867  0.081584  0.045614 -0.001512 -0.016622]
[ 0.050494  0.055834  0.055693 -0.009635  0.00178  -0.005001]
[ 0.06744   0.061299  0.058229 -0.019276  0.020282  0.014335]
[ 0.037133  0.04265   0.076761  0.007189  0.004318  0.001046]
[-0.0506   -0.02921   0.002553 -0.016632  0.008452  0.015159]
[ 0.013574 -0.069112 -0.003235  0.009668 -0.017423 -0.022317]
[-0.026643 -0.006029 -0.029217  0.000641  0.005576  0.019343]
[-0.007579  0.012984  0.001226 -0.009854 -0.004638 -0.048212]
[ 0.034613 -0.001618  0.056328  0.022676  0.015783 -0.057238]
[ 0.120798  0.062206  0.099931  0.005412  0.016514  0.026687]
[ 0.077983  0.001018  0.068307 -0.041677 -0.005782 -0.024174]
[ 0.052912  0.018895  0.03022   0.02638  -0.018263 -0.012634]
[ 0.040059  0.07602   0.017701  0.005656 -0.030176  0.006519]
[ 0.047077  0.04433   0.080757  0.001647 -0.016017  0.034862]
[ 0.012167  0.003326 -0.022675 -0.033241  0.017835 -0.018947]
[ 0.022367 -0.030416  0.048222 -0.011004 -0.005277  0.004211]
[ 0.057318  0.08295   0.077763  0.004291 -0.011284  0.02176 ]
[ 0.013211  0.062962  0.067035 -0.008375 -0.010226 -0.014608]
[ 0.01984   0.052563  0.056807 -0.016754  0.019084 -0.018632]
[ 0.019042  0.034463  0.009329 -0.00756  -0.01255  -0.014239]
[-0.012992 -0.014506 -0.03465   0.002445  0.018424  0.010024]
[ 0.035487  0.020292  0.006018 -0.012564  0.054138  0.004019]
[-0.049107 -0.102257 -0.049558  0.018078  0.017533  0.012158]
('Mean', 1, ': ', -0.049107235749451437)
('Median', 1, ': ', -0.049107235749451437)
('Variance', 1, ': ', 0.0)
('Mean', 2, ': ', -0.10225692495443008)
('Median', 2, ': ', -0.10225692495443008)
('Variance', 2, ': ', 0.0)
('Mean', 3, ': ', -0.049557969700652703)
('Median', 3, ': ', -0.049557969700652703)
('Variance', 3, ': ', 0.0)
('time: ', 8109.387151002884)
