“Running plot script on a single CPU core”
[ 0.166707 -0.311717 -0.628748  0.310699 -0.905034  0.258414 -0.899327
 -0.35152   0.097261 -0.997062 -0.008893  0.257871  0.312341 -0.96094
  0.287949  0.170501  0.202034  0.327597 -0.891477  0.33084 ]
[ 0.305251  0.069461 -0.719235  0.107442  0.067316 -0.689047 -0.967147
  0.119767  0.155286 -0.485501  0.320513  0.303171  0.295752  0.27596
  0.331975 -0.40354   0.232342  0.326961  0.31556   0.314139]
[-0.197038  0.311375 -0.2551    0.332546  0.312157  0.116195  0.267248
  0.300698  0.025638  0.096176  0.250733  0.317638  0.119931  0.211899
  0.328672 -0.093583 -0.407495  0.30152  -0.522219  0.207643]
[ 0.174292 -0.88199   0.24491   0.321157  0.284567 -0.731067  0.330814
  0.031525 -0.916756  0.333309 -0.531596 -0.05115  -0.293289 -0.99742
  0.33316   0.216553  0.324262 -0.822315  0.120637 -0.024578]
[ -9.884044e-01  -3.910768e-04  -6.560707e-01  -3.174199e-02  -3.017080e-01
   3.333333e-01  -5.154232e-01  -2.483192e-01  -2.099928e-01  -2.631020e-01
   3.292093e-01   2.844578e-01  -3.249900e-04  -3.680338e-01  -1.651608e-01
   2.829263e-01  -3.528485e-01   3.071893e-01   1.569439e-01  -8.825572e-01]
[ 0.259667  0.011954  0.212127  0.203009  0.145502  0.331116  0.111671
  0.333263  0.26164   0.318542 -0.308499  0.328867  0.314768  0.332447
  0.144719 -0.596148  0.236365 -0.976446  0.293309  0.275269]
[ 0.009315 -0.572351  0.324349 -0.502295  0.134247  0.307143  0.325439
 -0.045878 -0.060687  0.26198  -0.921333  0.143304  0.152943 -0.753183
 -0.446678  0.331586  0.033042 -0.373828  0.245807  0.233921]
[ 0.321934 -0.901761  0.188952 -0.331337 -0.382382 -0.234453  0.037973
  0.197173  0.332956 -0.201781  0.272108 -0.011829  0.171065  0.236618
  0.332945 -0.998815 -0.994604  0.144808 -0.731119  0.30404 ]
[ 0.310202  0.181912  0.319246  0.148231 -0.744823 -0.353396  0.31831
 -0.242588  0.191124  0.258706 -0.244228 -0.400826 -0.998647 -0.132068
  0.319505  0.312115  0.087683  0.288023  0.21355  -0.886991]
[ 0.142519 -0.528728  0.289451  0.328625 -0.408478  0.235551  0.173083
 -0.347329  0.321172 -0.164474 -0.073911  0.308076  0.029437  0.328967
  0.231671  0.321405 -0.540909 -0.97442   0.185294  0.030524]
[ 0.162979  0.324283  0.236367 -0.061885 -0.180731  0.293598  0.279443
  0.332562 -0.755251  0.109919 -0.273037  0.333137  0.239874 -0.378988
  0.282734  0.283739 -0.21384  -0.221759  0.321519 -0.233554]
[ 0.272256  0.223008  0.183595 -0.895415  0.267516  0.168437  0.302836
  0.27249  -0.087103  0.038823  0.301055  0.33305  -0.51553   0.124972
 -0.157384 -0.172873 -0.312714 -0.385791 -0.097021  0.119018]
[ 0.325073 -0.982292  0.114342  0.149668  0.277917  0.239892  0.212596
  0.256583  0.267217 -0.817952  0.331913  0.333332  0.23387   0.063944
  0.052344  0.316959 -0.349462 -0.371216  0.206956 -0.124281]
[ 0.076821 -0.311964  0.302057  0.322416  0.30345   0.100781  0.325439
 -0.162416  0.332051  0.324237  0.220754  0.277545  0.333307 -0.869884
  0.328311  0.32846   0.289274  0.331873 -0.108129  0.278803]
[ 0.286554 -0.042648  0.33333   0.227475  0.219956  0.303081  0.092796
  0.236924  0.333331  0.32157  -0.330986 -0.23648  -0.05955  -0.253014
  0.295376  0.284599  0.075302  0.332963  0.280398  0.253557]
[ 0.158287  0.328962  0.270278 -0.477254 -0.218805  0.321902  0.267709
 -0.978912  0.185487 -0.249919 -0.156833  0.194612  0.33277  -0.814911
 -0.108865  0.319799  0.306626  0.095605  0.257677  0.143065]
[ 0.210644  0.234907  0.32256  -0.533968  0.33304  -0.838547 -0.975171
 -0.223021  0.152308 -0.01795   0.225586  0.332818  0.313053 -0.939759
  0.175169  0.084071 -0.373064 -0.483341 -0.292473  0.30878 ]
[ 0.314387  0.239557  0.072434  0.162968 -0.170156  0.318279 -0.878683
 -0.034744 -0.901679 -0.671874  0.326134  0.272929 -0.607642  0.287803
 -0.500869  0.222471  0.068014  0.330249 -0.769618  0.276888]
[-0.237597  0.172544 -0.069581 -0.085844  0.28007   0.27369   0.312728
  0.282805  0.146185 -0.008116  0.016651 -0.619131  0.325041 -0.639875
  0.318366  0.27124  -0.017129  0.333307  0.013142 -0.974375]
[ 0.229529  0.331419  0.207007  0.113855 -0.99684   0.097016  0.182056
 -0.378493  0.302461 -0.352957  0.328613  0.301886 -0.445279  0.049773
  0.300544 -0.183468 -0.775036 -0.900726 -0.410348 -0.909403]
[-0.661448  0.331275  0.258545 -0.356645 -0.93198   0.285426 -0.581101
 -0.415144  0.329117  0.18464   0.315283  0.310123  0.306418 -0.998499
  0.315524 -0.069671  0.268594  0.04197  -0.833993  0.300608]
[ 0.27892   0.33303   0.097331  0.251318  0.036374 -0.143032  0.232597
  0.31677  -0.037514  0.242389 -0.102827  0.291687  0.213743  0.327381
  0.026953  0.221842  0.164541  0.289978  0.321513  0.313965]
[ 0.329907  0.237718  0.303094  0.288362  0.254017 -0.016357  0.231028
  0.32012  -0.035771  0.329579 -0.342309  0.307611  0.023711  0.165209
  0.332188  0.322827  0.250494  0.30397   0.210885  0.278235]
[-0.211969  0.042291  0.284552 -0.479064  0.292841  0.049108  0.2927
  0.316956  0.232897 -0.446884  0.256878 -0.032664  0.324468 -0.69456
  0.253143 -0.660703 -0.531517 -0.002866 -0.027864 -0.300585]
[-0.620279  0.225614  0.284198  0.201956 -0.724314  0.242556  0.331746
  0.315956  0.271082  0.21782   0.314308 -0.162078 -0.556219  0.296811
  0.026726  0.215075  0.278066  0.089746  0.272219  0.326706]
[ 0.317776  0.297935 -0.337868  0.136059 -0.100627 -0.393324 -0.0459
 -0.209599  0.068237  0.318291  0.241398  0.252068  0.213165  0.290461
  0.109487 -0.181161 -0.809767  0.004753 -0.41167   0.325046]
[ 0.32753   0.321133 -0.106514  0.314906  0.25592   0.329161 -0.906909
  0.328493  0.332506  0.333333  0.256721 -0.922034  0.227492 -0.758718
 -0.73353   0.306307 -0.242419 -0.309795  0.192337  0.226386]
[-0.016326 -0.500188  0.247211  0.332878  0.20434   0.22184   0.332736
  0.332231  0.276607  0.177585 -0.394547  0.329104  0.329975  0.332714
  0.319089  0.065816  0.318361 -0.164777  0.313897  0.330043]
[-0.71163   0.319901  0.294922 -0.517356 -0.031261 -0.788674  0.266938
  0.232403 -0.042037  0.262514 -0.698029  0.313477  0.263302  0.329818
 -0.978191  0.284242  0.151019 -0.122365  0.271557 -0.98036 ]
[ 0.295894 -0.974759  0.282724 -0.593122 -0.20571  -0.9585   -0.602472
  0.141486 -0.37909   0.330867 -0.903089 -0.954486  0.115251  0.328693
  0.291162 -0.422525  0.258128  0.150621  0.147914  0.27683 ]
[-0.219119 -0.366885  0.242191 -0.025065 -0.997679 -0.262189  0.006156
 -0.172219 -0.001451 -0.77479   0.056907  0.333316 -0.096537  0.119415
  0.219017 -0.266362 -0.454992  0.290966  0.277664 -0.10355 ]
[-0.105257 -0.641498  0.292114  0.123542 -0.108684 -0.631106  0.068085
 -0.009716  0.333114  0.324443  0.117356  0.322833  0.289391  0.157725
  0.223809  0.328263  0.16185   0.071986 -0.779224  0.331159]
[-0.331758  0.222748  0.30178   0.146268  0.063616  0.125377  0.333221
 -0.873403 -0.995792  0.326297  0.328964  0.3043   -0.26174   0.281118
  0.290033 -0.997306  0.171089 -0.652945 -0.402215  0.262929]
[ 0.328581  0.257393 -0.974816 -0.533872 -0.103742  0.297013 -0.607489
 -0.592865  0.275013  0.251964 -0.711756  0.193498  0.33238   0.318005
 -0.937458  0.328772 -0.980987  0.288093  0.211061 -0.414191]
[ 0.332679 -0.438875  0.307656  0.082682 -0.838164  0.085882  0.2689
  0.261234  0.312286  0.331885  0.333325 -0.010693  0.23662   0.294546
 -0.691909  0.235148  0.213998  0.216209 -0.725803  0.276823]
[-0.469701 -0.077504 -0.257576 -0.176508 -0.303432  0.327343  0.173627
 -0.984324  0.323303  0.005132 -0.264187  0.240409 -0.27626  -0.118661
 -0.997589 -0.211442  0.316621 -0.941723  0.326899  0.269519]
[-0.718803 -0.159785 -0.226541  0.309769  0.317398 -0.106264  0.05453
  0.318499  0.33215  -0.854977  0.30988   0.269086  0.239046  0.176657
  0.307132  0.1765   -0.235419  0.294728  0.317467  0.333095]
[ 0.320909 -0.818957  0.026868  0.332854 -0.896961 -0.914382  0.295288
  0.201573  0.322351 -0.997136  0.21258   0.289729 -0.342804 -0.003614
 -0.805914 -0.662392 -0.371634  0.332513 -0.112705  0.309255]
[-0.947553  0.330831 -0.993272  0.142448  0.299363 -0.952626  0.333251
 -0.473367  0.139635  0.307143  0.242362  0.319005  0.272967 -0.899339
  0.085869 -0.015938 -0.289357  0.170568  0.091686  0.223893]
[-0.043606  0.333114  0.284177  0.324065  0.059344 -0.10003   0.15712
  0.036389 -0.907094  0.226318 -0.895617  0.333319  0.30963   0.262658
 -0.778871 -0.103847  0.327158  0.298881  0.333273  0.294595]
[ 0.325013 -0.248759 -0.475987  0.315148  0.20541   0.173968 -0.011935
  0.285087  0.303729  0.205125  0.192104  0.31521  -0.14351   0.306146
  0.319141  0.284359 -0.000992  0.286787 -0.653065  0.329386]
[ 0.326442  0.327228  0.199818  0.324592 -0.600914  0.327588  0.217403
  0.330061 -0.942551  0.146165 -0.433163  0.331222  0.219197  0.289705
  0.28744  -0.485569  0.18631   0.169694  0.304247  0.248897]
[ 0.286863  0.252261  0.288264 -0.368181  0.160932  0.259859  0.229479
  0.331505  0.331568  0.093355  0.155575  0.305504 -0.368208 -0.183337
  0.333074  0.333152 -0.976264  0.316965  0.096084  0.290025]
[ 0.238889  0.120823  0.21936  -0.088562 -0.447659 -0.44347   0.104646
  0.324149 -0.066715  0.3225   -0.695663  0.287385 -0.939213  0.209818
 -0.397382  0.333155 -0.113406  0.216196  0.29838   0.183719]
[ 0.224499 -0.962549 -0.051233  0.243884  0.237572  0.077508 -0.678031
  0.229285  0.330007 -0.999742  0.325107 -0.38437   0.278815 -0.647649
  0.164158  0.067117 -0.062539  0.202234 -0.982161 -0.020835]
[ 0.254388  0.331152 -0.953067  0.328778 -0.468903  0.327182 -0.980974
  0.304139  0.223133  0.292846 -0.92067  -0.0304    0.019674  0.075155
  0.283081 -0.146929  0.268889  0.09961   0.301726  0.333323]
[ 0.227505 -0.155017  0.295681  0.302583  0.301911  0.316078  0.038822
  0.319075 -0.263347 -0.933495 -0.656634  0.29083   0.333177  0.289351
  0.004613  0.081099 -0.716535  0.329238 -0.646194 -0.403231]
[ 0.318104  0.0469   -0.879207  0.265734  0.328608  0.330436  0.293656
  0.32264  -0.999642 -0.403115  0.314513 -0.688442  0.272539  0.31533
 -0.121866  0.314684 -0.487405  0.305977 -0.557134  0.245373]
[ 0.278876  0.004599  0.329894 -0.335693  0.329441  0.236417  0.160722
 -0.845792 -0.76263  -0.7018    0.268741  0.091121  0.021049 -0.892059
 -0.310639  0.271652  0.276009  0.332157  0.128554  0.201305]
[-0.856663  0.174568  0.307784 -0.097578  0.248282 -0.042215 -0.094084
 -0.002623 -0.579575  0.159873  0.333333  0.020547  0.267411  0.332205
  0.200132  0.333223 -0.465497 -0.464942  0.26901   0.069185]
[ 0.328025  0.31141   0.314848  0.197427  0.174066  0.270967 -0.182342
  0.330111 -0.998966 -0.338168  0.329889  0.21483   0.021612  0.279984
  0.292749 -0.438349  0.25122   0.322735  0.333293  0.301454]
[ 0.226041  0.313118  0.244555  0.136111  0.010978  0.296875  0.325688
  0.121484  0.189467 -0.209128  0.295165  0.30817   0.193191 -0.37203
 -0.365694 -0.695284  0.325919  0.313353 -0.478094  0.211535]
[ 0.231369  0.03338   0.332674  0.316345  0.321375  0.322941 -0.987825
 -0.670477  0.288852  0.095809  0.123791 -0.98118  -0.98051   0.176668
  0.332644  0.329349  0.2933    0.14808   0.333178  0.307414]
[ 0.203372  0.224431 -0.615936  0.098278  0.237063  0.31428   0.056419
  0.332246  0.139317  0.092964 -0.999921  0.329347  0.161413  0.332446
  0.323694  0.140064  0.331853 -0.642915 -0.514446 -0.434078]
[ 0.215066 -0.393015  0.332464  0.171884  0.140078  0.156105  0.213118
 -0.698078  0.276206  0.28034   0.313626 -0.451341  0.287575 -0.509274
  0.333158 -0.298488  0.316162  0.173407  0.333162 -0.488425]
[-0.100325  0.128915 -0.146571  0.236932 -0.345355  0.213145 -0.355908
 -0.679552  0.310603  0.067107  0.24252  -0.012576  0.323027 -0.889552
  0.300114  0.31914   0.142207  0.310319  0.333329  0.212681]
[-0.336876 -0.936642  0.205473  0.144326 -0.318937 -0.033937  0.218201
  0.328041 -0.530778 -0.383297  0.333272 -0.937956 -0.069071  0.284378
 -0.778672  0.0209   -0.306133  0.301918  0.299741  0.225767]
[ 0.331231 -0.942367  0.017615  0.140698 -0.248476  0.332196 -0.847283
 -0.746191 -0.979628  0.150373  0.325653  0.332979  0.109761  0.332921
  0.302282 -0.331391 -0.397718  0.333186 -0.149196  0.121094]
[ 0.128741  0.252314 -0.08177   0.331831  0.065377 -0.834324  0.299888
 -0.548751 -0.407685  0.310968  0.062346  0.051924 -0.400077  0.326191
  0.318347 -0.797323  0.073505  0.318375  0.283886  0.318945]
[ 0.332618  0.299986  0.268544  0.253904 -0.876519  0.323225  0.311413
 -0.999422 -0.075833  0.174475  0.327767  0.220262  0.098355  0.261634
  0.292511  0.039896  0.161182 -0.568379  0.303987  0.328994]
[-0.659606 -0.069845 -0.312364 -0.576898  0.257469  0.313911 -0.939134
 -0.123692  0.166588  0.322422  0.241104  0.022373  0.283454  0.331494
 -0.99002   0.14963   0.304444  0.328494  0.308042 -0.459549]
[ 0.214204  0.051106 -0.021095 -0.584348  0.06688  -0.548323 -0.996194
 -0.641055  0.333078  0.148429 -0.494435  0.027821  0.332619  0.198723
  0.303197 -0.992531 -0.00738  -0.038669 -0.976049 -0.089829]
[-0.854706  0.234804 -0.106813 -0.081872  0.332047  0.158682 -0.005836
  0.321646  0.290269 -0.05547   0.153854  0.159468  0.118431  0.321998
  0.33224   0.189611 -0.599789  0.299252 -0.485588  0.328414]
[ 0.33308   0.325114  0.122605  0.024848 -0.826672 -0.389486  0.264085
  0.296939  0.302356  0.019598  0.332991 -0.675506 -0.671154 -0.973893
 -0.886573 -0.65389   0.32839  -0.220529  0.266026 -0.956191]
[-0.862341 -0.063153  0.301114 -0.160017  0.213425  0.292072 -0.093043
  0.329133 -0.30154  -0.093817 -0.514568  0.072307  0.24239   0.186509
 -0.269449  0.262993 -0.581841  0.233217  0.294529 -0.690881]
[ 0.042721  0.319215  0.305882 -0.479662  0.318279  0.024377  0.150208
  0.17454   0.267171 -0.646968  0.249016  0.272569  0.045092 -0.015163
 -0.000992  0.255359  0.279401  0.186703  0.329694  0.303578]
[ 0.250359  0.084407 -0.923008  0.266225  0.187798  0.154096  0.332724
  0.138937  0.280576 -0.184939 -0.896257 -0.699746 -0.877369  0.187514
 -0.443901 -0.618985  0.332877  0.324123  0.250461  0.333277]
[-0.197661 -0.292978  0.194703  0.173048 -0.99659   0.184167 -0.782109
 -0.890497  0.2211   -0.969308  0.098064  0.327467  0.232528  0.046604
 -0.469524  0.322542  0.306322  0.241753  0.31187  -0.95945 ]
[ 0.172194  0.330297  0.302032  0.32453   0.333021 -0.048276  0.3052
  0.329136  0.192379 -0.541479  0.30591   0.332909  0.31093   0.315953
 -0.532145  0.086558  0.051618  0.046842  0.123176 -0.962689]
[ 0.303171  0.266093 -0.784378  0.326236 -0.839242  0.267421  0.305923
  0.332745  0.333324  0.236078 -0.011647  0.252309  0.182542  0.333332
 -0.283066 -0.218407 -0.792419  0.171989  0.31753   0.072086]
[ 0.141949  0.29649   0.319033  0.220122  0.330908  0.149396 -0.089953
  0.234748 -0.12634  -0.710111  0.241473  0.331937  0.070907  0.325979
 -0.990746  0.063264 -0.165057  0.048563  0.321842 -0.401521]
[ 0.234263  0.163252  0.246903  0.324176  0.25722   0.309875  0.10253
  0.305669  0.318174  0.140406 -0.863783  0.275938  0.275471 -0.25246
  0.264742 -0.022189  0.310164 -0.361803 -0.985179  0.326807]
[ 0.331984  0.121422 -0.039819 -0.999692 -0.190728  0.22586   0.202902
  0.332071 -0.283339  0.323302  0.333178 -0.056437  0.312532  0.002469
  0.326111 -0.190181 -0.329503 -0.247729 -0.099797 -0.218138]
[ 0.252156 -0.407308 -0.188902 -0.068497  0.122377  0.297726  0.146263
  0.330752  0.215119  0.299624  0.216031  0.063337  0.035471  0.118669
  0.314071  0.239307  0.298914  0.245177 -0.000752  0.242194]
[ 0.309076 -0.734741  0.092189 -0.927976  0.20535  -0.082019  0.02012
  0.32616   0.105702 -0.022018 -0.161822  0.277975  0.320806  0.331246
 -0.840674 -0.83557   0.30875   0.254565  0.320027  0.123443]
[ 0.244102  0.213581  0.332404  0.240205  0.295249  0.228355  0.286176
  0.302242 -0.818764 -0.189021  0.229534  0.229981  0.022665 -0.921135
 -0.204599 -0.615728  0.204877 -0.689994 -0.907768  0.248968]
[ 0.306871  0.155727 -0.970354 -0.96177  -0.030788  0.329807  0.333061
  0.27894   0.198298  0.179083  0.131756 -0.423347 -0.592087 -0.988702
  0.328129  0.255404  0.241553  0.202136  0.319933  0.318768]
[ 0.259663 -0.836668  0.311055 -0.170772  0.179809  0.232778  0.277792
  0.28136   0.032386 -0.640891  0.326221  0.325938 -0.051555  0.22173
 -0.953187  0.286493  0.273953 -0.919711  0.33236   0.333325]
[-0.071486  0.333241  0.29099   0.148948  0.254104  0.313321  0.229087
  0.330865  0.332938  0.262744  0.082469  0.333325 -0.030081  0.305028
 -0.083133 -0.362866  0.034042  0.195566  0.275339 -0.848232]
[-0.131585 -0.675992  0.256815 -0.624384 -0.438522 -0.008997  0.233788
  0.307292 -0.464028  0.006882  0.333136 -0.350919  0.25968   0.293341
  0.209876  0.319792  0.094669  0.331831  0.018647  0.32497 ]
[-0.967207  0.331169 -0.292876  0.309521 -0.065838  0.245447 -0.577754
 -0.36917   0.305227 -0.246986  0.287867  0.094727 -0.101034  0.050051
  0.104059  0.185077  0.287305 -0.788061  0.310053  0.292411]
[ 0.332088 -0.048748  0.326269 -0.586927  0.291955  0.29419   0.333009
  0.019272 -0.157835  0.014379  0.25843  -0.858386  0.163307  0.333211
  0.246252  0.226482  0.331204  0.330507 -0.836247  0.317241]
[ 0.27916   0.260172  0.005012  0.091741  0.148194 -0.037405  0.333333
 -0.059036 -0.5701   -0.907065 -0.461183  0.331346 -0.227197  0.149885
 -0.722823 -0.377474  0.298518 -0.429186 -0.25141   0.289487]
[ 0.324987  0.250595  0.301416 -0.479129  0.23288   0.32668  -0.16962
 -0.088008  0.166906  0.328733  0.324468  0.315555  0.332548  0.182685
  0.305218 -0.338235  0.228294  0.008671  0.190492  0.308829]
[ 0.333298  0.146284 -0.089359  0.27026  -0.046376  0.001449  0.295792
 -0.02576  -0.293499  0.273347  0.331122  0.331045 -0.035319 -0.271655
  0.218861  0.129735 -0.32642  -0.437075  0.33247  -0.203309]
[ 0.187424 -0.974097  0.136355  0.307558  0.307536  0.313142  0.330977
  0.111222  0.318941 -0.349319  0.07008   0.238223  0.325914 -0.090552
  0.224017 -0.775601  0.250112  0.321452  0.305209 -0.387437]
[ 0.034753  0.097613  0.161399  0.286024  0.107778 -0.364078  0.179509
  0.151357  0.240001 -0.263821  0.232027  0.228143  0.084956 -0.866172
  0.10138  -0.807972  0.22379   0.144021  0.175142  0.333323]
[-0.8469   -0.258569 -0.870637 -0.033827 -0.098729 -0.3604   -0.191631
  0.215039  0.30093  -0.080995  0.308077  0.172731  0.280547  0.139669
  0.218363 -0.784114  0.196191  0.310356  0.316227  0.114172]
[ 0.329208 -0.224143  0.235491  0.194823 -0.023599 -0.173316  0.234078
  0.292763  0.223624 -0.829935  0.330291  0.333303  0.318838  0.153841
  0.166173  0.332203 -0.06817   0.333242  0.310356 -0.305418]
[ 0.304351 -0.998768  0.170565  0.323056 -0.990121  0.090412  0.325964
  0.324102  0.075869  0.236951  0.166825  0.065054  0.31489  -0.751639
  0.248223  0.210475 -0.886066 -0.043337  0.168156  0.319438]
[-0.216373  0.33136   0.32931  -0.490604  0.329398 -0.246116  0.283626
 -0.233381  0.309835  0.249549 -0.589612  0.289704 -0.252109  0.006339
 -0.423654 -0.008615  0.176882  0.253193 -0.423464 -0.296121]
[ 0.138794 -0.842647  0.167696 -0.178503 -0.971531  0.285328 -0.825187
  0.324227  0.298629  0.330987 -0.919651  0.125936 -0.969565  0.310586
  0.123926  0.317846 -0.422995  0.204944 -0.655297  0.304902]
[-0.787845 -0.466123  0.061023  0.274984  0.307101  0.322138  0.33179
  0.018312  0.279531  0.208974  0.25405   0.158686  0.325817  0.278081
  0.318118 -0.117629 -0.784516 -0.878876  0.180135  0.177385]
[ 0.017267  0.161253  0.295695 -0.098452  0.315206  0.190624 -0.082827
  0.270576  0.332013 -0.136239  0.321216  0.285919  0.187094 -0.822828
 -0.065038  0.333268 -0.456621  0.310123  0.234782  0.062062]
[-0.07429   0.311827  0.280521 -0.997271  0.035661  0.176497  0.320358
 -0.479043  0.308407  0.316063  0.294006  0.226399  0.326258  0.331253
  0.122395  0.041567  0.036766  0.320489  0.322299  0.039881]
[ 0.284316  0.300097 -0.184382  0.102701  0.091802  0.127029 -0.939442
  0.324133  0.309868  0.092181  0.270502  0.222752  0.067431  0.312333
  0.319014  0.301496  0.167363  0.2812    0.279496  0.276285]
[-0.399254  0.30054  -0.44316   0.002443  0.242548  0.269243 -0.249122
  0.178417 -0.089059  0.079238  0.056796 -0.803483  0.131119  0.173293
  0.086141  0.209681  0.136786 -0.986235 -0.439215  0.312713]
[ 0.169005 -0.291972 -0.363478  0.329865  0.330436  0.326821  0.313288
 -0.37235   0.006522  0.323725  0.122274 -0.828435 -0.176295  0.332143
 -0.605949  0.253177 -0.998897 -0.283451  0.191035  0.217889]
[-0.922058  0.209335  0.331121  0.328754  0.307261  0.065887  0.296491
  0.32141   0.270686  0.272508  0.053853 -0.28606   0.118414  0.330721
  0.20237   0.321998  0.294685  0.331021  0.15444   0.255412]
[-0.019788 -0.409692  0.332509 -0.412105 -0.020785 -0.833488  0.181138
  0.109924  0.140186  0.253456  0.28048  -0.562603  0.126423  0.292193
  0.332915 -0.297629  0.284759  0.331762  0.329766 -0.038965]
[-0.006978355673899983, 0.025168859750985928, 0.0057946855396417973, 0.056298585748950719, -0.011546944270070081, 0.027198357925876937, 0.00053930725385790447, -0.0059538282045568658, -0.04061092421859186, -0.028387129351210044, 0.018502207349753413, 0.079497178723624329, 0.074056373374938977, -0.03176879667110373, 0.081102527982836931, 0.016562411942784988, -0.021542693859236989, -0.021683730109067823, -0.018391256372001785, -0.045045362757923924, -0.015197398069345391, 0.047091181300357582, 0.066472778576643854, 0.0021587489297845985, 0.085988825145934422, 0.056548063578214736, 0.054960198956348405, 0.031222717919948, -0.076467095649863648, 0.043384740722853532, -0.033755473460335, 0.030731546353233774, 0.013685440074034605, 0.040504364637138246, 0.11184146875398931, -0.061815233419312277, -0.015856783990005008, 0.10467167416460973, -0.068931452925586334, 0.030213115042576677, 0.037911336283554142, 0.06337413905577638, -0.014534900635021608, 0.050217051189742623, 0.082594213141784417, 0.054375878891973234, 0.048552999249711293, 0.045157277819238451, 0.046733873300660894, -0.0048903889292517544, 0.080288805326187707, 0.057675581788464658, 0.072895234573878892, 0.025087336375863356, 0.082065873169149872, 0.042959411984195464, -0.006342441895619777, 0.061413692181370771, 0.024002425773184247, 0.057893052187614258, 0.010289063749897132, 0.071407201278151367, -0.0014692500843062062, -0.011663736657419432, -0.092259407668658588, 0.03763298963946389, 0.042556036258138696, -0.033942398899363679, -0.0085665562874218948, -0.0081306120152798145, -0.019714220279077016, -0.048753363276569733, 0.085119509375864849, -0.045414025846095774, -0.064495508850218597, -0.058076401589435084, 0.010401594871376152, 0.023208073379357652, -0.024156314928996676, -0.0039882456932920363, 0.029954739080049642, 0.018510206295996423, 0.043067488348774302, -0.0042547170127947287, 0.013711373414151795, -0.015898663896765836, -0.041695722688063971, 0.02463580648983521, -0.013094162392646214, 0.035003021876380991, -0.0037193805235363475, 0.034617229391742332, -0.011088413703547961, 0.031322550976220151, 0.020274024186657913, 0.03323501105155624, 0.01588564589076763, -0.0073304433123856094, -0.011819339439439247, -0.033054361068405924]
('time: ', 9948.46844792366)
