“Running plot script on a single CPU core”
[-0.685449  0.270762 -0.61098   0.081214 -0.44258   0.321842  0.295046
  0.318084  0.30961   0.052452  0.263951  0.110648  0.302043  0.326734
  0.211021  0.312812  0.246941 -0.236487  0.268375  0.279673]
[ 0.25846   0.322259  0.008344  0.098944  0.331319  0.325123  0.037935
  0.321904  0.323266  0.127055  0.282676  0.265104 -0.245895  0.181973
  0.144759  0.330056  0.207956 -0.184888  0.290927  0.273481]
[-0.267635 -0.823242  0.013981 -0.250988  0.330072 -0.066675  0.299546
 -0.579991  0.22149   0.030184 -0.104021 -0.323049  0.206236  0.160205
  0.143296 -0.474956  0.164797  0.319742  0.322009  0.155685]
[ 0.330313  0.24703   0.230379  0.318894 -0.337135  0.181975 -0.973453
  0.323338 -0.597334  0.324694 -0.453777 -0.925998  0.333247 -0.014597
 -0.363053  0.333272  0.297119  0.208451  0.165801 -0.998623]
[ 0.178038 -0.530352  0.261372  0.330113 -0.154658 -0.33907   0.308774
  0.324647  0.332939  0.3281   -0.503678 -0.030792 -0.044054 -0.935503
  0.33187  -0.485771  0.108167  0.149095  0.128433  0.205322]
[ 0.328239  0.176299  0.252854  0.298284 -0.631556  0.008834 -0.517027
 -0.090193 -0.030165 -0.960523  0.117259  0.33329  -0.014547  0.323494
 -0.122242 -0.381162  0.266041 -0.545497 -0.421671  0.320517]
[ 0.299953  0.278787  0.302987  0.243769  0.219422  0.129801  0.179609
  0.301686  0.332626  0.307797  0.266369 -0.025025  0.291439  0.268615
  0.329315 -0.217303  0.156415 -0.570849  0.301703  0.330461]
[-0.102889  0.121501 -0.054817 -0.879194  0.209095  0.232446  0.331862
  0.328762 -0.983125 -0.762143  0.330642 -0.919665  0.32823  -0.881312
  0.330058  0.021227  0.333333 -0.466891  0.3144    0.331038]
[ 0.204012 -0.746868 -0.201258  0.296218  0.162978  0.33316  -0.429424
  0.330942 -0.436466  0.245631  0.109988 -0.051985 -0.115707 -0.114194
  0.261301  0.144867 -0.035772  0.286068 -0.541111 -0.90579 ]
[-0.46316   0.331219  0.064892 -0.879525  0.329455  0.180148 -0.103748
  0.331363  0.247325 -0.997144  0.219676  0.256025  0.036202  0.271273
 -0.2002    0.331186  0.233571  0.160389 -0.878846  0.325361]
[-0.945341  0.233027 -0.160729  0.268385 -0.17311  -0.235904  0.314454
  0.173877  0.259488 -0.458547  0.327852  0.321134  0.115192 -0.323281
  0.325921 -0.588592 -0.062973 -0.998244 -0.704182  0.039488]
[ 0.292425  0.268664  0.257703  0.332222  0.298472  0.123945 -0.096452
 -0.99999   0.318785  0.331348  0.333331  0.283638  0.294143  0.209827
  0.231094  0.271195 -0.93333   0.130833  0.123332  0.073783]
[ 0.016958  0.250171  0.133611  0.226965  0.280471 -0.959561 -0.654276
  0.323727  0.331111  0.245976  0.330847 -0.087807  0.310281 -0.975046
 -0.31915   0.133062  0.015683 -0.437993  0.306036  0.303738]
[ 0.2968   -0.350842  0.329592 -0.948523  0.333261  0.328371  0.146333
  0.259462  0.328155  0.2281    0.127208  0.229766  0.173169  0.273469
  0.184118 -0.347057  0.130387  0.287211  0.138755 -0.994135]
[ 0.269231  0.23603  -0.637555 -0.754752 -0.104256  0.132041  0.299018
  0.295195 -0.98711  -0.689999 -0.119399  0.303214  0.19578   0.09946
 -0.003237 -0.309296  0.198523  0.021173  0.13634  -0.18318 ]
[-0.969007  0.143021  0.327466 -0.327248  0.32973  -0.209799  0.154065
  0.164474 -0.415846 -0.462435  0.171541  0.254861  0.14758  -0.99639
  0.106481  0.213072  0.250546 -0.769525  0.328787 -0.066634]
[ 0.12445   0.297823  0.326639 -0.879848  0.333072  0.271588 -0.931286
  0.326925  0.332971  0.01384  -0.068865 -0.588595 -0.868397 -0.333487
  0.32099   0.186217 -0.262553  0.199089  0.301217  0.325126]
[ 0.202266 -0.047687 -0.294983  0.324678 -0.730173  0.290169  0.311633
 -0.791503  0.161998 -0.915457  0.086203  0.073241  0.303955  0.277482
  0.280943 -0.297924  0.330756  0.263688  0.333333 -0.019437]
[-0.65499   0.331801  0.303565  0.294936  0.177824 -0.184316  0.315095
  0.003921  0.32887   0.175417  0.236328 -0.605913  0.272782  0.292981
  0.265171  0.02504   0.197978  0.333009  0.32209   0.048101]
[ -3.032739e-01  -8.046622e-01  -5.602804e-04  -2.573947e-01   1.533356e-01
  -3.347622e-01   7.707432e-03   3.330429e-01   3.314945e-01   2.812966e-01
  -3.011333e-01   4.702542e-02  -3.247528e-01   3.290659e-01   1.550434e-01
   3.080503e-01   3.033089e-01  -1.132808e-01  -8.295911e-02  -9.911481e-01]
[ 0.234928  0.329503  0.186607  0.255861  0.183366  0.280138  0.069814
 -0.880277  0.085194 -0.906665  0.187716  0.332806  0.313226  0.332827
 -0.21913  -0.100112 -0.343908 -0.281581  0.185986 -0.828142]
[ 0.192645 -0.731118 -0.057131  0.293667  0.116824  0.333327  0.237301
  0.316145 -0.359376  0.04297   0.274931 -0.727867 -0.967762  0.143682
  0.221347 -0.425878  0.297371  0.299713  0.333311  0.235724]
[ 0.319169 -0.315666  0.16109   0.298964  0.204895  0.214668  0.318142
  0.217854 -0.008719  0.303417  0.273075 -0.050531  0.073762  0.099823
  0.232071  0.323814  0.289164  0.131185  0.231262 -0.921962]
[-0.158315  0.328901 -0.847012  0.075311  0.103919  0.284238  0.147113
 -0.294217 -0.046631 -0.093757  0.053424 -0.055777  0.330589  0.162015
  0.214797 -0.475863 -0.475967  0.310405  0.289162  0.260024]
[ 0.184327  0.327169 -0.532631  0.191185  0.186492 -0.99959   0.309719
  0.329982 -0.554122  0.216565  0.310834  0.308405  0.330655  0.302195
 -0.026645  0.091649  0.16423   0.3163    0.330354 -0.56687 ]
[ 0.312077  0.333327  0.284265  0.241065  0.289182 -0.302514 -0.191039
  0.205159 -0.380729 -0.453641 -0.203279 -0.089258 -0.213529 -0.997113
 -0.968705 -0.127424 -0.965889 -0.670807  0.330147  0.285333]
[ 0.303118  0.332206  0.150091  0.081563  0.136531  0.292688  0.029529
  0.258813  0.196927 -0.40486   0.150857  0.186401 -0.994249  0.317225
  0.33031   0.166179  0.31253   0.32881  -0.988454 -0.992073]
[ 0.153655 -0.408714  0.163299 -0.121565  0.312376  0.318855  0.166121
  0.31988   0.278293  0.246591  0.320448 -0.712417  0.252515  0.195369
  0.303372  0.280598  0.22603   0.331586 -0.253301  0.154252]
[ 0.120606  0.301612  0.070633 -0.106103  0.333165  0.317904  0.232618
  0.109617  0.332588 -0.417172 -0.323902  0.153294  0.227766  0.32693
  0.330674 -0.985961  0.307592  0.259854  0.332863  0.290536]
[ 0.175488  0.320209 -0.263828 -0.119176  0.260392 -0.77684   0.32739
  0.332748 -0.341372 -0.33943  -0.048388  0.294562  0.254693  0.303528
 -0.98477   0.196833  0.246802  0.138276  0.205629  0.32278 ]
[ 0.300656 -0.919686  0.220754  0.243302  0.327336  0.3329   -0.659902
 -0.217545  0.27098   0.324664  0.296296 -0.162938  0.263828  0.330556
 -0.978105  0.332712  0.204631  0.23923   0.129678 -0.294126]
[-0.144605 -0.199281 -0.714837 -0.145285  0.109212  0.333277 -0.921541
  0.08829   0.296386  0.144289  0.06628   0.176526  0.292556  0.304984
  0.318228  0.328503  0.299518  0.331933 -0.605667 -0.074709]
[-0.366809 -0.018009 -0.104875  0.308746 -0.237479  0.219481 -0.880623
  0.332217  0.332541  0.328406  0.125777  0.171349  0.057232 -0.056569
  0.187125 -0.80639   0.319828 -0.323642  0.224888  0.260418]
[ 0.063023  0.322586  0.166733 -0.99987   0.318439 -0.14776   0.048479
  0.004963  0.3023   -0.116309 -0.980965 -0.537493  0.322944  0.333313
  0.332032  0.330872 -0.730601 -0.046791  0.076342  0.214493]
[ 0.327384 -0.98906  -0.329776  0.303809  0.248316  0.23721  -0.875801
  0.301428  0.245607 -0.610142  0.166257  0.261934 -0.250556  0.17852
 -0.142503  0.328172 -0.398375  0.099298 -0.986264  0.299772]
[ 0.152546 -0.048878 -0.168575  0.318977 -0.630483  0.26115   0.201864
  0.29705  -0.890252 -0.636336  0.156369  0.116985 -0.662726  0.325819
  0.320555 -0.147628  0.289002 -0.008805  0.040149  0.227621]
[ 0.068846  0.03753  -0.01514  -0.578559  0.26612   0.314221  0.333245
  0.093308  0.330066 -0.185291  0.311845 -0.213814 -0.095855 -0.163974
  0.333264 -0.385008  0.261035  0.283417 -0.92444   0.121678]
[ 0.31782   0.226838 -0.999978 -0.351261  0.079497 -0.779552  0.331986
  0.163412  0.326086  0.274064  0.332106  0.296471 -0.132956  0.317226
  0.321081  0.259542  0.206176  0.198127 -0.513547 -0.046878]
[-0.130681 -0.453792  0.332916 -0.598631  0.322086  0.208048  0.330391
 -0.122608 -0.08079  -0.805363 -0.924694  0.252523 -0.058713 -0.970472
 -0.878219 -0.781054  0.330983 -0.564161  0.174773  0.303866]
[ 0.273212  0.23407   0.023974  0.305203 -0.056326  0.310831  0.33082
  0.330608  0.21232   0.325896  0.302063  0.333124 -0.722096 -0.332668
 -0.197794  0.306051 -0.424188  0.300369  0.280777  0.079116]
[-0.259691  0.004629  0.193033  0.215016 -0.113235  0.306661 -0.34694
  0.263198  0.215785 -0.21301   0.145612  0.021222  0.306522  0.089825
  0.263888  0.31192  -0.934835  0.330766 -0.191883 -0.824783]
[-0.287582  0.258168  0.235035  0.103089  0.272509  0.050741 -0.172777
 -0.042837 -0.263112  0.230717  0.2977    0.285657 -0.076083 -0.464321
  0.162353  0.176625  0.204065  0.060552 -0.369692  0.211358]
[ 0.274559  0.206909  0.191643  0.331662 -0.884659  0.186057  0.266016
 -0.023658  0.318878  0.287019 -0.906914  0.285744  0.26857  -0.768934
 -0.648442 -0.484285 -0.048993  0.303356 -0.018444  0.31192 ]
[ 0.235531  0.302788 -0.004366  0.332402  0.15771   0.093826  0.313378
  0.333285  0.313241 -0.999622  0.307047 -0.510999 -0.945401  0.327004
  0.318741  0.186861  0.245267  0.255659  0.331381  0.267972]
[ 0.303624 -0.27382   0.279086  0.172565 -0.261358  0.305045  0.311793
  0.332415  0.308409  0.119956  0.301576  0.328533  0.328604  0.086974
  0.315176  0.136266  0.263277  0.298191  0.331111 -0.417682]
[-0.984484  0.232979  0.283831  0.325058  0.253768 -0.599217  0.332516
  0.136994 -0.197154  0.198516  0.310615 -0.232672 -0.406682  0.097365
 -0.004358 -0.984364  0.130206  0.303342  0.248429  0.33048 ]
[ 0.320979 -0.154911 -0.726449 -0.175332  0.069064  0.313934  0.325687
 -0.340909  0.323436  0.277049  0.321941  0.287191  0.330282 -0.720113
 -0.210853  0.309253 -0.716939  0.088234 -0.146639  0.320774]
[-0.181644  0.189866 -0.963012  0.232245  0.160428  0.329574 -0.309882
 -0.906171  0.32791   0.310746  0.272383  0.277483  0.288556  0.324509
 -0.999963  0.209935 -0.548719 -0.288815 -0.492804  0.206418]
[ 0.333021  0.310721 -0.070524  0.28503   0.329961  0.304335  0.308531
  0.209707 -0.232359  0.221825  0.212057  0.008688  0.243729  0.31466
  0.067158 -0.440191  0.270733  0.191238 -0.998986 -0.531858]
[ 0.30178  -0.131203 -0.950256 -0.360008 -0.0179   -0.001458 -0.664915
 -0.941283 -0.09773   0.333328  0.322694 -0.271373  0.217638  0.302833
 -0.677091  0.32405  -0.483665  0.294937  0.331308  0.326026]
[ 0.333202 -0.746205 -0.980612  0.096248  0.286782  0.333105 -0.158873
  0.156341  0.252513  0.323894  0.191669 -0.278182 -0.836168  0.332462
 -0.93441   0.294522  0.052506 -0.938825  0.326842  0.270145]
[-0.480755 -0.237473  0.215111  0.331858  0.245972 -0.343365  0.331432
  0.097349 -0.879781 -0.702465 -0.100618  0.034273  0.327636  0.169308
 -0.197853  0.331727  0.209204  0.332753  0.288156  0.21307 ]
[-0.994384 -0.322159  0.2808    0.333327  0.316429  0.320086  0.218447
 -0.837515  0.013405  0.229968  0.327766  0.284609  0.124527  0.264667
  0.305116 -0.789911  0.209465  0.320792  0.210807 -0.082859]
[-0.213538  0.170756  0.168481 -0.730748  0.317422  0.332027 -0.207176
  0.180609 -0.170346  0.224685  0.33333  -0.763151  0.163881  0.180857
  0.318457  0.319968  0.268472 -0.197496  0.33304   0.268931]
[-0.400257 -0.332473  0.206739 -0.313927  0.185469 -0.476971  0.232293
  0.330475  0.205491  0.312016  0.332289 -0.769198 -0.838726 -0.437087
  0.28791   0.240944 -0.868689  0.053957  0.186811  0.333136]
[-0.945289 -0.990209 -0.336972  0.332711  0.004364  0.332176 -0.521732
  0.180069 -0.955003  0.330838  0.329291  0.31023   0.018641  0.207895
  0.333322  0.332374  0.28553   0.259403  0.192275 -0.237991]
[ 0.253032 -0.881505  0.038725 -0.697423 -0.994417  0.165577 -0.8022
  0.060567 -0.460473  0.32944   0.312258 -0.760612  0.333322 -0.892028
  0.284513  0.321405  0.221166 -0.465936  0.309387 -0.914177]
[ 0.308338  0.331104  0.218677  0.236244  0.281269  0.224528  0.015306
  0.29569  -0.901199 -0.110456  0.112569  0.333293 -0.002552  0.27151
 -0.946141  0.29163  -0.797201 -0.123012 -0.112907  0.12149 ]
[ 0.308822  0.224951  0.142123  0.0027    0.328772 -0.315518 -0.746212
  0.265862  0.2926    0.320662  0.311389  0.327095  0.312511  0.152088
 -0.066809 -0.155929 -0.160766  0.311887  0.036257  0.331679]
[ 0.314069  0.028198  0.190752  0.333009  0.29845   0.320236  0.331101
  0.059635 -0.128347  0.212515  0.331503  0.330947 -0.689134  0.269435
 -0.548836  0.333324  0.324337  0.316604  0.292671  0.329878]
[-0.104366  0.326509  0.18894  -0.071234  0.32064  -0.22011  -0.725302
  0.236661  0.063746 -0.977679  0.071267  0.333328  0.291645  0.308496
  0.253985  0.063166  0.133919 -0.180567  0.209741  0.333216]
[ 0.297494  0.057725  0.129977  0.24629   0.323182  0.300614  0.33281
 -0.954598  0.323658  0.333311  0.333031  0.32919  -0.76495   0.047294
  0.213687  0.056422  0.300461 -0.888493  0.079418  0.328421]
[ 0.258674  0.267211 -0.310445 -0.664988  0.1346    0.018236  0.187106
  0.327075  0.032731 -0.250126 -0.260327 -0.107106 -0.901906 -0.157366
 -0.386906 -0.301688 -0.460742  0.063102  0.320605  0.174156]
[ 0.190017  0.065717 -0.886854 -0.983636  0.309823  0.273593 -0.09607
  0.333052 -0.09995  -0.635286  0.210879 -0.164238 -0.525059  0.281503
 -0.900405 -0.901171 -0.03767  -0.067419  0.298698  0.219629]
[-0.611922 -0.894454  0.314834  0.323163  0.14418  -0.349065 -0.274286
 -0.156813  0.182365  0.332778  0.32824  -0.781542  0.29685  -0.827291
 -0.30914   0.119581  0.325999  0.239483  0.31817  -0.509327]
[-0.496639  0.185723 -0.17134  -0.964089  0.328552  0.330372  0.075714
 -0.19942   0.211933  0.33333   0.02921   0.217306  0.05988  -0.836525
  0.286646 -0.831839 -0.15087   0.332151  0.258214  0.095156]
[-0.287186 -0.963998 -0.051436  0.037781 -0.13691   0.319784 -0.512428
  0.271414  0.281085  0.329207  0.30694  -0.829473  0.277334 -0.35986
  0.169365  0.331253  0.292468  0.169253  0.296788  0.272314]
[ 0.324312  0.207539 -0.99662   0.302507  0.257412 -0.190992  0.209861
  0.320009  0.314276 -0.909736  0.323892 -0.762742 -0.60101  -0.934715
  0.020112  0.269622  0.323364 -0.320153 -0.192323  0.18356 ]
[ 0.173882  0.317844  0.209795  0.32828   0.286684 -0.277489  0.326287
  0.209675 -0.027072 -0.410437  0.0621    0.22877  -0.011122 -0.552733
  0.333042  0.207317 -0.073221  0.330731 -0.991438  0.221086]
[-0.000964  0.199729  0.319904  0.320462  0.07603  -0.395555  0.333129
  0.315578  0.324156  0.32848   0.274021  0.286995  0.328212  0.159845
 -0.237355  0.202136 -0.111688 -0.622512 -0.031914  0.27699 ]
[-0.030134 -0.681188  0.320461 -0.466173 -0.715209  0.295979 -0.999985
  0.284778  0.258941  0.146049  0.096798  0.003944  0.322296  0.331363
  0.180273  0.254166  0.074098  0.30069  -0.511207  0.303636]
[ 0.178154 -0.215105  0.320214  0.328122  0.270425  0.283524  0.31256
  0.140633  0.332989 -0.538068 -0.417304  0.214985  0.300213  0.274073
 -0.531503  0.294047 -0.040709  0.204898  0.190891  0.332444]
[ 0.306251  0.218559  0.163526  0.179639  0.252412 -0.125022  0.326456
  0.326608  0.158167  0.301319 -0.355861 -0.38721  -0.448939 -0.0401
  0.328559  0.326396  0.292049  0.255726  0.274477  0.255575]
[ 0.25641   0.268265 -0.855653  0.29766   0.134434  0.283719  0.303893
 -0.800064 -0.100662  0.286998  0.147252  0.302483 -0.313871 -0.999829
  0.317236 -0.262848  0.249063  0.32252  -0.326757  0.17878 ]
[-0.59561  -0.510363  0.018285  0.28823  -0.126208 -0.094191  0.332401
 -0.505584  0.312873  0.303606  0.328205 -0.01552   0.159614  0.207019
  0.013218  0.244166 -0.483456 -0.291493 -0.101313  0.325488]
[ 0.33327   0.331908  0.314494  0.157156  0.056715 -0.026631 -0.029632
  0.00282   0.24627  -0.204161 -0.079164  0.243603  0.239293  0.297747
  0.278609  0.330258  0.234092 -0.29247  -0.153823  0.029258]
[ 0.095269  0.273118  0.066504  0.053827  0.333046 -0.152241 -0.118628
  0.307111 -0.248753  0.200507  0.3037    0.233409 -0.976023  0.135873
  0.317783 -0.473314  0.192685 -0.228668  0.325434  0.12045 ]
[ 0.289836  0.161225  0.142228  0.320455 -0.085293 -0.340477  0.317834
  0.171973  0.332241  0.202289  0.322272  0.262047  0.31147  -0.066751
  0.161903  0.311967  0.197542  0.087676  0.329651  0.302623]
[ 0.202612  0.126215 -0.333389  0.315004  0.309816  0.316212  0.187721
 -0.001522  0.165026  0.191721  0.186913  0.086346  0.081512 -0.621337
  0.306549 -0.212721 -0.020264  0.32916  -0.261292 -0.81761 ]
[ 0.217495 -0.622693 -0.118573  0.309394 -0.151749  0.249206 -0.999973
  0.262779  0.320666 -0.008872  0.333314  0.158011 -0.2475    0.331153
 -0.63046  -0.986335  0.332563  0.330544  0.127553  0.168375]
[-0.373141 -0.146699  0.205399 -0.614063 -0.926005 -0.64809  -0.790305
  0.236135 -0.027333 -0.755724 -0.30474   0.132919 -0.093124 -0.059794
  0.33068   0.255016 -0.090013  0.333169  0.269655  0.301579]
[ 0.256747 -0.312927  0.326197  0.148445  0.322966  0.333322 -0.552501
  0.155924 -0.476407  0.328478  0.299003 -0.101354 -0.649791  0.108188
 -0.231717  0.24691  -0.562871  0.322617  0.285442  0.328725]
[ 0.287232  0.308444 -0.573188 -0.468492 -0.042    -0.158499  0.155951
 -0.179015 -0.955907  0.300103  0.21878   0.143069 -0.714434 -0.250223
  0.329634  0.327257  0.190241  0.299546 -0.041744  0.031918]
[-0.264393  0.320114  0.332358 -0.583636  0.148377 -0.163028  0.058646
  0.200758 -0.48519  -0.630274 -0.414373 -0.110416  0.333326  0.100709
 -0.22467   0.156519  0.332121  0.259331 -0.333373 -0.112789]
[ 0.254325 -0.502377  0.310532  0.333314  0.325298 -0.403794  0.177818
  0.333149  0.31177  -0.991146  0.211739  0.266336  0.333296  0.325529
 -0.664311  0.328057 -0.033402  0.281195  0.158203  0.235969]
[ 0.323792 -0.059763 -0.006082 -0.969291 -0.947814 -0.27068   0.179266
  0.315812  0.040463 -0.148181  0.291075 -0.307117 -0.032605 -0.920628
 -0.456288 -0.442777  0.303606  0.330682  0.139611 -0.109382]
[ 0.317263  0.299237  0.331897 -0.863794 -0.883644 -0.35037   0.332456
  0.302421  0.251416 -0.716228  0.330265 -0.101038  0.31637  -0.783658
 -0.403992  0.233738 -0.194606 -0.217534 -0.037041 -0.540078]
[-0.473226  0.207501  0.333169  0.330659  0.327991 -0.797965  0.116629
 -0.011963 -0.99999   0.280351  0.331318 -0.247218  0.330377  0.189298
 -0.883657  0.220373  0.333162  0.271525  0.299446 -0.079612]
[ 0.333305  0.281118  0.281571  0.2394    0.326705  0.333177 -0.996027
  0.325354  0.027348  0.264622  0.238212  0.305263  0.262071 -0.139903
  0.204965  0.321026  0.314375 -0.248878  0.195134  0.323607]
[-0.117341  0.090273  0.284655  0.156866  0.300348  0.305327  0.326901
 -0.792499  0.267405 -0.328283  0.326336  0.316304 -0.345538  0.197189
  0.280595  0.258311 -0.088655  0.324524  0.210263  0.322832]
[-0.131647  0.254624  0.244235 -0.130798  0.260533  0.291182  0.2347
 -0.537256  0.088227  0.223218 -0.819373  0.333277  0.058114 -0.112395
  0.274646 -0.090542 -0.421269  0.290599  0.309609  0.277816]
[ 0.333098 -0.984875  0.298016  0.154314  0.322825 -0.120718 -0.089658
  0.324066  0.120998  0.333329  0.207512  0.330398  0.091615 -0.756875
 -0.467809  0.30336   0.170337  0.315544  0.327947 -0.86646 ]
[-0.567715  0.25613   0.252059  0.247312 -0.171171  0.028964  0.333253
 -0.936683  0.331825  0.273903  0.098934  0.262587 -0.995201  0.218985
 -0.237569  0.309548  0.220202 -0.473887  0.274966  0.011786]
[ 0.252093 -0.963467  0.143973  0.27635  -0.194467  0.280778 -0.504134
  0.267522  0.18149  -0.053091  0.332015 -0.04181  -0.01502  -0.694192
  0.326601  0.130637  0.28637   0.327703 -0.999804  0.328506]
[ 0.331943  0.06809   0.039894  0.221926 -0.989714 -0.006864  0.301994
  0.331713  0.31119   0.325479  0.320433 -0.481209  0.017927 -0.762216
 -0.090819  0.29431   0.059574 -0.69843   0.296359 -0.502688]
[ 0.289774  0.286186 -0.578235  0.244019  0.262655  0.134119  0.276561
  0.262159  0.333286  0.283412  0.28794   0.332782 -0.120546  0.178508
 -0.228029 -0.406647  0.244988  0.255332  0.322697  0.261698]
[-0.038545  0.061608 -0.233255  0.28142   0.290031  0.332902  0.105331
 -0.697145  0.313044  0.248802  0.18724  -0.482167  0.1318   -0.646929
 -0.992199  0.228531  0.289935  0.058164  0.026529  0.319834]
[ 0.330288  0.187769  0.241145  0.32784  -0.277097 -0.834016  0.307428
 -0.325628 -0.068191 -0.422416  0.233867 -0.123005 -0.472182  0.299974
 -0.69329   0.181794 -0.336949 -0.185832  0.311458  0.291995]
[ 0.125662  0.042685  0.082368  0.23037   0.271536 -0.73972   0.3297
  0.284969 -0.195221 -0.165593 -0.175575  0.276625  0.24891  -0.428762
  0.185364  0.169092  0.317859  0.108332 -0.993027  0.220162]
[ 0.314572  0.246119 -0.01662   0.107271 -0.831323 -0.422852  0.275107
  0.284593  0.109337  0.117051 -0.024272  0.330985  0.257837  0.28315
  0.298027  0.327221 -0.842165 -0.606209 -0.955162  0.315293]
[-0.017564433963610848, -0.039308246055749729, 0.0093585654795753648, 0.072194906307964879, 0.041980708980945497, -0.056788064669530736, -0.038103224513337419, 0.0075831090398483791, 0.019868828205348243, 0.0042291669448745739, 0.0051510290775385048, -0.01020623199234777, 0.0099801750673552819, -0.087027553879663988, 0.079029681658079387, -0.0026750498291677749, 0.050302538375976799, -0.0012910080733991025, -0.0077825815045757807, -0.0054567261716106374, -0.0023731081048726788, -0.00036075203056767924, 0.073193604297958598, -0.02348098617686098, -0.016147500264694387, 0.076752457270760022, 0.065638635902844078, -0.026037291054403527, 0.074706945607749042, 0.078318223589419381, -0.062255707512322955, 0.020234022546163521, -0.015324864008452621, 0.05014992048067575, 0.10132530162623307, 0.076030653137622847, -0.0089282761711068775, 0.13638219502814039, -0.0014328656421455643, -0.010300154720104315, 0.01740035690162528, 0.0092623192013374656, 0.16064105661887651, 0.078694829173401926, 0.030684633326388377, -0.036282548297089878, -0.052837065414439055, 0.010793009737164322, 0.014651282502233354, 0.070446543060926459, 0.10014259035213108, 0.0065097997543080433, -0.034063648503842137, -0.037299689240688022, -0.011670707248146228, -0.040292954392049385, 0.049899230026962532, -0.0033804359468720957, 0.058050857998111161, -0.025360627274051639, 0.011942286170478905, 0.039913244101305589, 0.010724232713965554, 0.054873909114230124, 0.0084543832689411014, -0.014346133231695535, -0.039191691398565848, -0.018157889175825281, -0.034824903816346259, 0.021251423798867814, 0.031177129273248307, 0.0052549438509235102, 0.017963693806890724, 0.016613732569325523, 0.0085434751759096983, 0.16100577699587423, 0.024920469387731195, 0.019397717308598628, 0.0080542037556931567, 0.022743497185411909, 0.0048538554216393526, 0.028214585495294403, -0.029411485109512581, 0.032814285550968547, 0.016231800689008258, 0.085192226952285205, 0.018163042838201748, -0.011443186321703103, 0.048155213215254233, -0.029468400373934917, -0.0011889789589464572, 0.0092736778423028188, -0.026846098156356413, 0.048509506742215242, 0.017325607097831763, 0.034492361106315317, 0.02922592161797187, 0.016924543664653069, 0.071135133287028085, 0.16205518339232441]
('time: ', 9870.3067548275)
