“Running plot script on a single CPU core”
[ 0.127282 -0.0148    0.104106 -0.030428 -0.035271  0.00629 ]
[ 0.020785  0.065105  0.050948 -0.016504 -0.008132  0.009754]
[ 0.019918  0.065172  0.020492 -0.003663  0.022647 -0.003419]
[ 0.071847  0.11154   0.086877  0.023497  0.024298 -0.032753]
[ 0.043477  0.051708  0.063807  0.008052  0.021031  0.012785]
[ 0.072599  0.012835  0.060352 -0.000744  0.001092  0.013685]
[ 0.034968  0.188672  0.139151  0.031787 -0.04483   0.011093]
[-0.027805  0.009487 -0.009419 -0.002869 -0.024949 -0.019842]
[ 0.007464  0.053856 -0.043198  0.021488  0.00723   0.004398]
[  7.517769e-02   6.564821e-02   9.349239e-02   1.179004e-02   1.202440e-02
   9.250743e-05]
[ 0.041848  0.011336 -0.024288 -0.077525  0.003787 -0.008054]
[ 0.018697  0.02308   0.014749  0.010203  0.018261 -0.005253]
[ 0.031364 -0.040399  0.039668  0.003322  0.014209 -0.004911]
[ 0.021287  0.016117  0.000241  0.023411 -0.083842  0.020081]
[ 0.041111  0.11627   0.107454 -0.020441 -0.030894 -0.014956]
[ 0.032426  0.098027  0.001064  0.003481  0.018276  0.021581]
[-0.020865 -0.037446  0.092489  0.005441  0.013027 -0.025069]
[-0.081866 -0.002607 -0.016409  0.004383  0.012823  0.012857]
[ 0.027489  0.03702   0.029858 -0.002516  0.008209  0.020158]
[ 0.049006  0.071471  0.085211  0.002652 -0.02605   0.011642]
[-0.031126  0.008543  0.024519  0.003402 -0.005189  0.010963]
[ 0.048918  0.101146  0.052463  0.008834 -0.002589  0.012173]
[ 0.048907 -0.012289  0.048697  0.001509 -0.006024  0.01678 ]
[-0.013356 -0.001117 -0.021615  0.002414 -0.018569  0.0283  ]
[-0.027298 -0.027196 -0.081938 -0.028165 -0.017243  0.017082]
[ 0.062773  0.074741  0.041542  0.001077  0.018356 -0.019348]
[ 0.011061  0.034087  0.033802  0.011548 -0.008179  0.003214]
[-0.028309 -0.016279  0.003169  0.021736  0.025622  0.004966]
[-0.031581 -0.007598  0.033785  0.009734  0.0247   -0.002438]
[ 0.063261  0.057869  0.069957  0.000447  0.013852 -0.001102]
[-0.007735  0.099778  0.075955  0.021679  0.013268  0.009851]
[-0.025122  0.042736  0.01642  -0.015136 -0.026045 -0.013708]
[ 0.080796  0.075347  0.085066  0.016663 -0.000672  0.000266]
[ 0.015347  0.024589  0.032244 -0.010328 -0.029487  0.007865]
[ 0.051766  0.017987 -0.005164 -0.010852  0.005855 -0.019005]
[ 0.059315  0.066471  0.087921  0.013206  0.005963 -0.011241]
[ 0.015277  0.006366  0.019351  0.007966 -0.016111 -0.008896]
[ 0.003743  0.056948  0.038638  0.005127 -0.041836  0.001162]
[ 0.08932   0.096889  0.096564  0.035848  0.010969 -0.005036]
[ 0.008217  0.059617  0.070455  0.011986  0.00122  -0.016203]
[ 0.051846  0.081551  0.07819   0.002367  0.042472 -0.023974]
[ 0.098099  0.113238  0.05727  -0.007841  0.028737 -0.008114]
[ 0.016343  0.067689  0.052774  0.012993 -0.011047  0.038906]
[ 0.044912  0.01506   0.034229 -0.006124  0.009212 -0.007334]
[ 0.071806  0.1058    0.050515  0.011205  0.00361   0.006187]
[ 0.101051  0.075902  0.141694 -0.025514  0.023234  0.004914]
[ 0.042527  0.053634  0.126039 -0.011362  0.005161  0.024732]
[ 0.081348  0.065363  0.095838  0.006699  0.008517  0.009129]
[-0.008795  0.041719 -0.023975 -0.00869   0.011413  0.007293]
[ 0.051497  0.01225   0.038441 -0.025028 -0.033376  0.011538]
[-0.053458  0.022136  0.060163  0.007602  0.022103 -0.002848]
[ 0.083728  0.103978  0.068835 -0.003715  0.002727 -0.03278 ]
[-0.015522  0.067877  0.015322  0.038542 -0.01356   0.004769]
[ 0.022755  0.056971  0.024344 -0.002251 -0.032959 -0.011647]
[ 0.001002  0.011718  0.027594  0.041125 -0.006067 -0.030447]
[ 0.059621  0.062128  0.077217 -0.016833 -0.015138 -0.029229]
[ 0.086747  0.045087  0.057945  0.012576  0.005851 -0.005026]
[ 0.069582  0.095632  0.108019  0.035629  0.027279  0.009572]
[ 0.099823  0.081204  0.170233 -0.005356  0.022508  0.00429 ]
[-0.006574 -0.014419  0.005396  0.00411   0.010919  0.045395]
[ 0.072124  0.031097  0.029018 -0.02073   0.026141  0.02964 ]
[ 0.102003  0.058339  0.06183  -0.013612  0.007188  0.008912]
[ 0.074674  0.087796  0.115677 -0.009047  0.000196 -0.008374]
[ 0.053346  0.02063   0.040075 -0.014615 -0.003366  0.007363]
[ 0.088472  0.029723  0.027015 -0.010217  0.004442  0.005467]
[ 0.050282  0.044592  0.133216  0.002938  0.016829 -0.017358]
[ 0.021754  0.052434  0.079493  0.005013  0.011983  0.018054]
[ 0.062732  0.049224  0.043245 -0.005956  0.020497 -0.015947]
[  1.058170e-01   5.968585e-02   6.788611e-02   1.008616e-05   3.293370e-02
   4.669457e-03]
[ 0.018475 -0.016457 -0.013887  0.005028  0.007497  0.005411]
[ 0.052898  0.117186  0.088553  0.023023 -0.034169  0.016671]
[ 0.033063  0.016455  0.016844 -0.003043  0.017378  0.011813]
[ 0.023476  0.006446  0.008675  0.004961  0.005192 -0.016086]
[ 0.08053   0.104571  0.105779  0.004826  0.055207  0.036847]
[ 0.103718  0.093918  0.050322  0.021279 -0.062664  0.046253]
[ 0.007623  0.001885  0.097141 -0.002296  0.015227 -0.035534]
[ 0.041387  0.038125  0.077662 -0.002824 -0.004459  0.003262]
[ 0.044203  0.032724 -0.002244 -0.012487  0.01618  -0.016826]
[ 0.052091  0.083102  0.079273  0.003179 -0.006696  0.010884]
[ 0.075412  0.065272  0.094933  0.046474 -0.019202  0.018886]
[ 0.011984  0.064364  0.04029  -0.001248  0.000108 -0.005525]
[-0.030973  0.012585  0.04989  -0.019461  0.01359   0.022226]
[ 0.03284   0.075782  0.032558  0.011332 -0.009207  0.01036 ]
[ 0.102483  0.037653  0.102819 -0.017566 -0.005116  0.016421]
[ 0.066309  0.125017  0.107731  0.025168 -0.031778 -0.004148]
[-0.110749 -0.059096  0.019349  0.038507  0.010194 -0.015263]
[ 0.040152  0.055801  0.039607 -0.027249  0.003092 -0.011421]
[-0.05777  -0.03632  -0.017254  0.017288 -0.031553 -0.015446]
[ 0.01237   0.104327  0.050455  0.036912 -0.006284 -0.015428]
[ 0.057076  0.055603  0.039043  0.007697  0.028687 -0.001707]
[ 0.005929  0.039174  0.012401 -0.018869 -0.003937 -0.03914 ]
[ 0.013661 -0.028716  0.087742  0.010234 -0.047899 -0.0454  ]
[ 0.041407  0.087452  0.076181 -0.010391 -0.021423  0.004786]
[ 0.064635  0.084594  0.099985  0.019971  0.024108  0.001171]
[-0.003094 -0.004162 -0.015053 -0.022859 -0.024227  0.003257]
[ 0.010194  0.05098   0.077593 -0.020806  0.026318  0.01247 ]
[ 0.04953   0.145972  0.141849  0.0057   -0.010267  0.007691]
[ 0.021797  0.071669  0.05886  -0.003896  0.034026  0.014488]
[ 0.023125  0.075824  0.046002 -0.034133 -0.009331  0.010176]
[ 0.019617  0.019412  0.048072 -0.03247  -0.009792  0.041786]
('Mean', 1, ': ', 0.019617323105353135)
('Median', 1, ': ', 0.019617323105353135)
('Variance', 1, ': ', 0.0)
('Mean', 2, ': ', 0.019411702128599235)
('Median', 2, ': ', 0.019411702128599235)
('Variance', 2, ': ', 0.0)
('Mean', 3, ': ', 0.048071686450071108)
('Median', 3, ': ', 0.048071686450071108)
('Variance', 3, ': ', 0.0)
('time: ', 14340.429030895233)
