“Running plot script on a single CPU core”
[ 0.139088 -0.613779 -0.555608 -0.002641 -0.78404   0.333068  0.285823
  0.324703  0.308671 -0.891789  0.285097  0.325366  0.21514  -0.174081
  0.333315  0.097215 -0.419371 -0.950179  0.33171   0.321648]
[-0.20879   0.330701  0.173281  0.076736  0.330034  0.215195  0.259116
  0.32669   0.187753  0.333244 -0.005486 -0.167225  0.329311 -0.069251
  0.28352  -0.360498 -0.99874   0.290108  0.325203 -0.86209 ]
[ 0.333015  0.332923 -0.214171 -0.7834   -0.666603 -0.469583  0.241408
  0.139205  0.330723  0.314693 -0.326636  0.316723 -0.983815  0.227624
  0.270124  0.300798 -0.828429 -0.49282  -0.171702 -0.340004]
[ 0.295353  0.165971  0.026054  0.271875 -0.515407  0.3284    0.088418
 -0.057442  0.123077  0.134447 -0.316995  0.19057   0.328528 -0.141751
  0.307334  0.044986 -0.743281  0.277121 -0.37467   0.288893]
[-0.999232  0.172978 -0.437204 -0.343614  0.180857 -0.748472  0.104193
 -0.383438 -0.277258 -0.843446 -0.862548 -0.437045  0.201524  0.198185
 -0.967283  0.288505  0.325757  0.268562  0.263286 -0.786862]
[ 0.114149  0.288648 -0.537791  0.280792  0.18836   0.07442  -0.103817
 -0.089703 -0.904421  0.119194  0.065862  0.321195  0.326053 -0.275457
  0.229948  0.302764  0.324814 -0.457666 -0.218062  0.320311]
[ 0.325017  0.317749  0.311986  0.156421  0.249722  0.218553 -0.234071
  0.330861  0.286418  0.17344   0.306184  0.285404  0.293823  0.146242
  0.096656  0.227219  0.332569  0.333281  0.319293  0.08112 ]
[ 0.049274  0.171813 -0.673053  0.162492  0.211502  0.194266  0.061416
  0.145493  0.303341 -0.796431  0.333332  0.309448 -0.572925 -0.980153
 -0.13536  -0.024452  0.303151  0.015885 -0.216957  0.288134]
[-0.346172  0.286744 -0.206557  0.220689  0.33183   0.301507  0.206479
 -0.025325 -0.157785  0.212315 -0.531632  0.253027  0.33055   0.246835
 -0.688018  0.215366  0.27292   0.269346  0.308929 -0.96069 ]
[ 0.247202  0.333278  0.212249 -0.698717  0.268774  0.022137  0.065966
 -0.786333  0.128198 -0.165645  0.0807   -0.534764  0.20908  -0.674766
  0.037111  0.297328  0.314487 -0.793105  0.114519 -0.883094]
[-0.821915  0.220777 -0.832567  0.165469 -0.908386 -0.165051  0.278386
  0.255063  0.32769   0.194369 -0.172931  0.010188  0.276191 -0.515943
  0.330324  0.136451  0.311926  0.196588 -0.651325  0.2484  ]
[-0.212838  0.025529 -0.052927  0.115251 -0.831652  0.332518 -0.239632
 -0.479761  0.331643  0.233072 -0.41473  -0.430493 -0.995381  0.321506
  0.208642  0.282859 -0.702427  0.263284 -0.810304  0.280485]
[  1.226393e-01   7.980695e-04  -9.241043e-02  -5.457319e-01   2.591032e-01
  -9.483769e-01   2.710812e-01  -4.707257e-01   3.320145e-01  -9.952561e-01
   3.330003e-01   1.895929e-01   1.310420e-01   2.899678e-01   2.033080e-01
   2.417731e-01   3.272158e-01  -1.585535e-01   1.436384e-01   3.138423e-01]
[-0.099211 -0.361996  0.314371  0.316558 -0.728076 -0.150308  0.242218
  0.295962 -0.529867  0.324591  0.189436  0.292908  0.333015  0.329254
  0.119236 -0.938731  0.298466 -0.375113  0.008229  0.315305]
[-0.828815  0.331312  0.299324  0.310697 -0.018686 -0.997308  0.328698
  0.308619 -0.299758  0.186683  0.333201  0.327557 -0.267282 -0.78881
 -0.976341  0.276884  0.205983  0.331194  0.284496 -0.564318]
[-0.951557  0.111613  0.157838  0.328888 -0.368873 -0.493004  0.181413
 -0.025337  0.333333 -0.225473  0.250361  0.262622  0.326936 -0.425138
  0.239236  0.228539  0.066693  0.219738  0.194999 -0.053245]
[ 0.113956 -0.029049  0.333021  0.318175  0.311558  0.126131 -0.979713
  0.236327  0.318241  0.312343  0.319187  0.079277 -0.851915 -0.558722
  0.310796  0.323991  0.026276 -0.691625  0.165516 -0.68132 ]
[-0.9399    0.31582  -0.16578  -0.992063 -0.598026 -0.874675  0.33282
  0.310842  0.216847  0.237358 -0.835627  0.022772  0.330666  0.314537
  0.231102  0.277557  0.306891 -0.968068  0.161353  0.303969]
[ 0.156432 -0.283351  0.327806  0.282351  0.287036  0.204635 -0.443711
  0.170617 -0.74242  -0.951333  0.327718 -0.471654  0.297219 -0.251539
  0.244443  0.225606  0.306616 -0.635618  0.064488  0.333211]
[ 0.113594  0.079052 -0.661297  0.307871 -0.543147  0.031605  0.237465
  0.320483  0.319664  0.318798  0.282612  0.21574   0.324741  0.321288
  0.023248 -0.331145 -0.494395  0.332529  0.324868 -0.662987]
[ 0.181583  0.001628 -0.005006  0.332072  0.329444 -0.123459  0.294084
  0.104833  0.329738 -0.745506  0.322593  0.262515 -0.02052  -0.279376
 -0.433549 -0.745246  0.321262 -0.660511 -0.837088  0.188721]
[-0.838268  0.160901  0.232548  0.309192  0.286958 -0.525468  0.30446
 -0.465132  0.116685  0.243604  0.131688 -0.691201  0.302667  0.300501
 -0.120757  0.046342  0.218868  0.155567  0.165874  0.27434 ]
[ 0.328376 -0.978521  0.056205  0.332998  0.250021  0.277624 -0.268165
 -0.908225 -0.779512  0.153282  0.092496  0.293219  0.30299   0.084092
  0.179132  0.090007  0.02326  -0.593145  0.248726  0.329012]
[-0.12045  -0.707243 -0.282288 -0.988453 -0.787125  0.277865 -0.683702
 -0.64669  -0.733442  0.059382 -0.834766  0.268735  0.315908  0.331209
  0.114178  0.28661   0.091441 -0.977425  0.271816  0.299652]
[ 0.212702  0.332775 -0.747757  0.30967  -0.481987  0.23674   0.020979
 -0.99957   0.303553 -0.950445  0.333232  0.330007  0.187012  0.311418
  0.244329 -0.808773 -0.382281 -0.00711  -0.007447 -0.52837 ]
[ 0.288587  0.160371  0.116471  0.333207  0.306886 -0.272318 -0.24259
  0.297492 -0.046769  0.228373 -0.157387 -0.242584  0.163189  0.333235
  0.276183  0.037507  0.304513 -0.474659 -0.646988  0.33261 ]
[ 0.208601  0.284351  0.331416  0.183091 -0.211512  0.321125 -0.790256
 -0.360538  0.33297   0.189263  0.162544  0.029952  0.194927 -0.065845
  0.310941  0.232373 -0.604921  0.270289  0.20416  -0.503403]
[-0.060403  0.109528  0.254828 -0.057877 -0.915558  0.312042  0.323996
  0.155715  0.285923  0.321538  0.294057  0.325423  0.131961  0.243851
 -0.139071  0.315702  0.198673  0.091777  0.275309 -0.401426]
[ 0.085768  0.313427  0.299137  0.299758 -0.01997   0.130774  0.189128
  0.270167  0.312862 -0.993179  0.322617 -0.999979  0.328532  0.273946
 -0.042982  0.305953 -0.981243 -0.17425   0.127174  0.32309 ]
[ 0.274239  0.164179 -0.825091 -0.685271  0.086447  0.324352  0.32889
  0.320343 -0.101942  0.314402  0.319532  0.315953 -0.899064 -0.419423
 -0.01958   0.256444 -0.077346  0.317666 -0.175156  0.326025]
[ -9.848802e-01   2.563576e-01  -6.197327e-01  -9.994630e-01   3.078315e-01
  -2.036736e-01   2.695676e-01   2.602582e-01   3.329975e-01   9.523585e-04
   3.165669e-01  -3.276581e-01   3.174414e-01   2.394923e-01   3.066123e-01
   5.389458e-03   3.331120e-01  -7.174797e-01  -6.287551e-01   3.306770e-01]
[ 0.331207 -0.629322  0.333056 -0.230047  0.306862 -0.966277  0.257582
 -0.591114  0.1282    0.284978  0.279826  0.329952  0.157084  0.299323
  0.284372  0.331699  0.066233  0.133572  0.327106  0.024788]
[ 0.329046  0.165182  0.325722  0.29383   0.273227  0.328285  0.297564
  0.283093  0.327518 -0.828989  0.32222   0.284646 -0.120898  0.241159
  0.028077  0.23182   0.322612  0.300691  0.171209  0.116231]
[-0.077834  0.302018  0.320583 -0.829835  0.329508  0.329988 -0.133601
 -0.685749  0.288924 -0.899928  0.252495  0.329337  0.330623  0.332554
  0.323524  0.333237  0.332092  0.3303   -0.8347    0.01622 ]
[-0.11741   0.306386  0.169722  0.225269  0.212092  0.27685  -0.986226
  0.010672 -0.981104 -0.374987  0.060952 -0.757035  0.322509  0.324518
  0.329531  0.332517  0.330405 -0.873654  0.186429  0.159218]
[ 0.329614  0.325837 -0.89133  -0.245056 -0.026048  0.304803  0.117975
  0.331981  0.330916  0.161365  0.298066  0.30939   0.078048  0.061635
  0.333067  0.261457 -0.801998  0.326087  0.223162 -0.981687]
[ 0.220919  0.159399 -0.91012   0.12882   0.308813 -0.081181  0.026311
  0.137212  0.322395 -0.818977  0.272182  0.164157  0.274926  0.269444
  0.32232  -0.704765  0.329409  0.005174 -0.073165  0.116486]
[ 0.33306  -0.980144  0.317333  0.306958 -0.988912  0.210974  0.308494
  0.33284   0.279408  0.316402 -0.649704  0.270052 -0.223231 -0.435615
  0.305149  0.240364 -0.179427  0.242191  0.333311  0.321556]
[ 0.332221  0.247303  0.218489  0.071536  0.232782  0.3263    0.305525
 -0.13526  -0.207872  0.230837 -0.13433   0.054086 -0.400012 -0.024003
 -0.011639  0.236135 -0.092056  0.181131  0.055535  0.09731 ]
[ -4.882579e-01  -3.864158e-01   2.025925e-01  -8.205295e-01   5.496134e-04
   1.245480e-01   2.013342e-01   3.205916e-01  -7.846006e-01   5.773293e-02
  -9.999992e-01   7.707628e-02  -6.225705e-01   3.274912e-01  -5.589599e-01
  -9.173020e-02   3.316612e-01   2.562100e-01   1.339271e-01  -7.715900e-01]
[ 0.115567 -0.79369   0.250841  0.331218  0.082706  0.326406 -0.992879
  0.057505  0.327171  0.001611 -0.45449   0.050592  0.246635  0.332715
 -0.266913 -0.116417  0.293495 -0.911831  0.273376  0.328496]
[ -1.127603e-04  -9.445060e-01  -7.974680e-01   2.936252e-01  -8.925540e-01
  -5.931140e-02   2.007819e-01   8.391680e-02   2.453649e-01   2.978860e-01
   2.823524e-01   3.332862e-01   2.681440e-01   3.176981e-01  -4.694189e-01
   3.058645e-01   3.139328e-01  -9.075296e-01   2.404087e-01   1.081417e-01]
[ 0.129063 -0.442656  0.27892   0.168284  0.304452  0.130747  0.31519
  0.333333  0.076684 -0.022031  0.333333  0.329696  0.279689  0.264913
  0.271644  0.299583 -0.050598 -0.33678   0.239526  0.28124 ]
[-0.041175  0.196773  0.290969 -0.150459 -0.634526 -0.231344  0.290211
 -0.021001 -0.568388 -0.884068  0.285745  0.216239 -0.536684  0.066863
  0.333012 -0.458339 -0.971751  0.259565  0.29318  -0.626596]
[ 0.021107  0.291418  0.310841  0.121876  0.332463 -0.081751 -0.099737
  0.331597  0.023332  0.289611  0.196919 -0.097561  0.101413 -0.451469
 -0.815994  0.055135  0.316876 -0.36616   0.287453 -0.914178]
[-0.550501  0.121964 -0.150801  0.193417  0.23986  -0.159005  0.021154
 -0.344146 -0.985299  0.191405  0.252026  0.332303  0.319641  0.268703
 -0.296193 -0.278432 -0.079193 -0.842805  0.206316  0.272639]
[ 0.257511 -0.062935  0.294999  0.117966 -0.176495  0.299958  0.31937
  0.292804  0.320578 -0.835606  0.331019  0.199095  0.078546  0.280988
  0.333291  0.33234  -0.99746   0.33243  -0.031951  0.123798]
[ 0.333311  0.294556 -0.973575  0.321637  0.310531  0.330471  0.330963
  0.039277  0.31159   0.011783 -0.6165   -0.903225 -0.150275 -0.040008
 -0.995923  0.326218  0.308055  0.286965 -0.428867  0.328005]
[ 0.324234 -0.524086 -0.082835  0.321994  0.139695  0.197907  0.027846
  0.287976 -0.995218 -0.385101  0.278803  0.207393  0.311179 -0.620825
  0.184674  0.303251 -0.962056 -0.128172  0.090754 -0.167386]
[-0.477169  0.302596  0.333084  0.24728  -0.007905  0.319904  0.23532
  0.208281  0.330372 -0.476708  0.319572 -0.645253  0.271962 -0.069636
  0.30926  -0.609157 -0.660332  0.191255  0.115327 -0.16345 ]
[ 0.087608  0.251309  0.26442   0.330208  0.209279 -0.050944  0.20665
  0.218743 -0.996515 -0.125668  0.315899  0.300814 -0.903345  0.28857
  0.287429  0.226093  0.234173  0.308092  0.297553  0.011874]
[ 0.002801 -0.213876  0.317612 -0.833053  0.316179 -0.835245  0.331893
 -0.021979  0.107517 -0.517473  0.28868  -0.338252 -0.836454 -0.335912
 -0.458867  0.325805  0.21685   0.282798  0.199036  0.240414]
[-0.251801  0.007517  0.314216 -0.296547  0.079655 -0.998746 -0.21485
  0.305226  0.100024  0.319155 -0.266545  0.215547  0.33285   0.11599
  0.33227   0.276782 -0.426802  0.322308  0.141795  0.313609]
[ 0.197759  0.323379  0.333296 -0.461014  0.333199  0.279714 -0.694055
 -0.233592  0.333296 -0.893166  0.223735  0.193441  0.203911  0.332723
  0.307249  0.306354  0.050382 -0.215368  0.332543  0.331856]
[ 0.332477 -0.761825  0.241209  0.300641  0.311899 -0.995149  0.331764
 -0.999008  0.309133  0.331786  0.117838  0.209865  0.07336   0.205339
 -0.285865 -0.069118  0.193936  0.294589  0.322376 -0.926123]
[-0.070051  0.320883  0.229342  0.299498  0.188339  0.262242  0.109439
  0.1842    0.055606 -0.002771  0.312561 -0.317114  0.310497 -0.598991
 -0.448629 -0.231461 -0.992181  0.144622 -0.074671 -0.173497]
[ 0.325911 -0.692162  0.320534  0.213603  0.222337  0.022114  0.290043
 -0.06813   0.091651  0.33333  -0.797645  0.333158 -0.771412  0.290173
  0.33265   0.192179 -0.999819 -0.28919   0.322018  0.324513]
[ 0.333236  0.332819  0.259437  0.185751  0.040811  0.093646  0.179326
  0.053854  0.297285  0.185839  0.1276   -0.14864   0.079353  0.016081
  0.328389  0.293677  0.3044   -0.473654  0.207275  0.24539 ]
[-0.312785  0.332364  0.311843  0.2736    0.040105  0.150907 -0.651265
  0.161488  0.323705  0.21383  -0.300239  0.134553  0.332361 -0.910281
 -0.217866 -0.625502  0.29569   0.310468 -0.126197  0.234152]
[ 0.316615 -0.541515  0.103884  0.248822  0.289348  0.210493  0.121805
  0.301224  0.315875  0.327356 -0.675587  0.249034 -0.128484  0.315669
 -0.876792  0.192137 -0.757189  0.269706 -0.974494 -0.251666]
[ 0.148134  0.208209  0.312344  0.333244  0.232097  0.332922  0.025977
  0.157933  0.271692  0.008356  0.220942  0.126805 -0.057436 -0.218493
 -0.68785   0.159822 -0.172276 -0.169279 -0.911015  0.136275]
[-0.916469 -0.655107 -0.351042  0.32274   0.315864  0.315219  0.301038
 -0.765722  0.18648  -0.273346 -0.514888  0.322678  0.009383 -0.933736
  0.191695  0.323827  0.255707  0.31995   0.005077  0.333088]
[ 0.215474  0.283539  0.329701  0.315501  0.244914  0.285131  0.165328
 -0.181564  0.129906 -0.11958   0.201232  0.319031  0.139676 -0.70806
 -0.09482  -0.091867 -0.954771  0.333302 -0.043483 -0.06783 ]
[-0.766126  0.260722  0.20805   0.213045  0.304917  0.313512 -0.402016
  0.221112 -0.434354  0.317909 -0.061935  0.291019  0.33058   0.218998
  0.054258 -0.003137  0.255069 -0.78149   0.31677  -0.043096]
[ 0.328109 -0.997434  0.331505  0.329628  0.173158  0.056182  0.328055
 -0.754657  0.197446  0.142893  0.005256 -0.078375 -0.804594  0.288292
  0.262707 -0.019666 -0.102038  0.230076 -0.73264   0.174085]
[ 0.332966  0.162416  0.034342  0.089435  0.307028  0.298568  0.246314
 -0.437172  0.177782 -0.245513  0.208037 -0.053574 -0.53829  -0.623504
  0.199241 -0.028258  0.308697  0.244563  0.325062  0.298575]
[-0.948908  0.284225 -0.991926  0.136211 -0.161942  0.331884  0.211649
  0.314406  0.264416  0.102049  0.302331 -0.99208   0.084188  0.332393
  0.27791   0.322927 -0.991141 -0.993302  0.282044 -0.933995]
[-0.051262  0.290479 -0.458638 -0.205461  0.301172  0.237124  0.320661
  0.204787  0.326756  0.331913  0.221955  0.285758  0.241713 -0.521861
  0.279835 -0.97346   0.333306 -0.590886  0.331776 -0.015693]
[ 0.287659  0.282276  0.332813  0.256378  0.109275  0.328336  0.283403
 -0.215515  0.284113  0.332163  0.327732 -0.189539  0.039935  0.225474
 -0.121809 -0.471425  0.333324  0.221192  0.327526  0.32927 ]
[-0.137686  0.260938  0.03216  -0.743884 -0.33296   0.313398  0.041923
  0.321453 -0.710481  0.315225 -0.20236   0.286133  0.317698  0.281796
 -0.635136 -0.902913 -0.065619 -0.014301  0.304481  0.247281]
[ 0.25556   0.24503   0.282036  0.295446  0.260498  0.328017 -0.389219
  0.331907 -0.033268  0.125181  0.218695  0.162028  0.305639  0.004295
  0.330409 -0.065932  0.22611  -0.177291  0.233076  0.193298]
[ 0.089258 -0.836502 -0.406606 -0.525985  0.10849  -0.998327  0.32695
  0.13501  -0.779764 -0.925354  0.141342  0.301412  0.308127  0.320839
  0.070199  0.213046 -0.489525  0.276781  0.330755 -0.963099]
[ 0.15981  -0.493218  0.326225  0.32956   0.333021  0.27189   0.281443
 -0.029866  0.332453  0.321946 -0.360496  0.288969  0.325785  0.306018
  0.083768  0.329099 -0.951471  0.322566  0.193757  0.277573]
[ 0.23358   0.207077  0.332974  0.332853  0.331262  0.332639  0.29094
  0.332252  0.33282   0.317246  0.237573 -0.142051  0.242627  0.14886
 -0.876079 -0.6898    0.061483 -0.711865  0.091796  0.329949]
[-0.528669 -0.68715   0.333147 -0.431584  0.31323   0.043769  0.313437
  0.160247  0.316182 -0.999476  0.26692   0.071203 -0.268901  0.21047
 -0.169429 -0.858493  0.309093  0.262739  0.100893  0.328816]
[ 0.155723  0.319739  0.217113 -0.721017  0.293293  0.319201  0.333217
  0.315227  0.332979  0.315826  0.275926 -0.489324 -0.744392 -0.230063
  0.333221 -0.850744 -0.948099  0.305625 -0.084655  0.009072]
[ 0.034983  0.053038 -0.500409  0.330102  0.333181  0.287428  0.246698
  0.272748  0.13692  -0.259127  0.328206  0.302488  0.309424  0.331919
 -0.966563 -0.179484 -0.796017  0.257394  0.271927  0.332377]
[-0.06696   0.291447  0.326841  0.327291  0.024499  0.300707 -0.994822
  0.196977 -0.512425 -0.212114  0.241172 -0.987609 -0.97623  -0.633582
 -0.567981  0.246911  0.333065  0.290984 -0.987868  0.001641]
[-0.311449  0.333059  0.252734  0.164294 -0.168579  0.290885  0.1034
  0.311592  0.237133 -0.790463  0.124758  0.21245   0.147711  0.330421
  0.305756 -0.123947 -0.47383  -0.984244 -0.86821  -0.653184]
[ 0.035402  0.32897  -0.856491 -0.970268  0.037551  0.141498 -0.28568
 -0.253013 -0.408168  0.332775  0.207153  0.27308  -0.066366  0.333327
  0.112062  0.003794  0.272536 -0.367561  0.290858  0.088221]
[ 0.189276 -0.637214 -0.418774 -0.954045  0.303014  0.230656  0.253693
 -0.358753  0.283552  0.20051  -0.205142 -0.485461  0.317284 -0.122977
  0.048911  0.273278  0.256718  0.17788   0.305337  0.300873]
[ 0.014916  0.29099   0.298758  0.32047  -0.514884  0.329772 -0.130638
 -0.139582  0.1349   -0.623728  0.31047   0.318512 -0.799565  0.30078
  0.328686  0.288493 -0.885468  0.242809  0.281399  0.283021]
[ 0.293705 -0.502242  0.018767 -0.160305  0.128021  0.299495  0.332693
 -0.856177 -0.430417 -0.995717 -0.001386 -0.612513  0.253796  0.025118
  0.331214  0.086789 -0.810759  0.329855 -0.964131 -0.172202]
[ 0.269373  0.22976   0.199469  0.304148  0.252054 -0.041688  0.325122
 -0.469972  0.190967  0.291883  0.300636  0.279449  0.269422  0.265641
 -0.290419  0.216433 -0.012746  0.26932  -0.176701 -0.096837]
[ 0.333112 -0.599156  0.200097  0.321552  0.332927  0.288264  0.172227
  0.297265  0.246673  0.330588  0.332332  0.257027  0.329509  0.308621
 -0.232857  0.331265  0.100454  0.322286  0.066624 -0.133604]
[ 0.103755  0.327557 -0.244622  0.181116 -0.494324 -0.174603 -0.047535
  0.249928  0.182726 -0.859961 -0.29203   0.328183  0.275193 -0.085046
 -0.085019 -0.704935  0.326796  0.286377  0.330689  0.032439]
[ 0.062788 -0.400336  0.332264  0.191153  0.333126  0.303338  0.256375
  0.316529 -0.860899  0.316803  0.317529 -0.166312 -0.076337  0.232623
  0.201994 -0.263475 -0.322219  0.107772  0.326865 -0.645443]
[ 0.315578 -0.600045  0.331981 -0.893487  0.306492  0.251243  0.164364
  0.286121 -0.750883  0.209131 -0.1548    0.160834 -0.136441 -0.314869
  0.331999  0.200014  0.272613  0.224641 -0.643645  0.218092]
[ 0.272956  0.219865  0.324348 -0.563779  0.311438  0.25149   0.314019
  0.227401  0.269516  0.273985  0.326005  0.331557  0.331793 -0.985376
 -0.333248  0.332429  0.27032   0.312227  0.196651 -0.530015]
[ 0.320441 -0.150385  0.224458 -0.041072 -0.996357  0.333115  0.330885
 -0.928016  0.332214  0.015586  0.254203  0.329732  0.27991   0.291083
  0.191059  0.290389  0.034322 -0.725466  0.268609  0.302772]
[ 0.332993  0.325893 -0.649583  0.322007  0.314719 -0.386517  0.318338
  0.318187  0.331046  0.324384 -0.399136 -0.102148 -0.191638  0.333281
  0.283679  0.185186  0.219384 -0.775763 -0.864972  0.306654]
[ 0.3259    0.279148  0.183579 -0.875626  0.313477 -0.729855 -0.534311
  0.310984 -0.023929  0.249745  0.333263 -0.714315  0.160541 -0.050504
 -0.939873  0.042886 -0.139564  0.29858   0.124375 -0.866276]
[-0.421152  0.134189 -0.08974   0.289182 -0.318949 -0.339046 -0.184677
  0.328165  0.132541 -0.76555  -0.177086 -0.246381  0.277647 -0.039209
 -0.468523  0.180096 -0.001204  0.132349  0.330188  0.013245]
[ 0.185533  0.223126  0.332107  0.326556  0.05022   0.287381  0.073658
 -0.599762 -0.378249  0.303566  0.317599  0.296202  0.104459  0.150381
  0.080231  0.333245  0.310952  0.333333  0.284975  0.32385 ]
[-0.140195  0.105006  0.328438  0.160345 -0.845198 -0.182657  0.141656
  0.316186  0.159199  0.027948  0.207527  0.276929 -0.114271  0.319979
 -0.09595   0.331443  0.292099 -0.317192  0.097261  0.307301]
[ 0.248331  0.333147  0.250378  0.207215 -0.611256  0.127916  0.191826
  0.32924   0.15223   0.048923  0.298082  0.333036  0.312428  0.300116
 -0.702207  0.317831  0.116604  0.328889  0.137045  0.142013]
[  3.184361e-02   2.161330e-01  -2.402780e-01   2.881153e-01  -9.850047e-01
  -1.241241e-01   3.157038e-01  -6.273108e-04   1.445747e-01   3.078725e-01
   3.328199e-01  -7.203501e-01  -8.075284e-02   3.203799e-01  -7.305281e-01
  -3.707714e-01   2.710873e-01   3.290304e-01   2.980626e-01   2.877813e-01]
[ 0.182803  0.331407  0.321067  0.293157  0.011127  0.223555 -0.062016
 -0.457641 -0.097016  0.228736 -0.092356 -0.093562 -0.101033  0.294486
  0.072397  0.226687  0.310661  0.087205  0.244771  0.103147]
[ 0.246147  0.147066  0.330072  0.332046  0.050778 -0.799024 -0.068337
 -0.995632  0.014255  0.258741 -0.158438 -0.031969  0.320915  0.25542
 -0.055406 -0.001128  0.21717   0.330933  0.322326  0.318274]
[-0.51833  -0.982632  0.332627  0.321963  0.293408 -0.723609 -0.051341
 -0.466284  0.301183  0.300587 -0.985654  0.159407  0.269771 -0.823069
  0.126149  0.135825 -0.084701  0.092311  0.301373 -0.453301]
[0.022180998062599849, 0.019543703122985756, 0.01928312812431382, -0.0066237519179201398, -0.021758720427414113, 0.046408022311125299, 0.011697822562782401, 0.010606288828476362, 0.012818947670956149, 0.05783886406354119, 0.0074475238894057272, -0.0057003644887745064, 0.026234581231471141, -0.0056809189033493329, 0.063188599383705024, -0.069537910501303757, -0.014485576586223251, 0.044737325042313647, 0.0085563281623037279, 0.054772765379021621, 0.017560136067616777, -0.029986714701391026, 0.024501007600204405, 0.0074439787539720137, 0.027402972299741396, -0.063296274529699603, -0.01514346621824994, 0.0074169727953895606, -0.01481854784838188, 0.095940106328297386, -0.0044668875770598193, 0.12396832084874171, 0.045653472735222356, 0.010437575596167689, 0.01826964844977623, 0.055794993857519071, -0.029742691503615915, -0.093563379194411267, 0.07915226439920503, 0.015054372169647168, 0.028027740831933726, -0.023458390484834165, -0.0060692674664850899, 0.012335881613593093, 0.046671355183114993, -0.022614651028375565, -0.0099502668127319227, 0.067008515046268757, 0.059922212099733863, 0.016027387164647855, 0.016851351004763537, 0.059751507041668379, 0.064343105633761333, 0.036241843966379805, 0.061436579067405628, 0.039705007341335044, -0.0079839033588962049, 0.11565577934091328, -0.0061810876870717624, 0.05200870300919691, 0.079138091179722217, -0.034227769233173166, 0.018965401135153576, -0.05141949642261967, 0.072807491014480141, 0.078218669504504512, 0.041267899236810623, 0.0049070976735798161, 0.014653429846004873, 0.039819622600714588, 0.070902094706093072, -0.0023352597816854032, 0.046964371023423504, -0.00078735407198832208, 0.015601315311835728, 0.046716491375622254, 0.0054265998402848598, -0.014239701457377726, -0.0085235813037070063, 0.025536658803267338, 0.040535615966470429, 0.027478214143058278, -0.034701971742787829, 0.036602534767395417, -0.043134977054079149, 0.049209380072990153, 0.025842003355847354, 0.083638706011378766, 0.041867682774847731, 0.047824855774169894, -0.0031123833644952636, 0.021502451727752225, -0.012457971984080496, 0.070446964488040095, 0.018132729497246897, 0.032090119159012498, 0.017254429363102314, 0.05667450250212408, 0.012209981444195245, -0.012932215893036392]
('time: ', 9017.744172096252)
