“Running plot script on a single CPU core”
0
1
2
3
4
5
6
7
8
9
10
11
12
13
14
15
16
17
18
19
20
21
22
23
24
25
26
27
28
29
30
31
32
33
34
35
36
37
38
39
40
41
42
43
44
45
46
47
48
49
50
51
52
53
54
55
56
57
58
59
60
61
62
63
64
65
66
67
68
69
70
71
72
73
74
75
76
77
78
79
80
81
82
83
84
85
86
87
88
89
90
91
92
93
94
95
96
97
98
99
[0.96373306538617987, 0.95413172859568907, 197.64908081307837, 1.3566595732956375, 0.96332534182517771, 1.0158453072115774, 1.0175742123982194, 1.0900599795266614, 1.0505004900766362, 0.94612737426836913, 0.98856328675812277, 0.96874845571888624, 1.2233083463993319, 1.2074281654447465, 1.0005103136361266, 203.43585848249577, 1.064230098514122, 3.9028987709077594, 0.77384339551585646, 0.9882349430302898, 1.0401003873289232, 1.1509765308817492, 0.84522977870963956, 143.17497347554925, 0.94868767594856107, 0.9327283622720981, 0.98818418431700672, 0.99275894964208511, 0.80061275136997723, 1.0160655261789584, 0.98427047318438421, 0.99161882927940981, 0.99358732880099498, 1.1615213373766284, 0.8798979587733391, 0.9475206726537575, 1.5350311629630806, 1.0590707732456714, 1.2128364235388442, 0.93930695797629227, 1.0462597407149761, 0.99805583272335774, 2.5112780825755574, 14.480409542754723, 345.43802534621693, 0.78042265029962599, 1.8016020777550392, 0.96008807392515838, 1.2117865359076918, 0.85872544288788599, 0.93928047805715553, -0.22328873930021853, 0.29985544710297413, 0.9813359415559797, 0.91444662141311772, 1.7705468404013407, 1.1303073727917279, 0.98035690510785656, 0.9126182444070422, 0.87547031568269329, 0.97374560127963861, 0.98775825244872373, 0.94822773365615887, 1.1135315564524162, 2.2398424135222488, 0.92126339990073236, 0.92303329688097435, 251.72158805269632, 0.9678010529876504, 1.5847523027227877, 0.97839736660122578, 0.80814904439984414, -0.2253465350803619, 0.94705156270746316, 0.96011848666611255, -2.2513056757001033, 0.93220841015252898, 0.91546990512391513, 0.64909328546973188, 1.0381064646534981, 1.0346019420204327, 0.99220690594271765, 1.0048309810222134, 1.0184970777377125, 0.9276582975677955, 1.4417703849983832, 1.026710238723616, 153.10898358001023, 0.97836885150504516, 1.2441925995983634, 0.98871264609276432, 0.97988096354201049, 1.0045406696811778, 0.97807970356693241, 1.2935686566622575, 0.8093579732809616, 1.1349712821544578, 0.98383862939237887, 1.0434187104546964, 1.0252996895012625]
('time: ', 11802.971796989441)
