“Running plot script on a single CPU core”
[ 0.025223  0.08537   0.154341  0.021864 -0.033191  0.016961]
[ 0.025062  0.074358  0.110785  0.024933 -0.002894  0.001421]
[ 0.102871  0.108354  0.120791  0.018238  0.008142  0.009787]
[-0.009026 -0.013544 -0.003996 -0.002345 -0.031025 -0.034059]
[ 0.042238  0.075995  0.098508  0.015107 -0.006447 -0.017353]
[ 0.040003  0.036358  0.079876 -0.0153   -0.016745 -0.01302 ]
[ 0.063307  0.034418  0.02423   0.034672 -0.015662  0.032029]
[ 0.077938 -0.007024  0.010985 -0.007579  0.007085 -0.037262]
[ 0.108991  0.054542  0.123951  0.009691 -0.007353  0.027463]
[ 0.030471  0.041623  0.053544 -0.030359 -0.018774 -0.003297]
[ 0.066839  0.139352  0.129099  0.004545 -0.011655  0.043698]
[ 0.086516  0.052689  0.082322 -0.046406  0.008668 -0.019966]
[ 0.069606  0.11318   0.100543 -0.002253 -0.017303 -0.015172]
[-0.029507  0.039408  0.072735  0.051803  0.021951 -0.03437 ]
[ 0.00939   0.092867  0.025546  0.010701 -0.0633    0.001256]
[ 0.045941  0.008133  0.026635  0.001444 -0.020943 -0.001686]
[-0.000616  0.052589  0.013573  0.036591  0.0189   -0.015359]
[ 0.04061   0.033172  0.019636 -0.003241  0.010114  0.015341]
[ 0.02659   0.033847  0.059861 -0.022195  0.028822 -0.028745]
[-0.011449  0.054231  0.070841 -0.01036  -0.016253  0.027642]
[ 0.127067  0.087922  0.115133 -0.031211  0.020387  0.029093]
[ 0.075446  0.080896  0.048788  0.001375  0.002237  0.014379]
[ 0.001141 -0.034115  0.048016  0.012844 -0.012515  0.010512]
[ 0.010133  0.035005  0.027835 -0.037321  0.03906   0.016647]
[ 0.082876  0.086542  0.026325 -0.002019  0.007683  0.024836]
[ 0.016114  0.029177  0.071839 -0.002837 -0.034547 -0.019851]
[ 0.043434  0.087296 -0.008433  0.005174  0.012683 -0.017358]
[ 0.061392  0.059751  0.079003  0.008555 -0.002184 -0.001538]
[ 0.036714  0.014589  0.035707  0.007417 -0.013129 -0.039541]
[ 0.011833  0.05843   0.031826 -0.019596 -0.003019  0.012166]
[-0.032636  0.011959 -0.006128 -0.008255  0.017223 -0.018359]
[ 0.020627  0.002114  0.034451  0.004273  0.015316  0.026038]
[ 0.019198  0.056409  0.01285   0.023327  0.047124 -0.021806]
[ 0.026201  0.022571  0.047388  0.01172  -0.017742 -0.008879]
[ 0.033566  0.013239  0.016751 -0.024508  0.003973 -0.003732]
[ 0.023833 -0.000396 -0.003068 -0.005929  0.017777 -0.014223]
[-0.047366  0.036829 -0.016285  0.00248  -0.01961  -0.023446]
[ 0.057891  0.028523  0.042611 -0.018668 -0.006359  0.006464]
[ 0.071786  0.083861  0.054493 -0.052556  0.049226 -0.038402]
[-0.003656 -0.061569  0.016987  0.009611  0.049471 -0.000828]
[-0.054921 -0.062857 -0.032479 -0.023267 -0.000757  0.046867]
[ 0.009943  0.032916  0.034219  0.022814  0.020915 -0.027229]
[-0.065708 -0.0312   -0.016074  0.00925   0.005949 -0.022644]
[-0.005784  0.04681   0.076353 -0.00335  -0.017245  0.01653 ]
[-0.016959  0.040807 -0.024356 -0.034034 -0.036893 -0.001867]
[ 0.034921  0.143111  0.13292   0.008857 -0.045625  0.008524]
[ 0.010375  0.057713  0.049595  0.020968  0.026504 -0.012044]
[ 0.061534  0.047301  0.048906 -0.01069   0.007257  0.00279 ]
[ 0.062015  0.075624  0.07662   0.002975 -0.002189 -0.000579]
[ 0.031357  0.0656    0.085497  0.020578  0.001242 -0.011455]
[ 0.009408  0.049851  0.031351  0.004106 -0.009856  0.000285]
[ 0.035962  0.064545  0.076408  0.03063  -0.017042 -0.001901]
[-0.016915 -0.018439 -0.003911 -0.00142   0.008474  0.003357]
[ 0.017148  0.115969  0.02557   0.017946 -0.02446  -0.014738]
[ 0.031501  0.007246  0.00563  -0.027771  0.02378   0.004458]
[-0.005968  0.034377  0.04725  -0.004441 -0.018781  0.00169 ]
[ 0.073975  0.03599   0.052584  0.019723  0.021229  0.032709]
[ 0.069768  0.052034  0.113964 -0.014303  0.015987 -0.026533]
[ 0.090509  0.119767  0.165462  0.005381 -0.015244 -0.009532]
[ 0.01453   0.009236  0.038591 -0.020538 -0.001077  0.029061]
[ 0.086376  0.024242  0.061615  0.026581  0.052509  0.000855]
[-0.023261  0.114582  0.104174 -0.008328  0.007157 -0.01607 ]
[-0.00317   0.018207  0.054552 -0.029582 -0.026633 -0.044074]
[ 0.041312  0.056485  0.077632 -0.014954 -0.027411 -0.037432]
[ 0.040277  0.12886   0.071229 -0.040063  0.0003    0.014414]
[-0.044267 -0.042403  0.021495  0.015329 -0.012171 -0.003786]
[ 0.104999  0.087427  0.123872  0.00381  -0.005057  0.015133]
[ 0.060021  0.014977  0.048686  0.030857 -0.017377 -0.00815 ]
[ 0.068294  0.085222  0.085471 -0.014555  0.011394 -0.020952]
[-0.017353 -0.021526  0.010537 -0.002297  0.001876  0.00136 ]
[ 0.042125  0.083653  0.073309  0.04065  -0.029242 -0.001574]
[-0.093849 -0.070769 -0.075805 -0.003246 -0.015464 -0.01998 ]
[ 0.010934  0.052415  0.042808  0.017115 -0.00229   0.009458]
[ 0.070982  0.082857  0.110597 -0.045826 -0.02163   0.014439]
[ 0.00963   0.048081  0.020241 -0.01448   0.018444  0.04495 ]
[-0.002261  0.035195  0.002674  0.005315  0.011084 -0.006749]
[-0.05375   0.023309 -0.017563 -0.011991  0.009629 -0.018485]
[ -1.983896e-02   3.521750e-02  -7.482514e-03   1.615757e-02  -2.209826e-03
   5.156991e-05]
[ 0.049046  0.099304  0.053006  0.014149  0.038598  0.006943]
[ 0.079961  0.10185   0.105143 -0.005857 -0.002294 -0.002208]
[ 0.046512  0.07314   0.014776 -0.021392 -0.00832  -0.005434]
[ 0.010496 -0.016055 -0.030255 -0.000605  0.013695 -0.003779]
[-0.00181   0.069751  0.094575 -0.017994  0.017461  0.010591]
[ 0.042653  0.096022  0.093593  0.014061  0.051857  0.014702]
[-0.049214 -0.008118 -0.033497 -0.039078  0.012779 -0.012128]
[ 0.09865   0.061011  0.111823 -0.008395  0.016008  0.033252]
[ 0.099424  0.088767  0.09647  -0.01871   0.023254  0.018172]
[ 0.026011  0.014839  0.058999  0.00733   0.006575  0.026427]
[-0.021881 -0.012517 -0.009205  0.000637 -0.001036 -0.018415]
[-0.002315  0.099858  0.080738 -0.060512  0.022326  0.054403]
[ 0.036057  0.043313  0.023341 -0.027746  0.004646  0.013011]
[ 0.066755  0.162291  0.107349 -0.000844  0.022379 -0.011985]
[ 0.019329  0.016061 -0.034474  0.009909  0.029239  0.022957]
[-0.022886 -0.007153 -0.029431  0.017765  0.004056  0.031761]
[ 0.050063  0.083154  0.120966 -0.001779  0.039233 -0.012368]
[-0.008399  0.028725 -0.020555  0.012427 -0.00071  -0.01244 ]
[ 0.008002  0.037863  0.041671 -0.001184  0.003661 -0.012957]
[ 0.023391 -0.019747 -0.036888  0.005173 -0.024961  0.021403]
[ 0.063336  0.065072  0.002954 -0.00074   0.049806  0.015396]
[ 0.014065  0.030414  0.05159  -0.013069 -0.019698 -0.022789]
('Mean', 1, ': ', 0.014064541689650691)
('Median', 1, ': ', 0.014064541689650691)
('Variance', 1, ': ', 0.0)
('Mean', 2, ': ', 0.030413714098531497)
('Median', 2, ': ', 0.030413714098531497)
('Variance', 2, ': ', 0.0)
('Mean', 3, ': ', 0.051590022024267969)
('Median', 3, ': ', 0.051590022024267969)
('Variance', 3, ': ', 0.0)
('time: ', 8935.83168888092)
