“Running plot script on a single CPU core”
[ 0.043816  0.056379  0.103312  0.000798 -0.016549 -0.009168]
[ 0.019462  0.029098  0.080136  0.006103 -0.020028  0.006393]
[ 0.050911  0.037538  0.087268 -0.025819  0.012557 -0.037081]
[ 0.097869  0.069137  0.047078  0.000908 -0.015029 -0.010013]
[ 0.063581  0.114917  0.079785 -0.013244  0.061351 -0.007107]
[-0.026829  0.047356  0.043784 -0.003449 -0.019402 -0.012367]
[-0.073693  0.037087 -0.011303 -0.001308 -0.026467  0.000829]
[ 0.026394  0.075082  0.069407  0.011711  0.022105  0.017253]
[-0.022031  0.015943  0.02751  -0.005346 -0.012838 -0.009875]
[ 0.039045  0.109552  0.137993 -0.017503  0.016209 -0.026457]
[  1.331428e-02   5.071336e-02   3.354004e-02  -1.408954e-02  -3.881846e-05
   1.233048e-02]
[ 0.010637  0.026036  0.090406 -0.036601  0.043618 -0.002882]
[ 0.063251  0.069262  0.071991 -0.008423 -0.016643 -0.001668]
[ 0.0092    0.022217  0.01496   0.003668 -0.002137 -0.031706]
[ 0.075864  0.072675  0.102138  0.0076    0.003332  0.009637]
[ 0.081479  0.089879  0.121704  0.017612  0.011208  0.028182]
[ 0.066225  0.040339  0.039244 -0.01022  -0.006992  0.002548]
[ 0.013879  0.011044  0.080836  0.008052  0.021372  0.007514]
[ 0.014734  0.030472  0.025848 -0.00175  -0.022208  0.007751]
[ 0.018233 -0.006374 -0.012234  0.013962  0.009293 -0.007627]
[ 0.042206  0.067112  0.064486  0.00655   0.003985  0.003089]
[ 0.00217   0.05031   0.111669  0.009384 -0.000955 -0.006833]
[ 0.068047  0.04733   0.019749  0.049866 -0.029054  0.052287]
[ 0.040219  0.035329  0.047239  0.005057  0.008411 -0.021811]
[ 0.020669  0.044579  0.044204  0.007807 -0.005017  0.004844]
[-0.010871 -0.024471 -0.020946  0.037348  0.041307  0.004995]
[ 0.124587  0.095378  0.098054  0.008809  0.005408 -0.028115]
[-0.056522 -0.020198 -0.003417  0.038598  0.039392  0.004023]
[ 0.042038  0.020275  0.055432  0.00895   0.025336 -0.004485]
[ 0.02723   0.024395  0.042331  0.028298  0.004654 -0.006204]
[-0.005845  0.010044 -0.013002 -0.005745 -0.005775 -0.007823]
[-0.081932 -0.101575 -0.086908  0.000728 -0.010827 -0.001163]
[ 0.084201  0.118776  0.14529  -0.004888 -0.011448  0.004038]
[ 0.024672  0.050855  0.03687  -0.007363  0.032898  0.028703]
[-0.042098  0.030503 -0.0016   -0.028256  0.015388 -0.043588]
[ 0.042689  0.019681  0.029091 -0.001321  0.017306  0.008405]
[ 0.029006 -0.004787  0.019108  0.004054 -0.019842 -0.001897]
[ 0.0688    0.091117  0.113449  0.036078  0.028853 -0.025196]
[-0.040737  0.00117  -0.018925  0.007772 -0.006238 -0.001578]
[ 0.031293  0.030642  0.029273  0.014655 -0.004071  0.012569]
[ 0.072271  0.012134 -0.006238  0.01444  -0.050694 -0.01141 ]
[ 0.072464  0.054944  0.101746 -0.007698 -0.006127 -0.007011]
[-0.051536  0.081187  0.059287  0.007484  0.02371   0.008534]
[ 0.006149  0.003825  0.017748 -0.020334 -0.055166 -0.01248 ]
[ 0.020243  0.07612   0.074434  0.024064 -0.007607  0.012209]
[ 0.081226  0.051285  0.093153 -0.014959  0.015172 -0.003208]
[-0.010511  0.045793  0.096349 -0.012313 -0.032134 -0.00162 ]
[-0.020896 -0.033736 -0.110229  0.009106 -0.005936  0.034223]
[ 0.083013  0.056991  0.121956 -0.002526  0.001196  0.001164]
[ 0.037185  0.040464  0.072778  0.022135 -0.032567 -0.003917]
[ 0.035483  0.037015  0.023582 -0.007094 -0.029407  0.011554]
[ 0.040065  0.014924  0.061986  0.00544  -0.031574  0.00998 ]
[-0.012927 -0.016668  0.009351  0.027855 -0.015977 -0.017784]
[-0.010215  0.055633  0.017147 -0.005789 -0.009796  0.0184  ]
[  3.162346e-03   7.069977e-02  -5.269810e-05   7.806479e-03  -1.360868e-02
  -3.303081e-03]
[ 0.006928  0.070664  0.048142 -0.007966 -0.029762 -0.014881]
[-0.033172 -0.035668 -0.005082  0.036379  0.006538  0.03356 ]
[ 0.01965   0.048052  0.023087 -0.004629 -0.00186   0.017896]
[ 0.038244 -0.000707  0.003584  0.034364  0.004647  0.020638]
[-0.016559 -0.007276  0.045069 -0.006855 -0.009345  0.005096]
[ 0.024566  0.034452  0.041122  0.002151 -0.015209  0.003255]
[ 0.023016  0.077347  0.05193  -0.002714  0.062681  0.015403]
[-0.086814 -0.044095 -0.05468  -0.017764  0.007354 -0.009174]
[ 0.044705  0.000102  0.031762 -0.008929 -0.007365 -0.011821]
[ 0.046547 -0.004564  0.053592 -0.01832  -0.010184  0.022745]
[ 0.036491  0.04896   0.060867 -0.014622  0.005663  0.004368]
[-0.047911  0.035227  0.059387  0.017007 -0.029182  0.011825]
[ 0.004196  0.039399  0.104412  0.000139  0.006511  0.006097]
[ 0.09681   0.121178  0.16801  -0.005133 -0.034553 -0.034874]
[-0.076911 -0.019081  0.014613 -0.000835  0.008896 -0.00095 ]
[ 0.034167  0.113228  0.086291  0.007009  0.010912 -0.023986]
[ 0.097066  0.121406  0.098632 -0.024615  0.057943  0.0163  ]
[-0.005511  0.055858  0.038943  0.034697  0.001997 -0.013352]
[ 0.04433   0.058987 -0.002722  0.018877  0.004403  0.01131 ]
[-0.01244   0.034945  0.027568  0.014728  0.030397  0.002015]
[ 0.002562  0.002918  0.002985 -0.02322  -0.016214  0.041283]
[-0.061612 -0.031349 -0.016553 -0.011902 -0.01504   0.015151]
[ 0.005899  0.025829  0.039759  0.016888 -0.001267 -0.023352]
[-0.007585  0.045667  0.027141  0.010008 -0.0032    0.016672]
[ 0.086351  0.116233 -0.050732 -0.020673 -0.01347   0.017997]
[ 0.011911 -0.006808  0.046764 -0.000886 -0.006991  0.005177]
[  5.088246e-02   3.824189e-02  -8.128483e-03  -2.095220e-05   8.664371e-03
  -1.014030e-02]
[ 0.088032  0.116158  0.102045  0.006186 -0.014519 -0.011235]
[-0.006537  0.043655  0.080423 -0.028989  0.027072  0.001703]
[-0.000584  0.075037  0.09409   0.029139 -0.011528  0.026106]
[-0.029984  0.019372  0.0282    0.022806  0.006102  0.011009]
[ 0.018915  0.004848  0.02733  -0.000336  0.0081    0.012566]
[-0.010692  0.022099 -0.007969  0.005709 -0.009964 -0.004681]
[ 0.055802  0.068616  0.080053  0.025861  0.011824 -0.012736]
[ 0.065191  0.069883 -0.030768  0.036565 -0.000175  0.048768]
[ 0.006081  0.061606  0.032471  0.007882 -0.005272 -0.012931]
[ 0.045256  0.124956  0.070265 -0.0017   -0.019009 -0.000728]
[ 0.088858  0.081194  0.094869 -0.020373  0.00651  -0.012273]
[-0.001028  0.017583  0.060804  0.002192  0.014978 -0.003793]
[ 0.01488   0.039932  0.181421  0.026062 -0.009925  0.01006 ]
[ 0.004916  0.046304  0.003171  0.016269  0.006994 -0.011636]
[-0.008607 -0.008358 -0.033736  0.003399  0.015874 -0.0141  ]
[-0.019645  0.015891  0.002185 -0.02874  -0.023595  0.011877]
[ 0.048466  0.053325  0.088503 -0.011943 -0.002279 -0.047385]
[-0.055334 -0.035296 -0.040796  0.004297 -0.004875 -0.02211 ]
('Mean', 1, ': ', -0.055333561715841265)
('Median', 1, ': ', -0.055333561715841265)
('Variance', 1, ': ', 0.0)
('Mean', 2, ': ', -0.035295552925764931)
('Median', 2, ': ', -0.035295552925764931)
('Variance', 2, ': ', 0.0)
('Mean', 3, ': ', -0.040796011031737252)
('Median', 3, ': ', -0.040796011031737252)
('Variance', 3, ': ', 0.0)
('time: ', 8432.743359088898)
