“Running plot script on a single CPU core”
[ -8.094417e-01  -6.875636e-01  -7.175543e-01  -6.688677e-01  -7.976771e-01
  -6.002803e-01  -5.142357e-02   6.943839e-02   4.983613e-02   5.868127e-02
   4.202421e-02   7.019934e-02  -7.638974e-02   2.048515e-02   4.779574e-02
  -1.037948e-01   9.167306e-02  -6.124592e-02   4.449076e-03  -7.064326e-04]
[-0.828386 -0.824873 -0.643091 -0.833646 -0.737721 -0.639058  0.004408
 -0.012828 -0.028521 -0.06815  -0.096153  0.028734 -0.006131 -0.07912
 -0.001771 -0.003497 -0.041229  0.029015  0.051915  0.003686]
[ -1.166940e+00  -8.845043e-01  -9.126508e-01  -8.713822e-01  -9.406314e-01
  -8.712405e-01  -9.248793e-02   1.771072e-01  -2.598808e-04  -1.162878e-02
  -1.058668e-01  -2.936719e-02  -5.094864e-02  -2.874559e-02   1.376218e-01
  -9.335446e-02   2.606208e-02  -8.907739e-02  -4.506032e-02  -3.501396e-02]
[ -9.054703e-01  -9.268530e-01  -8.912578e-01  -7.283327e-01  -6.924043e-01
  -7.641242e-01   2.312961e-02   2.533801e-02   4.621893e-02  -7.654657e-02
   2.986225e-02   2.305309e-02  -6.253289e-02   1.478826e-04   5.226026e-02
  -1.759058e-02  -9.084043e-02   3.420033e-02   4.346890e-03   1.204719e-03]
[ -8.494209e-01  -8.651414e-01  -8.522424e-01  -6.129818e-01  -6.317053e-01
  -4.889711e-01   7.660451e-03  -6.234232e-02   2.243435e-02  -1.815510e-02
   6.578044e-03  -1.539842e-02  -7.677997e-02  -1.864750e-02  -7.901621e-02
  -1.317586e-01  -1.405449e-03   2.661390e-02   2.727750e-04   4.117062e-02]
[-0.726728 -0.705937 -0.512203 -0.729194 -0.596519 -0.518512  0.06925
  0.021291  0.048996 -0.073255 -0.21371   0.029309 -0.004075 -0.170398
  0.012294 -0.014948 -0.068348  0.050364  0.027413  0.011864]
[-0.87994  -0.807119 -0.785466 -1.012098 -0.902524 -0.917432 -0.050605
 -0.122056 -0.098649 -0.039018  0.014571 -0.127986 -0.058762 -0.014219
 -0.088912 -0.036474 -0.102892 -0.028437 -0.046069  0.01321 ]
[-0.794948 -0.787302 -0.791604 -0.668253 -0.80457  -0.790137  0.007726
  0.005446 -0.075346 -0.027659 -0.028148 -0.021289  0.018761  0.040355
 -0.067964  0.051063 -0.079118 -0.042067  0.012231 -0.013158]
[-0.974668 -1.245182 -1.014004 -1.213668 -0.898653 -1.288974 -0.002786
  0.066426  0.044842 -0.07434   0.009627  0.099376  0.051156  0.048238
  0.138081 -0.004945 -0.037775 -0.019329  0.006651 -0.001443]
[-0.894101 -1.026612 -0.442344 -0.985393 -0.506851 -0.713986 -0.143137
 -0.004883  0.01745  -0.049225  0.018061 -0.056161  0.110936  0.084905
  0.040025  0.075793 -0.060021 -0.100364 -0.018903 -0.014572]
[-1.194597 -1.147492 -0.696867 -0.921411 -0.582218 -0.632189 -0.023385
  0.016292  0.023677  0.063005 -0.030688  0.132814  0.044421 -0.081405
  0.014977  0.040201  0.03546  -0.02724  -0.044732  0.004442]
[ -6.003175e-01  -6.168624e-01  -5.616388e-01  -6.953090e-01  -5.844873e-01
  -5.399576e-01  -3.098900e-03  -7.613596e-02  -7.999315e-02  -2.122885e-02
   3.511740e-04  -7.385500e-02   7.736145e-02   4.994961e-05  -9.379916e-02
   1.433230e-01  -1.904847e-02  -1.282905e-04  -5.000066e-02  -2.962476e-02]
[ -8.753401e-01  -6.345673e-01  -5.891754e-01  -6.131438e-01  -5.955113e-01
  -2.871023e-01   5.503607e-02   3.277509e-02  -6.010099e-02   1.430412e-02
   1.065003e-01  -5.047952e-05   4.787866e-02   9.069315e-02  -2.209416e-02
   5.386408e-02   5.583235e-02   9.113429e-02   3.747999e-02   5.136527e-02]
[-0.813086 -0.871061 -0.636726 -0.898551 -0.685276 -0.866355  0.127408
  0.003377 -0.073062  0.051408 -0.178033 -0.031262 -0.075712 -0.208127
 -0.032305 -0.144642  0.10385   0.030495 -0.032338  0.016784]
[-0.808234 -0.876106 -0.751472 -0.856544 -0.639886 -0.70482   0.143455
  0.144556 -0.168464  0.028522  0.125238 -0.1473    0.002903  0.076981
  0.150792 -0.069187  0.046627  0.106722  0.085252 -0.028951]
[-0.865706 -0.856274 -0.979401 -0.68659  -0.852782 -0.784543 -0.12932
 -0.038832 -0.014428 -0.021535  0.107934  0.007894 -0.014971  0.123195
  0.068645 -0.031742 -0.081847 -0.128036 -0.037096 -0.028641]
[-1.002593 -1.006911 -0.95853  -0.899817 -1.018513 -0.999004 -0.050962
 -0.04151   0.018686  0.056995  0.195928 -0.0014   -0.012317  0.099955
 -0.049105 -0.069998 -0.029977 -0.040444 -0.016638 -0.016367]
[ -8.903081e-01  -8.051419e-01  -9.323532e-01  -7.519101e-01  -9.579058e-01
  -8.557390e-01   3.986724e-02  -8.087540e-02  -5.373376e-02  -3.026311e-04
  -2.922346e-02  -8.217045e-02   1.775839e-02  -8.733726e-03  -8.678968e-02
   2.782593e-02  -1.350887e-01   9.955338e-02   4.193312e-02   1.819312e-02]
[-0.709125 -0.83503  -0.501679 -0.750926 -0.541442 -0.626239 -0.028021
  0.010058 -0.076747  0.15991   0.077808 -0.058131 -0.040105  0.053231
 -0.035577 -0.006053  0.199599 -0.002057 -0.039324  0.014234]
[-0.959581 -0.960696 -0.91019  -0.902191 -0.879501 -0.829738 -0.074914
 -0.036437 -0.107714 -0.029327 -0.001237 -0.038225 -0.03149  -0.009862
 -0.015543 -0.019663 -0.00553  -0.095659 -0.067835  0.003667]
[-1.247721 -0.889989 -1.009094 -0.811451 -0.908805 -0.530408  0.031769
 -0.092452 -0.013957  0.06702   0.064351  0.088005  0.107327 -0.011333
 -0.170179  0.018627  0.056917  0.055876 -0.006595  0.024969]
[-0.796728 -0.696277 -0.954192 -0.675611 -1.068485 -0.907741  0.017199
 -0.143012  0.190926  0.164185  0.109773  0.248936 -0.068954  0.082291
 -0.119773 -0.124935  0.178407  0.063967  0.073848  0.049024]
[-0.990039 -1.07163  -0.748491 -1.32007  -0.901265 -1.044166  0.085498
 -0.004226  0.109371  0.006928  0.143141  0.10419  -0.161135  0.00924
  0.090394 -0.206735  0.176038  0.150052 -0.032259 -0.008637]
[-0.847701 -0.803431 -0.851927 -0.697347 -0.795043 -0.687176  0.006993
  0.012561 -0.027435 -0.017574 -0.01965   0.06505  -0.010526 -0.006123
  0.061081 -0.024334  0.028996  0.040793  0.053873  0.028167]
[-0.729361 -0.747234 -0.657933 -0.803132 -0.750643 -0.788521 -0.031602
  0.040176 -0.065651 -0.084895  0.060631 -0.003544 -0.110247  0.065905
  0.0027   -0.077212 -0.074163 -0.039901  0.002786  0.043627]
[-1.100524 -1.107574 -0.974436 -1.218232 -1.084645 -1.130461  0.028444
 -0.092637  0.028376 -0.02623  -0.051347  0.052225 -0.048647 -0.050078
 -0.09044  -0.04771  -0.050173  0.062001  0.010034 -0.007184]
[-0.667748 -0.762188 -0.394083 -0.95978  -0.617898 -0.912875 -0.006616
 -0.048865  0.081754  0.078296 -0.205702  0.116485 -0.032178 -0.27572
 -0.09777  -0.031675  0.124376 -0.031967 -0.013678  0.027638]
[ -8.916043e-01  -7.919773e-01  -8.166241e-01  -8.411893e-01  -8.267230e-01
  -8.197894e-01   4.714005e-02   2.921340e-02  -4.295978e-02  -8.661366e-02
  -5.882256e-02  -2.714488e-02  -5.421592e-02  -8.738256e-02   9.397641e-03
  -3.533835e-02  -5.821104e-02   6.797482e-02  -3.596316e-04  -3.224643e-03]
[-1.316057 -1.291849 -1.16226  -1.102066 -1.103845 -1.217682 -0.0039
  0.061309  0.005583  0.132622  0.024397 -0.054743  0.017247  0.124372
 -0.025785  0.021976  0.015616  0.037296 -0.014783 -0.015891]
[-1.004456 -0.899555 -0.816884 -1.096542 -1.029958 -0.926124  0.03624
 -0.063459 -0.013638  0.046672  0.015089 -0.039181 -0.075854  0.03525
 -0.058514 -0.058124  0.004306  0.005361 -0.021055 -0.016177]
[-0.857962 -0.763212 -0.733865 -0.682909 -0.688961 -0.625811 -0.038662
  0.028111  0.038091  0.034791 -0.075173  0.029816  0.031705 -0.050849
  0.02179   0.075059 -0.018672 -0.048417  0.028018 -0.007063]
[-0.899894 -1.059817 -0.897601 -0.768961 -0.632717 -0.8274   -0.092662
  0.033146 -0.026406 -0.082412 -0.109989 -0.036948  0.060685 -0.179879
 -0.018118 -0.048399 -0.112909 -0.099696  0.088644  0.015756]
[-1.016105 -0.923988 -0.947943 -1.052318 -1.220885 -1.059386 -0.07685
 -0.05985  -0.02157   0.087913  0.188753  0.010095  0.081989  0.158476
 -0.094455  0.060937  0.132302  0.033863  0.009059  0.009465]
[-1.102094 -1.062535 -0.746198 -1.311444 -0.971462 -1.011974 -0.14583
  0.068995 -0.018423 -0.072974 -0.01551  -0.100158  0.11898  -0.016618
  0.122517  0.066991 -0.061425 -0.200842  0.023078 -0.010848]
[-0.995318 -1.010885 -0.832142 -0.974678 -0.853129 -0.831473  0.0108
 -0.034169  0.006478 -0.044572 -0.023618  0.099539 -0.055486  0.02008
 -0.077363 -0.055014 -0.047046  0.126853 -0.078283 -0.014802]
[-1.302377 -1.298175 -1.229447 -1.054559 -1.159412 -1.253511 -0.124885
  0.049473  0.026905  0.019624 -0.242579 -0.027153  0.086215 -0.248401
  0.148519 -0.010434  0.063496 -0.088363  0.046282  0.022574]
[-0.72932  -0.90362  -0.757142 -0.753619 -0.605554 -0.746847 -0.125572
 -0.103329  0.091709 -0.093478  0.147385  0.138249  0.073557  0.151384
 -0.122593  0.071106  0.013701 -0.092564 -0.053803 -0.000951]
[-0.862639 -0.891452 -0.981983 -0.737141 -0.788617 -0.876565  0.069174
 -0.003549 -0.065451 -0.072106  0.0368   -0.054568  0.011942 -0.013095
 -0.017072  0.012176 -0.063142  0.076133 -0.005306 -0.001369]
[-0.827027 -0.942483 -0.650267 -0.89135  -0.777276 -1.057319 -0.220357
 -0.054569  0.054978  0.152094 -0.095423  0.107393  0.037752 -0.203562
 -0.137519  0.105821  0.211634 -0.130722 -0.083612  0.018613]
[-0.963748 -0.88971  -0.850858 -1.022273 -0.960719 -0.952271  0.042405
  0.0239   -0.009618  0.079016  0.084237 -0.04132   0.036884  0.073387
 -0.004106  0.071046  0.080255 -0.050057  0.023728  0.004512]
[-0.968783 -0.914094 -0.915294 -1.131717 -1.057078 -1.148805 -0.002773
 -0.050648  0.041866  0.042769  0.031415  0.020563  0.002867  0.015604
 -0.030048  0.010852  0.102891  0.016308  0.048989  0.00222 ]
[-0.930624 -0.649428 -0.73597  -0.878504 -0.830794 -0.590706 -0.016771
  0.08825   0.146392 -0.026967 -0.139526  0.054981 -0.085774 -0.107006
  0.03024  -0.095488 -0.025303 -0.025881  0.022763  0.036003]
[-1.15257  -0.917921 -1.031395 -0.909597 -0.989874 -0.772971 -0.009136
  0.061952  0.004373 -0.047559  0.040382 -0.080595  0.026092  0.039372
  0.083034  0.039285 -0.045356 -0.033023  0.064865 -0.002125]
[-0.856016 -0.734107 -0.683507 -0.890883 -0.844533 -0.810994  0.097844
  0.046666 -0.134519  0.056338 -0.062129 -0.13191   0.117775 -0.074627
  0.046909  0.069675  0.005802  0.068899  0.010528 -0.002621]
[-1.113744 -1.107232 -0.717429 -0.989002 -0.803892 -0.847623 -0.03463
 -0.06388  -0.04503  -0.061371 -0.012847 -0.033165  0.155041  0.051051
 -0.071688  0.042417 -0.200049  0.137668 -0.03557   0.022944]
[-0.985752 -0.72903  -0.797231 -1.068272 -1.073496 -0.692811 -0.032074
  0.036899  0.121092  0.057342 -0.169477  0.170294  0.093895 -0.225625
  0.065439  0.070626  0.026652  0.089433 -0.066688 -0.061484]
[-0.883828 -0.695203 -0.822062 -0.802605 -0.843852 -0.846832  0.036879
 -0.004981  0.058126 -0.145103 -0.042355  0.039233 -0.00352  -0.059989
 -0.090165 -0.001661 -0.127561  0.005871 -0.018059 -0.016818]
[-0.909998 -0.819528 -0.580617 -0.99001  -0.737617 -0.619585 -0.027766
  0.035786 -0.057958  0.014251 -0.037754  0.016415  0.076784  0.027029
  0.100696 -0.012992 -0.009214 -0.035876 -0.029085 -0.01309 ]
[-1.20611  -0.818623 -1.11053  -0.871881 -1.128175 -0.8849   -0.100528
  0.077371 -0.024575  0.032474  0.030836  0.013652 -0.113827  0.062437
  0.037207 -0.083468  0.011429 -0.029629 -0.036818  0.025524]
[-1.020898 -0.92     -0.688792 -0.976419 -0.71147  -0.771055 -0.027092
  0.002858  0.140303 -0.082762  0.094316  0.064014 -0.101943  0.010232
 -0.002471 -0.06903  -0.110179 -0.080751 -0.029651 -0.021773]
[-0.787899 -0.857358 -0.727347 -0.820019 -0.795897 -0.81177  -0.037197
 -0.013064 -0.046235  0.005436  0.153808 -0.143812 -0.075537  0.186514
 -0.008552 -0.015177 -0.113571 -0.062361 -0.003579 -0.033378]
[-0.681392 -0.739748 -0.679991 -0.654527 -0.620143 -0.844969  0.113022
  0.029743 -0.237077 -0.228783 -0.137794 -0.164066  0.028395 -0.062579
  0.064209  0.016487 -0.275631  0.147649 -0.01491  -0.049523]
[-0.876805 -1.211701 -0.788608 -1.018221 -0.528226 -0.976215  0.036383
  0.050542 -0.134538 -0.138102  0.047629 -0.11974  -0.002688  0.065106
  0.01061  -0.029319 -0.148167  0.006121 -0.00941   0.016941]
[-0.844123 -0.750905 -0.973207 -0.776475 -1.003605 -0.787091  0.079293
 -0.099733  0.080974  0.096025  0.058127  0.083668  0.072073  0.097322
 -0.113253  0.088145 -0.029549  0.131049  0.041204  0.039879]
[-0.719627 -0.722801 -0.981457 -0.660326 -1.037495 -0.93894  -0.019829
  0.042861  0.14631   0.009721 -0.045872  0.180965  0.003724  0.021428
 -0.012653  0.031122  0.060854 -0.105507 -0.011187  0.027016]
[ -7.909060e-01  -8.737105e-01  -5.920324e-01  -8.351438e-01  -7.137466e-01
  -8.003183e-01   4.323944e-02   1.246267e-01   7.370399e-02  -1.390688e-01
   2.404197e-01   7.626234e-02  -3.711159e-02   1.898656e-01   4.885678e-02
  -5.197533e-04  -1.734073e-01  -6.610300e-03  -2.439318e-02  -4.923541e-02]
[-0.613098 -0.826603 -0.618556 -0.616969 -0.356835 -0.565423 -0.039787
  0.031606  0.041486  0.157562 -0.027118  0.061434 -0.041535 -0.018103
  0.025134 -0.038322  0.169784 -0.057961  0.029471  0.019815]
[ -1.009303e+00  -7.587499e-01  -8.204121e-01  -7.715926e-01  -1.108878e+00
  -7.662761e-01   5.226727e-02  -4.301301e-02   3.525681e-02  -3.974609e-02
   3.580224e-02   4.620267e-04  -6.804820e-02   5.806956e-02   1.392047e-03
  -3.787226e-02   2.610550e-02   4.853965e-02   4.750887e-02   5.209173e-03]
[ -1.044942e+00  -7.818488e-01  -1.155232e+00  -7.915568e-01  -9.565004e-01
  -7.750823e-01  -3.259789e-02   5.088343e-02  -5.669009e-03  -2.012268e-02
  -9.705730e-03  -7.555282e-02   1.758815e-02  -1.796801e-02   1.300340e-04
  -6.200373e-02  -3.744734e-02  -3.472699e-02  -9.302974e-03  -2.120574e-02]
[ -1.121022e+00  -1.131663e+00  -7.603188e-01  -1.329110e+00  -8.926262e-01
  -1.068059e+00  -3.551476e-03  -9.112512e-02  -4.246992e-04  -2.439374e-03
   2.352363e-02   3.579135e-03  -1.967522e-03   1.181577e-01  -6.245170e-02
  -1.015564e-02   3.085113e-02   6.251664e-02  -3.739720e-02   5.031297e-03]
[-0.572847 -1.261504 -0.662609 -0.719277 -0.435609 -1.096685 -0.152006
 -0.060734 -0.135616  0.155863 -0.027075 -0.113568 -0.186157 -0.047603
 -0.163988 -0.090432  0.154066 -0.154092  0.083576  0.018312]
[-0.792976 -0.905135 -0.650501 -0.768431 -0.530376 -0.670358  0.010892
 -0.006943 -0.047341  0.014249  0.005966 -0.021654 -0.074004  0.021565
 -0.007758 -0.039927  0.017029 -0.043637 -0.02772  -0.023325]
[ -1.090661e+00  -9.908180e-01  -1.039199e+00  -9.262927e-01  -9.235582e-01
  -9.748789e-01   6.499077e-02   2.994157e-02  -6.140536e-05   7.689663e-02
   9.869572e-02  -4.766411e-02   6.731618e-02   3.588752e-02  -4.130575e-03
  -2.706239e-03   7.387127e-02   1.293995e-01  -2.591180e-02   3.413521e-05]
[-1.089186 -1.076087 -0.8828   -1.027492 -0.913114 -0.809317 -0.064491
  0.016561 -0.124152  0.161187  0.0206   -0.05465   0.164017 -0.021871
 -0.021747  0.213824  0.176584 -0.023925 -0.001109  0.019404]
[-0.716226 -0.546274 -0.811871 -0.450981 -0.640631 -0.536948 -0.092654
  0.010256  0.043511 -0.003841  0.039552  0.012081  0.085345  0.078006
 -0.001458  0.110413  0.030831 -0.153277  0.023777  0.022427]
[-1.065436 -1.001122 -0.926404 -0.946366 -0.963637 -0.838364  0.022811
  0.085093 -0.117133  0.00528  -0.08904  -0.053013  0.089987 -0.088828
  0.045685  0.086404  0.037942  0.059527 -0.047284  0.015962]
[-0.732917 -0.562438 -0.705538 -0.41583  -0.446952 -0.357772 -0.053508
  0.012932 -0.039404 -0.143936 -0.097169 -0.062282  0.002434 -0.057777
  0.016732  0.05746  -0.146704  0.017934 -0.013591 -0.018814]
[-0.792967 -0.658459 -0.847424 -0.615296 -0.86174  -0.813678  0.064221
  0.092663 -0.098703  0.156799  0.111081 -0.175797  0.09614   0.066536
  0.096359  0.028447  0.12124   0.066977  0.032506 -0.009275]
[-0.896923 -0.912374 -0.726041 -0.895409 -0.914271 -0.886454  0.089604
 -0.071377  0.002984 -0.132226  0.147639  0.015174  0.011787  0.262015
  0.044495  0.029556 -0.128724 -0.003364  0.051097  0.033554]
[-1.151096 -1.042336 -0.905069 -1.036524 -0.936796 -0.821069  0.12755
 -0.014267 -0.007092  0.043411 -0.026823 -0.012944  0.072305 -0.007999
 -0.007635  0.049428 -0.063998  0.131432  0.005108  0.007414]
[-0.813239 -0.289008 -0.859958 -0.403471 -0.932826 -0.28147   0.088593
 -0.065147  0.025196  0.024415  0.124765  0.071988  0.176937  0.092172
 -0.168598  0.148856 -0.010279  0.057897  0.002313 -0.010528]
[-0.969111 -0.92067  -1.009656 -0.790056 -0.919041 -0.890851 -0.046666
  0.097557  0.052723 -0.049732  0.006155  0.093294 -0.007097 -0.003603
  0.126595 -0.033557 -0.076122 -0.030417 -0.044611  0.023209]
[-1.005779 -0.779146 -0.778588 -0.865156 -0.730213 -0.756266 -0.031681
  0.068321  0.077408  0.044787 -0.105948  0.12387   0.013626 -0.053881
  0.063085 -0.001992  0.019537  0.029667  0.017438  0.019774]
[-0.79369  -0.746804 -0.817709 -0.674258 -0.768645 -0.692781 -0.037015
  0.0805    0.004375  0.038249 -0.07635  -0.005243 -0.079005 -0.113785
  0.024353 -0.030967  0.006942  0.012068  0.028811 -0.009898]
[-1.149995 -0.841565 -1.00791  -0.904873 -1.193394 -0.790261  0.103184
 -0.078841 -0.079427  0.089227  0.042714 -0.041762  0.151356 -0.023054
  0.015918  0.155033  0.037263  0.043449 -0.006122  0.015003]
[-0.945141 -0.784206 -0.834872 -0.760766 -0.687216 -0.65372   0.017112
  0.053128  0.094469  0.036509  0.024729  0.084167  0.090001  0.015587
  0.068315  0.086699  0.064962  0.010071  0.047886  0.050403]
[-0.845217 -0.8802   -0.841358 -0.769049 -0.738301 -0.826808 -0.15445
 -0.041949 -0.136874  0.118376  0.096555 -0.155917  0.121649  0.058572
 -0.070534  0.065072  0.127977 -0.197763  0.062832  0.002653]
[-0.763418 -0.756684 -0.738913 -0.797467 -0.699386 -0.874184  0.04345
  0.022676  0.003249  0.034211  0.068296  0.047782  0.069459  0.104522
 -0.042562  0.051792  0.08937  -0.001801 -0.012599 -0.014075]
[-1.391412 -1.279963 -1.213336 -1.242839 -1.289982 -1.098948  0.124038
  0.147264 -0.276598  0.039261  0.017431 -0.216809 -0.006267 -0.052595
  0.040847 -0.040041  0.021444  0.204332 -0.033057 -0.026899]
[-0.907227 -0.89381  -0.79853  -0.918002 -0.9008   -0.80674   0.077929
  0.009297  0.007033  0.070316 -0.208332  0.062231  0.036967 -0.248492
 -0.037021  0.116587 -0.066475  0.142757 -0.026594 -0.121759]
[-0.664062 -0.789903 -0.852966 -0.989337 -1.156007 -1.282195  0.02063
  0.062667 -0.161134  0.106984 -0.077574 -0.106415  0.026186 -0.090407
  0.050853 -0.076769  0.211347  0.023313  0.040658 -0.001814]
[-1.129099 -1.063657 -1.109669 -1.153573 -1.078628 -1.087769  0.109176
  0.06833  -0.079418  0.037645 -0.074542  0.075041 -0.025514 -0.030176
 -0.010885 -0.004824  0.044419  0.067887 -0.011436 -0.030522]
[-1.227431 -0.941617 -0.862076 -1.13576  -1.060418 -0.698701 -0.022809
 -0.058534 -0.048841 -0.050253  0.03564  -0.097043  0.02483   0.033702
 -0.09269  -0.015427 -0.048604  0.023237 -0.036064  0.001759]
[-0.772366 -0.915111 -0.803946 -0.806371 -0.791295 -0.840622 -0.021647
 -0.013435 -0.042681 -0.081558  0.018657 -0.070417  0.022833  0.0109
 -0.019804  0.061742 -0.11496  -0.044587  0.016171  0.040182]
[-0.973383 -0.926182 -0.858604 -0.93256  -0.861112 -0.806676 -0.037337
 -0.017377 -0.112287 -0.044326 -0.012252 -0.087197 -0.004595  0.021408
 -0.005031  0.011223 -0.052042 -0.042697  0.056053 -0.005178]
[-0.807964 -0.73917  -0.717243 -0.607683 -0.690023 -0.564084 -0.003209
 -0.012164 -0.051769 -0.025135 -0.069643 -0.040866 -0.034133 -0.065693
  0.014635 -0.052945 -0.043351  0.002323 -0.056365 -0.003918]
[-0.972084 -1.160435 -0.824887 -1.21998  -0.979465 -1.106664 -0.06476
  0.08657   0.034523 -0.024976 -0.103672  0.035947  0.046835 -0.107887
  0.060481  0.099129 -0.080105 -0.155601  0.006797  0.009333]
[-0.633824 -0.599704 -0.685166 -0.579971 -0.723836 -0.609625 -0.019198
  0.005978 -0.036238 -0.004374  0.014472 -0.015759  0.004652  0.011014
  0.031545  0.007952 -0.013373 -0.005422 -0.004345 -0.010776]
[-1.193749 -1.173159 -1.492919 -0.95387  -1.040225 -1.195212  0.059432
  0.087098  0.005814 -0.002754 -0.019957  0.101214 -0.119232  0.040242
  0.254467 -0.082291  0.028306  0.17928   0.042968  0.009714]
[-0.91701  -0.866039 -0.907998 -0.721039 -0.832623 -0.844534  0.055086
 -0.035779  0.056616  0.004551  0.05895   0.063183  0.09871   0.033648
  0.010984  0.080535  0.038033  0.106927  0.032715  0.058374]
[-1.071972 -0.90554  -0.719622 -1.130504 -0.976707 -0.597367 -0.011448
  0.061616 -0.163752  0.058592 -0.016258 -0.151286 -0.068971  0.0227
  0.059222  0.006063  0.028155 -0.017187 -0.032498 -0.019146]
[ -1.086227e+00  -1.172507e+00  -1.039251e+00  -9.496338e-01  -8.326585e-01
  -8.326182e-01   5.618161e-02   4.494613e-02   1.506735e-01   5.673767e-02
  -2.067423e-02   6.088383e-02  -5.366050e-02   4.543551e-02  -4.568588e-02
   1.657067e-03   7.342026e-03   5.072919e-02   7.703932e-02   4.732492e-04]
[-1.232413 -1.275371 -1.087673 -1.264296 -0.999849 -1.029546  0.050104
  0.13657  -0.024079  0.1695   -0.114775 -0.015418  0.035181 -0.130488
  0.120604 -0.015932  0.104346  0.083639  0.104337  0.010185]
[-1.149752 -1.027645 -0.947182 -1.011407 -0.885093 -0.893568  0.055904
  0.011019 -0.007007  0.039196  0.116749 -0.015382 -0.056116  0.04551
  0.04048  -0.065605  0.033855  0.042703 -0.006804  0.031855]
[-0.688645 -0.871636 -0.59732  -0.820643 -0.674321 -0.746712  0.025724
 -0.07382  -0.021018  0.09015  -0.086982 -0.08713  -0.08821  -0.086096
 -0.066303 -0.066938  0.11481   0.072295  0.025149 -0.023663]
[-0.853759 -0.724811 -0.585345 -0.931104 -0.756632 -0.598957  0.046867
 -0.00829   0.119945  0.083824  0.046449  0.11043   0.046137  0.041334
 -0.007164  0.023878  0.085798  0.027627 -0.01856  -0.018904]
[ -1.160661e+00  -8.453282e-01  -8.031490e-01  -1.190272e+00  -1.148433e+00
  -9.629039e-01  -3.136002e-02  -4.255978e-02   6.897468e-02  -4.564035e-02
  -4.255629e-02   5.517717e-02  -1.172743e-01   1.004145e-03  -9.440220e-02
  -3.427102e-02  -2.248419e-01   6.430827e-02  -2.623266e-02   1.596970e-02]
[-0.767587 -0.531929 -0.618913 -0.869932 -0.940951 -0.754317  0.021851
 -0.162493 -0.12365   0.046345 -0.066186 -0.091113  0.012382 -0.120458
 -0.234171  0.060373  0.057205  0.059441  0.003634  0.00853 ]
[-0.90817  -0.906838 -0.906618 -0.922239 -0.959222 -0.9409    0.01399
  0.030466  0.017333 -0.095213 -0.040577 -0.001582  0.0019   -0.001985
  0.057721  0.03426  -0.082077 -0.010417 -0.018291 -0.036225]
[-0.911372 -0.823774 -0.863909 -0.789894 -0.834645 -0.704975 -0.047145
 -0.010731  0.135253  0.057412  0.030204  0.169443  0.020086  0.057628
  0.005402  0.051706 -0.003222 -0.051284 -0.016918 -0.008388]
('Mean', 1, ': ', -0.91137189092631554)
('Median', 1, ': ', -0.91137189092631554)
('Variance', 1, ': ', 0.0)
('Mean', 2, ': ', -0.82377435275457023)
('Median', 2, ': ', -0.82377435275457023)
('Variance', 2, ': ', 0.0)
('Mean', 3, ': ', -0.86390857867835924)
('Median', 3, ': ', -0.86390857867835924)
('Variance', 3, ': ', 0.0)
('Mean', 4, ': ', -0.78989378504532115)
('Median', 4, ': ', -0.78989378504532115)
('Variance', 4, ': ', 0.0)
('Mean', 5, ': ', -0.83464514208396079)
('Median', 5, ': ', -0.83464514208396079)
('Variance', 5, ': ', 0.0)
('Mean', 6, ': ', -0.70497539513502083)
('Median', 6, ': ', -0.70497539513502083)
('Variance', 6, ': ', 0.0)
('time: ', 7685.1092801094055)
