“Running plot script on a single CPU core”
[-0.01113  -0.070548  0.013111  0.017007  0.021695 -0.015864]
[ 0.025998  0.031448  0.059141  0.036971 -0.011522 -0.00716 ]
[ 0.040893  0.096366  0.102982 -0.003441 -0.014035  0.018484]
[ 0.014078 -0.029801  0.003119  0.034994  0.012663 -0.00776 ]
[ 0.026738  0.067264  0.004528  0.004624 -0.009497 -0.001655]
[-0.036639 -0.028905  0.00751  -0.039979 -0.004271  0.013127]
[ 0.020162  0.044856 -0.021537 -0.016455 -0.013088  0.020802]
[-0.110595  0.030877  0.056189 -0.047115 -0.012137 -0.031212]
[-0.040924 -0.016115 -0.027289 -0.002454  0.006453  0.004698]
[-0.021249  0.011532  0.043916 -0.008656 -0.047033 -0.011951]
[ 0.089957  0.014916  0.046412  0.020529 -0.029247  0.024043]
[-0.020193 -0.019688 -0.09161   0.030321  0.020713 -0.002114]
[-0.067156  0.039227  0.06404   0.029472  0.033096 -0.017907]
[ 0.021309  0.035888 -0.009195  0.005606 -0.003775  0.002242]
[ 0.051947 -0.006395 -0.003507 -0.008161  0.031799 -0.01377 ]
[ 0.03581   0.063655  0.087066 -0.020825 -0.019906  0.007673]
[-0.069496 -0.024166 -0.062538 -0.003584  0.019125 -0.023027]
[-0.066855  0.01708   0.009937  0.016212  0.005096  0.044215]
[ 0.050124  0.06331   0.012615 -0.01323   0.005124 -0.034877]
[ 0.01771   0.047137  0.038031 -0.014141  0.010753  0.014345]
[ 0.032713  0.067414  0.080895  0.00564   0.028433 -0.004405]
[ 0.039967  0.076623  0.104538  0.024209 -0.016535  0.019739]
[ 0.019609  0.09938   0.025107 -0.008978  0.054938 -0.020613]
[ 0.035209  0.03656   0.0257    0.036967 -0.037352  0.032321]
[ 0.003785  0.026738  0.051548  0.00304   0.009469 -0.005048]
[-0.021858 -0.032209 -0.042303  0.026884  0.013559 -0.003418]
[ 0.01376   0.018773  0.016772 -0.068443  0.023228 -0.009102]
[-0.004379  0.033189  0.028378 -0.026188  0.02447  -0.025791]
[-0.039603  0.055856  0.029205  0.036197 -0.022256  0.008899]
[-0.044264  0.012079  0.048423  0.024804  0.021975 -0.001949]
[ 0.019211  0.061913 -0.020074 -0.000881 -0.035361  0.02821 ]
[ 0.04136   0.033432  0.059942  0.000269  0.004908  0.005883]
[-0.018994 -0.052544  0.031779 -0.003603  0.016094 -0.030256]
[ 0.024932  0.029908  0.062715  0.007372 -0.025002 -0.014348]
[-0.00881  -0.042988  0.020928  0.007406 -0.006899 -0.009653]
[ 0.007568  0.035494  0.067799  0.001577  0.008959  0.003116]
[ 0.019676 -0.001767  0.006385  0.023332  0.023904 -0.005124]
[-0.022057 -0.002459  0.023394  0.038453 -0.003043 -0.01835 ]
[ 0.031905  0.034998  0.037368 -0.012661 -0.003216  0.003948]
[-0.014504  0.03153   0.182446  0.034129  0.026873 -0.012901]
[-0.040689 -0.02491   0.032483 -0.00184   0.018865  0.01449 ]
[ 0.03298  -0.008934 -0.020197  0.008118 -0.012569  0.020531]
[ 0.030674  0.089521  0.102909  0.002154  0.019222 -0.015561]
[ 0.032823  0.016146  0.062861 -0.000743 -0.004286 -0.02568 ]
[-0.034047 -0.094312  0.00491   0.026949  0.00974  -0.013865]
[ 0.046859  0.07794   0.078763  0.017427  0.008854  0.004345]
[ 0.049646  0.019361  0.015697  0.006028  0.003747  0.019911]
[ 0.10684   0.063859  0.080253 -0.025454  0.018748  0.000251]
[-0.002568  0.075223  0.080905 -0.031617 -0.017733  0.028502]
[ 0.000946  0.073687  0.013482 -0.003604 -0.012044 -0.000774]
[-0.035127  0.017471  0.009008 -0.02785  -0.013738 -0.006033]
[ 0.087147  0.016077  0.042547 -0.017446  0.033062  0.019022]
[ 0.010595  0.05424   0.069709 -0.017186  0.0177   -0.009438]
[-0.051637  0.012052  0.034021  0.002198  0.007346  0.012351]
[ 0.043893  0.04095   0.131803 -0.009015 -0.007889  0.041562]
[ 0.046049  0.02533   0.037715 -0.003783  0.019007 -0.005718]
[ 0.08419   0.028067  0.054479 -0.013781 -0.002333  0.016406]
[-0.039873  0.001133 -0.031193  0.040717 -0.023005 -0.00731 ]
[-0.006563  0.020979  0.062808  0.000157 -0.013445  0.002671]
[ 0.059678  0.009164  0.03757   0.018717  0.003269 -0.020615]
[ 0.01978   0.031418  0.005083  0.001123 -0.047432 -0.030818]
[ 0.059879  0.104287  0.031339  0.030185  0.009062 -0.005805]
[ 0.008938  0.001262  0.00264  -0.002124  0.010383  0.000245]
[ 0.004423 -0.002462  0.029369  0.033997 -0.010438 -0.008129]
[ 0.023691  0.035164  0.023417 -0.013378  0.001164 -0.008043]
[ 0.048144  0.023084  0.067139 -0.058474 -0.012956 -0.021222]
[ 0.011351  0.029619  0.060472  0.048331 -0.02056   0.047101]
[ 0.001243  0.033933 -0.010257 -0.011264  0.011861  0.025655]
[ 0.03202   0.030771  0.031745 -0.011131 -0.001235 -0.022886]
[  2.784154e-02   7.061611e-02   1.110944e-01   3.136188e-02  -2.403840e-02
  -5.596692e-05]
[-0.026688 -0.04812  -0.044813 -0.040721  0.001853  0.023869]
[ 0.047423  0.062149  0.097932  0.008581 -0.02589   0.006918]
[ 0.044327  0.003455 -0.000803  0.039325  0.020688  0.010863]
[ 0.02761  -0.04198  -0.013419 -0.014141  0.004217  0.012719]
[ 0.005754 -0.006776  0.0788   -0.086401 -0.008153  0.015057]
[-0.1005   -0.100773 -0.077344 -0.007639  0.006415 -0.006488]
[ 0.173767  0.090802  0.141986  0.015419  0.009584  0.029201]
[ 0.021943 -0.035967  0.015053 -0.011389  0.006133  0.024339]
[ 0.053497  0.042663  0.052458 -0.006074  0.021994 -0.04804 ]
[-0.023819  0.005045 -0.009722 -0.02306   0.005792 -0.02093 ]
[-0.034587  0.026922  0.018921 -0.004772 -0.026315 -0.001054]
[-0.011894  0.006835  0.029206 -0.008174  0.004981  0.027058]
[ 0.056053  0.08912   0.087892 -0.007823  0.008083 -0.00792 ]
[ 0.042353 -0.031274  0.067235  0.084843 -0.002246  0.01822 ]
[ 0.099382  0.002947  0.070956 -0.010822 -0.01005   0.046689]
[-0.003624  0.080228  0.130152  0.017815 -0.028444 -0.001897]
[ 0.05673   0.0813    0.099209  0.011486 -0.005031 -0.025954]
[ 0.02404   0.085205  0.016942 -0.004857  0.018155 -0.004205]
[ 0.005058 -0.000835  0.078458 -0.005074 -0.027993 -0.00677 ]
[-0.052741 -0.007983  0.010104 -0.016266  0.004501  0.071234]
[  4.250722e-02   1.066676e-01   5.558821e-02   1.673491e-05  -2.057879e-02
  -1.044668e-02]
[-0.013209  0.05227  -0.019385 -0.003184 -0.011322 -0.014483]
[ 0.043308  0.090347  0.068767  0.001402 -0.004169  0.019488]
[ 0.00758   0.030921  0.038749 -0.004751 -0.007436 -0.02261 ]
[ 0.017973  0.064379  0.081378 -0.002313 -0.001972  0.000839]
[ 0.056683  0.086818  0.106661 -0.029431  0.012428 -0.027697]
[ 0.077622  0.070701  0.059667 -0.042201 -0.025569 -0.005395]
[ 0.015265 -0.018934  0.036327  0.063197 -0.009577  0.010389]
[ 0.133209  0.101192  0.08622   0.020837  0.010788 -0.021285]
[ 0.044709  0.054439  0.035071  0.030574  0.024734 -0.029306]
('Mean', 1, ': ', 0.044709123181970151)
('Median', 1, ': ', 0.044709123181970151)
('Variance', 1, ': ', 0.0)
('Mean', 2, ': ', 0.054438843238450843)
('Median', 2, ': ', 0.054438843238450843)
('Variance', 2, ': ', 0.0)
('Mean', 3, ': ', 0.03507128952044325)
('Median', 3, ': ', 0.03507128952044325)
('Variance', 3, ': ', 0.0)
('time: ', 8882.462954044342)
