“Running plot script on a single CPU core”
[-0.06633   0.323458 -0.036122  0.328996 -0.297318 -0.93512  -0.769398
 -0.695371  0.227032  0.33004   0.22943  -0.094767  0.31467   0.293729
 -0.372185 -0.214291  0.322723  0.056604 -0.454404  0.333314]
[-0.129986 -0.194038 -0.031772  0.207666  0.305247  0.330761 -0.334596
  0.293926  0.079227  0.274087 -0.485891  0.3333   -0.703122  0.259348
  0.133489  0.320057  0.314234  0.241239 -0.990457  0.238681]
[-0.111664  0.322164  0.299013  0.171006  0.045238 -0.344691  0.195823
 -0.05533  -0.269819  0.298014  0.231212  0.159106  0.240841 -0.999605
 -0.587831  0.072126 -0.140219 -0.664236  0.023339  0.247203]
[-0.232584  0.326     0.31567   0.319491  0.071728  0.275616 -0.999376
  0.228947  0.00516   0.313739  0.208124  0.034888  0.320301 -0.443633
  0.32696   0.29965   0.29077   0.29066   0.331906  0.314696]
[ 0.331027  0.332125 -0.019083 -0.74844   0.333097 -0.258285  0.308907
  0.322563  0.250656  0.052915 -0.519949  0.298721 -0.17342   0.294403
  0.099995  0.33247   0.222463  0.332514  0.134274  0.328139]
[ 0.102677  0.099373  0.068533  0.333287 -0.927319 -0.929484 -0.326652
 -0.355564  0.330869 -0.889702  0.331492  0.30839   0.307178 -0.918094
  0.271655  0.153755  0.333287  0.230698  0.322959  0.309579]
[-0.946633 -0.193507 -0.860976  0.212413  0.221224 -0.859741  0.329702
 -0.974365  0.046642  0.32271   0.014617 -0.689793 -0.65094   0.184505
  0.299929 -0.132751  0.327746  0.30858   0.03449   0.310538]
[ 0.073549  0.255341  0.314419  0.142963  0.3233    0.257195 -0.76746
  0.332958  0.322892 -0.165376  0.286698  0.173479 -0.321465 -0.036158
  0.241608  0.178684 -0.174711 -0.642586 -0.115582 -0.295432]
[ 0.005722  0.315232 -0.096565  0.31994   0.144616  0.212493  0.31732
  0.246465  0.191439 -0.309407 -0.103046  0.291496 -0.178725  0.332745
 -0.264598  0.261076  0.243148 -0.089695 -0.534015  0.035811]
[ 0.316739  0.048838  0.242867  0.185824 -0.298978  0.242544 -0.175699
  0.323517 -0.931537 -0.682531 -0.540964  0.225729  0.285824 -0.508879
  0.32606   0.108255 -0.997597 -0.591414  0.312394 -0.754251]
[ 0.168151  0.311157 -0.13841   0.263235 -0.273141 -0.0279    0.332884
  0.323597  0.23453  -0.982366 -0.327135 -0.07331   0.081199 -0.707895
 -0.728611  0.136428  0.317252  0.248616  0.330398 -0.032546]
[-0.032883 -0.030403  0.284904 -0.098251 -0.090162 -0.120152  0.306644
  0.249258 -0.377368 -0.149324  0.315245 -0.269286 -0.682778 -0.116915
 -0.89689  -0.629894  0.330666  0.267056 -0.991001 -0.378418]
[ 0.315305 -0.220332  0.249853  0.256094  0.328227  0.333277  0.041471
  0.3247    0.330798 -0.286133  0.332255  0.303989 -0.489428 -0.347417
  0.33019   0.329646 -0.986887  0.173596  0.301191  0.238985]
[-0.049784  0.312574 -0.006778 -0.599262  0.186235 -0.268246  0.225336
  0.272793 -0.893859  0.29339  -0.73885  -0.142478 -0.057013  0.143129
 -0.48468  -0.032206 -0.891956  0.259919  0.075894  0.333033]
[ 0.264542  0.236226 -0.16963  -0.229614  0.323553  0.328664  0.191127
 -0.103565 -0.191996  0.214743 -0.114861  0.216288 -0.955344 -0.993135
  0.165474 -0.41216  -0.949354 -0.565643  0.183316  0.075432]
[ 0.136802  0.326994  0.29315   0.107468  0.301157  0.331679  0.332599
  0.324346  0.333266 -0.734509  0.254217  0.332745 -0.837411  0.274558
  0.088192  0.204062 -0.422419 -0.618052  0.244418  0.21184 ]
[-0.625857  0.26539  -0.138247 -0.220438  0.302531 -0.342804  0.262982
  0.071863 -0.430373 -0.14736   0.195009  0.285151  0.326989  0.071269
  0.100468  0.286383  0.072765 -0.106567  0.333249  0.267385]
[ 0.289027 -0.95356  -0.053098  0.294878  0.333105  0.294997  0.333319
  0.23566   0.003945  0.306888  0.243837  0.202264 -0.340926  0.326353
  0.332372 -0.900258  0.304934  0.104123 -0.734516  0.011693]
[-0.618195 -0.104854 -0.814907 -0.559748  0.33323  -0.055153 -0.022849
 -0.387128 -0.534876  0.212431 -0.58802   0.281231  0.243011  0.331724
 -0.499281 -0.700984  0.332967  0.170003  0.296208  0.262857]
[ 0.014201 -0.141783  0.325377  0.0603    0.320949  0.217295  0.315739
 -0.730329  0.304732  0.20391   0.254106  0.328909 -0.474742  0.330632
  0.150397  0.09007   0.331517 -0.999991  0.214847  0.291338]
[ 0.067023  0.333102 -0.86405   0.260407 -0.062779  0.296497  0.162624
  0.324632 -0.966281 -0.317399  0.305134  0.302123  0.318182  0.025537
 -0.364784  0.327036  0.198904 -0.861135  0.088558  0.333143]
[ 0.333287  0.321542 -0.740441 -0.659851 -0.960561 -0.553178  0.32048
  0.274211 -0.051483  0.329346  0.175761 -0.245008  0.30345   0.268705
  0.319615 -0.05462   0.099403 -0.382271  0.333299  0.315823]
[ 0.046151  0.292577  0.307133  0.321822  0.285462  0.184827  0.126704
  0.200728  0.316821  0.283676  0.331433  0.33001   0.323183  0.127472
  0.132449  0.322753  0.000642  0.114617  0.270711  0.169275]
[-0.742925  0.317649  0.300726  0.317289 -0.560808  0.326816  0.33237
  0.301439  0.300645 -0.52148  -0.70696  -0.083755  0.320262  0.202406
 -0.677667  0.31992   0.322514  0.22357  -0.568051 -0.121552]
[-0.078499  0.060513  0.321004 -0.417701 -0.988597  0.304489  0.288721
 -0.854004  0.302886  0.327595 -0.648646 -0.020586 -0.397062 -0.403107
  0.321085 -0.536275  0.236147  0.272035  0.084285 -0.498049]
[ 0.324888 -0.479498 -0.032403  0.270949  0.31383   0.297722  0.240968
 -0.543144  0.276582 -0.361077  0.322284  0.329494 -0.014617 -0.075844
  0.144318 -0.983552 -0.68196   0.013368  0.103849  0.173371]
[ 0.158799  0.330948 -0.087259 -0.751825  0.32282  -0.964054 -0.961823
  0.331559  0.326565  0.190779  0.192369  0.332323  0.007322  0.138294
 -0.787771  0.066783  0.188723  0.177841  0.183493 -0.143902]
[ 0.310918  0.086732  0.260833  0.276562  0.328969  0.195855  0.33322
 -0.179968 -0.973453  0.325449 -0.132317 -0.342185 -0.423097  0.313236
 -0.145499  0.249999  0.298761  0.296054 -0.981895  0.321303]
[ 0.096738  0.280679 -0.102852 -0.565535  0.330906  0.332995  0.328635
  0.265083  0.296849 -0.270324  0.175713  0.150331  0.235813 -0.672403
 -0.142387  0.207877  0.323758  0.223275  0.294511  0.333329]
[ 0.260886  0.248267 -0.041686 -0.071386  0.330372  0.28179  -0.616235
  0.185589 -0.567149 -0.298772  0.156324 -0.125792  0.330376  0.330068
  0.012372 -0.854434  0.269603  0.292897  0.284588 -0.966787]
[-0.825752 -0.999951  0.007108  0.221957  0.331477 -0.923832  0.135337
 -0.037246  0.228683 -0.89633   0.314982  0.333328  0.199673 -0.055338
 -0.635519 -0.086755  0.332024 -0.038262  0.316755 -0.209251]
[ 0.302159  0.074662 -0.399404 -0.13192   0.073691  0.294417 -0.576526
 -0.988227 -0.332856  0.316737 -0.116418 -0.630683  0.26831   0.314003
  0.317924  0.164868 -0.022959 -0.412768  0.328612  0.099821]
[ 0.32891   0.328096  0.165428  0.315497 -0.113954  0.265662  0.260035
  0.245199 -0.007107  0.299236 -0.13987  -0.255976 -0.396399 -0.114732
  0.275952  0.331113  0.330925  0.051207 -0.10421  -0.905521]
[ 0.331905 -0.157716  0.330557  0.132882  0.169953  0.23172   0.331178
 -0.940145 -0.388186 -0.097419  0.184967  0.31644   0.155082  0.174519
  0.297763 -0.862848 -0.670848 -0.429548 -0.771684  0.306794]
[-0.476022 -0.695035  0.249162  0.331073  0.317378  0.327431  0.100856
  0.300376  0.117122  0.250751 -0.789313  0.289926  0.23496   0.333316
  0.184073 -0.887277  0.156939  0.279833 -0.979596  0.330259]
[ 0.296102 -0.091376  0.310955 -0.019478  0.253896 -0.560476  0.126123
  0.252699 -0.318203 -0.496084  0.117497  0.329836  0.326612  0.229781
  0.157167 -0.002456  0.300068  0.33037  -0.481032 -0.542604]
[ 0.261402  0.326027  0.19251   0.301173 -0.44361  -0.343944  0.324026
  0.304381  0.315697  0.3032    0.324793  0.127381  0.201185 -0.468547
  0.167891 -0.670696 -0.031752  0.231644  0.004947  0.312803]
[ 0.2739    0.177972  0.221191  0.320843  0.090515 -0.251503 -0.481175
  0.198651  0.10492   0.135528  0.041173  0.295793  0.304337  0.250979
  0.204547  0.287019 -0.59553   0.251907 -0.540272  0.165096]
[ 0.231412  0.30961  -0.135731  0.261385 -0.589501  0.008889  0.194477
 -0.808417  0.235725 -0.571647 -0.704151  0.31835   0.251642  0.291434
 -0.134385  0.333212  0.052797  0.327924  0.100904  0.157199]
[-0.687074  0.302469 -0.064975  0.298955 -0.744414  0.280144 -0.031104
 -0.999762  0.310264  0.328927  0.332859  0.333314  0.283493  0.162376
  0.312363  0.292358  0.16917  -0.961194  0.329723  0.310554]
[ 0.264347  0.333267  0.287604 -0.12255   0.237368 -0.556418  0.247097
 -0.669396  0.271174 -0.651296  0.204446 -0.069222  0.275038  0.294471
  0.308548  0.277025 -0.857872 -0.872069 -0.13483   0.308969]
[-0.837493 -0.22354   0.246951  0.322566 -0.096824 -0.953173  0.323213
  0.102973  0.005831  0.331497 -0.865187  0.191672  0.157265  0.287147
  0.30172   0.275851  0.32342  -0.289866  0.137259  0.220603]
[ 0.023909 -0.137839  0.23939   0.291891  0.110036  0.333315  0.070796
  0.162602 -0.844664 -0.923639 -0.250218  0.332802 -0.35386   0.160209
 -0.056645  0.246328  0.319484  0.260438 -0.007329  0.316247]
[ 0.122587  0.066656  0.329038  0.195843 -0.91387   0.181505  0.295502
  0.298454 -0.997756  0.258019 -0.07099   0.169617  0.230453 -0.251414
  0.27789  -0.167871  0.278877  0.090756  0.308431  0.326717]
[ 0.306818  0.301563  0.048329  0.279873 -0.061939 -0.27157   0.306161
  0.055645  0.320489  0.041162  0.141254 -0.565743  0.324769 -0.752343
  0.247117  0.053822  0.31794   0.303265 -0.151293 -0.13566 ]
[-0.041517  0.246218  0.168641  0.310028  0.315442  0.333185  0.331352
 -0.336679 -0.505109  0.25126  -0.471494 -0.218897  0.323774  0.137535
 -0.970084  0.319425 -0.20595   0.325506  0.125498  0.333325]
[ 0.315836  0.30654  -0.535602  0.245728  0.059624  0.00346   0.313325
 -0.778028  0.2349   -0.106781 -0.081638 -0.0812   -0.18515  -0.945443
 -0.762416  0.33331  -0.559579  0.07267   0.275651 -0.883489]
[ 0.283319 -0.364701  0.198101  0.292825 -0.43982  -0.324251  0.222237
  0.330971  0.154483  0.227185 -0.61518  -0.693839  0.266649 -0.814443
  0.297088  0.14007   0.331718  0.333324  0.330244 -0.041536]
[ 0.079444  0.333001  0.332915 -0.120748  0.269628  0.292254  0.322288
  0.269008 -0.850897 -0.198611  0.098246 -0.146925  0.119528  0.332979
  0.264985 -0.067103  0.043148  0.124527 -0.916821 -0.018582]
[-0.157447 -0.778908 -0.272598  0.268274 -0.258302  0.252631  0.002086
  0.328811 -0.038407 -0.884783  0.146287  0.18611   0.299412  0.307503
  0.327488  0.219131  0.206562  0.2368    0.293745 -0.166751]
[-0.538472  0.290807 -0.430207  0.301069  0.317769 -0.587915 -0.872009
  0.265038  0.287009  0.285231  0.325174  0.028568 -0.02019  -0.556914
 -0.013392  0.309039 -0.1732    0.319286  0.259038  0.239363]
[ 0.331914  0.303765  0.082911 -0.011393  0.298453 -0.040117  0.078792
 -0.055747  0.006331 -0.069219 -0.397268  0.188951 -0.138435  0.285953
  0.281696 -0.197573  0.105862  0.332359  0.166528 -0.292738]
[-0.66787  -0.190901  0.220964  0.206134  0.26652   0.313891  0.329475
  0.333326  0.122785  0.330176  0.095548  0.29403  -0.414355 -0.384498
 -0.152938  0.33059   0.327841 -0.451299 -0.058583  0.32621 ]
[ 0.320611 -0.999615  0.300278 -0.029911 -0.01431   0.18924   0.171442
  0.051379 -0.289117  0.327577  0.331735  0.122764  0.100431  0.2587
  0.237906 -0.686473  0.332461  0.31462  -0.518645  0.32767 ]
[ 0.278694  0.319309 -0.807442  0.251207  0.202136 -0.595514 -0.495804
  0.125004  0.333163  0.092743 -0.310528 -0.844604  0.322729  0.189551
  0.150004 -0.076549 -0.835022  0.257915 -0.850648  0.314349]
[ 0.262612 -0.796999  0.222204  0.291624  0.321004  0.166399  0.298389
 -0.434822 -0.942493 -0.414702 -0.110548  0.158197 -0.973515  0.282678
 -0.652028  0.332126  0.135047 -0.191805  0.251108  0.310574]
[ 0.290575  0.295656 -0.029051 -0.204629 -0.656593  0.193505 -0.059088
 -0.169306  0.048275  0.305766 -0.302342  0.003264  0.17022   0.248326
 -0.087535 -0.946271  0.126324 -0.107169  0.326637  0.329993]
[ 0.320696  0.332597  0.320176  0.310867  0.320633  0.309634  0.097006
 -0.909328  0.322028  0.333023 -0.888961 -0.0144   -0.998267  0.327418
 -0.994283  0.316667 -0.998151 -0.960474  0.110816 -0.025376]
[ 0.100457 -0.725826  0.287961  0.321355 -0.135348  0.331143 -0.065604
  0.31942  -0.381082  0.181631  0.329352 -0.112076  0.32557  -0.391552
  0.231968 -0.011618 -0.019366  0.251502 -0.119312 -0.877793]
[-0.892493 -0.09283   0.289403 -0.006274  0.3056    0.265839  0.151401
  0.297207  0.137196 -0.984361  0.319985 -0.589592  0.189056  0.324057
  0.181379  0.333117  0.276764  0.228988 -0.640375  0.193636]
[-0.998206 -0.079503  0.312631  0.285295  0.284945  0.070889  0.050357
  0.181568  0.197123  0.245844  0.31916  -0.106621  0.115541 -0.528939
  0.315849  0.289617 -0.702545  0.333241  0.21876   0.276386]
[ 0.332208 -0.118645 -0.083719  0.111106 -0.618114 -0.092786 -0.055806
  0.332868  0.331188  0.237247  0.331826  0.312427  0.328211  0.114847
 -0.301633  0.124106 -0.117164  0.332416  0.272182 -0.356002]
[ 0.33312  -0.099701 -0.167454 -0.971727  0.141417  0.053741 -0.650409
  0.116595 -0.552078  0.081287 -0.045673  0.233339 -0.919918 -0.130849
  0.329222  0.283255  0.22249   0.317204 -0.214667 -0.709257]
[ 0.041761 -0.579384  0.332642 -0.074227 -0.159944 -0.016533  0.277046
 -0.687049  0.328901  0.332611  0.073594  0.221483  0.323742  0.323532
 -0.860993  0.283713  0.32931   0.200315  0.11632  -0.994631]
[ 0.331456 -0.996989  0.2084    0.333329 -0.973482  0.049787 -0.493788
  0.320353  0.298543  0.210671  0.267746  0.223658  0.325132 -0.70921
 -0.079656  0.331824  0.322644 -0.444917 -0.399412  0.32519 ]
[-0.998873 -0.354819 -0.474221 -0.697241  0.298021  0.164063  0.333294
 -0.672649 -0.444089 -0.953715  0.317761  0.332271 -0.4927    0.169973
 -0.046351  0.286069  0.319954 -0.644583  0.140686  0.126364]
[ 0.327989 -0.238492  0.014841 -0.3582    0.313471  0.156116  0.250103
 -0.996595  0.276112  0.309048  0.249897 -0.9843    0.293771  0.137702
  0.332246  0.227172 -0.120007  0.325476  0.177356  0.276676]
[-0.152205  0.332805  0.230521  0.262911  0.113178  0.240162  0.218686
  0.33269   0.254072  0.319181  0.100574  0.24321  -0.439528 -0.484423
 -0.72037   0.26961   0.027898 -0.05968   0.31676   0.294325]
[-0.945507 -0.444113  0.203608  0.310005  0.302629  0.228767  0.327319
 -0.828625 -0.803868 -0.071623  0.282484  0.299252 -0.040296  0.0702
  0.152985 -0.932812  0.327905  0.322152 -0.547479  0.331068]
[-0.99828   0.326543  0.293801  0.204716  0.331214 -0.617843 -0.030324
  0.327775  0.26442  -0.062564 -0.867095 -0.260598  0.322492  0.273054
  0.273074  0.223693  0.222317  0.322903  0.311021  0.333321]
[-0.455754  0.306723  0.330899 -0.112703  0.319487 -0.580391  0.080479
  0.197553  0.330688 -0.286076 -0.01538  -0.934272  0.307862 -0.418903
  0.323914  0.168336 -0.193923  0.177721  0.329723 -0.246336]
[ 0.25706   0.319946 -0.871249  0.262861  0.319211 -0.767945 -0.029887
 -0.134244  0.088973  0.308804  0.306814 -0.963883  0.332334 -0.199402
  0.113261  0.311995  0.315854  0.332628  0.331952 -0.962312]
[ 0.319819 -0.253081 -0.005559  0.128891 -0.248014  0.205349  0.239714
 -0.223327  0.320469  0.295564  0.277814 -0.716967  0.323317  0.315172
  0.054919  0.184229 -0.116314  0.325546  0.332035  0.327105]
[ 0.208738  0.317103  0.30535  -0.114621  0.329199  0.125772  0.02994
  0.303697 -0.205744  0.329484  0.2034    0.20931  -0.981977  0.331311
  0.291477 -0.345359  0.121052  0.283462  0.324393  0.140399]
[-0.177385  0.086197 -0.2027    0.315557  0.176748 -0.127236  0.331288
 -0.288083  0.295956  0.051025  0.279317  0.164428 -0.094973  0.195884
  0.148837  0.278587  0.330047  0.058824  0.330956  0.306356]
[ 0.057929 -0.53242   0.332998  0.246326 -0.9728   -0.822314  0.263502
  0.332657  0.136741  0.286217 -0.434798  0.25845   0.288891 -0.974386
  0.306499  0.316804  0.332654 -0.005617  0.332817  0.264431]
[ 0.193625  0.217527  0.222912  0.282499  0.326185 -0.968992  0.320689
  0.289477 -0.545646  0.173701  0.324663  0.204383  0.243301  0.225991
  0.149535 -0.595554  0.285009  0.058983  0.314705  0.269018]
[ 0.289061 -0.277098 -0.932803  0.237022 -0.366022  0.273775 -0.872643
  0.170627  0.267764 -0.252224  0.330656  0.026192  0.323949  0.306431
 -0.918759  0.257669  0.328017  0.279815  0.311855  0.270601]
[-0.586547 -0.3276    0.307641  0.259958 -0.782604 -0.984817 -0.01413
  0.262169 -0.056463  0.327203  0.324186  0.275052 -0.782179 -0.004699
  0.275607  0.125634  0.326426  0.034908  0.259889 -0.054879]
[ 0.242776 -0.081825  0.278281  0.324199  0.33274   0.258609 -0.348157
  0.01099  -0.981775  0.327732  0.225909  0.115736  0.114515  0.226358
  0.317559  0.21061   0.321141  0.287969  0.037623  0.291987]
[ 0.3129    0.333253  0.134801  0.326144 -0.701092  0.331224 -0.891943
  0.333152  0.329442  0.04083  -0.479353 -0.867467 -0.725521  0.333201
  0.300474  0.187873  0.291315  0.179722 -0.128055  0.312203]
[ 0.126989  0.329642  0.142469  0.26508   0.190403 -0.098446 -0.102256
  0.320624  0.038704 -0.91438   0.32706   0.321596  0.285059  0.279266
  0.117197  0.184526  0.307722  0.175255 -0.064135 -0.895476]
[ 0.262602  0.065893  0.140203  0.283834  0.242149  0.245937 -0.787763
  0.268683 -0.462768  0.290087  0.121583  0.299051  0.280571  0.203763
  0.034852 -0.532423  0.190965  0.217416  0.268852  0.146221]
[ 0.332042  0.301946 -0.673401 -0.959429  0.145825  0.125495  0.178411
  0.239857  0.32612  -0.097578 -0.190906  0.108188 -0.936328  0.331061
  0.281727  0.328776  0.002764 -0.943268  0.251298  0.299738]
[  2.573442e-01   1.096177e-01   1.395037e-01   2.666173e-01   1.580833e-01
   2.439322e-01   5.664230e-03  -4.862884e-04  -6.639479e-01  -3.561138e-01
   3.039326e-01   2.543850e-01  -3.704876e-01  -8.413835e-01   3.323398e-01
   1.660189e-02  -4.693586e-01   2.940700e-01  -4.568329e-01   1.766864e-01]
[-0.885116  0.302438  0.107508 -0.025033  0.225156  0.330674 -0.422123
  0.204372 -0.051311  0.201946  0.247418  0.333238  0.216801 -0.13826
 -0.405776  0.273686  0.173843  0.303959 -0.061858  0.332878]
[-0.739846  0.31474  -0.143067  0.276448  0.311325  0.324138  0.329624
  0.184376 -0.243193  0.243174  0.042283  0.3299    0.259473  0.32314
  0.287114 -0.164419  0.298546  0.330535  0.151034 -0.186417]
[ 0.041404  0.057529  0.242226 -0.974362  0.322803  0.193514  0.176975
 -0.497173  0.329977 -0.753675  0.317465  0.268767 -0.625913 -0.17254
  0.323349 -0.074566  0.223937 -0.250876 -0.127117  0.333182]
[ 0.204351 -0.235996  0.062874  0.326367  0.08133  -0.188537  0.313861
  0.325644  0.152376  0.277911 -0.922724  0.333333 -0.126419  0.331617
 -0.760019  0.333243 -0.087091  0.296507  0.31296   0.310177]
[ 0.22443   0.33181   0.320467  0.332393  0.007276 -0.705674  0.305015
  0.023683  0.104019 -0.012344 -0.37148   0.113648  0.116391 -0.032049
  0.098795  0.332179  0.28703   0.298805  0.286996  0.101384]
[ 0.087602 -0.013496  0.290957  0.096147  0.331095 -0.632903 -0.69434
  0.28976   0.285725  0.071962  0.302339 -0.22427   0.13358   0.256216
  0.329134  0.30088   0.332152  0.288086  0.173924 -0.009307]
[ 0.314573  0.181827  0.236439  0.278237  0.173352  0.333274 -0.191666
 -0.737692  0.329673  0.332822 -0.379211 -0.410075  0.3199    0.319915
 -0.016681  0.227932  0.099104  0.241905  0.044943 -0.008925]
[-0.115665  0.211567  0.114673 -0.04258  -0.532655 -0.449945 -0.516642
  0.298332  0.053341 -0.200531 -0.503023  0.231098  0.006849  0.074988
 -0.817408  0.245342  0.181493  0.239723 -0.040378  0.204888]
[ 0.090434  0.296966  0.272024 -0.079958 -0.31441   0.274209  0.329894
  0.304072 -0.894325 -0.213371 -0.182455 -0.040262 -0.125862  0.331609
  0.331976 -0.035161  0.32862   0.325676  0.33299   0.273998]
[ 0.264935  0.141649  0.331938  0.298272  0.286662  0.159614 -0.725729
 -0.896076  0.121042  0.184745  0.155933  0.314627 -0.416589  0.332714
  0.264135  0.324854  0.303875 -0.109437  0.229215 -0.03399 ]
[ -3.906945e-01   3.309471e-01   1.751043e-01  -9.369272e-02   1.501004e-01
  -2.078581e-01   2.285786e-01   3.045037e-01   3.329323e-01  -5.233670e-01
  -6.138456e-01  -4.020011e-01   3.298289e-01  -3.291336e-05   2.619512e-01
   2.720073e-01  -7.665511e-01   3.195547e-01   2.691183e-01   1.906235e-01]
[ 0.133897  0.307817  0.142484 -0.900996  0.063628  0.107972  0.314701
  0.328295  0.196499  0.322208  0.333241 -0.05697  -0.075002 -0.496537
 -0.34684   0.14072   0.330288  0.167919  0.171552  0.282059]
[ 0.323192 -0.098313 -0.011355  0.133021 -0.297535  0.277892  0.061853
  0.326669  0.327189  0.325325  0.189322 -0.519226 -0.838133  0.302941
  0.331574  0.328377  0.246383  0.10425  -0.844883 -0.961611]
[ 0.142557 -0.941777 -0.991498  0.217967  0.242427  0.318444  0.327234
 -0.007282  0.183739  0.322689  0.260656  0.074346  0.329728  0.327252
 -0.004202 -0.73051   0.073808  0.131092  0.228238  0.333314]
[ 0.244679 -0.020579  0.06695   0.150532 -0.944066 -0.478484  0.311037
 -0.788755  0.29504  -0.839989  0.12876   0.270977  0.147235 -0.051569
 -0.635399  0.166081 -0.333747  0.110225  0.299088 -0.433723]
[-0.0078614145164129998, -0.018330046133278294, 0.031797612011379026, -0.0097799216717365522, -0.0038320837217493686, 0.023640393733430479, -0.044838721454360186, 0.0087924690868481925, 0.018850116708888965, -0.027031790747610029, -0.037830959944521708, -0.0059110770129697406, 0.0069609510363704552, 0.016456390081580112, 0.0083285509070138986, -0.0024721922732220125, 0.021473187116639592, 0.045870837237469764, -0.0044390552459530053, -0.00018662854254030553, -0.0061164215892852702, 0.036346374446249885, 0.023675626254062599, -0.06647902063521427, -0.033510796315050134, -0.026776482690185566, -0.015440120576926092, -0.014989443864977303, 0.021621048724752345, -0.0042373267590994357, 0.031197694885310212, -0.017219882631597072, 0.066708224894585, -0.019687794762125177, -0.0017643238633920921, 0.020524074651881108, 0.07448321108448025, 0.07369827726431788, 0.025662186588673142, -0.025363543034461977, 0.022830583720875597, 0.0088139357064032087, 0.020606488117952512, 0.0371083273823479, -0.066538053878114789, -0.0011915280736204958, 0.016498772089683533, -0.048416150081308618, 0.027786619655239736, 0.022364211176680582, 0.017016822052556835, 0.030067159898375329, -0.028073258256298139, 0.038611380464295519, 0.033015261010430813, 0.036726858897645404, 0.034108473834920605, 0.016033433746282022, 0.0024493524840359382, -0.025693415629254091, 0.10987421757880889, -0.010003590000293217, 0.0094847168686147953, 0.0025396103903146949, 0.0022406529746235027, 0.017323855600396953, 0.081311088860965997, 0.0035445965156648274, -0.0043341578228813793, -0.091612450903405751, -0.00031485233098255128, 0.078136589563160941, 0.0079544316027981288, -0.045071131139231363, -0.0026646472730966486, 0.0036910569035171412, 0.026551060253572761, 0.037135464097107829, 0.0018086398980238227, -0.038321458126058666, -0.0076937233266966554, -0.016521125361803224, 0.020822757941259901, 0.045559479103044087, 0.035869722413515048, -0.033072005042983577, -0.057088448421011906, 0.038581842032951036, 0.022705418230396457, 0.025288371461388265, 0.033732688029943732, 0.079067792374328955, 0.048731704477466983, 0.076856618730728993, -0.039370733484575038, -0.0098801750733071292, -0.012678328624707441, 0.021768227184740363, 0.02235338602724378, 0.018455859556904153]
('time: ', 11026.304347991943)
