“Running plot script on a single CPU core”
[-0.100077 -0.965943  0.153219  0.332576  0.332437  0.323666 -0.861574
 -0.372276  0.19454   0.332822  0.331504  0.303666  0.310949  0.138861
 -0.008529 -0.331661  0.099334  0.105876 -0.977889 -0.952787]
[-0.207144 -0.725888  0.332117  0.333142 -0.00803   0.313527  0.297657
 -0.993245  0.28504   0.32414   0.274234  0.187808  0.256633  0.289159
 -0.103485  0.176217  0.004688  0.331969 -0.845132  0.28935 ]
[ 0.079714 -0.999113  0.139594  0.332408  0.331822  0.324725  0.194419
 -0.208922  0.130876 -0.097581 -0.560581  0.12259  -0.451708  0.276845
  0.320437 -0.711951  0.180208 -0.686762  0.106472 -0.770995]
[ 0.329479 -0.041198  0.269867 -0.239028  0.140623  0.332683  0.333291
 -0.57547   0.119926 -0.443917  0.333321  0.319197  0.230678  0.242451
 -0.44384   0.264111 -0.619193  0.273207  0.306906  0.114218]
[ 0.333132  0.320322 -0.226321  0.067841  0.240839  0.038761  0.213856
  0.13452  -0.99661   0.301854  0.177927  0.331039  0.333302  0.328524
 -0.319918  0.235778 -0.297715 -0.063988  0.031761  0.156718]
[-0.068443 -0.678768 -0.024959  0.146157  0.205282  0.332031  0.212338
 -0.528768  0.114276  0.322665  0.218103 -0.821736  0.302357  0.274448
 -0.480656  0.27805  -0.956747  0.318267  0.290691  0.323462]
[-0.773959  0.161393  0.095165 -0.717876  0.081431 -0.949169 -0.987675
  0.163572 -0.043435  0.125265  0.190141  0.303086  0.122201  0.197082
 -0.999938  0.119319 -0.041794  0.224395  0.328192  0.234656]
[ 0.153408  0.306313  0.194052 -0.528172  0.190197  0.179424  0.081336
  0.277531 -0.076084 -0.894456  0.006225  0.301559  0.323986  0.265847
  0.016903 -0.511844 -0.125853  0.306872  0.331966  0.32888 ]
[-0.578286  0.222593 -0.943757  0.331308  0.182912  0.318921  0.138645
  0.128093  0.239968  0.322162  0.31717  -0.999995  0.252199  0.293104
  0.133068 -0.900976 -0.332152 -0.941424 -0.435324 -0.562458]
[ 0.014334  0.226869  0.325345  0.333241  0.273781 -0.167691  0.186478
  0.331451  0.218113  0.323029 -0.960656  0.291334  0.308221  0.325176
  0.053051 -0.637695 -0.12777  -0.937766  0.117799  0.052571]
[ 0.095029 -0.485265 -0.126997  0.058389 -0.170442  0.162687  0.332341
  0.153734  0.060002  0.239605  0.269154  0.288202  0.32911   0.33315
 -0.043257  0.300902 -0.211714  0.324166 -0.444091  0.319227]
[ 0.2819   -0.852608  0.201583  0.06668  -0.307414  0.324664  0.1219
  0.132633 -0.193146  0.297497  0.136159 -0.825524  0.28515   0.331993
  0.278873  0.129396 -0.172603  0.313565  0.277508  0.327865]
[ 0.320421 -0.188746  0.328336  0.307703  0.315266  0.318103 -0.421395
  0.332845 -0.915059 -0.036175  0.25132  -0.067469  0.255361  0.222238
  0.294601  0.315353 -0.530918  0.232348  0.330205  0.323791]
[ 0.272483  0.28745   0.13993  -0.663779 -0.118576  0.332382  0.203917
  0.306074  0.231716 -0.288518 -0.999908  0.268419  0.032316  0.332668
  0.314992 -0.973138  0.324148  0.141243  0.056442 -0.394037]
[-0.99428  -0.746414  0.280834  0.320942 -0.342197 -0.233499 -0.715446
  0.193381  0.151489 -0.363574  0.265633 -0.999786  0.328885  0.300599
 -0.014585  0.312904  0.332096 -0.212424  0.322031  0.265734]
[-0.08267  -0.188661 -0.922179  0.332897  0.332961 -0.069219  0.321144
  0.050337 -0.510647  0.26649   0.25704   0.056177  0.332503 -0.98684
  0.028344  0.250833 -0.698656 -0.960692  0.317857  0.244008]
[ 0.296307  0.235528  0.329084  0.236216  0.332206 -0.024554  0.152425
 -0.689855  0.30875   0.33212  -0.983912  0.224622  0.218994 -0.311713
  0.279822 -0.049308  0.330166  0.331929  0.119952  0.333139]
[-0.984759  0.239631  0.287199  0.260437  0.332895 -0.05832   0.329637
 -0.30751  -0.297014 -0.9999    0.283235  0.143335  0.310428  0.011429
  0.328959  0.163645  0.331488  0.150496  0.332737  0.26508 ]
[ 0.330578  0.063545  0.269617  0.202388 -0.084478  0.225923 -0.112283
  0.287839 -0.066704 -0.127639  0.192257  0.216714  0.327656  0.20647
  0.29537  -0.062865  0.212223  0.194361  0.318225 -0.299492]
[ 0.273038 -0.347694 -0.329361 -0.237919 -0.337875 -0.724899 -0.625237
  0.211143  0.324338  0.26994   0.324086  0.302746 -0.002987 -0.673023
  0.241027 -0.064298 -0.526065  0.273221  0.331731  0.168666]
[-0.233871 -0.993078 -0.313121  0.26573   0.27289   0.312895  0.289867
  0.266996 -0.409684 -0.04449   0.323633  0.283598 -0.004422 -0.363364
  0.332418  0.197712  0.333312 -0.434257 -0.566449 -0.626045]
[-0.530923  0.333333  0.152016  0.221856  0.161512 -0.224106 -0.001531
  0.271474 -0.887569 -0.113508 -0.613906  0.322825 -0.116079 -0.398941
  0.332994  0.156038  0.157755 -0.664255 -0.16264   0.012721]
[-0.166673  0.09992  -0.044878 -0.389539  0.256473  0.154827  0.326152
  0.168603  0.175468  0.22168   0.206337  0.25184   0.14677  -0.278642
 -0.62796   0.299406  0.29652   0.275786 -0.265468  0.251469]
[-0.938886  0.012963  0.210264  0.0219    0.303676 -0.774521  0.252732
 -0.027083 -0.271197  0.329341 -0.999254 -0.082383  0.210436  0.120027
  0.331528 -0.021665 -0.136668  0.332879  0.304197  0.199235]
[-0.117959 -0.184139  0.261871  0.317706 -0.065578  0.194713  0.313403
 -0.231784 -0.766444 -0.104049  0.333046 -0.839272 -0.989116  0.257569
 -0.289884  0.299186  0.332822 -0.078367 -0.295437 -0.133863]
[ 0.237961 -0.504687 -0.65556   0.268367 -0.243575  0.090347  0.311494
  0.171929 -0.426856 -0.173669 -0.464888  0.223142  0.097246 -0.418531
  0.237953  0.329537  0.295656  0.104353  0.322538  0.19023 ]
[ 0.329733  0.20335   0.287311  0.323532  0.294184 -0.305693  0.308777
  0.333331  0.300221  0.131207  0.286386 -0.238741 -0.998171  0.31711
  0.264875  0.322887  0.318517  0.051698  0.33137   0.073671]
[ 0.324446 -0.135096 -0.139045  0.330681 -0.875926 -0.990566  0.297853
  0.258711  0.252088 -0.302877 -0.689171 -0.235767  0.254609  0.277003
 -0.996188  0.266558  0.235924 -0.272022  0.045035 -0.089733]
[ 0.245042  0.332762 -0.650124  0.120662  0.327062  0.331138 -0.919293
  0.314357 -0.519917  0.327791  0.288935  0.155569  0.331336 -0.290696
 -0.612815 -0.042616  0.332787  0.195423  0.284282  0.314853]
[ 0.105666  0.128341  0.317255 -0.250924  0.266645  0.331597 -0.747103
  0.333265  0.206665  0.2297   -0.248744 -0.171469  0.264158  0.333264
  0.323214  0.220655  0.001163 -0.924774  0.205557 -0.919418]
[ 0.32712  -0.125081  0.327451  0.33055   0.202341 -0.16183   0.087008
  0.080252  0.265715  0.333299  0.305976 -0.595116  0.330336 -0.117739
  0.207261  0.330674  0.279258  0.333064  0.283276  0.328319]
[ 0.120492  0.327297  0.271799 -0.647042  0.330695  0.270345  0.278825
  0.332052 -0.048521  0.252545  0.323585  0.329367 -0.882226  0.137758
  0.324637  0.333279 -0.723333  0.27495   0.313757 -0.965772]
[-0.07191  -0.88042   0.321719  0.035547  0.327544 -0.672229  0.237755
  0.163457  0.128714 -0.408406 -0.035269  0.322317  0.200629  0.087175
  0.281947  0.265124 -0.554914  0.170807  0.292678  0.330096]
[-0.61096   0.332863  0.300132  0.179948 -0.063858 -0.907286 -0.164241
  0.197138 -0.786049  0.295369  0.315245  0.258482  0.043484  0.327866
 -0.22566   0.277301 -0.388719  0.331693  0.305257  0.285546]
[-0.361947  0.333201  0.230365 -0.102994 -0.619782  0.170586  0.309977
  0.20191  -0.334607  0.271314  0.307331  0.104973  0.332419  0.239632
  0.325657  0.203261 -0.116962 -0.094429 -0.317829  0.33238 ]
[ 0.313407  0.333284  0.307383  0.29509   0.306388 -0.836331  0.295635
  0.296795 -0.018732 -0.398874 -0.602787  0.029861 -0.00377  -0.729952
 -0.877599 -0.974812  0.249743 -0.181888  0.234818  0.329891]
[ 0.332694  0.20619   0.303377  0.331095  0.13613  -0.992099  0.221225
  0.233994 -0.418968  0.33179  -0.999997  0.333181  0.325547 -0.625108
 -0.641018  0.179226  0.214022  0.30747   0.198871 -0.54193 ]
[ 0.309729  0.311152  0.296282  0.067967 -0.991933 -0.519695  0.330545
  0.234048  0.303361 -0.824791  0.194852  0.311164 -0.177144  0.286879
  0.318755 -0.535566  0.175058  0.329104 -0.680302 -0.148496]
[ 0.31923   0.26974  -0.068167  0.312984  0.331381 -0.001657  0.285329
 -0.088542  0.083359  0.310372  0.320305 -0.975788 -0.609496  0.275293
  0.091222  0.299005  0.13542   0.330527 -0.847729 -0.018641]
[ 0.112812  0.313819 -0.353885  0.289157  0.180596  0.182135 -0.673062
  0.330922 -0.980976  0.329907  0.332009  0.10768   0.300732  0.33211
 -0.402288  0.332646  0.328333  0.257233 -0.207707  0.295778]
[ 0.115914  0.270673  0.330899  0.296838  0.311555 -0.169579  0.333333
  0.327175 -0.525177  0.08247  -0.53412   0.332308 -0.163358  0.317513
 -0.920585 -0.999017  0.327541  0.319783  0.318677  0.308526]
[ 0.315831 -0.398888 -0.987211  0.053885  0.225339  0.098096 -0.10666
  0.284207  0.332842  0.255558 -0.069738 -0.80565  -0.821203  0.292325
  0.270222  0.319107  0.301239  0.324508  0.302249  0.256271]
[ 0.00429   0.314382  0.31248   0.332318  0.333319 -0.862723  0.012199
  0.022008  0.234592  0.274067  0.30915  -0.109038 -0.373263  0.30148
  0.138759 -0.086476  0.304187 -0.033739 -0.075226 -0.497858]
[ 0.167675  0.200589 -0.878533  0.012342  0.173153  0.332399  0.233361
  0.129557  0.228859  0.239029 -0.379827 -0.123287 -0.804005 -0.399725
  0.331546  0.126179 -0.316779  0.325498 -0.749986 -0.993585]
[ 0.302155  0.33308  -0.974741 -0.439795  0.121993  0.329768  0.132535
  0.116051  0.285667 -0.730972 -0.30067   0.297567  0.3297    0.158751
  0.283159 -0.602955  0.066234  0.101143 -0.300188 -0.015107]
[ 0.143006  0.298706 -0.999967 -0.852441  0.328436 -0.091028 -0.998771
 -0.35693   0.333327 -0.111055  0.307166  0.012045  0.327537 -0.832278
  0.266731 -0.562768  0.235569  0.285047  0.332381  0.290031]
[ 0.331164  0.23767   0.11824   0.332705  0.323356  0.207139  0.266293
  0.023226  0.171809  0.294517  0.03521  -0.183802 -0.93883   0.276656
 -0.019126  0.331117  0.319461  0.288128  0.235211 -0.094639]
[ 0.246074 -0.332941 -0.933417  0.068359  0.265865 -0.109642 -0.818993
  0.288236 -0.227814  0.209329 -0.590177  0.189451 -0.952921  0.288197
 -0.366008  0.205975  0.099938  0.265183  0.239785  0.263352]
[ 0.313383  0.330817  0.310029 -0.97858   0.246389 -0.251636  0.306351
  0.265029  0.074721  0.245165  0.14895   0.320095 -0.448464  0.304284
  0.268896  0.141723 -0.556894 -0.610633 -0.086495  0.3322  ]
[-0.99514  -0.031356  0.287913  0.095897 -0.866976 -0.242967  0.321885
 -0.999502  0.080218 -0.283974  0.30426   0.333024  0.314104  0.316025
 -0.650549  0.322015  0.306498  0.332752  0.329256  0.274966]
[-0.230275  0.306283  0.317266  0.063323 -0.801547 -0.593939  0.286335
  0.079812 -0.784117  0.226654 -0.981909  0.06907   0.036844  0.31837
  0.105839 -0.689144 -0.038633 -0.860433  0.159351  0.225257]
[ 0.129215  0.332341 -0.651855  0.269904  0.331424  0.333333  0.329217
  0.034622  0.24062   0.286265 -0.326194  0.22379  -0.939926  0.329649
  0.327725 -0.849249  0.300569 -0.07339   0.308486  0.328065]
[ 0.174551  0.244867 -0.994935 -0.879539  0.232657  0.082881  0.332326
  0.332517 -0.51913   0.328323 -0.869249  0.04678   0.050561  0.307345
  0.205029 -0.997527  0.153217 -0.505748 -0.372078  0.153163]
[ 0.117613 -0.014764  0.302656 -0.379443 -0.493569  0.17566  -0.631827
 -0.527056 -0.585532 -0.472276  0.28581   0.001435  0.082293  0.196419
  0.021535  0.279597  0.330143 -0.978697  0.293861 -0.468293]
[ 0.302377  0.270682  0.33292  -0.819192  0.332663  0.255439  0.181429
  0.192002 -0.986125  0.327982 -0.054993  0.312411  0.328751  0.05951
 -0.896907  0.108264 -0.875414 -0.739593 -0.513018  0.332079]
[ 0.210538  0.332242  0.319624  0.328452  0.253696 -0.108159  0.217977
 -0.859714 -0.43389   0.237037 -0.169122 -0.515281  0.327009 -0.746314
  0.324182 -0.358244  0.288772 -0.046338 -0.50487   0.197546]
[ 0.328918  0.091442  0.327027  0.091228  0.005233  0.272145  0.29462
 -0.425021  0.305111  0.305885 -0.959118  0.144525 -0.62844  -0.15156
  0.193496 -0.688973 -0.092416  0.325156  0.332474 -0.990626]
[-0.118475 -0.108667  0.312718 -0.857187 -0.297665 -0.137186  0.318242
  0.269298 -0.313038  0.250117 -0.651538  0.329119 -0.855622  0.329833
  0.295519 -0.642601 -0.165838  0.068966  0.160388  0.170769]
[ -2.713312e-04  -4.592969e-01   1.578946e-01   3.333262e-01   2.285711e-01
   2.164947e-01   3.186124e-01   1.336267e-01   2.891524e-01   2.833504e-01
   2.942660e-01   3.012652e-01   3.016527e-01   1.096250e-01  -1.259394e-01
   1.506360e-01  -2.463418e-01   1.579341e-01  -9.995014e-01   1.141628e-01]
[ 0.332655  0.129975 -0.055681 -0.046713 -0.34333   0.332102  0.321949
  0.303127 -0.664261  0.307375  0.241157  0.311524  0.322684  0.129047
 -0.511619  0.052152  0.239279  0.239099  0.331255  0.149994]
[-0.202046 -0.829347  0.038694  0.120745  0.215419  0.052981 -0.999093
  0.10101   0.275278  0.022294  0.259083 -0.024766  0.33325   0.253598
 -0.236737 -0.81086  -0.324513 -0.1046    0.315909 -0.043809]
[ 0.299154  0.274529  0.240949  0.323101  0.306828 -0.111094  0.255099
 -0.097119  0.328009  0.310005  0.309374  0.042537 -0.248657  0.300102
 -0.989651  0.322569  0.297339  0.223526  0.199323 -0.507207]
[-0.24642  -0.882156  0.330144 -0.298175 -0.264423 -0.176547 -0.854903
 -0.17549   0.137598  0.307196  0.325659  0.333057  0.306143  0.234325
  0.321471  0.312442 -0.771872 -0.795943  0.102954 -0.143452]
[-0.718652  0.223576  0.31316   0.301025  0.196549  0.252201 -0.450849
 -0.1983    0.324062  0.268583 -0.999948  0.293942 -0.153556 -0.791516
  0.302159 -0.999162  0.238442  0.328416 -0.769351 -0.133147]
[ 0.011461  0.332302  0.323453 -0.468983 -0.449728  0.234841  0.329839
  0.145899  0.197348 -0.236578 -0.560656  0.19522   0.014661  0.246207
  0.319503  0.332318 -0.958873  0.233461 -0.866913  0.332956]
[ 0.30744  -0.173207  0.008061 -0.409937  0.333326 -0.52895   0.158862
  0.280627 -0.892693  0.213482  0.22074   0.227699  0.285109  0.175921
 -0.031171  0.304591 -0.871276  0.324622  0.107108 -0.89862 ]
[ 0.037474  0.261851  0.318264 -0.043695 -0.095449  0.286293  0.255116
  0.164382  0.33153   0.302427  0.23554   0.071501  0.322308 -0.055915
  0.333305 -0.05972  -0.86876  -0.527055 -0.322183  0.246596]
[-0.446062  0.261656  0.215204  0.267643  0.278044  0.312294 -0.352124
  0.293698  0.328169  0.314708  0.333294  0.181707 -0.055199  0.330548
 -0.50459   0.188501  0.319587 -0.312662 -0.559236  0.062236]
[-0.082617  0.33284   0.092988  0.315748 -0.387024 -0.044281 -0.038135
 -0.998498  0.328766 -0.548698  0.035911  0.331453  0.332714  0.230553
  0.181255  0.225706  0.005051 -0.308489 -0.957824  0.159593]
[-0.034357  0.312892  0.290351  0.279878  0.20842  -0.95535  -0.937324
  0.3012   -0.18761  -0.457645  0.162751  0.325926 -0.09365   0.126418
 -0.296385 -0.076012  0.192499 -0.311636  0.322338  0.191911]
[ 0.238533  0.25974   0.227337  0.245563  0.32875   0.293364  0.112462
  0.271952 -0.816622  0.014898  0.116724 -0.343563  0.203228  0.16981
  0.092939  0.312664  0.300439  0.333151  0.183384 -0.156394]
[ 0.327082 -0.980497  0.294203 -0.62891   0.228232  0.33015   0.332704
 -0.051842  0.325221 -0.133293  0.239057  0.333223  0.325994  0.325966
  0.314772  0.309723  0.271603 -0.792847  0.333245  0.315937]
[-0.073283  0.143507  0.261912  0.181376 -0.34364   0.252439  0.331563
 -0.007011 -0.583531  0.33301  -0.31776  -0.129522  0.226385 -0.827437
  0.332522  0.227904  0.297708  0.122723  0.22874   0.093458]
[-0.45391   0.330657 -0.702298 -0.258772  0.164762  0.304818  0.118586
 -0.563531 -0.328156  0.235634  0.253083  0.329491 -0.088742 -0.52755
 -0.431277  0.077038 -0.321767 -0.951965  0.192893  0.121062]
[-0.64686   0.32975  -0.886473 -0.572743 -0.497378  0.073434 -0.748746
  0.258393  0.325558  0.319837 -0.439472  0.27165   0.327079  0.1211
  0.129578  0.289421  0.203143 -0.781747  0.30508   0.328144]
[-0.45941   0.332906 -0.276215  0.329504 -0.782818  0.16224   0.301922
  0.326564  0.15727   0.214142  0.328055 -0.058059 -0.032387  0.084647
  0.131217  0.003524  0.330895  0.039057  0.330544 -0.308578]
[ 0.317453  0.328154 -0.405688  0.263217  0.030076 -0.941793  0.186981
  0.228665 -0.538754  0.322443 -0.030932  0.17575  -0.311811  0.3091
 -0.749993  0.323623  0.333078 -0.702799  0.287379  0.330518]
[ 0.224494 -0.997975 -0.523458  0.287877  0.289241  0.151316 -0.146336
 -0.464262  0.233786  0.295754  0.26418   0.263343 -0.978829  0.210448
  0.272852  0.325803  0.091258 -0.645383  0.241838  0.170106]
[ 0.333323  0.275307  0.325363  0.300218  0.327299  0.328597 -0.530942
  0.333284  0.333051 -0.345462  0.066766  0.046389  0.327216 -0.396721
 -0.662519 -0.901547  0.305194  0.317403  0.331168 -0.817965]
[-0.861468  0.055433 -0.175101 -0.063274  0.298894  0.140043  0.063575
 -0.996851  0.331828  0.328591 -0.435651  0.313358  0.282782 -0.275999
  0.288595 -0.906378  0.195823  0.332071 -0.84667  -0.992361]
[ 0.321448  0.26249  -0.536879  0.146144  0.33325  -0.665565 -0.047263
  0.247186 -0.581828  0.309999  0.320634  0.316278  0.27823   0.14475
  0.260813 -0.559966  0.312194  0.050726  0.222111  0.333189]
[-0.061048 -0.94292  -0.711805  0.083306  0.207796  0.05769   0.211074
 -0.006992  0.013746  0.228886  0.257101 -0.340216  0.2961   -0.927134
  0.258133  0.332499  0.097811 -0.188692 -0.408099  0.299406]
[-0.866944  0.290561  0.238459 -0.435935 -0.437768 -0.882879 -0.156651
 -0.130961  0.251335  0.146958 -0.161065  0.267145  0.332016 -0.351659
  0.193254  0.128887 -0.936094 -0.640559  0.272203 -0.062056]
[-0.321489  0.331623 -0.023374 -0.007135 -0.090627  0.326813  0.308799
  0.316682 -0.71934  -0.077845  0.31804  -0.518176  0.310039 -0.763658
  0.310654  0.322626  0.237194  0.305644 -0.011733  0.261286]
[-0.655576  0.245338  0.332301  0.013568  0.187983  0.230591 -0.958912
  0.192828 -0.231839 -0.541505  0.305051  0.319479 -0.333964 -0.463194
  0.031665 -0.910205  0.333313 -0.530733  0.236919  0.322762]
[ 0.313212  0.205543 -0.555982 -0.633293  0.232833  0.242653  0.331827
  0.272422  0.301578  0.27027   0.248369  0.2647    0.10205   0.332527
 -0.174017 -0.400909  0.32285   0.031079 -0.818351  0.31996 ]
[ 0.213508 -0.751885  0.213023  0.292263 -0.554824  0.300052 -0.631486
 -0.484025 -0.27552   0.130177  0.308008 -0.75206  -0.088417 -0.372248
  0.32894   0.271049  0.292623 -0.209996  0.315431  0.195633]
[-0.135459  0.289525  0.191778 -0.270541  0.300856  0.292815  0.285045
  0.252007  0.314937 -0.994368 -0.149546  0.289848 -0.762167 -0.044255
  0.023665  0.234598  0.183286  0.033132  0.067591  0.316597]
[-0.750715  0.329312 -0.251658  0.190535 -0.045619  0.060776 -0.178308
  0.188281  0.333237  0.304139 -0.174065  0.12154   0.186569  0.205911
 -0.472749  0.301053 -0.96663   0.297905  0.065379  0.304751]
[-0.941791  0.332791  0.066006 -0.999964  0.247474  0.309815  0.215504
  0.320802 -0.997005  0.310372 -0.699763  0.266561  0.332022 -0.983115
  0.167451  0.318496  0.305134 -0.315701 -0.115807 -0.179437]
[ 0.311418  0.302151 -0.558553  0.164024  0.20088   0.315371  0.333008
  0.318188  0.318519 -0.05765   0.254019  0.324809 -0.118451  0.325967
 -0.254894  0.333235  0.252759  0.329319 -0.555016  0.289608]
[ 0.091167 -0.979603 -0.238749  0.324364  0.332375  0.108479  0.29882
  0.326016  0.201389  0.257266  0.264033  0.153246 -0.275162  0.32938
 -0.010541 -0.962345 -0.246537 -0.326149  0.31059   0.208175]
[ 0.303546 -0.78666   0.176114  0.271386 -0.758499  0.333225 -0.369325
 -0.21284  -0.532247  0.077235  0.213054 -0.881821  0.112571  0.161775
  0.271094 -0.429173  0.266     0.147217 -0.035114 -0.623254]
[ 0.247475 -0.139492  0.259202 -0.980235  0.331828  0.056494 -0.786796
 -0.997304  0.185488 -0.024624 -0.002131 -0.891663 -0.818714  0.265648
 -0.217989  0.148184  0.319521 -0.241813  0.33304  -0.168167]
[ -5.948249e-01  -4.878869e-02  -6.642615e-01  -1.431522e-01   3.117162e-01
  -6.802440e-01   3.274129e-01   1.540172e-01   3.003769e-01   3.235718e-01
   3.330680e-01  -5.925819e-01   2.369299e-01  -7.140383e-01   7.170572e-02
  -9.677871e-02  -3.804878e-01  -6.291887e-01  -3.397454e-01  -6.399925e-04]
[ 0.004495  0.082685  0.33332   0.017907 -0.466692 -0.38228   0.171455
  0.274867  0.289525 -0.213934  0.199047 -0.35809   0.329561  0.131405
  0.013907  0.328959  0.332004  0.124272  0.238237 -0.273159]
[ 0.266061  0.333333  0.330454  0.142261 -0.839132  0.331398  0.232127
  0.083542  0.330565 -0.313377  0.218017 -0.860414  0.332564  0.168514
  0.173477  0.18286   0.082098 -0.114496  0.262893 -0.324011]
[ 0.293899 -0.672146  0.102408  0.261611  0.331521  0.332398 -0.850213
 -0.432999  0.059326  0.315157  0.248212  0.326003 -0.555485  0.090792
  0.153415  0.332522 -0.922413 -0.63859   0.150467  0.331544]
[-0.783027  0.236988 -0.204278  0.332929  0.249172  0.275491  0.209024
  0.325464  0.307249  0.321059 -0.637919  0.281109  0.188383  0.262874
  0.13969   0.330729  0.096971 -0.25559   0.185269  0.329611]
[ 0.333292  0.274991  0.298238  0.163617 -0.472568  0.170894  0.324335
 -0.443204  0.325318  0.332309  0.151491  0.314934  0.295094  0.220358
  0.135641 -0.596504  0.325591  0.33306   0.015475  0.117186]
[0.011173162573794443, 0.0043703829358701929, -0.03222982600045661, -0.039125966831287384, -0.071237045443018843, -0.0073632198821832126, -0.042708627160416013, 0.055435829073072443, -0.038934232780226896, 0.056434194305557517, -0.035362905509996156, 0.062549468822896664, -0.0034995845846281237, 0.021147304023896807, 0.00066946938184320182, 0.020897987875368312, 0.048567134412139085, -0.061240693682132141, -0.010951504264156642, 0.023875246022513369, 0.014281862162783848, 0.035311833403689041, -0.043287205150337793, -0.019611664442002352, 0.0027667414234754939, 0.059172303730127357, 0.060213012335949279, -0.071024048544392926, 0.013274753303338216, -0.04672331768236973, 0.06395039724976187, 0.023426779103077472, -0.034024661936741023, -0.049755033382766434, 0.010714478421318063, 0.089109942843562967, 0.058418188206726063, 0.10876820671436557, -0.09869705011919061, 0.054267504056695587, 0.042328708313127322, 0.069854418634000603, -0.0080228094317484743, -0.016739309284273834, 0.0085612237390842449, -0.041613265782177195, 0.00049973149826526564, 0.056582872841275417, 0.018762934502572159, -0.023127161059400381, -0.01322856809755471, 0.03319516641811579, 0.0079355160792219381, 0.024493870184215435, 0.013246966418718253, -0.038977148726348221, 0.19926733556389481, 0.051660233397042579, 0.020207937346344396, 0.096137054090695229, 0.0086190918566628749, 0.006979974025024871, -0.012301374952295191, -0.0164418692309517, 0.018920305644907598, 0.050403382782474693, 0.036493915041509305, -0.037855238604287023, -0.0015144745888596711, 0.034115535047222582, 0.036630665788548011, 0.070749416643002327, 0.01783133820817677, -0.026536535171043596, -0.029837631776639784, 0.025312333640145845, -0.0038991227859659916, -0.032845841043227159, 0.067262319207594901, -0.10731298644986575, -0.040099742339201438, 0.022582765417038415, 0.0188255079523314, -0.0033179291164751046, -0.050749396674059644, -0.0094399373374707829, 0.011135225133102999, -0.0094440152874324945, 0.0028842926853526185, 0.013494310929265674, 0.050203025484080011, -0.029615663489306457, 0.067554631508651625, -0.056187524210219664, -0.052246475888194643, 0.021812771923193461, 0.069877132164694822, 0.039372297119510957, 0.024658468062273231, -0.0046346351071632208]
('time: ', 8897.237432956696)
