“Running plot script on a single CPU core”
[ 0.188179  0.129531 -0.477304  0.227425  0.048611  0.037807  0.041782
  0.332884  0.281795  0.329984  0.281012  0.317406 -0.052863 -0.843762
 -0.740247  0.250547  0.31619  -0.385201 -0.005447  0.245453]
[-0.455786 -0.997644  0.332884  0.327984  0.30995   0.179511  0.327785
  0.178619  0.140162  0.179303  0.332355  0.300713  0.271796 -0.16591
 -0.859942  0.33202  -0.042989  0.049    -0.143173  0.332741]
[-0.264886 -0.930552  0.332851  0.325445 -0.98847  -0.031219 -0.394959
  0.327118 -0.743806  0.005435 -0.235376  0.33256   0.271965 -0.974094
  0.310072  0.077768  0.332719  0.052721 -0.111487  0.32599 ]
[ 0.294464  0.097309 -0.368658  0.32328   0.091301  0.297439  0.260489
  0.329522  0.331231  0.292689  0.261856 -0.231308  0.274696  0.290136
 -0.501292 -0.221078 -0.165167  0.268744  0.16622   0.302859]
[-0.854601  0.305063 -0.495338  0.323857 -0.500263  0.226706  0.326663
  0.068148  0.261397  0.333004 -0.995931  0.038383 -0.424448  0.289725
  0.299364  0.035917  0.299702  0.329877  0.277531  0.325111]
[ 0.28727   0.30617   0.320056 -0.61242   0.266294  0.255797 -0.266571
  0.240555  0.236415  0.332738  0.178897 -0.999881  0.3146    0.321024
  0.043963 -0.694505 -0.135017 -0.508139 -0.259472 -0.513347]
[ 0.04698   0.329576 -0.392599 -0.504591 -0.774498 -0.852014  0.118472
  0.164031  0.329278  0.324354 -0.378298  0.332694  0.270397  0.315499
  0.128588  0.110833  0.296284  0.26832  -0.995452  0.019083]
[-0.153915 -0.031882  0.305092  0.29015  -0.900688 -0.927492  0.249932
  0.317475  0.171896 -0.185804  0.043568  0.247859  0.194301  0.234558
  0.315711  0.089041 -0.930031 -0.196794  0.177034 -0.449193]
[ 0.034438  0.238256  0.330506  0.331343  0.110461  0.299352  0.059202
  0.317325  0.210154 -0.108532 -0.842276  0.180897  0.268326  0.329374
  0.287729  0.292453 -0.106219 -0.875396  0.332608  0.314138]
[-0.998568 -0.879934  0.307334 -0.76976   0.128566  0.332783  0.251113
 -0.257191  0.237388  0.016081  0.175004  0.229501  0.229136  0.310459
 -0.078742 -0.22267  -0.08609   0.21104   0.332848  0.333174]
[-0.574029  0.333244  0.122015  0.154205  0.154166  0.330116  0.332645
 -0.317405  0.332805  0.036046  0.327073  0.123034 -0.320624 -0.383246
 -0.074148  0.197396 -0.804865 -0.490742  0.2684   -0.067386]
[ 0.315959  0.188725  0.306507  0.236701 -0.423512  0.053881  0.23874
  0.235471  0.333261  0.157557  0.289586 -0.99536   0.323064 -0.377045
 -0.6509   -0.412294  0.322679  0.272207  0.326466  0.321564]
[ 0.258537 -0.175323 -0.224017 -0.309937  0.202692  0.127346 -0.985823
  0.299138  0.276216  0.027732  0.164417  0.308631  0.327263  0.186599
  0.003016  0.123011  0.330555  0.323864  0.295089 -0.30669 ]
[ 0.234117  0.139761  0.147061  0.322124  0.332011  0.070628  0.044198
  0.208336  0.120556 -0.4359    0.007624 -0.037548  0.140569 -0.999847
  0.333287  0.25434  -0.07011   0.236604  0.193998  0.233797]
[ 0.068974 -0.449128 -0.940373  0.326817  0.286388  0.332876  0.153698
  0.127229  0.211874  0.299183 -0.529346  0.062678  0.215168 -0.459291
  0.299375  0.217641  0.003269  0.243025  0.235784 -0.998812]
[ 0.320409 -0.105191 -0.831441 -0.21504  -0.353055  0.273726  0.257529
  0.165016  0.24859  -0.835117  0.12186   0.188244  0.153638 -0.50196
  0.32803   0.304642  0.221664  0.097067 -0.98882   0.169756]
[-0.8122    0.017501 -1.        0.313742 -0.66679  -0.990989  0.305612
  0.211296  0.329047 -0.063758 -0.963626 -0.28563   0.323876  0.104546
  0.148087 -0.278571  0.261363  0.290657  0.0853    0.321955]
[ 0.112345  0.154125 -0.654781  0.329656 -0.634194  0.284976  0.244803
  0.294488  0.267892 -0.147597  0.292067  0.196647  0.129714 -0.374899
  0.333188 -0.370618  0.315253 -0.747843 -0.998751  0.319123]
[ 0.32606   0.057974  0.316891  0.127925 -0.495091  0.271119 -0.92596
 -0.864601  0.274726  0.016051  0.333326  0.323358  0.301246  0.250974
 -0.305156 -0.330824  0.123437  0.136998  0.268031  0.259468]
[-0.999269  0.249069  0.267152 -0.257086  0.270335  0.269815  0.291589
  0.2415   -0.111711  0.33239  -0.525116 -0.531144  0.297002 -0.183669
 -0.01152  -0.820723 -0.451683  0.320198  0.317388  0.173127]
[ 0.291812  0.135446  0.333331  0.222465  0.332384  0.155593  0.296134
  0.037543  0.284903  0.20493   0.009545 -0.215527  0.327718 -0.080041
  0.327805 -0.209402  0.272872  0.27549  -0.607715  0.270979]
[ 0.158271  0.277711  0.209095  0.330964  0.203952 -0.33948   0.268101
  0.323657 -0.176134 -0.035241  0.287831 -0.055058  0.004894  0.329284
  0.177314  0.312736  0.320808  0.303481  0.306223  0.331297]
[-0.324158  0.259761  0.326716  0.332787 -0.174499  0.202621  0.310687
 -0.899484  0.331802 -0.303528  0.31952  -0.083173  0.099581  0.031638
  0.022642 -0.412205 -0.02341   0.264767 -0.134481  0.328467]
[-0.400164  0.060997 -0.050492  0.300035  0.318694 -0.818809  0.306515
  0.293318  0.161184  0.314866  0.149353 -0.748293  0.141173  0.246758
  0.291313  0.287503  0.331756 -0.006185  0.23706   0.330994]
[ 0.310586 -0.369007  0.005395  0.27775  -0.928944 -0.168756  0.293214
 -0.466915  0.093973 -0.08803  -0.040543 -0.935261 -0.732638  0.325738
  0.123722 -0.829475  0.240465  0.332096  0.306578  0.022752]
[ 0.225472 -0.087584  0.333104  0.32464   0.28638   0.228067  0.259699
  0.240954  0.320678 -0.004231  0.18466  -0.280507  0.319493  0.328588
 -0.705243  0.306639  0.331535 -0.805065  0.309343 -0.464333]
[ 0.292843  0.328541 -0.067311  0.319658  0.057082  0.285572  0.333317
  0.222486  0.013158  0.27343  -0.322887  0.179262 -0.666027  0.008583
  0.330362  0.02839  -0.197945 -0.617932  0.259651 -0.011782]
[ 0.201262  0.310282 -0.962497  0.268761  0.164933  0.281929 -0.998924
  0.238446 -0.241606  0.200259  0.204062 -0.210323 -0.663653  0.290311
 -0.145693  0.30433   0.326721  0.327395  0.215888  0.321304]
[ 0.311468  0.214322 -0.272506  0.250509  0.052742 -0.392352 -0.432546
  0.175451  0.121407 -0.484412  0.260051  0.177691  0.330269  0.298208
  0.231304 -0.907411  0.26089  -0.555311 -0.998474  0.070538]
[-0.522912  0.144885  0.103195  0.309547  0.332871  0.128995 -0.247149
  0.332679  0.326278  0.023747  0.333256 -0.310088 -0.135839  0.294617
  0.310251 -0.191362 -0.077477 -0.020624  0.198859  0.332928]
[ 0.323729  0.301067  0.252126 -0.24343   0.204038 -0.528472  0.285501
  0.019845  0.215435  0.215365 -0.214645  0.199019  0.01978  -0.535737
 -0.923174  0.326198  0.266485  0.254018  0.232939 -0.658697]
[ 0.332627  0.222343  0.312182  0.175006  0.250926 -0.199372  0.33197
  0.059472 -0.780389 -0.390448 -0.111392 -0.39278   0.128304  0.19415
  0.214638 -0.983992 -0.812408 -0.43785  -0.794779  0.263152]
[-0.949842  0.134185  0.164086  0.317576  0.329164  0.293374 -0.464244
  0.095606  0.133033  0.275216 -0.158453 -0.306684  0.310984  0.289877
 -0.069574 -0.204829 -0.45366  -0.541181  0.313948 -0.999951]
[-0.101457 -0.42151   0.126327  0.332024  0.256375  0.291349  0.32728
  0.294929  0.330335  0.295714  0.28216   0.141201 -0.440012 -0.989418
  0.150666  0.333321  0.331528  0.098187  0.332087  0.316426]
[ 0.233244  0.328362  0.330711 -0.325925  0.089221  0.103299  0.041737
  0.082867 -0.094934  0.216981  0.13305   0.183398 -0.24955  -0.189011
  0.333042  0.333232 -0.406943 -0.99269   0.299712  0.291929]
[ 0.210031  0.31254   0.332786  0.317104  0.233094  0.00922   0.319875
  0.042319  0.294584 -0.06595  -0.013089 -0.996153 -0.36731  -0.573083
  0.035087  0.124636 -0.984027  0.273034  0.158151 -0.745684]
[-0.580593  0.303442 -0.304198 -0.009109 -0.193822 -0.172736  0.180772
  0.153177 -0.958475  0.011155  0.31467   0.315999  0.319643  0.289743
  0.279681 -0.105067 -0.983874 -1.        0.271127 -0.509633]
[ 0.330778 -0.024084 -0.944108  0.31213   0.209186 -0.71114   0.312036
 -0.281355  0.071944 -0.230866  0.331852 -0.01242   0.063769 -0.031058
  0.312838  0.197216 -0.229074 -0.720216  0.329303 -0.589365]
[ 0.084858  0.31993   0.15291  -0.475572  0.270348  0.331587 -0.050295
  0.214129  0.324079 -0.345587  0.326611  0.240039  0.181837  0.16331
 -0.491646  0.255639  0.33212   0.00865  -0.206117 -0.148239]
[ 0.320107 -0.004663 -0.832815  0.275657 -0.999862 -0.13203   0.063263
  0.291636  0.327611  0.322412  0.333192  0.293561  0.252412 -0.691601
  0.304468  0.26262   0.319018  0.250745  0.327592  0.244482]
[-0.076866  0.332074 -0.687067 -0.735372  0.322212  0.195748 -0.044912
  0.288758  0.320829  0.281501  0.3257    0.137132  0.044036  0.315098
  0.118339 -0.690448 -0.736626  0.299183 -0.825686  0.285005]
[-0.190472  0.318259 -0.07846   0.121692  0.332785  0.332262  0.278806
  0.27812   0.316509 -0.1254    0.333104  0.244273  0.215335 -0.214768
  0.328291  0.241666 -0.310106  0.262414 -0.993213  0.310755]
[ 0.326329 -0.799682  0.333    -0.275852 -0.089036  0.327016  0.31106
 -0.723594 -0.441982  0.331136  0.031906 -0.416056  0.129328  0.329664
  0.324229  0.328991  0.316527  0.041597  0.207667 -0.396961]
[-0.062875 -0.954989  0.060745 -0.225556  0.331412  0.198477  0.260893
  0.109359 -0.364336 -0.67523   0.301455 -0.385742  0.28229   0.306044
 -0.176971 -0.999976 -0.181995  0.224439  0.255256 -0.557253]
[ 0.19449  -0.076468  0.29472  -0.437919 -0.993554  0.244015  0.03581
  0.316765 -0.945643 -0.889639 -0.037404  0.126886  0.328939  0.194163
  0.272433  0.326462  0.207974 -0.303725  0.312013 -0.101216]
[-0.9998   -0.484924  0.221109  0.33313  -0.528385 -0.464953 -0.999515
  0.289733 -0.314699 -0.106757  0.304697  0.332476  0.142071 -0.372925
  0.284788 -0.259534 -0.367344  0.065367  0.004244 -0.822499]
[ 0.317177 -0.987874  0.217172  0.04239  -0.049774  0.304428  0.130892
 -0.878379  0.24332   0.24993   0.22874  -0.213498  0.330232  0.227937
 -0.049587  0.315194  0.123164 -0.270446 -0.64718   0.070123]
[ 0.251208  0.235528  0.252447 -0.997164  0.275099  0.208926  0.333246
  0.266413  0.324474 -0.007654  0.297326 -0.663912  0.092016  0.333116
 -0.279397  0.037671  0.328693  0.333114 -0.408511  0.321589]
[ 0.274543  0.25796  -0.743305 -0.283797  0.296857  0.257087  0.207104
  0.296474  0.32536  -0.521517  0.05644  -0.085097 -0.332835  0.27059
  0.201831  0.255186  0.256545 -0.873649  0.006313  0.235888]
[ 0.027201  0.083187  0.177024  0.124273  0.314713  0.004076  0.013706
 -0.343604  0.014337  0.270995 -0.952308  0.290504 -0.281443 -0.798186
  0.107196 -0.484563  0.269558 -0.044393 -0.996227 -0.793409]
[-0.032455  0.275537 -0.314635  0.188793  0.173781  0.313646  0.333254
  0.188716  0.108036 -0.218507  0.214129  0.042272 -0.743688  0.11552
  0.32855   0.110996  0.329969  0.281034  0.077405  0.329835]
[ 0.30079  -0.22556   0.011916  0.234495  0.331676 -0.304055  0.254786
  0.252171 -0.17932   0.327594 -0.078736  0.333295  0.302313 -0.03549
 -0.11948  -0.092568 -0.818736  0.227051 -0.354683  0.165613]
[-0.561426  0.087693 -0.337627  0.318555  0.124472  0.317056  0.301216
  0.027388  0.305669  0.143497 -0.609351  0.310508  0.32321   0.274958
  0.322778  0.319513  0.03692  -0.732592 -0.829614 -0.170614]
[ 0.250037  0.27784  -0.12272  -0.844097  0.154865 -0.224979  0.045558
 -0.28719  -0.835684 -0.914016  0.195475 -0.178504  0.313174  0.028953
 -0.080082 -0.120028  0.284679  0.226217  0.013188  0.027105]
[ 0.257188  0.276403  0.064647 -0.310635  0.33147   0.328076  0.180167
  0.333018 -0.369789  0.31904  -0.137625  0.128403  0.15556   0.326341
  0.061316  0.265247 -0.957905 -0.704982 -0.049365 -0.583147]
[ 0.321473 -0.875904 -0.016574 -0.386828  0.01006  -0.198196  0.321409
  0.205124  0.315181  0.332159  0.126101 -0.412749 -0.125775  0.26782
  0.316422 -0.972042  0.315279  0.311145  0.328877  0.143858]
[ 0.332038 -0.131747  0.088846  0.332998  0.265987 -0.52887   0.331709
  0.242998  0.277797  0.154444 -0.029784  0.331934  0.142642  0.23216
  0.259392 -0.089553 -0.227605  0.316477  0.265817  0.158643]
[ 0.318737  0.173121  0.28737   0.285574  0.294799  0.217542  0.332136
 -0.829618 -0.244612 -0.909448  0.279949  0.147157  0.271819 -0.789909
  0.319459  0.2777   -0.125829  0.330279 -0.160983 -0.93353 ]
[-0.389501  0.253858  0.286202  0.102968  0.332917  0.321677 -0.586095
  0.332782 -0.187215  0.317313  0.332941  0.331357 -0.278155 -0.082306
  0.321403  0.088618  0.317602 -0.985853 -0.233989  0.327011]
[ 0.104222  0.265403  0.326466  0.158166  0.269367  0.318033  0.2361
  0.196039  0.2399    0.268567 -0.906873 -0.037957  0.315421  0.182581
 -0.175266  0.318429  0.164264  0.313545 -0.680395  0.00427 ]
[ -1.808575e-01   2.189003e-01   2.570630e-01   6.583704e-02   1.919220e-01
   3.309180e-01   1.545867e-01   2.939337e-01   1.424832e-01   2.692059e-01
  -2.398238e-01   3.115871e-01   2.243096e-01   3.156941e-01   3.311891e-01
   3.333189e-01   3.003835e-05   2.680353e-01   2.990847e-01  -9.361719e-01]
[ 0.161983 -0.233132 -0.335976  0.251557 -0.423884  0.12816  -0.989583
 -0.103028  0.112556  0.333312  0.309109  0.322453 -0.619271  0.148611
  0.179637  0.158455  0.214263  0.290463  0.232589  0.267608]
[ 0.18144   0.329626  0.318653  0.313265 -0.008298  0.079176  0.325423
  0.282654 -0.039807  0.120568  0.328288  0.309532 -0.848346 -0.338593
  0.283732 -0.877609  0.332711  0.065351  0.288094  0.333146]
[ 0.237887  0.056981 -0.584401  0.211892  0.272133  0.237798  0.030073
 -0.080691  0.084201  0.204093  0.326693  0.29405   0.311396 -0.085541
  0.332426  0.182516  0.327265  0.28602  -0.156537  0.32905 ]
[ 0.320444 -0.900061 -0.971754 -0.028182 -0.156696  0.282008  0.097168
  0.285117  0.248647  0.098077  0.275183  0.155548 -0.247356  0.333323
  0.327788  0.219809  0.329992 -0.860273  0.20476   0.104274]
[ -7.245830e-01   2.940543e-01  -3.095925e-01   2.482644e-01   6.438712e-04
   1.587984e-01   3.272807e-01  -1.683203e-01   1.216198e-01  -6.308637e-02
   2.968491e-01  -8.345387e-01   3.279362e-01   1.514599e-01   1.503753e-01
   2.298242e-01  -9.231435e-01   3.282951e-01  -2.066014e-01   1.608644e-01]
[ 0.311586  0.210099  0.215497 -0.587552  0.331236 -0.145744 -0.253907
  0.19633  -0.204361  0.208382  0.174253  0.149201  0.223505 -0.844349
  0.296146 -0.730466 -0.129569 -0.268247  0.32639  -0.454525]
[ 0.321992  0.187348 -0.194805  0.332719  0.271047  0.319211  0.256539
  0.304954  0.333301 -0.859163  0.300901  0.297181  0.305827 -0.76322
  0.304778 -0.108754 -0.144995 -0.952286  0.141797  0.27004 ]
[ 0.306086  0.305681  0.311215  0.310622  0.319604  0.245309 -0.016143
 -0.25051   0.327722 -0.623394  0.330915 -0.889618 -0.568984  0.207485
 -0.819408 -0.999045  0.270259 -0.063391 -0.122217  0.105193]
[ 0.322359  0.113758  0.328885  0.002763 -0.028445 -0.559013 -0.219183
  0.258452  0.333333  0.315415 -0.905356 -0.161766  0.228363  0.286502
  0.259642  0.331442  0.333083  0.327055  0.081312 -0.040217]
[ 0.319123 -0.369796  0.298458  0.185505  0.242175  0.300338  0.333109
  0.260323  0.329602 -0.173574 -0.325012  0.238338 -0.230239  0.330275
 -0.136827 -0.943579 -0.846018  0.183829  0.023209  0.267802]
[ 0.240951  0.316107  0.091173 -0.982156  0.310514  0.280843  0.298668
 -0.106281  0.108562  0.019755  0.333038 -0.716211  0.16347   0.315224
 -0.158383  0.00128   0.303076 -0.011138  0.209784  0.038482]
[ 0.018462  0.330799  0.003211 -0.426531 -0.070959  0.320239 -0.891361
  0.300869 -0.007454 -0.99936  -0.887951 -0.528128 -0.335093 -0.799345
  0.268072 -0.012408  0.104085  0.295618  0.303874 -0.933015]
[ 0.331468  0.303333  0.268319 -0.417576 -0.529859 -0.60687   0.037423
 -0.698976  0.304097  0.228421  0.307639  0.319318  0.333152 -0.06618
 -0.029898  0.311797 -0.142171 -0.505075  0.274413  0.178743]
[ 0.250927  0.328202 -0.65799  -0.816203  0.332171  0.253309 -0.295223
  0.195209  0.312687  0.304387  0.275898  0.207002  0.281085  0.156189
  0.065438  0.074612 -0.6255    0.319966  0.255507  0.324483]
[ 0.021962  0.331888 -0.008407  0.333272 -0.983231 -0.022754  0.219793
  0.322485  0.157693  0.321564  0.29029  -0.014075  0.171692  0.332849
  0.332838 -0.486695 -0.529559  0.282309 -0.641906  0.275379]
[ 0.302317  0.329789  0.200326  0.083645 -0.885935  0.322123  0.326198
  0.333246 -0.099474 -0.54536   0.316369  0.31194   0.240969  0.322173
  0.258794 -0.079981  0.07268  -0.734184 -0.413757  0.330717]
[ 0.280668  0.138036  0.262054 -0.933694  0.026126  0.246454 -0.99295
  0.178402  0.139824 -0.615575  0.333046  0.267702  0.186807 -0.137402
 -0.975511  0.323236  0.203638  0.13065  -0.284533  0.224748]
[ 0.166868 -0.05318  -0.085413 -0.352656 -0.851094  0.22055   0.094336
 -0.006789  0.304695  0.328332 -0.457336  0.196642  0.089959  0.229058
 -0.913076 -0.994205  0.289613 -0.727681 -0.623448 -0.64428 ]
[-0.399514  0.324548  0.329706 -0.471922 -0.447379 -0.100753  0.314016
  0.325819  0.30685   0.287185 -0.076334 -0.879496  0.32991   0.216003
 -0.351154  0.271643  0.067175  0.326773 -0.09255   0.301978]
[ 0.2567   -0.863468  0.324289  0.304391  0.325443  0.085124  0.33333
 -0.340306  0.25909  -0.197733 -0.22946   0.276102  0.310799  0.259455
  0.129645 -0.919957  0.332475 -0.297928  0.192617  0.333324]
[-0.619185  0.241881 -0.024402 -0.370774  0.100929  0.318677 -0.016949
 -0.986622  0.24059  -0.287866  0.324458  0.153416  0.158897  0.312773
  0.231351  0.188306  0.304331 -0.98344   0.001775  0.306595]
[-0.079281  0.333202  0.313062  0.012398  0.017218  0.332862  0.318248
 -0.895753  0.277631 -0.254638 -0.19988   0.332665  0.299595  0.206351
 -0.421903  0.333092  0.213308 -0.983168 -0.954004  0.300395]
[-0.414298  0.224934  0.301245 -0.645022  0.166559  0.239922 -0.166993
  0.333032  0.192855  0.17306   0.242516  0.313473 -0.956934  0.303963
 -0.45971   0.322271  0.109019  0.032934 -0.614377 -0.328078]
[ 0.33146   0.320521  0.329699  0.329614 -0.343204  0.273993  0.163517
  0.308016  0.242336  0.263042 -0.410526  0.328899  0.193916  0.315551
 -0.195221  0.174753  0.227669  0.309349  0.237405 -0.791118]
[ 0.310052  0.332819  0.219477  0.314334  0.248214  0.009057  0.332656
 -0.072114  0.316347  0.32872  -0.053982  0.333327 -0.044465  0.315831
 -0.287958  0.236787  0.285231 -0.279512  0.025142 -0.15926 ]
[ 0.13536   0.325362  0.239546  0.075571  0.229441  0.330257 -0.04962
  0.325219 -0.005159  0.180636  0.193889 -0.065987 -0.99808   0.250054
  0.32531   0.301978 -0.666292 -0.927156 -0.047235  0.266977]
[ 0.314864  0.320361 -0.675438  0.239441  0.14981   0.333294 -0.52946
 -0.517317  0.208232 -0.020859 -0.990833  0.204484  0.330025 -0.333546
 -0.999904 -0.447108  0.30818   0.302937  0.221505 -0.105854]
[ 0.312722  0.32219   0.133583  0.320139 -0.025433 -0.198059  0.001446
 -0.99958   0.149449 -0.905446 -0.471415 -0.665079  0.33136  -0.535194
 -0.313841  0.252218 -0.108759 -0.048846  0.214571 -0.395981]
[ 0.26606  -0.575152 -0.999989  0.243497  0.330424  0.322578 -0.762929
  0.31633   0.069638  0.293425  0.144504  0.159618  0.302607 -0.607902
  0.333304  0.051955  0.237161  0.33244   0.322701  0.181594]
[ 0.206686  0.307311  0.26603   0.206729 -0.631088 -0.77478   0.316621
  0.297506  0.244805  0.332478 -0.761787  0.306778 -0.938653 -0.594088
 -0.234294  0.192676  0.145997 -0.873324 -0.341436 -0.001877]
[ 0.320924  0.314423  0.147449  0.269872  0.017055  0.001292  0.153656
  0.284159  0.28019   0.324871  0.332188  0.162766 -0.262089  0.167027
  0.201854  0.32396  -0.649461 -0.610986  0.326649  0.315615]
[-0.009926  0.189745  0.049209  0.327905 -0.981349 -0.841624  0.313863
  0.323296  0.230908  0.260408 -0.091332  0.056472  0.078932  0.333301
  0.294455 -0.9034   -0.559421 -0.070492  0.324728 -0.32967 ]
[-0.718572  0.27077   0.163187 -0.9887   -0.36144   0.30021   0.329078
  0.333329 -0.060303  0.174641  0.046095  0.305364  0.217946 -0.038232
 -0.285335  0.321924  0.245375  0.291136  0.145977  0.321097]
[ 0.292296 -0.480553  0.247329  0.01714   0.320407 -0.308526 -0.29711
  0.332704 -0.437776  0.286626  0.193163  0.22808   0.195418 -0.12799
  0.143332  0.071525 -0.964934 -0.056035  0.193367  0.315351]
[ 0.063514  0.181019  0.30962  -0.565243  0.247618  0.260053  0.144454
  0.270136 -0.362578 -0.644336  0.198849  0.320592 -0.263941  0.323499
  0.139007  0.302175  0.283656  0.059847  0.11446   0.32123 ]
[ 0.332277 -0.995962  0.32649   0.333324 -0.383597  0.333313 -0.967311
  0.218566 -0.831662  0.233647  0.006457  0.016021  0.333253  0.138773
  0.311476  0.27629   0.291073  0.295936 -0.428776  0.122335]
[ 0.299836  0.019212  0.23334  -0.728373 -0.124936  0.120462  0.231134
  0.130474 -0.360084  0.304062  0.313446  0.229923  0.253016 -0.834409
 -0.003968  0.209998  0.244966  0.002646 -0.588754 -0.105487]
[-0.219129  0.093248  0.321746 -0.113744 -0.762597  0.329576  0.286178
  0.252297  0.016069  0.305449  0.130414  0.326543 -0.36977  -0.771082
  0.307045  0.11645   0.23416  -0.072426  0.312513 -0.144604]
[ 0.316769 -0.874766 -0.981185  0.330225  0.242118  0.323082 -0.950208
 -0.028831 -0.116112  0.298324 -0.723213  0.199563 -0.360884  0.27873
 -0.047218 -0.478468  0.210715  0.302529 -0.508819  0.323001]
[0.027595774374024828, 0.018118184135529958, 0.0065148021366415176, 0.095330779303717944, -0.011834728344408796, 0.078508227656688467, 0.0034296028580644983, 0.017225765470517213, 0.0033950393057739156, 0.00035986136185606199, -0.063957588785502506, -0.023097218891899696, 0.045894945043059687, 0.0098641641006446956, -0.031681929341446272, -0.014326933069205905, -0.012592454395921604, 0.029708095644044918, 0.12351468499914184, 0.023059203014300422, -0.034228020896140965, 0.041291632514844648, -0.017445358894911167, -0.053830351188557835, 0.0152227448351408, -0.016565304959765631, -0.016570664880021235, -0.0066948053635168814, 0.058994266004894658, 0.019067553169544227, -0.070211044192570848, -0.037105841313534726, 0.028828906862796155, 0.0044968483798023678, 0.075174627973145725, 0.069853966855836419, -0.023960361212712833, 0.023232601167826494, 0.0091291996268346581, 0.017404512115828663, -0.013182835456840195, 0.017641304055566187, 0.063532733961213228, 0.0063835575167457137, -0.0035652491568795852, 0.028136019766307863, 0.013759608209485352, -0.018588338651220671, -0.052198072418093322, 0.090883859925631499, -0.016551359237865236, 0.01029757754106575, -0.019716201747835727, -0.025583278044144731, 0.030237017517847548, 0.037669925354880396, 0.039095567330875158, 0.053396176253896865, -0.0068273520445528146, 0.068115216125224781, -0.020370844437553576, -0.029345972737521264, -0.0064516466867652889, 0.061468742233158319, 0.099299979617026912, -0.01340355366556889, 0.036519381423020691, -0.0025426056598754632, 0.016237325331589114, 0.027594919620530178, 0.064221329414025419, 0.071984124282074846, 0.036768400859015782, 0.019100468885180355, -0.042295370028538504, 0.064531728998591387, -0.030210094134629939, 0.10352340967255316, -0.0032151187320306751, -0.02640162506149063, -0.033715881113416335, 0.0026901354192244709, -0.017751098995461116, -0.038402601175797968, 0.027372254248527572, -0.014163131291401065, 0.0074508701251541631, 0.12630061824356331, 0.081599128704968826, 0.054380255286689688, -0.011988629366633002, -0.042507588035181065, -0.019459431887824053, -0.033656747138568921, 0.12710432560388171, -0.0019408230289162942, 0.069504200210306288, 0.042602250338899139, -0.011657510151526274, 0.014151481341009686]
('time: ', 9632.54242515564)
