“Running plot script on a single CPU core”
[-0.83929  -1.068682 -0.943987 -0.823771 -0.713517 -0.955352 -0.022076
 -0.039776 -0.192666  0.172658 -0.008988 -0.186938  0.081428  0.011456
  0.063125  0.090025  0.187792 -0.101334  0.01282  -0.043177]
[-1.177828 -1.380218 -1.105627 -1.216442 -1.03823  -1.170646 -0.001462
  0.034378 -0.035227  0.05461  -0.079864 -0.088758  0.095816 -0.095753
  0.026938  0.066051  0.109309 -0.026717 -0.007161  0.01006 ]
[ -8.850596e-01  -6.114378e-01  -7.290781e-01  -6.465059e-01  -9.040491e-01
  -5.850463e-01  -8.103779e-02  -7.493343e-02   1.555417e-01  -1.807052e-02
   5.914444e-02   1.173702e-01  -5.711461e-02   5.169841e-02  -6.147674e-02
  -6.153324e-02  -2.315767e-02  -3.937004e-02  -7.274321e-04   1.413973e-02]
[ -1.105373e+00  -9.604152e-01  -1.137634e+00  -9.985824e-01  -1.116703e+00
  -1.019385e+00   3.395207e-02  -3.889256e-02  -3.260733e-02  -2.652040e-02
  -4.843226e-04  -5.264051e-02   9.156317e-03   1.268023e-02  -5.866552e-02
   2.512148e-02  -6.404149e-02   7.719579e-03   3.474531e-02  -2.992066e-02]
[-0.904628 -0.941454 -0.839984 -0.93506  -0.874265 -0.84482  -0.146659
 -0.079358  0.030577  0.269386  0.025773 -0.032534  0.199344  0.04903
 -0.049385  0.219345  0.243688 -0.246387  0.067646 -0.018229]
[-0.940644 -0.658222 -0.910275 -0.647332 -0.906925 -0.644783  0.029517
  0.01289   0.022513  0.055102  0.046267  0.012927 -0.013432  0.071617
 -0.04395  -0.060069  0.052245  0.034084 -0.020477  0.010164]
[-0.715615 -1.2206   -0.852098 -0.690456 -0.665398 -1.163681  0.033436
  0.037012  0.023747 -0.084186 -0.020854  0.032021  0.030144 -0.115571
 -0.051062  0.09543  -0.159961  0.050843  0.057894  0.054262]
[-0.679498 -0.753185 -1.034161 -0.460691 -0.799025 -0.790098  0.272309
 -0.111497  0.079573 -0.02956  -0.073749  0.037856 -0.023249 -0.074358
 -0.169323  0.137548 -0.04099   0.333531  0.075102  0.037251]
[-0.872317 -0.742047 -0.888137 -1.020311 -1.063468 -1.21184   0.03131
  0.057511 -0.036237 -0.004195 -0.01924  -0.004929 -0.094195  0.034979
  0.110788 -0.066384 -0.071309 -0.038958  0.071979 -0.011596]
[-0.663741 -0.831872 -0.907108 -0.510147 -0.53055  -0.735597  0.136851
 -0.069088  0.119413 -0.007274  0.0133    0.118955 -0.136202 -0.007235
 -0.076756 -0.181859  0.007544  0.140527 -0.065133 -0.017458]
[-1.178438 -0.974969 -0.8616   -1.169986 -0.966967 -0.962794 -0.120381
  0.044087  0.125588 -0.023033 -0.087874  0.153423 -0.026234 -0.056002
 -0.080537 -0.013566  0.069898 -0.095434 -0.034001  0.045774]
[-0.938647 -0.760049 -0.858188 -0.808635 -0.971445 -0.789257 -0.118361
  0.056302  0.015886  0.002518 -0.031271  0.017518  0.087499  0.052514
  0.089421  0.066371  0.021557 -0.113867 -0.040385 -0.005262]
[-0.690585 -0.942993 -0.843141 -0.786422 -0.750807 -0.941445 -0.060612
 -0.089943 -0.117596  0.100349  0.039192 -0.098513  0.009786  0.05571
 -0.031748  0.021576  0.112323 -0.023531  0.002476 -0.034102]
[-0.70554  -0.739519 -0.666186 -0.913021 -0.961549 -0.993434 -0.060288
  0.070996  0.207277 -0.0098   -0.015433  0.226352 -0.083991  0.043788
  0.130669 -0.048922 -0.030147 -0.132617  0.001947  0.00679 ]
[-1.043728 -0.961084 -0.893184 -1.003682 -0.997225 -0.768404  0.122594
 -0.110769  0.091439 -0.067491  0.008539  0.141028  0.13733  -0.010711
 -0.074731  0.010293 -0.107056  0.135554  0.092177 -0.02593 ]
[-0.816195 -1.056137 -0.952984 -1.311213 -1.074061 -1.518894  0.032079
 -0.13123  -0.053044 -0.065651 -0.044446 -0.074875  0.044058 -0.049578
 -0.201141 -0.079994 -0.072504 -0.009859 -0.03695  -0.010214]
[-0.972447 -0.859621 -0.93164  -0.781436 -0.881158 -0.981283  0.077834
 -0.068687  0.045857  0.057699  0.019318 -0.018846 -0.077415 -0.006798
 -0.141011 -0.060651  0.034624  0.145034 -0.043202 -0.034269]
[-1.315801 -1.208551 -1.210613 -0.919208 -1.130157 -0.962817 -0.044401
 -0.027024  0.020598 -0.118147 -0.06408   0.015511 -0.023596 -0.018278
 -0.005178  0.03568  -0.117356 -0.048906  0.075524  0.015501]
[-1.017882 -0.871765 -1.111709 -0.800135 -1.200346 -1.001823  0.118016
  0.069591  0.075524  0.032282  0.002618  0.147434 -0.078592 -0.030159
  0.050131 -0.112379  0.090411  0.087073  0.037574  0.021011]
[-0.923953 -0.762871 -0.694942 -1.034776 -0.942112 -0.802538  0.062376
 -0.017149 -0.007784 -0.111883 -0.097531  0.012465 -0.071811 -0.061664
 -0.023825 -0.077776 -0.115781 -0.030286 -0.051992 -0.034192]
[-0.858955 -0.750498 -0.866593 -0.7962   -0.959361 -0.814613 -0.019572
 -0.072127 -0.001888 -0.128455  0.078369  0.010681 -0.116107  0.020535
 -0.093576 -0.125133 -0.053526  0.005192 -0.068233  0.00866 ]
[-0.703562 -0.817261 -1.015909 -0.59569  -0.882684 -1.103777  0.051934
 -0.045847  0.192253 -0.021087  0.093089  0.200024  0.087893  0.093413
 -0.076464  0.004733  0.024013  0.084079 -0.007607 -0.014709]
[ -9.073986e-01  -8.453885e-01  -6.555737e-01  -7.609193e-01  -5.768389e-01
  -6.054533e-01   8.167245e-02  -5.488679e-02  -3.242198e-02   8.851063e-02
  -5.343742e-02  -4.159521e-02  -7.878738e-02  -6.972741e-02   2.853582e-03
  -9.006472e-04   5.839592e-02   1.854402e-01   2.456785e-02   3.328129e-03]
[-1.064719 -0.501222 -1.105123 -0.49973  -1.301119 -0.447741  0.032852
  0.063206 -0.037646  0.152689 -0.083743 -0.005474 -0.182902 -0.042693
  0.007787 -0.250737  0.106251  0.093129  0.00992   0.024485]
[-1.100447 -1.011019 -1.122183 -0.999164 -1.040809 -0.969472  0.013298
 -0.0261    0.014644  0.07024   0.002011 -0.057163  0.151634 -0.018709
 -0.042575  0.127114  0.083845  0.01777  -0.047926  0.034931]
[-0.889352 -0.823906 -0.969932 -0.890276 -1.177042 -1.025749 -0.029359
 -0.05827   0.070619  0.043676 -0.059675  0.056715  0.051729 -0.051881
 -0.087141  0.020593  0.053282  0.006195  0.017679  0.017206]
[ -7.623449e-01  -6.392347e-01  -6.199313e-01  -7.136099e-01  -5.837160e-01
  -6.190156e-01  -1.800689e-02  -4.454680e-02   4.149510e-02   3.041809e-03
  -6.935278e-02   3.157617e-03  -5.415630e-02  -5.488886e-02  -2.278192e-02
  -7.639633e-02   1.739158e-02   3.614650e-02  -7.564642e-03   1.814930e-04]
[-0.865513 -0.953629 -0.971424 -0.607475 -0.939275 -0.89094  -0.136165
 -0.048996  0.135148  0.121171  0.013126  0.33459   0.027279 -0.017461
  0.07284   0.131544 -0.001976 -0.097409  0.025115 -0.004011]
[-1.009666 -1.061114 -0.74751  -1.256232 -0.967568 -0.964564  0.131154
 -0.100436 -0.071735  0.079487  0.037597 -0.048162  0.02759   0.053293
 -0.088996  0.081802  0.131489  0.093068  0.049801  0.010247]
[-0.861323 -0.924382 -0.837285 -0.973689 -0.852626 -0.964056 -0.03863
 -0.002267  0.067391  0.027861 -0.008729  0.137048 -0.072042  0.022618
 -0.033352 -0.037473  0.08081  -0.072322  0.047379 -0.030654]
[-1.088471 -1.111335 -0.860456 -1.202514 -0.840243 -1.057862 -0.026119
 -0.093882 -0.009546 -0.008738 -0.079269 -0.003923  0.007711 -0.031936
 -0.102715 -0.061089  0.017965 -0.026178 -0.008809 -0.023558]
[-0.856964 -0.752032 -0.861999 -0.74482  -0.847832 -0.677842 -0.028697
  0.009629 -0.006848  0.088228  0.019295 -0.03409   0.045077  0.070018
  0.005876  0.050863  0.068172 -0.02428   0.024079 -0.002326]
[-0.950382 -0.930433 -0.861955 -0.983691 -0.899391 -0.78945  -0.056523
 -0.061602 -0.045118  0.02523   0.04216  -0.027633 -0.035591  0.032575
 -0.031282 -0.068542  0.043816 -0.021329  0.016104  0.018721]
[-1.093168 -0.955849 -1.054498 -0.69936  -0.789606 -0.690712  0.006751
  0.006317  0.055794  0.137004  0.092013  0.060454 -0.194896  0.079475
  0.02333  -0.045065  0.121171  0.127188  0.005078 -0.023999]
[-0.982603 -0.8233   -0.60993  -0.989463 -0.800439 -0.552967  0.121123
 -0.045853 -0.006351  0.075735  0.102069 -0.006382  0.03881   0.150042
 -0.078992  0.092985  0.143369  0.115133  0.020492  0.048693]
[-0.962843 -0.850386 -0.822305 -0.691581 -0.659604 -0.689467  0.105648
  0.037491 -0.118331 -0.163938 -0.040524 -0.115952  0.029678 -0.033844
 -0.002158  0.089437 -0.201732  0.160574  0.025729  0.057744]
[-1.094353 -1.054297 -0.862509 -1.25291  -1.011178 -0.921253  0.012547
 -0.012815 -0.058601 -0.02028  -0.196614 -0.052335 -0.029603 -0.132461
 -0.054441  0.020809 -0.001954  0.051044  0.023761  0.004549]
[ -1.326613e+00  -1.171948e+00  -1.216581e+00  -1.047989e+00  -9.999999e-01
  -1.196908e+00   3.978932e-02  -3.974178e-02  -1.042668e-01  -2.843826e-02
   7.725440e-02  -8.820790e-02  -5.109504e-02  -3.009287e-02   5.054376e-04
  -1.021494e-02  -4.284385e-02   3.988400e-02   1.115734e-01   7.909375e-02]
[-0.683796 -0.868585 -0.610656 -0.735892 -0.407908 -0.721146 -0.022548
  0.043828 -0.022614  0.010939 -0.024852 -0.053392  0.075257  0.009716
 -0.002025  0.086929 -0.003929 -0.003053  0.011086  0.010476]
[-1.232314 -1.164106 -0.72164  -1.010604 -0.446862 -0.462822  0.003284
 -0.025531 -0.031783 -0.112284 -0.003157  0.009881  0.003521 -0.005712
  0.019289 -0.026223 -0.066436  0.005445  0.005957  0.028788]
[-0.933753 -0.715959 -0.700421 -0.648164 -0.633602 -0.390573 -0.095733
  0.060995 -0.032936 -0.057019  0.024995 -0.088739 -0.187814 -0.001863
  0.090939 -0.067979 -0.00622  -0.071737 -0.045325 -0.036228]
[-0.989203 -0.954777 -0.762974 -1.132235 -1.07791  -0.755014 -0.034712
  0.063864 -0.028743  0.103235 -0.069492 -0.008463  0.080682  0.021504
  0.033583  0.051687  0.097972  0.004802  0.036237 -0.025881]
[-0.920465 -0.775444 -0.9575   -1.033698 -1.366249 -1.345253 -0.028176
 -0.11569  -0.176429  0.116711  0.038016 -0.260014  0.088973  0.010085
 -0.147549  0.036288  0.07051  -0.032758 -0.048189  0.01932 ]
[-0.932512 -0.701932 -0.720509 -0.827528 -0.884327 -0.604609  0.004696
 -0.069278 -0.019104 -0.01969   0.068643  0.030227  0.031256  0.011987
 -0.065996  0.012342 -0.028006  0.013584  0.004955  0.018246]
[-0.865948 -0.904316 -0.911573 -1.055168 -1.036178 -1.139041 -0.063614
  0.077328 -0.116098  0.034173  0.126077 -0.175696 -0.178323  0.101005
 -0.026249 -0.252206  0.156798  0.115679  0.055508 -0.007167]
[-0.844532 -0.822889 -0.961632 -0.903395 -0.98116  -0.974366  0.041275
  0.065005 -0.018031  0.039066  0.055647  0.077409 -0.066188  0.091874
  0.060785 -0.070269  0.048469  0.041836 -0.014243 -0.044892]
[-1.217029 -1.270916 -1.300651 -1.04036  -0.966797 -1.193855 -0.093956
 -0.069642  0.129658 -0.038545  0.046289  0.046145  0.061325  0.00348
 -0.096322  0.012235 -0.163358 -0.112636 -0.022988 -0.034286]
[-0.983773 -1.069922 -1.018823 -1.062073 -0.901991 -1.081277 -0.006941
  0.094541 -0.160615 -0.043395  0.089638 -0.257877  0.075014  0.063384
  0.004969  0.040579 -0.088644  0.112628  0.042186  0.067301]
[-1.167711 -1.054786 -1.102294 -1.156472 -1.000501 -0.936984  0.022078
  0.042184 -0.059775 -0.060978  0.06126  -0.089103 -0.034616  0.032375
  0.064281  0.030733 -0.089186  0.029916  0.015439  0.010664]
[-0.992106 -0.599927 -0.747494 -0.7158   -0.860974 -0.490876  0.087861
 -0.013795  0.109188  0.104409 -0.00456   0.073065 -0.122359  0.060167
  0.039247 -0.195814  0.096676  0.16119  -0.002295 -0.041493]
[-0.8249   -1.01638  -0.875486 -0.941649 -0.554622 -0.827681 -0.044158
 -0.02564   0.005384  0.061024 -0.053094 -0.072901  0.025569  0.074211
  0.055683  0.024747  0.074052 -0.059405  0.034372  0.061805]
[-0.9023   -0.9618   -0.93388  -0.898958 -0.818614 -0.99263   0.015373
 -0.019168  0.022472  0.069922 -0.061362 -0.028698 -0.009865 -0.049271
 -0.080976 -0.026985  0.024712  0.01309  -0.017288  0.015778]
[-0.63553  -0.600086 -0.585918 -0.724266 -0.702877 -0.601272  0.034255
  0.01483  -0.103904  0.152824  0.073928 -0.160483  0.001289  0.086229
  0.043981  0.010122  0.090217  0.012301  0.006842 -0.00256 ]
[-1.166174 -0.916797 -1.034571 -0.97586  -0.995405 -0.930911 -0.017819
 -0.014335 -0.050667  0.032249  0.088978 -0.055113  0.002565  0.058392
 -0.112553  0.022962  0.047697 -0.056014  0.03554   0.001648]
[-0.835073 -0.852484 -0.644307 -0.912766 -0.810753 -0.820876 -0.006578
 -0.071809  0.091132  0.068431 -0.066984  0.007045 -0.136943 -0.122451
 -0.044789 -0.127292 -0.019302 -0.016411 -0.008755  0.007026]
[ -9.581988e-01  -1.050559e+00  -8.208253e-01  -9.548157e-01  -8.676792e-01
  -1.081465e+00   6.081638e-02  -5.482164e-02  -8.132519e-03  -3.184411e-02
  -9.356571e-02  -1.850335e-02   5.683879e-02  -1.203430e-01  -8.734541e-02
   7.329011e-02  -2.467872e-02   3.414316e-04   8.227127e-02  -1.554710e-02]
[-0.75323  -0.926101 -0.845363 -0.740491 -0.890539 -0.980128  0.051406
 -0.036904 -0.077676 -0.012973  0.049115 -0.100208 -0.083905  0.02914
 -0.077105 -0.11717   0.023581  0.125966 -0.037934  0.033347]
[-1.061776 -0.936803 -0.734022 -0.995723 -0.788538 -0.975691 -0.076385
  0.03359   0.146737 -0.141596  0.067877  0.144564 -0.050007 -0.017504
 -0.052975 -0.134412  0.048254 -0.058847  0.034434 -0.02346 ]
[-0.977803 -0.864802 -1.03611  -0.818726 -1.021626 -0.847343 -0.044448
 -0.032279 -0.01374   0.005607 -0.025227 -0.069904  0.136787 -0.017387
  0.02818   0.239823 -0.005427 -0.131906  0.016646  0.050669]
[-0.894026 -0.854455 -0.829434 -0.800875 -0.869658 -0.800226  0.028237
  0.080722 -0.189004  0.026298 -0.042172 -0.115619  0.02279  -0.049777
  0.094776 -0.041457  0.004087 -0.033045 -0.041339 -0.036681]
[-0.80716  -0.842458 -0.784394 -0.927315 -0.869153 -0.950014 -0.017253
  0.084366 -0.022462 -0.010655  0.115631 -0.072036  0.019383  0.098387
  0.113371 -0.017942  0.005233 -0.039726 -0.021901 -0.017027]
[-0.82822  -0.725172 -0.607249 -0.717669 -0.478903 -0.412585 -0.018727
  0.045805 -0.110313 -0.051218  0.009795 -0.11867  -0.166953  0.025756
  0.094316 -0.237745 -0.00489   0.036732 -0.003711  0.027834]
[-0.972241 -0.855323 -0.919663 -0.814488 -0.893002 -0.827684  0.068768
  0.068499  0.029579 -0.072029 -0.027996 -0.014501 -0.012437 -0.008911
  0.028509  0.0336   -0.061365  0.071167 -0.061346 -0.012732]
[ -6.300844e-01  -7.075031e-01  -6.797102e-01  -8.000305e-01  -7.253365e-01
  -6.973303e-01   3.447525e-02  -4.993000e-04   5.044847e-02   5.660546e-02
   4.354357e-02   4.871091e-02   3.461140e-02   3.628407e-02   1.005907e-02
  -1.293546e-02   3.742264e-02   5.113940e-02  -2.765588e-02  -3.888463e-02]
[ -5.835952e-01  -7.256213e-01  -6.326978e-01  -8.305512e-01  -6.448167e-01
  -9.409597e-01   1.156065e-01  -3.950646e-02  -1.422433e-01  -5.600908e-02
  -8.670173e-02  -1.926224e-01  -6.681397e-02  -9.200801e-02  -5.639851e-02
  -8.121042e-02  -2.031832e-01   1.867111e-01  -6.109088e-02   2.921003e-04]
[-0.729134 -0.702408 -0.853927 -0.697328 -0.861931 -0.833945  0.029511
  0.006962 -0.006129 -0.010176  0.081598 -0.065874 -0.060697  0.095691
 -0.006799 -0.081483  0.001744  0.070551  0.021392  0.029216]
[-1.129511 -1.027839 -0.895897 -0.940073 -0.707592 -0.881003 -0.028241
  0.018583 -0.094422 -0.014405  0.085745 -0.110492 -0.008358  0.055691
 -0.087615  0.03145  -0.022456 -0.081541  0.005828  0.003348]
[ -9.814781e-01  -5.493954e-01  -6.156117e-01  -8.349313e-01  -1.178507e+00
  -5.875910e-01   6.836955e-02   2.507865e-01   5.677450e-02   3.016243e-02
   4.215086e-02  -4.712287e-02  -1.258052e-02   2.911927e-02   1.876168e-01
   2.664966e-03   1.169577e-01   5.015627e-02   2.797229e-02  -3.742617e-04]
[-1.067561 -0.857932 -0.855948 -1.021811 -0.963973 -0.768084 -0.048785
 -0.097257  0.004274  0.065626 -0.02776   0.012514 -0.099162 -0.020508
 -0.066892 -0.106836  0.064461 -0.123608  0.034862  0.007066]
[-1.167588 -0.799869 -1.174414 -0.662854 -1.189741 -0.581454 -0.032274
 -0.050494  0.123324 -0.039709  0.126417  0.162086 -0.229248 -0.033861
 -0.217795 -0.178149 -0.041601 -0.1854   -0.068037  0.007571]
[ -1.222630e+00  -1.064150e+00  -8.228192e-01  -1.013942e+00  -7.941779e-01
  -5.392213e-01   9.921526e-02   6.547959e-02  -4.459051e-03   2.224028e-02
  -8.154088e-04   3.691854e-03  -3.014107e-02   1.342706e-02   1.046608e-01
  -2.452061e-02   5.985950e-02  -3.295932e-02   1.342269e-02  -2.146249e-02]
[-1.229187 -0.926163 -0.839393 -1.074383 -0.997225 -0.906156 -0.080258
 -0.151426  0.077438  0.091806 -0.043641  0.118904  0.065475 -0.067048
 -0.115838  0.008912  0.124349 -0.155955 -0.091476 -0.026535]
[-1.085647 -0.914887 -1.111286 -1.006492 -1.18485  -1.121578  0.017389
  0.258171 -0.214337 -0.019218  0.10407  -0.262435  0.105656 -0.033396
  0.21262   0.07583  -0.013756 -0.037738  0.075004 -0.021321]
[ -8.229745e-01  -7.708562e-01  -7.633063e-01  -9.567635e-01  -9.050228e-01
  -8.704433e-01  -3.646039e-02  -2.878577e-02  -6.532270e-04   7.713329e-03
   6.004475e-02  -5.651488e-02  -9.591291e-02   4.492028e-02  -2.018344e-02
  -6.703645e-02  -4.896887e-02  -1.111624e-01  -5.095670e-03  -1.021778e-02]
[-0.945009 -0.801582 -0.915702 -0.755147 -0.848607 -0.707797 -0.027339
  0.030573  0.050605  0.029723  0.040814  0.092149  0.053086  0.054753
 -0.019112  0.044773  0.017132 -0.025651 -0.115204 -0.029537]
[-0.742263 -0.689886 -0.699266 -0.993928 -0.96158  -1.182538 -0.015133
 -0.020857  0.005435  0.03346  -0.068154 -0.007003  0.150861 -0.10157
 -0.113783  0.062295  0.087145  0.078012  0.005375  0.013   ]
[-0.89381  -0.884107 -0.618866 -0.950845 -0.892441 -0.909931 -0.006711
  0.103568 -0.155671 -0.084808 -0.101403 -0.144324  0.105704 -0.279353
  0.170464  0.083206 -0.008179 -0.083762 -0.0298    0.039151]
[-0.946    -0.802276 -0.683482 -0.954418 -0.819701 -0.646606 -0.020614
 -0.11412   0.024384  0.017089 -0.036838  0.019586  0.126326 -0.054075
 -0.022563  0.029579  0.041685 -0.036699  0.055382  0.005668]
[-0.693866 -0.843654 -0.787225 -0.714096 -0.620257 -0.783252  0.013292
  0.040344  0.004764  0.083856 -0.079973  0.003028  0.002697 -0.073168
  0.083331  0.015325  0.067063  0.033203 -0.010775 -0.011679]
[-1.130545 -0.960808 -0.89323  -1.025216 -0.876604 -0.938877 -0.030728
  0.045671 -0.079161 -0.031334  0.022773 -0.107142 -0.096065  0.015512
  0.018626 -0.122995 -0.072501  0.001692  0.054023 -0.003152]
[-0.956756 -0.941858 -0.843106 -0.814426 -0.832331 -0.840373  0.134549
  0.007257 -0.00688  -0.031151 -0.051869 -0.005653  0.055879 -0.06869
  0.010889  0.084185 -0.013381  0.101947  0.011641  0.001814]
[-0.930471 -0.964407 -0.944342 -0.895322 -0.879166 -0.893865  0.016139
  0.032701  0.079726  0.073719  0.048826 -0.005533 -0.043219  0.038558
  0.054434 -0.110525  0.048903 -0.012779  0.030037 -0.017261]
[-0.804046 -0.867733 -0.974989 -0.710992 -0.951888 -0.92942  -0.092588
  0.088315  0.022444  0.092822  0.033117  0.027076  0.060102  0.018584
  0.107783  0.092311  0.059856 -0.072702  0.005986 -0.013246]
[-0.742113 -0.758052 -0.999839 -0.556852 -0.966704 -0.85669  -0.153395
 -0.03773  -0.108013 -0.028424 -0.11361  -0.100885 -0.155115 -0.026982
  0.031463 -0.163233 -0.069547 -0.201214 -0.008624 -0.016087]
[-0.971439 -0.992501 -0.866724 -1.00684  -1.004361 -1.129438  0.062516
 -0.02337   0.049177 -0.111533  0.108535  0.012069  0.028665  0.027384
 -0.050483  0.011119 -0.149223  0.093603 -0.031214  0.042443]
[-0.778766 -0.775701 -0.743326 -0.845536 -0.914265 -0.687521 -0.03966
  0.034127  0.101683  0.123787 -0.081829  0.132071 -0.019211 -0.081945
  0.015537 -0.0178    0.117637 -0.089501  0.058228  0.028388]
[ -8.375442e-01  -1.129855e+00  -5.861338e-01  -9.126652e-01  -4.232805e-01
  -7.131775e-01   8.223029e-04  -6.075560e-02   3.707862e-02   2.309694e-01
  -3.823345e-02  -1.220665e-02   9.152443e-02  -9.623903e-02  -6.156479e-02
   5.588833e-02   2.666955e-01  -6.155867e-02  -3.740124e-02   3.935189e-02]
[ -9.502418e-01  -9.064274e-01  -9.636712e-01  -7.870028e-01  -7.308496e-01
  -8.488713e-01  -4.783562e-02   1.985662e-02  -5.623969e-02   8.102445e-03
   1.932930e-02   2.354010e-02   1.468414e-02   5.876140e-02   1.202584e-03
  -8.687701e-03   2.733342e-02  -1.053258e-01   2.938094e-02  -4.032150e-04]
[-0.784706 -0.693088 -0.753449 -0.697522 -0.766398 -0.788821 -0.063225
 -0.034387  0.039292 -0.018431 -0.198402  0.019598  0.115232 -0.163167
 -0.0501    0.167889 -0.030466 -0.016598  0.027548  0.021682]
[-0.831281 -0.798022 -0.927912 -0.88179  -0.947684 -0.988039  0.036623
 -0.073072 -0.036713  0.027247  0.137815 -0.060502  0.003275  0.14424
 -0.095701 -0.102742 -0.046313 -0.013949 -0.004298 -0.026807]
[-1.054863 -1.020522 -1.035054 -1.033819 -0.916611 -1.144602 -0.078641
  0.162146 -0.021509 -0.004844  0.063819  0.020186 -0.026193  0.051297
  0.21021  -0.009866 -0.048461  0.058233  0.02442   0.052182]
[ -1.073010e+00  -1.262046e+00  -8.246071e-01  -1.240766e+00  -8.921460e-01
  -9.982914e-01   8.179575e-04   5.005692e-02  -9.368640e-02   8.978595e-02
  -7.018232e-02  -1.186577e-01  -1.113663e-01  -4.923804e-02  -3.039273e-02
  -1.852682e-01   1.983075e-01   3.406748e-02  -1.879582e-02  -8.490614e-03]
[-1.007632 -0.755391 -0.736719 -1.003639 -0.948695 -0.797218 -0.047782
  0.049329 -0.047283  0.129955 -0.024059 -0.04097  -0.03151  -0.024013
  0.04709   0.010749  0.16051  -0.030685 -0.037888  0.013257]
[ -1.027308e+00  -1.053525e+00  -1.025325e+00  -1.027669e+00  -1.006399e+00
  -1.202265e+00  -5.135966e-02   1.294862e-01  -1.124330e-01   8.738244e-02
   7.923168e-02  -1.864684e-01   4.417245e-02   1.431498e-01   7.841351e-02
   3.905976e-04   1.520124e-01  -6.112684e-02  -2.687488e-02   1.563453e-02]
[-0.990721 -0.956279 -0.936503 -0.974645 -0.947013 -1.001479  0.074036
  0.083227 -0.009982 -0.10175   0.008277 -0.064124 -0.014518 -0.005918
  0.013175 -0.050606 -0.048113  0.071332 -0.038461  0.001813]
[-1.042081 -0.930259 -0.600924 -0.897376 -0.505435 -0.520904  0.014115
 -0.010475 -0.047638 -0.116534 -0.071271 -0.038701 -0.042336 -0.054657
  0.067088 -0.003016 -0.121592 -0.018173 -0.009819  0.006656]
[ -7.168653e-01  -8.022515e-01  -5.841394e-01  -8.013803e-01  -5.719821e-01
  -6.868881e-01   3.473190e-02   3.400792e-02  -2.850385e-02   1.378505e-01
   4.046864e-02  -2.212690e-02  -6.581057e-04   4.580920e-02   5.070100e-02
   2.082286e-02   1.012391e-01   1.433759e-02   2.342602e-02  -9.350349e-03]
[-1.058649 -1.065223 -1.116794 -1.005003 -1.082282 -0.904687 -0.049102
  0.024783  0.05479   0.031259 -0.006929  0.044325 -0.014086 -0.011192
  0.034554 -0.019039 -0.015675 -0.074043  0.059023  0.00643 ]
[-0.84566  -1.044693 -0.64129  -1.042776 -0.634894 -0.773438  0.001643
 -0.084548 -0.114914 -0.046379 -0.117109 -0.079294 -0.00554  -0.111837
 -0.071639  0.071304 -0.086087  0.107647  0.013976 -0.004711]
[-0.932598 -0.571108 -0.944762 -0.77655  -1.16645  -0.887073 -0.062464
  0.291808  0.01406  -0.019488 -0.019429  0.043801  0.110666 -0.061081
  0.271783  0.086499 -0.04097  -0.101894  0.066968  0.0707  ]
('Mean', 1, ': ', -0.93259803569358168)
('Median', 1, ': ', -0.93259803569358168)
('Variance', 1, ': ', 0.0)
('Mean', 2, ': ', -0.57110824008283367)
('Median', 2, ': ', -0.57110824008283367)
('Variance', 2, ': ', 0.0)
('Mean', 3, ': ', -0.94476207709152327)
('Median', 3, ': ', -0.94476207709152327)
('Variance', 3, ': ', 0.0)
('Mean', 4, ': ', -0.77654962200309707)
('Median', 4, ': ', -0.77654962200309707)
('Variance', 4, ': ', 0.0)
('Mean', 5, ': ', -1.1664498744503669)
('Median', 5, ': ', -1.1664498744503669)
('Variance', 5, ': ', 0.0)
('Mean', 6, ': ', -0.8870731853728927)
('Median', 6, ': ', -0.8870731853728927)
('Variance', 6, ': ', 0.0)
('time: ', 8126.285226106644)
