“Running plot script on a single CPU core”
[-0.545924 -0.466926  0.049563  0.215385 -0.236106  0.251817  0.313085
 -0.140975  0.184562  0.331463  0.32545   0.306689 -0.999012  0.113503
 -0.188064  0.312379  0.213881 -0.091495  0.139612  0.017282]
[ 0.326876  0.322789 -0.066345  0.239806 -0.258851  0.323212 -0.744618
  0.33248  -0.764204  0.329871  0.331451 -0.994033  0.325431  0.329203
  0.120075 -0.990157 -0.970542  0.293926 -0.077391 -0.829581]
[ 0.11058  -0.660457 -0.554988 -0.914941  0.320893  0.196909  0.29349
 -0.071894 -0.353433 -0.8218   -0.147808 -0.957221  0.286054 -0.361523
  0.018687 -0.630593  0.21255   0.05299  -0.785088  0.321497]
[ 0.037606  0.313401  0.312034  0.204327  0.267312  0.292583 -0.254588
 -0.992601 -0.651182  0.329148 -0.999618  0.316155  0.276167 -0.809208
  0.12201  -0.565109  0.303876  0.331415  0.320696 -0.678861]
[-0.045322  0.08831   0.310984 -0.935684  0.270066  0.192353  0.256167
  0.171489  0.191288  0.02725   0.294548  0.154054  0.247372 -0.071905
  0.3244   -0.685628 -0.680892  0.329701 -0.446832 -0.017959]
[-0.522761  0.205493  0.253052  0.329403 -0.554073 -0.805288  0.330393
  0.112742 -0.482848  0.150878  0.27941   0.101719 -0.236469 -0.494541
 -0.34412   0.318878  0.29084  -0.950149  0.297973 -0.942715]
[-0.821079  0.331332 -0.575366 -0.211315  0.315739 -0.15601   0.257776
  0.331725 -0.953929  0.147291  0.329359  0.011136 -0.523651 -0.16461
  0.137817 -0.353349  0.077765  0.171882 -0.061896 -0.985857]
[ 0.216142 -0.308963  0.285246  0.2275   -0.002331  0.278849 -0.010404
  0.278451  0.324823 -0.960899 -0.151076 -0.237788  0.312369  0.195325
  0.303202  0.288058 -0.787505  0.301197  0.313995 -0.839685]
[-0.190527 -0.077418  0.322642 -0.354289 -0.033067  0.054467  0.206151
 -0.849548  0.236533 -0.217647  0.168664  0.110535  0.304038  0.223814
  0.283121  0.327095  0.241549  0.333329 -0.25397   0.189946]
[ 0.328082  0.325673 -0.274972 -0.064273 -0.685019  0.278708  0.274872
  0.223054  0.118492  0.305099  0.278309  0.253279  0.312299  0.317288
  0.092696 -0.836484  0.150503 -0.155792 -0.119276  0.237169]
[ 0.332582  0.30231  -0.755869  0.065386  0.223008  0.332317  0.242277
  0.283095  0.329722  0.107094  0.263533 -0.06276   0.042351 -0.347273
  0.264345 -0.898467 -0.481473  0.133898  0.245606  0.302823]
[ 0.333333  0.31986  -0.190102  0.331108  0.256382  0.273204 -0.051358
  0.327632 -0.283055 -0.175528 -0.117337 -0.945124  0.270751 -0.032442
  0.075849  0.300753 -0.034586  0.308688  0.263493  0.263625]
[ 0.105015  0.242504  0.180752 -0.553086  0.186321  0.288922 -0.534238
  0.32728  -0.854099 -0.309634  0.279918 -0.219087  0.298678  0.322452
 -0.876587  0.28035   0.262255  0.319349  0.287121  0.332594]
[ 0.332323 -0.496283 -0.004244 -0.851799  0.025445  0.310291  0.333313
 -0.331402  0.332998  0.028806  0.006473 -0.029498 -0.083988  0.105031
 -0.821786 -0.274279  0.194999  0.319715  0.25268   0.333023]
[ 0.190324  0.157069 -0.183185  0.277411  0.216093 -0.59818   0.301158
  0.322407 -0.278621 -0.352596  0.205343  0.318598  0.282831  0.100126
  0.205674  0.04759   0.323302 -0.290685  0.164733 -0.898751]
[ 0.130335  0.14349   0.262962  0.053922 -0.990693 -0.308067  0.322215
 -0.462165 -0.693268 -0.841506  0.207316 -0.196981 -0.13506   0.114296
 -0.66675  -0.953922 -0.997286 -0.199797  0.002369  0.145295]
[ 0.095852 -0.374688  0.237068 -0.826601  0.141668  0.154711 -0.35793
 -0.038938 -0.125982  0.228618  0.305733  0.052578  0.020416  0.285332
 -0.782388  0.173551 -0.023495 -0.143011  0.275577 -0.093176]
[-0.386627  0.322953  0.256384  0.286762 -0.053732 -0.14187   0.27918
  0.177689 -0.303048  0.296736 -0.91967  -0.582776 -0.303167  0.159273
 -0.100919  0.326962 -0.030147  0.129099  0.143341 -0.638052]
[ 0.029187 -0.245934  0.254587 -0.40776   0.302143 -0.240914  0.325663
 -0.967274  0.179233  0.311307  0.332959 -0.465378  0.084837  0.302956
  0.278725  0.150564  0.302611 -0.32593   0.269349  0.142065]
[ 0.278246 -0.488463  0.181743  0.286521  0.277836 -0.585134 -0.984591
  0.321845  0.075418  0.119707  0.327783  0.332916  0.332022  0.2817
  0.065936 -0.185784  0.220356  0.329896  0.250241 -0.312637]
[ 0.173738  0.321062  0.259614 -0.139277 -0.299355  0.143394 -0.059318
  0.333321  0.321625  0.107998  0.274432 -0.252525  0.172289  0.327001
  0.309102  0.319884  0.272717 -0.466266  0.314473 -0.191267]
[-0.845644  0.332411 -0.060798  0.264399  0.230776  0.297246  0.33138
 -0.733752  0.276387 -0.039761 -0.15432  -0.864806  0.323264  0.282991
  0.329544  0.32349  -0.759101  0.1897   -0.426081  0.311649]
[ 0.312969 -0.068975  0.261904  0.11011   0.32274  -0.098105 -0.285981
  0.136794  0.305717  0.167383 -0.669883  0.262886  0.326715 -0.58931
  0.254135 -0.124232  0.312216  0.259268 -0.716641 -0.026253]
[-0.010425  0.201997  0.195541 -0.275598 -0.140597  0.291603 -0.33536
  0.298988  0.192251  0.271611  0.323369  0.177148  0.330561 -0.004698
  0.296813  0.308215  0.332271 -0.320638  0.332474  0.158039]
[ 0.166969  0.32646  -0.553465  0.243005  0.286376 -0.926014 -0.432716
  0.290292  0.307096  0.26651   0.325836  0.333302 -0.821545  0.314264
 -0.165766  0.274352  0.330991  0.222291 -0.380396  0.331618]
[-0.258898  0.187103 -0.591817  0.219433  0.289662 -0.314112  0.214575
  0.218886 -0.176076 -0.436121 -0.739232  0.276709  0.304959  0.255126
  0.330454 -0.540382 -0.274733  0.313182  0.232249  0.086324]
[-0.093659  0.29597   0.231615  0.114038  0.145241  0.332759 -0.285291
  0.06546   0.033315  0.109377  0.323843  0.112475 -0.637092  0.310844
 -0.787521  0.242973  0.329889  0.327107  0.12838   0.060511]
[ 0.285458 -0.035063 -0.063757 -0.173675  0.049611  0.229359 -0.084498
  0.33064  -0.999549  0.295531  0.284388 -0.491558  0.331511 -0.942154
  0.18076   0.295008 -0.399188 -0.442231  0.278845  0.306582]
[ 0.120141  0.333318  0.252173  0.323768  0.159831 -0.020051 -0.303606
  0.332301  0.251663  0.077998 -0.504985  0.281794  0.104693 -0.244794
 -0.043474  0.310206 -0.072974  0.188522  0.277552 -0.990002]
[ -7.311991e-02   3.332420e-01   3.127538e-01  -1.560244e-01   3.293141e-01
   1.529576e-01  -1.768728e-01   3.154089e-01   2.902295e-01   1.059981e-01
  -4.696064e-01   2.182994e-01   2.259472e-01   2.090228e-04  -5.998057e-01
   3.332522e-01   2.683159e-01   3.312969e-01   3.255499e-01  -2.167339e-01]
[-0.135651  0.333325  0.166011  0.274849 -0.965019  0.139663  0.332508
 -0.517673 -0.046186  0.327022  0.19813  -0.088312  0.292612 -0.80029
 -0.217979  0.169907  0.313223 -0.022706  0.32861  -0.222298]
[ 0.135634  0.151294 -0.006403  0.327161  0.324526 -0.585146  0.298073
 -0.991212  0.082993 -0.984965  0.253582  0.210262  0.113413 -0.095757
  0.301738  0.228606 -0.279237 -0.361129  0.013627  0.303154]
[ 0.318872  0.250716 -0.522589  0.320216  0.31988   0.153329  0.261327
  0.251883 -0.295771 -0.363828  0.094627  0.172935  0.231037  0.302249
  0.295265  0.333089 -0.258322  0.333191 -0.959638  0.111579]
[ 0.27383   0.285714  0.33322   0.329101  0.102192  0.3324   -0.792197
  0.26586   0.177418 -0.980649 -0.285208  0.320461  0.320541  0.109577
  0.112411  0.268527  0.329321  0.266966  0.328051 -0.353193]
[ 0.041908 -0.240807  0.205691 -0.293406  0.332585  0.056384  0.240857
  0.229163  0.023836 -0.430069  0.298903  0.247145  0.271623 -0.211573
  0.331263 -0.48181   0.309254  0.244328  0.170302  0.221762]
[-0.967545  0.300815  0.07071  -0.993384 -0.318875 -0.759267  0.17263
  0.09118   0.325465 -0.393267 -0.013991 -0.586358  0.330958 -0.424619
 -0.553358 -0.637118  0.24624   0.327786  0.270913 -0.238266]
[ 0.256275  0.292336  0.323934 -0.46272   0.090621  0.32801   0.332588
 -0.999873  0.263398  0.278497 -0.319937 -0.97781   0.328167  0.247099
  0.307346 -0.0186    0.290605 -0.069754  0.316843 -0.935382]
[-0.793586 -0.943516  0.308261 -0.925344 -0.019394  0.319385  0.331087
 -0.350572  0.328332  0.132703  0.227538  0.260066 -0.20532   0.32329
 -0.077088 -0.891958 -0.185158 -0.021263  0.322013 -0.253723]
[ 0.2654    0.325147  0.034832 -0.999915  0.270569  0.333237  0.306826
  0.311977  0.190285 -0.112818  0.004941  0.333332 -0.668612 -0.188514
  0.235837  0.162435  0.139877  0.33279   0.332225 -0.485606]
[ 0.015963 -0.130874 -0.983659 -0.204731  0.324004  0.095015  0.198435
  0.296415  0.194907 -0.390819 -0.428808  0.094125  0.332033 -0.091588
 -0.191669  0.308973  0.073121  0.20707  -0.498533 -0.49804 ]
[-0.484332 -0.944972  0.148879  0.325625  0.262674  0.244909  0.320519
  0.333296  0.20604   0.247938  0.297301  0.203864  0.242716 -0.688406
 -0.597194 -0.862464 -0.454741  0.068517  0.294656  0.018785]
[ 0.098814 -0.823122  0.323515 -0.485109 -0.04962   0.235483  0.282678
 -0.147909  0.333055  0.093472  0.175653  0.322423  0.332946  0.333316
  0.302964  0.319012  0.328818  0.212769  0.254838 -0.015628]
[-0.697366 -0.601089  0.152202  0.232816 -0.72256  -0.558854  0.305108
  0.293692  0.005367  0.005935  0.214916  0.332948 -0.380734  0.326075
 -0.667653 -0.022614  0.151813  0.269317  0.10865  -0.062338]
[ 0.197164  0.247533  0.189869  0.265456  0.332596  0.319329  0.329706
 -0.929216  0.244016  0.329009  0.066584 -0.194314  0.291034  0.184478
  0.051466  0.084548 -0.018383  0.16681   0.299365  0.266753]
[-0.845812 -0.660407  0.328003 -0.950444  0.173789  0.320645  0.299431
  0.324204 -0.9189    0.333152  0.132895 -0.096457  0.330528  0.266113
  0.266611  0.059417 -0.226471 -0.419566  0.174112  0.024066]
[-0.759477 -0.996835 -0.523963  0.319822 -0.578046  0.320201 -0.87929
 -0.366441  0.303525  0.268067  0.224262  0.244542  0.216613 -0.965538
  0.301293 -0.252782  0.332612  0.26148   0.094282  0.325845]
[-0.18875  -0.9596   -0.508837  0.224405  0.184971  0.320908  0.322043
 -0.224866  0.295361  0.221607  0.326563  0.298094  0.307483  0.219445
 -0.024056  0.316478  0.230523 -0.075962 -0.223755  0.202389]
[-0.088009 -0.93758   0.266257 -0.979554  0.284891  0.257053  0.152957
  0.3302    0.227736  0.150912 -0.849469 -0.015378 -0.007817 -0.968648
  0.333236 -0.162847 -0.480434 -0.368817 -0.37986   0.213986]
[-0.37797   0.328922 -0.688947 -0.383505 -0.536996  0.284368  0.04381
  0.318925  0.244683 -0.067696  0.054697 -0.274553 -0.654375  0.287151
  0.173453  0.160578 -0.499878  0.183777  0.290424  0.287076]
[-0.641775  0.226345  0.314668  0.137695  0.240951  0.252683 -0.486192
  0.324946  0.254082  0.285924 -0.174216 -0.706581  0.238269  0.305572
 -0.987875  0.33008   0.294557 -0.223478 -0.337783 -0.047449]
[ 0.291496 -0.109545 -0.084633 -0.524264  0.259935  0.009427  0.137973
  0.201083  0.265445  0.292332 -0.356883  0.319712  0.309521  0.254638
  0.262906  0.22409   0.203736 -0.86351   0.240003 -0.494292]
[ 0.200151 -0.5923   -0.072116  0.29769   0.252779 -0.999879  0.111531
  0.299035  0.16304  -0.856012 -0.150591 -0.201696 -0.362415 -0.532689
 -0.136824  0.149462 -0.047649 -0.30813   0.316339  0.219365]
[ 0.33316  -0.331769  0.323341 -0.749308 -0.147875  0.327789 -0.282834
  0.332979 -0.929714 -0.947878 -0.12478  -0.116154  0.2236    0.320865
 -0.456239  0.294244 -0.213672  0.305216 -0.212119 -0.194893]
[-0.258562  0.283521  0.040188 -0.096476 -0.065905  0.330645  0.322782
 -0.062696  0.332234  0.109642 -0.384362  0.209343  0.305377  0.251722
 -0.855894  0.303532  0.328223  0.225943  0.240929 -0.915489]
[ 0.280904  0.272991  0.325349  0.223308 -0.220017 -0.074511  0.303278
  0.211337  0.326833  0.320458 -0.378756  0.330573 -0.312535 -0.817681
  0.313434 -0.053591  0.092944  0.075652  0.300203  0.33235 ]
[-0.024494  0.117273  0.182329 -0.068902 -0.013656 -0.188732  0.333195
 -0.997689  0.157458  0.122061  0.333241  0.333218  0.001536  0.275666
 -0.716218 -0.162325  0.28088   0.247328  0.105251 -0.053172]
[ 0.311664  0.187155  0.088579 -0.490389 -0.167523  0.2981    0.060749
  0.312379  0.274718  0.29093  -0.472694  0.106253  0.328114 -0.556038
  0.297513 -0.913768  0.321855 -0.002484 -0.330766  0.095753]
[ 0.160092  0.14718   0.207839  0.003942  0.205893  0.059076 -0.883641
 -0.652707  0.331058 -0.12731   0.296325 -0.938962 -0.924305  0.080549
 -0.991996  0.202721  0.324318 -0.574308 -0.411056  0.329917]
[ 0.325626  0.313927  0.242533  0.268913  0.237667  0.319886  0.317148
  0.304498  0.332097 -0.244153  0.291324  0.333328  0.305952  0.168298
 -0.250749 -0.315852  0.320992  0.333322 -0.108025  0.325553]
[ 0.319839  0.307327  0.30852  -0.895154 -0.890266 -0.01294   0.294123
  0.236499  0.20283   0.002024  0.275598  0.331674  0.186341  0.042042
  0.250047 -0.191317  0.148621  0.222764  0.315705  0.263771]
[ 0.169865  0.276007  0.292062 -0.849712  0.275455  0.273576 -0.965137
  0.30902  -0.859531  0.013815  0.203686  0.182557  0.083054  0.327835
  0.315108  0.31029   0.299038 -0.400005  0.256526 -0.995921]
[-0.537056  0.321531  0.293586 -0.16683   0.328662  0.078324  0.288607
 -0.738013  0.290088  0.198926  0.215705 -0.600156  0.174287 -0.824541
 -0.140639 -0.702931 -0.009525  0.222237  0.162527  0.275483]
[ 0.325379 -0.197871 -0.661766 -0.115324  0.323949  0.273523  0.224943
 -0.075295  0.084257 -0.749415  0.041021  0.311587  0.012684  0.281521
  0.304803  0.329235  0.318887  0.332939 -0.156591  0.328801]
[ 0.064849  0.31975   0.25143  -0.849374 -0.44823  -0.983756  0.260108
 -0.235556 -0.592565 -0.701027 -0.085387  0.141175  0.148977  0.309084
  0.257281  0.33332   0.305602  0.333292  0.160902  0.23119 ]
[ 0.198765  0.141995  0.214087  0.20007  -0.883139  0.287968 -0.55597
 -0.953834  0.109068  0.258766 -0.311967  0.278162  0.104871 -0.248619
  0.330768  0.17054  -0.263831 -0.45343   0.280653 -0.673483]
[ 0.333042 -0.560185  0.266552 -0.957758  0.17287   0.218554  0.151304
 -0.777172  0.174065  0.216472  0.110857  0.321656 -0.247854  0.176735
  0.312934 -0.958401  0.194015  0.245388  0.134571 -0.631353]
[-0.047229  0.209153  0.246206  0.324061  0.330575 -0.036674 -0.598538
 -0.568121  0.310602 -0.777726  0.303996  0.266641 -0.010849  0.121838
  0.329636  0.300676 -0.997595 -0.43592  -0.195202  0.266316]
[ 0.304271 -0.721121  0.315321 -0.680748  0.263051  0.281993  0.319259
  0.307108  0.33054  -0.051072  0.309469  0.331587 -0.258023  0.332897
  0.133489 -0.620837 -0.765139  0.326981 -0.926276  0.189099]
[ 0.277494  0.323458  0.041941  0.299343  0.039623  0.327428 -0.591222
 -0.567016  0.259584  0.291789  0.238981  0.333091 -0.21115  -0.233169
  0.216794  0.242147  0.28926   0.028868  0.127522  0.057175]
[ 0.317576  0.333297  0.127471 -0.344622 -0.912034 -0.676009  0.314313
  0.260242  0.272623  0.333158 -0.981957  0.271734 -0.98384   0.169647
  0.263897  0.280226  0.047167  0.035797  0.229579 -0.477689]
[-0.682123  0.331837 -0.88998   0.315789  0.092515  0.318367 -0.307083
 -0.178742 -0.221056  0.12595   0.107003 -0.05659   0.331824 -0.186135
  0.227931 -0.102782  0.080376 -0.387878  0.332522  0.15425 ]
[ 0.305256  0.295709  0.227679  0.319321 -0.386353 -0.160242 -0.012336
 -0.958675 -0.854685  0.333333  0.228991  0.318418 -0.589655 -0.232958
 -0.133644  0.287283  0.28117  -0.004271 -0.249065  0.027963]
[ 0.091395  0.31397  -0.601694  0.136748  0.098599  0.275167  0.096564
  0.316419  0.188385  0.283967  0.331396  0.086214 -0.476737  0.141128
  0.253031 -0.352531 -0.827143  0.276603  0.093253 -0.881221]
[ 0.249879  0.332915 -0.91678   0.330683 -0.069868  0.057098 -0.985552
  0.333322 -0.679893  0.332374  0.223083  0.285338  0.280497 -0.540937
  0.291019  0.161413 -0.810281 -0.998127  0.317344  0.24525 ]
[ 0.155574  0.154548  0.229211  0.29052  -0.020499 -0.069735  0.321319
 -0.983291 -0.568475 -0.462215  0.323683  0.324506  0.331382  0.323981
  0.21009   0.19433   0.321155  0.14098  -0.144938  0.113608]
[-0.060574  0.035807 -0.011446  0.223131 -0.700283  0.033262 -0.270817
  0.246656 -0.074995  0.32896   0.331852 -0.005638 -0.971408  0.188977
 -0.636008  0.164282  0.297425  0.314034  0.309742  0.331519]
[ 0.321265 -0.022183  0.324662 -0.052954  0.323081  0.245471  0.267255
  0.274063  0.239204 -0.922139  0.233276  0.321056  0.104436  0.327851
  0.165187  0.242252  0.321527  0.312867 -0.044498  0.195991]
[ 0.332558  0.301201 -0.593229  0.322999 -0.336602  0.285222  0.329321
 -0.990742  0.127722 -0.792624  0.177123 -0.499408 -0.682833 -0.86407
 -0.968455 -0.988731  0.259823  0.212959  0.190013  0.239736]
[ 0.300288  0.093341 -0.07833   0.331667  0.331381  0.221598  0.14867
  0.286077 -0.877376  0.282544 -0.994366  0.32981   0.245815 -0.999669
  0.332733  0.321353 -1.       -0.026582 -0.286396  0.306065]
[ 0.230309 -0.012029 -0.146344  0.324331  0.230512  0.316646  0.23912
 -0.677568  0.175992  0.202192  0.329786  0.187434 -0.118924 -0.258727
 -0.443842  0.32612   0.269884 -0.703529  0.095099 -0.831716]
[-0.760674  0.117348 -0.202811  0.332911 -0.942575  0.152735  0.332689
  0.333203 -0.685651 -0.99975   0.25035  -0.533475  0.083063 -0.393332
  0.330906  0.332636 -0.97441   0.179574  0.28468  -0.010804]
[ 0.254556 -0.086808 -0.998953 -0.272418  0.332746 -0.88728   0.207124
  0.187089  0.324721  0.301114  0.307435  0.124179  0.271193 -0.23697
 -0.962125  0.304617  0.306728 -0.619626  0.24551   0.001646]
[ 0.332405  0.067261  0.276268  0.2909    0.214245  0.269839 -0.053282
  0.243494 -0.069841  0.191126 -0.280751  0.325456  0.32288  -0.897848
  0.314892  0.304679 -0.106559  0.228562  0.314634  0.282168]
[ 0.214832 -0.151593  0.286285 -0.400017 -0.89631   0.25891   0.328507
 -0.146073  0.168958  0.329771  0.276593  0.208214 -0.946872  0.270217
  0.29199   0.315442 -0.006285  0.221092  0.024155 -0.389484]
[ 0.158802  0.277017  0.333212  0.321374  0.206719  0.220876  0.181981
  0.023608  0.241711  0.178074  0.330406  0.080253  0.333269 -0.625554
  0.328502  0.255104  0.179537 -0.999954 -0.011882  0.285753]
[ 0.328882 -0.322545 -0.562828 -0.526335  0.302228 -0.985878  0.300921
  0.092772  0.204012 -0.639523 -0.628201  0.332335  0.293778 -0.098273
  0.332332  0.330606 -0.951513 -0.984058  0.315837 -0.999848]
[  3.242259e-01  -4.766648e-04  -3.194245e-01   1.805392e-01  -5.372702e-01
  -9.711317e-02   2.866235e-01  -9.995115e-01   2.700818e-01   3.284052e-01
   3.333241e-01  -1.017667e-01   3.140440e-01  -2.842598e-01  -1.627724e-01
  -5.771790e-01   2.723997e-01  -1.719337e-01  -6.330915e-01  -8.917881e-01]
[ 0.308148 -0.211243  0.330722 -0.851707  0.244504  0.291833 -0.302725
 -0.62893   0.327699  0.326498  0.293093 -0.133088 -0.206476  0.073382
  0.293103  0.318942  0.313607  0.255344 -0.693703  0.195317]
[-0.198184  0.111739  0.025501  0.333267  0.320098  0.32824  -0.936277
  0.328625  0.199723 -0.998269  0.218168  0.248183  0.294713 -0.444575
  0.326588 -0.807464  0.060967  0.278407  0.308804  0.243203]
[ 0.114531  0.329658  0.333196  0.31214  -0.114281  0.312929  0.332003
 -0.790972 -0.039574  0.304345 -0.707737  0.210633  0.163182  0.272335
 -0.915524  0.325332  0.224396  0.326676  0.238562  0.295589]
[ 0.099912  0.31156  -0.351932  0.143697 -0.915751 -0.647972 -0.649485
 -0.363472 -0.727684  0.333332  0.317993 -0.604171  0.288641  0.332582
 -0.454549 -0.404344 -0.390396 -0.804453  0.024274 -0.995969]
[ 0.211435  0.333266  0.055838  0.312045 -0.925948 -0.016381  0.272693
  0.31047   0.204932  0.266855 -0.471265 -0.352933  0.328323  0.247228
  0.293241  0.332307  0.032516 -0.86035   0.249039  0.195248]
[-0.87143   0.28076  -0.208559  0.264601 -0.336738 -0.566434  0.04609
  0.291552  0.31174  -0.002784  0.199054 -0.249215 -0.848711 -0.434761
  0.110811 -0.934841  0.197172 -0.950361  0.284735  0.211027]
[ 0.241923  0.234418 -0.604079 -0.603185 -0.080256  0.076483  0.243383
  0.329854  0.332053  0.297971  0.294375  0.147554  0.313649 -0.875458
 -0.959174 -0.075232  0.237863  0.030452  0.315069  0.305069]
[ 0.228739 -0.536717  0.170749 -0.978555  0.111577  0.27718  -0.581713
  0.199663 -0.29855   0.166662  0.187278  0.270014  0.307452  0.332944
  0.298923 -0.505782  0.143321  0.037738  0.254792  0.275789]
[ 0.331192  0.327146  0.252394  0.252958  0.264118 -0.291635 -0.065977
 -0.08191  -0.948563 -0.536307  0.03732   0.274804  0.332814  0.042981
 -0.001546  0.125983  0.330163 -0.023199  0.325644  0.320343]
[ 0.08007   0.009301 -0.390272 -0.337317 -0.676955  0.324781  0.191343
  0.320936  0.272016  0.06158  -0.14133   0.286986 -0.055702 -0.059857
 -0.019458  0.28942  -0.214832 -0.022835  0.129235 -0.32802 ]
[ 0.249373 -0.985103  0.183347 -0.823655  0.299769  0.328849 -0.057608
 -0.264289  0.333283  0.310144  0.330253 -0.999923  0.316316  0.285749
  0.074406 -0.667805 -0.163588  0.195133  0.195598  0.231401]
[-0.732133  0.307441 -0.995927  0.215145 -0.494792  0.264162  0.224987
  0.065535  0.193533  0.291626  0.308518  0.158689  0.306445 -0.959498
  0.294713 -0.213572  0.154632  0.124921  0.259445 -0.613284]
[-0.032561  0.304015  0.3327    0.329067  0.295281  0.262798  0.047027
 -0.418113 -0.353161  0.332874  0.325466  0.310246 -0.508083  0.311154
 -0.468131  0.073643  0.333319 -0.824212 -0.185346 -0.071486]
[-0.067440264273569361, -0.041515793252518085, 0.065932606913038538, -0.00062722240692743292, -0.014659321343374842, -0.053721570197107937, -0.049122168795745158, 0.0075158232846333772, -0.0056561061286966308, 0.031116676086137829, 0.02337833469762074, 0.055624920591087701, 0.052348168832392329, 0.057873948674252662, 0.0072688057258092353, 0.034170670682677151, 0.022911040739040989, -0.0026273847916722937, -0.0037083671272146769, 0.040841930895253509, 0.045485501288244135, 0.10025189670279888, 0.090257331217386855, -0.038554784221008102, 0.020143907032503988, 0.00055692446420846364, 0.026469139030599387, -0.0050532575852359485, 0.029710886888480934, 0.00473710268685959, 0.0082298493406137707, 0.035646722198320449, 0.01623686346774611, 0.041572531924125855, 0.047604531353735095, -0.028020044223108553, -0.080174655508269466, -0.038456093710162897, 0.013915476209801048, -0.019037030408265185, 0.018987453492633422, 0.042924983342107211, 0.077034963005094159, -0.041975071012384318, 0.065429639690759211, 0.070342939996253184, -0.02544607842250951, -0.038337735314686344, -0.023625504764964778, 0.0053743211110814926, 0.076965138944243422, 0.045622739150642966, 0.0034608208028885645, -0.037521577504466108, 0.056365122203759999, -0.0028194787681606881, 0.064464225651984952, 0.028532421404036834, -0.027137035984448277, -0.020153845322055775, 0.065615270524273059, -0.069337768816835288, 0.015211881323785426, 0.048411483850320944, 0.057972998815112392, 0.032018056604330103, 0.0026579324919842467, 0.084947512441484241, 0.029452474529799239, -0.0023745097114327707, -0.06383986130796282, -0.016004336344197623, 0.051735625118906746, -0.042070284883669457, -0.0059749052581707651, -0.0077569231037335762, -0.0091622798608969602, 0.055013191062007694, 0.018949972194729825, 0.011117786987894757, -0.026540003278642144, -0.096899785197062438, -0.016372687405160402, 0.045698229674593832, 0.052744813506284155, -0.017833127237422919, 0.0018688601561439033, -0.021472513364857837, -0.014315298085352784, 0.013413892389785909, -0.021653803408542657, 0.025264212250799556, -0.012631626840989063, 0.0023101278966527194, 0.041960732535738038, 0.050294179747349288, -0.019285873635333906, -0.013246428602896543, 0.014897257856867463, 0.015663918240948468]
('time: ', 10051.238013982773)
