“Running plot script on a single CPU core”
[-0.45381  -0.311527  0.023659 -0.470439  0.000941  0.063655  0.322924
 -0.175656 -0.484011 -0.175864 -0.895689  0.271274  0.097091  0.254893
  0.175923  0.325811  0.332025  0.32982  -0.508259  0.304031]
[ 0.185075 -0.257175 -0.016847  0.270739  0.109453  0.158602 -0.504439
 -0.567586  0.107944 -0.999989  0.269165  0.168523  0.311363 -0.251539
 -0.244919 -0.663382  0.319661 -0.011905  0.298507  0.149569]
[ 0.109942  0.287656  0.329296  0.054134  0.10688  -0.472943  0.259492
 -0.254914  0.205899  0.251626  0.256991  0.33213  -0.356493  0.327919
 -0.057808  0.067311  0.33299   0.320662 -0.361181  0.30918 ]
[-0.497177 -0.382106 -0.559085  0.333079  0.300193 -0.334041  0.233288
  0.324057  0.315567  0.319917  0.328467  0.307224  0.310731 -0.489592
  0.241031  0.293101 -0.981627  0.327356  0.331813  0.021941]
[-0.06475   0.122305  0.104665  0.10629   0.012687  0.313605  0.26785
  0.320598 -0.248255  0.249932  0.159203  0.126575 -0.83882   0.101583
 -0.055173  0.326486  0.079861  0.001507  0.3046    0.103615]
[ 0.324511  0.323656  0.163251  0.245685  0.159244 -0.072152 -0.561058
 -0.028003  0.322718 -0.967109 -0.202819  0.329989  0.331822  0.289943
  0.33237   0.281847 -0.993852 -0.881304 -0.586559 -0.083379]
[-0.065778  0.312144 -0.896301 -0.659907 -0.896661  0.202194 -0.999856
  0.316586 -0.74434  -0.112694  0.294448 -0.389483 -0.110025 -0.107145
 -0.634335  0.322646  0.196303  0.155179  0.283609  0.323204]
[ 0.061505  0.016407 -0.123006  0.266454 -0.287857 -0.070812  0.164522
 -0.645797 -0.174456  0.140325 -0.477872  0.309509 -0.097709  0.074069
  0.330649 -0.003562  0.328698 -0.719417  0.305521 -0.773299]
[ 0.026223 -0.948239  0.032013  0.332824  0.295559  0.008259 -0.264316
  0.182985  0.242061  0.030684 -0.97634   0.327186 -0.180964  0.324816
  0.282771 -0.36162  -0.15558   0.29019  -0.961905 -0.22398 ]
[ 0.327997  0.145044 -0.273352 -0.799446 -0.618514 -0.370437 -0.122259
  0.2792   -0.083061  0.146723 -0.376709  0.127305  0.307921  0.251756
 -0.994234  0.31856   0.283107  0.141917 -0.059261  0.179034]
[ 0.326426  0.107144  0.153468  0.025752  0.332691  0.131856  0.212296
  0.331664 -0.002604 -0.5038   -0.728621 -0.28524  -0.530143 -0.32815
  0.116013  0.312056  0.187838 -0.941508  0.329457  0.240631]
[ 0.330093  0.208543 -0.553819  0.250057  0.168785  0.308852 -0.041041
  0.253114  0.28365   0.192588 -0.316205 -0.999128 -0.153832 -0.220994
  0.327221 -0.114679  0.320497 -0.064953  0.064487  0.090458]
[ 0.302445  0.208877  0.322591 -0.998764 -0.153127  0.107535  0.197569
  0.322715  0.310771  0.030521  0.306274 -0.126749  0.181319 -0.548534
  0.081968  0.331048  0.246738  0.332848  0.033652 -0.041247]
[ 0.069005 -0.958354 -0.152275 -0.967076 -0.981898 -0.087024  0.022789
  0.330548  0.159797 -0.107782  0.227089  0.241964  0.079087 -0.903088
 -0.972107  0.261468  0.304211 -0.123378  0.02248  -0.186776]
[ 0.332497  0.288126  0.309829  0.071349  0.325919 -0.374705  0.303135
  0.181119  0.233333 -0.348054  0.302271  0.322215  0.309002 -0.666373
 -0.31392   0.314352 -0.100889 -0.640291  0.330676 -0.013377]
[ 0.164226  0.327421  0.172893  0.309702 -0.817511  0.135141  0.330958
  0.246805  0.331477  0.242817 -0.356279  0.259136  0.199003 -0.961008
 -0.161132  0.280596  0.285969  0.3177    0.247669 -0.984903]
[-0.536067  0.229306  0.33182   0.170792 -0.212746  0.244211  0.325915
  0.312729  0.294136  0.241363 -0.618006  0.12546   0.265371  0.240262
 -0.089779 -0.031551  0.296164  0.081441  0.190172  0.291585]
[ 0.324793  0.285183  0.280042  0.291433  0.321909  0.313537  0.17483
 -0.776251 -0.484913 -0.96836   0.194371 -0.057865 -0.628282 -0.167145
  0.105051  0.060272  0.26819   0.040316  0.327115  0.236131]
[-0.78066  -0.060829  0.299545  0.127015 -0.581862  0.304191 -0.198413
  0.301171 -0.147564 -0.765699 -0.513419  0.295351 -0.876198  0.32347
 -0.001577 -0.086529  0.322226 -0.890461 -0.716806  0.327083]
[ 0.298322  0.306976  0.257311  0.038492 -0.300744 -0.55004   0.331539
 -0.887336  0.329021  0.263538  0.121527  0.332447  0.318513  0.278323
  0.322035  0.332981  0.323063  0.248124  0.312075  0.090964]
[-0.174982  0.332347  0.325526 -0.073934  0.252781  0.129303 -0.139732
 -0.493171  0.327182  0.30505  -0.921406 -0.043629  0.160228 -0.727564
  0.27849  -0.154263  0.049704  0.128126 -0.597738 -0.04339 ]
[ 0.119989  0.280574 -0.070588  0.32681   0.331168 -0.985693  0.322435
 -0.923887  0.313225  0.326539  0.196058  0.176356  0.3122    0.329122
  0.331661 -0.906255  0.235608  0.308366  0.087696  0.2468  ]
[ 0.267989  0.252226 -0.813771  0.178639  0.161002 -0.380435 -0.645421
  0.333046 -0.249611  0.282886 -0.633035 -0.010111 -0.933522  0.327488
  0.292897 -0.643163  0.032139  0.331469 -0.57848  -0.619448]
[ 0.159136 -0.92072   0.115758 -0.004275 -0.662279 -0.040953 -0.021565
 -0.049433  0.285179  0.105943  0.314431  0.331147  0.303397  0.102516
 -0.215432  0.255259 -0.030017  0.215831  0.288154  0.329966]
[ 0.322964  0.331569 -0.521289  0.199775  0.23357   0.190406  0.08943
  0.28914   0.280453  0.317318  0.30398  -0.422208  0.136774  0.213484
  0.043246  0.29724   0.207038  0.315018  0.006284 -0.042383]
[ 0.327722  0.327537  0.158362  0.216156  0.271464 -0.005856  0.260621
 -0.323571 -0.422977  0.254403  0.322     0.021495 -0.163989  0.108808
  0.313483 -0.567874  0.117291 -0.074265  0.316967  0.32109 ]
[-0.861326 -0.774569  0.239114  0.321562 -0.584523  0.220203  0.301476
  0.319891  0.223813  0.285962  0.289157  0.053559 -0.16265  -0.460441
  0.317979  0.333323  0.332407  0.28625  -0.730629  0.332139]
[-0.082313  0.113655  0.250701  0.332501  0.142719  0.236132 -0.014947
  0.29999   0.316607  0.327883 -0.066765 -0.430469  0.219223  0.317645
  0.280149  0.298274  0.33105   0.02584   0.069564  0.310614]
[ 0.299733 -0.827831 -0.983773  0.317375  0.12292   0.333036  0.311127
  0.044837  0.291477 -0.218381  0.033709 -0.998008 -0.86931   0.332136
 -0.144567  0.066305 -0.050909  0.192455 -0.453061  0.203587]
[ 0.316996  0.33309  -0.130159  0.32738   0.296703 -0.271584 -0.53445
  0.328782  0.084305  0.330151  0.082032  0.321573  0.259387 -0.682312
 -0.250835  0.201431  0.308196  0.049319  0.267508 -0.979416]
[-0.090778  0.241566  0.223224  0.24646  -0.122044  0.309415 -0.557023
 -0.394078  0.085105 -0.489481  0.282215 -0.041653  0.299716  0.266452
  0.210925 -0.772492  0.313677  0.30172   0.147545  0.328908]
[-0.684103  0.098372  0.316927  0.07558  -0.83289   0.328479  0.288168
 -0.122639  0.182682  0.249609  0.328129 -0.062991  0.15191   0.235252
 -0.975911  0.312548  0.207909 -0.700465  0.255989  0.301553]
[ 0.246076  0.04158   0.330126  0.056394  0.190663 -0.411956  0.216244
  0.33035   0.175552  0.326861 -0.872357  0.330842 -0.319341 -0.533537
 -0.34325   0.225558  0.328689  0.332744  0.291101 -0.245313]
[ 0.277701  0.300892 -0.711886 -0.66462   0.254689  0.188961 -0.075791
  0.150728  0.309403 -0.132325  0.175547  0.310343  0.291102  0.124587
  0.283783  0.226215  0.303519  0.297009  0.331831 -0.079215]
[-0.545536  0.098314  0.176326  0.305482  0.176599 -0.173935 -0.908906
  0.332584  0.192399 -0.138204  0.133525 -0.827824 -0.939836  0.217725
  0.225156 -0.011695 -0.986002  0.300455 -0.127975 -0.038403]
[-0.070795 -0.172113  0.331742  0.215609  0.238636 -0.382764 -0.158894
 -0.18132  -0.016633 -0.921534  0.140244  0.19043   0.038393 -0.147211
  0.331845  0.099177 -0.988434 -0.996175  0.167779 -0.742563]
[ 0.313894 -0.588007  0.323788 -0.54843  -0.320502  0.32779  -0.999635
  0.325722  0.332784  0.256177  0.301219  0.328576 -0.989068  0.258014
 -0.061684 -0.827313 -0.44862   0.296937  0.332847  0.281427]
[-0.110219  0.102954  0.333267 -0.183015  0.304919 -0.969945  0.299922
  0.183626  0.290642  0.333283  0.097628 -0.504205  0.315744 -0.362926
  0.328544  0.331801  0.144165 -0.441734  0.142159  0.135447]
[ 0.330633  0.149526  0.106088 -0.965881  0.206836  0.325346  0.256396
  0.281933 -0.240061 -0.93956  -0.45136   0.323725 -0.790316 -0.005352
  0.332034 -0.103147  0.063157  0.293749 -0.74265   0.076369]
[ 0.236167  0.209438 -0.722324 -0.910823  0.316504  0.311272  0.31771
  0.271635  0.227344  0.1875    0.306511  0.333254  0.1896   -0.711959
  0.27197   0.323819  0.001545  0.26573  -0.936383 -0.319289]
[ 0.317833  0.259026  0.110427 -0.801197 -0.265818 -0.998771 -0.78751
  0.321176  0.022108  0.164781 -0.517769  0.330419  0.167023  0.332631
  0.300599  0.096144  0.300063 -0.370158  0.325872  0.3281  ]
[-0.110928  0.216038 -0.055789 -0.38895   0.327367  0.319539  0.279579
 -0.269159  0.073011  0.321117  0.126532 -0.276509 -0.429106  0.222917
  0.192032  0.22138   0.25001   0.296268  0.172132  0.316109]
[-0.85517   0.314662  0.230951  0.271556  0.323965  0.191454  0.106356
  0.055713  0.273628  0.315134  0.154782  0.328402  0.296906  0.329882
 -0.978056  0.312444  0.315783  0.035445  0.302238  0.156519]
[-0.172229 -0.178454  0.091723  0.178169  0.310268  0.193873  0.257998
  0.055942 -0.055652 -0.465493  0.263261  0.331797  0.332339  0.112579
  0.287826 -0.186853 -0.963583  0.294375 -0.639041  0.271238]
[ 0.011677  0.235855  0.099999  0.320963  0.281832  0.306303 -0.073006
  0.332094 -0.0261    0.327785 -0.292877  0.333329  0.054023  0.325755
 -0.239389  0.329827 -0.926503 -0.094805  0.26249   0.200649]
[-0.968704  0.205481  0.324475  0.292086  0.313332  0.258318 -0.493622
  0.032461 -0.017483  0.225844 -0.186044  0.289033  0.299782  0.332318
  0.27165   0.268566 -0.543841  0.327195 -0.999413 -0.02311 ]
[ 0.159447  0.330064  0.204336  0.106584  0.331673  0.284762  0.310124
 -0.889284 -0.597771  0.329074 -0.23363   0.037748  0.198454 -0.009204
  0.293176 -0.389871 -0.958207  0.333073  0.330668  0.246871]
[ 0.126012 -0.175606  0.314024  0.317351  0.089459 -0.356519  0.23938
  0.206107 -0.081477  0.216991  0.289076  0.257004  0.222271  0.331468
 -0.50708  -0.430588  0.310004  0.07932  -0.435099  0.200884]
[-0.935101  0.032093 -0.118088 -0.150603  0.298055  0.333227  0.325444
  0.080489 -0.495966  0.33313  -0.822174  0.065024  0.221129  0.278772
 -0.262208  0.221466  0.167592 -0.174734  0.314975  0.004551]
[ 0.332845  0.104498 -0.058954 -0.315554  0.245679  0.301531  0.29659
  0.312028  0.053688  0.285145  0.330287 -0.780056  0.125706  0.321091
 -0.322869 -0.426312  0.323069  0.329074 -0.754098  0.039464]
[ 0.205077 -0.866803 -0.067665 -0.875522 -0.999975  0.310996 -0.062295
 -0.064162  0.265784  0.325178  0.319003  0.290687 -0.139862  0.255345
  0.333206  0.333321 -0.132874  0.308142 -0.956513 -0.284263]
[ 0.200038  0.099097  0.087977  0.25034   0.29393  -0.295999  0.184438
  0.075069  0.110805  0.314746  0.275237  0.073318  0.299757  0.080578
 -0.235918 -0.066979  0.332645  0.310434  0.323397 -0.965374]
[ 0.320982 -0.222646 -0.131108 -0.164008  0.261894  0.273265  0.322624
 -0.709854 -0.263447 -0.254887  0.327173 -0.486949 -0.08303  -0.120648
  0.325654  0.318422  0.307167  0.324557  0.3075    0.321671]
[ -9.614294e-01   2.630944e-01  -7.904150e-01   3.188429e-01   6.585692e-02
  -5.680652e-03   2.509092e-01  -5.798891e-05  -9.575932e-01   2.751870e-01
   3.276958e-01   2.800337e-01   2.298048e-01   3.303931e-01  -7.698183e-01
   2.858027e-01   9.838376e-02  -9.567519e-01   2.955607e-01   3.333216e-01]
[ 0.03917  -0.988787  0.191845  0.021507  0.195422 -0.480626  0.307522
  0.333069  0.331404 -0.205931  0.197486  0.186376 -0.259981  0.227669
  0.246509 -0.166947  0.302576  0.22023  -0.648204  0.314832]
[ 0.264287  0.117188 -0.602976  0.134814 -0.350882  0.33319  -0.031859
  0.325104  0.156144  0.176476  0.10943   0.315586  0.106824  0.312574
  0.321947 -0.219576  0.213854  0.0466   -0.416912 -0.903583]
[-0.074314  0.325535 -0.990386  0.297903  0.282723  0.034634  0.321658
 -0.344484  0.287478 -0.273289  0.333101 -0.406933  0.306428 -0.766277
  0.249449  0.244613  0.326277  0.255922  0.212625  0.252255]
[ 0.32756  -0.25522   0.328294  0.271339  0.161242  0.25692  -0.933487
  0.04069   0.19889   0.238304  0.221465  0.019883 -0.037225 -0.199263
  0.29554  -0.006385 -0.119969 -0.608445 -0.2291   -0.377009]
[ 0.331721  0.289712  0.299732  0.31181   0.332382  0.324636  0.26864
 -0.976401 -0.023662 -0.52797   0.046233  0.13865   0.330024  0.297264
  0.328773  0.203082  0.237806  0.269942  0.290823 -0.190781]
[-0.558077  0.172366  0.299923  0.318258  0.329485  0.253314  0.32295
  0.331718  0.003322 -0.076215  0.169498  0.291415  0.30973  -0.688795
  0.264816  0.323039  0.30802  -0.116354 -0.167386 -0.612089]
[ 0.331481 -0.982793  0.168683  0.079741  0.283168  0.192435  0.256679
  0.29025   0.325449 -0.433751 -0.794329 -0.605543  0.333329 -0.339971
  0.306288  0.323175  0.29943   0.323567  0.27834   0.261383]
[-0.684788 -0.216997  0.241191  0.320903 -0.753138  0.006504 -0.125839
  0.33327  -0.546858  0.323892 -0.399481  0.333127 -0.832701 -0.35256
 -0.32401  -0.11055   0.18345   0.06248  -0.60794   0.240306]
[ 0.315472  0.275364 -0.429993  0.178181  0.161127  0.066848 -0.908004
  0.333093 -0.038222  0.331875  0.32596   0.315584 -0.999805  0.121588
  0.2874   -0.368903 -0.100186  0.27262   0.225211  0.134404]
[ 0.313809 -0.06746   0.324606  0.277953  0.141537 -0.396199 -0.978514
  0.332619  0.324414  0.328138  0.17662   0.323418  0.294883  0.330073
 -0.918196  0.325815  0.149157 -0.904879  0.208706  0.325884]
[ 0.114033  0.117645  0.296526 -0.340643  0.329781 -0.48817   0.108379
  0.314219  0.13084   0.333079 -0.153606  0.095111  0.330486 -0.070704
  0.215664 -0.334888  0.332775  0.271632  0.324098 -0.192728]
[ 0.329548 -0.682827  0.312988  0.281233  0.091345 -0.905169 -0.005073
  0.162631  0.318445  0.272295  0.306163 -0.99757  -0.983112  0.244472
 -0.540844  0.282699 -0.007441  0.093088 -0.533984  0.286311]
[-0.048617  0.205528  0.261301 -0.652794  0.264779 -0.498711  0.286697
  0.294445  0.181875  0.203042  0.170344 -0.503176  0.3282    0.317542
  0.212107 -0.014576 -0.093685 -0.999996  0.324283  0.329455]
[-0.588096 -0.933961  0.1593    0.237803 -0.05383   0.123737 -0.966631
 -0.851835  0.310791  0.322529 -0.518189  0.330893 -0.864919 -0.379024
 -0.163437 -0.799056  0.319259 -0.026345 -0.380057 -0.848083]
[ 0.208496 -0.407166  0.323696 -0.334581  0.171231 -0.998791 -0.603589
  0.3331    0.094003  0.317213  0.32346   0.026116 -0.421229 -0.268012
  0.15649   0.33019   0.200294  0.299506  0.303986 -0.416592]
[ 0.330148  0.16676   0.33246  -0.29744   0.175755  0.08769  -0.952973
  0.315269  0.305268  0.333137 -0.071368  0.273598 -0.913411 -0.998758
  0.270922 -0.81655  -0.10823   0.011669  0.333101  0.209345]
[ 0.080742  0.030511  0.332388 -0.92079   0.320158  0.318959  0.083132
  0.23953   0.268941  0.070534 -0.108404  0.325797  0.315548  0.152491
  0.27756   0.267474  0.329577  0.326094  0.139985  0.222116]
[ 0.300922 -0.999606 -0.098884  0.32178  -0.811531  0.283806  0.251734
  0.044565  0.227898  0.319921  0.267787  0.331099  0.211942 -0.95839
 -0.704244  0.184953  0.094609 -0.235535 -0.212548 -0.746128]
[ 0.322223  0.244191  0.316684  0.309399  0.250427  0.302869 -0.086579
  0.2414    0.264955  0.176171  0.114956  0.245767 -0.336268  0.329316
  0.321158  0.265147  0.314555 -0.691021  0.219282  0.312322]
[-0.970549  0.326664  0.333009  0.281989  0.297774 -0.371039  0.332097
  0.293399  0.036036  0.332557  0.246613 -0.111591  0.313711  0.316794
 -0.987733  0.326279  0.274052  0.098985  0.115277 -0.031623]
[ 0.18483  -0.915464  0.266261  0.332929 -0.026404 -0.112499  0.317523
 -0.53308   0.328207  0.291693 -0.202956 -0.999947  0.201258  0.266374
 -0.607882 -0.968986  0.26881   0.137581  0.324084  0.279254]
[ 0.330036  0.276822  0.19782  -0.188191  0.320451 -0.644758 -0.988994
 -0.739091  0.322322 -0.170767  0.121196  0.297032  0.282331  0.24448
 -0.237216  0.103399  0.330609  0.17462   0.319797 -0.192989]
[ 0.333329  0.264196  0.143369  0.329834  0.244831 -0.068376  0.292027
 -0.158858 -0.998205  0.331485  0.184296 -0.924667  0.332979 -0.108853
 -0.978576 -0.780148  0.164735  0.2869    0.215105  0.321726]
[ 0.180231  0.000977  0.248015  0.330962  0.069019  0.33317   0.325578
  0.053204  0.330629  0.289745  0.235627 -0.940857  0.267297  0.022567
  0.17864   0.330561  0.17628   0.331236  0.27942  -0.906936]
[ 0.029292 -0.137999 -0.017188 -0.018457  0.311097  0.286645 -0.548433
  0.083519  0.333323  0.175837  0.33     -0.99712   0.218556  0.32132
 -0.014886  0.266323  0.104001  0.084149  0.333159  0.241612]
[ 0.296707  0.331481 -0.152759  0.333049 -0.297194  0.276739 -0.843571
  0.060802  0.29954   0.116125  0.222703  0.090218  0.071964  0.317901
 -0.017266  0.147188  0.320981 -0.433001  0.324568  0.076299]
[-0.234672  0.101399  0.068502 -0.010533  0.33167   0.093319  0.332492
  0.250158  0.30464   0.099735 -0.978263 -0.683338  0.201371 -0.188177
  0.312403 -0.014378  0.32415   0.303036 -0.735484  0.246478]
[ 0.323724  0.332876  0.319688  0.30782   0.260116  0.275367 -0.109732
  0.233966  0.160861  0.332547 -0.612124 -0.43999  -0.888586  0.172622
 -0.31749  -0.990372  0.26794   0.321544 -0.270667 -0.786348]
[ 0.147168  0.303741  0.045116 -0.034957  0.10493  -0.983344  0.205
  0.294836  0.243999  0.303574  0.331484  0.260212 -0.992691  0.332549
  0.33005   0.32651   0.307043  0.008336  0.047379  0.331215]
[-0.223243  0.019249 -0.13514   0.271466 -0.290723  0.249601 -0.819851
  0.332978  0.195951  0.161862  0.243893  0.332822 -0.029968  0.293713
 -0.003897  0.181207  0.16612   0.293635  0.230877  0.231356]
[ 0.084217  0.178411 -0.694799 -0.622086 -0.050832  0.299445 -0.208299
  0.299905 -0.999014  0.091421 -0.729755  0.25815  -0.363654  0.331603
  0.140343  0.260674  0.316659  0.306071  0.085138  0.329258]
[ 0.184702  0.318065  0.318587  0.279625  0.016986  0.282492 -0.404747
 -0.02669   0.332985 -0.602115  0.315343  0.304338  0.020495 -0.255428
  0.329372 -0.027789 -0.787399  0.329647 -0.9536    0.314781]
[ 0.154532  0.00832   0.315771  0.214867  0.332962  0.24752   0.332829
 -0.939642  0.211482  0.282946  0.328648  0.283275 -0.078481  0.27204
  0.267968  0.31781   0.324821  0.12215   0.326458 -0.827923]
[-0.919141 -0.072517  0.284733  0.100973 -0.150485  0.057764  0.300824
 -0.915701  0.326512  0.33211   0.332949  0.323736  0.125594  0.278198
  0.332126 -0.143813  0.328945  0.018366 -0.793462 -0.983847]
[-0.284963  0.31058   0.143697  0.3193   -0.600611 -0.230153  0.208948
  0.33291   0.217102  0.311435  0.312373  0.150536 -0.019663  0.080642
  0.255909  0.235545  0.220231  0.053026 -0.200108  0.166562]
[ 0.159218 -0.869208  0.331413  0.192055 -0.598432  0.247034 -0.175979
  0.328644  0.326523  0.322534  0.283661 -0.39446  -0.776493 -0.972521
  0.331958  0.06702  -0.68697   0.310903  0.196791  0.272566]
[ 0.289489  0.063448  0.227981 -0.47175  -0.234739  0.315546  0.275847
 -0.573946  0.285991 -0.836647  0.043997  0.321121  0.293894 -0.036053
  0.143233  0.316027  0.331683  0.278545 -0.999966  0.027978]
[-0.252028  0.330335  0.19262  -0.556967 -0.758047  0.258919  0.295984
  0.247541  0.330751  0.303543 -0.420013  0.148462 -0.291201  0.333277
 -0.984664  0.229846  0.327121 -0.866807  0.319198  0.323168]
[ 0.154035  0.224724  0.043731 -0.964432  0.332986 -0.989136  0.329989
  0.315655  0.068649  0.195286  0.301216 -0.246388  0.269771 -0.411232
 -0.614763 -0.359618  0.165714  0.175828  0.297364  0.333076]
[ 0.239779  0.291216  0.198922  0.306208 -0.50071   0.01575   0.151817
  0.30477   0.117377  0.304164 -0.166032  0.059183  0.1195    0.324844
  0.254968 -0.297302 -0.27629   0.330368 -0.198323 -0.539264]
[ 0.291748 -0.506254  0.333318 -0.861985  0.315452 -0.951428  0.048488
  0.333324  0.032735  0.242376  0.325271  0.268742  0.097505  0.146717
  0.046786  0.268874  0.305769  0.276405  0.308326 -0.738697]
[ 0.330322 -0.383948 -0.630214  0.19955  -0.433256  0.2733   -0.581874
  0.330975 -0.713773 -0.113042 -0.030232  0.132358  0.293779 -0.988276
 -0.995932 -0.277983 -0.981007 -0.003847  0.155525  0.230544]
[ 0.281816  0.315873  0.194561  0.245429  0.035873 -0.897303  0.256295
  0.259412  0.158492  0.33206   0.302343  0.059597  0.162789 -0.9997
 -0.714385  0.173271  0.332823 -0.148581 -0.087725  0.289401]
[ 0.034495  0.183514 -0.833346  0.290583  0.305495 -0.268224  0.134333
  0.023253 -0.193884  0.260576  0.128665  0.209611 -0.771994  0.249549
 -0.258501  0.244844  0.329393  0.332472  0.092262  0.095465]
[-0.0096   -0.678727  0.161273  0.187743  0.18031  -0.133027  0.317873
 -0.604937 -0.903732  0.324733  0.314746  0.33247   0.315036  0.308161
  0.131283 -0.52196   0.322652  0.255656 -0.118025  0.090974]
[-0.707184 -0.998158  0.332823 -0.436238  0.325207  0.332525  0.297404
 -0.760858  0.100227  0.322087 -0.066963  0.296383  0.200356 -0.708625
 -0.294901  0.312542 -0.442328  0.186115  0.314391  0.10987 ]
[-0.020587706485796775, 0.080186213365847706, -0.00087642988167500879, 0.010335760228297741, -0.0028663941791357977, -0.041810581005137293, 0.0100240079751127, -0.021062845424478567, 0.0021838800638629037, 0.0087256155174393335, -0.028549739872098523, 0.063571159128479271, 0.079681847168378978, -0.0061678361304737528, -0.0072542586368478101, 0.0060453015098773377, -0.034736231038507315, 0.035155014814196361, -0.014664703802305223, 0.066553497487250202, 0.0052703923891707638, 0.054726593647638141, -0.037878890303217838, 0.005643616811900426, 0.021546908014139499, 0.042894900073640885, -0.0088341970280174653, -0.012131107908485372, -0.031702799185437947, -0.018270396933476374, -0.012641871817592423, 0.012964109114184663, 0.020549757830183341, 0.026496476818226811, -0.0032861149931787681, 0.019638234163344342, -0.040918044928680786, 0.0093708270560085155, 0.018544073669742589, 0.0022682527180285239, 0.0067083649717399885, 0.0085634873286263985, -0.063239057942348964, -0.023666110729787943, -0.029124750795850064, -0.027478021337760228, 0.057355737036955609, -0.030706351929293302, -0.055494967399507988, 0.0043892203937104801, 0.04084389941583555, -0.028810599025066302, 0.024863086701538861, 0.035358694876331365, -0.040440908619853257, 0.048758231788468248, -0.0010420471172249007, 0.028080474486050055, 0.028804590934226715, 0.044415336976614039, 0.035835969757167796, -0.02872122166138702, -0.037259057917611083, 0.068128950286497403, 0.014239871670667009, 0.091875012351608026, 0.0023867855394554202, -0.013082164726966661, -0.004764295317810141, 0.049462548093805847, -0.032480501003071705, 0.011068208363903487, 0.05420585694197283, -0.051791724870696942, 0.076946854793081595, 0.034440347059179421, -0.0022460758307816242, 0.090000424585717873, 0.032585552604790673, -0.018176829026593511, -0.0012165532853957439, -0.010328097785260393, 0.047165599895443555, -0.018676248316803534, 0.0074633268710352502, 0.013107992271954916, 0.012110074261194065, -0.0066442855667371292, -0.033464595604134506, 0.075144736565120065, -0.0059577342240224596, -0.0052578480541085326, 0.03335688434553051, 0.029147473994844492, 0.058408769007168126, 0.036464997267879495, 0.052092836000675991, -0.012363634263446013, 0.039310531364980729, 0.038611128503569958]
('time: ', 9832.892307043076)
