“Running plot script on a single CPU core”
[-0.928643 -1.034532 -0.929771 -0.845247 -0.751816 -0.986538  0.004387
 -0.07059  -0.04894   0.049213 -0.037115  0.011874 -0.089249 -0.062843
 -0.038283 -0.096997  0.055805  0.066926  0.067655 -0.0156  ]
[-1.044739 -1.061733 -0.867077 -0.986671 -0.810563 -0.648862 -0.031589
  0.036643 -0.00959  -0.047862 -0.03798   0.025696 -0.167427 -0.043569
  0.019115 -0.168441 -0.129549 -0.080154  0.043012  0.015736]
[-0.757459 -0.755245 -0.568005 -0.775726 -0.561038 -0.647027  0.032378
 -0.072829 -0.001638  0.064233 -0.061505  0.008891 -0.041917 -0.083982
 -0.048399 -0.037606  0.068779  0.111934 -0.091665 -0.021942]
[-1.139638 -0.751816 -0.860172 -0.722505 -0.896864 -0.455151 -0.202882
  0.131631  0.032102 -0.032058 -0.02047   0.07     -0.167402 -0.079037
  0.142452 -0.208597 -0.05431  -0.18696  -0.024947 -0.002608]
[-1.048638 -0.842826 -0.68705  -0.845308 -0.722229 -0.547162  0.077087
  0.112294  0.016496 -0.015219  0.132862  0.04104  -0.049272  0.158894
  0.04489   0.023357  0.024161  0.028524 -0.020864  0.014145]
[-0.921484 -0.967564 -0.999356 -0.944077 -0.947787 -0.885911 -0.033646
 -0.025144  0.023405  0.041471 -0.034235  0.05203   0.132458  0.023478
  0.033915  0.15757  -0.011137 -0.040009 -0.041541  0.001758]
[ -1.099841e+00  -1.273145e+00  -1.087585e+00  -1.089837e+00  -8.727973e-01
  -1.070526e+00   6.186948e-02  -2.938829e-02  -1.152037e-01  -1.111347e-01
   1.888050e-02  -1.304449e-01   1.288727e-01   3.189321e-02   9.133735e-04
   5.428934e-02  -8.535994e-02   1.065974e-01   5.157952e-02  -2.738924e-02]
[-1.114293 -0.80192  -1.146764 -0.713457 -0.997752 -0.800706  0.011095
  0.199998 -0.034555 -0.025283 -0.05606  -0.089302  0.016711 -0.123074
  0.1225    0.0176    0.007139  0.030038 -0.008214 -0.004879]
[ -7.474402e-01  -7.730408e-01  -7.340950e-01  -8.904510e-01  -8.225163e-01
  -8.522433e-01  -4.518535e-02  -2.576176e-03  -7.845614e-02   3.563870e-02
  -2.389921e-02  -7.315378e-02   1.291716e-01  -2.933108e-02   8.622356e-03
   1.546818e-01   8.161700e-04  -4.491070e-02  -5.902087e-02  -1.564909e-03]
[-0.97963  -0.657994 -0.902686 -0.802663 -0.943473 -0.588968 -0.076297
  0.028869 -0.016874 -0.005577 -0.077868 -0.109967  0.130394 -0.080802
  0.099227  0.084334 -0.023822 -0.043658 -0.089771 -0.073262]
[-1.038464 -0.93478  -1.006737 -1.069904 -0.908133 -1.059448 -0.07218
 -0.088919  0.060644 -0.119659  0.021771  0.036108  0.043364  0.056184
 -0.078372  0.063988 -0.045606 -0.031731  0.099478  0.00645 ]
[-1.017425 -0.79506  -0.931382 -1.007966 -1.078085 -0.995176 -0.043769
  0.050502 -0.010791  0.122052  0.096871 -0.05867  -0.033126  0.121958
  0.028556 -0.083811  0.079705  0.01155   0.019329 -0.005407]
[-1.056595 -1.079066 -1.161197 -1.235532 -1.325068 -1.252911 -0.01063
  0.092013  0.029575  0.140102 -0.04009   0.041514  0.054553 -0.079458
  0.14776  -0.012322  0.210717 -0.004539 -0.045694  0.016064]
[-1.039767 -0.990239 -0.986047 -1.119476 -1.021134 -0.78746  -0.042486
 -0.017885  0.008239  0.068204 -0.040354  0.012672 -0.053301 -0.112595
 -0.022121 -0.133029  0.129086  0.008062  0.08094   0.048828]
[-0.817481 -0.896929 -0.860564 -0.752109 -0.647088 -0.787795 -0.037695
 -0.118529  0.114868  0.153393 -0.080579  0.062385  0.019597  0.010524
 -0.06545   0.051831  0.15306  -0.052805 -0.004544 -0.008778]
[-0.822279 -0.736175 -0.923183 -0.601972 -0.736817 -0.60771  -0.021761
  0.007536 -0.021132  0.016452 -0.017184 -0.03977   0.025572 -0.005772
 -0.028715 -0.014986  0.019554 -0.029761  0.004627 -0.009674]
[ -1.120630e+00  -1.058144e+00  -9.203705e-01  -1.042950e+00  -9.473763e-01
  -8.864792e-01  -4.906448e-02   1.063318e-01  -3.064383e-04   1.439032e-01
  -1.772243e-02  -1.113768e-01   1.543280e-01   3.307424e-02   3.116734e-02
   9.969892e-02   4.628642e-02  -4.606395e-02   2.811215e-02  -4.707099e-02]
[-1.311201 -1.016392 -1.337814 -1.200466 -1.468469 -1.074419  0.002198
  0.014585  0.026622  0.026461  0.067099 -0.081513 -0.06988   0.0023
  0.08507  -0.094919  0.006884 -0.100219  0.048986  0.009175]
[-0.976489 -0.728445 -0.857696 -0.585305 -0.69941  -0.363434 -0.250815
 -0.070911 -0.089257  0.084291  0.077532 -0.163343  0.248606  0.118495
 -0.155825  0.208724  0.084952 -0.189935 -0.051681  0.076654]
[-0.774854 -0.779538 -0.769298 -0.61068  -0.622818 -0.912379 -0.03752
  0.00672   0.166646 -0.053725 -0.048977  0.127799  0.045123 -0.172504
  0.034066  0.054407 -0.04818  -0.009733  0.069162  0.012045]
[-1.046613 -0.845537 -1.156006 -0.719668 -1.079064 -0.891143 -0.12506
 -0.057957 -0.088451 -0.0203    0.058117 -0.19875   0.09043  -0.031549
 -0.151306  0.121744  0.020535 -0.096012  0.047529 -0.023369]
[-0.720901 -0.527147 -0.684828 -0.429507 -0.641375 -0.405852 -0.043212
  0.045953  0.016887 -0.023463 -0.105267  0.044843  0.016251 -0.078339
  0.015811  0.052609 -0.055712 -0.014003 -0.016462 -0.017186]
[-0.976365 -1.032988 -1.243985 -0.941218 -0.982144 -0.889651  0.060698
 -0.10821  -0.058221  0.143129  0.199435  0.024725  0.099301  0.189013
 -0.128729  0.078449  0.11371  -0.021642 -0.010244  0.052471]
[ -1.077284e+00  -8.245373e-01  -8.659668e-01  -8.619809e-01  -9.787776e-01
  -4.071595e-01  -9.188089e-02  -4.776051e-02   2.026629e-03  -4.547217e-02
  -1.843799e-03  -9.121201e-02   2.081895e-01   1.112858e-04  -9.029769e-02
   1.892919e-01  -2.503492e-02  -9.937062e-02   2.596643e-02   5.757375e-02]
[-1.163822 -1.224382 -1.160967 -1.055386 -0.978337 -1.047051 -0.216095
 -0.010697  0.021629 -0.100944  0.108244  0.114177 -0.063221  0.060849
  0.086115 -0.082114 -0.136673 -0.218803 -0.009281 -0.045334]
[-1.076602 -1.054444 -0.821069 -1.003299 -0.823718 -0.792004 -0.057952
 -0.11857   0.024617 -0.080612  0.074434 -0.005372  0.036543  0.096068
 -0.082678  0.027593 -0.083464 -0.070588 -0.034536 -0.03232 ]
[ -8.897141e-01  -1.054371e+00  -1.030910e+00  -1.020788e+00  -8.231227e-01
  -1.002801e+00  -9.871409e-02   9.551105e-03   2.414473e-02  -6.231733e-04
  -1.587009e-02   1.131111e-02   4.076699e-02  -2.366356e-02  -1.583321e-02
   8.384544e-02   1.184043e-03  -3.665877e-02  -1.742839e-02  -1.606834e-02]
[-1.009384 -0.949987 -0.719984 -0.825483 -0.592657 -0.625859 -0.001317
  0.077101 -0.118888  0.028454 -0.04047  -0.084648  0.083227 -0.091354
  0.036464  0.078627  0.078519 -0.031415 -0.003257 -0.014822]
[-0.951041 -0.85164  -0.616133 -0.712577 -0.464587 -0.460258  0.072874
  0.04314   0.046476  0.066791 -0.308761 -0.004316  0.056186 -0.305612
  0.100568 -0.003634  0.080338 -0.012034 -0.003903 -0.015206]
[-0.900576 -0.861819 -0.789869 -1.020491 -0.882851 -1.007426  0.060381
 -0.079882  0.092437  0.08034   0.041835  0.056877  0.047496  0.007394
 -0.121542  0.063393  0.008708  0.095693 -0.016937  0.017987]
[-1.071285 -1.055649 -0.877901 -0.830865 -0.667794 -0.606581  0.019004
 -0.070511  0.093781 -0.037434 -0.065472  0.080483  0.171799 -0.066641
 -0.066211  0.054184 -0.052095  0.093992  0.004509 -0.021548]
[ -1.257544e+00  -1.143865e+00  -9.663348e-01  -8.768341e-01  -9.079306e-01
  -8.501816e-01   3.996420e-02   3.129282e-02  -3.991849e-02  -3.494862e-02
  -4.932425e-02  -1.217675e-01   3.641018e-01   1.260080e-01   8.153102e-02
   3.028926e-01   2.328465e-02   2.053008e-01   6.167143e-03  -1.193848e-03]
[-0.875552 -0.818053 -0.808559 -0.812768 -0.800883 -0.817001  0.064205
  0.023268  0.002678 -0.0164   -0.008579 -0.018604  0.111468 -0.040904
 -0.004318  0.062446 -0.002233  0.003983 -0.060605  0.041495]
[-0.897512 -0.916816 -0.787704 -0.646052 -0.598346 -0.617746  0.107123
 -0.050178 -0.027206 -0.020275 -0.001011 -0.011116  0.110277 -0.043383
 -0.002085  0.110333 -0.062627  0.113821 -0.020288  0.018775]
[ -1.183265e+00  -9.308334e-01  -1.019383e+00  -9.225934e-01  -1.123245e+00
  -9.125143e-01  -1.040015e-01  -1.214799e-01   1.073741e-01   7.001993e-03
  -6.782840e-02   1.206880e-01  -1.449364e-01  -4.343168e-02  -1.563364e-01
  -1.014241e-01   4.991733e-02  -5.830272e-02  -7.550956e-04   1.540492e-02]
[-0.889255 -0.891702 -0.8976   -1.020952 -0.951238 -1.051942 -0.0648
  0.052936 -0.082187 -0.004034 -0.109687 -0.035856 -0.072824 -0.128393
  0.061116 -0.039431  0.061409 -0.07673   0.006426  0.031925]
[-0.847374 -0.862972 -0.722494 -0.810206 -0.676303 -0.728139  0.078141
  0.051154 -0.034118  0.071956  0.106969  0.000888  0.003724  0.104221
  0.06989  -0.052649 -0.031961  0.029378 -0.00728   0.039834]
[-0.899808 -0.990431 -0.800145 -0.946263 -0.731843 -0.97502  -0.06167
 -0.076917 -0.002043 -0.050069 -0.086582  0.01147   0.090858 -0.046792
 -0.046982  0.081369 -0.130078 -0.079746 -0.048653  0.026324]
[-0.843033 -0.843902 -0.81771  -0.809463 -0.763048 -0.764649 -0.062187
  0.01455  -0.003383 -0.016446  0.03705  -0.024168 -0.068438  0.01233
  0.005907 -0.036609 -0.088905 -0.081292  0.000952 -0.034451]
[-0.938181 -0.982072 -0.790735 -0.932744 -0.69271  -0.905388 -0.077235
  0.057649  0.034506  0.129818 -0.034054  0.016966 -0.036784  0.002668
  0.049794  0.005955  0.166783 -0.04498  -0.069006  0.014224]
[ -9.477835e-01  -1.042905e+00  -7.636207e-01  -1.068265e+00  -8.766199e-01
  -1.078096e+00   3.197549e-02   2.291952e-02   6.862892e-03   8.241595e-02
  -4.219452e-02  -5.485214e-02  -8.825631e-02  -4.630679e-02  -2.710778e-02
   5.684514e-04   6.102384e-02   1.687457e-02  -2.538641e-02   2.001957e-02]
[-0.849075 -0.709595 -0.820457 -0.873802 -1.036711 -0.991069 -0.006797
  0.050713 -0.114928 -0.067401 -0.005109 -0.169922 -0.047073 -0.014675
  0.067532 -0.046963 -0.098185 -0.026313  0.021525 -0.00495 ]
[-0.960414 -1.065874 -0.741437 -0.95977  -0.665756 -0.836676  0.009536
  0.109369  0.034639  0.017522  0.110848  0.049773 -0.047027  0.05261
  0.025196 -0.001096 -0.015894  0.06974  -0.038616  0.003697]
[-0.906526 -0.970523 -0.795856 -0.84746  -0.873785 -0.883472  0.075455
 -0.084332 -0.015423  0.025731  0.100425 -0.033469  0.011542  0.088093
 -0.106888 -0.003311  0.096762  0.096664 -0.056152 -0.021747]
[-1.023479 -0.977124 -0.883391 -0.832836 -0.969914 -0.766862  0.030512
  0.075824  0.04856  -0.054555 -0.004725  0.05157   0.053181 -0.015779
  0.04533   0.051474 -0.087816  0.032306  0.028915 -0.026188]
[-0.895718 -1.011787 -1.166494 -0.898591 -0.983872 -1.139951  0.097136
 -0.095728 -0.071241  0.034461  0.038478 -0.025263 -0.012489  0.044565
 -0.061336 -0.047743  0.05595   0.056824 -0.036795 -0.011521]
[-1.033886 -0.857348 -1.122065 -0.928546 -1.066247 -0.955014  0.117217
  0.077796 -0.051685 -0.057563 -0.054549 -0.122963  0.143555 -0.005999
  0.067418  0.126734 -0.050986  0.107375  0.057471  0.007457]
[-0.780702 -0.895531 -0.793129 -1.036383 -0.925913 -1.056271 -0.041387
  0.103764 -0.074601  0.018632  0.052982  0.058353 -0.122206  0.111393
  0.129964 -0.166456  0.092416 -0.053272  0.057317  0.038642]
[-1.208517 -0.891169 -0.94133  -0.929351 -1.001679 -0.748122 -0.036763
  0.019118  0.045302 -0.025054  0.095414 -0.047493  0.013087  0.106251
  0.049094 -0.057356 -0.057115  0.00727   0.023592 -0.023911]
[-0.834464 -0.773602 -0.789061 -0.613491 -0.684954 -0.514776 -0.02867
  0.021555  0.098814 -0.096527  0.12503   0.110767 -0.043745  0.129588
 -0.00981  -0.139266 -0.099282 -0.077838 -0.020498  0.003076]
[-0.926562 -0.845751 -0.843233 -1.042492 -1.004505 -0.993923 -0.115366
  0.021936  0.131972 -0.020146  0.071608  0.217187 -0.100459  0.072119
  0.027081 -0.090212 -0.037288 -0.177198  0.010108  0.012721]
[ -8.228196e-01  -6.227431e-01  -5.066731e-01  -9.613009e-01  -1.065143e+00
  -1.049373e+00   5.278527e-02  -3.844494e-02  -5.549088e-02   3.039352e-02
   3.623308e-02   6.602381e-03  -4.300913e-02   6.495160e-02  -1.181510e-01
  -5.560947e-02  -2.223894e-03   7.340165e-02   4.782861e-04  -1.823344e-02]
[-0.817552 -0.50168  -0.832982 -0.795089 -1.414845 -0.913893 -0.056413
  0.407381  0.093669  0.013143 -0.031668  0.132175 -0.075376 -0.015161
  0.2579   -0.153472 -0.007569 -0.180399  0.041407  0.007526]
[-0.601495 -0.651742 -0.761502 -0.620514 -0.626675 -0.67143   0.038913
 -0.065969  0.036156  0.139307 -0.125849  0.121888 -0.1987   -0.182411
 -0.090897 -0.16071   0.101171  0.071647  0.055528  0.010738]
[-0.738258 -1.000218 -0.547917 -1.006491 -0.572579 -0.794611 -0.021331
 -0.095878  0.005639  0.147675  0.092621 -0.010014 -0.055493  0.0596
 -0.111925 -0.09762   0.070084  0.004437  0.031986  0.014271]
[-1.05603  -1.042374 -0.753512 -1.055318 -0.844969 -0.928177  0.0014
 -0.095433  0.02659   0.082523 -0.05778   0.015008 -0.065865  0.014716
  0.029496 -0.010965  0.166125 -0.002714  0.059697  0.008294]
[ -8.868755e-01  -8.791712e-01  -7.657977e-01  -9.818113e-01  -9.350455e-01
  -8.594097e-01  -8.797957e-02  -6.302685e-02   7.827507e-03   1.556982e-01
   5.766459e-02   7.527909e-04   5.761007e-03   8.223107e-05  -2.220819e-02
  -3.500655e-02   6.934904e-02  -5.006805e-02  -3.009446e-03  -2.792134e-02]
[-1.058276 -0.699297 -0.888357 -0.853758 -1.133342 -0.579847  0.109689
  0.036081  0.003519 -0.131824 -0.042156  0.164309  0.200484 -0.019286
  0.003793  0.288129 -0.126983  0.101087  0.00272  -0.048631]
[-1.022606 -1.049809 -0.900051 -0.945494 -0.881264 -0.840294 -0.087622
  0.030512  0.035889  0.053788  0.069293  0.065725 -0.003408  0.091617
 -0.012671  0.021342  0.036391 -0.106129  0.055545 -0.037829]
[-0.934606 -0.812438 -0.884763 -0.761518 -0.857141 -0.665038  0.083644
  0.006286 -0.021132 -0.068944 -0.039664 -0.05092   0.011156  0.003937
 -0.052162 -0.00349  -0.123631  0.067325 -0.025962  0.002783]
[-0.846542 -0.807415 -0.757768 -0.935564 -0.901073 -0.93948   0.082113
  0.013017 -0.056099  0.04417  -0.092048 -0.035731  0.030921 -0.003087
 -0.02484  -0.022231  0.065317  0.102272 -0.029453 -0.012666]
[ -1.014047e+00  -1.034980e+00  -1.036073e+00  -1.016814e+00  -1.102701e+00
  -1.065315e+00  -6.691750e-04  -6.289954e-02   2.140528e-02   4.570610e-02
   5.358594e-02   3.244845e-03  -7.343373e-02   5.227512e-02  -6.219734e-02
  -1.148889e-01   8.497117e-02  -3.718405e-03  -5.597083e-03  -1.646605e-03]
[-0.513896 -0.738707 -0.528224 -0.799411 -0.730599 -1.020644  0.09629
  0.102252 -0.228403  0.050957  0.036261 -0.190831 -0.041653 -0.020363
  0.122868  0.003694  0.17598   0.174696 -0.013289 -0.011864]
[-0.999437 -0.845498 -1.061949 -0.901834 -1.028595 -0.868055 -0.068655
 -0.152845  0.189844 -0.002165 -0.005249  0.049641  0.012309  0.039581
 -0.064684  0.06856   0.092481  0.094835 -0.061083 -0.00165 ]
[ -1.041815e+00  -1.148169e+00  -8.868516e-01  -1.044701e+00  -8.534351e-01
  -8.129084e-01  -9.205589e-02   2.265319e-03   2.189283e-02  -4.587232e-02
   6.130883e-02   1.677141e-02   6.407903e-02   3.958895e-02  -6.316501e-02
   1.401482e-01  -1.104696e-01  -5.916682e-02   5.083362e-02   8.693820e-04]
[-0.938279 -0.681062 -0.588694 -0.858352 -0.596507 -0.573746 -0.148161
  0.025393 -0.091834  0.009687 -0.244993 -0.11814  -0.119702 -0.16747
 -0.057888 -0.18498  -0.029141 -0.17344   0.050641  0.030952]
[-0.975047 -0.875646 -0.921839 -0.742126 -0.893532 -0.753901  0.025339
 -0.035184  0.002297  0.022557  0.072065  0.044325 -0.02228   0.067159
 -0.052301 -0.0081    0.044826 -0.037453 -0.009583 -0.011609]
[-0.772508 -0.857112 -1.02611  -0.811517 -0.800332 -0.955668  0.097628
 -0.049055  0.017914  0.02712   0.156664  0.001794 -0.081571  0.157636
 -0.025804 -0.03967   0.043152  0.113421 -0.018395  0.021643]
[-0.838717 -0.674413 -0.613448 -0.709124 -0.745579 -0.514408 -0.146399
 -0.024608  0.033653 -0.161102 -0.058991 -0.04164  -0.136714 -0.045809
 -0.040544 -0.203957 -0.135652 -0.144103 -0.010927 -0.034828]
[ -9.224043e-01  -9.120741e-01  -1.011070e+00  -1.116223e+00  -1.095922e+00
  -1.062077e+00   8.627496e-02  -6.009219e-02   3.754288e-02  -2.926257e-02
  -6.885947e-02   5.648661e-02   1.002053e-01  -6.382735e-02  -6.764004e-02
   1.096412e-02  -9.473252e-04  -3.786097e-02   1.251352e-02  -2.291009e-03]
[-0.760596 -0.716283 -0.617698 -0.744286 -0.689284 -0.569618 -0.063377
  0.061055  0.085681  0.079017 -0.027381  0.069109  0.074006 -0.061507
  0.052251 -0.051367  0.001073 -0.144084  0.016468  0.006939]
[-1.113938 -0.933474 -1.359061 -0.873397 -1.225058 -0.966571 -0.057594
  0.082247  0.095627 -0.039924 -0.00458   0.061386 -0.091449 -0.033173
  0.050362 -0.10925  -0.038903 -0.008214  0.013786  0.029409]
[ -6.110011e-01  -6.414399e-01  -6.313009e-01  -7.324905e-01  -8.384753e-01
  -8.831995e-01  -1.755450e-02  -4.131121e-02   6.335796e-02  -5.494007e-02
   1.338262e-02   7.347628e-02  -4.861334e-02   1.500955e-04  -6.837996e-02
   4.330151e-03  -4.165103e-02  -7.582812e-02   3.131421e-02  -3.483310e-02]
[-0.667175 -0.827829 -0.671868 -0.591323 -0.55296  -0.644463  0.056814
  0.072986 -0.010957 -0.070214  0.00366  -0.07942  -0.064374 -0.021608
  0.085658 -0.047621 -0.09091   0.058441  0.011327  0.014976]
[-0.985629 -0.975231 -1.007409 -1.067579 -1.157024 -1.145291  0.014548
  0.062959  0.023707  0.073209  0.009579  0.071953  0.082609  0.023107
  0.007224  0.023764  0.060928  0.016451  0.069174 -0.001885]
[-0.969197 -0.837337 -0.942814 -1.029964 -1.017205 -0.834155  0.013806
 -0.168838 -0.009427  0.004416  0.120855 -0.103652 -0.208413  0.077519
 -0.120921 -0.197771 -0.027702  0.008265 -0.03889   0.020137]
[-0.909314 -0.748211 -0.911234 -0.693325 -0.820859 -0.68775   0.049794
 -0.089682  0.0823    0.037395 -0.00101  -0.016866  0.063176  0.034751
 -0.059432  0.035772 -0.015238 -0.013201 -0.020592  0.001858]
[-0.838559 -0.904217 -0.55524  -0.914399 -0.614231 -0.54293  -0.133036
 -0.024646 -0.075479  0.004263  0.022617 -0.106713  0.092924  0.054223
  0.015177  0.130903  0.03103  -0.066004  0.005879  0.013009]
[-0.782021 -0.822912 -0.937155 -0.651822 -0.717851 -0.851688  0.035265
 -0.011215 -0.023025 -0.038437 -0.063699 -0.070783 -0.028589 -0.162334
  0.01691  -0.027048  0.004234 -0.050912  0.060354  0.032426]
[-0.909571 -1.087095 -0.957001 -0.787928 -0.631755 -0.791099 -0.050116
  0.033016  0.130526  0.134667  0.073958  0.122747  0.015537  0.09966
 -0.049194  0.008777  0.126938 -0.055884  0.019592  0.023428]
[-0.478522 -0.873248 -0.745975 -0.523    -0.363639 -0.889925  0.147095
 -0.055959  0.164497 -0.173605  0.116949  0.191613  0.041143  0.026346
 -0.022872  0.032463 -0.144856  0.093811 -0.019264  0.016918]
[ -9.525527e-01  -7.931316e-01  -7.385110e-01  -6.673144e-01  -6.163717e-01
  -5.418600e-01  -2.297614e-02  -8.085035e-02   1.101513e-02  -1.344621e-01
   1.994285e-02   1.179345e-01   7.374635e-02   8.820027e-03   5.819404e-02
   3.317364e-02  -1.750524e-01   2.519357e-02  -2.183003e-02  -6.443713e-04]
[-0.868451 -0.90374  -0.699281 -0.945555 -0.773698 -0.712869  0.112856
  0.019573 -0.008665 -0.104106 -0.051158 -0.032417 -0.089232 -0.015259
 -0.008294 -0.052528 -0.136691  0.111989 -0.056893  0.002846]
[ -1.189475e+00  -1.041898e+00  -1.086205e+00  -8.547644e-01  -8.543855e-01
  -9.159647e-01   4.678516e-02   1.261886e-01  -9.880172e-02  -2.275085e-02
  -4.494993e-02   2.278149e-02  -7.392842e-03  -2.089643e-02   2.775376e-01
  -1.677232e-02  -6.366373e-02   5.086364e-02   3.705590e-02   5.918149e-04]
[-0.653037 -0.931117 -0.885791 -0.670524 -0.727316 -1.072597 -0.056725
  0.046694  0.032277  0.051079 -0.047126  0.034244  0.114843 -0.070985
 -0.05425   0.220249  0.154884 -0.161738  0.048949 -0.029072]
[-1.014885 -1.022237 -1.048812 -0.938279 -0.916036 -0.993915 -0.080979
 -0.041059  0.026524 -0.087785 -0.038863  0.064926  0.014566 -0.057346
 -0.029322  0.006019 -0.081217 -0.081044  0.05095  -0.002937]
[ -8.660761e-01  -7.200071e-01  -7.094084e-01  -5.191886e-01  -5.422405e-01
  -4.689108e-01  -4.520535e-02   4.637317e-02  -1.115220e-02   6.027507e-02
  -3.459450e-02  -9.104883e-03   1.822205e-01  -7.379539e-02   3.306394e-02
   1.788765e-01   7.539418e-02  -8.712028e-02  -2.353819e-04   6.736626e-03]
[-0.932063 -1.118481 -1.061069 -1.033784 -0.953177 -1.173307 -0.046547
  0.095773 -0.046223  0.07687   0.026978  0.025218 -0.229304  0.058956
  0.140407 -0.162178  0.034544 -0.022204 -0.077586  0.03427 ]
[ -1.037663e+00  -1.018262e+00  -1.104429e+00  -8.710933e-01  -1.111599e+00
  -9.421381e-01  -7.589733e-02   8.529627e-02   5.816216e-02  -1.998337e-02
  -3.326595e-02   4.504083e-02  -1.931572e-02  -2.365999e-02   7.889097e-02
   2.784516e-04   3.628975e-02  -7.371593e-02  -5.659425e-02   1.340809e-02]
[-0.792667 -0.68387  -0.667079 -0.985371 -0.86256  -0.72691  -0.006425
 -0.097605  0.012967  0.048161  0.067684  0.020591  0.003642  0.146043
 -0.095845  0.020082  0.064176  0.021306 -0.023773  0.014917]
[-1.16949  -1.045337 -1.047572 -0.944733 -0.988693 -0.778629 -0.024104
 -0.009676  0.061126  0.025079  0.078261  0.06091  -0.050935  0.040287
 -0.008394 -0.007854  0.067033 -0.041377 -0.018414 -0.026585]
[-1.095966 -1.092661 -1.094076 -0.834764 -0.875666 -0.898279  0.092228
 -0.099505  0.009577 -0.04903  -0.149261  0.027671  0.079261 -0.14338
 -0.124906  0.218341  0.075429  0.171589  0.0251    0.058661]
[-0.837537 -0.890743 -0.598896 -0.900495 -0.593538 -0.622539 -0.09522
 -0.108273  0.061153 -0.122422 -0.165547  0.004163 -0.085795 -0.215852
 -0.05717  -0.037541 -0.057387 -0.056484 -0.02622   0.036208]
[-0.884936 -0.742467 -0.919366 -0.451629 -0.723398 -0.51377   0.156794
 -0.01437  -0.016447  0.025183  0.045407  0.007876 -0.115706  0.05358
 -0.04806  -0.148707  0.031873  0.124842 -0.017045 -0.037855]
[-1.379462 -1.17356  -1.191012 -1.018864 -1.053864 -0.892793 -0.06921
 -0.070877 -0.035101  0.032311  0.081747 -0.1076    0.141547  0.08384
 -0.064493  0.064864  0.015476 -0.101907  0.017315 -0.01877 ]
[-0.553431 -0.667818 -0.612721 -0.68365  -0.599581 -0.765616  0.005659
 -0.021284 -0.063967  0.041638 -0.043115 -0.061833  0.015279 -0.069114
  0.032936  0.017632  0.062384  0.04123  -0.008676 -0.012095]
[-1.061035 -0.866845 -0.854743 -0.905778 -0.987    -0.862136  0.108108
 -0.00981   0.005458 -0.010571  0.046903  0.026858  0.12282   0.046491
  0.069008  0.128521  0.001316  0.107113 -0.034485  0.004697]
[-0.837263 -0.811057 -0.812266 -0.76569  -0.778906 -0.79549   0.008716
 -0.049068  0.044973 -0.065343 -0.007769 -0.028111  0.038407 -0.007243
 -0.054719  0.04854  -0.071321  0.031328  0.028321 -0.000988]
[-0.766744 -0.494172 -0.787757 -0.424453 -0.686263 -0.482793  0.264222
  0.059807  0.085372 -0.022701 -0.096588  0.110041 -0.119325 -0.033812
  0.017544 -0.118617 -0.008831  0.240975 -0.032199 -0.03991 ]
[-1.121228 -0.811954 -0.865932 -0.924418 -0.8975   -0.52482   0.060052
  0.068079 -0.084779 -0.101231 -0.138176 -0.115787  0.001253 -0.038467
  0.087263 -0.061819 -0.061855  0.034674  0.021232 -0.011174]
('Mean', 1, ': ', -1.1212283793207705)
('Median', 1, ': ', -1.1212283793207705)
('Variance', 1, ': ', 0.0)
('Mean', 2, ': ', -0.81195417710056894)
('Median', 2, ': ', -0.81195417710056894)
('Variance', 2, ': ', 0.0)
('Mean', 3, ': ', -0.86593241318627312)
('Median', 3, ': ', -0.86593241318627312)
('Variance', 3, ': ', 0.0)
('Mean', 4, ': ', -0.92441752912003894)
('Median', 4, ': ', -0.92441752912003894)
('Variance', 4, ': ', 0.0)
('Mean', 5, ': ', -0.89750010050368934)
('Median', 5, ': ', -0.89750010050368934)
('Variance', 5, ': ', 0.0)
('Mean', 6, ': ', -0.5248200226893025)
('Median', 6, ': ', -0.5248200226893025)
('Variance', 6, ': ', 0.0)
('time: ', 11044.807533979416)
