“Running plot script on a single CPU core”
[ 0.254794  0.333282  0.33203   0.302182  0.331851  0.327631  0.321162
 -0.946369  0.311277  0.138932  0.080692  0.193417 -0.443784  0.027125
  0.306522  0.036214 -0.386964 -0.934777 -0.761561  0.139478]
[ 0.325699 -0.852832 -0.168348 -0.853916  0.329253  0.024377  0.148423
  0.330599 -0.169318  0.226388 -0.240951  0.331655 -0.7794    0.295722
 -0.796011  0.328804  0.332865  0.331104  0.063343  0.287064]
[ 0.164963 -0.790794  0.00622   0.169114 -0.063025  0.075612 -0.939978
  0.291935 -0.680268 -0.605616 -0.979611  0.267939  0.328948 -0.360461
  0.069725  0.242763  0.231718  0.30709   0.272542  0.180314]
[ 0.056035 -0.235511 -0.7401   -0.513121  0.240248 -0.004635 -0.077476
  0.312091  0.299528  0.277127  0.273801  0.331201 -0.358894  0.331102
 -0.095899 -0.765344  0.283476 -0.90117   0.285657  0.238437]
[-0.002359  0.072681  0.143062  0.141233  0.33151  -0.199528  0.10999
  0.250598  0.30242   0.328946  0.143796  0.104053  0.225354 -0.566444
  0.317123  0.175727 -0.901193 -0.415693 -0.996178  0.27021 ]
[ 0.332791  0.302095 -0.44794   0.287472  0.326575  0.293441 -0.326574
 -0.358058  0.314283 -0.098399  0.193792 -0.743665  0.332039  0.253167
 -0.537917  0.333332  0.012475  0.140035  0.067199  0.125461]
[-0.996125  0.32973  -0.472794  0.254432  0.326679  0.3292   -0.998648
  0.249638  0.2847    0.327888  0.225924 -0.429966  0.310923  0.325109
  0.330473 -0.838223 -0.328075  0.162127 -0.025834 -0.976451]
[-0.04612   0.119531  0.090035  0.168333  0.220632 -0.807703  0.318555
 -0.289824  0.266131  0.327862 -0.28837  -0.985929 -0.289209  0.316749
  0.156712  0.327916  0.148687  0.221549 -0.85743   0.227576]
[ 0.305648  0.324232  0.330685 -0.055632  0.331837  0.30432   0.018171
  0.243477  0.28973  -0.070762  0.191595  0.330588 -0.993738 -0.984815
 -0.25571   0.275196  0.046893  0.111005 -0.255447 -0.59665 ]
[ 0.286343  0.249413  0.273461 -0.609297 -0.728295 -0.95257   0.230665
 -0.199944  0.318709 -0.268478  0.324133  0.302476  0.324436  0.30986
  0.255231  0.294781  0.262055  0.124657  0.329131  0.330089]
[ 0.160052  0.071871  0.295479  0.212351  0.066175  0.067917  0.333144
 -0.194437  0.323828  0.331536  0.036948  0.300396  0.314153  0.330402
 -0.269686  0.293385 -0.742281 -0.237208 -0.343454 -0.758717]
[ 0.198387  0.252337  0.323004  0.2661    0.331197  0.309809 -0.112463
  0.26814   0.26254   0.252941  0.333272  0.288278 -0.745619 -0.381461
 -0.21709   0.271455 -0.329824 -0.148892  0.325051 -0.689806]
[ 0.323115 -0.962367 -0.059047 -0.138437  0.08748  -0.009777 -0.309268
  0.320472 -0.352506 -0.414754  0.307399  0.278945  0.219973  0.322856
 -0.708773  0.295104  0.257836  0.324763  0.234577  0.332002]
[-0.201668 -0.323286  0.306838  0.315244  0.322497 -0.275547  0.133393
 -0.035376  0.317169  0.200551 -0.98946   0.217393  0.11596  -0.451836
  0.052558 -0.319005  0.121606  0.119766  0.22224   0.307662]
[ 0.088941 -0.993545  0.237828  0.234277 -0.117999 -0.325644  0.116836
  0.170812  0.116073  0.206785  0.325418 -0.473018 -0.435517 -0.469659
  0.292285  0.329738 -0.21663  -0.950747  0.018191  0.248747]
[ 0.304041  0.098916  0.302252  0.279081  0.231811  0.222088  0.289058
  0.094209 -0.242366  0.258403  0.313423 -0.421187  0.309806  0.020214
 -0.661921  0.291256  0.127763  0.261456  0.211897  0.255241]
[ 0.297754  0.328491  0.178208  0.059782 -0.803976  0.252231  0.131153
 -0.107607 -0.474245  0.271011  0.237639  0.332843  0.00607   0.160871
  0.329396  0.327941  0.020125  0.038723 -0.80064  -0.162219]
[ 0.209552  0.178938  0.332522  0.142146 -0.075348 -0.108983  0.183696
  0.300491 -0.274705 -0.89695  -0.681055  0.150676  0.330994 -0.048586
  0.167919 -0.16918  -0.334355  0.090073  0.331776  0.308461]
[ 0.253557  0.275335 -0.991794  0.333274 -0.997235 -0.112114  0.240825
 -0.407805  0.333328 -0.013061  0.226823  0.287642  0.195812 -0.430017
 -0.270534  0.333303  0.333195 -0.732873 -0.415588 -0.198975]
[ 0.267627 -0.952066  0.033531  0.10242   0.333059  0.330222 -0.948459
 -0.319621  0.149079  0.182856  0.234058  0.329666  0.317373  0.313165
 -0.090789 -0.285741 -0.675731  0.103721  0.331214  0.329961]
[-0.69078  -0.711033  0.313154 -0.740245  0.317796  0.085823  0.315891
  0.165586 -0.151576  0.327231  0.333321 -0.317617  0.2009    0.2902
  0.235911  0.065002  0.320019  0.300458  0.15849   0.086757]
[ 0.30772  -0.377095  0.25949   0.323452  0.127961  0.277999 -0.998916
 -0.030529  0.314444 -0.562775 -0.767133  0.332976 -0.080244  0.236409
 -0.351706 -0.029373  0.266711 -0.058437  0.300178 -0.211259]
[ 0.328741 -0.735836 -0.760943  0.329481  0.102724 -0.208124  0.177806
  0.236365  0.180453 -0.138342 -0.315744 -0.99289   0.329327 -0.218302
 -0.926414  0.282325  0.006179 -0.665303 -0.178997  0.169307]
[ 0.012396  0.054872 -0.010615 -0.827043  0.253255 -0.370488  0.289152
  0.187411  0.271328  0.275786  0.094912  0.322841  0.318497  0.330624
  0.269809  0.288367 -0.168315  0.325356  0.326072  0.33327 ]
[ 0.24691  -0.149844 -0.250446  0.333333 -0.180954  0.328838 -0.681034
  0.325168  0.198243  0.332573  0.317159 -0.159567 -0.206625  0.157232
  0.304057 -0.159679  0.209942  0.028958 -0.768452 -0.914069]
[-0.5045    0.332876  0.137088  0.206868  0.323671  0.299007  0.166666
 -0.431106  0.329049 -0.442351  0.29181   0.330868  0.209645  0.30226
 -0.127031  0.243487  0.320832  0.101479  0.24744   0.239215]
[ 0.198678 -0.47868  -0.124675  0.069286  0.314564  0.016498 -0.625651
 -0.200876  0.273991  0.316566 -0.305271 -0.150471 -0.218578  0.318302
  0.330901 -0.366816 -0.79029   0.045689  0.315593 -0.74047 ]
[-0.890111  0.329283  0.161485 -0.438523  0.273544 -0.044719 -0.013102
 -0.997341  0.22397  -0.028776  0.32879  -0.140694  0.105619 -0.037116
 -0.082119 -0.709516  0.055109  0.20962  -0.02177   0.333102]
[ 0.111313 -0.765422  0.289602  0.176719  0.279188  0.279844  0.208316
  0.326745  0.293384  0.309269  0.165427  0.329283  0.248361  0.325902
 -0.541179  0.333279  0.156557  0.250819  0.297434  0.277272]
[-0.117804 -0.058434  0.261698 -0.964542  0.285106  0.010467  0.332548
 -0.978423 -0.037081  0.249688 -0.882229  0.125021  0.329824 -0.943288
 -0.363329 -0.297488  0.050705 -0.188343  0.324319  0.311478]
[ 0.041811  0.266484 -0.077656 -0.592507  0.318367  0.3089   -0.86498
  0.21864  -0.720233 -0.505234  0.332172  0.317122 -0.381476  0.324267
  0.315821  0.295421  0.328578  0.267002  0.331418  0.015974]
[ 0.254463  0.288968 -0.474347 -0.506105 -0.941654 -0.439246  0.292639
  0.14458   0.089888  0.332455  0.194856  0.306659 -0.212375  0.305787
  0.332045 -0.424521  0.33329  -0.459061  0.200185  0.330827]
[-0.267549  0.324829  0.301518  0.270957  0.034433 -0.178898 -0.128978
  0.135987  0.263549  0.121182  0.213724  0.326912  0.120434 -0.195963
  0.333232  0.236971  0.307747  0.298623  0.326202  0.30465 ]
[ 0.238726 -0.93721   0.289613  0.223887 -0.379525 -0.776662 -0.085692
  0.307146  0.213747  0.328363 -0.805544  0.314904  0.313821  0.245291
  0.329126 -0.302224 -0.056457  0.309482 -0.069426 -0.063059]
[ 0.151107  0.30617  -0.817528  0.145824  0.043247  0.250364  0.326586
  0.318293 -0.474019 -0.060301 -0.658315  0.025572 -0.871457  0.050031
  0.162777 -0.071918  0.182505  0.169712  0.157288 -0.445352]
[ 0.302653 -0.192226  0.190608  0.075069  0.323847 -0.008583  0.140805
  0.23873   0.231954 -0.684784 -0.472535  0.170654 -0.068386  0.31844
  0.290884 -0.9814    0.329536  0.274866 -0.198449  0.216178]
[ 0.258395 -0.53438   0.291883  0.332792  0.296784 -0.994015  0.029229
  0.332112  0.072532  0.321329 -0.81452   0.29552  -0.908195  0.051871
 -0.00549  -0.669226  0.308637 -0.336966 -0.883149 -0.213259]
[-0.743693  0.244567 -0.016123  0.326366 -0.859853  0.275142  0.314311
  0.186156  0.333232  0.319163 -0.819376 -0.156787  0.304298  0.189132
  0.312888  0.280549  0.301484  0.331318 -0.541342  0.186389]
[-0.051186 -0.368684 -0.981414  0.311318 -0.061459 -0.999027 -0.925972
  0.218358 -0.008512  0.314217 -0.054109  0.046047 -0.999279 -0.648823
  0.255417  0.2877    0.293467  0.332586  0.226231 -0.88098 ]
[ 0.232216  0.085812  0.28199   0.302095  0.328556  0.330968  0.303985
  0.206014  0.327227  0.309755 -0.131355  0.31062   0.102692 -0.484931
 -0.402139 -0.848929  0.100668  0.24094   0.236941  0.328666]
[-0.052317  0.015278  0.330599  0.291036  0.333225  0.140545 -0.421732
  0.142644  0.332417  0.331723  0.113498  0.15996   0.324749  0.330732
  0.333082  0.294428 -0.421177  0.324956  0.333329 -0.752718]
[-0.250129  0.024741  0.256559  0.326586 -0.230871  0.332053  0.330983
  0.117358  0.303437  0.281029  0.053688  0.046767 -0.319088  0.315711
 -0.227622 -0.726749 -0.697073 -0.652968  0.258446 -0.156414]
[ 0.302717  0.087251 -0.150259 -0.063438  0.274586  0.328843 -0.319598
  0.156044  0.333223 -0.632834  0.056389  0.264269  0.243753 -0.181812
  0.303304  0.132534  0.303004  0.326041 -0.815709  0.161555]
[ 0.284506  0.271255  0.114068  0.13632  -0.413444  0.171327 -0.286383
  0.265445  0.319172 -0.778479  0.305157  0.3332    0.333013 -0.968455
  0.010624  0.272066 -0.148908  0.288554  0.273491  0.270531]
[ 0.319073  0.314036  0.170807 -0.761199  0.136995  0.060165  0.290563
  0.332244  0.323283  0.331481  0.298731  0.304556  0.284116  0.155041
  0.244201  0.330439 -0.871635  0.333308  0.272341 -0.09349 ]
[ 0.081481  0.277604  0.328594 -0.626009 -0.156834  0.329162 -0.445723
  0.330049 -0.328987  0.216748  0.035762 -0.249554 -0.825369  0.311307
  0.131634  0.189648  0.284254  0.331641 -0.029735 -0.979635]
[ 0.328699  0.326718  0.333309  0.303302 -0.954623  0.23382  -0.704979
 -0.043954 -0.218209  0.213273 -0.133329  0.265737 -0.388507  0.040828
 -0.102582  0.321924  0.331595 -0.214879 -0.84804   0.234384]
[ 0.317606  0.332959 -0.368693  0.324763  0.327005 -0.077337 -0.80835
 -0.320136  0.15436  -0.137884 -0.4483    0.187661  0.299843 -0.372543
 -0.665917  0.092913  0.30536  -0.073987 -0.093324  0.326102]
[ 0.263619  0.22899   0.329528  0.316452 -0.24882  -0.723753  0.331214
  0.328253  0.308734 -0.112824  0.317945 -0.426653  0.333163  0.16767
 -0.414291 -0.958616  0.18287   0.288159  0.079369 -0.323456]
[ 0.30532   0.06166   0.214706  0.242295  0.152425  0.330828  0.333032
  0.175075 -0.312011 -0.119382  0.272783  0.268536 -0.981037  0.257622
 -0.00449   0.299503  0.331838  0.23505   0.25993   0.308577]
[ 0.332814  0.327568  0.212616  0.158433 -0.035988 -0.50177  -0.486718
 -0.90209  -0.984592 -0.049249  0.331877 -0.334708  0.151814 -0.068847
  0.332768 -0.920379  0.104083 -0.184413  0.332399 -0.237302]
[ 0.333299 -0.625808  0.310268  0.220976  0.020481  0.161465 -0.417507
  0.133709  0.232813  0.314834  0.322402 -0.483581  0.17476  -0.726072
  0.281949  0.240181  0.277014 -0.997404 -0.793337  0.30978 ]
[-0.126336  0.252309  0.305663  0.161361  0.306874  0.080838  0.316203
  0.039646  0.305814 -0.301529 -0.998018  0.303399 -0.836919  0.279784
  0.331363 -0.174206  0.069409  0.221852  0.258735  0.035093]
[ 0.19797   0.330011 -0.129884  0.33329   0.164476  0.123837  0.33322
 -0.043531 -0.47306   0.201972  0.332542 -0.991349 -0.485411  0.075589
  0.019289 -0.178704 -0.015884  0.321137  0.115297 -0.577926]
[ 0.323854 -0.976696  0.310384  0.313163  0.332218  0.310416  0.332088
 -0.164254  0.32085   0.295117 -0.09293  -0.228218 -0.66044   0.332263
  0.173154  0.282743 -0.380192  0.213932  0.231858  0.332779]
[-0.160719  0.22758   0.332675  0.331236  0.333174  0.333263  0.19775
  0.280234  0.28     -0.489374  0.280614 -0.978884  0.330819 -0.486002
  0.324335  0.328799 -0.86687   0.280937 -0.112587 -0.066791]
[ 0.277953  0.311208 -0.20241  -0.309053  0.315023  0.24881  -0.073597
  0.243973  0.327513 -0.371228 -0.021125  0.095726  0.06461   0.001092
 -0.688873 -0.086869  0.281019 -0.981266 -0.025665  0.148904]
[ 0.307181  0.215661  0.292789  0.269672  0.248307  0.333031  0.330724
  0.24713   0.333331 -0.00691   0.154605  0.324961  0.054393  0.287408
  0.332772 -0.03585   0.221004  0.221146  0.279779  0.325155]
[ 0.232811  0.224126  0.232269  0.25027  -0.824789  0.170406  0.248166
  0.265703 -0.671477  0.288632  0.307194  0.272379  0.308054  0.096024
  0.26331   0.333219  0.108781 -0.266344 -0.004189  0.333332]
[ 0.291052  0.170248  0.298154  0.329444  0.294433 -0.066152  0.326298
 -0.080895 -0.152052 -0.894927 -0.68966   0.290814  0.329702  0.10764
  0.013125 -0.999534 -0.423509  0.161001  0.280414  0.280105]
[ 0.298672 -0.287386 -0.364599 -0.273349  0.322961  0.31334   0.300321
  0.285471 -0.980458 -0.993576  0.13518  -0.122413  0.289327 -0.909047
 -0.085635 -0.224738  0.282093  0.331967  0.331223  0.26566 ]
[-0.193946  0.327562  0.262409  0.212711  0.330143 -0.927331 -0.676523
 -0.647618 -0.226406  0.326548  0.25076   0.059578  0.226029  0.333247
  0.32836   0.114428  0.311944 -0.99195   0.330211  0.188436]
[ 0.169168 -0.198908  0.294074  0.286706  0.266775  0.333263  0.318162
 -0.227836  0.183914 -0.877327 -0.17491   0.321895  0.040694 -0.72645
  0.272265 -0.962626 -0.108782 -0.09862   0.097799  0.333126]
[ 0.310999 -0.085688  0.259477  0.304725  0.323077  0.199842  0.174555
 -0.158369  0.22707   0.331872  0.291429  0.301346 -0.047126 -0.059955
 -0.470852 -0.623339  0.276093  0.241996  0.084604  0.332499]
[-0.199871  0.029309  0.210069 -0.993644  0.161415  0.087321 -0.999516
 -0.421941  0.303156  0.273998  0.073546 -0.154658  0.19701  -0.243926
 -0.086104  0.33322   0.219988  0.305296  0.307224  0.281037]
[ 0.320262  0.277746  0.161701 -0.242639 -0.310282  0.138706  0.295836
  0.202127 -0.890107  0.285976  0.097251 -0.81931  -0.679805  0.278415
  0.109355  0.266837  0.328008 -0.233554  0.137479  0.302574]
[ 0.228038 -0.707769 -0.995628  0.313501  0.076885  0.158533  0.332395
  0.272723  0.058618  0.284887  0.116491  0.135442  0.327636  0.284363
 -0.855279  0.210085  0.258282  0.323636  0.313495  0.294318]
[ 0.326289  0.231274 -0.357669 -0.042442  0.260321 -0.401434 -0.203353
  0.327605  0.297921 -0.92021   0.06054   0.234231 -0.170742  0.198606
  0.288189  0.302577  0.315744  0.242101  0.131871  0.330377]
[ 0.257833  0.314072  0.169859 -0.172037  0.331253 -0.194213  0.123317
 -0.729843  0.32511   0.244564  0.154504  0.057226 -0.975613 -0.234916
  0.140097 -0.740499 -0.082314 -0.226296  0.296538  0.27877 ]
[-0.233902 -0.777906  0.327468  0.289136  0.331589  0.189446  0.236501
  0.32797   0.324098  0.182129  0.284487  0.208562  0.267606 -0.193514
 -0.953616  0.285552  0.288816 -0.03903   0.292063  0.12065 ]
[ 0.227169 -0.356839 -0.54206  -0.013385 -0.42228   0.074765  0.315054
 -0.733426  0.259336 -0.369829  0.319145  0.187117 -0.937259  0.327177
 -0.09741  -0.312221  0.319861 -0.999943  0.080909  0.174822]
[-0.959314  0.319093  0.332081  0.312344 -0.388361 -0.161901  0.326439
 -0.384627  0.267275 -0.487428  0.186568  0.249295  0.076135  0.107201
  0.27832   0.101728  0.005281 -0.703852  0.326896  0.238059]
[ 0.18026   0.141955  0.282142  0.157514 -0.188574  0.327943 -0.173065
  0.327643  0.326925  0.316104  0.267122  0.175458  0.286055 -0.255025
 -0.221189  0.25537   0.163128  0.215984  0.12027   0.27245 ]
[ 0.241338 -0.128772  0.314789 -0.258994  0.294171 -0.293497  0.332336
  0.278345  0.323691  0.205085 -0.079946 -0.029336  0.289994  0.108708
 -0.015359  0.33222  -0.1111    0.285439  0.312319 -0.144596]
[-0.562813 -0.743036  0.316403  0.333124  0.322148  0.299014  0.31379
  0.118064  0.285389  0.331106  0.311815  0.229472  0.332392 -0.104245
  0.306978 -0.650166  0.330898 -0.968658  0.101475  0.300474]
[ 0.333325 -0.672694  0.225365  0.139661  0.315071  0.251459  0.155243
  0.211685  0.129715  0.323386  0.333272 -0.862227  0.296486  0.28959
 -0.865503  0.269674 -0.133488  0.014068  0.321601 -0.248047]
[-0.994643  0.221707  0.257928  0.296872  0.278799 -0.479061  0.168563
 -0.430771  0.248925  0.30889   0.298739 -0.892321  0.221294 -0.164633
  0.303692 -0.101798 -0.218473  0.221418 -0.356819  0.333295]
[ 0.309778 -0.590161  0.132164  0.033369 -0.318782  0.130104  0.264062
  0.331124  0.139847  0.165395  0.166604  0.262681  0.149019 -0.382459
  0.304383  0.269618  0.097819  0.166114  0.076862  0.319802]
[ 0.085834  0.207817  0.332956 -0.54338  -0.980103  0.16915  -0.910603
  0.220414  0.18586   0.236196  0.228896  0.241327  0.216414  0.162282
 -0.922895  0.245113  0.283217  0.302998  0.296394  0.102662]
[ 0.206551  0.026672  0.091263 -0.684702  0.332436  0.166324  0.023284
 -0.410941 -0.274267 -0.843667  0.328842  0.291996  0.16077   0.330997
  0.309148  0.309344  0.333133  0.320612  0.297115 -0.738108]
[ 0.313193 -0.37046   0.311451  0.309562 -0.77362   0.222577  0.331123
  0.090273 -0.508364 -0.998992  0.30879   0.009109  0.330427  0.22341
  0.266626 -0.991916  0.309193 -0.243663  0.00515   0.332402]
[ 0.263366 -0.917179  0.333248  0.327459  0.129548  0.221256 -0.178338
 -0.664444 -0.727216  0.099655 -0.543556 -0.117413  0.292338  0.011184
  0.244652  0.245071  0.262473 -0.413445  0.324292  0.319916]
[-0.250458  0.311486  0.333033 -0.62905   0.333119  0.330862  0.27912
  0.107099  0.326945 -0.992641 -0.128209  0.042736  0.314913 -0.48025
  0.333064  0.328204 -0.774795  0.333331 -0.300418 -0.681355]
[ 0.325043  0.219644  0.241912  0.115777 -0.685887 -0.172991 -0.522823
  0.139209 -0.520627  0.247447  0.263505  0.070026 -0.590465  0.239083
  0.262314 -0.354021 -0.016668  0.263039  0.197932  0.228207]
[ 0.168219  0.099688  0.131656 -0.995765  0.30114  -0.118857 -0.294824
 -0.992363  0.325787 -0.328701 -0.565014  0.235172  0.274941  0.331334
 -0.804348  0.263863 -0.99996   0.33325   0.158529 -0.013203]
[-0.936206 -0.68041   0.256751  0.146093 -0.695899  0.326593  0.321569
  0.305097 -0.813239  0.266475  0.290605 -0.076845  0.289696 -0.022496
 -0.999819  0.324554  0.32981  -0.257953 -0.06769   0.297293]
[ 0.310713 -0.352497  0.125531 -0.297541  0.051224  0.318094  0.307519
  0.294599 -0.400853 -0.0022    0.143413  0.228868  0.076349 -0.257105
  0.090974  0.287976  0.332719 -0.99819   0.185273  0.277093]
[ 0.155196  0.30226   0.257492  0.040092 -0.976538 -0.681638  0.228741
  0.326644 -0.07626   0.31409  -0.568842 -0.97595   0.296639  0.315771
  0.302728 -0.214461 -0.987551  0.277585  0.250714 -0.039237]
[-0.221504  0.282656 -0.012351  0.080664  0.150107 -0.421127  0.086704
  0.279637 -0.667341  0.172459  0.327937 -0.473997  0.273134 -0.593917
  0.332575  0.312354  0.333135  0.016624  0.333301  0.323654]
[ 0.332378 -0.116686  0.241909 -0.837351  0.253566 -0.169406  0.19731
 -0.107889 -0.446594 -0.203707  0.329342  0.282079  0.203381 -0.18438
 -0.351048  0.15137   0.290843 -0.075473 -0.991771  0.074637]
[-0.007111  0.331986  0.329137  0.15594  -0.20471   0.108386  0.032697
  0.270954  0.323012  0.270335  0.332388  0.291048  0.270834 -0.028917
  0.145592  0.309686  0.206927  0.199718  0.24261   0.323286]
[ 0.213862 -0.721333 -0.453569 -0.998578  0.288656  0.304058  0.046521
 -0.499892 -0.464145  0.281722  0.21962   0.174064  0.328631 -0.384128
  0.332155 -0.08729   0.292827  0.157055 -0.999404  0.290351]
[  7.107451e-04   2.975967e-01  -9.818321e-01  -4.668140e-01  -8.556845e-01
  -3.608140e-01   2.473903e-01   1.301985e-01   2.934810e-01  -8.731956e-01
  -2.695481e-01   6.598163e-03   3.221238e-01   2.901385e-01   1.880249e-01
   1.849614e-01   6.766704e-02   1.273713e-01   1.984697e-01  -8.475728e-01]
[ 0.013929  0.331662  0.231752  0.183774  0.029962  0.322025  0.313466
 -0.653806  0.31579   0.332753  0.238165  0.284403 -0.566026  0.155612
  0.098705  0.211329 -0.133854 -0.161823  0.333272  0.228624]
[-0.119998  0.150692  0.290644  0.224633 -0.064731  0.114628  0.090287
  0.230224  0.313972 -0.85609  -0.181225  0.308633  0.325689 -0.253473
 -0.935132 -0.978793  0.297421  0.240458  0.119182 -0.100492]
[ 0.013986  0.305698  0.286258  0.235896  0.232554  0.303456 -0.372947
  0.174744  0.031023  0.323806  0.293624 -0.973699 -0.578811  0.303349
  0.047958 -0.889306 -0.657958 -0.999885 -0.366543  0.320228]
[-0.560542 -0.944079 -0.973822  0.301473  0.272251  0.326887 -0.111256
  0.184527  0.163117  0.299148  0.110148  0.238183 -0.68486   0.229182
  0.062369  0.307234  0.159169 -0.969188  0.328052  0.312547]
[ 0.270326 -0.571697 -0.184492  0.313904 -0.14334   0.333216  0.206052
  0.321192  0.31869   0.03019  -0.14756   0.327337  0.220043 -0.122171
  0.257445 -0.809933  0.311777  0.220538  0.333286  0.327618]
[-0.08417  -0.326787  0.326752 -0.88663   0.291378  0.098326  0.30047
  0.332392  0.326717  0.329907  0.19712  -0.254821  0.276427 -0.969818
  0.27853   0.123924  0.315184 -0.97262   0.228064  0.322966]
[ 0.074492  0.267131  0.244803 -0.922811  0.322923 -0.929967 -0.929137
  0.299479  0.18959  -0.763801  0.313785  0.113754 -0.306746  0.192708
  0.256828  0.09139   0.235486  0.306901  0.311164  0.329726]
[-0.078646377280847002, 0.010245895991341236, 0.038715281509086624, 0.019386058024464088, 0.031610106891730556, -0.043639006630206478, -0.038896748264345415, -0.0039023516328656263, 0.11618809496369825, 0.065087306705787384, 0.021646537982177139, -0.021430108458070835, 0.053538555504402896, 0.038195866099092618, -0.020628631860278537, 0.083114728180617131, 0.019528651078218551, -0.006428851356810289, 0.062205257005535225, -0.028497791540254391, -0.087257553388463083, -0.058196309836128945, 0.06981171350920462, 0.010063004044061227, -0.060612973675130744, 0.0085400354328240002, 0.014738943891770911, 0.037010375304258103, 0.0077855606644847142, 0.006436112047947945, -0.00077021996781889701, -0.027309971724950477, -0.013123438877564952, 0.012444774100199091, 0.0069255425553333971, -0.056435327667629431, 0.0814137339118092, 0.03582477373983417, 0.056066056075114876, -0.057869886901952189, -0.014580314164789387, 0.0036480432150352571, 0.064598628811623399, -0.002323547271584514, 0.016109724955534643, 0.010007936658868455, 0.078631830308506345, 0.006913823835845101, -0.054005375744924256, -0.010148867626154023, -0.02631521645424606, 0.067539548479219447, 0.043546913754664435, 0.0068249787203841228, 0.056747285755708921, -0.017497144541090665, 0.041711507036530954, 0.11536043946760405, -0.0064002305168354701, -0.029431705798403651, -0.019191347118632796, 0.011301608203025587, -0.009155252349054871, -0.0081510966079809677, 0.013141164856008553, 0.079187381795135681, 0.033869640925406952, -0.035669521346306854, 0.060536842011409964, -0.0051324188785095981, -0.0090082049635500927, 0.026946771697275329, -0.042892519984502386, -0.01542795132953137, -0.061906868118178582, 0.067030244650247872, -0.0031206968898088716, -0.011939099541373788, 0.032245237272428472, 0.02204783924087117, 0.017985706641899912, 0.00098085002119330245, 0.0079144103967598856, -0.044382831455284932, -0.033434490553133467, -0.044231210970327672, 0.003822628975912068, 0.03532916737929942, 0.014775187257336342, 0.089743173441156038, 0.014472893366416124, -0.025218832882900527, 0.031672175213339447, 0.02408150221774305, -0.01512705800447868, -0.012935075125806973, 0.013132884256274013, -0.0072272530169782967, 0.0015027432720612771, 0.010248042351209449]
('time: ', 9877.165318012238)
