“Running plot script on a single CPU core”
[ 0.016734  0.033522  0.039876 -0.007828 -0.002921  0.020919]
[ -7.293661e-05  -5.134550e-03   4.733095e-02  -9.467073e-03  -4.052629e-03
   6.704614e-03]
[ 0.048473  0.00772   0.005569 -0.017884 -0.029083 -0.016001]
[ 0.006462  0.044954  0.038172 -0.008213 -0.029321 -0.000544]
[ 0.0853    0.011691  0.015865 -0.000358  0.006554  0.024921]
[ 0.065673  0.073401  0.093437  0.004204  0.003481 -0.009362]
[ 0.026746  0.043366  0.146133  0.044221 -0.034348  0.035076]
[-0.029017 -0.030707 -0.004245 -0.037693  0.003765  0.010947]
[-0.00154   0.008915  0.071698 -0.037286  0.001128  0.014528]
[ 0.026964  0.05322   0.102026  0.000727  0.016275  0.016685]
[ 0.021076  0.018481  0.006293 -0.017422 -0.042248  0.016483]
[ 0.019011  0.071248  0.094384 -0.008923 -0.01429  -0.011385]
[ 0.064108  0.0147    0.085921 -0.01652  -0.008813 -0.008894]
[-0.073485 -0.033878 -0.029184 -0.016218 -0.017909  0.007667]
[ 0.073796  0.069936  0.115424  0.008212  0.013212  0.018449]
[ 0.017957 -0.055234  0.072885 -0.002669  0.005641 -0.053896]
[-0.000554  0.042753  0.059951  0.005007  0.002303  0.009205]
[ 0.031459  0.061848  0.056923 -0.018061  0.002154  0.004586]
[ 0.037566  0.036912  0.026793 -0.030261  0.002668 -0.007515]
[ 0.004511  0.023168 -0.00242  -0.010528  0.006474  0.016727]
[ 0.099646  0.112047  0.107641  0.003549  0.001203 -0.004916]
[ 0.055347  0.062409  0.021437 -0.008968 -0.004068 -0.041069]
[ 0.06525   0.039783  0.089642 -0.037834  0.012862 -0.013876]
[ 0.062051  0.100999  0.108346 -0.014367 -0.004992 -0.00272 ]
[ 0.004236  0.077698  0.082514 -0.032076 -0.002976 -0.004722]
[ 0.028681  0.082192  0.079107 -0.033226 -0.017686  0.010099]
[-0.010046  0.080986  0.05977  -0.026795 -0.003359 -0.013417]
[ 0.059276  0.028284  0.044658  0.004657 -0.010345 -0.0031  ]
[-0.040015 -0.041021 -0.050869 -0.006798 -0.040386  0.030998]
[ 0.022306  0.029034  0.022901 -0.024467 -0.001605  0.011472]
[ 0.010489  0.011825  0.040505  0.020403  0.011963 -0.013892]
[ 0.001445  0.02151   0.051085  0.008448  0.01734  -0.014966]
[ 0.026608  0.075682  0.051187 -0.009125 -0.004998 -0.018751]
[-0.035071 -0.019252  0.059152  0.043657  0.013167  0.048671]
[-0.001236  0.123423  0.059068 -0.020081  0.018409  0.006936]
[ 0.014597 -0.021019  0.055723 -0.006039  0.018454 -0.029641]
[ 0.104608  0.093506  0.046012 -0.024987  0.008748 -0.01871 ]
[ 0.013911  0.059139  0.04128   0.002121 -0.020554  0.009896]
[ 0.037163  0.015504  0.070497 -0.033305 -0.02266  -0.021787]
[-0.019022  0.087348  0.039502  0.009443 -0.009536 -0.035232]
[ 0.057152  0.070528  0.099631 -0.034685  0.001401 -0.008155]
[ 0.009548  0.020191  0.071979 -0.011217  0.013988 -0.01257 ]
[ 0.041928  0.100639  0.095071 -0.054545  0.042652  0.028195]
[ 0.042908  0.094647  0.068233  0.007685  0.007773 -0.03427 ]
[ 0.102266  0.064441  0.113729 -0.02542   0.03727   0.055915]
[ 0.102126  0.076422  0.140067  0.020687  0.013198 -0.00693 ]
[-0.006332 -0.015854 -0.038316  0.022155  0.009397  0.045377]
[-0.015007  0.03605   0.024536 -0.020738 -0.028591 -0.001131]
[ 0.004737  0.09348   0.095941  0.000847  0.003427  0.017287]
[-0.021647 -0.018116 -0.02917   0.007693  0.023509  0.009584]
[-0.014185  0.048242  0.014053  0.010177  0.000541 -0.026913]
[ 0.026165  0.084472  0.017804 -0.001969  0.019486 -0.001525]
[ 0.046206  0.124662  0.079839 -0.006654  0.05106  -0.014628]
[ 0.046578  0.04182  -0.062986 -0.003722  0.021052 -0.013948]
[ 0.056198  0.037068  0.075443 -0.008576 -0.008009 -0.030479]
[ 0.083246  0.094443  0.041916 -0.010182 -0.014501  0.010078]
[ 0.094096  0.05664   0.011375  0.00564   0.0077    0.030877]
[ 0.030305  0.062219  0.02252   0.014407 -0.013966  0.001783]
[ 0.018418  0.06684   0.065544  0.001022 -0.004886  0.008634]
[ 0.085508  0.07011   0.081356  0.013236  0.019074 -0.006672]
[ 0.015498 -0.02126   0.061216 -0.032651  0.007822  0.004328]
[-0.108451  0.047427  0.036459 -0.067879 -0.042596  0.031289]
[ 0.051901  0.058832  0.09514  -0.026267  0.006929 -0.01719 ]
[ 0.0545    0.046617  0.054035 -0.027893 -0.079111 -0.024609]
[ 0.056285  0.05067   0.082583 -0.00859  -0.028245 -0.007797]
[ 0.048643  0.03169   0.08136  -0.01878  -0.010286 -0.021119]
[ 0.001252  0.066201  0.049851  0.038533  0.03185   0.031676]
[ 0.032295  0.108838  0.047392 -0.005427 -0.022054  0.006218]
[ 0.086872  0.082003  0.099307 -0.003007 -0.007595  0.054757]
[-0.027793  0.04903   0.002309  0.01273   0.023231  0.028725]
[ 0.075127  0.068847  0.107603  0.009232  0.008274 -0.031017]
[ 0.010676  0.023349  0.073684  0.00592  -0.005194  0.022055]
[-0.0743   -0.059388 -0.089711 -0.006854  0.023166 -0.017258]
[ 0.036121  0.044019  0.070372  0.007417  0.024453 -0.013556]
[-0.016194  0.062894 -0.030108  0.032363  0.016501  0.030382]
[-0.045362  0.03781  -0.092652 -0.020099 -0.021978 -0.015034]
[ -2.024059e-02  -2.492363e-05  -2.931403e-02   5.064313e-03  -2.006564e-02
   1.051495e-02]
[ 0.065026  0.043068  0.026709  0.014018 -0.036755  0.018115]
[  6.150575e-02   8.327280e-02   3.958342e-02  -9.998946e-03  -5.692926e-05
   1.108776e-02]
[ 0.081522  0.031895  0.02282  -0.019522 -0.035784 -0.054872]
[ 0.014757  0.029493 -0.027536 -0.000112 -0.017512  0.035516]
[ 0.049941  0.045696  0.085984  0.014377  0.003201 -0.02005 ]
[ 0.088445 -0.051818  0.067648  0.064173  0.027187 -0.006816]
[-0.016305  0.028847 -0.013673 -0.016257  0.016202  0.016196]
[-0.014317 -0.028542  0.057736 -0.023064 -0.001142 -0.02201 ]
[-0.018308 -0.011161  0.012274 -0.012112 -0.038211 -0.017554]
[ 0.059492  0.030147  0.041542  0.004677 -0.003075 -0.002718]
[ 0.019506  0.057432  0.078102  0.016243 -0.002137  0.01058 ]
[ 0.02635  -0.0002    0.068338 -0.013711  0.026103  0.011572]
[ 0.188463  0.011399  0.103391  0.0133   -0.030578 -0.024723]
[ 0.04866   0.049737  0.056997  0.01969   0.000992  0.013238]
[ 0.025447 -0.029839  0.044614 -0.004524  0.006399 -0.002058]
[ 0.064897  0.075316  0.059325 -0.010107  0.002972  0.003733]
[-0.003261 -0.014484  0.001128  0.05219   0.024197 -0.016099]
[-0.02191  -0.010872  0.008062 -0.005645  0.021652 -0.006486]
[ 0.029933  0.049836  0.06028   0.011156  0.000542 -0.01066 ]
[ 0.071968  0.025169  0.074944  0.022417 -0.009153 -0.002413]
[ 0.048158  0.032199 -0.030327 -0.007914  0.018896 -0.021513]
[ 0.02095   0.040598  0.069059 -0.003498 -0.00345  -0.001479]
[ 0.087687  0.079756  0.077381 -0.027488 -0.020434  0.027538]
('Mean', 1, ': ', 0.08768651663441418)
('Median', 1, ': ', 0.08768651663441418)
('Variance', 1, ': ', 0.0)
('Mean', 2, ': ', 0.079756434445077615)
('Median', 2, ': ', 0.079756434445077615)
('Variance', 2, ': ', 0.0)
('Mean', 3, ': ', 0.077380630849373397)
('Median', 3, ': ', 0.077380630849373397)
('Variance', 3, ': ', 0.0)
('time: ', 13247.334419965744)
