“Running plot script on a single CPU core”
[ 0.319025 -0.100311 -0.759061  0.291436  0.332897  0.277494 -0.953386
  0.333276  0.332851  0.285319  0.330414 -0.919026  0.238638  0.082121
  0.309015 -0.757005 -0.435056 -0.442195  0.333333  0.265255]
[ 0.18052   0.234314 -0.807243 -0.038702  0.319525  0.12869   0.118359
 -0.155921  0.332766 -0.618629  0.084647  0.062378  0.166244  0.073959
  0.270133 -0.945486 -0.757993  0.011661 -0.788445 -0.051918]
[ 0.280302 -0.255591 -0.142546 -0.262198  0.038917  0.295804  0.303797
 -0.048714  0.086612 -0.565526  0.215655 -0.787099  0.268505  0.317089
  0.317126 -0.455839 -0.735683  0.311902  0.316861  0.331593]
[-0.97334   0.311333 -0.356681  0.042989  0.178917  0.292821 -0.406659
  0.331503 -0.519191  0.056249  0.264328  0.330655  0.327512  0.132142
  0.324646 -0.442555  0.131959 -0.130201  0.324759  0.328078]
[ 0.315875 -0.807406  0.228374 -0.830428  0.290986  0.330554 -0.686007
 -0.730388  0.192536 -0.149443  0.293903  0.330478  0.329632  0.331949
 -0.639939  0.306248  0.303804  0.203999  0.321961 -0.995299]
[-0.116819  0.320274  0.311326 -0.023122  0.322349  0.087031  0.171892
 -0.342789 -0.128654  0.331372 -0.028455 -0.245907  0.322325 -0.97512
  0.331033 -0.227215 -0.351376 -0.913692  0.228769 -0.379185]
[-0.400868 -0.694757 -0.734502  0.249106  0.332453  0.00949   0.318073
  0.114611 -0.463501 -0.216703 -0.533693  0.268018 -0.131573 -0.874632
 -0.974864  0.331903  0.168885  0.329436 -0.918779  0.297621]
[-0.335419  0.277269 -0.534959  0.330289  0.025801 -0.742208  0.27316
 -0.023515  0.232228  0.329227  0.326179  0.212147  0.280515  0.328179
 -0.898115  0.08339  -0.030302  0.319366 -0.232903  0.079259]
[-0.119106  0.241854  0.328627 -0.802126  0.238119  0.153213  0.319491
 -0.967904 -0.545207  0.075249  0.028996  0.116741  0.098263  0.125317
  0.252294  0.250074  0.219586  0.080926  0.309735 -0.963997]
[ 0.14585   0.330208  0.315799 -0.320705  0.333272  0.283585  0.26614
 -0.253384  0.101863  0.269443 -0.062927 -0.345663  0.22467   0.236078
  0.281998  0.212335  0.333242  0.331491  0.190515  0.305495]
[-0.984131  0.24997   0.205679 -0.809064 -0.632    -0.418168  0.333252
  0.243764  0.228513  0.107876 -0.425763  0.159634  0.286786  0.323875
  0.262932  0.18621  -0.7974    0.301733 -0.1904   -0.551449]
[ 0.186478  0.330657  0.327563  0.318009  0.252839  0.254974  0.176748
  0.080942  0.102195  0.204186  0.323474  0.225103  0.202119  0.244641
  0.246627  0.048718  0.195705  0.17964   0.332617  0.26105 ]
[ 0.276459 -0.99079  -0.024706 -0.424705 -0.34002   0.313914 -0.75971
 -0.963536 -0.60809   0.240565  0.333277  0.003866 -0.915813 -0.508308
  0.219657  0.315756 -0.351931  0.3115   -0.153851  0.235445]
[-0.431484  0.005033 -0.694981  0.108439  0.329011 -0.707237  0.190711
 -0.424551 -0.317699  0.300793 -0.143075  0.134244 -0.219011 -0.191998
 -0.264032  0.276072  0.02545   0.308853  0.329691 -0.455865]
[ 0.332515  0.016741  0.332135  0.226286 -0.124712 -0.15019   0.058303
  0.28964  -0.750848  0.329592  0.253566 -0.592959  0.229255 -0.462547
  0.138501  0.332896  0.139229 -0.513112  0.290804  0.330898]
[ 0.215942  0.261268  0.192633  0.333189  0.316659  0.313278  0.289188
  0.165055  0.289612  0.332206  0.15974   0.309609  0.223986  0.257022
  0.276987  0.328228  0.125471 -0.073458  0.333299  0.304922]
[ 0.253545  0.331294  0.041982  0.310941  0.326187  0.111843 -0.077191
  0.216613  0.312326 -0.233533  0.313214 -0.430732  0.186166 -0.40943
  0.178945  0.070259  0.271502  0.202799  0.174002  0.321997]
[-0.981643  0.33238  -0.278436  0.223923  0.309064  0.237538  0.248735
  0.307324 -0.912927  0.333276  0.151247  0.324466  0.322578  0.325155
  0.312028  0.332951  0.059244  0.332769  0.313564  0.172896]
[ 0.331757  0.315671  0.261519  0.195568  0.090248  0.080728  0.314517
  0.331823  0.281763  0.195326  0.247668 -0.991991  0.305266 -0.173868
 -0.422971  0.060082 -0.116928  0.157227  0.333155  0.253687]
[ 0.136936 -0.044224  0.213502 -0.310189 -0.289428  0.150849 -0.202283
  0.258214  0.324782  0.333326  0.288828  0.228076 -0.375958  0.298119
  0.163957 -0.682983 -0.05883  -0.199516  0.320567 -0.063121]
[ 0.310503 -0.276072  0.299101  0.007255  0.219788  0.215532  0.217161
  0.330635 -0.848372  0.249069  0.226558  0.332667 -0.31275  -0.055811
  0.298524  0.326491 -0.371055  0.320008  0.13616   0.259972]
[-0.125506  0.27592   0.29703  -0.016143  0.304059  0.198279 -0.312829
  0.268939 -0.066664 -0.983663  0.016491 -0.644657  0.289753  0.203494
 -0.285133  0.224599  0.306515  0.251808 -0.066958 -0.846628]
[ 0.28993   0.063486  0.22188   0.333177  0.04365   0.319582  0.331088
  0.32369   0.203591  0.247484  0.313532  0.324877  0.307462 -0.002965
 -0.931735  0.332271  0.327811  0.134904  0.31684   0.323956]
[ 0.004172 -0.160311  0.083339  0.331004 -0.974923  0.108841  0.267237
  0.332568  0.322824  0.33069  -0.252331 -0.880026  0.32006   0.040588
  0.325967  0.31624  -0.85598   0.30026  -0.003817  0.266869]
[ 0.258071 -0.147627  0.091324  0.165997  0.266313 -0.896333 -0.405468
  0.051701 -0.23925   0.115638  0.216063  0.326988  0.299357  0.328936
 -0.995451  0.324153 -0.001489  0.222293  0.32081   0.315118]
[ 0.322095 -0.861185  0.33008   0.082402  0.293647  0.333191 -0.99102
  0.288089 -0.91796   0.33317   0.309822  0.322235  0.316191 -0.027818
 -0.203766  0.306602 -0.388486  0.329803  0.267955 -0.954673]
[ 0.177281  0.298508 -0.612328  0.252442  0.332249  0.018772  0.264776
  0.308465 -0.939633  0.05195   0.188393  0.327533 -0.210757  0.311582
  0.272539 -0.189189 -0.527049  0.317331  0.02808   0.217187]
[ 0.291427  0.327247  0.036819  0.222038  0.115019  0.216076 -0.998293
 -0.063417 -0.658604  0.1085   -0.033706  0.262517  0.294975 -0.245425
 -0.44536  -0.623801  0.233791 -0.441984  0.330462  0.228986]
[ 0.31319   0.325747 -0.725498  0.229273 -0.788157  0.328005  0.294016
 -0.62354   0.294115  0.326632  0.156754 -0.993179  0.250423  0.265254
  0.061043  0.329294 -0.52716  -0.971104  0.281535  0.284472]
[-0.971511  0.308901  0.269833 -0.295984  0.242483  0.288413  0.313216
  0.331504  0.300011  0.1965    0.285084 -0.527477  0.320218  0.333311
 -0.602672  0.255083  0.166403  0.005842 -0.109484 -0.316673]
[-0.300088 -0.082098  0.208119 -0.019675  0.297778  0.274304  0.183026
  0.269909  0.262146 -0.080246 -0.994511  0.320905 -0.013507  0.013174
 -0.9142    0.292765 -0.97475   0.332141  0.245592  0.023917]
[ 0.332389  0.323953  0.097519  0.195405  0.333168  0.010418  0.332032
 -0.227995  0.078259  0.332548  0.293059 -0.161544 -0.990461  0.320838
  0.255198 -0.319343 -0.308303 -0.939422  0.12257  -0.132416]
[-0.245623 -0.429133  0.331266 -0.998747 -0.491752  0.139269  0.186406
  0.3264    0.314083 -0.995121  0.315318 -0.089709  0.213703  0.074332
 -0.813341  0.315824  0.315895 -0.639502  0.227078  0.083102]
[  3.223725e-01   9.256484e-02  -4.568979e-01   1.443470e-02  -4.480291e-01
   2.690277e-01   2.735392e-01   3.180073e-04  -5.830312e-01   3.232101e-01
   3.276487e-01   1.718199e-01   2.095319e-01   2.474513e-01  -3.555576e-01
  -9.038418e-01  -6.094097e-01   1.740994e-01   1.840892e-01   3.141629e-01]
[ 0.331878 -0.081042  0.281232 -0.113091 -0.999954  0.331001  0.215428
 -0.993057  0.330172  0.230813 -0.970611  0.305573 -0.306261  0.275357
  0.332623  0.001771 -0.746623  0.333333  0.290659 -0.24936 ]
[ 0.096114  0.23313   0.331717  0.310545  0.243338 -0.403374  0.294832
  0.313951  0.332916 -0.706454 -0.710875  0.304147 -0.741016  0.047524
  0.315252  0.228499 -0.016528  0.330625  0.038838  0.304878]
[-0.340016  0.330588  0.073438  0.179145  0.329024 -0.146815 -0.696895
 -0.95589   0.269325  0.14722   0.331392  0.196311 -0.284533 -0.138003
  0.215337  0.32639  -0.175953  0.315981  0.076576  0.297355]
[ 0.302133  0.245095 -0.573477  0.315727  0.032496  0.127414  0.315667
 -0.999185  0.323697 -0.908651 -0.320873 -0.966759  0.321489  0.299771
 -0.946611 -0.989383 -0.098211 -0.995114  0.23352   0.15426 ]
[ 0.198963  0.321889 -0.52187  -0.07153  -0.051181  0.275296  0.244761
 -0.842081 -0.003415 -0.90948   0.290234  0.283766 -0.229456  0.330307
  0.082714 -0.984979  0.2957   -0.356804  0.312582  0.320431]
[ 0.268594 -0.065685  0.254157  0.060029 -0.739036  0.305093  0.271494
  0.171903  0.234651 -0.174872  0.255489 -0.452049 -0.05161  -0.999981
 -0.916892  0.224386 -0.467409  0.046056  0.293812  0.263961]
[-0.966446 -0.956834  0.326099  0.27239   0.238028 -0.667706 -0.950235
  0.088876  0.307418  0.325628 -0.01293   0.184649 -0.323722  0.196129
 -0.040922 -0.541049 -0.815475 -0.998831 -0.112692 -0.59443 ]
[ 0.309971  0.138029  0.332075 -0.990238  0.091413  0.290589  0.319637
  0.331856  0.146488 -0.938266  0.285179 -0.541713  0.331536  0.111207
  0.241859  0.271405  0.155371  0.333217  0.332921  0.263541]
[ 0.309975 -0.085621  0.330226  0.025169  0.257801  0.328044  0.007429
  0.318935 -0.191034  0.332858  0.09723   0.15954  -0.752136 -0.42328
 -0.96656  -0.571015 -1.       -0.62893  -0.602245  0.116232]
[ 0.332606  0.244143  0.291656 -0.929523  0.227162 -0.823732 -0.660411
  0.208913 -0.087128 -0.609363  0.290671  0.263278  0.327428  0.030721
 -0.372664  0.310853  0.323806  0.327265 -0.543529  0.311329]
[ 0.287753  0.082179 -0.139206 -0.03195   0.333324  0.33146   0.313875
  0.231255  0.325683  0.316051  0.266658  0.328201  0.304655  0.327335
  0.272804 -0.186139  0.173046 -0.04062  -0.272352  0.180786]
[ 0.31214  -0.056622  0.123044  0.317636 -0.653337 -0.686481  0.137183
 -0.144837  0.218267  0.219415 -0.887684  0.291176  0.061257 -0.363237
  0.331452  0.061821  0.300977  0.072289  0.052051 -0.026682]
[ 0.071116  0.011351 -0.635853 -0.319409  0.330214  0.311746 -0.044489
 -0.260624  0.32569   0.252819  0.255651  0.328587  0.121986  0.212716
 -0.87651   0.331075  0.197428  0.332722  0.266533  0.277506]
[-0.147922  0.292215 -0.997079 -0.398441  0.216338 -0.999932  0.181037
 -0.420549 -0.187293 -0.315534 -0.466495 -0.580354  0.228468  0.003081
  0.309757 -0.008998  0.027617  0.330677  0.128414 -0.010145]
[-0.3428   -0.491747  0.226557  0.206676  0.192122  0.082938  0.264151
 -0.617313  0.293223  0.080326  0.010646  0.293617  0.305708  0.192583
 -0.030977 -0.621324  0.318888  0.32754   0.310316  0.174782]
[ 0.321943  0.288439 -0.462605  0.333174 -0.997748 -0.265192 -0.463688
  0.282112 -0.98255   0.13404   0.215816  0.3333   -0.772635  0.259367
  0.260499  0.173524  0.333231  0.167888  0.241513  0.333329]
[ 0.318705 -0.102466  0.189458  0.113051  0.290408  0.320618  0.086784
 -0.288985 -0.97606   0.307555 -0.413936  0.273876  0.0665   -0.605172
  0.329505  0.328277  0.293929 -0.580193  0.325091 -0.914165]
[ 0.329333  0.310144 -0.686863  0.16349  -0.490447  0.31452   0.069724
 -0.882508 -0.72476   0.309775 -0.648204 -0.777806  0.038691  0.331378
  0.204975  0.246667 -0.492773  0.124776  0.324901  0.326418]
[ 0.317432 -0.091048 -0.009649 -0.027569 -0.903104  0.189045  0.117585
  0.00215  -0.495761 -0.848244  0.100047 -0.678421 -0.826798  0.30361
 -0.871824  0.259794 -0.540186  0.281898  0.333059  0.282703]
[ 0.271989  0.17128   0.332353 -0.091647  0.286095  0.127365  0.067421
  0.332699  0.332511 -0.065054  0.323997  0.281334 -0.466449  0.285951
  0.332581  0.202247  0.333293  0.160421  0.324925  0.133903]
[-0.011094 -0.861956  0.315795 -0.040474  0.067421 -0.324286  0.10283
  0.252429  0.16961   0.074548  0.223675  0.293504  0.313446  0.072273
 -0.748375  0.323464 -0.398837  0.174345  0.267496  0.180328]
[ 0.294113  0.193215 -0.999884  0.312966 -0.420901 -0.538138 -0.903259
  0.326862  0.332954  0.332447 -0.502426  0.218412  0.327358  0.299417
 -0.047219 -0.819757  0.121303  0.297808 -0.998041  0.172424]
[-0.998384 -0.976795 -0.965371  0.202859 -0.976091  0.328417  0.318415
  0.287486  0.201458  0.313359  0.190552 -0.922982  0.165498  0.327058
  0.153328 -0.164416  0.187463  0.312288 -0.346761  0.320158]
[-0.183079 -0.802998  0.073408 -0.06833   0.33331   0.331651  0.1635
 -0.979712  0.112431 -0.801772  0.1716    0.240746  0.269605  0.333243
  0.211276  0.331616 -0.044344 -0.225736  0.073137  0.325212]
[ 0.055529 -0.030397 -0.879983 -0.013728  0.276874  0.217895  0.308855
  0.333311 -0.258729 -0.203446 -0.830096  0.333205  0.301605 -0.342481
 -0.607032 -0.13261   0.197073  0.29678  -0.513896  0.333274]
[ 0.218332 -0.259342 -0.674009  0.249315  0.17375  -0.753788  0.332686
 -0.901167 -0.632374  0.200955  0.28603  -0.45264  -0.194487  0.254531
 -0.367835 -0.292191  0.263275 -0.348837 -0.72345   0.23356 ]
[-0.944108 -0.186948 -0.102621  0.293253 -0.913991  0.328879 -0.09001
 -0.989883  0.246832  0.332179  0.115514  0.115841  0.14643   0.33073
  0.138379  0.273016 -0.147283  0.316432  0.300685 -0.156024]
[ 0.296959  0.276515  0.241927 -0.431093  0.309341  0.300287 -0.038634
  0.278969  0.103307 -0.103414  0.241631  0.314021  0.33333  -0.999914
 -0.835356  0.21848  -0.003817  0.063411  0.083388  0.055977]
[-0.190017 -0.202735  0.199835  0.332534  0.330522  0.124124  0.328683
  0.317496  0.330189  0.261991  0.144578  0.060437  0.289869 -0.083458
  0.267346  0.291948  0.331611 -0.211869 -0.021997  0.158508]
[ 0.194584 -0.105506  0.328937  0.276165  0.250655  0.302015 -0.787868
 -0.302478  0.1925    0.109077  0.328715  0.204165  0.139422  0.171494
 -0.538416 -0.992699 -0.733112  0.079454 -0.06787  -0.664033]
[-0.431287  0.29204  -0.583335 -0.143846 -0.993934  0.182007  0.308975
  0.259999 -0.911855 -0.483624  0.32322   0.285366  0.149902  0.332027
 -0.305538  0.244914 -0.166521 -0.120513  0.307342  0.108738]
[ 0.163636  0.182817 -0.545134  0.305708 -0.303812  0.331849  0.316253
  0.324102  0.266506  0.293075  0.104512  0.253374  0.319804  0.310805
  0.288589 -0.989713  0.293363  0.306596 -0.859574 -0.043188]
[ 0.192386 -0.023955  0.325866 -0.362254  0.289717  0.321455  0.31532
  0.231136 -0.221259 -0.039648 -0.316711 -0.58046   0.17098  -0.227896
  0.263201 -0.378323  0.288763 -0.929559 -0.961678 -0.336316]
[ 0.297388  0.164877  0.295245 -0.078778 -0.502806  0.263834 -0.351061
 -0.971958  0.122909 -0.073436 -0.742256  0.207803  0.244683  0.10615
  0.028111  0.323967 -0.644845 -0.499434  0.166942  0.011878]
[ 0.262816 -0.786654  0.289066 -0.212284  0.151073  0.038276  0.252252
  0.247683  0.171482  0.069701 -0.692518 -0.44952   0.136955  0.245836
 -0.994006 -0.777959  0.324006 -0.108378 -0.254468  0.319629]
[ 0.319262  0.294476 -0.725092  0.015121  0.191827  0.204223 -0.316014
  0.292094  0.329059  0.320025  0.124755  0.328863  0.042868 -0.024621
 -0.793494  0.324935  0.298689  0.057777 -0.362372 -0.622641]
[ 0.268193  0.325074  0.11512  -0.560177 -0.06083  -0.69305   0.325958
  0.223483  0.298706 -0.039183 -0.868558  0.095268  0.187094  0.249603
  0.330365  0.257094  0.00582   0.033406  0.16345   0.298887]
[ 0.323394  0.020313  0.076266  0.330702  0.101705  0.223172  0.133956
  0.332726  0.283146 -0.529488 -0.391405 -0.972245  0.234685  0.259247
 -0.004696  0.33146  -0.560074  0.053494 -0.475552 -0.090403]
[ 0.332445  0.230478  0.065951 -0.423195 -0.999994  0.222317 -0.593399
  0.257446  0.158322  0.295366  0.168969  0.250004 -0.316623  0.316486
 -0.867866  0.328935  0.333169  0.308528  0.224022  0.010146]
[-0.112371  0.098112 -0.24118   0.004842 -0.990368 -0.621403  0.175198
 -0.752273  0.210111 -0.686138 -0.334226 -0.892229 -0.87413   0.24241
  0.145824 -0.840894  0.156683 -0.125315  0.157729  0.249341]
[ 0.331899  0.263356  0.25898   0.284529  0.269341 -0.888031  0.320462
 -0.213186  0.107079 -0.807324  0.108271  0.069234 -0.757075 -0.460025
  0.304153  0.297576  0.128166  0.170508  0.300867 -0.992461]
[ 0.329526  0.197572  0.096288  0.330191 -0.495245 -0.578021 -0.22527
 -0.030182 -0.923939  0.287709 -0.349861  0.182147 -0.748689  0.222
  0.221669 -0.043211  0.018858  0.331537  0.03748   0.327817]
[ 0.330713 -0.263503  0.111298 -0.084549  0.277879  0.333308 -0.667183
 -0.144574  0.332859 -0.929596  0.330298 -0.929481 -0.746761  0.321
 -0.576269  0.279949  0.299748  0.237184  0.249464 -0.077284]
[ 0.3041   -0.680526 -0.039265 -0.170005 -0.702705 -0.054102 -0.430374
  0.259157 -0.989066  0.294364 -0.662476  0.128388 -0.112948 -0.862321
  0.184275  0.290167 -0.518979  0.328834 -0.014799 -0.472082]
[ 0.300872  0.184859  0.260291  0.228131 -0.977444 -0.036345  0.057975
  0.332488 -0.044546  0.231858  0.326666  0.182819 -0.654945 -0.05009
 -0.391329  0.309287 -0.943555 -0.899571  0.32043   0.319376]
[ 0.006823  0.269173  0.206002  0.259516  0.210931 -0.361842  0.321329
  0.328003 -0.030491  0.09117  -0.963018 -0.221358  0.310308  0.208882
  0.052233  0.164429 -0.829357 -0.131342  0.274231 -0.181904]
[ 0.316627  0.019642  0.015464  0.332401  0.097865 -0.560983 -0.541116
 -0.620766 -0.116496  0.329858  0.243157  0.070475  0.2231    0.208922
 -0.851932  0.332619  0.242511  0.257235 -0.919053  0.257141]
[ 0.332063 -0.415128 -0.32033   0.248416 -0.198099 -0.653947  0.124093
 -0.162751  0.179472  0.250432  0.2183    0.333032 -0.420684  0.266215
  0.325738 -0.708965  0.329025  0.164108  0.143822  0.18663 ]
[ 0.276184  0.165054  0.313639 -0.179873 -0.286646  0.324097  0.22312
 -0.928689  0.333198 -0.207539  0.273447 -0.164391 -0.326947  0.298589
  0.327351  0.009885 -0.019499  0.03929   0.05432   0.10999 ]
[-0.224996 -0.997348  0.126975 -0.616046 -0.766885  0.234609  0.287608
 -0.747729  0.327061  0.326908 -0.809261  0.327597  0.196083  0.208499
 -0.108027  0.205426  0.33104   0.30424  -0.324487 -0.217311]
[-0.030136  0.297922  0.30806   0.148627  0.179209  0.166443 -0.502767
  0.053795  0.328796 -0.975844 -0.20751   0.326239  0.259281 -0.988238
  0.332102  0.305616 -0.582649  0.09492   0.314961  0.326448]
[ 0.198419 -0.048956  0.332675  0.321562  0.278458 -0.672759 -0.707395
 -0.85856   0.291135  0.325886  0.287663  0.155676 -0.170195 -0.108784
  0.271176 -0.992653  0.327367 -0.540175 -0.896258  0.190224]
[ 0.330375  0.307951  0.051788 -0.062212 -0.053745  0.205622  0.29005
  0.049433 -0.946018 -0.063527  0.168694  0.189298 -0.119428 -0.974471
  0.269089  0.322835 -0.262764  0.149495  0.150779 -0.914786]
[-0.822598  0.328857  0.117616 -0.075357  0.331013  0.148745 -0.769398
  0.087985  0.317518  0.209417  0.200313  0.227199 -0.952609  0.264626
  0.317325 -0.288922  0.290286  0.166484  0.320295  0.176205]
[ 0.253386  0.291068  0.279795  0.332786  0.332158  0.323364 -0.855412
  0.305923  0.086531  0.093637  0.252842  0.257936  0.323132 -0.092958
  0.332788  0.270352 -0.509556  0.074517  0.247753  0.008848]
[-0.071116  0.324513  0.249577  0.329596  0.066563  0.300724 -0.041196
 -0.067221  0.268408  0.086952  0.307965  0.177696  0.219357 -0.965803
 -0.190413  0.301203 -0.293471 -0.941877  0.006828  0.119439]
[ 0.306111 -0.20254   0.261822  0.26438   0.212033  0.100023 -0.456492
  0.098297 -0.565541  0.050949  0.136986  0.305742  0.306618 -0.644442
  0.203979  0.08461  -0.930614 -0.030307  0.327236 -0.694729]
[ 0.116964  0.221781 -0.150635 -0.075261  0.327836  0.219409  0.320077
  0.190856 -0.952877 -0.959778  0.243671  0.03082  -0.437938 -0.005876
  0.117777 -0.697068  0.316785  0.219498 -0.465379  0.077471]
[ 0.324556  0.325009  0.254738 -0.093547 -0.152395 -0.933732  0.333314
  0.095411 -0.999953  0.17962   0.314406  0.308627  0.248051  0.144338
  0.289879  0.244639  0.332838  0.152387 -0.865449  0.275119]
[ 0.287511  0.327984 -0.975682  0.220073  0.269915 -0.279267 -0.039738
 -0.705815  0.28135   0.332794  0.103018 -0.071783  0.332993  0.173152
 -0.391297 -0.421757  0.310872 -0.912226 -0.406196  0.33016 ]
[ 0.279227 -0.827605 -0.999134 -0.698865  0.329563 -0.055064  0.275525
  0.200996 -0.22517  -0.069232  0.230822  0.309151  0.292666  0.159643
 -0.439221  0.32468   0.329806  0.322481  0.32715  -0.293157]
[ 0.31913   0.245338  0.171858 -0.945788  0.06945  -0.231941  0.236377
  0.287576 -0.113999 -0.034559 -0.997529  0.206099  0.319383  0.280281
  0.284479  0.067207  0.295742  0.327722  0.127713 -0.003609]
[-0.496513  0.330775  0.332787  0.251045 -0.571509  0.273654  0.208115
 -0.795699 -0.835381  0.237628 -0.356073  0.25072  -0.544397 -0.213197
  0.113637  0.319101  0.068734  0.219785  0.155704 -0.113963]
[ -9.189102e-02  -8.561724e-01  -5.360821e-01   2.499119e-01   3.141992e-01
  -2.568262e-01   3.226463e-01   1.747226e-01   3.116717e-01   3.330577e-01
   1.066434e-01   2.482497e-01   1.053269e-01   3.192042e-04  -6.364374e-01
   2.887387e-01   3.112579e-01   2.227692e-01   2.843577e-01   2.645702e-01]
[ 0.05585  -0.361645  0.267541  0.294022  0.30309   0.330692  0.313318
  0.332976 -0.294556  0.294233  0.323699 -0.062559  0.324863  0.199394
  0.262274 -0.870849  0.091354 -0.290318  0.220573  0.333243]
[ 0.236362  0.198083  0.174613  0.123865 -0.096938 -0.874386  0.02472
  0.025378  0.07365   0.256286  0.072135  0.289293 -0.652569 -0.573587
 -0.020972  0.037169  0.298485  0.272587 -0.373353  0.308373]
[0.055065854125053937, -0.030908267753553181, -0.024044755711193133, -0.075813766104532943, 0.042208182701027719, 0.00033906448503814857, 0.018610632881096933, 0.010509420026141303, -0.013242283599043919, 0.003699866030319271, -0.050339876804117223, 0.05450935629707418, 0.095216078594008047, 0.033723778708060148, -0.015870192274959727, -0.051490870126784605, -0.016391933118226065, -0.02323360041073419, 0.079170374355936268, 0.034457843683584594, 0.12303907892244434, -0.0038198039050841015, 0.036231201021907855, -0.00033289949834822835, -0.020429683952821909, 0.11220421536693068, 0.052224849215479874, 0.037461918679767336, -0.030320587238970464, 0.11089903527080636, -0.0020485608453498783, -0.12712085121376615, 0.023420635127143652, 0.095565064868794042, 0.035084192826000227, -0.012007398577520201, -0.018632629167622927, 0.020821973361703272, -0.0023239520196803864, -0.0087048558253461361, -0.0042455258057406686, -0.0079818406853963131, 0.052067140618070717, -0.01771949527828065, -0.031666009460958489, 0.072380495774289011, -0.00051968240368228946, 0.0034187618880048842, 0.0010921659850501864, -0.050004619766803982, -0.059991177454566502, -0.046033257567584585, 0.16313245353032987, 0.0086323683453894406, 0.011087817546923241, 0.03263582134864973, 0.041917309305156913, -0.019687008545432788, 0.0139133222922087, -0.052023725008404798, -0.019162003595260879, 0.031949307004974115, 0.013520562958690141, -0.010885901779014551, 0.017311244710025708, -0.0053160340475868761, 0.011086781450142136, 0.056518988696120931, 0.059575689833402001, 0.059120229565651716, 0.043047520764811636, 0.055116451291470914, 0.081030591474470171, -0.016054847025501306, -0.027229622260101116, -0.023568554776840611, 0.005799432149224848, 0.011782377148245649, -0.0184090857293156, 0.010127645407975757, 0.085486728019877445, 0.014639001131864893, -0.085218169502553232, 0.0058288476414041501, -0.015077955504581452, -0.081941320544744511, -0.025833089798348308, 0.070519425098064747, -0.017569534751256777, 0.010698069389182344, 0.058689917742325098, 0.017755930364281663, 0.041213548947094503, 0.052705289972857922, 0.085416889706801474, 0.054143620035161821, -0.047871890082416935, 0.010118598071457319, 0.028524124534013373, -0.044232626676949049]
('time: ', 9208.840007066727)
