“Running plot script on a single CPU core”
[ 0.08129   0.099515  0.142969  0.009146  0.005357 -0.012568]
[ 0.100564  0.114527  0.114281  0.040658 -0.016887 -0.016343]
[ 0.080018  0.020028  0.070328  0.001672  0.005307  0.018893]
[ 0.063482  0.086922  0.054774 -0.001771  0.012045 -0.005859]
[ 0.04624   0.052316  0.054586  0.021088 -0.007508  0.013476]
[ 0.038885  0.043291 -0.001099  0.020102  0.00154  -0.043066]
[-0.021804  0.002437  0.03178   0.010833 -0.017077 -0.031907]
[-0.04017   0.005496  0.019091 -0.031146  0.017116  0.051226]
[-0.022125  0.01035   0.013911 -0.039938 -0.016545  0.012844]
[ 0.046028  0.000597  0.084479 -0.036112  0.02905   0.024087]
[-0.031355  0.015305  0.024036 -0.002556  0.010895 -0.01471 ]
[ 0.004129  0.009439  0.026756  0.007646  0.000679 -0.022693]
[ 0.085817  0.05492   0.12599  -0.011484  0.003607 -0.009814]
[-0.020775 -0.06568  -0.006193 -0.005471 -0.011111 -0.00836 ]
[ 0.074957  0.071257  0.054114 -0.012056  0.002816 -0.005714]
[-0.056507  0.010822 -0.005161 -0.001518  0.012339 -0.014612]
[-0.026544 -0.000763 -0.000248  0.018171 -0.015783  0.075696]
[ -2.326538e-02   6.160567e-04  -2.360418e-03   9.601402e-03  -5.612925e-05
   2.431332e-02]
[ 0.030477  0.085378  0.114749  0.021556  0.004527  0.003961]
[  1.531258e-02   7.338705e-03   5.709347e-02  -8.561669e-05   1.288956e-02
   9.205203e-03]
[ 0.042635 -0.002046  0.097544 -0.043408  0.012471 -0.064142]
[ 0.009165  0.03907   0.08026  -0.012166  0.008613 -0.005322]
[  7.271341e-02   1.052896e-01   1.542353e-01  -9.076619e-03   2.628393e-02
  -9.036785e-05]
[ 0.017915  0.034483  0.051512 -0.012765 -0.007065 -0.003227]
[-0.056288 -0.041594 -0.022866 -0.039769  0.021336 -0.017428]
[ 0.049236 -0.005342  0.074122 -0.008923  0.015306 -0.003096]
[ 0.012489  0.076475 -0.020074 -0.019182 -0.045484 -0.008483]
[-0.028473 -0.022309  0.043115  0.024972 -0.002531  0.002854]
[ 0.037243  0.045657  0.024807 -0.002817  0.007545 -0.005473]
[ 0.15049   0.06512   0.099341  0.005514  0.004983 -0.006795]
[ 0.048814  0.06543   0.047583  0.013004 -0.013677  0.003543]
[ 0.06209   0.069851  0.128689  0.005872 -0.012147 -0.010505]
[ 0.020947  0.003184  0.037472 -0.007958  0.013794 -0.027393]
[ 0.069434  0.025458  0.068332  0.010878  0.003313 -0.005577]
[-0.032067  0.150752  0.093726  0.00802   0.046704 -0.04655 ]
[-0.017403 -0.001974 -0.003208 -0.006602  0.001781 -0.005153]
[-0.071616  0.034446  0.011932 -0.014005  0.012875  0.001839]
[ 0.015611 -0.048929 -0.004017 -0.013944 -0.005184 -0.007377]
[ 0.007656  0.110985  0.15765  -0.028509  0.023455  0.002954]
[-0.067322 -0.04418  -0.048602 -0.053485 -0.007201  0.049439]
[ 0.001705 -0.010163  0.009803 -0.004771 -0.014937 -0.00372 ]
[-0.044241  0.009021 -0.040853 -0.008369 -0.049212  0.031566]
[ 0.005738  0.040565  0.056195 -0.008202  0.007598  0.02584 ]
[ 0.074867  0.05988   0.046791 -0.00564  -0.015907  0.006934]
[ 0.002933  0.014442 -0.007896 -0.013855 -0.004501 -0.011991]
[ 0.077919  0.053044  0.06839  -0.015575  0.006953  0.011043]
[ 0.044103  0.038277  0.013259 -0.014476 -0.005451  0.005806]
[  6.369922e-02   3.365179e-02   1.918449e-02  -3.430778e-02  -5.655973e-03
   1.144085e-05]
[-0.088367 -0.033366  0.10317   0.013293 -0.015849  0.032652]
[ 0.061552  0.093503  0.050037  0.014142  0.014737 -0.004533]
[ 0.073232  0.091908  0.130246 -0.005207  0.04903   0.037984]
[ 0.048808  0.053249  0.070985 -0.005545  0.005034 -0.004243]
[ 0.031148  0.043344  0.041248  0.020897  0.016159 -0.005885]
[ 0.006098  0.041366  0.01331  -0.002111  0.023595  0.028158]
[-0.012335 -0.008484  0.011017 -0.027046 -0.016358 -0.021451]
[ 0.046017  0.07591   0.112139  0.010788 -0.022068 -0.007386]
[ 0.078179  0.03742   0.091031  0.014905 -0.038556 -0.017591]
[-0.012297  0.023319 -0.015399  0.011887 -0.001454 -0.008359]
[-0.008332  0.003065  0.04642   0.037973 -0.025218  0.001873]
[ 0.027671  0.070593  0.032561  0.020743 -0.037197  0.053454]
[ 0.063273  0.046283  0.03923   0.017877  0.007864 -0.008612]
[-0.093391 -0.038911  0.015279 -0.011434 -0.012596  0.005958]
[ 0.062348  0.085987  0.0823   -0.0179   -0.031493 -0.011854]
[ 0.024889  0.022981  0.046962 -0.033221 -0.022507 -0.006027]
[-0.007491  0.031829  0.00129  -0.015513 -0.0197    0.027283]
[ 0.053354  0.097435  0.078588 -0.011045 -0.011336 -0.011202]
[ 0.053634 -0.055879 -0.043739 -0.014319 -0.000263 -0.037595]
[ 0.008334 -0.007517  0.014768 -0.011485  0.013568 -0.015532]
[ 0.048073  0.146523  0.160749  0.06348  -0.04366  -0.021162]
[ 0.084504  0.039353  0.070011  0.035184  0.008187  0.02926 ]
[ 0.096039  0.104249  0.132886 -0.004808 -0.007731  0.001486]
[ 0.059514  0.027431  0.044032  0.03783  -0.020494  0.011204]
[ 0.036531  0.014549  0.058615 -0.022352 -0.007588 -0.004247]
[ 0.028284  0.073193  0.087336 -0.024015  0.015757  0.016585]
[-0.066397  0.00046  -0.007251  0.030889 -0.018088  0.031297]
[ 0.009232  0.032308  0.03924   0.035168 -0.033247  0.025662]
[ 0.05534   0.08964   0.097521 -0.0161   -0.036136  0.01535 ]
[ 0.027753  0.016455  0.058174  0.008238 -0.01466  -0.023481]
[ 0.036286  0.025712  0.021241  0.027731 -0.008364 -0.034876]
[ 0.013342  0.032078  0.018587 -0.001746  0.026818 -0.014054]
[ 0.069092  0.057688  0.043326  0.013261  0.016398  0.000992]
[-0.062327 -0.066218 -0.011424 -0.02162   0.027461 -0.048939]
[ 0.025346  0.040933  0.07203  -0.010915  0.004509 -0.010566]
[-0.01964   0.016905  0.035525 -0.002336  0.01241  -0.006391]
[ 0.05649   0.023295  0.044664  0.023907  0.002353 -0.009325]
[-0.006215 -0.032238 -0.032806 -0.05092   0.008498 -0.018273]
[ 0.08366   0.077555  0.13371  -0.035243  0.015503 -0.009525]
[ 0.07436   0.078415  0.069731  0.00208  -0.017111  0.003359]
[ 0.036298  0.047834  0.118574  0.006072 -0.014503  0.010071]
[ 0.129454  0.064212  0.142446 -0.040618 -0.054338 -0.026243]
[ 0.033891  0.017856  0.093172  0.053289 -0.028073  0.01955 ]
[ 0.073326  0.002647  0.024404  0.005026  0.0207    0.006782]
[ 0.055111  0.03751   0.020448  0.017248 -0.014757  0.018448]
[ 0.037499  0.042712  0.040192 -0.009258  0.018748 -0.014475]
[-0.04433   0.049797  0.009448  0.00316   0.001043  0.001415]
[-0.067838  0.035693 -0.013743 -0.000805 -0.013897  0.016678]
[ 0.001215  0.10545   0.143891 -0.02263  -0.01182  -0.017659]
[ 0.023065  0.026359 -0.032236 -0.006162 -0.00726  -0.007533]
[ 0.028498  0.046662  0.02491  -0.020366 -0.025394  0.021425]
[ 0.053042  0.072029  0.057987  0.00422   0.022266 -0.059439]
('Mean', 1, ': ', 0.053041610236795371)
('Median', 1, ': ', 0.053041610236795371)
('Variance', 1, ': ', 0.0)
('Mean', 2, ': ', 0.072029209842481234)
('Median', 2, ': ', 0.072029209842481234)
('Variance', 2, ': ', 0.0)
('Mean', 3, ': ', 0.057987356776827217)
('Median', 3, ': ', 0.057987356776827217)
('Variance', 3, ': ', 0.0)
('time: ', 10369.01397395134)
