“Running plot script on a single CPU core”
[ 0.013296 -0.008916  0.055782  0.025068  0.02806  -0.006202]
[-0.02351   0.064698  0.064464  0.000575  0.017721  0.017416]
[ 0.078446  0.011371  0.052764 -0.00065   0.000874 -0.027481]
[ 0.067451  0.101316  0.121572 -0.002054 -0.000267  0.005769]
[ 0.08153   0.066889  0.051912 -0.014679  0.00585  -0.014934]
[-0.081222  0.059714  0.089467 -0.019022 -0.026764  0.026236]
[ 0.005627  0.003222 -0.000704  0.015581  0.00764  -0.037112]
[ 0.037165  0.027169  0.093206  0.039912  0.010143 -0.005257]
[ 0.065223  0.084573  0.151671  0.06088   0.010433  0.033714]
[ 0.063123  0.01534  -0.006176  0.009456  0.013112  0.010333]
[-0.001701 -0.043158 -0.029609  0.002641 -0.059685  0.001665]
[ 0.065288  0.080424 -0.048277  0.007737 -0.016548 -0.01006 ]
[ 0.035539 -0.010468 -0.017357  0.011195 -0.029629  0.011187]
[ 0.04616  -0.020989  0.004708 -0.017598  0.003733 -0.013353]
[ 0.009666  0.079436  0.105251  0.00912  -0.010574  0.004171]
[ 0.068841  0.063718  0.102739 -0.001515  0.013674 -0.011187]
[ 0.020822 -0.00552  -0.025263  0.03819  -0.002034  0.022847]
[-0.089564 -0.111557 -0.132195  0.025847 -0.011366 -0.005884]
[-0.001105  0.032371  0.027443  0.024487 -0.010238  0.009324]
[ 0.110561  0.048354  0.142874  0.003185 -0.009473 -0.019965]
[ 0.038098 -0.048155  0.031188  0.008626  0.006645 -0.032174]
[-0.013226  0.033064  0.053522  0.006638  0.032814  0.009225]
[ 0.073858  0.061401  0.099414 -0.045741  0.012609  0.011761]
[-0.035074  0.02496  -0.023483  0.034238  0.000401  0.004867]
[ 0.015904  0.018695  0.005492 -0.014425  0.014558  0.021504]
[-0.031074 -0.017957 -0.025622 -0.003916  0.006698 -0.019644]
[ 0.068478  0.044279  0.058934 -0.015462 -0.00689  -0.017041]
[ 0.008096  0.074368  0.055307 -0.000662 -0.020427 -0.033942]
[ 0.063932  0.039954  0.086005  0.003056  0.00138  -0.005841]
[-0.029346  0.076043  0.029159 -0.000806 -0.026228 -0.007841]
[ 0.078856  0.058355  0.07465   0.00496  -0.023326  0.001245]
[-0.021738 -0.007323 -0.020719  0.019843  0.005253  0.042371]
[ 0.020289  0.055302  0.044359  0.019692 -0.036338  0.005476]
[-0.004077  0.02958   0.014693 -0.010471  0.001503  0.003812]
[ 0.092702  0.03268   0.138799 -0.028147 -0.01344  -0.016329]
[ 0.022219  0.067579  0.032868  0.04667   0.022071 -0.028328]
[-0.008815 -0.022838 -0.014277 -0.010773 -0.02024  -0.015319]
[ 0.069611  0.068063  0.084703  0.017331  0.001398 -0.003527]
[ 0.037193 -0.03516   0.022301 -0.019747 -0.019996  0.016358]
[-0.010287  0.006934 -0.048286 -0.010825  0.007671 -0.026004]
[-0.024376 -0.032538  0.06919   0.018157 -0.020361  0.035709]
[ 0.033576  0.032361  0.070378 -0.018691 -0.038028 -0.017618]
[ 0.008236  0.100096  0.069767 -0.038258  0.029617 -0.00112 ]
[ 0.108558  0.088667  0.152055 -0.008131 -0.024425  0.00737 ]
[ 0.084187  0.114655 -0.023926 -0.00434  -0.022218  0.012865]
[ 0.038736  0.055851  0.05852  -0.028485 -0.024793 -0.012553]
[ 0.053396 -0.004199 -0.002435 -0.001522  0.001105 -0.016114]
[ 0.017516  0.038746  0.013038 -0.007569  0.02788   0.005977]
[ 0.039026  0.043638  0.03577  -0.041689  0.029492 -0.001769]
[ 0.058023  0.052135  0.034904  0.01518   0.022235  0.023448]
[ 0.007323  0.07745   0.075293  0.010513 -0.001979  0.002439]
[-0.00433  -0.023097  0.001583 -0.028441 -0.017621  0.006129]
[ 0.047375  0.058982  0.014886  0.006432  0.006783  0.009662]
[ 0.004165  0.028348  0.011568 -0.005588 -0.025314  0.011671]
[ 0.014389  0.037152  0.062322 -0.013285 -0.012629 -0.026879]
[ 0.057204  0.071698  0.080749 -0.036475 -0.002944 -0.010725]
[-0.081047 -0.051732 -0.03503  -0.049139  0.043232  0.050488]
[-0.028207 -0.059543  0.011104 -0.033564 -0.038862  0.018021]
[-0.009593  0.000676  0.045201 -0.00317   0.004861 -0.010409]
[-0.016199 -0.038618 -0.024656  0.008214  0.016254  0.001855]
[ 0.044319  0.011068  0.003334 -0.030504  0.007133 -0.010382]
[ 0.034009  0.003613  0.022172  0.001823  0.012424  0.016437]
[-0.046267 -0.017934  0.043107  0.015872 -0.010577  0.010519]
[  4.368080e-02   6.370841e-02   7.852118e-02   2.180778e-03   3.744755e-05
  -8.667055e-03]
[ 0.070658  0.090207  0.088503  0.001154  0.017832  0.02226 ]
[ 0.024294  0.064195  0.048945 -0.023195 -0.014362 -0.001249]
[ 0.010514  0.047919  0.038559 -0.025816 -0.000106 -0.0058  ]
[ 0.108093  0.06466   0.09216  -0.015926 -0.007249 -0.005853]
[ 0.02308   0.062278  0.009029 -0.005353  0.013096  0.030065]
[ 0.032499  0.066013  0.094386 -0.028941 -0.001357  0.020467]
[-0.033483 -0.048671 -0.025792  0.024527 -0.040461  0.011572]
[-0.009047  0.038905 -0.011901  0.013853 -0.005005 -0.016674]
[ 0.02101   0.042759  0.009841  0.006154 -0.001812  0.012065]
[ 0.004836  0.083662  0.078101  0.025785  0.020651 -0.022758]
[-0.011569  0.03421   0.038119  0.005913 -0.020661 -0.015696]
[ 0.01244   0.071044  0.044419 -0.032934 -0.010371 -0.013679]
[ 0.009795  0.033469  0.069065  0.021472 -0.013788  0.013894]
[ 0.059114  0.074762  0.085694  0.003638  0.013887  0.008892]
[ 0.034787  0.034224  0.034955  0.015147 -0.026352  0.009934]
[-0.061076 -0.010883  0.019833  0.016643  0.016415 -0.010029]
[ 0.004364  0.045408 -0.022092  0.004199 -0.011909 -0.001156]
[ 0.040998  0.018673  0.046835  0.018682  0.003324  0.000656]
[ 0.013712  0.063963  0.035055  0.003712  0.004816 -0.017448]
[ 0.008292  0.093913  0.088238 -0.049073 -0.000704 -0.01058 ]
[ 0.086483  0.031874  0.083178 -0.021811 -0.005513  0.02903 ]
[-0.031958  0.082119 -0.052351 -0.002144 -0.048249 -0.013244]
[-0.002375 -0.022862 -0.053415 -0.008129  0.006486 -0.011936]
[ 0.024686  0.047105  0.009221  0.009046 -0.012906 -0.00165 ]
[-0.000783  0.028992  0.108127 -0.028721  0.027651  0.003251]
[ -1.348836e-01  -1.173391e-01  -7.488073e-02   2.286103e-02  -1.286638e-04
  -1.681690e-02]
[ 0.021726 -0.014587  0.032657  0.006583  0.025627 -0.042901]
[ 0.006472 -0.005475  0.077598  0.001426  0.003858 -0.016233]
[-0.006209  0.011441  0.010614  0.005917  0.008736 -0.009899]
[ 0.002942  0.013914  0.047683  0.00629  -0.003993  0.003845]
[ 0.004665  0.108973  0.095843 -0.004351  0.020625 -0.029628]
[ 0.033681 -0.010612  0.035737  0.014952 -0.00708   0.016169]
[-0.001823  0.175558  0.088265  0.040903 -0.020387 -0.015698]
[ 0.011001 -0.019546  0.028322  0.015615  0.025785  0.006507]
[ 0.004324  0.042723  0.088954  0.021225  0.015727 -0.0016  ]
[ 0.082867  0.077731  0.087413  0.024407  0.001626  0.003578]
('Mean', 1, ': ', 0.082867341466611635)
('Median', 1, ': ', 0.082867341466611635)
('Variance', 1, ': ', 0.0)
('Mean', 2, ': ', 0.077730502350110781)
('Median', 2, ': ', 0.077730502350110781)
('Variance', 2, ': ', 0.0)
('Mean', 3, ': ', 0.087412732261651263)
('Median', 3, ': ', 0.087412732261651263)
('Variance', 3, ': ', 0.0)
('time: ', 13518.893901109695)
