“Running plot script on a single CPU core”
[ 0.012127 -0.001796  0.061985  0.003357  0.007045  0.005564]
[ 0.114571  0.115835  0.033294  0.026461  0.035853 -0.056145]
[-0.010063  0.00516   0.046899 -0.021524 -0.015997  0.003609]
[ 0.054778 -0.049829  0.072659 -0.022264 -0.01027  -0.012144]
[ 0.071455  0.099287  0.079494  0.015361 -0.011518 -0.004639]
[ 0.028643 -0.005822  0.01029  -0.003243  0.006589 -0.010487]
[ 0.058458  0.078439  0.021239 -0.012213  0.018842 -0.007926]
[ 0.090749  0.105777  0.073908 -0.013672  0.009616 -0.013912]
[-0.03949   0.079628  0.091519 -0.048368 -0.030986 -0.008276]
[ 0.041643  0.019726  0.058877 -0.002123  0.010429 -0.009219]
[ 0.058684  0.025131 -0.045401  0.002401  0.026752 -0.006981]
[ 0.039516  0.043777  0.063408  0.02049  -0.020595  0.005146]
[ 0.076616  0.14741   0.001599 -0.021312  0.002564  0.065267]
[ 0.05557   0.114779  0.065022 -0.014826  0.018606  0.00151 ]
[ 0.003634  0.046569  0.006123  0.011492 -0.004369 -0.026043]
[ 0.014684  0.024097  0.022075 -0.011452 -0.000428 -0.001761]
[ 0.061262  0.061564  0.038933  0.021127  0.000563 -0.007073]
[-0.055499 -0.017003  0.028992  0.006497 -0.011457  0.02459 ]
[-0.005883  0.001962 -0.004137 -0.00529  -0.009053  0.040274]
[-0.042227 -0.008931 -0.013266 -0.013717 -0.042183  0.00483 ]
[ 0.023992  0.002777  0.047577 -0.017437  0.006665 -0.02113 ]
[ 0.053657  0.013438  0.104473 -0.032909  0.006107  0.013806]
[ 0.008273 -0.014604  0.077067 -0.042258  0.007174  0.038026]
[-0.003169  0.104957  0.084421  0.028501 -0.039735 -0.005151]
[-0.034873 -0.033634 -0.025969 -0.013869 -0.004432 -0.025143]
[ 0.097719  0.110001  0.091787 -0.007514 -0.006198 -0.004594]
[ 0.084128  0.007352  0.029804  0.006751  0.016884 -0.058932]
[ 0.064925  0.081901  0.098367 -0.006514  0.008099  0.00403 ]
[-0.020466 -0.011098  0.080321 -0.011423 -0.036894 -0.022153]
[ 0.013871 -0.025866  0.014109  0.019356  0.020593  0.006138]
[ 0.016921  0.056074  0.028952  0.015578  0.031734 -0.026584]
[ 0.055115  0.038209  0.122836 -0.005938 -0.016306  0.018601]
[ 0.00201   0.055973  0.049471  0.009424  0.004689  0.026005]
[ 0.062545  0.09494   0.07138   0.001763  0.007275  0.03196 ]
[-0.025897  0.048883  0.033525 -0.024794 -0.005639 -0.002167]
[-0.030411 -0.034358  0.00553   0.020274 -0.017045  0.008502]
[ 0.026381  0.0503    0.007206  0.006365 -0.013988  0.01393 ]
[-0.00706   0.047514  0.078068 -0.01281  -0.004419  0.00653 ]
[ 0.007632  0.068331  0.04985  -0.030031  0.035733 -0.036692]
[-0.007751  0.012507  0.010923  0.006003  0.016521  0.008901]
[ 0.06081   0.049485  0.120243 -0.02927  -0.028229 -0.01904 ]
[-0.013296  0.054754  0.070511 -0.004321  0.023542  0.005362]
[ 0.025211  0.078728  0.095502 -0.0287    0.002884 -0.024536]
[ 0.007904  0.076485  0.022136  0.015168  0.002777  0.008459]
[ 0.03798   0.058925  0.073655 -0.00627  -0.001212  0.010635]
[-0.001565  0.042487  0.11923  -0.004088  0.000896 -0.069403]
[-0.014702  0.046953  0.014782 -0.012977  0.006912  0.009427]
[-0.05357  -0.018992  0.023744 -0.010881  0.018236 -0.000577]
[-0.001632 -0.072745 -0.007047  0.020707 -0.0193    0.021036]
[-0.031025  0.038733  0.040295 -0.005254 -0.010459  0.012421]
[ 0.090956  0.045512  0.042232  0.005091  0.008436 -0.013707]
[ 0.069145  0.05926   0.117191 -0.009794 -0.022707  0.033294]
[ 0.034078  0.013864  0.068085  0.008205  0.023476  0.010594]
[-0.005759 -0.022217  0.024632  0.053325 -0.014459  0.026511]
[ 0.041257  0.056978  0.025574  0.015927  0.028032  0.02019 ]
[ 0.021473  0.074192  0.028531 -0.000945  0.00033   0.027066]
[-0.010397 -0.021324  0.01367  -0.001919 -0.025412  0.031288]
[ 0.066765  0.059002  0.062398 -0.003198 -0.002494  0.019968]
[  3.173820e-02   1.072987e-01   5.461995e-02   5.488654e-03   1.326078e-02
  -1.010016e-04]
[ 0.041273  0.052829  0.052964 -0.006917  0.007562  0.00114 ]
[-0.007623  0.053417  0.038088 -0.013059  0.028346 -0.013011]
[ 0.072888  0.073073  0.075885  0.009196 -0.004532 -0.00641 ]
[-0.026678  0.03764   0.02982  -0.000191  0.025696 -0.018162]
[ 0.005829  0.01764   0.010074  0.017744  0.017625  0.011489]
[-0.002415  0.063088  0.034759  0.013522  0.006287  0.035721]
[ 0.044913  0.081825  0.082162  0.024623 -0.024431  0.002219]
[-0.037437  0.056943  0.024401 -0.00493  -0.013307 -0.003705]
[ 0.012141  0.039539  0.01712   0.001205  0.013157 -0.014139]
[-0.036286 -0.024058  0.007866 -0.010663  0.00174   0.002175]
[ 0.100903  0.062202  0.079756 -0.001976  0.003733 -0.016577]
[-0.032584 -0.038925 -0.038501  0.016722  0.009029  0.026845]
[ 0.045044  0.045122  0.052837  0.013396 -0.017463  0.003621]
[ 0.031409 -0.020117 -0.03215  -0.024182 -0.019876 -0.005117]
[-0.022966  0.005277  0.017591  0.003642 -0.010513  0.010272]
[-0.05004   0.009046 -0.052999 -0.014381 -0.013584 -0.020684]
[-0.072031 -0.008993 -0.003291 -0.004594  0.02252   0.01022 ]
[ 0.037358  0.098759  0.058359  0.009615 -0.035573 -0.005399]
[ 0.064226  0.052268  0.094715 -0.010615 -0.009336 -0.016134]
[ 0.066349  0.056007  0.042342 -0.006434  0.039647  0.022798]
[ 0.007195  0.042479  0.023008  0.003609  0.02678   0.0056  ]
[ 0.080848  0.060955  0.021871  0.008674 -0.020849 -0.003212]
[ 0.015624  0.052833  0.043493 -0.031392 -0.012578  0.022863]
[  4.292772e-02   1.886299e-02   6.108615e-02   1.498190e-05  -1.807855e-03
  -1.488201e-02]
[-0.010797  0.029051  0.012009 -0.01415  -0.03983   0.022966]
[ 0.089044  0.06825   0.052885  0.006515 -0.014992  0.007697]
[ 0.035468  0.024872  0.060796  0.019735 -0.003482  0.009216]
[ -2.544622e-02   1.220722e-02   1.846976e-03  -7.504215e-05   3.733086e-03
  -5.168257e-03]
[ 0.05414   0.061037  0.108714 -0.009509 -0.011683 -0.025917]
[ 0.048685  0.079361  0.079354  0.005382 -0.013731 -0.014271]
[-0.027235  0.044351  0.015719  0.0192   -0.005905  0.039251]
[ 0.072626  0.053417  0.078455  0.031849 -0.014187  0.029311]
[ 0.099193  0.089465  0.084567  0.029899  0.003175 -0.016261]
[ 0.069048  0.002407 -0.025836 -0.000979 -0.002394 -0.009937]
[ 0.042727  0.028781  0.03636   0.00032  -0.03537   0.041047]
[-0.016767  0.005928  0.040523  0.025462 -0.058867  0.012848]
[ 0.087164  0.116311 -0.025874 -0.045672  0.011211  0.02436 ]
[-0.084668 -0.032297 -0.087216  0.007407  0.020772  0.008142]
[ 0.042762  0.071061  0.06288  -0.056609  0.004062 -0.033238]
[-0.050171 -0.008004 -0.00987   0.021437 -0.029145  0.001512]
[ 0.069969  0.061221  0.0628    0.003249  0.007434 -0.004225]
('Mean', 1, ': ', 0.069969317836826403)
('Median', 1, ': ', 0.069969317836826403)
('Variance', 1, ': ', 0.0)
('Mean', 2, ': ', 0.061220551358381281)
('Median', 2, ': ', 0.061220551358381281)
('Variance', 2, ': ', 0.0)
('Mean', 3, ': ', 0.062800287746727274)
('Median', 3, ': ', 0.062800287746727274)
('Variance', 3, ': ', 0.0)
('time: ', 13375.601722955704)
