“Running plot script on a single CPU core”
[-0.726047 -0.827016 -0.939531 -0.932795 -0.829034 -0.954722 -0.027655
 -0.018604  0.021109  0.06316   0.037358 -0.010688  0.080868  0.062177
 -0.046743  0.095717  0.051363  0.023567  0.025026  0.016137]
[-0.905207 -0.80167  -0.723887 -0.769128 -0.767217 -0.67924  -0.099268
  0.018449 -0.015497 -0.018226 -0.056947  0.004353 -0.003094 -0.089729
  0.107561 -0.041542 -0.008021 -0.078908 -0.03295  -0.031597]
[-0.829478 -0.924805 -0.67141  -1.007216 -0.962407 -1.045468  0.060669
 -0.07382   0.129735 -0.141798  0.361094  0.303885  0.135697  0.359325
 -0.01331   0.163432 -0.238007  0.222626  0.020552 -0.009805]
[-0.776549 -0.940371 -0.767565 -0.749135 -0.682366 -0.855384  0.068016
  0.096844 -0.19685   0.127052  0.001425 -0.145413 -0.081738 -0.040646
  0.136498 -0.031784  0.106762  0.075267  0.036686  0.043742]
[ -7.241193e-01  -8.130367e-01  -7.735979e-01  -6.742043e-01  -6.724808e-01
  -7.416716e-01  -7.531171e-03   2.383287e-04  -1.282408e-02   4.867236e-02
  -2.128546e-02  -3.385101e-03   6.007345e-02  -1.867213e-02   3.042565e-02
   4.539126e-02  -2.342719e-03  -2.403168e-02   3.477212e-03   8.169053e-03]
[-1.148017 -0.709223 -0.984135 -0.668921 -0.838546 -0.560248  0.059247
 -0.042447 -0.018023  0.072249 -0.092381 -0.033976  0.024832 -0.069355
 -0.087537  0.076589  0.058982  0.059682  0.033192  0.047601]
[-0.918655 -1.009929 -1.009485 -0.937641 -1.019639 -1.033222  0.027051
 -0.062137 -0.037194  0.069899  0.024501  0.00623   0.1022    0.006708
 -0.117256  0.188627  0.015334  0.078777 -0.012087 -0.008059]
[ -1.039778e+00  -9.641377e-01  -8.188090e-01  -9.964546e-01  -7.988539e-01
  -7.755836e-01  -1.786908e-02  -5.712665e-03  -1.035320e-03  -4.213396e-02
  -8.267446e-02   2.126904e-02   1.036119e-02  -1.601146e-02  -4.292438e-02
   6.916768e-03  -2.446973e-02  -6.607908e-02   5.149240e-02  -2.169582e-02]
[ -1.028926e+00  -9.508479e-01  -1.019664e+00  -7.731149e-01  -1.026395e+00
  -9.347423e-01  -2.322664e-02  -3.281181e-03   2.779391e-02  -4.873802e-02
   9.521632e-02   7.313624e-02   9.003082e-03   4.417949e-02  -6.346173e-04
   2.208214e-02  -8.485818e-03  -3.267897e-02  -1.724437e-02   6.136576e-03]
[-0.764813 -0.811393 -0.740415 -0.955797 -0.770993 -0.934967  0.055093
 -0.113836  0.02979   0.046114 -0.039039  0.059059 -0.004003  0.010516
 -0.051907 -0.036435  0.015281 -0.033778 -0.054832 -0.020889]
[-1.018479 -0.925165 -0.808084 -1.077413 -1.006558 -1.040472 -0.153998
  0.015931 -0.020666 -0.075613  0.036442  0.019542 -0.082507 -0.003582
  0.029147 -0.003198 -0.108869 -0.133813 -0.149338 -0.048492]
[-0.998385 -1.057981 -0.919771 -1.133909 -0.867085 -1.09094  -0.0174
  0.083892 -0.035902  0.01288  -0.001556 -0.006466 -0.081266  0.081993
  0.048292 -0.031597  0.052747 -0.069067 -0.018364 -0.063114]
[ -9.125151e-01  -9.833380e-01  -6.916602e-01  -8.509364e-01  -6.997821e-01
  -8.577194e-01  -7.392611e-03  -2.218083e-02  -1.606112e-01   1.115028e-02
  -5.309520e-02  -1.206432e-01   5.349578e-02  -5.284140e-02  -8.648314e-02
   8.796174e-02   5.515758e-04  -2.749549e-03  -2.596948e-02  -1.339572e-02]
[-0.844453 -0.81084  -1.003655 -0.632393 -0.720211 -0.668827 -0.027554
 -0.153641 -0.124222  0.046325  0.067021 -0.115635  0.157421  0.064757
 -0.136926  0.090126  0.059506 -0.015849 -0.003621  0.043618]
[-0.910822 -0.950576 -0.839784 -0.811018 -0.690398 -0.759596 -0.059218
 -0.023494  0.016489  0.050595  0.011999  0.032395 -0.102552  0.021239
 -0.004396 -0.083515  0.045073 -0.031687  0.015509  0.008122]
[-1.134556 -1.100346 -1.228444 -0.794398 -0.914159 -1.012165 -0.12504
 -0.101296 -0.036571  0.065455  0.196205 -0.113531  0.122775  0.219431
 -0.081734  0.132507  0.122342 -0.062341  0.012635 -0.031053]
[-0.722498 -0.68862  -0.854579 -0.472197 -0.662026 -0.714685 -0.1114
 -0.09631  -0.035018  0.037955  0.075036 -0.010443  0.007913  0.014714
 -0.08696   0.038924  0.007472 -0.182291  0.026448  0.013435]
[ -8.757078e-01  -1.041234e+00  -6.606448e-01  -9.572668e-01  -6.571046e-01
  -7.400095e-01   2.567227e-02  -1.399145e-02  -8.442441e-04  -2.896109e-02
   9.218971e-02   2.851569e-02   5.693411e-02   9.432264e-02  -2.729967e-02
  -2.032919e-03  -2.593274e-02   7.380690e-02  -8.314308e-03   4.346893e-02]
[ -1.046366e+00  -8.383289e-01  -9.458194e-01  -7.849663e-01  -9.820642e-01
  -7.898386e-01  -4.315740e-02  -1.412577e-02   1.053394e-01   3.372359e-02
   2.011641e-02   6.531660e-02  -2.562120e-02  -2.626107e-02  -9.394285e-02
  -3.374041e-03  -5.601949e-04   4.125929e-02   4.394521e-02   2.979097e-02]
[-1.067951 -1.059308 -1.092656 -1.067244 -1.183686 -1.002419  0.043101
 -0.017123 -0.015389 -0.116607  0.02701  -0.059495  0.055592 -0.044021
 -0.085979  0.006588 -0.148803  0.009746  0.063432 -0.007144]
[-1.036638 -1.12613  -1.035063 -1.099345 -0.928045 -1.074069  0.182164
 -0.110327  0.244673  0.164874 -0.014036  0.232113 -0.101092 -0.047209
 -0.152523 -0.081515  0.219063  0.119259  0.031483 -0.006645]
[-0.967834 -0.89885  -0.78759  -1.003178 -0.988379 -0.928193 -0.019665
 -0.003842 -0.045181 -0.107414  0.055175  0.012162 -0.1254   -0.0333
 -0.006621 -0.072761 -0.079226 -0.014896 -0.045706  0.055981]
[-1.041715 -0.892012 -1.061783 -0.609456 -0.682687 -0.663226 -0.234486
 -0.025604 -0.057006  0.102321 -0.080899 -0.013991 -0.010472 -0.137302
 -0.044535 -0.011456  0.0614   -0.255949  0.063081  0.048522]
[-0.90496  -1.10869  -1.090632 -0.914439 -0.892759 -1.134449  0.047893
  0.057043 -0.103919 -0.090758 -0.086998 -0.148648 -0.035895 -0.003619
  0.012223 -0.079323 -0.028764 -0.038689  0.042771  0.001812]
[-0.922449 -0.737626 -0.704914 -0.790339 -0.826901 -0.70644   0.051252
  0.026787  0.109945  0.118808  0.031888  0.118502 -0.008775 -0.016715
  0.107692  0.03865   0.134547 -0.015853  0.005647 -0.008738]
[-1.361308 -1.095506 -1.140426 -1.308199 -1.171059 -1.081272 -0.004751
  0.031248  0.043245 -0.139834 -0.149977  0.040831  0.075393 -0.066541
  0.070716 -0.028637 -0.139008  0.049423  0.050919  0.020275]
[-0.984152 -0.742304 -0.850368 -0.760205 -0.929747 -0.758369 -0.229035
 -0.041433 -0.113444 -0.00155  -0.054237 -0.046921 -0.051774 -0.059486
 -0.117091 -0.04456   0.076636 -0.215486 -0.054825 -0.027546]
[-1.012375 -1.007553 -0.992384 -0.869904 -0.76292  -0.851344 -0.092179
  0.105433  0.028182 -0.033624 -0.069007 -0.063188  0.045279 -0.088801
  0.112094  0.034549 -0.005227 -0.090268 -0.010042  0.036876]
[-0.704404 -0.962391 -0.699008 -0.88648  -0.443778 -0.701088 -0.058494
  0.074905 -0.243098 -0.120018 -0.108341 -0.153847  0.003815 -0.075346
  0.019803  0.01478  -0.218096 -0.028123  0.031544  0.034085]
[-1.335113 -1.169417 -1.024431 -1.004869 -0.687732 -0.891542 -0.125106
 -0.033674 -0.017673 -0.108143 -0.051258 -0.069927  0.078133 -0.048286
 -0.29352   0.083964 -0.18494  -0.220019  0.012398 -0.091238]
[-1.198241 -0.855425 -0.921253 -1.196779 -1.10334  -0.821174 -0.008388
 -0.019078  0.035006  0.074299  0.029966  0.103504  0.074551 -0.013446
  0.046275  0.093323  0.0396   -0.019194 -0.020778 -0.024755]
[ -8.306143e-01  -8.480694e-01  -1.005768e+00  -8.628865e-01  -9.125637e-01
  -1.278083e+00  -2.564405e-02  -5.265896e-02   1.125650e-01  -8.474151e-02
  -1.148034e-01   9.077916e-02  -5.265995e-02  -1.262211e-01  -8.358417e-02
  -8.023528e-02  -8.457215e-02  -2.298397e-02   8.062921e-02  -7.784668e-04]
[-1.141061 -1.135065 -1.163507 -0.88024  -1.076196 -1.116631  0.0897
  0.078622 -0.057405  0.069024 -0.040034  0.002021  0.033156 -0.016809
  0.140009  0.05937   0.037095  0.126893  0.017655  0.015808]
[-0.898937 -1.022148 -1.239743 -0.695816 -0.929961 -1.216046  0.108909
  0.012471 -0.145701  0.086682 -0.005463 -0.306551  0.088375  0.038733
 -0.014943 -0.023356  0.1047    0.141515 -0.002887  0.012179]
[-1.215145 -1.096495 -0.785745 -1.017667 -0.837304 -0.740304  0.044642
 -0.113927  0.141961 -0.076188 -0.111946  0.100154 -0.001812 -0.051744
 -0.110407 -0.030258 -0.033316  0.031516 -0.010131  0.026076]
[-0.921521 -0.906074 -0.881652 -0.994123 -1.102261 -1.091714 -0.059356
 -0.023918 -0.080812  0.067996 -0.013031 -0.035886  0.027739 -0.024288
 -0.049409  0.06155   0.065642 -0.032942 -0.002164 -0.03001 ]
[-0.948021 -1.104778 -0.96199  -1.087096 -0.815798 -1.091179 -0.087503
 -0.085725  0.006224  0.052961 -0.065064  0.005937  0.019345 -0.032291
 -0.150775  0.02204  -0.025046 -0.095222 -0.037013  0.021752]
[-1.088602 -0.934229 -0.815883 -1.264698 -0.829999 -0.760053  0.003846
 -0.043553 -0.044839 -0.049587  0.013397 -0.040861  0.012794 -0.05035
 -0.086037  0.024304 -0.105781  0.01349  -0.075259 -0.032848]
[-1.159074 -1.019955 -1.100394 -0.812849 -0.765757 -0.973002 -0.143284
 -0.152701 -0.039611  0.12043   0.078537 -0.051656  0.043259  0.055721
 -0.227609  0.053889  0.178834 -0.133048 -0.010889 -0.005466]
[-1.299889 -0.928529 -0.9733   -1.019417 -0.952419 -0.701717 -0.002261
  0.040592  0.01791  -0.066058  0.015644  0.034375 -0.001874  0.002563
  0.104535  0.092242 -0.117102  0.091589 -0.134679 -0.029058]
[-1.018733 -0.680168 -0.768108 -0.72177  -0.914589 -0.586368 -0.074667
  0.083647 -0.014035 -0.007871 -0.09745  -0.037042 -0.118718 -0.096027
  0.008053 -0.086288  0.093855  0.044719 -0.057737 -0.024681]
[-1.005696 -0.930172 -0.777274 -1.030463 -0.945103 -0.879972  0.029604
 -0.08546   0.153536  0.165902 -0.024419  0.197234  0.023769  0.010899
 -0.035598  0.119096  0.1765   -0.091012 -0.063559 -0.023003]
[-0.571198 -0.822176 -0.598252 -0.74074  -0.589332 -0.839082 -0.03578
  0.028553 -0.032961  0.029447 -0.011298 -0.123258 -0.207705 -0.042508
  0.010495 -0.106395 -0.020956 -0.067735 -0.0037   -0.017637]
[-1.009263 -0.976677 -0.858426 -1.056537 -0.77116  -0.854208 -0.04228
  0.038624  0.010589  0.064708 -0.173443  0.066936 -0.118514 -0.088469
  0.004293 -0.113594  0.108697 -0.054664 -0.012454  0.057024]
[ -9.790254e-01  -1.080839e+00  -1.131175e+00  -6.301565e-01  -7.474502e-01
  -8.200342e-01  -1.559395e-02   1.214056e-02  -4.771086e-02   1.307833e-01
   3.141383e-02  -9.547652e-02  -7.325898e-04   2.145617e-02  -3.144258e-02
  -2.920350e-02   5.349879e-02   3.226460e-02  -7.207912e-02   1.355194e-03]
[ -1.059569e+00  -9.103109e-01  -8.501092e-01  -9.983314e-01  -9.238001e-01
  -9.063497e-01   3.442246e-03   6.025442e-02   9.927672e-04  -3.240494e-02
   1.577837e-02   5.119920e-02  -2.077205e-01   9.241889e-03  -4.502329e-03
  -1.445048e-01  -5.666340e-02   3.794838e-02   9.096531e-03  -2.434096e-03]
[-0.905017 -1.118537 -1.019317 -0.84147  -0.729882 -0.865795 -0.079703
  0.05984   0.117664 -0.079278  0.045806  0.080103 -0.038937  0.043875
  0.073891 -0.012776 -0.106229 -0.098483  0.011872  0.006722]
[-0.95512  -0.914217 -0.861854 -1.152544 -1.063202 -1.000869  0.034783
  0.094768  0.023228  0.005804 -0.087808  0.069301 -0.024122 -0.07651
  0.101791  0.010534 -0.031715  0.060581  0.005874 -0.004352]
[-0.718443 -0.856591 -1.005918 -0.734114 -0.914972 -1.052754  0.041479
 -0.041886  0.032024 -0.034038  0.027066 -0.008629  0.018973  0.081607
 -0.025118  0.027036 -0.060164  0.087651 -0.046532  0.013498]
[-0.903693 -0.950616 -0.963306 -0.787059 -0.780409 -0.782381  0.011272
 -0.04213   0.002696 -0.06555   0.015661  0.042056 -0.037124  0.005334
 -0.036828 -0.023928 -0.050763  0.041007 -0.021423 -0.024922]
[-0.820274 -0.776144 -0.751044 -0.686586 -0.745861 -0.629031  0.104159
 -0.11507  -0.031587 -0.092585  0.047302 -0.007378  0.05148   0.07161
 -0.082231  0.076842 -0.063363  0.131724 -0.008416 -0.019248]
[-0.669236 -0.984834 -1.002719 -0.650518 -0.695968 -1.256877 -0.217372
  0.056413  0.128685 -0.148539 -0.073394  0.167198  0.076884  0.060473
  0.068213 -0.015566 -0.163796 -0.17649   0.097063  0.021804]
[-1.187823 -1.105558 -1.022601 -0.890896 -0.875299 -0.885395  0.18251
  0.059769 -0.144174  0.067681 -0.061775 -0.142495 -0.095431 -0.044927
 -0.004259 -0.043036  0.019071  0.164241 -0.007937 -0.009971]
[-0.760305 -0.655459 -0.860068 -0.609208 -0.738461 -0.793597 -0.026485
 -0.043113 -0.107322 -0.135967 -0.024636 -0.101192  0.030912 -0.079005
  0.013763 -0.020482 -0.125504 -0.015236 -0.024251 -0.03671 ]
[-0.835521 -1.096386 -0.813034 -1.066461 -0.860998 -1.117529  0.067608
  0.091256  0.012731 -0.039945  0.026439  0.06263  -0.022075  0.042045
  0.121309 -0.086352 -0.020236  0.10185  -0.033545 -0.013422]
[ -8.538030e-01  -8.441569e-01  -8.076842e-01  -7.118266e-01  -8.323764e-01
  -7.713912e-01  -2.081066e-02  -3.405807e-02  -4.803075e-02  -1.139744e-01
   3.775108e-02  -3.730142e-04   7.850137e-02  -1.771256e-02  -2.342070e-02
   1.073443e-01  -8.199155e-02  -6.399103e-02  -5.304914e-02  -4.133323e-02]
[-1.111738 -0.963611 -0.868213 -0.963132 -0.872151 -0.418312 -0.05244
 -0.01147  -0.068195  0.136328  0.198991 -0.094612 -0.016937  0.153976
  0.027912  0.054298  0.1745   -0.087911 -0.049466 -0.052543]
[-0.745374 -0.941026 -0.908703 -0.798008 -0.644879 -0.886421  0.0501
  0.019489 -0.06955   0.008957 -0.081753 -0.034174  0.129507 -0.048233
 -0.026855  0.053637  0.062056  0.131754  0.018449  0.060166]
[-0.75043  -0.788474 -0.777464 -0.835466 -0.831269 -0.769376  0.052355
  0.131053  0.115637 -0.052648  0.125388  0.137925  0.058867  0.226307
  0.006882  0.07182  -0.050758  0.14662  -0.0908   -0.044768]
[-0.969033 -0.929006 -0.874703 -0.731453 -0.77935  -0.88519   0.098537
 -0.024654  0.007059 -0.071999 -0.026213 -0.068186  0.073369  0.002694
 -0.05186   0.043703  0.013306  0.126032  0.036523  0.007975]
[-0.933183 -1.165518 -0.711472 -1.081184 -0.971666 -0.996759  0.022928
  0.007438 -0.234211  0.04705  -0.065268 -0.308358 -0.058224 -0.010772
  0.072803 -0.068865  0.046849  0.035734 -0.00879   0.014646]
[-0.891006 -0.900471 -0.681081 -0.805962 -0.521814 -0.418793  0.009752
  0.055476 -0.056398  0.019559  0.021106 -0.009724 -0.209338  0.011613
  0.026967 -0.248414  0.015823 -0.003616  0.015992 -0.003322]
[-1.076789 -0.882747 -1.036824 -0.796717 -0.952937 -0.578644  0.002899
 -0.004683 -0.12853  -0.02275  -0.037288 -0.009604 -0.056352 -0.018693
 -0.020401 -0.014928  0.001748  0.003432 -0.076358 -0.027534]
[ -8.916636e-01  -7.137084e-01  -4.725406e-01  -1.073754e+00  -8.356868e-01
  -9.274199e-01   5.310907e-04   3.685132e-02  -9.167014e-02   2.873769e-03
  -9.657069e-02  -9.333283e-02  -1.323475e-01  -8.503428e-02  -2.393927e-02
  -7.255884e-02  -2.366391e-02  -8.008110e-02  -2.716534e-02   1.500292e-03]
[-0.934157 -0.805282 -0.916481 -0.752938 -0.859637 -0.711544 -0.016385
  0.005699 -0.071133 -0.087417 -0.024388 -0.08017  -0.026172 -0.04415
  0.020642 -0.003334 -0.062485 -0.05115  -0.01405  -0.002413]
[ -9.088654e-01  -7.927086e-01  -7.664872e-01  -8.549064e-01  -7.633407e-01
  -7.047137e-01   1.008117e-02   7.934506e-02   4.111109e-03  -9.071394e-02
   6.070218e-02  -2.048926e-02  -3.164308e-02  -9.508755e-05   1.008217e-01
   2.188269e-02  -6.879371e-02  -1.797213e-02  -6.730548e-03  -3.141456e-02]
[ -7.465064e-01  -8.352599e-01  -6.450760e-01  -8.960776e-01  -7.402973e-01
  -7.191380e-01  -3.985528e-02  -9.898326e-02   7.571992e-02  -3.918454e-02
  -1.415331e-01   4.381752e-02  -3.877398e-02  -2.121577e-01  -9.899236e-02
  -1.304885e-01  -7.733616e-02   1.579550e-02  -1.710560e-02  -5.671923e-04]
[ -1.017857e+00  -9.554941e-01  -1.124340e+00  -1.084701e+00  -1.018540e+00
  -8.762799e-01  -1.974392e-04   1.565492e-02  -5.004659e-03  -1.386622e-02
   5.871459e-02  -6.898684e-02   7.136178e-02   1.576114e-01  -2.670501e-02
   4.838577e-02  -8.591476e-02   5.314240e-04   1.804251e-02   5.877087e-05]
[-1.048294 -1.130355 -0.903593 -1.249972 -1.185169 -1.19658   0.102125
 -0.145839 -0.012985  0.007768  0.007096  0.004325 -0.056906  0.098168
 -0.186705 -0.02276   0.07803   0.032078 -0.05116  -0.045612]
[-0.674924 -0.580237 -0.746722 -0.688348 -0.832796 -0.792779 -0.028155
 -0.040693  0.050617  0.029756  0.003648  0.037367 -0.042716  0.016107
 -0.039294 -0.077093 -0.014421 -0.046141 -0.046006  0.017039]
[-0.868927 -0.83049  -0.683863 -1.039137 -0.924668 -0.732399 -0.015392
  0.005169  0.241825 -0.088213  0.089773  0.269247 -0.036947  0.112774
 -0.00376  -0.045799 -0.122322 -0.071329 -0.027375 -0.030788]
[-1.05464  -1.219327 -0.971571 -1.205377 -1.12683  -1.211477 -0.004986
  0.086013 -0.054984 -0.079672 -0.092591 -0.085452  0.024689 -0.078422
  0.011708  0.003252 -0.106812 -0.008361  0.001425  0.0127  ]
[-1.16423  -1.486042 -0.865324 -1.17308  -0.846554 -0.953957 -0.06451
 -0.014039 -0.104658  0.107705  0.154224  0.030595 -0.011253  0.113311
 -0.04232   0.023183  0.05259   0.011453  0.031224  0.040537]
[-0.877381 -0.805084 -0.708115 -0.812832 -0.804659 -0.797638 -0.024286
  0.015205  0.053789  0.021456  0.017893 -0.013128  0.08326   0.053719
  0.101954 -0.023106 -0.037383 -0.076299 -0.029508 -0.014819]
[-1.000462 -0.798961 -0.921907 -0.755249 -0.947661 -0.763555 -0.026887
 -0.204    -0.032162  0.057228 -0.084388 -0.090599 -0.00821  -0.031943
 -0.164588 -0.00454   0.0617   -0.059666  0.023135 -0.00989 ]
[-1.203206 -1.098309 -0.85901  -1.117408 -0.899453 -0.870095  0.089946
  0.010459  0.161203  0.055333 -0.043705  0.054375 -0.06269  -0.063705
  0.011795 -0.217811  0.134679  0.04827  -0.050195 -0.029478]
[-0.725894 -0.607789 -0.583728 -0.738527 -0.796565 -0.672896  0.006046
 -0.092639 -0.004576  0.014771 -0.043986 -0.003243  0.037359 -0.03514
 -0.024665  0.014418 -0.018296  0.008862  0.046501 -0.011309]
[-0.775704 -0.457665 -0.581534 -0.789757 -0.952632 -0.653227  0.096241
 -0.144649 -0.044055 -0.046086 -0.110717 -0.021347 -0.001811 -0.063214
 -0.182355 -0.0585   -0.063593  0.077595 -0.009048 -0.032364]
[-0.948495 -0.831719 -0.853611 -0.713637 -0.752616 -0.631728 -0.070182
  0.034849 -0.042013 -0.070791  0.077623 -0.069943  0.034378  0.130425
  0.051336 -0.021647 -0.152748 -0.083706 -0.004059  0.008012]
[-1.072987 -0.768059 -0.626985 -0.981425 -0.886283 -0.566769  0.074479
  0.099699 -0.05926  -0.096594 -0.090906 -0.051576  0.181499 -0.042947
  0.055828  0.148756 -0.040787  0.138962  0.03509   0.014942]
[-0.973763 -0.944857 -0.93657  -1.058567 -1.169991 -1.079481 -0.057989
  0.044943 -0.148754 -0.029676 -0.057877 -0.16571   0.07748  -0.07489
  0.023034  0.080366 -0.039953  0.101062 -0.05423   0.013677]
[-0.811706 -0.548384 -0.821671 -0.613932 -0.898989 -0.828708 -0.231575
 -0.245975 -0.247376  0.031397  0.149279 -0.229202  0.11971   0.130087
 -0.294    -0.14209  -0.006759 -0.181287 -0.034878 -0.047102]
[-1.11957  -1.069803 -0.957389 -1.090656 -0.94599  -0.953066  0.040619
  0.057358  0.123635 -0.07968  -0.031835  0.056966  0.126956 -0.014362
 -0.00841   0.084645 -0.021148 -0.045222 -0.024654 -0.018973]
[-1.106748 -0.908181 -0.754881 -1.059304 -0.907471 -0.743993 -0.027253
 -0.025063  0.025513  0.085809  0.087668 -0.009928  0.007986  0.047489
  0.002677  0.060196  0.074906 -0.025388  0.021942 -0.031232]
[-0.81307  -0.942211 -0.790603 -0.779306 -0.803832 -0.792008 -0.122045
 -0.025411 -0.044589  0.117915 -0.025424  0.01372   0.132675 -0.015019
 -0.020391  0.126371  0.111081 -0.054623  0.025518 -0.021821]
[ -7.492614e-01  -5.310808e-01  -7.285866e-01  -4.205258e-01  -6.756856e-01
  -5.794289e-01   1.117962e-01  -1.075113e-02   1.109868e-01  -4.592333e-02
  -2.009799e-02   1.071864e-01  -8.672845e-03  -3.376804e-02   3.532898e-04
  -1.061067e-02  -1.018830e-02   1.036046e-01  -3.759596e-02   1.171180e-02]
[-0.841677 -0.788235 -0.910598 -0.457333 -0.594291 -0.740031 -0.058201
  0.015898  0.104476  0.151735  0.085264  0.174348  0.001955  0.095915
 -0.032164 -0.042793  0.13631  -0.080382  0.004896  0.011989]
[ -8.301012e-01  -8.424710e-01  -8.448658e-01  -6.974283e-01  -7.913734e-01
  -7.840891e-01   5.603709e-02  -2.764591e-02   6.736790e-03  -3.920686e-03
  -1.277804e-02   1.960621e-02  -3.635120e-04  -3.018666e-02  -3.941469e-02
   2.040190e-02  -3.113159e-02   7.927299e-02  -2.103537e-02  -1.829508e-03]
[ -1.040729e+00  -1.095776e+00  -9.567389e-01  -1.095686e+00  -9.441727e-01
  -9.416659e-01  -1.279907e-01   1.293038e-01   5.057641e-03   1.214795e-01
  -5.217402e-02  -2.571734e-02   2.969433e-04  -1.361369e-01   1.144387e-01
   9.649050e-02   1.218379e-01  -1.064632e-01   1.376556e-02   4.074714e-02]
[-1.027612 -0.984771 -1.012149 -1.057192 -1.141516 -1.160387 -0.038684
 -0.036941  0.005935 -0.090996  0.001484 -0.049524  0.027801 -0.059953
 -0.058164 -0.057629 -0.132595 -0.050905 -0.010061  0.008242]
[-1.259151 -1.014273 -1.072293 -1.057411 -1.015962 -0.890077  0.02098
  0.096417  0.108208  0.039794  0.06889   0.082901  0.016175  0.034574
  0.082477 -0.00304  -0.038525  0.080065  0.014404  0.023273]
[-0.92698  -0.817326 -0.967327 -0.624323 -0.801895 -0.805312 -0.125655
 -0.026346  0.099213  0.042169 -0.009364  0.162473 -0.122599  0.014082
 -0.067076 -0.077242 -0.02121  -0.153554  0.030095  0.023859]
[-0.863892 -0.536155 -0.731116 -0.660174 -0.932708 -0.419581 -0.002683
  0.099054  0.074525 -0.110026  0.006967  0.143397 -0.149222 -0.003301
  0.099029 -0.154629 -0.096283  0.025099  0.045214  0.046423]
[-0.887232 -0.850653 -0.748991 -0.895989 -0.725771 -0.82154   0.052621
  0.017122 -0.026622  0.177725 -0.030224 -0.031742  0.089776 -0.016607
  0.072163  0.114602  0.183566  0.042056 -0.040179  0.043152]
[-0.911759 -0.871636 -0.959957 -0.643214 -0.651117 -0.726298  0.056555
 -0.018793 -0.035757 -0.030931  0.01362  -0.026677  0.032819 -0.067168
 -0.039897  0.076895 -0.008576  0.073992 -0.012162  0.015909]
[-0.802366 -0.788158 -0.584293 -0.768117 -0.474836 -0.569498  0.016209
 -0.013125 -0.057767  0.20333   0.199629 -0.065309 -0.206833  0.142365
  0.06619  -0.157672  0.215549  0.082244 -0.031089  0.041216]
[-0.839756 -0.749308 -0.78251  -0.525277 -0.616529 -0.545269  0.203345
  0.005273  0.127467  0.078333  0.020527  0.079597 -0.073613  0.124341
  0.020757 -0.109477  0.071125  0.196815  0.010851 -0.007972]
[-0.731111 -1.01791  -0.678294 -0.703589 -0.483812 -0.71782   0.029255
  0.077731 -0.081319 -0.086423 -0.003342 -0.058714 -0.07424   0.048371
  0.080686 -0.098108 -0.156939 -0.001433  0.071298 -0.010322]
[-0.675308 -0.721907 -0.668505 -0.756471 -0.702235 -0.73817   0.035081
 -0.051176  0.058648  0.073892 -0.01736  -0.012889  0.066506 -0.068313
 -0.038111  0.034628  0.021239  0.063477 -0.079487 -0.044587]
[ -8.929038e-01  -7.226961e-01  -7.657309e-01  -7.790537e-01  -8.060578e-01
  -7.364491e-01  -9.053061e-02   1.210373e-01   2.633555e-02   3.998294e-03
   8.616884e-02  -5.665182e-04   5.254064e-02   1.272071e-01   3.546110e-02
   4.968073e-02  -4.801051e-02  -5.885824e-02  -1.535795e-02  -5.255754e-02]
('Mean', 1, ': ', -0.89290378005205762)
('Median', 1, ': ', -0.89290378005205762)
('Variance', 1, ': ', 0.0)
('Mean', 2, ': ', -0.72269612414375661)
('Median', 2, ': ', -0.72269612414375661)
('Variance', 2, ': ', 0.0)
('Mean', 3, ': ', -0.76573093097866751)
('Median', 3, ': ', -0.76573093097866751)
('Variance', 3, ': ', 0.0)
('Mean', 4, ': ', -0.7790536572043737)
('Median', 4, ': ', -0.7790536572043737)
('Variance', 4, ': ', 0.0)
('Mean', 5, ': ', -0.80605775642317257)
('Median', 5, ': ', -0.80605775642317257)
('Variance', 5, ': ', 0.0)
('Mean', 6, ': ', -0.73644911610950647)
('Median', 6, ': ', -0.73644911610950647)
('Variance', 6, ': ', 0.0)
('time: ', 8134.465595960617)
