“Running plot script on a single CPU core”
[ 0.331994  0.162877  0.098399  0.318224  0.326319  0.161429  0.185335
  0.147953  0.063294  0.25293  -0.118034 -0.047342  0.292077  0.102228
  0.296682  0.305019  0.109449  0.218767  0.332471  0.058606]
[ 0.333188 -0.927888 -0.911604  0.289954  0.186588 -0.151288  0.324143
  0.328498 -0.036708 -0.168432 -0.721364 -0.891435  0.293305 -0.668025
 -0.240946  0.272647  0.115834 -0.195458  0.320058 -0.273325]
[ 0.322246 -0.993624  0.326015  0.332117 -0.105012  0.317822  0.329674
 -0.695008 -0.058146  0.309188  0.052172  0.33135  -0.208995  0.21896
  0.333086  0.325381 -0.079839 -0.745091  0.329901  0.270043]
[-0.211562  0.049207 -0.983909 -0.119517  0.318023  0.269015  0.324974
 -0.33685   0.217158  0.251548  0.318247  0.324254 -0.598476  0.329277
  0.301929  0.249511  0.32786   0.32747  -0.996772  0.212387]
[ 0.311471 -0.087686 -0.040108  0.331283  0.181237 -0.461001 -0.214984
  0.138377  0.199033 -0.354827  0.271759  0.326604  0.319235  0.189575
 -0.043359  0.034957  0.139721  0.328653  0.295218  0.324107]
[ 0.264401  0.285161 -0.594406 -0.21542   0.33054   0.28413   0.29979
  0.244153  0.221587  0.331724 -0.955985 -0.027854 -0.686292 -0.723393
  0.257251 -0.143256  0.059225  0.331516 -0.937023  0.070145]
[-0.141912  0.104424  0.321989  0.031976  0.181381  0.274395  0.260797
  0.265871  0.331475  0.304417  0.038107 -0.386481  0.292036 -0.440913
  0.3084    0.284391  0.330767  0.22677  -0.961142 -0.044576]
[ 0.296225  0.316755  0.24538   0.33112  -0.85201   0.313388  0.324456
 -0.830434 -0.351342  0.304525  0.213924  0.315504 -0.197386  0.308883
 -0.1022    0.243817  0.157544  0.309166 -0.890405  0.33288 ]
[ 0.195681 -0.641431  0.315307  0.268798  0.332363  0.316533  0.327928
  0.191459  0.275159 -0.056069 -0.999873  0.281496 -0.211289 -0.047059
  0.050089  0.258762  0.308329 -0.325752  0.277246 -0.717048]
[ 0.324067  0.236318 -0.205951  0.03604   0.320204  0.331955 -0.487789
 -0.395914  0.145485  0.255482  0.324909 -0.776259 -0.912559  0.320714
  0.274338  0.317398  0.06514   0.311268  0.32471  -0.065447]
[ 0.107675  0.247553  0.248081  0.286515  0.01453   0.322963  0.205795
 -0.035189  0.23955   0.33332   0.149955  0.330116  0.333315  0.333333
  0.327389  0.183929 -0.739136  0.242861  0.318394  0.330574]
[ 0.274888  0.300235  0.110844  0.33117   0.058274  0.097075  0.017762
  0.202419  0.239226  0.083093  0.329712  0.293142 -0.910194 -0.156938
  0.331674 -0.204738  0.315033  0.331874 -0.500028  0.298861]
[ 0.328682 -0.034482  0.304515  0.147062 -0.598795  0.160492  0.314685
  0.019957 -0.033137  0.128817  0.106542  0.310409 -0.752469  0.323074
 -0.025211  0.32216  -0.026436  0.333333  0.203697 -0.729144]
[ 0.288652  0.290592 -0.560876  0.33278  -0.079738  0.332087 -0.973986
  0.161595 -0.919436 -0.193915  0.015402 -0.066481  0.057287  0.27256
  0.090065  0.328099 -0.638253  0.200455 -0.998359  0.287127]
[ 0.19862   0.329253 -0.043126 -0.431828 -0.521024  0.121597 -0.142484
  0.152647 -0.203474 -0.850113 -0.54932   0.318396  0.314565  0.33244
 -0.415271  0.2575    0.204491  0.268508  0.059191  0.316899]
[ 0.233488  0.043192  0.134965  0.246982 -0.191928  0.299252  0.021519
 -0.636849  0.306479  0.287868  0.296616  0.331241  0.332702  0.303639
 -0.761377 -0.65477   0.040005  0.221859 -0.972035  0.01239 ]
[-0.121189 -0.63139  -0.587419 -0.276925 -0.766819 -0.975278  0.319136
  0.241069  0.278682  0.333048  0.302489  0.284735  0.309439  0.093873
  0.254401 -0.083294  0.317308 -0.83231   0.257733  0.270907]
[ 0.070346  0.303074 -0.30601   0.332693  0.132622  0.328295  0.326388
  0.251764  0.306074 -0.12423   0.325717 -0.988208  0.325247  0.272297
  0.062144  0.055589  0.275046  0.209919  0.333237  0.275389]
[ 0.332496  0.259225  0.31437  -0.192875 -0.65404   0.077209  0.166933
  0.075234  0.331427  0.309766  0.314174  0.289842 -0.626942  0.332888
  0.241494  0.155158  0.313994  0.328712 -0.30129   0.325857]
[ 0.324707 -0.751234  0.154877  0.329196  0.133197  0.022038  0.114322
  0.252085  0.094545 -0.930454  0.225064  0.332267  0.122894 -0.35266
  0.333324  0.303427  0.128849  0.28399  -0.020868  0.329093]
[-0.074077  0.191378  0.282033  0.332585  0.309447 -0.688403  0.097645
  0.278316  0.289305 -0.667181  0.254928 -0.073725  0.236879  0.328722
  0.330318  0.227341 -0.78185   0.287746  0.309005  0.247018]
[-0.979147 -0.999513  0.332435  0.327282 -0.398349  0.100593  0.26326
  0.328688  0.287006  0.326139 -0.254008  0.324809 -0.002139  0.026742
  0.323312  0.332081  0.278184  0.255696 -0.995602 -0.168486]
[  4.344364e-04   7.816428e-02  -7.944066e-01   3.308952e-01  -2.690164e-01
   3.069987e-01   2.939412e-01   8.616619e-03   2.459145e-01   2.870209e-01
   3.317170e-01   2.212067e-01   3.235711e-01  -1.298694e-01   3.289296e-01
  -6.818015e-01   2.771654e-01   3.229371e-01   3.333262e-01   2.861994e-01]
[ 0.330608  0.331376 -0.212539  0.051374  0.025235 -0.336092  0.07352
  0.322829  0.257584  0.166456 -0.418579  0.28764   0.327731 -0.579454
  0.205177  0.24025  -0.040384  0.223998  0.33319  -0.095455]
[ 0.071175  0.031788  0.3267    0.280235  0.324841 -0.138789  0.23969
 -0.784286 -0.255196 -0.887475  0.160813  0.273428  0.309194 -0.533757
 -0.375054 -0.609678  0.142459 -0.998921 -0.090769 -0.698734]
[-0.27559  -0.707879  0.019683 -0.183571  0.236553 -0.05396  -0.052352
 -0.999851  0.026432 -0.245137 -0.454566  0.236531  0.328395  0.275225
 -0.433719 -0.3093   -0.86216   0.317643  0.332936 -0.9309  ]
[ 0.185133  0.333114  0.103825  0.321357  0.214213 -0.865706  0.183298
  0.220788 -0.563067  0.277445  0.331528 -0.52546   0.136769  0.04372
 -0.725614 -0.095367 -0.463257 -0.379375  0.193903 -0.220762]
[ 0.216768  0.329085 -0.120869 -0.259918  0.330702 -0.02538   0.331789
  0.332993  0.153965 -0.276967  0.281588 -0.15281  -0.620353  0.309948
 -0.47237   0.018817  0.333313  0.178838 -0.954018  0.163029]
[ 0.31468   0.169641 -0.953582  0.304801 -0.877595 -0.904748 -0.75888
  0.323725  0.324912 -0.63062   0.317183 -0.004266  0.266241 -0.955031
  0.104346 -0.631216  0.278047  0.256465 -0.799851 -0.190129]
[ 0.25772   0.24515   0.329039  0.182006  0.305943  0.106778  0.055906
  0.111342  0.250198  0.321992 -0.183152  0.190066 -0.632836 -0.445325
 -0.786013 -0.602798  0.008752  0.312591  0.317207 -0.299427]
[ 0.275957  0.278075  0.186416  0.261943  0.332874  0.332229  0.333304
  0.318649  0.202655  0.304394  0.041535  0.277679  0.035928  0.301251
  0.271267  0.171222  0.28162  -0.038749  0.333332  0.12627 ]
[ 0.286157  0.312006  0.260503  0.330484  0.333328 -0.562671 -0.341813
  0.032469 -0.993867 -0.977551  0.111925  0.324778 -0.240101  0.316411
 -0.091322  0.029374  0.299222  0.30715  -0.607673 -0.151568]
[-0.507688  0.181793  0.314848 -0.717918 -0.925037 -0.875301 -0.293606
  0.255934  0.283213  0.303538  0.321539  0.116151  0.053263 -0.686644
  0.147307 -0.003849 -0.506436  0.322468 -0.910767  0.246724]
[-0.418759 -0.920897 -0.306025  0.328594  0.328362  0.214941 -0.617221
  0.245798  0.014304 -0.63973   0.225135 -0.229768 -0.482357  0.282791
 -0.929823  0.298814  0.31091   0.30521   0.313048  0.316013]
[ 0.050679  0.327142  0.009558  0.214146  0.222058  0.327908  0.13983
 -0.549461 -0.828773 -0.137384  0.144751  0.148331  0.274491 -0.100514
  0.333184  0.149448  0.320031  0.231357 -0.855603 -0.149546]
[ 0.285418  0.250677  0.120382 -0.838679  0.331466 -0.556716 -0.314114
  0.296728 -0.161978 -0.285299 -0.847375 -0.173185  0.257756 -0.662802
 -0.427637  0.333258 -0.14304   0.251751  0.316354 -0.510146]
[ 0.333321 -0.628972 -0.488919  0.28659  -0.218701  0.175998  0.332441
  0.165003  0.007539  0.318284 -0.381659  0.319833  0.332496  0.298446
  0.198592  0.304519  0.324728  0.328716  0.289071 -0.36859 ]
[-0.073976 -0.378846  0.327712  0.329484 -0.542409  0.291238 -0.430984
 -0.969866 -0.306081 -0.707832  0.083284  0.317089 -0.535842 -0.893166
  0.16782   0.093442  0.257415  0.33124   0.243732 -0.083886]
[ 0.328239  0.197411 -0.165265  0.330656  0.277731  0.079505  0.333094
  0.219874  0.282179  0.333139  0.284497  0.204803  0.252479  0.087376
  0.303923  0.306543  0.229605 -0.014705  0.110378  0.180716]
[ 0.234254  0.333267 -0.011043  0.282264 -0.376079 -0.33309   0.058554
  0.268342  0.305107 -0.179002  0.320125  0.058197  0.324686  0.186202
 -0.029808 -0.184557  0.047457  0.209436  0.323304  0.303511]
[ 0.105265 -0.616504 -0.150183  0.329324  0.051021  0.210269  0.115212
  0.233944  0.282363  0.307707  0.306879 -0.984797  0.159389 -0.388394
 -0.558636  0.305504  0.129995 -0.236797  0.195051 -0.586618]
[-0.726163  0.129051  0.299702  0.172877  0.332888  0.295704  0.104479
  0.286821  0.208782  0.308344  0.319264  0.132857  0.097089  0.134699
 -0.445775  0.259268  0.326944  0.182939  0.228554  0.323532]
[  2.020108e-01   2.119227e-01   3.318427e-01  -6.264783e-01  -9.986809e-01
   2.416922e-01  -4.670046e-01  -9.862073e-01   2.222566e-01  -1.699580e-01
   1.383662e-02  -9.528505e-01   1.382127e-01   7.647787e-05   3.173182e-01
   3.296527e-01   3.325638e-01   2.849458e-01   1.249379e-01  -7.673418e-01]
[ 0.20911  -0.569789  0.083807  0.154046  0.264001 -0.144406 -0.322295
  0.107699 -0.416563 -0.094648  0.325692  0.188215 -0.561273  0.136444
  0.284473  0.325911  0.094629  0.261533  0.328888  0.218458]
[-0.999223  0.30082   0.32353  -0.196103  0.290869  0.302641  0.195825
 -0.431525 -0.732656  0.306554  0.054871  0.328498  0.291561  0.249982
 -0.431889  0.306354 -0.51239   0.261148  0.238051  0.316578]
[ 0.333328  0.278644  0.332834 -0.37405   0.320957 -0.26218  -0.834733
  0.256204  0.129742  0.328662  0.308144  0.323074 -0.15226  -0.96884
  0.282562 -0.411987 -0.440734  0.297614 -0.291716  0.15573 ]
[-0.415191  0.041216  0.121958  0.146633  0.328978 -0.084305  0.293049
 -0.149138  0.331515  0.315555 -0.036309  0.26463   0.293336  0.299416
 -0.69162   0.262392 -0.001746 -0.616387 -0.289312 -0.915661]
[-0.046822 -0.996759 -0.995767 -0.993914  0.280709  0.287737  0.279974
  0.330179  0.242786  0.322434 -0.635876  0.272198  0.223903  0.330175
  0.318359  0.256234  0.284428  0.323266 -0.129555 -0.89629 ]
[ 0.331885  0.278233 -0.736707 -0.971194  0.326991 -0.972121  0.325078
  0.247367 -0.673407 -0.181739  0.307738  0.281359  0.331437  0.284363
 -0.315347 -0.466528  0.24229   0.33102  -0.446305 -0.93013 ]
[-0.300233 -0.979632  0.185884 -0.81716  -0.078896 -0.737655  0.312545
  0.225178 -0.969797  0.226077  0.290398 -0.877259  0.182447  0.328839
  0.296767  0.287962 -0.219795 -0.039339  0.332779  0.329777]
[ 0.224052  0.251349  0.176478  0.330455 -0.331615  0.013472  0.179896
  0.14969  -0.131814 -0.281579 -0.766168  0.014892 -0.003279  0.282633
 -0.009881  0.311169 -0.771097 -0.931162 -0.806058  0.195139]
[ 0.253155 -0.876883  0.089036  0.294409  0.328672  0.283408 -0.120186
  0.307782  0.233583 -0.066218 -0.043044  0.215508  0.323314  0.294737
 -0.916948  0.215004  0.046809 -0.506828 -0.033286 -0.348397]
[-0.885741  0.332788 -0.007424  0.023888  0.073206  0.22209   0.330613
 -0.97996  -0.156921 -0.713461  0.321368  0.151887 -0.05708  -0.005609
  0.325409  0.312553 -0.165956  0.33011  -0.134948 -0.807359]
[-0.733152 -0.095254  0.194301 -0.893216  0.31575   0.310835 -0.189601
 -0.976903  0.085516 -0.946879  0.258046 -0.756193 -0.989274  0.314026
  0.282726  0.32754   0.292413  0.303013  0.316229 -0.158383]
[ 0.310771  0.324032 -0.033387  0.044735 -0.720605  0.332643 -0.990061
  0.254704  0.333333  0.310487  0.324164  0.149564  0.19886   0.228822
 -0.85507   0.296183  0.053977 -0.049438  0.243192  0.317487]
[  5.156695e-02   3.220850e-01   3.324612e-01  -2.257645e-02   2.112791e-01
   1.568301e-01  -6.431959e-01   3.216285e-01  -8.753932e-04   3.087657e-01
   2.967794e-01   3.032246e-01  -9.460376e-01  -5.801141e-01   2.315744e-02
  -2.199366e-01   2.900370e-01   2.497744e-01   2.905315e-01   3.244238e-01]
[-0.048575  0.042282 -0.137516  0.333204  0.197794  0.252125  0.035394
 -0.290849  0.125959 -0.792576  0.30695   0.304945 -0.856354  0.267928
  0.312597 -0.857946  0.156591  0.295435  0.151036 -0.942932]
[ 0.279701  0.296647  0.332689 -0.212989  0.207348  0.25216   0.231595
  0.2699   -0.177694 -0.391226  0.330753 -0.259061  0.253191 -0.172101
  0.045328  0.183647 -0.267383 -0.588833  0.332127  0.329551]
[ 0.284946  0.307264  0.11926  -0.832581 -0.698869  0.038164  0.316537
 -0.185504 -0.271624  0.066332  0.254362 -0.850838  0.273526 -0.622732
 -0.007811  0.318791  0.226832  0.181232  0.333331  0.038056]
[ 0.235472  0.333242  0.293644  0.21367  -0.409194  0.203084  0.052477
  0.329638  0.332699  0.171263  0.223473  0.315837  0.307356 -0.441936
 -0.980867 -0.806832  0.012875 -0.932504  0.17621   0.327574]
[ 0.221006 -0.483817  0.306438  0.269665  0.059777  0.034807  0.158908
  0.035209  0.329872  0.151535  0.296157 -0.27741   0.288065 -0.44071
 -0.422392  0.097809 -0.500255 -0.651506  0.228601  0.227618]
[ 0.333332  0.160099 -0.784203  0.235041 -0.276163  0.333329 -0.673088
  0.208594  0.19429   0.307588  0.150322  0.280659  0.282614 -0.392547
  0.316357  0.227651  0.160814  0.264866  0.331716 -0.22375 ]
[-0.053617  0.332626  0.128451  0.117292 -0.216316  0.043158  0.315332
  0.330752 -0.310104  0.090843 -0.342545 -0.070944  0.330213  0.1062
 -0.996208 -0.407041  0.206907  0.328811 -0.635022  0.329839]
[ 0.021175 -0.038428  0.124886  0.289123 -0.17457   0.326613 -0.785267
  0.293566  0.19048  -0.735575  0.209778  0.044875 -0.771777 -0.292217
  0.258859  0.145055  0.301383  0.242129  0.326928  0.331531]
[-0.885339 -0.383118  0.284632  0.185249  0.258396  0.155443  0.331546
 -0.982567 -0.645432 -0.595438 -0.111327 -0.109998  0.165658  0.313668
 -0.175244 -0.538232 -0.222403  0.298169  0.321151  0.125814]
[ 0.239014  0.284786  0.296914  0.295994  0.281075  0.126523 -0.159557
  0.295254  0.33052  -0.896545  0.300702  0.127543  0.329498  0.330514
  0.167385  0.322967  0.233273 -0.337385  0.255305 -0.999017]
[ 0.267748  0.071283 -0.348331  0.10865   0.204005 -0.973716  0.302563
  0.293023  0.291244 -0.327371  0.241455 -0.901692 -0.767551  0.236018
 -0.323919 -0.189213  0.323982  0.331135  0.094704 -0.024974]
[ 0.30654  -0.936912  0.200887 -0.668381 -0.982112  0.333207  0.229814
  0.32592   0.265651  0.15749   0.332547  0.014493 -0.929382  0.333316
 -0.44284  -0.928961  0.180378  0.085402  0.172881  0.331376]
[-0.179835  0.331071  0.202997  0.08856   0.092832  0.260529 -0.395376
  0.263812 -0.051027  0.2706    0.313264  0.305341  0.287414  0.303675
  0.300826  0.32738   0.28247  -0.133727 -0.316437  0.222408]
[-0.193557 -0.552159  0.210914 -0.956343  0.185784  0.331074  0.315272
 -0.166899 -0.985325 -0.056565 -0.097266 -0.301317 -0.904623 -0.02061
  0.331184 -0.957356  0.321865  0.332882 -0.981478  0.212518]
[ 0.294594  0.078722  0.330125 -0.753316  0.282141 -0.031913 -0.834394
  0.003876 -0.269158  0.302153  0.319812 -0.095612  0.333164  0.109544
 -0.01144  -0.357601  0.026589 -0.062413  0.31546   0.199792]
[ 0.107565 -0.284765 -0.442744 -0.160605  0.011031  0.183502  0.333262
  0.17009   0.284076  0.168022  0.291799  0.062601  0.132408  0.329084
  0.289934  0.21508   0.3212    0.222288 -0.108725 -0.127156]
[ 0.257567 -0.70797   0.304882  0.329139 -0.888675  0.112541 -0.535573
  0.321449  0.322869  0.311789  0.29506  -0.601859  0.22962   0.293707
 -0.172626  0.258816  0.308231  0.330569  0.035334  0.194523]
[ 0.221252 -0.267023 -0.293097  0.306793  0.294238 -0.334573  0.28938
  0.174956 -0.014263  0.056272  0.319456  0.087615  0.30026   0.325919
  0.267743 -0.224542  0.332153  0.214293  0.30147   0.327074]
[ 0.332275 -0.729628  0.076016  0.276863  0.274937  0.294728  0.313789
  0.311918 -0.656482  0.290519  0.331994  0.302847 -0.53396   0.211074
 -0.992114  0.286245 -0.836674  0.037297 -0.36375  -0.223685]
[-0.272402  0.195847 -0.580377  0.26282   0.247634 -0.991668  0.196769
  0.224636  0.001727 -0.8005   -0.833341 -0.418049  0.145667  0.111143
  0.292579  0.327137 -0.382544 -0.999913  0.090739  0.299852]
[ 0.187899  0.332721  0.161925  0.311514 -0.037093  0.309337  0.023107
 -0.107291  0.170158  0.293394  0.180155 -0.355055  0.306304  0.324768
 -0.997809 -0.997465  0.33258  -0.067048  0.313293  0.200788]
[-0.052276  0.263762  0.330188  0.321439 -0.291557  0.322918 -0.506435
  0.293547  0.138585 -0.515153  0.322047 -0.454296  0.329063  0.265193
  0.249572 -0.324216  0.303003  0.213476  0.317355 -0.960495]
[ 0.310313  0.328164 -0.114823 -0.999624  0.025188 -0.235198 -0.397237
 -0.844257 -0.208775  0.258804  0.138811  0.048955 -0.248979  0.060237
  0.265835  0.333099  0.322122  0.330721 -0.055205  0.225582]
[ 0.264873  0.319565  0.265584  0.333252 -0.042867 -0.744755 -0.363677
  0.282124  0.30215   0.027521  0.318166  0.323327 -0.111086 -0.430133
  0.297134  0.317528  0.288221  0.332857  0.326259 -0.195347]
[ 0.282337  0.275836  0.169924  0.22698  -0.389348 -0.963567  0.325837
 -0.234061  0.128113  0.242468 -0.274967 -0.131032 -0.264474  0.27017
  0.31971   0.329671  0.317874  0.1796    0.324915  0.072069]
[-0.148329  0.284558 -0.514662 -0.048028  0.253177  0.064814  0.272743
  0.191118 -0.417376  0.322638  0.322619 -0.910508 -0.078959  0.191992
 -0.65627   0.304984  0.332211 -0.917249 -0.284282  0.318836]
[ 0.297728  0.189112 -0.435546 -0.2788    0.326116 -0.191322 -0.319354
  0.238369  0.191465 -0.059428 -0.320618  0.316612  0.281016  0.217892
  0.243356  0.331271  0.323976  0.305707  0.114535 -0.698182]
[-0.024878  0.321008  0.291894 -0.257304 -0.248098  0.273754  0.220584
  0.205968  0.329166  0.274653  0.273248  0.297382  0.144116 -0.888118
 -0.912879  0.291308  0.329495 -0.152889 -0.419487 -0.15438 ]
[ 0.118311 -0.346455  0.172816  0.303788  0.326714 -0.426989  0.323464
  0.314599  0.27237  -0.189951  0.332126 -0.978356  0.219267  0.095647
  0.232378  0.310784  0.332215 -0.929256  0.253077  0.083492]
[ 0.232733  0.014312  0.270472  0.33027   0.330612  0.1466    0.331685
 -0.601064 -0.094158  0.219998  0.097192  0.248649 -0.535975 -0.004293
  0.100784  0.331989 -0.163763  0.257442 -0.216293  0.280596]
[ 0.267857  0.333333  0.329901  0.068838  0.333332 -0.075388  0.330635
 -0.674175  0.324595 -0.708995 -0.529099  0.232714 -0.080564  0.332428
  0.262744 -0.959567  0.327694  0.07837   0.28769   0.23091 ]
[-0.50422   0.323569  0.16932  -0.006411  0.194168  0.327698 -0.549367
 -0.230636  0.328289  0.333325  0.139544  0.18197  -0.210123  0.331431
  0.136065  0.260403  0.331752  0.23681   0.080007  0.105107]
[ 0.263692  0.292503 -0.301928 -0.940315  0.010962  0.285941  0.047983
  0.307494  0.179111 -0.438799  0.32841   0.240194  0.026845  0.326146
  0.218374  0.325345 -0.13488   0.326352 -0.185323  0.298946]
[ 0.332687 -0.654343  0.293148 -0.557509  0.20133  -0.909332  0.060602
  0.295224  0.316198  0.24465  -0.006412  0.100395  0.047891  0.035487
  0.203351  0.156158 -0.982928 -0.582936  0.318896  0.11537 ]
[ 0.155863  0.299996 -0.571585 -0.347809 -0.833414  0.21053  -0.891074
  0.26793  -0.999917  0.003726  0.30414   0.0782   -0.946074 -0.981005
 -0.30194  -0.311825 -0.215443  0.331369 -0.222132 -0.930233]
[ -9.855629e-01  -9.925926e-01  -1.132550e-01   3.331734e-01  -5.017130e-02
  -2.872198e-02   3.179449e-02   4.151158e-02  -3.946858e-01   3.232521e-01
  -5.726768e-01   5.138053e-04  -1.284607e-01   3.297582e-01  -8.327563e-01
   2.266254e-01   3.180544e-01  -8.925373e-01  -2.861931e-01   2.839807e-01]
[-0.914856  0.170415  0.199462 -0.532849 -0.252886  0.193255  0.199617
 -0.677733  0.160606  0.212228  0.243788  0.087136  0.323859  0.137348
  0.237268  0.332573  0.332911  0.324675  0.26702  -0.434707]
[ 0.331283  0.206385 -0.461312  0.32264   0.155459  0.280372 -0.976651
 -0.863882  0.110768 -0.988795 -0.651059 -0.855781 -0.999189  0.324183
  0.108255  0.228744  0.325301 -0.002466  0.328453 -0.708699]
[ 0.085246  0.242268 -0.216302 -0.434682  0.118958 -0.156609  0.268008
  0.251458  0.278033  0.230632  0.316879  0.212128  0.321699  0.31971
  0.182409  0.014604  0.12089  -0.752004  0.141101  0.331377]
[ 0.308279 -0.294289  0.268786  0.332778  0.107173  0.161624  0.322702
 -0.237974 -0.896108 -0.789922 -0.818854  0.330523 -0.661145 -0.714135
  0.125592  0.319104  0.328341 -0.709115  0.333088  0.302911]
[-0.300187 -0.195687  0.333157  0.210978 -0.412311  0.332952  0.283411
  0.314675  0.32648   0.187608  0.038929 -0.360667 -0.458487 -0.490513
  0.192352  0.251556  0.327195  0.139946  0.23852   0.238391]
[ 0.260548 -0.994921  0.246434  0.275104 -0.18678   0.33332   0.316065
  0.258702  0.318758  0.079402 -0.296512  0.314764  0.181173  0.080128
  0.006012 -0.571833 -0.739242  0.286968 -0.8981   -0.89736 ]
[-0.341616  0.068609 -0.878938  0.210584  0.200687  0.330062  0.325587
  0.277051  0.217407  0.020254  0.243291  0.269424 -0.529631  0.329402
  0.19837  -0.922392  0.106859 -0.985384  0.333246  0.19799 ]
[-0.038084  0.278089  0.322184  0.319521 -0.479871  0.318779  0.332747
 -0.27308  -0.350146 -0.639209 -0.654716  0.331718  0.157461 -0.194429
  0.150678  0.233739  0.325337  0.18814   0.256683 -0.704649]
[0.070585768091365131, -0.087846753484686846, 0.048659027869635163, 0.032546511086614854, -0.031320954392066391, 0.061274434802858269, -0.0024009845852079881, 0.031506804685704992, -0.051563444863294589, -0.012730342793083882, 0.0031742731619866932, -0.044396705767248634, -0.021868910077079695, 0.039031186801449957, 0.029913160420648649, 0.032502803570304939, 0.013967573720986184, 0.047418114456491606, 0.051676082477635443, 0.065274620891108026, -0.022516055637503626, -0.005129638565897765, 0.0089648708218720251, 0.038667965720156461, -0.060635643708745302, 0.012518525903011501, 0.086156213377653446, 0.0013964172988561729, -0.042889423624215606, -0.0020734912199330546, -0.0086264305103783134, 0.067603661478995325, 0.0095713632348146671, -0.010380487652503378, 0.014363304371371947, -0.046431721477936394, -0.022447049005751896, -0.016219875398859107, -0.0040935293211130652, 0.0095565283525240463, -0.0089357657616658398, 0.0054232887997929247, 0.042705548172239371, 0.01966231981960509, 0.0049743849117199757, 0.066533285593954383, -0.0029556269006687508, 0.034574788901918264, 0.054255540622599185, -0.0012460472352952001, -0.013257055954283475, 0.098928618762398057, 0.028108879749477067, -0.022893544526744303, 0.028209533839299916, -0.0085692408166276324, 0.036188158960908427, 0.056055281681456737, 0.03473822064125448, 0.074213277849359993, 0.04203739980643767, 0.0717308856252033, 0.067845926135659887, -0.094937756346745505, 0.042116097436354388, -0.0037782438586509981, -0.028089354985147641, 0.01170800302103478, -0.020334434514487493, -0.023639495199231364, 0.071739586392380206, -0.02311956375466645, 0.028441790337969675, 0.0067655338232142093, -0.011536073100045341, -0.0044922561695633079, -0.015151152736030966, 0.062032646396947472, 0.068251663347909552, -0.03104669701548457, 0.020865094230570008, -0.040818713836635712, 0.0027683702616749309, 0.037429444614856741, 0.014379019061087711, -0.048837589305010587, -0.00033610707515385752, -0.055026320115428629, 0.032981708475287808, 0.0072361849864720496, -0.059274577240367776, 0.032848980027157193, -0.0018143514949334194, 0.016961376790620389, -0.01269447775266247, -0.0086669248229494511, -0.026483444434169889, 2.6125765604512186e-05, -0.019437251348982509]
('time: ', 9949.146319150925)
