“Running plot script on a single CPU core”
[-0.921405 -0.913083 -0.568101 -1.082471 -0.814982 -0.727088 -0.007955
 -0.050769  0.079826 -0.052739 -0.011026  0.0709    0.025517  0.024982
 -0.123748  0.031796  0.03072   0.00164  -0.04435  -0.00414 ]
[-0.755542 -0.853459 -0.718144 -0.771719 -0.604677 -0.851434  0.028999
  0.073012  0.078724 -0.039077 -0.025417  0.038506 -0.02286  -0.031373
  0.149525 -0.021564 -0.089701  0.020574 -0.024535  0.00179 ]
[-0.936963 -1.001267 -0.757348 -0.956766 -0.715904 -0.799393 -0.067161
  0.098606 -0.083808  0.165755  0.037785 -0.027122 -0.049004  0.058614
  0.044199  0.057869  0.213708 -0.055151  0.00281  -0.02626 ]
[-0.579861 -1.160918 -1.202469 -0.701283 -0.84874  -1.422147  0.075476
 -0.015702  0.045181  0.196343 -0.189897  0.082585  0.096969 -0.162591
 -0.060031  0.040122  0.145555  0.021704 -0.037177  0.104783]
[-0.996263 -1.004497 -0.849517 -1.019287 -0.828021 -0.817008 -0.036897
  0.075326  0.020902 -0.014998  0.016006  0.025515 -0.042343  0.0179
  0.018212 -0.073286 -0.037125 -0.04426  -0.008975  0.001952]
[-0.842143 -0.656829 -0.772428 -0.726961 -0.790826 -0.490072 -0.027819
 -0.028524 -0.033395 -0.113107 -0.068873 -0.09149  -0.348174 -0.095124
 -0.100255 -0.329997 -0.072644 -0.033712  0.011889  0.003747]
[ -5.276789e-01  -7.044363e-01  -6.971803e-01  -4.850179e-01  -5.420130e-01
  -6.981109e-01   3.302170e-02  -2.429473e-02  -5.698492e-04   4.147899e-02
   2.897287e-02   3.571806e-02  -3.008571e-02   4.291742e-02  -1.602712e-02
  -3.726684e-02   3.768602e-02   1.296209e-01  -1.840470e-02  -1.240551e-02]
[-0.824851 -0.660693 -0.760313 -0.761088 -0.884038 -0.751781 -0.008606
 -0.128209  0.016124  0.035836 -0.047707  0.03835   0.012927 -0.029637
 -0.086791 -0.002566  0.017711  0.003869  0.003453  0.029723]
[-0.601338 -0.710323 -0.797574 -0.641199 -0.696127 -0.846614 -0.021515
 -0.02678   0.166212  0.018203  0.05986   0.192971 -0.023373  0.065496
 -0.04011   0.019921 -0.003691 -0.047908  0.05121  -0.006937]
[-0.926002 -0.997735 -0.847079 -0.940567 -0.79024  -1.147406 -0.05732
  0.056519  0.012976  0.046268  0.097578  0.061015  0.1454    0.057859
 -0.015357  0.125707  0.032363 -0.032787 -0.002239  0.0317  ]
[-0.810127 -0.957297 -1.060272 -0.734966 -0.968335 -1.042028  0.01587
  0.029657  0.034772 -0.013566 -0.032659  0.04508  -0.15253  -0.030543
  0.008853 -0.171445  0.019852  0.005502  0.055204  0.015819]
[-0.973518 -0.889468 -0.805821 -0.958835 -0.89284  -0.870132  0.019728
  0.039855  0.057826 -0.09235   0.014336  0.039314  0.088141 -0.020279
  0.06667   0.094374 -0.109078  0.056134 -0.019656 -0.023319]
[-0.924438 -0.863413 -0.734993 -0.81703  -0.629996 -0.548375  0.097031
 -0.019438  0.045917 -0.062782 -0.051868  0.10351   0.025644 -0.005193
 -0.076591 -0.120832  0.028945  0.123289 -0.028053 -0.016736]
[-0.992796 -0.951649 -0.859871 -0.980089 -0.934987 -0.907977  0.042979
  0.017318 -0.039482  0.036892 -0.082555 -0.015412 -0.015374 -0.031658
  0.007952  0.016935 -0.005245  0.026     0.015468  0.019705]
[-1.143522 -0.847485 -1.034077 -0.946809 -1.130342 -0.867452 -0.057135
  0.019968 -0.022912 -0.035357  0.085712 -0.034673  0.028099  0.060849
  0.009408  0.034227  0.012975 -0.042412  0.009991  0.040082]
[-0.856769 -0.711752 -0.722187 -0.571236 -0.563586 -0.405783 -0.081052
 -0.152885 -0.100938 -0.076927  0.086572 -0.059838  0.133955  0.06386
 -0.100141  0.141126 -0.055809 -0.176225 -0.02588   0.001821]
[-0.909535 -0.933007 -0.902983 -1.030971 -1.027553 -1.017106 -0.029048
  0.007068 -0.054963  0.022493  0.069328 -0.013001  0.017013  0.11094
  0.020221  0.054997 -0.045613 -0.024166  0.015876  0.003614]
[-1.116927 -0.896171 -0.856101 -1.089978 -1.056478 -0.963651 -0.026823
 -0.007058  0.148233 -0.124204 -0.002965  0.091072 -0.013418 -0.018778
 -0.008442 -0.036374 -0.182383  0.018829  0.098519 -0.018465]
[ -1.074977e+00  -1.158308e+00  -7.165354e-01  -1.070112e+00  -8.311975e-01
  -1.108981e+00  -8.938733e-03   2.739151e-02   9.905498e-03  -6.524998e-04
  -2.018367e-02   1.258852e-01   6.803106e-02  -4.227435e-02   1.720358e-03
   5.705046e-02   2.812456e-02  -5.836558e-02  -2.342516e-02  -4.444483e-02]
[-0.937599 -1.047092 -0.834929 -0.812814 -0.784431 -0.839793  0.045064
  0.076027 -0.099379 -0.075332  0.056303 -0.058266  0.078097  0.079135
  0.031453  0.117362 -0.050147  0.136595 -0.039666  0.007196]
[-0.931172 -0.966974 -0.939848 -1.020573 -1.089586 -1.156861 -0.108899
 -0.063665  0.043273  0.03651  -0.08639   0.086905  0.107473 -0.030211
 -0.091514 -0.006153 -0.059904 -0.143218 -0.011344  0.024975]
[ -9.490261e-01  -1.136512e+00  -9.600482e-01  -9.762503e-01  -7.267875e-01
  -8.144090e-01  -1.308829e-01   1.842535e-02   1.906352e-01   3.236704e-02
   4.213852e-02   3.154765e-01  -1.028092e-02  -4.506474e-03  -3.042609e-05
  -2.440395e-02   4.460378e-02  -3.258566e-02   2.347322e-02   2.939472e-02]
[-0.826506 -0.842629 -0.84602  -0.762008 -0.783961 -0.776344  0.003938
  0.072108 -0.040316  0.035488  0.035898 -0.045768  0.04727   0.106059
  0.059211  0.054664  0.026861  0.00937  -0.088155 -0.026231]
[-1.055255 -0.938205 -1.229363 -0.912694 -1.189289 -1.099692  0.142563
 -0.164044  0.07715   0.127157 -0.038205  0.039231  0.001615 -0.086274
 -0.188048  0.04267   0.10509   0.220151  0.03991   0.013369]
[-0.836339 -0.752635 -0.650123 -0.95519  -0.712145 -0.587893  0.1682
  0.15961  -0.019805 -0.04219   0.013731  0.002181  0.095131 -0.001234
  0.083575  0.089348 -0.043271  0.150948  0.017073  0.032632]
[-1.032312 -0.976107 -0.992039 -0.97331  -1.126556 -1.041995 -0.009216
 -0.016488  0.008357  0.074895  0.003869  0.031544  0.104254 -0.019864
  0.059541  0.117051  0.095351 -0.004924  0.057714  0.022208]
[-0.975597 -1.161155 -0.897132 -0.743159 -0.582662 -0.695273 -0.11373
 -0.040531 -0.083585 -0.039515 -0.067499 -0.07039  -0.046454 -0.076382
  0.013366 -0.081761 -0.037854 -0.092652  0.030658 -0.013698]
[-1.142268 -0.761017 -0.951704 -0.702377 -0.669429 -0.475722  0.186899
 -0.070985  0.028228  0.075352  0.039533 -0.05631   0.021611 -0.006405
 -0.034724 -0.088473  0.10647   0.152344 -0.00391   0.022868]
[-1.080965 -0.931625 -0.835641 -0.994404 -0.949007 -0.907509  0.044509
 -0.016297 -0.096676 -0.143393 -0.114956 -0.069353  0.152279 -0.002581
  0.003896  0.090469 -0.104507  0.06134  -0.009761  0.003472]
[-1.024369 -1.0087   -0.859949 -0.857246 -0.876836 -0.848805  0.121313
  0.04741  -0.133398 -0.046814  0.067005  0.037489 -0.100728  0.068924
  0.178061 -0.061501 -0.045398  0.083254  0.029582 -0.014735]
[-1.20145  -1.043863 -0.987603 -0.938744 -1.134888 -0.965501 -0.077903
  0.018194  0.142173  0.085335 -0.047627  0.269381  0.038581 -0.074122
 -0.052589  0.006505  0.057998 -0.08393   0.085641  0.017025]
[-0.985252 -1.152863 -0.97764  -0.916406 -0.729967 -1.122099 -0.096869
  0.012412  0.04091  -0.110577  0.113219  0.074409 -0.139153  0.11033
  0.047584 -0.052531 -0.215757 -0.079401  0.067787 -0.011844]
[-0.650209 -0.762981 -0.751593 -0.759626 -0.817533 -0.945418 -0.006643
  0.023855 -0.062034  0.060181  0.067652 -0.04231  -0.024632  0.045711
 -0.003129 -0.059672  0.071508  0.02861   0.017433 -0.013057]
[-0.825494 -0.569168 -0.58918  -0.622402 -0.772935 -0.553418  0.016289
 -0.119318 -0.057575  0.047927 -0.05424  -0.074458 -0.054835  0.036013
 -0.107019 -0.0867    0.049078 -0.014907 -0.04054  -0.012096]
[-0.881215 -0.840235 -0.689461 -0.84777  -0.704258 -0.667198  0.054724
  0.046984  0.062699  0.099054  0.090082  0.044794  0.04806   0.043639
  0.041236  0.031794  0.131848  0.048419 -0.02597  -0.019233]
[-0.83172  -1.091623 -0.758658 -1.011723 -0.687404 -1.017691  0.120131
  0.03292  -0.009328  0.104095  0.006454 -0.044187  0.026909  0.007073
  0.065412  0.03135   0.136886  0.095138  0.052311  0.021517]
[ -5.869973e-01  -6.227587e-01  -5.665987e-01  -4.900425e-01  -4.619477e-01
  -5.181024e-01   4.984994e-02   7.967980e-02  -1.614547e-01  -5.166892e-02
   1.300850e-04  -1.751182e-01  -5.609862e-02   1.704527e-02   1.096146e-01
  -1.002101e-03  -1.046285e-02   4.346790e-02  -1.991778e-02   1.382236e-02]
[-1.084401 -0.820304 -0.763713 -1.048784 -0.930388 -0.75896   0.011479
  0.094892  0.031577 -0.003184  0.030534  0.038296 -0.003782  0.052454
  0.051202 -0.005962  0.037006  0.056377  0.011814  0.034377]
[-0.788374 -0.962486 -0.696017 -0.82919  -0.514374 -0.854408 -0.081801
 -0.029894 -0.154562  0.051557 -0.133733 -0.116623 -0.013427 -0.112786
 -0.086318 -0.035037  0.031369 -0.058906  0.031343  0.014872]
[ -1.161933e+00  -1.077749e+00  -8.129868e-01  -1.255489e+00  -1.004971e+00
  -1.124366e+00  -3.817678e-02  -4.423916e-03   5.894666e-03  -1.271746e-02
   7.264435e-02   9.631040e-02   2.007047e-01   6.001334e-02  -5.628865e-02
   1.205382e-01   7.429572e-02  -4.162179e-02  -1.164495e-03   1.068731e-02]
[ -8.288374e-01  -9.302114e-01  -7.438854e-01  -9.784756e-01  -7.034253e-01
  -1.004328e+00   8.253870e-02   5.692172e-02  -1.909684e-02  -3.322678e-02
   1.866023e-03  -7.132664e-02  -6.806651e-04   2.474740e-02   4.410070e-02
  -6.340529e-02  -4.078476e-02   7.678455e-02   1.000099e-02  -1.504477e-02]
[-0.86574  -0.742153 -0.764605 -0.73427  -0.863809 -0.73144  -0.035824
 -0.018008 -0.082115  0.061801  0.049201 -0.138515  0.094057  0.045381
 -0.023804  0.068642  0.04775  -0.052264 -0.005619 -0.022596]
[-1.004381 -0.816505 -0.930497 -0.968727 -1.020863 -0.847696  0.037712
 -0.0102    0.039355  0.040816  0.045153  0.097225  0.01024   0.055701
 -0.008355  0.083944  0.005012 -0.00406   0.009784 -0.029916]
[-1.102158 -0.979309 -0.97103  -1.095545 -1.065145 -1.007873 -0.014459
  0.078755  0.016826  0.120476 -0.034666  0.083771 -0.04594   0.077449
  0.088988 -0.07676   0.130499  0.064465  0.056785  0.004816]
[-0.871014 -0.859407 -0.895111 -0.956748 -0.883146 -0.971458  0.039657
 -0.08667  -0.01976  -0.018004  0.030997  0.051189 -0.032397  0.037733
 -0.068533 -0.093424 -0.092379  0.08302   0.020929  0.032964]
[-1.01224  -0.904558 -0.817281 -0.935541 -0.887541 -0.762113 -0.019734
  0.034106 -0.040526 -0.015346  0.053536 -0.057324 -0.02346   0.055098
  0.045279 -0.028463  0.002133  0.012504  0.002876 -0.021557]
[-1.053926 -1.08971  -0.955712 -1.201372 -1.048362 -1.105195  0.048163
  0.040322  0.146235 -0.04809  -0.084164  0.113537 -0.013191 -0.090548
 -0.012247  0.047624 -0.041683  0.035764 -0.008886  0.033803]
[-0.912246 -1.01507  -0.8778   -0.939626 -0.734207 -0.904936 -0.078452
  0.047691  0.021746  0.016034 -0.002323  0.022282  0.076483 -0.010365
  0.025201  0.079132  0.035263 -0.044494 -0.032989 -0.028147]
[-0.924557 -0.873091 -0.696462 -1.09245  -0.67017  -0.681792 -0.015291
  0.095664 -0.085275  0.056888  0.090601 -0.083769  0.041241  0.051111
  0.039754  0.074316  0.165863 -0.067819 -0.138803 -0.027516]
[-0.899306 -0.843438 -0.71798  -0.989136 -0.763213 -0.753709  0.043294
  0.048746 -0.132513 -0.129407 -0.029741 -0.193733  0.017011 -0.099123
 -0.00923  -0.015918 -0.093384  0.111228  0.052338  0.021215]
[ -8.915040e-01  -8.624344e-01  -8.004998e-01  -8.531236e-01  -9.358772e-01
  -7.907219e-01   2.512715e-02   4.427483e-02   4.899301e-02  -2.457934e-02
   1.742867e-01   1.451900e-02   4.365237e-02   1.139830e-01   6.389779e-02
   6.819458e-02   8.700619e-03  -2.860136e-02   9.855532e-02  -6.987856e-04]
[-1.014776 -0.830405 -0.822907 -0.728537 -0.774067 -0.758754  0.175139
 -0.013061  0.004232 -0.11363  -0.113498  0.013467 -0.012289 -0.071524
 -0.059928  0.017188 -0.120527  0.278681 -0.025378  0.045153]
[-0.884584 -0.763477 -0.856378 -0.5154   -0.709554 -0.728207 -0.070954
  0.058621 -0.040861 -0.107242 -0.069202 -0.001145 -0.113853 -0.101248
  0.042012 -0.137882 -0.037682 -0.147712 -0.013075  0.001096]
[-0.836827 -0.829286 -0.899524 -0.708691 -0.748058 -0.920021  0.054326
 -0.067991  0.132909  0.226806 -0.146019  0.164996 -0.043215 -0.175577
 -0.060803 -0.050202  0.189553  0.015113 -0.087192 -0.042269]
[-1.132759 -1.121197 -0.600373 -1.411155 -0.633865 -0.699342 -0.045732
  0.120978  0.086725  0.081122 -0.089207  0.030561  0.044003 -0.110451
  0.003646  0.025082  0.054026 -0.028821 -0.00331   0.01761 ]
[-0.900906 -0.886042 -0.898847 -0.840499 -0.915676 -0.856273  0.06696
 -0.048162  0.062216  0.017499  0.079765  0.020271  0.038735  0.077873
 -0.148393  0.118551  0.022825  0.022201 -0.019001 -0.001271]
[ -1.229583e+00  -9.316153e-01  -9.869240e-01  -1.060710e+00  -1.033259e+00
  -7.451632e-01   4.499891e-03   4.683334e-02   2.442952e-02  -5.388492e-02
  -9.438615e-03   5.776870e-02  -1.532173e-01  -2.478150e-02   1.825306e-02
  -1.692571e-01  -6.763820e-03   5.048697e-02  -8.922994e-04   7.548847e-03]
[-1.025061 -1.02887  -0.581556 -1.068855 -0.639324 -0.754882  0.049635
  0.04385  -0.072792 -0.121296 -0.146357 -0.121528 -0.047213 -0.039093
  0.003904 -0.001513 -0.103817  0.079616 -0.008685  0.046505]
[-1.037063 -0.890379 -0.81454  -0.93419  -0.820621 -0.846563  0.094581
  0.091172  0.039749 -0.096835  0.061396  0.023026 -0.145523  0.084918
  0.092168 -0.095838 -0.0233    0.099921 -0.009486  0.021519]
[-1.268254 -1.064397 -0.97537  -1.180115 -1.061916 -0.96346   0.103231
 -0.167615  0.038512 -0.04854  -0.030177  0.044252 -0.05544  -0.041682
 -0.094275 -0.097099 -0.119068  0.06431  -0.098273  0.004007]
[ -1.086056e+00  -9.893633e-01  -8.436723e-01  -1.014838e+00  -7.608320e-01
  -7.723958e-01  -8.212252e-02   6.782502e-02  -3.178544e-02   1.084356e-02
  -1.213759e-02   5.373952e-02  -1.243753e-02  -5.202027e-02   1.136404e-01
   5.849593e-03  -3.947991e-02  -4.867100e-02   6.887605e-02  -4.943038e-04]
[-1.167426 -0.854175 -0.661317 -0.821605 -0.710221 -0.468699 -0.031628
 -0.050941  0.016223  0.071391  0.139835 -0.060893 -0.132405  0.099526
 -0.051443 -0.182873  0.027321  0.036326  0.033079  0.030822]
[-0.90768  -0.904535 -0.887116 -0.906149 -0.96609  -0.863101  0.035434
  0.069243 -0.037685  0.065959 -0.054125 -0.073488  0.019492 -0.08028
  0.152407 -0.023056  0.100355 -0.005703 -0.0677   -0.004179]
[ -8.028964e-01  -8.098960e-01  -7.842364e-01  -6.926009e-01  -6.341983e-01
  -6.669443e-01  -1.378232e-01   5.391058e-02  -5.971229e-03  -5.771898e-03
  -1.128137e-01   3.901110e-02  -2.441481e-02  -1.569382e-01   1.023508e-01
  -3.298959e-02   3.815911e-03  -1.580660e-01  -3.068970e-02   4.121679e-04]
[-0.87737  -0.924774 -0.8725   -0.876687 -0.858452 -0.876849  0.027246
 -0.053636 -0.034585 -0.045548 -0.06124  -0.057023 -0.04166  -0.094855
 -0.090361 -0.059518 -0.032175  0.082454  0.020734 -0.006932]
[-1.083659 -0.870379 -1.259097 -1.05703  -1.276742 -0.979446  0.079473
 -0.011723 -0.03988   0.029335  0.017386  0.083017 -0.071461  0.02889
 -0.053414 -0.053582 -0.054429  0.13036   0.057725  0.071426]
[-1.026874 -0.955979 -0.786943 -1.00295  -0.888059 -0.853516 -0.030218
  0.005733  0.053273  0.015946 -0.057648  0.071729 -0.031096  0.023964
 -0.091625 -0.125545 -0.074859 -0.011581  0.006235  0.009384]
[-1.204948 -0.917874 -0.900704 -0.902255 -0.919064 -0.673711 -0.093484
  0.066343 -0.109274  0.082651 -0.029582 -0.138152 -0.129444  0.044837
  0.128811 -0.022331  0.014401 -0.050706 -0.009707 -0.050562]
[-1.222154 -0.973552 -0.867831 -1.02414  -1.000126 -0.817707 -0.170749
  0.051244 -0.055037 -0.123084  0.143955  0.024227 -0.103585  0.193291
  0.047244 -0.11452  -0.201746 -0.116591  0.012553 -0.01178 ]
[-0.783296 -0.691517 -0.848647 -0.505574 -0.576458 -0.456607  0.004226
  0.020438  0.030671  0.092694 -0.034399  0.043003  0.103205 -0.007791
  0.015613  0.059903  0.049937  0.014672  0.027235  0.020793]
[-1.396631 -1.374507 -0.919023 -1.206645 -0.836361 -0.651361  0.021541
 -0.085568  0.034331 -0.043249 -0.074324  0.018575 -0.221353 -0.048784
 -0.163573 -0.139421 -0.090578  0.018202  0.058248  0.076345]
[-0.823848 -0.956032 -0.993069 -0.663823 -0.666964 -0.827579  0.022874
 -0.035035 -0.092174 -0.164349  0.005259 -0.083191  0.056244 -0.007401
 -0.077258  0.056744 -0.118968  0.031055 -0.006974 -0.0447  ]
[-0.701931 -1.085215 -0.729314 -0.784418 -0.655441 -1.033709  0.039932
 -0.013737  0.15844  -0.071981 -0.011271  0.119373  0.215208  0.031361
 -0.017007  0.064982 -0.045339  0.041437 -0.047954 -0.11552 ]
[ -1.075665e+00  -9.854701e-01  -7.851574e-01  -9.384298e-01  -9.126777e-01
  -8.403521e-01   5.858106e-04   5.893534e-02   1.253748e-02   3.011647e-02
  -4.654605e-02   7.446821e-02   1.152441e-01  -6.772478e-02   6.480528e-02
   4.672876e-02  -7.207660e-03  -5.318391e-02  -9.798124e-03  -1.209556e-02]
[-1.091563 -1.038995 -0.844965 -1.213897 -0.976059 -0.939925 -0.096877
 -0.068258  0.028622 -0.009767  0.04152  -0.069124  0.086468  0.01426
 -0.082175  0.070261 -0.053695 -0.145497 -0.040002 -0.009578]
[ -1.036844e+00  -9.633681e-01  -6.927868e-01  -1.056584e+00  -8.819167e-01
  -8.196588e-01  -1.038811e-01  -2.370212e-01   5.379898e-02  -4.938709e-02
   9.571635e-02   2.441199e-02  -1.907604e-02   1.378536e-01  -2.692130e-01
  -1.009821e-02  -7.966621e-02  -7.012618e-02   2.359655e-03  -7.215246e-04]
[ -6.617330e-01  -5.788547e-01  -5.803360e-01  -7.011695e-01  -7.845253e-01
  -5.583220e-01  -3.115056e-02   2.486231e-02   1.540414e-01   3.786633e-02
  -7.069574e-04   1.960865e-01  -3.650722e-02  -1.134338e-02   1.974951e-02
  -5.297590e-02  -5.805045e-03   2.218454e-02   1.296436e-02  -1.905626e-02]
[-1.002252 -0.807171 -0.953819 -0.963756 -1.09465  -0.84028  -0.106434
  0.017462  0.0453   -0.048297 -0.128003  0.08431   0.138216 -0.082535
 -0.029012  0.095753 -0.024861 -0.110826  0.045309  0.015899]
[-0.907068 -1.055164 -0.835994 -0.931436 -0.782575 -0.992921  0.081453
 -0.036307  0.037219  0.068948 -0.020625  0.006108  0.06541   0.024393
 -0.024199  0.064959  0.179776  0.058671  0.02648   0.021422]
[-0.970419 -1.059086 -1.121058 -1.019063 -0.939666 -1.241552 -0.009287
 -0.099418 -0.189586  0.042527  0.0955   -0.107528  0.040957  0.173759
 -0.06556  -0.049859  0.149318  0.046709  0.003994  0.032811]
[-1.164819 -1.119206 -1.118147 -0.989481 -1.048566 -0.98209  -0.036038
 -0.070623  0.00155   0.040271 -0.031815 -0.058669 -0.037314 -0.087378
 -0.043574 -0.091208  0.037685 -0.107687 -0.056215 -0.017379]
[-0.947787 -0.79464  -0.691791 -1.015511 -0.851452 -0.712866 -0.004376
 -0.001594  0.097631  0.088103 -0.055717  0.104707  0.060026 -0.074149
 -0.018315  0.032698  0.103939 -0.042208 -0.035866  0.014714]
[-1.064353 -0.824004 -0.817891 -0.928177 -1.106663 -0.826925 -0.023248
 -0.012319 -0.026307  0.056594 -0.012023 -0.094756 -0.018622  0.002697
 -0.009251 -0.074715  0.081522  0.139653  0.033559  0.004241]
[-1.024778 -0.84383  -0.769011 -1.062889 -0.900803 -0.736948 -0.037863
 -0.076143 -0.075403  0.02431   0.173902 -0.124717  0.061576  0.170667
 -0.158832  0.016088  0.002779  0.022519  0.030525  0.005138]
[-0.707196 -0.698047 -0.565996 -0.830671 -0.691396 -0.726783 -0.10651
  0.054137  0.018491  0.024992  0.139507 -0.010058  0.060572  0.180198
  0.095684  0.050321  0.045929 -0.097366  0.028737 -0.009341]
[-1.194603 -1.131962 -0.823807 -1.204927 -0.868278 -1.106673 -0.017556
 -0.045536 -0.110413  0.011271  0.097463 -0.116434 -0.010344  0.046203
 -0.05499  -0.087908  0.021912  0.11835  -0.055065  0.016995]
[-1.160487 -1.131287 -0.760973 -1.205425 -0.895184 -0.752691  0.004827
 -0.003756 -0.012887 -0.06376  -0.042116 -0.025465  0.042734 -0.058627
  0.04119   0.099637 -0.048299 -0.021499  0.04553  -0.018721]
[-0.700492 -0.838884 -0.816013 -0.608995 -0.595792 -1.0084   -0.164366
  0.131303  0.149432  0.008782 -0.156692  0.19804   0.026533 -0.048067
  0.170212  0.037207  0.009391 -0.232645  0.023909 -0.006473]
[ -6.939436e-01  -5.862598e-01  -4.583740e-01  -9.068763e-01  -8.483248e-01
  -7.970463e-01  -1.774604e-02   3.519731e-03  -2.943222e-03   5.517556e-02
   1.791236e-01  -3.561016e-02   3.217618e-03   1.677050e-01   4.877678e-02
   4.395288e-02   5.599514e-02   2.423756e-02  -2.717479e-04   6.294285e-03]
[-1.092588 -0.943477 -1.312352 -0.900669 -1.131671 -1.069302 -0.099604
 -0.138467 -0.207749 -0.129372  0.001375 -0.228991  0.004046  0.059046
 -0.164403 -0.00335  -0.116809 -0.12407   0.004442 -0.042923]
[-0.944236 -0.973275 -0.69054  -1.020433 -0.929358 -0.876406  0.10276
 -0.029301  0.020429 -0.125894  0.055877 -0.012081 -0.120769  0.07871
 -0.075802 -0.133913 -0.025013  0.0853    0.036051 -0.033337]
[-0.914383 -0.956668 -0.812719 -0.902288 -0.819451 -0.825605 -0.115453
  0.008705 -0.062759  0.036853 -0.025799 -0.068961 -0.073001 -0.020829
 -0.05089  -0.046602  0.048826 -0.090778  0.02521   0.009727]
[-0.965047 -0.999913 -0.905586 -1.042051 -0.922641 -0.920005  0.01376
  0.026495  0.126053  0.053953 -0.006142  0.124234  0.101931 -0.040267
  0.012684  0.093518 -0.018547  0.067235 -0.061772 -0.021367]
[-0.965106 -0.90458  -0.784609 -0.966679 -0.865122 -0.756056 -0.104473
  0.035013  0.027806  0.081717  0.067695  0.073287  0.110823  0.031223
 -0.008992  0.077154  0.109469 -0.176066  0.033261 -0.006453]
[-0.710476 -0.879194 -0.759881 -0.714883 -0.562327 -0.73988   0.043698
  0.057903 -0.109677 -0.145843  0.048509 -0.054058 -0.052349  0.020608
  0.030079 -0.017711 -0.120264  0.068548 -0.040944  0.008111]
[-1.162131 -1.196803 -0.988296 -1.119662 -0.984778 -1.015324 -0.078987
 -0.079577  0.033883 -0.057711 -0.01104   0.056918 -0.044715 -0.00351
 -0.06653  -0.002566 -0.095807 -0.126153 -0.00812  -0.007389]
[-1.121019 -1.126134 -0.775892 -1.134872 -0.943133 -1.094481 -0.030644
 -0.147598 -0.019176 -0.007887  0.089606 -0.134994  0.157839  0.12895
 -0.160748  0.121301  0.001199 -0.066377  0.075906 -0.004163]
[ -7.756295e-01  -8.712430e-01  -1.074616e+00  -7.466998e-01  -8.213170e-01
  -1.275205e+00  -1.653657e-02  -1.769479e-02  -2.629177e-02  -1.627013e-01
   1.300028e-02  -1.337196e-02   7.112604e-02   2.397741e-03   1.660615e-02
   5.609111e-03  -1.361111e-01   1.014838e-03   5.793057e-02  -3.046980e-02]
[ -9.044090e-01  -9.048115e-01  -1.049565e+00  -9.086854e-01  -1.059894e+00
  -1.029912e+00   8.287976e-02  -4.731075e-02   1.587705e-01  -2.682513e-02
   6.915345e-02   3.161198e-02   2.922408e-02   4.930901e-05  -9.111412e-02
   1.652489e-02  -5.682580e-02   1.017356e-01  -4.167141e-02  -1.461686e-02]
[ -1.084004e+00  -8.936349e-01  -9.694816e-01  -8.517285e-01  -9.269853e-01
  -7.779429e-01  -3.298649e-02   1.025470e-01   3.353164e-02   1.432711e-01
  -5.150243e-02  -5.974428e-02   1.895969e-02  -8.531209e-04   4.602610e-02
   1.801784e-02   1.553897e-01  -1.137688e-01  -2.529303e-03  -2.368442e-02]
('Mean', 1, ': ', -1.0840036291750614)
('Median', 1, ': ', -1.0840036291750614)
('Variance', 1, ': ', 0.0)
('Mean', 2, ': ', -0.89363492010716139)
('Median', 2, ': ', -0.89363492010716139)
('Variance', 2, ': ', 0.0)
('Mean', 3, ': ', -0.96948161473749339)
('Median', 3, ': ', -0.96948161473749339)
('Variance', 3, ': ', 0.0)
('Mean', 4, ': ', -0.8517285152169598)
('Median', 4, ': ', -0.8517285152169598)
('Variance', 4, ': ', 0.0)
('Mean', 5, ': ', -0.92698526796118741)
('Median', 5, ': ', -0.92698526796118741)
('Variance', 5, ': ', 0.0)
('Mean', 6, ': ', -0.7779429114648001)
('Median', 6, ': ', -0.7779429114648001)
('Variance', 6, ': ', 0.0)
('time: ', 8640.168035030365)
