“Running plot script on a single CPU core”
[-0.888274 -0.727522 -0.988275 -0.855547 -1.027012 -0.837604  0.030505
  0.033406  0.074511  0.068364  0.140893  0.094551  0.011934  0.089518
  0.085975 -0.006582  0.027352  0.001037 -0.014227 -0.013636]
[ -1.047970e+00  -1.050837e+00  -6.882137e-01  -1.094863e+00  -8.350286e-01
  -7.872647e-01  -4.416992e-02   1.906329e-02  -1.212202e-01  -7.044182e-02
  -6.533375e-02  -8.169800e-02   1.975806e-01  -1.019895e-01   1.753580e-01
   9.743985e-02  -5.960782e-02   5.357114e-02  -1.851627e-02  -1.257761e-05]
[-1.027612 -0.968364 -1.124561 -0.933163 -1.02832  -1.009864 -0.148383
  0.071268  0.070339  0.011615 -0.019255  0.024731  0.060802 -0.046963
  0.033627  0.046646 -0.034189 -0.050279 -0.062949  0.019084]
[-0.856705 -0.81682  -0.676033 -0.981582 -0.886336 -0.730365  0.108931
  0.001848 -0.012316  0.023724 -0.040612  0.030543  0.026061 -0.002169
 -0.02258  -0.029968  0.058103  0.098898  0.006993  0.009602]
[-0.846165 -0.869755 -0.781461 -0.761814 -0.686564 -0.57803  -0.03244
 -0.007929 -0.105105  0.289362  0.16753  -0.435672  0.15269   0.122591
  0.052409  0.172317  0.390512 -0.274869 -0.056101  0.016655]
[-0.905056 -0.975077 -0.809679 -0.938075 -0.751067 -0.826895 -0.120821
 -0.124891  0.013478 -0.110454  0.013795 -0.047562  0.00156   0.059143
 -0.068175 -0.026619 -0.113098 -0.134491  0.067034 -0.056543]
[ -9.582703e-01  -1.003754e+00  -6.242544e-01  -9.455330e-01  -5.273531e-01
  -5.177387e-01  -1.350152e-01   1.022774e-01   1.014812e-03  -7.161872e-02
   1.372693e-01  -1.182169e-02   8.265269e-02   1.698359e-01   1.027634e-01
   3.759409e-02  -7.607310e-02  -5.938933e-02  -1.169607e-04  -5.679384e-03]
[-1.23235  -1.454059 -1.208429 -1.50022  -1.283673 -1.327886 -0.01818
 -0.057191 -0.126179 -0.026786 -0.122147 -0.069487 -0.156222 -0.068419
 -0.115705 -0.146346 -0.027882 -0.116248  0.076392  0.030457]
[-1.175581 -1.159596 -0.865935 -0.998297 -0.640817 -0.513131 -0.018372
  0.0411    0.024639  0.056823 -0.014877 -0.024317 -0.001312 -0.037227
  0.028302  0.003618  0.034721 -0.095283  0.007283  0.006605]
[-0.860251 -0.893118 -0.795664 -0.767574 -0.790643 -0.794593  0.026664
  0.03453  -0.014567  0.090622 -0.009064  0.026659  0.062549 -0.002333
  0.021283  0.117287  0.102815 -0.035164  0.0103   -0.009191]
[-1.003452 -1.122721 -0.764331 -0.915156 -0.612905 -0.804386 -0.063104
  0.113304 -0.206449  0.207919  0.044911 -0.136717 -0.119551  0.127161
  0.05607  -0.044159  0.149511 -0.041754  0.00218  -0.002991]
[-0.879793 -0.9284   -1.034016 -0.714652 -0.736431 -0.799597 -0.04718
 -0.054361  0.11914   0.040545 -0.017805  0.09318   0.08972  -0.035321
  0.017309  0.054233  0.086059  0.092087 -0.007322  0.039481]
[-1.467728 -1.25442  -1.063511 -1.294193 -1.11901  -0.90201  -0.032141
  0.090298  0.138254 -0.17609   0.047591  0.122115 -0.01405  -0.034406
  0.140257 -0.08358  -0.214003 -0.036668 -0.055526 -0.043971]
[ -7.542166e-01  -7.872844e-01  -6.022429e-01  -6.871270e-01  -5.730960e-01
  -6.430242e-01  -3.696087e-02   7.899695e-03   2.373364e-02  -4.735507e-02
   1.088909e-01  -2.822238e-02   9.773679e-02   4.002085e-02  -2.293751e-02
   1.071582e-01  -4.821210e-02  -3.816208e-02   3.240144e-02  -2.272699e-04]
[-1.026111 -0.99097  -0.802596 -0.945613 -0.739034 -0.769834  0.00967
  0.044135 -0.006657 -0.09517  -0.122516 -0.021878 -0.032971 -0.095966
 -0.013837 -0.098808 -0.002796 -0.024105  0.023947 -0.006889]
[-0.938123 -0.942187 -0.948702 -0.8096   -0.805761 -0.792407 -0.049032
  0.003799  0.04226  -0.083361  0.129128  0.013123 -0.044692  0.106087
 -0.002567 -0.012951 -0.043621 -0.032183  0.041566  0.028951]
[-0.864064 -0.769038 -0.777485 -0.925003 -0.984975 -0.900293  0.010167
  0.127872  0.140793 -0.021539  0.03547   0.051024  0.074097  0.047863
  0.105715  0.037147 -0.021757 -0.060924 -0.037528 -0.013295]
[-0.950432 -1.053595 -0.768281 -1.015154 -0.731155 -0.742575  0.004699
  0.174844 -0.157345  0.043094 -0.077917 -0.137027 -0.085672 -0.058847
  0.161652 -0.066481 -0.003495 -0.017109  0.013629 -0.045457]
[-1.002592 -0.560407 -0.754274 -0.993247 -1.304469 -0.74346   0.05269
  0.026241 -0.025726 -0.092031 -0.005689 -0.038885  0.02753  -0.066249
 -0.016786  0.02166  -0.094324 -0.037363  0.061093  0.0551  ]
[-0.797615 -0.641057 -0.74249  -0.812478 -0.952636 -0.79201   0.00536
  0.100694 -0.004771  0.047775 -0.012607 -0.00361  -0.0657    0.008413
  0.137309 -0.05332   0.089242  0.033306 -0.056718 -0.021435]
[-0.910896 -0.957843 -0.650708 -0.915709 -0.637306 -0.710004  0.018131
  0.047291  0.038011 -0.041933 -0.022689  0.062887  0.054365 -0.01313
  0.06155   0.045966 -0.056538  0.035223 -0.064498 -0.013086]
[-0.857836 -0.824207 -0.781063 -0.933657 -0.960232 -0.979969 -0.141002
 -0.023675  0.014624 -0.14793  -0.137592 -0.022591 -0.097637 -0.129513
 -0.039024 -0.06801  -0.182089 -0.236362  0.029699  0.06824 ]
[-1.167539 -1.012973 -0.844338 -0.965432 -0.812725 -0.735183  0.065184
 -0.090084 -0.029495 -0.055777  0.01991  -0.048975  0.003697  0.028127
 -0.128126 -0.017896  0.022837 -0.039454  0.032734 -0.022598]
[-0.615634 -0.910893 -0.7358   -0.814697 -0.505803 -0.876509  0.018661
  0.035862 -0.059076  0.092902  0.021745 -0.120824 -0.058174  0.037053
  0.083534  0.026377  0.244239  0.029194  0.019081  0.039152]
[-1.103522 -0.821503 -0.678667 -1.171784 -1.129229 -0.75343   0.087796
  0.095637  0.0186    0.079468 -0.032722  0.007495  0.023461  0.020687
  0.086314  0.020884  0.072873  0.115991  0.051112 -0.036818]
[-1.14474  -1.184745 -1.175938 -1.234084 -1.295732 -1.441801 -0.005416
  0.036208 -0.085263  0.021769  0.060163 -0.040858  0.030512  0.060457
 -0.082443  0.042722 -0.029031 -0.067556  0.017619 -0.028926]
[-0.824785 -1.217689 -1.090884 -0.607078 -0.432499 -0.800962 -0.004544
  0.040393  0.032221 -0.252718 -0.012428  0.003283  0.007737 -0.067721
  0.031154 -0.043414 -0.224146 -0.01064  -0.032441 -0.053954]
[-0.990593 -1.127556 -0.977614 -1.144552 -1.063733 -1.122062 -0.071016
  0.020779 -0.034471 -0.014616 -0.123011 -0.065301  0.001736 -0.121488
  0.022263  0.008183 -0.022643 -0.042508 -0.04796   0.036565]
[-0.971914 -1.158976 -1.009373 -1.139936 -1.080979 -1.113683  0.014455
  0.046677 -0.002159  0.136345 -0.052756 -0.069953  0.087508  0.026687
  0.017922  0.110329  0.173439  0.047782 -0.022272  0.028916]
[-1.103238 -1.149261 -0.760258 -1.200714 -0.81066  -0.868115 -0.080164
  0.039505  0.034723  0.127255  0.148754  0.019464  0.081263  0.123756
  0.023402  0.081414  0.157007 -0.090945  0.059064  0.011067]
[ -1.140307e+00  -1.009673e+00  -1.052481e+00  -1.170148e+00  -1.131075e+00
  -1.041042e+00  -1.424178e-02  -8.622258e-02   1.509655e-01   5.754264e-02
  -3.091434e-02   2.694152e-01   8.821313e-02   2.315637e-02  -8.252960e-02
   3.005290e-02  -2.228615e-03  -4.088147e-02  -1.088848e-03  -2.491409e-02]
[ -8.279843e-01  -7.969836e-01  -7.786227e-01  -8.021601e-01  -7.724325e-01
  -6.752271e-01   4.625795e-02   3.643202e-02   2.122971e-03  -4.120387e-02
   4.415060e-02   2.372866e-02   1.598067e-01   7.536013e-02   3.089995e-02
   1.726545e-01  -6.839200e-02   6.558751e-02   2.011198e-02  -8.607552e-07]
[-1.13803  -0.732184 -0.997547 -0.821927 -0.947478 -0.611237 -0.003488
  0.036386 -0.02931  -0.008609  0.008617  0.024553 -0.152608  0.005641
  0.060146 -0.114049 -0.047567  0.003946 -0.063893 -0.010961]
[-1.118057 -1.175215 -1.351846 -1.043011 -1.209068 -1.365542  0.006811
 -0.062294 -0.002398  0.007918 -0.004653 -0.115401  0.018642  0.067636
 -0.110363  0.060166  0.021865 -0.085093  0.027809 -0.048985]
[-0.8135   -0.810416 -1.12153  -0.734919 -1.038997 -0.987681  0.138052
 -0.022763  0.043339  0.142448 -0.020714 -0.054721  0.12141  -0.030742
  0.004109  0.071758  0.108491  0.256559  0.068431  0.017752]
[-0.911497 -0.866786 -0.744205 -0.924229 -0.766514 -0.916898 -0.090569
 -0.043026 -0.07338  -0.089484  0.154773 -0.10508   0.124365  0.132807
 -0.128017  0.104634 -0.109655 -0.076221  0.01944  -0.045952]
[-0.834317 -0.992856 -1.182214 -0.640922 -0.579863 -0.958348  0.106185
 -0.084189  0.045008  0.273441  0.074566  0.064369  0.099679  0.09163
 -0.050465  0.070322  0.261666  0.139138 -0.008199  0.042986]
[-0.898409 -0.891036 -1.009333 -0.704459 -0.757211 -0.773793 -0.07103
  0.019303 -0.002129  0.006364  0.065499 -0.013155 -0.003276  0.050629
 -0.025639  0.053778  0.107585 -0.127693  0.018081  0.038495]
[ -7.751969e-01  -7.820560e-01  -7.026771e-01  -8.052611e-01  -7.596283e-01
  -6.484646e-01   2.332432e-03  -2.248387e-02   2.116645e-02  -5.090736e-02
   2.138193e-02   1.656809e-02  -2.736840e-02   3.239485e-03  -1.088147e-01
  -1.963803e-02  -3.912175e-02  -2.140124e-02  -1.311591e-02   7.283648e-05]
[-0.627914 -0.904    -0.606464 -0.93328  -0.567182 -0.954376 -0.022412
 -0.049983  0.219772  0.092624 -0.007107  0.145947  0.07773   0.019288
 -0.099528  0.076951 -0.016438 -0.078409  0.010254 -0.024987]
[-0.581139 -0.513338 -0.672116 -0.847712 -0.783722 -1.007206 -0.045963
  0.098915  0.118001 -0.05555   0.101078  0.162757 -0.036736  0.090336
  0.12889  -0.095384 -0.090887 -0.04223  -0.06468   0.013335]
[-0.881993 -0.857518 -0.946059 -0.633824 -0.902383 -0.635721 -0.139804
  0.017992 -0.00774   0.096086  0.00205   0.076789  0.166037 -0.011633
 -0.013592  0.065512  0.060011 -0.221042  0.025396  0.059385]
[-0.751086 -0.841132 -0.953555 -0.753886 -0.74159  -0.991204  0.056556
  0.082938  0.001544 -0.022278 -0.028797 -0.027617 -0.083625 -0.054946
  0.072937 -0.162724 -0.160274  0.029706 -0.013607  0.005154]
[-0.835299 -0.819691 -0.688534 -1.083446 -1.009354 -0.966494  0.064932
  0.08235   0.050958  0.044244  0.01607   0.015618  0.054412  0.080543
  0.134259 -0.004227  0.015084  0.058131  0.026359  0.028069]
[-0.769033 -0.90321  -0.723934 -0.684896 -0.55408  -0.815419 -0.069418
 -0.0251    0.024632 -0.046374  0.034972  0.03469   0.062641  0.019237
  0.042667  0.017294 -0.045734 -0.10366   0.02754   0.011347]
[ -1.068092e+00  -8.368704e-01  -8.771776e-01  -1.200237e+00  -1.168026e+00
  -1.016779e+00   5.520648e-02  -1.157778e-03  -1.808412e-02  -5.292630e-02
  -8.255881e-03  -2.667275e-02   4.429771e-02   1.473465e-02  -8.684908e-03
   2.907182e-02   5.489197e-02   2.487675e-02  -4.878152e-02  -1.238072e-02]
[-1.010168 -0.845849 -0.886405 -0.804015 -0.768686 -0.640146 -0.026522
  0.029562 -0.056951  0.004608  0.035732 -0.024195  0.042726  0.050086
  0.054791  0.068733  0.157593 -0.013121 -0.011466 -0.035918]
[-0.868541 -1.307387 -0.945261 -1.294827 -0.753271 -1.649596 -0.055174
 -0.21616  -0.083669 -0.204144 -0.071624  0.064997  0.115637 -0.068691
 -0.259222  0.065957 -0.322284 -0.163218 -0.008837  0.030942]
[-1.013851 -0.810005 -0.632908 -0.992459 -0.76602  -0.711406 -0.035873
  0.017346  0.036542  0.095538  0.010193  0.041282 -0.081223  0.025976
  0.060084 -0.040769  0.091239 -0.041696  0.008723  0.001107]
[-1.062352 -0.924373 -1.060061 -0.902868 -1.00952  -0.9191   -0.017495
  0.114798  0.056382 -0.024285 -0.039461  0.031536 -0.01847  -0.04971
  0.141072  0.023212 -0.085147 -0.065883  0.024398  0.026548]
[-0.78059  -0.908902 -0.752358 -0.893589 -0.749637 -0.846181  0.02451
 -0.001452 -0.008732  0.015135 -0.025578  0.008791  0.098635 -0.109067
  0.01775   0.080827  0.041337 -0.055171  0.029287  0.0307  ]
[-1.016719 -0.733922 -0.835051 -1.047042 -0.94285  -0.860257 -0.095228
 -0.055909 -0.216465  0.015782 -0.151611 -0.191235 -0.126699 -0.128036
  0.046411 -0.041805  0.048137 -0.015276 -0.019885  0.010761]
[-0.965471 -0.859434 -0.844873 -1.024238 -0.911612 -1.007834  0.102151
 -0.037123 -0.072462 -0.117946 -0.088001 -0.043493 -0.024435 -0.099633
  0.031348 -0.032515 -0.067602  0.157246 -0.021504 -0.032512]
[ -8.892676e-01  -9.881482e-01  -8.614671e-01  -9.350727e-01  -9.616272e-01
  -9.638864e-01  -1.097018e-01  -1.156790e-01  -9.058789e-02   4.481218e-02
   7.535599e-02  -1.153134e-01  -1.723710e-01   1.078046e-01   2.486709e-02
  -2.177313e-01  -3.004265e-03  -3.352449e-04  -9.114616e-02  -4.718104e-02]
[-0.950654 -0.861012 -0.898232 -0.780565 -0.893671 -0.77749  -0.027357
  0.029502  0.109027  0.055401 -0.00836   0.095445 -0.017516  0.03174
  0.034385 -0.081034  0.089837  0.014032  0.015536 -0.012154]
[-0.778423 -0.812425 -0.866889 -0.738505 -0.858756 -0.90969   0.083982
 -0.03474  -0.01729   0.006431 -0.033218  0.051772  0.092402 -0.087923
 -0.058438  0.108736 -0.036401  0.027101 -0.027875  0.017355]
[ -1.041566e+00  -9.019268e-01  -1.202653e+00  -9.668146e-01  -1.254660e+00
  -1.137270e+00  -3.044373e-02   3.462540e-02  -9.991308e-02   5.023102e-02
  -1.123699e-02  -2.013860e-01  -4.093687e-04   4.029848e-02   3.996052e-02
  -5.452086e-02  -1.108992e-02  -6.384819e-02  -2.513247e-02   1.763535e-02]
[-0.702193 -0.692354 -0.808421 -0.689592 -0.746134 -0.793572 -0.037925
  0.049532  0.075038  0.019539 -0.060611  0.023024  0.037461 -0.046854
  0.022046  0.053628 -0.023234 -0.005277  0.013096 -0.010578]
[-1.063944 -0.970883 -0.798543 -1.026786 -0.898272 -0.952705 -0.049412
  0.186243 -0.11947   0.200047  0.047995 -0.020167 -0.042437  0.009779
  0.239403 -0.089245  0.123892 -0.147245 -0.032261 -0.026901]
[-1.069816 -0.841845 -0.704093 -0.894629 -0.842949 -0.590343  0.029264
 -0.010279 -0.022474 -0.020862 -0.021767  0.102232  0.009251 -0.066279
  0.036798  0.033181 -0.012994  0.098267 -0.00801  -0.008786]
[-0.754285 -0.690353 -0.858154 -0.631695 -0.746289 -0.687831 -0.166841
 -0.088021  0.017305  0.014377  0.027141  0.029017 -0.148303  0.033697
 -0.129403 -0.112091  0.049553 -0.211938 -0.029546  0.005667]
[-0.765989 -0.803087 -0.920863 -0.616084 -0.668746 -0.845292  0.078255
  0.06144  -0.030421  0.06242  -0.005231 -0.011619  0.063216 -0.032759
  0.020257  0.15648   0.070304  0.099356  0.026299  0.014589]
[-0.854398 -0.871422 -1.005526 -0.821294 -1.09158  -0.911065  0.02932
  0.162428 -0.046952  0.056758 -0.081222 -0.101395  0.108989  0.031231
  0.036927  0.06634  -0.040305  0.099059  0.017611  0.032749]
[-0.820299 -0.734052 -0.781201 -1.075947 -1.068112 -0.900249 -0.036843
 -0.022274 -0.122712  0.0474   -0.077931 -0.103454 -0.058451 -0.034373
 -0.066867 -0.06394   0.115744  0.018726 -0.039065 -0.019435]
[-0.868484 -1.074093 -0.85429  -0.950857 -0.77775  -0.984034 -0.047905
 -0.002126 -0.082004  0.083153 -0.025828 -0.10778  -0.038027 -0.006087
 -0.051822 -0.040342  0.108734 -0.061714  0.035886 -0.005109]
[ -9.757772e-01  -7.154399e-01  -6.387535e-01  -9.182040e-01  -9.305216e-01
  -6.816923e-01  -2.480066e-02  -1.886462e-01  -4.094088e-03   6.132360e-02
   5.106778e-02  -1.228400e-02   7.573845e-03   7.840391e-02  -1.488312e-01
   6.632856e-03   5.913489e-02   3.331589e-02  -9.344504e-04  -3.014527e-02]
[-1.101816 -1.13485  -0.884548 -1.045597 -0.748584 -0.78399   0.02817
 -0.011021 -0.079223 -0.065633 -0.100877 -0.111964 -0.077398 -0.075925
  0.015959 -0.043523 -0.104215 -0.011706  0.033041  0.013885]
[ -9.464958e-01  -1.058417e+00  -1.144866e+00  -9.129687e-01  -1.004801e+00
  -1.211009e+00  -3.017586e-02   5.808611e-02  -7.539416e-02  -3.986403e-02
  -2.045501e-02  -1.184131e-01   4.897364e-05  -3.973916e-02   1.551037e-02
   1.889569e-02  -1.547775e-01   8.488875e-03  -5.311925e-02  -3.670731e-02]
[ -9.385674e-01  -1.007485e+00  -6.593866e-01  -1.005641e+00  -7.522669e-01
  -8.074402e-01  -1.540411e-02  -5.877893e-02   7.983495e-02   5.083850e-02
   1.931249e-01   1.178189e-01  -1.187144e-02   2.856732e-01  -5.130662e-02
  -3.823250e-02   5.397256e-03  -1.121539e-01   9.278589e-04   2.347595e-03]
[-1.056863 -0.889119 -0.891573 -0.932406 -1.044575 -0.80084  -0.011211
 -0.025761  0.032992 -0.080013  0.039073 -0.010574  0.02054   0.019375
 -0.010649  0.053171 -0.020467  0.030167 -0.027237  0.010898]
[-0.966284 -0.847166 -0.884889 -0.993328 -1.092417 -1.108564  0.040345
  0.073005  0.128469 -0.055008  0.010719  0.169764 -0.037103 -0.068655
  0.045143 -0.001215 -0.010659  0.104751 -0.046381 -0.005019]
[-1.015637 -1.048419 -1.048    -0.857832 -0.758864 -0.8136    0.055485
  0.012649  0.033501 -0.123717 -0.076081  0.083294  0.051518 -0.11644
  0.066439  0.017902 -0.022109  0.170092  0.008876  0.022764]
[-1.213566 -1.159197 -1.197339 -1.000145 -0.995538 -0.946746  0.08911
 -0.020112 -0.02583   0.0245    0.073374 -0.091386 -0.131403  0.023556
  0.014773 -0.084764  0.072875  0.057296  0.037824 -0.01841 ]
[ -8.886128e-01  -8.377288e-01  -8.037463e-01  -8.078182e-01  -7.361505e-01
  -7.166292e-01   1.222403e-01   1.331099e-01  -8.060536e-02  -2.872359e-02
   7.444391e-02  -5.685471e-02   3.238627e-04   8.930714e-02   1.090639e-01
  -1.072121e-02  -3.981603e-02   7.874023e-02   1.111899e-02   1.787315e-02]
[-0.846646 -0.796081 -0.750046 -0.722993 -0.810143 -0.892196 -0.059116
  0.009442  0.032344 -0.219407  0.016262  0.120205 -0.035482 -0.005941
  0.038768 -0.030636 -0.246989 -0.015491  0.036663  0.036677]
[-0.930946 -0.949657 -0.984553 -1.066782 -1.091794 -1.176705  0.112167
 -0.056714 -0.004826 -0.022938 -0.259042  0.055686 -0.009253 -0.248524
  0.003315 -0.162581 -0.017588  0.036519 -0.017064 -0.038759]
[-0.861021 -0.877123 -0.774256 -1.075652 -1.03719  -0.996654  0.043539
 -0.002094  0.128832  0.090903 -0.065816  0.076182  0.082793 -0.168263
 -0.056996  0.231843  0.197084 -0.082318  0.051242 -0.008404]
[ -1.026623e+00  -1.025650e+00  -1.086742e+00  -9.392862e-01  -9.639877e-01
  -1.069551e+00  -2.814309e-04  -6.257620e-02  -4.700708e-02  -1.773195e-01
  -4.915303e-03  -4.388720e-02   6.390454e-02  -4.499749e-02  -3.844039e-02
   4.545628e-02  -9.090469e-02   3.778960e-02   9.782084e-03  -7.086457e-04]
[-0.960097 -0.938313 -0.961437 -0.992205 -1.033007 -1.041059  0.042426
 -0.113786  0.043301  0.106122  0.033727 -0.057193 -0.028725  0.142147
 -0.076781 -0.050451  0.118332  0.088933  0.06212  -0.041593]
[-0.67975  -0.592372 -0.758638 -0.627301 -0.754571 -0.745783 -0.091199
  0.028049  0.024745  0.015355 -0.043212  0.049734  0.074459 -0.042351
  0.019898  0.005369  0.00541  -0.126801 -0.030723 -0.017382]
[ -1.027451e+00  -1.068569e+00  -1.003598e+00  -1.035536e+00  -1.113935e+00
  -1.004259e+00   8.846389e-02  -3.262396e-02   1.273690e-02  -1.787991e-02
   1.018551e-01   8.959824e-02   8.704305e-02   8.957305e-02  -1.718289e-02
   5.399702e-02   3.645286e-02   1.122182e-01  -1.630764e-04   8.473679e-03]
[-0.633458 -0.811214 -0.694696 -0.791118 -0.650168 -0.840845  0.084344
 -0.033762  0.045391  0.01273   0.034149  0.115712  0.050466  0.005664
 -0.030081 -0.03876   0.037452  0.113963  0.078899  0.0009  ]
[-1.166232 -0.943912 -0.757084 -1.072469 -1.004575 -0.900832  0.041788
  0.05968   0.022493 -0.039473 -0.015905 -0.012455 -0.115059 -0.042719
  0.069301 -0.142633 -0.099489 -0.009943 -0.016852  0.010804]
[-0.829248 -0.891996 -0.862479 -0.856772 -0.75707  -0.974811 -0.057499
 -0.035111  0.120796  0.026623 -0.072946  0.126552  0.033907 -0.107364
 -0.021915  0.039393  0.0123   -0.057186  0.024522 -0.011042]
[-0.887238 -1.10957  -0.680138 -0.930085 -0.685792 -0.685359 -0.057023
  0.062792 -0.024183 -0.067921  0.002216 -0.048853 -0.051584  0.024554
  0.038471 -0.037526 -0.0719   -0.009289  0.031663  0.024499]
[-1.099011 -0.974156 -0.851321 -0.873763 -0.775342 -0.746376  0.08067
 -0.022788  0.002829 -0.151478  0.043548 -0.02834  -0.025363 -0.007775
  0.005624 -0.001477 -0.180854  0.087915 -0.017382 -0.020084]
[-0.758021 -0.744987 -0.705786 -0.717542 -0.814297 -0.716278  0.088224
 -0.039347 -0.019175  0.01063   0.055863 -0.039036 -0.089043  0.063965
 -0.154087 -0.08624   0.032606  0.140752 -0.003219 -0.03461 ]
[-0.967    -0.970801 -0.573893 -1.077594 -0.750783 -0.638832 -0.058518
 -0.027397  0.031675 -0.067976 -0.013119 -0.014629 -0.011946  0.029013
 -0.017604 -0.01087  -0.053789 -0.054674  0.030694 -0.012246]
[-0.847544 -0.82058  -1.029864 -1.048871 -1.270226 -1.259539  0.085094
 -0.093304 -0.127234 -0.035551  0.121888 -0.155191 -0.009328  0.055054
 -0.106723 -0.051563 -0.004327  0.083565 -0.029179 -0.030853]
[-0.79034  -0.79696  -0.857776 -0.670627 -0.772531 -0.66663   0.080935
  0.001308  0.042829  0.018858  0.033214  0.067873  0.022381  0.07809
 -0.01263  -0.009631 -0.016021  0.08104   0.030246  0.024744]
[-0.98604  -0.859731 -0.833953 -0.824119 -0.824527 -0.802637  0.004443
  0.011038  0.007991  0.014143 -0.043009  0.083455 -0.050151 -0.055639
  0.016119 -0.024816  0.043094 -0.037975  0.095548 -0.004636]
[ -9.771303e-01  -1.120863e+00  -9.629687e-01  -9.908055e-01  -7.546904e-01
  -1.025476e+00   1.341024e-01   4.779044e-02  -1.060880e-01  -7.258836e-02
   2.633640e-01  -1.296466e-01  -6.286921e-02   2.175311e-01   8.881544e-02
  -1.114820e-01  -3.551105e-02   2.118213e-01   1.077666e-03   2.195132e-02]
[-1.035996 -0.962736 -0.949199 -0.829342 -0.93308  -0.777619  0.02109
  0.010998  0.040316 -0.033492  0.025239  0.056815 -0.083808 -0.04874
  0.006583 -0.011222 -0.046846 -0.053647 -0.013886 -0.017646]
[ -1.042163e+00  -8.819512e-01  -1.046464e+00  -7.174093e-01  -8.651001e-01
  -7.272823e-01   1.328311e-01   3.912385e-02   9.774525e-03   1.180703e-02
  -1.301365e-01  -3.076626e-02   3.338289e-02  -5.072705e-02   4.764525e-02
   4.823665e-03   1.264089e-04   1.263613e-01   4.594577e-03   7.514561e-03]
[ -7.650956e-01  -7.661903e-01  -7.595821e-01  -7.618239e-01  -7.190507e-01
  -7.539637e-01   3.401519e-03   1.027030e-01  -7.629926e-02   4.218139e-02
   9.818916e-04  -5.368507e-02  -1.337219e-01   1.897021e-02   4.715676e-02
  -8.998960e-02   7.524178e-02  -7.072373e-02  -3.919903e-02  -5.861375e-04]
[-0.706711 -0.752421 -0.869667 -0.965814 -1.066579 -1.066711  0.061138
 -0.083749 -0.075593  0.01073  -0.073386  0.00911  -0.106091 -0.073436
 -0.149447 -0.037369 -0.037849  0.002561  0.033866 -0.023009]
[-0.625999 -0.749341 -0.856772 -0.452813 -0.62497  -0.847226  0.165181
 -0.009882  0.128204 -0.0078    0.028052  0.137904  0.084695  0.013594
  0.006963  0.047531 -0.057904  0.157485 -0.012838  0.005702]
[-0.993363 -0.901557 -0.849078 -0.821355 -0.70905  -0.925503  0.052614
 -0.03546  -0.014507 -0.073261 -0.06589   0.019594  0.040015 -0.003711
  0.021964  0.06293   0.016609 -0.00425   0.018189 -0.003496]
[-0.55541  -0.857996 -0.632283 -0.535613 -0.284853 -0.658287  0.064467
 -0.134136  0.068252  0.00985  -0.021262  0.107082  0.068173 -0.055831
 -0.115683  0.038669 -0.00736   0.042717 -0.035164 -0.018687]
[-0.927379 -0.956394 -0.907213 -0.996851 -0.902135 -0.970325  0.002253
 -0.009804  0.08151   0.040786  0.022074  0.023704  0.078041 -0.049748
 -0.036101  0.046275 -0.09622  -0.084002 -0.007738  0.016556]
('Mean', 1, ': ', -0.92737906301160167)
('Median', 1, ': ', -0.92737906301160167)
('Variance', 1, ': ', 0.0)
('Mean', 2, ': ', -0.95639405706310221)
('Median', 2, ': ', -0.95639405706310221)
('Variance', 2, ': ', 0.0)
('Mean', 3, ': ', -0.90721334155881905)
('Median', 3, ': ', -0.90721334155881905)
('Variance', 3, ': ', 0.0)
('Mean', 4, ': ', -0.99685114860930335)
('Median', 4, ': ', -0.99685114860930335)
('Variance', 4, ': ', 0.0)
('Mean', 5, ': ', -0.90213524963636449)
('Median', 5, ': ', -0.90213524963636449)
('Variance', 5, ': ', 0.0)
('Mean', 6, ': ', -0.97032543954994688)
('Median', 6, ': ', -0.97032543954994688)
('Variance', 6, ': ', 0.0)
('time: ', 7924.34600687027)
