“Running plot script on a single CPU core”
[ 0.046165  0.01702   0.001638 -0.004234  0.011629 -0.022628]
[-0.015207  0.000385  0.047501 -0.007194  0.002156 -0.008868]
[ 0.077038  0.032061  0.13021  -0.044275 -0.00865   0.008447]
[-0.006761 -0.003292  0.012887  0.001056 -0.022254 -0.006934]
[ 0.046158  0.011207  0.0114    0.03253  -0.022135  0.013476]
[-0.035909 -0.027768  0.021011 -0.058101  0.00848   0.002867]
[ 0.055957  0.080655  0.111248 -0.021714  0.019506 -0.000373]
[ 0.04139   0.056231  0.03752   0.004205  0.008566 -0.008846]
[ 0.024513  0.066981  0.082439 -0.014903  0.020411  0.006912]
[ 0.070719  0.126426  0.064566  0.010466  0.01025   0.006845]
[ 0.019678 -0.007131  0.036321  0.021829  0.003659 -0.012864]
[ 0.052632  0.02862   0.110024 -0.044907  0.008367 -0.000352]
[-0.053664 -0.017519  0.003341  0.012339  0.010006 -0.009318]
[-0.0302    0.04982   0.083526  0.022648  0.023118 -0.001805]
[ 0.046986  0.051487  0.093224 -0.000767 -0.004785 -0.019985]
[-0.035458  0.007964 -0.008598  0.037018  0.006452 -0.019681]
[ 0.039942  0.035318  0.053659  0.032449  0.002959  0.012954]
[ 0.067915  0.05642   0.107314 -0.021183 -0.002292  0.001802]
[ 0.03811   0.041112  0.060635  0.017795  0.023732 -0.009936]
[ 0.07028   0.091891  0.093587  0.00605   0.002382  0.014539]
[ 0.03956   0.083901  0.119951 -0.021789  0.00606  -0.005993]
[-0.008172  0.035683  0.047016 -0.004276  0.016423 -0.025832]
[-0.007802  0.01752   0.01015  -0.004238 -0.003365  0.004276]
[ 0.022702  0.098839  0.066614  0.008118  0.014237 -0.035504]
[ 0.01814   0.01784   0.042308 -0.023462 -0.013592  0.006502]
[-0.028667 -0.077065 -0.026228  0.00795  -0.007392 -0.003015]
[ 0.015091 -0.003463  0.027462 -0.034022  0.002697  0.018919]
[-0.013671 -0.075383 -0.058923 -0.041903  0.022803 -0.011606]
[ 0.015715 -0.010624 -0.022239 -0.013659  0.017002  0.024296]
[ 0.031468  0.010379 -0.003205  0.027793  0.001048 -0.019271]
[-0.037982  0.00788  -0.005884 -0.005582 -0.000948  0.004055]
[ 0.028491  0.037289  0.079888 -0.02183   0.009048 -0.01468 ]
[ 0.044276 -0.018127 -0.007405  0.006277 -0.032218 -0.037232]
[ 0.06544   0.042635  0.043514 -0.009951 -0.010055 -0.005538]
[  1.376702e-03   1.058770e-02   4.294782e-03   7.099043e-05  -5.996427e-03
  -1.668855e-03]
[-0.013369  0.045673  0.046142  0.025392 -0.008084 -0.003686]
[ 0.060765 -0.031043  0.027559  0.015995 -0.025225  0.012655]
[ 0.018671 -0.030529  0.074687 -0.013122 -0.006718 -0.042485]
[ 0.040727  0.07772   0.058923 -0.004832 -0.021593  0.034377]
[ 0.011679 -0.030318 -0.028427 -0.033231  0.01876   0.006235]
[ 0.025816  0.03611   0.017961  0.011923  0.010359 -0.014444]
[-0.010367  0.089164  0.12523  -0.023186  0.03157  -0.005303]
[-0.034216 -0.00593  -0.003692 -0.000501  0.017935  0.019914]
[ 0.016004  0.07147   0.072092  0.022897  0.001977 -0.012484]
[-0.037601 -0.005604 -0.010205 -0.017258 -0.018572  0.005996]
[ 0.050921  0.059119  0.065284 -0.006541 -0.008013  0.004492]
[ 0.074926  0.080925  0.098325  0.010169 -0.027064  0.005406]
[ 0.00532   0.052214  0.042672  0.018001 -0.013131  0.00386 ]
[ 0.013057  0.009977  0.04099  -0.036631  0.004777  0.0063  ]
[ 0.054072 -0.022591  0.067253 -0.024908  0.006498  0.018183]
[ 0.0693    0.074473  0.067694 -0.01969   0.000309  0.018161]
[ 0.008869  0.016164  0.00102  -0.006413  0.004926 -0.004505]
[ 0.026308  0.014503  0.060911 -0.003412 -0.005367 -0.002783]
[-0.009934 -0.018297  0.01028  -0.023482  0.017971 -0.003387]
[-0.070275  0.010318 -0.043773  0.025967 -0.010287  0.023824]
[-0.01598  -0.000229  0.039554 -0.017024  0.012217 -0.027509]
[ 0.04406   0.06445   0.057138 -0.010172  0.003962  0.013923]
[-0.058739  0.065364  0.047972  0.023184 -0.028488  0.025666]
[-0.000593  0.041411 -0.015515 -0.014569  0.011266  0.004339]
[-0.027697  0.014602  0.029377 -0.005396 -0.004865 -0.004599]
[ 0.044284  0.003891  0.056294 -0.017303  0.004333 -0.055175]
[ 0.063522  0.082002  0.085245 -0.021291  0.006454  0.000481]
[-0.002366 -0.011358 -0.04959  -0.016065 -0.003549  0.015083]
[ 0.007266  0.023307  0.073593 -0.004399 -0.02342   0.00297 ]
[-0.011369  0.054874  0.077088 -0.001143 -0.016819  0.012119]
[ 0.073641  0.048297  0.04236   0.005945  0.020487 -0.03513 ]
[ 0.021861  0.013888  0.040507  0.010749 -0.006127 -0.009049]
[ 0.024874 -0.004766  0.072829  0.012693  0.018143  0.007196]
[ 0.070237  0.089682  0.121802 -0.003858  0.002164 -0.02279 ]
[ 0.040626  0.046567  0.044211  0.015904  0.003553  0.007985]
[ 0.051143  0.04362   0.041783 -0.014175  0.026269  0.020499]
[ 0.086987  0.060496  0.125135 -0.012471 -0.000534 -0.002176]
[ 0.079675  0.071037  0.11967  -0.002445 -0.017877 -0.019569]
[ 0.016869 -0.022234  0.039232  0.003718  0.035607  0.010901]
[ 0.015665  0.07506   0.083737 -0.01472  -0.000894 -0.037192]
[ 0.029362  0.045323  0.049544  0.007294  0.031671 -0.023826]
[ 0.118885  0.126344  0.055174 -0.031029 -0.003752 -0.011777]
[-0.028564 -0.044585  0.00213   0.003425  0.026143 -0.024847]
[ 0.023315  0.027572  0.107229  0.025782  0.006469 -0.003412]
[  2.995518e-02  -5.149261e-05   7.936041e-02  -1.175226e-02  -3.522002e-02
   4.409257e-03]
[ 0.040493  0.027227  0.021138  0.018801 -0.013024  0.042697]
[ 0.028361  0.013408  0.025515 -0.001045 -0.000874  0.011192]
[ 0.109061  0.033117  0.142212  0.014966  0.008953 -0.037028]
[ 0.069539  0.059447  0.075467  0.011661  0.022638  0.022065]
[ 0.115284  0.112981  0.120314 -0.031569 -0.028693 -0.060267]
[-0.011891 -0.002238  0.011005  0.003238  0.001966  0.017859]
[-0.062766 -0.04704   0.024874  0.009208 -0.004483  0.024475]
[ 0.014294 -0.013514  0.016013 -0.015578  0.002849  0.016608]
[-0.043673  0.017251  0.011504  0.0123   -0.003531  0.01532 ]
[ 0.090174  0.108259  0.064305 -0.016383  0.022115 -0.05623 ]
[ 0.03318   0.059886  0.066282  0.001673 -0.00786  -0.025124]
[ 0.064177  0.079538  0.140754  0.001588  0.010245  0.020752]
[ 0.070188  0.08546   0.092132  0.008686  0.023846 -0.007673]
[ 0.050994  0.082912  0.04706   0.012045 -0.004619 -0.021758]
[-0.046889 -0.015946 -0.015007 -0.00866   0.040234 -0.00574 ]
[-0.017508  0.053231  0.019305  0.021616 -0.013166  0.031402]
[ 0.097771  0.047348  0.070137  0.029717 -0.020622 -0.005024]
[-0.025127  0.006131  0.024202 -0.005854  0.029932 -0.009084]
[ 0.08396   0.054015  0.084557  0.007959  0.011085 -0.010632]
[ 0.002988  0.044972  0.093227  0.012207 -0.034445  0.010826]
('Mean', 1, ': ', 0.0029878170145882952)
('Median', 1, ': ', 0.0029878170145882952)
('Variance', 1, ': ', 0.0)
('Mean', 2, ': ', 0.044972436518936065)
('Median', 2, ': ', 0.044972436518936065)
('Variance', 2, ': ', 0.0)
('Mean', 3, ': ', 0.093227348121568424)
('Median', 3, ': ', 0.093227348121568424)
('Variance', 3, ': ', 0.0)
('time: ', 8031.875241994858)
