“Running plot script on a single CPU core”
[-0.999211  0.200289  0.297985  0.324338 -0.435204  0.263181  0.132644
  0.333051  0.016402  0.250912 -0.901053 -0.895014  0.272704  0.10356
  0.287088  0.331113  0.326118  0.267022 -0.955078  0.103041]
[-0.030099  0.315025  0.328269 -0.030589 -0.499098  0.320284  0.330898
  0.310873  0.268321  0.298655  0.030422  0.255451 -0.141803 -0.082747
  0.310982  0.236652  0.262491  0.329869  0.14756   0.191299]
[-0.312005  0.248319  0.223745  0.289851  0.313402 -0.051415  0.204752
  0.124769 -0.47212  -0.302046 -0.152503  0.112806 -0.445767 -0.54634
  0.332989 -0.635124 -0.359246  0.227894 -0.133672 -0.54385 ]
[ 0.213514  0.0573   -0.144048  0.248442 -0.151931 -0.795231  0.042285
  0.289017  0.311333  0.223015  0.292286  0.287816 -0.532509  0.196432
  0.246264  0.3163   -0.711593 -0.901979  0.246765  0.329791]
[ 0.329448 -0.683896  0.26089  -0.820966  0.29659   0.241363  0.331625
 -0.054607  0.332488  0.222326  0.317408 -0.090503  0.091964  0.33225
  0.304035  0.260393  0.116162  0.30758   0.223328 -0.068091]
[-0.378616 -0.704243 -0.35068   0.25842  -0.331097 -0.565089 -0.327665
  0.30491   0.332022 -0.949536 -0.054017  0.257405  0.133879  0.157046
 -0.87014   0.144414  0.325838  0.036242  0.322981 -0.993988]
[ 0.302897  0.066154  0.275698  0.263969  0.191865  0.230553  0.312768
  0.314896  0.332802  0.252023  0.036521  0.255125  0.103044  0.332822
  0.308521 -0.919474 -0.59793  -0.40564   0.330773  0.327779]
[ 0.299781  0.237772  0.016471 -0.405495 -0.296317  0.090603  0.183526
  0.297894  0.287905 -0.103248  0.333135 -0.137266 -0.081328  0.311872
  0.180848  0.330783  0.328888  0.095136 -0.332404  0.188964]
[ 0.332352 -0.196209 -0.076539  0.316498  0.322335  0.303603  0.329948
  0.310649  0.242882  0.010689 -0.243681  0.190801  0.117004  0.265152
 -0.144698  0.332851 -0.516104  0.305394  0.054346  0.259701]
[-0.085277 -0.017048  0.252703  0.291625  0.268583 -0.166983  0.313402
  0.3198    0.21475   0.317801 -0.763343 -0.175307  0.333328  0.312464
  0.320558  0.271893 -0.921313 -0.065197  0.286309  0.13869 ]
[ 0.29828   0.136663  0.304236  0.332895 -0.774021  0.320349  0.092797
  0.130386  0.266854  0.192223  0.271744  0.291207 -0.516301 -0.593119
 -0.140071 -0.242468  0.320221 -0.088736  0.278904  0.328008]
[ 0.331454  0.312775 -0.642335  0.291618  0.083989  0.271028  0.295192
  0.116809  0.328691 -0.738723  0.325274 -0.977943 -0.788296  0.173076
 -0.068414 -0.29784   0.293136 -0.844728  0.209523  0.32271 ]
[ 0.290174  0.201865  0.196043 -0.258742 -0.052764 -0.074737 -0.08138
 -0.071976 -0.285059 -0.895585  0.323722 -0.737575  0.333311  0.069009
  0.180952  0.043333  0.332545  0.331067  0.314241 -0.317658]
[-0.030535  0.332343 -0.817833  0.158991 -0.001167  0.157718  0.332849
  0.333315  0.331124  0.245268 -0.610243  0.203714  0.142739  0.331144
  0.324324 -0.185265 -0.995714 -0.34714  -0.149301  0.318445]
[ 0.244645  0.24036   0.332159  0.332171  0.324079 -0.594687  0.243773
  0.300046  0.330609  0.314486  0.106039 -0.401897  0.308843  0.321679
  0.330163 -0.45254  -0.255192 -0.287453  0.243209  0.257609]
[ -3.628649e-01  -7.470310e-01  -8.268448e-01  -9.193168e-01   3.332826e-01
  -8.306180e-01   3.310242e-01   1.130863e-01   3.307899e-01   9.070259e-04
   2.141894e-01   2.818800e-01   3.376114e-02   3.330258e-01   2.263887e-01
   3.288434e-01   1.042391e-01  -5.535008e-02   3.053461e-01  -8.225243e-01]
[-0.469583 -0.996404  0.333304 -0.163481  0.064575  0.28983  -0.947337
 -0.201991 -0.020497  0.262394  0.22026   0.331011  0.285438  0.103749
 -0.351852  0.184776 -0.573909  0.204514 -0.53271   0.149261]
[ 0.149311  0.264714  0.323122  0.322459 -0.098347  0.288226 -0.398388
  0.247686 -0.980491 -0.275743 -0.953371  0.33306  -0.411659  0.228208
  0.324449  0.17337   0.173979  0.199849 -0.75662   0.316928]
[-0.210182  0.314793  0.150236  0.138898 -0.411678  0.208873  0.272629
 -0.061756  0.286445  0.290483  0.33324  -0.372521  0.088845 -0.235238
 -0.941922  0.323413  0.225292  0.146641  0.285571 -0.612624]
[-0.825179  0.20448   0.320275  0.018116  0.3313    0.331483 -0.82243
 -0.182124 -0.192758  0.328997 -0.919018  0.310232  0.078538  0.333263
 -0.996482  0.331248  0.093668  0.320512 -0.327413 -0.373312]
[-0.039128  0.088019 -0.804218 -0.92213   0.150263  0.331965  0.227869
 -0.077851  0.115836 -0.69538  -0.186903 -0.469183  0.158076 -0.338802
  0.202732  0.021071  0.332962  0.092364  0.329113 -0.131996]
[ 0.120519  0.036221  0.316691 -0.599601  0.321797 -0.699287  0.046916
 -0.949846  0.045939  0.310512  0.262349  0.288043  0.107026  0.014493
 -0.92632   0.328567 -0.159839  0.314941  0.245436  0.329668]
[ 0.19381   0.143872  0.252893 -0.92054   0.194634  0.113591  0.244223
 -0.273363 -0.518163  0.260871  0.22869   0.184257  0.17306   0.258736
 -0.993918  0.235509  0.332938 -0.770928  0.298237 -0.598646]
[-0.475149 -0.906971 -0.513836  0.317843  0.175763  0.084981 -0.936277
 -0.040755 -0.754328  0.044992 -0.089967  0.331126  0.324036  0.121437
  0.324041  0.314182  0.174009  0.069738  0.306117 -0.33719 ]
[ 0.319582  0.317434 -0.001115  0.309672  0.238506  0.327267  0.322639
  0.254581  0.329269  0.011565  0.328112 -0.934526  0.215494 -0.980113
 -0.806598 -0.969739  0.06383   0.024121  0.321586  0.284923]
[ 0.079391  0.278873 -0.286818  0.330742 -0.365007  0.267859 -0.885233
  0.295468  0.115985  0.044593  0.324319  0.322482  0.187589 -0.744221
  0.259478 -0.971219 -0.001968  0.325368  0.235736  0.131331]
[ 0.327321  0.328573  0.277087  0.249216  0.251526  0.266237  0.169371
  0.163233 -0.57656   0.325397  0.332893 -0.415184  0.039996  0.204619
  0.070394  0.203167  0.332446  0.041627  0.24078  -0.73949 ]
[ 0.004002  0.097345  0.256162  0.296602 -0.281961 -0.111505 -0.20002
 -0.10272  -0.052902  0.298658  0.320773  0.302107  0.32812   0.196911
  0.314082  0.1229    0.317289  0.320463 -0.185945  0.021528]
[-0.392114  0.288906  0.121864  0.310679  0.192232 -0.175779 -0.478615
 -0.060773  0.236172 -0.110984  0.327283  0.023291 -0.008771 -0.885545
  0.310928 -0.582659  0.240309 -0.896982 -0.219046 -0.848956]
[-0.140053 -0.111458  0.297551 -0.11341  -0.788197  0.322644  0.314884
 -0.119205  0.189246  0.27433   0.237537  0.3187    0.2794   -0.614786
  0.001865 -0.806698  0.333303  0.332115 -0.052585  0.053779]
[ 0.279869  0.268096  0.124862 -0.089477  0.330381  0.31757   0.05522
 -0.341301  0.323535  0.216259 -0.21142   0.198282 -0.567466  0.20195
  0.329292  0.282404  0.331709 -0.98101   0.265191 -0.243862]
[-0.049743 -0.172604  0.330651 -0.001244  0.159116  0.074682 -0.638249
  0.005592 -0.378531  0.089286 -0.151244 -0.870399  0.277413 -0.004707
  0.299519 -0.061038 -0.832234  0.113548  0.189565  0.247931]
[-0.894047  0.169556  0.329662  0.314982  0.330785  0.224639 -0.336191
  0.329225 -0.994056  0.224528 -0.992309  0.333009 -0.693928 -0.703786
  0.300432 -0.916259 -0.905122 -0.709752  0.330209  0.287836]
[ 0.299141  0.234565  0.057906  0.324156 -0.506088  0.3322    0.333308
 -0.795541 -0.187013  0.314266  0.333315  0.192376  0.220793  0.191715
 -0.786573  0.18977  -0.505002 -0.215043 -0.878755 -0.089653]
[ 0.332482 -0.106904  0.277886  0.257953  0.192757  0.333224 -0.846159
 -0.086328 -0.664877 -0.060163  0.139894  0.174465 -0.782813  0.188146
  0.185296  0.274606  0.162039  0.318889  0.32721   0.18712 ]
[-0.251285  0.148558 -0.99298   0.25527   0.104659 -0.470782  0.165931
  0.313417 -0.376225  0.262036 -0.089894 -0.088292 -0.006641  0.241656
  0.222441 -0.486293 -0.809709  0.178969  0.319336 -0.492792]
[-0.524139 -0.632804  0.297934  0.311241  0.239292 -0.996274  0.287672
 -0.496056  0.175215 -0.300617  0.201376 -0.33736  -0.728707  0.324653
  0.135693  0.124983  0.211646 -0.526521  0.309588  0.106023]
[ 0.273608  0.318296  0.095257  0.258813 -0.511959  0.332968  0.270507
  0.106185  0.293801  0.278614  0.162952  0.306839  0.279012  0.211644
 -0.554321 -0.044862 -0.999427 -0.058667  0.333244  0.242728]
[ 0.326797 -0.649145  0.304267  0.272663 -0.717736  0.332921  0.300314
  0.307949  0.171959  0.293333  0.215575  0.324555  0.322546 -0.375577
  0.268953  0.12203   0.332238  0.22548   0.244934 -0.395803]
[-0.796313 -0.876109  0.197166  0.333284  0.328241 -0.883731  0.312504
  0.219258  0.317915  0.332457  0.320876 -0.645326 -0.772135  0.318712
 -0.612932  0.04366   0.082535 -0.956248  0.240621  0.230488]
[-0.649901  0.329004  0.325176  0.286518  0.28266  -0.804937  0.33295
 -0.107419 -0.013022 -0.001271  0.27709   0.324334 -0.553567  0.205193
  0.328363  0.333319  0.298885  0.042676  0.317774  0.033029]
[ 0.232298  0.324854  0.14466   0.328091  0.32572   0.306992 -0.779678
 -0.895931  0.268243 -0.227535  0.013921  0.32895  -0.271317  0.259357
 -0.606034  0.330423  0.136875 -0.710465  0.312683  0.087228]
[ 0.320491 -0.678584  0.171183  0.262253  0.101918 -0.393884  0.26223
  0.292038  0.313891  0.305036 -0.003051  0.167247  0.142518 -0.336209
 -0.887778  0.19852   0.141802  0.166175  0.321903  0.056487]
[-0.240798  0.324006  0.209691  0.319581 -0.977241 -0.757043 -0.813998
 -0.410253  0.236397 -0.518039  0.090086  0.293347  0.255576  0.327298
  0.287213 -0.30561   0.318402 -0.998368  0.199555  0.333253]
[ 0.132683  0.302635 -0.14689   0.03279   0.259829  0.207174  0.234031
  0.099196 -0.724075 -0.973414 -0.699067  0.300384  0.121298  0.2533
  0.332894 -0.300612  0.061035  0.024883  0.320604  0.315926]
[-0.275132 -0.799723 -0.847916 -0.028284  0.134527  0.288058  0.309027
  0.30869  -0.303292  0.110662 -0.902913  0.282142  0.156443  0.227102
 -0.181347 -0.99989   0.253908  0.246282 -0.756133 -0.525209]
[ 0.330953  0.259504 -0.731874 -0.471357  0.170597  0.215153  0.191182
 -0.449763 -0.163438 -0.886888 -0.991973 -0.044814  0.149342  0.231151
  0.063244  0.333131 -0.027432  0.291361 -0.219521  0.110711]
[ 0.333088  0.323732  0.090311 -0.54719   0.255037  0.333124  0.289079
 -0.08724  -0.247689  0.331697  0.317562  0.328168 -0.999668  0.333308
  0.291156 -0.065934  0.030435  0.007781  0.298716  0.305152]
[ 0.331141  0.171469  0.105138  0.297949 -0.202122 -0.345545  0.32661
  0.240975  0.064565  0.247161  0.226617 -0.062877  0.150221 -0.897041
  0.229219  0.318771  0.132732  0.232803 -0.482631  0.268487]
[ 0.309093 -0.097151 -0.754524  0.102104  0.040282 -0.897487  0.296439
  0.333044  0.297373  0.245827 -0.019267  0.331663 -0.555446  0.193276
 -0.944499 -0.09553   0.239982 -0.096128 -0.918577  0.313617]
[ -9.612044e-01   3.329239e-01   2.684100e-01  -6.850625e-01  -9.096623e-01
   1.463741e-01   2.690268e-01   3.160108e-01  -8.063553e-04   3.199954e-02
   8.427894e-04  -2.017015e-02   3.947353e-02   3.016557e-01  -1.967501e-01
  -9.519456e-01   1.679896e-01  -1.091070e-01   2.671517e-01   3.290113e-01]
[ 0.140621  0.293709 -0.847782  0.07892  -0.513711  0.251115  0.034594
  0.325921 -0.928502 -0.69377  -0.095001 -0.619492  0.259299 -0.811925
  0.208986 -0.974758  0.287922 -0.652735  0.10475  -0.770911]
[  2.716512e-01  -3.715626e-02  -8.553138e-01   1.626361e-01  -8.813792e-01
   2.860699e-01   3.139136e-01  -7.828738e-01   3.314783e-01   3.332353e-01
   3.238966e-01   3.186946e-01   2.172500e-01   2.446949e-01   3.279174e-01
  -3.226970e-01  -1.721126e-01   7.375591e-04   3.297477e-01  -5.023330e-02]
[ 0.171291  0.175712  0.163921  0.319286  0.296889  0.251492  0.25971
  0.309363  0.250998 -0.318741  0.256124  0.231063  0.327398  0.332437
  0.205157  0.269421  0.272748  0.026897  0.298811  0.303938]
[-0.280228  0.279106  0.045509 -0.10013  -0.117118  0.328692 -0.630454
  0.2932   -0.183359 -0.361092  0.218908  0.2009   -0.08953   0.104562
  0.08108  -0.364831  0.286074  0.327003 -0.39608  -0.201852]
[ 0.132266 -0.940705 -0.517302  0.318055 -0.226539  0.238308  0.33119
  0.332699  0.272231  0.156161 -0.091816 -0.203818  0.184264 -0.773898
  0.305176  0.315585  0.332855  0.210967  0.328262  0.01525 ]
[ 0.299375  0.333056  0.313325  0.195733 -0.693487  0.098116  0.333323
 -0.294686 -0.095325  0.202848 -0.044999  0.233505  0.264891  0.328339
  0.311899  0.223151  0.251616 -0.146745  0.133784  0.332803]
[-0.875948  0.005997 -0.104168  0.199267  0.270782  0.256944  0.110792
  0.051858  0.304683  0.330793 -0.084459 -0.186258  0.147276  0.115355
  0.166019  0.329856  0.088415  0.333055  0.144041  0.329005]
[-0.955771  0.330651 -0.664101 -0.151387 -0.39802   0.079406  0.126126
  0.318131 -0.245524  0.332829  0.007029 -0.302409 -0.523006  0.331383
  0.307552  0.115148  0.319831  0.331525 -0.976098 -0.012268]
[ 0.294338 -0.089689  0.333255 -0.997241  0.31339   0.314264 -0.154478
  0.301313 -0.348722  0.148943  0.318807  0.272533  0.234106  0.125641
  0.20787   0.024311  0.041741 -0.42506   0.333038 -0.103219]
[ 0.283416  0.324733 -0.999531  0.272332 -0.457794  0.129083  0.307649
  0.254997  0.082305 -0.299404  0.086029  0.277327  0.155381  0.197673
 -0.127906  0.297617 -0.080009  0.31729   0.16628  -0.649535]
[-0.004099  0.142777  0.139784 -0.022741 -0.704103 -0.464804 -0.277461
  0.140451  0.300459 -0.213305  0.332854  0.023321  0.308561 -0.042555
 -0.963607  0.324864 -0.057004 -0.06228   0.290835  0.325623]
[-0.214061  0.299708 -0.95102   0.156691  0.039642  0.301224  0.278013
  0.326888  0.154246  0.234982  0.236563 -0.703221 -0.137409  0.153218
 -0.506788  0.284593  0.322314  0.331819  0.323035  0.039085]
[ 0.172447  0.239692  0.259177 -0.417681  0.076479  0.199412  0.310498
 -0.088761  0.275469  0.21909   0.318202 -0.042928  0.332151  0.317626
  0.333324 -0.092393  0.308514 -0.65802   0.166884  0.333301]
[ 0.192134  0.277406  0.316512  0.004757  0.139346 -0.508853  0.276614
  0.328752 -0.676097  0.219672  0.222854  0.004636 -0.438419  0.199163
  0.325191  0.254757  0.310664  0.309961  0.230738  0.022516]
[ 0.301312  0.016156 -0.038912  0.333022  0.01041  -0.233156  0.298587
  0.215368  0.325379 -0.211132 -0.285943 -0.076845 -0.109772 -0.123882
  0.207377  0.157432  0.310691  0.332817 -0.337071  0.331139]
[-0.597959  0.226939 -0.131795 -0.626427  0.281648  0.306121 -0.251988
 -0.570587  0.230738  0.295716 -0.24094   0.328345  0.227342  0.100154
  0.300596 -0.756189  0.262565 -0.950639  0.011858  0.162545]
[-0.997678  0.249319  0.251465  0.246467  0.325685  0.094172 -0.859808
  0.191994  0.258051 -0.207454  0.299297  0.298694  0.323053 -0.216422
  0.234737  0.311367  0.287317 -0.97808   0.331495  0.274592]
[ 0.320212  0.306722  0.328558 -0.21444  -0.004206  0.165166 -0.223868
 -0.420955 -0.229918  0.331123  0.32159   0.215359  0.141416 -0.999151
 -0.056581 -0.322916 -0.383189  0.289107 -0.98885   0.313512]
[ 0.258526 -0.219604  0.294756  0.294254 -0.237984  0.155935  0.270208
 -0.388944  0.21233   0.154266  0.32962   0.327774 -0.082577 -0.532528
  0.256108  0.213943  0.23929   0.184143 -0.995122 -0.738773]
[ 0.209486  0.311842  0.014599  0.322985 -0.448974  0.262045  0.073548
  0.20741   0.099697  0.16526   0.276214  0.21783  -0.994285  0.278151
  0.333289  0.283953 -0.256168  0.320648  0.29691  -0.323634]
[ 0.280032  0.295783  0.137191  0.151638  0.200647  0.112381  0.016446
 -0.917966  0.23197   0.167076 -0.595326 -0.464662  0.310844  0.185905
  0.256225  0.032451  0.33285  -0.151405  0.232928 -0.021702]
[ 0.322828 -0.50405  -0.892673  0.234385  0.114598 -0.142358 -0.239092
  0.23671   0.332566  0.080867  0.165517  0.015004 -0.691291 -0.089617
  0.262065  0.333176  0.314819  0.038609 -0.793933  0.291317]
[ 0.323829 -0.965576 -0.986561 -0.937166  0.332938  0.330257  0.317122
  0.287345 -0.99888   0.218913 -0.055827  0.314238  0.326943  0.159226
  0.323929  0.327608  0.1137    0.008752  0.331075  0.325324]
[ 0.148125  0.266103 -0.087161 -0.004066  0.322777  0.333328  0.230911
 -0.377376  0.15502   0.294757  0.057547  0.215475 -0.665633  0.316676
  0.293661  0.26089   0.262453 -0.824619 -0.999952  0.060384]
[ 0.333118 -0.696376  0.332678  0.173283 -0.631061  0.080354  0.331249
 -0.695484  0.318413 -0.517149  0.21974   0.17606   0.266998 -0.957909
  0.258557  0.248765  0.23775   0.309952  0.130349  0.264193]
[ 0.279064 -0.702244 -0.700972  0.321316 -0.319671 -0.882086  0.19393
 -0.243169 -0.740653 -0.952194  0.143241  0.168794  0.090087  0.237982
  0.277334  0.310922  0.005083  0.18804  -0.645286 -0.314094]
[ 0.192016 -0.987014  0.20116   0.241643  0.140758  0.260992  0.259113
 -0.201483  0.139444 -0.685794  0.33155   0.014331 -0.283311  0.311251
  0.33329   0.290465 -0.20962   0.313996 -0.461686  0.324894]
[ 0.241181  0.317768 -0.999963  0.305143  0.326712 -0.047309  0.333297
 -0.88083   0.247157  0.302126  0.201326  0.120857 -0.094196  0.310949
  0.32268   0.333034 -0.057094  0.251082  0.269105  0.222548]
[-0.010351  0.267862 -0.91743   0.315349  0.33229  -0.69547   0.28134
  0.246334  0.330795  0.28297  -0.986546 -0.155196 -0.642056  0.06437
  0.283585  0.193174  0.029054 -0.152634  0.311985 -0.030878]
[ 0.216807  0.31904   0.260373  0.202828  0.304527  0.331854 -0.093611
 -0.007696  0.266576  0.333087  0.276531  0.309232  0.167738  0.232469
  0.252075  0.29518   0.006026 -0.851948  0.09979  -0.445196]
[ 0.081144  0.101533  0.283462 -0.097252  0.247134 -0.745082 -0.146594
  0.331477 -0.975243  0.277886  0.18177  -0.130445  0.207756  0.095488
 -0.196745  0.207338  0.129542 -0.006846  0.254723  0.120571]
[ 0.288808  0.21988  -0.973187 -0.244489  0.053304 -0.022117 -0.958361
 -0.373211 -0.715859  0.310576 -0.281656  0.15273  -0.00145   0.0466
  0.221969  0.250679 -0.665524 -0.815646 -0.421913  0.318591]
[-0.485246 -0.199827  0.203457  0.17273  -0.937698  0.2762    0.190034
  0.321175  0.26877   0.258549 -0.040989  0.260112  0.332224  0.269581
  0.135132  0.092989  0.154829  0.238216  0.294673 -0.659572]
[ 0.297464 -0.394939  0.087178  0.28048  -0.10957   0.252355 -0.792288
 -0.672858  0.319099 -0.643507 -0.500068  0.035345  0.331733 -0.517886
  0.282467  0.036139  0.309429  0.298309 -0.192021  0.264131]
[-0.448903  0.315243  0.116173 -0.994748 -0.978611 -0.258897 -0.246945
  0.329298  0.096565 -0.738632  0.265681  0.281062  0.331222  0.289699
  0.333333  0.063664  0.168832  0.322774  0.333284  0.24678 ]
[ 0.223776  0.321664  0.222223  0.221643 -0.999469  0.289892 -0.325847
  0.323055 -0.158044 -0.981512  0.271433 -0.346206  0.303373  0.024321
  0.125468  0.116583  0.238768  0.221689 -0.778423  0.104295]
[-0.990615  0.330855  0.333136  0.321147  0.07535   0.318394 -0.249604
  0.333277  0.185933  0.228595  0.333333 -0.934696  0.270093 -0.856222
 -0.048695 -0.107971 -0.824504  0.333247  0.282     0.285443]
[ 0.324988  0.106577  0.325086  0.149411  0.007997  0.333276  0.33312
  0.329658  0.28764  -0.922497  0.143941 -0.530595 -0.87756   0.31542
  0.327476  0.320684  0.033235  0.179278  0.199301  0.294056]
[-0.678193 -0.247154 -0.575576 -0.329398  0.056174  0.325405  0.323006
  0.311794  0.119889  0.324716 -0.03128   0.329814  0.329557  0.332928
  0.284423  0.276813 -0.808423 -0.554342 -0.030533  0.195816]
[-0.828234  0.063524 -0.061185  0.319     0.332873  0.333176  0.254619
 -0.208056  0.333318  0.073793  0.326822 -0.247095  0.308222  0.135702
  0.329813 -0.015865  0.328622  0.087626  0.33215  -0.41225 ]
[ 0.117359 -0.042631  0.330964  0.332338  0.219618  0.332581  0.332866
  0.074255 -0.038583  0.214587  0.321716 -0.378228  0.202098  0.332418
 -0.048078  0.228217  0.270816 -0.099327  0.24904   0.270103]
[ 0.32022   0.022302  0.329682 -0.942854  0.313046  0.31707   0.117983
  0.017607 -0.972959  0.279857  0.242272 -0.653436  0.226295  0.230878
  0.192076  0.27533  -0.219179  0.222443 -0.065003  0.247749]
[ 0.320742 -0.839294  0.076073 -0.999549  0.314822  0.27868   0.332454
  0.138795  0.277289  0.194004 -0.236041  0.292821 -0.740511 -0.808708
 -0.999605  0.326108  0.318339  0.167777  0.020468  0.297653]
[-0.460911 -0.994082  0.333083  0.329515  0.319331 -0.971333  0.301358
  0.228153  0.141983 -0.099807 -0.434144  0.190901  0.214771 -0.999307
 -0.601829  0.256061 -0.19645   0.191915  0.332884  0.255874]
[ 0.28749  -0.310479 -0.600863  0.274495  0.016982  0.077239 -0.809811
 -0.139996 -0.931869  0.263938 -0.148204 -0.373744 -0.998404  0.32931
  0.331749  0.017795  0.18721   0.305066 -0.984134 -0.982915]
[-0.358145  0.251042  0.042513  0.330468  0.33332  -0.215435  0.062534
  0.272586  0.308312  0.120549  0.294303 -0.986601 -0.973725  0.274393
 -0.193132  0.11101   0.327604  0.331605  0.329069  0.333257]
[ 0.31918   0.234324  0.008743  0.279598  0.146139 -0.417455  0.285284
  0.269504 -0.201738 -0.20191   0.257746  0.182465  0.260476 -0.117918
  0.319256  0.320729 -0.52619   0.331112 -0.357879  0.32607 ]
[ 0.332568 -0.84157   0.321263 -0.441309  0.291403  0.04066   0.281503
  0.308196 -0.936444  0.162727 -0.19106   0.332637  0.091726  0.332089
 -0.492372  0.067941  0.243959 -0.299966  0.321209 -0.143425]
[-0.568982  0.288653 -0.865041 -0.190086  0.076561 -0.062144  0.31385
 -0.00101   0.285833  0.252164 -0.39863   0.021204 -0.679993  0.316119
 -0.343338  0.313006  0.332047  0.118251  0.076885 -0.46997 ]
[0.0015232610073365738, -0.020413255557632629, 0.016775540279744261, 0.030539249495946635, -0.0033998968636297922, -0.012123631264777945, 0.023000904277952594, 0.02346437919955946, 0.057819518875007359, -0.0096321196086100458, -0.0097525290503349127, 0.061009843654034335, 0.033727714006873022, -0.036345942865561233, 0.068471810283011386, -0.050367252573030041, 0.0013792272067874589, 0.0091943327705075184, 0.015635706634407942, 0.020437607753335585, 0.015366508884602059, 0.026773556074118701, 0.01407555139043723, -0.029851611861999527, 0.076330996823355618, 0.038714000726153719, 0.062803495705692713, 0.052152419458642303, -0.0091567248982039606, -0.036977124972743719, -0.078954506982167605, 0.014865751271122482, 0.00730077257896522, -0.018381370114064322, 0.028242852450328204, -0.032978258621836176, -0.03951917581320985, -0.023281978714147722, -0.010711397881430107, -0.074411216589446605, -0.008142686526689813, -0.095756698487926784, 0.043020940364729143, -0.036391823975238297, 0.053488757400747669, 0.0052423374670484413, 0.092023916326284733, 0.059873556912410586, 0.03565853655282536, 0.13403287294535182, 0.045154937518144256, -0.07016982884050485, 0.021156713983843611, 0.035050206187047545, -0.010760353286871527, 0.014267734540177018, 0.048833323901418313, 0.03031090479014098, -0.02918471976761805, -0.039022556096815042, 0.0083398171358268214, 0.012774067022094056, 0.028591602307895703, -0.0013827940230762836, 0.012088077840469336, 0.0065432043333754075, -0.037235278031284347, -0.049863149879602497, -0.01796213802391522, 0.066173231221282075, 0.052011846196911654, -0.0027498916867627066, 0.013774058827930091, 0.12599833825089138, 0.0011852737517308309, -0.097905871877890682, 0.083146338671990089, 0.0036436343501926038, 0.05091429182624041, -0.021421383618104868, 0.039552506907460205, 0.012913691606899466, 0.099669562963838276, 0.0013565258192729246, 0.073199667580972794, 0.0039059577563607117, 0.0078663100056365065, -0.010711132524313105, 0.051753503836470427, -0.018600218084231623, 0.026312225106642995, 0.015572076648498273, 0.0030578287585509845, -0.036234665960886925, -0.048237379420340676, 0.11145414940215609, 0.0063115813477492289, 0.040991378223241282, 0.039665602302406955, -0.010791238187248142]
('time: ', 9744.180628061295)
