“Running plot script on a single CPU core”
[ 0.098381  0.057314  0.131766  0.042899  0.022588 -0.044975]
[-0.030212  0.01512   0.022091 -0.000129  0.01195  -0.012415]
[ 0.031539  0.034153  0.055931 -0.033343  0.01481  -0.007447]
[-0.054117  0.02424  -0.027553 -0.019011 -0.017396  0.016593]
[-0.010141 -0.067799 -0.035851  0.020564 -0.020797  0.010919]
[ 0.018629  0.006382 -0.017007 -0.001566  0.012183  0.025633]
[-0.019812  0.064441  0.053371 -0.008014  0.029088 -0.02974 ]
[ 0.054939  0.001017  0.042672  0.024919 -0.002913  0.026553]
[ 0.024043 -0.042499  0.006463  0.006879 -0.035161  0.041499]
[-0.008107 -0.016135  0.042955 -0.013463  0.014294  0.008873]
[ 0.021749  0.076562  0.094082  0.01668  -0.035583  0.009505]
[ 0.071967  0.045653  0.022981 -0.007865  0.002036 -0.039338]
[-0.061683  0.014949  0.106686 -0.020406  0.065668 -0.005444]
[ 0.136094 -0.009989  0.067205  0.003089  0.051057  0.040775]
[ 0.021516  0.057076 -0.004249 -0.005812  0.016997  0.007173]
[-0.011872  0.10157   0.102571  0.04648   0.009531 -0.022928]
[ 0.025131  0.01194  -0.022586  0.018532  0.001232  0.014077]
[-0.05276  -0.059604 -0.026194 -0.021013  0.01083   0.037788]
[-0.030008  0.027826 -0.00469  -0.051264 -0.020434  0.012687]
[ 0.028953  0.028465  0.032788 -0.00746   0.008281  0.003805]
[ 0.06005   0.114053  0.114347 -0.027667  0.011982 -0.006114]
[ 0.012434  0.075058  0.039502 -0.009735 -0.034927  0.010729]
[-0.003414  0.038727 -0.04483  -0.018798 -0.016188 -0.033514]
[-0.042838 -0.008835  0.049758 -0.008971 -0.022502 -0.009478]
[ 0.035497 -0.044313  0.038687  0.015594  0.005025 -0.027921]
[ 0.040805  0.009309  0.021313  0.007932 -0.002243  0.000397]
[-0.040277 -0.048032 -0.029292 -0.010653 -0.016684 -0.004575]
[ 0.001314  0.001529 -0.028523 -0.012998 -0.028365 -0.02836 ]
[-0.037041 -0.010711  0.008716 -0.009592 -0.022082 -0.015767]
[ 0.079327  0.046378  0.086533  0.023795 -0.033057 -0.008597]
[ 0.03306   0.052668  0.091384  0.015004 -0.015321  0.009839]
[ 0.002033  0.056539  0.063907  0.021758  0.017087 -0.002224]
[ 0.061976  0.044635  0.026047 -0.010095 -0.017613 -0.053938]
[-0.038048  0.047366 -0.047451  0.008151 -0.008238 -0.011404]
[-0.011118  0.026418  0.013784  0.00843  -0.007708 -0.006986]
[ 0.04041   0.069309  0.038903  0.005961 -0.030561  0.00191 ]
[ 0.017395  0.024428  0.025854 -0.008964 -0.013055 -0.015947]
[ 0.073386  0.061713  0.130513 -0.003123  0.016825 -0.020935]
[ 0.058392  0.077846  0.055604 -0.005313 -0.001274 -0.006301]
[ 0.002828  0.046154  0.072474  0.003269  0.009849 -0.003604]
[ 0.067799  0.069853 -0.006197  0.015587 -0.003306 -0.003336]
[ 0.072783  0.057754  0.073837 -0.067051  0.02928   0.0576  ]
[ 0.106363  0.088633  0.083241  0.016389  0.04817  -0.042925]
[-0.06847   0.015005 -0.005859 -0.004905  0.007579 -0.005291]
[ 0.085195  0.09217   0.081604 -0.007404  0.011948  0.00759 ]
[ 0.069868  0.028265  0.051964  0.00581  -0.026027 -0.006856]
[ 0.04919   0.058405 -0.07064   0.016377  0.035903  0.019602]
[ 0.046776  0.039904  0.07379  -0.028306 -0.007018  0.01065 ]
[-0.040696 -0.054108 -0.009704 -0.03097  -0.033959  0.019305]
[ 0.002463  0.034059 -0.045367  0.008053 -0.019739 -0.01177 ]
[ 0.020733  0.040191  0.069954  0.002661 -0.016732 -0.013555]
[-0.05051   0.001348  0.053639 -0.015528  0.00349  -0.020164]
[ 0.094566  0.072389  0.124455 -0.010726 -0.001357  0.007572]
[ 0.02876   0.04425   0.095353 -0.036873 -0.017958 -0.010174]
[ 0.052594  0.022019  0.019809 -0.009783  0.046465  0.013181]
[ 0.011329  0.082827  0.109272 -0.007623 -0.014993  0.006692]
[-0.012237 -0.019622  0.069351  0.018168 -0.009787  0.004746]
[ 0.066183  0.143712  0.1202    0.046318  0.000855 -0.018608]
[ 0.032529  0.040144  0.033143 -0.005075 -0.018212 -0.020272]
[ 0.081164  0.056359  0.055472  0.003648  0.018151 -0.002743]
[ 0.037288 -0.007758  0.036623  0.011421 -0.031777  0.010832]
[-0.013289  0.048765  0.018602 -0.02659   0.005028  0.02559 ]
[ 0.005556  0.019908  0.026239  0.001444  0.005824 -0.011022]
[ 0.04397   0.087362  0.067594  0.024662 -0.00296  -0.005938]
[ 0.004466 -0.045241  0.073778 -0.006912 -0.053589  0.012194]
[ 0.067818  0.125446  0.084608 -0.001984  0.006376 -0.018539]
[ 0.062411  0.073889  0.068434 -0.023191 -0.037614 -0.056961]
[-0.062841 -0.022409 -0.048383 -0.01541   0.029147 -0.025321]
[ 0.09442   0.081791  0.094441 -0.012397 -0.004349  0.01509 ]
[ 0.065702  0.050108  0.073918 -0.01574  -0.006576  0.030288]
[ 0.007673  0.035405  0.056814  0.009802  0.00014  -0.009185]
[ 0.065081  0.092969  0.026443 -0.028391  0.005218  0.017261]
[ 0.050747  0.0752    0.047734 -0.000941 -0.011471 -0.039238]
[ 0.027002  0.061951  0.049215  0.011582  0.011417 -0.005139]
[ 0.067333  0.09986   0.08495   0.020994 -0.018153 -0.003264]
[ 0.036136  0.043754  0.021837  0.003727 -0.007646  0.009868]
[ 0.045065 -0.002222  0.030006 -0.017265 -0.003315  0.004611]
[-0.039453 -0.033599  0.034362 -0.000264 -0.022381 -0.002204]
[-0.100322  0.00754  -0.100305 -0.084084 -0.023619  0.02415 ]
[ 0.031031  0.041668  0.12568   0.004967  0.006673  0.006573]
[ 0.011714  0.040003  0.112031  0.023291 -0.011418 -0.010243]
[-0.032688  0.118432  0.053357  0.024469 -0.02948   0.003485]
[  5.668111e-02   8.347844e-02   7.128195e-02  -9.130279e-06  -3.649135e-02
  -3.021588e-02]
[ 0.065246  0.098163  0.134978 -0.017792  0.007542 -0.014433]
[ 0.089202  0.034977  0.103818 -0.020644 -0.0304    0.040955]
[ 0.023752  0.000452  0.028401 -0.021009  0.028976 -0.012811]
[ 0.039335  0.069382  0.131454  0.013886 -0.006682 -0.005378]
[ 0.045961 -0.008224  0.050702  0.01726  -0.031533 -0.017747]
[ 0.101209  0.093685  0.084224  0.007617  0.004008  0.006115]
[ 0.058402  0.142283  0.130214 -0.027463 -0.003296 -0.001092]
[ 0.096777  0.073577  0.09994  -0.010939  0.017166  0.012647]
[ 0.05113   0.04066   0.078214  0.007858  0.015117 -0.025497]
[ 0.080615  0.081364  0.064395 -0.024987  0.018935  0.017242]
[ 0.03577   0.107849  0.134775 -0.040865 -0.028491  0.009076]
[ 0.034117  0.118339  0.041882 -0.003524 -0.005326  0.004419]
[ 0.004933  0.008677  0.025177 -0.012647  0.017158 -0.017546]
[ 0.023112  0.077208  0.074422 -0.015676 -0.000944  0.004111]
[ 0.017727  0.084401  0.082048 -0.0092   -0.021628 -0.002395]
[-0.032727 -0.044978 -0.038816  0.001532  0.014465  0.03762 ]
[ 0.020583 -0.042887  0.09225  -0.065713 -0.021401  0.018999]
('Mean', 1, ': ', 0.020583087395745145)
('Median', 1, ': ', 0.020583087395745145)
('Variance', 1, ': ', 0.0)
('Mean', 2, ': ', -0.042887416727480948)
('Median', 2, ': ', -0.042887416727480948)
('Variance', 2, ': ', 0.0)
('Mean', 3, ': ', 0.092249824061392011)
('Median', 3, ': ', 0.092249824061392011)
('Variance', 3, ': ', 0.0)
('time: ', 7980.216346025467)
