“Running plot script on a single CPU core”
[ 0.273911  0.312859  0.196359  0.266225  0.299018 -0.012735 -0.133589
  0.298183  0.303522  0.187599 -0.989386  0.299854  0.020392  0.167959
 -0.200427  0.218106  0.331768  0.018335 -0.240254 -0.854661]
[ 0.20166  -0.29449   0.324188  0.171223  0.245803  0.068186  0.197146
  0.225249  0.175217  0.284698 -0.98597   0.321912  0.298403  0.332957
  0.328301 -0.03115   0.28981   0.295894 -0.18411   0.262565]
[-0.722814  0.174088  0.281372 -0.093379 -0.290788 -0.991622 -0.266268
  0.303663 -0.211127  0.155654  0.223235  0.273614  0.315653  0.312343
 -0.52923   0.254669 -0.84431  -0.997323 -0.987313  0.261008]
[ 0.312797 -0.258972  0.332409  0.082984  0.319842 -0.658001 -0.486867
  0.105751  0.191828  0.332653  0.31664   0.328384  0.331579 -0.14092
 -0.20339  -0.967891  0.291309 -0.071648  0.330995  0.333263]
[ 0.329751 -0.526972  0.287772 -0.292483 -0.934471  0.33034  -0.157062
  0.301216  0.304525 -0.341096  0.323894 -0.66603   0.184738 -0.99916
 -0.885344  0.083582  0.305359 -0.835938  0.333286  0.332699]
[ 0.062937  0.241647  0.289005  0.093421 -0.79875  -0.789069  0.278366
 -0.236001  0.323079 -0.323431  0.327732  0.188294 -0.013419  0.263809
 -0.005648 -0.659959  0.140138  0.197741  0.056527 -0.009197]
[-0.389159  0.315963  0.332116 -0.775356 -0.238476  0.333158  0.320937
  0.309537 -0.740168  0.047868  0.231579 -0.645887  0.284391  0.234188
  0.253696  0.257805 -0.784549 -0.998455 -0.11979   0.326868]
[-0.600672 -0.989745 -0.599205  0.234146  0.318384  0.294335  0.330641
 -0.923848  0.314408  0.328837  0.313496  0.251361 -0.309484  0.331126
 -0.121772 -0.843259  0.330619 -0.981056 -0.310771 -0.250923]
[-0.328986  0.301705  0.262351  0.105524  0.238354  0.330415  0.305137
  0.293753  0.072105  0.305247 -0.822021  0.195767  0.26146  -0.042158
  0.045059  0.157604 -0.424278 -0.282571  0.27272   0.272879]
[-0.247038  0.249897  0.330785  0.26685  -0.92644  -0.993555  0.084979
 -0.494162  0.332489  0.310827 -0.15447  -0.234983  0.332598  0.011218
 -0.963204  0.298761 -0.110861 -0.938873 -0.99826   0.244082]
[ 0.148235  0.176227 -0.636404  0.100545  0.269382  0.27223  -0.253099
  0.24941  -0.161803  0.328219  0.109668 -0.999993  0.332061 -0.046605
 -0.528251  0.328421  0.332582  0.066705 -0.454198 -0.290498]
[ 0.2471   -0.337722  0.287917  0.096862  0.314165  0.147245  0.095103
 -0.86215  -0.43548   0.140402 -0.492128 -0.188645  0.1887    0.315462
  0.149605  0.238766  0.333324 -0.411708 -0.022743 -0.244965]
[ 0.319767  0.292415  0.197506  0.178     0.33268   0.201523  0.316832
  0.329908  0.315432 -0.963978  0.306041  0.333321  0.300134  0.275667
 -0.564372 -0.863064 -0.15634   0.311029  0.014957 -0.958167]
[-0.002388  0.196399 -0.919299  0.315384 -0.375864  0.329368 -0.015435
  0.296956 -0.857599 -0.912075  0.313768  0.332749 -0.140903 -0.302957
  0.217798  0.274058  0.330054  0.234219  0.279096 -0.017717]
[ 0.052058  0.268794 -0.047039 -0.805268 -0.981785  0.290069 -0.987589
  0.307074  0.017818  0.29564   0.05867  -0.091944 -0.015546  0.332581
 -0.189695  0.325614  0.332825 -0.856139  0.156335 -0.573026]
[ 0.27541  -0.008534  0.330391  0.324658 -0.261245  0.134764  0.322728
  0.290491  0.253208 -0.343965 -0.979909  0.228411  0.332972  0.289541
 -0.303528  0.30839  -0.829063 -0.94364   0.222336  0.331783]
[-0.322401 -0.265947 -0.250976 -0.22178   0.172836 -0.860191  0.281004
  0.27371  -0.369064  0.316062 -0.055663 -0.050308 -0.998505  0.332658
 -0.743042  0.326404  0.26524   0.312736  0.331796  0.331073]
[-0.274905  0.311103  0.326102  0.190718  0.265841  0.086799  0.329548
 -0.147234 -0.028843  0.134075  0.18609   0.303755  0.289032 -0.396286
  0.329827 -0.565291 -0.166284 -0.551586 -0.086639 -0.587942]
[ 0.250088 -0.986894  0.17902   0.149079  0.289588  0.07144  -0.178393
 -0.043646  0.067365  0.329245 -0.41029   0.315331  0.314476 -0.977436
  0.044225  0.177396  0.225751 -0.435531  0.33252   0.306049]
[-0.067223  0.256101 -0.129023 -0.472156  0.199891  0.181759  0.143764
  0.292236  0.116992  0.329997 -0.551009  0.316388  0.239552  0.06827
  0.330758  0.219378  0.278635  0.258766  0.259459  0.276382]
[ 0.164504 -0.910309 -0.858885  0.190662  0.283314 -0.571097 -0.144661
  0.323482  0.327128  0.299747 -0.983694 -0.395814  0.18598   0.114558
 -0.351728  0.181977 -0.992423  0.333333  0.228872 -0.426296]
[-0.424362  0.029777  0.311195 -0.926403  0.320675 -0.447585 -0.226923
  0.197734  0.330427  0.060768  0.061625  0.317223 -0.679049  0.312391
  0.288378 -0.998915 -0.788103  0.327631 -0.046064  0.332506]
[ 0.330873  0.224739 -0.022532 -0.348261  0.27086   0.333268 -0.10311
 -0.830981  0.333082  0.274155  0.270237  0.314044  0.196429  0.299366
  0.122244  0.262543  0.236747  0.332688 -0.998362  0.322434]
[ 0.258875  0.319103 -0.022577  0.293586  0.042271  0.311126  0.147031
  0.321443  0.324354  0.284583  0.035455  0.059324 -0.641538 -0.323205
 -0.967215  0.139535 -0.127135  0.15269   0.332168 -0.973834]
[-0.658884  0.309136  0.03392   0.315506 -0.24032   0.125464  0.327052
 -0.739001 -0.835042  0.193852 -0.029228 -0.244628 -0.263665  0.076601
  0.331777 -0.429748  0.239483  0.31902  -0.547869 -0.632826]
[-0.332913  0.326083 -0.204997 -0.857831  0.333138  0.298367  0.321628
  0.154026  0.200563  0.333217  0.333105  0.287381 -0.523321  0.295655
  0.244781  0.308624  0.145712  0.31814  -0.387914 -0.991717]
[ 0.300236  0.21458   0.305928  0.320835  0.254929  0.28125   0.331753
 -0.584315  0.176313 -0.365267  0.287917  0.082048 -0.969916  0.292471
 -0.227913  0.279582  0.180928  0.155935 -0.159449  0.179274]
[ 0.3203   -0.887594  0.307321  0.333332 -0.327583  0.20754   0.331761
 -0.770157  0.28113   0.331309  0.332057  0.320583  0.051304  0.330029
 -0.104703  0.331631  0.230925 -0.604235  0.111655 -0.069627]
[ 0.130841 -0.121412  0.322823  0.148315 -0.12457   0.331927 -0.033516
 -0.44476  -0.736436  0.333149  0.209993 -0.949615 -0.809988  0.126665
  0.262735 -0.385013  0.082551  0.329258 -0.19867   0.241086]
[-0.541609 -0.394111  0.188946  0.259931  0.266603 -0.399234  0.22251
  0.329077 -0.880113  0.308745 -0.216979  0.287585  0.053037  0.32609
  0.311231 -0.127768  0.02912  -0.991117  0.208165 -0.455928]
[ 0.331745 -0.413569  0.302382  0.203396 -0.948842 -0.117705  0.309671
 -0.183401 -0.006877 -0.997651  0.173459 -0.507949 -0.992515  0.167944
  0.313531 -0.999927 -0.45294   0.269764  0.323378 -0.985222]
[ 0.306802  0.141721  0.059067  0.291679  0.324051 -0.18819  -0.054117
  0.122025  0.329056 -0.039798  0.045349  0.204358 -0.95115  -0.933831
  0.183573  0.283678 -0.432482  0.107403  0.319859 -0.176441]
[-0.440971  0.308072 -0.367978  0.147791 -0.120115  0.287587  0.31771
 -0.406182 -0.58881   0.262216 -0.268216  0.194796  0.148223 -0.832541
  0.266947 -0.340401 -0.067861 -0.046916  0.288651 -0.370655]
[ 0.293505 -0.19867  -0.947251  0.207917  0.332183  0.333237  0.325534
  0.215687  0.174333  0.019459 -0.280101 -0.48461  -0.813897 -0.76826
  0.119906  0.324441  0.327722  0.330623 -0.683113  0.321552]
[-0.269608 -0.120711  0.264423 -0.031485  0.264583 -0.260179  0.025264
 -0.32033   0.155242  0.330654  0.305854  0.300539 -0.05249  -0.308252
  0.117924 -0.50198   0.229982 -0.714825  0.168251  0.283208]
[ 0.311379  0.19317  -0.828005 -0.152894  0.019858 -0.244483 -0.28051
  0.242091  0.198797  0.223061  0.208842 -0.078911  0.072356 -0.069083
  0.331104 -0.585285 -0.980101  0.180199  0.187009  0.220544]
[ 0.145915 -0.503813 -0.153215  0.32878   0.328592 -0.312855  0.314206
  0.04178   0.317365  0.039113  0.320534  0.120611 -0.706929 -0.924549
  0.255358  0.24724   0.158218  0.328024  0.218185  0.173959]
[-0.398396  0.035236  0.037611  0.277222 -0.115532 -0.981274  0.240324
  0.326338 -0.106299 -0.041799 -0.999966 -0.042045  0.073765 -0.9934
 -0.957624  0.276745  0.312127  0.33286   0.301194  0.244675]
[ 0.332869  0.290296  0.332782  0.210195  0.205363  0.257659  0.300379
  0.333133  0.234369 -0.069352 -0.421285  0.222614 -0.404492 -0.09387
 -0.299803 -0.815875  0.219543  0.326437  0.157173 -0.03809 ]
[-0.036139 -0.61246   0.331906  0.079915  0.330533 -0.422361 -0.793672
  0.331263  0.123119  0.303188  0.274838  0.269787  0.300139 -0.010565
 -0.817925  0.330674 -0.226613 -0.303736 -0.179877  0.190576]
[-0.820933 -0.252415  0.201402  0.311044 -0.728039  0.294684  0.079787
 -0.32639  -0.502528  0.317866  0.272063  0.315245  0.212493  0.035935
  0.119314  0.237976 -0.662462  0.277706  0.291392  0.078656]
[ 0.203483 -0.596516  0.041737 -0.122974  0.176129  0.039045 -0.440307
  0.168523 -0.53507  -0.974052  0.153579  0.316249  0.104095  0.258022
 -0.283038 -0.065078 -0.941864  0.136815 -0.022412  0.220491]
[ 0.019615  0.319666 -0.439248  0.243112  0.06498  -0.049639  0.239127
 -0.143155  0.027026 -0.990651 -0.118504  0.179048  0.247096  0.031375
  0.29185   0.262754  0.26124  -0.999126  0.292762 -0.193035]
[ 0.156548  0.312763  0.308301 -0.792565 -0.991661  0.324522  0.067645
 -0.087418  0.331466  0.330312  0.333298  0.151698  0.031209  0.333261
  0.271628 -0.911256  0.210561 -0.964654  0.331869 -0.249523]
[ 0.064029 -0.446778  0.310388  0.285484  0.305849  0.30526   0.122085
  0.316908  0.035132 -0.001358  0.284971  0.321737  0.243035  0.098259
  0.256805 -0.446594 -0.384277 -0.034891  0.218096 -0.541345]
[ 0.297605 -0.996274  0.287854 -0.035413 -0.890337  0.28444  -0.253497
  0.331436 -0.193206  0.306387  0.330021 -0.280056 -0.332735 -0.663316
  0.296155  0.289642 -0.273985  0.322084  0.092312  0.2913  ]
[-0.915417  0.055613  0.060636  0.329153  0.333187  0.329269 -0.325707
  0.223706 -0.993997  0.245159  0.308444  0.283174 -0.044927 -0.449773
  0.326513 -0.807018 -0.239555  0.308534 -0.446611 -0.792069]
[ 0.205849  0.251156 -0.606745  0.301433 -0.218257 -0.725165  0.174157
  0.272045  0.177928  0.299991  0.275366 -0.457519 -0.537963 -0.793551
  0.221082  0.332814 -0.232143  0.045382 -0.242799  0.27535 ]
[ 0.329719  0.287519  0.29261   0.332295  0.179037  0.014217 -0.100361
  0.264625  0.329062  0.035201  0.128536  0.146336  0.301071 -0.760506
  0.052691  0.318191 -0.041787  0.133474 -0.809197  0.308415]
[-0.381305  0.243002  0.316002  0.168453  0.254999 -0.370395  0.278484
 -0.493747  0.292247  0.304218  0.32762   0.309392 -0.476477  0.260316
  0.178068  0.209665  0.273934  0.265399  0.311299  0.320387]
[ 0.053393 -0.785786 -0.915315 -0.708268  0.154866  0.30231  -0.999727
  0.317486 -0.997171  0.306623  0.274579  0.331633  0.262553 -0.36909
 -0.989726 -0.188583  0.295869 -0.917177  0.191243 -0.466278]
[-0.117489  0.304493  0.330483  0.332004 -0.049056 -0.611978  0.32457
  0.317484 -0.097504  0.280267 -0.790487  0.140305  0.139409  0.217599
 -0.8331    0.040742 -0.225625  0.329329 -0.235103  0.329304]
[ 0.329201  0.153421  0.314809  0.32446   0.122249  0.33315   0.240861
  0.224418  0.323157 -0.874353 -0.408487  0.323888  0.328259 -0.549474
  0.327256  0.11274   0.333333 -0.457942  0.333301 -0.973142]
[ 0.326834  0.175745  0.126552  0.28075   0.195081  0.084865 -0.476363
  0.081988  0.209919  0.328679  0.030029  0.042738  0.264679  0.332629
  0.332462  0.076437  0.325711  0.306577  0.315963  0.319   ]
[ 0.162944  0.31345   0.290681 -0.538959 -0.048249 -0.310246 -0.904829
  0.21277   0.332237  0.247286 -0.048686 -0.969677 -0.91435   0.319252
  0.325269  0.300761  0.226848  0.27998   0.311987  0.278466]
[ 0.128863  0.211713  0.165125 -0.523324  0.290401  0.327821  0.028022
  0.244794 -0.240101 -0.388822  0.203808  0.264202 -0.259638 -0.39691
  0.327882  0.192154 -0.254617  0.196506  0.267973  0.303013]
[-0.74541   0.32669   0.310238  0.193769  0.060961  0.295006 -0.079445
  0.167695 -0.433054  0.329945  0.11641   0.33333   0.3057   -0.709205
  0.292207 -0.660473  0.162015  0.093989 -0.109286  0.113735]
[ 0.245758  0.333113  0.313764  0.121223  0.292485  0.250682 -0.998029
 -0.422816  0.293361  0.204304 -0.400814  0.224653 -0.84583   0.33197
 -0.104926 -0.102174  0.100318 -0.18292   0.311574  0.275291]
[-0.999915 -0.999975  0.192236  0.32795   0.32337   0.206865  0.129665
  0.223892  0.11632  -0.243714  0.124217  0.284825  0.168612 -0.452304
  0.332554  0.117702  0.33325   0.244638  0.285444 -0.930509]
[ 0.184875  0.330281  0.319607  0.329886  0.235352  0.277768 -0.379275
  0.215371  0.122507  0.329675 -0.093109  0.217723  0.192053 -0.165049
  0.21075   0.224375 -0.622851  0.057923 -0.988554 -0.110554]
[-0.107856  0.33333  -0.750495  0.328902  0.266796  0.137733 -0.042777
 -0.481656  0.159178  0.331023 -0.026089  0.23167   0.072823 -0.082807
  0.333218  0.330021 -0.70903   0.214592 -0.66023   0.273972]
[ 0.018051  0.310702  0.311572  0.330011 -0.754026  0.079943  0.293283
 -0.967208  0.264971  0.053137  0.113127 -0.86087   0.182618  0.323442
  0.301177  0.087611 -0.358339 -0.902846  0.088368 -0.960671]
[-0.777019  0.031078  0.136102  0.137844  0.162922  0.188119  0.153008
 -0.421028  0.074335  0.079285  0.117774  0.288709  0.13607  -0.671292
  0.333196  0.052503 -0.378683 -0.61372   0.232666  0.141784]
[ 0.326307  0.332923  0.163962  0.044207  0.251747  0.333306  0.28613
  0.332211 -0.923256 -0.266     0.169295 -0.524661 -0.077023 -0.453523
  0.1764   -0.552392 -0.569409  0.27919  -0.206933  0.320379]
[ 0.240875 -0.901616  0.333208  0.199976  0.035072 -0.926224 -0.058162
  0.331795 -0.788335  0.315946 -0.952605 -0.911077 -0.821214 -0.202641
 -0.488659  0.166591  0.211843  0.229594  0.325469  0.333244]
[ 0.319057  0.043627  0.325703 -0.677175 -0.533461  0.243349  0.126524
  0.325021 -0.343172 -0.09532   0.323771  0.26531   0.332683  0.317363
  0.037647  0.331755  0.317752  0.00814   0.333326  0.203501]
[ 0.192047  0.216998 -0.303175  0.208841 -0.066863  0.204874  0.077438
 -0.632718  0.296072  0.158768  0.279648  0.308486  0.136495  0.21875
 -0.034386  0.272488 -0.142425  0.325028  0.262142 -0.640985]
[-0.061635 -0.333858 -0.531314  0.254203  0.184502 -0.845527  0.170581
  0.305101 -0.211131  0.323824 -0.658892  0.324723  0.297746  0.331809
  0.215936 -0.8544   -0.985876 -0.078537 -0.291718  0.049703]
[-0.409814  0.165247  0.313832  0.025318 -0.132084 -0.013182 -0.102207
 -0.196774  0.007957 -0.054657 -0.604752  0.052769  0.10852  -0.711399
 -0.817151  0.138162  0.333272 -0.313954  0.321057  0.147936]
[-0.136664  0.170329  0.333028  0.191545  0.309862  0.330989  0.236624
  0.166189 -0.994413 -0.089134  0.23025   0.29811   0.16021   0.223163
  0.208723  0.224782  0.132435  0.120647  0.331502  0.099956]
[ 0.332666  0.139541  0.002495  0.313219 -0.523332  0.329779  0.307362
  0.262727  0.120375 -0.975265  0.303141 -0.131465  0.326886  0.120324
 -0.803746  0.307733  0.27427  -0.040888 -0.148768  0.333061]
[ 0.289033  0.295685 -0.078569 -0.531049  0.142297  0.286881  0.230546
  0.296695  0.250963  0.167331  0.28747   0.31654   0.194128 -0.183554
 -0.031053 -0.242239  0.190743 -0.808807  0.234961  0.252595]
[ 0.247852  0.126273  0.321821  0.254973  0.306933 -0.210707  0.330109
 -0.418903  0.3326    0.26227   0.272367  0.322695 -0.498967  0.324924
 -0.543698 -0.972979 -0.710993 -0.376774  0.11758   0.25546 ]
[ 0.305109  0.327601  0.176506  0.32997  -0.407779  0.330485  0.150885
  0.117045 -0.150688  0.29609   0.032694 -0.491817 -0.149395  0.201721
 -0.395049 -0.081286 -0.610018 -0.159277  0.129511  0.305486]
[ 0.231638 -0.503546  0.274786  0.141635 -0.117917  0.291436  0.036438
  0.224365 -0.994106  0.310224 -0.254381  0.315367  0.332946 -0.977097
  0.22548  -0.21981   0.27304   0.278329 -0.853924  0.269084]
[-0.013716 -0.629997  0.300809 -0.033574 -0.288756 -0.901228  0.045358
  0.123615  0.251011 -0.347008  0.321454 -0.654233  0.264856  0.307099
  0.326315  0.056136 -0.525826  0.314687  0.316713  0.286611]
[-0.697086 -0.337582  0.222101 -0.11224   0.272962  0.250323 -0.173436
  0.003378 -0.587015  0.171355 -0.595304  0.316012 -0.564206 -0.088312
  0.197953 -0.629375 -0.14523  -0.56694  -0.268501  0.327131]
[-0.999855  0.333236  0.319763  0.050245 -0.08452   0.333256  0.32523
  0.239198  0.321229  0.130446 -0.991192 -0.02776   0.281707  0.231226
  0.330077  0.225897 -0.194238  0.114269  0.070963  0.303566]
[ 0.149616 -0.074476  0.264127 -0.511685  0.32818   0.232443  0.332415
  0.130555  0.307068  0.317828 -0.999095 -0.747499  0.266003 -0.819734
 -0.021422 -0.558363 -0.982272  0.29459   0.22694  -0.989667]
[ 0.292963 -0.254937 -0.674388  0.33293   0.087217  0.004678  0.127681
 -0.779437  0.330208  0.328642 -0.524224  0.235132  0.17322  -0.550096
 -0.119321  0.281802 -0.429958  0.30824   0.210929 -0.74245 ]
[ 0.272676  0.168947  0.321179  0.321638  0.147376  0.32593  -0.081075
  0.139898 -0.921407  0.2871    0.074744  0.144063  0.24587   0.259784
  0.328747  0.106505  0.331088  0.289327 -0.451098  0.078632]
[ 0.325715  0.332944  0.13889   0.11397  -0.560681  0.326519 -0.203454
  0.295849  0.069455 -0.431205 -0.997897  0.333011  0.053469  0.294601
 -0.849366 -0.325771  0.303076 -0.393808  0.246199  0.32346 ]
[ 0.316841 -0.767865 -0.166008  0.225734  0.183051  0.333298 -0.345882
  0.18537   0.239114 -0.983034  0.264291 -0.695652  0.309946  0.139467
 -0.478769  0.215425 -0.961781  0.27644   0.313916 -0.15517 ]
[ 0.233117  0.332986  0.18642  -0.031026  0.260314  0.33282   0.220391
  0.231287  0.331566  0.333179  0.319425  0.300522 -0.185179  0.320928
  0.332717  0.3236    0.238939 -0.473412 -0.563611  0.017325]
[-0.089299 -0.135119  0.149705  0.292482  0.246388  0.314919 -0.003706
  0.208851  0.323457  0.318888 -0.792986  0.287709  0.289975  0.270625
  0.283671  0.038066 -0.127735 -0.316859  0.319853  0.008666]
[ 0.110467  0.129682  0.26663   0.328556  0.242321  0.273582  0.248243
  0.072609  0.048832  0.067984 -0.513892 -0.762591 -0.832705  0.290032
  0.280979  0.196142  0.231645 -0.193365 -0.281075  0.18343 ]
[ 0.236225  0.317559  0.008319  0.007566 -0.394961  0.18344   0.175662
 -0.058966  0.093462 -0.236986  0.201656  0.300946  0.333328  0.237053
  0.240377 -0.263698 -0.59954   0.292991  0.069783  0.189894]
[-0.570644  0.332604 -0.127394  0.316694 -0.60576  -0.309963  0.322282
  0.323475 -0.134034  0.282153 -0.312207  0.2455    0.33182  -0.999871
 -0.972759 -0.439359  0.309004 -0.616286  0.325489 -0.072122]
[ 0.19986   0.108443  0.328544  0.333309  0.2511    0.06137   0.330438
  0.204498  0.085146  0.330809  0.235527 -0.011741 -0.089948 -0.001569
  0.301044  0.329573 -0.337075  0.257667  0.286467 -0.96159 ]
[ 0.074211 -0.10482  -0.023787 -0.184255  0.274557  0.200694  0.331967
 -0.324557  0.290184 -0.145216 -0.874226  0.286029 -0.095335  0.220289
 -0.395375 -0.900867  0.072659 -0.81239  -0.388244  0.272787]
[-0.366007  0.225759  0.064484  0.058625 -0.50075   0.33074  -0.457694
 -0.481829  0.24862   0.151403 -0.611621 -0.011253  0.288089  0.330532
 -0.502277 -0.987471 -0.366215  0.230081  0.142735 -0.829601]
[-0.008879  0.154383 -0.052758  0.298429  0.33064   0.234966  0.303412
  0.330675 -0.556462  0.328422  0.328448  0.185026 -0.128118 -0.359273
  0.315564  0.299923  0.286069 -0.23029   0.22934   0.052567]
[ 0.274281  0.182823  0.328751  0.126468  0.330085  0.25952   0.271933
  0.32166  -0.540682  0.020371 -0.340639  0.290688 -0.933578  0.116419
  0.07954   0.30132  -0.13359   0.237083 -0.705163  0.329998]
[ 0.331066  0.317354  0.326451 -0.764501  0.028555 -0.093078 -0.611134
 -0.721993 -0.382399  0.242676  0.061675  0.213585 -0.957845  0.298403
  0.32671  -0.267388  0.235617  0.052315  0.293636  0.303041]
[ 0.332692  0.32684   0.333013  0.33317   0.241869 -0.050059  0.332755
 -0.409652  0.320614  0.152956  0.287005 -0.508443 -0.202057 -0.095576
 -0.12293   0.319807  0.328158 -0.011125  0.318669  0.333311]
[ 0.12162   0.326312 -0.081802  0.281516  0.158786  0.161335  0.16936
  0.332382  0.333173 -0.888481  0.328828 -0.074764  0.027777  0.231417
  0.256762  0.133891  0.307774 -0.101647 -0.578093  0.269846]
[ 0.23454   0.258527 -0.111919  0.315062  0.331892  0.329092 -0.162621
  0.263796  0.330755 -0.429082 -0.240794  0.004938  0.220606  0.156483
  0.322275 -0.032145  0.205961 -0.072692  0.333328 -0.217002]
[-0.346981  0.206843  0.326714  0.323332  0.207529  0.210206  0.331464
  0.212975  0.283196 -0.894787  0.051701  0.219197  0.226982 -0.265929
  0.285594 -0.25694  -0.600842 -0.093358  0.285608  0.154155]
[-0.734961 -0.29964  -0.130859  0.312161  0.136768 -0.186021 -0.050809
 -0.181242  0.32968   0.298536  0.251013  0.279353  0.318561  0.24951
 -0.981794  0.036405  0.266118  0.324041 -0.599291 -0.290109]
[ 0.122014  0.319587 -0.054796  0.333162  0.316246 -0.249939  0.235129
 -0.757357 -0.499442 -0.470437  0.328369 -0.589272 -0.904604  0.264382
  0.253098 -0.112624 -0.777078  0.301045  0.330762  0.217474]
[0.036783217777144273, 0.038893809371219057, -0.028658546611039615, 0.092023166155848102, -0.045061363970526569, 0.040412322043339319, 0.040386999185062111, 0.042838720789546869, 0.012337782638887629, 0.0109727744168584, 0.026681465778612551, -0.0072888685380386176, 0.022266995464576556, 0.028257903369477418, -0.04575982518517574, 0.065964256885699957, -0.0017837671523553977, -0.029798895694122612, 0.0049699631471724348, -0.034394268651072216, 0.017002997196693292, 0.027660737844548255, 0.092780859198704935, 0.023246599750398833, -0.018525790522548657, 0.0024439738924152965, 0.077945786374641945, 0.055630036846693376, 0.016830294024649278, -0.042345902960533421, 0.034090378090606388, 0.050670834973768564, -0.035489481362836195, -0.026657060266226607, -0.0067812399207995977, 0.016990906587699417, -0.0099823586836576272, -0.014961566823465666, 0.035422122084407093, 0.012021638857964388, -0.093091506665480939, 0.01611891612482419, 0.00019309869747382788, -0.011628381548496464, 0.026160666553273676, 0.031372196911167882, 0.0053409874614483988, -0.013264557425790108, 0.061246521359831718, -0.017743684140010429, 0.0027027328377910997, 0.0079816469711489479, -0.064065538472936001, -0.016666990942813653, 0.032801145694650369, -0.040725520972279633, -0.041048209378947265, 0.073659725881317695, -0.023378671830477815, 0.10395099648581994, -0.021066953729799429, -0.0041530070008800636, -0.017547491115577407, 0.074011891767971016, 0.068463680318332831, -0.054851578882718632, 0.0098567975067885283, 0.00026882232651730814, -0.042675153972024427, -0.013356008749241657, 0.029603929581183686, 0.021475346648739457, 0.057167905537886587, 0.10188407433189839, 0.014810033879265327, 0.040227863879957602, -0.049498802835970857, 0.01863273164843382, 0.031907897756681333, 0.078624027890285303, 0.11292218920538083, 0.083483859819584366, 0.031865303749673279, 0.045880729367298922, 0.014643596210857632, 0.026287124938868714, 0.019710353468813085, -0.0251189747549736, 0.0034794794451710742, 0.003464651793119819, -0.027141397545367152, 0.017221746392591147, 0.037326892002186363, 0.095212870948727379, 0.1098525316233451, 0.08100285762417217, 0.078482342720462284, -0.028988691039877057, 0.024495979408292845, 0.011518114388641754]
('time: ', 9108.63203907013)
