“Running plot script on a single CPU core”
[-0.227671 -0.564493 -0.918277 -0.429782  0.318824  0.179515  0.333331
  0.260831  0.33322   0.269341  0.317067 -0.151467 -0.255104 -0.368649
  0.29054  -0.075262  0.266794  0.322478  0.217953 -0.566929]
[ 0.007498 -0.105567  0.329538 -0.995866  0.288281 -0.043647  0.253432
  0.290282  0.165594 -0.440773  0.026033  0.081384  0.044438  0.219955
 -0.20837  -0.255065 -0.197452  0.329921  0.252154  0.329801]
[ 0.291541  0.32213   0.333238  0.331777  0.195031  0.200203  0.24368
  0.251239  0.200807  0.154642  0.255237  0.15132   0.331663  0.287204
 -0.52638   0.317267  0.300889 -0.017655  0.273319  0.193225]
[-0.007969  0.311834  0.330523  0.308661 -0.341556  0.332721  0.095554
 -0.709833  0.2356    0.035691  0.331468  0.329753  0.332332  0.264556
  0.164377  0.320522 -0.753797 -0.389199  0.291849 -0.3886  ]
[ -8.998948e-04  -8.744761e-01   1.704549e-01  -7.863782e-01   9.138049e-02
   3.152401e-01  -3.940664e-01  -3.378258e-01  -5.116062e-01   3.082876e-01
   2.875723e-01  -3.740407e-01  -3.253503e-01  -7.608836e-02   1.163556e-01
   3.268267e-01  -9.307042e-01   3.321981e-01  -6.402689e-02   1.833085e-01]
[ 0.156393 -0.996428  0.21661  -0.233558  0.318564 -0.73609  -0.318422
  0.272303 -0.9518    0.313424  0.314194  0.329096  0.120831  0.326089
 -0.814561 -0.996273 -0.994998  0.331908 -0.026374  0.333256]
[ 0.130121 -0.143356  0.260194 -0.995299  0.328477 -0.087997 -0.262971
 -0.422422 -0.219273  0.301743 -0.027976 -0.176491 -0.670279  0.089261
 -0.821734 -0.306685 -0.501304  0.313161  0.041889  0.088834]
[ 0.222817  0.324835  0.067639 -0.18516   0.068857  0.333141 -0.344165
  0.105951  0.332593  0.330748  0.331531  0.292771  0.213901  0.318174
  0.330659 -0.021663  0.181544  0.321848  0.153866  0.148526]
[ 0.324399  0.201255 -0.998033  0.332948 -0.702041  0.182207  0.326059
  0.297733 -0.357723  0.209922  0.239358  0.320219 -0.238116 -0.038601
  0.180177 -0.602565 -0.1291    0.189143  0.210604  0.304256]
[ 0.332871  0.291078  0.079617  0.310241  0.33289   0.229332  0.315699
  0.325972  0.285483  0.240809 -0.59334  -0.83537   0.108027 -0.107013
  0.195183 -0.994208 -0.817873  0.045826  0.057555 -0.963515]
[ 0.238567  0.190039  0.261235  0.113524 -0.929999  0.302994 -0.012905
  0.325431  0.30026  -0.01748  -0.495482 -0.407325 -0.176578 -0.994127
 -0.317041 -0.154545  0.309615  0.20555   0.276593 -0.71133 ]
[-0.240253  0.242023 -0.310315 -0.856563  0.333251  0.264223  0.330873
 -0.909043  0.316004 -0.16083   0.315644 -0.880177  0.267107  0.206281
  0.330285 -0.084226  0.303504  0.314115  0.31052  -0.93296 ]
[-0.308038 -0.408382 -0.680269 -0.848559  0.148861  0.02364   0.329396
  0.194525  0.233612 -0.522864  0.313871  0.309537  0.144143 -0.557615
  0.326059 -0.108795 -0.294205 -0.461381 -0.092437  0.283731]
[ 0.013132  0.319909 -0.003958 -0.826968  0.331926  0.327981  0.305491
 -0.428238  0.326651  0.310195  0.121258  0.321392  0.308376 -0.243939
  0.054014  0.330838  0.283858 -0.978832  0.300238 -0.172301]
[ 0.331422  0.303727 -0.384627  0.324123  0.325477  0.147477  0.333059
  0.285569  0.093404 -0.091539  0.269079  0.189454 -0.201309 -0.263156
 -0.35545  -0.30459  -0.999766  0.167231  0.328616  0.286762]
[ 0.137749  0.32121   0.092733 -0.096366  0.333019 -0.132992  0.192082
  0.312399  0.292543 -0.959063  0.138526 -0.278001 -0.687783 -0.102293
  0.219639 -0.730036 -0.545992  0.10431   0.331407  0.241304]
[-0.210628  0.239594 -0.243983  0.200129  0.177871  0.191678  0.289091
  0.251296  0.261579  0.013776  0.30316  -0.634725 -0.006673  0.277323
  0.300602 -0.507947  0.250081 -0.383736  0.315089 -0.104653]
[-0.398739 -0.127386  0.309455 -0.964065  0.314491  0.308499  0.332075
 -0.689063 -0.755205  0.287491  0.209753 -0.444413  0.239775 -0.270599
  0.260497  0.296422 -0.995478 -0.340364  0.29388  -0.490302]
[ 0.133941  0.302624  0.308283 -0.177585  0.333322  0.274787  0.165388
 -0.665452  0.257498 -0.875854 -0.171428  0.320835 -0.91192   0.274539
 -0.923913  0.330288 -0.006663  0.221978  0.324416  0.333098]
[ 0.022834  0.332739 -0.037192  0.332444 -0.814867  0.185939  0.127683
  0.301391  0.221814 -0.768529  0.148649  0.310821  0.227947 -0.95034
  0.278048  0.286992  0.111497 -0.124034 -0.403053  0.114964]
[-0.904851 -0.999418  0.32046  -0.591875 -0.121138  0.232367  0.026708
 -0.228907  0.332755  0.28761   0.167702 -0.976777  0.331995  0.284566
  0.165721  0.04496  -0.936782 -0.935905  0.333327  0.317653]
[ 0.309819 -0.407021 -0.521408  0.331596  0.175733  0.325939  0.130706
  0.331659 -0.13079   0.145658 -0.99993   0.042325  0.29372  -0.999508
 -0.616533  0.277593 -0.952398  0.333065  0.092445  0.280703]
[ 0.231891 -0.060668  0.260359 -0.39873  -0.921638  0.039403 -0.473268
  0.314824 -0.09963  -0.294968 -0.998779  0.164418  0.232614  0.209609
  0.101214  0.06262   0.291585 -0.742155 -0.003037 -0.430825]
[ 0.330479 -0.78085  -0.149418  0.271539  0.203726 -0.90421   0.251679
  0.28217   0.1615    0.307698  0.057553  0.314074  0.324594  0.3315
 -0.30911   0.262919  0.16434   0.113468  0.263587 -0.199084]
[-0.618839  0.296447  0.330701  0.33182   0.323041  0.333328 -0.190562
  0.224984  0.332678 -0.122669 -0.416292  0.054413  0.296971 -0.994866
 -0.229746  0.28956  -0.162684  0.332943  0.293705 -0.090953]
[-0.139057  0.319767  0.098451 -0.062851  0.190519  0.187585  0.303968
 -0.873413 -0.356695  0.332609  0.273054  0.332607  0.333217  0.303881
  0.332822  0.017841 -0.404231  0.25712   0.212844  0.327681]
[-0.288506 -0.115014 -0.083229  0.168451  0.321733 -0.55904   0.211953
  0.329378 -0.041983 -0.068725  0.320074 -0.070573  0.324985  0.123927
 -0.075152  0.00588  -0.899792 -0.436214 -0.336425 -0.030509]
[-0.861613  0.225829 -0.98392  -0.101481  0.223968  0.252708  0.328248
 -0.993548  0.32387  -0.836763  0.307851  0.323055 -0.124199  0.251765
  0.326865  0.037816 -0.478696 -0.292835  0.233405  0.248028]
[ 0.262464  0.317732  0.293558  0.164755 -0.242463  0.183676  0.315167
  0.13626   0.325095 -0.290797  0.333285  0.129405 -0.588527 -0.91276
  0.098159 -0.365211  0.333103  0.316458 -0.921399 -0.08568 ]
[ 0.230522 -0.485536 -0.382786  0.328675 -0.303979  0.026488 -0.93364
  0.280853  0.330036 -0.596359  0.103534  0.33041   0.331436  0.322444
  0.282241  0.206302  0.194468 -0.998843  0.320299  0.239897]
[ 0.326143  0.205094 -0.372872 -0.24495   0.225575  0.333214  0.170779
 -0.698465  0.155144  0.323448  0.325299  0.222267 -0.042437  0.250283
 -0.296039  0.240344  0.331644  0.316049 -0.959764  0.330053]
[-0.652776  0.303201  0.329108  0.236697 -0.933517  0.302101  0.330021
 -0.571331 -0.863409  0.104527  0.131829 -0.761425  0.306213 -0.417515
  0.236885 -0.999728  0.164104  0.333171  0.301893  0.137268]
[-0.430664  0.332593  0.312758  0.168154  0.236824  0.039073  0.227936
  0.332619  0.109232 -0.161187 -0.236241  0.166816  0.225734  0.30921
 -0.804428  0.213769 -0.99999   0.298495  0.332712  0.27391 ]
[ 0.223126 -0.194878 -0.284887  0.325846 -0.882736 -0.448652  0.239694
 -0.218807 -0.249329  0.178013 -0.704603 -0.024828 -0.707677  0.285883
  0.266161  0.329693 -0.820969 -0.174071  0.177463  0.326628]
[ 0.1103   -0.284296  0.328018  0.310059  0.043409 -0.778323  0.329312
  0.31545  -0.748802 -0.124669  0.291514  0.327916  0.100709  0.311583
  0.318918  0.241063  0.242202 -0.200579  0.312628  0.201208]
[ 0.322372  0.330251  0.328454 -0.460843 -0.503893  0.019156 -0.748396
  0.332514 -0.334261  0.213349 -0.681684  0.230297 -0.512622  0.267737
  0.090899 -0.085167  0.281983  0.280981 -0.160379  0.296999]
[ 0.121886  0.282842  0.111075 -0.442062 -0.887008 -0.747093  0.326325
  0.149213 -0.52307   0.234195  0.333189 -0.328782 -0.135224 -0.999404
  0.317518  0.32123  -0.630605  0.168844  0.327969  0.312416]
[-0.738828 -0.02145  -0.001425  0.326167  0.297693  0.135813  0.041308
  0.330874  0.218351 -0.776648  0.331614  0.180625  0.333323 -0.903202
  0.299365 -0.999431  0.183436  0.324237 -0.409069  0.333196]
[-0.620629  0.257873  0.317597 -0.223046 -0.125631  0.07454   0.274013
  0.260956  0.213544  0.126929  0.100815 -0.568455  0.292131 -0.60913
  0.323384 -0.164181 -0.301111  0.022735  0.266787  0.170253]
[-0.966969  0.159736  0.225777 -0.048516  0.327629 -0.230156  0.332158
 -0.56571  -0.837717  0.166393  0.310223 -0.075695  0.150405  0.310299
  0.182894  0.319967  0.316409  0.282206 -0.796743  0.299915]
[-0.275485 -0.425864  0.232085  0.290935  0.330003 -0.330365 -0.229176
 -0.069045 -0.361644  0.328688  0.324692  0.297231  0.314373  0.102321
 -0.235857 -0.090668 -0.598484 -0.803486  0.010405 -0.056274]
[ 0.024963 -0.41578   0.124669 -0.339031  0.333237  0.312617  0.261197
  0.268006 -0.971649  0.132752  0.262508  0.217816  0.330455  0.330861
 -0.606516 -0.869654  0.238673 -0.037489  0.101196  0.085755]
[ 0.179589  0.25888   0.300895  0.325394  0.275659  0.330386  0.149927
  0.333266  0.076965  0.08385   0.077985 -0.315481 -0.169397  0.296533
  0.329722  0.313968 -0.491839  0.325772  0.221928  0.099732]
[-0.17797  -0.145724  0.316808  0.104084 -0.131333  0.332866  0.234384
 -0.207655  0.256619 -0.963292  0.326498  0.047287  0.209683  0.074381
  0.332949 -0.116799 -0.03456  -0.831174  0.318868 -0.037659]
[ 0.308999  0.274852  0.213083  0.261866  0.133702  0.284507  0.289114
  0.228849  0.205964 -0.112629  0.20208  -0.433825  0.317249 -0.046996
  0.331985  0.118866 -0.763826  0.312532 -0.189138  0.245937]
[ 0.102184  0.267509 -0.726179  0.319589  0.051971  0.101551 -0.200918
  0.071647  0.031003  0.224227  0.259217  0.253936 -0.05175   0.320663
  0.307577 -0.079463 -0.492168 -0.70382  -0.570212 -0.987038]
[ 0.326876  0.117171  0.261072 -0.278543  0.277292 -0.997084 -0.837519
  0.27726   0.173205  0.026148  0.091116  0.314952  0.291299  0.115182
  0.294892 -0.743487 -0.089342 -0.369317  0.31426  -0.903909]
[ 0.190078 -0.453202  0.156184 -0.248705  0.286239  0.333271  0.332797
 -0.06921   0.331115  0.095517 -0.979309  0.297605 -0.009176  0.028656
 -0.055294  0.182395  0.32703   0.328637  0.288853  0.293692]
[ 0.076141  0.294289  0.241165  0.249925 -0.651523 -0.162782 -0.73835
  0.321143  0.31762   0.274864 -0.852666 -0.878874  0.205814  0.190706
 -0.94531  -0.743871  0.169158 -0.255103  0.31491  -0.264727]
[-0.935059 -0.635195  0.021323  0.074053  0.188615  0.211342  0.305484
 -0.919248 -0.855342  0.247513 -0.82565  -0.022648  0.252765  0.240309
 -0.787166  0.295384  0.331955 -0.390216  0.152061  0.25768 ]
[ 0.066554 -0.982935  0.31513   0.013393  0.048899 -0.596265  0.327213
  0.315989  0.177853  0.233545  0.226647  0.328408  0.329876  0.258
  0.280867 -0.999946  0.3153    0.303966 -0.72804   0.231054]
[ 0.046631  0.315544  0.281456 -0.82647  -0.143463  0.325872 -0.095303
  0.331959  0.312563  0.126931 -0.444717  0.223579 -0.779791  0.319241
  0.261275 -0.212967  0.328635 -0.018715  0.166335  0.233236]
[ 0.293284  0.313764 -0.305212  0.333102 -0.756265 -0.038106  0.32337
  0.238763  0.281356  0.050403  0.232788  0.306728  0.290052  0.15681
 -0.992752  0.332767  0.164798 -0.659969 -0.522437  0.326885]
[ 0.227683  0.322688  0.142392  0.163339  0.18614   0.29589  -0.26334
 -0.050662 -0.973164  0.26632   0.317624  0.333202  0.317792  0.063951
  0.325059 -0.701754  0.281488 -0.255532 -0.239803 -0.019542]
[ 0.306617 -0.827221  0.320236  0.280873  0.332652  0.309388 -0.55307
  0.18434   0.132722  0.058303  0.330763 -0.961065 -0.007827  0.107552
 -0.443661 -0.195726  0.326175  0.148855  0.120236  0.210996]
[-0.261486 -0.0556    0.188757  0.145716  0.039419  0.126293  0.260242
  0.320655  0.310758  0.330869  0.324154  0.294659  0.21124  -0.243228
  0.167497  0.271083  0.237066 -0.57388   0.329347 -0.407778]
[ 0.33122   0.295371  0.209564  0.257831 -0.040771 -0.732017  0.154921
  0.240667  0.223827  0.319043  0.333053 -0.995464 -0.762047 -0.077259
  0.187441 -0.140006  0.304147  0.038672 -0.966165  0.11799 ]
[  3.159125e-01   1.775477e-01   3.309324e-01  -2.787256e-01   2.101461e-01
  -1.847337e-01   1.217723e-01   2.587782e-01   2.991797e-01   2.514107e-01
   3.216810e-01   3.289384e-01   1.469506e-04   3.330091e-01   3.249912e-01
   3.073265e-01  -2.296065e-01   3.286190e-01   8.679703e-02   7.774499e-02]
[-0.695956 -0.699011  0.314317  0.325151  0.303478 -0.241204  0.249156
 -0.36126   0.303174 -0.439292  0.300761  0.285263  0.008498  0.268106
  0.328608  0.28753   0.332448 -0.902588 -0.003594  0.279285]
[ 0.220999  0.11135   0.333311  0.291037  0.152972 -0.286058  0.187554
  0.322133  0.147832  0.305622  0.331451 -0.853999  0.280994  0.327566
  0.320645 -0.071235  0.09534   0.320423 -0.184116  0.03551 ]
[-0.028051  0.182001  0.333102  0.199973  0.228935  0.124977  0.312938
 -0.509073  0.2872    0.083143  0.311389 -0.520916  0.330223 -0.972959
  0.162998  0.174642 -0.57585   0.318235  0.062396 -0.109613]
[ 0.117617 -0.095539 -0.965257 -0.813208  0.271934  0.297725  0.236044
 -0.148212  0.329326  0.005923  0.284619  0.145424  0.235612  0.280816
 -0.602302  0.106488  0.332989  0.256668 -0.623614  0.302733]
[ 0.235168  0.278818  0.310141 -0.618029 -0.701015 -0.2595    0.331962
 -0.217068 -0.998665  0.250548 -0.373905  0.323745  0.320066  0.229272
 -0.183469  0.236368  0.187276 -0.919959  0.131572 -0.144942]
[-0.670164  0.332203 -0.040048  0.248395  0.330334  0.240431 -0.99494
  0.224042 -0.392976  0.319837  0.302521 -0.423675 -0.053637  0.314473
 -0.88717   0.17171   0.309251 -0.743865  0.118008  0.324779]
[ 0.021569  0.305996  0.221714  0.205072  0.19913   0.269081  0.138574
  0.229134 -0.092019  0.215142 -0.561792 -0.546003  0.167267  0.299056
  0.233712  0.318028  0.092873  0.23652   0.135174  0.333288]
[ 0.316043  0.286572  0.256496 -0.196675  0.323988  0.294596 -0.84518
 -0.943649 -0.67549  -0.095068  0.080929  0.33271   0.099993 -0.292355
  0.330447  0.327023  0.035813  0.25214  -0.524551  0.314435]
[ 0.287078  0.330156  0.325151 -0.476609 -0.521724  0.230648  0.330914
 -0.970046 -0.84977  -0.941489 -0.568277 -0.921076  0.156662  0.296251
  0.33239   0.288347  0.317122  0.291352  0.114993 -0.088915]
[-0.546802 -0.996851  0.333298 -0.78595  -0.81245   0.025407 -0.994509
  0.042032  0.330713  0.327994  0.326853  0.091953  0.228553 -0.136576
 -0.996799  0.170893  0.323062 -0.987663  0.315587  0.105775]
[-0.045753 -0.239735 -0.304939 -0.130146  0.261983  0.231304  0.266551
 -0.312406  0.181634 -0.289691  0.333269 -0.005222  0.260368  0.183659
  0.324185  0.271077 -0.942221 -0.652348  0.25203   0.259527]
[-0.572309 -0.578072  0.330007 -0.654055 -0.357318 -0.924606  0.147209
  0.300774  0.32722   0.157237  0.07111   0.139262  0.332947 -0.029312
 -0.40837  -0.11636   0.325091 -0.536031  0.33087   0.330227]
[ 0.182696  0.101533  0.278473 -0.087416 -0.123711  0.245595  0.058683
  0.333292  0.333191  0.333155  0.228631 -0.999478  0.30371   0.329544
 -0.21816  -0.99647   0.32803  -0.163967  0.304622  0.277824]
[ 0.320203  0.098831  0.325632  0.180503 -0.80671   0.261029  0.171784
  0.315315 -0.531439  0.191958 -0.034984  0.330221 -0.548349 -1.       -0.00599
 -0.198924 -0.258341  0.333021  0.178851 -0.270654]
[ 0.259468  0.30086   0.01181  -0.316245  0.327196 -0.994743  0.257904
  0.300452  0.074269  0.321209  0.294812  0.30705  -0.04584  -0.541843
  0.1703   -0.22279  -0.821988  0.323048 -0.654748 -0.30261 ]
[-0.272688  0.329071 -0.820119  0.309608  0.27158  -0.094442 -0.94318
  0.315727 -0.193964 -0.553394  0.288328 -0.884993  0.046822  0.097834
  0.207352  0.265886  0.303344 -0.981312  0.332397  0.079955]
[ 0.279013  0.313332 -0.209963  0.299033  0.23055   0.33232   0.234156
 -0.830002 -0.379167 -0.02171   0.269325  0.333285 -0.497304  0.31181
  0.288156  0.251344  0.330574  0.080437 -0.715144  0.308851]
[-0.172499  0.042404  0.32722   0.028246 -0.972157 -0.034919  0.333322
  0.26205   0.32372  -0.290685  0.332197  0.253877  0.332824 -0.066192
  0.240106  0.136821 -0.044875  0.211502  0.261101  0.311579]
[ 0.288879 -0.93427  -0.578608  0.116249 -0.194789  0.331472  0.322834
 -0.893007 -0.358917  0.120929 -0.348601  0.258757  0.127542 -0.103195
  0.039628  0.33188  -0.380311 -0.534189 -0.505306 -0.719689]
[-0.441505  0.278901 -0.090101  0.135981  0.274658  0.307319  0.291253
  0.261031  0.188793  0.295771  0.312234  0.305602 -0.975442  0.144695
 -0.484128  0.233691  0.132601  0.333136  0.146705  0.29363 ]
[-0.632425  0.291295  0.313146  0.328239  0.323679  0.332453 -0.038331
  0.081831  0.291795 -0.038302 -0.10722   0.297421  0.299965  0.216141
  0.06359   0.265019  0.142799  0.288881  0.122721 -0.971078]
[ 0.286444 -0.586401  0.06222   0.301612  0.035194  0.156085  0.145116
  0.124511 -0.603373 -0.44696   0.250397  0.331573 -0.258739  0.311363
  0.119035  0.302431 -0.226325 -0.981341  0.022329  0.243797]
[-0.493063  0.24606   0.268879 -0.791334 -0.588994  0.332082 -0.456448
 -0.654706  0.116447  0.259027  0.219191  0.047554 -0.084475 -0.254284
  0.327521  0.039183  0.295348  0.040077 -0.982855 -0.260285]
[-0.983502 -0.679123  0.127639 -0.068735  0.332235 -0.047479 -0.315796
  0.304614  0.220228  0.281979  0.124552  0.239706  0.235603  0.333237
  0.301015 -0.754801 -0.936811  0.217456  0.31789   0.317325]
[-0.176416  0.161104 -0.627633  0.333264  0.181335  0.253795  0.333194
 -0.321173  0.308708  0.176013  0.190324  0.33062  -0.189366  0.291322
  0.18111   0.063591  0.319866  0.178979 -0.7035    0.168637]
[-0.530915  0.331816 -0.667623 -0.1392    0.253789  0.244997 -0.885916
  0.211862  0.211452  0.288194 -0.649783  0.127188  0.326669 -0.040121
 -0.312229  0.242459  0.207868  0.114911  0.080129  0.325225]
[-0.492653 -0.605516  0.332946 -0.140206  0.314073  0.116747  0.233919
  0.21325   0.321567 -0.056008  0.138917 -0.026806  0.293042  0.280151
  0.284755  0.110972  0.316884 -0.111758  0.104683  0.31984 ]
[ 0.27505   0.20876   0.245892 -0.223272  0.206158  0.325501 -0.904534
 -0.047316  0.332299 -0.165159  0.226769  0.332374 -0.887398 -0.068793
 -0.854082  0.308358  0.275185  0.306059  0.308944 -0.032575]
[ 0.226232  0.288624 -0.884274  0.315496  0.328149 -0.999945  0.264996
 -0.820055  0.248439  0.259974  0.173948  0.331365  0.332364  0.295741
 -0.966229 -0.776622 -0.947172  0.33057   0.260096  0.274647]
[-0.110163 -0.454029  0.240778  0.30493   0.316003  0.248891  0.293615
  0.100532  0.213066  0.333261  0.307545  0.278051 -0.53579   0.331808
  0.091859  0.329128 -0.490961 -0.508371  0.299212  0.237134]
[-0.213665 -0.630128 -0.341938  0.333247  0.277488 -0.086752  0.241379
  0.188847  0.31974   0.214067  0.325859 -0.043056  0.12453  -0.99899
  0.154847  0.268447  0.321969 -0.013061  0.23964  -0.238766]
[-0.518889  0.260913  0.317148  0.29296  -0.945129  0.311841  0.157031
  0.284051  0.147893 -0.460381 -0.650398  0.010915 -0.393569  0.196962
 -0.617749  0.328921 -0.667941  0.091675  0.30464  -0.817097]
[ 0.231446 -0.923354  0.270417  0.321284 -0.501866  0.320878  0.330679
 -0.725833  0.079017 -0.197887 -0.133278  0.302408 -0.967121 -0.691485
  0.081854 -0.107943  0.332882 -0.085082  0.3306   -0.142212]
[ 0.286984 -0.138717  0.127292  0.242187  0.146252  0.118819  0.274146
  0.282372  0.287623 -0.019077 -0.188277 -0.729469 -0.0086   -0.157853
 -0.964192  0.327125  0.287246  0.314969  0.323752  0.256263]
[ 0.312761  0.021162  0.259628 -0.998519 -0.252204  0.293951  0.258133
 -0.998324  0.071133 -0.985328 -0.054383  0.259527  0.176591  0.297245
 -0.942768  0.21884  -0.402957 -0.252036  0.234645  0.333285]
[ 0.034896  0.329858 -0.969518  0.328931  0.31559   0.222682  0.302647
 -0.067854 -0.027615  0.329581  0.107874  0.08822   0.219983  0.240772
  0.171034  0.140065 -0.933302  0.297115 -0.628291  0.256488]
[-0.148346  0.246556 -0.163726 -0.085031 -0.038712  0.275482  0.33304
  0.326386 -0.453924  0.252757 -0.058083  0.258101 -0.311798  0.066466
 -0.79055  -0.079123 -0.045283  0.33304  -0.305495 -0.019345]
[ 0.110823  0.215366  0.324039  0.296491 -0.985297  0.246388 -0.033643
 -0.045808  0.333204  0.035846  0.235614  0.057464 -0.690806 -0.018494
  0.124051 -0.005966 -0.248688  0.158221 -0.443744 -0.157343]
[ 0.074223  0.256871  0.32719   0.284655  0.096086 -0.77525  -0.746948
 -0.452104 -0.05858   0.142249  0.233326 -0.229355 -0.975367  0.206228
  0.069564  0.229503  0.333114  0.185318  0.317331 -0.14356 ]
[ 0.20622  -0.529814 -0.911199 -0.899659  0.208063  0.149162  0.174697
  0.261112 -0.837397 -0.766851  0.061677  0.168724 -0.824627 -0.671774
  0.333288  0.328187 -0.933386 -0.070691  0.324874  0.1374  ]
[-0.607828 -0.9968    0.330255  0.330465  0.260385  0.056493 -0.279546
 -0.602292 -0.371564 -0.974617  0.320906  0.258629 -0.908909  0.099189
 -0.971442  0.23176  -0.490912  0.123405 -0.39674  -0.087114]
[ 0.170904 -0.125182  0.250749  0.316339  0.308177  0.05323  -0.633001
  0.272103  0.326915  0.177464 -0.001306  0.332333  0.331442  0.20561
  0.332864  0.290996  0.328079  0.33119   0.294383  0.228865]
[-0.0090881914180392098, -0.021624921429925569, 0.026887863984910498, -0.02372319336833523, 0.064312150220144637, 0.080924719060684963, 0.0024939764380921825, 0.10189687766951226, -0.081692353852158839, -0.019229950971945797, 0.016965929700528321, 0.03856662577677461, -0.011484668372732321, -0.012185228605860748, 0.0095816329644933251, 0.043174376983377311, 0.0022549740695135823, -0.044074193742535794, 0.016771595526046262, -0.027662641466226101, -0.046236220600960998, 0.046911755580823777, 0.085979644558791896, -0.0014513133607589879, 0.048396159607821398, 0.0099180884207444864, 0.049905030221573943, 0.0078893954864546201, 0.037689157007889079, 0.012740395240005226, 0.0430855190484557, -0.013346851222423073, -0.019409071909019804, -0.042320089502722869, 0.09942300548362315, 0.042785831962682763, 0.048273585160404642, -0.068597280210082046, 0.021621263621713793, -0.013515406125441443, -0.027104290004376363, 0.04311810107130086, -0.022768019738918011, 0.025836993074891235, 0.11133649385915703, 0.069452843556700866, -0.057526760906671026, 0.027819907593307491, 0.071663164634612794, -0.08162875625438526, 0.010607535697904825, 0.017630178016296846, -0.040918937910386699, -0.010038542460393929, 0.12954309012251652, -0.011925611372015671, 0.040270358892602109, 0.042960435850296963, 0.019961983512575165, 0.011957216731377424, 0.021415476700582133, -0.0006779387303013501, -0.010956909590561309, -0.0049093422572995538, -0.015526206066404483, 0.059913724217880271, 0.017491129321663634, 0.0044964916011847045, 0.028751228775159468, -0.0089211779483313602, 0.10050643098192277, 0.065796757594078603, -0.04728725458886901, -0.014597669240789923, -0.013428105688181313, 0.0070362396458938936, -0.0221385675533739, -0.047706471871814315, 0.017029789162638642, -0.028154012323378608, 0.044597651280174011, 0.014791803872816978, 0.017138882556309326, 0.030921743533850354, -0.0080281435242173793, -0.088087864070751531, -0.0047146462017265689, 0.0053910077281522778, 0.0033406919560011461, 0.008893905211219133, 0.063801481212432759, 0.07368706461794608, -0.023437577346774596, 0.023725493454632866, -0.015277767310245577, -0.061949922015173922, 0.023785801932268383, 0.0013960143638882538, -0.042230810871458746, 0.037604681546750368]
('time: ', 9680.063343048096)
