“Running plot script on a single CPU core”
[-0.443022  0.306013 -0.021201  0.331397 -0.73513  -0.320312 -0.219596
 -0.04566   0.214418 -0.40728   0.307153  0.315834 -0.142903  0.283733
  0.222352 -0.084201 -0.619051  0.306097  0.324255  0.143552]
[-0.997995 -0.168769  0.052159  0.304677 -0.545806  0.309804  0.282194
 -0.434983  0.310156 -0.258842  0.327587 -0.652376  0.307528  0.14518
  0.306593 -0.936814  0.24961   0.328631 -0.480018  0.239501]
[-0.853573  0.318255 -0.576584  0.10588   0.212144  0.276903  0.325091
  0.30388   0.292882 -0.994373 -0.119205 -0.130303  0.331301  0.170725
 -0.984319 -0.068675 -0.998255  0.327906  0.128203  0.11779 ]
[-0.551508  0.292294  0.253982  0.280189  0.250302 -0.743977  0.073257
 -0.74502   0.291941  0.284869  0.33203   0.324446 -0.929165  0.269401
  0.332803  0.121951  0.330095  0.256681  0.097025 -0.405918]
[-0.939304 -0.049362  0.284485  0.307889  0.291082  0.264925  0.300356
  0.26232   0.20647   0.314478 -0.474941  0.325932 -0.533415  0.182566
  0.228366  0.098415 -0.945768 -0.702644  0.303766  0.298805]
[-0.933689  0.118634 -0.276346  0.06633   0.304847 -0.274976 -0.565688
  0.180635  0.30977  -0.187374  0.092906 -0.150962  0.33331  -0.029578
  0.297525  0.180281  0.016944  0.329415  0.305186  0.280118]
[ 0.30732  -0.730748  0.167521  0.326006 -0.737256  0.226681  0.332731
  0.302386 -0.961401 -0.245819 -0.672927  0.267931 -0.997298  0.12188
 -0.314846  0.14579  -0.348075 -0.218377  0.333225  0.218558]
[ 0.134647 -0.733892  0.331851  0.268429 -0.520182  0.291342  0.284727
 -0.938191 -0.302929  0.264092  0.326293 -0.848528  0.26467   0.265614
 -0.984952 -0.965305  0.310166  0.19034  -0.008296  0.249789]
[-0.391835 -0.410256  0.333333  0.31518   0.330826  0.327662 -0.781302
  0.05891   0.212908  0.189157  0.323821  0.327166  0.280394 -0.405927
 -0.014742  0.275059  0.226709  0.076611  0.326365 -0.54291 ]
[-0.228684  0.156175  0.332982 -0.096553  0.271788 -0.148555  0.089081
  0.136413  0.25594   0.30925   0.331526 -0.493875 -0.901018  0.197261
  0.196676  0.146286 -0.017686  0.148425  0.267057 -0.067846]
[-0.411308  0.270378  0.259754 -0.712709  0.333232 -0.454449  0.184746
  0.251487  0.126442 -0.18571  -0.331631 -0.665291  0.061292  0.323102
  0.250264  0.267941 -0.178201  0.290567  0.307765  0.253647]
[ 0.302297 -0.998885 -0.2256    0.329942  0.324297  0.276491  0.273008
  0.121517  0.263065  0.329288  0.286447 -0.113211  0.279939  0.170493
 -0.37273   0.180147  0.241273  0.208683 -0.676447  0.236086]
[ 0.333235 -0.979233  0.271911 -0.141661  0.32909   0.330793 -0.71102
 -0.360583 -0.001813  0.191339 -0.016529 -0.113576  0.329917  0.324109
  0.329553  0.187056  0.321059  0.095522  0.176959  0.332442]
[-0.076127 -0.263742  0.323154  0.245555 -0.14204   0.333127  0.33308
  0.169465  0.062695 -0.384763 -0.271795  0.316343  0.327979  0.313627
  0.203981  0.171462  0.138455  0.266864 -0.072624  0.333226]
[-0.375229  0.272273  0.309489  0.135315 -0.080514 -0.056692  0.326997
 -0.139882 -0.999229  0.292693 -0.95161   0.231211  0.122596  0.222708
 -0.987943  0.207456  0.33074  -0.958607 -0.578491  0.230108]
[ 0.279567  0.32601   0.281824  0.319631  0.195988  0.313868  0.139473
 -0.51123  -0.12744  -0.050908  0.304236 -0.601684 -0.616305 -0.127016
  0.245008 -0.990915 -0.906501  0.311885  0.024906  0.318814]
[ 0.330282 -0.860894  0.225395 -0.210361  0.128197 -0.998637  0.320581
  0.218532 -0.999787  0.25614   0.333318 -0.126681 -0.131696  0.034823
 -0.356852 -0.148075 -0.449219  0.319829 -0.211096  0.32516 ]
[-0.501519  0.29579  -0.376558 -0.026749 -0.862986 -0.60497   0.307371
  0.200802  0.327394  0.200386  0.214247 -0.251585 -0.676135  0.290134
  0.159555 -0.7891    0.147781 -0.216446  0.206421 -0.310972]
[-0.136191 -0.81074   0.122363 -0.142254 -0.476675 -0.137004  0.184441
 -0.286484 -0.198283 -0.33806   0.298791  0.327986  0.304994  0.248563
 -0.218163  0.333108  0.275599  0.204674  0.148918  0.328741]
[ 0.326283 -0.946336  0.071956  0.014028  0.265637 -0.618136 -0.04667
  0.306302  0.333301  0.243413  0.214048  0.320391  0.330517 -0.157316
  0.332957  0.305904  0.333314  0.20159   0.323954  0.310004]
[ 0.332585  0.099361  0.123885  0.3331    0.139046 -0.463292  0.293256
 -0.568925  0.316913  0.253793  0.313023  0.137458 -0.158617  0.33255
  0.2952   -0.992002 -0.979376 -0.407771 -0.117148  0.278753]
[ 0.24066   0.331392  0.325004  0.320694 -0.724534 -0.256906 -0.549216
  0.082171 -0.382115  0.33312   0.286061  0.024391  0.325172  0.285602
  0.311108  0.056494  0.023468  0.208575  0.194401 -0.981729]
[ 0.330095  0.300802  0.219177 -0.17311  -0.18925   0.323797 -0.014264
  0.214626  0.103725  0.232827 -0.381424  0.296181  0.23827  -0.036219
 -0.64394   0.305887  0.090939  0.266902  0.329534  0.318088]
[ 0.248355  0.153448 -0.250107  0.045473  0.333329  0.209148  0.330069
  0.170841  0.098614  0.240264 -0.979864  0.056896  0.171765 -0.105321
  0.005254  0.096322  0.120188  0.274401  0.015983  0.328766]
[-0.132642 -0.09528   0.323434  0.247935  0.0346    0.332699  0.304403
  0.323823  0.097253  0.252762 -0.038788  0.269135  0.333054  0.110896
 -0.99016   0.241485  0.019526  0.241063 -0.681731  0.129936]
[-0.662167 -0.645998  0.026983 -0.154349 -0.384208  0.264232  0.001874
  0.148619  0.326294 -0.483196 -0.133818  0.014897  0.300891  0.254414
 -0.750349 -0.452352 -0.310776  0.328565  0.248065  0.223688]
[ -2.030960e-01  -7.354563e-01   6.462075e-04   8.924688e-02   2.680842e-01
   2.030631e-01  -1.151954e-01  -9.225424e-01   3.310169e-01  -3.232111e-01
  -2.503026e-01   1.858594e-01   2.339171e-02   3.280846e-01   6.917436e-02
   3.212560e-01   2.023405e-01  -7.564969e-01   2.568612e-01   2.719483e-01]
[ 0.308032  0.064608  0.209122  0.009499 -0.923347  0.251861 -0.394818
 -0.068879  0.29278   0.307386  0.330035  0.293648 -0.17038   0.091452
 -0.466288  0.333303 -0.202742  0.330245  0.31698   0.316914]
[-0.407131  0.327846  0.281006 -0.716442 -0.404391  0.328996  0.321978
  0.090143 -0.844256  0.055155  0.300783  0.039334  0.333272 -0.259691
  0.30687   0.240098 -0.231064 -0.999183 -0.115404 -0.299061]
[-0.768698  0.053886  0.222625  0.300552 -0.016023 -0.683466 -0.664121
  0.328774 -0.812228 -0.443711  0.058542 -0.160065 -0.482133 -0.314026
  0.238925  0.087077  0.271729 -0.204326  0.15118  -0.052944]
[ 0.049959 -0.254979  0.284232  0.320429  0.12814  -0.905066  0.289766
  0.326438  0.333239  0.071961  0.25133   0.265178  0.150379  0.309748
  0.307015  0.319545  0.062539  0.265723  0.273356 -0.452384]
[-0.155351  0.301112  0.062128 -0.139846 -0.494674  0.1866    0.221328
  0.197953  0.28605   0.296651  0.220115 -0.148978  0.296224  0.099788
  0.326757  0.189522  0.252362  0.203694  0.077145  0.326845]
[-0.120862 -0.793978  0.260451  0.289664  0.333163  0.323593  0.219748
  0.228297  0.28623   0.333261  0.202155  0.279711 -0.970388  0.262069
  0.285134 -0.645529  0.1994    0.321255  0.197888  0.280408]
[ 0.261405 -0.906708  0.218871  0.331049  0.325348 -0.242774  0.317465
  0.323124  0.275694 -0.803962  0.155277  0.319913  0.276185  0.177213
  0.110251 -0.993394  0.332238  0.286057 -0.076487  0.240452]
[ 0.124082 -0.386982 -0.773849 -0.760613  0.17927   0.244736  0.321919
 -0.38712   0.326989  0.149901  0.329762  0.087046  0.0063    0.206515
  0.293839  0.333001  0.216584  0.283862  0.280806  0.314475]
[ 0.280842  0.309981  0.330586  0.332996  0.067824 -0.848528  0.326333
 -0.663432  0.15161  -0.211371  0.330135  0.118614  0.304134  0.307088
 -0.722369 -0.380449  0.313251  0.330167  0.329986  0.135098]
[ 0.260242  0.284029  0.205842  0.328675  0.332524  0.324538  0.325717
 -0.633838 -0.911774  0.290493 -0.749923  0.289278  0.301405  0.327568
 -0.382883  0.243032  0.289081  0.257656 -0.4728   -0.020855]
[ 0.039045 -0.251235 -0.89211   0.207539  0.221114  0.053864  0.171655
  0.249746  0.229592  0.234652  0.297512 -0.688026 -0.98982  -0.824525
  0.202866  0.131984  0.047296  0.288147  0.087631  0.110201]
[ 0.256516 -0.913983  0.3027   -0.906312 -0.058282  0.333319 -0.366773
 -0.523932  0.249493  0.31726   0.33302   0.332591  0.331937  0.310263
  0.228451 -0.039627  0.298556  0.331769 -0.985481  0.295648]
[ 0.322807 -0.099341  0.317975  0.123616  0.093448  0.197417 -0.999925
 -0.523313  0.228014  0.332729  0.313174  0.329907  0.273482 -0.831438
 -0.152241  0.321061  0.229786 -0.095603  0.158207 -0.010812]
[ 0.141472  0.328295  0.323876 -0.419074  0.191116  0.331914  0.28796
  0.150991  0.325503  0.104534  0.33331   0.061223  0.265342  0.330268
 -0.90457  -0.851622  0.054012  0.332552  0.328476  0.332296]
[ 0.197454 -0.012897 -0.825592  0.049027  0.012833  0.24189   0.307901
 -0.215667  0.206272  0.078629 -0.433004 -0.915204 -0.573951  0.172739
 -0.801602  0.103458 -0.80604   0.146112 -0.907626 -0.282681]
[-0.24813   0.044917  0.195832 -0.100047 -0.886038  0.311354 -0.273116
  0.258019  0.154519 -0.912061  0.331719 -0.999239 -0.578399  0.264689
 -0.904499  0.330011  0.141567  0.042963  0.318309  0.035517]
[-0.063635 -0.40562  -0.863427 -0.408911 -0.303221  0.278929 -0.604576
  0.224061  0.196765  0.331304 -0.198871  0.299844  0.170649  0.272601
  0.246176 -0.878054 -0.743664  0.228014 -0.093131  0.329322]
[-0.089091  0.131447  0.147474  0.031501 -0.979966  0.321794  0.26745
  0.324355 -0.976582  0.266997 -0.197699  0.33292   0.077357  0.21993
  0.315019 -0.070169  0.314395 -0.146795  0.266984  0.191349]
[ 0.328193 -0.688991  0.206567  0.127711  0.317376 -0.282418  0.287124
  0.328599  0.1911   -0.013908  0.093191  0.253127  0.207546  0.029518
  0.294834 -0.254996 -0.263009 -0.986181  0.186682  0.197046]
[-0.259047  0.308625 -0.532963  0.304273 -0.388461 -0.990016  0.077151
  0.325229 -0.703789 -0.441945 -0.958    -0.083409  0.32513   0.328664
  0.315265  0.25012   0.197299 -0.653925  0.264951 -0.465998]
[ 0.323363  0.248607 -0.059358  0.332985 -0.978998  0.148303 -0.294533
 -0.436372  0.323625 -0.110625 -0.607588  0.292886  0.227019  0.080902
 -0.411179 -0.758254 -0.044779  0.189124 -0.099533  0.278745]
[ 0.122904  0.051309 -0.143295  0.331273  0.333228 -0.999924  0.052784
 -0.536556 -0.89271  -0.717461  0.33282   0.232422 -0.430235  0.329192
  0.289881  0.175536 -0.248926 -0.270985 -0.991643 -0.970571]
[ 0.185549  0.078242  0.18014   0.166938  0.333091  0.192391 -0.412084
  0.314506 -0.303336  0.328984 -0.519763  0.292772 -0.775573  0.180163
 -0.982944  0.306779  0.331002  0.005076  0.289789  0.319871]
[ 0.333115 -0.145147  0.296593 -0.438325 -0.06976   0.32757   0.099299
  0.291528 -0.277826  0.266438  0.326413 -0.810498 -0.3142   -0.227589
 -0.433647 -0.091071 -0.839535  0.290415  0.333253  0.255611]
[-0.122626 -0.022622  0.251879  0.33182  -0.652632  0.321724  0.264859
  0.257975 -0.886971  0.269441 -0.03176   0.245563  0.273262  0.088628
  0.314182 -0.011278  0.256575  0.333331 -0.380575  0.063478]
[ 0.319748  0.322351  0.114404 -0.693142  0.302053  0.312336  0.162254
  0.112148  0.125738  0.151293  0.247714  0.333186  0.295884  0.14895
  0.332416  0.242647 -0.162741  0.282702 -0.88109   0.052477]
[ 0.308775 -0.531334  0.185589 -0.784736  0.328317  0.205728  0.234689
 -0.895088  0.31827   0.284074 -0.614513  0.333054 -0.075852 -0.169672
  0.231297  0.333202  0.317259  0.071953  0.327116  0.301844]
[ 0.194068 -0.279804 -0.516546  0.201338  0.299594  0.332507 -0.823895
  0.326766  0.173888 -0.004746  0.196799 -0.025875  0.154178  0.321639
 -0.5616    0.32869   0.158892  0.324361  0.315513  0.331004]
[ 0.332709  0.135718  0.089683  0.22854  -0.065821  0.278432  0.268641
  0.333291  0.325722 -0.932139 -0.465359  0.332987  0.330363  0.063082
 -0.698161 -0.027229  0.234136  0.236464  0.275248  0.044818]
[ 0.32682   0.008269  0.311675  0.021297  0.316001  0.090973  0.200031
 -0.101578  0.33217   0.192154  0.180233  0.086537 -0.077273 -0.019108
  0.195352  0.31874   0.283254 -0.647068  0.327263  0.209014]
[ 0.266192  0.325372 -0.110636  0.029688  0.075654  0.321478  0.326708
  0.165604 -0.11982   0.19676  -0.062356 -0.554965  0.309351 -0.214665
  0.238506  0.026921  0.2818    0.333051  0.332092  0.017891]
[ 0.197498 -0.333217  0.099756  0.320979  0.070458 -0.301463 -0.700628
  0.242546 -0.564913  0.327023  0.155914 -0.823622 -0.423814  0.328308
  0.326062 -0.376072 -0.276932 -0.204947  0.331532  0.232761]
[-0.080224  0.330439  0.31814  -0.65073   0.275547  0.307686  0.287215
  0.012782  0.333229  0.19259   0.314835 -0.186067  0.331755  0.282926
  0.32849   0.085575  0.000899  0.224942  0.209139  0.32743 ]
[-0.728354  0.299237 -0.033184  0.29355  -0.466339  0.073713  0.0535
 -0.170599 -0.959166  0.276029  0.324583  0.017563  0.309451 -0.13911
  0.331954 -0.753111  0.242243 -0.015306  0.314758  0.32523 ]
[ 0.211942 -0.094957 -0.211802  0.316746  0.062981  0.28861   0.176489
  0.326369 -0.925322 -0.842745  0.157933  0.304083  0.332367  0.331273
 -0.177413 -0.695107 -0.186111  0.328707  0.311085  0.329684]
[ 0.315719  0.191058  0.128316 -0.201618 -0.22945   0.118329  0.316163
  0.244466  0.161289  0.029157  0.251555 -0.384402 -0.507162  0.328676
  0.283522  0.278127  0.304643 -0.992532  0.30475   0.29812 ]
[-0.984727 -0.295709  0.102037 -0.701487  0.203475  0.31552   0.24481
 -0.420982  0.121912  0.216051 -0.188805 -0.180631  0.302036  0.333316
  0.320064 -0.995179  0.318995 -0.507299  0.322406 -0.986354]
[ 0.193702  0.178812  0.293038  0.331017 -0.724461  0.332042 -0.590156
  0.333333 -0.391687  0.241305  0.324042  0.299464  0.177378 -0.623815
  0.079946  0.309436  0.281006 -0.35876   0.23818   0.123318]
[ 0.333257 -0.612077  0.3096    0.166312 -0.113319 -0.496349 -0.15271
  0.197195  0.333214  0.030351 -0.523128  0.290944  0.280245 -0.94036
  0.080387 -0.292056  0.333316  0.303934  0.286132 -0.318802]
[ 0.218106 -0.762167  0.26648   0.276948  0.298347  0.167562  0.323445
 -0.822673 -0.515871 -0.593381  0.243452  0.323586 -0.121089  0.332351
 -0.447568 -0.459024 -0.339243  0.314778  0.311867 -0.354588]
[ 0.268435 -0.157006 -0.450795  0.208322  0.12299   0.200315  0.311567
  0.243387  0.267022  0.326603 -0.016052 -0.361379  0.114694  0.201877
  0.27722   0.130862  0.326532 -0.284888  0.086009 -0.964123]
[ 0.325206  0.07637   0.316364 -0.71468   0.306348 -0.794076 -0.748537
 -0.055461  0.009331  0.074995  0.313618  0.307008 -0.028465 -0.204074
  0.258885  0.302709  0.277292  0.103858 -0.193481 -0.531115]
[ 0.271759  0.233386  0.315286 -0.305451 -0.091625 -0.350266  0.325661
 -0.516898  0.249452 -0.661173  0.15281   0.299766 -0.736165  0.223203
  0.090574  0.269562  0.314088  0.171234  0.303661 -0.238986]
[ 0.033783 -0.331675  0.213941  0.140518  0.309205  0.283925  0.321097
  0.020621  0.281347  0.106988  0.315059  0.177367 -0.427966  0.294522
 -0.509905 -0.265166 -0.998361 -0.453021  0.309931  0.095875]
[ 0.32484   0.197527  0.321904  0.314769 -0.52458  -0.07327   0.331994
 -0.934893  0.220404  0.270352 -0.737658 -0.401236  0.217481  0.291616
  0.201705  0.314552  0.333095  0.333328  0.120094  0.297766]
[ 0.331879 -0.010309  0.311732 -0.220047  0.176735  0.301423  0.327124
  0.333293  0.05086  -0.678292  0.322865  0.299457  0.07841  -0.656374
  0.329511  0.317454 -0.966492  0.318263  0.092546  0.316616]
[ 0.187377  0.333246  0.306337  0.268963 -0.988813 -0.004702 -0.05513
  0.233678  0.314851 -0.051319  0.206543  0.331073  0.188312  0.33198
  0.308329  0.29889  -0.999838  0.082142 -0.511382  0.317698]
[  2.364961e-01   1.213394e-01  -9.435747e-02   3.083419e-01   3.062800e-01
   7.070076e-03   3.092920e-01  -3.252692e-01   3.155570e-01   3.308574e-01
   3.272907e-01  -9.247107e-01   2.441990e-01   2.340147e-01   3.245862e-01
   1.055571e-04   2.572253e-01  -4.898194e-01  -9.640581e-01   3.303275e-01]
[-0.683918 -0.999651  0.32199   0.18756  -0.398359  0.333296 -0.244129
 -0.975361 -0.927719 -0.363866  0.327883  0.321924 -0.171212  0.285708
  0.333282  0.13207   0.200465  0.242433  0.317616  0.30991 ]
[ 0.255722  0.320602  0.265043 -0.209268  0.008341  0.138914  0.053587
  0.022311  0.059504 -0.967957  0.276285 -0.399657  0.118486  0.292599
 -0.794262  0.333289 -0.268158 -0.266804  0.136872  0.260672]
[ 0.268784  0.157914  0.332657  0.203256 -0.32275   0.259445 -0.366509
  0.243654  0.322528  0.333314  0.317893 -0.699105  0.189835  0.117745
  0.302694  0.162883 -0.506286  0.255562  0.279991 -0.076611]
[ 0.330178  0.321239  0.112888 -0.053929  0.151682  0.301309 -0.336485
 -0.040528  0.330186 -0.03564  -0.382632  0.331552 -0.564727 -0.311104
 -0.158898  0.332401  0.221044  0.321083 -0.852369 -0.950591]
[ 0.259071  0.293802 -0.05306   0.289698  0.149766 -0.98138   0.332087
  0.12947   0.148879 -0.093949  0.22785   0.332674  0.233814 -0.081586
  0.330891  0.311436  0.175937  0.15284   0.215002  0.29496 ]
[ 0.05381   0.177653 -0.192815  0.195765  0.168761  0.281552  0.331556
 -0.981966  0.331533 -0.19188   0.333333 -0.962861  0.041131  0.274666
 -0.019308  0.146265  0.158224  0.137911  0.321898 -0.128889]
[ 0.332352  0.26816   0.290749 -0.450739  0.086668  0.152852  0.322827
  0.107667  0.322851 -0.33336  -0.390579  0.328666  0.330425 -0.380625
  0.213576 -0.149742  0.246443  0.015239 -0.116062 -0.104506]
[-0.82901  -0.934274  0.060802  0.006255  0.057401  0.208915 -0.152427
 -0.960465  0.308363 -0.990827  0.333043 -0.861682  0.162173  0.248157
  0.168113  0.294489  0.309382  0.140414  0.325752  0.328081]
[ 0.303616  0.212415  0.273515 -0.684738 -0.976953 -0.828975  0.329802
 -0.24425   0.263419  0.316232 -0.009859 -0.814312  0.084033  0.084947
  0.324288  0.332349  0.321993  0.178526  0.02192   0.138544]
[-0.985981  0.053872  0.333331 -0.262098  0.281711  0.15553   0.156197
  0.256715  0.113885  0.323476 -0.029113 -0.834181  0.194524  0.309615
 -0.518819  0.333331  0.270163  0.046602  0.304699  0.269523]
[ 0.286309 -0.092892  0.327365  0.302957 -0.308393  0.322138  0.059661
  0.113939  0.327353  0.299204  0.140889 -0.093044  0.318366  0.32147
  0.216171 -0.439623  0.333218 -0.697147  0.328034  0.325922]
[-0.691214 -0.664151 -0.240252 -0.120944  0.326055  0.241653  0.332644
  0.310039  0.316141 -0.540267  0.284288  0.201262  0.280163  0.264416
  0.278939  0.123154  0.270867  0.285704  0.272602  0.24249 ]
[ 0.172858  0.331451 -0.487584 -0.730232  0.277875  0.227705  0.260956
  0.333081  0.280472  0.303281  0.046676  0.064897  0.323985  0.331299
 -0.679874  0.162925  0.142557 -0.060095  0.322794 -0.159466]
[ 0.314373 -0.999924  0.170988 -0.364114 -0.092912  0.329089  0.023943
 -0.077837  0.293845  0.297044 -0.955177  0.190459  0.303912 -0.061724
  0.306936 -0.799629 -0.205081  0.323296  0.323313  0.198671]
[ 0.304572  0.209357 -0.86667  -0.953323  0.333183  0.20719  -0.184844
  0.07278   0.331206  0.313887  0.307767  0.305368  0.321902  0.333113
  0.323342  0.038285  0.324474  0.326789 -0.217921 -0.289212]
[ 0.331459 -0.207682  0.24367   0.13143   0.163967  0.274495 -0.059103
  0.149665  0.132867  0.249186 -0.659366  0.283249  0.283032  0.309351
  0.107347  0.216564  0.247588  0.330613 -0.428251  0.155879]
[ 0.328193  0.226682 -0.983471  0.304321 -0.889742  0.18296   0.295774
  0.110687 -0.412339  0.136213 -0.070751  0.244975  0.33282   0.082738
  0.329683  0.082495  0.251735  0.297857  0.23      0.331988]
[ 0.287372 -0.774326 -0.832515  0.026765  0.044709  0.332431  0.283553
 -0.890069 -0.035189  0.076902  0.255088  0.164913  0.206974 -0.947595
 -0.29402   0.12261   0.311185  0.046024  0.13602   0.142014]
[  3.123256e-01   2.741398e-01   3.327012e-01   3.295527e-01   1.288832e-01
  -9.047610e-02  -5.280997e-01   3.322792e-01   2.832618e-01  -5.256911e-01
   5.698829e-02  -6.115333e-04   3.036945e-01   3.097109e-01   2.438423e-01
  -1.160450e-01  -3.492707e-01  -8.562694e-01   1.476064e-01   1.473459e-01]
[-0.673229  0.283479 -0.980272  0.321453  0.332962  0.333324 -0.88374
  0.315496  0.002538  0.318863  0.273609  0.255462 -0.163353  0.196583
  0.256465  0.292754  0.333227 -0.741683  0.327045 -0.999973]
[ 0.208407  0.184753  0.276527  0.31526   0.038938  0.173363  0.333229
  0.277172  0.281704  0.273552  0.319601 -0.535274  0.127427  0.319981
  0.332934  0.302954 -0.423132  0.244011  0.263812  0.305842]
[ 0.329988  0.323399  0.254184  0.063453 -0.98714  -0.934449  0.327573
 -0.282862 -0.674321  0.278895  0.156678 -0.693472  0.178096  0.117341
 -0.092849  0.05507   0.227279 -0.88487   0.18965   0.33287 ]
[ 0.19933   0.318848 -0.772624  0.150625  0.296846  0.310084  0.147549
  0.233802  0.31415  -0.349628 -0.22019  -0.092345 -0.859482  0.325396
 -0.298702  0.329691 -0.594501  0.333174 -0.236031  0.221859]
[-0.919272 -0.044582  0.149977  0.233635  0.319326  0.329108 -0.280365
  0.277279  0.332355 -0.315773  0.3193    0.187682 -0.136804 -0.850004
 -0.026512  0.172672  0.316595  0.318777  0.020834 -0.074923]
[ 0.094307  0.003328 -0.776749 -0.810543  0.333321  0.053486  0.297086
  0.329314 -0.284222  0.204586  0.15204   0.00532  -0.75569  -0.895252
  0.217173 -0.921606 -0.988151 -0.322121  0.282324  0.295821]
[0.0039300143674484422, -0.024654426765893689, 0.000420436983700756, -0.038978910170205272, 0.0046052153694605691, -0.0054005283396455495, 0.04518026432787603, -0.039720279373585493, -0.0012384251152273706, -0.036788082548008305, 0.0014537217514982159, -0.0096002304309903419, 0.025295410853657496, -0.0082417907421820785, -0.050999124626029346, 0.074726186483633994, 0.035571108761231984, -0.017738742915615391, -0.0089820754512969503, 0.041326606496280172, 0.075170325201345256, -0.033948518008431766, 0.02205082254004237, -0.0029221229970067819, 0.022009316545229807, -0.007021311762837712, 0.017525090056513565, -0.017436825332619199, 0.010125096245889365, -0.042931278924752569, -0.01243844265823775, -0.016803294969964216, 0.0021646569942718741, 0.20089600057126766, 0.036171032791962474, 0.010783513312503434, 0.11031434877914795, 0.059447768795168131, 0.026732305882234048, 0.026539299973931119, 0.070258600577257482, 0.0022795163942173902, -0.014656553010394063, -0.020887166763235744, 0.014057754241624074, 0.03058653727645877, -0.012502423757753095, 0.00039357280684532148, 0.0254478078371701, -0.0023194398499516433, -0.011463979057174112, 0.014301390278906714, -0.025103848615552649, 0.023287614449903682, -0.02639682976027824, 0.0010424419289103426, 0.0061900532635798533, 0.036377060599119854, 0.0052294301563873546, -0.0029167013060028002, 0.0094797255105498746, 0.05088937348496439, 0.017352454443400112, -0.072067001322024704, 0.083401521046403318, 0.020423285617491349, 0.083675557723887323, 0.044320848903344506, 0.018512169358208985, 0.097451263951187889, 0.067148793629998066, -0.022788600668732339, 0.086766870525150419, -0.0050735027943821231, 0.0019854660608653041, -0.017776217333850597, 0.019321665040623076, 0.0068245196720950752, 0.051086035863764589, -0.012176697505274114, 0.0016445304211968534, 0.01644918384631866, 0.068658724403172, 0.10429015242588349, 0.071044219477480963, 0.010847099327740528, 0.021063911796746049, 0.028005594241565096, 0.024933827593056679, 0.083528692498545581, 0.013861835430125424, 0.022704683366015499, -0.0086003429788427677, 0.015011696902195559, -0.012394881807801461, 0.077123881927540827, 0.0011526424149628789, -0.046983990431582717, -0.043698190511981316, 0.036356131259434502]
('time: ', 9764.22332406044)
