“Running plot script on a single CPU core”
[-0.979915 -0.974164 -0.979882 -0.977688 -1.09546  -1.018093  0.079497
  0.029962 -0.034947  0.133692 -0.075341 -0.016888 -0.08379  -0.087785
  0.041007 -0.04923   0.181011  0.044842 -0.017095 -0.024388]
[-0.980164 -0.961341 -0.860955 -1.016737 -0.929381 -0.925275  0.011479
  0.018642 -0.01475   0.102165 -0.073916 -0.014682 -0.079566 -0.100364
  0.049065 -0.061065  0.067367  0.003796  0.034219  0.016351]
[-1.055232 -0.763176 -0.890375 -0.596162 -0.929189 -0.59969  -0.101189
  0.008967  0.027449  0.020874  0.084402  0.044247 -0.098304  0.031642
  0.108163  0.041012  0.038804 -0.169581 -0.097197 -0.009391]
[-0.927612 -0.87294  -0.786676 -0.875843 -0.784682 -0.73146  -0.04148
 -0.064267  0.011006  0.03768  -0.067197 -0.023853  0.002965 -0.015942
 -0.007124 -0.012994 -0.016983  0.018916  0.02388   0.02543 ]
[-1.023056 -0.984458 -1.063223 -0.953251 -1.040254 -1.089038  0.159256
 -0.022082  0.057678  0.02935   0.087289  0.10834   0.001679 -0.04123
 -0.045775 -0.014471 -0.014037  0.239845 -0.039961 -0.023049]
[-1.021406 -1.036974 -0.96078  -0.985769 -1.025737 -1.044142 -0.042803
 -0.004415  0.004281  0.046981  0.129128  0.019391  0.042707  0.056839
  0.038248  0.032569  0.052176 -0.012996 -0.004582 -0.015428]
[-0.969697 -0.966886 -1.104708 -0.568786 -0.857711 -0.945739  0.140543
 -0.023729 -0.017656 -0.10045  -0.037976 -0.006685  0.010621 -0.008914
 -0.031368  0.071747 -0.074923  0.117532  0.044736 -0.044583]
[-1.155269 -1.153242 -0.919708 -1.053546 -0.88044  -1.06302   0.117129
  0.106693 -0.024947 -0.096024 -0.063868 -0.053046 -0.041005  0.013593
  0.140115 -0.041769  0.03563   0.059885 -0.016863  0.067929]
[-0.758837 -0.87248  -0.869495 -0.789023 -0.776877 -1.031613 -0.054384
  0.097631 -0.075187 -0.084566  0.015491 -0.083403 -0.004841  0.008692
  0.034264 -0.114002 -0.05476  -0.068978 -0.078609 -0.040744]
[-1.057491 -1.133876 -0.775617 -1.198737 -0.94202  -0.930544 -0.156233
 -0.038601  0.087335 -0.063918  0.058738  0.030424 -0.013315  0.05734
 -0.031051  0.032709 -0.019024 -0.136937  0.049869  0.031851]
[-1.010613 -0.838401 -0.867318 -0.942037 -0.977243 -0.771287  0.146506
  0.041352 -0.036727 -0.056444  0.099752 -0.092184  0.155669  0.059928
 -0.004563  0.067759 -0.078997  0.120758  0.102472  0.026258]
[-1.044994 -1.056127 -0.917694 -1.08573  -1.021604 -0.952929 -0.069357
 -0.022271  0.007036 -0.030159 -0.019444  0.031372  0.054186  0.002697
 -0.037546 -0.053561  0.0415   -0.017816 -0.00281   0.011703]
[-0.970226 -0.836317 -0.945182 -0.912429 -1.105541 -0.841045  0.036428
 -0.065092 -0.137503 -0.025591 -0.030545 -0.116951 -0.01037  -0.070731
 -0.057614 -0.027795 -0.001827 -0.009839  0.002998  0.001561]
[-0.756948 -0.712882 -0.74943  -0.649105 -0.689467 -0.771847 -0.040559
 -0.086132 -0.046875 -0.02922  -0.019139  0.019554 -0.048301  0.002422
 -0.055906 -0.068147  0.003083 -0.020972  0.034884  0.019771]
[-0.8935   -0.652492 -0.891646 -0.762054 -0.977401 -0.743667 -0.118101
  0.115349 -0.001102 -0.078053 -0.124621 -0.043741 -0.010272 -0.145712
  0.040245 -0.050508 -0.069088 -0.127139  0.047519  0.00703 ]
[-0.772981 -0.804287 -0.805521 -0.827851 -0.983242 -0.871735 -0.048613
 -0.012758  0.004645  0.067528  0.097433  0.032019  0.066696  0.080685
 -0.004053  0.101987  0.141422 -0.017505 -0.009408 -0.019699]
[-0.91053  -0.866187 -0.804402 -0.782982 -0.692302 -0.574587 -0.052762
 -0.020466  0.02376   0.036318  0.001863  0.03413   0.080905 -0.034729
 -0.024152  0.125446  0.094918 -0.085852 -0.03408  -0.044323]
[-1.186099 -1.067907 -0.961333 -1.149423 -1.272774 -1.078275 -0.034493
 -0.050328  0.094008  0.038063  0.329211  0.134093  0.1387    0.27393
 -0.099771  0.161945  0.10188  -0.02756   0.004832 -0.01161 ]
[-1.062576 -0.806328 -0.765738 -0.913518 -0.848529 -0.754875 -0.045778
  0.005514  0.023103  0.047203  0.003419 -0.017284 -0.071788  0.050538
 -0.021633 -0.127934  0.030286  0.029336 -0.047593  0.002113]
[-0.854094 -0.752217 -0.603872 -0.933269 -0.815535 -0.782332  0.05753
 -0.175351  0.050681 -0.053111  0.035605  0.085992 -0.040279  0.009542
 -0.272043  0.012124 -0.047656  0.041332  0.034305  0.004495]
[-0.948859 -0.756204 -0.68925  -0.918433 -0.879803 -0.67974   0.101051
  0.003647  0.035508 -0.006613 -0.067107  0.070109 -0.0701   -0.003716
 -0.026414 -0.094816  0.009579  0.111953 -0.037467 -0.024498]
[ -1.223499e+00  -9.631224e-01  -9.238170e-01  -8.963841e-01  -1.038612e+00
  -6.655410e-01  -6.201525e-02   2.888503e-02  -4.613063e-02  -1.463105e-01
   3.193779e-02  -1.602793e-02  -2.884129e-02   1.090947e-01  -1.848123e-02
  -6.823717e-02  -2.369921e-01  -1.115564e-01   4.748629e-04  -2.715698e-02]
[-0.967031 -0.920983 -0.972478 -1.220421 -1.283416 -1.173024  0.020015
 -0.039618 -0.088149  0.06345   0.196745 -0.135178  0.001448  0.092236
 -0.067012  0.05505   0.022598  0.015687  0.088772  0.010355]
[-0.890322 -0.976255 -0.829848 -1.115585 -0.848211 -0.904722 -0.053748
  0.078199 -0.112645  0.080169  0.087252 -0.108842  0.014477  0.068576
  0.150309  0.003082  0.062003 -0.090088  0.030649 -0.02127 ]
[-0.916656 -0.714264 -0.675173 -0.994143 -0.829134 -0.659338  0.03628
  0.087418  0.037975 -0.014861  0.104763  0.086891 -0.126254  0.075203
  0.035989 -0.159792 -0.029409 -0.01688   0.038318  0.008324]
[-0.879472 -0.988927 -1.074534 -0.764736 -0.833976 -0.839094 -0.028446
  0.012165  0.043523  0.143049  0.09805  -0.011087  0.107387  0.03219
 -0.154315  0.095183  0.057285  0.076888  0.033278  0.059696]
[-0.880617 -0.489067 -0.86232  -0.42114  -0.758802 -0.400123 -0.143293
  0.013744 -0.073976 -0.024027  0.008609 -0.053114 -0.029271  0.006613
  0.00578  -0.069932 -0.009397 -0.109026 -0.023473  0.004134]
[-0.777254 -0.795724 -0.779877 -1.030143 -0.945966 -1.016667  0.080211
 -0.04229  -0.044224  0.04349  -0.062449 -0.051671  0.104121 -0.050803
 -0.011173  0.105199  0.009256  0.121173 -0.019874 -0.019045]
[-1.088312 -0.977163 -0.80147  -0.883739 -0.784104 -0.635323 -0.072008
  0.025177  0.037239  0.079827  0.128685  0.006454  0.146436  0.108162
  0.001641  0.106132  0.015921 -0.110202  0.076211 -0.030791]
[-0.788656 -0.954246 -0.919897 -0.79285  -0.775504 -1.090382  0.088374
 -0.018818  0.091466  0.024497  0.019937  0.254002  0.032819  0.045903
 -0.076418  0.017627  0.10685   0.144531  0.007807  0.016353]
[-1.134898 -1.22174  -1.090961 -1.064891 -1.177638 -1.069039 -0.146164
 -0.00746   0.072715  0.12079  -0.049488  0.109228  0.232062 -0.167631
 -0.022365  0.224236  0.13178  -0.175487 -0.070099 -0.025874]
[-0.92362  -0.796771 -0.675826 -1.053761 -0.934729 -0.711683 -0.013309
 -0.010316 -0.083596  0.03412  -0.108018 -0.14613   0.026049 -0.065058
 -0.036284 -0.058673  0.052402 -0.098568 -0.026918  0.080837]
[-0.970596 -0.810569 -0.974177 -0.926595 -1.149996 -0.992443 -0.049043
 -0.021945 -0.078188  0.022966 -0.06487  -0.103353 -0.032456 -0.093138
  0.025566 -0.017126  0.00398  -0.018902 -0.005862 -0.003952]
[-1.172372 -1.101342 -1.051738 -1.093465 -0.818301 -0.92957  -0.040867
  0.011636 -0.04731  -0.002432  0.017291  0.004277  0.082331  0.037128
  0.021159  0.131801 -0.073941 -0.030709 -0.001481 -0.011755]
[-0.921871 -0.877255 -0.719938 -1.006323 -0.759389 -0.801682  0.039516
 -0.010935  0.012088  0.072149 -0.058072 -0.014145  0.01342  -0.086318
 -0.044702  0.021702  0.061285 -0.0185    0.055571 -0.001915]
[ -9.555379e-01  -8.914598e-01  -6.414245e-01  -1.043087e+00  -8.523831e-01
  -6.708608e-01  -4.178335e-02   1.607717e-04   4.927549e-02  -3.705585e-02
  -2.378771e-03   3.981400e-03   2.048574e-03   1.561386e-02  -2.155750e-02
   1.490443e-02  -1.236094e-02  -3.011951e-02   7.373972e-03   5.155299e-03]
[-1.054715 -1.206295 -0.795763 -1.192185 -0.841946 -1.022431  0.06158
 -0.038721  0.053478 -0.072117 -0.0141   -0.009549  0.064407 -0.018156
 -0.036708  0.071281 -0.057474  0.074439  0.02034  -0.022455]
[-0.859973 -0.70928  -0.843135 -0.85882  -0.847074 -0.79526  -0.028957
  0.155356  0.142056 -0.095411 -0.009719  0.128398  0.043917 -0.060029
  0.102452 -0.016622 -0.134565 -0.104065 -0.039606  0.029459]
[-1.014503 -0.630204 -1.182633 -0.454649 -0.955944 -0.423987  0.070096
  0.02126   0.047406  0.075134  0.002084 -0.026779  0.073559  0.069396
 -0.029903  0.104575 -0.009757  0.097604 -0.023177 -0.010928]
[-0.537955 -1.083332 -0.647593 -0.522346 -0.31147  -0.576191  0.091007
 -0.091918  0.113026  0.118931 -0.012351  0.110968 -0.048512  0.094975
 -0.003635 -0.010146  0.120018  0.042184  0.050716  0.003506]
[-0.713936 -0.94421  -0.897772 -0.750558 -0.750371 -1.036506 -0.003843
  0.021649 -0.051147  0.013305  0.019232 -0.042258 -0.111557 -0.053643
  0.03035  -0.102737  0.047987 -0.01483   0.006081 -0.047418]
[ -1.003911e+00  -1.222418e+00  -8.142054e-01  -1.175540e+00  -8.432950e-01
  -1.063743e+00   1.061567e-02  -1.334361e-01   8.030098e-02   1.910535e-01
  -2.604341e-01   2.674732e-02   6.024096e-02  -1.546238e-01  -8.659371e-02
   8.900876e-02   1.782161e-01  -5.249351e-02  -7.418757e-03   3.160685e-04]
[-1.026651 -1.059962 -0.861576 -1.114103 -0.947772 -0.964142 -0.061166
 -0.138555  0.032929  0.001373 -0.020129  0.020451  0.077575 -0.025123
 -0.184218  0.074497  0.031867 -0.065285 -0.041372 -0.008324]
[-0.938159 -0.998809 -0.824874 -0.877889 -0.835837 -0.923006 -0.086058
 -0.027045 -0.090334  0.057108 -0.035402 -0.07117  -0.093121 -0.07598
 -0.111674 -0.119853  0.088891 -0.097311 -0.004873 -0.023789]
[-1.107735 -1.011805 -0.98582  -0.955952 -1.158433 -0.953017 -0.150204
  0.099566 -0.121711  0.080411  0.023024 -0.109186 -0.043405 -0.065701
  0.101187 -0.032527  0.058018 -0.266549 -0.105575 -0.092335]
[-0.86105  -0.605264 -0.780989 -0.908444 -1.040168 -0.84052  -0.068652
  0.060524 -0.059505  0.088931 -0.074089 -0.094962 -0.015389  0.002893
  0.092535 -0.078893  0.029794 -0.1147   -0.004629 -0.013595]
[-1.092924 -0.813221 -0.911382 -0.909576 -0.952859 -0.781246  0.054093
  0.009346 -0.015446 -0.01586  -0.052665  0.022252 -0.111597 -0.042258
  0.002123 -0.106686 -0.044627  0.054151  0.02443   0.038744]
[-0.594791 -0.60764  -0.811061 -0.448355 -0.538686 -0.634361  0.165409
  0.099709 -0.098787  0.072372 -0.071247 -0.165478 -0.12321   0.024442
  0.186451 -0.126083  0.075989  0.219906 -0.00614   0.038791]
[-0.864053 -0.611942 -0.909751 -0.661497 -0.982351 -0.665401 -0.033758
 -0.139627  0.003094  0.043748  0.108928  0.029277  0.070335  0.096575
 -0.126872  0.066718  0.059754 -0.052443 -0.04725  -0.014533]
[-0.868882 -0.967271 -0.856109 -0.692065 -0.714617 -0.70805   0.191717
 -0.006233  0.006831  0.04343  -0.128784 -0.021353  0.128837 -0.04883
  0.011433  0.122006 -0.017584  0.278224 -0.028707 -0.054834]
[ -8.080997e-01  -9.170367e-01  -7.543754e-01  -1.051145e+00  -8.296918e-01
  -9.616393e-01  -3.725982e-02   1.364732e-01  -7.250913e-02  -1.372569e-01
  -7.216493e-02  -3.495662e-02   1.111954e-01  -9.866572e-02   2.215753e-01
   1.464229e-01  -2.400909e-01   1.035468e-01  -5.606605e-04   3.962359e-02]
[ -7.836865e-01  -8.379987e-01  -7.411505e-01  -6.650522e-01  -6.199674e-01
  -8.659511e-01   6.272432e-02  -1.168555e-01  -7.687381e-02   7.761676e-04
   8.621451e-02  -9.585996e-02  -7.960154e-02   1.117574e-01  -6.140876e-02
  -6.287860e-02   1.068838e-01  -9.382876e-02   5.276267e-02   8.263638e-03]
[-1.1772   -1.089514 -1.071339 -0.97456  -0.919646 -1.136754 -0.038167
 -0.034897  0.033464  0.093328 -0.02651   0.024897 -0.053788 -0.101676
 -0.052071 -0.091554  0.12021   0.011343  0.029601  0.041572]
[-0.889095 -0.877583 -0.781303 -0.888119 -0.761664 -0.776878  0.120033
 -0.081025  0.092522 -0.018809  0.080025  0.029251 -0.065652  0.041002
 -0.002958 -0.065334  0.008807  0.099789  0.02788   0.010888]
[-0.919161 -1.206848 -1.29378  -0.734142 -0.693081 -0.933246 -0.073956
  0.103389  0.082959  0.172944 -0.014207 -0.033128 -0.010584  0.081206
  0.128789  0.005762  0.074208 -0.049916 -0.040893 -0.00344 ]
[ -1.278723e+00  -1.134581e+00  -1.104795e+00  -1.087953e+00  -9.216428e-01
  -1.121448e+00   1.432433e-02  -6.548557e-02   2.014167e-02  -9.004702e-02
   3.292372e-02   1.840090e-02   5.874652e-02   1.068819e-01  -3.301351e-02
   1.024146e-01  -1.090945e-01   5.977126e-02   1.132267e-01   1.265895e-04]
[-0.915266 -1.09596  -0.980856 -0.783932 -0.677981 -0.914468 -0.097
  0.013021 -0.010332  0.170211  0.014353  0.00617   0.012886  0.0349
 -0.025931  0.055798  0.199973 -0.130125  0.005679  0.020923]
[-0.946261 -0.934386 -0.79994  -0.870117 -0.735382 -0.812036 -0.031013
  0.11354   0.080585 -0.088699 -0.113574  0.030745 -0.094606 -0.123571
  0.090874 -0.126554 -0.06865  -0.011098  0.028707  0.006637]
[-0.996669 -0.90493  -0.633519 -0.877647 -0.686141 -0.555061  0.043154
 -0.025907 -0.079227  0.051917 -0.166245 -0.097979  0.072849 -0.141055
 -0.036941  0.112088  0.06814   0.023665 -0.026693 -0.018605]
[-0.999918 -1.180865 -1.072201 -0.740833 -0.862745 -1.018625  0.220004
 -0.016181  0.146069 -0.11537  -0.036651  0.116684 -0.088548 -0.081544
 -0.002914  0.016616 -0.269174  0.191318  0.025007 -0.052715]
[-1.152031 -0.895551 -0.757601 -1.281541 -0.970461 -0.779703  0.026962
  0.024771 -0.031181  0.167098 -0.061653 -0.00772  -0.047014 -0.073447
  0.07743  -0.020422  0.122451 -0.035738  0.046643  0.025523]
[ -1.068587e+00  -7.505167e-01  -8.729935e-01  -9.288024e-01  -1.037233e+00
  -7.226646e-01  -4.282493e-02   1.078059e-01   1.335871e-01   6.249162e-02
   1.171311e-01   7.766158e-02  -1.808672e-01   1.240585e-01   1.319235e-01
  -1.824349e-01   6.145869e-02  -4.323174e-02  -2.679560e-02   1.041823e-03]
[-0.993838 -1.194023 -1.229901 -1.167926 -0.82465  -1.219836  0.087129
  0.048474  0.053516 -0.038986  0.005689  0.037479  0.135359 -0.050848
  0.039351  0.060112 -0.093662  0.007152 -0.099081 -0.021177]
[-1.135975 -0.988878 -0.758025 -1.16922  -1.032471 -0.936906  0.018417
  0.075287  0.017846 -0.035382  0.106737  0.074239 -0.077206  0.146189
  0.00794  -0.085498  0.007504  0.030602 -0.006813 -0.00631 ]
[-1.127982 -0.795686 -0.960703 -1.012691 -1.049851 -0.933756 -0.037097
  0.00832  -0.051187  0.084715 -0.122037 -0.083782  0.139002 -0.20732
 -0.034486  0.119726  0.113952 -0.073539  0.044091 -0.016484]
[ -7.564208e-01  -5.368060e-01  -6.628458e-01  -7.955611e-01  -9.617896e-01
  -7.285346e-01   2.203975e-02  -1.713289e-01   7.877618e-02   2.483486e-02
   1.759236e-01   1.105948e-01   3.161889e-03   1.439055e-01  -1.438664e-01
   7.846535e-05  -2.094306e-02  -4.764599e-02   1.459915e-02   3.779449e-02]
[-1.05196  -0.9947   -0.891357 -0.880136 -0.825366 -0.732349 -0.093744
  0.076515  0.084481  0.090954 -0.097262  0.048221 -0.092044 -0.09617
  0.056862 -0.12034   0.086127 -0.04938   0.013334  0.019214]
[-1.095353 -0.827475 -1.045178 -0.720735 -1.002621 -0.800963 -0.070268
  0.174856  0.040304  0.062439  0.057107  0.114611  0.081631  0.134395
  0.112129  0.13101  -0.002205 -0.086706  0.007939  0.051255]
[-0.670738 -0.776176 -0.775187 -0.812155 -0.673748 -0.945015 -0.006272
 -0.052211  0.040949  0.044081 -0.051174  0.085334 -0.033529 -0.116996
 -0.029522  0.038815  0.129277  0.001427 -0.025388  0.001823]
[ -1.035087e+00  -7.274824e-01  -9.283594e-01  -8.187816e-01  -1.022272e+00
  -7.087617e-01  -6.356769e-02  -3.777523e-02   8.807920e-02  -5.597188e-02
   4.974935e-03   5.481089e-02   1.085480e-01   6.307119e-02   1.102234e-02
   1.421500e-01  -3.546216e-02  -1.720478e-03   2.828245e-02  -7.428021e-04]
[-0.905512 -0.833342 -0.860177 -0.743342 -0.791605 -0.612842  0.047532
  0.034723 -0.035266 -0.048305 -0.043425 -0.034133  0.008293 -0.016643
  0.096173  0.017112 -0.018334  0.044323 -0.029529  0.003935]
[-0.82337  -0.849985 -0.757834 -1.073338 -0.947605 -1.031375  0.016172
  0.013443 -0.02351  -0.017047 -0.01522  -0.078985  0.143915 -0.038358
  0.0654    0.113057 -0.040027  0.013431 -0.103436 -0.066149]
[-1.012646 -1.013287 -0.62812  -1.105016 -0.612629 -0.774134  0.090857
 -0.06848  -0.092985  0.183022  0.123528 -0.073771 -0.008043  0.073307
 -0.02161   0.004866  0.271285  0.0602    0.020034  0.005094]
[-1.163662 -1.021552 -0.780157 -1.040906 -0.966848 -0.964952  0.089567
  0.0421   -0.045068  0.04007  -0.028623  0.062946  0.103033 -0.130378
  0.119014  0.014325  0.04643  -0.056789 -0.041354 -0.022486]
[-0.997652 -1.024472 -0.916817 -1.021962 -0.98851  -1.058305 -0.050256
  0.101031  0.065111  0.07605  -0.027469 -0.026397 -0.042152  0.034381
  0.129854 -0.090174  0.037691 -0.04464   0.009811  0.015417]
[-0.72146  -0.737535 -0.693237 -0.597142 -0.70593  -0.867453 -0.076633
  0.009975 -0.238802  0.13563   0.093506 -0.1782    0.022166  0.068755
  0.017343  0.081667  0.078774 -0.153892 -0.033257 -0.017108]
[ -1.129831e+00  -1.166369e+00  -1.069137e+00  -1.185809e+00  -1.128602e+00
  -1.146143e+00   9.319080e-04  -7.803441e-02   1.899567e-01   1.216004e-02
  -3.098480e-04   1.046289e-01  -1.037021e-01  -6.022715e-02  -4.544513e-02
  -8.656501e-02  -2.909141e-02   2.109285e-01  -2.826519e-02  -9.252229e-03]
[-1.025906 -1.00402  -0.695286 -1.014936 -0.760865 -0.753521 -0.044006
 -0.009677  0.133823 -0.081197  0.091121  0.083567  0.036502  0.180561
  0.03793   0.088547 -0.101202  0.099308  0.050132  0.03578 ]
[-0.945908 -0.843407 -0.871825 -0.869469 -0.891362 -0.824189 -0.034871
 -0.037705  0.108861  0.065225  0.002193  0.034936 -0.033438 -0.02953
 -0.002362  0.009117  0.020916 -0.076648  0.008037  0.035692]
[ -8.230228e-01  -9.483529e-01  -9.965125e-01  -7.916982e-01  -8.696281e-01
  -1.230867e+00   1.176137e-01   4.654579e-02  -7.878552e-02  -2.053704e-02
   5.427942e-02  -1.066923e-01   1.127428e-02  -4.743892e-03   3.363379e-03
  -9.545030e-04  -2.511268e-02   2.085238e-01   4.825705e-02   2.735652e-02]
[ -5.895340e-01  -5.091938e-01  -6.343464e-01  -4.664396e-01  -6.891019e-01
  -6.182697e-01   4.609453e-02   2.986196e-02  -1.037785e-01   7.275511e-02
   7.389415e-02  -6.769732e-02  -4.658037e-02   7.779774e-02   3.886141e-02
  -9.335902e-02   7.333986e-02   1.046048e-01  -5.739080e-04  -6.134288e-03]
[-1.182027 -1.04187  -0.775942 -0.89154  -0.671029 -0.709106 -0.071116
 -0.054222  0.013864 -0.065583  0.082672  0.033733  0.00273   0.098766
  0.00448   0.034291  0.002719 -0.035784 -0.034888 -0.025044]
[ -7.546665e-01  -8.161064e-01  -8.617616e-01  -7.281383e-01  -7.360878e-01
  -7.569643e-01  -1.373203e-01   5.786922e-03  -7.361862e-02  -4.062057e-02
  -8.322005e-03  -7.426117e-02  -4.561944e-02  -2.407879e-02  -2.136262e-02
  -2.234425e-02   1.935903e-02  -1.701053e-01  -1.935811e-02  -1.110595e-04]
[-0.89546  -0.81553  -0.636656 -0.905188 -0.627245 -0.623047  0.014807
  0.185384  0.053356 -0.010266 -0.145831 -0.002804  0.119257 -0.133061
  0.138382  0.135448 -0.080909  0.024953 -0.025298 -0.002644]
[-0.900062 -0.832107 -0.757622 -0.977782 -0.858915 -0.905963  0.074705
  0.145245 -0.042378 -0.034173 -0.065861  0.053039  0.002356  0.03485
  0.167497  0.084855 -0.021604  0.115671 -0.031813  0.001304]
[ -9.640578e-01  -7.095707e-01  -8.287636e-01  -7.118974e-01  -5.628669e-01
  -5.310461e-01   1.266616e-01  -3.998451e-02  -5.503791e-02  -2.611412e-01
   6.094116e-02  -5.080933e-02   6.461941e-04  -6.852801e-03  -6.473102e-02
   7.138648e-02  -2.722905e-01   2.923293e-02   4.253680e-02  -6.924765e-03]
[-1.022258 -1.062911 -1.187156 -0.91352  -0.981503 -1.003198 -0.03487
 -0.01307  -0.020966  0.031664  0.112205 -0.021838  0.035458  0.164732
 -0.017026  0.030158  0.028288 -0.093756 -0.010471 -0.008526]
[-0.963005 -0.777476 -0.880573 -0.875512 -0.930242 -0.85953  -0.037233
 -0.004237 -0.033108 -0.020355  0.007096 -0.024796  0.012566  0.005227
  0.02256   0.00576  -0.025927 -0.022481 -0.036267 -0.020592]
[-0.61065  -0.788465 -0.684416 -0.820347 -0.731025 -0.892322 -0.055469
  0.071246 -0.085927  0.0055    0.006124 -0.052629 -0.011239  0.01702
  0.069851 -0.005152  0.058585 -0.022013  0.016083  0.013059]
[-1.015823 -1.170589 -0.937879 -1.046199 -1.007044 -1.039203  0.001519
  0.065746 -0.036101  0.027771  0.041138 -0.025175 -0.054893 -0.025174
  0.09428  -0.081816 -0.011286 -0.061778 -0.056352 -0.007809]
[-0.800572 -0.528545 -0.720913 -0.612273 -0.78018  -0.401442 -0.051466
 -0.10174  -0.041219  0.071401 -0.162783 -0.066987 -0.152574 -0.070793
 -0.14965  -0.123425  0.118882 -0.041361  0.02738  -0.010423]
[-0.763875 -0.641232 -0.676607 -0.639627 -0.650958 -0.590113  0.002217
  0.044224  0.066591 -0.132578  0.051521  0.070237 -0.055736  0.023207
 -0.02714  -0.036685 -0.19383  -0.01137  -0.022219 -0.01715 ]
[-0.907827 -0.955838 -1.081208 -0.562162 -0.829058 -1.085191  0.248966
 -0.07248  -0.001105 -0.032726  0.191551 -0.030741 -0.014469  0.165702
 -0.299719 -0.084412 -0.050001  0.236292  0.027662  0.044393]
[-1.055333 -1.211677 -0.978395 -1.224668 -0.885915 -1.12609  -0.015391
 -0.095211 -0.203785  0.054777 -0.044003 -0.209694  0.11291   0.040274
 -0.087822  0.127216 -0.003694 -0.097334 -0.041028 -0.013385]
[-0.970299 -1.050862 -0.913065 -0.904429 -0.790705 -0.845842  0.019182
 -0.02621   0.048287 -0.057764  0.05939   0.08128  -0.087731  0.023043
 -0.040447 -0.066359 -0.157534  0.014836  0.052684  0.006318]
[ -8.533248e-01  -9.665598e-01  -7.766946e-01  -8.648372e-01  -7.180660e-01
  -1.025169e+00  -2.181280e-02  -4.518222e-02   3.796611e-02  -1.168621e-01
   4.968542e-02   7.377890e-02   7.094004e-02   4.277617e-02  -1.402445e-01
   2.947362e-02   2.304536e-04  -9.884150e-02  -1.533041e-02   1.153149e-02]
[-0.911725 -0.866907 -0.639637 -1.080609 -0.578066 -0.626127 -0.207649
  0.062544 -0.0567    0.183239  0.041083 -0.022925 -0.153171 -0.056108
  0.028785 -0.070279  0.208606 -0.139853  0.03657   0.038813]
[-0.825061 -0.766144 -0.588259 -1.018749 -0.892931 -0.7904    0.011795
  0.066315  0.027268  0.024259  0.106746  0.043026  0.026899  0.03151
  0.012209 -0.017337  0.040577  0.033343  0.010588 -0.0368  ]
[ -1.089213e+00  -9.579426e-01  -1.001098e+00  -9.392507e-01  -9.932529e-01
  -8.769016e-01  -6.683830e-02  -6.810433e-02  -3.965671e-02  -5.029865e-02
  -3.813014e-02  -8.170275e-04  -5.803882e-02  -5.737064e-03  -6.386417e-02
  -1.491438e-02   5.008141e-02  -1.142545e-01   5.100381e-02  -6.794053e-02]
[-0.894314 -0.802816 -0.858945 -0.764373 -0.769983 -0.782217 -0.067833
  0.024345  0.153179 -0.062846 -0.047827  0.154444 -0.031249  0.007924
 -0.082857 -0.03625  -0.012278 -0.027157  0.045812 -0.009474]
('Mean', 1, ': ', -0.8943144145927191)
('Median', 1, ': ', -0.8943144145927191)
('Variance', 1, ': ', 0.0)
('Mean', 2, ': ', -0.80281560098252802)
('Median', 2, ': ', -0.80281560098252802)
('Variance', 2, ': ', 0.0)
('Mean', 3, ': ', -0.85894451998229071)
('Median', 3, ': ', -0.85894451998229071)
('Variance', 3, ': ', 0.0)
('Mean', 4, ': ', -0.7643731183242527)
('Median', 4, ': ', -0.7643731183242527)
('Variance', 4, ': ', 0.0)
('Mean', 5, ': ', -0.76998328143277228)
('Median', 5, ': ', -0.76998328143277228)
('Variance', 5, ': ', 0.0)
('Mean', 6, ': ', -0.78221714999180958)
('Median', 6, ': ', -0.78221714999180958)
('Variance', 6, ': ', 0.0)
('time: ', 10073.968675851822)
