“Running plot script on a single CPU core”
[-0.657499  0.332137  0.332947 -0.249405  0.328483  0.201766 -0.358768
  0.309263  0.333257  0.314869 -0.172612 -0.042008 -0.983707  0.332268
  0.251757 -0.020562  0.329867  0.332275  0.25683   0.187068]
[ 0.298766  0.330467 -0.996492  0.166976  0.327278  0.313946  0.105571
  0.307904  0.098206  0.302686  0.204817 -0.185094  0.184881 -0.929287
  0.320088  0.249879 -0.757332  0.040743  0.26266   0.33205 ]
[ 0.316449  0.211176 -0.271547 -0.542217  0.204508  0.2365   -0.848965
  0.075197 -0.468491  0.298065  0.329887  0.326001  0.023988  0.308173
  0.288464  0.075991  0.120589 -0.997661 -0.246574  0.221932]
[ 0.22219   0.283493  0.23443   0.312772  0.131544  0.333081  0.291559
  0.258583 -0.786183 -0.009956 -0.945549 -0.35279  -0.133928 -0.289654
  0.19959   0.107685 -0.986954  0.246179  0.112922  0.121269]
[ 0.256552  0.296926  0.263552  0.312473  0.185758  0.326895  0.091902
  0.187194  0.333016 -0.953143 -0.274041 -0.94824   0.226045  0.242879
 -0.151147  0.052746  0.289133  0.252175 -0.861166 -0.075571]
[-0.814158  0.331423  0.301155  0.002523  0.215507 -0.299292  0.33112
  0.296568  0.315112 -0.261025  0.203783  0.254246  0.332818  0.213672
  0.331951 -0.954412  0.285782  0.311517 -0.161426 -0.613473]
[-0.201842  0.32701   0.300233  0.11961   0.296377  0.288984  0.333279
  0.052656 -0.937882 -0.894475  0.236627 -0.99678   0.267256 -0.935365
  0.20846  -0.828213  0.331828  0.30172   0.333333  0.037907]
[-0.491971 -0.029907  0.311543  0.323075  0.31617  -0.508552  0.318174
 -0.44319   0.325248  0.32718   0.324232  0.183291  0.219237  0.332962
  0.331981 -0.944762  0.292151 -0.937724  0.308128 -0.523299]
[ 0.308169  0.316097 -0.243117 -0.754127  0.256455 -0.069961  0.328525
 -0.702472 -0.479226 -0.742842  0.15589  -0.924811  0.092464 -0.183952
  0.298591 -0.031585  0.314788 -0.115463 -0.138575 -0.170272]
[ 0.25231   0.27479   0.288408  0.297513  0.111195  0.271351  0.056652
 -0.184399 -0.971196  0.277954  0.327706  0.304507  0.255921 -0.266219
  0.246274 -0.637415  0.333127  0.291865  0.046204  0.316483]
[ 0.271578  0.195932 -0.536595 -0.987166  0.28926   0.260177  0.304274
  0.247747  0.303885  0.333277  0.021931  0.308989 -0.013254  0.316437
  0.069045  0.33186   0.25263   0.108062  0.120059 -0.381325]
[-0.101988  0.322798 -0.075864 -0.983963  0.07696   0.322041 -0.319074
 -0.154959  0.157844  0.283421  0.280208  0.321154  0.295248  0.035244
  0.29435   0.332804  0.237793 -0.19013   0.167166 -0.014568]
[-0.741828  0.327878  0.228303  0.258629 -0.997377  0.325943  0.331101
  0.221126 -0.391483  0.313548  0.013113  0.015195 -0.208089 -0.855491
  0.288938  0.332123  0.175353  0.307297 -0.346152 -0.58213 ]
[ 0.207879  0.3328    0.136326 -0.051491 -0.999995 -0.921853  0.125301
  0.32386  -0.787668  0.332858 -0.78102   0.218999 -0.201046 -0.390137
  0.107903  0.140613 -0.418452 -0.344784 -0.293669 -0.582   ]
[ 0.222881  0.177177  0.330077  0.143424  0.312459  0.242928  0.303118
 -0.727259  0.292081  0.081942  0.261715 -0.557424  0.296661 -0.186368
  0.126673 -0.191611  0.176472  0.320752  0.330184  0.312407]
[-0.48298   0.28264   0.329419  0.333076  0.139535  0.310318  0.185678
  0.302165  0.298235 -0.163312 -0.94797  -0.651851 -0.988471 -0.636908
 -0.162693 -0.371752 -0.211786 -0.270813 -0.75173   0.290294]
[ 0.307302  0.187938 -0.402297 -0.400844  0.170842 -0.958531 -0.814704
  0.048298 -0.965808 -0.107743 -0.858661  0.264457 -0.712073  0.276012
  0.307661  0.241097  0.158948  0.331951 -0.804377 -0.243666]
[ 0.274069  0.249456 -0.337762 -0.298588  0.072848  0.246422 -0.809559
  0.238162  0.268634  0.302165  0.106412 -0.341422  0.214573  0.294624
  0.3312    0.296252  0.111627  0.282298  0.16234   0.088543]
[-0.014833  0.297162 -0.210088  0.329182  0.282665  0.316463 -0.908691
  0.28633   0.330321  0.190881  0.022919 -0.764633  0.003319  0.333008
  0.30068   0.22753   0.3263    0.330486 -0.810094  0.165712]
[-0.041982 -0.533592 -0.14019  -0.816901 -0.226785  0.240157 -0.999784
  0.307627 -0.332631  0.173543  0.091057  0.295148  0.111609 -0.31738
  0.035176 -0.073332 -0.389037  0.314858  0.331673 -0.998953]
[ 0.028383 -0.439862  0.257358  0.191822  0.313418  0.181987 -0.778723
  0.187175 -0.780021  0.258076  0.314352  0.203028 -0.226732  0.051558
 -0.688353  0.089143  0.241608  0.207478  0.216521  0.325336]
[ 0.117978  0.203512  0.239695  0.333061  0.275077  0.064079 -0.315455
  0.33147  -0.978313  0.333159  0.326672  0.203081  0.301893  0.333015
 -0.505453  0.204799  0.212763  0.332373  0.327796 -0.23876 ]
[ 0.33228   0.303807  0.315744  0.3308    0.280352 -0.965126  0.327104
 -0.837157  0.27686  -0.19005   0.324793  0.228422 -0.075867  0.197615
 -0.041646  0.333282  0.331338 -0.821544  0.326034  0.235071]
[ 0.301926  0.241801 -0.354418  0.32931  -0.855557 -0.935575 -0.17276
  0.26762   0.246675  0.18126  -0.633755  0.152192  0.332133  0.13346
  0.169327  0.23518  -0.048248  0.264222  0.333008  0.281587]
[ 0.316291  0.205274 -0.069273  0.28741   0.242482  0.328918  0.312681
 -0.782024  0.015676 -0.00492   0.332321  0.286083  0.32962   0.330822
  0.313602  0.1264    0.325609  0.039342  0.099362  0.183732]
[ 0.277403  0.18677   0.279184  0.196611  0.333325  0.257497  0.095956
  0.321294 -0.641355 -0.97068   0.115984  0.125881 -0.972621 -0.089341
  0.295176  0.332922 -0.166543  0.331871  0.332122  0.333254]
[ 0.332867  0.331786 -0.599952  0.021282  0.245284  0.241396  0.217566
  0.290189  0.134473  0.32344   0.287545 -0.161603  0.013966  0.181872
  0.181767 -0.153124 -0.013957  0.234918  0.323796 -0.310981]
[-0.155008  0.202609  0.317358  0.33126   0.288212 -0.346135  0.301299
 -0.329794  0.333002  0.178787  0.257351 -0.037254  0.16483   0.3215
  0.284866 -0.90141  -0.011351  0.333128  0.22128  -0.046432]
[-0.863018  0.328855  0.303421  0.178026  0.079088 -0.244042  0.255839
  0.317448  0.330553 -0.775669 -0.121064  0.323575 -0.340301  0.149835
 -0.086198  0.293672 -0.016535  0.146786  0.33136  -0.151959]
[-0.135565  0.268135  0.259901 -0.437208  0.29154   0.294579  0.317542
  0.31274   0.332671 -0.586071  0.332813 -0.67511   0.113495 -0.236329
 -0.66169  -0.80619  -0.910121  0.269868  0.28151   0.319677]
[-0.446092  0.154387  0.329328  0.177963  0.202441 -0.957337  0.328746
  0.251324  0.068474  0.131035  0.18513   0.130699  0.333144 -0.353976
  0.286947  0.172149  0.267246  0.310429 -0.248569  0.282999]
[-0.428959  0.28583   0.120638  0.206604 -0.288339 -0.942703 -0.368487
 -0.907393  0.324346 -0.61445   0.092232 -0.557729  0.332966 -0.498227
  0.315175  0.327758 -0.81524   0.210165 -0.887921  0.333304]
[ 0.177968  0.274706  0.088616  0.330569  0.2519    0.280709  0.146425
  0.318272 -0.535072  0.331877  0.265062  0.167462 -0.025159  0.102986
  0.27153   0.15496   0.331174  0.330099  0.331742  0.332275]
[ 0.273482 -0.025825 -0.821957  0.07883  -0.473167 -0.246288 -0.999337
  0.2406    0.178569  0.279515  0.003149 -0.167552  0.227715  0.273258
  0.297302  0.270859  0.2951    0.045295  0.279141  0.298205]
[-0.119047 -0.01713   0.310074  0.31637  -0.670963 -0.128072  0.172548
 -0.783629  0.296746 -0.479013 -0.547884 -0.726149 -0.650219  0.333309
  0.332724  0.280056 -0.705905  0.308909  0.200853  0.332231]
[-0.689211  0.168854  0.015127  0.106762  0.225874  0.325751  0.271933
  0.214291  0.175581  0.327013  0.332451  0.184309  0.308801  0.132546
  0.290329  0.25112  -0.120209 -0.212349 -0.997077  0.26863 ]
[-0.124024 -0.144732 -0.05297   0.229544  0.238907  0.147681  0.282566
 -0.633746  0.199152  0.325283  0.332524  0.264827  0.331774  0.304255
  0.262856  0.323969 -0.314013 -0.334415 -0.351406  0.226451]
[-0.413275 -0.347806 -0.334292  0.092259 -0.324606  0.324815  0.315621
 -0.799394  0.315645 -0.812313  0.246935  0.108945  0.294624  0.033386
 -0.54      0.197703  0.030465  0.29832   0.077465 -0.163707]
[ 0.257095  0.182177  0.320947  0.230275  0.143601  0.290591 -0.293484
  0.333171  0.30209  -0.848052  0.125107 -0.186925  0.290805 -0.872154
  0.292293  0.333299  0.307682  0.304772  0.329763  0.213489]
[ 0.291642  0.296316  0.195831  0.026534  0.290217 -0.101996  0.290209
 -0.475464  0.317889  0.272616 -0.134158 -0.072007  0.332076  0.316974
 -0.136388  0.201247 -0.23109   0.309559  0.33333  -0.943318]
[-0.869626 -0.989113 -0.899575  0.126683  0.02712  -0.476671 -0.327069
  0.299026 -0.435057  0.282125  0.308758 -0.424191 -0.087589 -0.102898
  0.259726 -0.058963 -0.078902  0.195726  0.170665  0.067628]
[-0.100933  0.205529  0.104397  0.333299  0.202217  0.310438 -0.515701
  0.332648 -0.397849 -0.539906  0.116381  0.018392 -0.953256  0.270532
 -0.897768 -0.368397  0.301276 -0.097365 -0.061423 -0.079202]
[ 0.277404  0.328905  0.318392 -0.966814  0.313855  0.33161   0.308572
 -0.089196  0.260707 -0.61383  -0.572191 -0.655822 -0.157263  0.28988
  0.305268  0.270407  0.327369  0.329171  0.110568  0.294548]
[ 0.180476 -0.817315  0.270937 -0.112393 -0.296886  0.292756  0.263853
  0.248944  0.180087  0.250472 -0.897757  0.33133   0.305873  0.267265
 -0.470523  0.328167  0.159106  0.32394  -0.236259  0.092927]
[ 0.303136  0.321376  0.293859  0.31713  -0.268698 -0.112874  0.288286
  0.301735  0.081226  0.202868  0.222573  0.307228  0.280856  0.253665
  0.333312  0.097002  0.333016 -0.38868  -0.949336  0.033365]
[ 0.102032  0.331819  0.032563  0.319343 -0.577384  0.232571 -0.472324
  0.164013 -0.66788  -0.678352  0.332078 -0.660963 -0.099859  0.166298
  0.231512 -0.008666  0.31025   0.173334 -0.337815  0.283789]
[ 0.234785  0.332191  0.110436  0.287849 -0.026238  0.303975 -0.155547
  0.32563  -0.996711 -0.302387 -0.64366   0.029188  0.218043 -0.259052
 -0.468744  0.329761  0.162444  0.290649 -0.006222  0.319898]
[-0.224835 -0.04944  -0.968213 -0.066386  0.086579  0.333293  0.088006
  0.330323  0.233228  0.327659  0.282702  0.263821  0.310716  0.298062
 -0.431149  0.269962  0.324386 -0.929959  0.128358 -0.991495]
[ 0.136494 -0.993784 -0.032362  0.196816  0.331029 -0.417736 -0.963099
 -0.466696 -0.764723  0.246136  0.220287  0.110707 -0.382414  0.224252
  0.33221  -0.136848  0.311023 -0.287137  0.300077  0.099966]
[-0.553873  0.262141 -0.390138  0.317812  0.33246   0.333256 -0.198281
  0.238973  0.330846  0.294601  0.332956  0.322621 -0.99886   0.105935
  0.222583 -0.275407 -0.078825  0.319474  0.265486  0.074509]
[ 0.262743 -0.08021   0.286197  0.303894 -0.763667 -0.021574  0.307239
  0.207968  0.010047  0.299226  0.325284  0.21521   0.234531  0.146534
  0.322143  0.331469 -0.183325  0.093896  0.332864  0.210919]
[-0.245105 -0.331366  0.294661  0.247397 -0.430863  0.193379  0.325724
  0.299607  0.321724  0.287174 -0.046786  0.271988  0.308946  0.311589
 -0.117546  0.31937  -0.260609  0.106564 -0.061932 -0.952452]
[ 0.179729  0.057974 -0.094263 -0.44265   0.266006 -0.2377    0.332115
  0.01195   0.328862  0.317589  0.333235  0.313051  0.321378  0.175974
 -0.4185   -0.062136  0.197957  0.287007  0.330653  0.217708]
[ 0.314913  0.180284  0.192664 -0.036598  0.33331  -0.500375 -0.99235
  0.324278  0.316919  0.199908  0.066212  0.117647  0.321782  0.019656
  0.031495 -0.972361  0.327144  0.202839  0.272722 -0.062842]
[ 0.305109 -0.223559  0.196869  0.058021  0.191143 -0.160057  0.169848
  0.095725 -0.314816  0.074073  0.055257  0.268645  0.231476  0.178446
 -0.456784 -0.979086 -0.718193 -0.811311 -0.902153  0.302017]
[-0.776717 -0.87479  -0.500478  0.229136  0.331108 -0.076214  0.206822
 -0.529061 -0.98389  -0.239298 -0.995039  0.331186  0.260615 -0.89343
 -0.140432 -0.78871  -0.351355  0.312506 -0.298587  0.308344]
[ 0.320156  0.271021 -0.338523 -0.773754 -0.14679   0.27808   0.156052
  0.328473  0.293214  0.302978 -0.781147  0.203093 -0.366509  0.33249
  0.292232  0.248492  0.088621 -0.821953  0.326946 -0.119672]
[-0.084048 -0.065675  0.333179  0.318335  0.325176 -0.158459 -0.043564
  0.203825  0.014564  0.237784  0.265675 -0.986961 -0.980236  0.332268
  0.328657  0.331814 -0.276584  0.004273  0.237952 -0.684466]
[-0.408516  0.332757  0.32865  -0.167299  0.296499  0.045693  0.32928
  0.10336  -0.947494 -0.814536  0.148861  0.333129  0.053181  0.26982
  0.322746  0.321291  0.091945  0.303833  0.333123 -0.531202]
[-0.772436  0.317315  0.275183 -0.307392  0.060137  0.309856  0.303042
  0.151807 -0.94988  -0.153422  0.331034  0.32791  -0.472448  0.327821
  0.330779  0.31774   0.229301 -0.720115 -0.829268 -0.333779]
[-0.158398  0.326582  0.332666  0.333048  0.329217  0.204063 -0.628058
  0.271453 -0.70634   0.057232 -0.39932   0.222219  0.096476  0.187771
 -0.071548  0.006029 -0.775338  0.322646  0.250973 -0.948273]
[ 0.287648  0.323452 -0.415149  0.220594 -0.490832  0.085795 -0.517577
 -0.616342  0.325308  0.241568  0.305566  0.299435  0.250087  0.205257
  0.010909 -0.236623  0.148162  0.327801  0.309746 -0.348355]
[  3.195248e-01  -8.917675e-01   3.280394e-01  -9.040377e-01   3.307445e-01
   1.486245e-02  -5.012029e-02  -1.153855e-02  -3.745628e-01   2.392121e-01
   3.042306e-04   3.288395e-01   1.308351e-01   1.158912e-01   3.119906e-01
  -5.597173e-02  -2.685466e-02  -9.646546e-01   2.117620e-01   9.316997e-02]
[ 0.286246 -0.113821 -0.806983  0.100534 -0.003329 -0.478557 -0.480713
  0.330958  0.255231  0.27668   0.201498  0.108738  0.193393  0.261286
 -0.488755  0.012702 -0.341964 -0.17698   0.327545  0.241616]
[ 0.312986 -0.047019  0.216283  0.329481 -0.798879  0.276203  0.316826
  0.332636  0.288218 -0.189305 -0.190277  0.330323  0.301559 -0.206439
  0.261605  0.308855 -0.279482  0.32065   0.028434  0.305384]
[  7.093891e-02   3.252259e-01  -6.350402e-02   2.376227e-01   1.109782e-02
   3.096066e-01   3.083460e-01   2.299407e-01  -4.440992e-04   3.333266e-01
   3.326840e-01   3.224091e-01  -6.463156e-01   3.244829e-01   2.711667e-01
   1.398741e-01   2.519432e-01  -6.980347e-01  -6.241863e-01   2.863538e-01]
[ 0.305469  0.068192  0.307306  0.024778 -0.053857  0.333332 -0.143633
  0.32636   0.137315  0.316503 -0.015037  0.20398   0.237023 -0.208255
  0.196858  0.143757  0.246397  0.329001  0.289336 -0.724855]
[-0.782428  0.201632  0.075544  0.333138  0.245462  0.184297  0.319513
  0.034304 -0.059139  0.28408  -0.986168  0.318294  0.295955  0.22917
  0.279492  0.107575  0.261305  0.22681  -0.844318  0.24716 ]
[-0.377714  0.312477  0.0645   -0.18124  -0.133217  0.269746  0.263089
  0.043111  0.121927  0.206888  0.271855  0.239339 -0.118005 -0.320703
 -0.631773 -0.888186  0.133535  0.332181  0.325652 -0.193009]
[-0.102543 -0.99769   0.333179 -0.060728  0.304304  0.262842  0.283564
 -0.78547  -0.979648 -0.984839 -0.877398 -0.329123  0.163271 -0.42209
  0.090512  0.281902 -0.053137 -0.058595  0.29634   0.151894]
[ 0.28902   0.292399 -0.699684 -0.856002  0.291106  0.277817  0.194037
  0.332664  0.05008   0.317987  0.265816 -0.998235 -0.751205 -0.843022
 -0.476521  0.332661 -0.669449  0.325721  0.216003 -0.904643]
[-0.737317  0.254118  0.299377 -0.369237  0.262407  0.318272  0.063907
  0.331334  0.260834  0.330486  0.211139 -0.123651  0.053985  0.270811
 -0.132007  0.328008 -0.165758 -0.419889  0.238489  0.323799]
[ 0.199854  0.198138  0.196171 -0.153947  0.333272  0.275659 -0.972589
  0.325479  0.312747  0.331731  0.261724  0.151576 -0.717268  0.292898
 -0.101888  0.182416 -0.528573 -0.298864  0.171532  0.11706 ]
[ 0.326743  0.136691 -0.338715  0.305003  0.189586  0.158399 -0.460865
  0.333326 -0.130716  0.332396  0.237322 -0.793887  0.195822  0.31361
 -0.438065  0.324001 -0.011959 -0.962881  0.236566  0.234568]
[ 0.328532  0.122439  0.311689  0.06955   0.262286  0.328286 -0.37621
  0.026554 -0.762825 -0.964973 -0.422973  0.289292 -0.084155 -0.668761
 -0.866483  0.223796  0.329394  0.332387  0.252607  0.330277]
[-0.653993  0.085622  0.308916  0.020409 -0.513971  0.333002  0.269886
  0.155524  0.332896  0.113222  0.327714  0.31404   0.164601 -0.489656
  0.109433  0.257675 -0.498994 -0.257368  0.293034  0.309905]
[ 0.062646 -0.925463 -0.946908 -0.054787  0.189867  0.260384  0.331925
  0.331008 -0.924762  0.233071  0.048683 -0.860258 -0.40337  -0.235329
  0.130374  0.333332  0.231809 -0.777291 -0.161536  0.288115]
[-0.877207  0.032052  0.307305 -0.117842 -0.991213 -0.309324 -0.268732
  0.002826 -0.844514 -0.42931   0.28897  -0.801789  0.172783  0.219739
  0.332143 -0.978673  0.332663  0.333105  0.186988  0.311449]
[-0.0253    0.232561  0.31023   0.276238  0.304704 -0.499844  0.200678
  0.097928 -0.489818  0.181674  0.259979 -0.603667  0.330792  0.002877
  0.148393 -0.655973  0.314897 -0.203527 -0.222029  0.332136]
[ 0.329981  0.043805  0.153407  0.23649  -0.202745  0.332722  0.218362
  0.249157  0.331727 -0.008144 -0.650524  0.205392 -0.848989 -0.177491
  0.320051  0.318378 -0.181881 -0.01569   0.212286 -0.785941]
[-0.446427  0.271413  0.143784  0.314323  0.286052  0.286875  0.305305
 -0.61527  -0.585619  0.32193   0.287984 -0.99056  -0.033655 -0.163355
 -0.652139  0.201729 -0.999681  0.273224  0.278967 -0.683139]
[-0.595861 -0.305431 -0.078436  0.196429 -0.981958  0.256418  0.331378
  0.300943  0.273097 -0.352328  0.327852  0.317969  0.329203  0.32864
 -0.221609  0.305518 -0.936838 -0.486148  0.196188 -0.137218]
[ 0.324602 -0.247804  0.323796  0.290083  0.316835 -0.187631  0.329583
  0.22076   0.315267  0.287245  0.330408  0.331812  0.330587 -0.240658
 -0.576811  0.175163 -0.706202 -0.20535   0.326481  0.201237]
[-0.759129  0.304408  0.131302 -0.979315  0.319999  0.249822 -0.218122
 -0.968956 -0.345331 -0.600899  0.318189  0.321622  0.331029 -0.138271
  0.286266  0.245654  0.258628  0.329436 -0.640541  0.076691]
[ 0.321406  0.329985  0.295124  0.155788  0.018704  0.327298  0.249635
  0.331932  0.198152  0.331408  0.207329  0.24329   0.308379 -0.934091
 -0.12623   0.200113  0.216924  0.001207 -0.115688 -0.660256]
[-0.128347 -0.387271 -0.253082  0.125605 -0.480674 -0.073944  0.324631
 -0.61637   0.230429  0.32103   0.310455 -0.711636 -0.233806  0.300846
  0.208681 -0.805313 -0.260552 -0.070658  0.317479  0.171512]
[-0.051256  0.20565  -0.346151  0.251191  0.258272  0.332799 -0.441983
  0.328466  0.332669  0.198822  0.312253  0.326585  0.147463  0.259265
  0.319072 -0.583081 -0.19086  -0.107551  0.324821 -0.961795]
[ 0.315501 -0.106855  0.326801  0.292287  0.249787  0.041035  0.237868
  0.058966  0.330633 -0.774172 -0.128077 -0.130862 -0.616673  0.316408
 -0.865763  0.332678  0.240172 -0.495173  0.30672   0.089417]
[ 0.301604  0.293788  0.295078  0.285992  0.333308  0.184353 -0.040687
  0.110562  0.10584   0.317398  0.168754  0.187445  0.320546  0.309841
  0.049299 -0.084494  0.080346  0.096194  0.265311  0.316432]
[ 0.333309 -0.194536  0.320788  0.27155  -0.06966  -0.675474  0.054636
  0.278886  0.332577  0.1637   -0.657492  0.064323 -0.094652  0.23138
 -0.013967 -0.740031 -0.994764 -0.260852 -0.66284   0.278041]
[ 0.328554  0.298101  0.260238 -0.847573 -0.013044  0.232541  0.332381
  0.11269   0.026254  0.278401  0.312762  0.175254 -0.954653  0.09202
 -0.618769  0.269629  0.283148 -0.393304 -0.583266 -0.193563]
[ 0.317528  0.25947   0.135205  0.279292  0.333321 -0.356323  0.320517
  0.265582  0.015371  0.263494  0.300479 -0.220237  0.322108 -0.050165
  0.28463   0.328933  0.333014  0.326224  0.333331  0.333177]
[ 0.26527  -0.015658 -0.030057  0.286131  0.247673 -0.26638   0.16698
  0.297918 -0.897867 -0.492404 -0.846221  0.241328  0.168756 -0.472648
  0.287921  0.320067  0.242443  0.179704  0.332943 -0.347664]
[ 0.246137  0.140333  0.081871  0.328702 -0.807997 -0.697587  0.13092
 -0.031548  0.330953 -0.265582  0.331886  0.285721  0.290909  0.051783
  0.178828  0.05322  -0.708597  0.228909  0.316494 -0.028162]
[ 0.267728 -0.306337  0.323807  0.332346 -0.846207 -0.616098  0.327577
 -0.364136  0.098989  0.319789  0.306955 -0.088746 -0.7619    0.292938
  0.29522  -0.042347  0.169257  0.330244  0.332502 -0.528811]
[ 0.274737  0.331677  0.284529  0.214577  0.333246  0.178374  0.015073
  0.332058 -0.388582 -0.044225 -0.556559  0.093722  0.333249 -0.387045
 -0.705658 -0.616062  0.332158  0.319593  0.307098  0.32307 ]
[ 0.210864  0.251773  0.333076  0.264457  0.264846  0.153521  0.203638
 -0.241772  0.321427 -0.864355 -0.077788 -0.534853 -0.481942  0.247767
  0.331522 -0.418048  0.162789  0.224593 -0.765973  0.062308]
[ 0.183832  0.19149  -0.560807  0.329596 -0.357122  0.014426  0.305534
  0.3323   -0.26929   0.314774  0.228565 -0.585327 -0.847458 -0.936013
  0.009218  0.174754  0.09283   0.035794 -0.987695 -0.249612]
[ 0.323128  0.29393   0.331568 -0.088708  0.32324  -0.997127 -0.705786
  0.204485  0.161216  0.333161  0.290456  0.33128  -0.288131  0.333036
  0.124528  0.330346  0.183272 -0.479025  0.020637  0.265942]
[-0.699919 -0.246457 -0.619348 -0.280921 -0.555941 -0.359764  0.331579
 -0.925441 -0.660206  0.29971   0.33331   0.284937  0.120272  0.117829
 -0.949341  0.329868 -1.       -0.30645   0.096075  0.332771]
[-0.04874980791760497, -0.034467573208312119, 0.020300632751214465, 0.038353153865885253, 0.033864276692415901, 0.019473154944147919, 0.0074899749513782365, 0.0127492261739241, 0.016338623419357823, -0.07636804976179884, 0.068847183932083805, 0.045385232247084947, -0.04774216300055234, -0.0042940288256773096, 0.051521300919621593, -0.04742694644070794, 0.002311784487287083, -0.018291030279151188, 0.052839227826787842, 0.011333341889219688, 0.054844245354532237, 0.045034692271324922, 0.063460840976668764, 0.036854963809495767, -0.0081927532330668962, 0.031696190427638715, 0.14648211785849746, 0.036093487314801553, 0.037750148347517887, 0.019134872044497653, -0.028655067825460623, 0.020870958721137145, 0.0090706889075072017, 0.029980367836211441, 0.062787411563947501, -0.0359958855664535, 0.014549372828537396, -0.010920058804588295, 0.048294273573893903, -0.015295614225401322, -0.075938408821572212, -0.018511302016633438, 0.051182407917114314, 0.087749633748629652, 0.11280911862653609, -0.00098332382399204943, 0.044315674488669354, 0.033073727134374648, 0.026406683058713923, -0.035310137763082228, -0.019422520169753876, -0.0018104477990057155, 0.067665304715605723, 0.019745608192381026, -0.076481800034937819, -0.053167577580245928, -0.018720171919803963, 0.012532118520922536, -0.034019582394624714, -0.0685546246187001, 0.028367353053050631, 0.04044801240307358, 0.057792107685529059, 0.055500228781178773, 0.031548464201975768, -0.038619184975030071, 0.0025025044776424976, -0.0020055869161755835, 0.016148976464537446, 0.027669460845973382, 0.0018663349112248984, -0.046756587958682316, -0.033347243266995674, 0.0096962260722054383, -0.031869838031651221, -0.013134561461259908, 0.04396981007554579, -0.050300387029608706, -0.0024696315306736959, 0.042863271062937303, -0.015262154434581732, -0.039621604035406488, 0.054296338021670221, -0.031902326687181071, -0.0043749189340179795, 0.0017753806770403335, 0.017931287972843248, -0.016046482928639139, 0.054004887043182931, 0.06390414157297436, 0.046263862923821064, -0.026548706244099718, 0.024180060559317818, 0.013599447925524671, -0.0049565620908130215, 0.047851066526587355, 0.0063916310957185529, 0.099503187213959773, 0.066428539481802884, -0.025458616832834013]
('time: ', 8903.609986066818)
