“Running plot script on a single CPU core”
[ 0.263434 -0.993784 -0.150965 -0.020247  0.333333 -0.18037   0.256411
  0.330845  0.029763 -0.965851  0.238863  0.032913 -0.130645  0.283519
  0.274375  0.329425  0.298913  0.333173 -0.114501  0.318422]
[-0.754052  0.092304  0.119453 -0.166086 -0.091504  0.299915  0.245653
 -0.291692 -0.151186 -0.990609  0.325433 -0.819278  0.316041 -0.220175
  0.328637 -0.286295  0.250719 -0.559883  0.045685  0.033133]
[ 0.263939 -0.205891  0.20912   0.269388 -0.399793  0.32236   0.193669
 -0.944126 -0.997488  0.15273   0.15708  -0.353033  0.002166  0.148421
  0.220692  0.250122 -0.905134  0.333323  0.067768  0.333138]
[ 0.318775  0.257237 -0.918918 -0.192089  0.301637 -0.805119  0.332544
 -0.748226 -0.994995 -0.775519  0.313045  0.149676  0.243595  0.323514
  0.084163 -0.092899 -0.687835  0.089776  0.301911 -0.78131 ]
[ 0.267506 -0.196927  0.30347   0.223066 -0.898651 -0.490365 -0.011422
  0.330484 -0.191428 -0.200288  0.330241 -0.661742  0.314855  0.280989
 -0.354079  0.333054 -0.129706  0.333022 -0.004445  0.091445]
[ 0.330277  0.233202  0.323935  0.040285  0.128665  0.227552  0.279665
  0.33245   0.018527 -0.34566  -0.993573  0.018652 -0.332133  0.278437
 -0.180371  0.329207  0.255909 -0.581719  0.229758  0.222925]
[ 0.122944  0.028874 -0.408836 -0.873405  0.257561  0.028943  0.102519
 -0.986616  0.309658  0.317992  0.060575  0.328794 -0.4545    0.332461
  0.069513  0.316648 -0.013754  0.22527   0.297083 -0.244835]
[ 0.048417  0.283383  0.24252   0.294326 -0.015709 -0.006475  0.298317
  0.257683  0.313404  0.275645  0.332704 -0.002423 -0.084412  0.220315
  0.078723  0.143227  0.326193 -0.04765   0.218558  0.293269]
[ 0.25414   0.07432   0.063815 -0.536618  0.316278  0.24234   0.312215
 -0.109869  0.079827 -0.775895  0.039392  0.160505 -0.779861 -0.681686
  0.294226  0.133301 -0.51455   0.309431 -0.490603  0.332501]
[-0.237724  0.310509 -0.241001  0.30433  -0.263447  0.30365  -0.277129
 -0.343246  0.17842   0.177628  0.040329  0.332867  0.329461  0.325011
  0.285574  0.157425  0.092033  0.052699  0.332275  0.237727]
[ 0.157637  0.255732  0.307106 -0.194187  0.32163   0.321468 -0.314081
 -0.612744  0.151531 -0.343031  0.296512  0.321276 -0.424446  0.330666
 -0.248213  0.297397  0.097426 -0.738343 -0.592003  0.309348]
[-0.019822 -0.591396  0.296735  0.06144  -0.800958  0.299844  0.041616
 -0.001911  0.29483   0.257356  0.222815 -0.100019  0.251901  0.074405
 -0.724601  0.228539  0.324795  0.163345  0.331823 -0.833952]
[ 0.329813  0.053703 -0.11691  -0.480701  0.175964  0.263581  0.313027
 -0.481189  0.332822 -0.95786   0.269409 -0.90008  -0.725515  0.326814
 -0.234937  0.182158  0.31609  -0.116382  0.324946 -0.147868]
[ 0.228153  0.010243 -0.605736 -0.916648  0.127431  0.070872 -0.966633
  0.30762   0.325172 -0.291168  0.21673  -0.741604  0.274864 -0.098655
  0.308317 -0.054777 -0.02264  -0.940863  0.309775 -0.121809]
[-0.933356 -0.027895  0.023373  0.162274  0.215012  0.14203   0.311993
  0.283964  0.308433 -0.92146   0.31971  -0.606818  0.316976  0.223011
 -0.656712 -0.239799 -0.118027  0.236704  0.308793 -0.068691]
[-0.330832  0.174895  0.332718  0.158433  0.27597  -0.999362  0.255558
  0.139856  0.282297  0.266094 -0.035426  0.15975   0.26205   0.263175
 -0.38285  -0.721759  0.331941  0.233364  0.097831 -0.997346]
[ 0.285685  0.332619 -0.194004  0.010265  0.170801  0.090539  0.038991
 -0.871537 -0.031344 -0.422979  0.316153  0.156089  0.331815  0.330385
  0.087356  0.207508  0.119108 -0.937591 -0.160143 -0.007071]
[ 0.275969  0.017516  0.296852  0.04269   0.321547  0.257294  0.201897
  0.230041  0.316314  0.300355 -0.867893  0.288748  0.330524  0.191242
 -0.523593 -0.843635 -0.431613  0.332804 -0.590457  0.184982]
[ 0.317468  0.131347  0.333283  0.028217  0.284225 -0.26835  -0.334596
  0.038505 -0.183022 -0.613763 -0.878708  0.007013  0.018613  0.327004
 -0.926183 -0.989217  0.333314  0.319351 -0.624635  0.277681]
[ 0.243292  0.220601  0.255736 -0.900163  0.317056  0.289113  0.274236
  0.188482  0.22344   0.175004  0.14613   0.037296  0.266798  0.245057
  0.306296 -0.017284  0.028276  0.303433  0.268064 -0.135977]
[ 0.21126   0.330358 -0.193478  0.25707  -0.808574  0.17958  -0.130502
  0.151453 -0.866816  0.019954 -0.339262 -0.449917  0.074697  0.018528
 -0.999546  0.332926 -0.104869 -0.059074 -0.31019   0.289837]
[ 0.181781  0.026726  0.181859  0.329417  0.33323  -0.205938  0.333068
  0.006877  0.277538  0.111307  0.308888 -0.060249  0.127945  0.195571
  0.32338   0.220255 -0.628699  0.317185  0.310196  0.303508]
[ 0.332455  0.058395 -0.412994  0.020642 -0.436565 -0.501553  0.263903
  0.082495  0.329295  0.076615 -0.978685 -0.999249 -0.20041  -0.475912
 -0.999966  0.060542 -0.755329  0.325535 -0.422549  0.285225]
[ 0.330855 -0.071012 -0.221976  0.125943 -0.483236 -0.369761  0.325401
  0.287915 -0.728121  0.254914 -0.428958  0.007     0.328966  0.285678
  0.171532  0.325969  0.333059 -0.207737 -0.909155  0.278807]
[-0.855163  0.330278 -0.917692  0.293237  0.291522 -0.046682  0.205558
  0.333243 -0.227168  0.080497  0.283418 -0.932401 -0.220497 -0.560664
 -0.331901  0.311264 -0.447621 -0.01079  -0.051147 -0.129495]
[ 0.255081  0.329816 -0.317561 -0.145539  0.303408 -0.072917  0.31851
  0.279866  0.322584  0.207493  0.236728  0.191668  0.108202 -0.2281
 -0.108587  0.329782  0.323122 -0.39973   0.268258 -0.144184]
[ 0.160355  0.269853 -0.285466  0.330069  0.316628  0.249929  0.217976
  0.096055  0.236587  0.227328  0.115297  0.239141  0.24897   0.266526
 -0.163898  0.291606 -0.089089  0.006431 -0.144954 -0.117333]
[ 0.027817 -0.521352  0.305758  0.201754 -0.715594  0.30049  -0.447372
 -0.363496 -0.047072 -0.950042  0.330044  0.245689  0.3323    0.206133
  0.252947 -0.036115  0.121349  0.070538  0.301614  0.073935]
[-0.375378  0.320736 -0.858118  0.16588   0.333214 -0.293659  0.33328
  0.228353  0.330231 -0.063047  0.323817 -0.59081   0.293518  0.025268
 -0.987668  0.251987  0.320274 -0.990001  0.31407   0.312819]
[ 0.261107 -0.932251 -0.057306  0.324161  0.331632 -0.844082  0.23929
  0.246908  0.240305  0.25895  -0.025007  0.307716 -0.990991  0.329898
 -0.553933  0.22054  -0.990308  0.332989  0.209445  0.330514]
[-0.962765  0.060665  0.00335   0.326731  0.311653  0.249776  0.18542
  0.030097  0.28526   0.100156 -0.920165 -0.02087  -0.871632  0.329281
  0.224598  0.216368  0.32847   0.328419  0.304782 -0.040449]
[-0.678991  0.311608 -0.293982  0.073639  0.315588  0.045553  0.31701
  0.074665 -0.869657  0.135958  0.299197  0.318703  0.181887 -0.819553
  0.134973  0.301817 -0.999894  0.31363   0.234871  0.305303]
[ 0.219011  0.330264 -0.972426  0.158005  0.320425  0.262059  0.026286
 -0.449187  0.323402  0.288335 -0.980909  0.099696  0.021094  0.059204
  0.277221  0.32009   0.192583  0.117188 -0.686238 -0.040702]
[-0.040088  0.317148  0.322776  0.029507  0.073433  0.137835  0.33306
  0.282611 -0.549586 -0.126624  0.184878 -0.379908  0.222792  0.332576
 -0.619285 -0.117314  0.324695  0.051807  0.331095  0.053745]
[ 0.333208  0.259472 -0.46317  -0.62275  -0.059683  0.312559  0.226549
  0.326506  0.261058  0.330226  0.31575   0.218544  0.331662  0.310497
  0.096191  0.234313  0.270381  0.328083 -0.608592  0.331548]
[ 0.184413 -0.820829  0.048654 -0.82775  -0.61009  -0.203846  0.166262
  0.303134 -0.019548  0.177621  0.082112 -0.533903 -0.772962 -0.750672
  0.217082  0.209268  0.248833  0.307661 -0.165748  0.327636]
[ 0.258931 -0.817988  0.319835  0.314432  0.312579 -0.204778  0.257882
  0.157609 -0.107804  0.269101  0.221372 -0.02502   0.299552  0.333297
  0.289034 -0.093629  0.333175 -0.1536   -0.636663 -0.876508]
[ 0.333045  0.117829  0.327754  0.262546  0.309249  0.139474  0.324748
  0.005323  0.273681  0.327931 -0.201756 -0.031104  0.028112 -0.935155
  0.104891  0.322528  0.05789   0.301995 -0.573938  0.07369 ]
[-0.902977  0.327811 -0.166206  0.183807 -0.114268  0.297122  0.251223
  0.331842  0.038979 -0.823281 -0.452228  0.315138 -0.422258  0.300453
  0.332832  0.146304 -0.424329  0.223908  0.145418  0.323061]
[ 0.243874 -0.876642  0.330651  0.332452  0.151401  0.323895 -0.541909
  0.154406 -0.050938 -0.093868  0.317273  0.199935 -0.529024  0.247496
  0.314752  0.326746  0.074521  0.307213 -0.025508  0.331094]
[ 0.306304  0.031072 -0.502096  0.256682  0.305992 -0.825237  0.211769
  0.331344  0.119739  0.289826 -0.416198  0.266561  0.333229  0.198034
  0.300897  0.295614 -0.127058  0.266828  0.242332  0.22806 ]
[-0.78601  -0.365175  0.307333  0.331117  0.319658  0.286199 -0.143897
 -0.522769  0.219955  0.203919 -0.907859  0.321231  0.263222  0.142481
 -0.344392  0.153173 -0.514153 -0.161568  0.137664  0.247469]
[ 0.262928 -0.221925  0.324299 -0.386123  0.332902  0.196536  0.026157
  0.330873  0.277023 -0.139934 -0.365625 -0.212122  0.313663  0.31872
  0.242753 -0.824648 -0.009453 -0.527905 -0.513593  0.151125]
[ 0.212075 -0.144182  0.03886  -0.140673  0.211284 -0.495955 -0.409386
 -0.708013 -0.396398 -0.243546  0.33233  -0.237482  0.3178    0.1692
  0.241439  0.182294 -0.462425  0.290201  0.327672  0.272151]
[ 0.325083  0.316612 -0.042629  0.304536  0.182351 -0.568372 -0.174829
  0.332969 -0.947457  0.169963  0.144466 -0.22276   0.296172  0.281802
  0.083553  0.267263 -0.036742  0.250959 -0.922044  0.284919]
[ 0.224869  0.141722 -0.624951  0.333321  0.328825  0.10554   0.314435
  0.280551 -0.820501 -0.123378  0.333295 -0.595704 -0.16836  -0.51057
  0.266499  0.197563  0.174535 -0.056299 -0.411204 -0.754868]
[-0.086911  0.304729  0.015375  0.279746  0.280327  0.332231  0.319237
 -0.997633  0.314722 -0.92263  -0.789748 -0.388117  0.333211  0.322556
  0.047662  0.12302   0.312184 -0.674138  0.216849 -0.780778]
[-0.12309   0.259575  0.320569 -0.36356  -0.048773  0.175927 -0.078301
  0.265212  0.30482  -0.995539  0.270922  0.303042  0.330239 -0.042433
  0.216182  0.316031  0.228656  0.323426  0.058307  0.135376]
[ 0.241967  0.321906  0.314369 -0.107637 -0.306793  0.307662  0.32889
  0.120815 -0.327018  0.272249  0.203562  0.330255  0.253349 -0.09539
  0.240502  0.327622  0.246977 -0.435312  0.159699  0.200369]
[ 0.318946  0.256298  0.160443 -0.139605 -0.564118  0.332459  0.296859
  0.26214   0.050365  0.311274  0.259727  0.157678  0.297069  0.23944
  0.271456  0.271929  0.108295  0.032577  0.155797 -0.710891]
[ 0.002892  0.234277  0.326463  0.242689 -0.7642   -0.092667  0.261695
  0.208566  0.324571  0.314817 -0.294068 -0.398059  0.279874  0.210863
  0.108189  0.328515 -0.769914  0.323895 -0.998343  0.068267]
[ 0.223856 -0.759426  0.028921  0.280015 -0.342584  0.333093 -0.224228
 -0.13001   0.026195  0.117015  0.321952 -0.81072  -0.060063  0.259263
 -0.255697  0.217565 -0.214176  0.33129   0.312483 -0.319575]
[ 0.250475  0.303379  0.011477 -0.265411  0.33288   0.33143   0.195466
  0.318507 -0.233649 -0.441852  0.326763 -0.761434  0.330442  0.29355
 -0.818459  0.275155  0.331707  0.332032  0.226855  0.249235]
[ 0.304476  0.254889  0.23212   0.169329  0.283438  0.044297  0.282045
  0.329672  0.107229 -0.068763  0.229158  0.32262   0.296425  0.31316
  0.328397  0.309539  0.24359  -0.262006 -0.987671  0.275605]
[-0.496091  0.196099 -0.951391 -0.123426  0.23077   0.164177  0.301994
 -0.043433  0.181487  0.328489  0.013569 -0.776033 -0.523444  0.303066
 -0.507505  0.294151  0.321131  0.012959  0.298696  0.332541]
[ 0.331696  0.022754 -0.881436 -0.046263 -0.410845  0.332928 -0.757626
  0.171742  0.273372 -0.926946 -0.418226  0.016144  0.262966  0.192332
  0.105182  0.289989  0.311805 -0.787305 -0.567429  0.248223]
[-0.489727  0.304753  0.317118  0.095403  0.218155  0.270775 -0.177421
  0.289234  0.227586  0.333087  0.192881  0.331854 -0.450688  0.254407
  0.315443 -0.781269  0.17046   0.286826 -0.067506 -0.500214]
[-0.089698  0.243411  0.295867  0.258263  0.241656 -0.071701  0.327295
  0.307399 -0.09799  -0.784141  0.123548 -0.769113 -0.603408 -0.159902
  0.232677  0.014904 -1.        0.132028 -0.497164  0.147029]
[ 0.255486  0.24252   0.022348 -0.508168  0.333305 -0.520955  0.238321
  0.32958   0.333326  0.317445 -0.996666  0.32882  -0.025629  0.202752
  0.103823 -0.057066  0.158337  0.141575  0.287397  0.314382]
[-0.939732  0.294779  0.176699  0.255755  0.274988 -0.762125  0.296236
  0.219822  0.101243  0.256015  0.333324 -0.220359  0.314362  0.175867
  0.329417 -0.175496 -0.937728 -0.1102    0.279104  0.200397]
[-0.337654  0.333326 -0.449586  0.066733  0.306371  0.330305  0.303328
 -0.639953  0.316799  0.289271  0.329276 -0.699738 -0.187321  0.19261
  0.24449  -0.116056  0.296467  0.254779  0.298935 -0.880938]
[ 0.268612  0.057887 -0.390846  0.130386  0.322446  0.198275 -0.621217
  0.306282  0.237513  0.330047  0.202701  0.238096  0.316722 -0.169675
 -0.745716 -0.785447 -0.130014  0.208757  0.282065  0.2795  ]
[-0.013401  0.070939  0.248359 -0.884582  0.252789 -0.385912 -0.954301
  0.3329    0.292564 -0.180737  0.285516  0.264168  0.097271  0.329269
 -0.735661 -0.549473  0.200941 -0.07485  -0.085027  0.332964]
[ 0.304281  0.214957  0.33079   0.30059  -0.857276 -0.548809  0.262725
  0.198121 -0.746722 -0.783598 -0.18744   0.232783 -0.990615  0.332817
  0.309416  0.326997  0.151867  0.246003 -0.022664  0.146663]
[ 0.307351 -0.887677  0.327608  0.267825 -0.585503 -0.747033 -0.556275
 -0.134424 -0.802229  0.259493 -0.74931  -0.346338  0.315081  0.193618
 -0.968288 -0.585423  0.318471  0.057213  0.2271    0.297342]
[ 0.305808  0.276505  0.269041  0.058295  0.332331 -0.175716 -0.978742
  0.144629  0.19481  -0.48797   0.079207 -0.00421   0.328576 -0.628747
  0.287789 -0.259694  0.184936  0.202322 -0.068891 -0.228807]
[-0.130243 -0.158134  0.003071  0.31558  -0.15101  -0.023141  0.182219
  0.333122  0.330191  0.290039 -0.203168  0.266931 -0.61829  -0.00951
  0.317508  0.317927  0.300053  0.242719  0.205255  0.174599]
[ 0.332164  0.332512  0.274183  0.325191  0.127827  0.188202  0.297962
  0.278844  0.333101 -0.180964 -0.980293  0.233842 -0.009958  0.238887
  0.319289  0.243469 -0.217945  0.090541  0.333148 -0.561246]
[ 0.310232  0.31408   0.227535  0.332153 -0.182089 -0.958113 -0.940368
 -0.983133 -0.425676  0.293425  0.102917  0.219293  0.319743  0.243508
  0.270299 -0.931629 -0.913561 -0.107827  0.204259  0.216029]
[-0.813884 -0.239086  0.307184  0.314285 -0.992433  0.31386   0.32383
 -0.290447  0.231449 -0.98328   0.330908  0.134345  0.010797  0.157603
 -0.966035 -0.410915 -0.524648 -0.996545  0.333268  0.332603]
[ 0.331443  0.271321 -0.583439  0.231654 -0.231284  0.29054   0.101661
  0.077563  0.250153 -0.052192 -0.745097 -0.275952 -0.639005  0.116365
  0.279226  0.211044  0.246346  0.112109  0.322945  0.155719]
[ 0.299283  0.282102  0.146391  0.011552 -0.820762  0.321358 -0.021291
  0.244191  0.006292 -0.591804 -0.204383 -0.593475  0.313782  0.197907
  0.294412  0.332378  0.28327   0.017293  0.17627  -0.994471]
[ 0.131148  0.08185   0.156392  0.254481  0.328351 -0.43095  -0.447107
  0.234985  0.333003  0.013614  0.328807 -0.032602  0.325824  0.259651
  0.333062  0.325095  0.332854  0.196755 -0.451243  0.332234]
[ 0.32532   0.327922 -0.955766  0.168709 -0.253947 -0.774697 -0.129339
 -0.326052  0.136133  0.294351  0.324934 -0.017125  0.321552 -0.148363
  0.329594 -0.475016 -0.185433  0.333207 -0.772463 -0.150464]
[ 0.31147   0.219654  0.060989  0.108457  0.272053  0.087383  0.332185
  0.177759  0.242474 -0.494229  0.079233 -0.473045 -0.660423  0.333123
 -0.767305  0.316193  0.06183  -0.169431 -0.914209 -0.116036]
[-0.444435 -0.153856 -0.690392 -0.168984 -0.398983  0.273457  0.311102
  0.331926 -0.120723  0.30574  -0.055018  0.26402   0.332697  0.313399
  0.100485 -0.728203 -0.949559  0.331886  0.308459  0.20318 ]
[-0.176894  0.006527  0.219597  0.200958 -0.105317  0.327411  0.28653
  0.330168 -0.154037  0.023166 -0.267828  0.272108  0.203211  0.323427
 -0.324566 -0.167444  0.312462  0.178204 -0.819887  0.084525]
[ 0.319188 -0.096304  0.282962  0.011866 -0.106638  0.299832  0.323498
  0.272091  0.222514  0.08622   0.242345  0.292671 -0.408521  0.327114
  0.32124  -0.864094 -0.629105  0.30948  -0.221313 -0.794656]
[-0.575013 -0.336749  0.323877  0.156542  0.23922   0.314232 -0.589615
  0.150264 -0.740436  0.123333  0.325678  0.255194 -0.133415 -0.193508
  0.024495  0.092919  0.31353   0.316315 -0.638057  0.298768]
[-0.655213  0.326718  0.333137 -0.363025  0.308952  0.292571  0.272098
  0.234137  0.245379 -0.206708  0.17778   0.32543   0.220673  0.27325
  0.321725 -0.460764  0.218947  0.121961  0.017429  0.262475]
[ 0.325851  0.322285  0.23234   0.301439  0.294924 -0.149074  0.031732
 -0.250794  0.272424  0.194218 -0.853789  0.330773 -0.415197 -0.003114
 -0.201757 -0.177579  0.312584  0.325403  0.275343 -0.661866]
[ 0.229289 -0.38324   0.181933 -0.128827  0.12688   0.323255  0.332203
 -0.460928  0.333316  0.330337  0.076242  0.316487  0.1559   -0.258789
  0.327723  0.303728 -0.14452  -0.739028 -0.460332 -0.829258]
[-0.084548  0.322133  0.329114  0.238662  0.071593 -0.013215  0.052449
  0.322529  0.330485  0.264098 -0.365081 -0.675701 -0.77884   0.204841
  0.300742 -0.98047  -0.207785  0.33171   0.332962  0.322201]
[ 0.322986  0.315189  0.300931 -0.627269 -0.021612  0.332933  0.259535
 -0.58976  -0.725664 -0.130558  0.089468  0.166439  0.109419 -0.947145
  0.217531  0.289396 -0.051243 -0.086711  0.31159   0.097433]
[  1.604895e-01   1.782821e-01   2.151735e-01   3.312596e-01   3.321116e-01
  -8.168806e-02  -3.441591e-01   4.213087e-02  -9.032374e-01  -3.608067e-02
  -1.595626e-04   3.322619e-01   3.308102e-01   2.503609e-01   3.283155e-01
  -9.900559e-01  -4.033883e-01  -9.037775e-02   2.101200e-01  -6.789914e-01]
[ 0.238586  0.298305 -0.253147 -0.981805  0.107403 -0.046243  0.2774
 -0.561935 -0.334368  0.329883  0.322116 -0.629772  0.176343  0.33333
 -0.148924  0.173909 -0.297992 -0.090093  0.278267  0.140803]
[-0.29252   0.114341 -0.539786  0.324623 -0.777892 -0.187083  0.330517
 -0.850803 -0.908589  0.265886  0.173216  0.300541 -0.357714 -0.598344
  0.314748  0.321613  0.031045  0.321022  0.280827  0.260448]
[ 0.137016  0.154917  0.32696   0.203326 -0.847036  0.276891  0.279032
  0.139602  0.300682 -0.830405  0.127483  0.03664  -0.112211 -0.98208
  0.184949  0.161192 -0.12935   0.272315  0.019235  0.323559]
[ 0.053604 -0.690963 -0.816245  0.229584 -0.90436   0.256717 -0.999965
 -0.146974 -0.867275  0.201092 -0.02834  -0.939469  0.21969   0.047045
  0.254396  0.303449  0.332431 -0.155541  0.047677  0.332714]
[ 0.322794  0.327518 -0.761433  0.280535 -0.881876  0.324654  0.183082
  0.227646  0.332138 -0.898279  0.290615 -0.874243  0.022862 -0.978808
 -0.202026  0.286342  0.012322  0.204564  0.327676 -0.895596]
[ 0.326046  0.30462   0.042148  0.214112 -0.432634 -0.965241 -0.480444
  0.187841  0.187561 -0.222448  0.321834  0.329315 -0.008723  0.321417
  0.087935  0.253074  0.177697  0.330703  0.074054  0.295738]
[ 0.331238  0.071644 -0.508548 -0.125027  0.282364  0.126659 -0.042875
  0.329616 -0.534235  0.316572  0.011342 -0.022814  0.021445  0.29427
 -0.657715  0.332763 -0.711989  0.131393  0.234913  0.21766 ]
[-0.539033  0.280926  0.297343  0.333333 -0.986708  0.298637  0.058588
  0.326771  0.236403  0.044065  0.331944  0.21127   0.090757  0.250994
 -0.999576  0.31337   0.223582 -0.84066   0.009868  0.219272]
[-0.887255 -0.43426  -0.185732 -0.847904 -0.77983   0.328387  0.135529
  0.187792 -0.042121 -0.498129  0.09898  -0.994164  0.107952  0.328891
 -0.137795 -0.731551 -0.8593    0.333166  0.325777  0.305839]
[ 0.312988 -0.311358  0.270698 -0.10978   0.305611 -0.882917 -0.507923
  0.248846  0.094724 -0.027203  0.217081 -0.613721 -0.158238 -0.543717
  0.316544  0.330515  0.241588  0.267524  0.056837  0.248305]
[ 0.32855  -0.61244  -0.035491  0.330239  0.109718 -0.019813 -0.77765
  0.284018 -0.99718   0.150875  0.31392   0.332691  0.235038 -0.572264
  0.189305 -0.175899 -0.252777  0.090024 -0.02342  -0.910068]
[-0.940458  0.290616 -0.994718  0.074548 -0.878803  0.321685 -0.019057
  0.25144  -0.869934  0.291093  0.224008 -0.765689  0.284229  0.327338
  0.286481  0.32955  -0.49424   0.289065  0.320946  0.329393]
[ 0.10664   0.108342 -0.997966 -0.681716  0.326084  0.268925  0.252249
 -0.251743  0.33235   0.135683 -0.056243 -0.106147  0.287226  0.329077
  0.043917  0.31776   0.219571  0.18305  -0.772216 -0.801394]
[ 0.306195 -0.81869   0.289952  0.211998  0.249336  0.315324  0.300318
 -0.137459  0.284979  0.303641  0.065584 -0.729987  0.321745  0.314697
  0.311569 -0.285778 -0.115491  0.332118  0.321912  0.023513]
[ 0.231309  0.196703 -0.975113 -0.068556  0.19602   0.330778 -0.175102
  0.005961  0.275011 -0.18008  -0.635766  0.112309 -0.818648 -0.079303
  0.326255 -0.363656  0.319185  0.207834  0.332801  0.123052]
[0.060958331693895723, 0.011896799744189557, 0.12820323300997294, -0.00070782061881352609, -0.017670620140277149, 0.043132285526821246, 0.02535086876536681, 0.035464585468925454, 0.0074598528391484065, 0.021177734876243248, -0.071544321778464731, 0.04594565892438543, -0.016561190871024534, 0.032666880145011179, 0.017667698267766041, -0.0093679889437700559, -0.048337353680365847, -0.024687478458969403, 0.11848735981207303, -0.018253252282863869, -0.01603188316879417, 0.023726058643886661, 0.01275083663483062, 0.030802029907727069, -0.013681286309431884, 0.0034360525760693261, 0.028915539163524684, 0.019161258790716614, 0.010573294302699432, 0.10814022427319217, 0.019114469547605539, -0.036910227921559402, 0.098681912631419649, 0.031611676020767338, 0.039488024921927323, 0.02482507065085221, -0.0048943064680473936, 0.087705274808641237, -0.072861848034243226, -0.0033656672504944196, -0.039506701118589116, -0.009896597093671633, 0.034900743233032078, -0.0062749343402387914, -0.052141511509236627, -0.015053539859053389, 0.0027191777374678122, -0.0029361848884673081, 0.010490633631918461, 0.015503147029677977, 0.0049805517009214872, -0.033540975948895796, 0.01714628548841618, 0.0029981552196761685, -0.018058327810890118, -0.003282471765598316, -0.023071413872493229, 0.0073555243148272914, 0.0043203873782696189, -0.031280453411883458, -0.01251436586674165, -0.014356326871603431, 0.03893698224539488, 0.025283658270085996, -0.049137591358592914, 0.015273754596572486, -0.012469026497810204, -0.0065800842279619132, 0.099550291596365192, -0.06544186693121945, 0.040083320079530971, 0.092294606972085164, 0.033627002586609681, 0.083536678630527328, 0.10626980546004591, -0.022946747810774104, -0.0051544228270036796, 0.0068255755967235321, 0.0022815906418288678, 0.020685006422676233, -0.0091457608222269005, 0.010232421331619584, 0.027551457030395521, 0.037694000620371093, -0.024140864389741973, -0.0071513189223092188, 0.010520183679710915, 0.024263322311916982, 0.048534831941696312, 0.031183041285638591, 0.062640120932738796, 0.03427180677645042, -0.032345267369749187, -0.071557899763302513, 0.0086380184685505568, 0.02456948967136513, -0.030090883019957659, -0.00074144825498992373, 0.1083728141435584, 0.0076866864504644972]
('time: ', 12202.351657867432)
