“Running plot script on a single CPU core”
[ 0.027911  0.075159 -0.106942 -0.023978 -0.016296 -0.072371]
[ 0.101411  0.078583  0.036389  0.028806  0.036771  0.043798]
[-0.077254  0.038959  0.047895 -0.012339  0.024103 -0.00276 ]
[ 0.024458  0.070101  0.012646  0.003016 -0.01038  -0.007347]
[-0.076548 -0.047454 -0.032716 -0.025744 -0.002361  0.000568]
[ 0.066514  0.061601  0.135659 -0.017338 -0.0179    0.05376 ]
[-0.027796  0.021373  0.019415 -0.011696 -0.038621 -0.01376 ]
[ 0.06218   0.038112  0.076766  0.007194 -0.007747 -0.007807]
[ 0.027151  0.020085 -0.009847  0.004872  0.027421 -0.004077]
[ 0.025259  0.053487  0.021716  0.00891  -0.032519  0.003305]
[ 0.059993  0.104187  0.088034  0.001522 -0.01044   0.013859]
[ 0.023649  0.055487  0.015171  0.013104  0.014289  0.017076]
[ 0.017688  0.035659  0.070578  0.002792 -0.016186 -0.010474]
[-0.011875 -0.041273 -0.077537 -0.011414 -0.008238 -0.000927]
[ 0.018181  0.048716 -0.00783  -0.018213  0.01505   0.01036 ]
[ 0.012201 -0.007581  0.046153 -0.003496  0.035815  0.061638]
[ 0.041746  0.071009  0.013174  0.035509 -0.044301  0.017608]
[ 0.089336  0.112282  0.003521 -0.001952 -0.018324 -0.02356 ]
[ 0.086431  0.112768  0.128028  0.0239    0.041323 -0.003246]
[ 0.006272  0.015204  0.066931  0.008314  0.001008  0.002511]
[ 0.040942  0.041989  0.063491 -0.011462 -0.001505  0.000273]
[-0.006633  0.089928 -0.055321 -0.03535  -0.010553 -0.03681 ]
[ 0.004991  0.128694  0.08476  -0.023733 -0.009039 -0.009465]
[ 0.035431  0.00484   0.051356 -0.034541 -0.048775  0.026936]
[ 0.043783  0.094834  0.137157 -0.001196  0.035776  0.00338 ]
[ 0.067693  0.091419  0.073592  0.012749  0.011652 -0.001859]
[-0.046405 -0.010563 -0.021975  0.0183    0.001107  0.006958]
[-0.014369  0.012302  0.009597 -0.038177  0.016026  0.03883 ]
[-0.013788  0.026065  0.031801  0.005715 -0.024881  0.001477]
[ 0.000257 -0.021305  0.016948 -0.010413  0.005764  0.001249]
[ 0.055218  0.044574  0.031548 -0.062053 -0.022887 -0.065136]
[ 0.066967  0.124278  0.169227 -0.010733  0.013031 -0.046596]
[ 0.056639 -0.031184 -0.007609  0.005326  0.04856  -0.065765]
[ 0.082999  0.097763  0.088063  0.013617  0.024282 -0.01912 ]
[ 0.005905 -0.000517  0.021694  0.030373 -0.00969  -0.013452]
[ 0.045044  0.055675  0.110574  0.019579  0.007967  0.030533]
[ 0.049176  0.03754   0.08302   0.019661  0.001897 -0.030402]
[ 0.040709  0.01183   0.068867 -0.031188 -0.002391  0.019447]
[-0.00645   0.030893  0.012566 -0.018878 -0.007674  0.005355]
[ 0.074786  0.076316  0.128587 -0.046054 -0.001012 -0.03673 ]
[-0.012034  0.058564  0.04516   0.021268  0.011845  0.021577]
[-0.017163  0.072177  0.087672  0.016406 -0.013442  0.001049]
[ 0.003524 -0.038918  0.016858  0.002996  0.030465 -0.026252]
[-0.018089  0.00915   0.013071  0.012894  0.003983  0.002789]
[ 0.045825  0.076002  0.074689  0.02658  -0.023559 -0.011347]
[ 0.016068 -0.014086  0.0451    0.022073 -0.023387 -0.014327]
[-0.00802   0.047564  0.043841 -0.016188  0.010581 -0.010776]
[-0.027079  0.023202  0.044337  0.01301  -0.008006  0.030911]
[-0.001305  0.016985 -0.03829   0.021412 -0.028481 -0.012469]
[-0.039104 -0.008815 -0.004718  0.031277 -0.058323 -0.037859]
[-0.026515 -0.016567 -0.036359  0.004265  0.011006  0.002851]
[ 0.014108  0.022593  0.029476  0.008189  0.006118  0.002382]
[ 0.001209  0.067493  0.003188 -0.030301 -0.034291  0.016331]
[ 0.07645   0.111315  0.115993  0.003854  0.012197  0.004696]
[ 0.042213 -0.03629   0.040944 -0.049891 -0.026279 -0.0365  ]
[-0.002079  0.009479  0.023741 -0.002677 -0.025366  0.003749]
[ 0.065704  0.034777  0.060508 -0.024449  0.019152  0.017222]
[-0.053108  0.022332 -0.006687  0.009991  0.014101 -0.001974]
[-0.070556 -0.032749 -0.024038  0.026274  0.006268  0.005384]
[ 0.043131  0.07421   0.060419 -0.00573  -0.005106 -0.019209]
[ 0.000116  0.009655  0.024711  0.004722  0.011733  0.036822]
[ 0.022707  0.056356  0.046107 -0.00823  -0.007388  0.002114]
[ 0.039811  0.052349  0.070219  0.020067  0.009325 -0.003108]
[-0.035337 -0.025771  0.002463 -0.023389  0.001616  0.012615]
[ 0.002118  0.112681  0.071069 -0.01578  -0.016191 -0.012525]
[ 0.022951  0.047942  0.054555 -0.002307 -0.013692  0.031372]
[ 0.061013  0.096148  0.030155 -0.000105 -0.000216 -0.010285]
[ 0.009399 -0.009299  0.045928  0.031819  0.012092  0.016375]
[-0.083361 -0.065126 -0.05322  -0.018232  0.002346  0.022505]
[ 0.040493  0.099051  0.068902 -0.010461 -0.028094  0.010185]
[ 0.007609  0.024035  0.020378  0.012142  0.003713 -0.033199]
[ 0.035576  0.021408  0.039977 -0.001163 -0.017504 -0.006032]
[ 0.07273   0.044734  0.069043  0.017467 -0.014402  0.00466 ]
[ 0.043024  0.062759  0.004711  0.030541  0.016604 -0.000407]
[ 0.034485  0.115686  0.103776  0.003977 -0.006996 -0.00175 ]
[-0.013204  0.0448    0.011113  0.006951 -0.04876   0.026712]
[ 0.034803 -0.017255  0.060468  0.002628  0.022451 -0.011379]
[ 0.050229 -0.007946 -0.024397 -0.055883  0.020622 -0.005096]
[ 0.014889  0.052432  0.071556  0.017202 -0.021081 -0.01992 ]
[ 0.001281  0.053351  0.083101  0.010956 -0.028442 -0.042437]
[ 0.059257  0.056548  0.04505   0.016457 -0.007377  0.034063]
[-0.035412 -0.013667 -0.033284 -0.010564  0.007208 -0.005621]
[ 0.042897  0.02354   0.017666  0.01471   0.010175  0.000401]
[ 0.057539  0.054135  0.09618   0.000604  0.017755 -0.004512]
[-0.015046  0.010649  0.033709 -0.033681 -0.047138 -0.019264]
[ 0.0438    0.091592  0.140628 -0.03954  -0.010785  0.004866]
[-0.032984  0.015514  0.004999 -0.016473  0.000546 -0.00446 ]
[-0.04075  -0.009063 -0.028889  0.0109    0.003841 -0.018106]
[ 0.064634  0.099292  0.03782  -0.01146   0.062752  0.020353]
[ 0.040632 -0.021373  0.100793 -0.018484 -0.001619  0.002905]
[ 0.015674 -0.022161  0.02219  -0.009748  0.00581   0.002227]
[ 0.055306  0.051149  0.058238  0.00956  -0.05178  -0.006062]
[ 0.009626  0.004826 -0.017933 -0.018668 -0.00509   0.030007]
[ 0.034326  0.020367  0.105475  0.00487   0.016174  0.009084]
[-0.025066  0.039057  0.066643  0.000331 -0.011045  0.002763]
[ 0.003344  0.039791 -0.026748  0.009986 -0.004317  0.038717]
[ 0.005968  0.036346 -0.0087   -0.008828  0.035176  0.027096]
[-0.023379 -0.005377 -0.052072  0.013141 -0.042926 -0.012864]
[ 0.029683  0.025167  0.05131  -0.017371 -0.021326 -0.008761]
[-0.038866 -0.008501 -0.050689  0.029731  0.037492 -0.004215]
('Mean', 1, ': ', -0.038865993834212319)
('Median', 1, ': ', -0.038865993834212319)
('Variance', 1, ': ', 0.0)
('Mean', 2, ': ', -0.0085010764714888182)
('Median', 2, ': ', -0.0085010764714888182)
('Variance', 2, ': ', 0.0)
('Mean', 3, ': ', -0.050688548418717817)
('Median', 3, ': ', -0.050688548418717817)
('Variance', 3, ': ', 0.0)
('time: ', 13565.112159967422)
