“Running plot script on a single CPU core”
[-0.843921 -0.628874 -0.838327 -0.637103 -0.898881 -0.664609  0.043322
 -0.003944 -0.046675  0.009557  0.133214 -0.090462  0.038795  0.072925
  0.035432  0.061054 -0.001212  0.026971  0.027623  0.020537]
[-1.320052 -1.10738  -1.37487  -1.032739 -1.538185 -1.352176  0.156618
  0.247015  0.110169  0.060787  0.158312  0.115327 -0.12834   0.011759
  0.167658 -0.26635   0.136118  0.102372  0.03803   0.013963]
[-0.751512 -0.712183 -0.629442 -0.810823 -0.878529 -0.76674  -0.007086
  0.098366  0.063537 -0.036574 -0.036115  0.123328  0.015168 -0.005429
  0.072561  0.009224  0.030821 -0.006719 -0.024295 -0.026065]
[-0.977758 -0.983364 -0.900935 -0.912446 -0.81627  -0.798597 -0.055149
  0.01204  -0.014404 -0.036653 -0.009546 -0.042732  0.094629 -0.030739
  0.03868   0.131088 -0.023444 -0.122931 -0.004079  0.006879]
[-0.948112 -0.739122 -0.7358   -0.781654 -0.792139 -0.556426  0.031901
  0.064656 -0.040853  0.090833  0.087469 -0.024987 -0.104232  0.072568
  0.140467 -0.128077  0.102348  0.003597 -0.028129 -0.02378 ]
[-0.878269 -1.025079 -0.727056 -0.964172 -0.679272 -0.80648   0.048953
  0.049079  0.023007 -0.143022  0.151066  0.029668 -0.021608  0.21749
  0.093704 -0.069776 -0.164321  0.040793  0.031517  0.032324]
[-0.696074 -0.844215 -0.628706 -0.735951 -0.577289 -0.668659  0.027522
  0.044161 -0.007537 -0.005267 -0.008761 -0.032284 -0.003849 -0.046492
  0.090108  0.037636 -0.013152 -0.003109 -0.015266 -0.011021]
[-0.765644 -0.76222  -0.801095 -0.623609 -0.740104 -0.575752 -0.080951
  0.06566   0.012673 -0.017618  0.022824 -0.013791  0.098778  0.067792
  0.080379  0.050479  0.011625 -0.074169  0.042298 -0.004588]
[-0.95375  -0.791683 -1.02129  -0.950104 -0.701233 -0.908123 -0.168241
 -0.329693 -0.132113  0.059054  0.074095 -0.111359  0.022872  0.084646
 -0.377037  0.121123  0.094681 -0.177346 -0.009884  0.005942]
[-0.954726 -0.890913 -0.663392 -1.096696 -0.786134 -0.969331 -0.034187
  0.082341  0.108239 -0.308263  0.152138  0.091581 -0.014443  0.069153
  0.132504 -0.146109 -0.35366  -0.133759  0.034605 -0.072177]
[-1.056166 -1.140821 -0.912943 -1.169306 -1.048999 -1.07554  -0.001691
 -0.083224  0.025365  0.093758 -0.05405   0.020812 -0.009929 -0.074781
 -0.140691 -0.042505  0.147981 -0.003225  0.034617  0.012621]
[-0.916523 -0.968268 -0.728353 -0.948143 -0.785612 -0.932246 -0.1421
 -0.049221  0.102782  0.128598 -0.181251  0.166767  0.022771 -0.198672
 -0.046603  0.030121  0.147958 -0.151288  0.011057  0.001101]
[-0.724297 -0.7946   -0.741105 -1.02743  -0.95911  -1.056267  0.001547
  0.198329 -0.109533 -0.085852 -0.104677 -0.079892 -0.048411 -0.055346
  0.208988 -0.030595 -0.040952 -0.021378 -0.01692  -0.00467 ]
[-0.808965 -0.705617 -0.656387 -0.706128 -0.715107 -0.609787 -0.054263
 -0.007302 -0.115747 -0.004728  0.007764 -0.148588  0.030127  0.030832
 -0.068879  0.003381  0.010163 -0.044998 -0.024917 -0.010301]
[-1.127563 -0.981939 -1.065511 -0.698813 -0.800194 -0.721646 -0.156898
  0.107592  0.065988 -0.111635  0.074573  0.084581 -0.260551  0.118336
  0.088297 -0.23091  -0.146898 -0.256343 -0.033373 -0.033842]
[ -8.692289e-01  -6.983997e-01  -1.132264e+00  -5.726334e-01  -1.030075e+00
  -6.998497e-01  -1.335028e-01   1.210103e-01   5.314949e-02  -9.720355e-04
   1.047668e-01  -3.694322e-03  -6.488257e-02   7.516001e-02   1.109170e-01
  -1.595369e-01  -5.436925e-02  -2.377123e-01   9.611004e-02   2.874005e-02]
[-0.646744 -0.896027 -0.812469 -0.622888 -0.556728 -0.850366 -0.098959
 -0.01144   0.064855  0.073938 -0.062374  0.05882   0.01274  -0.047537
  0.022108  0.002001  0.052181 -0.17343   0.059663  0.006372]
[-0.934096 -0.882165 -0.798539 -1.02424  -0.973832 -0.957003 -0.018193
 -0.046773 -0.020626  0.056347 -0.059695  0.049326 -0.136538 -0.062682
 -0.020537 -0.1311    0.086852 -0.009123  0.053142  0.059481]
[-0.533671 -0.490394 -0.58556  -0.776289 -0.940872 -1.015301 -0.093427
 -0.070531 -0.102797  0.060751 -0.059281 -0.092537 -0.056189 -0.018168
 -0.214981 -0.031667  0.140355 -0.114936  0.058213 -0.007072]
[-1.202713 -1.122467 -1.208044 -1.122431 -1.187441 -1.065123 -0.080116
  0.02951   0.017123  0.033723  0.051762 -0.046529 -0.013498  0.022706
  0.065082 -0.065351  0.068675 -0.160918  0.015619 -0.019936]
[-0.988125 -0.835778 -0.840204 -0.92706  -0.977504 -0.783179 -0.056672
 -0.006519 -0.065979 -0.026929 -0.028548 -0.028928  0.063429 -0.033346
 -0.018577 -0.055107 -0.066093 -0.108243  0.004489 -0.01336 ]
[-0.811324 -0.826093 -0.794471 -0.906524 -0.932297 -1.100367  0.114452
  0.107251 -0.057242  0.076227 -0.016372 -0.064138 -0.016102 -0.024664
  0.081274 -0.014472  0.120024  0.166303  0.022635  0.011383]
[ -7.269054e-01  -9.314465e-01  -8.172659e-01  -8.146273e-01  -8.642017e-01
  -9.998087e-01   5.336536e-02  -2.791795e-02   8.693534e-03  -2.601819e-02
  -2.119045e-02  -1.233787e-02  -9.976759e-02  -4.528124e-02  -1.100494e-01
  -1.275495e-02  -4.249751e-02  -1.659499e-04  -6.901657e-02  -3.237218e-03]
[-0.875022 -0.815838 -0.857415 -0.849972 -0.851286 -0.884872 -0.029875
 -0.082771 -0.049216 -0.009614 -0.073205 -0.033494  0.051895 -0.163312
 -0.129069  0.060229  0.044328 -0.052646  0.030816  0.00224 ]
[-0.900584 -0.521477 -0.680478 -0.609347 -0.732028 -0.517178  0.013339
 -0.081798 -0.038893  0.017922  0.062642  0.091872  0.185889  0.09681
 -0.185218  0.171724  0.073586 -0.021006 -0.02793   0.016844]
[-0.827691 -0.653863 -0.769748 -0.813471 -0.858438 -0.664234 -0.005484
  0.063967 -0.028971 -0.018214  0.066807 -0.068258  0.098694  0.093861
  0.08146   0.080258 -0.053299 -0.056506 -0.00846   0.028261]
[ -8.131373e-01  -8.197846e-01  -7.005371e-01  -7.528678e-01  -6.757360e-01
  -6.141998e-01   6.262896e-02  -7.082873e-02  -1.023625e-02   5.582889e-02
   1.253373e-01  -1.463839e-02  -5.191903e-04   7.341951e-02  -1.139333e-01
  -1.359251e-02   3.013936e-02   9.517990e-02   2.238439e-02   3.769130e-02]
[-0.94046  -0.915762 -0.833557 -0.755234 -0.797245 -0.706626  0.09749
  0.057664 -0.004527  0.045693  0.002582  0.019337 -0.0387    0.050095
  0.0219   -0.029282 -0.036028  0.106274  0.050049  0.011999]
[-0.877093 -0.845911 -0.790725 -0.845146 -0.634993 -0.666175  0.016625
  0.026121 -0.010946 -0.061858 -0.033574 -0.039198  0.080143 -0.039604
  0.067535  0.004168 -0.03173  -0.04343   0.013012  0.009674]
[-0.883965 -0.857838 -0.83854  -0.792435 -0.811912 -0.708307  0.016788
  0.036657 -0.019487 -0.085685 -0.009    -0.106722 -0.070917  0.04461
  0.027822 -0.082236 -0.145003  0.079113  0.03838   0.00372 ]
[-0.946983 -0.889351 -0.816162 -0.873374 -0.864126 -0.873704 -0.069334
 -0.046117  0.064895 -0.045104  0.075045  0.025439 -0.057235  0.073843
 -0.041163 -0.131481 -0.24143  -0.101649  0.048447  0.047109]
[-0.923225 -0.780595 -1.043311 -0.761482 -0.966943 -0.929215  0.097587
  0.135062  0.040688  0.038843 -0.038876  0.195972  0.025668 -0.068028
  0.178654  0.074213  0.075816  0.108823 -0.052102 -0.02926 ]
[-0.976773 -1.000143 -0.939708 -1.008078 -0.976453 -1.044526 -0.034351
  0.110244 -0.047802 -0.02796   0.033296  0.020847  0.026304  0.028741
  0.189334  0.040753  0.009362 -0.042161  0.035621 -0.004144]
[-0.562171 -0.670105 -0.746844 -0.500727 -0.55196  -0.728087 -0.127318
  0.039727 -0.022985 -0.097261 -0.072606 -0.070141  0.010685 -0.093424
  0.072236 -0.005924 -0.098236 -0.095179  0.047658  0.007801]
[-0.982351 -0.814367 -0.983364 -1.163934 -1.207242 -1.259526  0.042627
 -0.013497  0.154264 -0.024749 -0.012456  0.252988 -0.036038  0.013455
  0.072263 -0.088982  0.017449  0.079083  0.018529  0.063527]
[-0.824613 -0.861243 -0.972861 -0.916147 -0.94903  -1.007961  0.007687
 -0.088394  0.083326 -0.10911   0.034077  0.064262  0.153471  0.083594
 -0.129758  0.066149 -0.089251  0.121931  0.067206 -0.024518]
[-1.039543 -0.915975 -1.055345 -0.743513 -0.933702 -0.856612  0.107517
  0.013978 -0.081334 -0.039254 -0.055382 -0.043542 -0.078743 -0.022587
  0.049731 -0.087058 -0.007409  0.131504 -0.098206 -0.051983]
[-0.865254 -0.892011 -0.600459 -0.8685   -0.626704 -0.53722  -0.105544
 -0.048125 -0.138658 -0.07796   0.026272 -0.074132  0.079933  0.106047
 -0.02535   0.097941 -0.048218 -0.014288 -0.021301  0.018053]
[-1.090646 -0.988065 -0.997976 -1.172769 -1.079002 -0.940809  0.07514
 -0.093457 -0.142538 -0.080776 -0.148428 -0.073778  0.073453 -0.202934
 -0.057405  0.080519 -0.069579  0.03777  -0.07039  -0.025627]
[-0.974268 -1.020862 -0.536701 -1.05237  -0.747804 -0.80732  -0.022718
 -0.044008  0.038218  0.012424 -0.196577 -0.094194  0.017542 -0.177981
  0.002577 -0.050141  0.032802 -0.044798 -0.069436 -0.018763]
[-0.972803 -0.994611 -0.795258 -1.008077 -0.932773 -1.103853 -0.073278
 -0.062884  0.059828 -0.063573 -0.041228  0.005739  0.076146 -0.021073
 -0.055043  0.045471 -0.064941 -0.064938 -0.01988   0.006284]
[-1.087724 -0.966774 -0.857952 -1.125045 -1.228698 -1.033649 -0.099805
 -0.058184  0.096891  0.045081  0.019201  0.061893 -0.0583   -0.032474
 -0.04543  -0.029217  0.031613 -0.153844 -0.033361  0.005689]
[ -7.747692e-01  -7.249483e-01  -6.540037e-01  -8.343944e-01  -8.917144e-01
  -7.508325e-01  -6.121901e-02  -3.050235e-02   2.060859e-02   3.875907e-04
   1.432053e-02   1.642312e-02   2.372159e-02   3.828656e-03   2.066254e-02
   5.670559e-02  -7.942393e-03  -7.625930e-02   4.099568e-02   6.270773e-03]
[-0.909813 -0.857348 -0.671626 -0.92565  -0.629131 -0.630116  0.010551
  0.120124  0.031793  0.040372 -0.001731  0.029048  0.034342 -0.057712
  0.064358  0.019     0.042451 -0.001976 -0.060034 -0.014136]
[-0.949457 -0.936128 -0.700303 -0.761517 -0.550513 -0.515544  0.063531
 -0.03047  -0.061197  0.033506  0.127341 -0.004203  0.065628  0.139124
 -0.052971  0.074062  0.06919   0.02472  -0.038301  0.009126]
[-1.062186 -0.889032 -0.892688 -0.893176 -0.846335 -0.648621 -0.071545
  0.03852  -0.061904 -0.056124  0.03675  -0.008557 -0.097345  0.079683
  0.048389 -0.091078 -0.046222 -0.040001 -0.070277  0.003505]
[-0.958804 -0.844885 -0.881998 -0.767697 -0.744833 -0.862926 -0.03061
  0.020844  0.024992 -0.063893 -0.068181 -0.004645  0.048156 -0.090729
  0.143496  0.099914 -0.064278 -0.099668 -0.014358  0.027048]
[-1.042222 -0.919    -0.722941 -1.034515 -0.932914 -0.932111 -0.099469
  0.013913  0.074768  0.054844 -0.040716  0.004243  0.051003 -0.066648
 -0.016935 -0.009025 -0.111386 -0.077179  0.037504  0.015783]
[-1.171492 -0.9266   -0.972868 -0.794824 -0.973312 -0.740768  0.022919
  0.082892 -0.126238  0.160951 -0.02352  -0.119901  0.008013 -0.004506
  0.074328 -0.011833  0.100572  0.13131  -0.016248 -0.023281]
[ -7.325159e-01  -9.847345e-01  -6.615861e-01  -9.550203e-01  -5.646241e-01
  -7.807841e-01   3.154583e-02   6.360177e-02   2.239397e-01   2.023205e-01
  -1.763216e-01   1.956312e-01   1.110000e-01  -2.018730e-01   4.329352e-02
   6.820715e-02   1.087996e-01  -1.089398e-02   1.187876e-02   8.818312e-04]
[-0.972073 -1.005513 -0.964249 -0.887915 -0.880791 -0.933868 -0.109228
  0.086261  0.210901  0.019699 -0.087578  0.196388  0.162169 -0.005042
  0.050102  0.12561   0.037398 -0.091538  0.034031 -0.023625]
[ -1.102809e+00  -9.409723e-01  -9.502691e-01  -6.742983e-01  -8.029977e-01
  -6.047033e-01  -4.639960e-02   4.309302e-02  -1.050675e-01   8.683374e-02
  -1.035860e-01  -1.764138e-01  -6.823051e-05  -2.067851e-02   5.577706e-02
   5.434766e-02   6.743067e-03  -6.470583e-02  -2.636894e-02   1.351388e-02]
[-0.750651 -0.562896 -0.693842 -0.453683 -0.591982 -0.429336  0.143826
  0.054808  0.026435 -0.02493   0.029344  0.010748 -0.11631   0.049349
  0.0468   -0.103762  0.007903  0.218207  0.036307 -0.020453]
[-0.876114 -1.006989 -0.757937 -1.035462 -0.761013 -1.029296  0.029492
 -0.018384  0.023493 -0.029692  0.020195  0.015892  0.009368 -0.084121
  0.026508  0.025472 -0.084609  0.101007  0.018697 -0.014227]
[-0.82052  -0.768801 -0.681913 -0.939094 -0.755667 -0.891203  0.046901
  0.020396 -0.049783 -0.068204 -0.03654  -0.091928 -0.010615 -0.028319
 -0.004881  0.00687  -0.03243  -0.015228  0.014686 -0.003643]
[-0.904921 -0.829446 -0.59653  -0.84705  -0.632838 -0.555455  0.075376
 -0.044075  0.039404 -0.007655  0.021034  0.005891 -0.016203  0.050867
 -0.038785  0.001888  0.034556  0.062192  0.032965 -0.009279]
[-1.278935 -1.255041 -1.151842 -1.338196 -1.179129 -0.992594 -0.052463
 -0.100291  0.022667  0.068661 -0.029805  0.118479  0.106113 -0.025494
 -0.120849  0.114737  0.167133 -0.063361 -0.061378 -0.036084]
[-1.402573 -1.154186 -1.22313  -0.991482 -1.117485 -1.072441  0.008134
 -0.097558  0.034431  0.152199 -0.01147   0.093748  0.10843  -0.002262
 -0.083195  0.049123  0.092399  0.049326 -0.018573  0.07892 ]
[ -9.682583e-01  -1.157200e+00  -7.851567e-01  -1.089341e+00  -7.244817e-01
  -9.547699e-01  -2.659409e-03  -2.252513e-02   1.529536e-02  -1.404111e-01
   1.986781e-02   1.884889e-02  -5.359600e-02   6.590515e-02   6.495692e-02
  -3.713436e-02  -8.196041e-02   1.022448e-03  -6.850661e-03  -8.405362e-03]
[-0.780198 -0.7772   -0.863486 -0.565164 -0.641128 -0.524293  0.07044
  0.091152  0.057865 -0.07253   0.008769  0.051766 -0.035221 -0.013989
  0.074837 -0.020475 -0.08679   0.072747  0.010888 -0.025523]
[-0.6715   -0.618205 -0.661413 -0.542919 -0.648748 -0.579151  0.035123
 -0.00987  -0.023464  0.070838  0.013636 -0.054874  0.04404   0.02368
  0.017358 -0.058353  0.034618  0.010481 -0.037498 -0.035351]
[-1.140625 -0.993971 -1.246192 -0.989849 -1.138962 -0.945535  0.02781
 -0.084912  0.024407 -0.030427 -0.08336  -0.014772  0.08985  -0.021299
 -0.023462  0.020116 -0.071948 -0.023949 -0.011051  0.039291]
[ -8.222317e-01  -1.087785e+00  -7.595646e-01  -1.028424e+00  -8.296875e-01
  -1.311689e+00   9.434716e-02  -4.920768e-02   7.437543e-02   4.985335e-03
  -3.407572e-02   1.334084e-01  -1.146059e-02   2.127991e-02  -2.809237e-02
  -7.098697e-02   1.432220e-01   1.024468e-01  -7.270123e-04   1.952174e-02]
[-0.933184 -0.98664  -0.765617 -0.962574 -0.793956 -0.864351  0.078643
  0.124516  0.091421 -0.075623  0.158484  0.006709 -0.097001  0.082025
  0.053068 -0.097745 -0.011892  0.165729  0.028565 -0.004146]
[ -8.964221e-01  -1.064346e+00  -1.196003e+00  -8.723110e-01  -8.922356e-01
  -1.020961e+00   2.855402e-02   7.220121e-02  -1.730002e-01  -3.587636e-02
   4.445747e-02  -2.147767e-01  -7.321540e-02   6.661888e-02  -7.069036e-04
  -4.177018e-02   1.378758e-02  -3.208642e-02  -4.425989e-02  -3.110452e-04]
[-1.022341 -0.827168 -0.805235 -0.794978 -0.959447 -0.69896   0.072753
  0.103525 -0.061507  0.070018 -0.053905 -0.052807 -0.087308 -0.028412
  0.129516 -0.151417  0.11706   0.110476 -0.024192  0.002643]
[-1.149734 -0.446992 -0.700299 -0.71075  -1.145807 -0.409348 -0.094893
 -0.316761 -0.019129 -0.060574  0.198594 -0.085103  0.164517  0.045509
 -0.244296  0.228564 -0.021149 -0.084558 -0.035123  0.016095]
[-0.621954 -0.726406 -0.737753 -0.815151 -0.823715 -0.967523  0.097313
 -0.042016 -0.041535 -0.006499 -0.025738 -0.047754  0.053484 -0.048936
 -0.046158  0.03015  -0.003179  0.090283  0.024194  0.00232 ]
[-0.78225  -0.74954  -0.710716 -0.893802 -0.927686 -0.912717 -0.038857
 -0.090908  0.00183   0.018131  0.072924  0.050755 -0.033634  0.1256
 -0.121137  0.015251  0.044578  0.006118 -0.020664  0.025581]
[-0.788316 -0.869879 -0.717723 -0.830163 -0.588757 -0.673898 -0.04099
 -0.122227  0.00589  -0.039759  0.138149 -0.057405 -0.006781  0.089173
 -0.148424 -0.00876   0.018117 -0.07404   0.014899 -0.015782]
[-1.00937  -1.161813 -1.178979 -0.903731 -0.745659 -1.064844 -0.070541
 -0.094206 -0.051144  0.061011 -0.020571 -0.035518 -0.104723 -0.061537
 -0.062441 -0.099412  0.118703 -0.080772 -0.045773 -0.006411]
[-0.721653 -0.522809 -0.605762 -0.859999 -0.832973 -0.62675  -0.085566
 -0.056832 -0.005002  0.013125  0.082441 -0.018744  0.012341  0.105233
 -0.005242 -0.018009  0.064503 -0.023859 -0.01364   0.015353]
[-0.736011 -0.822607 -0.876799 -0.875742 -1.043503 -1.226285 -0.024605
  0.043253 -0.117506  0.030893  0.020002 -0.093411  0.060141  0.039459
  0.055879  0.055109  0.091037 -0.039717  0.05881   0.036241]
[-1.020889 -1.157489 -1.181633 -0.834802 -0.915307 -1.201665 -0.154062
 -0.025255 -0.160793 -0.053973  0.107673 -0.142244  0.012057  0.144494
 -0.111543  0.079236 -0.061316 -0.21617  -0.029044 -0.014734]
[-1.185985 -0.889581 -1.147159 -0.982273 -1.044379 -0.886702 -0.005479
 -0.077686 -0.018303  0.014826  0.034152  0.100468  0.055886 -0.065454
 -0.036309 -0.018524  0.021817  0.036894  0.010685  0.008079]
[-1.146403 -1.162763 -1.15934  -0.974524 -0.935312 -1.027351 -0.043522
  0.059524 -0.098394 -0.102594  0.075431 -0.039512 -0.047503  0.061055
  0.019576  0.037732  0.033505 -0.04513  -0.043415  0.05303 ]
[-0.927519 -0.805578 -0.907283 -0.705398 -0.76925  -0.722309 -0.008641
  0.091464  0.01599   0.050545 -0.024554  0.037004  0.032068  0.028071
  0.043386  0.042533  0.070287 -0.045784 -0.009923  0.022113]
[-1.059336 -0.94992  -0.955985 -1.035733 -0.863175 -0.921491 -0.010503
 -0.025713 -0.057111 -0.04055  -0.150299 -0.093397 -0.138585 -0.1788
 -0.005108 -0.047999 -0.00697   0.077     0.049761  0.011873]
[-1.088958 -1.103407 -1.051653 -0.977519 -1.032557 -1.021059  0.04015
 -0.056198 -0.00392  -0.061475  0.117177 -0.0174   -0.051289  0.079988
 -0.052383 -0.013075 -0.051962  0.038297 -0.032964 -0.014115]
[-0.876332 -1.198192 -0.889819 -0.93513  -0.768625 -1.028327 -0.150674
  0.006447  0.024661  0.027679 -0.01636   0.023525  0.13817   0.092031
  0.041733  0.051467 -0.003862 -0.09575  -0.037101  0.029459]
[-1.007382 -0.56851  -0.951607 -0.661107 -1.07589  -0.60836   0.002406
 -0.143891  0.060764 -0.035075 -0.045307  0.100657  0.121904 -0.007202
 -0.130957  0.195279 -0.021574 -0.03772  -0.097065 -0.016684]
[-1.160444 -1.177985 -1.193599 -1.211162 -1.248925 -1.270754  0.044134
 -0.006673  0.126246 -0.092053 -0.078392  0.124863  0.010902 -0.091929
  0.056718  0.051441 -0.115183 -0.005225  0.046676  0.029442]
[-0.593755 -0.519264 -0.546589 -0.592421 -0.643898 -0.58111   0.007468
  0.041688 -0.057646  0.009342 -0.15753   0.021178 -0.015343 -0.117688
  0.069927  0.035968  0.016928 -0.033577 -0.00816  -0.020779]
[ -8.202951e-01  -7.023286e-01  -8.035835e-01  -5.198292e-01  -8.208769e-01
  -4.453985e-01  -2.333635e-01   4.656660e-02   6.375242e-02  -1.874271e-03
  -3.891315e-02   9.976643e-02   2.073717e-01  -3.202692e-02   8.658258e-02
   2.210989e-01  -5.884142e-04  -2.648454e-01  -5.108681e-02  -4.620756e-02]
[-0.755634 -0.959982 -0.690429 -1.002966 -0.833502 -0.868335  0.115925
 -0.050627  0.112791  0.034957  0.057004  0.081229 -0.129218  0.027792
 -0.156845 -0.077159  0.015917  0.050059 -0.024592 -0.006534]
[-0.974068 -0.71291  -0.754638 -0.657916 -0.792085 -0.608321  0.100655
 -0.019249  0.051443  0.081822 -0.063621  0.041266 -0.097937  0.014644
 -0.027716 -0.12769   0.105297  0.156979 -0.035577  0.010013]
[-1.027633 -0.860194 -0.83607  -0.746778 -0.734835 -0.696932  0.049451
  0.066875  0.035905  0.030396  0.027981  0.041515  0.048575 -0.004687
  0.091709  0.002161  0.029112  0.060328 -0.039807  0.046349]
[ -7.184931e-01  -8.623051e-01  -4.634176e-01  -7.576889e-01  -3.999725e-01
  -5.586712e-01   3.378182e-02  -4.551918e-02   3.255554e-02   1.812445e-02
   5.021981e-02   3.608430e-02   1.951847e-02   1.129791e-01   5.856065e-04
   1.927839e-02   4.616498e-02  -4.809854e-03  -5.253798e-02  -5.590578e-03]
[ -9.260295e-01  -1.120838e+00  -1.119066e+00  -8.349471e-01  -8.377625e-01
  -1.113330e+00  -3.664070e-02   3.112859e-02  -3.315013e-02   1.572865e-01
   2.177610e-02   5.830916e-02  -2.055347e-02  -2.926596e-04  -4.070550e-02
  -1.546920e-02   1.075655e-01  -4.758406e-02   2.559198e-03   3.949504e-02]
[-1.1489   -0.929866 -0.963392 -1.147109 -1.237486 -0.984276  0.023459
 -0.069078  0.089846  0.008499  0.155913  0.036038  0.081342  0.17572
 -0.058171  0.08661   0.091114  0.083303  0.00318   0.013677]
[-0.761521 -0.953209 -0.823508 -1.01356  -0.931708 -1.093693  0.04019
  0.030629 -0.104753  0.05705   0.063623  0.011097 -0.038643  0.050611
  0.038205 -0.027676  0.170775  0.076411  0.023723  0.019738]
[-1.10545  -1.095315 -0.889166 -1.065851 -0.986414 -0.956295  0.087515
 -0.003432 -0.058955  0.038312 -0.038895 -0.148267 -0.044314 -0.024521
 -0.066491 -0.042191  0.132811  0.060262  0.007642 -0.017383]
[-0.894129 -0.782602 -0.770242 -0.93208  -0.904615 -0.811553 -0.066034
 -0.131703 -0.01076  -0.106364  0.043568 -0.012391 -0.043184 -0.014541
 -0.087803 -0.030877 -0.145297 -0.057773 -0.049577  0.009059]
[-0.893965 -0.832376 -0.918669 -0.765365 -0.887466 -0.794848  0.03006
  0.057085 -0.0279   -0.028804  0.038723 -0.01452   0.125397  0.058868
 -0.033726  0.123589 -0.013652  0.053121 -0.005117  0.041469]
[-0.993681 -1.027037 -0.640379 -1.005068 -0.546699 -0.79983  -0.011649
  0.005294 -0.008801  0.18642   0.06771  -0.063758  0.097336  0.040711
  0.014887  0.023771  0.102778 -0.066536 -0.053115  0.007343]
[-1.057186 -0.750838 -0.794952 -0.948847 -1.072267 -0.840176  0.004412
 -0.128682  0.056415 -0.08905   0.178852  0.037839  0.015871  0.193801
 -0.064303  0.00235  -0.022744  0.010338 -0.010928 -0.030647]
[-0.934971 -0.864301 -0.817751 -0.783142 -0.691557 -0.771722  0.156864
 -0.039898  0.14155  -0.002826 -0.040325  0.105005 -0.048331 -0.023684
 -0.080836 -0.045756 -0.049439  0.051025 -0.042601 -0.020799]
[ -1.097795e+00  -8.830660e-01  -9.917353e-01  -8.741933e-01  -8.987964e-01
  -7.493382e-01  -1.297295e-02  -5.326005e-02  -4.433111e-02   1.564129e-01
   7.954639e-02  -7.595963e-02   1.415238e-01  -6.163753e-04  -1.394963e-03
  -2.137152e-02   5.932297e-02   3.893185e-02   8.421980e-02   5.674664e-02]
[-1.189585 -1.233091 -0.890612 -1.172255 -0.695775 -0.992859  0.015732
 -0.064242 -0.004933 -0.243597 -0.008425  0.10707   0.061179 -0.029802
 -0.100762 -0.018695 -0.205594  0.001322  0.0069    0.016397]
[-0.90908  -0.858571 -0.889615 -0.635762 -0.756876 -0.688069 -0.024116
  0.011247  0.05286   0.040656 -0.059882  0.023376 -0.035615 -0.071116
  0.001542 -0.054516  0.017141  0.001332  0.039747  0.037424]
('Mean', 1, ': ', -0.90908048125887031)
('Median', 1, ': ', -0.90908048125887031)
('Variance', 1, ': ', 0.0)
('Mean', 2, ': ', -0.85857072283850255)
('Median', 2, ': ', -0.85857072283850255)
('Variance', 2, ': ', 0.0)
('Mean', 3, ': ', -0.88961460111121204)
('Median', 3, ': ', -0.88961460111121204)
('Variance', 3, ': ', 0.0)
('Mean', 4, ': ', -0.63576160196552356)
('Median', 4, ': ', -0.63576160196552356)
('Variance', 4, ': ', 0.0)
('Mean', 5, ': ', -0.75687603056016461)
('Median', 5, ': ', -0.75687603056016461)
('Variance', 5, ': ', 0.0)
('Mean', 6, ': ', -0.68806938378077098)
('Median', 6, ': ', -0.68806938378077098)
('Variance', 6, ': ', 0.0)
('time: ', 7726.596400976181)
