“Running plot script on a single CPU core”
[ 0.001236  0.013336 -0.016978  0.022705  0.028359  0.034087]
[ 0.06981   0.075432  0.093265 -0.012857 -0.005094  0.016952]
[ 0.075101  0.082415  0.063084 -0.045759  0.011797 -0.015575]
[-0.003166 -0.012668  0.090635 -0.016744  0.023962 -0.006087]
[ 0.091027  0.069174  0.100811 -0.007427  0.006931  0.001132]
[ 0.010486  0.032251  0.08793  -0.002969  0.015297 -0.008585]
[ 0.040357  0.003186  0.072763  0.024213  0.003111  0.008198]
[ 0.034815  0.033621  0.00343  -0.013616 -0.032953 -0.026319]
[ 0.02647   0.076829  0.092463 -0.015745  0.009445 -0.028836]
[-0.010554  0.023185  0.0255    0.005242 -0.001298 -0.022499]
[ 0.101657  0.098838  0.118764  0.003981 -0.030589  0.026589]
[ 0.019568  0.023964 -0.003289 -0.038476  0.005329  0.000471]
[-0.046678  0.030149  0.050951 -0.027069  0.005222 -0.002065]
[-0.027331 -0.079011 -0.047475 -0.020181  0.003316 -0.021327]
[-0.043899 -0.004456  0.078399 -0.00489  -0.009896 -0.014166]
[ 0.013506  0.05205   0.017459 -0.016507 -0.0007   -0.020807]
[ 0.02079   0.053388  0.06962   0.004701  0.031555 -0.007351]
[ 0.02341   0.001514  0.08484  -0.003382  0.008661 -0.032686]
[-0.066857  0.019512  0.0496   -0.055647 -0.0179    0.012117]
[-0.040242 -0.02348  -0.133815  0.022968 -0.023629 -0.05233 ]
[ 0.070353  0.057978  0.044621  0.015959 -0.041305  0.008033]
[ 0.030253  0.015214  0.050193 -0.034528 -0.002695  0.012753]
[-0.028066 -0.026835 -0.050855  0.030313  0.015654 -0.021692]
[ 0.019336  0.031404  0.03979   0.02376  -0.018053 -0.001705]
[ 0.013875  0.018397  0.026412  0.002926  0.015229 -0.001311]
[ 0.036091  0.100372  0.101518 -0.020822  0.005081  0.01454 ]
[ 0.048923  0.061092  0.068333  0.029993  0.013042 -0.013842]
[ 0.090429  0.110552  0.152469  0.014038 -0.030398  0.01871 ]
[ 0.077548  0.09671   0.12417   0.004429  0.02031  -0.027517]
[ 0.037458  0.007394  0.032866 -0.014127 -0.014196 -0.017489]
[ 0.006432  0.079184  0.056875  0.031388  0.023498 -0.002613]
[ 0.000303 -0.012394  0.046369 -0.016916 -0.009635  0.00774 ]
[-0.000568  0.031531  0.018979  0.03511   0.04058   0.031469]
[-0.000846  0.037396  0.030654 -0.019821  0.022616  0.03137 ]
[ 0.052369  0.00973   0.091077  0.009727  0.012027  0.000271]
[ 0.049357  0.099918  0.104851 -0.002662 -0.01323  -0.026081]
[ 0.020611  0.061178  0.024732  0.06082   0.039456  0.025107]
[-0.028281  0.030138  0.034735  0.000599 -0.000323 -0.002601]
[ 0.011191  0.033797 -0.013862  0.018567 -0.000101  0.010247]
[-0.020169 -0.007781  0.036894 -0.065711  0.014315  0.017513]
[-0.045115  0.042135 -0.00046   0.073599 -0.02132  -0.010591]
[-0.020814  0.007769  0.009773  0.041182  0.019216  0.003932]
[ 0.041743  0.075393  0.034204  0.001934  0.001536  0.00852 ]
[ 0.068695  0.062834  0.06895  -0.017081  0.024126  0.036021]
[ 0.007448  0.009501  0.011329  0.013611  0.00213   0.023093]
[ 0.080326  0.029805  0.111655  0.026662  0.03116  -0.036745]
[ 0.038291  0.082964  0.075893 -0.011027  0.015946 -0.015293]
[ 0.095451 -0.081618  0.153368 -0.049895  0.01606   0.015247]
[  1.682857e-05   3.712431e-02   3.265880e-02  -1.807089e-03  -4.021015e-02
   1.746868e-02]
[ 0.048971  0.089443  0.078504 -0.02328  -0.016503 -0.007853]
[ 0.045348  0.042642  0.019895 -0.004881 -0.007697  0.000665]
[ 0.060623  0.079627  0.076056 -0.010865  0.004916 -0.019265]
[ 0.057767  0.086928  0.055892  0.006766  0.00045  -0.008101]
[ 0.051216  0.049079  0.063872 -0.012597 -0.009135  0.005521]
[-0.034972  0.028291  0.002175  0.017641  0.029158 -0.007649]
[ 0.031565  0.029604 -0.000548  0.005972 -0.00217  -0.039996]
[ 0.007456 -0.011295 -0.067155 -0.001859 -0.020969 -0.022382]
[ 0.056546  0.095091  0.121349 -0.010936  0.007925  0.010476]
[ 0.068212  0.064012  0.074944  0.001992 -0.022789  0.004374]
[ 0.073012  0.07354   0.085073  0.003568 -0.022021 -0.007942]
[ 0.054495  0.0448    0.057235  0.048499  0.003973  0.001144]
[-0.029487 -0.033096 -0.002729 -0.024959 -0.001305 -0.000201]
[ 0.016563  0.091538  0.066614  0.010233 -0.013668  0.014311]
[-0.05565  -0.015816  0.041617  0.01836   0.021004  0.040756]
[ 0.057934  0.017785  0.09539  -0.000699 -0.01067  -0.007441]
[ 0.033243  0.041054  0.032079  0.000958  0.017885 -0.027966]
[ 0.030264  0.111045  0.092208  0.019977 -0.044671  0.022976]
[-0.076758 -0.022647  0.033755  0.026474 -0.040809 -0.019249]
[ 0.062607  0.047859  0.052438  0.021252 -0.011603  0.00868 ]
[-0.140136 -0.035027  0.003146  0.021446  0.037867  0.012904]
[ 0.063987  0.093635  0.068763  0.013755 -0.006834 -0.01269 ]
[-0.010343  0.059884  0.103038  0.027973 -0.00872   0.003065]
[ 0.091515  0.051009  0.090024  0.018168 -0.044284  0.014807]
[ 0.001782  0.029248  0.027996 -0.014747  0.007557  0.015584]
[-0.044051 -0.005252  0.018856  0.01472  -0.001765  0.059285]
[ 0.005152  0.026387  0.018613  0.014512  0.019066 -0.034475]
[ 0.024895  0.026007  0.03671   0.005657 -0.01511  -0.009082]
[-0.01033   0.047747  0.075685 -0.021545 -0.036756 -0.016645]
[ 0.020971 -0.000549  0.062873  0.033654 -0.044081  0.014463]
[ 0.010518  0.068978  0.027329 -0.00793   0.002749 -0.019668]
[ 0.005621  0.005947 -0.100594  0.024459 -0.0154    0.02677 ]
[-0.0458   -0.01693  -0.007238  0.001426 -0.000396 -0.00119 ]
[ 0.005277  0.138255  0.072106 -0.022946 -0.002183  0.002803]
[ 0.008399  0.013033  0.050406 -0.004573 -0.013304  0.000513]
[ 0.048105  0.075123  0.06663   0.000763  0.018603 -0.032573]
[ 0.057063  0.084164  0.106427  0.010219 -0.025717 -0.04279 ]
[-0.030461  0.026867 -0.02657   0.001741  0.026473 -0.007373]
[ 0.076586  0.150597  0.143029 -0.008494 -0.028901  0.000297]
[ 0.023058  0.060767  0.054423  0.023677  0.00092  -0.010526]
[ 0.064837  0.129154  0.074262  0.007583  0.048194 -0.02844 ]
[ 0.095831  0.095315  0.114786  0.014626 -0.024852 -0.009231]
[-0.053156 -0.025571 -0.043508  0.016787 -0.012631 -0.0343  ]
[ 0.023204  0.019772  0.038149 -0.011935 -0.018555  0.023131]
[ 0.052543  0.005898  0.039819 -0.007271 -0.021574  0.034823]
[-0.005519  0.03341  -0.012972 -0.024776 -0.016671  0.000991]
[ 0.0182   -0.003131 -0.003514  0.007516  0.012098 -0.001102]
[ 0.001992  0.02152   0.008469 -0.007022 -0.020584  0.016272]
[-0.105202 -0.064462 -0.022389 -0.038606  0.017268  0.010385]
[-0.026035  0.027661 -0.014363  0.001349 -0.002615 -0.004499]
[ 0.003708  0.027059  0.024604 -0.019431 -0.006384 -0.021255]
('Mean', 1, ': ', 0.0037076134960446782)
('Median', 1, ': ', 0.0037076134960446782)
('Variance', 1, ': ', 0.0)
('Mean', 2, ': ', 0.02705883319663999)
('Median', 2, ': ', 0.02705883319663999)
('Variance', 2, ': ', 0.0)
('Mean', 3, ': ', 0.024603996326908274)
('Median', 3, ': ', 0.024603996326908274)
('Variance', 3, ': ', 0.0)
('time: ', 8860.88292813301)
