“Running plot script on a single CPU core”
[-0.454217  0.33299   0.330012 -0.004065  0.212195  0.228296 -0.876095
  0.019401 -0.710941 -0.644829  0.299416  0.028342 -0.067457  0.260627
  0.319347  0.296319  0.132332 -0.190541  0.311905  0.252063]
[-0.561624  0.31344   0.210778  0.314419 -0.831671  0.16168   0.298627
 -0.986242  0.332827 -0.810611  0.329229  0.295062  0.260771 -0.926275
  0.158329  0.187994  0.300144  0.071617  0.044389  0.159707]
[ 0.333208  0.047982 -0.116685 -0.105536 -0.150884  0.225535  0.044836
 -0.364204  0.316929  0.291132 -0.269608 -0.180088  0.284246 -0.999243
 -0.217505  0.251341  0.29042  -0.979111  0.331312  0.118118]
[ 0.250453  0.122624 -0.439107 -0.241204 -0.029566  0.254004  0.316378
  0.315372 -0.645556  0.049167  0.314442 -0.956779  0.135788  0.325757
  0.280761  0.331481  0.27154  -0.922785  0.319396  0.206104]
[-0.775113  0.329097 -0.675148  0.205287  0.300933  0.310592  0.062304
  0.071397 -0.896003 -0.025964  0.020123  0.248006  0.249339  0.245232
  0.288877  0.015484  0.328637 -0.216441  0.301651  0.241819]
[ 0.333067 -0.307071  0.331866  0.265238 -0.17722   0.274914 -0.131943
 -0.958125 -0.482958  0.241332 -0.995903 -0.624941  0.10699  -0.029349
 -0.928429  0.267376 -0.354797  0.332957  0.330876  0.295693]
[ 0.182357  0.253817  0.138659  0.299847  0.317736  0.085977  0.213984
  0.306907 -0.547329  0.329404  0.28186   0.242377 -0.169718  0.112221
 -0.409317 -0.040985  0.316773  0.328887  0.322932  0.289343]
[ 0.322397  0.161003 -0.976435  0.244707  0.322175  0.130537 -0.067698
 -0.737731  0.136087  0.327837 -0.860032 -0.98509  -0.439085 -0.596724
 -0.576562 -0.918145 -0.787952  0.295933  0.130177  0.278097]
[-0.021022  0.302749 -0.215533 -0.065083  0.325584  0.316347  0.250452
 -0.997307  0.184388 -0.951841  0.210418  0.328045  0.311207  0.332727
  0.333111  0.243147  0.313131 -0.992078 -0.806773  0.311174]
[ 0.324625  0.332667  0.236083  0.297291 -0.719832  0.200989  0.157179
  0.217274  0.310041  0.323739  0.324036  0.333038 -0.364024 -0.102858
  0.207199 -0.432039 -0.918964  0.285337  0.328612  0.328354]
[ 0.332887  0.275126 -0.622013  0.273376  0.329129  0.227693  0.329532
 -0.309599 -0.089257  0.263557  0.333314  0.303067 -0.809163  0.047776
 -0.068619  0.216077  0.082321  0.332252  0.331521 -0.877656]
[ 0.302147 -0.993643 -0.968495  0.180034  0.307798  0.268123  0.300922
 -0.075737  0.328728  0.314729  0.224653 -0.442759  0.086006  0.19904
  0.303334  0.113707 -0.166829 -0.20825   0.008347  0.066631]
[ 0.279354  0.308581  0.024543 -0.950873 -0.356042 -0.016364  0.290848
 -0.017327 -0.950414  0.327076 -0.995064  0.109984  0.114407  0.330791
 -0.885183  0.323535  0.283342 -0.397322 -0.215881  0.317521]
[-0.042781  0.149649 -0.884325  0.064857 -0.217379  0.283891  0.308307
  0.305769 -0.569909  0.18197  -0.949028  0.269951 -0.755222 -0.406233
  0.29346   0.133477  0.303381 -0.569258  0.294054  0.041189]
[-0.513035 -0.733798  0.167817  0.243463 -0.46636   0.247748 -0.893572
  0.330416 -0.209527  0.300773 -0.298534 -0.915892  0.315694 -0.004511
  0.321951  0.222243 -0.512502 -0.05319  -0.240363  0.330127]
[ 0.267074  0.283634  0.319317 -0.302811  0.077975 -0.374906  0.206378
 -0.969504  0.329588  0.233504  0.28763  -0.656512  0.253867  0.300009
  0.309608  0.133544  0.313751 -0.607316  0.259723  0.314653]
[ 0.331245  0.314024  0.130955 -0.080965  0.263285 -0.286515 -0.977986
  0.09071  -0.015031  0.308686  0.19109   0.110571 -0.453745  0.149035
 -0.583435 -0.863891  0.271895 -0.740311  0.254484  0.313018]
[ 0.312629 -0.581867  0.29767   0.333332  0.287551  0.333313  0.33015
  0.264539  0.083246  0.32821  -0.641351 -0.535394  0.283971  0.022794
 -0.84876   0.314194  0.136796 -0.632915  0.274885  0.311797]
[ 0.061324  0.268811  0.013503  0.294997  0.268005  0.29156   0.326421
  0.297801  0.157215 -0.350259  0.234435  0.233515  0.248739  0.323574
  0.053159 -0.369911  0.261085  0.168785  0.316818  0.332555]
[-0.494062  0.330235 -0.714649 -0.565405  0.32202  -0.82256   0.327822
  0.301846  0.285125  0.325444 -0.171109  0.090073  0.264257  0.022082
  0.156211  0.302809  0.006939  0.332501 -0.224009 -0.246919]
[-0.049942 -0.724865 -0.984976  0.271943  0.038246  0.326877 -0.144107
 -0.972307  0.246075  0.33025  -0.499612  0.314772  0.32378   0.225889
  0.312167  0.254498  0.229023  0.223979 -0.974801  0.287099]
[ 0.094385 -0.023509  0.038115 -0.112933  0.18422  -0.85076  -0.564757
 -0.17494  -0.038405  0.119264 -0.084249 -0.264583  0.305896  0.308578
  0.315973  0.322056 -0.027331  0.131137  0.161753  0.325511]
[ 0.293947 -0.131486  0.241016  0.326304  0.087063  0.328432  0.183969
  0.164201 -0.548847  0.072975  0.081934  0.302405  0.157894  0.143727
  0.11682  -0.601729 -0.046591  0.321993  0.333329  0.06573 ]
[-0.997249 -0.696866 -0.771802 -0.369874  0.24448   0.333246  0.042243
  0.201501  0.085157  0.331918  0.321202  0.17927  -0.343576  0.111978
 -0.984855  0.273734  0.27388   0.33332   0.322227 -0.347287]
[-0.586889 -0.976587 -0.635833 -0.217649  0.317615 -0.913722  0.26434
 -0.074924  0.139114  0.244143  0.297015 -0.487595  0.117562  0.328848
  0.327466  0.248626  0.329369 -0.463736 -0.785319  0.279042]
[-0.788959  0.317665  0.313427 -0.242116  0.297253  0.241139  0.319625
  0.151221 -0.952627  0.332982  0.284931 -0.025265 -0.800373  0.214319
 -0.702134  0.326136  0.333268  0.201894  0.293997  0.27315 ]
[-0.005163  0.302651 -0.795574  0.241396  0.285359 -0.202677 -0.560153
  0.310581  0.328141  0.316935  0.319968  0.093426 -0.929668  0.333127
  0.057399 -0.658765 -0.641955 -0.84284  -0.797044 -0.179155]
[-0.598296 -0.283905 -0.483163  0.298041 -0.760242 -0.373341  0.01781
  0.206662  0.333312  0.169345 -0.850947  0.230167  0.105258  0.088719
 -0.278558 -0.243081  0.193379 -0.063755  0.235579  0.034446]
[ 0.331859 -0.134533  0.284159 -0.180241  0.255152  0.001185  0.297172
  0.33197  -0.043419  0.115473  0.330039 -0.999571  0.326329 -0.784629
 -0.359239  0.296167  0.245666  0.332565  0.233344  0.266691]
[ 0.182618  0.281747  0.316856 -0.968152  0.332163 -0.12503  -0.595925
 -0.968223  0.151671  0.289988  0.167537  0.331297  0.143151  0.020773
  0.318363  0.156639 -0.842731  0.286296  0.09282   0.28999 ]
[ 0.040476 -0.286564  0.255913  0.089861  0.19077   0.193626 -0.121828
  0.129451  0.31695  -0.929834 -0.414048  0.308335 -0.457945  0.2734
 -0.299981  0.301554  0.196362 -0.792023  0.302746  0.332352]
[-0.193912  0.327456 -0.683086  0.290408  0.125061 -0.069825  0.221125
  0.244824  0.138598 -0.241684 -0.961948  0.225883 -0.935377  0.333305
  0.330519  0.32684   0.091943  0.003858 -0.994704  0.035705]
[ 0.250258 -0.713531  0.22313  -0.234247 -0.925335  0.118055  0.291468
  0.194378  0.317903  0.150579  0.219231 -0.049244  0.332462  0.293865
  0.303356  0.22724  -0.332638  0.313481  0.322931  0.111943]
[-0.075685  0.257892 -0.189384  0.297921 -0.272108  0.331557 -0.443963
  0.306663  0.20845   0.314731 -0.01322   0.326054 -0.715377  0.297857
  0.162791  0.265871 -0.999392  0.291986 -0.075696 -0.196937]
[ 0.101646  0.314639  0.304919  0.091559  0.320892  0.053709  0.08216
 -0.781495  0.326632 -0.611993  0.331452  0.214517  0.143056  0.295651
  0.223475 -0.983805 -0.559153  0.05699   0.239739  0.314661]
[ 0.327953 -0.999817  0.283732 -0.320801 -0.365117  0.2517   -0.910862
 -0.060442  0.161805  0.321299  0.317815 -0.944424 -0.671853  0.311153
  0.333108 -0.65779   0.331116  0.046657  0.319963 -0.043568]
[ 0.211247  0.065856  0.24865   0.314089 -0.248628 -0.550503  0.045894
  0.139805  0.006139 -0.533811  0.152401  0.308897  0.110187 -0.673105
 -0.990468  0.309968  0.319671 -0.945805  0.327924  0.326976]
[-0.569169  0.21355   0.10865  -0.421619 -0.791684  0.31055   0.085869
  0.16343   0.29781  -0.193781 -0.66604   0.129428  0.333039 -0.333085
  0.160466  0.279031  0.120189 -0.353861 -0.432663 -0.514706]
[ 0.301646  0.240001 -0.140515  0.256711 -0.558014 -0.91964   0.226259
  0.333233  0.328933  0.333224  0.180499  0.213936  0.333312 -0.161621
  0.326305  0.097621  0.170693  0.264126  0.298125  0.235598]
[ 0.140074  0.31572  -0.147798  0.305616  0.330762  0.226855 -0.730554
  0.31491   0.327188 -0.884551  0.128474  0.151418 -0.460522 -0.20537
  0.332959  0.27885   0.30396   0.121851  0.325788  0.246024]
[ 0.00924   0.269273  0.331435  0.20202  -0.455484 -0.920993  0.119854
 -0.854514  0.332803  0.309105  0.330007 -0.031513  0.053605  0.332758
  0.29757   0.031729  0.329164  0.331757  0.326319  0.332505]
[ 0.200398  0.325699  0.132135  0.04632  -0.602737  0.050606  0.270436
  0.226907 -0.981321 -0.39603   0.28666   0.320061 -0.455641 -0.474876
  0.016463 -0.303498 -0.629567  0.31118   0.331379  0.296409]
[ 0.308087  0.329012  0.193284  0.22562   0.273291  0.178344  0.058707
  0.191701  0.291245  0.293291  0.327167 -0.41579   0.210842  0.254886
  0.330376  0.297789  0.061254  0.271171 -0.963537 -0.813774]
[ 0.07911   0.323978 -0.393099  0.058648  0.2482   -0.508949  0.323785
  0.245925  0.170236 -0.758775  0.226561  0.332626  0.291081  0.181367
  0.268451  0.318988  0.24121  -0.440259  0.182662 -0.337313]
[-0.275553 -0.617551  0.279222  0.31603   0.135146  0.322248  0.240345
 -0.64547   0.333036  0.279175  0.235632  0.28409  -0.073211  0.319364
 -0.204347  0.33105   0.286637  0.163231 -0.646114 -0.017775]
[ 0.264434  0.051012 -0.256327 -0.118616  0.331408  0.248581  0.224546
  0.291095  0.321915 -0.480613  0.275544  0.332307  0.325544 -0.330305
 -0.368019  0.331217  0.320041  0.305057  0.249409  0.284073]
[-0.619695  0.315823 -0.12254   0.109865  0.308953 -0.565266  0.020384
  0.333103 -0.94594  -0.067778  0.046111  0.038618  0.328824  0.275889
  0.191471 -0.639424  0.12165   0.01529   0.305108 -0.170088]
[ 0.320221  0.236498  0.217907  0.270799  0.255308  0.32995   0.233521
  0.329014 -0.018212 -0.004189  0.303295 -0.173998  0.239101 -0.928327
  0.331888  0.086299  0.182174  0.285433  0.087853 -0.144278]
[ 0.323278  0.097628  0.332991  0.320465  0.303041  0.332248 -0.807549
 -0.970907 -0.078804  0.310198  0.258939 -0.198078 -0.345081  0.315628
  0.040554  0.328781  0.251353  0.005134 -0.130745  0.248541]
[ 0.269251  0.210465 -0.213513 -0.270336  0.333214 -0.33863  -0.786486
 -0.928175  0.203043  0.32095   0.331078  0.299327 -0.491446  0.023841
  0.125145  0.020447  0.298859  0.168525 -0.464323  0.332547]
[ 0.23656  -0.64844   0.333209  0.328643 -0.33589  -0.411282  0.321682
  0.235394  0.330434 -0.442017  0.323216  0.269701  0.209835  0.304545
  0.022938 -0.20964   0.332208  0.275899  0.331238  0.311119]
[-0.302616 -0.077775  0.285472  0.32747   0.254161 -0.727962  0.331586
  0.333123 -0.836894 -0.023291 -0.124112 -0.750964 -0.236704 -0.056564
 -0.415011 -0.320746  0.323602 -0.744971  0.052527  0.020393]
[-0.918302  0.279799 -0.012248  0.32002  -0.777662 -0.057319 -0.374364
  0.280945  0.012762  0.32816   0.303782  0.326645  0.115868 -0.508491
  0.293056  0.257559  0.285621  0.329443  0.319238  0.326131]
[ 0.049243  0.213975  0.076057  0.316498 -0.850702  0.264867  0.317538
 -0.189527  0.320645  0.323892  0.284162  0.016734  0.330793  0.251888
  0.132694  0.27134   0.333099  0.190724 -0.493741  0.226538]
[ 0.306947  0.167107  0.233538  0.135286  0.083679  0.159701 -0.895794
  0.021762 -0.861051 -0.999502  0.151368  0.133971  0.196124  0.328451
  0.317729  0.314262  0.295396  0.288706  0.332184  0.130859]
[ 0.056222 -0.967621  0.159882  0.244929  0.316145  0.328192  0.327886
  0.099799  0.286706  0.066465  0.056027 -0.018807  0.151088 -0.144206
 -0.487796  0.175784  0.092944  0.183309  0.249583  0.223673]
[ 0.18592   0.254069  0.106344 -0.028278  0.011182 -0.467535  0.308695
  0.32726   0.162117  0.324781 -0.413485 -0.981127  0.078538 -0.127287
  0.330143 -0.984877  0.004282 -0.890399 -0.999657 -0.971049]
[-0.801585  0.331982  0.30265   0.33069   0.172461 -0.999303  0.31841
  0.17758  -0.648211 -0.15783  -0.857914  0.266208  0.228019  0.310552
  0.321479  0.332943  0.104342 -0.530036  0.085287 -0.379023]
[-0.149985 -0.78234  -0.397473 -0.779203 -0.989025 -0.021787  0.21722
  0.141705  0.143234  0.254975  0.115842  0.156822  0.304404  0.121537
  0.313175  0.325877  0.102194 -0.643231  0.233469 -0.20238 ]
[-0.293     0.331014  0.125278  0.277626  0.279103  0.311329 -0.474673
  0.223541 -0.323806  0.176489  0.305262  0.3098    0.232692 -0.997127
  0.222822  0.084584  0.234407 -0.991145  0.329914  0.248264]
[ 0.300531  0.166594  0.026137  0.042176  0.274733  0.302611  0.237947
 -0.366204  0.326594  0.306844  0.135424  0.039806 -0.813612  0.249034
  0.33329   0.236531  0.036446 -0.915439  0.018633  0.303575]
[ 0.322795  0.24331  -0.222221 -0.429473  0.331335  0.155125  0.330178
  0.222237 -0.862611  0.283234  0.247416 -0.80423   0.203333 -0.221549
 -0.163794  0.234361  0.32546  -0.963723  0.055193  0.252092]
[-0.003923  0.298397  0.327073  0.295154 -0.766555  0.150725  0.311557
 -0.308171  0.210728  0.333325  0.332959 -0.194639  0.220046  0.306656
  0.283637  0.269307  0.333321  0.131979  0.326472  0.284798]
[ 0.275942  0.159378  0.081724 -0.266704 -0.256695  0.320054 -0.990864
  0.275747  0.127674  0.090174  0.287477  0.19923   0.176861 -0.17156
 -0.200306 -0.616515  0.293603  0.328297  0.258383 -0.971675]
[ 0.317606 -0.413068  0.333292  0.016896  0.322063  0.320324  0.329433
  0.248885 -0.905113 -0.587101  0.333301  0.327846 -0.910557 -0.9535
  0.242013 -0.983337  0.166195  0.262306  0.09702   0.317195]
[ 0.306381  0.045809  0.254004  0.127699  0.280865  0.086656  0.188204
 -0.662235  0.104415  0.30146   0.1579    0.261354 -0.869537 -0.805727
  0.049504  0.314313 -0.399986 -0.978579 -0.049898  0.275787]
[ 0.290317  0.323892  0.328876  0.330827 -0.481026 -0.135325  0.312246
  0.181641  0.212445  0.0042    0.11072   0.33293   0.225345 -0.999973
  0.180239  0.267056  0.276254  0.275968 -0.992788  0.333226]
[-0.769655  0.331478  0.333128  0.214873  0.029345 -0.254987 -0.334968
  0.178865 -0.392322 -0.254947  0.26005   0.330928 -0.931255  0.327286
  0.059505  0.242965  0.247581  0.186102 -0.697894 -0.176012]
[ 0.14262   0.326377  0.307515  0.328805  0.284456  0.227035  0.28312
 -0.886293  0.315547 -0.599839  0.054399  0.272082  0.288995 -0.004365
  0.186027  0.333269 -0.049031  0.191592  0.269669  0.200188]
[ 0.234507 -0.159016 -0.635156 -0.232984 -0.512133  0.309696  0.326083
 -0.171152  0.217548  0.066139 -0.036826 -0.113952  0.221806 -0.90555
  0.306083 -0.026732 -0.076115  0.296429  0.332268  0.174398]
[ -2.799490e-01  -1.131524e-01   1.467475e-01   3.328877e-01   2.121745e-01
   8.683039e-02  -1.017286e-01  -5.257775e-04   1.661998e-01  -9.994684e-01
  -9.891324e-01   9.037586e-02   3.196490e-01   2.354081e-01   2.993816e-01
   1.888007e-01  -1.757946e-02   2.232494e-01  -1.744452e-01  -9.870990e-01]
[ 0.296916  0.322522  0.264036  0.293208  0.285925 -0.996691  0.257215
 -0.338254  0.277033  0.247918  0.153455 -0.097153 -0.689826  0.321219
  0.118411  0.033571  0.1042   -0.594369  0.327537 -0.054938]
[ 0.333235  0.118054  0.233445  0.228981 -0.071453  0.333102  0.240223
  0.3317    0.296112  0.317078  0.308294  0.331938  0.243239  0.101283
  0.24735  -0.955255 -0.999589  0.238749  0.262797  0.179243]
[ 0.313551  0.147654  0.166177  0.332167  0.325598  0.321967 -0.243107
  0.333327  0.332229 -0.983542 -0.736061  0.333087 -0.621519  0.194987
 -0.283504  0.061866  0.198465  0.266993  0.330203  0.294902]
[-0.353972 -0.906495  0.124083  0.190763 -0.107989  0.258193  0.318609
  0.20935   0.111996  0.289455 -0.197788  0.292256 -0.840667  0.218064
  0.304947  0.328115 -0.019054 -0.936228  0.282837 -0.229571]
[ 0.14245  -0.190791 -0.534672  0.325839 -0.683623 -0.067449  0.082279
 -0.685118 -0.846363  0.328039 -0.236723 -0.156166  0.014608  0.328027
  0.113308 -0.668974  0.332092 -0.361788  0.305702  0.26543 ]
[-0.103631  0.052261 -0.993672  0.220603  0.304602  0.260256 -0.916736
  0.082432 -0.875673  0.112061 -0.25744   0.303637  0.169111 -0.33494
 -0.078662 -0.364237  0.142166  0.07258  -0.91211  -0.961482]
[ 0.330042 -0.403097  0.332921  0.276608  0.31652   0.33249  -0.903374
  0.332953  0.298203  0.226557  0.092999 -0.127802 -0.494897  0.01596
  0.184612  0.330854 -0.570208  0.047694  0.286342  0.331528]
[ 0.332838  0.279394 -0.736699  0.332934 -0.921359  0.229175 -0.449365
  0.285515 -0.190704  0.23726   0.329083  0.207149  0.195914 -0.054091
  0.285155  0.271763  0.3258    0.246931 -0.350369  0.061631]
[ 0.332079  0.250041  0.024532  0.32509   0.265167  0.279548 -0.78707
  0.324739  0.254657 -0.612448  0.330981  0.292187 -0.573063  0.304112
 -0.022863  0.214699 -0.575692  0.329143  0.252532 -0.476821]
[-0.32604   0.241714 -0.252557 -0.811515 -0.827967 -0.749562  0.273171
 -0.726861 -0.434126  0.073599  0.330043  0.310523  0.289686 -0.989649
 -0.902098 -0.762057  0.285221 -0.028297  0.322749  0.170973]
[ 0.107639  0.116859 -0.693159  0.128691  0.332447 -0.35658   0.266929
  0.263733  0.217991  0.053673  0.027864  0.222549  0.333317  0.333266
  0.320639 -0.041389  0.333258  0.320378 -0.6823   -0.277196]
[ 0.295616 -0.13014   0.242244  0.042344  0.269647 -0.134139 -0.997211
  0.186034  0.331671 -0.034927  0.122088  0.066445  0.166738  0.010043
 -0.749353 -0.914837  0.300213  0.297014  0.244416  0.318926]
[ 0.330606  0.272344 -0.285411  0.082113  0.321623  0.310475 -0.998491
  0.061482 -0.284887 -0.57629   0.104035 -0.267088  0.328122 -0.00127
 -0.892498  0.2829   -0.426409  0.329258  0.31207   0.306151]
[ 0.218642  0.333296  0.325655  0.331833 -0.916191  0.320724  0.259924
  0.103742 -0.609695 -0.215142 -0.851264 -0.355805  0.071723 -0.609491
  0.280978 -0.091621  0.074207 -0.380741  0.328973  0.329275]
[ -4.295618e-01  -9.833381e-02   2.415153e-01   2.609672e-01   2.714032e-01
   1.663875e-01  -9.998263e-01   3.281598e-01   2.818503e-01   1.155703e-01
  -2.670970e-05  -4.425353e-01   3.211094e-01   5.879989e-02   3.087917e-01
   2.675999e-01  -8.425488e-01  -9.849856e-01   2.732425e-01   3.135369e-01]
[ 0.158922  0.213793 -0.603349 -0.69623  -0.259068  0.323844 -0.703083
  0.288131  0.332985 -0.764249  0.20011  -0.225935 -0.504168 -0.871739
 -0.815406  0.31346   0.275971  0.223406  0.332078 -0.294961]
[ 0.042822 -0.046586  0.058436 -0.921768  0.065124  0.142227 -0.66209
  0.021673  0.061786  0.073291  0.122881  0.146749 -0.34426   0.031932
 -0.088805 -0.899941  0.198261  0.137686  0.13486   0.230239]
[ 0.312458  0.258473 -0.339701 -0.552619  0.161782  0.240623  0.220414
 -0.731575 -0.808623  0.047674 -0.076212 -0.097015  0.292358  0.242952
 -0.333499  0.283449 -0.60634  -0.192178  0.202069 -0.724007]
[ 0.284563  0.091798  0.309461 -0.83504  -0.837747  0.319943  0.040349
  0.3272    0.138467 -0.324648  0.329856 -0.448318  0.245736  0.315403
  0.107629  0.174177  0.191481 -0.207264  0.104871  0.129866]
[ 0.054239 -0.807084  0.271275 -0.275246  0.25498   0.280446  0.314553
  0.325881  0.176424 -0.714774  0.32285  -0.016638  0.323721  0.316861
 -0.259444  0.010262  0.27973   0.210628 -0.323256  0.167023]
[ 0.13557   0.227313 -0.289359 -0.404836 -0.191635 -0.542851 -0.872895
  0.329846 -0.055847 -0.070884 -0.894939  0.270844  0.082942  0.286193
 -0.997429  0.31668   0.293863 -0.999564  0.31097   0.220562]
[-0.949517  0.285815  0.258388  0.327244 -0.542455 -0.161412  0.332186
  0.330281  0.006961  0.232161 -0.624341 -0.457608  0.25126   0.292993
  0.312448  0.330835 -0.398953  0.3209    0.216234 -0.097756]
[ 0.333256  0.325752 -0.798209  0.323504  0.331667  0.264536  0.174718
  0.111429  0.316392 -0.104156  0.204682  0.332834  0.197115  0.273832
  0.127285  0.124695  0.143731  0.310114 -0.419545 -0.378415]
[ 0.271851 -0.819711  0.256367  0.057743 -0.175644  0.283062 -0.357935
  0.041877  0.332388 -0.132614  0.320821  0.325446  0.092442  0.074472
 -0.531265  0.293045 -0.714742  0.225692 -0.039975  0.168543]
[ 0.333327  0.333315 -0.853121 -0.052068  0.010632  0.333088  0.251035
 -0.944097  0.14396   0.237864  0.312609  0.207238 -0.659941  0.233162
  0.23982  -0.491347 -0.999198 -0.523461  0.05371  -0.037634]
[-0.980142  0.254759  0.311264  0.284462  0.094997 -0.143255  0.324881
 -0.926323 -0.920471  0.31798  -0.296846  0.195317  0.26252   0.143115
  0.296817  0.32305   0.143807 -0.153362  0.306002  0.333139]
[-0.424622 -0.297314 -0.830762 -0.992483  0.3269    0.240929 -0.205691
 -0.962296  0.153106  0.292352  0.324107  0.318592 -0.183637  0.308127
 -0.101261  0.160895  0.129414  0.262578  0.300914  0.315256]
[ 0.308065  0.306378 -0.983527  0.063881 -0.750757 -0.018666  0.208825
  0.056545  0.330223  0.224353 -0.253467  0.322046  0.296742  0.210791
  0.182472  0.295573  0.158962  0.32121   0.223971 -0.552358]
[ 0.26721   0.323362  0.244156 -0.913539 -0.705088  0.20536  -0.83072
  0.298666  0.185694  0.33317  -0.992029  0.304103  0.205259 -0.960856
  0.330436  0.293644 -0.188694  0.063704 -0.521903  0.294737]
[-0.066993629526100829, 0.037766081796385298, 0.071007732373667365, 0.079324605807051446, -0.026855798777365547, 0.015152180076130561, 0.0085848152870766636, 0.018125058334993172, -0.0042566318843187019, 0.087239118157018847, 0.1255657587111991, -0.026504048176819617, 0.086657966499666367, 0.035783963797821561, -0.066369337086250813, -0.024470101502711672, 0.082437046073706638, 0.041410501676938105, 0.038739606240273353, -0.022911570172469808, 0.0090909349964908848, 0.0019077384280962451, -0.037866593559773787, 0.018620389299774165, -0.0081189663424353631, -0.041722609589585846, 0.017327512082163366, -0.028443256580151011, -0.0096290077862384305, 0.1016083681230228, 0.026850214516392926, 0.018221158066010157, 0.059832987223247258, -0.020288331544294373, 0.051135721733231262, 0.072451771641877494, -0.079710044400257307, 0.054128833389159303, 0.085223884402182648, 0.019006473013517086, -0.02675051771227651, 0.030556133901606858, -0.013909035611250509, 0.058142485424713383, 0.035916571256303598, 0.063417895218995074, -0.026922734811340998, 0.061014205371479058, 0.069391086537428204, 0.027590672303876823, 0.091930675493306607, 0.017362013419890021, 0.048588119888686498, 0.037753379346676254, 0.0068701753481741346, -0.010751151841714553, -0.0032917818777122854, 0.025056214281279687, -0.024569757792544084, -0.016858611171737037, 0.069522975748031735, 0.0089392663388743188, 0.047798688311103919, 0.0098944817847913535, -0.016911240150775719, 0.023175705994422979, 0.022243579766166477, 0.011408973864577177, -0.031059269355295266, 0.0077357390922389024, 0.036780990827584237, 0.046356864503332151, 0.022124887011565397, 0.0063014521380616029, 0.0058393302067925035, 0.023517832054722784, -0.021646037998444959, 0.042936404089700952, -0.0022625254293749397, -0.0018382348430601714, -0.024316863989801762, 0.0035255096242768902, -0.041330786579074685, 0.076363793257741286, 0.012032045796265517, -0.010966735482666246, -0.011853943861851846, 0.029994640591967325, 0.030669877559765857, 0.037013849525706022, 0.037780826251090097, 0.0087543668475513481, -0.017221740067404179, 0.10736301309016055, 0.053562001986353136, 0.031835423645255434, 0.030884763685238292, -0.010848921775517939, 0.050138531930196351, 0.073874192587181836]
('time: ', 9874.081346988678)
