“Running plot script on a single CPU core”
[-0.048101 -0.018855 -0.047238 -0.013443  0.039191 -0.007236]
[-0.042579  0.020918  0.03118   0.014247  0.013537 -0.009629]
[ 0.057338  0.023423  0.094528  0.018186 -0.004537 -0.01237 ]
[-0.034396  0.067467  0.051719 -0.014337  0.00696   0.021522]
[ 0.023122  0.117489  0.143875 -0.048494 -0.007052  0.012622]
[-0.007358  0.102674  0.080757 -0.018622 -0.030511  0.021566]
[ 0.001516 -0.028667 -0.053319  0.016635  0.056888  0.033645]
[-0.037467  0.009068  0.006403 -0.008022 -0.000508 -0.006349]
[ 0.060809  0.06008   0.078934  0.021028  0.011412  0.025401]
[ 0.02716   0.034209  0.065021  0.012053 -0.023495  0.009353]
[ 0.043745  0.060736  0.063866 -0.007725  0.004538  0.004811]
[ 0.042224  0.110048  0.122687 -0.05497  -0.025984 -0.041282]
[-0.042258  0.021661 -0.002231  0.024374 -0.017205 -0.016023]
[ 0.066276  0.07534   0.094471  0.01152  -0.00548  -0.000327]
[ 0.067575  0.001942  0.071095 -0.033818 -0.014221  0.020416]
[ 0.031163  0.083236  0.073236  0.011401  0.025495  0.02578 ]
[ 0.025244  0.081857  0.067475 -0.005044 -0.00185   0.020816]
[ 0.003537  0.064348  0.013082 -0.023804 -0.018839  0.007036]
[ 0.070888  0.05795   0.084444  0.003547  0.038963  0.007848]
[ 0.033124 -0.011744  0.055567 -0.021289  0.000577  0.009611]
[-0.067118 -0.006296 -0.011823 -0.014517  0.029362  0.03247 ]
[ 0.015969  0.026605 -0.008594  0.036988  0.008407 -0.005178]
[-0.02532   0.015333  0.064488  0.003034  0.002479 -0.006121]
[-0.023197 -0.009129  0.071344 -0.018135 -0.00866   0.01411 ]
[ 0.050872  0.133451  0.073446  0.002337  0.032261  0.00465 ]
[-0.051149 -0.030404 -0.02444  -0.006505 -0.004321  0.054961]
[ 0.099541  0.070565  0.067752  0.005106  0.026342  0.004492]
[-0.041505  0.022742  0.035322 -0.00127   0.019371  0.018557]
[ 0.016482 -0.016951 -0.05832  -0.003336  0.020647  0.005079]
[-0.044563  0.01039   0.056357 -0.036063 -0.026759  0.00798 ]
[-0.089231  0.014956 -0.008454 -0.024948  0.037238 -0.009428]
[-0.025483  0.071708  0.00279   0.001403 -0.042227 -0.000416]
[ 0.106693  0.112365  0.071882 -0.012383 -0.030031 -0.0404  ]
[  5.827737e-02   5.873004e-02   1.063902e-01  -2.107195e-02   1.467953e-03
  -8.760646e-05]
[ 0.030459  0.025721  0.060047 -0.025662  0.01763  -0.009561]
[ 0.038172  0.059862  0.048918  0.008873  0.0327    0.009243]
[ 0.008784  0.006675 -0.031782  0.003183  0.027545 -0.009032]
[ 0.008544  0.014337  0.020038 -0.010596 -0.011782  0.015427]
[ 0.009656  0.022349 -0.112924  0.019723  0.018748  0.007713]
[ 0.09289   0.087682  0.103174  0.00642  -0.015599  0.022956]
[ 0.017699  0.080085  0.055517  0.001801  0.014254  0.023431]
[ 0.00255   0.036587  0.077182  0.002654 -0.001448  0.001905]
[ 0.052565  0.066874  0.054972  0.005002  0.02808  -0.02071 ]
[ -9.654466e-06   7.649254e-02  -6.400407e-02   3.018159e-02   1.672562e-02
   3.629359e-02]
[ 0.092695  0.010962  0.073629  0.011424 -0.020291  0.002746]
[ 0.072804  0.119771  0.013239 -0.0043    0.010836  0.01855 ]
[ 0.006544  0.016678  0.024793  0.044522 -0.020923 -0.012516]
[ 0.083853  0.083712  0.047569 -0.0466    0.000193  0.017042]
[ 0.080605  0.111944  0.099628  0.006694 -0.025846 -0.013121]
[-0.018473  0.002012 -0.042137  0.032118  0.000629  0.019394]
[ 0.081261  0.067977  0.061901  0.007848 -0.009173 -0.007234]
[ 0.009528  0.024836  0.037002 -0.008193  0.011995  0.009582]
[-0.00127   0.042718 -0.00386   0.015055 -0.009872  0.006489]
[-0.018407  0.058068  0.057602  0.015134  0.010728  0.016271]
[ 0.074609  0.066761  0.063719  0.013419 -0.021961 -0.007537]
[ 0.06271   0.091176  0.099288  0.010634 -0.006091  0.003268]
[ 0.022686  0.067619  0.081247 -0.011768 -0.024167 -0.050543]
[ 0.007502  0.014256  0.022428 -0.019132 -0.048474  0.019874]
[ 0.013036  0.001298  0.003129 -0.008537  0.004271 -0.015451]
[ 0.067245  0.106152  0.074248 -0.017945  0.002756  0.003358]
[ 0.051711  0.071908  0.091328  0.000875  0.03053  -0.009785]
[-0.011443  0.033879 -0.007407 -0.003584 -0.005012  0.035429]
[-0.019606  0.027707  0.02993  -0.002424  0.012371  0.049974]
[ 0.010773  0.028833  0.049666  0.01778  -0.027633 -0.032049]
[ 0.025727  0.021822  0.066202 -0.012309 -0.054876 -0.001815]
[ 0.08975   0.044968  0.095583 -0.022691 -0.008932  0.002872]
[ 0.089033  0.102443  0.095145  0.006351 -0.015843  0.000743]
[-0.023313 -0.00853  -0.058545 -0.005577 -0.004314 -0.004935]
[-0.033899  0.006498 -0.005421  0.009155 -0.030602  0.007668]
[-0.00746  -0.012106 -0.047713  0.013513 -0.006281  0.027222]
[ 0.03913   0.013176  0.046133 -0.016828  0.01789   0.025031]
[ 0.10893   0.027796  0.106126  0.032581  0.004778 -0.010049]
[ 0.066344  0.080772  0.046922  0.010415 -0.008672 -0.02364 ]
[ 0.017563  0.067625  0.030003  0.017155  0.005068  0.008797]
[ 0.079169  0.054445  0.070333 -0.0053   -0.009158 -0.010992]
[ 0.07154   0.009086  0.076043  0.041644 -0.020525  0.003532]
[ 0.010588  0.153072  0.037487 -0.044277 -0.031498  0.018131]
[ 0.02064   0.010892  0.039789  0.010944  0.003248  0.007599]
[-0.058998  0.023256  0.093406  0.068771 -0.000704 -0.001177]
[-0.029396  0.06009   0.103355  0.043424  0.00883  -0.018324]
[ 0.039507  0.059664  0.082989 -0.00188   0.032192 -0.003745]
[-0.001327 -0.029881  0.127039 -0.04874   0.014987  0.00909 ]
[ 0.093164  0.061812  0.106754 -0.003654 -0.024749  0.014292]
[ 0.051028 -0.001507  0.075208  0.003729 -0.000639 -0.017286]
[ 0.065528  0.097456 -0.012143  0.053297 -0.001849 -0.035212]
[-0.000699  0.031065 -0.062069  0.016474  0.047701  0.012732]
[-0.005261  0.028513  0.036561 -0.016879  0.02222  -0.006253]
[ 0.018394  0.069289  0.043831  0.001275 -0.012122  0.018425]
[-0.025739  0.062731  0.07467   0.006193 -0.006544  0.015342]
[-0.015177  0.035001 -0.003263 -0.004682 -0.003067  0.002912]
[ 0.031194  0.027618  0.041833  0.005805 -0.0269   -0.012527]
[ 0.078474  0.145456  0.09738  -0.039072  0.033698  0.01688 ]
[ 0.090002  0.083504  0.097711  0.009632 -0.003086  0.000106]
[ -1.609410e-02  -2.640969e-02  -1.642521e-03  -3.195139e-03   4.731765e-05
  -4.645045e-04]
[ 0.050464  0.035188  0.112673 -0.005056 -0.014293 -0.003209]
[ 0.070635  0.055535  0.04255  -0.003552 -0.015566 -0.014651]
[ 0.002656  0.006603  0.020439 -0.014393 -0.025186 -0.026714]
[-0.011155  0.082662  0.075389  0.003056  0.001924 -0.022045]
[-0.022982  0.008143  0.027203  0.00693   0.000783  0.011197]
[ 0.039252  0.066672  0.082718 -0.020128 -0.008659 -0.007072]
('Mean', 1, ': ', 0.039252221267347301)
('Median', 1, ': ', 0.039252221267347301)
('Variance', 1, ': ', 0.0)
('Mean', 2, ': ', 0.06667183354064482)
('Median', 2, ': ', 0.06667183354064482)
('Variance', 2, ': ', 0.0)
('Mean', 3, ': ', 0.082717982713283983)
('Median', 3, ': ', 0.082717982713283983)
('Variance', 3, ': ', 0.0)
('time: ', 8822.219403028488)
