“Running plot script on a single CPU core”
[-1.047314 -0.964436 -1.13527  -0.909693 -1.002648 -1.039268 -0.103271
 -0.079402  0.113983 -0.025537  0.148237  0.168083  0.001151  0.144371
 -0.050606 -0.043772  0.013064  0.004615  0.016886 -0.014855]
[-0.760493 -0.894577 -0.563472 -0.757957 -0.314401 -0.520358 -0.04808
 -0.102084 -0.114666  0.14151   0.018524 -0.066338 -0.043735 -0.041387
 -0.154959 -0.041008  0.157777 -0.084659  0.024612 -0.005416]
[-0.935841 -1.331894 -1.094624 -1.183679 -0.780685 -1.175243 -0.005202
  0.03075   0.038783  0.126269  0.034562 -0.006412 -0.012964 -0.034285
  0.066271 -0.018539  0.0141    0.006245  0.02483  -0.017403]
[-1.229623 -1.233577 -0.632401 -1.300754 -0.647182 -0.718197 -0.076019
 -0.064605 -0.050616  0.027478 -0.136222  0.031043  0.097451 -0.207507
 -0.009319  0.137739  0.06077  -0.136503  0.008797  0.038719]
[-1.036814 -1.155944 -0.875627 -0.953385 -0.735736 -0.760113  0.016311
  0.122548 -0.042276 -0.173899  0.035642  0.030479 -0.003323  0.098193
  0.001432 -0.059605 -0.128548  0.02917  -0.041163 -0.028012]
[ -8.867493e-01  -8.898595e-01  -8.521448e-01  -9.194288e-01  -8.932403e-01
  -8.559861e-01  -7.039760e-02   4.700012e-04   7.776784e-02  -1.150088e-01
  -1.320032e-02   2.908250e-02   8.460658e-03  -9.163879e-03   8.896459e-03
  -1.029803e-02  -1.713004e-01  -6.448836e-02   3.948321e-02  -3.073096e-03]
[-1.275388 -1.110456 -0.850113 -1.039389 -0.887407 -0.863986  0.024252
  0.033511 -0.037582  0.093596 -0.042779 -0.018489 -0.018674  0.035092
 -0.057471 -0.109851  0.070301  0.030938 -0.027554 -0.022239]
[-1.078703 -0.932303 -0.882054 -0.9487   -0.922256 -0.873703  0.044959
  0.020991  0.015128  0.05412   0.032718 -0.010133 -0.003542  0.045358
 -0.051636  0.076192  0.047709 -0.011197  0.012665  0.019227]
[-1.063527 -0.74062  -1.112685 -0.784823 -1.038643 -0.812223 -0.002633
 -0.153095  0.110568 -0.049995  0.112094  0.124505 -0.064859  0.048961
 -0.072946 -0.076436 -0.071172 -0.008009 -0.042986 -0.028902]
[-1.240251 -0.976813 -0.815726 -0.939041 -1.058462 -0.755914 -0.059047
 -0.020416  0.009884 -0.161126  0.028488  0.024937 -0.076179  0.008011
  0.039044 -0.154195 -0.150863 -0.177458 -0.009856 -0.031304]
[-1.245136 -0.934676 -0.969132 -0.84186  -0.970012 -0.901589  0.02143
 -0.088192  0.024148 -0.075615 -0.013145  0.036269 -0.002422 -0.02535
 -0.055764 -0.052873 -0.054165 -0.004792  0.008457 -0.006365]
[-1.009872 -0.922373 -0.893402 -0.783864 -0.821113 -0.813195 -0.019507
  0.115235 -0.017679 -0.00916  -0.083014  0.02758   0.003655 -0.146514
  0.090537 -0.053341  0.035016 -0.018767 -0.043921  0.0107  ]
[-1.188779 -1.104177 -1.068106 -1.237745 -1.210521 -1.091456 -0.056835
  0.071508 -0.068456 -0.102336  0.115185 -0.071338  0.043689  0.098737
  0.059094  0.114341 -0.078162 -0.13473  -0.007618 -0.01509 ]
[-1.291235 -1.347563 -1.36547  -1.034854 -0.972708 -1.056227  0.022765
 -0.006095  0.254097 -0.148911  0.059999  0.088777  0.122027 -0.0269
  0.1272    0.23347  -0.181078  0.051667  0.017349  0.037014]
[-0.734952 -0.759831 -0.684876 -0.60321  -0.579662 -0.68271  -0.041245
  0.003764  0.053901  0.017238 -0.040166  0.062459 -0.017618 -0.026782
 -0.00955  -0.016076  0.002746 -0.04017  -0.02666   0.025369]
[ -7.662691e-01  -6.312949e-01  -7.338528e-01  -5.623209e-01  -5.702149e-01
  -4.728856e-01   4.049380e-02  -3.650476e-04  -4.120534e-02   1.059266e-02
  -4.386594e-02  -2.224489e-02  -1.648849e-02  -6.342600e-02   6.236088e-02
  -5.612854e-02   4.399865e-02   2.404358e-02  -1.342275e-02  -1.932761e-02]
[ -1.042151e+00  -8.492429e-01  -7.127033e-01  -1.046978e+00  -9.113578e-01
  -7.850425e-01   7.844552e-02  -1.204590e-01  -4.724064e-02   2.936176e-03
   7.338744e-02   4.081791e-02   7.509059e-02   7.521802e-02  -1.071195e-01
   3.560601e-02   8.456006e-05   1.492115e-01   5.813076e-02   4.047847e-02]
[-0.886633 -0.781175 -0.693974 -0.738172 -0.820669 -0.714095  0.16279
 -0.03829   0.008843 -0.019455  0.106396 -0.057176  0.00708   0.042456
 -0.037618 -0.056627  0.001293  0.102984 -0.042398 -0.02628 ]
[-1.338404 -1.089442 -1.208217 -1.163085 -1.194089 -1.015911  0.081731
 -0.040355  0.015278 -0.168326  0.049576  0.010913 -0.046852 -0.011537
 -0.097368 -0.145735 -0.140539  0.062086  0.006343  0.039846]
[-1.133872 -1.232604 -0.976776 -0.963847 -0.83188  -0.856602 -0.00611
 -0.082704 -0.010898 -0.021397 -0.008066 -0.084128 -0.099914 -0.003311
  0.0189   -0.112841  0.002083 -0.104074 -0.01057  -0.012918]
[-0.968705 -0.963702 -1.087246 -0.905794 -0.967357 -1.038521  0.096786
  0.052526  0.038935  0.007864  0.093019  0.029399  0.091176  0.037177
  0.025887  0.088523 -0.010611  0.111522  0.006125 -0.033034]
[-1.068682 -0.991929 -0.940232 -1.000239 -0.99566  -1.018912  0.116471
  0.040116  0.04978  -0.040981  0.055326  0.023662  0.16917   0.023518
 -0.04613   0.104868 -0.004143  0.054848 -0.012457  0.005356]
[ -1.186404e+00  -1.221264e+00  -4.649109e-01  -1.453864e+00  -4.893264e-01
  -3.474016e-01   6.409927e-02  -1.036971e-01   5.408025e-02   1.675058e-02
  -1.017427e-01   5.817949e-03  -1.561717e-01  -1.888946e-01  -7.244403e-02
  -6.821612e-02  -3.145488e-02   1.008122e-01   3.743777e-04   9.864168e-04]
[-0.998885 -0.743401 -0.942983 -0.705009 -1.003943 -0.791758  0.122635
  0.10328   0.066779 -0.088222  0.091973  0.017353 -0.068504  0.071828
  0.075437 -0.078261 -0.139746  0.081949 -0.056333 -0.023408]
[ -9.617638e-01  -9.992760e-01  -9.304888e-01  -8.247124e-01  -8.826763e-01
  -8.907464e-01   7.773465e-02   6.913698e-02  -4.051321e-02   5.395367e-02
   6.610089e-02   9.164546e-03   6.381681e-05   1.252722e-01   9.553828e-02
  -5.255413e-02   6.732068e-02   6.770905e-02  -1.956040e-02  -1.507924e-02]
[-0.831135 -0.877056 -0.930181 -0.69833  -0.740541 -0.921565 -0.096263
 -0.056976  0.057756 -0.005816 -0.0068    0.1151   -0.002252 -0.012218
 -0.057488  0.002825 -0.011902 -0.135094 -0.021245  0.005635]
[-0.884075 -1.065298 -1.053356 -0.840695 -0.903207 -1.226991 -0.050936
  0.095933  0.07564  -0.052851  0.061172  0.056704 -0.002354  0.050896
 -0.004703  0.012012 -0.059601 -0.055877 -0.01571   0.021272]
[ -9.208047e-01  -9.608637e-01  -1.031687e+00  -8.245386e-01  -8.471671e-01
  -9.948392e-01  -2.847292e-03  -1.462416e-01  -2.481366e-02   1.138323e-02
   1.219496e-02   3.204741e-03   8.077990e-02   5.950818e-02  -1.149158e-01
   1.357393e-01   1.089209e-02   5.720650e-02  -6.448667e-02   8.727030e-04]
[-0.903103 -0.607101 -0.631828 -0.579907 -0.764315 -0.411163  0.011927
  0.001738 -0.022746 -0.076907  0.185948 -0.001055 -0.124156  0.170625
  0.052747 -0.093633 -0.043319  0.014004 -0.044322 -0.030669]
[-1.039874 -0.766737 -0.683427 -0.869574 -0.906084 -0.668338  0.07901
 -0.037177  0.144814  0.126673  0.067092  0.088499  0.039674  0.058864
 -0.053134  0.025588  0.127304  0.06691   0.001144  0.022516]
[-0.90783  -0.822497 -0.87294  -1.00244  -1.009858 -0.949919 -0.040455
  0.004658  0.151015 -0.125256  0.141945  0.200794 -0.11132   0.008069
  0.025554 -0.133089 -0.201618  0.03714  -0.042105  0.076043]
[ -8.228823e-01  -8.555218e-01  -9.485528e-01  -7.086130e-01  -7.791820e-01
  -7.530356e-01  -1.548486e-02  -1.524544e-02  -5.090666e-02  -8.283669e-02
   2.094843e-02   2.773647e-04  -4.096241e-02  -2.896270e-02   2.208783e-02
  -3.546844e-02  -8.764625e-02  -2.705990e-02   3.224610e-02  -1.222840e-02]
[-0.530915 -0.738111 -0.647373 -0.599774 -0.434523 -0.608413  0.042031
  0.035775  0.015482 -0.080358  0.029769  0.035444  0.160535  0.027321
  0.056185  0.175846 -0.10048   0.145864 -0.006435  0.007818]
[-1.119597 -0.673637 -0.898801 -0.593778 -0.948135 -0.636298 -0.112469
  0.167582  0.014533  0.138489 -0.113758 -0.037784 -0.114225 -0.044757
  0.126186 -0.17159   0.030176 -0.118242  0.05049  -0.011503]
[-0.829844 -1.069971 -0.99879  -1.071636 -0.829083 -1.088521 -0.065377
  0.167393 -0.041121 -0.119407  0.007724 -0.079081 -0.147669 -0.118259
  0.084434 -0.08527  -0.139328 -0.070775  0.089576 -0.004382]
[-0.758569 -0.809511 -0.764706 -0.754576 -0.685793 -0.811404 -0.001759
 -0.062779  0.185482  0.018174 -0.090285  0.242505 -0.127138 -0.016908
 -0.125321 -0.191066  0.026962 -0.010291  0.077411  0.039615]
[-1.178504 -1.122874 -0.930438 -0.969854 -1.004209 -1.158387 -0.054667
 -0.070186 -0.054089  0.06313  -0.051632  0.021568  0.007936 -0.07638
 -0.05342   0.067838  0.073511 -0.038265  0.02439   0.017058]
[-0.909713 -0.316485 -0.745537 -0.437174 -0.846699 -0.340873 -0.014454
  0.094968 -0.063381 -0.064434  0.015048 -0.121747 -0.029622  0.011927
  0.072634 -0.01964  -0.023297 -0.030658  0.003295  0.038483]
[ -6.657010e-01  -6.491843e-01  -7.361964e-01  -6.997277e-01  -8.157840e-01
  -8.399947e-01  -1.117810e-01  -7.240507e-02   2.379309e-02   3.538963e-02
   8.850893e-03  -8.253285e-03   6.765293e-03   2.133898e-02  -9.143444e-02
  -8.582804e-03   2.311232e-02  -9.830896e-02   9.585217e-03   2.762992e-04]
[-0.916458 -0.888477 -0.649475 -0.787239 -0.654658 -0.583407  0.100822
  0.056896  0.003621 -0.071959  0.018833  0.012733 -0.084855  0.052956
  0.068118 -0.123545 -0.004501 -0.02583   0.022159  0.035157]
[-0.962622 -0.841389 -0.786249 -0.866412 -0.760563 -0.626698 -0.020994
  0.105041 -0.031423 -0.077727  0.035862 -0.013338  0.023649  0.00361
  0.026489 -0.001488 -0.141232 -0.021312 -0.044811 -0.009079]
[-1.201679 -1.118318 -0.907728 -1.083424 -0.86316  -0.541595 -0.1099
 -0.009235 -0.030485  0.008484  0.006231 -0.034066 -0.116366 -0.046405
 -0.080006 -0.101244  0.084851 -0.0711    0.011733  0.010638]
[-0.902495 -0.846949 -0.895337 -0.989756 -0.913163 -0.895504  0.09451
 -0.013433  0.186822 -0.03062   0.071941  0.187432  0.048121  0.085997
 -0.058452  0.093033 -0.089683  0.042386  0.015035  0.032122]
[-0.839494 -0.620399 -0.737841 -0.827906 -0.85034  -0.79064  -0.036607
 -0.061426  0.131787  0.022432  0.008247  0.179262  0.002622  0.071775
 -0.019462 -0.055514  0.066219  0.005488 -0.062414 -0.018555]
[-1.024161 -0.898862 -0.620127 -1.002012 -0.786557 -0.935058 -0.021867
 -0.021926  0.002738  0.086553 -0.014313  0.014877 -0.085051 -0.021073
  0.018979 -0.040354  0.126563 -0.012523  0.037722  0.019965]
[ -1.238373e+00  -1.432157e+00  -1.119256e+00  -1.062997e+00  -8.228621e-01
  -8.824185e-01   4.781624e-02  -3.086418e-04   5.338112e-02  -5.006721e-02
   1.002337e-01   1.118904e-01  -1.667082e-01   1.168171e-02  -3.617904e-02
  -1.096654e-01  -4.426957e-02   1.454905e-02  -2.075676e-02  -4.980316e-03]
[-0.709971 -0.680803 -0.506993 -0.961725 -0.797031 -0.81063   0.01198
 -0.106629  0.037433 -0.039793  0.091812  0.103539  0.086766  0.15196
 -0.133541 -0.004969  0.023127 -0.055179 -0.027506  0.01937 ]
[-0.716482 -0.662264 -0.631219 -0.551046 -0.52711  -0.448923  0.103319
 -0.019687 -0.032314  0.050304  0.004577 -0.028777 -0.088257 -0.053152
 -0.02263  -0.090828  0.085221  0.122136  0.000816  0.002211]
[-0.941668 -0.950216 -0.920869 -0.91384  -0.900808 -0.885123  0.036864
 -0.011273  0.017802 -0.036513  0.053898  0.006873 -0.068999  0.144532
 -0.05839  -0.097935 -0.025532  0.054442  0.007676  0.009732]
[-0.758719 -0.64326  -0.638812 -0.608384 -0.772827 -0.59285   0.037426
  0.098321 -0.041262  0.018963  0.05041  -0.072023 -0.017327  0.014031
  0.130258 -0.097295 -0.010695  0.042347 -0.034538  0.002307]
[-0.616884 -0.565088 -0.575909 -0.676612 -0.823968 -0.691591 -0.05187
 -0.074996 -0.057857 -0.024749  0.03949   0.010278  0.110305  0.0651
 -0.080947  0.109723 -0.049482 -0.052244 -0.04228   0.005939]
[-0.879951 -0.882482 -0.839886 -0.799971 -0.807777 -0.789287  0.073777
  0.029549  0.007514  0.027265 -0.010481  0.008023 -0.061965 -0.006992
  0.037259 -0.01035   0.069857  0.104337  0.03841   0.005594]
[-0.637689 -0.744718 -0.684335 -0.778282 -0.597616 -0.744321  0.026342
  0.054719 -0.001369 -0.046305 -0.043346 -0.017836 -0.059029 -0.056357
  0.06264  -0.048841 -0.049812  0.040829  0.006104  0.020448]
[-1.091283 -1.088045 -0.978026 -1.00236  -0.759303 -0.975374 -0.064394
  0.044084  0.094603  0.151907 -0.124155  0.092899  0.084703 -0.048938
 -0.012855  0.058087  0.11521  -0.068906  0.067496  0.005825]
[-0.742257 -0.643949 -0.361105 -0.884594 -0.636638 -0.637995 -0.02811
 -0.036961 -0.17307   0.122821 -0.062102 -0.018422 -0.091067 -0.121119
 -0.070091 -0.063167  0.168164  0.010802  0.030007 -0.009481]
[ -1.187578e+00  -9.945786e-01  -1.224235e+00  -7.138103e-01  -7.288865e-01
  -6.705685e-01  -1.476545e-03   2.194427e-03   3.066448e-02   6.012619e-02
   4.746477e-02   9.315327e-02  -1.422124e-02  -3.385189e-02  -3.366627e-03
  -1.244117e-02   5.300803e-02  -6.131685e-02   7.808352e-04  -2.182276e-02]
[-0.950359 -0.940848 -0.886262 -0.919707 -0.932474 -0.804747  0.065663
  0.011005 -0.061558 -0.003134  0.007926 -0.091042  0.051958  0.025777
  0.042419  0.069677  0.020041  0.066297 -0.008131  0.024744]
[ -9.708103e-01  -9.143284e-01  -8.142062e-01  -8.897282e-01  -8.631299e-01
  -7.153001e-01  -1.466167e-02  -4.292351e-02   1.130048e-03   5.200395e-02
   5.002649e-03   9.115109e-03   7.715746e-02   2.785198e-02  -5.896788e-02
   9.721770e-02   4.887960e-02  -1.061417e-02   3.314822e-04  -1.890835e-02]
[-0.854653 -0.76771  -0.831609 -0.853507 -1.184346 -0.975947 -0.004453
 -0.026168  0.01949   0.045745  0.084378 -0.094968  0.010622  0.106403
 -0.02762   0.026068 -0.060329 -0.040616 -0.094681 -0.04828 ]
[-1.037054 -0.837596 -0.856525 -1.09347  -1.022206 -0.799153 -0.031314
 -0.043329  0.059293 -0.051999 -0.087271  0.048598 -0.091544 -0.040643
 -0.027938 -0.134817 -0.020176 -0.044192  0.008317 -0.042999]
[-1.014982 -1.086687 -0.882244 -0.989605 -0.754248 -0.853211 -0.007823
 -0.041499 -0.021533 -0.049315  0.121535 -0.018401  0.043263  0.094563
 -0.020812  0.012217 -0.091111  0.029872 -0.056475 -0.008126]
[-1.070365 -1.125353 -0.847322 -1.25524  -0.959514 -0.887093 -0.025205
 -0.099964  0.114094  0.159514  0.139169  0.165135  0.018853  0.15663
 -0.033549  0.117062  0.140772  0.010611 -0.052224 -0.063317]
[-0.78143  -0.730718 -0.667168 -1.007023 -1.040088 -0.910689 -0.004953
  0.100201 -0.092687 -0.022914 -0.081307 -0.104411  0.148834 -0.047379
  0.054931  0.226501 -0.063549  0.038148 -0.005868 -0.007925]
[-0.783106 -0.649458 -0.65119  -0.821966 -0.886444 -0.642246 -0.048562
  0.098421 -0.037417  0.030751  0.098925 -0.034079 -0.105385  0.121869
  0.10281  -0.168316  0.043607 -0.106718  0.015545  0.014753]
[-1.322108 -1.510695 -0.868801 -1.369797 -0.937691 -0.996051  0.131929
 -0.061996  0.035896 -0.029809  0.143702  0.048668 -0.064822  0.083153
 -0.107974  0.005606 -0.06233   0.109054  0.054808  0.011637]
[-0.802832 -0.548879 -0.727316 -0.726472 -0.911773 -0.76578   0.097379
 -0.086146  0.018187  0.04391   0.040166  0.049182  0.038838  0.016726
 -0.0617    0.023474  0.089824  0.008331 -0.031132 -0.025429]
[-1.072949 -1.033413 -0.808185 -0.93329  -0.920609 -1.01918  -0.171057
 -0.056554  0.07888   0.015192  0.059247  0.139767 -0.051972  0.03531
 -0.08135  -0.017062  0.020714 -0.155319 -0.004765  0.006737]
[-0.817844 -0.659584 -0.677907 -0.819512 -0.706606 -0.646014 -0.041817
  0.028878 -0.004815  0.053043 -0.145951  0.018629 -0.01116  -0.174243
  0.001537 -0.020782  0.030353 -0.037578  0.04869   0.030443]
[ -9.830051e-01  -6.422450e-01  -7.709739e-01  -7.603739e-01  -8.238793e-01
  -5.067679e-01  -7.265293e-02  -3.184690e-02  -1.102524e-01   5.526736e-04
   1.437850e-01  -4.434122e-02   1.064736e-01   1.323855e-01  -3.500738e-02
   8.621180e-02   3.684656e-02  -1.060757e-01   1.930137e-02   2.254419e-02]
[-0.89705  -0.571262 -0.975907 -0.576705 -0.911745 -0.571261  0.009281
 -0.114776  0.017686  0.041125  0.017686  0.083827  0.083575  0.005737
 -0.193011 -0.024528  0.012762 -0.064313  0.001133 -0.030008]
[-1.022957 -0.975519 -1.096664 -1.025763 -0.987097 -0.904224  0.039698
 -0.143336  0.004821  0.026803  0.036102  0.031424  0.170837  0.070451
 -0.038902  0.121546 -0.036403 -0.019864 -0.0511   -0.02568 ]
[-1.174078 -0.667618 -0.939162 -0.705411 -1.134122 -0.446988  0.015653
  0.064669 -0.057611 -0.093628 -0.094309 -0.041045  0.012306 -0.100346
  0.10765   0.095488 -0.131702  0.070815 -0.011408  0.019852]
[-0.842579 -0.936929 -0.745722 -1.106513 -0.876406 -1.256662 -0.009284
  0.029822 -0.067868 -0.053086  0.067803 -0.0959    0.063975  0.052713
  0.018634  0.08043   0.025749 -0.098315 -0.005216  0.008414]
[-0.840079 -1.061661 -0.72195  -0.941682 -0.68896  -0.826332  0.120834
  0.028302 -0.022567 -0.114704  0.032668 -0.055122 -0.068719  0.02929
  0.044716 -0.062879 -0.117813  0.113219  0.00258   0.01747 ]
[-0.824144 -0.91991  -1.077912 -0.805202 -0.747403 -1.091841 -0.094485
  0.092198  0.012745  0.129694 -0.041434  0.034058 -0.104442 -0.041586
  0.009112 -0.048286  0.1639   -0.055725  0.062233  0.067329]
[-0.777318 -0.733329 -0.672285 -0.770596 -0.624561 -0.612152  0.045676
 -0.026638 -0.013441 -0.075046 -0.044036 -0.06708  -0.048139 -0.0642
 -0.005496 -0.051722 -0.10931   0.042941 -0.031228 -0.017005]
[-0.940345 -1.031626 -0.630552 -0.833162 -0.503257 -0.643673  0.013184
 -0.001663 -0.114917  0.013465  0.043127 -0.092524 -0.110952  0.051574
 -0.021206 -0.077981  0.015511  0.088899 -0.058504 -0.015003]
[-1.037142 -0.632522 -0.756797 -0.658869 -0.874652 -0.600394  0.049056
  0.054255 -0.036124  0.036543  0.004148 -0.026166  0.131303 -0.009833
 -0.004473  0.179654 -0.029804  0.118483 -0.027836  0.003721]
[-1.033694 -0.91324  -1.055178 -0.733619 -0.691173 -0.637194 -0.066213
  0.061515  0.046916 -0.076979 -0.013671 -0.068962  0.081599  0.033269
  0.138988  0.009159  0.019984 -0.074351 -0.046197 -0.046529]
[-1.04115  -0.960337 -0.861847 -0.94139  -0.921954 -0.917689  0.046231
  0.008222  0.055562 -0.045974 -0.007144  0.049798  0.106614 -0.00305
  0.088166 -0.00454   0.024387  0.033631 -0.001106  0.046207]
[-0.822138 -0.668228 -0.634947 -0.711445 -0.727292 -0.646927  0.020339
 -0.115516  0.001982  0.043594  0.068892 -0.040541 -0.024436  0.063274
 -0.148869 -0.030814 -0.01507   0.005541  0.023989 -0.011463]
[-0.83535  -1.067796 -0.95925  -0.873792 -0.815377 -1.142386  0.123181
  0.099414 -0.002464  0.029391 -0.015358 -0.043407 -0.072581  0.071417
  0.03647  -0.011498  0.04518   0.103812 -0.044542 -0.020779]
[-1.086945 -0.803568 -0.783419 -1.090507 -1.155761 -0.924859  0.04056
 -0.160766  0.011887 -0.005527  0.108368  0.072227 -0.026889  0.087432
 -0.169791 -0.051655 -0.020018 -0.012665  0.016692 -0.035147]
[-0.729403 -0.874924 -0.661014 -0.765486 -0.632627 -0.800407  0.028991
  0.055094 -0.157026 -0.065248  0.014791 -0.180934 -0.00391  -0.00208
  0.100059 -0.037795 -0.087632  0.100175 -0.029534 -0.024906]
[-1.070626 -1.009668 -0.972241 -0.951183 -0.862582 -0.91283  -0.062794
 -0.08848  -0.002343 -0.12418   0.030095  0.01205   0.189691  0.034784
 -0.160683  0.153444 -0.143043  0.039978 -0.001969  0.012697]
[-0.896697 -0.896846 -0.911105 -0.97682  -0.904003 -0.986548 -0.039303
 -0.07636   0.100918 -0.080041  0.063562  0.076471 -0.044411 -0.01008
 -0.09336  -0.036231  0.011601 -0.017537 -0.066173 -0.018813]
[-1.032992 -0.991187 -1.043774 -0.945697 -1.048059 -0.971098 -0.045122
 -0.06047  -0.031291 -0.018785  0.040412 -0.041514  0.049848  0.065571
 -0.062733  0.035615  0.014076  0.009867  0.048841  0.008002]
[-0.828351 -0.737165 -0.654714 -0.835899 -0.678051 -0.647712  0.028569
  0.122087 -0.07968  -0.083179  0.060854 -0.026462 -0.168764  0.105629
  0.095325 -0.199752 -0.082825  0.021994  0.044487 -0.003099]
[-0.494576 -0.812894 -0.923799 -0.369762 -0.559248 -0.845834 -0.213906
 -0.111585 -0.252524  0.010114  0.058989 -0.207316  0.150183  0.007111
 -0.121117  0.12676   0.099165 -0.260214 -0.013774  0.003475]
[-0.942017 -1.029269 -1.077362 -0.962809 -0.955654 -1.105334 -0.103761
 -0.037247  0.060025 -0.099406 -0.040964  0.005719  0.050205 -0.04607
 -0.082931  0.033688 -0.144395 -0.09277   0.091895  0.003551]
[-1.298184 -1.130414 -0.941519 -1.027414 -0.956756 -0.829628 -0.026605
 -0.079482  0.082292 -0.011881  0.143118 -0.003979  0.094358  0.035388
 -0.162872  0.260417  0.05285   0.130497 -0.157851 -0.027458]
[-0.817536 -0.753759 -0.786338 -0.673239 -0.785533 -0.870736 -0.058973
  0.038815  0.056946 -0.002054  0.024469  0.052921 -0.031607  0.006183
  0.039869 -0.029198 -0.109202 -0.002352  0.017059  0.006841]
[-0.946757 -0.706969 -0.797866 -0.762169 -1.028718 -0.683251 -0.008555
 -0.110054  0.045595 -0.103125 -0.023374  0.113901 -0.014368  0.020713
 -0.169485 -0.041761 -0.109313  0.043557  0.003548 -0.042313]
[-0.871931 -0.882647 -0.826635 -0.896685 -0.776292 -0.773343  0.012028
 -0.01376   0.04124  -0.117362  0.093613  0.064214 -0.028849  0.050561
  0.002121 -0.041328 -0.177888 -0.016373  0.004364 -0.021006]
[-1.508106 -1.18479  -1.242867 -1.423136 -1.49401  -1.274533 -0.101537
  0.152463 -0.005229 -0.055152  0.042794 -0.06478   0.082359  0.044967
  0.201411  0.110777 -0.070131 -0.065042  0.091507  0.0116  ]
[-1.014273 -0.874698 -0.961744 -0.746426 -0.817897 -0.754495 -0.135931
 -0.002804 -0.018921 -0.137337 -0.046562 -0.142537 -0.165267 -0.037168
 -0.024792 -0.115633 -0.110782 -0.179024  0.056083  0.015925]
[-0.856555 -0.898505 -0.646293 -0.893195 -0.688366 -0.544711 -0.020679
  0.125588  0.03305   0.059808 -0.038269 -0.023095 -0.095558 -0.029885
  0.138169 -0.048099  0.16727  -0.024591  0.082918  0.024909]
[-1.06089  -1.005044 -0.805557 -1.013801 -0.815073 -0.790098  0.033435
  0.077426 -0.115903  0.07475   0.008321 -0.177432 -0.092734 -0.025976
  0.031159 -0.030042  0.091253  0.010439 -0.027977 -0.007143]
[-1.242122 -1.117539 -1.149051 -1.190407 -1.163257 -1.221379 -0.073715
  0.085062 -0.033443  0.04357  -0.005111  0.015818 -0.058494  0.042917
  0.038246 -0.106047  0.065048 -0.071951  0.020315 -0.00988 ]
[ -7.879791e-01  -8.452250e-01  -9.401633e-01  -7.321162e-01  -7.807186e-01
  -9.146042e-01  -4.994130e-02  -3.267113e-02   1.242509e-01   3.083118e-02
  -6.911691e-02   1.099440e-01  -9.070676e-04  -2.905284e-02  -9.385095e-02
   4.092125e-03   5.419949e-03   1.599967e-02  -6.135617e-02  -1.694549e-02]
('Mean', 1, ': ', -0.78797908535553374)
('Median', 1, ': ', -0.78797908535553374)
('Variance', 1, ': ', 0.0)
('Mean', 2, ': ', -0.8452250393994245)
('Median', 2, ': ', -0.8452250393994245)
('Variance', 2, ': ', 0.0)
('Mean', 3, ': ', -0.9401632655773815)
('Median', 3, ': ', -0.9401632655773815)
('Variance', 3, ': ', 0.0)
('Mean', 4, ': ', -0.73211618881949048)
('Median', 4, ': ', -0.73211618881949048)
('Variance', 4, ': ', 0.0)
('Mean', 5, ': ', -0.78071859267632226)
('Median', 5, ': ', -0.78071859267632226)
('Variance', 5, ': ', 0.0)
('Mean', 6, ': ', -0.91460420621705452)
('Median', 6, ': ', -0.91460420621705452)
('Variance', 6, ': ', 0.0)
('time: ', 10891.420201063156)
