“Running plot script on a single CPU core”
[-1.267452 -1.014638 -0.931117 -1.14092  -1.007091 -0.959939 -0.075549
  0.014     0.010168 -0.106429 -0.029068 -0.027618 -0.06835   0.005533
  0.020037  0.068606 -0.08795  -0.077526  0.026984 -0.032863]
[-0.80007  -0.826301 -0.564038 -0.937321 -0.503269 -0.510962 -0.001006
  0.02511  -0.012965 -0.035417  0.183418 -0.068913 -0.125954  0.183986
  0.130786 -0.158785 -0.018404  0.065681 -0.070173 -0.025708]
[-0.991595 -0.870637 -0.782342 -0.748044 -0.634433 -0.597113 -0.052431
  0.026425  0.020427  0.060251 -0.034763 -0.01749   0.039703 -0.036616
 -0.008056  0.068084  0.039837  0.014233 -0.053203 -0.010886]
[-0.999538 -0.939887 -0.77756  -1.054973 -0.787941 -0.815482 -0.064807
 -0.068725 -0.091572 -0.11581  -0.1065   -0.140015  0.065345 -0.010058
 -0.022198  0.016137 -0.094012 -0.038279  0.015186  0.021139]
[-1.097022 -0.866177 -0.946156 -1.069933 -1.17526  -0.868889 -0.099915
  0.029542 -0.086352 -0.087121 -0.020103 -0.02449   0.029151  0.0187
  0.018126  0.105103 -0.065171 -0.147281 -0.034979 -0.021874]
[-0.941554 -0.734662 -0.661862 -0.982638 -0.777781 -0.706537 -0.047412
 -0.1313    0.046991 -0.008793 -0.104781 -0.024727 -0.014961 -0.049909
 -0.091215 -0.031857 -0.074332 -0.018678 -0.0475    0.033467]
[-1.180573 -1.217043 -0.920463 -1.131399 -0.903964 -1.062665  0.008124
 -0.009388 -0.082648 -0.029246 -0.138288 -0.053486  0.157003 -0.104007
  0.027375 -0.007817 -0.132634  0.094499  0.019174  0.026853]
[-0.903253 -0.739126 -0.77775  -0.970171 -0.951822 -0.870209  0.128457
 -0.038629 -0.165291 -0.090338 -0.018594 -0.181843 -0.023929 -0.008763
 -0.008861 -0.044398 -0.044307  0.072865  0.001277 -0.0436  ]
[-0.937694 -1.173314 -0.9119   -0.888324 -0.858268 -0.960805  0.155624
 -0.025488 -0.066172  0.104259  0.03192  -0.085456  0.100222  0.014747
 -0.03225   0.085611  0.127369  0.099537  0.111011  0.03741 ]
[-0.868839 -0.929474 -0.755582 -0.72024  -0.712838 -0.79567   0.012431
  0.076838 -0.06949  -0.003224  0.058596 -0.134151  0.080476  0.025269
  0.03603   0.043079  0.028364  0.026077 -0.006944  0.006252]
[-1.219635 -1.045218 -1.161906 -0.869691 -0.941177 -0.801594 -0.019562
  0.061372 -0.039815  0.058791 -0.172905  0.020235  0.01333  -0.161666
  0.11808   0.002405  0.077356 -0.057414 -0.015993  0.003865]
[-0.841486 -0.797868 -0.853266 -0.745173 -1.038213 -1.18076  -0.05653
  0.121916 -0.15945  -0.02354  -0.024894 -0.224612  0.057765 -0.052685
  0.121459 -0.00746  -0.196525 -0.024398 -0.029354 -0.007218]
[ -1.079383e+00  -1.145583e+00  -9.181994e-01  -1.123390e+00  -9.769823e-01
  -1.028998e+00  -7.578434e-02   3.651650e-02  -3.642551e-02  -2.404288e-05
  -2.625671e-02  -4.340242e-02   9.290242e-02  -3.590144e-02   2.856547e-02
   7.240431e-02   5.391234e-02  -6.481479e-02  -6.368010e-02   3.208059e-02]
[ -1.057849e+00  -9.016887e-01  -7.461038e-01  -1.023307e+00  -1.038888e+00
  -8.419293e-01  -1.075829e-04   5.891819e-02  -6.803550e-02   1.053249e-02
   6.186576e-02  -8.155727e-02  -2.182162e-02   1.101721e-01   5.429884e-02
  -1.889609e-02   5.936588e-02  -3.974294e-02  -8.326381e-02  -1.466620e-02]
[-0.70279  -0.682841 -0.676294 -0.681136 -0.63566  -0.618067 -0.055732
 -0.027939  0.089675  0.018764  0.02992   0.060185  0.039748 -0.04447
 -0.036736  0.049064  0.016304 -0.0568    0.044034 -0.010644]
[ -1.004790e+00  -1.052934e+00  -1.017951e+00  -1.012331e+00  -1.019382e+00
  -1.069241e+00   4.790069e-02  -5.904455e-02  -3.743840e-02   3.496481e-04
  -7.771891e-02  -1.071193e-01   6.513500e-02  -6.546544e-02  -5.233309e-02
   5.234722e-02  -3.890371e-02   8.554237e-02  -5.003083e-02   7.365684e-03]
[-0.931847 -0.904689 -0.909383 -0.859801 -0.825774 -0.909564  0.010815
  0.065181  0.007386 -0.00796  -0.020316  0.033878 -0.035457 -0.042183
  0.077294 -0.007021 -0.008581 -0.038026 -0.045015 -0.022633]
[-0.831394 -0.978858 -0.869589 -0.815608 -0.669555 -1.02984  -0.016191
  0.057361 -0.109095  0.029773  0.136209 -0.144862 -0.049437  0.120386
  0.040623  0.035062 -0.050343 -0.064509  0.05344   0.010058]
[-1.158481 -0.718599 -0.948146 -0.777618 -1.197657 -0.62081   0.053656
 -0.050133  0.057429 -0.050497  0.076925  0.071359  0.188396  0.041546
 -0.14814   0.28642  -0.051192 -0.136233  0.044123 -0.007924]
[-1.088871 -0.920861 -0.899939 -0.870277 -0.847592 -0.754254 -0.052689
  0.121307 -0.081414 -0.001981 -0.066854 -0.107312 -0.035988 -0.071805
  0.078023 -0.018405 -0.057975 -0.034377  0.060247 -0.006888]
[-0.58286  -0.788914 -0.694186 -0.658503 -0.572033 -0.670731 -0.012385
  0.043894  0.038432  0.126074 -0.070329 -0.010233 -0.088032 -0.094596
  0.048845 -0.148729  0.201829  0.060665 -0.033881 -0.023528]
[-0.715328 -0.755369 -0.714048 -1.007246 -1.028996 -0.91943   0.051693
  0.032846 -0.041589  0.017848  0.113116 -0.057375 -0.065562  0.164825
  0.059246 -0.128315 -0.004377  0.096806 -0.037013 -0.049161]
[-1.095439 -1.028477 -0.968269 -0.888224 -0.806139 -0.74178   0.015932
  0.03012  -0.048896 -0.005833  0.026419 -0.063355 -0.018293  0.080563
  0.038002 -0.002363 -0.026918  0.04708   0.020525 -0.009246]
[-0.891339 -1.022415 -0.918269 -0.764222 -0.81055  -0.958261  0.030295
  0.045067  0.008216  0.097729 -0.039775 -0.017077  0.096111  0.037141
  0.081809  0.01128   0.09978   0.034683  0.032098 -0.01471 ]
[-0.851747 -0.750432 -0.958256 -0.684021 -1.008706 -0.968515 -0.077354
  0.034433 -0.014958  0.014851 -0.102882  0.046576 -0.096462 -0.093063
  0.072148  0.003701 -0.005057 -0.065005  0.023906  0.009   ]
[-1.141709 -0.870268 -1.052474 -0.873205 -0.985386 -0.732848  0.038836
  0.003447  0.019549 -0.005026 -0.0279    0.079082 -0.082531 -0.067015
 -0.013279 -0.143399  0.073388  0.104982  0.04349  -0.018935]
[-0.71434  -0.815057 -0.791079 -0.641426 -0.714485 -0.781704  0.057129
  0.031852  0.070819  0.013511  0.003299  0.012321 -0.025766 -0.014524
  0.05634  -0.024767 -0.006719  0.040834 -0.010216  0.014748]
[-0.910215 -0.808831 -0.757709 -0.905232 -0.914933 -0.882405  0.04322
 -0.105117 -0.016238  0.143927 -0.088509  0.030836 -0.132535 -0.100909
 -0.115869 -0.114854  0.120564  0.11703   0.053954 -0.029737]
[-0.760575 -0.803252 -0.739372 -0.745736 -0.678725 -0.680992  0.03518
  0.019059  0.006292  0.076448  0.066206  0.007662  0.02519   0.032121
  0.031709  0.032492  0.080483  0.019758 -0.034535  0.007769]
[-0.884616 -0.956859 -0.658247 -0.882895 -0.776542 -0.819381  0.066369
 -0.011738 -0.066681  0.091982  0.201187 -0.176082  0.004898  0.255984
  0.062458 -0.181303  0.045236  0.092067 -0.053323 -0.048513]
[-0.684645 -0.623973 -0.565642 -0.772021 -0.607117 -0.567489 -0.05292
  0.001923 -0.014589  0.136081  0.002005 -0.015043  0.043217 -0.014034
  0.004221  0.054219  0.171473 -0.072085  0.04206   0.004976]
[-0.702124 -0.814349 -0.514292 -0.939568 -0.628179 -0.616806  0.004589
  0.062829  0.057894  0.065648 -0.068538  0.082059  0.087666 -0.021506
 -0.010324  0.076241  0.092139  0.011173 -0.024     0.041898]
[-0.869317 -0.800529 -0.78459  -0.707145 -0.871979 -0.667936  0.076497
 -0.002866  0.045276  0.047958 -0.006601  0.082371 -0.031268  0.013286
  0.020411 -0.094968  0.071009  0.029718 -0.045965 -0.010135]
[-0.673569 -0.648427 -0.493494 -0.806405 -0.787387 -0.862276  0.004696
  0.098126 -0.081763 -0.017756 -0.130408 -0.059857 -0.034823 -0.114024
  0.118603 -0.127806  0.027243 -0.084734  0.036363  0.019114]
[-0.923553 -0.828212 -0.680366 -0.78789  -0.775832 -0.607212 -0.059064
  0.032946  0.041513 -0.004316  0.013567  0.08553  -0.068791  0.008871
  0.008259 -0.018342  0.004291 -0.0483    0.027499  0.008012]
[-1.09456  -1.034082 -1.1012   -0.833511 -0.932243 -0.953499 -0.070653
 -0.018906  0.168585  0.027518 -0.163732  0.113438  0.003323 -0.025769
  0.014461 -0.022607  0.04921  -0.043311 -0.03436   0.029302]
[-0.713864 -0.64387  -0.669382 -0.701555 -0.707721 -0.684715  0.01125
  0.102271  0.076269 -0.018064 -0.04493   0.078458  0.077707 -0.021702
  0.125756  0.096904 -0.025773 -0.006894 -0.02084  -0.025701]
[-0.652012 -0.820865 -1.023327 -0.823275 -1.025569 -1.134104  0.066163
 -0.026327  0.062994  0.05652   0.034046  0.146382  0.119926  0.018908
 -0.01024   0.171604  0.023316  0.016425 -0.051728 -0.029643]
[-1.105488 -0.977716 -1.036273 -1.038233 -1.003022 -0.993433 -0.06276
  0.105788 -0.05243  -0.051952 -0.072206 -0.060993 -0.080338 -0.058785
  0.11373  -0.041086 -0.061736 -0.040861  0.013965 -0.005396]
[-1.050151 -0.696778 -0.762169 -0.733295 -0.716833 -0.42395  -0.116045
  0.097907  0.054845 -0.115278 -0.07753   0.091485 -0.150078 -0.006146
  0.054528 -0.102471 -0.111061 -0.062858  0.01463   0.010301]
[-0.872209 -0.862136 -0.748946 -0.794065 -0.736848 -0.649131  0.047185
 -0.040695  0.051447 -0.011094  0.04072   0.074397  0.008084 -0.006638
 -0.015075  0.008251  0.068853  0.086082  0.009322 -0.002206]
[-0.969048 -1.171274 -1.01072  -1.19566  -0.982748 -1.097311  0.020805
  0.089185 -0.002811 -0.017091  0.001367 -0.024267  0.029024  0.137717
  0.093691  0.014763  0.068638  0.067823 -0.070753  0.051237]
[-0.753442 -0.805243 -0.7091   -0.748236 -0.707138 -0.763353 -0.046794
 -0.007954 -0.088023  0.014527 -0.055319 -0.12822  -0.037461 -0.018259
  0.038116 -0.010943 -0.032729 -0.09285   0.029196  0.011403]
[-0.976142 -0.716533 -0.594672 -0.934755 -0.823062 -0.5638   -0.093418
 -0.040137 -0.116949  0.134162  0.051526 -0.182473  0.068011  0.085791
 -0.049991  0.141055  0.069675 -0.085428  0.058986 -0.020765]
[ -9.211423e-01  -9.274961e-01  -8.848941e-01  -9.334990e-01  -8.387056e-01
  -8.844168e-01   8.650212e-02   4.009806e-02   3.569284e-02  -1.096969e-01
  -2.760264e-02   6.351574e-02  -3.399550e-02   1.247005e-03   8.064493e-04
  -2.596777e-02  -5.092758e-02   6.375053e-02  -5.069988e-02  -1.548716e-02]
[-1.291306 -1.048509 -1.103371 -1.043683 -1.077249 -1.118647 -0.145355
  0.115665 -0.101432  0.085977 -0.042989 -0.207445 -0.068819 -0.037606
  0.177376 -0.10926   0.075927 -0.251018  0.026003 -0.107924]
[-0.733815 -0.773722 -0.962118 -0.657275 -0.753673 -0.777749  0.128002
  0.004963  0.069809  0.045223  0.05418   0.111047  0.093767 -0.034612
  0.064165  0.036263 -0.022204  0.163519  0.001734 -0.016221]
[ -8.174981e-01  -6.686552e-01  -6.802674e-01  -7.460027e-01  -7.510613e-01
  -5.242806e-01  -2.606298e-02  -5.332504e-02  -5.951389e-02  -4.638804e-02
  -6.188022e-03  -5.836171e-02   3.860216e-02  -1.721890e-04  -2.829092e-02
   6.253268e-02  -3.398776e-02  -2.783385e-02   1.806824e-02   2.378948e-03]
[-0.921634 -1.173751 -0.921376 -1.069808 -0.785633 -1.004231 -0.026101
 -0.061051 -0.006022 -0.113727 -0.002756 -0.056142 -0.128562  0.078013
  0.014646 -0.091756 -0.14315  -0.028179 -0.036617  0.041501]
[-1.060024 -1.046506 -1.033294 -1.180402 -1.120847 -1.296349 -0.004482
  0.012748 -0.115276  0.021388 -0.169186 -0.080877 -0.106834 -0.17417
  0.05425  -0.101192  0.081277 -0.132505  0.076137  0.028626]
[-1.112406 -1.067926 -1.089607 -1.077422 -0.953644 -0.911862 -0.036174
 -0.04954   0.007476  0.038427  0.055895  0.018293 -0.035535  0.044224
 -0.042452  0.049959  0.065445  0.018738 -0.010193  0.011933]
[-0.978043 -1.046406 -0.76195  -0.868227 -0.654044 -0.831063  0.049991
 -0.048997 -0.022771 -0.108172  0.065134  0.010214  0.125007  0.102121
  0.027127  0.135191 -0.103416  0.030854 -0.024122 -0.029676]
[-1.008857 -0.936423 -0.662015 -1.022427 -0.751857 -0.761619 -0.051819
 -0.077155  0.137013  0.013504  0.078899  0.152976  0.001059  0.056717
  0.015179 -0.044405 -0.039473  0.003104  0.016366  0.00757 ]
[ -6.720341e-01  -9.561519e-01  -8.217593e-01  -8.800975e-01  -8.182933e-01
  -9.255139e-01   7.133887e-03  -5.559188e-02  -1.540977e-01   9.875480e-02
  -6.549048e-03  -1.577991e-01   9.462031e-04   3.170939e-02  -6.293756e-02
   1.371871e-02   1.048065e-01   2.478483e-02  -1.083631e-02   2.060588e-02]
[ -7.915020e-01  -8.616867e-01  -9.574604e-01  -6.740414e-01  -8.257569e-01
  -1.012204e+00  -1.429052e-01   1.367374e-01   7.393159e-02  -6.847621e-03
  -6.683580e-02   4.472070e-02   3.108127e-02  -8.937007e-02   1.495975e-01
  -7.522626e-04   7.270439e-02  -1.380014e-01   2.007753e-03   4.424375e-02]
[-1.078048 -1.016602 -0.865545 -0.863237 -0.699358 -0.749315  0.031519
  0.012472 -0.131631 -0.037051 -0.080009 -0.089949  0.085286 -0.052842
  0.053704  0.077323  0.017575 -0.028734  0.013468  0.004502]
[-0.854045 -0.726093 -0.935654 -0.606406 -0.61023  -0.657739 -0.026737
  0.117364 -0.057538 -0.086456 -0.095152 -0.068125  0.010644 -0.091748
  0.179948 -0.010242 -0.068441 -0.074755 -0.004642 -0.014879]
[-0.847903 -0.902407 -0.886747 -0.537315 -0.630814 -0.518647 -0.213304
  0.143261  0.143542 -0.167352  0.070674  0.155039 -0.252997  0.03731
  0.132229 -0.201209 -0.152342 -0.151516 -0.048622  0.023885]
[-0.951752 -0.908827 -0.794685 -0.867027 -0.753519 -0.72368  -0.054215
 -0.017067 -0.125738 -0.079374  0.034947 -0.114463 -0.068576  0.010317
  0.001168 -0.070492 -0.08556  -0.025105  0.0454    0.003776]
[-1.317096 -0.961297 -0.715474 -0.847086 -0.623085 -0.585499  0.0298
 -0.101608 -0.040394  0.022827  0.133633 -0.020952  0.058698  0.114476
 -0.145562  0.068244  0.10194   0.108304  0.010577 -0.070641]
[-0.966106 -0.89463  -0.789116 -0.90443  -0.786798 -0.741797 -0.066354
  0.065158 -0.12492  -0.043921 -0.241235 -0.125127 -0.094748 -0.263381
 -0.03333   0.098044 -0.04753   0.085869  0.051243 -0.015737]
[ -1.078702e+00  -1.123553e+00  -1.015361e+00  -1.181128e+00  -1.361927e+00
  -1.147165e+00  -5.846870e-02   3.669264e-02  -5.199410e-02  -8.357923e-02
   3.988959e-03   8.706735e-02  -1.410477e-01   1.134605e-02  -1.872052e-02
  -1.407041e-01  -1.738938e-02  -9.054009e-03  -5.678609e-02   4.453650e-04]
[-0.890069 -0.803469 -0.946522 -0.818613 -1.014141 -0.936412  0.028965
 -0.023746  0.131163 -0.053784  0.120521  0.123183  0.030899  0.096822
 -0.031538  0.161748 -0.026939 -0.015987 -0.032457 -0.040468]
[-0.895265 -0.871516 -0.960047 -0.881151 -1.037289 -0.993138 -0.002612
 -0.00359   0.01136  -0.043627  0.130923  0.028157  0.198596  0.21039
 -0.014268  0.203411 -0.099463  0.005462 -0.018733 -0.015521]
[-1.19286  -0.896986 -0.655762 -0.89784  -0.749679 -0.683117  0.015519
 -0.07791   0.082911  0.039721  0.128195  0.040678 -0.067844  0.038494
  0.026412 -0.132443  0.014718 -0.058196 -0.137619 -0.036745]
[-1.042408 -0.79849  -0.696009 -0.916136 -0.787284 -0.625555  0.010279
 -0.117088 -0.045082  0.163847  0.025452  0.013669 -0.011543 -0.012773
 -0.115886  0.001515  0.128195  0.10298   0.033465  0.037241]
[-0.948363 -0.628888 -0.846456 -0.632995 -0.963793 -0.548367  0.096646
  0.029983 -0.064772  0.027062 -0.010932 -0.027362 -0.038851  0.014756
  0.004759  0.023336  0.039645  0.022741  0.012802  0.048959]
[ -5.706789e-01  -6.043831e-01  -5.956981e-01  -6.654501e-01  -5.398552e-01
  -6.304124e-01  -4.461651e-02  -9.147893e-03  -1.431592e-01  -6.520100e-02
  -3.396515e-02  -1.606878e-01   5.420885e-02  -4.565851e-04   9.006510e-03
   9.907949e-02  -8.652584e-02   1.834683e-02  -6.842256e-03  -6.689604e-03]
[-1.005    -1.013472 -0.933694 -0.928045 -0.876654 -1.023897 -0.019184
 -0.034929 -0.105493  0.003812  0.119878 -0.079561  0.144329  0.04618
 -0.066766  0.154514  0.021468  0.003931 -0.019612 -0.025498]
[-1.040906 -0.975214 -1.063054 -1.150569 -1.174624 -1.011758 -0.028317
  0.096039  0.005948  0.018723 -0.09824   0.023406  0.056868 -0.089006
  0.043284  0.145774  0.033511 -0.087123  0.036724  0.012432]
[ -1.024986e+00  -8.030963e-01  -1.184961e+00  -5.288271e-01  -7.251373e-01
  -5.610934e-01  -2.193992e-01   5.781037e-02   9.701723e-04   1.507099e-01
   5.627211e-02  -1.184720e-01   3.234827e-02  -1.153706e-02   2.856658e-01
   1.629173e-01   2.589206e-02   2.035739e-02   5.097099e-02  -7.631631e-02]
[-0.834699 -0.692163 -0.929489 -0.553728 -0.692748 -0.702625 -0.019248
 -0.029949 -0.008703 -0.034705 -0.015538  0.054344  0.0895    0.062616
 -0.046445  0.086712 -0.030174 -0.076353 -0.019784  0.030769]
[ -1.012236e+00  -8.329882e-01  -8.940313e-01  -1.025705e+00  -1.047470e+00
  -9.355955e-01  -3.288673e-02  -1.613837e-04   1.335415e-02   6.135736e-02
   7.896464e-02   5.575905e-02   2.082396e-02   8.727789e-02   6.845530e-02
   1.665355e-02  -9.911070e-03  -4.099392e-02   4.803382e-02   6.513169e-03]
[ -1.075782e+00  -7.889733e-01  -7.556217e-01  -1.079676e+00  -9.516635e-01
  -8.002115e-01   2.435997e-02  -6.430082e-02  -4.870871e-02  -3.928164e-02
   5.793122e-02  -1.248264e-02   4.966582e-03   3.485361e-02  -5.826716e-02
   1.708808e-02  -2.825829e-02  -3.144274e-02  -8.169832e-02  -1.004246e-03]
[ -8.337802e-01  -7.655399e-01  -6.079689e-01  -7.062932e-01  -5.077785e-01
  -5.399451e-01   5.543533e-02   6.147341e-03  -4.358527e-05  -1.625484e-02
   4.471009e-03  -3.501397e-03  -1.658559e-02   4.104610e-02   1.340120e-02
   1.578197e-02   5.020037e-02   5.090097e-02   1.610515e-02  -6.120480e-03]
[-1.269432 -1.171855 -0.850604 -1.265665 -0.956152 -0.714225 -0.123736
 -0.036937  0.06181   0.026436 -0.122216  0.051101  0.136223 -0.040357
  0.007673  0.089468  0.02749  -0.074388 -0.099179 -0.019681]
[-0.811728 -0.786477 -0.816469 -0.728073 -0.659939 -0.750562 -0.033947
  0.012446 -0.025649  0.039832 -0.002252 -0.035741 -0.056331 -0.004829
  0.030012 -0.033904  0.032996  0.031375 -0.012738  0.016285]
[ -1.027247e+00  -1.278650e+00  -1.216335e+00  -8.882645e-01  -9.758545e-01
  -1.172642e+00  -6.058186e-02   3.289092e-02   5.537291e-02   4.562295e-02
  -3.934647e-02   3.815619e-02  -2.470317e-03  -9.034064e-02   6.702223e-02
  -6.800541e-02   9.112950e-02  -1.130689e-01  -5.136588e-02   9.756673e-04]
[-0.720415 -0.644093 -0.516216 -0.956362 -0.977485 -1.034248 -0.202318
 -0.071804  0.142782 -0.045674  0.08673   0.024751  0.034395  0.052957
 -0.144222 -0.026971 -0.097728 -0.202659  0.005726  0.018445]
[ -1.310386e+00  -8.382933e-01  -7.883891e-01  -8.407286e-01  -8.516129e-01
  -5.791763e-01  -1.108317e-02  -2.465419e-03  -1.306357e-03   8.820244e-03
  -1.124258e-01  -1.574908e-02   9.141922e-02  -7.895492e-02   2.177212e-02
   1.595251e-01  -3.121537e-02  -3.022234e-02  -4.847158e-02  -6.557078e-02]
[-1.105793 -1.041349 -0.899971 -0.96269  -0.882075 -0.921912  0.030531
 -0.041777 -0.004909  0.039356 -0.080072  0.037318 -0.024163 -0.057424
 -0.092594 -0.03216   0.015483  0.098133  0.029171  0.007503]
[-0.928758 -0.849538 -0.759395 -0.757262 -0.630483 -0.63747   0.025214
  0.06856  -0.052152  0.00194   0.091833 -0.045838 -0.014282  0.123459
  0.053991  0.010305 -0.045329  0.062447 -0.021722 -0.0267  ]
[-0.760806 -0.688344 -0.806305 -0.804783 -1.03862  -0.823912 -0.050385
 -0.123401 -0.051416  0.042896  0.052485 -0.014067 -0.025186 -0.008963
 -0.079287 -0.020192  0.042577 -0.107948 -0.029899 -0.007817]
[-0.863853 -0.73317  -0.622152 -0.637065 -0.625793 -0.628302  0.226615
 -0.121831  0.063591  0.004258  0.068617  0.018845  0.112552  0.091933
 -0.151172  0.162289 -0.067583  0.285297  0.001843  0.055591]
[-1.005047 -1.006837 -0.873429 -0.917786 -0.612671 -0.614632  0.170478
 -0.020814 -0.126726 -0.060481  0.099021 -0.102298 -0.068709 -0.003418
 -0.070697 -0.002088 -0.064793  0.178655 -0.057299 -0.080956]
[-1.118084 -0.896546 -1.012605 -0.925876 -1.068647 -0.873437 -0.151078
 -0.193455  0.045485  0.056142  0.035241  0.052655  0.018052 -0.103688
 -0.068475 -0.131234 -0.008508 -0.196519 -0.043449 -0.020279]
[-0.786417 -0.55081  -0.742844 -0.630193 -0.886661 -0.603739  0.03983
 -0.216943 -0.015574  0.076263 -0.126254  0.021983 -0.132275 -0.15281
 -0.294989 -0.179755  0.047977  0.069701 -0.012142 -0.028994]
[-0.807806 -0.779322 -0.89974  -0.727824 -0.730436 -0.819775 -0.087657
 -0.040395  0.108713  0.129474 -0.03269   0.040452  0.066464  0.043512
 -0.081311  0.109873  0.228813 -0.086229  0.046279 -0.02937 ]
[-0.924485 -0.778725 -1.008447 -0.482409 -0.682895 -0.573841  0.043955
 -0.030427 -0.020107 -0.06968  -0.021581 -0.008442  0.063059 -0.023237
  0.075912  0.070005 -0.007601  0.107151  0.021213  0.004569]
[ -9.724073e-01  -9.288083e-01  -7.748367e-01  -7.980350e-01  -6.232288e-01
  -5.332824e-01  -1.457123e-01   3.914048e-02  -2.513733e-02  -7.232049e-02
   6.004844e-02  -8.241976e-02  -3.945480e-02   2.023863e-02   1.413339e-02
  -8.855038e-02  -6.134054e-02  -4.946181e-02  -7.113260e-03  -2.101426e-04]
[-0.735435 -0.876727 -0.958757 -0.769372 -0.856261 -0.980358 -0.061173
 -0.011215 -0.098387  0.078761 -0.04016  -0.082164 -0.078878 -0.008281
  0.046615 -0.097949  0.081193 -0.074459 -0.043714  0.054479]
[-0.843352 -0.914647 -0.80588  -0.881575 -0.69972  -0.708633 -0.023598
 -0.04551   0.012713 -0.002995  0.013488 -0.00215  -0.070891  0.017927
 -0.025993 -0.010537 -0.037567 -0.028537 -0.012842 -0.001141]
[-0.906693 -0.94156  -0.883978 -1.238967 -1.144841 -1.225658 -0.030154
 -0.018565  0.139475  0.029745 -0.004603 -0.002545  0.010553  0.010039
 -0.031516 -0.126055 -0.013406 -0.100634 -0.054153 -0.03498 ]
[-0.967771 -1.025389 -0.652136 -1.037833 -0.81112  -0.805662  0.011106
  0.024072 -0.144229  0.093154  0.059809 -0.08817  -0.01325   0.033798
  0.129424 -0.029315  0.086509 -0.012403 -0.048374  0.002915]
[-1.242126 -1.204059 -1.193574 -0.859877 -0.937551 -0.933599 -0.177523
  0.120446 -0.078285  0.053936 -0.042017  0.152179 -0.047345  0.001341
  0.088426 -0.111757 -0.009983 -0.135113  0.013169 -0.060416]
[ -1.029435e+00  -9.732369e-01  -8.998519e-01  -1.003259e+00  -9.540075e-01
  -9.772266e-01   1.047970e-01  -5.330814e-02  -6.830819e-04   7.215091e-02
   1.848369e-01  -4.427511e-06   8.490049e-02   2.114411e-01  -4.031620e-02
   2.905829e-02   6.430680e-02   1.163052e-01   1.402152e-02  -6.805956e-03]
[-1.000969 -0.705303 -0.839136 -0.827669 -0.954058 -0.978132  0.030958
  0.016672 -0.011341 -0.135523  0.055866  0.080062 -0.035211 -0.023013
  0.025874  0.07436  -0.153232 -0.120727  0.038083 -0.010054]
[-0.771993 -0.95064  -0.746343 -1.024386 -0.766752 -0.935385 -0.003513
  0.035442  0.027526  0.087762 -0.048388  0.036983 -0.014839 -0.018123
  0.059082  0.067008  0.138004 -0.012434 -0.026704  0.012986]
[-1.076204 -1.18482  -1.157631 -0.929982 -0.995018 -1.195364 -0.134393
 -0.035646 -0.020649 -0.012103  0.012535 -0.012011  0.016127  0.018958
 -0.07388  -0.029661  0.089914 -0.074296  0.075772  0.028054]
[-1.240151 -1.092084 -0.809039 -1.352606 -1.114193 -1.134364 -0.030612
 -0.037583  0.022045 -0.139746 -0.148229 -0.018626  0.13729  -0.044936
 -0.160755  0.109345 -0.10826  -0.048019  0.151437  0.063589]
('Mean', 1, ': ', -1.2401508939551786)
('Median', 1, ': ', -1.2401508939551786)
('Variance', 1, ': ', 0.0)
('Mean', 2, ': ', -1.0920837524193447)
('Median', 2, ': ', -1.0920837524193447)
('Variance', 2, ': ', 0.0)
('Mean', 3, ': ', -0.80903861993807602)
('Median', 3, ': ', -0.80903861993807602)
('Variance', 3, ': ', 0.0)
('Mean', 4, ': ', -1.3526055876198944)
('Median', 4, ': ', -1.3526055876198944)
('Variance', 4, ': ', 0.0)
('Mean', 5, ': ', -1.1141928850505751)
('Median', 5, ': ', -1.1141928850505751)
('Variance', 5, ': ', 0.0)
('Mean', 6, ': ', -1.1343637938577145)
('Median', 6, ': ', -1.1343637938577145)
('Variance', 6, ': ', 0.0)
('time: ', 10877.289613962173)
