“Running plot script on a single CPU core”
[-0.85274  -0.926052 -0.771143 -1.042119 -0.854032 -0.965014  0.107453
  0.037981  0.016826 -0.039065 -0.081452  0.055701  0.029133 -0.088523
 -0.004617 -0.003503 -0.058341  0.07046  -0.002276 -0.03625 ]
[-1.0645   -0.954493 -0.855522 -1.039681 -0.869785 -0.809395  0.070754
  0.023267  0.07597  -0.055669 -0.011147  0.030871 -0.138838  0.044823
  0.020373 -0.056769  0.006232 -0.006976 -0.032317 -0.008844]
[-0.90723  -0.893511 -0.891294 -1.00661  -0.954394 -0.988264 -0.084558
  0.010593  0.159465 -0.062005  0.020649  0.178786  0.101578 -0.017307
 -0.002982 -0.028739 -0.004343 -0.097031  0.093662  0.014233]
[ -1.068937e+00  -1.244333e+00  -8.106109e-01  -1.170486e+00  -7.680279e-01
  -1.132499e+00  -1.376640e-01  -3.224094e-02  -4.477049e-02  -5.913624e-02
  -8.450814e-03  -9.736753e-02   2.481154e-02   7.463027e-04   6.410221e-02
   9.217685e-02  -8.213631e-02  -2.296421e-02   1.003201e-01   9.122066e-02]
[-0.868924 -0.907215 -0.821936 -0.719327 -0.651679 -0.718894 -0.007568
  0.202015  0.004411  0.08087   0.035848  0.084963  0.049589 -0.104766
  0.245255  0.077328  0.108114 -0.040611 -0.002699  0.051876]
[-1.06438  -1.28828  -0.758718 -1.382036 -0.96081  -1.098413  0.151079
  0.206549  0.071401  0.273484 -0.003651 -0.054011  0.069947 -0.122781
  0.183015 -0.026005  0.212281  0.153406  0.075266  0.006233]
[-0.836505 -0.795951 -0.771392 -0.702793 -0.718746 -0.678437 -0.073448
 -0.037529 -0.044857  0.008938 -0.096136 -0.054076 -0.045171 -0.110388
 -0.050205 -0.053843  0.060231 -0.033555 -0.003762  0.005129]
[-0.779414 -0.928066 -0.956465 -0.790267 -0.62929  -0.92539   0.074102
  0.004866 -0.016781  0.12961  -0.015502 -0.004268  0.037902  0.031848
  0.012597 -0.024725  0.145628  0.031506  0.066238 -0.012944]
[-0.866219 -0.863805 -0.772914 -0.857639 -0.737718 -0.743917  0.0844
 -0.024768  0.024958 -0.021413  0.088576  0.059703 -0.019605  0.084128
 -0.093885 -0.034241 -0.032658  0.035513 -0.003615  0.008579]
[-1.181827 -1.143178 -0.797654 -1.537302 -1.10867  -1.281889 -0.009632
  0.121331  0.04722  -0.136385  0.009857  0.094835  0.036391 -0.040446
  0.083054  0.002843 -0.185635 -0.160441 -0.07296  -0.005912]
[-0.849661 -0.817261 -0.789032 -0.660309 -0.769959 -0.706904  0.015548
  0.016445 -0.030478 -0.061005  0.085652 -0.001033  0.079786  0.115866
 -0.035076  0.062114 -0.113979 -0.037767  0.025222 -0.00147 ]
[ -6.852955e-01  -9.900832e-01  -7.842798e-01  -6.219209e-01  -3.466842e-01
  -7.459336e-01  -8.997800e-02  -1.191754e-01  -1.422739e-02   2.073322e-02
   1.038095e-01  -6.108794e-02   1.886673e-04   4.649096e-02  -1.162288e-01
  -8.716799e-02   9.528679e-02  -8.503590e-02   9.537406e-03  -3.028967e-02]
[-0.813762 -1.02552  -0.746285 -0.870357 -0.629666 -0.876811 -0.012366
  0.082675  0.069742 -0.06542  -0.016258  0.057191 -0.047825 -0.018919
  0.067303 -0.056487 -0.104838  0.015777  0.055746 -0.004836]
[-0.663943 -0.780182 -0.769562 -0.891791 -0.795198 -1.126021 -0.060102
  0.130901  0.084744  0.044924  0.121693  0.064361  0.017126  0.110262
  0.188414 -0.015443  0.156312 -0.06946  -0.015727  0.037436]
[-1.003615 -0.853599 -0.990942 -0.784305 -0.954832 -0.828425  0.038826
 -0.032906 -0.069066 -0.059913  0.041371 -0.246777 -0.050864  0.004993
 -0.055445 -0.086049  0.024004 -0.013372  0.027805  0.015984]
[-0.941987 -1.099938 -1.156813 -0.991845 -1.051517 -1.195628  0.051886
 -0.116222 -0.379319 -0.115957  0.024502 -0.369246 -0.041391 -0.090421
 -0.158766  0.02837  -0.103935  0.297533  0.001699 -0.004456]
[-0.946659 -0.969764 -0.731288 -0.650017 -0.49389  -0.730267  0.092943
 -0.192688  0.16      0.222572 -0.219853  0.106525 -0.23601  -0.235902
 -0.285854  0.013419  0.123682  0.038041  0.009392  0.022358]
[-0.891847 -0.890651 -1.030668 -0.779849 -1.014553 -0.999279 -0.149409
  0.018201  0.076312 -0.062005 -0.006876  0.13408   0.031274 -0.015213
  0.046984  0.021951 -0.068599 -0.070094 -0.005535  0.032041]
[ -6.357250e-01  -8.830534e-01  -6.987867e-01  -7.478416e-01  -6.639411e-01
  -8.760918e-01   4.514539e-04  -4.173087e-02  -1.519863e-02   1.299425e-01
   2.984937e-02   1.460658e-02   1.552368e-02  -9.508336e-03  -5.902265e-05
   2.213826e-02   1.204304e-01  -3.710822e-02   1.452585e-02   1.274773e-02]
[-1.243176 -1.153113 -1.026754 -1.398818 -1.469807 -1.525117  0.078901
 -0.014684 -0.254831  0.124988  0.190249 -0.093821 -0.144929  0.053861
 -0.019085  0.139079 -0.021341 -0.205759 -0.035356 -0.024337]
[-1.173448 -0.821213 -0.978545 -0.818519 -1.013951 -0.687534 -0.039936
 -0.07341  -0.109024  0.002577 -0.012223 -0.111509  0.051591 -0.008681
 -0.042876  0.105151  0.095498 -0.09041   0.040659  0.045559]
[-0.905801 -0.994616 -0.657285 -0.972119 -0.637264 -0.875106 -0.006122
  0.1154   -0.073149  0.069982  0.024896 -0.050842  0.021071 -0.022886
  0.109326  0.037565  0.060367 -0.034078 -0.046097  0.001427]
[-0.747745 -0.77519  -0.782096 -0.735311 -0.814225 -0.981841  0.171014
  0.03712   0.04702   0.106719 -0.02559   0.028266 -0.082851 -0.07782
  0.100192 -0.130959  0.153323  0.249469  0.01452  -0.028591]
[ -8.955061e-01  -9.843791e-01  -6.686305e-01  -9.227400e-01  -8.073292e-01
  -9.039682e-01  -3.475379e-02  -1.894778e-02   6.890087e-03   8.825509e-03
   8.873652e-02   4.920342e-02   9.172109e-02   4.558331e-02   1.815078e-02
   1.069042e-02   5.811017e-02  -2.825323e-02  -7.786638e-03   2.239232e-04]
[ -1.004482e+00  -1.022666e+00  -9.534573e-01  -8.974253e-01  -7.815126e-01
  -8.029626e-01   3.513704e-02  -1.041444e-02  -3.639493e-02   5.671658e-02
   7.671552e-02  -4.944497e-02  -5.935465e-02   2.285894e-02  -3.663694e-02
  -4.884151e-02   4.554801e-02   8.320398e-02  -5.284214e-04   3.747612e-03]
[-0.94975  -0.936771 -0.906064 -0.938931 -0.890205 -0.874333  0.085111
  0.029139 -0.019275 -0.097753  0.064858  0.002998 -0.035179  0.046778
 -0.016391 -0.078285 -0.059736  0.12689   0.043063 -0.024516]
[-1.082934 -0.969598 -0.928677 -0.947524 -0.858448 -0.708481  0.03432
  0.053121 -0.131007  0.253362  0.101718 -0.151516 -0.158305  0.120071
  0.041411 -0.226792  0.258265 -0.012277  0.044623 -0.033514]
[-1.069659 -1.243146 -1.161824 -1.358855 -1.230635 -1.304685 -0.009597
 -0.112836 -0.042389 -0.114084 -0.059083  0.047075 -0.033926 -0.034047
 -0.178659 -0.083185 -0.03862   0.074989  0.050822 -0.01091 ]
[-0.724966 -0.796702 -0.679617 -0.600993 -0.564304 -0.602481 -0.029768
  0.004737 -0.055447  0.008417  0.026632 -0.020264 -0.076638  0.030251
 -0.024247 -0.049076  0.019826 -0.017268 -0.005969 -0.025736]
[-0.631271 -0.619786 -0.759051 -0.693015 -0.846776 -0.894104  0.071122
 -0.115352  0.241166 -0.086019  0.074916  0.200448  0.111649  0.096569
 -0.158973  0.120633 -0.040878  0.102011  0.031343  0.03889 ]
[-1.115213 -0.880974 -0.945859 -0.975762 -0.84685  -0.852528 -0.042037
  0.127278 -0.012182  0.014951  0.00474   0.014784 -0.060961  0.047853
  0.073144 -0.001157  0.057603 -0.014299  0.011634  0.059209]
[-1.012498 -0.91434  -0.942046 -0.799186 -0.799527 -0.695611 -0.126948
  0.160512 -0.028484  0.110929 -0.012554 -0.055039  0.064021  0.099065
  0.1499   -0.013921  0.098346 -0.018461  0.01598   0.01274 ]
[-0.970711 -1.028836 -1.032782 -0.885861 -0.833417 -1.009589 -0.023095
 -0.008984 -0.099726  0.106286  0.097956 -0.099871 -0.232721  0.171352
 -0.061131 -0.128784 -0.036429 -0.019268 -0.003134 -0.025365]
[-0.907329 -1.041195 -0.625337 -0.937701 -0.534264 -0.577272  0.043327
  0.083828  0.082022  0.106586 -0.067512  0.057312  0.09116  -0.119124
  0.056967  0.091427  0.071235  0.068211 -0.016344 -0.034698]
[-1.020622 -1.016236 -0.869631 -1.018168 -0.849738 -0.88313  -0.024025
 -0.023219  0.008273  0.06777  -0.112649  0.029552 -0.01518  -0.076389
 -0.036876 -0.079933  0.043153  0.099695  0.030258  0.035633]
[-0.888275 -1.102721 -1.087532 -1.073828 -1.135657 -1.219794  0.044117
 -0.109584 -0.039258 -0.024643 -0.060846 -0.001836 -0.03146   0.004074
 -0.140247 -0.044675 -0.023752  0.082986 -0.075216  0.011825]
[-1.002    -0.881596 -0.704349 -0.994206 -0.889152 -0.863539 -0.003242
  0.104305 -0.028173  0.066646 -0.12666  -0.031542  0.013678 -0.168875
  0.158666 -0.025597  0.061956 -0.029099  0.029121 -0.009811]
[-1.220119 -0.874646 -0.87966  -0.921687 -0.905059 -0.676705 -0.03592
 -0.035881  0.035151 -0.065396  0.092755  0.115158 -0.160373 -0.014263
 -0.0112   -0.129428 -0.0228    0.066591 -0.068022 -0.061579]
[ -1.017064e+00  -8.919408e-01  -7.330480e-01  -8.247344e-01  -7.862767e-01
  -6.963778e-01   8.611510e-02  -5.173949e-02   2.665707e-02  -9.386100e-03
  -6.766779e-02  -1.942029e-02  -9.186100e-04   1.730685e-02  -1.226843e-02
  -1.356753e-02   3.727884e-03   1.707721e-02   3.688553e-02   1.967950e-02]
[-0.797836 -1.139342 -1.194384 -0.564811 -0.781887 -1.184257 -0.123547
 -0.022327  0.10794  -0.015607 -0.064477  0.061716  0.055399 -0.030374
  0.013829 -0.015388  0.039835 -0.152633 -0.024408 -0.064546]
[-1.066204 -1.157657 -1.168837 -0.997859 -1.003876 -1.204486 -0.12257
 -0.041166  0.027603 -0.033458  0.023271 -0.010771 -0.048391  0.022842
 -0.022325 -0.0861   -0.019978 -0.063514 -0.019601  0.002356]
[-1.191663 -1.045985 -1.160338 -0.965641 -0.988153 -0.729039 -0.033726
  0.012674  0.028563  0.012948 -0.08678   0.072683 -0.093978 -0.090693
  0.019185 -0.058718  0.003791 -0.017916 -0.014331  0.019961]
[-1.094166 -0.973337 -1.105823 -1.147227 -1.144499 -1.20024   0.063828
  0.037919 -0.014643  0.018214  0.002726  0.067561  0.041475  0.006805
  0.063137  0.038474 -0.016259  0.046262  0.043446  0.042001]
[-1.071891 -0.665705 -0.929506 -0.766992 -1.114022 -0.784034 -0.082538
 -0.142449  0.029588  0.022382  0.073402  0.11456   0.00481   0.012566
 -0.223671 -0.059571  0.023512 -0.080436 -0.01186  -0.010774]
[-0.985379 -0.933052 -0.886491 -1.045586 -0.970081 -1.00318   0.112095
 -0.031894  0.10635   0.037869  0.09849  -0.068458  0.120139  0.12992
 -0.007687  0.071071  0.005355  0.065389  0.048556  0.04261 ]
[-1.234899 -1.222767 -1.079361 -1.245521 -1.123399 -1.423084 -0.200959
 -0.092882 -0.004659 -0.042621 -0.06375  -0.067657  0.013783  0.008184
 -0.080108  0.03388  -0.057859 -0.079317 -0.01396   0.03035 ]
[-1.132035 -1.066504 -1.15914  -0.814514 -1.080508 -0.923044  0.06692
 -0.043704  0.058953  0.152534  0.026498  0.022884 -0.015611 -0.02677
 -0.023815 -0.085558  0.101052  0.04123   0.045908  0.017704]
[ -1.173758e+00  -8.328002e-01  -7.588023e-01  -9.065246e-01  -1.036727e+00
  -9.368201e-01  -2.099715e-02   2.564691e-01   7.553431e-02  -1.309354e-02
  -5.650591e-02   1.173390e-01   8.994018e-02   2.213315e-02   9.295530e-02
   1.136089e-03  -5.558054e-02   1.360219e-01   2.485902e-02   1.852800e-02]
[-1.02641  -1.150724 -1.043326 -0.931105 -0.864661 -0.860962 -0.011508
  0.031987  0.166329 -0.078603  0.01007   0.076083  0.021851 -0.033479
  0.007989 -0.002863 -0.128387  0.022679 -0.032424 -0.031763]
[ -8.218636e-01  -7.314103e-01  -9.935030e-01  -7.515903e-01  -8.767833e-01
  -9.005833e-01  -1.173275e-01   8.695436e-02   4.158583e-04   8.789699e-02
   1.155658e-01  -6.081729e-02   9.846551e-04   1.227043e-01   4.181186e-02
  -5.408226e-03   1.134044e-01  -7.721964e-02   5.751679e-02  -8.566164e-03]
[-0.891608 -0.810029 -0.694596 -0.761424 -0.638669 -0.618549  0.035785
  0.067183  0.027912  0.008617  0.103973 -0.050036 -0.071503  0.10656
  0.1417   -0.003842  0.032974  0.123641  0.011899 -0.005977]
[-0.817942 -0.831281 -0.896134 -0.550249 -0.61049  -0.677692  0.011794
  0.054294 -0.04575   0.120199  0.055449 -0.021388  0.010016  0.059754
  0.060077  0.001789  0.128992  0.073054 -0.060523  0.011366]
[-0.710139 -0.607397 -0.470237 -0.881264 -0.699309 -0.624252  0.009045
  0.03272   0.010857 -0.008562 -0.12166  -0.020423 -0.049334 -0.085883
  0.02764  -0.069695 -0.001988 -0.044409  0.018189 -0.007124]
[-0.907665 -0.691827 -0.860523 -0.747174 -1.061809 -0.569029 -0.101661
 -0.042728  0.005202 -0.00442   0.081296  0.059195  0.141824  0.021067
 -0.064823  0.20086   0.059693 -0.210624 -0.018296 -0.014914]
[-1.119066 -0.88116  -0.863202 -0.985939 -1.010863 -0.945981 -0.085758
 -0.030871  0.040475  0.006516 -0.013749  0.059732 -0.08129  -0.031613
 -0.060968 -0.107872  0.023638 -0.072686  0.012665  0.008477]
[-1.002157 -0.940835 -0.843126 -0.929876 -0.777074 -0.67471  -0.033067
  0.025835  0.022949  0.076433 -0.01315   0.030729  0.137953  0.007762
  0.064079  0.13459   0.089652 -0.017373  0.012136  0.004709]
[-0.871893 -0.917406 -0.988212 -0.692307 -0.859256 -0.896153 -0.090279
 -0.018726 -0.031733 -0.08166   0.019688 -0.073054  0.027835 -0.002797
  0.037033 -0.001913 -0.032248 -0.17211   0.023145 -0.019094]
[-0.783532 -0.772499 -0.722221 -0.780446 -0.735656 -0.688899  0.024272
  0.040549  0.021822  0.045232  0.022476 -0.028722  0.073816  0.017814
  0.073216  0.034034  0.054416  0.090306  0.007216 -0.027456]
[-0.997526 -1.035996 -0.837766 -0.983438 -0.843414 -0.777007 -0.027137
  0.015071 -0.079121 -0.024949 -0.00509  -0.113044  0.061733 -0.093718
 -0.005061  0.038408 -0.006335 -0.057315  0.001594  0.016279]
[-0.834802 -0.894746 -0.859618 -0.858294 -0.932176 -0.924359  0.013892
  0.12294  -0.020533  0.016623 -0.154433 -0.056926  0.025943 -0.117586
  0.082243  0.026605  0.057754  0.008443  0.067696 -0.002443]
[-0.807522 -0.823395 -0.703838 -0.73644  -0.685443 -0.697056 -0.019373
  0.016137 -0.087937  0.140028  0.131952 -0.120792  0.10282   0.088904
  0.052335  0.145382  0.162232 -0.052783  0.021564 -0.004932]
[ -1.085274e+00  -9.217390e-01  -9.691807e-01  -1.061459e+00  -9.984854e-01
  -9.338182e-01  -3.325630e-03  -1.710621e-01  -5.850665e-03  -4.969605e-02
   5.030800e-02  -2.294016e-02   5.722432e-02   1.521494e-01  -1.527709e-01
   2.173123e-02   1.003146e-03   2.697374e-02   4.693266e-02   2.008716e-03]
[-0.639642 -0.729637 -0.696506 -0.736865 -0.689027 -0.775911  0.012438
 -0.102907  0.073991  0.126928 -0.006043  0.086182  0.018412 -0.029714
 -0.075465  0.039599  0.184205 -0.003602 -0.066035 -0.02172 ]
[ -1.165038e+00  -1.108232e+00  -9.902926e-01  -9.571404e-01  -9.093939e-01
  -9.149059e-01  -1.471577e-02  -9.362839e-02  -1.106010e-01   5.355343e-02
  -7.226490e-02  -7.474663e-02  -9.675683e-02  -9.127605e-02  -1.312650e-01
  -6.561379e-02   3.346154e-02   5.205119e-02   7.798578e-04  -2.666946e-02]
[-1.066746 -0.914032 -0.758773 -1.029735 -0.797749 -0.662958 -0.044759
  0.031126  0.008959  0.050862  0.015642 -0.061049 -0.227841 -0.04149
  0.068289 -0.229974  0.049757 -0.028227 -0.043341  0.004536]
[-0.889209 -1.087323 -0.756013 -1.116217 -0.845113 -0.889826 -0.025435
 -0.017022 -0.01252  -0.043168  0.030076 -0.032155 -0.095554  0.082197
  0.035849 -0.078152 -0.019515 -0.059941 -0.045022  0.032009]
[-1.138577 -1.061822 -1.176736 -0.989833 -0.96411  -0.881364 -0.075456
  0.068585 -0.101414 -0.090517 -0.064888 -0.11463  -0.071525 -0.074588
  0.091407 -0.092451 -0.181597 -0.04582  -0.033973  0.006363]
[-0.975648 -1.084101 -0.894692 -1.091936 -0.803306 -0.915144 -0.004134
  0.02481   0.077977  0.002692  0.14249   0.134241  0.154396  0.08728
 -0.086697  0.154348  0.035175 -0.033566 -0.009253 -0.042699]
[-1.065558 -0.638712 -0.983125 -0.626487 -1.033215 -0.582904  0.080258
 -0.042073  0.079258 -0.106506 -0.067619  0.04733   0.152223 -0.065374
  0.070061  0.225954 -0.081982  0.093127 -0.045894 -0.005722]
[-1.196999 -1.141279 -1.1397   -0.990076 -1.183554 -1.136864  0.011987
 -0.058057  0.062412 -0.070042  0.135698 -0.0257   -0.032386  0.083198
  0.008323 -0.031756 -0.186436 -0.005635 -0.1788   -0.067114]
[-0.93592  -0.515907 -0.771657 -0.572846 -0.832216 -0.350674  0.031073
 -0.038059 -0.005105 -0.047969 -0.055549 -0.021661  0.133407 -0.007337
 -0.02825   0.136886 -0.027028  0.023207  0.052174  0.01336 ]
[ -7.995092e-01  -8.721862e-01  -8.939686e-01  -9.262483e-01  -8.779416e-01
  -1.100705e+00   1.003625e-01   2.605224e-03  -1.061858e-01  -1.028244e-03
  -6.787930e-02  -9.690089e-02   1.218433e-01  -3.696491e-02  -4.382010e-02
   1.347663e-01  -2.799198e-02   8.492470e-02   1.126062e-02  -1.142790e-02]
[ -1.031563e+00  -9.088228e-01  -1.145684e+00  -1.041698e+00  -1.294128e+00
  -1.246989e+00  -3.725850e-02   5.943529e-02  -6.244002e-02   3.298764e-02
   9.714514e-02  -9.857880e-04   1.424839e-01   4.410367e-02   4.842326e-02
   1.558979e-01  -8.694328e-03  -1.841607e-01  -1.784432e-02   3.598318e-02]
[-0.576206 -0.553817 -0.569801 -0.973445 -1.168798 -0.97138  -0.070697
  0.109099  0.217031  0.023129  0.011885  0.312535 -0.037033 -0.056578
  0.132481 -0.059139 -0.079277 -0.082547  0.059818  0.01805 ]
[-1.097173 -0.710134 -0.908504 -0.740231 -0.937827 -0.559545  0.040905
  0.007114  0.050589 -0.016926 -0.007837  0.053935  0.040071  0.024493
 -0.058644 -0.022567 -0.051198  0.036381 -0.030541 -0.024248]
[-0.741636 -0.668514 -0.654831 -0.702192 -0.681166 -0.653965 -0.004147
 -0.125267 -0.015095  0.014045  0.200144 -0.061558 -0.064711  0.117223
 -0.167775 -0.072461 -0.029135 -0.013585  0.010279  0.029193]
[-1.03909  -0.86507  -0.659775 -0.897903 -0.792654 -0.542248  0.005866
  0.030388  0.088668  0.007163  0.018835  0.030967  0.004922  0.024883
  0.091694  0.001624 -0.06971   0.016383 -0.018239 -0.003788]
[ -1.508021e+00  -1.097807e+00  -1.180449e+00  -1.180450e+00  -1.352830e+00
  -1.282981e+00  -6.510285e-04   1.414179e-01  -6.532279e-02   5.910754e-03
   1.224899e-01  -8.688553e-02  -7.805982e-02   2.777548e-01   1.979049e-01
  -1.319405e-01   3.567705e-02   4.193232e-02  -1.235981e-01  -8.956854e-02]
[-0.89197  -1.0046   -0.914825 -0.771704 -0.746222 -1.174405  0.00569
 -0.061183 -0.129033 -0.030793 -0.001948 -0.175127  0.080251 -0.026743
 -0.114782  0.028397 -0.015011  0.06674  -0.03663   0.010588]
[ -1.052349e+00  -9.353493e-01  -8.649059e-01  -9.739536e-01  -1.004602e+00
  -8.955132e-01  -1.702369e-01   2.153390e-02   4.258433e-02  -6.566611e-02
   1.291206e-01  -8.329838e-03   7.627931e-02   1.247950e-01  -2.397325e-02
   5.749785e-02  -3.319465e-04  -2.722347e-01  -1.908350e-03  -2.276263e-02]
[-1.148832 -1.142694 -1.113862 -0.981619 -0.820456 -0.963586 -0.075058
 -0.016065 -0.027985  0.231113  0.069271 -0.077293  0.078041  0.054297
 -0.01849   0.03428   0.127148 -0.150929  0.014707  0.090698]
[-0.903256 -0.80533  -0.778479 -0.779272 -0.771351 -0.725082 -0.097631
 -0.249064 -0.005349  0.051751  0.084404 -0.068156 -0.004957  0.096338
 -0.197344  0.00894   0.131629 -0.039452 -0.037412 -0.049588]
[-0.941559 -0.898443 -0.600013 -0.895071 -0.67918  -0.585563 -0.009272
 -0.024023 -0.145059 -0.041892  0.140512 -0.074564  0.039161  0.159232
 -0.088547  0.065508 -0.059953 -0.01458   0.01601   0.024883]
[-0.995029 -0.842763 -0.285742 -1.282163 -0.676907 -0.613976 -0.14076
 -0.352154 -0.075272 -0.148813 -0.293125 -0.00689   0.055254 -0.181765
 -0.08642   0.116579 -0.106289 -0.119738 -0.09501   0.046944]
[-0.837329 -0.738351 -0.779991 -0.811838 -0.843414 -0.825559  0.08718
 -0.014501  0.004835 -0.074439  0.026939  0.001497  0.043694  0.062954
 -0.052659  0.02776  -0.025192  0.100963  0.016114  0.026599]
[-1.017888 -0.941512 -0.94812  -0.87592  -0.909073 -0.882107  0.13653
  0.055117 -0.110857 -0.018096  0.003242 -0.102529 -0.028938 -0.002412
  0.044442  0.0186    0.058627  0.146182 -0.011565 -0.005404]
[-0.650139 -0.605368 -0.614274 -0.670829 -0.721563 -0.579684  0.006439
  0.012087  0.037299  0.007892 -0.098188  0.026152  0.043836 -0.095456
  0.017887  0.030892 -0.020644 -0.017822 -0.003086  0.012165]
[-1.023489 -1.105783 -1.09139  -0.948149 -0.962213 -1.062704  0.115286
 -0.087228 -0.019361  0.021268 -0.081621 -0.022972 -0.010914 -0.089051
 -0.019523 -0.030225  0.03618   0.093568  0.079593  0.067872]
[-1.136298 -0.739443 -1.232314 -0.976313 -1.477156 -1.072177 -0.106931
  0.131437  0.050124 -0.012747  0.059316  0.121318 -0.123731 -0.030484
  0.239431 -0.015877  0.07892  -0.18555   0.017153  0.037684]
[-0.79199  -0.728983 -0.749541 -0.855463 -0.886383 -0.824313  0.004274
  0.083112 -0.005425  0.107086 -0.032358 -0.0304   -0.026602 -0.024472
  0.0579    0.016281  0.089386 -0.016017  0.033112  0.003671]
[-1.014363 -0.618971 -0.750971 -0.608893 -0.677645 -0.475489 -0.064835
  0.012809  0.039816  0.053332 -0.076826  0.01464  -0.011399 -0.004432
  0.084723  0.034749  0.027979 -0.097529  0.005093 -0.009924]
[-1.256448 -0.934765 -0.935731 -0.774364 -0.826166 -0.71364   0.089291
  0.117675 -0.079184  0.136062  0.060507 -0.072292 -0.108326  0.076165
  0.109155 -0.119768  0.129734  0.096647 -0.073847 -0.042812]
[-1.086522 -0.965085 -0.858034 -1.120056 -1.0944   -0.930104 -0.023649
  0.081649  0.168347  0.015809  0.027218  0.097163 -0.024328  0.031295
  0.154872  0.023355  0.063064 -0.022678 -0.035226  0.01234 ]
[-1.086679 -1.080462 -1.220125 -0.916372 -0.958885 -1.069176 -0.120018
  0.01905  -0.058585  0.059475  0.013835 -0.09435   0.089473 -0.004561
 -0.056891 -0.030778  0.013216 -0.108348 -0.102569  0.016851]
[-0.8854   -0.715706 -0.528297 -0.86469  -0.608955 -0.47499  -0.022243
  0.076867  0.002243  0.016975 -0.06537  -0.003709  0.127148 -0.122249
  0.030513  0.054258  0.054338  0.038141  0.008701  0.005401]
[-1.247578 -1.073511 -1.052064 -1.340828 -1.208785 -1.090271 -0.143258
  0.066527  0.080223  0.032995  0.05843   0.058317 -0.025629  0.023346
  0.008082 -0.057663  0.036336 -0.171394 -0.003509  0.006457]
[-0.991504 -0.802713 -0.777776 -0.803652 -0.766455 -0.712143  0.046648
 -0.011458  0.039413  0.076738  0.057375  0.020682 -0.017901  0.032231
  0.00724   0.027028  0.125712  0.089111  0.009017  0.02007 ]
[-1.112225 -1.207679 -1.11627  -1.327335 -1.109932 -1.358019  0.057673
  0.03951   0.030618  0.048748  0.034996 -0.060686  0.046108  0.06424
  0.064861  0.086657  0.048363  0.127293  0.035395  0.02077 ]
[-1.187076 -0.9302   -0.76492  -1.216964 -1.026602 -1.299662  0.04291
 -0.086899  0.104238 -0.103773  0.123602  0.129966  0.059453  0.18197
 -0.235346  0.062472 -0.099996  0.068323  0.064557  0.059281]
[-0.652703 -0.686968 -0.558876 -0.896506 -0.712175 -0.882232  0.065073
 -0.001474 -0.044795 -0.060351 -0.024072 -0.081148  0.074472 -0.041372
  0.069976  0.111444 -0.098321  0.02745  -0.01691  -0.041928]
('Mean', 1, ': ', -0.65270316989073263)
('Median', 1, ': ', -0.65270316989073263)
('Variance', 1, ': ', 0.0)
('Mean', 2, ': ', -0.68696838134810645)
('Median', 2, ': ', -0.68696838134810645)
('Variance', 2, ': ', 0.0)
('Mean', 3, ': ', -0.55887550094033578)
('Median', 3, ': ', -0.55887550094033578)
('Variance', 3, ': ', 0.0)
('Mean', 4, ': ', -0.89650580902187449)
('Median', 4, ': ', -0.89650580902187449)
('Variance', 4, ': ', 0.0)
('Mean', 5, ': ', -0.71217512834346786)
('Median', 5, ': ', -0.71217512834346786)
('Variance', 5, ': ', 0.0)
('Mean', 6, ': ', -0.88223229162633321)
('Median', 6, ': ', -0.88223229162633321)
('Variance', 6, ': ', 0.0)
('time: ', 7932.088542222977)
