“Running plot script on a single CPU core”
[ -7.189202e-01  -9.223616e-01  -9.062170e-01  -8.565630e-01  -7.949031e-01
  -8.873184e-01   9.250757e-02   1.870361e-02   5.300518e-02  -1.887723e-02
   1.015279e-02   1.169035e-02  -8.686326e-02  -3.332631e-02   8.261846e-02
  -6.089328e-02   2.921097e-02   9.120845e-02   9.569831e-03   1.578605e-04]
[-0.918227 -0.666228 -0.95644  -0.760023 -1.03619  -0.857711  0.085695
 -0.128235  0.082208 -0.049501 -0.005376  0.128768 -0.07442   0.006392
 -0.14118  -0.0763   -0.045193  0.091736 -0.039516 -0.016062]
[-0.884859 -0.757945 -0.903724 -0.728271 -0.834726 -0.702508 -0.079889
 -0.076307  0.040305 -0.145724 -0.105636  0.031721 -0.123545 -0.045416
 -0.067436 -0.105711 -0.186673 -0.075238  0.009425 -0.006624]
[-1.187696 -1.23515  -1.185584 -1.021485 -1.001339 -1.282021 -0.154909
  0.102089 -0.11134  -0.002521 -0.065573 -0.082973 -0.052078 -0.044857
  0.121738 -0.013065  0.145134 -0.182401 -0.014329 -0.003146]
[-0.805303 -0.663043 -0.851414 -0.514224 -0.580046 -0.664491 -0.02883
 -0.003146 -0.004102  0.213945 -0.058068 -0.0638    0.017277 -0.050729
 -0.030006  0.020251  0.211288 -0.080447  0.001165 -0.041102]
[-0.842966 -0.746253 -0.763371 -0.714035 -0.84757  -0.734451  0.020082
 -0.057889 -0.056378 -0.043894 -0.061622 -0.046358 -0.008387 -0.063993
 -0.061181 -0.002971 -0.032794  0.09153   0.012413  0.005763]
[-0.891813 -0.796976 -0.646773 -0.973871 -0.82405  -0.795892  0.164398
 -0.15144   0.086148  0.039268 -0.052138  0.078251 -0.066644 -0.158353
 -0.124729 -0.268201  0.202321  0.154204 -0.037932 -0.05783 ]
[-0.999232 -1.113464 -0.812247 -1.253628 -0.878702 -1.01442   0.018283
 -0.109844 -0.028075  0.21858   0.088588 -0.05155   0.038134  0.088197
 -0.134989 -0.039882  0.16014  -0.065862 -0.015024 -0.034126]
[-0.991085 -0.909466 -0.685275 -0.863931 -0.759541 -0.601935  0.074237
 -0.114207 -0.010924  0.014847  0.042354  0.042645  0.037975  0.069221
 -0.10058  -0.047581 -0.043048  0.131033  0.063065  0.028031]
[-0.874407 -0.597835 -0.678175 -0.5698   -0.616099 -0.465336 -0.064233
  0.021038 -0.003374 -0.047464 -0.0775    0.015749 -0.042878 -0.063208
  0.006783 -0.080936 -0.037643 -0.041803 -0.026238  0.011267]
[-1.233486 -0.894997 -0.855578 -0.982106 -0.773159 -0.408361  0.06717
  0.001631 -0.032472 -0.017063  0.01867  -0.063938 -0.033133 -0.021202
 -0.026649 -0.018059 -0.064991 -0.021383 -0.047634 -0.055043]
[-0.898393 -0.949802 -1.019589 -0.720583 -0.717032 -0.981675 -0.002621
  0.056152  0.121271  0.001482  0.078352  0.042623 -0.119337  0.031271
  0.141756 -0.136105 -0.088286  0.002113  0.032977  0.067327]
[-0.899312 -0.903718 -0.84961  -1.04469  -1.00979  -1.002159 -0.002828
 -0.044766 -0.15784  -0.028487 -0.014173 -0.11424  -0.030138 -0.007794
 -0.0528   -0.011461 -0.037596  0.009021  0.029597  0.053078]
[-1.162197 -1.283954 -0.944696 -1.173418 -0.805341 -0.921838 -0.135514
 -0.021595  0.085241 -0.140316 -0.002575  0.089809  0.064005 -0.113892
 -0.042208  0.009796 -0.115608 -0.115934 -0.034691 -0.015615]
[-0.957211 -1.100741 -0.824656 -1.157127 -0.80736  -0.951449  0.083037
 -0.039685  0.226841 -0.04617   0.142074  0.200489  0.213938  0.235658
 -0.174053  0.195986  0.049512  0.064894  0.069497 -0.028439]
[-0.757365 -1.005997 -1.06145  -0.734643 -0.625156 -1.039236  0.093289
 -0.017745 -0.300759 -0.123319 -0.0465   -0.221309 -0.087925  0.033551
  0.062773 -0.019213 -0.125335  0.112796  0.04643  -0.013933]
[-1.106337 -0.749604 -0.871368 -0.757406 -1.006779 -0.779319  0.050046
 -0.097928  0.067057  0.02047  -0.015308  0.011236 -0.070723  0.004223
 -0.080182  0.03742   0.107351  0.047362 -0.041715  0.015739]
[-0.865981 -0.874377 -0.614095 -0.922494 -0.67309  -0.703494 -0.058227
  0.066647  0.033535 -0.018665 -0.024874  0.011992 -0.129335  0.026394
  0.058058 -0.208041 -0.057753 -0.081305  0.004028 -0.006213]
[-1.30874  -1.304651 -1.497201 -1.214093 -1.165464 -1.223837 -0.084783
  0.01014  -0.043658 -0.214821 -0.005382  0.128276 -0.108743  0.016659
 -0.021447 -0.093488 -0.106457 -0.089096 -0.056803 -0.006203]
[-1.173338 -1.102968 -0.845369 -1.02782  -0.939134 -0.949442 -0.182393
  0.070331  0.054832 -0.033823  0.046711  0.015333 -0.08213  -0.010335
  0.073072 -0.081951 -0.107508 -0.212877  0.050113  0.042115]
[-0.814849 -0.670411 -0.972432 -0.697835 -1.038103 -0.854134  0.033423
  0.02867   0.026606  0.02021  -0.055848 -0.011506  0.018178 -0.040052
  0.113733  0.081898  0.027942  0.036748  0.050108  0.023125]
[-1.12522  -1.097842 -0.940356 -1.08117  -1.059277 -0.994475 -0.015998
  0.140566  0.06964  -0.063952  0.097029  0.140836  0.015232  0.119711
  0.141132 -0.014663  0.03215   0.019389 -0.107585 -0.013787]
[-1.026518 -1.120457 -0.962025 -1.071902 -0.897475 -0.974429  0.14732
 -0.006927  0.100275  0.036337 -0.095309  0.187724 -0.127097 -0.089933
 -0.092565 -0.069348  0.018751  0.21277   0.046179  0.003517]
[-0.603221 -0.818537 -0.548729 -0.829309 -0.532403 -0.74812   0.036737
 -0.055165 -0.035454  0.006438  0.059418 -0.020299 -0.068956  0.04055
 -0.097902 -0.094734  0.004606 -0.005864 -0.000912  0.005144]
[-1.136393 -1.118415 -1.13142  -1.091032 -1.214419 -0.943537  0.014706
 -0.025152 -0.022195 -0.093575  0.016899 -0.148549  0.162095  0.004124
 -0.056633  0.011604 -0.183911  0.138869 -0.009165  0.027728]
[-0.870515 -0.985276 -0.732276 -0.864009 -0.600368 -0.889781  0.013748
  0.023854 -0.065857 -0.012482  0.010606 -0.072963 -0.040068 -0.032011
  0.037365  0.006521 -0.017259 -0.035308 -0.021822 -0.027485]
[ -1.113245e+00  -1.028309e+00  -1.059701e+00  -9.622945e-01  -8.369330e-01
  -9.407143e-01  -9.820140e-04  -7.987506e-02  -6.475957e-03  -1.740898e-02
   5.222801e-02  -2.431058e-02   3.566352e-02   3.719037e-02  -1.240087e-01
  -9.899323e-02  -6.362621e-02  -4.045543e-02  -5.381748e-02   2.386117e-02]
[ -8.939858e-01  -1.104036e+00  -1.127311e+00  -7.173776e-01  -8.669807e-01
  -1.115205e+00  -1.956822e-01   1.329665e-01   3.594870e-03  -5.399398e-02
  -7.120095e-02  -2.542141e-02  -8.325659e-04  -1.798617e-02   1.642522e-01
  -5.064520e-03   9.035682e-02  -2.582225e-01  -7.569750e-02  -5.450616e-02]
[-0.991863 -0.859491 -0.694015 -1.001778 -0.76527  -0.465961 -0.044498
 -0.106043 -0.033891 -0.053357 -0.045754 -0.052043 -0.002417 -0.072141
 -0.075812 -0.081699 -0.083073 -0.119339  0.003943  0.009235]
[-1.164978 -1.000468 -0.968725 -1.024352 -0.895746 -0.839333 -0.103213
  0.005018 -0.061769  0.078222  0.130555 -0.026743  0.166334  0.118626
  0.041552  0.214191  0.07533  -0.180369 -0.042472 -0.041762]
[-1.088353 -0.890688 -1.027248 -0.784608 -0.892243 -0.670719 -0.017171
  0.032242 -0.082474 -0.128662 -0.037253 -0.062307  0.117485  0.004143
 -0.002109  0.010329 -0.12043  -0.057575 -0.092342  0.016175]
[-0.925053 -0.863347 -0.64404  -1.047323 -0.932414 -0.840138 -0.030151
 -0.06392  -0.162694  0.054263  0.101597 -0.186157 -0.055765  0.067754
 -0.013603 -0.038787  0.043457 -0.060755 -0.008407 -0.062054]
[-0.975915 -1.018837 -1.004373 -0.937044 -0.939857 -1.068992 -0.004914
 -0.01496  -0.068221 -0.034638  0.018506 -0.055027  0.112864 -0.019627
 -0.119768  0.071528 -0.042279  0.008942  0.020434  0.015001]
[-1.006618 -0.733243 -0.791481 -0.502243 -0.657572 -0.382838 -0.011541
  0.090654 -0.043371  0.008134  0.049274 -0.022126 -0.109089  0.052126
  0.041673 -0.150886 -0.040441 -0.093232 -0.052341 -0.021787]
[ -1.268728e+00  -1.260335e+00  -1.089747e+00  -1.388285e+00  -1.130280e+00
  -1.277293e+00  -2.815256e-01   4.924474e-03   1.136877e-01   8.109294e-02
  -1.156980e-03  -1.376522e-02  -1.500240e-01  -1.570117e-02  -1.994885e-02
  -2.107079e-01   1.681421e-01  -2.539015e-01  -6.093891e-02   1.156564e-02]
[-1.465198 -1.160591 -1.308556 -1.153376 -1.143876 -1.069214 -0.086354
 -0.079967 -0.046687  0.227751  0.154058 -0.080782  0.111221  0.138708
 -0.019912  0.088061  0.281857 -0.104614 -0.057349 -0.06695 ]
[ -9.796981e-01  -8.650788e-01  -7.395724e-01  -7.850899e-01  -6.605867e-01
  -6.989857e-01  -5.669590e-02   8.241453e-03   7.166319e-03   2.203592e-02
   7.705498e-02   6.859083e-03  -8.898038e-04   5.877542e-02  -1.080081e-02
   5.933654e-02   1.518415e-02  -3.473356e-02   5.066956e-02   5.163064e-03]
[-0.968627 -0.986212 -0.882128 -0.968106 -0.810415 -0.954761  0.031549
 -0.081695  0.032475  0.00692  -0.113026  0.022626  0.183301 -0.058343
 -0.132386  0.091389  0.003166 -0.009281  0.060735 -0.008328]
[-0.93247  -0.866597 -0.977522 -0.75388  -0.975639 -0.893978 -0.032685
  0.018496 -0.047973 -0.05999   0.003504 -0.031056 -0.064198  0.026679
  0.110527 -0.045161 -0.097708 -0.038918  0.021249 -0.001898]
[ -9.701326e-01  -8.946457e-01  -7.205355e-01  -9.898971e-01  -9.030239e-01
  -8.435533e-01  -1.665222e-02   5.564655e-04  -3.531234e-02  -6.040017e-02
   7.911675e-02  -2.852829e-02  -5.916898e-03   9.001317e-02  -1.198144e-02
  -3.731806e-02  -8.979513e-02  -9.857844e-03   7.923533e-02   3.089892e-02]
[-0.786432 -0.849166 -0.727498 -0.755013 -0.623489 -0.709982 -0.030944
 -0.050507  0.079444 -0.08577   0.110355  0.128778  0.011171  0.134306
 -0.016994  0.028472 -0.093317 -0.036236 -0.024455  0.007248]
[-1.159138 -1.031586 -0.921831 -1.018167 -0.963744 -0.957833  0.018447
  0.065964  0.113719  0.01306  -0.003814  0.115882  0.008282 -0.099173
  0.125758 -0.137702  0.008827 -0.025284 -0.016321  0.017413]
[-0.859816 -0.723196 -0.798195 -0.782681 -0.953875 -0.911825  0.046247
  0.009382 -0.07717  -0.081446 -0.074608 -0.111829  0.03177  -0.060897
  0.034338  0.07958   0.001399  0.064104 -0.048676 -0.026116]
[-0.951963 -0.819342 -0.778009 -0.959657 -0.943295 -0.832973  0.006711
  0.026704 -0.051562 -0.005754  0.063314 -0.064584  0.069685 -0.013578
  0.054044  0.095657  0.023222  0.005481  0.03561   0.014409]
[-0.9709   -0.850433 -0.829546 -0.74635  -1.071797 -0.611808 -0.03097
 -0.015505 -0.002221 -0.051851 -0.05021  -0.017726 -0.05992  -0.04158
  0.007448 -0.062778 -0.059373 -0.031714  0.097418  0.027534]
[-1.173822 -1.011267 -1.06458  -1.19404  -1.27247  -1.085759 -0.060876
 -0.134393 -0.027922 -0.061361  0.055006  0.01211   0.063938 -0.019454
 -0.017141  0.006614 -0.057544 -0.124523 -0.019748 -0.027116]
[-0.959436 -0.776448 -0.802799 -0.817378 -0.778085 -0.599853 -0.077991
  0.020873  0.068265 -0.051929  0.013621  0.002336  0.104931 -0.007161
 -0.04018   0.027472 -0.027544 -0.096481 -0.072465 -0.06938 ]
[-1.026825 -0.982633 -0.847906 -0.953558 -0.925182 -0.89521   0.103037
 -0.25929  -0.05355  -0.010821 -0.037894 -0.018402  0.039211 -0.067081
 -0.285669  0.048711 -0.031052  0.066779  0.04147   0.054413]
[-1.045499 -1.013601 -0.830262 -1.092651 -0.991741 -1.026537  0.020051
 -0.004442 -0.05645  -0.137908 -0.285353 -0.129382  0.009475 -0.236111
 -0.065481 -0.02829  -0.261372 -0.090298  0.059185  0.006646]
[-0.979152 -0.870611 -0.94895  -0.711041 -0.735721 -0.709529 -0.073515
  0.004569  0.034386 -0.011636  0.029807  0.040611 -0.033032 -0.020635
  0.053606 -0.062648 -0.014843 -0.117777  0.030441  0.006999]
[ -8.067049e-01  -8.258973e-01  -7.046472e-01  -8.971851e-01  -7.780532e-01
  -9.933709e-01   6.731488e-02   3.207795e-02   2.860647e-02   3.392813e-02
  -2.204178e-02   1.583377e-02  -7.527212e-02  -4.621682e-02   5.217312e-02
  -1.221447e-01   4.275288e-02   6.385488e-02  -3.886433e-04  -7.170984e-03]
[-0.994768 -0.914113 -0.957294 -0.815944 -0.875762 -1.107422  0.015448
 -0.058623  0.101613  0.028669  0.182122  0.123609 -0.092562  0.099144
 -0.026117 -0.01181  -0.030329 -0.002482 -0.112412 -0.0205  ]
[-1.140687 -1.255867 -0.479957 -1.193235 -0.488906 -0.377454  0.032444
 -0.043357  0.17047  -0.074126 -0.112183  0.035172  0.08963  -0.020074
  0.025304  0.101564 -0.019352  0.031822 -0.008286 -0.045333]
[-0.695325 -0.740627 -0.562084 -0.700864 -0.696385 -0.713864 -0.008335
 -0.024995 -0.017493 -0.115264  0.016411  0.022473 -0.015377  0.05194
 -0.022033 -0.027255 -0.109585  0.032636 -0.009841  0.009529]
[-1.103051 -1.017321 -1.060123 -1.02299  -0.995813 -0.86672   0.014484
  0.043185  0.071838  0.053749  0.056695  0.086285  0.049196 -0.006153
  0.028131  0.098799  0.084862 -0.02918   0.020664 -0.031132]
[ -8.622441e-01  -8.989121e-01  -7.842315e-01  -9.288109e-01  -7.863387e-01
  -7.667667e-01  -1.002115e-02   3.587596e-02  -6.092674e-02   6.785211e-02
   2.786790e-03  -6.093632e-02   1.528236e-01  -5.925325e-02  -1.697621e-02
   1.707867e-01   5.572982e-02   5.451104e-04   4.229559e-02  -4.849398e-03]
[-0.922224 -1.170507 -0.876168 -0.89332  -0.800397 -0.757902  0.117557
 -0.09961   0.217243 -0.218605  0.069382  0.265596  0.142198  0.115101
 -0.14217   0.158601 -0.243294  0.154176  0.00813   0.034361]
[ -8.873768e-01  -9.002922e-01  -8.260183e-01  -7.535371e-01  -7.172955e-01
  -7.436776e-01  -9.507193e-02   1.487496e-02   5.047773e-02   4.099841e-03
  -3.871036e-02   6.033931e-02   3.751184e-02  -1.780636e-02  -9.215234e-03
   3.913894e-02  -3.302189e-04  -5.957360e-02   6.271360e-02  -2.367992e-02]
[-1.173644 -1.287251 -1.384744 -1.050642 -1.018192 -1.339631  0.139978
  0.024072 -0.020681 -0.002672 -0.029138 -0.046832 -0.030626 -0.049465
  0.09119   0.083139  0.020813  0.077237 -0.060828 -0.033275]
[-0.90851  -1.044755 -0.796694 -0.89128  -0.621612 -0.998251  0.030686
  0.036397  0.135435 -0.096337  0.11948   0.143113  0.096146  0.123658
  0.073573  0.067891 -0.122552 -0.075958  0.052053  0.02512 ]
[-0.889639 -0.859008 -0.730238 -0.886584 -0.751865 -0.813852 -0.088086
 -0.081113  0.225044 -0.08613  -0.170686  0.213051  0.057413 -0.125118
 -0.096089  0.150528 -0.069277 -0.050181  0.093005  0.009272]
[-1.070665 -1.274835 -0.921691 -1.23783  -0.690338 -0.953916 -0.032661
  0.05181   0.026487  0.020079 -0.040921  0.041574  0.031525 -0.00385
 -0.022186 -0.093109  0.010296  0.028008  0.041798 -0.022435]
[-0.733128 -0.641642 -1.003578 -0.975057 -1.266573 -1.096112 -0.078363
  0.183644  0.073935  0.072566  0.169724  0.163609 -0.087259  0.152504
  0.139232 -0.062487  0.046563 -0.082689 -0.072885 -0.010769]
[-0.811522 -0.853039 -0.833739 -0.838358 -0.764692 -0.980532 -0.038249
  0.083507  0.023666  0.078237 -0.010808  0.011059 -0.031178  0.023438
  0.081423 -0.007761  0.12501  -0.050518 -0.045347 -0.014799]
[-0.735958 -0.530144 -0.849135 -0.523203 -0.819065 -0.643685 -0.063848
  0.033869 -0.11788  -0.079338  0.088349 -0.069851 -0.025258  0.037273
  0.021735 -0.075402 -0.065584 -0.094783  0.005545  0.019688]
[-0.879618 -0.93948  -0.844508 -0.844223 -0.800871 -0.740387  0.024652
 -0.003345 -0.029703 -0.040343  0.126851  0.036937 -0.002467  0.074563
  0.061207 -0.003546 -0.13592   0.033416  0.036686  0.057372]
[-0.752592 -0.825202 -0.714905 -0.801696 -0.718105 -0.727805  0.083675
 -0.013878 -0.071549 -0.036995 -0.062782 -0.053502 -0.044627 -0.046246
 -0.029551 -0.045888  0.011754  0.101714 -0.058875 -0.046276]
[-0.687096 -0.575368 -0.543675 -0.700493 -0.622659 -0.387181 -0.007779
 -0.109713  0.06298  -0.117092  0.050199  0.04646  -0.094645  0.034499
 -0.155146 -0.093629 -0.07376  -0.05886  -0.043074 -0.003394]
[-1.046348 -1.173178 -0.741661 -1.229459 -0.906916 -0.891304 -0.045203
 -0.104077 -0.035589  0.071775  0.037455 -0.127597  0.024508 -0.033803
 -0.053562  0.107973  0.029588 -0.050102 -0.044478 -0.038305]
[-0.757662 -0.880105 -0.623258 -0.756612 -0.604664 -0.760813 -0.042832
 -0.143421 -0.058966 -0.010745  0.032978  0.006835  0.06448   0.015405
 -0.132805  0.05015  -0.020687 -0.08259   0.020224  0.021469]
[-0.911603 -0.824352 -0.553923 -1.000588 -0.734387 -0.914252 -0.014788
  0.040434 -0.060214  0.034453  0.007858 -0.105091  0.030432  0.044548
  0.025245 -0.008216  0.001515  0.017013 -0.008496 -0.021556]
[-1.136    -1.051083 -1.147915 -1.084165 -0.972008 -1.392694  0.009707
 -0.014272  0.057544  0.187363 -0.1404    0.185802 -0.071764 -0.173565
  0.081363 -0.028462  0.297183 -0.034963  0.047288  0.010286]
[-0.717688 -0.885831 -0.714095 -0.828715 -0.659602 -0.853753  0.027446
 -0.013693 -0.035155 -0.107708 -0.053914 -0.035541 -0.043072 -0.03652
 -0.035773 -0.04024  -0.091283  0.031421  0.044237  0.015545]
[-0.878639 -0.906209 -0.800473 -0.953366 -0.743877 -0.929747 -0.188859
  0.067431 -0.022141  0.068401 -0.020575 -0.025838 -0.017823  0.008321
  0.053666 -0.016376  0.020848 -0.132922  0.001057  0.006643]
[-1.072296 -0.879194 -0.969432 -0.926888 -0.914319 -0.696288  0.069032
 -0.039602  0.025909 -0.035955 -0.016876  0.050079  0.091375 -0.018814
 -0.018874  0.122799 -0.009727  0.053557  0.037017  0.020824]
[ -9.023576e-01  -1.041639e+00  -8.179641e-01  -1.022148e+00  -7.730138e-01
  -9.308237e-01   4.943708e-04  -9.913575e-02   3.311924e-02  -7.052033e-02
   6.193718e-02   3.567955e-02   6.838418e-02   5.374134e-02  -9.695755e-02
   8.449424e-02  -4.215867e-02   7.701800e-03  -1.172903e-02   6.407482e-03]
[-0.801757 -0.570323 -0.579017 -0.639325 -0.647073 -0.466217  0.081869
 -0.152378  0.054596  0.080384 -0.01488   0.081336  0.013526 -0.029054
 -0.126933 -0.010773  0.090918  0.005445  0.016068 -0.023804]
[-0.891158 -0.779621 -0.695561 -0.737528 -0.885639 -0.873356 -0.051052
  0.110349  0.036159 -0.033108  0.054358  0.026856  0.046609 -0.077903
  0.117072  0.07387  -0.027316 -0.095159 -0.010698 -0.004848]
[-1.234527 -1.071718 -1.068453 -1.245606 -1.148467 -1.096701 -0.129786
  0.06489  -0.002424 -0.070805 -0.054755  0.018632 -0.013035 -0.077848
  0.061209 -0.002345 -0.043214 -0.077058 -0.019216 -0.01378 ]
[-0.949157 -0.711556 -0.761413 -0.839685 -0.859215 -0.672884 -0.029068
  0.091423 -0.018729  0.037905  0.018042 -0.05011   0.034629  0.008958
  0.077027  0.025862 -0.009657 -0.04944   0.02386   0.01388 ]
[-1.07294  -0.696183 -0.803368 -1.073825 -1.138589 -0.809706 -0.060168
  0.045719 -0.08386   0.085424 -0.059685  0.013938  0.02102  -0.036658
  0.056335 -0.013616  0.106879  0.036136 -0.05541  -0.007547]
[-0.753273 -0.829523 -0.689382 -0.879403 -0.73472  -0.741404  0.010342
 -0.056329 -0.020721 -0.039045  0.065845  0.015258  0.022969  0.085751
 -0.086222  0.025001 -0.073746  0.081996  0.007722  0.009082]
[ -9.316191e-01  -8.556751e-01  -8.108307e-01  -1.009658e+00  -9.908728e-01
  -9.273417e-01   6.559466e-02  -3.646919e-02   4.639641e-02   2.004096e-02
  -2.357569e-02   4.565698e-02  -8.208968e-04  -3.527597e-02  -2.938209e-02
  -1.554536e-02  -6.998664e-03   8.373484e-02   1.612791e-03   1.132644e-02]
[-0.860192 -0.710517 -0.736853 -0.782454 -0.79962  -0.514129  0.070917
 -0.020169 -0.081071  0.031053  0.105012 -0.028753 -0.061407  0.039537
 -0.070436 -0.02682   0.022338  0.070959  0.099362  0.027548]
[ -1.016977e+00  -1.092974e+00  -9.390889e-01  -1.383866e+00  -1.260698e+00
  -1.180564e+00  -2.254111e-02  -9.472663e-03   2.067791e-02   6.298146e-02
  -1.214154e-03  -4.585445e-02  -5.205318e-02  -5.818985e-03  -1.481232e-02
   7.276764e-03   1.165003e-01   2.783052e-02   8.892103e-02  -5.806144e-02]
[-0.918687 -0.652946 -0.996607 -0.677918 -0.919503 -0.485549  0.253397
 -0.058137 -0.005174  0.109237  0.142245 -0.039921 -0.010832  0.108186
 -0.11059  -0.049263  0.193927  0.290622 -0.042086 -0.022644]
[-0.937093 -0.848478 -0.675682 -0.730475 -0.608646 -0.492601  0.031928
  0.207181  0.059132 -0.012019 -0.07903   0.065009  0.026862 -0.046173
  0.125449  0.011789 -0.065161  0.052968 -0.037754  0.031578]
[-0.762318 -0.844025 -0.722346 -0.947849 -0.805216 -0.770686  0.038544
  0.146239 -0.004658 -0.006402  0.043241  0.011796  0.008781 -0.010901
  0.13477   0.021975  0.038672  0.015207  0.003599  0.011387]
[-1.106886 -1.087183 -0.907651 -0.943192 -0.651347 -0.920675 -0.044039
 -0.002256 -0.013046 -0.037245  0.050972 -0.049025 -0.178243  0.017107
 -0.007613 -0.115617  0.01582   0.010156 -0.047867 -0.016773]
[-0.90669  -0.956397 -0.739195 -0.762251 -0.645815 -0.669124  0.011483
 -0.041433 -0.146151 -0.031681 -0.149011 -0.119143 -0.151484 -0.172678
 -0.071761 -0.126091 -0.037957 -0.025514  0.046166 -0.030444]
[-0.872822 -0.732759 -0.845884 -0.827677 -1.10313  -0.834601 -0.05697
 -0.008132  0.011399  0.031481 -0.174805 -0.117602  0.060145 -0.208219
  0.015807  0.027961  0.071993 -0.194773  0.015527  0.015416]
[ -8.423186e-01  -9.074646e-01  -1.127574e+00  -8.909276e-01  -1.120926e+00
  -1.243824e+00  -2.253974e-02  -3.573271e-02   6.819610e-03   7.709537e-02
   4.879690e-03  -1.027194e-03  -1.762779e-02  -1.462284e-02  -7.337319e-02
   3.255513e-02   6.352432e-02  -5.217469e-02  -1.182625e-03  -7.327255e-03]
[-0.828384 -0.996241 -0.886257 -0.914087 -0.954882 -1.124397 -0.017236
  0.037564  0.007426 -0.099794  0.083161 -0.042402  0.119579  0.05433
  0.068859  0.149634  0.008966 -0.097714 -0.146549 -0.07808 ]
[-0.903885 -0.87371  -0.83341  -0.714077 -0.732049 -0.738851 -0.066019
  0.043355  0.074854  0.06182   0.023821  0.068896  0.09309   0.009854
  0.040562  0.046485  0.074993 -0.077579  0.027367  0.025668]
[-0.934024 -1.283748 -0.594518 -0.976302 -0.56352  -0.598413  0.24352
 -0.137471  0.035462 -0.207405  0.055372  0.062165 -0.175063  0.007117
 -0.047138 -0.070933 -0.117247  0.119891  0.00759   0.050425]
[-0.771408 -0.644101 -0.488538 -0.679842 -0.699696 -0.539645  0.114505
  0.1194   -0.007419 -0.067974 -0.098525 -0.01303   0.155868 -0.122073
  0.105869  0.147578 -0.094152  0.174811  0.042247 -0.015007]
[-0.945434 -0.985891 -0.991901 -0.775225 -0.684781 -0.731574  0.024329
  0.023374  0.195023  0.110951 -0.061424  0.123054  0.103459 -0.070304
  0.092491  0.008029  0.220649 -0.029718  0.010945  0.011042]
[-0.969432 -0.870894 -0.79141  -0.925011 -0.895014 -0.861293  0.061285
  0.069678  0.021206 -0.040969  0.027037  0.00922  -0.020642  0.009101
  0.044136 -0.071878 -0.017874  0.046503  0.015493 -0.02427 ]
[-0.951484 -0.922458 -0.717707 -0.863043 -0.627066 -0.739885 -0.013535
  0.063957 -0.026802 -0.011238 -0.032248 -0.015835  0.176789 -0.003628
  0.067675  0.146854 -0.03871   0.004656 -0.022695  0.018215]
[-1.285694 -1.081525 -1.124308 -0.877397 -0.85637  -0.685946  0.003815
 -0.073014 -0.007673 -0.031921  0.015634 -0.016249  0.054245  0.05538
 -0.084614  0.035277 -0.039179  0.012601 -0.052998 -0.015116]
('Mean', 1, ': ', -1.2856940441236946)
('Median', 1, ': ', -1.2856940441236946)
('Variance', 1, ': ', 0.0)
('Mean', 2, ': ', -1.0815254580704932)
('Median', 2, ': ', -1.0815254580704932)
('Variance', 2, ': ', 0.0)
('Mean', 3, ': ', -1.1243075969596523)
('Median', 3, ': ', -1.1243075969596523)
('Variance', 3, ': ', 0.0)
('Mean', 4, ': ', -0.87739654264976719)
('Median', 4, ': ', -0.87739654264976719)
('Variance', 4, ': ', 0.0)
('Mean', 5, ': ', -0.85636952387536824)
('Median', 5, ': ', -0.85636952387536824)
('Variance', 5, ': ', 0.0)
('Mean', 6, ': ', -0.68594585971614352)
('Median', 6, ': ', -0.68594585971614352)
('Variance', 6, ': ', 0.0)
('time: ', 11175.226536035538)
