“Running plot script on a single CPU core”
[-0.308119 -0.976746 -0.218048  0.322373 -0.527059  0.332519  0.269251
  0.306667  0.284162 -0.01217   0.004849  0.306734 -0.314361 -0.077918
 -0.99953  -0.819148 -0.992003  0.254663  0.150667 -0.815346]
[ 0.013896  0.282627 -0.525546 -0.427749  0.012115  0.096918  0.281643
 -0.896459  0.273533  0.327177  0.229073  0.295965  0.062586  0.156071
  0.309005 -0.019487  0.288733  0.288135  0.331591  0.192116]
[ 0.239045 -0.452531 -0.400159  0.174642  0.2606    0.263168  0.33006
  0.236992 -0.798504  0.298087  0.330623  0.126276 -0.892772  0.141193
 -0.850114  0.277626  0.273885  0.314357  0.112247  0.011665]
[ 0.293308  0.319109  0.328849  0.323632  0.323573 -0.986695  0.305656
  0.330844 -0.166057 -0.402647  0.188305  0.290684 -0.190294  0.207161
 -0.23936   0.333137 -0.816524 -0.995303  0.284932 -0.907749]
[ 0.317306 -0.909333 -0.844121 -0.923283 -0.502413  0.305901  0.212972
  0.159503  0.332927  0.248941  0.239465 -0.967552  0.324878  0.175245
  0.230094  0.006504 -0.998369 -0.295088  0.228774  0.251395]
[-0.012856 -0.913737 -0.166258 -0.673283  0.235854  0.116625  0.333266
  0.331556 -0.362081 -0.367157  0.313976  0.292818  0.193657 -0.06547
  0.327839  0.323314  0.06664   0.268119  0.333304 -0.542519]
[ 0.309794  0.33236   0.202111 -0.737629  0.294982  0.27728   0.194328
  0.231266  0.157633  0.332907 -0.239544  0.333322  0.292586  0.05828
  0.187794 -0.999904  0.298609 -0.186097  0.13423   0.17992 ]
[ 0.146824 -0.093847  0.307156 -0.677483 -0.423828 -0.840868  0.327675
  0.333327  0.233322 -0.474489  0.263253  0.096935 -0.069421  0.325682
  0.223597  0.322785  0.189559 -0.225689 -0.14525   0.293694]
[ 0.332841  0.153939  0.220601  0.119275 -0.176145  0.010039 -0.426517
  0.281897 -0.348931  0.316531  0.282113  0.333321  0.149881  0.332535
 -0.36559   0.330725 -0.961015 -0.779405 -0.972459  0.253163]
[ 0.332747 -0.916534 -0.325592 -0.460676 -0.382934  0.138322 -0.083336
 -0.781698  0.080298  0.316257 -0.103715  0.058652  0.227307  0.20254
  0.296459  0.302712  0.189306  0.332782  0.0173    0.103869]
[-0.462931 -0.037257  0.181885  0.3317    0.296942  0.256343 -0.999623
 -0.512357  0.309789  0.317271  0.268511 -0.080603  0.307116  0.332874
  0.268314 -0.510788  0.137427  0.238322  0.093712 -0.974905]
[ 0.300631 -0.359413  0.278926  0.302692 -0.572139  0.328474  0.233836
  0.29402  -0.106518  0.205919 -0.928854  0.316951 -0.442923  0.172406
  0.274575 -0.129496 -0.290735 -0.999955 -0.084039 -0.023237]
[ 0.328585 -0.43076  -0.195161  0.308926  0.260178  0.050521  0.304371
 -0.186855  0.076932 -0.596485  0.275308 -0.914731  0.190222  0.284036
  0.330181 -0.112589 -0.01571   0.174058  0.328617  0.305512]
[-0.146929  0.24604   0.044843 -0.556264 -0.773104  0.278377  0.187765
 -0.191245  0.150229  0.274986  0.267019 -0.301577  0.148317  0.315989
 -0.453769  0.313105  0.205359 -0.604011 -0.178859 -0.404627]
[ 0.243039  0.223886 -0.563745  0.206706  0.332568 -0.532635  0.326776
  0.25299   0.089276  0.318025 -0.805496  0.311714  0.223764  0.018467
 -0.377368 -0.404768  0.254222 -0.999972  0.019878  0.303467]
[-0.565495 -0.277287  0.31366   0.216165  0.056494  0.057818  0.273895
 -0.218528 -0.270794  0.151674 -0.201672 -0.007486  0.146923 -0.827022
  0.260632 -0.836524  0.331052 -0.058736 -0.125597  0.28256 ]
[ 0.316829 -0.398722  0.150578 -0.797394 -0.663     0.330257 -0.962254
  0.302248  0.27628  -0.11789  -0.884588  0.332724  0.309639 -0.303271
  0.311765 -0.197301  0.323636  0.23444   0.264228  0.331416]
[ 0.253081 -0.084115  0.307483  0.307575  0.094615 -0.993354  0.271462
 -0.239813  0.219603  0.312142 -0.820665  0.304238 -0.065393  0.169171
 -0.861677 -0.609942  0.098326 -0.281788  0.302894  0.229844]
[ 0.304625  0.332016  0.028669 -0.987953 -0.914381  0.0883   -0.992678
  0.291999  0.092038 -0.750398  0.069734  0.329657  0.256374  0.281789
 -0.048232  0.025074 -0.683338  0.085257 -0.443625 -0.209478]
[ 0.043783  0.148291  0.316709  0.322558  0.268769  0.239577 -0.808936
 -0.073844 -0.177888  0.212563  0.116153 -0.48657  -0.812926  0.005053
  0.332347  0.326112 -0.556427  0.004548 -0.070667  0.310598]
[ -6.955839e-01  -8.064359e-01   3.134893e-01   1.723852e-01   7.462370e-04
   2.390484e-01   1.985440e-01   2.974445e-01  -5.336253e-02   3.748800e-02
   1.859835e-01  -4.564619e-01   2.815053e-01   1.406364e-01   1.880332e-01
   2.165524e-01   3.209883e-01   3.332091e-01  -9.808666e-01  -1.677912e-01]
[-0.512755  0.161188  0.332676  0.118282  0.084697 -0.99901   0.277722
  0.322747 -0.304288 -0.549688  0.314948 -0.970151 -0.291892 -0.631509
  0.324601  0.300582  0.330838 -0.225933 -0.095836  0.309216]
[ 0.279622  0.283327  0.199105  0.333288 -0.909995 -0.764741  0.327937
 -0.521859  0.323422  0.007645 -0.44282   0.327853  0.012567  0.127765
  0.319893  0.328906  0.268077  0.28538   0.048632 -0.086663]
[ 0.298149  0.099687  0.091357 -0.166013 -0.715822  0.285573 -0.486633
  0.321833 -0.545801  0.331759 -0.089264 -0.200801  0.332431  0.186214
  0.31537   0.161798 -0.951663 -0.15073   0.287933  0.277719]
[-0.222367  0.311757  0.31041   0.331822  0.186563  0.31789   0.284908
  0.250739  0.3276    0.072845  0.317207  0.312276  0.246142 -0.299106
  0.31733  -0.80214   0.223943  0.268291 -0.069172  0.323919]
[ 0.331931  0.057774  0.290182  0.307429  0.301994  0.324882 -0.438769
  0.274058  0.286459 -0.017311  0.01287  -0.281228  0.327845 -0.115116
  0.247537  0.096415  0.307165  0.296569 -0.247328 -0.225342]
[-0.775502 -0.09401   0.326209  0.218159  0.294853 -0.368837 -0.024934
 -0.358264  0.248967  0.309887 -0.99532  -0.117953  0.057785  0.323526
  0.186631  0.087225 -0.618288 -0.869291  0.036189  0.24255 ]
[ 0.291867  0.292666  0.119055  0.187821 -0.446151  0.254312  0.251932
  0.175667  0.294617  0.069219 -0.755631 -0.974439 -0.139034 -0.514017
 -0.321998  0.259309  0.115979 -0.36125   0.085799 -0.044015]
[ 0.16578   0.33204  -0.293407 -0.290765  0.134742 -0.942703 -0.04738
  0.329452  0.191933  0.231693  0.287575 -0.715931  0.143921  0.188646
 -0.016449  0.312013  0.203721  0.099976  0.017776  0.292241]
[ 0.320934 -0.017178  0.009537  0.273007 -0.979677  0.32866   0.328555
  0.197316 -0.238803 -0.978923  0.333328  0.304257  0.330599  0.093641
  0.277989  0.1067    0.278849  0.166862 -0.402293 -0.102468]
[-0.997588  0.262302 -0.438712  0.161315  0.001016 -0.991517 -0.88267
 -0.78625   0.310065 -0.205693  0.3126    0.330203  0.285197 -0.223829
  0.296905 -0.861276  0.304309 -0.092932  0.320861  0.3311  ]
[ 0.197393 -0.130287 -0.419889  0.245492 -0.867041 -0.383205  0.194253
 -0.966117  0.283922 -0.137206  0.330115 -0.327741 -0.206817 -0.072326
  0.292338 -0.084637  0.123296  0.326238  0.295292  0.126282]
[-0.099319 -0.142118 -0.80608   0.051896 -0.796819  0.166764 -0.338764
  0.207997  0.330174 -0.4403    0.200871  0.271576  0.261971 -0.068028
  0.238105  0.302263 -0.913639  0.319836 -0.790077  0.209317]
[ 0.238123  0.327745  0.329447  0.182995  0.14886  -0.940657 -0.558474
  0.33333  -0.649858 -0.360103 -0.999986  0.178321 -0.777125  0.218397
  0.259256  0.211716  0.284708  0.175678 -0.358781  0.330382]
[ 0.160524  0.26653   0.332212  0.301458  0.301001 -0.652663 -0.166491
  0.332398  0.3238    0.253188 -0.620566 -0.083713  0.194656  0.322142
  0.299191 -0.460417  0.22867   0.079557  0.328983  0.32281 ]
[ 0.193883  0.315183  0.317772  0.323271 -0.681343 -0.375634 -0.666503
 -0.60403   0.206149  0.314976 -0.976249 -0.213777  0.004497  0.33216
 -0.061221 -0.552568  0.126661  0.10127   0.214881  0.197212]
[ 0.218255  0.230049  0.16489   0.116813  0.315407  0.188698 -0.954282
  0.222833 -0.751405  0.285429  0.092868  0.04134  -0.501451  0.318968
  0.154419  0.049551 -0.046242  0.081689  0.225664  0.313426]
[ 0.212218  0.330636  0.146486 -0.248846  0.307014  0.190787  0.28648
  0.157816 -0.69684  -0.016847  0.313246  0.316066  0.329898  0.251116
  0.214834 -0.827432 -0.143555  0.284929  0.33217   0.323728]
[ 0.146482  0.018824 -0.912807 -0.597696  0.333225 -0.994254 -0.061058
  0.197559  0.332255  0.327609 -0.096837  0.330395 -0.928419  0.326302
  0.332371  0.307602  0.053525 -0.621673 -0.368071 -0.567419]
[ 0.329066 -0.836083  0.3138    0.30975   0.303889  0.129743  0.308807
 -0.770778  0.331758  0.28072  -0.568484  0.217426  0.061224 -0.205624
 -0.724501  0.210571  0.241813  0.314702  0.332695  0.330886]
[-0.875311 -0.127937 -0.582212  0.315952  0.106832  0.319403  0.333203
  0.309973  0.040311  0.277327  0.332805  0.087004  0.293136  0.295783
 -0.709438  0.172366  0.322695  0.225961  0.064588  0.333332]
[ 0.157722  0.279468  0.333333 -0.204449 -0.10467  -0.441193 -0.481166
  0.206874  0.280147  0.333279  0.332846  0.207363  0.080498 -0.400028
  0.330394 -0.157793  0.185891 -0.007726  0.142092 -0.328884]
[-0.423248  0.329427  0.041676  0.14189   0.333304 -0.39153   0.050148
  0.32699  -0.094903 -0.022741 -0.666434 -0.07973   0.11059  -0.976678
  0.331706 -0.147161 -0.808875  0.003327  0.169018  0.286948]
[ 0.276009  0.166386 -0.013124 -0.021923  0.234295  0.023004  0.07581
  0.272329 -0.265166  0.181003 -0.376072  0.261627 -0.090029  0.024972
  0.058892  0.245845  0.333121 -0.079057  0.31435  -0.251835]
[ 0.258186  0.088733  0.333332  0.273047  0.224239  0.290011  0.131638
  0.154448  0.297157  0.32164  -0.038096  0.216568 -0.243023 -0.032293
 -0.620237 -0.115551  0.132616 -0.734546 -0.049807  0.318431]
[-0.104021 -0.551636 -0.491466 -0.978281  0.192854  0.331094  0.06723
 -0.525801 -0.048144 -0.215299  0.285471  0.318558  0.137211  0.133774
  0.199046 -0.090662  0.22654   0.326038  0.298523  0.330402]
[-0.699035 -0.143539  0.30549   0.332437  0.235271  0.331797 -0.04278
  0.259819  0.126321  0.085256 -0.954032  0.330489  0.250619 -0.127913
  0.29247  -0.992659  0.323734 -0.995676  0.292844  0.276787]
[ 0.305445  0.329099  0.16684   0.089577  0.268658 -0.287065 -0.693755
  0.283389  0.298482  0.285851  0.134077  0.280175 -0.013461  0.332079
  0.234953 -0.564925 -0.859175  0.251403 -0.27269  -0.473862]
[ 0.309243 -0.797753  0.327816  0.308892  0.154238  0.157155  0.33015
  0.305255  0.309475  0.157103  0.32518  -0.693844 -0.628365  0.220318
  0.326913  0.256341  0.329008  0.10072   0.300107  0.31416 ]
[ 0.185406  0.163501  0.066738  0.247049  0.320762 -0.985819  0.262974
 -0.061711  0.129072 -0.66177  -0.908351 -0.575809 -0.02191   0.332067
 -0.386475 -0.947664  0.332674 -0.360573  0.201282 -0.344441]
[-0.291786 -0.984079  0.049348 -0.410963 -0.989869  0.304568  0.288019
  0.315156  0.300632  0.319928  0.278881  0.282677  0.247672  0.309716
  0.316735  0.300358 -0.154412 -0.997579  0.325743  0.157819]
[ 0.189868 -0.371676  0.271317  0.064411 -0.338272  0.323532  0.202589
  0.17793  -0.606451 -0.988493  0.332049  0.280379 -0.970154  0.188781
 -0.359866 -0.013825  0.319424  0.266617 -0.225562  0.152078]
[ 0.313628  0.291764 -0.58335   0.330984  0.282288  0.122669 -0.121395
  0.058104  0.026007  0.214574  0.301778  0.299584  0.264605  0.056443
 -0.94852  -0.393547  0.256291  0.040181  0.281322  0.025157]
[ 0.33185   0.306601 -0.283958  0.3332    0.201074 -0.925337  0.331939
 -0.633933  0.304923  0.333311  0.295006  0.230889 -0.814632 -0.284247
  0.24897   0.18946   0.230368 -0.060107  0.259824  0.280344]
[-0.252822 -0.322074  0.265152  0.210036  0.049257  0.117925  0.315553
  0.277232  0.324277  0.158819  0.332008  0.317711  0.094711  0.309059
  0.294958  0.308599  0.282812  0.23361   0.282573  0.210613]
[-0.266256 -0.950295  0.246007 -0.288544 -0.930759  0.278256 -0.052556
  0.306217  0.333096 -0.27505  -0.017165 -0.996602  0.299398  0.198968
  0.147952  0.328114  0.329379  0.192191 -0.113942  0.282611]
[ 0.293144 -0.781129  0.332772  0.276349  0.269526 -0.224863  0.276243
  0.121918  0.162339 -0.239791  0.329373  0.318277  0.181407 -0.003883
 -0.988388  0.117263 -0.770763  0.3193   -0.228137  0.073681]
[-0.769072  0.197785 -0.410985  0.145395  0.333062  0.312175  0.304027
  0.072314  0.332088  0.321301  0.075792 -0.182593  0.313012  0.118235
  0.278548 -0.229767 -0.052413  0.244775 -0.153136 -0.034766]
[-0.825429  0.292104  0.305763  0.067863  0.297875  0.242232  0.086056
  0.282039  0.323469  0.328176 -0.716108  0.007724  0.332916  0.329627
  0.03612  -0.470967 -0.149648 -0.779627  0.289159 -0.086496]
[-0.936524  0.332519  0.321184 -0.586288  0.300881 -0.933863  0.24195
 -0.504515  0.169118 -0.47869   0.294794  0.208396  0.29701   0.276174
  0.23453   0.329558 -0.627597  0.254141  0.288586 -0.202194]
[ 0.300011 -0.242242  0.194344  0.142791  0.307565  0.189263 -0.833229
  0.256159 -0.106357  0.035357  0.011671  0.276284  0.269342  0.306639
  0.205961  0.193801 -0.725952  0.333314  0.331583  0.330563]
[  2.824432e-03  -7.554419e-01  -7.984887e-01   2.791545e-01  -2.647441e-01
   2.449657e-01   2.440608e-01  -6.289058e-01  -6.643389e-01   2.271082e-01
  -8.573715e-01   1.422907e-01   2.609231e-01   2.597568e-01   3.066005e-01
   5.812881e-04  -1.786351e-01  -1.627945e-01   1.758601e-01  -3.598262e-01]
[ 0.313988  0.331422  0.328657  0.106268  0.077391  0.305018  0.333156
  0.293635 -0.409226 -0.999265  0.139667 -0.588522 -0.427848  0.312976
 -0.230122 -0.970438  0.255777 -0.49614   0.266553 -0.3732  ]
[-0.119072  0.311255  0.279442  0.157567  0.333328  0.325063 -0.925019
  0.29256   0.331112  0.021117 -0.002741  0.328458 -0.761468  0.086287
  0.108722 -0.328824 -0.994628 -0.387424 -0.658807  0.33158 ]
[ 0.321235  0.262859  0.27666  -0.970521  0.312749  0.27735   0.165667
  0.329521 -0.451541  0.23853  -0.618736  0.100786 -0.308618  0.001337
  0.068961  0.276123  0.317056 -0.215684 -0.976728  0.326115]
[ 0.333187 -0.779816  0.12939   0.303591 -0.076134  0.325689  0.216454
  0.29528   0.315399 -0.534226  0.180474 -0.998641 -0.083837  0.332598
  0.237392 -0.176955 -0.580672  0.165326 -0.981396  0.321035]
[ 0.118509 -0.94342   0.309876  0.3333    0.227086 -0.107869  0.33095
  0.281338  0.331014 -0.222811  0.019889  0.330144  0.272844  0.331496
  0.245733  0.024083  0.23857  -0.0182    0.183431  0.149454]
[ 0.052796  0.292654 -0.765522 -0.941779  0.319014  0.211607 -0.761364
 -0.944742  0.271674  0.323317 -0.851654  0.328662 -0.531163  0.326701
 -0.858897  0.317897 -0.632223  0.079831  0.333333  0.125294]
[ 0.29181  -0.69505   0.116316 -0.72454   0.062359 -0.584225  0.271616
 -0.197275  0.279216  0.330625 -0.415855  0.069644  0.33248   0.303042
  0.30324   0.320522 -0.956244  0.233966 -0.616562  0.156536]
[ 0.307852  0.332701  0.32801   0.290528  0.139936 -0.925458  0.308676
  0.30375   0.330488 -0.936346  0.185537  0.277673  0.321724 -0.292461
  0.262853  0.331216  0.173047 -0.130369  0.179329  0.265927]
[ 0.153163  0.324726  0.035751 -0.21897   0.330961  0.011191  0.31191
  0.124521 -0.911815 -0.885507  0.331143  0.211221  0.04308   0.166748
  0.306422 -0.300867  0.051538  0.301642  0.292244  0.175098]
[ 0.293866  0.326572  0.193922 -0.763365 -0.154098  0.191903  0.304231
  0.302844  0.204956 -0.860077 -0.154786  0.218864  0.329092  0.127194
  0.313051 -0.474557  0.308763  0.323096  0.171183  0.013944]
[-0.085226  0.109398 -0.011975  0.285629  0.296871  0.162513 -0.017484
  0.332002 -0.982138 -0.621795  0.321928  0.318035  0.14611   0.213962
  0.15325  -0.881693  0.327766  0.27919   0.247726  0.208917]
[ 0.310022  0.11645   0.178366 -0.497786  0.289868 -0.476869 -0.785026
  0.192643 -0.802305 -0.565665  0.333307  0.197152 -0.093659 -0.792396
  0.325919  0.325667 -0.706014 -0.39256  -0.525967 -0.830877]
[-0.495051  0.329802  0.221676  0.066767  0.298717 -0.018852  0.305004
 -0.503233  0.272814 -0.238628  0.059889  0.045775 -0.928344  0.327926
 -0.708081  0.321409 -0.551182 -0.196707 -0.620176  0.247511]
[-0.253339  0.327224 -0.181717  0.324203  0.331074  0.212658 -0.079394
  0.03184  -0.436788  0.145632 -0.345005  0.330287 -0.663763  0.034364
  0.331988 -0.134648 -0.434057  0.332948 -0.264265  0.253204]
[-0.051519 -0.257199  0.276725  0.278768  0.296585 -0.064072  0.32209
  0.101292 -0.681191  0.321098  0.125528 -0.046199  0.328599 -0.993593
  0.216125  0.305404  0.134965  0.157363 -0.993237  0.311416]
[-0.361842  0.078925  0.333305 -0.469162  0.263626 -0.405327  0.166816
 -0.328531  0.24437  -0.622583  0.2731   -0.843395  0.330051 -0.144174
  0.259855  0.310464 -0.706141  0.331587 -0.01752  -0.053417]
[-0.188866  0.326252 -0.473886  0.327274  0.313397  0.296412  0.12657
  0.332032  0.044202  0.307769  0.147635 -0.647424  0.248907 -0.213084
  0.309394 -0.63348   0.333293  0.325573  0.194092  0.273273]
[ 0.327096  0.250794  0.333052  0.22668  -0.986288 -0.106999  0.076149
 -0.982785 -0.760166  0.162727  0.319463 -0.81111   0.318072 -0.168063
 -0.160274  0.179458  0.216274  0.33233   0.112775 -0.34655 ]
[ 0.320785  0.294547  0.324189  0.272404 -0.628204 -0.053796 -0.013273
  0.330963  0.263548 -0.602884 -0.611294  0.207764  0.243296  0.101959
  0.048548 -0.851261  0.301682 -0.151452 -0.933022 -0.078097]
[ 0.333142  0.330507 -0.660637  0.202185  0.139654  0.050042  0.068535
  0.319195  0.141609 -0.17465   0.135747  0.329576  0.108972  0.23559
  0.237776 -0.047825  0.013627  0.297144  0.132508 -0.002109]
[ 0.333333  0.139122 -0.999954  0.00243   0.331173 -0.565305  0.303582
  0.333086 -0.368953 -0.586621 -0.363065  0.319788 -0.0195   -0.960529
 -0.110051  0.328336  0.320489  0.070238 -0.403206 -0.358211]
[ 0.137233  0.20737   0.291133 -0.381523  0.082635  0.267039  0.331741
  0.333276  0.24643   0.319855  0.247633 -0.23916   0.253791  0.009487
 -0.882673  0.295232 -0.030213  0.330722  0.315642  0.324672]
[-0.434023 -0.588248 -0.987992  0.283888 -0.52132   0.331727  0.30604
  0.329872  0.318741 -0.045857  0.116765  0.320868  0.33069  -0.134551
 -0.012148  0.132462  0.327258  0.273978  0.298701  0.322844]
[ 0.052026  0.296037  0.214309  0.32072   0.149032  0.331228  0.22153
  0.149666  0.032999  0.320838  0.286198 -0.984957  0.324002  0.316229
 -0.269583  0.311346  0.190819  0.309968 -0.578856  0.333016]
[-0.04912   0.300054 -0.003422  0.082166 -0.842793  0.300106  0.307431
  0.327218 -0.448938  0.321953  0.105749  0.325513  0.298347  0.332256
  0.230641  0.254904 -0.995935  0.193448  0.030442  0.299535]
[-0.094536 -0.711501  0.328668  0.148707  0.103774 -0.123983  0.331555
 -0.717266  0.112888  0.270914  0.327309  0.331829  0.245724  0.333064
 -0.921706  0.238158 -0.115768 -0.078542 -0.819851 -0.990804]
[-0.746635  0.142351 -0.143439 -0.931789  0.29627   0.209302  0.187446
 -0.27372   0.189897  0.219853  0.309978  0.034855  0.312981  0.135327
 -0.416216 -0.260731  0.330302 -0.171841 -0.772208 -0.28534 ]
[ 0.122641 -0.866364  0.218109 -0.990727  0.311294  0.106552  0.332776
 -0.153292 -0.24614   0.145931  0.00817   0.32821   0.332231  0.132019
  0.137919  0.331841 -0.949728  0.31854   0.323826  0.262591]
[-0.351302  0.28456   0.321382  0.031297  0.297808  0.311607  0.222991
  0.331908 -0.313324  0.270273 -0.997533 -0.212015  0.33326   0.111649
  0.242566  0.166273 -0.11485   0.039088  0.178337 -0.534661]
[-0.759267 -0.323968  0.331093 -0.363146 -0.943386 -0.726408 -0.017835
  0.267298  0.235061  0.321128 -0.842184 -0.309436  0.228853 -0.920516
  0.323238  0.328487  0.30347  -0.422112  0.316392  0.314883]
[ 0.333229 -0.12571  -0.596692  0.282094 -0.032135  0.058821  0.324589
  0.12242  -0.801681  0.328751 -0.438788  0.132719 -0.924297 -0.243208
  0.039402  0.243076 -0.994628 -0.474672  0.233553  0.116113]
[ 0.191762  0.177599  0.067667  0.154747  0.331764 -0.514973 -0.945686
  0.30439  -0.230263  0.284058 -0.492592  0.280185 -0.587932  0.328292
  0.102331 -0.364533 -0.128732  0.297582  0.103804  0.270408]
[ 0.238609  0.277342  0.263228  0.324467  0.198267  0.067031  0.26501
  0.246711  0.331909  0.304587  0.325386  0.293709  0.293455  0.333331
  0.229944  0.331717  0.256733  0.237459 -0.178884 -0.743775]
[ 0.322906 -0.26626   0.143383 -0.110173 -0.921262  0.120102  0.208439
 -0.254005 -0.034993  0.333289  0.229388  0.211406 -0.969715  0.323884
  0.06193   0.060371  0.218699  0.281065 -0.97842  -0.729679]
[  3.319060e-01   2.858310e-01   4.093521e-02   2.811132e-01   2.392026e-01
   3.055389e-01  -4.875088e-02   1.805473e-01  -5.489544e-01   2.838845e-01
   6.686950e-04   2.734203e-01  -1.378962e-01  -1.080621e-01  -9.531671e-01
  -8.823240e-01   3.000406e-01   3.268792e-01   2.369411e-01   2.722322e-01]
[ 0.330756 -0.187636  0.31533   0.217574  0.31348  -0.928204  0.291327
  0.280938  0.111918 -0.098431 -0.170151  0.048232 -0.828578  0.170117
  0.264065  0.288183 -0.389092 -0.770094  0.333289  0.290536]
[ 0.29683   0.322593  0.226002  0.314258  0.283068  0.254978  0.315261
  0.333262  0.055028  0.275403  0.317314  0.190367 -0.985664  0.32455
  0.333231 -0.552346  0.240626  0.309582  0.077615 -0.24454 ]
[ 0.310438  0.117849  0.182056  0.280843 -0.265804 -0.863541  0.313964
 -0.266901 -0.042754 -0.648401  0.325146  0.1316    0.312577 -0.127604
  0.332922  0.253062 -0.546878  0.319204  0.150841 -0.402866]
[-0.00069496897131104962, 0.024235883109183794, 0.089565711577292234, -0.056221885116918113, 0.094813213167494886, -0.0076134957726751822, 0.038932919303369784, 0.04487309334276425, -0.095656150849741772, 0.091397381189284893, 0.016448899777416648, 0.056311969922740707, -0.0048473917984690473, -0.04582570871287045, 0.10743983867871648, 0.006883579223919245, -0.016277596954220042, 0.075662768100073219, 0.0085208263971107701, -0.042284816652986286, 0.057096548657261104, 0.0023858950809890755, -0.048157583895177269, 0.019542061656748766, 0.0054087112078530786, -0.052926807011783927, 0.093803132591480876, -0.036224084726248384, 0.0028228921551273489, 0.0016133356713898261, 0.041788477490300124, -0.014168724836951724, 0.049749268581474021, 0.021141572288305099, 0.099435039993296753, -0.0089904280719519114, 0.0094773632859370682, 0.028631013407354106, -0.0010217615604906916, 0.044453526839187241, 0.035352299267845555, 0.05055694600596955, -0.006938695227955316, 0.014166379400394113, -0.01641239367621905, -0.0094069134168350277, -0.041592973831762192, 0.059767435825605481, 0.058063885550896255, 0.0061333614433478068, 0.04007257846237483, 0.051142302110441684, 0.065425344412960412, 0.14743260817728138, 0.0055758414411426482, -0.020983010971401289, 0.079160171385072586, -0.024721357382516018, -0.020912808326546961, 0.0036503159579404088, 0.033401053148548021, 0.042529514841117805, 0.013729270905921132, -0.0042479032546677287, 0.040195821193588666, 0.059442492528242796, 0.014365004852575025, 0.0039525569026938323, 0.027831281247468198, -0.051921555606735947, 0.041110644439665403, 0.031825753323500738, 0.004057114951693197, -0.0040324235416973053, -0.0043344914963363013, 0.0021552240827621416, 0.0064929916065594867, -0.038206479007445449, 0.009555354041717895, 0.015632903165533396, 0.0014041956794295096, 0.026806524329658521, 0.072223813356427524, -0.0036972541528846048, -0.044187794491879429, 0.067494200802204168, -0.0031754511228408305, 0.066899765011492293, 0.015370659303534873, -0.021686509471382565, -0.02753687843695074, -0.027630608434876303, 0.09228180097623892, 0.034836586765893768, 0.070941675803810333, 0.0060882846057883633, 0.083412094251223923, -0.0069023486091049913, -0.0021964559172460429, -0.029952401618937308]
('time: ', 15500.564951181412)
