“Running plot script on a single CPU core”
[-0.018002  0.064933  0.066879 -0.026476  0.011379  0.021197]
[ 0.073881  0.042298  0.036195 -0.013791 -0.032873 -0.017324]
[ 0.029109  0.096693  0.101913 -0.01336   0.058354  0.002593]
[ 0.027959  0.02914   0.06615  -0.010727 -0.003693 -0.008848]
[ 0.054105  0.070769  0.024507  0.006398 -0.023059  0.026483]
[ 0.007924  0.000857  0.061993  0.024992  0.007817 -0.0432  ]
[-0.027874  0.019545  0.038615 -0.000842 -0.007319  0.011719]
[ 0.013666  0.036995  0.047781 -0.020649 -0.000105  0.008949]
[-0.014566  0.027297 -0.014582 -0.005168  0.004962  0.009376]
[ 0.106122  0.02469   0.083337  0.01445  -0.002971  0.025548]
[-0.005374 -0.038259 -0.036863 -0.020122 -0.002063  0.025304]
[  4.662342e-02   6.296783e-02   7.577077e-02   1.585155e-02   4.960646e-05
  -2.331620e-02]
[ 0.056637  0.00878   0.025282 -0.002267 -0.00885  -0.043917]
[ 0.016406  0.040032  0.031395  0.008824  0.005989  0.002296]
[ 0.007329 -0.010453 -0.003407 -0.018222 -0.002496  0.002315]
[-0.004944  0.011903  0.042627 -0.003693 -0.013172 -0.006071]
[-0.011786  0.015217 -0.020259 -0.007212 -0.031297 -0.006699]
[ 0.053658  0.081431  0.086753  0.008387 -0.015059  0.01176 ]
[ 0.088048  0.062026  0.083228  0.000741 -0.037071  0.005716]
[ 0.051681  0.086426  0.08695   0.003361  0.002518 -0.003718]
[ 0.008258  0.000152 -0.02595  -0.034604  0.025826  0.002733]
[ 0.045539  0.041346  0.041862  0.022336 -0.027684  0.026882]
[ 0.058346  0.027572  0.123499  0.003692  0.012754 -0.015085]
[ 0.04785  -0.000568  0.025762 -0.035117  0.022553 -0.025104]
[ 0.021148 -0.018549 -0.002131  0.004473 -0.015657  0.048333]
[-0.019933 -0.011639 -0.039935  0.010329  0.002286  0.020247]
[ 0.010464  0.024788  0.045523 -0.004743  0.006942  0.015921]
[-0.014471  0.048045  0.02966  -0.016217  0.008264  0.012545]
[ 0.050044  0.057076  0.074979 -0.029738  0.013606 -0.019007]
[ 0.048375  0.013209  0.044946  0.010129  0.005697  0.000536]
[ 0.069315  0.021351  0.081208  0.011889  0.014777 -0.019549]
[ 0.097103  0.051552  0.006901 -0.006914 -0.011243  0.013713]
[ 0.028128  0.037385 -0.031607 -0.002108 -0.009792 -0.012439]
[ 0.030726  0.010225  0.058924  0.007218 -0.010425 -0.002327]
[-0.038491  0.037324  0.075739  0.012154  0.028177 -0.037023]
[ 0.00779  -0.010734  0.047529 -0.001727 -0.005405 -0.035839]
[ 0.011672  0.028196  0.053324  0.004568 -0.027197 -0.04085 ]
[ 0.045184  0.020894  0.03141  -0.008354  0.008439  0.026625]
[ 0.054969  0.100596  0.130875  0.025037 -0.032708  0.011523]
[ 0.079145  0.111172 -0.007578 -0.041345 -0.059761 -0.01725 ]
[-0.029526  0.076973  0.063317 -0.018014 -0.020248 -0.024551]
[ 0.062396  0.016205  0.003194  0.003619 -0.004751 -0.029324]
[-0.003388 -0.011267 -0.047573  0.020987  0.031629 -0.004784]
[-0.026862  0.067906  0.010347  0.000168  0.032669 -0.019584]
[-0.035468 -0.060873 -0.007669 -0.006227  0.005525 -0.037679]
[ 0.128741  0.152865  0.132891  0.022054  0.020019 -0.033782]
[ 0.038076  0.073104  0.015278  0.008942 -0.002624 -0.017073]
[-0.014615  0.022452  0.017792 -0.013767 -0.001577 -0.017142]
[ 0.002862  0.015924  0.051361  0.044054 -0.0311   -0.001469]
[-0.005111  0.034639  0.051398  0.004467 -0.008755 -0.018752]
[-0.053029 -0.030974 -0.037037  0.034746 -0.011787 -0.000632]
[ 0.043253 -0.007887  0.024275  0.011766 -0.012825 -0.012648]
[-0.012978  0.008892  0.039412  0.030891 -0.000168 -0.011684]
[-0.04315  -0.038    -0.034823 -0.001414  0.004634 -0.010431]
[-0.050628 -0.016994 -0.030319 -0.002334  0.002867 -0.011416]
[  4.225272e-03   4.656389e-02  -5.169209e-03   1.948652e-02  -1.545911e-03
  -3.415316e-05]
[ 0.047887  0.106007  0.103295 -0.018236  0.021775  0.004833]
[-0.046645  0.029403  0.026402 -0.006028  0.014947 -0.011114]
[ 0.04724   0.097337  0.083696 -0.017162  0.019309  0.039667]
[ 0.042818  0.037927  0.050052  0.017934  0.005877 -0.001291]
[-0.041317 -0.084887 -0.018724 -0.00297  -0.013275 -0.023799]
[-0.001435  0.049272  0.035898 -0.00702  -0.007841  0.007333]
[ 0.018171  0.001825  0.008109 -0.029897  0.006745 -0.006068]
[ 0.114864  0.098469  0.150781 -0.01788   0.028783 -0.011821]
[-0.044536 -0.062093  0.028296 -0.002478 -0.004264 -0.01227 ]
[ 0.060332  0.024618  0.072341 -0.045366 -0.020958 -0.060264]
[ 0.032342 -0.027323  0.051961  0.008597  0.00244   0.01544 ]
[ 0.024751  0.000219 -0.004731  0.031941 -0.015188  0.019593]
[ 0.039306  0.023994  0.050438  0.011083 -0.02316  -0.054511]
[ 0.066038  0.03658   0.082263 -0.009017 -0.000916 -0.016977]
[ -2.622534e-02   8.900908e-05  -2.657216e-02   1.469545e-02  -1.529601e-02
   2.557320e-03]
[-0.024891 -0.041874  0.067034  0.029224  0.020982 -0.003585]
[-0.000937  0.035465  0.059111  0.017044  0.049994 -0.001037]
[ 0.0347    0.065965  0.011621  0.005526 -0.000578  0.016336]
[ 0.018233  0.03731   0.051899 -0.025817  0.028235  0.033135]
[ 0.00918   0.029656  0.098056 -0.011864 -0.016825  0.017971]
[-0.006038  0.024462  0.020372 -0.008702  0.02288   0.011373]
[ 0.057558  0.035036  0.017715 -0.010888  0.030292  0.009197]
[ 0.037738  0.035365  0.017137 -0.01196   0.020195  0.003797]
[ 0.05183   0.044974  0.014639  0.026221  0.002734 -0.030218]
[-0.018736 -0.053586  0.009915 -0.004286 -0.019369  0.010294]
[ 0.004423  0.04022   0.070909  0.007655  0.022137  0.009193]
[ 0.020587  0.091882  0.060893 -0.009472  0.009539 -0.015111]
[-0.000677  0.014246  0.034914 -0.02323   0.022423  0.002381]
[ 0.083462  0.074245  0.084494 -0.006958 -0.029287  0.006072]
[ 0.036453  0.060382  0.025443 -0.047545  0.003327 -0.012912]
[ 0.026776  0.075521  0.092121  0.018179  0.017499  0.014221]
[-0.040234  0.000463  0.044398  0.018783  0.017351 -0.038187]
[ 0.017135 -0.004972  0.010543  0.007134 -0.002281 -0.011101]
[ 0.078987  0.084152  0.093516 -0.018661 -0.011075  0.014157]
[ 0.002767  0.079239  0.052052 -0.010895 -0.004485 -0.01331 ]
[ 0.098686  0.067088  0.066508  0.023941 -0.007923  0.008564]
[-0.008356 -0.037412 -0.019695 -0.026017  0.022862 -0.012797]
[ 0.025525 -0.02638  -0.02148   0.008305  0.000111  0.059812]
[ 0.034488  0.022654  0.03709   0.017879 -0.021496 -0.000518]
[ 0.033061  0.053947  0.012668 -0.006714  0.030762 -0.030832]
[ 0.033854  0.038632 -0.050528 -0.008807 -0.025872  0.032834]
[-0.018326  0.008145  0.016897  0.004999  0.004599  0.028678]
[ 0.005203 -0.01689   0.025998 -0.002169  0.007046 -0.011321]
[ 0.049012  0.068832  0.053686 -0.029939  0.005294 -0.00233 ]
('Mean', 1, ': ', 0.04901206410804753)
('Median', 1, ': ', 0.04901206410804753)
('Variance', 1, ': ', 0.0)
('Mean', 2, ': ', 0.068832308250332694)
('Median', 2, ': ', 0.068832308250332694)
('Variance', 2, ': ', 0.0)
('Mean', 3, ': ', 0.053686456848222916)
('Median', 3, ': ', 0.053686456848222916)
('Variance', 3, ': ', 0.0)
('time: ', 15076.08615398407)
