“Running plot script on a single CPU core”
[-0.900261 -0.79942  -0.882734 -0.801053 -0.762246 -0.833513 -0.059151
 -0.014917 -0.095452  0.016852 -0.025431  0.039959 -0.090239  0.019981
 -0.038153 -0.137289 -0.066991 -0.07641   0.055909  0.033065]
[-0.816565 -0.880819 -0.82336  -0.664444 -0.655547 -0.68514   0.046873
 -0.098549  0.064175 -0.01199  -0.062383  0.053059  0.087944  0.012981
 -0.116267  0.097353  0.040627  0.138348 -0.029812 -0.035133]
[-1.024524 -0.883689 -0.674733 -1.016988 -0.837573 -0.732783  0.013258
 -0.04835  -0.04591   0.025945 -0.087476 -0.034889  0.017714 -0.05514
 -0.071141 -0.024739  0.018384 -0.030185 -0.003579  0.009979]
[-0.988437 -0.945374 -1.053957 -0.823548 -0.897218 -0.897029 -0.061517
 -0.052596 -0.023426 -0.026737 -0.027745 -0.072659 -0.01057  -0.022424
 -0.030404  0.0379   -0.004715 -0.093251  0.025893  0.028845]
[-0.656706 -0.609106 -0.539648 -0.67445  -0.654793 -0.599593 -0.049179
  0.116911  0.072759  0.122161 -0.149236 -0.006198  0.074497 -0.167867
  0.105772  0.104991  0.118682 -0.054571 -0.033226  0.01633 ]
[-0.905235 -0.90865  -1.136554 -1.056691 -1.134791 -1.251031  0.054742
 -0.096603  0.10139   0.072806 -0.081773  0.123097 -0.068751 -0.016534
 -0.126674 -0.117671 -0.015345  0.115633  0.064711  0.003217]
[-0.981413 -0.849672 -0.853351 -0.84419  -0.905276 -0.770175 -0.017039
 -0.024418 -0.107116 -0.028252  0.065253 -0.139181 -0.036967  0.068821
 -0.018743  0.01535  -0.004325 -0.01323  -0.030367  0.002747]
[-0.962104 -1.014217 -0.91301  -1.078832 -0.984248 -1.129437  0.118176
  0.029806 -0.178753  0.089311 -0.026833 -0.135272  0.037144 -0.018922
  0.038519  0.003245  0.148887  0.136224 -0.002272  0.003549]
[-0.93992  -0.895619 -0.700301 -1.072597 -0.885926 -0.905946  0.020909
 -0.025833  0.104824 -0.008888 -0.159039  0.087065  0.075627 -0.174323
 -0.00857   0.062097  0.022472  0.052951  0.003425  0.012931]
[ -7.300759e-01  -6.378033e-01  -9.107627e-01  -5.223044e-01  -7.693636e-01
  -6.963380e-01  -1.469684e-01   1.096831e-01   1.310612e-01  -1.084507e-01
   1.131317e-01   1.611431e-01   5.530481e-04   1.778275e-01   1.932827e-01
   4.576749e-02  -9.747394e-02  -2.168611e-01  -3.069866e-02  -2.611284e-02]
[-0.796606 -0.740419 -0.782605 -0.623449 -0.739025 -0.692588  0.073304
  0.050724 -0.008972  0.046372  0.07492  -0.061083 -0.040187  0.054726
  0.014746 -0.035273  0.076167  0.066737 -0.01562  -0.021951]
[-1.06774  -0.87937  -0.885593 -0.999251 -0.880825 -0.933113 -0.058466
 -0.061689 -0.079615 -0.055542 -0.024184 -0.029272 -0.124662 -0.033324
 -0.040922 -0.079135 -0.020257 -0.047852  0.001373 -0.006728]
[-0.801478 -0.917531 -0.695109 -0.919059 -0.620494 -0.75143   0.062699
  0.021753  0.024695  0.109592  0.015124  0.002319  0.083849  0.027017
 -0.041818  0.091879  0.085978  0.035904  0.009513 -0.003726]
[-0.698734 -0.566215 -0.667129 -0.567601 -0.578325 -0.583636  0.02011
  0.093362  0.067743 -0.005572  0.106472  0.010336 -0.008458  0.067592
  0.153752  0.039237 -0.011815  0.036343  0.026992 -0.006865]
[-0.833131 -0.816265 -0.819952 -0.842469 -0.938691 -0.881746 -0.035733
  0.081592 -0.028393 -0.018008  0.040804 -0.009395 -0.029873  0.025798
  0.107803 -0.013331 -0.092795 -0.045126 -0.041918 -0.005067]
[-1.036588 -0.942669 -1.053505 -1.007345 -1.064154 -0.856505 -0.072267
  0.031496 -0.011547  0.059591  0.069112 -0.03157   0.031423  0.084702
  0.069383  0.033571 -0.052625 -0.199356  0.057284  0.007937]
[-0.913232 -1.061425 -0.769915 -0.890632 -0.662809 -0.911893  0.038876
  0.077109  0.035615 -0.208658 -0.071909 -0.048826 -0.041271 -0.109825
  0.106896 -0.078804 -0.215308  0.080015 -0.008787  0.002463]
[ -9.891063e-01  -1.005347e+00  -9.416956e-01  -9.996319e-01  -1.040774e+00
  -9.438087e-01  -1.343343e-02  -2.060746e-01   6.250175e-02   5.156946e-02
  -1.647241e-02   1.756126e-04   1.853973e-02  -2.195128e-02  -2.196267e-01
   9.346486e-03   4.815269e-02   6.180698e-02   2.692341e-02  -4.153035e-02]
[-1.109957 -0.907487 -0.951468 -1.076482 -1.098371 -1.035226  0.107996
 -0.099612 -0.041906 -0.021807  0.009943 -0.020672  0.034076 -0.018705
 -0.044328  0.028674  0.027885  0.034534  0.02961  -0.003642]
[-0.873991 -0.812279 -0.513866 -0.979147 -0.707535 -0.763274 -0.078324
  0.080087 -0.007746  0.004349  0.046315  0.035685  0.033244  0.040775
  0.096237  0.014018 -0.023135 -0.055837 -0.024648  0.010143]
[ -9.964744e-01  -9.413808e-01  -1.003034e+00  -8.505855e-01  -9.897327e-01
  -9.108682e-01  -6.017710e-02  -4.479639e-02   8.998708e-02   1.598160e-02
  -5.921771e-02   8.600812e-02   2.829796e-04  -5.204768e-02  -5.687069e-02
   3.212279e-03  -5.195682e-02  -2.484009e-02  -4.461437e-02   1.507095e-02]
[-0.949181 -0.889568 -0.743776 -0.780819 -0.774446 -0.762733 -0.053309
  0.030663 -0.002049 -0.002703  0.026498  0.012256  0.078411 -0.026556
  0.040326  0.022374  0.011329 -0.050079  0.024402  0.016212]
[-0.952044 -1.051652 -0.610485 -0.972536 -0.538603 -0.668042  0.108205
  0.025714  0.074052  0.0455   -0.16608   0.039856  0.043875 -0.175945
  0.015054  0.042778  0.04585   0.048654 -0.082083 -0.04689 ]
[-0.985266 -0.539746 -0.761832 -0.714019 -0.953915 -0.704407  0.009196
  0.230801 -0.031594 -0.098717  0.115189 -0.033811 -0.082629  0.094473
  0.283389 -0.023261 -0.117954  0.039331 -0.010819 -0.015392]
[-0.794409 -1.002725 -0.950021 -0.912272 -0.879006 -1.128756 -0.003269
 -0.041312  0.104818 -0.039132 -0.014275  0.140385  0.122737 -0.121556
  0.117818  0.072313  0.038479  0.015306 -0.028471  0.021262]
[ -7.150533e-01  -5.856305e-01  -7.261667e-01  -3.958630e-01  -5.618114e-01
  -4.671825e-01   2.888382e-03   4.931823e-03   5.520384e-04  -2.334966e-02
   5.506840e-02   1.771770e-02   7.143779e-02   4.494487e-02   2.440306e-02
   1.355582e-01  -1.279354e-02  -2.243270e-02   5.048807e-03   1.546885e-02]
[-0.922898 -0.901592 -0.929363 -0.940359 -0.991891 -0.931579 -0.011652
  0.026156  0.049541  0.001121 -0.102734  0.045698 -0.132576 -0.059426
  0.066856 -0.030174 -0.006427 -0.025084 -0.067001  0.001696]
[-1.061951 -0.821485 -0.981374 -1.250079 -1.335934 -1.285751  0.062992
 -0.083484 -0.010481  0.078985 -0.064475  0.035348 -0.039722 -0.047213
 -0.199893  0.027233  0.187504 -0.063903 -0.090582 -0.039139]
[ -9.494311e-01  -9.768594e-01  -9.703120e-01  -1.010844e+00  -9.564449e-01
  -9.964805e-01   2.900338e-02  -9.696064e-02   2.544615e-02  -8.323984e-02
  -2.441548e-02   4.643068e-02   8.895051e-04   3.896284e-02  -7.113000e-02
   5.263368e-02  -3.640880e-02  -1.789837e-02  -2.430428e-02   3.248237e-02]
[-0.768319 -0.881935 -0.75241  -0.792121 -0.717578 -0.837101 -0.00985
  0.061887  0.044595  0.035456 -0.087111  0.023051  0.078425 -0.069821
  0.059987  0.083956  0.087547 -0.004139 -0.008749  0.00891 ]
[-0.885024 -0.901255 -0.751398 -0.841713 -0.720237 -0.700638 -0.061295
  0.056742  0.005745 -0.150455 -0.031991 -0.028419  0.0798   -0.043481
  0.027788  0.070103 -0.107113 -0.046357  0.003614  0.001112]
[-0.851571 -0.857974 -0.640657 -1.115402 -0.783179 -0.852702  0.051683
  0.003054  0.003845  0.077245  0.118373 -0.008407  0.005408  0.049544
 -0.007998  0.088042  0.064491 -0.059562  0.00358   0.045321]
[-0.85295  -0.96668  -0.748495 -0.955041 -0.867828 -0.884744  0.026328
  0.023652 -0.094421  0.063617  0.155753 -0.034351 -0.003189  0.116322
  0.059486 -0.047693  0.064395 -0.063601 -0.029447 -0.001447]
[-0.995447 -0.810853 -0.611829 -0.725085 -0.70117  -0.611945 -0.057437
 -0.040616 -0.004867  0.040866  0.068873 -0.012832 -0.140537 -0.013794
 -0.008641 -0.077669 -0.019952 -0.032082  0.024209  0.029264]
[-0.975614 -0.880042 -0.823081 -0.828521 -0.719444 -0.637632 -0.020559
  0.022292  0.124293 -0.0753    0.136119  0.06909   0.079999  0.156776
 -0.017681  0.12908  -0.109449  0.0094    0.026592  0.030753]
[ -1.197427e+00  -1.012515e+00  -9.962958e-01  -1.122978e+00  -1.220147e+00
  -1.170823e+00  -4.275411e-02   9.613659e-02   2.649549e-02  -3.692755e-02
   1.140450e-03  -2.148626e-02   1.355936e-01   4.860221e-04   9.657916e-03
   2.260225e-01  -1.319215e-01  -7.675642e-02   2.865701e-03   2.303212e-02]
[-0.934759 -0.918515 -1.112352 -0.835015 -0.829477 -0.967801  0.071019
  0.072878  0.036681 -0.044106  0.01278   0.014897  0.031284  0.033011
  0.077645  0.005338  0.038818  0.017444  0.067088  0.023121]
[-1.063065 -0.897284 -0.911776 -0.814897 -0.763205 -0.742868  0.091374
  0.231131 -0.124632 -0.181177 -0.075416 -0.076891  0.067128 -0.061055
  0.149298  0.021939 -0.153022  0.069403  0.079464 -0.015637]
[-0.590082 -0.778668 -0.651247 -0.628175 -0.594952 -0.823792  0.027726
 -0.09071  -0.051672  0.133298 -0.037385 -0.103849  0.016141 -0.001072
  0.005469 -0.052672  0.156308 -0.02038   0.009241 -0.017786]
[-0.820894 -0.903766 -1.063771 -0.684557 -0.786159 -0.800763 -0.046558
 -0.022534 -0.062364 -0.047184 -0.093522 -0.064591 -0.156027 -0.135036
 -0.049282 -0.13266  -0.020722 -0.118457 -0.081788 -0.010763]
[-1.001976 -0.779387 -0.565728 -0.868728 -0.579041 -0.376662 -0.055211
  0.106046  0.021845 -0.036371  0.003308  0.053045 -0.145181  0.205977
  0.172474 -0.120177 -0.127424 -0.18402   0.011015 -0.026735]
[-0.759812 -0.721403 -0.769491 -0.797196 -0.909785 -0.918609 -0.220961
  0.123174  0.040063  0.037916  0.005004  0.011897 -0.109039  0.029971
  0.111379 -0.119275  0.085535 -0.148795  0.010932  0.020531]
[-1.108372 -0.937385 -1.004726 -0.842341 -0.897998 -0.714645 -0.001245
 -0.078658 -0.029689  0.125358  0.003841 -0.064769 -0.105266 -0.022454
 -0.067652 -0.025968  0.082981  0.056876 -0.046527  0.00955 ]
[-0.99297  -1.035812 -0.837066 -0.956551 -0.864337 -0.840243  0.008684
  0.038239 -0.008735 -0.025567  0.02513  -0.030605 -0.035021  0.117768
  0.006313  0.022348 -0.121345 -0.074905  0.058748  0.027396]
[-1.132547 -1.028198 -1.032548 -0.879202 -0.864813 -0.809253 -0.019411
 -0.104601 -0.094828  0.035879  0.048561 -0.120514 -0.034281 -0.028657
 -0.069108 -0.033457  0.042707  0.036226  0.018148  0.001737]
[-0.610707 -0.65153  -0.706429 -0.613549 -0.604131 -0.713321 -0.047924
  0.035204 -0.094433 -0.041541 -0.05685  -0.093358 -0.006841 -0.037808
  0.025404 -0.006865 -0.041034 -0.035331 -0.036047 -0.015171]
[-0.825963 -1.159127 -0.933395 -0.885673 -0.879407 -1.137523 -0.012745
  0.002301  0.126795  0.016643  0.101475  0.183614  0.043912  0.133913
  0.03108  -0.002233 -0.090228 -0.041472  0.023618  0.030421]
[-0.910177 -0.876078 -1.120101 -0.938389 -1.029382 -1.138664 -0.009464
  0.112621  0.115786 -0.016157 -0.038316  0.022027 -0.05628   0.013586
  0.114611 -0.024374  0.024237  0.011001 -0.040744  0.04524 ]
[-0.783022 -0.690194 -0.636974 -0.864741 -0.836257 -0.735812  0.059039
  0.166846 -0.005336 -0.019497 -0.05856   0.009054  0.047188 -0.036128
  0.088235  0.05176  -0.042359  0.121024  0.077936 -0.008855]
[-0.484374 -0.411511 -0.462886 -0.516867 -0.637515 -0.554687  0.012367
 -0.026118 -0.158504  0.07393   0.085092 -0.153818 -0.025992  0.079415
 -0.031249 -0.069735  0.07646  -0.0187   -0.010393 -0.020431]
[ -8.859825e-01  -9.564907e-01  -7.820099e-01  -7.836323e-01  -6.651778e-01
  -6.620441e-01  -7.609814e-02   1.048952e-02   7.442844e-02  -1.261202e-02
  -9.016061e-02   1.487285e-01  -5.002164e-02  -1.045444e-01   3.401004e-03
   1.027622e-03  -6.172701e-02  -9.765867e-02  -2.615267e-02   9.165889e-04]
[-0.840536 -0.786933 -0.755072 -0.784183 -0.791599 -0.633623  0.031562
  0.028414 -0.028247 -0.075369  0.069008  0.038139  0.064525  0.043077
  0.050286  0.033517 -0.049867 -0.007398  0.011585  0.02725 ]
[-1.273232 -1.215767 -0.968679 -1.195326 -0.885285 -1.111966  0.020923
  0.004265  0.035154  0.097393 -0.050667  0.019117  0.061026 -0.085241
 -0.012151  0.139169  0.053093  0.212282  0.117927  0.022992]
[-0.82988  -0.923505 -0.915785 -0.954564 -0.778025 -1.003394  0.043159
 -0.120426  0.112312  0.172124 -0.047095  0.09785   0.042802 -0.015067
 -0.070195  0.052772  0.213844  0.11671  -0.068898  0.018877]
[ -6.355981e-01  -5.382654e-01  -6.081738e-01  -6.761425e-01  -6.635534e-01
  -6.908260e-01   1.049200e-01  -1.907886e-01   2.009790e-01   3.204127e-04
  -3.719987e-02   1.585327e-01  -1.298114e-01  -5.564743e-02  -2.907288e-01
  -3.075085e-03   5.816610e-02   8.302072e-02  -2.511477e-02  -4.308390e-02]
[ -1.347840e+00  -1.248942e+00  -1.009516e+00  -9.291708e-01  -9.386912e-01
  -7.894780e-01   1.289716e-02  -7.271768e-02  -9.797143e-03   3.165027e-02
  -8.755106e-02   1.504587e-02  -9.780137e-02  -1.790761e-02  -7.009762e-04
  -1.378217e-01   5.355033e-02   8.769226e-02  -3.333455e-02   2.981802e-03]
[-1.149091 -1.023018 -1.21497  -0.98595  -1.222236 -1.099036  0.077124
 -0.039493 -0.010788  0.044437 -0.070885 -0.028481  0.089894 -0.100747
 -0.04171  -0.017109  0.081897  0.072566  0.007615  0.037695]
[-1.002754 -1.178597 -1.189708 -0.868955 -0.77351  -0.964042 -0.003181
 -0.036285 -0.003779 -0.106594  0.014056 -0.090661 -0.065739 -0.064103
 -0.044352 -0.066303 -0.080397 -0.051184 -0.034845 -0.004491]
[-1.087157 -1.09051  -1.120487 -1.049788 -0.990068 -1.188144 -0.040603
  0.120197  0.011607 -0.062697 -0.071465 -0.051126 -0.090306 -0.142461
  0.100437 -0.082488 -0.002723 -0.107858 -0.020523  0.036664]
[-1.170417 -0.983795 -0.827447 -0.897561 -0.706131 -0.5472   -0.14158
 -0.021338 -0.062456  0.00749   0.004901 -0.031453 -0.136251 -0.060266
  0.021945 -0.149138  0.002494 -0.059067 -0.040658 -0.064344]
[-0.920373 -0.991193 -0.817437 -0.96809  -0.825379 -0.905152 -0.060409
 -0.036676 -0.092914 -0.082516 -0.011225 -0.129789 -0.024317 -0.007727
 -0.052565  0.012271 -0.079121 -0.054369  0.01512   0.018015]
[-0.919    -0.89405  -0.759224 -0.941205 -0.868874 -1.216425  0.019785
 -0.029836 -0.039636 -0.052828  0.01093  -0.026666 -0.034795  0.080269
 -0.044847 -0.046906 -0.031735  0.04892  -0.039707  0.001508]
[-1.121019 -0.967992 -0.762075 -1.061548 -0.902003 -0.962841  0.039981
  0.010527  0.007413 -0.070101  0.039094  0.008168  0.056546  0.036756
  0.034679  0.054717 -0.010907  0.143842  0.062997  0.062213]
[-1.170131 -1.044278 -0.865334 -1.107459 -0.823117 -0.984049  0.106165
  0.127411 -0.008757  0.029193  0.035052 -0.030719  0.074786  0.058923
  0.073588  0.056053  0.034878  0.124575  0.02837  -0.042126]
[-0.831311 -0.509055 -0.747967 -0.809329 -1.144864 -0.762396 -0.05746
 -0.219501  0.005725 -0.013885  0.05101  -0.003503  0.053612  0.064191
 -0.312316  0.014334 -0.122976 -0.010606  0.012678 -0.030746]
[-0.644696 -0.584587 -0.518162 -0.819317 -0.769579 -0.778345  0.059611
 -0.039981  0.080078  0.043031  0.001195  0.090802 -0.038119  0.033779
 -0.044137 -0.045499  0.098854  0.001506  0.034377 -0.004056]
[-1.108201 -1.017413 -0.891507 -1.186847 -1.158176 -1.127151  0.069683
  0.069731 -0.007935 -0.014417  0.098509 -0.035369 -0.05767  -0.041589
 -0.01165  -0.039334  0.050798  0.021829  0.075229  0.050778]
[-0.806658 -0.704629 -0.512847 -0.944081 -0.668232 -0.526457 -0.002878
  0.051385 -0.057232  0.004055  0.12964  -0.068414 -0.189997  0.163787
  0.035458 -0.181109  0.024619  0.017607  0.024245 -0.007275]
[-0.997575 -1.126229 -0.872941 -1.131897 -0.862594 -1.032732  0.03985
  0.018566 -0.114138 -0.042172  0.044163 -0.052798 -0.108251  0.038094
  0.022736 -0.072411 -0.059534  0.089073 -0.015516  0.02319 ]
[ -9.738574e-01  -9.476231e-01  -9.375143e-01  -8.460818e-01  -8.656928e-01
  -9.646738e-01   5.074447e-02  -1.340035e-01  -1.990153e-03  -3.409404e-05
  -5.186064e-02  -4.837214e-02   3.203333e-03  -3.076267e-02  -1.589714e-01
   4.659559e-03   3.740619e-02   8.952179e-03  -2.743606e-02  -3.095182e-02]
[-0.949406 -0.939104 -0.688191 -1.090045 -1.006906 -0.859463  0.003857
 -0.035392 -0.002848 -0.024172 -0.02387  -0.026974  0.022353 -0.029013
 -0.063231  0.07444  -0.034461  0.028353  0.034297  0.016643]
[-0.955949 -1.024606 -0.856601 -1.19189  -0.86955  -1.139219 -0.056859
 -0.156208  0.023528  0.077335 -0.023055  0.00544   0.0124    0.052354
 -0.241208 -0.005903  0.124377 -0.07369   0.028594  0.032584]
[-0.728596 -0.892545 -0.831489 -0.688356 -0.652572 -0.847995  0.055906
 -0.082704  0.052702  0.02072   0.002532  0.033852 -0.092177 -0.042869
 -0.167362 -0.087484  0.008603  0.020852  0.016464  0.010224]
[-1.017114 -1.152226 -1.040011 -1.09012  -0.850798 -1.244325  0.059951
 -0.071549 -0.016617 -0.012847  0.005888 -0.090403  0.109144 -0.023532
 -0.092491  0.042642 -0.025254  0.046841  0.024044 -0.01697 ]
[ -1.099197e+00  -9.947247e-01  -1.035150e+00  -8.120412e-01  -1.030671e+00
  -9.357524e-01  -9.445535e-03  -2.892058e-03  -8.573015e-02   5.323399e-02
  -6.088246e-02  -4.450382e-02  -5.883925e-02  -5.836352e-02  -6.298040e-02
  -2.898341e-02   9.237446e-04   3.253296e-03   2.920568e-02   2.455223e-02]
[-0.97306  -0.88801  -0.925116 -0.811819 -0.791361 -0.91949  -0.075402
  0.035595 -0.046841  0.068292  0.105465 -0.042979 -0.072667  0.097449
  0.055332 -0.044352  0.09136  -0.059951  0.008806  0.005823]
[-0.883647 -0.759474 -0.592648 -0.882516 -0.820725 -0.825205  0.026019
 -0.112639  0.035859 -0.008496  0.07535  -0.013228 -0.017692  0.115138
 -0.169259 -0.040732 -0.006832 -0.011101 -0.071627 -0.018483]
[ -9.534852e-01  -9.005649e-01  -7.578709e-01  -8.170315e-01  -6.343675e-01
  -7.992279e-01   1.353667e-01  -3.773691e-02  -1.676192e-02   1.170204e-02
   1.148089e-02  -5.065251e-04  -4.833088e-02   7.511446e-02   3.206507e-02
  -5.914780e-03  -8.103002e-02   1.549663e-01   6.118906e-02  -1.989967e-03]
[-0.768778 -0.831209 -0.530029 -0.964527 -0.627307 -0.913566  0.255295
  0.141933 -0.155048 -0.05739  -0.143196 -0.139443  0.083445 -0.215575
 -0.003148  0.150052 -0.070264  0.216786  0.002991  0.008429]
[-0.882364 -0.823751 -0.960359 -0.95733  -1.16099  -0.866747  0.062536
  0.002815  0.065943 -0.023206 -0.078948  0.051658 -0.113451 -0.057422
 -0.029097 -0.099957 -0.029499  0.043748 -0.035071 -0.005397]
[-0.928337 -0.961694 -0.819945 -0.990741 -0.807781 -0.924475 -0.006064
 -0.087168  0.095707 -0.054865 -0.054744  0.157326 -0.001316 -0.01327
 -0.093278 -0.025759 -0.060307 -0.055291 -0.083236 -0.013705]
[ -9.929239e-01  -5.949169e-01  -6.714545e-01  -6.486377e-01  -8.067119e-01
  -2.512338e-01   4.157825e-02  -5.152120e-02   4.867627e-02   3.977673e-02
  -3.405080e-04  -1.227931e-02  -2.312769e-02   3.870098e-02   1.467946e-02
  -1.274696e-01   2.601788e-03   4.923050e-02   3.981463e-03  -4.168905e-03]
[ -1.082683e+00  -8.499904e-01  -1.066903e+00  -8.946468e-01  -1.177653e+00
  -8.988151e-01  -6.234377e-03   1.604243e-01  -3.720370e-02  -3.952434e-02
   5.966949e-02  -4.571271e-02  -6.605564e-02   7.248825e-02   8.360086e-02
  -1.597515e-02  -2.460853e-02  -7.240120e-02   1.888760e-02  -8.026022e-04]
[-1.258238 -1.060544 -1.102448 -0.936734 -1.034982 -0.827223  0.07249
 -0.173624  0.010001  0.06979  -0.031136 -0.009217 -0.120464  0.024857
 -0.015696 -0.222241  0.013057  0.052478 -0.07716  -0.03956 ]
[ -8.484400e-01  -6.156056e-01  -6.333785e-01  -8.439646e-01  -8.411877e-01
  -7.762848e-01  -4.911795e-02  -8.413829e-02  -4.918617e-02  -3.140550e-02
  -4.694503e-02  -5.304215e-02   1.009820e-01  -5.873996e-02  -1.529698e-01
   1.246856e-01  -3.075466e-02  -6.361836e-02   2.298948e-03   3.610864e-04]
[-0.894826 -0.9388   -0.930703 -0.815644 -0.875943 -0.932464  0.108375
  0.00941  -0.103468  0.128052  0.074481 -0.220138 -0.041914  0.054139
  0.031922 -0.017653  0.091598  0.082311  0.024335 -0.008476]
[-0.847986 -0.913199 -0.921679 -0.825554 -0.745011 -0.929265  0.093849
 -0.02973   0.128605  0.073333 -0.114943  0.113195 -0.069126 -0.137797
  0.010108 -0.030247  0.097114  0.116852  0.040256  0.030275]
[-1.040513 -0.70214  -0.609868 -0.641224 -0.53903  -0.39076   0.003758
 -0.073925 -0.066332 -0.176414  0.066276 -0.14933   0.234878  0.037545
 -0.091591  0.281174 -0.14598   0.069212 -0.029356  0.035628]
[-0.988823 -0.710915 -0.748784 -0.890779 -0.881669 -0.829448 -0.026389
  0.122858  0.013202 -0.012701  0.023964  0.010216 -0.046806  0.085748
  0.154834 -0.044272 -0.025858  0.027215  0.05171   0.010876]
[ -8.938829e-01  -7.993836e-01  -8.096381e-01  -7.465657e-01  -7.600842e-01
  -7.128218e-01   3.930837e-02  -3.222131e-02   3.910110e-03  -7.295879e-02
   5.504826e-02   3.775684e-03   6.113889e-02   3.693645e-04  -5.568569e-02
   5.787279e-02  -5.492078e-02   3.005237e-02   6.936937e-02   5.186453e-03]
[-0.95743  -1.063375 -0.843909 -0.849411 -0.604405 -0.674224  0.086804
  0.032336 -0.119277  0.037672 -0.018291 -0.031563 -0.19693   0.003393
  0.010686 -0.135505 -0.01572   0.071724  0.052928 -0.028342]
[-0.870097 -0.869684 -0.940002 -1.059887 -1.070789 -1.100021  0.002998
  0.060658 -0.068512 -0.0248    0.053913 -0.062846 -0.052229  0.130518
  0.096366 -0.053768  0.025192 -0.005584 -0.039369  0.005895]
[ -1.010240e+00  -8.692373e-01  -9.353714e-01  -8.833293e-01  -9.182242e-01
  -9.215479e-01  -5.617088e-02  -6.763317e-02  -3.510406e-02  -8.708735e-02
   4.145516e-04  -2.698735e-02  -1.111763e-01  -1.353496e-02  -8.271459e-02
  -1.413724e-01  -5.463732e-02   1.044740e-03  -7.083198e-03  -3.747514e-03]
[-0.882103 -0.846121 -0.674806 -0.89264  -0.724384 -0.600068  0.018429
 -0.103015 -0.030153 -0.065037 -0.094856  0.002009 -0.139833 -0.133575
 -0.161065 -0.156027  0.057853  0.026176 -0.006678 -0.03469 ]
[-0.870581 -0.833288 -0.805744 -0.769852 -0.857881 -0.74477   0.03904
 -0.029933 -0.125328 -0.015667  0.005601 -0.105048  0.067165  0.027367
 -0.026687  0.020559 -0.022866  0.1276    0.00954  -0.009706]
[-0.869947 -0.609878 -0.762812 -0.569408 -0.90215  -0.746575 -0.05643
 -0.06518  -0.065207  0.14039   0.086293 -0.152502  0.14171   0.037503
 -0.105929  0.164443  0.221065 -0.255907 -0.079655 -0.053335]
[-0.68814  -0.755796 -0.408913 -0.905774 -0.54739  -0.563256 -0.067499
  0.090801 -0.131506  0.111279  0.169643 -0.146964  0.040305  0.181912
  0.073015  0.08638   0.136457 -0.118593 -0.018138 -0.017877]
[-0.828954 -0.849682 -0.741718 -0.864261 -0.907796 -0.846763  0.049575
 -0.065117  0.018111  0.065939  0.103137  0.003023  0.059134  0.072044
 -0.05604   0.030558  0.09484   0.107692  0.029759  0.022472]
[-0.850524 -0.869459 -0.478343 -1.044948 -0.721153 -0.631708  0.051687
  0.030112 -0.153688  0.074658  0.094941 -0.13556  -0.140763  0.146377
  0.111411 -0.191403  0.051525  0.089311 -0.02362  -0.033313]
[-0.437534 -0.827349 -0.837951 -0.765929 -0.804631 -1.556904 -0.024931
 -0.046284 -0.231871 -0.066109 -0.008616 -0.239397  0.012818 -0.010695
 -0.074942 -0.020179 -0.12237   0.108269 -0.054794 -0.005062]
('Mean', 1, ': ', -0.437533714673637)
('Median', 1, ': ', -0.437533714673637)
('Variance', 1, ': ', 0.0)
('Mean', 2, ': ', -0.82734942658264055)
('Median', 2, ': ', -0.82734942658264055)
('Variance', 2, ': ', 0.0)
('Mean', 3, ': ', -0.83795052798902026)
('Median', 3, ': ', -0.83795052798902026)
('Variance', 3, ': ', 0.0)
('Mean', 4, ': ', -0.76592904070243317)
('Median', 4, ': ', -0.76592904070243317)
('Variance', 4, ': ', 0.0)
('Mean', 5, ': ', -0.80463149863364403)
('Median', 5, ': ', -0.80463149863364403)
('Variance', 5, ': ', 0.0)
('Mean', 6, ': ', -1.5569036700727521)
('Median', 6, ': ', -1.5569036700727521)
('Variance', 6, ': ', 0.0)
('time: ', 8099.207067012787)
