“Running plot script on a single CPU core”
[-0.187427 -0.280606  0.317719  0.240834  0.31831   0.140906  0.063048
  0.326487  0.318485 -0.068577  0.26533  -0.149289  0.097199  0.280597
  0.221762  0.27164   0.331884  0.126486 -0.985997  0.233619]
[ 0.159689  0.252964  0.288891 -0.126082 -0.94943   0.125067 -0.425428
 -0.058468  0.32238  -0.073205  0.328825  0.242192  0.333322 -0.563563
 -0.071264 -0.214111  0.306902 -0.428004  0.316227  0.16573 ]
[ 0.106533 -0.810928 -0.139122  0.318006  0.245358  0.112874  0.301317
  0.030972  0.316573  0.331037  0.25024   0.25173   0.0187   -0.275229
 -0.245232 -0.994086 -0.311823  0.323707 -0.895307 -0.474522]
[ 0.287186  0.323038 -0.22324   0.274502 -0.078511 -0.961403  0.29729
 -0.65068   0.331358 -0.486745  0.320666  0.296554  0.253402  0.304469
  0.310073 -0.190851  0.049684  0.299331  0.276569  0.323823]
[-0.100576  0.330508  0.329499 -0.173885 -0.699724  0.245409 -0.877125
  0.322481 -0.988233 -0.656257 -0.825968  0.030664 -0.920752  0.329478
  0.272835  0.289101 -0.561916  0.296193  0.095082  0.293055]
[ 0.11126  -0.381729  0.31209   0.301613 -0.441595  0.330944  0.327477
  0.315005 -0.82183   0.155459 -0.295387  0.134219  0.225424  0.082737
 -0.456718  0.040475  0.067684  0.14126  -0.048463  0.302018]
[ 0.333147  0.05857   0.331699  0.331673  0.220831  0.198316 -0.08682
  0.258699  0.002669  0.293542  0.198545  0.242146 -0.054808 -0.321076
  0.316769  0.310487 -0.506755  0.333029 -0.142546 -0.385607]
[ -9.061134e-01   3.246051e-01   1.523480e-01  -4.024471e-01   2.480076e-01
   2.366998e-01   1.476448e-01  -2.402181e-01   2.761383e-01   3.325972e-01
  -9.077624e-01  -1.425072e-01  -1.364700e-01  -7.562531e-04  -3.081015e-01
  -8.149161e-01  -8.127033e-01   3.023713e-01   3.119547e-01   2.707578e-01]
[-0.427525 -0.380012 -0.600266  0.104115  0.280189 -0.073253  0.115872
  0.224592 -0.814959 -0.059098 -0.977358  0.299624  0.325343 -0.267129
  0.203582  0.329503  0.134955  0.328321  0.333035 -0.216943]
[ -2.935800e-01   3.637599e-05   2.818070e-01  -5.375777e-01   1.165577e-01
  -9.713022e-01  -6.162443e-03   2.385284e-01  -9.999870e-01   3.252950e-01
  -9.207155e-01   3.317102e-01  -3.429402e-02   1.492981e-01  -1.718519e-01
   2.278511e-01   2.613372e-01   3.317546e-01   3.330153e-01   1.198066e-01]
[ 0.137917  0.141019 -0.95189   0.331392 -0.219771  0.093299 -0.733643
 -0.175497 -0.998072  0.206495 -0.311315  0.318799  0.270977  0.308661
 -0.484082  0.274526  0.277747  0.327475  0.191326 -0.534789]
[ 0.136965  0.28854   0.232218  0.306941 -0.395825  0.279237  0.320346
  0.270029 -0.246071  0.212774  0.121404  0.333331  0.308458  0.333308
  0.303905  0.301524  0.125318 -0.759009  0.057116  0.090586]
[-0.211153  0.248305  0.309259  0.329812  0.121542  0.147094  0.264204
 -0.178942 -0.152138  0.319665  0.278575  0.140955  0.333299  0.32544
  0.226363  0.244284  0.332197  0.298813 -0.441873  0.202191]
[-0.371945  0.33272  -0.960377 -0.01958   0.293601 -0.918583 -0.034972
  0.333293  0.143471  0.292732  0.100993  0.265258  0.067156 -0.55925
  0.28475  -0.998471  0.155128  0.331179  0.17667   0.298953]
[ 0.314062 -0.246919  0.211482  0.303728  0.180949  0.132941  0.323527
 -0.813767  0.251642  0.240833  0.32057  -0.998821 -0.991896  0.172367
 -0.047423  0.249276  0.252168  0.081485  0.322035 -0.914289]
[-0.777558 -0.932797  0.319664  0.322702  0.193658  0.162504  0.300725
  0.324586  0.172854 -0.596848 -0.125772 -0.592625  0.100071 -0.208
  0.27937   0.20514   0.294589  0.264187  0.236705  0.325802]
[ 0.317001  0.315375 -0.69547  -0.069278 -0.185884 -0.913272 -0.952218
  0.308492 -0.81663   0.228411  0.200278  0.27577  -0.601806  0.330932
  0.318592  0.329157  0.326388  0.215074  0.275998 -0.577107]
[-0.704941  0.156553 -0.187609 -0.131255 -0.159861 -0.133262  0.306084
  0.310146 -0.893785 -0.717808  0.221903 -0.290577 -0.71113  -0.393229
 -0.731294  0.123769  0.329188 -0.009211 -0.356555  0.327272]
[-0.946387  0.15571  -0.880957  0.022074  0.001953  0.332547  0.222203
  0.329613  0.319824  0.331246  0.149165  0.2883   -0.174145  0.332801
  0.253544 -0.0881    0.21752   0.291507 -0.258711  0.32049 ]
[ 0.12686   0.074225 -0.999127 -0.789991 -0.990462 -0.844089  0.279011
  0.176758 -0.37156   0.316389  0.319363 -0.940703 -0.225692  0.307915
 -0.337129 -0.411717  0.319353 -0.056294  0.327509  0.263528]
[ 0.329139  0.127808  0.333224 -0.957678  0.305042 -0.184963 -0.008185
  0.029064  0.325447  0.212377 -0.6367    0.285707  0.201068 -0.936665
  0.279274  0.332105  0.294072  0.329685 -0.781901  0.315392]
[-0.299401  0.209533 -0.933062  0.301894 -0.999857 -0.713152 -0.344323
  0.298283  0.332833  0.074426  0.32344   0.331957 -0.241755 -0.998755
  0.333333  0.29839   0.076413  0.163992 -0.88315   0.152871]
[-0.835181  0.286575  0.238257  0.321512  0.243947 -0.044451 -0.809115
  0.1863    0.259902 -0.284059 -0.966537  0.001416  0.287737 -0.644547
 -0.981708 -0.012062  0.042037  0.264123 -0.270992 -0.805405]
[ 0.248245  0.243007  0.33333   0.246067  0.328646  0.182663  0.167083
 -0.95067  -1.       -0.947664  0.241943 -0.097814  0.287434  0.222804
  0.144785  0.29008   0.137079 -0.171142 -0.080092 -0.360601]
[ 0.327161  0.094531  0.223443 -0.92039   0.009312 -0.942455  0.328094
 -0.280411  0.101077  0.103139 -0.996183 -0.75328  -0.436296  0.076539
 -0.18757   0.322142 -0.494335  0.31959   0.149031  0.165787]
[ 0.333295 -0.512595  0.056796  0.090183  0.055393  0.333198  0.319169
 -0.99619   0.271382  0.31551  -0.408853  0.294745 -0.585277 -0.70444
  0.326035  0.331561 -0.091942  0.12464   0.316875  0.167407]
[ 0.283301  0.112262  0.332021 -0.102141  0.333333  0.271528  0.100792
  0.259627 -0.84084   0.048963 -0.135825 -0.399642  0.255152  0.140028
  0.276839  0.118549  0.332861  0.251425 -0.998024 -0.21376 ]
[ 0.33154   0.253332  0.275712  0.326199 -0.577704  0.287026  0.128083
  0.308735 -0.107714 -0.403303  0.029573 -0.481935  0.293784 -0.110919
 -0.167025  0.332985 -0.186681  0.330578  0.329873  0.114741]
[-0.074574  0.319425  0.244457 -0.062824  0.333203  0.326201  0.330621
 -0.666477  0.329457  0.333201 -0.690218 -0.479003  0.083969  0.300638
  0.029224  0.24209   0.297486  0.04666   0.08175  -0.030328]
[ 0.321339 -0.59069   0.210143  0.284496  0.248843  0.328442 -0.699156
  0.298191  0.331395 -0.358358  0.073434  0.331164  0.29505   0.29429
  0.314579  0.085361 -0.979343  0.324345  0.307971 -0.130116]
[-0.957526  0.323827  0.181924 -0.185428 -0.72192  -0.800076 -0.230796
  0.325156  0.081151 -0.919533  0.060924 -0.705427  0.328236  0.027285
  0.2683    0.331611  0.322403  0.056781  0.328131  0.204475]
[ 0.23052   0.088948 -0.153809 -0.918187  0.126033 -0.022069 -0.48045
  0.304737  0.330839 -0.768148  0.257853 -0.874015  0.04801   0.307004
  0.184117 -0.118248  0.325322  0.084392  0.186701  0.332881]
[ 0.325278  0.316279 -0.292253  0.127956  0.207607  0.286312 -0.313284
  0.07637   0.21986   0.108755  0.277347  0.333327 -0.965169  0.118391
 -0.119077 -0.369077  0.327311  0.049769  0.302153  0.320293]
[-0.186297  0.332984  0.277536 -0.890135  0.072073  0.174141  0.110062
 -0.709926  0.31287   0.311     0.332717  0.194188  0.331814  0.327297
 -0.389301 -0.80599  -0.843934 -0.917371  0.090433 -0.018144]
[ 0.038251  0.034101 -0.817265 -0.368256  0.291469  0.006461  0.086727
  0.262965 -0.373025  0.332505  0.161668 -0.999108  0.33287   0.287955
  0.053801  0.299121 -0.528537  0.309683  0.093617  0.061713]
[ 0.143875  0.329585  0.322178  0.259102 -0.101583 -0.107224  0.081219
  0.188162 -0.563964 -0.102838 -0.346767 -0.019305  0.305194  0.095826
  0.18677   0.326802  0.219668 -0.080361  0.181841  0.142045]
[ 0.03058  -0.336495  0.309668  0.333268 -0.149248 -0.014719  0.323936
  0.176036  0.329912  0.204495 -0.281111  0.275816  0.267691  0.026978
 -0.894632 -0.890899 -0.928773  0.329348 -0.768846  0.269135]
[ 0.332835  0.144301  0.332192  0.049918  0.329008  0.233619 -0.054305
  0.147511  0.314348  0.305791  0.328833  0.195272  0.332561  0.036931
  0.205929  0.321451  0.287983 -0.541969 -0.073555  0.184472]
[ 0.333332 -0.292827 -0.108565  0.310419  0.323986  0.232449  0.332306
  0.320674  0.024814 -0.366932 -0.134179  0.222709  0.310513  0.261544
  0.270307 -0.966138  0.325686 -0.927891 -0.9989   -0.925278]
[ 0.2316   -0.967102  0.134579  0.332947 -0.487102 -0.94307   0.247396
  0.217069  0.259576 -0.941566  0.326794 -0.04283   0.05809  -0.091196
  0.096441  0.094138 -0.998324  0.227857  0.221971  0.201219]
[ 0.327743  0.325306 -0.509451  0.314255  0.322294  0.291702  0.251412
  0.302653 -0.038664  0.295367  0.243573  0.310279  0.295732 -0.287207
  0.061825 -0.815316  0.019704  0.279135  0.291416  0.291476]
[ 0.289224 -0.068557  0.299606 -0.99945   0.33313   0.330866 -0.641593
 -0.47023  -0.998731  0.308281  0.24761   0.310065  0.27305  -0.698489
  0.146333  0.264584  0.048421  0.307486  0.180615 -0.068356]
[ 0.331869  0.324464 -0.511534  0.100182 -0.893129  0.304117 -0.341466
  0.251128 -0.120823  0.172606  0.316089  0.199235  0.331509  0.072028
  0.315196 -0.986863  0.333138  0.303592 -0.390332  0.292021]
[-0.714212  0.316935  0.316488 -0.045498  0.322774 -0.446269  0.328496
  0.280207 -0.897478 -0.088597  0.321586  0.286152  0.029237  0.270634
  0.268158  0.029128  0.33324   0.329673  0.05165   0.24797 ]
[-0.909499  0.174455 -0.061131 -0.473135  0.207571  0.240285  0.149686
 -0.133628 -0.382363 -0.993265 -0.617327  0.089787  0.331222 -0.118494
  0.167418  0.317367 -0.160852  0.287927  0.168487 -0.403985]
[ 0.280651  0.326497  0.301947 -0.390443 -0.435675  0.031579  0.05774
  0.215771 -0.325737  0.167676  0.313943  0.196842 -0.211309  0.333011
  0.330149  0.146224 -0.214914 -0.860243  0.248601  0.195615]
[-0.314895  0.290575  0.149586 -0.729389  0.215564 -0.429452  0.198136
  0.30248   0.184128  0.282038  0.103091 -0.88627   0.197611 -0.035961
  0.260911 -0.023552 -0.137525  0.183821 -0.126762  0.263932]
[ 0.08294   0.326454  0.326722  0.103257  0.057597 -0.120246  0.249015
  0.327454 -0.819312  0.333299  0.328283  0.292994 -0.386166  0.284749
 -0.259864  0.292376  0.281811 -0.958062  0.305226  0.281124]
[-0.60686   0.257953  0.039165  0.328815  0.330764 -0.80876  -0.922405
  0.307209 -0.952385 -0.23755   0.048405  0.317647  0.233914  0.171326
 -0.084517  0.27211  -0.108213  0.308031  0.224037 -0.194757]
[ 0.177653 -0.316435  0.07989  -0.329267 -0.151834 -0.975172 -0.532911
 -0.138484  0.154355 -0.154297  0.302404  0.333328  0.32086   0.270099
  0.311559  0.296433  0.332657  0.333098 -0.148724  0.326914]
[ 0.291282  0.170675  0.33264   0.067578 -0.213097  0.161228 -0.565653
 -0.448407  0.187054 -0.402163  0.133787  0.208664  0.307136  0.312331
 -0.397802  0.314578  0.142158  0.100766  0.31553   0.271591]
[ 0.274927  0.082915  0.184361 -0.591773  0.130514  0.154713  0.325621
  0.259937  0.332031  0.156613 -0.929011 -0.53958   0.06254   0.330285
 -0.785246  0.020131  0.105812  0.077614 -0.952233  0.328115]
[-0.766321  0.331611  0.297728  0.186189  0.305286  0.25858   0.327969
  0.017794  0.290697 -0.994258 -0.085506 -0.036985  0.126479  0.251961
  0.164134 -0.123979 -0.300897  0.039463 -0.571983  0.01164 ]
[ 0.332796  0.314165 -0.020336  0.19038   0.309236 -0.844584 -0.406274
 -0.114007  0.286419  0.233568  0.320202 -0.78178   0.315663  0.328843
 -0.995782 -0.308203 -0.999974  0.332964  0.332077  0.333111]
[ 0.248866 -0.631969  0.281302  0.320432  0.229907  0.253145 -0.484577
 -0.24387  -0.098397  0.198425  0.264952  0.294707 -0.137667  0.248006
  0.225396  0.326205 -0.139524 -0.989886  0.00553   0.096965]
[ 0.280405  0.332381  0.330612  0.285116  0.08835   0.232285 -0.076561
  0.318908 -0.617135  0.277651  0.332748  0.099385 -0.940614  0.290366
 -0.025703  0.183672 -0.083948 -0.729676  0.136583 -0.649419]
[-0.981966  0.201505 -0.387529  0.318196  0.132406  0.294895  0.33316
  0.22434  -0.559589  0.328312  0.279213  0.135649 -0.40446   0.129356
 -0.610709  0.300504  0.301117  0.286266  0.289305 -0.447109]
[ 0.040609 -0.992434  0.125981 -0.224157  0.303458  0.098719 -0.748973
  0.248035 -0.23972   0.325959 -0.472812  0.328663  0.173348  0.243746
 -0.593636 -0.60279   0.05749  -0.483279  0.306497 -0.17684 ]
[-0.323262 -0.91249   0.323098  0.247337 -0.069484 -0.091176  0.123585
  0.114642  0.332825  0.06505   0.264379 -0.604408  0.301475 -0.352046
  0.22397   0.188207 -0.426758  0.323743  0.325713  0.04838 ]
[ 0.256923 -0.963004 -0.257533  0.310782  0.128388  0.322569  0.320974
 -0.716955 -0.044895  0.326682  0.303681  0.245709 -0.089099  0.224373
  0.177662  0.101574 -0.570348 -0.002747  0.197241 -0.750685]
[-0.012298  0.041561 -0.080225 -0.888202  0.152493  0.138378 -0.572786
  0.327015  0.271542  0.022106  0.094016 -0.594071  0.327866  0.175048
 -0.236846  0.309737 -0.650211 -0.860292  0.33094   0.208706]
[-0.999659  0.174258  0.228097  0.087441  0.216242 -0.067083  0.326108
 -0.553855 -0.994703  0.313738  0.196782  0.102266  0.273295  0.320687
  0.33333   0.321893  0.278293 -0.780368 -0.168557  0.331254]
[ 0.049602  0.01594   0.330876  0.277068 -0.506675  0.281539 -0.225308
  0.121226 -0.778441  0.250542  0.314678  0.324477  0.332189 -0.598191
  0.163711  0.176865 -0.922957  0.163393  0.291902 -0.998261]
[ 0.308083  0.131776  0.329727 -0.242671  0.161579  0.315988  0.331888
  0.065601  0.330142  0.27343   0.303632  0.331249 -0.154211  0.048631
 -0.212252  0.322611  0.329028 -0.044092  0.277358 -0.02067 ]
[ 0.316178  0.312241  0.324678  0.306135  0.330509 -0.011009  0.286901
  0.328351 -0.323813 -0.310296  0.173669 -0.168833  0.209319  0.274919
  0.288241  0.327818 -0.014841 -0.043687  0.127361  0.329603]
[-0.117271 -0.207311  0.320758  0.237031  0.174463  0.309288  0.142166
 -0.408017  0.01035   0.332813  0.332315  0.294965  0.128148  0.29672
  0.08665   0.283918 -0.122025 -0.127631 -0.196466 -0.993058]
[ 0.325795  0.13613   0.216548  0.308937  0.33328   0.265548 -0.102134
  0.333156  0.323466  0.255105 -0.753527  0.235735  0.323277  0.309539
 -0.029871 -0.949085 -0.259105 -0.365343 -0.599163  0.33057 ]
[ 0.330453  0.12619   0.122909  0.096442 -0.832047  0.175658  0.330562
  0.306658  0.226581  0.330423  0.317013  0.327514 -0.833338 -0.038308
  0.064021  0.078958  0.319962  0.208765  0.159041  0.280824]
[-0.334571  0.193683  0.316066  0.327322  0.332108  0.073102  0.27239
 -0.326827  0.295342  0.168666 -0.901408  0.087057  0.135351  0.330463
 -0.648644  0.332947  0.181546 -0.208739 -0.024554 -0.645344]
[ 0.060873 -0.512506  0.331345  0.263208  0.238261  0.08511   0.302326
  0.327093  0.322226  0.118457 -0.057358 -0.951991  0.316554  0.32568
  0.333007  0.308427  0.328466  0.075811 -0.729077  0.179715]
[ 0.329484 -0.336691  0.2531   -0.843829 -0.267051  0.097124 -0.654459
  0.318528 -0.6871    0.007206  0.104488  0.307345 -0.001912  0.231317
 -0.133454 -0.20516   0.222682  0.168123 -0.252476  0.33298 ]
[ 0.218462  0.056612  0.242493  0.222439  0.324237  0.332022 -0.485563
  0.127605 -0.732937  0.295332  0.325857  0.117867  0.275834  0.32969
 -0.329894  0.21326   0.24683   0.329249 -0.176404  0.333286]
[ 0.046777  0.13971   0.116307  0.315539  0.324276  0.243787  0.322507
  0.301129 -0.046586  0.199168 -0.580813 -0.558127  0.06937   0.095328
  0.332487 -0.014709  0.270509  0.148654  0.309254  0.161407]
[-0.267346  0.243036  0.333077  0.009658  0.333258 -0.54907  -0.342504
 -0.77845  -0.046529  0.326155  0.303995  0.33183   0.178546 -0.120574
 -0.862229 -0.238956 -0.965918  0.058727 -0.997618  0.29433 ]
[-0.331947  0.310572  0.087916  0.277186  0.324111  0.283532  0.281632
 -0.584692 -0.284998 -0.33887   0.30715  -0.949669  0.079677 -0.073674
  0.31678  -0.950317  0.32844  -0.970406  0.251666 -0.159804]
[ 0.324684 -0.063558  0.234922  0.228832 -0.84535   0.31994  -0.371028
  0.254001 -0.491427  0.322845  0.261895 -0.753642  0.173068  0.263222
  0.236546 -0.217659 -0.028375  0.283383 -0.165673  0.302127]
[ 0.289808  0.329209 -0.029516  0.059529  0.324733 -0.750699  0.121495
  0.331378  0.243067 -0.034755  0.311773  0.327938  0.308386  0.329427
 -0.945154 -0.756729  0.144441  0.238118 -0.154768  0.307836]
[ 0.154206  0.262393 -0.917305 -0.924938  0.333305  0.266155  0.309373
  0.276646  0.319497 -0.20212   0.26087   0.247233  0.333329 -0.914415
  0.330577  0.219418  0.010489  0.272828  0.333031 -0.205819]
[-0.999991  0.22922   0.203831  0.321816  0.230961  0.311722  0.311294
 -0.756934  0.327584 -0.15627  -0.389192  0.271858  0.197148  0.329028
  0.305823  0.252079  0.315506 -0.458234 -0.837463  0.331463]
[ 0.103265  0.019111  0.330195  0.309534  0.332699  0.261209  0.259374
 -0.508188 -0.998066  0.325372  0.299397  0.272834  0.293208  0.129885
 -0.628974  0.18919  -0.846297 -0.217596  0.002478  0.333333]
[ 0.283019  0.052844  0.220888  0.330524  0.331699  0.080055 -0.799962
  0.333039 -0.125737  0.156886 -0.926235  0.296656 -0.075013  0.014007
  0.198026  0.295819 -0.992503  0.256572 -0.057037  0.10848 ]
[ 0.263344  0.29459   0.043432 -0.056578 -0.442296 -0.960741  0.316676
  0.321279 -0.245087  0.296614 -0.205545 -0.23997  -0.399089  0.133046
  0.214868  0.053023  0.122212  0.268186 -0.079582 -0.400665]
[-0.263341  0.329492  0.116284 -0.230513 -0.043654  0.330142 -0.28788
  0.287267  0.072021  0.247173 -0.236047 -0.907598  0.308807  0.332867
  0.333244  0.331707  0.327908  0.262571  0.195128  0.307678]
[ 0.213184  0.139416  0.268295  0.325121 -0.036712 -0.441447  0.304014
  0.002768 -0.046973 -0.760792  0.289734 -0.538788  0.109699 -0.997589
  0.01529   0.331959 -0.18062   0.091048  0.25473  -0.767408]
[-0.904706  0.308349  0.331257  0.246394  0.311045  0.328643 -0.105029
  0.30756   0.281624  0.016224 -0.551252  0.035845 -0.804707 -0.958488
 -0.998623  0.332264 -0.058838  0.307819  0.332184 -0.106495]
[ 0.301112  0.29428   0.326859  0.151841  0.210409 -0.992432  0.145862
  0.327091 -0.499624  0.316422  0.235221  0.072326  0.251578  0.330978
 -0.365264 -0.697263 -0.684882 -0.18436   0.299099 -0.240853]
[-0.417802 -0.071667  0.268809  0.286003 -0.316783  0.068492 -0.644989
  0.164762 -0.701732 -0.863368 -0.86163   0.161101 -0.432768 -0.05676
  0.215797 -0.198976  0.229743 -0.137971  0.330556  0.077382]
[ 0.220295  0.311979  0.170306 -0.060772  0.327863  0.333274  0.029702
  0.329263  0.04301  -0.141948  0.300709  0.327925  0.089045  0.332284
  0.231011  0.223414  0.306959  0.219412  0.33203   0.262365]
[-0.782662 -0.728016  0.238257 -0.612476  0.282617 -0.268917  0.324665
 -0.088607  0.312872  0.119473 -0.515548 -0.10851   0.116477  0.325285
 -0.071447 -0.484416 -0.887674 -0.098421  0.246948  0.331574]
[-0.834325 -0.595814 -0.684162  0.30587  -0.159345 -0.762532  0.331001
  0.317609  0.212226  0.33276   0.004841  0.320918  0.329828  0.254697
  0.262845  0.303307 -0.989018  0.246165  0.29425  -0.127794]
[-0.986904 -0.133223  0.325863  0.20209  -0.616782 -0.068289  0.179207
  0.238517 -0.970559 -0.161315  0.041526  0.325561 -0.621434  0.33182
 -0.132762  0.301885  0.227886 -0.30862  -0.462032 -0.964495]
[ 0.317366 -0.133516  0.061055  0.246101 -0.166862  0.316667  0.257383
  0.290516  0.171482 -0.070319  0.313008  0.265495  0.182902 -0.011789
  0.036109  0.264758 -0.713575  0.285196  0.331153  0.318989]
[-0.61644   0.319526 -0.094505  0.012792 -0.106459  0.18041   0.281852
 -0.023366  0.225948  0.276365  0.299586  0.214363  0.332366 -0.349475
  0.31975   0.258353 -0.216201  0.330535  0.229833  0.038045]
[-0.911438 -0.652597  0.333208 -0.210535 -0.757344 -0.334542  0.134229
  0.331326  0.304893  0.293502  0.322712  0.048565  0.278988 -0.800823
  0.274858 -0.903684  0.095606 -0.105233  0.293674  0.099548]
[ 0.333333 -0.989701  0.124818 -0.180774  0.320806  0.118693  0.320956
  0.325279  0.33093   0.072258  0.316985  0.305389  0.333263  0.332717
  0.32531  -0.395547 -0.184932  0.225426  0.294511  0.331638]
[ 0.331997  0.266076 -0.9749    0.273589  0.271236  0.328733  0.313673
  0.330965  0.328212 -0.71204   0.326122  0.264723  0.329584 -0.897256
  0.289536  0.314823 -0.410843 -0.029684  0.241985 -0.963217]
[-0.864843 -0.008108  0.32852   0.308821  0.320006  0.320265 -0.221182
 -0.641239  0.084795  0.328912  0.31946  -0.527643  0.318852 -0.518259
  0.321603 -0.414376  0.332742  0.313117  0.311883 -0.08165 ]
[ 0.040838  0.321646 -0.149411 -0.917953  0.316795 -0.932216 -0.499892
  0.040692 -0.992336  0.165898  0.002108  0.310386  0.290773  0.332768
  0.333003  0.328917  0.109178 -0.323548  0.295528  0.089415]
[ 0.328721  0.273691  0.306037 -0.971748 -0.991703  0.221319  0.332765
 -0.082167  0.286697  0.319256 -0.200624  0.309968  0.212854 -0.028967
  0.327423  0.331651 -0.493522 -0.128128  0.319821  0.297724]
[-0.29618   0.269972  0.318849  0.318451  0.333034 -0.998978 -0.403441
 -0.59869   0.034844  0.314171  0.331294  0.302709  0.2469    0.226023
 -0.552182 -0.094266  0.242631 -0.204487  0.281187 -0.394005]
[-0.015858988756280418, 0.021134474877235521, -0.0029470857964552233, 0.0074422383789096158, -0.023683054619428379, 0.04503874271916207, -0.11117139590925579, 0.012733780203342704, -0.026708518132263326, 0.0041027821317136115, 0.0059904681805044713, -0.022214040006114794, 0.025908192213780129, -0.030972017137841479, 0.081836361525261553, -0.012105602615643196, 8.1194709265375309e-05, 0.052831956240388611, -0.00058492798240605826, 0.040110358601742543, 0.03971675467675162, 0.0010254736567835154, -0.016101958867323796, 0.0068442848993296723, 0.045071912978095263, 0.0012479622433029247, -0.01102550727759094, 0.026974516096195833, -0.024491185646593, 0.077371420186692574, -0.012308086156150755, -0.022034382493345162, -0.022311912814141022, 0.0024044543601794421, 0.028093387271875579, 0.071939369796986397, -0.014453088159460163, 0.047941446113018205, 0.056050286275805883, -0.00092303804568377723, 0.075905077838000157, 0.041896068232196715, 0.042922952808762571, -0.096485837353304627, -0.07845011585320405, 0.061772874831269697, -0.038487403160837597, 0.027796186857413099, -0.090886899285892442, -0.055175967413543525, 0.030690143550257842, 0.02807531171112787, -0.032768403358780174, -0.015263314542987516, 0.031695934519572505, 2.7351179672785442e-05, -0.0041421188230031936, 0.030599091932306328, 0.04913120965739548, 0.0057307594083680913, -0.0011026105244384184, 0.12691673157501548, -0.035419926715661451, -0.001679329596329826, 0.02122669024582724, 0.0093555889067959835, 0.022633451690154682, 0.03710253508167155, 0.024541668200084521, -0.0084141358186426707, 0.055183526621990386, -0.0055193028788806109, 0.070259725456380206, -0.02230518664221634, -0.0024155071800351924, 0.095751096983288014, 0.045742912795382812, 0.028937657251892679, 0.0043235167740947045, -0.059092675957579138, 0.0020799307705298697, 0.018980877689797698, -5.5403180087176818e-05, 0.042097076435492153, 0.049439926528748845, 0.066306000276928317, -0.011000014527112301, 0.0012854148983824643, -0.067170107516315802, 0.060273681592339257, -0.069032330905602235, 0.013422267501892959, -0.021469538597227444, 0.01342914195211764, 0.10567790390040857, 0.058063572738254909, -0.082754095801769845, 0.003696866385734715, 0.0018965568997499904, -0.039209795705517525]
('time: ', 9194.54525589943)
