“Running plot script on a single CPU core”
[ 0.332925  0.260701  0.201462  0.227631  0.087061  0.129594  0.2722
  0.167192 -0.517708 -0.947529 -0.013024  0.108896  0.32365  -0.992176
  0.277669  0.263252 -0.284947  0.297683 -0.007632  0.267881]
[ 0.295581  0.258531  0.296234  0.320645 -0.994044  0.318015 -0.030166
  0.181072  0.165374 -0.186194  0.283839  0.160324  0.112147  0.33311
 -0.119295  0.116192  0.33219   0.288021  0.146211  0.265712]
[ -7.450014e-01   1.141203e-01   3.332645e-01   4.001498e-02  -7.113344e-02
  -3.175794e-03   3.024757e-01  -1.366697e-03   3.215490e-01   2.008369e-01
   9.968568e-02   2.608090e-01   9.863459e-02   1.744414e-01   1.262750e-01
   3.202956e-01   6.808185e-05  -1.378782e-01   2.125446e-01   3.107735e-01]
[-0.082868  0.312369 -0.115328  0.24258   0.331413  0.246753  0.135298
  0.068649  0.16943   0.239989  0.295893  0.26191  -0.886184  0.194609
  0.18117   0.27644   0.290577  0.307195  0.309336  0.328885]
[ 0.2597   -0.679155  0.231855  0.237727 -0.570031  0.313625  0.309804
 -0.010399  0.324708 -0.02853   0.150095  0.136229  0.307809  0.328832
 -0.650184  0.154089 -0.974229 -0.61252   0.271248  0.218964]
[ 0.142592  0.332786  0.271365  0.313869  0.241762  0.333012  0.058647
  0.333292  0.204546  0.010943  0.325099  0.33234   0.083199  0.326383
  0.196509  0.279376 -0.343053  0.33253  -0.248698  0.039982]
[-0.196732  0.299572 -0.084509 -0.220899 -0.846506  0.305189  0.271702
 -0.353191  0.043634  0.331963 -0.727304  0.326638 -0.908122  0.180415
 -0.95521   0.31938   0.314234  0.211037  0.180067  0.245495]
[-0.373131  0.254432  0.326926 -0.743118  0.113534  0.306798 -0.726241
  0.077859 -0.145152  0.06305  -0.051994 -0.256008 -0.423524  0.322026
  0.212455  0.324518  0.301902  0.268732  0.304472  0.227774]
[ 0.261988 -0.241935  0.330687 -0.310302  0.328262  0.30863   0.088837
  0.14377   0.305518  0.312571  0.3066    0.209276  0.094762 -0.234408
 -0.727865  0.325412  0.286198  0.31816   0.174388  0.09711 ]
[ 0.226574  0.244161  0.311266 -0.075026  0.32823  -0.992113  0.30196
  0.263451 -0.477646  0.32929  -0.524258 -0.640096  0.307877  0.067987
 -0.262869  0.200191  0.319881  0.291276  0.330675  0.213856]
[-0.673399  0.179303  0.114843  0.32243   0.281007  0.261311  0.31794
  0.33093   0.063329  0.262437  0.314543  0.318006  0.234689  0.31998
  0.192543  0.009835  0.231008 -0.099856 -0.976745 -0.047972]
[ 0.196585  0.213002  0.159752  0.020236 -0.91271   0.271168  0.162913
  0.266676 -0.95854   0.320696 -0.562619 -0.00776  -0.928529  0.263779
 -0.101027  0.307553 -0.004349  0.329259  0.333127  0.260281]
[ 0.225915  0.310827 -0.352685  0.240511  0.171159 -0.976295 -0.136131
  0.333148 -0.496775  0.302352  0.005091  0.319464 -0.948762  0.307512
  0.140607  0.20398   0.326204  0.296735  0.101128  0.087703]
[ 0.255948 -0.145639  0.304235 -0.515265 -0.371099 -0.466042 -0.063701
  0.012341 -0.261034  0.236175  0.316362  0.307426 -0.04306   0.314371
  0.331446  0.265859  0.332717 -0.779689  0.232897  0.138125]
[ 0.32952   0.267166  0.311907  0.331415  0.020015 -0.726932  0.185195
  0.119451 -0.765821 -0.581345  0.322694  0.217828 -0.976517 -0.056775
 -0.291563 -0.249782 -0.009367  0.271224  0.307079 -0.567662]
[ 0.188505 -0.56696  -0.363692  0.184207 -0.04579   0.282313  0.207191
  0.27748   0.328001  0.278598  0.138914  0.203483 -0.276699 -0.648666
  0.248069  0.01571   0.272083  0.317319 -0.331189  0.27568 ]
[ 0.333009  0.333315  0.110619 -0.051105  0.299727 -0.874252 -0.530323
  0.243204  0.219565  0.15538  -0.008165 -0.551916  0.331738  0.291226
 -0.396532 -0.259524 -0.554256  0.082436 -0.547945  0.219703]
[ 0.101852  0.258273  0.001687 -0.366422  0.037985  0.10759   0.308962
  0.226469  0.310155  0.320879  0.267192 -0.278225 -0.078695 -0.891992
  0.331425 -0.162154  0.003236  0.255223 -0.773047  0.164841]
[ 0.196318  0.325057  0.26014   0.330091 -0.958195  0.179202  0.314065
 -0.430471  0.130629  0.30235   0.319773  0.157603  0.288846  0.098889
 -0.960606  0.318388 -0.230841 -0.382011  0.324765 -0.564013]
[-0.810099  0.219292  0.287613 -0.488617  0.102911 -0.787569  0.172771
  0.200292  0.252491 -0.594314  0.229592 -0.397977  0.219975 -0.211372
 -0.9593    0.289138 -0.995089  0.22445   0.222157 -0.972591]
[-0.627802  0.225633 -0.485878  0.283642 -0.485732  0.331203  0.191985
  0.236284 -0.351779 -0.225851  0.327097  0.293122  0.333042  0.201712
  0.319363  0.176751  0.209976 -0.245564 -0.277063  0.329073]
[ -1.970607e-01   1.139291e-01  -6.933406e-01  -3.082586e-01   2.665729e-03
   2.693801e-01   1.091452e-01   3.205174e-01  -1.898719e-02   2.169507e-01
   2.475787e-01   2.269273e-01   4.072409e-02   2.737347e-01  -8.449289e-01
  -2.989678e-04   3.053867e-01   1.584411e-01   4.785333e-02  -9.990862e-01]
[ 0.324547 -0.724443  0.051729 -0.841253 -0.805412  0.267456 -0.997832
 -0.249633  0.324641  0.319718 -0.977311 -0.976172  0.146133 -0.1244
  0.278868  0.092704  0.139842  0.279475 -0.367415  0.186643]
[-0.968716  0.198355  0.318071  0.287284 -0.812462  0.258053 -0.766918
  0.241434 -0.644846  0.332743  0.186311  0.309002 -0.58116  -0.001188
  0.186078  0.314148  0.326186  0.274076 -0.745498  0.310357]
[ 0.295419  0.293939  0.243997  0.290822 -0.524911 -0.508832  0.324972
  0.207579 -0.371054  0.274342  0.021733 -0.590227  0.330589 -0.260582
  0.105086 -0.60355  -0.961744  0.182125 -0.469336  0.279096]
[ 0.178147  0.281514  0.24272   0.268173 -0.085438  0.263649 -0.275376
  0.330663  0.30192  -0.239112 -0.837227 -0.652638  0.217127 -0.001738
 -0.653868  0.332841  0.084426  0.297528  0.32576   0.326357]
[ 0.333124 -0.045482  0.164133 -0.048437  0.328492 -0.412089 -0.8506
  0.084108 -0.234264 -0.22364   0.331186  0.303146  0.284417 -0.064571
  0.309084 -0.066051  0.259265  0.115542 -0.973047  0.153871]
[ 0.058759  0.249586  0.287166 -0.414105  0.332628 -0.529103  0.125856
  0.230871  0.318901  0.116618  0.316351 -0.400196 -0.148675  0.210025
  0.301553  0.17328  -0.671166  0.082284 -0.264768 -0.441828]
[ 0.248871  0.257938  0.328193  0.266913  0.217568  0.171004  0.253364
 -0.865354  0.059676  0.31631   0.321584  0.317805  0.213862 -0.278241
 -0.815683 -0.151481 -0.921203  0.305879  0.294654  0.10243 ]
[ 0.323709  0.074586  0.141275 -0.8041    0.124522  0.250144  0.005441
  0.259377  0.191804  0.33311   0.222738  0.049838  0.2658    0.239018
  0.330989  0.330585 -0.983294  0.02761   0.332976 -0.999972]
[ 0.18268  -0.989579  0.229621  0.198168 -0.605562  0.24672  -0.188817
 -0.530482  0.330319  0.123291 -0.989235 -0.972621 -0.993599 -0.699518
 -0.150609  0.320589  0.129624  0.112541 -0.595295 -0.379447]
[ 0.086566  0.291973  0.099872 -0.42697   0.180124  0.207768 -0.138853
  0.134329  0.160054  0.034328  0.327188 -0.298453 -0.012893 -0.194501
  0.333329  0.332942  0.262775  0.027904  0.302143  0.314812]
[-0.093689  0.205621  0.036795  0.333326  0.027071 -0.135767  0.281997
 -0.597491  0.33325   0.326488  0.332963 -0.204554 -0.642769 -0.903032
  0.020199 -0.92563  -0.83634   0.089069 -0.208233  0.333307]
[-0.919228  0.136067  0.332887  0.302499  0.309278 -0.127356 -0.332552
  0.323042  0.326686 -0.009006 -0.152193  0.329004 -0.977009  0.04276
  0.235195  0.291862  0.294895  0.016072 -0.285568  0.315882]
[-0.737817  0.168876 -0.88825   0.159075  0.01004   0.129632  0.326085
  0.320844  0.236222  0.331486  0.276207  0.257324  0.121394  0.0597
  0.227214 -0.961002 -0.663834 -0.576875  0.03268   0.326771]
[-0.991825  0.277999  0.14396  -0.144836 -0.507924  0.232664  0.333307
  0.102631  0.191258 -0.676552  0.13511   0.331744 -0.094901  0.296014
 -0.152594  0.333246  0.209612 -0.283093  0.320971 -0.943621]
[ 0.331837  0.276777  0.02782   0.309855 -0.009053  0.208994 -0.045269
  0.200307 -0.981031  0.284858  0.243186 -0.268167  0.139169  0.332291
  0.332795  0.315712  0.311552 -0.160641 -0.999084  0.332741]
[-0.799025  0.11014   0.312599 -0.776251 -0.088264 -0.172381  0.307975
  0.330055 -0.475587  0.332579  0.33206   0.292813 -0.021092 -0.912015
  0.310998  0.331866 -0.039235 -0.887459  0.319893  0.095307]
[ 0.090871  0.089871  0.120215 -0.506716 -0.198438 -0.111092  0.139653
  0.333259  0.223122 -0.533323  0.321304 -0.999825  0.323901  0.253374
  0.332625  0.29366  -0.545115 -0.989176  0.070887  0.048796]
[-0.024649  0.12216  -0.996459 -0.70373   0.024941  0.154011 -0.936893
 -0.921965 -0.704876  0.276296  0.32038   0.30513   0.107977  0.128684
  0.22947   0.014397 -0.40732   0.246077 -0.288092  0.333216]
[-0.238623  0.332785 -0.368841 -0.68337   0.283558  0.318741 -0.993686
  0.147341  0.331335  0.331564  0.172761  0.329905  0.331984 -0.104273
 -0.599558 -0.137961  0.302024  0.13392  -0.322382 -0.172656]
[ 0.169504 -0.449414  0.321375  0.090952  0.271322  0.310901 -0.635974
 -0.131973  0.293994 -0.47343  -0.42244  -0.933718  0.327029  0.116679
 -0.189315 -0.990577 -0.119011  0.260098  0.32582  -0.439972]
[ 0.144053  0.327894  0.113571  0.332087 -0.907282  0.333254  0.332558
  0.136965  0.323253 -0.917993  0.106083  0.104527 -0.190748  0.239009
 -0.09585  -0.056475  0.333306  0.229739  0.309634  0.311925]
[-0.924142 -0.921948  0.277467  0.330411  0.180602  0.266885 -0.837186
  0.320018 -0.427585  0.205044  0.327014  0.293017  0.327199  0.288091
  0.333086  0.281345 -0.367847  0.289979  0.282593 -0.992243]
[-0.94676   0.29518   0.023077  0.149783 -0.926183  0.273926 -0.951644
  0.331823  0.284308  0.174486  0.264858 -0.739369  0.326199  0.246799
  0.333194 -0.420324  0.277599  0.327936  0.332317  0.147222]
[-0.327781  0.238098  0.08212   0.319883  0.325864  0.313929 -0.440056
  0.227869  0.303883  0.318198 -0.917453 -0.855376  0.299274  0.146806
  0.272864 -0.971088  0.321114 -0.043609 -0.631119  0.278613]
[ 0.283571 -0.350218  0.328098 -0.954289  0.269455  0.293548 -0.096938
  0.239923  0.201586  0.265887  0.091946 -0.064519 -0.642718  0.332539
 -0.080296 -0.121344 -0.19328   0.241405  0.214904  0.158093]
[ 0.067175 -0.226432  0.33252  -0.643318  0.317395 -0.99351   0.31153
  0.151406  0.187912 -0.212146  0.305244  0.259334  0.32986  -0.215673
 -0.260873  0.251952  0.295047 -0.486624 -0.994838  0.271994]
[ 0.146898  0.30952   0.294871  0.331552  0.053722  0.321768  0.332373
  0.002447  0.148465  0.252613  0.246088 -0.997433 -0.558386  0.026793
 -0.875721  0.24591   0.322661  0.140753 -0.267811 -0.369242]
[ 0.262354  0.326781  0.162887  0.314871 -0.573863  0.331857 -0.857232
  0.058247 -0.999132  0.269698  0.278988  0.322139 -0.210786  0.327021
  0.189515  0.227659  0.306558  0.331701  0.169221  0.224804]
[-0.143442  0.328796  0.252599 -0.679009 -0.303988  0.333253 -0.540419
  0.294886  0.323146  0.33281  -0.107634  0.236561  0.280806  0.325531
 -0.778954  0.331111 -0.021405  0.089896 -0.00771   0.21999 ]
[ 0.312311 -0.048505  0.146781  0.323105  0.247339 -0.680012 -0.028571
 -0.145334  0.290963  0.309494  0.223604 -0.569606  0.205117  0.166718
  0.332728  0.273796 -0.050036 -0.415903  0.328529  0.317819]
[ 0.289043  0.285299  0.26496  -0.343697  0.186486 -0.734977  0.304388
  0.247703 -0.391366  0.076625  0.233179 -0.422591 -0.127636  0.282955
  0.172058  0.254471  0.281297 -0.332793 -0.340527 -0.362229]
[ 0.216202  0.196385  0.158043 -0.311944 -0.941283  0.331759  0.055811
  0.206444  0.33325   0.294384  0.313524  0.316172  0.245813 -0.575383
 -0.4472    0.332838  0.32357   0.231728 -0.1724    0.177287]
[ -1.713393e-01  -4.613631e-01  -6.150848e-04   3.142670e-01   2.491822e-02
   2.847838e-01   1.604126e-01   3.307876e-01   6.128011e-02   2.992824e-01
   2.690740e-01  -1.122197e-01   3.272311e-01  -9.309084e-01   3.172680e-01
   2.163113e-01  -1.377799e-01   2.840080e-01   3.076872e-01   2.368515e-01]
[ 0.064251  0.281125  0.316931  0.257998  0.235601 -0.630381  0.301641
  0.32459  -0.989044  0.144734 -0.432313  0.302012  0.300023 -0.125144
  0.300308 -0.987369  0.325469  0.002561 -0.374493  0.284874]
[ 0.324661  0.329108 -0.062373  0.333267  0.328533  0.14888  -0.172046
  0.325102  0.293121  0.324637 -0.209285  0.082405  0.262201  0.004786
  0.200607 -0.26852  -0.888354  0.246204 -0.464509  0.323945]
[-0.056831 -0.212588  0.103416 -0.650461  0.266754  0.116859  0.273441
  0.299964 -0.952077  0.258882 -0.003582 -0.858063  0.313365  0.327023
 -0.195843 -0.684465 -0.366306  0.042667  0.26695   0.294666]
[ 0.333257 -0.714553 -0.681721 -0.31044   0.328508 -0.572337 -0.227982
 -0.99252   0.285168  0.327032  0.162296  0.271856  0.279981 -0.761207
  0.32661   0.050336  0.274279 -0.445211  0.193852  0.332781]
[-0.019509  0.301157  0.322832  0.331057  0.208145 -0.15585  -0.988447
  0.300306  0.318385 -0.27422   0.168201 -0.12548   0.091315 -0.106183
  0.057554  0.323329 -0.505203  0.323566  0.107399  0.286799]
[-0.296957 -0.999985 -0.957032  0.318409  0.328299  0.025516  0.332298
  0.078994  0.077582 -0.994861 -0.97122  -0.391014  0.329725  0.295398
  0.320425  0.32082  -0.095719 -0.009473 -0.999108  0.302664]
[ 0.330525  0.255647  0.002549  0.119865  0.114086  0.329367  0.276375
  0.3302   -0.822049 -0.302395  0.329978 -0.992022  0.250103 -0.009096
 -0.998694  0.169237  0.032159  0.297736  0.298754  0.145743]
[ 0.198014 -0.185157  0.046431  0.3139    0.287827  0.211771  0.042526
  0.325897 -0.561546  0.287827  0.332968  0.323097  0.132154  0.189771
 -0.985647  0.151328  0.297465 -0.762786  0.333275  0.225818]
[ 0.303781  0.332902 -0.504806  0.302868  0.236906 -0.973083 -0.714136
 -0.653767  0.209379  0.282599  0.265544 -1.        0.297479 -0.04996
  0.231556  0.322477 -0.967245  0.321812  0.213239  0.042117]
[-0.507336  0.030284  0.149186 -0.013554  0.017839 -0.76819   0.267313
  0.332369  0.101651  0.325652 -0.039206 -0.966314 -0.320418  0.300171
  0.132526  0.148582 -0.995208  0.214643  0.298421  0.178676]
[-0.065517 -0.699641 -0.400851  0.16754   0.322099 -0.987646  0.269288
  0.107937  0.282779  0.044709  0.327808 -0.512539  0.169488  0.239995
 -0.151452 -0.984566 -0.760565  0.227567  0.327231  0.29563 ]
[-0.602298 -0.138714  0.058738 -0.011181  0.315852  0.123734 -0.948902
  0.324422 -0.00585  -0.966106  0.299031  0.329026  0.17466   0.333043
  0.296824  0.293842  0.29787   0.021486  0.328215  0.330271]
[  1.675679e-01   1.871952e-01   2.751026e-01   2.674388e-01  -4.301632e-01
   1.495904e-01   3.329473e-01  -3.997114e-03  -1.864287e-02   2.417569e-01
  -8.696864e-01  -8.629385e-04   1.709468e-01   1.854441e-01   2.713916e-01
   3.274959e-01   1.307827e-01   3.140198e-01   1.214214e-01   3.299435e-01]
[ 0.280538  0.289994  0.003364  0.321475  0.316006 -0.227336  0.332477
 -0.289     0.215847 -0.12735   0.291129 -0.643875  0.333298 -0.018745
  0.295328  0.290121  0.29513  -0.881147  0.092531  0.064522]
[ 0.314445  0.28621  -0.677161 -0.183824 -0.60042   0.333304  0.182329
  0.296015  0.056706 -0.702843  0.316884  0.328503 -0.422183  0.2985
  0.236403  0.328061  0.166993  0.022874  0.016918 -0.037039]
[ 0.316124 -0.999067  0.322207 -0.97602   0.075455  0.292772  0.243744
  0.220007 -0.061092  0.195256 -0.035415  0.318467  0.12725  -0.468244
 -0.891041 -0.63448   0.169588 -0.19828   0.133408  0.211771]
[ 0.333068  0.090399  0.310269  0.263373  0.30962   0.031091  0.131761
  0.3118    0.223488 -0.149725  0.036714  0.302224 -0.087194 -0.049501
 -0.447722  0.274377  0.231531 -0.661161 -0.783652  0.276707]
[ 0.064561  0.319738  0.228529  0.298062  0.295548  0.331155 -0.358041
 -0.766194  0.311143 -0.034083  0.24648   0.121425  0.313091  0.250687
  0.272926  0.028635  0.331548  0.041237  0.156262  0.046689]
[-0.542781  0.32392   0.331573  0.332092 -0.684095 -0.151578 -0.098126
  0.144738  0.325552  0.241438  0.158911 -0.027368  0.31439   0.319777
  0.319175  0.301528 -0.998848 -0.359399 -0.106517  0.298805]
[-0.314829  0.106474  0.279516  0.070738  0.333024  0.273498  0.053613
 -0.937621 -0.620174  0.224831 -0.077352  0.192818 -0.225843  0.254202
  0.316962  0.299032 -0.065197 -0.533388  0.306316  0.25616 ]
[ 0.326386 -0.171344 -0.876533  0.324606 -0.172052  0.210702  0.020442
  0.162248  0.333182  0.076275  0.332215  0.332316  0.261462 -0.110123
  0.324636  0.065437 -0.407495  0.291496  0.320264  0.112013]
[-0.01903   0.012218  0.330195  0.284277 -0.851398  0.223437  0.322637
  0.14606   0.294494 -0.153687 -0.255819  0.052589  0.282732  0.114366
  0.323244 -0.528896  0.160575 -0.443284  0.242083  0.293537]
[ 0.326868  0.224701 -0.615347 -0.155323  0.139474  0.278852  0.298936
 -0.5073    0.210779 -0.379225  0.189026 -0.774459 -0.587852  0.223444
 -0.176645  0.123659  0.185198 -0.769137 -0.932152  0.152918]
[ 0.332953  0.329929 -0.095499  0.285418 -0.289568  0.286389  0.115798
 -0.109009  0.152821 -0.622159 -0.589527  0.270758 -0.080259  0.106209
  0.162408  0.063543  0.333142  0.331141  0.316241  0.306993]
[ 0.247977  0.252694 -0.236486  0.327974  0.146772  0.235231  0.332413
 -0.54482   0.294288  0.333325  0.235945 -0.66562   0.323464  0.084867
 -0.859087  0.155189  0.21483   0.082732  0.079332  0.326653]
[ 0.276004  0.325381  0.309879 -0.312088  0.327429  0.295286  0.147313
 -0.256196  0.319505  0.231017  0.266273  0.315499 -0.831219  0.055763
  0.257389  0.234196 -0.248804  0.331149  0.264608 -0.224318]
[-0.893338 -0.999654  0.261704  0.049363  0.292858  0.329592 -0.659942
  0.303336  0.331052  0.333324  0.310887  0.23579   0.325918  0.274722
  0.183647  0.288009  0.222343 -0.935299 -0.652154 -0.10529 ]
[-0.166167  0.331548 -0.105535 -0.422696 -0.601528  0.234351  0.134696
  0.321699 -0.62863   0.25744  -0.283329  0.158592  0.293488  0.33306
  0.322052 -0.244301  0.325749  0.292369  0.326094  0.258747]
[ 0.112741 -0.412822 -0.881603 -0.637662  0.223805  0.061691 -0.461017
  0.332489  0.323151  0.159689  0.186219  0.333262  0.327413  0.3023
  0.311636  0.205519 -0.676911  0.202191 -0.165274  0.332102]
[ 0.087596  0.254893  0.225611 -0.892744  0.166695 -0.735591  0.176107
  0.110784 -0.255898  0.079396  0.001004  0.053804  0.279459  0.331126
  0.333325  0.157867  0.02564   0.301467  0.303177 -0.895716]
[ 0.23321   0.112024  0.300027 -0.555157  0.289005 -0.102346  0.329685
 -0.324927  0.069934  0.09971   0.30547   0.331458  0.326101 -0.246522
  0.270283  0.227333  0.234687 -0.410839  0.29754  -0.061438]
[-0.5538    0.291643  0.328102  0.330464 -0.818062  0.288084 -0.73048
  0.157117  0.318613  0.285759 -0.312993 -0.633249  0.100717 -0.625167
  0.326564 -0.031065  0.32619   0.331288 -0.533454  0.331749]
[-0.359995  0.254441  0.249472  0.307731  0.2845   -0.842206  0.286349
 -0.043195  0.231771 -0.389727  0.224165  0.326727 -0.421897  0.321158
 -0.307939  0.325365  0.332783 -0.133865  0.324638  0.28536 ]
[-0.89783   0.327786  0.088911  0.245267 -0.157772  0.315583 -0.010051
 -0.939718 -0.361341 -0.006362 -0.999935 -0.832799  0.306964  0.263997
  0.331115  0.294064  0.105444  0.152569 -0.324494  0.261929]
[-0.208221 -0.554556 -0.525309 -0.609584 -0.095873  0.078629  0.333327
  0.221896  0.333037  0.31036  -0.207448  0.264996 -0.586443 -0.945046
  0.263464  0.297496  0.237188  0.266671  0.333252  0.018277]
[ 0.144528  0.27872   0.333277  0.202823  0.265055  0.299842  0.19134
 -0.72519  -0.411266  0.305606 -0.547839  0.203445 -0.487851  0.043735
  0.287322  0.308859  0.19078  -0.862923 -0.410273 -0.972691]
[ 0.331226  0.202508  0.327797 -0.317054  0.332167  0.24832   0.331305
  0.224815  0.311075  0.097124  0.311601 -0.887364  0.289783 -0.791742
  0.084106 -0.997088  0.316301  0.292749 -0.4635    0.249055]
[-0.012525 -0.466372  0.323844  0.28513   0.296504  0.222817 -0.999945
  0.323614  0.029233 -0.856026  0.307137  0.061446  0.330631  0.308575
  0.327081  0.312678 -0.209924  0.318859  0.079687 -0.022059]
[-0.702727 -0.878844 -0.797606  0.215386 -0.295798  0.320926  0.117987
 -0.266998  0.152206 -0.218647  0.1079    0.262881 -0.013037  0.332512
  0.333234  0.161253 -0.847383  0.260116 -0.195903 -0.953838]
[ 0.331721 -0.144241  0.214137 -0.999564 -0.330122 -0.8693    0.296104
 -0.003965  0.312422 -0.312219  0.036601 -0.013127 -0.628956  0.278452
  0.102899  0.064781 -0.429597 -0.184337  0.292412  0.325147]
[-0.079047 -0.417907  0.19492   0.324834  0.331463 -0.834068 -0.859244
 -0.74378   0.266999  0.312365  0.332698  0.108956 -0.633738  0.230837
 -0.067021 -0.485611 -0.520609 -0.789849  0.299774  0.321711]
[ 0.233232 -0.931876 -0.024465  0.093615 -0.331996  0.327931  0.092121
  0.332778 -0.974162  0.122534  0.331433 -0.518392 -0.94538  -0.039522
  0.329059  0.331499  0.169263 -0.116868 -0.19835   0.331024]
[-0.045972 -0.157954  0.312593  0.26024   0.174529  0.332818  0.147758
  0.333189 -0.229883 -0.320258 -0.269832  0.168693  0.309657  0.278775
  0.235526  0.268285  0.239095 -0.600596  0.053364  0.151032]
[ 0.326271  0.234917 -0.756232  0.332911  0.290947 -0.293008  0.314161
  0.142395  0.120593  0.295642  0.327068  0.173611  0.332238  0.061749
  0.327088  0.285208  0.253336  0.24474   0.28003   0.295145]
[ 0.230485 -0.419644 -0.735629  0.294078  0.231841  0.23277   0.28924
  0.32699   0.333288 -0.52766   0.325758  0.1126   -0.520213 -0.101302
 -0.075205 -0.272214 -0.392914 -0.053847  0.328465  0.197251]
[0.060542023821077318, 0.0029044321675498197, 0.019874058937284667, -0.012369266390468328, 0.040442346171537774, -0.0097850799733153471, 0.016572158895791417, -0.0010831266325957989, 0.032898532404694036, -0.0017333758096963747, 0.077831488427998252, 0.032977084113862187, 0.041782111181827009, -0.0069606646428603813, -0.078553195210001148, 0.035768217253147688, 0.009016881992153114, 0.00090166112062886605, 0.1074681701742231, -0.012776159195245773, -0.034859077319729703, -0.0059333672661147641, -0.001090866974764737, -0.0029546513342354475, 0.067346075661771476, 0.014853766496541132, -0.031907247486096024, 0.046332534024110895, 0.067570303436894769, 0.038961057234002339, -0.011428880495482713, 0.071970559262583458, -0.0080386523831119938, -0.077485013677869974, -0.00050556618183894564, -0.05381560873099045, 0.018084196907390993, -0.056691620632764783, -0.021340324722571871, 0.029942977739985933, 0.0002124349900603506, 0.077095546575812191, 0.020299657277057431, -0.024408638435293173, -0.041624115559678487, -0.015654065104344805, 0.083581197809192126, 0.082745176535663184, -0.03492994896796256, 0.00036085720152406742, 0.034858991967127356, 0.077749001267897855, -0.03463201359047885, 0.02633816859966856, 0.034396636328609453, -0.03088498211986479, 0.08855490704015892, 0.019103450542702002, -0.035510239142102662, -0.027057146224502261, 0.0051920184641650047, 0.046991163323122309, 0.052282794658160298, 0.11624838713557092, -0.027048384597723851, 0.0088203149778393192, 0.040054406688121102, 0.018099857167599681, 0.055126738864970243, 0.0039856655000755636, -0.053112475043009311, 0.10066098347916747, 0.041392548936535614, -0.0042256104275537609, -0.017353760451636335, 0.02907034142682674, 0.022727507673364875, -0.0059703803811334, 0.069649015733772912, 0.0057982999897170651, 0.024127932076127012, -0.032870618609133206, 0.029202810127489293, -0.0039685694081697531, 0.044842618617794081, -0.030055836945420217, -0.01775671524784983, -0.010619926325181106, -0.041742516600787649, 0.023216377713572378, 0.049002060035293796, 0.037881338375740758, -0.0058538729351195673, -0.0045973002420294229, 0.080446563288020856, -0.037694590243864082, -0.094086586596261956, 0.028210941895116172, 0.051243016961752541, 0.049330578259310948]
('time: ', 9691.528223991394)
