“Running plot script on a single CPU core”
[-0.800906 -0.761795 -0.854155 -0.793473 -0.777159 -1.00864   0.005768
  0.041529 -0.13656  -0.112897  0.131471 -0.101611 -0.008786  0.137489
  0.08641  -0.014017 -0.087143 -0.004964  0.120257  0.043364]
[-0.963829 -0.655147 -0.516218 -1.094991 -1.225943 -0.830062 -0.071234
 -0.063651 -0.045098  0.155597 -0.327616 -0.171785 -0.078126 -0.346532
 -0.130008 -0.195579 -0.036442 -0.163871  0.068273  0.072275]
[-0.686136 -0.649132 -0.718014 -0.419947 -0.595873 -0.543913  0.139533
  0.096099 -0.081903  0.116834  0.164681  0.034747 -0.131255  0.155587
  0.128745 -0.061309  0.133017  0.252476 -0.007026  0.024379]
[ -9.070904e-01  -7.280541e-01  -5.189440e-01  -7.615654e-01  -6.515688e-01
  -5.605986e-01   3.742546e-02   1.450047e-05  -1.043530e-02  -6.999174e-02
  -2.301693e-02   1.539923e-02   3.936239e-02   5.201800e-02   7.927115e-03
   5.628289e-02  -6.261155e-02   1.837918e-01   4.202358e-02   1.062036e-02]
[-1.155349 -0.976886 -0.839424 -0.896795 -0.748201 -0.666654 -0.076709
  0.04446  -0.115767  0.065894 -0.017294 -0.063578  0.176627 -0.020444
 -0.008879  0.156208  0.045482 -0.043509 -0.070805  0.006636]
[-0.989617 -0.73051  -0.783239 -0.855191 -0.875423 -0.844647  0.134253
 -0.130504  0.13962  -0.055228  0.049069  0.119251  0.038996  0.057853
 -0.095547  0.02022  -0.034855  0.089975 -0.057008 -0.019959]
[-1.0006   -1.297713 -1.129418 -0.850199 -0.766845 -1.284482 -0.081257
 -0.110215  0.196862  0.072149 -0.117754  0.157227  0.082764 -0.095216
 -0.123615  0.015473  0.021919 -0.126493  0.006964  0.021135]
[-1.005544 -0.907966 -0.668327 -0.897282 -0.710645 -0.546213  0.071274
 -0.00993  -0.007779 -0.10094  -0.040273 -0.017846  0.058538 -0.13714
  0.027056  0.023529 -0.099237  0.062231 -0.020966 -0.023317]
[-0.925754 -1.10245  -0.874708 -1.000634 -0.90131  -0.935002  0.018448
 -0.011908  0.00719   0.101138 -0.0326    0.066538  0.100766  0.028049
 -0.028477  0.167616  0.105764  0.083674 -0.036832  0.034009]
[-1.055982 -1.279507 -1.128716 -0.928482 -0.87804  -1.036297  0.046919
 -0.124685 -0.079416  0.056614  0.025146 -0.150233  0.048108  0.083688
 -0.028489 -0.019213 -0.015403  0.090889  0.085644  0.052824]
[-1.281917 -1.13289  -1.124636 -1.30325  -1.191583 -1.136122  0.047862
  0.032139  0.121393  0.015556 -0.052368  0.090919  0.021589 -0.122747
  0.03375   0.031627 -0.092744  0.055067 -0.030964 -0.066022]
[-0.937336 -0.99721  -0.879982 -0.904985 -0.81459  -0.797125 -0.017569
  0.126251 -0.025846  0.137953  0.123109 -0.022652  0.064114  0.076327
  0.090019  0.053162  0.128819  0.055855  0.01561   0.011976]
[ -7.278801e-01  -6.730917e-01  -7.365219e-01  -6.695540e-01  -7.039839e-01
  -6.342798e-01  -6.246791e-02   4.187474e-02   4.246318e-02  -3.617602e-03
  -2.055787e-02   1.202942e-02   5.285294e-02  -2.293688e-02   3.312178e-02
   1.010875e-01   3.513856e-02  -1.179737e-01  -2.591965e-04  -1.150948e-02]
[-0.819085 -0.683947 -0.690685 -0.604676 -0.650453 -0.581756  0.109424
  0.030613 -0.001059 -0.026299 -0.074815  0.020086 -0.009482 -0.047977
  0.011993  0.018438 -0.043037  0.165246  0.040642 -0.008365]
[-0.868013 -0.8843   -0.740118 -1.129862 -1.194898 -1.200114  0.018031
  0.042986  0.056953  0.011701  0.067556  0.002136  0.037999  0.141508
 -0.052989  0.093174  0.00409  -0.03874  -0.023438  0.037719]
[-0.955884 -0.885661 -0.672649 -0.821573 -0.638828 -0.633526  0.018936
 -0.013716  0.00675  -0.002922 -0.029334 -0.055193  0.133868 -0.083658
 -0.056251  0.138014 -0.046318  0.064139  0.009417 -0.010657]
[-0.629735 -0.796664 -0.83695  -0.843987 -0.834413 -1.014068  0.177147
 -0.149895  0.162669  0.121638 -0.107206  0.104156 -0.135031 -0.085896
 -0.163065 -0.150569  0.174828  0.287965  0.006576  0.041971]
[-1.172224 -1.060362 -1.017621 -1.009374 -1.028562 -0.904419  0.051999
 -0.031282 -0.041369 -0.03943  -0.005909 -0.075954  0.057754 -0.027515
 -0.029007 -0.037432  0.040308  0.104859  0.034039 -0.037885]
[ -6.427906e-01  -7.175977e-01  -6.420302e-01  -8.031970e-01  -7.233346e-01
  -8.862445e-01  -5.035147e-02  -5.065966e-02   3.238728e-02   6.935915e-03
  -3.513249e-02   5.722643e-03  -1.185233e-01  -1.133375e-01  -9.133027e-02
  -1.671084e-02   6.058255e-02  -1.328411e-01   3.030169e-04   1.397572e-02]
[-0.951597 -0.946134 -0.866878 -0.971021 -0.907964 -0.885393  0.033651
 -0.149515  0.054178  0.029819 -0.020833  0.061899 -0.01353  -0.015989
 -0.150991 -0.050518  0.011354  0.018426  0.061596 -0.002452]
[-0.733508 -0.875518 -0.744499 -0.875452 -0.810538 -0.814298 -0.025142
 -0.110163  0.170235  0.02109  -0.069708  0.073595 -0.086478 -0.067204
 -0.112047 -0.087182  0.080097  0.019862 -0.048649 -0.005281]
[-0.970462 -1.022354 -0.898903 -1.020179 -1.007318 -1.001988  0.128579
  0.022376  0.107899 -0.037211  0.044798  0.218796 -0.087983  0.02604
  0.022746 -0.133356 -0.016726  0.121819 -0.008509  0.023546]
[-0.494482 -0.817632 -1.093012 -0.434553 -0.559678 -0.970169  0.014782
  0.009399  0.063328 -0.059532  0.014123  0.03315  -0.111883  0.061656
  0.002827 -0.079142 -0.009945  0.02651  -0.019169 -0.020954]
[-0.696026 -0.563538 -0.722472 -0.674799 -0.799686 -0.616703 -0.141586
  0.229854  0.06853  -0.083348  0.012729  0.087143 -0.031727 -0.020376
  0.338556  0.003008 -0.087751 -0.193663 -0.004053 -0.009553]
[-1.015415 -1.105259 -1.0223   -0.965016 -1.059823 -1.153506  0.019117
  0.032273 -0.086613 -0.082693  0.058161 -0.091774  0.010402  0.081287
  0.054111  0.028191 -0.032766  0.097315  0.039093  0.042584]
[-0.63206  -0.642942 -0.466893 -0.691099 -0.56108  -0.683177 -0.00439
 -0.023354 -0.110554 -0.100025 -0.262275 -0.062093 -0.085115 -0.275923
 -0.012116 -0.061516 -0.061661 -0.021612 -0.016942  0.024819]
[-1.105462 -0.709997 -0.844677 -0.745655 -0.956758 -0.626118 -0.071776
 -0.035169 -0.027744 -0.102374 -0.187791 -0.097633  0.00872  -0.16571
 -0.004377 -0.024982 -0.100687 -0.084725  0.020172  0.024983]
[-0.917095 -0.876678 -0.549331 -0.849912 -0.638569 -0.62523   0.039178
 -0.076276  0.04869   0.054626  0.131505  0.072645  0.132135  0.186
 -0.036659  0.107509  0.040655  0.053683  0.012695 -0.017592]
[ -7.107186e-01  -7.456759e-01  -7.530372e-01  -7.393342e-01  -5.713079e-01
  -7.323463e-01   2.475377e-02   4.875722e-02   1.282879e-04  -5.408677e-02
   5.230487e-02   4.663692e-02  -8.765519e-02   3.416965e-02   2.267699e-02
  -7.333084e-02  -4.932165e-02   1.043644e-02   4.057848e-02   3.585367e-02]
[-0.852372 -0.957842 -0.706586 -0.892126 -0.701543 -0.749016 -0.039156
 -0.086908  0.068519  0.003895  0.092205  0.070603 -0.162033  0.095294
 -0.11141  -0.142832  0.061983  0.00965  -0.038603  0.015432]
[ -9.744975e-01  -8.194013e-01  -9.777226e-01  -7.885944e-01  -1.045610e+00
  -8.726268e-01  -2.305702e-01  -4.687388e-02  -5.366424e-02   1.692722e-01
   1.352645e-01  -1.491847e-01   7.115121e-02   1.039979e-01  -8.775123e-02
   1.091053e-01   1.603808e-01  -2.979698e-01   4.168889e-02   8.210362e-04]
[-1.039242 -1.038071 -0.732365 -1.066722 -0.816514 -0.907453 -0.230668
 -0.002251 -0.119466  0.114342 -0.06141  -0.05846  -0.107755 -0.084193
 -0.056691 -0.094504  0.060579 -0.217992  0.032225 -0.01234 ]
[-1.00398  -1.174958 -0.740158 -1.166494 -0.664989 -0.884696  0.028419
 -0.003993  0.137396  0.027288 -0.157977  0.139987  0.054407 -0.146774
 -0.096688  0.050663 -0.07419   0.103187  0.033348  0.005375]
[-0.973313 -0.95436  -1.040769 -0.726983 -0.820874 -0.945026  0.040747
  0.066558  0.007224 -0.04039   0.001364  0.003256 -0.018238 -0.049415
  0.003116 -0.016754 -0.032437  0.007872 -0.028291  0.004054]
[-0.93206  -1.175987 -1.11037  -0.968106 -0.929877 -1.075032  0.017019
  0.012633  0.017829  0.131741  0.068956  0.033908 -0.078911 -0.05219
  0.001196 -0.078374  0.17324   0.067008  0.001988 -0.009914]
[-0.468125 -0.600357 -0.488098 -0.865975 -0.836068 -1.02623  -0.032389
 -0.013074 -0.126712  0.005943  0.078337 -0.134258 -0.007648  0.137158
 -0.018162 -0.013736 -0.033691 -0.083817 -0.005652 -0.015398]
[-0.875071 -0.755578 -0.801408 -0.897726 -0.812194 -0.839497 -0.063286
 -0.153062 -0.052545  0.012693  0.01846  -0.088268  0.007582  0.030896
 -0.152396  0.022677  0.083806 -0.032513 -0.014697 -0.001068]
[ -6.870555e-01  -6.480356e-01  -7.737263e-01  -6.440480e-01  -7.710046e-01
  -7.528357e-01   6.891493e-02  -8.582942e-02   2.651458e-03   2.279667e-02
   4.400381e-02   1.359643e-02  -4.960106e-02   4.388618e-02  -7.349085e-02
   6.184258e-03   4.721202e-03   3.973953e-02   2.430765e-02   4.141252e-04]
[-0.908582 -0.854946 -0.805935 -0.951221 -0.806834 -0.794125 -0.04462
  0.001365  0.014559 -0.044733  0.127271 -0.001296 -0.052722  0.115653
  0.044528 -0.0407   -0.025328 -0.075243  0.032729  0.026952]
[-0.866305 -0.8676   -0.728022 -0.76646  -0.668763 -0.650307  0.080612
 -0.035471 -0.010409 -0.006007  0.068508  0.006521  0.126844  0.06525
  0.009324  0.138915  0.055608  0.088555  0.027199  0.00475 ]
[-1.0415   -0.790287 -0.785763 -0.762286 -0.847833 -0.409554  0.05506
 -0.138835 -0.052337  0.052177 -0.140818  0.006212 -0.01305  -0.149334
 -0.082083 -0.086672  0.029054  0.042474  0.012763  0.001447]
[ -7.877646e-01  -1.003305e+00  -8.595105e-01  -6.902337e-01  -5.005523e-01
  -9.254315e-01   7.790742e-02  -6.144032e-02   9.126794e-03  -1.606550e-02
   4.542182e-03   4.420214e-02  -3.366379e-02  -5.743931e-02  -1.089899e-01
   1.969267e-02   2.707248e-02   1.094645e-01  -1.476847e-02  -2.870782e-04]
[ -1.026829e+00  -1.142300e+00  -9.368575e-01  -1.138960e+00  -9.938075e-01
  -1.146079e+00  -2.907951e-02  -1.136146e-01   1.445268e-03  -3.092520e-02
  -2.955618e-02  -8.195963e-02  -5.369591e-03  -3.627057e-03  -1.257782e-01
   9.261975e-05  -4.488183e-02  -7.128172e-03   6.279746e-02  -7.297447e-03]
[-1.104706 -1.103546 -0.792717 -1.158175 -0.699942 -0.813247  0.010511
  0.092259  0.045572  0.061882 -0.025078  0.035727  0.0889    0.0113
  0.015888  0.032238  0.080584 -0.051563 -0.033758  0.002529]
[-0.976487 -1.112001 -1.063823 -0.829011 -0.833025 -0.919082 -0.014175
 -0.028268  0.005651  0.030432  0.01181  -0.02129  -0.018225 -0.026757
  0.02094  -0.029596 -0.012338 -0.082733 -0.03224  -0.010733]
[-1.179462 -0.965808 -0.831132 -0.974573 -0.991098 -0.680932 -0.054409
 -0.00577  -0.113868 -0.088233 -0.061641 -0.116407  0.145185 -0.170862
 -0.025735  0.143287 -0.003388  0.07983   0.002193 -0.041203]
[-0.959713 -1.200281 -0.959897 -1.03703  -0.747778 -1.158111 -0.099879
 -0.014249 -0.016576 -0.10926  -0.077726  0.009555  0.037327 -0.035033
  0.06304  -0.064446 -0.199874 -0.068157  0.022494  0.038504]
[ -9.792596e-01  -6.262851e-01  -8.992828e-01  -5.897722e-01  -9.678615e-01
  -4.718917e-01  -5.897747e-02  -1.705448e-02   9.644862e-02   5.613761e-02
   9.842223e-02   1.171921e-01  -1.106225e-01   6.508703e-02  -5.463562e-02
  -1.271780e-01   4.935126e-02  -4.514052e-02  -3.665459e-02  -2.112828e-04]
[ -9.549768e-01  -8.898333e-01  -1.131902e+00  -9.324286e-01  -1.136229e+00
  -1.042986e+00  -3.311185e-02  -7.738930e-02  -5.834876e-02   6.421631e-02
  -1.427073e-02   2.740747e-02   2.267914e-02  -6.005803e-02  -5.898770e-02
   2.208560e-02   3.200249e-02  -3.855138e-02  -7.870984e-02   1.804155e-04]
[-0.820576 -1.101661 -0.743495 -0.927788 -0.726764 -0.905654  0.065241
  0.016251 -0.052718 -0.037882  0.072267 -0.117187 -0.007183  0.105561
  0.071073  0.031305 -0.021518  0.02715   0.046285  0.036872]
[-0.669953 -0.615353 -0.580576 -0.926762 -1.018663 -0.943873  0.041728
  0.003109 -0.093631  0.002712  0.012239 -0.121279  0.043425  0.001691
  0.032778  0.010049  0.027078 -0.014115 -0.050493 -0.032785]
[-0.993223 -0.851495 -0.773024 -0.986247 -0.920998 -0.717447 -0.029706
  0.103259 -0.122075 -0.020387  0.069139 -0.078007 -0.026477  0.035374
  0.049451  0.037958 -0.010907 -0.027463 -0.119474 -0.021851]
[-0.802508 -0.671163 -0.632731 -0.822096 -0.740249 -0.728332  0.008331
 -0.063794  0.010187  0.054562 -0.057771  0.029422  0.068855 -0.057076
 -0.035259  0.06316   0.132788  0.006398  0.098896  0.037194]
[-0.811455 -0.569027 -0.876541 -0.686095 -0.900141 -0.737879 -0.031352
  0.076461  0.061123  0.075283  0.085021  0.050044  0.091358  0.065538
  0.04928   0.00721   0.079897 -0.071378 -0.081742  0.02027 ]
[ -9.103532e-01  -1.005116e+00  -1.083433e+00  -8.877244e-01  -8.948566e-01
  -1.146949e+00  -9.870443e-04   3.602703e-02  -7.421243e-02  -8.783023e-02
  -1.357895e-01  -3.133435e-02  -4.780845e-02  -1.624395e-01   1.883344e-02
  -9.081840e-02  -1.623667e-01   4.842620e-02   5.874524e-02   1.890023e-02]
[ -8.769835e-01  -9.895930e-01  -9.896721e-01  -9.542105e-01  -1.050507e+00
  -1.167023e+00   7.163272e-02  -7.725119e-02   1.262799e-01  -1.099238e-02
  -5.635768e-02   1.761299e-01   3.050728e-03  -8.279625e-02  -6.265765e-02
  -1.248928e-04  -8.557733e-02  -4.324906e-02  -2.071604e-02   3.897786e-02]
[-0.790629 -0.664909 -0.787652 -0.651754 -0.721981 -0.653864 -0.007759
  0.032891 -0.027564  0.024598 -0.007509 -0.027479 -0.028705  0.003152
  0.031277  0.011336  0.071193 -0.038146 -0.055087 -0.016382]
[ -7.396801e-01  -6.071498e-01  -6.820064e-01  -9.916178e-01  -9.286670e-01
  -9.644875e-01   3.382904e-02  -9.517492e-02  -1.214280e-01   8.619129e-02
   1.043797e-01  -1.681880e-01   5.490862e-02   1.361551e-01  -8.098909e-02
   1.905309e-04   9.116825e-02  -3.124050e-02  -3.064078e-02  -1.555361e-02]
[ -7.868610e-01  -8.855112e-01  -7.736820e-01  -6.746499e-01  -6.948865e-01
  -7.476732e-01  -8.943098e-02   5.126487e-02  -2.490086e-02   8.770695e-02
  -3.972925e-02  -6.169182e-02   4.331828e-02  -5.717948e-02   2.194069e-02
  -2.561925e-04   1.058853e-01  -1.376794e-01   2.794818e-02  -1.482645e-02]
[-1.076072 -0.894164 -1.062455 -0.78662  -1.275351 -0.957328  0.002248
 -0.035947  0.020363  0.04307  -0.048611  0.078689 -0.081262 -0.172063
  0.028968 -0.053331  0.052121  0.029533 -0.004593 -0.020484]
[-0.899645 -0.791217 -0.732431 -0.816111 -0.695751 -0.751621 -0.023166
 -0.024554 -0.018686  0.067843  0.086625 -0.007487 -0.022869  0.089899
  0.017863  0.012475  0.097201  0.021423 -0.010144 -0.002122]
[-1.1595   -1.03686  -1.015349 -1.055281 -1.132131 -1.034467  0.038863
 -0.019437  0.064809  0.031013  0.133375  0.050865  0.091923  0.060888
  0.020237  0.05326  -0.018506  0.10818   0.009269 -0.049071]
[ -1.142416e+00  -1.169236e+00  -9.454183e-01  -1.127675e+00  -1.046406e+00
  -9.428047e-01  -8.614392e-02   2.632934e-02   1.975029e-01  -1.078752e-03
   1.933820e-01   2.298939e-01  -5.894016e-03   1.018417e-01   3.791131e-02
   6.512422e-02   4.761358e-02   5.429973e-02   3.109723e-02  -1.902378e-02]
[ -8.048231e-01  -7.455017e-01  -8.984098e-01  -7.200134e-01  -9.029475e-01
  -8.769795e-01  -1.020923e-02   6.365249e-02  -8.300606e-02   8.121482e-02
  -1.093168e-01  -4.086118e-02   3.484006e-02  -1.483979e-01   3.973772e-02
   7.627410e-03   7.848571e-02   3.389090e-02  -6.919631e-03  -1.077244e-04]
[-0.805321 -0.772444 -0.620221 -0.769413 -0.614372 -0.66766   0.021694
  0.076602  0.024112  0.033573 -0.042392  0.034697  0.073677 -0.067398
  0.098642  0.058289  0.027914  0.060537  0.031718  0.01067 ]
[ -8.995279e-01  -8.300905e-01  -8.580845e-01  -8.031408e-01  -8.074976e-01
  -7.639258e-01  -1.060593e-01  -5.460150e-02   4.806529e-04   4.129708e-02
   3.767236e-03  -9.423530e-02  -1.928191e-02   1.096111e-01  -1.167387e-01
  -4.896760e-02  -3.558706e-02  -1.084373e-01  -4.539752e-02  -3.135749e-02]
[-0.981564 -1.03804  -0.769245 -0.961693 -0.717242 -0.908864  0.008539
  0.024549 -0.009154 -0.035389  0.054114 -0.023185 -0.044649  0.030446
  0.053468 -0.01835  -0.06779   0.068282 -0.027135 -0.041652]
[-0.935609 -1.134239 -0.871082 -0.838164 -0.574195 -0.742544 -0.060259
  0.001617 -0.10701   0.066424  0.131615 -0.06534  -0.084447  0.094481
 -0.02894  -0.078168  0.081465 -0.026599 -0.006637  0.007977]
[-0.977495 -0.697672 -0.904963 -0.714274 -0.844414 -0.538995  0.078327
  0.051593  0.005253  0.067224 -0.049715  0.06965   0.013822 -0.047411
  0.076673 -0.100837  0.023146  0.098063 -0.05192  -0.004632]
[-0.804184 -0.917244 -0.768482 -0.758892 -0.669788 -0.699801  0.066386
 -0.07845   0.09962  -0.100652 -0.018002  0.087266  0.014406 -0.019413
  0.02215  -0.005142 -0.148025  0.100196 -0.007506 -0.032284]
[-1.044605 -1.172625 -1.047413 -0.950612 -0.913348 -1.084752 -0.142625
 -0.071176  0.007725  0.301539  0.101158 -0.003072 -0.037204  0.06389
 -0.101973 -0.029206  0.259968 -0.18769   0.028485 -0.035561]
[-1.043942 -1.077369 -0.843805 -0.896802 -0.735593 -1.27197  -0.011812
 -0.039736 -0.035771 -0.042189 -0.106726  0.168017  0.056414 -0.197125
 -0.036438 -0.002135 -0.292036 -0.1036   -0.074212 -0.054856]
[-1.074426 -0.927892 -0.874282 -1.02379  -0.955782 -0.97948   0.074203
  0.084579 -0.02938   0.070024  0.04956  -0.03517   0.081854  0.028359
  0.100577  0.077868  0.058803 -0.001108 -0.041665 -0.042234]
[-0.849983 -0.795686 -0.646998 -0.852877 -0.775821 -0.714545 -0.021604
 -0.077097  0.003966 -0.09983  -0.050975 -0.011807 -0.145562 -0.0202
 -0.013227 -0.096761 -0.105298  0.019713 -0.033517 -0.04017 ]
[ -1.309028e+00  -1.273982e+00  -1.200143e+00  -1.010931e+00  -9.762274e-01
  -8.427573e-01   9.714142e-02  -3.177553e-02  -7.956204e-02  -1.557250e-01
   5.319474e-03  -7.411384e-02   4.714906e-02   6.794440e-03   1.076244e-03
  -8.846553e-02  -1.848811e-01  -1.999923e-01  -2.605224e-02   5.568817e-02]
[-0.819149 -0.785514 -0.743277 -0.638108 -0.707184 -0.676725 -0.1715
  0.010326 -0.04987  -0.073987 -0.086611 -0.079665 -0.131252 -0.104374
 -0.014141 -0.081436 -0.083869 -0.196038 -0.011392 -0.003372]
[-0.599454 -0.617932 -0.667155 -0.793022 -0.867889 -0.743738 -0.071681
 -0.167237 -0.032372 -0.117422 -0.023323  0.016965  0.045728 -0.057573
 -0.194209  0.021028 -0.082334 -0.01113  -0.01007  -0.01516 ]
[-0.859497 -0.804879 -0.641587 -1.111383 -0.963844 -1.009166  0.034153
  0.118164 -0.147078  0.149866  0.314876 -0.135209 -0.019535  0.285776
  0.197967 -0.127268  0.164355  0.130424  0.022908 -0.044491]
[ -1.147414e+00  -8.998852e-01  -7.162515e-01  -1.237081e+00  -1.289735e+00
  -1.049262e+00  -8.135463e-02   4.505898e-02  -9.541424e-02   2.023343e-02
  -6.135851e-02  -4.591018e-02   1.037597e-01  -9.125749e-02  -7.136578e-02
   9.938058e-02   1.569582e-01  -6.976649e-02   8.740183e-02   7.496377e-04]
[-1.132112 -1.109907 -0.879669 -1.074058 -0.978878 -0.946474  0.009119
 -0.065388  0.035813  0.165033 -0.183574  0.067777  0.107683 -0.130428
 -0.085659 -0.005012  0.215188 -0.109443  0.055691 -0.034601]
[-0.773472 -0.786712 -0.793438 -0.927079 -0.980229 -0.989565  0.024915
 -0.039281  0.101233  0.261314  0.021375  0.050028  0.047461  0.043292
  0.041822  0.104359  0.313315  0.013849 -0.01006   0.013642]
[-0.864565 -0.93077  -0.990295 -0.804912 -0.858697 -0.820774 -0.142946
  0.031941  0.057274 -0.025795 -0.090767  0.095381  0.062067 -0.03581
  0.054182  0.065707 -0.010325 -0.151111 -0.063556 -0.042051]
[-1.062628 -0.86312  -0.965136 -0.591397 -0.842962 -0.597562  0.135427
  0.128491 -0.063275 -0.018173 -0.011329 -0.003894  0.161266 -0.146009
  0.130618  0.112051 -0.008706 -0.005937  0.069231 -0.063475]
[-0.828923 -0.875607 -0.831883 -0.717609 -0.730711 -0.723854  0.029652
  0.036806 -0.105946  0.035145  0.079976 -0.146744 -0.060728  0.107292
 -0.01524  -0.055949 -0.028902  0.081541 -0.01235   0.021665]
[-0.933504 -0.857154 -1.183197 -0.83084  -1.054672 -1.20313  -0.003241
  0.034192  0.059762 -0.057533  0.150666  0.019958 -0.010826  0.137434
  0.035135  0.060146 -0.01485   0.032603  0.020808 -0.025153]
[ -1.064879e+00  -9.301733e-01  -6.317802e-01  -1.097685e+00  -7.204068e-01
  -6.626502e-01   6.239216e-02   1.598170e-02   1.786792e-02   3.098708e-04
   1.304113e-01  -1.035081e-02   6.525606e-02   9.665375e-02  -4.539519e-02
   8.358584e-02  -3.784870e-02   4.266058e-02   1.642476e-02   7.929197e-03]
[-1.09255  -0.884534 -0.840741 -1.01267  -1.08073  -0.757488  0.076365
 -0.009432  0.062098 -0.044065  0.066892  0.06443   0.05369  -0.010311
 -0.019792  0.086074 -0.065433  0.137052  0.012926  0.012745]
[-0.862624 -0.910676 -0.965023 -0.603788 -0.944052 -0.756036  0.00594
  0.144068  0.068897  0.228149 -0.12423   0.163823 -0.116514 -0.160034
 -0.046506 -0.132052  0.255709  0.007575  0.057254  0.053862]
[-1.073162 -0.985756 -1.025414 -0.846376 -0.91032  -0.866599 -0.064533
  0.038894  0.00895   0.061849 -0.023851 -0.056019 -0.006318 -0.113263
  0.084078 -0.026874  0.054854 -0.100221 -0.025692 -0.053493]
[ -7.701656e-01  -9.340860e-01  -7.160466e-01  -6.231721e-01  -4.723920e-01
  -6.519371e-01   6.193123e-02   1.458968e-02  -1.750638e-03  -7.494283e-02
   1.916453e-02   5.580713e-04   4.314289e-02  -3.706635e-02   3.438443e-02
  -9.278519e-05  -9.387271e-02   1.216999e-01  -3.894916e-02  -1.708445e-02]
[-0.821147 -0.848505 -0.824264 -0.769861 -0.650114 -0.855524 -0.022625
  0.008642  0.023043 -0.017467  0.021239  0.006611  0.073713  0.046764
 -0.065126  0.080087 -0.062694  0.07487   0.005605 -0.001603]
[ -9.221360e-01  -7.720776e-01  -8.989165e-01  -7.801722e-01  -8.121793e-01
  -8.645894e-01  -7.405687e-04   6.570755e-02   4.295722e-02  -3.533935e-02
  -2.670175e-02  -1.520956e-02   4.931325e-02  -3.788711e-02   5.706291e-02
   7.797032e-02  -4.178888e-02  -4.209226e-03  -3.109035e-02  -3.728226e-02]
[-1.051596 -0.862977 -0.807497 -0.867868 -0.778007 -0.790958  0.010126
  0.119135  0.177776 -0.051173 -0.002377  0.113729 -0.059309 -0.009521
  0.152208 -0.043614 -0.062278  0.179923 -0.013148 -0.008729]
[-1.07443  -0.77233  -0.856287 -0.927509 -0.764625 -0.756051  0.010623
 -0.06862  -0.144697  0.107903 -0.082854 -0.086555 -0.045119 -0.032257
  0.021486 -0.078502  0.140578 -0.037343  0.053769 -0.006073]
[-0.990221 -0.878575 -0.821223 -0.804072 -0.714545 -0.677929 -0.030996
  0.027933  0.06201   0.104439 -0.112438  0.012238 -0.009256 -0.103653
  0.019867 -0.085013  0.085449 -0.014193 -0.013265 -0.033693]
[ -1.110908e+00  -6.815887e-01  -9.608953e-01  -8.845168e-01  -1.036901e+00
  -6.780243e-01  -7.207254e-02   1.142188e-01   7.992928e-02   9.402640e-02
  -4.471288e-03   4.767351e-02   2.055111e-01  -8.010260e-02   1.620696e-01
   1.643055e-01   6.787002e-02   2.019646e-02  -7.814470e-03  -1.121646e-04]
[-1.091936 -0.983648 -1.037904 -0.984008 -1.121668 -1.088689 -0.049498
 -0.051379  0.005276  0.049308 -0.080217  0.057748  0.092813 -0.110201
 -0.002639  0.075982  0.055911  0.045326 -0.032602 -0.007928]
[-1.072928 -0.880645 -0.957543 -1.072758 -1.123128 -0.982565 -0.069958
  0.003785  0.029017 -0.043667 -0.04992   0.023876 -0.081135 -0.069254
 -0.01796  -0.08068  -0.089989 -0.131136 -0.010783  0.022625]
[-0.73697  -0.958546 -0.678835 -0.767875 -0.678913 -0.820132 -0.024862
  0.015051  0.227247 -0.167921  0.019978  0.104885  0.016306  0.124126
 -0.019666 -0.01     -0.234194 -0.052759 -0.013105 -0.049275]
[ -9.995860e-01  -7.090932e-01  -1.054566e+00  -7.990072e-01  -1.177217e+00
  -8.848407e-01  -1.400277e-01   1.394935e-02  -3.083327e-02  -4.391861e-02
  -5.488016e-02   7.727817e-04   3.714085e-02  -2.599054e-02  -3.102255e-04
  -9.162284e-03   1.018685e-02  -1.980157e-01   4.227910e-02  -2.279800e-02]
('Mean', 1, ': ', -0.99958595893618774)
('Median', 1, ': ', -0.99958595893618774)
('Variance', 1, ': ', 0.0)
('Mean', 2, ': ', -0.70909319768174872)
('Median', 2, ': ', -0.70909319768174872)
('Variance', 2, ': ', 0.0)
('Mean', 3, ': ', -1.0545660594099171)
('Median', 3, ': ', -1.0545660594099171)
('Variance', 3, ': ', 0.0)
('Mean', 4, ': ', -0.79900722852948047)
('Median', 4, ': ', -0.79900722852948047)
('Variance', 4, ': ', 0.0)
('Mean', 5, ': ', -1.177217043664059)
('Median', 5, ': ', -1.177217043664059)
('Variance', 5, ': ', 0.0)
('Mean', 6, ': ', -0.88484073781694805)
('Median', 6, ': ', -0.88484073781694805)
('Variance', 6, ': ', 0.0)
('time: ', 8082.537962913513)
