“Running plot script on a single CPU core”
[ 0.043662  0.044578 -0.01422   0.021594  0.022803  0.032621]
[ 0.015623  0.079166  0.042552  0.01077  -0.013746  0.011828]
[ 0.028426  0.040885  0.038374  0.009764  0.029084 -0.01615 ]
[-0.004079  0.018414  0.013466  0.032513  0.002799 -0.003882]
[-0.034796  0.016623  0.00466   0.011858  0.000419 -0.032958]
[ 0.04682   0.061067  0.006172 -0.002829  0.032565 -0.026648]
[ 0.028541  0.038185  0.0625    0.009832  0.001382 -0.028088]
[ 0.006357  0.044122  0.022701  0.031672 -0.001346  0.012584]
[ 0.070668  0.062621  0.095499  0.017094 -0.002705  0.009417]
[ 0.074516  0.083283  0.015818  0.003386 -0.021962  0.006613]
[ 0.097991  0.093861  0.081238  0.026572  0.049145 -0.013463]
[ 0.019571  0.046378  0.04826   0.039883 -0.000514  0.019342]
[ 0.042068  0.015292  0.104474 -0.014262 -0.032289 -0.014882]
[ 0.05469   0.061334  0.06117  -0.013352 -0.042734 -0.017736]
[-0.074961 -0.009879 -0.001895 -0.023854  0.013885  0.031973]
[ 0.086672 -0.009404  0.102721 -0.017982 -0.025027  0.032333]
[-0.008824  0.089165  0.04281   0.008352 -0.011838 -0.018058]
[-0.013725  0.019721  0.046866  0.014174  0.009069 -0.019972]
[ 0.08901   0.048108  0.086712 -0.022069 -0.022201 -0.016017]
[ 0.020485  0.067839  0.106242  0.041981  0.032509 -0.062682]
[ 0.071216  0.061588  0.089271  0.008465 -0.018118  0.012807]
[ 0.085326  0.091298  0.114061 -0.008268 -0.019469  0.001637]
[ 0.02667   0.026415  0.028376 -0.003561  0.010045  0.006402]
[ 0.045273  0.049334  0.027978  0.002693  0.005118 -0.007564]
[ 0.125411  0.111345  0.143067  0.033542 -0.001795  0.023574]
[ 0.077353  0.096289  0.033685 -0.026143 -0.005352  0.010797]
[ 0.029998  0.103494  0.074804 -0.006363 -0.017948 -0.00664 ]
[-0.053453 -0.105705  0.059311  0.020739  0.017539 -0.028882]
[ 0.009392  0.049181  0.033851 -0.002927 -0.007888 -0.022333]
[ 0.032864  0.016193  0.099267  0.020803  0.015352  0.023035]
[ 0.021541  0.047221  0.010875 -0.032002 -0.001835 -0.036593]
[-0.041359  0.076136  0.008455 -0.016152  0.044315  0.019377]
[-0.019673  0.005513 -0.022768  0.006928 -0.002073 -0.015243]
[ 0.005402  0.043065 -0.038365  0.015095  0.044002  0.007454]
[ 0.022237  0.011501 -0.006045 -0.008619  0.033273  0.04068 ]
[ 0.073784  0.06505   0.078473 -0.008055 -0.012743  0.031266]
[ 0.078515  0.063362  0.041166  0.012403 -0.031518  0.005118]
[ 0.10332   0.039654  0.086725 -0.021582  0.0086    0.042376]
[ 0.006274  0.040826  0.061579 -0.025668 -0.010429 -0.021106]
[ 0.026163  0.053913  0.027652 -0.027529  0.009878  0.003419]
[ 0.063648  0.010186  0.040129  0.012451  0.021708  0.007428]
[-0.007716 -0.001902  0.055011 -0.02708  -0.027691  0.017666]
[-0.016809  0.022329  0.001856  0.019299 -0.011474 -0.006708]
[-0.000537 -0.025633 -0.04151   0.010237 -0.012158  0.015587]
[ 0.06577   0.09743   0.067367 -0.013374 -0.007058 -0.005859]
[ 0.033637  0.071997  0.100357  0.013999  0.018524 -0.021364]
[-0.004504  0.087223 -0.003955 -0.003664  0.023114  0.041605]
[ 0.006615  0.053106  0.082282  0.042879  0.018416 -0.00232 ]
[ 0.037625  0.061582  0.05689  -0.006038 -0.045492 -0.010286]
[ 0.080533  0.060818  0.108701  0.010861  0.001798 -0.009093]
[ 0.084304  0.0886    0.136765 -0.045882  0.006843  0.000149]
[-0.052344 -0.022945 -0.011008 -0.004931  0.021297  0.019562]
[ 0.055525  0.073323  0.072816  0.000514 -0.00214   0.01933 ]
[-0.000478 -0.014015  0.032508 -0.002605 -0.021228 -0.024259]
[-0.002836  0.093294  0.069587  0.020935 -0.061144  0.001572]
[-0.00138   0.044356  0.096796 -0.014938  0.029283  0.009839]
[-0.026053 -0.001768 -0.013822  0.000537 -0.006465  0.014578]
[-0.042391  0.052623 -0.00903   0.004709  0.049558 -0.02686 ]
[ 0.048143  0.019077 -0.034602  0.020382 -0.018708  0.018753]
[ 0.035217  0.010397  0.006937  0.00531  -0.02152   0.008148]
[ 0.057718  0.154716  0.141398 -0.032013  0.0195   -0.001204]
[ 0.092349  0.113809  0.044432 -0.013962 -0.016368 -0.003548]
[ 0.056178  0.008121  0.090976 -0.001127 -0.000181  0.004592]
[ 0.041808  0.070319  0.080473 -0.021869  0.020388 -0.008615]
[-0.003402  0.018482  0.061391 -0.01088   0.003506  0.004553]
[ 0.097255  0.093539  0.019598 -0.003646  0.011708  0.031249]
[-0.012267  0.042994  0.062409  0.031184  0.022968 -0.004273]
[ 0.002194  0.023546  0.041475  0.032509  0.057573 -0.000931]
[ 0.109958  0.111166  0.116641  0.037179 -0.017726 -0.012596]
[-0.046639 -0.013169 -0.020195 -0.006172 -0.006142 -0.029751]
[ 0.030323  0.035915  0.075976 -0.001017  0.008339  0.000137]
[-0.010196  0.111003  0.016144 -0.020991 -0.052451 -0.034147]
[ 0.029944  0.087718  0.029101  0.011964  0.055784 -0.000253]
[ 0.085758  0.056071  0.082702  0.002053 -0.013695 -0.00506 ]
[ 0.003528  0.016941 -0.004002  0.031864 -0.011914 -0.001815]
[ 0.024344  0.007281  0.052086  0.006909 -0.038598 -0.007028]
[ 0.05264   0.040807  0.060166  0.007793 -0.017001  0.052015]
[ 0.017587  0.083137  0.059195 -0.017876 -0.018673 -0.01861 ]
[-0.05482  -0.003126  0.020528  0.012317 -0.004007  0.009156]
[ 0.100689  0.09803   0.1294    0.017337 -0.007327  0.002041]
[ 0.02655   0.062932  0.063435 -0.007341  0.014904 -0.015594]
[ 0.030002 -0.0252    0.021084 -0.002453  0.005638 -0.033988]
[-0.007587  0.037113  0.074023  0.014384  0.02334   0.022076]
[-0.001944  0.001546  0.059792  0.012336 -0.028361  0.001619]
[ 0.016115 -0.017371  0.051023  0.010169 -0.001962  0.054509]
[ 0.041942 -0.057468  0.009801  0.040648  0.019551 -0.003254]
[ 0.056919  0.051431  0.087179 -0.018994 -0.010228 -0.01909 ]
[ 0.02573   0.047308  0.003432 -0.019278 -0.014638  0.019162]
[ 0.044753  0.068758  0.080928 -0.008481 -0.02892   0.002532]
[ 0.062666  0.032183  0.057988 -0.022903 -0.01619   0.031509]
[ 0.078371  0.079606  0.055856 -0.014414 -0.013675 -0.00993 ]
[ 0.051175 -0.020092  0.012347 -0.047474 -0.007067  0.009454]
[ 0.059228  0.053613  0.05922   0.001257 -0.027919  0.006216]
[ 0.008381  0.079536  0.139676 -0.016627 -0.019314 -0.003399]
[ 0.000861  0.106264  0.132995  0.008407  0.000615 -0.007846]
[ 0.104772  0.102954  0.113715  0.024487 -0.000369 -0.020818]
[-0.00122   0.009596  0.018047 -0.036212  0.004452  0.021721]
[ 0.027376  0.085888  0.012211  0.006291 -0.054109 -0.003319]
[ 0.046782  0.079314  0.040698 -0.022178 -0.026547  0.017051]
[ 0.111754  0.076974  0.125217  0.008508 -0.003907 -0.054855]
('Mean', 1, ': ', 0.11175386751988259)
('Median', 1, ': ', 0.11175386751988259)
('Variance', 1, ': ', 0.0)
('Mean', 2, ': ', 0.076974234375852893)
('Median', 2, ': ', 0.076974234375852893)
('Variance', 2, ': ', 0.0)
('Mean', 3, ': ', 0.12521712267701529)
('Median', 3, ': ', 0.12521712267701529)
('Variance', 3, ': ', 0.0)
('time: ', 9050.611821889877)
