“Running plot script on a single CPU core”
[-0.676136 -0.926546 -0.800139 -0.689855 -0.602966 -0.736858  0.055042
 -0.059785 -0.017974  0.003617 -0.008138 -0.047358 -0.020606 -0.011391
 -0.041098 -0.044448 -0.013217  0.016318 -0.025887 -0.0296  ]
[-1.223887 -0.929906 -1.187871 -0.708089 -1.016655 -0.768322  0.162292
  0.174257  0.04234  -0.130818  0.039019  0.048725 -0.015025 -0.090419
  0.078666  0.047907 -0.03181   0.170826 -0.006389  0.045889]
[-0.878171 -1.020991 -0.975432 -0.954781 -0.75458  -1.06667   0.079635
  0.029214  0.005734 -0.031658 -0.014507  0.039447  0.025565 -0.029833
 -0.036737  0.053608  0.033592  0.144674  0.076362  0.010251]
[-0.748427 -0.783803 -0.619418 -0.543879 -0.572085 -0.439756  0.209858
  0.080424 -0.141397 -0.077899 -0.071415 -0.111029  0.226707 -0.026164
  0.063779  0.225546 -0.080592  0.234785 -0.055147 -0.013596]
[-1.134168 -0.97261  -0.943912 -1.044722 -0.996321 -0.974595 -0.021323
  0.132994 -0.049571 -0.09572   0.074178 -0.057849  0.032807  0.037925
  0.130781  0.019126 -0.005254  0.050933  0.014155 -0.024969]
[ -8.570170e-01  -7.324245e-01  -8.958182e-01  -6.779884e-01  -9.698362e-01
  -8.607879e-01  -1.397755e-01  -3.988889e-02  -8.570461e-02   8.379248e-02
   6.034006e-02  -4.092802e-02   7.262560e-02   1.060286e-01  -2.104296e-01
   1.528575e-01   9.814239e-02  -9.106526e-02  -6.972104e-04   1.606950e-02]
[-0.921874 -0.835843 -0.886716 -0.743891 -1.038808 -0.880934 -0.161927
 -0.031663  0.008758  0.089659  0.032467 -0.01878  -0.003986  0.026054
  0.062553  0.011491  0.109707 -0.183738  0.004023 -0.011348]
[ -1.060215e+00  -8.719544e-01  -1.073192e+00  -7.181369e-01  -9.736930e-01
  -7.881967e-01   5.463135e-02   1.890543e-02   4.387292e-02  -1.198260e-01
  -1.166882e-02   2.720651e-02   5.169496e-02  -6.122815e-02   1.422742e-04
   5.121604e-02  -9.939756e-02   1.117528e-01  -2.379503e-02  -1.946675e-02]
[-0.887686 -0.556521 -0.605408 -0.784696 -0.777497 -0.463769 -0.039173
 -0.040181  0.032009  0.081844  0.149665  0.01427   0.006416  0.1896
 -0.076077  0.050454 -0.021153 -0.02828   0.004202  0.007093]
[-1.044708 -0.971464 -1.013817 -0.646766 -0.675271 -0.723822 -0.119176
 -0.067781  0.011591  0.017827 -0.015259 -0.085217 -0.09009  -0.092337
 -0.073259 -0.154074 -0.034758 -0.183646 -0.026747  0.018117]
[ -1.104321e+00  -1.256606e+00  -1.266185e+00  -9.089359e-01  -9.134190e-01
  -1.061253e+00   4.820621e-02   2.230462e-02   1.465529e-01  -1.798519e-01
  -1.166485e-01   1.053531e-01  -9.637540e-03  -1.752311e-01   7.215910e-03
  -3.345325e-02  -7.573911e-02  -7.502799e-02   2.882790e-02   1.042406e-03]
[-0.82697  -0.765877 -0.685102 -0.906149 -0.890643 -0.774457  0.094213
  0.140963 -0.129631 -0.007368 -0.081816 -0.129985  0.106527 -0.086865
  0.059778  0.112454 -0.088816  0.168857  0.019657  0.017922]
[-0.849064 -0.901584 -0.860493 -0.75109  -0.72529  -0.827128 -0.016823
 -0.031753 -0.087301 -0.008798 -0.014537 -0.127684 -0.266514  0.025757
  0.015498 -0.165243 -0.026126 -0.056362 -0.061853 -0.01708 ]
[ -1.063268e+00  -1.105078e+00  -8.909329e-01  -1.031432e+00  -8.168297e-01
  -9.222683e-01   2.102042e-03   7.407696e-02  -5.872273e-02   1.248721e-01
   2.427933e-02   1.773393e-02   4.014675e-02   5.963569e-02  -1.014686e-03
   6.667143e-02   1.334484e-01  -1.282209e-02   2.292247e-02   4.425966e-02]
[-1.015517 -0.906292 -0.906481 -0.721541 -0.757911 -0.752156  0.082962
  0.079157 -0.091448  0.058243 -0.146024 -0.038498 -0.007728 -0.149593
  0.049511 -0.030984  0.061137  0.069299 -0.028841 -0.040377]
[-1.057985 -0.905505 -0.834247 -0.918218 -0.842727 -0.644733  0.069347
 -0.042284 -0.073993 -0.012879 -0.062263 -0.04916  -0.077221 -0.016451
 -0.033145 -0.11135  -0.097721 -0.009929 -0.078124  0.054842]
[-0.903652 -0.949329 -0.685456 -1.106036 -0.787936 -0.810153  0.045757
 -0.023233  0.026491 -0.042883 -0.098652  0.063058  0.008851 -0.065383
  0.035709 -0.006999 -0.003757 -0.024631 -0.031886  0.007352]
[-1.051028 -1.025244 -1.011251 -0.872825 -0.852243 -0.818267 -0.059622
  0.106036  0.027615  0.025697 -0.033574  0.019397  0.048802 -0.064635
  0.149367  0.008877  0.043701 -0.022038 -0.050174 -0.002336]
[-0.928001 -1.092602 -0.660752 -0.953653 -0.650508 -0.692158 -0.078672
  0.059779  0.021777  0.031012 -0.172579  0.029595  0.08867  -0.214595
  0.018228 -0.032034  0.013691 -0.074937 -0.061425  0.007316]
[-0.912794 -0.836406 -0.838148 -0.911934 -0.998658 -0.839498  0.011262
 -0.031974  0.010957 -0.02439  -0.005974  0.023614 -0.058009 -0.009897
 -0.042282 -0.060644 -0.012378  0.046237 -0.032695 -0.014994]
[ -1.061674e+00  -8.828618e-01  -4.539867e-01  -1.094242e+00  -4.922798e-01
  -4.995256e-01  -6.285212e-02  -3.244906e-02   3.973459e-02   3.084976e-02
  -2.318815e-01   4.915706e-02   2.154220e-02  -3.207678e-01  -1.491649e-02
   8.198558e-05   2.238055e-02  -5.265807e-02  -4.861545e-03   1.427627e-02]
[-0.994896 -0.999948 -0.8379   -0.943229 -0.766607 -0.843549 -0.006555
 -0.024397 -0.010256 -0.002727 -0.041566 -0.004403  0.035006 -0.02175
 -0.002862 -0.008487 -0.027064  0.024661  0.014383 -0.011442]
[ -1.130833e+00  -8.383538e-01  -9.094560e-01  -9.859728e-01  -1.089066e+00
  -9.046233e-01   9.699345e-03  -7.614432e-02  -6.476392e-02   1.435061e-01
  -1.098518e-01  -1.033052e-01   1.704261e-01  -7.787975e-02  -7.107490e-02
   1.544487e-01   1.503739e-01  -9.726037e-04   1.038094e-02   6.692129e-03]
[-0.878518 -0.878765 -0.796257 -0.807288 -0.774452 -0.759819  0.015563
  0.043403  0.006686  0.08792   0.017707  0.023776  0.076876  0.057322
  0.107808  0.046477  0.102057 -0.022075 -0.007691 -0.002416]
[-1.012033 -1.086195 -1.104374 -1.060813 -0.990254 -1.088782 -0.064936
 -0.10771  -0.018446 -0.02865  -0.086892 -0.060197 -0.105987 -0.009774
 -0.149578 -0.048316 -0.055657 -0.023458  0.021789  0.045211]
[-1.072289 -1.271753 -1.254246 -1.009027 -1.159672 -1.254618 -0.041525
  0.103655 -0.050353  0.006006  0.003426 -0.054599  0.035941 -0.055109
  0.059808  0.013579  0.035334 -0.03902  -0.002005  0.00825 ]
[-1.045781 -0.984278 -0.84019  -1.081475 -0.984111 -0.925916  0.038728
 -0.13166   0.036249  0.015042  0.04687   0.07306   0.137729  0.100737
 -0.088971  0.102224 -0.022719  0.101721  0.092574  0.011374]
[-1.088786 -0.86326  -0.865204 -0.953856 -0.885972 -0.843913  0.0152
  0.095252 -0.09145   0.021726  0.070046 -0.076784  0.005126  0.042528
  0.122546  0.042646  0.022617  0.003343  0.02601  -0.009991]
[ -8.310052e-01  -8.398745e-01  -8.170683e-01  -6.629923e-01  -8.131749e-01
  -7.423363e-01   3.380363e-02  -7.925669e-02   1.141444e-02  -2.595981e-02
   3.492665e-02  -1.259371e-02  -3.182099e-02   1.799935e-03  -1.188600e-01
  -3.342102e-02  -3.166481e-02   1.731168e-02   4.672147e-02   9.349238e-05]
[-0.758821 -0.673124 -0.623445 -0.574406 -0.534355 -0.437051 -0.029216
  0.076161 -0.163972  0.069754  0.056688 -0.122738  0.084937  0.026398
  0.031784  0.101641  0.037703 -0.044078  0.025543  0.009761]
[-0.928467 -0.877981 -0.920863 -0.777638 -0.733974 -0.8047   -0.059654
  0.116995  0.120531 -0.018639  0.048121  0.084714 -0.061869  0.061098
  0.14037  -0.099038 -0.086797 -0.086505  0.008086 -0.012185]
[-0.745563 -1.058427 -0.663266 -0.82801  -0.495146 -0.835518  0.076103
 -0.048983  0.025938 -0.026677  0.092263  0.120174  0.057936  0.063517
 -0.034909  0.033609 -0.023677  0.076803  0.054435  0.020595]
[ -9.113173e-01  -9.976403e-01  -8.571415e-01  -9.897821e-01  -8.863036e-01
  -9.976589e-01  -4.928605e-02  -5.229712e-03  -1.663812e-02   1.237556e-02
   8.592040e-02  -1.904496e-02   1.906762e-02   1.122230e-01  -2.475864e-02
   1.701164e-05  -2.810027e-02   6.608409e-02   3.264294e-03  -1.485866e-02]
[-1.053585 -0.786587 -0.845386 -1.071133 -1.076512 -0.724123  0.022681
  0.023652 -0.084318 -0.134071 -0.046842 -0.13379   0.078215 -0.022104
  0.025033  0.004251 -0.162198  0.098309  0.002343 -0.009985]
[-0.762328 -0.742182 -0.755744 -0.794627 -0.809914 -0.631202  0.021147
 -0.02873  -0.0299   -0.10148   0.066545  0.096532  0.02335   0.043492
  0.004992 -0.022482 -0.215876 -0.106591  0.036705  0.011054]
[-0.891154 -1.091853 -0.955625 -0.884829 -0.687453 -1.179125  0.028291
 -0.048472  0.124433  0.018984 -0.05023   0.062088  0.101167 -0.10944
 -0.061248  0.132705  0.100333  0.021364  0.046967  0.02913 ]
[-0.970226 -0.921045 -0.804965 -0.828499 -0.561477 -0.916445  0.05203
  0.049908 -0.035171  0.202291  0.036088 -0.074678 -0.043776  0.036608
  0.039568 -0.100084  0.201402  0.102174  0.055948 -0.020314]
[-0.795124 -0.674097 -0.767822 -0.811895 -0.899215 -0.698344 -0.06237
 -0.150675 -0.157267  0.009775  0.027518 -0.085731  0.051599  0.113669
 -0.175681  0.026576  0.009796 -0.086576 -0.049601  0.014209]
[-1.110232 -1.105526 -1.041142 -0.955505 -1.053362 -1.052019 -0.143735
 -0.023228 -0.074932  0.031987  0.121764 -0.031242 -0.049825  0.12559
 -0.080552 -0.048384  0.002161 -0.169508 -0.00577   0.01803 ]
[-1.252333 -0.722663 -0.699226 -0.955233 -0.772773 -0.531859  0.05489
 -0.095678  0.063999  0.05962   0.11457  -0.013465  0.146235 -0.015519
 -0.085752  0.200022 -0.086709  0.069033  0.012959  0.02051 ]
[ -8.849124e-01  -6.911942e-01  -6.024493e-01  -8.517645e-01  -8.221688e-01
  -6.304813e-01   6.087014e-02  -7.214225e-02   9.407566e-02   3.170048e-02
   7.262601e-02   5.068340e-02   1.455994e-01   7.992389e-02  -4.342166e-02
   1.174405e-01   5.613609e-02   4.804898e-02   3.961083e-02  -7.081594e-04]
[-0.972736 -0.960734 -0.826883 -1.097706 -1.190174 -1.115663 -0.14996
 -0.07695  -0.023097  0.063526 -0.019136 -0.029911  0.040225 -0.091507
 -0.067283  0.134911 -0.03666  -0.096906  0.022745 -0.033165]
[ -9.413205e-01  -8.130880e-01  -1.037839e+00  -8.589844e-01  -9.938137e-01
  -1.323823e+00   1.391333e-02  -6.691168e-03   5.200893e-02   1.879115e-02
  -1.291690e-02   1.117183e-01  -1.809450e-02  -1.091891e-01  -1.415549e-02
  -3.803812e-02  -1.097038e-03  -1.552161e-01  -4.903047e-02   2.194404e-02]
[-1.114735 -1.078003 -1.191945 -0.96845  -1.067399 -0.938638  0.051342
 -0.121606 -0.105976 -0.01396   0.036685 -0.089385 -0.079435  0.042417
 -0.132463 -0.096829 -0.008609  0.066961 -0.013667 -0.048802]
[-0.857411 -0.710885 -0.47588  -0.851921 -0.835454 -0.58251   0.221501
  0.116561 -0.127762  0.091613  0.158426 -0.155221 -0.109248  0.079666
  0.167915 -0.157503  0.083215  0.118511 -0.009554 -0.037141]
[-0.679579 -0.633246 -0.477783 -0.864078 -0.901822 -0.785435 -0.066813
 -0.129895  0.045437  0.017643 -0.171474  0.105338 -0.170708 -0.207527
 -0.084025 -0.157722  0.043921 -0.051402  0.013098  0.028426]
[-0.827143 -0.87701  -0.92383  -0.877434 -0.937204 -1.041437  0.032446
 -0.065763  0.077463  0.077156  0.106305  0.088182 -0.190662  0.148596
 -0.217638 -0.149016  0.01146  -0.051521  0.039402  0.03088 ]
[ -7.099491e-01  -7.462625e-01  -7.749213e-01  -6.851254e-01  -6.335710e-01
  -7.747823e-01  -3.231715e-03   4.560221e-02  -4.742002e-02   6.647306e-05
  -8.163800e-02  -9.284879e-02   5.743206e-02  -5.928480e-02   7.457331e-02
   5.389633e-02  -2.344989e-03  -8.571367e-03   8.551826e-03   8.654957e-03]
[-1.164633 -1.060078 -0.940292 -0.975811 -0.858964 -0.519456 -0.04927
 -0.075842 -0.076754 -0.083194 -0.022186 -0.11522  -0.129614  0.005627
  0.00327  -0.251923 -0.125185 -0.091685  0.006253 -0.002378]
[-1.255193 -1.03669  -1.015341 -1.070313 -1.147204 -0.967867 -0.030866
  0.042153 -0.061083 -0.009216 -0.105413 -0.034225  0.139601 -0.137948
  0.07244  -0.028791  0.094479  0.085858  0.008111  0.019472]
[-0.841664 -0.873007 -0.683865 -0.904175 -0.800245 -0.809717 -0.085467
  0.032106 -0.033004  0.079487  0.025471 -0.019225  0.011623  0.014445
  0.017183 -0.012851  0.109251 -0.066437 -0.054086  0.01562 ]
[-1.061249 -1.086983 -1.054289 -1.073309 -1.047423 -1.052605  0.089158
  0.115116 -0.091746 -0.040106 -0.045288 -0.109814  0.002176 -0.052404
  0.110213 -0.028391  0.03675   0.145315  0.017588 -0.062207]
[ -1.165115e+00  -9.707567e-01  -9.484081e-01  -1.156701e+00  -9.863027e-01
  -1.003247e+00  -1.187087e-01  -1.146242e-01  -2.136250e-01   8.348603e-04
  -3.511010e-02  -2.252969e-01  -1.599688e-02  -4.517376e-02  -5.990823e-02
  -2.111654e-02  -1.895841e-02  -5.401339e-02   7.801954e-02  -2.484340e-02]
[ -1.118290e+00  -9.687095e-01  -1.014368e+00  -1.004467e+00  -9.747316e-01
  -9.789619e-01  -2.887555e-04   2.132148e-03  -4.818441e-02  -4.095743e-03
   1.906555e-03   2.865719e-02   7.562280e-03   3.211010e-02   2.346615e-02
  -9.018390e-03  -2.706615e-02   4.576212e-03  -6.655211e-03  -2.240317e-03]
[-0.967085 -0.726788 -0.588428 -0.830927 -0.860276 -0.719663  0.00919
 -0.169437  0.00769   0.057771  0.030686  0.008039  0.041596  0.033183
 -0.146241  0.042299 -0.007749  0.149987  0.021297 -0.039024]
[-0.913563 -1.254562 -0.648425 -1.072573 -0.676921 -0.890659  0.167687
 -0.080585  0.028432  0.228921  0.1262   -0.124051 -0.244655  0.198708
 -0.039736 -0.197706  0.327016  0.155659  0.073753  0.023401]
[-0.68053  -0.655381 -0.700214 -0.666146 -0.811891 -0.710701 -0.03989
  0.010148  0.052867 -0.026184 -0.058212  0.042214 -0.118764 -0.07446
 -0.032623 -0.157116 -0.12245  -0.105591 -0.037715  0.037083]
[-0.627624 -0.807895 -0.729614 -0.673737 -0.444794 -0.574704 -0.05611
 -0.072052  0.001699  0.044296 -0.107427 -0.036022 -0.057299 -0.121247
 -0.068274 -0.071153  0.075827 -0.02763   0.014637  0.011241]
[-1.307334 -1.265238 -1.090775 -0.931305 -0.926234 -0.843492 -0.034443
 -0.068849 -0.080147  0.00963   0.00912  -0.03375  -0.053256  0.064801
 -0.056014 -0.074184  0.122823 -0.079763  0.090004  0.024175]
[-0.958562 -0.902558 -0.81561  -0.817487 -0.744327 -0.775007  0.075372
 -0.007606  0.013928 -0.126563 -0.076269  0.028159 -0.136115 -0.044682
 -0.046868 -0.135771 -0.125356  0.019662  0.009629  0.01148 ]
[-0.914685 -1.014418 -0.235427 -0.912596 -0.205474 -0.273055 -0.097236
 -0.037857 -0.079308 -0.055372  0.147942 -0.021003  0.129404  0.162517
 -0.059274  0.1203   -0.108595  0.054722  0.002257  0.006533]
[-0.913554 -0.877525 -0.989964 -0.747381 -0.96542  -0.853379  0.069714
  0.082463  0.061137  0.04041   0.050146  0.045496  0.096204  0.072918
  0.050834  0.119596 -0.01408   0.133463 -0.067583 -0.005864]
[-0.96104  -0.73517  -0.861137 -0.543498 -0.791032 -0.497065 -0.084609
 -0.043224 -0.070102 -0.111705  0.106523  0.006784 -0.102215  0.060492
 -0.018478 -0.071052  0.055584 -0.03662  -0.020561  0.00989 ]
[-0.919354 -0.753347 -0.498645 -0.728266 -0.416324 -0.370235 -0.011458
  0.002614  0.06179  -0.106678 -0.080544 -0.007362 -0.115456  0.013407
  0.023066 -0.111172 -0.112552 -0.042623  0.013092  0.020019]
[-1.056616 -1.161882 -0.569544 -0.977796 -0.36574  -0.29388  -0.018625
 -0.046482  0.07292  -0.076793 -0.018099  0.009822  0.001464 -0.084116
  0.087033 -0.021822 -0.061238 -0.003624  0.026898  0.032175]
[-0.812525 -0.746616 -0.799416 -0.734219 -0.783648 -0.656605 -0.001231
  0.055859  0.068036 -0.08759  -0.099341  0.097677 -0.045526 -0.118849
  0.020313 -0.066459 -0.065417 -0.049718 -0.005944  0.004951]
[-0.903269 -1.067606 -0.883996 -0.741448 -0.595583 -0.762277 -0.077466
  0.099237  0.041899 -0.016607 -0.03803   0.021975 -0.154698 -0.032094
  0.126808 -0.098583  0.074688 -0.030971  0.039413  0.017943]
[-0.908739 -0.844887 -0.518879 -0.827733 -0.626545 -0.604498 -0.060635
  0.03394  -0.007223 -0.056794 -0.072459  0.025764  0.074914 -0.043444
  0.031857  0.173145  0.01425  -0.062806  0.017597  0.037377]
[-0.843159 -0.80812  -0.961161 -0.983872 -1.190446 -1.073998  0.051293
 -0.045676  0.063339 -0.111204  0.22882   0.123632 -0.137165  0.255565
  0.023406 -0.049145 -0.090366  0.124454  0.02377  -0.019698]
[-0.978546 -0.800801 -0.833912 -0.965331 -0.920776 -0.718587  0.094323
 -0.014268 -0.034491  0.046249  0.042715  0.010302  0.018936  0.091575
 -0.060551  0.032761  0.080628  0.067466 -0.080675  0.014074]
[-1.323256 -0.730261 -1.153834 -1.022457 -1.524017 -1.065976 -0.049124
  0.075803  0.128177  0.059789 -0.125493 -0.045791 -0.211568 -0.075249
  0.071637 -0.268521 -0.001729 -0.082018  0.016919 -0.03292 ]
[-1.180942 -1.099935 -1.212378 -0.891914 -1.118013 -0.947914 -0.013588
 -0.09068  -0.025132 -0.002326  0.020907 -0.064943  0.035034 -0.008669
 -0.169722 -0.007488 -0.045496  0.041433 -0.066025 -0.033316]
[ -8.620773e-01  -7.183027e-01  -6.675784e-01  -7.352373e-01  -7.169556e-01
  -5.802716e-01   2.029143e-02   2.910621e-02   2.057931e-02   1.183331e-01
  -4.190304e-02   1.264870e-02  -2.268754e-02  -5.067095e-02   4.158363e-02
   2.429449e-04   1.164967e-01   1.426846e-02   2.909989e-02   5.732616e-03]
[-0.835722 -0.892895 -0.793264 -0.833206 -0.684733 -0.785473  0.032155
  0.026749  0.018413 -0.008288  0.075156  0.072546  0.121715  0.1152
  0.033907  0.112062  0.081574  0.110689 -0.038088  0.010156]
[ -1.139150e+00  -9.447313e-01  -7.010251e-01  -1.177947e+00  -1.004509e+00
  -6.668451e-01  -3.619057e-02   5.421214e-02  -4.113292e-02  -2.910803e-02
   5.534044e-04  -3.943740e-02  -1.315147e-01  -1.123986e-01   2.209264e-02
  -1.576750e-01   6.718474e-03  -3.853561e-03   4.697043e-03   1.030602e-02]
[-1.137721 -1.205403 -1.040992 -1.092621 -1.004145 -1.068148 -0.036825
  0.057391  0.092472  0.030154  0.026102  0.020244  0.009343  0.068171
 -0.001473  0.001976  0.036816 -0.087489  0.014697  0.020802]
[-0.894834 -1.023801 -0.960034 -0.899508 -0.899223 -1.016148  0.008809
  0.21202   0.023603  0.134832  0.117021  0.020425 -0.060245  0.104909
  0.11937  -0.073311  0.22331  -0.008116  0.022444  0.018983]
[ -7.007542e-01  -7.504193e-01  -4.766026e-01  -1.050710e+00  -6.920986e-01
  -7.696019e-01   1.000251e-01   4.435166e-02  -1.800977e-01   6.550660e-02
   8.349188e-02  -1.121592e-01  -7.688100e-02   1.413790e-01   7.947351e-02
  -4.432932e-02   2.732926e-02   6.123600e-02  -4.779978e-02   9.808179e-04]
[-0.937932 -0.825645 -0.787183 -0.921369 -0.950431 -0.755412  0.073694
  0.095786  0.05709  -0.05094  -0.056226  0.070015 -0.035325 -0.084948
  0.048744 -0.037677 -0.011808  0.099413  0.016396 -0.005497]
[-0.902851 -1.067724 -1.073992 -0.724736 -0.818477 -0.978882  0.053908
  0.003847  0.039082  0.109983  0.017612  0.03779  -0.07329   0.071878
  0.074078 -0.062463  0.126925  0.080513  0.02551   0.025904]
[-0.870911 -0.892699 -0.745265 -0.841946 -0.605184 -0.722265 -0.001617
 -0.004756  0.026188  0.090614 -0.095169  0.075682 -0.061293 -0.154839
  0.004913 -0.002188  0.0903    0.020375  0.052027  0.00154 ]
[-0.963398 -0.95068  -0.821008 -1.056079 -1.060114 -1.321755  0.00986
  0.056108 -0.041776  0.034171 -0.042566 -0.028139  0.017979 -0.034087
 -0.100965  0.099918  0.048287  0.044289 -0.058603 -0.029682]
[-0.871768 -0.77527  -0.840907 -0.736681 -0.840126 -0.691561  0.00255
 -0.107915 -0.040547 -0.071812  0.00111  -0.048378  0.019337 -0.014153
 -0.14472   0.048942 -0.047793 -0.012055 -0.035347  0.019699]
[-0.81478  -0.742696 -0.806289 -0.65031  -0.611031 -0.556875 -0.005693
 -0.214572 -0.042518 -0.036525  0.020958  0.051703  0.204436  0.092247
 -0.184201  0.051499 -0.097003  0.042016  0.004139 -0.006339]
[ -6.522521e-01  -6.394346e-01  -7.331510e-01  -1.076217e+00  -1.100518e+00
  -1.014650e+00   4.142651e-02   7.316050e-03   6.574602e-02   1.730755e-02
  -9.306685e-02   1.214965e-01   8.182965e-04  -5.454180e-02  -1.568363e-02
  -1.106341e-01   1.053499e-02   8.561620e-03   4.505257e-02   1.722575e-02]
[ -8.465594e-01  -8.587857e-01  -7.498281e-01  -6.968796e-01  -6.891147e-01
  -6.408095e-01   4.611862e-02  -5.442834e-02  -7.159704e-03  -2.556988e-02
  -1.019924e-01  -3.856962e-02  -7.448066e-02  -6.989430e-02  -3.861324e-02
   6.329457e-04   2.918855e-03   3.106079e-02   3.265249e-02  -6.240193e-03]
[-0.889768 -0.712568 -0.782385 -0.621433 -0.679621 -0.53373  -0.02064
 -0.119921  0.007167 -0.066126  0.012335 -0.014172  0.085679  0.065854
 -0.167937  0.138749  0.007591  0.088093  0.008872 -0.028068]
[ -1.036130e+00  -8.904934e-01  -8.378712e-01  -7.007935e-01  -9.266752e-01
  -7.826452e-01  -8.861784e-02   4.690726e-02  -4.192917e-03   6.682419e-02
   1.128552e-01   6.497655e-04  -1.101813e-01   1.332390e-01   3.097613e-02
  -5.267705e-02   8.549533e-02  -7.136781e-02  -9.692811e-03   7.738762e-03]
[-1.137236 -1.087851 -1.141899 -1.186382 -1.185799 -1.19344   0.007361
 -0.079402  0.033589  0.059592  0.008105  0.082613 -0.138072 -0.038626
 -0.140055 -0.19589   0.098487  0.037603 -0.049061  0.010098]
[-0.969907 -1.072293 -1.121604 -0.790514 -0.953915 -0.950089  0.043268
 -0.082318  0.040537 -0.016097 -0.056852  0.014322 -0.080633 -0.016694
 -0.041303 -0.086043 -0.047624  0.047952  0.058956  0.019741]
[ -1.218959e+00  -1.068663e+00  -1.503420e+00  -8.369285e-01  -1.115909e+00
  -1.040024e+00   7.803685e-04   1.090064e-01  -8.231032e-02   6.010378e-02
  -1.540556e-01  -1.627134e-01   1.091968e-02  -1.124043e-01   1.987398e-01
   3.875252e-02   1.912550e-02  -4.341287e-02  -1.041535e-01  -5.515945e-02]
[-0.983156 -1.164848 -0.879867 -1.170673 -0.822928 -0.903655  0.104463
 -0.024475 -0.171611  0.082881 -0.092192 -0.115502  0.057093 -0.073643
 -0.027892  0.04258   0.019075  0.053947 -0.061861  0.030775]
[-0.904533 -0.790445 -0.827028 -0.722697 -0.710523 -0.693245  0.072175
 -0.047169  0.058448  0.056923 -0.088779  0.057656  0.078854 -0.105605
 -0.010181  0.084036  0.015983  0.062915  0.012192  0.01691 ]
[-0.862737 -0.85648  -0.791742 -1.035752 -0.996079 -1.177847 -0.128052
  0.15735  -0.023222 -0.082751  0.051472 -0.043784  0.062388  0.020368
  0.150838  0.180162 -0.118517 -0.092669 -0.026721 -0.001979]
[-1.024765 -1.090212 -0.745318 -1.306495 -0.813487 -1.004938 -0.047329
 -0.178453  0.083521 -0.125079  0.196727  0.040369  0.02795   0.157336
 -0.060429 -0.038248 -0.085741  0.009184  0.053367  0.020341]
[-0.943863 -1.138237 -1.159229 -0.764733 -0.620993 -0.869236 -0.103683
  0.013312  0.123952  0.140981 -0.007315  0.097585  0.019317  0.042133
  0.079566  0.023883  0.139339 -0.197765  0.037207  0.012581]
[-1.127999 -1.097001 -1.100258 -1.124145 -1.075665 -1.138633 -0.009194
  0.040386 -0.01363   0.023818 -0.024852  0.13437   0.031231  0.158817
 -0.131148 -0.019416  0.047798 -0.007792 -0.179577 -0.028186]
[-0.89732  -0.770284 -0.768602 -0.977513 -0.913275 -0.828672  0.09503
  0.0579   -0.030929 -0.09819  -0.035116 -0.021323  0.140073  0.013163
  0.046552  0.1521   -0.070041  0.018661 -0.061464 -0.057488]
[-0.853546 -0.675823 -0.649894 -0.833146 -0.796894 -0.807187 -0.078223
  0.007316  0.037975  0.073813 -0.021423  0.034697  0.002929 -0.052025
  0.034554 -0.113974  0.002347 -0.039483  0.007701  0.021515]
[-0.935314 -0.77752  -0.958389 -0.798491 -1.122075 -0.896757 -0.035092
 -0.160606  0.055292  0.067931  0.12393   0.018334  0.069408  0.181138
 -0.099522  0.090637 -0.03768  -0.072519  0.007291  0.050017]
('Mean', 1, ': ', -0.93531381381594458)
('Median', 1, ': ', -0.93531381381594458)
('Variance', 1, ': ', 0.0)
('Mean', 2, ': ', -0.7775199208065201)
('Median', 2, ': ', -0.7775199208065201)
('Variance', 2, ': ', 0.0)
('Mean', 3, ': ', -0.95838943917684549)
('Median', 3, ': ', -0.95838943917684549)
('Variance', 3, ': ', 0.0)
('Mean', 4, ': ', -0.79849112823697854)
('Median', 4, ': ', -0.79849112823697854)
('Variance', 4, ': ', 0.0)
('Mean', 5, ': ', -1.1220752099056579)
('Median', 5, ': ', -1.1220752099056579)
('Variance', 5, ': ', 0.0)
('Mean', 6, ': ', -0.89675743465993618)
('Median', 6, ': ', -0.89675743465993618)
('Variance', 6, ': ', 0.0)
('time: ', 11057.499876976013)
