“Running plot script on a single CPU core”
[-0.907048 -0.664432 -0.69814  -0.800388 -0.898974 -0.626657  0.074047
 -0.009215  0.099159 -0.069541  0.055371  0.111282 -0.037957  0.057622
  0.019927 -0.067052 -0.038458  0.09255  -0.013753  0.026443]
[-1.005305 -0.973531 -1.010663 -0.925294 -0.960637 -0.958708  0.030776
 -0.036148  0.056746 -0.05683  -0.041542  0.041053 -0.03291  -0.090694
 -0.033627 -0.00893  -0.023175  0.039142  0.015205  0.013644]
[-0.964776 -1.063088 -0.845824 -0.825837 -0.776583 -0.897249  0.026205
 -0.065472  0.049958  0.050827  0.059933  0.045399 -0.069455 -0.011565
 -0.132925 -0.124074  0.079268 -0.003538 -0.004809  0.006851]
[-1.223534 -1.065234 -0.964606 -1.145195 -1.043373 -1.000036 -0.075801
  0.046797  0.047443 -0.050209 -0.021203 -0.034065  0.084689  0.002386
  0.007999  0.103103 -0.045883 -0.094987 -0.060676 -0.066386]
[-0.91684  -0.772451 -0.749536 -0.853403 -0.879522 -0.738221 -0.010911
 -0.036874 -0.113057  0.093434 -0.045036 -0.138947  0.044939 -0.033615
  0.03464   0.056928  0.091859 -0.014142  0.006641 -0.009099]
[ -9.154709e-01  -9.657685e-01  -9.325685e-01  -8.841213e-01  -9.310049e-01
  -1.040682e+00   1.006730e-01  -1.236191e-02  -4.963893e-03   2.622304e-02
  -3.759185e-02   1.487269e-02   7.119721e-02  -3.875551e-02  -3.559682e-02
   6.526765e-02  -6.217283e-04   6.678455e-02  -7.483496e-03   2.536309e-02]
[-1.126828 -0.867865 -1.047815 -0.86195  -0.969636 -0.929808 -0.131002
  0.109085  0.098533  0.005996  0.11044   0.039773 -0.079917  0.139888
  0.126145  0.011343  0.099418 -0.26519  -0.023387 -0.06084 ]
[-0.871554 -1.059841 -0.685753 -0.737036 -0.790179 -0.797631 -0.037517
 -0.053656  0.019449  0.082277  0.117512 -0.050399  0.04889   0.075667
  0.024034  0.046174  0.11769  -0.040613 -0.011885  0.012228]
[-0.96523  -1.011275 -1.020981 -0.622749 -0.716594 -0.672102 -0.145263
 -0.11072  -0.110114 -0.063048 -0.040488 -0.218509 -0.101447 -0.080271
 -0.21413  -0.053749 -0.052261 -0.122851 -0.048575 -0.00307 ]
[ -8.781568e-01  -8.113557e-01  -8.033931e-01  -8.254598e-01  -7.988124e-01
  -7.405895e-01   3.512516e-02   2.241412e-02   1.056821e-02   4.296917e-02
   4.593029e-02  -9.732806e-03   1.097379e-01   6.148137e-02  -1.681092e-02
   1.200001e-01  -2.190536e-02   1.724427e-02  -6.490408e-02  -5.305670e-04]
[-1.122135 -1.072262 -0.870714 -1.088725 -0.88242  -0.772945  0.090346
  0.025628 -0.030099  0.00878   0.0082   -0.071633 -0.007356  0.144776
  0.016499 -0.00756   0.010323  0.040618  0.021742  0.029106]
[-0.93228  -0.99942  -0.96376  -1.047511 -0.95085  -0.923624 -0.032311
 -0.018619 -0.005906  0.043876  0.099287  0.011899  0.013695  0.060847
 -0.029986  0.067777 -0.06861   0.024972 -0.042149 -0.020267]
[-0.989743 -1.257775 -1.206113 -0.865186 -0.734555 -1.028113 -0.195576
 -0.028511 -0.018119  0.120787 -0.01957  -0.014925  0.109566  0.014126
 -0.005379  0.024175  0.096037 -0.186669  0.02959  -0.00702 ]
[-0.904414 -0.844116 -0.692564 -0.957175 -0.89724  -0.898755 -0.043687
 -0.082063 -0.11699   0.005532  0.044844 -0.143977 -0.030197  0.084701
 -0.085938 -0.073841  0.078187 -0.135457 -0.037433 -0.012047]
[-0.888658 -0.768152 -0.953786 -0.807715 -1.012003 -0.844528  0.043477
 -0.038884  0.08728  -0.008297 -0.00432   0.064922  0.019486 -0.021286
 -0.026241  0.004426 -0.07822   0.055309  0.051751  0.021816]
[-0.73963  -0.659182 -0.710029 -0.616533 -0.597857 -0.570737  0.011168
 -0.056042 -0.008895 -0.109135 -0.007574 -0.038141  0.065809 -0.036816
 -0.088644  0.058245 -0.055597  0.010079 -0.005877  0.007892]
[-1.108871 -0.988317 -0.846904 -0.845401 -0.63146  -0.67283  -0.072556
  0.134081 -0.034128 -0.049964 -0.085207  0.001408  0.118404 -0.098101
  0.105712  0.046262 -0.041055 -0.028788 -0.020013  0.014627]
[-1.209371 -1.184099 -0.881937 -0.972039 -0.771315 -0.841174  0.12289
 -0.121463 -0.153342  0.047607 -0.149905 -0.124773 -0.062179 -0.210729
 -0.106294 -0.097556  0.072568  0.099825 -0.067923 -0.060084]
[-1.149241 -1.222594 -1.172938 -1.153648 -1.02518  -1.350823 -0.028024
 -0.031813 -0.048212  0.091809  0.246648 -0.039214 -0.137464  0.203548
  0.046072  0.027173  0.137897 -0.01498  -0.096884 -0.05202 ]
[-0.865429 -0.688817 -0.994574 -0.677608 -0.925095 -0.752392 -0.056837
  0.00822   0.084921 -0.103935 -0.004149  0.066718 -0.003628 -0.005159
  0.003512 -0.06368  -0.101984 -0.119659 -0.010605  0.021401]
[ -1.019855e+00  -1.314983e+00  -1.550294e+00  -1.233730e+00  -1.206414e+00
  -1.716336e+00  -2.079772e-02  -1.163424e-01  -4.237656e-03   1.829658e-01
  -9.320044e-02   4.115620e-02   2.540089e-02  -6.884021e-02  -9.873042e-02
   5.530629e-02   4.215080e-02  -9.013654e-04  -3.079561e-02   1.744839e-02]
[-0.961937 -0.81713  -1.10547  -0.594641 -0.879384 -0.590701 -0.131361
 -0.017337 -0.063939 -0.06456   0.047761  0.011083 -0.0686    0.025107
 -0.05788  -0.076642 -0.062725 -0.172499  0.018724  0.004447]
[ -9.053375e-01  -8.716384e-01  -8.167059e-01  -8.232459e-01  -8.267695e-01
  -8.291534e-01  -1.271339e-03  -7.110137e-02  -2.701663e-02  -6.364874e-04
   1.217155e-01   6.534544e-03  -6.307230e-02   2.454268e-02  -1.251897e-01
  -1.784992e-02  -2.217118e-02  -1.139164e-02  -2.231029e-02  -1.272189e-02]
[-0.868285 -0.774401 -0.814087 -0.691449 -0.878659 -0.737542 -0.105558
 -0.121033  0.084019  0.085439  0.045867  0.133491  0.060219  0.062945
 -0.119721  0.113105  0.079316 -0.179785 -0.034675  0.00484 ]
[-0.730613 -0.740468 -0.825097 -0.62182  -0.650661 -0.797094 -0.105704
 -0.049111 -0.092564  0.140831  0.104405 -0.123821 -0.024499  0.095946
  0.035979  0.039712  0.16174  -0.143947 -0.04076  -0.029469]
[-0.845045 -1.011401 -1.026436 -0.84208  -0.983667 -1.024425 -0.011873
  0.088738 -0.104718  0.080563 -0.090233 -0.063387  0.037428 -0.020137
  0.040699  0.065471  0.02885  -0.04877   0.03253   0.009778]
[ -9.390978e-01  -7.272683e-01  -8.983804e-01  -7.847366e-01  -8.569263e-01
  -5.704647e-01   6.429761e-02   8.161959e-04  -9.053972e-02  -1.838944e-01
  -9.828712e-02  -1.115102e-01  -8.630427e-02  -2.528564e-02  -4.365775e-02
  -3.681989e-02  -8.161964e-02  -3.518112e-02   6.719359e-02   1.631268e-02]
[ -1.059414e+00  -1.015428e+00  -7.162067e-01  -1.224586e+00  -1.013081e+00
  -1.149322e+00   2.435606e-02   1.067133e-01  -1.680328e-01   1.381210e-02
   6.464896e-02  -8.492873e-02   4.813016e-02   2.528660e-02   1.827050e-01
   4.394475e-02   9.116886e-03  -8.101969e-02   7.159313e-04   3.894117e-02]
[-0.83259  -0.757566 -0.807513 -0.796213 -0.923457 -0.749975  0.011215
  0.015645 -0.116472  0.042818  0.018045 -0.070189  0.057934  0.036125
  0.010145  0.048378  0.047072  0.015669 -0.037162  0.03785 ]
[-0.996408 -0.955966 -0.840843 -0.989982 -0.740137 -0.696459 -0.027589
 -0.022354 -0.014669 -0.065982 -0.030581 -0.068772 -0.013697 -0.04323
  0.005075 -0.065206 -0.012468  0.042522 -0.034321 -0.01693 ]
[-0.848964 -0.730804 -0.76931  -0.832377 -0.817869 -0.685443  0.033176
  0.105849  0.101305 -0.009944 -0.008258  0.047685  0.104752 -0.030489
  0.115021  0.088928 -0.004128 -0.059568 -0.026595 -0.032376]
[-0.908514 -0.89968  -1.046529 -0.901949 -1.046279 -1.068753 -0.085922
  0.045668 -0.00986  -0.077223  0.062077 -0.017238 -0.04111   0.054991
  0.078245 -0.076174 -0.034584 -0.094697  0.068887  0.048018]
[-0.925875 -0.852205 -0.760729 -1.054169 -0.988315 -0.950869 -0.011162
 -0.010173 -0.044353  0.075092  0.037427 -0.122943  0.017941  0.076141
 -0.007823 -0.004041  0.050596  0.074153 -0.018374 -0.0098  ]
[ -1.042969e+00  -1.140256e+00  -8.660631e-01  -1.087069e+00  -9.745324e-01
  -1.151578e+00  -3.916237e-02   5.420440e-02  -4.020544e-02   4.209635e-02
  -4.437056e-02  -1.978671e-02   2.010874e-01  -1.984830e-02   1.292486e-01
   1.751016e-01   4.568155e-02  -5.718625e-02   4.432771e-04   1.554379e-02]
[-1.235713 -1.142956 -0.909273 -1.053008 -0.889283 -0.723738  0.135316
 -0.029142 -0.102543 -0.084209 -0.085848 -0.063898  0.176397 -0.063217
  0.006218  0.129806 -0.049627  0.125179 -0.068618 -0.023715]
[-0.946447 -0.903522 -0.889057 -1.010086 -1.006073 -1.013202  0.028586
  0.046566  0.098601  0.076832 -0.020826  0.15553  -0.019759 -0.059384
 -0.004264 -0.038898  0.069015  0.00336   0.025697 -0.027895]
[-1.163424 -0.995666 -0.886936 -1.073096 -0.889999 -0.926591  0.012792
 -0.025659 -0.104755  0.014623 -0.021685  0.01426   0.059177 -0.0473
  0.007073 -0.054396  0.034725 -0.028588 -0.108455 -0.07209 ]
[-1.023124 -1.014372 -0.934669 -1.030011 -1.066198 -0.964605  0.030441
  0.034113  0.047929  0.167351  0.012615  0.033293 -0.067615  0.072931
  0.051144  0.055285  0.078929 -0.011085 -0.042741 -0.032454]
[-0.721779 -0.838486 -0.9185   -0.758034 -0.745378 -0.864158  0.134721
  0.031955  0.056735 -0.112397  0.023057  0.079232 -0.001062  0.04609
 -0.014218  0.0048   -0.061084  0.114385 -0.006072 -0.022065]
[ -8.931451e-01  -1.058275e+00  -8.099042e-01  -8.434015e-01  -5.557945e-01
  -8.997693e-01  -4.786779e-02   5.120989e-02   1.004551e-01  -5.840971e-02
  -6.547341e-03   5.650542e-02  -9.070149e-04   2.157011e-02   4.626940e-02
  -6.764427e-02  -1.373650e-01  -1.100363e-01   1.587659e-02  -1.500899e-02]
[-1.009418 -0.912049 -0.76688  -1.046005 -0.827397 -0.748825  0.015087
  0.004286 -0.066916  0.094412  0.01578  -0.064366  0.0243    0.014073
  0.034038  0.053791  0.129878  0.023004  0.021105 -0.010045]
[-1.022754 -0.591562 -0.779295 -0.921284 -1.323002 -0.842968 -0.05076
 -0.043718 -0.049324  0.077519 -0.165176  0.020311 -0.030064 -0.076042
 -0.052007 -0.052336  0.09286  -0.01659  -0.019745 -0.062213]
[-0.842114 -0.871772 -0.844973 -0.746069 -0.802372 -0.917625  0.008832
  0.089831 -0.167337 -0.058957  0.007979 -0.069854  0.033317  0.02869
  0.12652   0.035381 -0.081146 -0.04511   0.0361   -0.01925 ]
[-1.12754  -1.011976 -0.77373  -0.98393  -0.83234  -0.820869  0.010238
 -0.05759   0.099225 -0.114458  0.014343  0.12     -0.024952 -0.038088
 -0.054422 -0.012255 -0.14809   0.022183  0.009156  0.021616]
[-0.905084 -0.860751 -0.795723 -0.903474 -0.849147 -0.812782 -0.050069
 -0.040862 -0.051198  0.062251  0.009383 -0.033781  0.055412  0.004538
 -0.067729  0.015322  0.113987 -0.028094  0.089432  0.017556]
[ -8.562052e-01  -7.917134e-01  -5.756305e-01  -9.608594e-01  -8.027018e-01
  -5.836483e-01   2.419229e-04   5.390144e-02   1.310731e-02   7.311045e-02
   2.204964e-02   4.576455e-02   7.322557e-02   2.279935e-02  -9.798627e-03
   5.575572e-02   7.805615e-02  -1.026786e-01  -5.005551e-02  -1.467959e-02]
[-0.738611 -0.99902  -0.869574 -0.922201 -0.785556 -1.193403  0.040649
  0.090084 -0.020623 -0.002223  0.008528  0.103755  0.007241  0.02448
  0.052767  0.007122 -0.019197  0.016175  0.020916  0.041503]
[-0.99576  -0.789454 -0.965796 -0.850712 -1.116027 -1.157535 -0.012638
 -0.064196  0.012169  0.071936 -0.050311  0.006331  0.078074 -0.071752
 -0.123508  0.078742  0.002068 -0.057817  0.010327 -0.029939]
[-1.027596 -0.940649 -0.854021 -0.88162  -0.883196 -0.930384  0.126501
 -0.042948  0.101107 -0.068044  0.004678  0.121303 -0.070963 -0.029123
 -0.003644 -0.043108 -0.078019  0.141837 -0.028156 -0.051865]
[-0.957731 -0.741527 -0.819852 -0.682269 -0.762804 -0.494506  0.033072
 -0.019233 -0.014464 -0.065287  0.018603  0.057543  0.00975  -0.030492
 -0.058211 -0.145523  0.081991  0.041648  0.016932  0.026645]
[-0.875732 -1.168434 -1.0281   -0.814552 -0.55306  -0.960753 -0.040779
  0.045508  0.056288 -0.0076   -0.136088  0.066476 -0.005603 -0.158362
  0.045695  0.013999  0.034066 -0.024251 -0.03021   0.041795]
[-0.959152 -1.076186 -0.929616 -1.064095 -0.926025 -0.986279 -0.035157
 -0.099799  0.048342 -0.20258  -0.010538  0.057932  0.007397 -0.028899
 -0.050113  0.060811 -0.204332 -0.014567 -0.026331 -0.065559]
[ -8.513723e-01  -1.056058e+00  -6.861883e-01  -1.025229e+00  -6.497326e-01
  -8.261462e-01   2.542349e-02   3.344298e-02   3.269217e-02   1.227341e-01
  -9.966926e-02   3.505228e-03   9.607302e-02  -1.018022e-01  -8.153055e-04
   4.601076e-02   1.188808e-01   5.666039e-02  -8.861792e-03   8.734380e-03]
[-0.873692 -0.881764 -0.839949 -1.022074 -0.849397 -0.963062 -0.005256
 -0.010714 -0.167266 -0.016212 -0.024945 -0.089551 -0.015991 -0.106873
  0.002759 -0.048795 -0.006166 -0.053926 -0.035804  0.003471]
[ -7.580968e-01  -9.002566e-01  -1.109476e+00  -5.055968e-01  -7.412266e-01
  -9.667162e-01  -5.572852e-02   4.414287e-02   5.977806e-02  -4.482315e-02
  -1.163403e-01   4.491671e-03  -3.783419e-03  -1.505657e-01  -3.454641e-04
   6.894337e-03  -2.126903e-02   7.733104e-02   2.025929e-02   3.280312e-02]
[ -8.646719e-01  -7.992653e-01  -7.530287e-01  -8.845914e-01  -7.646242e-01
  -7.767152e-01  -3.136194e-02   1.135427e-01  -2.607511e-02  -5.959289e-02
   7.973073e-02   4.950459e-03   1.266530e-04   5.927093e-02   8.386078e-02
  -6.263101e-03  -1.276885e-01  -3.400378e-02   2.634334e-02  -8.736589e-03]
[-0.879712 -1.068501 -1.121419 -0.882675 -0.88175  -1.161109 -0.07939
  0.031477 -0.033952 -0.091549 -0.079043 -0.006823  0.02737  -0.208749
  0.016794 -0.043863 -0.095926 -0.064769 -0.018537 -0.033205]
[-0.839398 -0.823207 -0.634769 -0.837053 -0.645482 -0.699335  0.087878
 -0.086245  0.08174   0.058674 -0.157328  0.069436 -0.038502 -0.08657
 -0.021078  0.009726 -0.024552  0.070539 -0.071983  0.068199]
[-0.942412 -0.971194 -0.75783  -0.922613 -0.610688 -0.72511   0.041701
  0.047744 -0.081356 -0.082871  0.088419 -0.042906 -0.166104  0.119202
  0.075749 -0.139625 -0.068468 -0.05526   0.012074 -0.016373]
[-1.011252 -1.063336 -1.014237 -0.768717 -0.721149 -0.640992 -0.077797
  0.02028  -0.028804  0.029631  0.059667  0.008848  0.012132  0.039681
 -0.016697  0.052578  0.066859 -0.118565 -0.072296 -0.004668]
[-0.929703 -0.937497 -0.752263 -0.912693 -0.760206 -0.750618 -0.04572
  0.027695  0.066806  0.002857 -0.057524 -0.024793 -0.034805 -0.057137
  0.07051  -0.039293 -0.041042 -0.055827 -0.019501 -0.026604]
[-0.907865 -1.004414 -0.766884 -0.809221 -0.744976 -0.696195 -0.005654
 -0.103425  0.005907  0.068242  0.040464  0.019008  0.035713  0.100099
 -0.066083 -0.040958 -0.043861 -0.087393 -0.00454   0.036629]
[-0.972247 -0.913736 -0.665841 -0.788485 -0.540335 -0.786123  0.139662
 -0.16986   0.102742  0.003389 -0.014933  0.141625 -0.098896 -0.047504
 -0.22823  -0.0741    0.130419  0.184044  0.016414  0.05659 ]
[-0.865465 -0.778203 -0.761076 -0.818459 -0.699096 -0.686719 -0.064603
  0.149746  0.111832  0.036628 -0.08984   0.135981  0.079339 -0.060434
  0.115936  0.098333  0.080262 -0.0416   -0.005238 -0.008775]
[-0.913823 -0.901395 -1.010849 -0.82397  -1.172114 -0.859099 -0.012235
  0.06606  -0.088852  0.063808 -0.003529 -0.200916 -0.212778  0.022171
  0.115117 -0.298714  0.004045  0.019137 -0.058162 -0.065829]
[-0.944679 -0.775637 -0.736116 -0.986901 -0.951994 -0.935194  0.048058
  0.123991  0.152841 -0.062122  0.015125  0.141479  0.170124 -0.089565
  0.224128  0.078599 -0.033769  0.049101  0.037685 -0.011894]
[-0.907365 -1.068184 -0.937596 -1.110544 -0.8968   -0.976172  0.005583
  0.01107   0.130546  0.049791 -0.134566  0.057339  0.089583 -0.16027
  0.010302  0.029742  0.038011  0.016863  0.032114 -0.001244]
[-0.696754 -0.798641 -0.765343 -0.801783 -0.79345  -0.847979  0.021911
 -0.012892 -0.111939  0.017164  0.058028 -0.122347  0.112946  0.033959
 -0.058803  0.088007  0.057045  0.033147 -0.020044 -0.015808]
[-0.825619 -0.818668 -0.816361 -0.801264 -0.830527 -0.918208  0.077682
  0.005899  0.032533  0.038943 -0.061046  0.058528  0.104123 -0.073061
  0.021365  0.067946  0.035241  0.023194 -0.012258 -0.065153]
[-0.797112 -0.95374  -0.695573 -0.833133 -0.631358 -0.904738  0.044455
 -0.092279  0.021063  0.048986 -0.087559  0.095564 -0.120176 -0.072547
 -0.137359 -0.12283   0.020337 -0.062529 -0.020433  0.002412]
[-0.606219 -0.719739 -0.665078 -0.85479  -0.734091 -1.023973  0.053934
  0.171455  0.050838 -0.033332  0.058156  0.025523 -0.081299  0.094114
  0.200621 -0.024031 -0.009629 -0.058015 -0.066622 -0.03032 ]
[-0.796648 -0.878293 -0.802346 -0.886237 -0.841494 -0.861274 -0.017076
 -0.042698 -0.077335 -0.074003  0.045967 -0.057038  0.036442  0.071901
 -0.045392 -0.018079 -0.093655 -0.019388  0.039834 -0.019103]
[-1.032342 -0.933329 -1.023472 -0.8365   -0.989958 -0.883631 -0.049865
  0.065509 -0.069631 -0.030722  0.011863 -0.062555 -0.041486  0.042443
  0.118891 -0.041002 -0.010333 -0.090964  0.03472   0.007783]
[-0.920133 -0.895113 -0.538367 -0.832629 -0.661031 -0.616385 -0.03889
 -0.004468 -0.081143  0.016276  0.042625 -0.014017 -0.063905  0.01345
  0.006337 -0.049718 -0.01982  -0.02601   0.047685 -0.001151]
[-1.023598 -0.833813 -0.906714 -1.003325 -1.033693 -0.852405  0.042425
  0.053104 -0.038382  0.179532 -0.003828 -0.018994  0.046061  0.045529
  0.110968 -0.019801  0.158706  0.090867 -0.031857 -0.008321]
[-0.939713 -1.078651 -1.002815 -1.116042 -1.056387 -1.1994    0.00538
 -0.042498 -0.056742 -0.122054 -0.011729  0.026914 -0.183634 -0.045372
 -0.035632 -0.207425 -0.184861  0.128225 -0.183315 -0.085778]
[-0.904121 -0.928615 -0.8102   -0.932623 -0.872546 -0.985778 -0.062249
  0.021725  0.037175  0.004621 -0.039691 -0.025231 -0.064483 -0.026632
 -0.064498 -0.090104 -0.00358  -0.071083 -0.008288 -0.044459]
[-1.16351  -0.959291 -0.740326 -0.919451 -0.846543 -0.703103  0.092324
 -0.061325  0.092988 -0.143893 -0.03044   0.104587  0.131543  0.005277
 -0.052723  0.133067 -0.13192   0.162379 -0.087344 -0.019093]
[-1.138214 -1.037866 -1.027953 -1.080791 -1.048675 -1.026676  0.02663
 -0.059907  0.088535 -0.04298  -0.123821  0.087157  0.026895 -0.121402
 -0.166722  0.110688 -0.065164  0.019885 -0.053866 -0.03159 ]
[-0.939526 -0.872254 -0.760301 -0.982193 -0.727571 -0.835856  0.068875
  0.017198 -0.043855  0.058263 -0.087442  0.004146  0.103426 -0.12813
 -0.062257  0.104393  0.184018  0.065118  0.02378   0.037007]
[-0.945256 -0.785026 -0.773515 -0.849521 -0.94135  -0.820757  0.052492
 -0.081656 -0.003078  0.024415 -0.033417 -0.037639 -0.100804 -0.049565
  0.005623 -0.10055   0.05231   0.133485 -0.047946 -0.003152]
[-0.763668 -0.910401 -0.790536 -0.85234  -0.73962  -0.788489 -0.09097
 -0.010695  0.019897 -0.009027  0.16148   0.097115  0.041004  0.127903
 -0.005941  0.03493  -0.066083 -0.069224 -0.027953 -0.057066]
[-0.961149 -0.878656 -0.957393 -0.834889 -0.922278 -0.864192 -0.021269
  0.005648 -0.031416 -0.17553   0.011172 -0.020639 -0.105925  0.069066
 -0.011251 -0.04311  -0.092127  0.03089  -0.01581  -0.00791 ]
[-1.029811 -0.945604 -0.779203 -0.950695 -0.838607 -0.710621  0.010724
  0.021703  0.065256 -0.001624  0.019066  0.070298 -0.051226  0.05338
 -0.022926 -0.11524  -0.015837 -0.002739 -0.012421 -0.034857]
[-0.770967 -0.863756 -0.715399 -0.767734 -0.513746 -0.736186  0.072708
 -0.012436  0.02892   0.020602 -0.011687  0.086291  0.010778 -0.031778
  0.053781 -0.003135  0.04697   0.104328  0.033884 -0.017531]
[-0.857347 -0.622491 -0.754176 -0.734275 -0.850182 -0.621581  0.059834
  0.204147 -0.039965  0.083626  0.06595  -0.02391  -0.07845   0.077592
  0.182614 -0.045562  0.056658  0.055237  0.017134  0.016366]
[-0.985235 -1.159122 -0.94851  -0.966426 -0.716984 -0.996041 -0.026591
 -0.09663  -0.021396 -0.004153 -0.033171 -0.035562 -0.030936 -0.085393
 -0.073052 -0.024558  0.020598 -0.022083 -0.070145  0.027846]
[ -8.363281e-01  -7.621314e-01  -7.040314e-01  -8.519022e-01  -8.068606e-01
  -7.395080e-01   8.047718e-04   2.054079e-02  -1.047340e-01  -1.433249e-01
  -1.198011e-01  -1.139161e-01   1.965521e-02  -8.473716e-02   9.060716e-03
   6.870350e-02  -1.290789e-01  -3.453935e-02   4.858155e-02   1.212910e-02]
[-1.163962 -1.083289 -1.250573 -1.06453  -1.195987 -1.092566 -0.018627
 -0.160398 -0.144383 -0.075397 -0.066693 -0.060586 -0.032387 -0.03517
 -0.10605   0.015866 -0.025553 -0.064202  0.033329  0.09736 ]
[-0.85454  -0.885798 -0.696907 -0.916573 -0.736005 -0.854061  0.060125
  0.016165  0.075047  0.106811 -0.021482  0.070496  0.065927 -0.023052
  0.044134  0.052141  0.070324  0.048355  0.023479 -0.001873]
[-1.397796 -0.865572 -1.035797 -0.833979 -0.926261 -0.639439 -0.034325
 -0.066579 -0.064577  0.003324 -0.060572 -0.055465  0.113285  0.065028
 -0.134157  0.051581 -0.006808 -0.049532 -0.003536 -0.003897]
[-1.079221 -1.096389 -0.615977 -1.111229 -0.67329  -0.77478  -0.015414
  0.037528 -0.118733 -0.014052  0.029072 -0.136826  0.056253  0.062383
 -0.008974 -0.002994  0.094171  0.052877 -0.086524 -0.036494]
[-1.01456  -1.098055 -1.066694 -0.960895 -0.970907 -1.061059 -0.087924
  0.042211  0.022206  0.140791 -0.043998 -0.011714  0.017382 -0.058177
 -0.027016 -0.043503  0.094205 -0.081014 -0.009502 -0.001408]
[-0.878433 -0.519275 -0.692279 -0.675094 -0.908194 -0.648407  0.033111
 -0.025893 -0.025204 -0.060055 -0.088627 -0.027635 -0.078447 -0.099907
 -0.006245 -0.070058 -0.020933 -0.019618  0.021587 -0.003715]
[-0.90014  -0.719809 -0.742823 -1.105001 -1.071133 -1.11717   0.020965
  0.040418 -0.005331  0.176276  0.143911  0.033435 -0.066232  0.079128
  0.057101 -0.039893  0.222989  0.038497 -0.056426  0.019082]
[-0.994097 -0.860791 -0.991043 -0.901775 -1.061083 -1.009886  0.119426
 -0.042966 -0.006329 -0.083507 -0.125484  0.038156  0.003524 -0.190313
 -0.036747 -0.076446 -0.135916  0.140825 -0.016679  0.013102]
[-1.025789 -0.971506 -0.757623 -0.833177 -0.687353 -0.532046  0.006238
  0.065416 -0.033507 -0.031506  0.115304 -0.00313   0.049265  0.108786
  0.081726  0.049332  0.004258  0.010556  0.001632 -0.029153]
[-0.7207   -0.963726 -1.065284 -0.752344 -0.758749 -1.285383 -0.02352
 -0.074148 -0.076902 -0.084082  0.013438 -0.043489 -0.09379  -0.020889
 -0.085978 -0.053099 -0.086178  0.003263 -0.028889 -0.002174]
[-0.86247  -1.007132 -0.747104 -0.843218 -0.745575 -0.844095  0.064067
 -0.041762 -0.089775  0.043672  0.045583 -0.094719  0.098292  0.052629
 -0.107316  0.02902   0.041874  0.027702  0.039842  0.029081]
[-1.01523  -0.979544 -0.940434 -0.908124 -0.869138 -0.956563  0.006543
  0.059766 -0.163843  0.070646  0.033519 -0.144679  0.090945  0.022428
  0.035289  0.059859  0.089639 -0.027814  0.034497  0.022288]
('Mean', 1, ': ', -1.0152302414795342)
('Median', 1, ': ', -1.0152302414795342)
('Variance', 1, ': ', 0.0)
('Mean', 2, ': ', -0.97954373524251848)
('Median', 2, ': ', -0.97954373524251848)
('Variance', 2, ': ', 0.0)
('Mean', 3, ': ', -0.94043429895576713)
('Median', 3, ': ', -0.94043429895576713)
('Variance', 3, ': ', 0.0)
('Mean', 4, ': ', -0.90812357078506556)
('Median', 4, ': ', -0.90812357078506556)
('Variance', 4, ': ', 0.0)
('Mean', 5, ': ', -0.86913760813270169)
('Median', 5, ': ', -0.86913760813270169)
('Variance', 5, ': ', 0.0)
('Mean', 6, ': ', -0.95656321641408204)
('Median', 6, ': ', -0.95656321641408204)
('Variance', 6, ': ', 0.0)
('time: ', 11345.924072027206)
