“Running plot script on a single CPU core”
[ 0.02926   0.087513  0.088613  0.040491  0.018592 -0.022955]
[-0.072269 -0.017676  0.01416   0.03189  -0.00599   0.007466]
[ 0.057312  0.049057  0.052411 -0.014954 -0.009058  0.004025]
[-0.0382   -0.003157  0.003078  0.001953  0.013583 -0.006841]
[ 0.057515  0.047938  0.022604 -0.008855  0.024148 -0.007659]
[ 0.037478  0.080446  0.034711 -0.013824 -0.009515 -0.006913]
[ 0.045336  0.122524  0.104954  0.002522 -0.006669  0.010285]
[ 0.035417  0.056376  0.102783 -0.028578  0.001449 -0.002736]
[-0.078345 -0.080444 -0.042734  0.037606 -0.035203  0.01869 ]
[ 0.043366  0.046312  0.047119 -0.024025 -0.005121 -0.015274]
[ 0.06639   0.113342  0.109233 -0.008194  0.011188  0.028999]
[-0.008775 -0.000721  0.017433 -0.019997 -0.017781 -0.030039]
[ 0.016089  0.01509   0.033242  0.011816  0.017793  0.001912]
[ 0.087315  0.062298  0.094996 -0.003714  0.007146 -0.032182]
[ 0.066642  0.097083  0.059627  0.019574  0.001629 -0.044154]
[ 0.031825  0.043738  0.044609 -0.010692  0.014755 -0.014935]
[ 0.029404  0.080942  0.044393  0.005965 -0.017472  0.010455]
[ 0.056313  0.092166  0.069788  0.002382  0.01516   0.003651]
[ 0.014373  0.055728  0.010384  0.00398  -0.02849   0.011156]
[ 0.022146  0.046964  0.096436 -0.005291 -0.002631 -0.018032]
[-0.010908 -0.005854 -0.020896 -0.01191   0.020746 -0.011829]
[-0.018096  0.001611  0.03048  -0.011521  0.003676  0.014755]
[ 0.081811  0.03004   0.111193 -0.059775 -0.010888  0.000577]
[ 0.095839  0.136583  0.149089 -0.055048 -0.044404 -0.00891 ]
[-0.008279 -0.066144 -0.069419  0.01555   0.018458  0.029004]
[-0.009791  0.022675 -0.033352 -0.020225  0.004524 -0.016084]
[ 0.04551   0.098813  0.086092 -0.006599 -0.008966 -0.027283]
[ 0.04881   0.05633   0.057641 -0.013765 -0.016074  0.011528]
[ 0.036491  0.025494  0.027409 -0.035194  0.017385  0.002961]
[ 0.003339 -0.003113  0.015904  0.008765 -0.009024 -0.028978]
[ 0.046959  0.094021  0.097496  0.038584 -0.014126 -0.036535]
[ 0.008811  0.059335  0.064343  0.038215 -0.011934 -0.007213]
[-0.055148 -0.032494 -0.014453 -0.004879  0.006917  0.011928]
[  4.537935e-02   6.322878e-02   6.240351e-02  -7.961825e-03  -8.068937e-05
   5.179725e-03]
[ 0.066225  0.010424  0.031625 -0.007349  0.01783  -0.029921]
[ 0.002264  0.0842    0.021177 -0.006231 -0.007267  0.013436]
[ 0.074574  0.034433  0.107938 -0.041291 -0.014781 -0.011999]
[ 0.020217  0.083814 -0.003359  0.013188  0.015763  0.031638]
[-0.031858 -0.021167 -0.04298   0.010797 -0.019013  0.011646]
[ 0.043495  0.087862  0.078316  0.013302  0.027263 -0.002332]
[-0.010851  0.007938  0.000737  0.019256  0.004491 -0.046484]
[ 0.006049  0.074849  0.061375 -0.007051 -0.001224  0.030981]
[-0.085582 -0.071779 -0.1078    0.000664  0.0021    0.001263]
[ 0.026521  0.006675 -0.007511  0.007364  0.001575  0.02354 ]
[ 0.058188  0.069562  0.113819  0.029052  0.001137  0.022068]
[-0.02489   0.017436 -0.009255  0.023495  0.005655 -0.0295  ]
[ 0.113067  0.133042  0.05192   0.005554 -0.026609 -0.004059]
[ 0.032856  0.082355  0.127645  0.009204  0.000857 -0.040728]
[ 0.052641  0.039032  0.054794  0.031231  0.011795  0.003897]
[-0.002331 -0.025895  0.032125 -0.007342  0.031375 -0.006864]
[ 0.014409  0.129271  0.134264 -0.031351 -0.008984  0.000495]
[  1.194515e-01   5.844241e-02   7.366052e-02   2.699671e-02  -3.277705e-02
   1.083863e-04]
[-0.028055 -0.013115  0.053526 -0.012462  0.023369  0.00862 ]
[ 0.103063  0.080534  0.039946 -0.009475  0.011189 -0.005306]
[-0.040762  0.014175 -0.0118   -0.038021  0.010972 -0.005156]
[-0.057919  0.050861  0.040633 -0.024762 -0.005342  0.039147]
[ 0.007253  0.031006  0.023028  0.024645  0.001353  0.03331 ]
[ 0.019301  0.055253  0.034259  0.02783   0.017927 -0.018002]
[ 0.019216 -0.030296 -0.048515 -0.027012  0.023731  0.006867]
[ 0.043754  0.065823  0.05781  -0.006154 -0.010328  0.000547]
[-0.000758  0.030866 -0.0457   -0.018203 -0.014699 -0.001108]
[ 0.009482  0.010864  0.028845 -0.006538  0.027982  0.000878]
[ 0.037191 -0.013265  0.027997  0.016746 -0.005745 -0.026872]
[-0.016273 -0.000656  0.02232  -0.00336   0.014465 -0.000896]
[-0.068188 -0.040342 -0.049873 -0.004415  0.052167  0.022082]
[ 0.049169  0.048183  0.068057  0.02779   0.00816  -0.014597]
[-0.072886  0.001382 -0.054642  0.017872 -0.00615  -0.017279]
[ 0.043281 -0.020224  0.034569 -0.022864  0.01385  -0.048602]
[-0.008471 -0.008095 -0.037339 -0.031798  0.05315  -0.032392]
[-0.033749 -0.046675 -0.064819 -0.029654  0.002823  0.003334]
[ 0.005342  0.014177  0.04595   0.007229  0.007808  0.013883]
[ 0.039983  0.014375  0.033808  0.013043  0.025192  0.025007]
[ 0.001621 -0.020607 -0.015707 -0.018176 -0.001859  0.009504]
[-0.000572 -0.024567  0.013918 -0.0185    0.033351 -0.018861]
[ 0.005964  0.067584  0.051572 -0.010283 -0.025412 -0.016517]
[ 0.024861  0.034896  0.026781 -0.010544 -0.028675  0.006448]
[-0.030773  0.008434  0.034128  0.019231  0.001993 -0.032445]
[ 0.016484  0.011651 -0.020777  0.002323  0.038574  0.006516]
[-0.044769  0.031204  0.014143  0.024413 -0.003491 -0.015077]
[ 0.045049  0.125571  0.083587 -0.001343  0.008901  0.0176  ]
[-0.031975  0.039138  0.050597  0.0028   -0.018392  0.015779]
[ 0.015473  0.017197 -0.014059  0.024337  0.030154  0.010778]
[ 0.025276  0.022443  0.079204  0.009935  0.011198 -0.044762]
[ 0.05073   0.1097    0.101849 -0.004819 -0.013275 -0.000557]
[-0.004634  0.024187  0.038895 -0.008941 -0.000849  0.005657]
[ 0.001106  0.021199  0.033627 -0.022053  0.023085 -0.011479]
[ 0.015395  0.15748  -0.04506   0.048438 -0.01038   0.081254]
[-0.031773  0.021843  0.007889 -0.015131  0.015977 -0.019154]
[ 0.016808  0.110144  0.074201 -0.023701 -0.023576  0.006646]
[-0.037387 -0.037763  0.008549 -0.009219 -0.005412  0.024922]
[ 0.059392  0.01425   0.040522 -0.002386  0.012726  0.028082]
[ 0.0374    0.020807 -0.020726 -0.020124  0.03679   0.039829]
[-0.006364 -0.011908  0.016724  0.011071 -0.017184  0.021563]
[-0.053616 -0.006024  0.058555 -0.013711  0.046349 -0.0224  ]
[ 0.035535  0.071607  0.075246 -0.002893 -0.001733  0.003829]
[-0.015858  0.009331  0.018004  0.027207  0.005262  0.003694]
[ 0.063753  0.103637  0.082416 -0.004693 -0.00477  -0.016442]
[ 0.002099  0.001626  0.04945   0.001354  0.006839  0.023206]
[ 0.083951  0.048045  0.136875  0.032109  0.030746  0.028239]
[-0.034184  0.086755  0.015267 -0.041037  0.108793  0.060602]
('Mean', 1, ': ', -0.034183764552967774)
('Median', 1, ': ', -0.034183764552967774)
('Variance', 1, ': ', 0.0)
('Mean', 2, ': ', 0.08675524854657507)
('Median', 2, ': ', 0.08675524854657507)
('Variance', 2, ': ', 0.0)
('Mean', 3, ': ', 0.015267131441214676)
('Median', 3, ': ', 0.015267131441214676)
('Variance', 3, ': ', 0.0)
('time: ', 13197.285565137863)
