“Running plot script on a single CPU core”
[ 0.01883   0.037409  0.00849  -0.014834  0.002744  0.039582]
[-0.02486   0.001716 -0.065512  0.047049 -0.016179 -0.012393]
[-0.011664 -0.023761 -0.011942  0.000499  0.021491  0.025417]
[-0.041294  0.010283 -0.011109  0.001644  0.044039  0.043704]
[-0.000814  0.021521  0.010319 -0.012874  0.003497  0.003557]
[-0.035984  0.061564  0.113562  0.055494 -0.026773  0.022926]
[ 0.055277  0.068398  0.035546 -0.003541 -0.008622  0.029427]
[ 0.047398  0.034387  0.041298  0.002296 -0.006781 -0.004546]
[ 0.057299  0.073619  0.070034  0.008049 -0.021382 -0.011946]
[-0.074151 -0.164342 -0.119969  0.039844  0.047219 -0.013022]
[ 0.060156  0.077725  0.096287  0.008986  0.016738  0.010023]
[ 0.069653  0.069991  0.042319  0.012072  0.006138  0.01574 ]
[ 0.031239  0.021956  0.039315 -0.029862  0.001652 -0.006779]
[ 0.015807  0.012166  0.04961   0.004273 -0.019242  0.006294]
[-0.025479  0.050043  0.053103  0.016368  0.027588 -0.04048 ]
[  8.447561e-02   8.613699e-02   1.404209e-01   1.271912e-02  -5.580117e-05
  -7.002279e-04]
[-0.000627  0.110766  0.089555  0.029188 -0.002711  0.011364]
[ 0.011899  0.047325  0.021666  0.016389  0.014903 -0.027595]
[ 0.013972  0.015676 -0.000887  0.018665  0.033844 -0.011811]
[ 0.0842   -0.041269  0.085606  0.023746 -0.010584 -0.011531]
[ 0.010345  0.090541  0.038536  0.0289    0.003208  0.007577]
[ 0.020109  0.036171  0.027727  0.006755 -0.016235 -0.000503]
[ 0.010286  0.056778  0.006821 -0.011933  0.026326 -0.017433]
[-0.015557  0.009524  0.057357 -0.01106   0.044713 -0.013069]
[-0.030899  0.027617 -0.022306 -0.031963  0.018296  0.006816]
[ 0.029709  0.069537  0.084642  0.002581 -0.041092  0.043903]
[ 0.109143  0.131765  0.147647  0.023222 -0.003945  0.000924]
[ 0.006516  0.067356  0.04403  -0.009965 -0.021596  0.046883]
[ 0.045762  0.078569  0.062617  0.006449  0.008927 -0.015746]
[-0.001374  0.020513  0.034525 -0.011422 -0.013107  0.007825]
[ 0.032527  0.068867  0.052544  0.014087  0.022293 -0.015443]
[-0.117322 -0.026856 -0.075504  0.016271 -0.025029 -0.006339]
[ 0.002352  0.07304   0.067771  0.00956   0.043847 -0.031802]
[-0.015878  0.01472   0.018561 -0.013728  0.004334 -0.025792]
[ 0.005052  0.057275  0.07882  -0.01427  -0.019839 -0.009466]
[ 0.028691  0.06387   0.070203 -0.002621 -0.005257 -0.005446]
[ 0.094008  0.058823  0.107792  0.027304 -0.004517 -0.002627]
[-0.004237  0.022892 -0.008515 -0.009628  0.021109  0.013395]
[ 0.084363  0.072187  0.019591  0.015017  0.001623  0.029524]
[ 0.007684  0.053081  0.057998  0.025373 -0.008811  0.017986]
[ 0.047211 -0.017725  0.086076 -0.003118  0.014902  0.016301]
[ 0.067518  0.020449  0.127127  0.028377  0.028392 -0.008499]
[ 0.051926  0.009811  0.002428  0.014389  0.01514   0.030293]
[ 0.020583  0.061467  0.061395  0.0257   -0.015757 -0.032212]
[ 0.043532  0.075988  0.038797  0.018321  0.002096 -0.013611]
[ 0.004013  0.038242  0.047376 -0.00201   0.036663  0.021004]
[-0.018124  0.02216  -0.075907  0.030101  0.025984 -0.018673]
[ 0.019706  0.052075  0.085179  0.031842 -0.014642 -0.01252 ]
[-0.04042  -0.027353 -0.050981  0.006286 -0.015953  0.023152]
[ 0.032427  0.035716  0.052343  0.00882   0.007282 -0.006412]
[-0.04999   0.010227  0.013206  0.00338  -0.008122 -0.011919]
[ 0.068325  0.075945  0.064174 -0.028305 -0.003484 -0.011837]
[ 0.01236   0.091622  0.05744   0.020589 -0.005819 -0.003631]
[ 0.004579 -0.020507  0.02192  -0.039531 -0.004981  0.007427]
[ 0.068244  0.04166   0.074713 -0.020623 -0.008622 -0.019645]
[ 0.010783 -0.020339  0.018207 -0.040006  0.001145  0.001521]
[ 0.045103  0.120205  0.161282 -0.024802  0.011812  0.017471]
[ 0.003849  0.030734  0.106403  0.020096 -0.018387  0.011231]
[-0.023659 -0.026755 -0.009896 -0.023547  0.01205   0.024525]
[ 0.059239  0.077573 -0.01541  -0.010933 -0.006156 -0.042405]
[-0.034006  0.052413  0.099754 -0.012974  0.00977  -0.010223]
[ 0.083539  0.125473  0.105735 -0.005844 -0.027557  0.00679 ]
[-0.048896 -0.063877 -0.184495  0.02372  -0.04125   0.027062]
[-0.068001 -0.059664 -0.069829 -0.03055  -0.025228  0.0325  ]
[-0.04986   0.068931  0.065933 -0.001043 -0.003372  0.007116]
[-0.032387 -0.024872 -0.029043  0.003127  0.005393 -0.007628]
[ 0.005848  0.029313  0.009245 -0.041575  0.022115 -0.002854]
[ 0.03431   0.017452  0.048004 -0.019842 -0.003324  0.01974 ]
[ 0.126768  0.106783  0.136559  0.037906 -0.012236  0.030268]
[-0.04397  -0.039305 -0.024582  0.007154 -0.011262 -0.003309]
[ 0.019818 -0.036107  0.060593  0.002004 -0.003894  0.012557]
[ 0.032444  0.030009  0.070696  0.005319  0.021498  0.003334]
[ 0.030604  0.067115  0.084856  0.018107  0.001913  0.017957]
[-0.020347  0.021961 -0.000237 -0.008223  0.002801 -0.023952]
[-0.030207  0.058385  0.03365   0.02945   0.014444 -0.020604]
[ 0.048921  0.000532  0.0513    0.000334 -0.026483  0.024486]
[ 0.025413  0.093684  0.030893  0.012053 -0.002052  0.012058]
[-0.063889 -0.02263  -0.033009  0.01724  -0.029438 -0.016804]
[-0.021828  0.007979 -0.043625  0.024996 -0.061984  0.007845]
[ 0.050056  0.030722  0.028966  0.030751 -0.018317 -0.010865]
[ 0.035196  0.057331  0.036803 -0.012041  0.000672 -0.00189 ]
[ 0.038015  0.066502  0.067512  0.025801  0.014998  0.007952]
[-0.069989 -0.090823 -0.015474 -0.049232 -0.039557  0.020977]
[ 0.018508  0.01898   0.015539 -0.014831 -0.020557  0.022902]
[ 0.029274  0.009261  0.034966  0.01556   0.014204  0.006288]
[ 0.01296   0.042826  0.039269 -0.001467  0.002387 -0.007546]
[ 0.020669  0.043239  0.019167  0.004754  0.005269 -0.008553]
[-0.00611  -0.035839  0.028444 -0.028439  0.026438  0.011905]
[ 0.060247  0.065809  0.081075 -0.000514 -0.009076  0.018524]
[ 0.047187 -0.012327  0.049461 -0.016652  0.037093  0.009868]
[ 0.029473  0.042582  0.062423  0.008843 -0.019558  0.018245]
[ 0.061004  0.105246  0.050214 -0.018051 -0.021578 -0.010756]
[-0.027298  0.051017  0.034854  0.022668 -0.004588 -0.021327]
[ 0.05104   0.08021   0.123863 -0.004452  0.005741  0.024553]
[-0.02118  -0.024598 -0.039926  0.017286 -0.017024  0.032378]
[ 0.072408  0.016756  0.022439  0.017755 -0.002197  0.013977]
[ 0.056114  0.076392  0.089271  0.001917 -0.06271   0.012993]
[-0.011576  0.08224   0.071208  0.009471 -0.003407 -0.014004]
[ 0.012204  0.006684  0.048386 -0.008241 -0.003774  0.007991]
[ 0.043674  0.049164  0.033349  0.010827 -0.002584  0.006738]
('Mean', 1, ': ', 0.043673539184227311)
('Median', 1, ': ', 0.043673539184227311)
('Variance', 1, ': ', 0.0)
('Mean', 2, ': ', 0.049164263713172458)
('Median', 2, ': ', 0.049164263713172458)
('Variance', 2, ': ', 0.0)
('Mean', 3, ': ', 0.033348888879703283)
('Median', 3, ': ', 0.033348888879703283)
('Variance', 3, ': ', 0.0)
('time: ', 13692.064882993698)
