“Running plot script on a single CPU core”
[ 0.020772  0.068413  0.071454 -0.007064 -0.001573  0.039405]
[ 0.004303  0.007715 -0.024347 -0.000487 -0.00298   0.016164]
[-0.010952 -0.004382  0.016177 -0.018559  0.016067 -0.007562]
[-0.031395  0.037053 -0.015048 -0.016464 -0.041055 -0.039992]
[ 0.042476  0.069974  0.055054  0.071774 -0.015532 -0.009809]
[-0.012007 -0.051308 -0.019464 -0.018487 -0.001177  0.015922]
[ 0.075281  0.02165   0.028952 -0.033759 -0.023917 -0.009671]
[ 0.017118  0.03488   0.025064  0.028423  0.060478 -0.030814]
[ 0.057224  0.115747  0.11473  -0.005067  0.00225  -0.005677]
[ 0.06154   0.105342  0.017449 -0.010361 -0.043733  0.015725]
[ 0.046841  0.067605  0.04986   0.017724 -0.01683   0.001772]
[ 0.033147  0.05455   0.048732 -0.004003 -0.001449  0.01861 ]
[-0.019199  0.068871  0.05064   0.021286 -0.007281  0.015221]
[ 0.022608  0.097099 -0.034384 -0.009316  0.043986 -0.001443]
[ 0.055146  0.071344  0.067022  0.019432  0.011043  0.001267]
[ 0.05196   0.050637  0.049974 -0.001988  0.009161  0.013106]
[-0.000167  0.018598 -0.004661  0.010592  0.013426 -0.015279]
[ 0.007948 -0.026013  0.057231  0.005829 -0.010752  0.021479]
[ 0.059609  0.086013  0.051675  0.013857 -0.022754  0.005578]
[-0.029451  0.029888 -0.139351  0.012835 -0.009445 -0.010989]
[ 0.031235  0.037846  0.002805  0.024346  0.019402 -0.034045]
[ 0.111274  0.083103  0.035987 -0.008108 -0.017898 -0.057219]
[-0.03738  -0.010097  0.088839 -0.00224  -0.028307  0.005809]
[ 0.111723  0.085354  0.071859 -0.008377  0.018965  0.012025]
[ 0.101497  0.062876  0.102287 -0.002376  0.001627 -0.013575]
[ 0.066308  0.079961  0.085316 -0.020503 -0.041667  0.038534]
[ 0.002225 -0.04171   0.033343 -0.012317 -0.005826 -0.002267]
[-0.056104 -0.085722 -0.028355 -0.026101 -0.0504   -0.000552]
[ 0.067764  0.074331  0.108142  0.024066 -0.004833 -0.000302]
[-0.041114  0.00583  -0.057998  0.023171 -0.027105  0.037793]
[-0.014612  0.05061  -0.081835  0.010053  0.042211  0.000467]
[-0.069326 -0.019322 -0.048797 -0.041223 -0.050949  0.025649]
[ 0.021501  0.063931  0.085319 -0.020156 -0.005185 -0.018145]
[ 0.040546  0.035986  0.071621 -0.030939  0.035612  0.016546]
[ 0.015255  0.10558   0.13857  -0.020101  0.05306   0.017993]
[ 0.070956  0.117762  0.106965 -0.012496 -0.00648   0.015588]
[ 0.03972   0.113748  0.141955 -0.015681  0.023058  0.011688]
[-0.026304  0.043492  0.002469 -0.013497  0.027431 -0.009671]
[-0.016782  0.022883  0.0063    0.041861 -0.000463 -0.008116]
[ 0.024866  0.040764  0.038468  0.005189 -0.002863 -0.000839]
[-0.02373   0.027258 -0.003468 -0.008504 -0.034577  0.018272]
[ 0.004004  0.020399 -0.029431 -0.051391 -0.02934   0.012342]
[-0.03299  -0.043045 -0.015284  0.022194 -0.018362  0.004313]
[ 0.090958  0.090921  0.089505  0.006246  0.014819 -0.003816]
[-0.004353  0.022947  0.078359 -0.000192 -0.00619  -0.016294]
[ 0.006901 -0.055755  0.00187  -0.012648 -0.021074  0.001002]
[-0.043444 -0.025751 -0.012258  0.001784  0.005721 -0.017225]
[ 0.014074 -0.013736  0.013926  0.011522 -0.003155 -0.005674]
[ 0.057546  0.046575  0.013918 -0.016742  0.010775  0.019424]
[ 0.027751  0.022193  0.009927 -0.008256 -0.022827  0.020702]
[ 0.09225   0.074649  0.124342  0.003396  0.02121   0.006943]
[ 0.040183  0.04572  -0.03118   0.022613  0.015951  0.052521]
[ 0.008953  0.024922  0.012391  0.012208 -0.005378  0.023441]
[ 0.056633  0.049318  0.043361 -0.021046  0.016224  0.014784]
[ 0.029695  0.03652   0.004236 -0.009432  0.008264  0.025904]
[ 0.032172 -0.027882 -0.015213 -0.004453  0.029715  0.116105]
[-0.025746 -0.025028 -0.025556  0.012542 -0.000107  0.006595]
[ 0.03558   0.044558  0.101063  0.011989 -0.00563   0.025666]
[ 0.025436  0.089378  0.075382 -0.016535  0.035658  0.008924]
[ 0.001427 -0.002882 -0.058755  0.03681   0.00948   0.011847]
[ 0.028361 -0.005672  0.020861 -0.011012  0.019029  0.011378]
[ 0.002267  0.030943  0.057581 -0.031184 -0.031114  0.015751]
[ 0.069264  0.050308  0.111556  0.021828 -0.014814  0.005891]
[ 0.055525  0.076191  0.025606  0.012734  0.024697  0.019905]
[ 0.024161  0.05538   0.029008  0.001436  0.012464  0.002111]
[ 0.033216  0.043058  0.136012 -0.019224 -0.000546  0.037763]
[-0.062154 -0.050617 -0.067039 -0.010004 -0.032357  0.013489]
[-0.086375 -0.010404 -0.053225 -0.027053  0.036498 -0.014091]
[ 0.001341 -0.011325 -0.000999 -0.005382  0.015986 -0.004955]
[ 0.017808  0.104938  0.023402  0.000485 -0.018199  0.020912]
[ 0.043945  0.047264  0.026255  0.011593 -0.00175  -0.002848]
[ 0.086322  0.044165  0.085489  0.003133  0.0188   -0.005912]
[  9.874799e-05   2.056095e-03   2.449471e-02   6.484499e-03   3.148054e-02
   1.111112e-02]
[ 0.016119 -0.031981  0.012266  0.005713 -0.008066  0.004441]
[-0.056613 -0.03037   0.018397  0.007954 -0.0173   -0.030151]
[-0.015097 -0.04153  -0.058509 -0.009639  0.006885 -0.005538]
[ 0.005317  0.025171 -0.026539  0.002519  0.051926  0.008363]
[ 0.021288  0.069776  0.10661   0.000484 -0.003355  0.011361]
[ 0.078155  0.086845  0.117935  0.009656 -0.000699  0.004164]
[-0.009354  0.063793 -0.008113 -0.010357 -0.011848 -0.012057]
[ 0.076706  0.074687  0.070532  0.016257  0.034737 -0.021281]
[ 0.087553  0.089701  0.087736  0.004707  0.01696  -0.016263]
[-0.025773  0.056012  0.004502 -0.010491 -0.004047 -0.01485 ]
[ 0.012519  0.093025  0.126695 -0.026713 -0.043773 -0.0223  ]
[ 0.055799  0.073608  0.05705   0.020766  0.039227  0.029197]
[ 0.040672  0.054812  0.104633  0.010203 -0.015979 -0.009166]
[ 0.017968  0.070084  0.080817 -0.005304  0.002919 -0.000411]
[-0.089935  0.000203 -0.010843  0.007273  0.006325  0.003943]
[-0.021377  0.00707  -0.023608 -0.011936 -0.012757 -0.011252]
[-0.028484  0.01376   0.051925  0.00683  -0.017548 -0.029366]
[ 0.109506  0.095682  0.106572 -0.006448  0.017792 -0.016285]
[-0.05154  -0.049323 -0.017466 -0.038095 -0.040362 -0.006222]
[-0.005052  0.062923 -0.001532  0.001052  0.023228  0.004209]
[ 0.055633  0.061612  0.057481 -0.011154 -0.019451 -0.036531]
[-0.034476 -0.037025  0.019468  0.007979 -0.036606 -0.032786]
[-0.027426  0.00179   0.020751  0.021232  0.039045  0.01893 ]
[ 0.065185 -0.008077  0.102569  0.012992  0.026399 -0.001694]
[-0.008787  0.022653  0.017552 -0.018938  0.019938  0.009762]
[ 0.068277  0.060296  0.021797 -0.009033 -0.036599  0.025248]
[-0.010472  0.023365  0.072152 -0.021551  0.002339 -0.01363 ]
('Mean', 1, ': ', -0.010471813277202547)
('Median', 1, ': ', -0.010471813277202547)
('Variance', 1, ': ', 0.0)
('Mean', 2, ': ', 0.023364711261541358)
('Median', 2, ': ', 0.023364711261541358)
('Variance', 2, ': ', 0.0)
('Mean', 3, ': ', 0.072151636048118556)
('Median', 3, ': ', 0.072151636048118556)
('Variance', 3, ': ', 0.0)
('time: ', 13453.247111082077)
