“Running plot script on a single CPU core”
[ 0.037216 -0.041704  0.010866 -0.013097  0.014129 -0.041529]
[ 0.042795  0.077107  0.06621  -0.010895 -0.014587  0.011607]
[ 0.066976  0.090269  0.123761  0.000257  0.012207 -0.01245 ]
[ 0.043347  0.064941 -0.007815 -0.007981 -0.038517 -0.019194]
[-0.013892  0.025879  0.011426  0.012787  0.013556  0.020043]
[ 0.059664  0.074324  0.020744  0.009634 -0.006984 -0.008961]
[  4.839994e-02   2.642553e-02   7.333685e-02  -4.033307e-03   4.397471e-05
  -1.061079e-02]
[ 0.075999  0.092927  0.112961  0.049094 -0.01895  -0.024821]
[-0.001543  0.094285  0.092583  0.025775 -0.009277  0.007082]
[-0.025684  0.030517 -0.039072 -0.01561   0.002456  0.038731]
[ 0.025142  0.035565  0.008985 -0.003602 -0.004336 -0.01689 ]
[ 0.011584  0.025871  0.029479 -0.002763 -0.036678  0.003614]
[-0.006944 -0.022167 -0.014895 -0.013114 -0.003489 -0.022209]
[ 0.033063 -0.041564 -0.012431 -0.011446 -0.01303  -0.004076]
[-0.044142 -0.008244  0.00341   0.008925 -0.004214  0.016371]
[ 0.061272  0.032388  0.089399  0.016454  0.008916  0.010021]
[ 0.066169  0.081124  0.107708 -0.024496 -0.0153    0.013086]
[-0.004917  0.013113  0.055403 -0.01465  -0.001454 -0.007795]
[-0.011537  0.035386 -0.009559  0.025203 -0.03521   0.021703]
[ 0.003091  0.059339  0.069606  0.010359 -0.0052    0.028852]
[ 0.017127  0.031208  0.061261 -0.013355 -0.017938 -0.01243 ]
[ 0.057766  0.030175  0.00924  -0.007497  0.014456 -0.019096]
[ 0.006224  0.022911  0.059274 -0.018202 -0.006279  0.007208]
[ 0.013009  0.06352   0.067769 -0.01746   0.021728  0.020419]
[-0.012327  0.059021  0.036659  0.004461 -0.029427 -0.007315]
[ 0.00133   0.021109 -0.005074  0.01583  -0.018678  0.000455]
[ 0.10853   0.055058  0.101367 -0.00742   0.02983   0.024568]
[ 0.033413  0.11156   0.093724 -0.002987  0.03837  -0.020019]
[ 0.079434  0.05979   0.059347 -0.011285  0.011486 -0.04277 ]
[ 0.07101   0.046518  0.087841  0.014044  0.00838   0.005623]
[ 0.003544  0.011278 -0.019335  0.02385   0.005532  0.016533]
[-0.007269  0.061249  0.036436 -0.024156 -0.020992  0.000366]
[-0.008653 -0.052182 -0.030362 -0.014914 -0.034339 -0.028933]
[ 0.102485  0.087888  0.090928  0.004795 -0.009628 -0.023734]
[ 0.091656  0.076626  0.089768  0.023448  0.004825  0.031422]
[-0.03332   0.081801  0.05206  -0.033809 -0.010756 -0.018426]
[-0.033503  0.064436  0.038452 -0.015169 -0.038138  0.049277]
[ 0.026925  0.086365  0.058051  0.021174 -0.007387 -0.03828 ]
[ 0.048794  0.007066  0.071275  0.021853  0.010415 -0.015554]
[ 0.037152  0.005132  0.015527  0.010865 -0.015213  0.002738]
[-0.009916 -0.008695  0.001495  0.007134 -0.014367 -0.026119]
[-0.034499  0.003251  0.000223  0.023387 -0.014447 -0.016106]
[ 0.042573  0.04139   0.064904 -0.010432  0.024147  0.011585]
[ 0.023816  0.043067  0.047292  0.046676  0.004855 -0.010487]
[ 0.069808  0.010917  0.062413 -0.020886  0.027888 -0.001345]
[ 0.014606  0.046524 -0.024319 -0.018758 -0.01557  -0.00533 ]
[-0.025316 -0.017042 -0.020799  0.0205    0.000724 -0.064322]
[-0.012497 -0.023338 -0.021384 -0.011063  0.002292  0.013654]
[-0.087034  0.043152  0.066371  0.012368 -0.009439 -0.014318]
[ 0.160034  0.03055   0.158905 -0.018593  0.008242  0.006468]
[-0.006343  0.006565 -0.020379 -0.00657  -0.024969 -0.004108]
[ 0.015675  0.048431  0.069124 -0.001083 -0.000536  0.002939]
[ 0.060904  0.044175  0.059776  0.019597  0.007991 -0.005025]
[-0.02458  -0.030133  0.01678  -0.025254 -0.036206 -0.000634]
[ 0.036341  0.013522  0.061743  0.007435 -0.008927  0.029686]
[ 0.086083  0.08964   0.082922  0.003023 -0.022942 -0.031051]
[ 0.084735  0.005739  0.076897 -0.028435 -0.014743  0.001441]
[-0.012835 -0.02041  -0.015544 -0.009896  0.022815  0.000307]
[ 0.033519  0.042373 -0.02648   0.010793  0.047807 -0.070553]
[ 0.013244 -0.063593 -0.020703 -0.015444  0.013188  0.004279]
[ 0.04393   0.052139  0.007445 -0.009985 -0.023716 -0.01474 ]
[ 0.033562  0.070022  0.112235 -0.015262 -0.010852  0.014949]
[-0.065629  0.000694 -0.07326   0.014921  0.005851  0.007549]
[ 0.002625  0.008407  0.033339 -0.002189  0.004147 -0.012745]
[ 0.005716  0.023371  0.027054  0.012218  0.005919 -0.003697]
[-0.04742   0.03706   0.042074 -0.00402   0.006998  0.003402]
[ 0.081077 -0.024758  0.084868 -0.004614  0.014934  0.017475]
[ 0.071751  0.065484  0.066425 -0.027566 -0.009856 -0.029655]
[-0.003835  0.072095  0.04298   0.005547  0.017333  0.015569]
[ 0.048523  0.054111  0.045626 -0.001638  0.011141 -0.00798 ]
[-0.014513 -0.009983  0.017958  0.023231 -0.018702  0.020683]
[ 0.03477   0.067642  0.076194  0.011947 -0.02888   0.01259 ]
[ 0.009701  0.031232  0.031869 -0.002118  0.017877  0.003022]
[-0.016652  0.033972  0.001472 -0.011051  0.009874  0.01377 ]
[ 0.008883  0.040997 -0.014455 -0.011201 -0.015208 -0.01728 ]
[ 0.035176  0.011383  0.039706  0.037089 -0.043515  0.009484]
[-0.039927  0.051906 -0.029113 -0.029888  0.011255  0.018428]
[ 0.034716  0.049541  0.063621  0.00888  -0.0085   -0.011188]
[ 0.047396 -0.026694  0.011518  0.006697 -0.01779   0.013133]
[ 0.076019  0.053557 -0.060013  0.005765 -0.001563 -0.017571]
[ 0.035663  0.079883  0.12268   0.021235 -0.011383  0.000854]
[ 0.015871  0.115483  0.054297  0.009246 -0.014545  0.012483]
[-0.06931  -0.009114 -0.059772  0.015299 -0.017726 -0.059048]
[ 0.030918  0.077512  0.023403 -0.005655  0.018289 -0.010044]
[ 0.065872  0.072458  0.020486  0.00159  -0.035634 -0.005603]
[-0.033141  0.010738 -0.020313 -0.004634  0.040948 -0.01462 ]
[ 0.006362  0.05402   0.026658 -0.014381  0.003043  0.002094]
[ 0.057417  0.058719  0.07427   0.0064   -0.004803 -0.014325]
[ 0.042662  0.052476  0.057551  0.01372  -0.016833  0.004289]
[ 0.006699  0.039059  0.060515 -0.011717 -0.003543 -0.016826]
[-0.009875 -0.005239  0.006021  0.009605 -0.003461 -0.017361]
[ 0.051034  0.064349  0.107473  0.008864  0.002877 -0.009516]
[ 0.053221  0.059862  0.042573 -0.003407 -0.002103  0.007411]
[ 0.053753  0.055626 -0.018581 -0.015763 -0.003512  0.000132]
[-0.000564  0.053642  0.075019 -0.009911 -0.00201   0.017574]
[ 0.065843  0.051323  0.071118 -0.012334  0.018955  0.004995]
[ 0.01529  -0.007943  0.000765  0.000841 -0.019301  0.064334]
[-0.043928 -0.030836 -0.045696 -0.027554 -0.004546 -0.052815]
[ 0.049202  0.028599  0.004463  0.009937 -0.057417  0.008029]
[ 0.002431  0.092     0.030671  0.003234  0.011605 -0.012893]
('Mean', 1, ': ', 0.0024305897459428274)
('Median', 1, ': ', 0.0024305897459428274)
('Variance', 1, ': ', 0.0)
('Mean', 2, ': ', 0.09199955253086356)
('Median', 2, ': ', 0.09199955253086356)
('Variance', 2, ': ', 0.0)
('Mean', 3, ': ', 0.030670943519852212)
('Median', 3, ': ', 0.030670943519852212)
('Variance', 3, ': ', 0.0)
('time: ', 8063.595499992371)
