“Running plot script on a single CPU core”
[-1.134259 -1.038986 -1.111757 -0.835726 -0.999759 -0.981677  0.05298
 -0.046373  0.011357 -0.090437  0.093537 -0.004116 -0.011933  0.14352
 -0.069921 -0.00225   0.023456  0.019087 -0.106261  0.001188]
[-0.844595 -0.900364 -0.893024 -0.881758 -0.963106 -1.020713  0.010813
 -0.069871  0.130532  0.053607  0.047324  0.162688 -0.006006  0.105306
 -0.132721 -0.037016  0.111329 -0.033276 -0.011662 -0.024592]
[-0.898919 -0.999922 -0.825296 -0.913209 -0.612635 -0.89276   0.076582
 -0.027758  0.011022 -0.079856  0.084961  0.02971  -0.055821  0.070693
 -0.020109 -0.023618 -0.117882 -0.00332   0.009667  0.025768]
[-0.939298 -0.992469 -0.939617 -0.915137 -0.791533 -0.836897 -0.029964
  0.013882  0.021227 -0.025587 -0.024182  0.021492  0.02715  -0.016582
  0.005649 -0.021867  0.009233 -0.009129 -0.015762 -0.026773]
[-0.916586 -0.898145 -0.832101 -0.902658 -0.825977 -0.985119 -0.015435
 -0.002806 -0.041559  0.006049  0.037306 -0.01466   0.028904  0.031506
 -0.008367  0.082949 -0.037566 -0.080142  0.050681  0.014558]
[-0.662325 -0.718128 -0.536479 -0.978922 -0.85348  -0.801555 -0.049564
 -0.068805 -0.053408 -0.061827  0.081278 -0.045035  0.045895  0.147743
 -0.049938  0.106289 -0.108574 -0.053088 -0.053371  0.034947]
[-1.020019 -0.693958 -0.634834 -0.792617 -1.048005 -0.585687  0.110926
  0.285637 -0.14429  -0.002472  0.182738 -0.157063 -0.002286  0.132649
  0.134655 -0.002499  0.029036  0.161098  0.003767  0.034276]
[-1.165201 -1.038463 -1.028197 -1.033222 -1.086105 -1.002887  0.029562
 -0.058245 -0.079805  0.045328 -0.104849 -0.118338  0.087681 -0.145968
  0.053934  0.125995  0.136423  0.07242  -0.007559  0.045161]
[-0.83337  -0.829452 -0.723108 -0.792033 -0.970403 -0.931042  0.060291
  0.282933  0.067284 -0.084719 -0.099703  0.049898  0.074212 -0.072177
  0.331776  0.061745 -0.14932   0.031597  0.046058  0.019157]
[-0.85164  -0.82049  -0.719963 -1.191718 -1.06369  -0.968783  0.091782
 -0.113101 -0.03094   0.045952  0.011493 -0.013872  0.063857  0.033514
  0.017841  0.041032  0.102449  0.064268 -0.003006  0.033074]
[-0.918069 -0.90168  -0.884879 -0.83278  -0.85606  -0.839207  0.022307
  0.052002 -0.012866 -0.014582  0.026807 -0.029978 -0.011072 -0.03365
  0.054034 -0.050912 -0.0183   -0.002813 -0.012904  0.012182]
[-1.027135 -0.866002 -0.869346 -0.866439 -0.945612 -0.863209  0.020036
  0.015667  0.019326 -0.042155  0.043445  0.045194  0.01786   0.024899
  0.033032 -0.018527 -0.050718  0.031446 -0.069976  0.028157]
[-0.79501  -0.96849  -1.070972 -0.690075 -0.645792 -0.916556  0.098017
 -0.045701  0.028429 -0.009882  0.048637 -0.022611  0.0756    0.087811
 -0.060007  0.040641 -0.039778  0.044033  0.074429  0.046132]
[-0.9989   -0.966291 -0.976561 -1.111366 -0.980023 -1.142534  0.058121
  0.031847  0.083768 -0.085604  0.010896  0.087169  0.059216  0.007297
 -0.007881  0.177399 -0.08385   0.03188  -0.058807 -0.081932]
[-0.655416 -0.699526 -0.692215 -0.74742  -0.713672 -0.836213 -0.038603
 -0.077015 -0.031595  0.024733 -0.057951  0.01287  -0.081696  0.046507
 -0.029445 -0.058718  0.027786 -0.083183 -0.004866  0.015141]
[-0.903687 -0.823461 -0.792599 -0.845407 -0.874675 -1.020904 -0.014435
  0.112336 -0.039859  0.050985  0.079966 -0.074987 -0.0743    0.025345
  0.058053 -0.107243  0.177015 -0.034248 -0.057323 -0.044896]
[ -9.936795e-01  -8.326099e-01  -9.233193e-01  -7.008341e-01  -7.784909e-01
  -9.011116e-01   4.627940e-02   8.266373e-02  -3.881912e-02   1.723268e-01
  -6.823727e-02   2.219594e-04   1.264185e-01  -2.616155e-02   9.738684e-02
   1.141982e-01   2.503008e-01   1.196224e-01   3.382198e-03   2.010189e-03]
[-0.785705 -0.800589 -0.719838 -0.567679 -0.45341  -0.481551  0.070305
 -0.025934  0.095298 -0.109515  0.080205  0.162944  0.0299    0.122113
 -0.00856  -0.00153  -0.20265   0.050492  0.012983  0.004557]
[-0.816555 -0.776738 -0.991966 -0.886806 -1.135691 -1.016362 -0.031777
 -0.01357   0.060514  0.020079 -0.085823  0.047887 -0.055219 -0.095814
 -0.023682 -0.023384  0.003703  0.010021 -0.044173  0.009591]
[-1.022691 -0.512742 -0.87817  -0.565686 -0.966711 -0.490043 -0.075354
 -0.087501  0.050703 -0.035952 -0.008837  0.051404 -0.032361 -0.006245
 -0.045217 -0.0546    0.032754 -0.071752 -0.029784 -0.005222]
[-0.881991 -0.757738 -0.75343  -1.207264 -1.121618 -1.025612 -0.022889
 -0.180377 -0.091684 -0.047768  0.02556  -0.08477   0.041828  0.021025
 -0.203893  0.067286 -0.051827  0.008273  0.02959   0.009933]
[-1.147208 -0.984118 -0.827023 -1.20749  -1.042556 -1.052846 -0.043592
 -0.144324 -0.099416  0.13788   0.007546 -0.055192  0.067547  0.014971
 -0.145086  0.158022  0.153753 -0.017988  0.035007  0.025646]
[-0.860032 -0.969296 -0.904981 -0.8725   -0.644484 -0.837708 -0.027996
  0.072819  0.035714  0.013057 -0.018784  0.044002  0.087204  0.014852
  0.049457  0.093876  0.018151  0.004558  0.016557  0.006007]
[-1.02093  -1.058884 -0.929843 -1.007684 -0.893775 -0.933893 -0.033788
 -0.085252  0.017769  0.012345 -0.058519  0.069434 -0.029614 -0.042095
 -0.138153 -0.011455  0.04975   0.002916  0.044875  0.015183]
[-0.713136 -0.980324 -0.805374 -0.868031 -0.742383 -1.052909 -0.144131
  0.015274  0.007413 -0.043627 -0.151966 -0.016948 -0.041357 -0.107658
  0.06303  -0.058522 -0.027482 -0.224063 -0.033213  0.02249 ]
[-1.137072 -1.065675 -1.02239  -0.976124 -0.92214  -1.012339  0.083093
 -0.033358 -0.004328 -0.137654 -0.062703  0.025202 -0.026661 -0.062544
 -0.005412 -0.07817  -0.145963  0.081419  0.030985 -0.064159]
[-1.007566 -0.968397 -0.968422 -0.916357 -0.922187 -1.010613  0.075538
 -0.039828 -0.026773 -0.021376 -0.140493 -0.02639   0.070197 -0.10409
 -0.087515  0.069412 -0.02081   0.007709  0.007188  0.028542]
[-0.665694 -0.726823 -0.718347 -0.834079 -0.738591 -0.895943  0.09141
  0.035818 -0.028655 -0.02917   0.006663 -0.064585 -0.033833 -0.044337
  0.020577 -0.028467 -0.053376  0.111372  0.005649 -0.006279]
[-0.865041 -0.648173 -0.81261  -0.732659 -0.902289 -0.647316 -0.019563
  0.172604  0.09131  -0.124657 -0.035851  0.089308 -0.061168 -0.06295
  0.173415 -0.031886 -0.087766  0.006648 -0.100413 -0.016988]
[-1.016732 -1.003002 -0.752811 -0.797768 -0.467149 -0.481993 -0.007274
  0.118546 -0.03594  -0.152697 -0.095005 -0.118131 -0.217706 -0.072131
  0.090648 -0.144544 -0.145285  0.075565  0.060698  0.026775]
[-0.953345 -0.799828 -0.652726 -0.738367 -0.702839 -0.472634 -0.011901
 -0.065525 -0.003162  0.071161 -0.125856  0.033926  0.091363 -0.100115
 -0.056558  0.082886  0.130863  0.007176 -0.00164  -0.019084]
[-0.728905 -0.733704 -0.702539 -0.646845 -0.718648 -0.632571 -0.068712
  0.0576    0.013844  0.027532  0.035804  0.029847 -0.044743  0.042265
  0.106712 -0.068409 -0.022255 -0.043949  0.024916  0.00333 ]
[ -9.299725e-01  -9.534837e-01  -8.590013e-01  -8.584519e-01  -7.931569e-01
  -7.445228e-01  -1.139309e-01  -1.626075e-02  -3.859440e-02  -4.250559e-02
  -5.185139e-04  -5.047133e-02   2.420573e-02  -1.015944e-02  -2.294559e-02
   2.634707e-02  -6.743413e-02  -3.694910e-02  -2.591466e-02  -2.799871e-02]
[-1.073208 -1.230606 -1.033579 -1.033585 -0.981309 -1.353433  0.005283
  0.05283  -0.157938 -0.108718 -0.111624 -0.192087 -0.080699 -0.066123
 -0.027214 -0.017001 -0.100448 -0.027391 -0.188433 -0.003322]
[-0.834107 -1.062168 -0.725102 -1.02957  -0.742309 -1.047072 -0.017356
  0.035345  0.103442  0.107808 -0.093234  0.1116   -0.185737 -0.135483
 -0.052394 -0.092066  0.095445 -0.117299 -0.025174 -0.037438]
[-0.692239 -0.611994 -0.535683 -0.543573 -0.513044 -0.447502 -0.015377
  0.010664  0.040594  0.003329  0.028133  0.022667  0.054555 -0.03588
 -0.015541  0.013148 -0.017917  0.010914 -0.005517  0.024625]
[-0.813307 -0.69673  -0.678562 -0.974773 -0.943647 -0.831218  0.029883
 -0.111811 -0.008436 -0.011492  0.080078  0.015304  0.058199  0.030835
 -0.135382 -0.04187   0.047104  0.022218  0.012726 -0.013471]
[ -6.474555e-01  -7.600334e-01  -9.203330e-01  -6.497160e-01  -8.541939e-01
  -9.933290e-01   6.405096e-02   3.868299e-02   2.805356e-02  -6.925039e-02
   4.249612e-02   9.241832e-02   7.010614e-02   5.655158e-02   2.003300e-02
   7.478630e-04  -8.762052e-02   5.668449e-02   3.553881e-02  -1.475756e-02]
[ -1.185917e+00  -9.877233e-01  -9.044327e-01  -1.182447e+00  -1.396304e+00
  -1.203659e+00   2.498983e-02  -7.414838e-03   1.378210e-03  -2.882021e-02
   1.405969e-01  -9.085330e-02   1.006850e-01   1.841277e-01   5.130191e-02
   1.207732e-01  -6.291735e-02   3.749881e-02   9.416728e-02  -1.611819e-02]
[-0.86927  -0.820793 -0.554954 -0.969617 -0.775583 -0.643978 -0.094741
 -0.031186 -0.03838   0.041465  0.033306 -0.068758  0.013857 -0.062763
 -0.091891 -0.018282  0.122532 -0.064169  0.026586 -0.044328]
[-1.074322 -1.135695 -1.124902 -1.123525 -1.172315 -0.978939  0.018726
 -0.088918 -0.062887  0.042607  0.103092 -0.035648  0.070148  0.113503
 -0.05912   0.053041  0.087859  0.008809 -0.038787 -0.041044]
[-0.938877 -1.037402 -0.922679 -0.914863 -0.874442 -0.917588  0.096679
  0.026344  0.085897  0.048661 -0.036257  0.063548  0.078512  0.013679
  0.083452  0.086101 -0.022901  0.02985   0.040781 -0.016642]
[ -4.133563e-01  -4.152910e-01  -5.280773e-01  -4.954689e-01  -5.485487e-01
  -6.470192e-01  -2.679252e-03   3.673772e-03   1.547232e-01   2.460735e-02
   5.144942e-02   1.624229e-01  -2.382193e-02   5.914270e-02   3.290677e-02
   4.883562e-04   3.650829e-03  -2.849530e-02  -1.242920e-02   1.815330e-02]
[-1.023675 -0.878451 -0.734302 -1.174467 -1.079793 -0.773007  0.060132
 -0.130234 -0.079737 -0.071867 -0.067    -0.085756 -0.067215 -0.032596
 -0.115879 -0.056753 -0.102639  0.05505   0.072173  0.043305]
[-0.82207  -0.711587 -0.584205 -0.969967 -0.759959 -0.791652  0.04255
 -0.013929 -0.018781 -0.034009 -0.064747 -0.028156 -0.073965 -0.13431
 -0.001256 -0.156995  0.011357  0.106839  0.007047  0.009685]
[-0.728911 -0.774965 -0.735846 -0.850765 -0.777173 -1.070944 -0.048442
  0.056853 -0.041663  0.01631  -0.037847  0.055754  0.065983 -0.029378
  0.113923  0.070632  0.028905 -0.028576 -0.002834  0.0032  ]
[-0.923329 -1.146826 -0.833098 -1.073567 -0.695571 -1.104765 -0.133506
 -0.101293 -0.1237    0.038085 -0.057124 -0.090915 -0.060918 -0.019583
 -0.085397 -0.024897  0.062676 -0.024097  0.016293 -0.029979]
[-0.815308 -0.889047 -0.49796  -1.029063 -0.595821 -0.639894 -0.036658
  0.041304 -0.001242 -0.056641  0.094056 -0.06262   0.075688  0.093231
 -0.018493  0.064498 -0.055707 -0.029574  0.016219  0.018807]
[-1.111336 -1.060346 -1.013087 -0.972123 -0.989035 -1.157403  0.049655
  0.036852 -0.012209 -0.125657 -0.006181 -0.017351  0.014585  0.002559
 -0.076564  0.151766 -0.113276  0.138944 -0.00244  -0.073233]
[-0.724357 -0.629398 -0.80021  -0.88909  -0.90161  -1.000169  0.07128
 -0.086075  0.312478 -0.009573  0.034467  0.296676 -0.019125  0.065987
 -0.180537 -0.015989  0.03613  -0.036031  0.01073   0.041073]
[-0.740107 -0.773214 -0.730249 -1.040505 -0.901962 -1.015069  0.013756
  0.098857 -0.003306  0.049285  0.13584  -0.037957 -0.121449  0.147408
  0.116051 -0.036778  0.009727  0.138329  0.099778  0.032002]
[-0.875806 -0.517936 -0.616318 -0.522304 -0.675747 -0.199624 -0.103682
  0.247604  0.08244  -0.021655  0.069494  0.025772 -0.196472  0.086419
  0.147704 -0.215258 -0.166712 -0.137722  0.006196 -0.024201]
[ -8.283723e-01  -8.209774e-01  -7.253276e-01  -7.949454e-01  -6.368445e-01
  -7.218898e-01  -4.133670e-03  -6.258695e-02   3.058665e-02   5.321556e-03
  -5.900428e-02  -1.792521e-02  -3.218183e-02  -6.692380e-02  -9.351607e-02
  -3.342187e-02   1.334357e-02  -3.150430e-02  -4.277023e-02  -6.263409e-05]
[-0.950503 -0.857805 -0.839107 -0.835341 -0.698721 -0.615212  0.006502
  0.069063  0.064095  0.171778 -0.143657  0.113659  0.086294 -0.130839
  0.094844  0.09713   0.233445  0.03971  -0.095634 -0.035625]
[-1.025816 -0.847198 -0.964533 -0.967341 -1.094435 -0.866082 -0.101777
  0.045469  0.061819 -0.00378  -0.068612  0.009312  0.029614 -0.048686
 -0.103499  0.113476  0.00291  -0.131833  0.055164  0.03157 ]
[-0.810568 -0.705139 -0.821106 -0.604155 -0.751355 -0.61804   0.015773
 -0.019333  0.077202 -0.049793 -0.004525  0.149994  0.055834 -0.063497
 -0.00411   0.092871 -0.125522  0.02755   0.020099 -0.005083]
[-1.06749  -1.06502  -0.903183 -1.07578  -0.992931 -1.041074 -0.035053
 -0.002612 -0.091764 -0.090003 -0.058545 -0.083295  0.034179 -0.094355
 -0.09464   0.071108 -0.033095 -0.076562  0.037159  0.005033]
[-0.870681 -0.98953  -0.877861 -0.676353 -0.727289 -0.923956  0.064327
 -0.021535  0.005065  0.030064  0.01794   0.105571  0.017916 -0.011835
  0.039428  0.062362  0.071041  0.030496  0.00108  -0.020298]
[-1.053482 -0.899955 -1.333241 -0.937681 -1.329338 -1.1039    0.029986
 -0.024498  0.032151  0.013589  0.020885  0.025265 -0.041626  0.025644
 -0.021787 -0.030593  0.080013  0.037564 -0.007679  0.008746]
[-1.066774 -0.859053 -1.090807 -0.919297 -1.053826 -0.995393  0.016622
 -0.084171  0.001208  0.156753  0.021511 -0.008904  0.185435  0.001213
 -0.041716  0.174299  0.098844  0.018909 -0.028975  0.022456]
[-0.925922 -0.868895 -0.776539 -0.790611 -0.87969  -0.782745 -0.027387
 -0.018296 -0.031604  0.051758 -0.008076  0.003607  0.083816  0.013797
  0.008101  0.097168  0.049909 -0.005084  0.024457 -0.023289]
[-1.092179 -1.028355 -1.09977  -1.187772 -1.175516 -1.076806 -0.012531
  0.135508 -0.075603 -0.135259 -0.169436 -0.140125  0.09883  -0.116007
  0.167783  0.074193 -0.149445  0.002273  0.026513  0.042306]
[-0.754046 -0.754933 -0.517548 -0.863013 -0.703467 -0.759809 -0.038293
  0.029804  0.064539 -0.042183  0.031655  0.014929  0.002272  0.027077
  0.001415  0.011143 -0.084006 -0.035273 -0.013467  0.010656]
[-1.048048 -0.756412 -0.763887 -1.291831 -1.137037 -1.062802 -0.046515
  0.075478  0.012747 -0.037943  0.138426  0.013442 -0.04049   0.112186
  0.115914 -0.023533 -0.05266  -0.048068  0.009337 -0.022661]
[-0.746777 -0.600942 -0.721252 -0.469014 -0.579592 -0.458192  0.041835
  0.152942  0.047625  0.036367  0.01416   0.063052 -0.072238  0.051462
  0.180209 -0.030803  0.032411  0.121108  0.005451  0.055863]
[-1.10206  -0.92645  -0.86274  -0.97572  -0.906714 -0.803583  0.017021
 -0.039712  0.011615  0.115224  0.077075  0.001188 -0.018087  0.07863
 -0.001753  0.004391  0.126833 -0.023057  0.039569  0.022504]
[-0.962628 -0.647724 -1.225826 -0.6514   -1.284701 -0.832244 -0.040146
  0.010003  0.04157   0.085453 -0.054151  0.002697  0.029924 -0.062154
 -0.113879 -0.026482  0.0209   -0.116028 -0.030829 -0.022127]
[-1.172649 -1.174279 -1.241941 -1.129559 -1.135211 -1.086234  0.010829
 -0.127417 -0.019403  0.058083  0.03797   0.038704  0.027922  0.017258
 -0.21174   0.05939   0.109694 -0.072267 -0.012593 -0.008483]
[-1.151907 -1.112104 -1.161722 -1.127865 -1.059249 -1.160992  0.080376
  0.03338   0.027435  0.024658 -0.07435   0.041329 -0.058608 -0.17987
  0.038556  0.012073  0.008218  0.079424  0.028039  0.015581]
[-0.949624 -0.700436 -0.776414 -0.954162 -1.094052 -0.885137  0.010274
  0.040235  0.051797 -0.00962   0.121041  0.031402 -0.02149   0.133347
  0.068372 -0.003437 -0.066902  0.049463 -0.020299  0.002987]
[-1.201468 -0.997445 -1.176903 -0.832686 -0.98383  -0.888116 -0.027371
 -0.043858  0.027701  0.038755 -0.040533  0.048728 -0.008699 -0.027064
 -0.005938 -0.03578  -0.025764 -0.049429  0.027892  0.04271 ]
[ -8.417900e-01  -5.719448e-01  -8.471277e-01  -7.352741e-01  -1.015331e+00
  -6.623250e-01  -9.611807e-02  -1.404688e-01  -5.600226e-02   1.330034e-01
   8.269188e-02  -1.545898e-01   3.243087e-04   1.003244e-01  -1.179978e-01
   1.201089e-02   1.730947e-01  -9.879352e-02   1.239557e-02  -7.624909e-03]
[-0.923322 -0.707097 -0.90998  -0.646074 -0.944653 -0.798819  0.11382
 -0.083104  0.03271   0.070974 -0.100877  0.083347 -0.120933 -0.034444
 -0.119832 -0.119372  0.093602  0.269371 -0.050474 -0.026784]
[-0.969194 -0.84744  -0.724692 -0.928578 -0.731075 -0.607403  0.113949
  0.092248 -0.019779  0.004722  0.001625  0.015023  0.089197 -0.011346
  0.080477  0.145956 -0.065899  0.130136 -0.039183 -0.007473]
[-0.691597 -0.886766 -0.935965 -0.79376  -0.764164 -0.99592  -0.029796
 -0.04749   0.040077  0.157387  0.002412 -0.02236   0.06872   0.065687
 -0.04856  -0.026919  0.151886  0.007606  0.012388 -0.006662]
[-1.058719 -0.970449 -0.867021 -0.842856 -0.692802 -0.638543  0.015297
  0.062439  0.156263 -0.108483 -0.066656  0.135011 -0.024201 -0.054225
  0.072886  0.009005 -0.085129 -0.021356  0.042539 -0.007664]
[-0.949961 -0.836103 -0.768829 -1.034308 -0.907977 -0.788135  0.04727
 -0.07172   0.008824 -0.080561 -0.065658 -0.051528 -0.104207 -0.09955
 -0.08745  -0.023837 -0.061778  0.065348 -0.040651 -0.027722]
[ -7.543771e-01  -6.731376e-01  -6.027900e-01  -8.320293e-01  -6.641950e-01
  -6.172100e-01  -1.734964e-02   4.534298e-02   4.943150e-02   6.520630e-02
  -7.590294e-04  -1.738608e-02   9.262596e-02   4.996501e-02   1.295446e-01
   1.137028e-01   8.649476e-02  -7.655802e-02  -2.451089e-02   1.618073e-03]
[-0.983671 -0.836723 -0.7384   -0.945743 -0.864755 -0.857967  0.110037
 -0.043514 -0.099326 -0.003075 -0.051938 -0.075269 -0.047543 -0.034832
  0.001222 -0.02292  -0.040004  0.074143 -0.039794 -0.027989]
[-0.983038 -1.149847 -1.283232 -0.984082 -1.199732 -1.473751 -0.154222
 -0.05453   0.004264  0.108552 -0.073576  0.026989 -0.019135 -0.165098
  0.067509 -0.019655  0.14213  -0.198395 -0.047315 -0.04522 ]
[-0.975785 -0.838287 -0.780704 -0.76723  -0.704922 -0.65819  -0.10302
  0.013947  0.087482  0.167218  0.053082  0.048186 -0.073961  0.063827
  0.030612 -0.09112   0.149878 -0.073667 -0.011242 -0.025508]
[-1.215736 -0.756991 -1.079127 -0.831579 -1.219095 -0.81888   0.166559
 -0.062796 -0.087665  0.138908  0.035165 -0.079362  0.035889  0.024015
 -0.022245 -0.055804  0.103768  0.095856  0.021009 -0.004407]
[-0.974141 -0.864093 -0.945803 -0.826834 -0.938078 -0.928863 -0.110882
  0.097071 -0.023773  0.055258  0.059187  0.00575  -0.028835  0.047451
  0.068358 -0.005563  0.092863 -0.155962  0.055014  0.009382]
[-0.899361 -0.900473 -0.93199  -0.717067 -0.670964 -0.952973  0.172089
  0.149849 -0.15995   0.076449 -0.050269 -0.079327 -0.012243 -0.034417
  0.19238  -0.037538 -0.043597  0.151447  0.054895  0.004369]
[ -1.082944e+00  -1.146253e+00  -1.047001e+00  -7.780617e-01  -1.033781e+00
  -1.059731e+00   1.738079e-01  -1.745563e-01   8.770225e-02   1.664310e-02
  -3.146970e-02   5.568660e-02   9.784876e-02   1.809236e-04  -7.191017e-02
   1.641490e-03  -4.656015e-02   1.969615e-01   9.660360e-02   9.494018e-02]
[-0.827568 -0.677215 -0.411663 -0.828482 -0.495808 -0.382794 -0.116475
  0.120557  0.162592 -0.158726  0.280306  0.236527 -0.068268  0.280423
  0.085311 -0.116462 -0.136168 -0.104528 -0.002432  0.031973]
[-1.076795 -1.046691 -1.021146 -1.173385 -1.295804 -1.150831 -0.084965
 -0.012541 -0.014012  0.072514 -0.116529  0.006584  0.07523  -0.088565
  0.062312  0.077416  0.026111 -0.081843  0.002506 -0.042709]
[-0.904236 -0.695179 -0.787266 -0.747369 -0.739086 -0.654255  0.025242
 -0.002785  0.057741 -0.01093   0.044973  0.048928 -0.037755  0.069023
  0.023278 -0.009174  0.006729 -0.011819  0.006651  0.014896]
[-1.005409 -0.892    -0.867234 -0.769708 -0.844122 -0.83637  -0.104952
  0.052558  0.061628  0.100414  0.034879  0.092722 -0.177465  0.038385
  0.008793 -0.143573  0.13684  -0.181618 -0.005683 -0.006211]
[-0.892906 -0.840591 -0.411429 -1.102206 -0.643401 -0.629672 -0.060817
  0.005864  0.007469 -0.038659 -0.039904 -0.05889   0.083609 -0.032006
  0.00159   0.102702 -0.086488 -0.119687  0.011777 -0.00582 ]
[-0.918816 -0.867511 -1.051749 -0.747922 -0.802322 -0.924037 -0.058278
 -0.044526  0.047807  0.026575  0.102529  0.005531 -0.05127   0.121302
 -0.104145 -0.041376 -0.042388 -0.049697 -0.035737  0.013354]
[-1.025952 -0.896995 -0.821449 -0.880451 -0.715778 -0.614923  0.034135
  0.040721  0.037285 -0.06249  -0.081186  0.045692 -0.177535 -0.046404
 -0.01339  -0.10404   0.06348   0.029881 -0.014935  0.017899]
[-0.871233 -0.63588  -0.589565 -0.980814 -0.811373 -0.649625 -0.052767
  0.025624  0.008571 -0.040225  0.081385 -0.058767 -0.106156  0.098826
  0.040833 -0.044468 -0.090538 -0.051629 -0.038619  0.012083]
[-0.812564 -0.76208  -0.782276 -0.859879 -0.957203 -0.791381 -0.004455
  0.067465  0.027501  0.086026  0.059964  0.008466  0.053007  0.061494
  0.088962  0.051975  0.051452 -0.02711  -0.003761  0.029749]
[-0.7729   -0.643123 -0.818438 -0.522079 -0.530379 -0.518088 -0.181898
  0.116591  0.157872  0.104408  0.019868  0.088614  0.050004  0.058894
  0.146159  0.080498  0.042761 -0.108372  0.008124 -0.019735]
[-0.861746 -0.745278 -0.631739 -0.731604 -0.648502 -0.6336    0.063472
 -0.02104  -0.035162 -0.071456 -0.008192 -0.050149 -0.092948 -0.022696
 -0.017336 -0.042491 -0.077892  0.021853  0.004247 -0.019061]
[-0.930045 -0.98301  -0.714149 -1.008534 -0.717276 -0.826116  0.088066
  0.126184  0.021785 -0.018709 -0.025995  0.030579  0.117949 -0.020644
  0.094827  0.09836   0.069572  0.04286  -0.026425  0.004906]
[-0.876447 -0.899031 -0.930261 -0.687686 -0.740754 -0.949403  0.073951
 -0.041814 -0.041867 -0.117896 -0.0967   -0.098736  0.037945 -0.055215
 -0.164242  0.032845 -0.055509  0.075092 -0.060066 -0.045744]
[-1.223554 -0.837466 -1.029347 -1.259377 -1.384124 -1.047063  0.164275
 -0.066524 -0.109179 -0.016531  0.041219 -0.072345 -0.026991  0.013754
 -0.041267  0.016673 -0.12494   0.169289  0.095279  0.008228]
[-1.140912 -1.164053 -0.989658 -1.329312 -1.116119 -1.189411  0.076752
 -0.024419  0.003824  0.014624  0.031424 -0.041304  0.034095 -0.022635
 -0.067722  0.055876  0.013205  0.053649  0.09494   0.024276]
('Mean', 1, ': ', -1.1409124457475193)
('Median', 1, ': ', -1.1409124457475193)
('Variance', 1, ': ', 0.0)
('Mean', 2, ': ', -1.1640534486017329)
('Median', 2, ': ', -1.1640534486017329)
('Variance', 2, ': ', 0.0)
('Mean', 3, ': ', -0.98965768534261445)
('Median', 3, ': ', -0.98965768534261445)
('Variance', 3, ': ', 0.0)
('Mean', 4, ': ', -1.3293121793887097)
('Median', 4, ': ', -1.3293121793887097)
('Variance', 4, ': ', 0.0)
('Mean', 5, ': ', -1.1161192259039241)
('Median', 5, ': ', -1.1161192259039241)
('Variance', 5, ': ', 0.0)
('Mean', 6, ': ', -1.1894105200851495)
('Median', 6, ': ', -1.1894105200851495)
('Variance', 6, ': ', 0.0)
('time: ', 10066.732798099518)
