“Running plot script on a single CPU core”
[-0.025052 -0.280054  0.004163  0.031213  0.165737 -0.651309  0.244451
  0.333025  0.132013 -0.493574 -0.160345 -0.996466 -0.079296 -0.776602
 -0.904846  0.009     0.202826  0.303533 -0.489659  0.322299]
[-0.845632 -0.546462  0.038155 -0.530036  0.300102  0.332804  0.329359
  0.14407   0.320535  0.113266  0.232018  0.172139  0.090874 -0.273088
  0.332409  0.327887 -0.28191   0.152241 -0.156157  0.151387]
[ 0.326295  0.33327  -0.116712 -0.762486  0.286972 -0.033922  0.28296
  0.116368  0.299473  0.329797  0.285501 -0.984431  0.169314  0.271686
 -0.996161  0.081805  0.315913  0.289411  0.328057  0.321246]
[ 0.333262  0.174002 -0.419632 -0.02389  -0.311584 -0.924765  0.237806
  0.333197 -0.935696  0.243126 -0.029544  0.11758   0.329553 -0.594787
  0.296974  0.290516  0.110087 -0.657538  0.040553  0.102113]
[ 0.321459  0.333079  0.284631  0.213385 -0.967136 -0.619956 -0.52466
  0.006071  0.256786  0.299491  0.128651 -0.53014   0.247187  0.243044
 -0.89603   0.316463 -0.296889  0.333264 -0.713148  0.304237]
[ 0.261876 -0.956877  0.284212  0.059058  0.233032  0.12432   0.293357
  0.312034 -0.045364 -0.747185  0.261095  0.293989  0.268472  0.31226
  0.206542  0.200113 -0.09782  -0.256472  0.330714 -0.054599]
[  3.189453e-01   2.874808e-01  -9.750686e-01   2.930506e-01  -5.910143e-01
  -8.297596e-01  -6.940527e-01   2.148336e-01   3.649736e-04  -1.727161e-02
   3.215180e-01  -9.936090e-01   3.086731e-01   3.180275e-01   1.790479e-01
   2.701399e-01   2.772109e-01   3.056591e-01   3.079430e-01   4.696366e-02]
[  1.812128e-01   2.948144e-01  -6.983047e-04  -4.462617e-01   7.268054e-02
   3.159561e-01   2.389855e-01   2.249911e-01   3.307670e-01  -4.476684e-01
   2.504707e-01  -8.726544e-01   2.296435e-01   1.937222e-01   2.911266e-01
   3.301022e-01   2.923948e-01  -3.709644e-01  -9.433788e-01  -5.974560e-01]
[  2.374433e-01   2.889968e-01   1.180046e-01   3.248204e-01   3.066383e-01
  -5.598535e-01   2.979552e-01   2.649166e-01  -9.997248e-01  -6.353253e-02
   1.700140e-01   2.486887e-01  -9.078340e-01  -3.956545e-01   2.177674e-01
   3.251691e-01  -7.488692e-01   3.322698e-01  -4.348004e-04   1.912748e-01]
[ 0.163771  0.311524  0.289162 -0.109211  0.331164  0.048943  0.328653
  0.274506  0.275417  0.197713 -0.981326  0.332997  0.008686  0.316831
  0.321021  0.046329  0.228751  0.327786  0.168432  0.134879]
[-0.325588  0.250376  0.301298  0.318792 -0.443411  0.07442   0.324654
 -0.951737 -0.313986  0.299699  0.018726  0.261198  0.238772  0.297816
  0.319915  0.316697  0.078835  0.205349 -0.70735   0.037145]
[-0.883596  0.103806 -0.969836 -0.101681 -0.463224 -0.83928   0.041664
  0.23243   0.108696  0.196497  0.266348  0.283982  0.025208  0.260657
  0.268075 -0.217451  0.330254  0.30219   0.305698  0.296542]
[ 0.217724 -0.728268  0.332007  0.333332  0.270186 -0.974681 -0.017922
  0.053646 -0.971801 -0.539142 -0.282569  0.332924  0.296529  0.294227
 -0.160734  0.255381  0.092871  0.048301  0.303788  0.076138]
[ 0.319957  0.323559 -0.272473 -0.476151 -0.154605 -0.930715 -0.048661
 -0.998858  0.20783   0.224163  0.224436  0.332584  0.333302  0.318557
 -0.308733 -0.874467  0.321398  0.332277  0.301888 -0.200309]
[ 0.292267  0.144568 -0.41027   0.298058  0.277177  0.067293 -0.463529
  0.225005 -0.611218 -0.936212  0.329461  0.325888  0.292286  0.054913
  0.167698 -0.330218  0.122307 -0.969791  0.329247  0.121998]
[ 0.264751 -0.045778 -0.681028  0.171849 -0.430628  0.088172  0.318097
 -0.015706  0.294407  0.322018  0.188123  0.270054  0.146895  0.234635
 -0.845409  0.331224 -0.991915 -0.830945  0.06839  -0.958502]
[ 0.270092  0.328551  0.328416 -0.18391   0.332137 -0.999411 -0.91959
  0.333063 -0.55914  -0.59651   0.219554  0.010912  0.259086 -0.186568
  0.243574 -0.732575 -0.97871   0.280292  0.201372  0.325594]
[ 0.300528  0.057997  0.306665 -0.3744    0.331472  0.305337  0.277796
  0.330413  0.300895  0.309387 -0.426196  0.200836 -0.999997  0.328967
  0.282704 -0.041597  0.065868  0.088723 -0.903174  0.24502 ]
[-0.900695 -0.932917 -0.817434 -0.448862 -0.025351  0.304146 -0.406661
  0.306721  0.252435 -0.025806  0.30995   0.211458 -0.764047  0.262432
 -0.282763  0.294279  0.329495 -0.99901  -0.617025  0.286084]
[ 0.31293   0.329034  0.300265 -0.919705  0.241952 -0.992292  0.332082
  0.1123    0.333223  0.303425  0.267474  0.299407  0.333188  0.332952
  0.316846 -0.928472 -0.380798  0.175332  0.323641 -0.480069]
[-0.361431 -0.446784  0.186755 -0.745932  0.265139 -0.171281  0.192638
  0.231213  0.097378 -0.127631  0.332394  0.220281 -0.998582 -0.831531
  0.242893 -0.816983  0.149543 -0.049917  0.292887 -0.928502]
[-0.855151 -0.970812  0.235337  0.068861  0.054441  0.145154  0.322425
 -0.22864  -0.255149  0.128187  0.311352 -0.934744  0.108118  0.319267
  0.324847  0.248579  0.294021  0.330172  0.332856  0.26521 ]
[-0.79605   0.253176 -0.497845  0.333324  0.296322 -0.304126  0.164179
  0.187348  0.332648 -0.249087 -0.122737  0.019853 -0.002726  0.271021
  0.021339  0.005971  0.326154  0.239574 -0.12946  -0.047954]
[ 0.087179  0.329985  0.298936  0.275588 -0.99018  -0.354847  0.267649
 -0.260981  0.247186  0.306599 -0.218528  0.31873   0.233543 -0.791879
  0.027516 -0.428036  0.268815 -0.664472  0.302032  0.331049]
[ 0.314024  0.165279 -0.65333   0.329624  0.250482  0.289771  0.323428
  0.333328  0.216756  0.186577  0.252089  0.127988  0.026542  0.076951
 -0.244903 -0.032908 -0.850921 -0.279525 -0.853793  0.234076]
[ 0.315011  0.308911 -0.073129  0.160142  0.174157  0.311586  0.288606
  0.09451   0.241895  0.322754  0.319886  0.243702  0.282749 -0.55355
  0.290686  0.32695   0.128118 -0.198815  0.254584  0.331666]
[ 0.325448  0.20003   0.293913  0.061952  0.162006  0.256509  0.327741
 -0.673375  0.257822 -0.960682 -0.916267 -0.993553  0.21622   0.091137
  0.217681 -0.4627    0.22651  -0.014    -0.229461 -0.884229]
[ 0.033241  0.055827  0.178936  0.273182  0.294888  0.037211  0.134942
 -0.060318 -0.594469 -0.723028 -0.492361  0.286976 -0.023714  0.082202
  0.331876  0.060331  0.282972 -0.507818 -0.942985 -0.103427]
[ 0.114607 -0.868895  0.328573 -0.309963  0.09158  -0.237798  0.310929
 -0.034264  0.096138 -0.825717  0.242572  0.247397  0.274488  0.203572
 -0.084581  0.138956  0.322828 -0.858207 -0.999998  0.055686]
[-0.243152  0.124883  0.028375  0.325744 -0.938702 -0.095907 -0.623009
 -0.025147  0.256464  0.122927 -0.583584  0.308518 -0.999913  0.330202
  0.212194  0.187592  0.137704  0.231995  0.108971 -0.176869]
[ 0.269143  0.331755  0.201485 -0.785715  0.139469  0.189225 -0.429034
 -0.860277  0.31913   0.332923  0.195056 -0.62401   0.087893  0.333288
  0.246375  0.332835 -0.526647 -0.244876 -0.362576 -0.135462]
[ 0.205347  0.333321  0.324809  0.239098  0.174104  0.331693  0.332151
  0.33217  -0.131839  0.235319  0.016419  0.319369 -0.039534  0.018705
  0.027541 -0.999879 -0.410212  0.332792  0.323551 -0.142495]
[ 0.290178  0.144762  0.329297 -0.066026  0.201572  0.107896 -0.280859
 -0.998338  0.068353  0.333333  0.30476   0.32973   0.331208  0.166501
  0.295576 -0.357359  0.078259 -0.181601 -0.747519  0.332712]
[ 0.300072 -0.106903  0.308813  0.310193 -0.974542  0.276632 -0.96232
  0.253548  0.122662  0.289272  0.315921  0.330311  0.246011  0.323657
  0.037277  0.23869  -0.605227  0.329     0.314556  0.063677]
[-0.98022   0.328738  0.280619 -0.244327  0.329546 -0.934811 -0.26839
 -0.084024 -0.244167  0.162507 -0.923173  0.31242   0.153359  0.298868
 -0.177923  0.297422  0.199822  0.330652  0.058782 -0.097637]
[ 0.171746 -0.617433 -0.393438  0.333311 -0.434747 -0.071998  0.18788
  0.161415  0.212606 -0.06245  -0.944683  0.330428  0.332525  0.308882
  0.30561  -0.593523  0.151883 -0.704097  0.116527  0.084735]
[ 0.077485 -0.498537  0.215698  0.195915  0.242678 -0.98848   0.221053
 -0.234956 -0.063383  0.315698 -0.204932 -0.287419  0.305845 -0.434218
  0.322797  0.152579  0.233352  0.104002  0.331779  0.272139]
[-0.501439  0.191325 -0.360553  0.241749  0.067862 -0.260621  0.317683
  0.216645  0.282304  0.245392 -0.034047  0.250919  0.320594  0.209491
 -0.999999  0.191398 -0.138687 -0.65358  -0.53574   0.333231]
[ 0.103982 -0.701926 -0.690674  0.332457  0.302594 -0.118718  0.188762
  0.295318  0.106228 -0.987287  0.283574  0.126899  0.28971   0.18834
  0.228506  0.333215 -0.25655   0.24152   0.00409   0.244771]
[-0.114637  0.261804  0.113722 -0.60495   0.041294  0.330324  0.322634
  0.225539  0.286922 -0.834504 -0.408318 -0.492921  0.123794  0.332078
  0.02068   0.309507 -0.411637 -0.233667 -0.373604  0.229045]
[ 0.174272  0.29866   0.327159  0.218015  0.160107  0.048855  0.318511
 -0.310457 -0.164878  0.027324  0.13328  -0.290128 -0.02469   0.189298
 -0.702728  0.288977  0.151633 -0.974659  0.147774  0.27372 ]
[ 0.14571  -0.765819 -0.18509  -0.874105  0.310283  0.326269 -0.969685
  0.16829   0.307064  0.23069   0.023718  0.228189  0.2458    0.063393
  0.076385 -0.080184  0.249379  0.247718  0.332398  0.333213]
[ 0.325404  0.205784  0.311863  0.298329  0.266248  0.319791 -0.113945
  0.331152  0.014224 -0.677897  0.113595  0.332191 -0.535997  0.327356
  0.33308   0.325    -0.862216  0.256027 -0.183332  0.149841]
[-0.159676 -0.325961 -0.350455  0.320271 -0.715114  0.156822  0.314491
  0.333197  0.328122  0.225124  0.252173 -0.107702 -0.068766  0.328694
  0.330868  0.287374 -0.39578   0.297692  0.331695 -0.488056]
[ 0.285718  0.208523  0.312521  0.033714  0.312656  0.27898   0.281038
  0.264525 -0.001206  0.302152 -0.328833  0.266893  0.333328  0.246188
  0.27988   0.312861  0.18628   0.279711 -0.120319  0.33332 ]
[ 0.327677 -0.513629 -0.135821  0.037594 -0.640326  0.057537 -0.844349
  0.139331 -0.510755  0.248504  0.275466  0.325793  0.333038  0.325171
 -0.363847 -0.420786  0.189032 -0.961616  0.051301  0.230563]
[-0.321821  0.329804 -0.149339 -0.99231  -0.38181   0.326597  0.262128
  0.152342  0.321473  0.309199  0.176028  0.250211  0.333063  0.195159
  0.261142  0.09691   0.323259 -0.029068 -0.998778  0.219192]
[-0.18817   0.263629  0.167874 -0.24894  -0.696771 -0.634452 -0.014128
  0.332818  0.250162  0.277279  0.326112  0.188659  0.028039  0.297568
  0.20681  -0.115841  0.262162  0.312024  0.256326 -0.128167]
[-0.874385  0.288346  0.332045  0.333018 -0.540014  0.099079  0.318548
  0.331874  0.3229    0.310569 -0.883842  0.025629  0.31004  -0.064627
  0.309172  0.272859  0.220143 -0.080991 -0.971652 -0.397903]
[ 0.278181 -0.675903  0.141019  0.300025  0.129855  0.187868  0.298971
 -0.295368  0.319763  0.307251 -0.19646   0.089872  0.323316 -0.79806
  0.318706  0.267327  0.126687 -0.99647   0.268685  0.294458]
[ 0.249484  0.322221  0.044238  0.14018   0.120488 -0.324637  0.215407
  0.312132 -0.9943    0.332861  0.013218 -0.213963 -0.41983   0.318421
  0.238683  0.27437   0.241045  0.182472  0.296117  0.277428]
[ 0.214611  0.081542  0.276326  0.039322  0.252087  0.018965  0.259618
  0.29285   0.027377  0.329442  0.311057 -0.949597  0.216506 -0.33675
  0.315254  0.294094  0.200958  0.231914  0.330957  0.118353]
[ 0.329608 -0.231239  0.114603 -0.272319  0.277728 -0.990579 -0.175665
 -0.915422  0.298886 -0.209857 -0.928736 -0.101227 -0.886251  0.333307
 -0.63298  -0.67376   0.333277  0.275981  0.156149 -0.249956]
[-0.979869 -0.053178 -0.148013 -0.288785  0.086363  0.222087 -0.021295
 -0.984635 -0.318797 -0.160095 -0.010348  0.205835  0.302171  0.314918
  0.122653 -0.308903 -0.996227  0.283743 -0.195503  0.329205]
[ 0.31785  -0.950213  0.318928 -0.413078  0.111324  0.207477 -0.027585
  0.261696  0.307114 -0.591133 -0.768498 -0.973181  0.018821 -0.770141
  0.292745  0.326912  0.32943   0.330624  0.282798 -0.523181]
[ 0.210326 -0.206328  0.285468 -0.085494 -0.998384  0.224108 -0.226282
  0.281995  0.213016  0.288631  0.231181  0.020411  0.305391 -0.052077
  0.08462   0.332617 -0.063158  0.073667 -0.256827  0.123459]
[ 0.330992 -0.104644  0.328751  0.140434  0.201194  0.249692  0.262928
  0.264251  0.243605  0.031606 -0.240879  0.112104  0.32752   0.332774
  0.331771 -0.665752  0.249403  0.271436  0.0741    0.333284]
[ 0.33222  -0.590145  0.317087  0.222199 -0.86979  -0.094745  0.16447
  0.313374  0.299067 -0.347841 -0.406411  0.33304  -0.074057 -0.192874
 -0.581172  0.329498 -0.067549 -0.254968 -0.243654  0.179985]
[ 0.325726  0.227667 -0.720568 -0.261429  0.319429  0.309302 -0.037939
  0.332451 -0.24559  -0.301696  0.275467  0.191513  0.230448 -0.443446
  0.231468  0.299432  0.308569 -0.003291  0.284584  0.231547]
[ 0.253773  0.128774 -0.135279 -0.350443  0.255511  0.227343  0.317462
 -0.624101  0.301765 -0.277404  0.33295   0.292391 -0.017483  0.071664
  0.326735  0.219138 -0.695469  0.324132  0.125944 -0.949207]
[-0.417097  0.256991 -0.184757  0.333008  0.169581  0.221854  0.313493
  0.296236  0.324211  0.325197 -0.390989 -0.898296  0.175887  0.210057
 -0.747657  0.333283  0.330558  0.320081  0.332747  0.266855]
[-0.400873  0.333234 -0.378351  0.142632  0.33103  -0.139651  0.185181
  0.25726  -0.845776 -0.402387  0.330509 -0.415972  0.331818  0.326547
  0.259698 -0.73017   0.316268 -0.159477  0.325881 -0.029538]
[ 0.148157 -0.022164  0.305277 -0.008707 -0.004435  0.115916  0.152003
  0.197883  0.26561   0.309659  0.330488  0.082633  0.328494  0.32922
  0.328552  0.209368 -0.327338  0.333266 -0.593806 -0.086786]
[ 0.329947  0.237356  0.071375 -0.951297  0.240449 -0.500984  0.006755
  0.290497 -0.134282  0.313825  0.325005  0.198223 -0.006868 -0.621135
 -0.854648 -0.145306 -0.23472   0.175955  0.106778  0.086735]
[ 0.302841  0.20023  -0.862335  0.33057   0.250562 -0.11263   0.322108
  0.295275 -0.100523  0.333289 -0.070353  0.234057  0.262845 -0.340582
  0.207883  0.333198 -0.047578  0.227112 -0.985633 -0.99631 ]
[ 0.093629  0.307762 -0.132207  0.316044 -0.409925  0.278696  0.214678
  0.320235 -0.622363  0.326044  0.332967 -0.040774 -0.5092    0.322065
  0.0615    0.31309   0.280742  0.244335  0.181181  0.256111]
[-0.686248  0.237542 -0.296047  0.118235  0.258828  0.33229   0.19431
  0.080402  0.304051 -0.962908 -0.107697  0.125808  0.332958  0.210811
  0.329332 -0.086535  0.262792 -0.973553  0.222375  0.263652]
[-0.259071 -0.147643  0.3235    0.056327  0.302242 -0.116949  0.310924
  0.308623  0.332984 -0.42253   0.189839  0.3249   -0.300466 -0.533128
  0.055669  0.234207  0.183027 -0.155078  0.114554  0.051152]
[ 0.319999  0.332783  0.084162  0.267245  0.236074 -0.089256 -0.254052
 -0.561674  0.136872  0.280185  0.046813 -0.021322  0.292936 -0.809581
  0.311073 -0.929616  0.323541 -0.867906  0.114419 -0.992836]
[-0.279011  0.324986  0.219425  0.283354  0.049644  0.33276   0.275751
  0.250745 -0.99597  -0.536126  0.295265  0.273483 -0.467534  0.183759
  0.120312  0.233986  0.234829 -0.646343  0.274052  0.269771]
[ 0.297842  0.109563  0.312523  0.299254 -0.107387 -0.754358  0.297434
 -0.317853  0.201858 -0.923049 -0.707866  0.321552  0.056333 -0.222433
  0.261574 -0.245103  0.314843  0.333258  0.328437 -0.097475]
[ 0.076814  0.312618  0.173977 -0.188341  0.18594   0.331163  0.016945
  0.219632  0.114335  0.328913  0.329227  0.186578 -0.749238 -0.775204
  0.166661  0.037175  0.090038  0.292444  0.312833  0.113869]
[ 0.320032  0.240396 -0.582541  0.333272  0.194277 -0.087018  0.26623
  0.329741  0.325221  0.296643  0.126383 -0.593386 -0.362125  0.304887
  0.329519  0.308135  0.236695 -0.601423  0.162168  0.269436]
[ 0.108905  0.106797 -0.0677    0.328243  0.256802 -0.05485  -0.783429
  0.314502 -0.660876  0.326122  0.333061  0.328645  0.18402  -0.652916
  0.232643 -0.303678  0.218508  0.302513  0.113838 -0.799043]
[-0.989932  0.333187 -0.147761  0.29572   0.199275  0.332465  0.333325
  0.295034  0.285786  0.147205  0.325325 -0.862286  0.305983  0.240225
 -0.873977 -0.934406 -0.366633 -0.056136 -0.130011 -0.720571]
[-0.98325  -0.716073 -0.946487 -0.860307 -0.15302   0.333281  0.12026
  0.287198 -0.650615  0.332453  0.308316  0.314274 -0.663515  0.288639
  0.27158  -0.975449  0.292499  0.037464  0.3228   -0.541256]
[-0.072533  0.28624  -0.352214  0.004133 -0.868864  0.111454 -0.43229
  0.314837  0.285539  0.196111 -0.990696  0.3332   -0.482683  0.021764
  0.298429 -0.243517  0.102553  0.33157   0.287465  0.244079]
[ 0.043259 -0.232781 -0.469424  0.040614  0.29575  -0.965827 -0.043743
  0.332309 -0.338116 -0.420281  0.295808  0.325967  0.283826  0.332398
  0.267824  0.244235  0.266063 -0.014593  0.194987  0.054266]
[-0.166556  0.33317   0.312101 -0.295082  0.306159  0.309033  0.100084
  0.24776   0.303132  0.198534  0.020451  0.187384  0.3276   -0.619619
  0.280617  0.229196  0.328616 -0.434959 -0.084794  0.259837]
[ 0.323238  0.219491 -0.999677 -0.254286 -0.477832  0.333324 -0.041386
  0.308583  0.219197  0.331707  0.312959  0.268853  0.299159  0.14141
  0.231837  0.318     0.302885  0.256914 -0.980556  0.073197]
[ 0.307378 -0.375205 -0.83047   0.17255  -0.109644 -0.780553 -0.642537
  0.285309  0.273989  0.321931 -0.68012  -0.133544 -0.29601  -0.130013
 -0.008851 -0.728705 -0.803784  0.33296   0.312424  0.331462]
[ 0.22358   0.071753  0.332921  0.328978 -0.046837  0.311731  0.140561
  0.321933 -0.06641   0.333251  0.281224  0.253172  0.268589 -0.167555
  0.247022  0.264873  0.312701  0.267297  0.305181  0.273331]
[ 0.023438 -0.995834  0.056651 -0.365983  0.22401   0.300955 -0.835373
 -0.064751  0.307676  0.26169   0.331047  0.265164  0.042251 -0.094401
 -0.696002  0.025923  0.134173  0.185998  0.299381 -0.023266]
[-0.129906 -0.33707   0.142983 -0.030812  0.241951 -0.090732  0.313828
 -0.21564  -0.965335  0.025246  0.282422  0.300639  0.18292  -0.954079
 -0.098442 -0.099561  0.32717  -0.336512  0.310696 -0.403382]
[ 0.251495 -0.21345   0.301142  0.12151  -0.576563 -0.864044  0.326795
  0.329397  0.209385  0.304074  0.26873   0.125858  0.08523  -0.52248
  0.315959 -0.281231 -0.106378  0.035094  0.25028  -0.457492]
[ 0.022613  0.168951  0.056364  0.172204 -0.398646  0.26812  -0.399175
 -0.007453  0.332146  0.262368 -0.697981 -0.099798  0.27092   0.096133
  0.237239  0.117098  0.260792 -0.173242  0.321262 -0.741841]
[-0.15222   0.268738 -0.156516  0.332753  0.284942 -0.777751  0.299199
  0.328575  0.199271  0.330738  0.314542 -0.337288 -0.105204  0.282373
  0.241143  0.212967  0.328153  0.332797  0.217532  0.168729]
[  2.915919e-01   2.242306e-01   6.413747e-04   3.310298e-01   2.384024e-01
   2.983945e-01  -9.759558e-01   1.298418e-01  -1.374666e-01   3.290634e-01
   3.206856e-01   2.374153e-01   2.216119e-01  -4.339920e-01   3.265173e-01
  -8.293251e-01  -2.880959e-01   3.260014e-01  -5.174742e-02   3.234457e-01]
[ 0.333333  0.315703 -0.715408  0.101553  0.332384  0.327646  0.3151
  0.317378  0.323849  0.019738  0.332535  0.330453  0.332792 -0.078597
  0.31647   0.324237  0.063959  0.093562 -0.484923  0.288704]
[ 0.206634  0.256754 -0.363814 -0.954342 -0.538763 -0.979991  0.300275
 -0.01468   0.227738  0.165126  0.319924 -0.377902  0.303958  0.085446
  0.233697 -0.185161 -0.171159 -0.016696 -0.9993    0.333333]
[ 0.314454  0.329269 -0.83776   0.33183   0.298671  0.312416  0.333282
 -0.879196  0.25725  -0.93783   0.172537  0.332577  0.25811  -0.172449
  0.308182  0.331999 -0.583358  0.331756  0.332644  0.27169 ]
[-0.882894  0.245317 -0.848815 -0.790645  0.326016  0.198041  0.272275
  0.075299  0.331059  0.322106 -0.185665 -0.408599 -0.818294  0.226784
  0.082813 -0.092769  0.310613  0.289293  0.309284 -0.242397]
[ 0.121362  0.252848  0.301254 -0.795679  0.323952  0.332252  0.285897
 -0.738226 -0.019258  0.16725   0.11179   0.091319  0.318775 -0.583178
 -0.174599  0.328149 -0.591139  0.14448  -0.504131  0.117425]
[ 0.184531  0.312237  0.32783   0.00513   0.18401  -0.614165 -0.92373
  0.330149 -0.981192  0.32539   0.310494 -0.868116  0.312621  0.089729
 -0.591036 -0.618886  0.330291  0.302603 -0.098482 -0.295119]
[-0.226912  0.322879  0.268079 -0.741138  0.319027  0.118872  0.247757
  0.193436 -0.254078  0.213113  0.304403  0.249429  0.326372 -0.087804
  0.185284  0.027052 -0.444096  0.127178  0.204071  0.333086]
[-0.050419 -0.436202  0.314967 -0.082528 -0.654649  0.105736  0.31718
 -0.464213 -0.722099  0.33319   0.21332   0.325952  0.125882  0.307486
 -0.999616  0.28403   0.187249  0.135721 -0.721293  0.247046]
[ 0.084177  0.312659  0.209121  0.333112  0.3292    0.169072  0.327231
  0.324891  0.322402  0.288877 -0.445868 -0.204084  0.309858  0.330497
  0.33144   0.303782  0.319579  0.30533  -0.875592  0.30813 ]
[-0.929672 -0.320912 -0.992685  0.227397  0.322215 -0.242741 -0.294293
  0.319238  0.14121   0.022389 -0.902981  0.327014  0.24447   0.306695
  0.176976  0.323095  0.331869 -0.578934  0.271567 -0.034218]
[-0.065365  0.259042  0.314353 -0.593507  0.2176    0.221507  0.063029
  0.214202 -0.965105 -0.028548  0.324811  0.150464 -0.559741  0.284186
  0.239649  0.053143  0.231747 -0.120758 -0.520828 -0.275132]
[-0.717245 -0.925164  0.256568  0.295694  0.025315  0.154     0.24997
  0.331193  0.238473  0.055557 -0.999982  0.237111 -0.412161  0.156354
  0.317155 -0.453309  0.28802   0.257712  0.098704  0.20713 ]
[-0.037446802386292041, -0.017737499734913564, -0.030745201558298407, 0.018778089924754438, 0.033016468159087653, 0.06124770661486334, 0.10346218654023948, 0.035882914555716683, 0.04699883611538469, 0.029003507002912238, 0.023096969653781829, -0.029408938632833448, 0.067777392960984367, 0.097443074149546921, -0.0024998037752003155, -0.12883638293307914, 0.050833694238795746, 0.044450292615138443, 0.021879634965455863, 0.047648920632434144, -0.0095288099320750552, 0.021962431133940807, -0.039644736985142592, -0.0049574691195858611, 0.028228806283963903, 0.026745760241622063, -8.8264157948103605e-05, 0.022530826996524912, 0.03616861509145157, 0.0054752622219413627, -0.019387339210835741, 0.12267086138426353, 0.045870981815250539, 0.010076703226987282, 0.021103188130296324, 0.020472702628939632, -0.01992847758915689, -0.012313010777575961, 0.03338552550703415, -0.0046862458777725408, 0.024571431145076705, 0.034263233168047566, 0.058363348159867379, 0.081524005517209508, -0.071078895878371962, -0.040936510935584314, 0.0003730432933197747, -0.023604126932768171, -0.014185369267050829, 0.010136365097316524, 0.027166129380387372, 0.013975390645719343, 0.068801304588873902, -0.0020602036407660895, 0.053566203164171544, 0.042405404306863542, 0.021829590734264603, 0.010278934764451353, 0.018162559959110425, 0.044439045741166167, -0.035875868026046365, -0.027580287525077185, 0.0063475923602546169, 0.036107478844800367, 0.072878214189525753, 0.019950293871686731, 0.040248586293018862, 0.024480591861202883, -0.0048975989419513533, 0.027761833487870313, -0.014662206434141234, 0.030990476867380365, 0.0078171434700715081, 0.039545902855613532, -0.076157511014405266, -0.064115742312800705, -0.01373770674475943, 0.0039610152645704264, 0.0073491165613292775, 0.084105735387354635, -0.017026435532684348, 0.083206881635722874, 0.023556935962191355, 0.0035323246052567925, -0.04125834472852774, -0.00027825022434664615, 0.0044638414143982619, 0.03288908102701571, 0.019152758304919304, 0.04091327312369511, -0.015899868928402283, -0.044387856230092226, 0.015351165670371522, 0.0053058981864837207, 0.0017288775375429721, 0.025092248038785341, -0.050078116376019971, -0.040990130229785482, 0.013036199171972004, -0.027839682420604417]
('time: ', 10158.638850927353)
