“Running plot script on a single CPU core”
[ 0.027539  0.032581  0.044404 -0.002355  0.0025    0.029199]
[ 0.041515  0.049833  0.007647  0.00946  -0.034777  0.011839]
[-0.025909  0.047062  0.030203 -0.041923  0.006187 -0.001658]
[-0.030456  0.159826  0.126352  0.039951 -0.044983  0.011014]
[-0.031172  0.01315  -0.0468   -0.000514 -0.033286 -0.003804]
[ 0.034433  0.014844  0.061387 -0.013792 -0.019429 -0.004595]
[ 0.006847  0.054049  0.079001 -0.023239 -0.005801 -0.011329]
[ 0.063681  0.066138  0.035295  0.015553  0.002529  0.01886 ]
[ 0.046923  0.086005  0.076398 -0.050919  0.00121  -0.003858]
[ 0.029176  0.024576  0.019599  0.007626  0.002045  0.018098]
[-0.104936 -0.019795  0.00578  -0.020889  0.003589  0.001195]
[-0.03906  -0.023085 -0.05148   0.006982 -0.043052 -0.013651]
[ 0.024027  0.025746  0.019512 -0.009766 -0.012592  0.011981]
[-0.042683 -0.06628   0.064944 -0.010987 -0.013472  0.029262]
[ 0.026731  0.01108   0.010086  0.003867 -0.024611  0.003872]
[ 0.027576  0.052329 -0.056541 -0.061391  0.013619 -0.007957]
[ 0.021634  0.001619  0.000469  0.003419 -0.00357   0.005398]
[ 0.013195 -0.015551  0.025297  0.001654 -0.009778 -0.015328]
[  1.065103e-01   1.171782e-01   9.382890e-02   9.649462e-03   9.297409e-03
  -1.074179e-04]
[ 0.000938  0.016977  0.059058 -0.010124  0.002815  0.014594]
[ 0.041042  0.050655  0.066061 -0.004998  0.039839  0.000324]
[-0.051694  0.035911 -0.096357 -0.035452  0.040011 -0.043994]
[ 0.063562  0.117491 -0.002429  0.014097  0.002329 -0.037169]
[ 0.047786 -0.072698  0.007682  0.006226 -0.009529  0.024027]
[-0.000944 -0.021061  0.024446  0.014924 -0.014231  0.01206 ]
[ 0.039574 -0.029362  0.026044  0.009011  0.007934  0.029411]
[-0.045132  0.0297    0.072622  0.006565 -0.003991  0.014287]
[ 0.015668  0.042771  0.022036 -0.000936  0.015737  0.022557]
[-0.051589  0.015359  0.024672  0.034421  0.019633 -0.006877]
[ 0.075758  0.058041  0.078729  0.007287  0.003364  0.012777]
[-0.051499 -0.056557  0.028353  0.041003  0.026699  0.001996]
[-0.033982  0.039883  0.016763 -0.000551  0.005341 -0.00078 ]
[ 0.037294  0.027786  0.144811 -0.061225 -0.02294  -0.01977 ]
[ 0.087864  0.096093  0.090095 -0.001392 -0.001357  0.012771]
[ 0.019677  0.017707  0.044114 -0.011289 -0.013332 -0.003442]
[ 0.035346  0.031244  0.066041  0.006882  0.001562 -0.010738]
[-0.042896 -0.018263  0.006753 -0.003574 -0.007988  0.009346]
[-0.014459  0.070547  0.053691 -0.002763 -0.029094 -0.009881]
[ 0.020708  0.040996  0.039022  0.00671  -0.009401 -0.005673]
[ 0.032986  0.042288  0.077209  0.025454 -0.00122   0.015933]
[-0.033162  0.025473  0.068843  0.025357  0.002391 -0.017377]
[ 0.044974  0.024453  0.032226 -0.031389 -0.016683 -0.002544]
[-0.007566 -0.012081 -0.005486 -0.017184  0.01155  -0.024228]
[-0.001908 -0.000475  0.020528  0.014511 -0.022414  0.012589]
[ 0.068181  0.126672  0.068682  0.033508  0.053225 -0.099348]
[ 0.014266  0.029977 -0.005537 -0.003498  0.00506   0.018132]
[ 0.024132  0.018058  0.101715 -0.001828  0.008294 -0.014104]
[ 0.064265  0.049482  0.084586  0.016701  0.020954 -0.028024]
[-0.016731  0.027434  0.042938  0.001378  0.01775  -0.002564]
[ 0.020439  0.008735  0.044678  0.070131 -0.006016 -0.012151]
[-0.042898 -0.006499  0.024458  0.023935  0.008856 -0.01813 ]
[ 0.077598  0.06595   0.103702  0.005181  0.009897  0.000324]
[ 0.025118  0.04731   0.119826  0.0193    0.023332 -0.014239]
[ 0.058654  0.110254  0.128957  0.002242  0.01035  -0.015529]
[ 0.036006 -0.033872 -0.009008  0.020623  0.054424  0.009871]
[ 0.002744  0.000841 -0.008641 -0.007678  0.025336 -0.011602]
[ 0.030626  0.027093  0.095057 -0.02693   0.004626 -0.011061]
[ 0.041449  0.050949  0.012201  0.017427  0.000403 -0.026853]
[ 0.056059  0.10071   0.049112  0.001843  0.000485  0.00717 ]
[ 0.008002  0.0244   -0.048789  0.006421  0.040537 -0.013001]
[ 0.075875  0.020935  0.078738 -0.016166 -0.009863 -0.016073]
[-0.024831  0.044549  0.036102  0.051195 -0.016629  0.005128]
[ 0.000878  0.037898  0.049739 -0.040338 -0.035844  0.015257]
[-0.064748 -0.013414  0.000346 -0.012514  0.014115 -0.007402]
[-0.036359 -0.011274 -0.041526  0.012694  0.001974 -0.043761]
[ 0.078204  0.10836   0.045341 -0.027284 -0.019671 -0.024991]
[ 0.036597  0.003062  0.011172 -0.011378  0.003921 -0.005611]
[ 0.10799   0.016684  0.039017 -0.009819 -0.035785  0.036656]
[ 0.000593  0.005173  0.040716 -0.040263 -0.02035  -0.018855]
[ 0.066839  0.04851   0.106512 -0.023108 -0.021625  0.013282]
[-0.051638  0.070686  0.091126  0.015118 -0.004606  0.013872]
[ 0.033354  0.069895  0.038638  0.01155  -0.008753  0.008598]
[ 0.02437   0.128081  0.149423  0.023047 -0.01131   0.02813 ]
[ 0.01869   0.022395  0.071577  0.017427 -0.000981 -0.045198]
[ 0.027051  0.071503  0.048126  0.020256  0.002377 -0.022456]
[ 0.103286  0.098921  0.064264  0.001414  0.001788  0.000183]
[ 0.053932  0.025347  0.050542  0.041487  0.025235 -0.033808]
[ 0.046885  0.053501  0.032057  0.005807  0.040795  0.006933]
[ 0.026447  0.07755   0.031786 -0.004278 -0.010819  0.008918]
[ 0.030793 -0.018263 -0.001265  0.028176 -0.008552 -0.02539 ]
[ 0.09137   0.097771  0.024563 -0.012467 -0.017352  0.005527]
[ 0.045094  0.074604  0.066489  0.005161  0.016297  0.00711 ]
[ 0.03107   0.058989  0.07579   0.001575 -0.003284 -0.022458]
[ 0.035343  0.085968  0.043427 -0.001964 -0.019643  0.006942]
[ 0.021574  0.027925  0.070687  0.003228 -0.007111 -0.010643]
[ 0.024193  0.019127  0.055346  0.008012  0.012774 -0.019331]
[-0.072438  0.006108 -0.017015  0.017579  0.001652  0.018683]
[ 0.006403  0.040797  0.04682   0.033999 -0.004719 -0.026405]
[-0.042649 -0.000498  0.021798 -0.014081 -0.027987 -0.007879]
[ 0.018648  0.039718  0.085716 -0.016365  0.000614 -0.005349]
[ 0.061168  0.090427  0.072433 -0.005245  0.003081 -0.016608]
[-0.028693  0.029203 -0.015136 -0.001506  0.01872   0.023148]
[ 0.031402 -0.058249  0.026037 -0.011611 -0.074936 -0.00323 ]
[ 0.047606  0.033432  0.052036  0.011149  0.010677  0.001959]
[ 0.002732 -0.009782  0.041181  0.000825  0.005102  0.004692]
[ 0.08276   0.067302  0.059161  0.027068  0.014655  0.024696]
[-0.004082  0.074249  0.043066  0.00108  -0.041853 -0.010506]
[ 0.0438    0.0438    0.080934 -0.027657  0.004315  0.012471]
[ 0.145775  0.110503  0.079621 -0.002769  0.021193  0.007852]
[ 0.045283  0.063609  0.096653 -0.004767  0.023281 -0.006999]
('Mean', 1, ': ', 0.045282809777018165)
('Median', 1, ': ', 0.045282809777018165)
('Variance', 1, ': ', 0.0)
('Mean', 2, ': ', 0.063609177598133976)
('Median', 2, ': ', 0.063609177598133976)
('Variance', 2, ': ', 0.0)
('Mean', 3, ': ', 0.096652565956637251)
('Median', 3, ': ', 0.096652565956637251)
('Variance', 3, ': ', 0.0)
('time: ', 7774.551266908646)
