“Running plot script on a single CPU core”
[ 0.00838   0.050575 -0.004989  0.006567 -0.003551  0.008523]
[-0.073211 -0.007325  0.046546  0.025035 -0.014971  0.018781]
[-0.02005   0.032109  0.004966 -0.005639  0.005085  0.003816]
[ 0.022547  0.063325  0.093803  0.041692 -0.021057 -0.00995 ]
[ 0.019849  0.029283  0.098461  0.049256 -0.012292 -0.003464]
[ 0.078815  0.079765  0.045749  0.005824 -0.022038  0.001979]
[ 0.004187  0.026204 -0.015227 -0.018552 -0.02457  -0.015192]
[ 0.054132  0.160871  0.011921  0.008738  0.027507 -0.011747]
[-0.053397  0.003784  0.006301  0.036855  0.008445  0.013212]
[ 0.061088  0.077886  0.095777 -0.000112 -0.024033 -0.00267 ]
[ 0.044388  0.043483  0.084567  0.029942  0.007747 -0.003838]
[ 0.064307  0.107124  0.040049  0.010049  0.031464  0.012655]
[ 0.006496  0.026912  0.10916   0.018123  0.019981 -0.008856]
[ 0.032682  0.038709  0.073147 -0.004737 -0.000631 -0.015903]
[ 0.007864  0.066938  0.02904  -0.022764 -0.013068 -0.017866]
[ 0.052625  0.038907 -0.007068 -0.014854 -0.026529 -0.045524]
[ -7.320368e-05   4.772217e-02   6.629291e-02  -8.218678e-03   1.687675e-02
   3.733805e-03]
[-0.031403  0.001824  0.023337 -0.053129 -0.029008 -0.008472]
[ 0.078933  0.051922 -0.053539  0.004268 -0.013934 -0.020096]
[-0.02008  -0.043328  0.020078  0.018209 -0.003994 -0.00341 ]
[-0.02431  -0.05086   0.028691 -0.003019 -0.020097 -0.046588]
[ 0.068084  0.087463  0.049376 -0.011018  0.059297  0.038017]
[ 0.015175  0.013688  0.041002 -0.004405 -0.034237 -0.018325]
[-0.017874  0.008089 -0.011028  0.019433 -0.003595  0.001572]
[ 0.028262  0.084397  0.069455 -0.014352  0.002805  0.032019]
[ 0.049361  0.112013  0.070531 -0.014928  0.015464 -0.003051]
[ 0.087717  0.087119  0.09681  -0.00889   0.009187 -0.02492 ]
[ 0.032394  0.056275  0.116411 -0.022603  0.003593  0.023987]
[ 0.0747    0.055492  0.07832  -0.013306  0.004033  0.015299]
[ 0.058176  0.048284  0.062845 -0.022984  0.01307  -0.027907]
[ 0.02687   0.061136  0.057125  0.004586  0.002669  0.007664]
[ -3.635191e-03   2.889247e-02   1.066093e-02  -1.404355e-02   1.343007e-02
   9.550898e-05]
[ 0.038247  0.046667  0.041315 -0.013544  0.005314  0.024738]
[ 0.018521  0.110643  0.071891 -0.042326  0.020875  0.010126]
[ 0.089257  0.098567  0.1096   -0.010849 -0.023808 -0.022019]
[ 0.027402  0.064669  0.048052 -0.000783 -0.017636 -0.019475]
[ 0.129595  0.135424  0.122343  0.010963 -0.010494 -0.01287 ]
[ 0.05805   0.082805  0.055339 -0.038965  0.048013  0.02328 ]
[-0.013574  0.017866  0.01019  -0.001554 -0.019966 -0.002024]
[-0.096823 -0.018439 -0.034211 -0.017417  0.016041  0.02394 ]
[ 0.008934  0.025928  0.036835  0.044584  0.028868 -0.013868]
[-0.038898 -0.071641 -0.052973 -0.004844 -0.016294  0.001364]
[ 0.087295  0.122842  0.070807  0.004289 -0.005787 -0.041624]
[-0.018055  0.053515  0.011814 -0.017978 -0.012841  0.010929]
[-0.038688  0.021438 -0.036436 -0.046938  0.00201   0.00382 ]
[-0.050201  0.042591  0.003968  0.009344 -0.008818 -0.023078]
[ 0.071953  0.095436  0.064375 -0.027009  0.002268 -0.016648]
[ 0.04742   0.024014  0.044958  0.000795  0.005018  0.021182]
[ 0.034952  0.039105  0.022698 -0.008695  0.009234  0.023338]
[-0.024062 -0.007056  0.022802  0.029262  0.023332 -0.039108]
[ 0.075287  0.056943 -0.003575 -0.047209 -0.028687 -0.07655 ]
[-0.024649  0.050992  0.042974 -0.02744  -0.019429 -0.003301]
[-0.011352  0.031825  0.048729  0.046551  0.055033 -0.044395]
[ 0.087694  0.061635  0.059128  0.018686 -0.0042    0.027546]
[-0.041088  0.011496  0.066314  0.023657  0.019718 -0.04398 ]
[ 0.061981  0.016792  0.077819  0.015295  0.017849 -0.004305]
[ 0.009393  0.035978 -0.016506 -0.012359  0.007903 -0.013768]
[ 0.057068  0.064665  0.07669  -0.01011  -0.001192  0.007483]
[ 0.001347  0.068281  0.08805  -0.022659  0.022469  0.012094]
[ 0.116023  0.039505  0.121956 -0.010939  0.017316 -0.023862]
[ 0.038616  0.059123  0.071332 -0.004782 -0.021817  0.039927]
[-0.080228  0.057818 -0.067561 -0.021839 -0.035919 -0.038212]
[-0.006296 -0.008172  0.007775  0.004295 -0.01134   0.020285]
[ 0.072614  0.132481  0.048317 -0.003497  0.013259 -0.008079]
[-0.007611  0.037597  0.039758  0.052723  0.013482 -0.025401]
[ 0.040799  0.044043  0.038319 -0.002649  0.002191  0.03271 ]
[ 0.05695   0.087607  0.071354 -0.025106 -0.01531  -0.004286]
[ 0.004364 -0.032716 -0.009799  0.015692  0.023552  0.004815]
[ 0.061188  0.071042 -0.002552  0.066654  0.00292   0.006604]
[ 0.016895  0.024872  0.047761 -0.01451   0.022974 -0.02412 ]
[-0.004988 -0.048568  0.026449 -0.046702  0.009595 -0.013206]
[-0.023655 -0.07966  -0.046887 -0.003953  0.014197  0.002088]
[ 0.032403  0.029988  0.053189  0.01286   0.000765 -0.015515]
[ 0.071716  0.02838   0.06168   0.028669 -0.015123  0.006961]
[ 0.03699   0.064084  0.05281  -0.01153   0.007261  0.011922]
[ 0.064489  0.063953  0.116883  0.010254  0.024133 -0.00719 ]
[ 0.026813  0.016425  0.044504  0.002848 -0.006371  0.003931]
[ 0.015778  0.085879  0.097467 -0.023523 -0.036871  0.019343]
[ 0.026967  0.048622  0.039904 -0.015764 -0.019518  0.040993]
[-0.041948 -0.018331  0.035104 -0.001523  0.014874  0.015155]
[-0.031792  0.049243  0.046167 -0.002618 -0.000485 -0.005452]
[ 0.028678 -0.002451  0.047632  0.018655 -0.021086 -0.002401]
[ 0.011853  0.001683 -0.027368 -0.021589 -0.028722  0.012719]
[ 0.004484  0.036807 -0.032611 -0.024179 -0.007162 -0.014964]
[ 0.01673   0.074696  0.032873 -0.011058 -0.037517  0.010918]
[ 0.026694  0.013569  0.057917  0.021763 -0.021273 -0.00873 ]
[ 0.027859 -0.010287  0.006304  0.03705  -0.020616 -0.021254]
[-0.013501  0.030697  0.020066 -0.03908  -0.027994  0.015013]
[ 0.022507  0.029226  0.10079  -0.023586  0.001425  0.001564]
[-0.030349 -0.019667 -0.061769  0.016921 -0.037961  0.029953]
[  6.982037e-02   5.615358e-05   5.009215e-02   3.505711e-03   6.794725e-03
  -1.130277e-02]
[-0.005064  0.06065   0.063787  0.032001 -0.011474  0.022555]
[ 0.092421  0.045015  0.101435 -0.003194 -0.002262 -0.011577]
[-0.041217  0.023316 -0.092178  0.00546  -0.016151 -0.038469]
[ 0.009078  0.039883  0.073059 -0.011345 -0.01483   0.001215]
[ 0.064804  0.068491  0.129922  0.003318  0.003478  0.011995]
[ 0.001714 -0.112015 -0.142174 -0.002482 -0.039841  0.066483]
[ 0.033527  0.066463  0.07727  -0.001674  0.023385  0.041651]
[ 0.012021  0.02862   0.017011 -0.003678 -0.012036 -0.023721]
[-0.084855 -0.082003 -0.154428  0.007665 -0.006079 -0.019277]
('Mean', 1, ': ', -0.084855450060784057)
('Median', 1, ': ', -0.084855450060784057)
('Variance', 1, ': ', 0.0)
('Mean', 2, ': ', -0.082003282629577984)
('Median', 2, ': ', -0.082003282629577984)
('Variance', 2, ': ', 0.0)
('Mean', 3, ': ', -0.15442773340409507)
('Median', 3, ': ', -0.15442773340409507)
('Variance', 3, ': ', 0.0)
('time: ', 8354.285916090012)
