“Running plot script on a single CPU core”
[ 0.040556  0.039169  0.062789 -0.006823 -0.025576 -0.01854 ]
[-0.053855 -0.001747 -0.060778  0.024852  0.016747  0.017566]
[ 0.098842  0.103174  0.105147 -0.017032 -0.011056 -0.006894]
[-0.002449  0.054315  0.060256  0.022653  0.000183 -0.011781]
[ 0.045293  0.08287   0.094751 -0.006887 -0.01697   0.024008]
[ 0.059334  0.072674  0.056598  0.001954 -0.023778 -0.006294]
[ 0.034787  0.05555   0.054528  0.002096 -0.001944  0.017616]
[-0.054211 -0.036092  0.018136 -0.018603  0.010727  0.026725]
[-0.013812  0.037688  0.110002 -0.023581  0.009529 -0.013691]
[ 0.054772  0.070612  0.091485 -0.02235   0.00822  -0.004142]
[ 0.044566  0.068113  0.097643  0.010898  0.012936 -0.011567]
[-0.056207  0.025101 -0.025547  0.001567  0.009075 -0.004661]
[-0.020456  0.0505    0.012902  0.028471  0.013527  0.00969 ]
[ 0.079842  0.076466  0.079122  0.026874 -0.02043  -0.007587]
[-0.061428  0.050783 -0.007661  0.012962 -0.027982 -0.029832]
[ 0.030871  0.013924  0.053001 -0.011465  0.003229 -0.002618]
[-0.034659  0.054254  0.075392 -0.041281  0.006394 -0.013404]
[ 0.020566 -0.000697  0.070034 -0.011362 -0.022727  0.007813]
[-0.027268 -0.024376 -0.013781 -0.013142  0.008978 -0.0042  ]
[ 0.051463  0.060161  0.028608  0.000157  0.00169  -0.014571]
[-0.051697 -0.026032 -0.008613  0.015074  0.001082  0.020582]
[-0.064759 -0.008107 -0.008299  0.002188 -0.0108   -0.031483]
[ 0.045381  0.073736  0.093145 -0.005342  0.013392 -0.001169]
[ 0.019557  0.101318  0.07297  -0.024143  0.054662  0.023911]
[ 0.053584  0.056603  0.03433  -0.025354 -0.017894  0.007269]
[ 0.009385  0.095683  0.056704  0.002972 -0.002566 -0.005688]
[ 0.021093  0.084363  0.016261  0.018738 -0.038779  0.010445]
[ 0.069075  0.067392  0.053398  0.021752 -0.005015 -0.001184]
[ 0.066894  0.057137  0.055278  0.00417  -0.008414 -0.021751]
[ 0.00208  -0.023987  0.00971   0.032684  0.039391 -0.016662]
[ 0.006305  0.120537  0.053668 -0.018069 -0.060808  0.007751]
[-0.032997  0.04253  -0.030958  0.014365 -0.020134 -0.01809 ]
[ 0.078316  0.07053   0.106236 -0.009168 -0.001364 -0.001155]
[ 0.010636 -0.000881  0.017717 -0.002134 -0.01476   0.025275]
[-0.01347   0.035247  0.07528  -0.003496 -0.022087 -0.013233]
[ 0.081032  0.102922  0.115232 -0.000791 -0.004807 -0.003764]
[ 0.024974 -0.023522  0.012266  0.004515  0.017955  0.020788]
[ 0.011262  0.077454  0.020927 -0.000511 -0.023715  0.004764]
[ 0.040955  0.04977   0.059218 -0.02432   0.011744 -0.021686]
[-0.018211 -0.017058 -0.002766  0.012233  0.017349  0.010009]
[-0.048058  0.104721  0.091328  0.038131 -0.027797 -0.031495]
[ 0.042419  0.005932  0.05402  -0.001926  0.033902 -0.034815]
[-0.014604 -0.016722  0.025075  0.023474  0.001232 -0.017549]
[ 0.044091  0.039073  0.004446  0.02251   0.008075 -0.016543]
[-0.034574 -0.034458  0.008845  0.00499  -0.007451 -0.030751]
[-0.048323  0.000413 -0.029443  0.019308 -0.06034   0.007647]
[ 0.02618   0.04509   0.055767 -0.024444  0.016038  0.004765]
[-0.006321  0.055049  0.036854  0.012358  0.008453  0.001126]
[ 0.008055 -0.052957 -0.106916  0.014287 -0.011544  0.026715]
[ 0.05196   0.087546  0.163639  0.024675 -0.012528 -0.002686]
[-0.012938  0.045246  0.068163  0.028311 -0.004824  0.022819]
[ 0.028826  0.034414  0.04783  -0.012733  0.029691  0.029108]
[-0.024748  0.036943  0.005869 -0.005376 -0.002905 -0.007928]
[ 0.048587  0.050403  0.026989  0.001202 -0.004478  0.047314]
[ 0.077781  0.119059  0.122583 -0.011142 -0.00142   0.010673]
[-0.021735 -0.03536  -0.027271  0.015526  0.020666  0.034745]
[ 0.070853  0.055284  0.03356   0.009212 -0.015343 -0.013887]
[ 0.019902  0.076247  0.031676 -0.004166 -0.013901  0.025214]
[ 0.018128  0.027661  0.037335 -0.016007  0.009248  0.010944]
[-0.012922 -0.002448 -0.034545  0.012627 -0.008758  0.028996]
[ 0.030828  0.011418  0.068628  0.005093  0.008691 -0.013439]
[ 0.038563  0.041929  0.042237  0.015192 -0.027167  0.026401]
[ 0.057589  0.039768  0.068571  0.020842 -0.004709  0.021187]
[ 0.000598 -0.00185   0.021043  0.01066  -0.018871 -0.006943]
[ 0.028752  0.032462  0.026818  0.019182  0.022872  0.024108]
[-0.000402  0.040205  0.053362 -0.000399  0.031739  0.008691]
[-0.024869  0.000687 -0.003506 -0.000678 -0.025965 -0.018577]
[ 0.067062  0.057983  0.072423  0.002891  0.008647  0.002858]
[ 0.021145  0.094063  0.095164 -0.023421  0.026413  0.008173]
[ 0.06443   0.019272  0.062082  0.006073  0.026285 -0.043449]
[ 0.136899  0.139828  0.127746 -0.010507  0.004819 -0.025057]
[ 0.001198  0.071983  0.091096  0.019438  0.029633  0.004386]
[ 0.033503  0.130091  0.08867  -0.003618  0.006768 -0.001066]
[ 0.032735  0.093321  0.098735  0.004762  0.025771  0.023607]
[ 0.02603  -0.016674  0.0348    0.012335  0.014343  0.000622]
[ 0.074266  0.030456  0.075824  0.001244 -0.004378 -0.014646]
[ 0.111489  0.073561  0.071336  0.025491 -0.011884  0.016505]
[-0.018813  0.01427  -0.01909   0.031028  0.016732 -0.001211]
[-0.059725 -0.015533 -0.040635 -0.00823   0.01356   0.011745]
[ 0.082084  0.125207  0.013365 -0.010182  0.035814  0.000673]
[ 0.015456  0.037644  0.070758  0.000944  0.009463 -0.019645]
[ 0.064513  0.086961  0.083619 -0.005884  0.042553 -0.018343]
[ 0.03642   0.036272  0.053305 -0.02216   0.001146 -0.000885]
[ 0.060655  0.017945  0.053774  0.001919 -0.004028 -0.006198]
[-0.009721 -0.007441  0.039048  0.003298 -0.010231 -0.019088]
[ 0.055143  0.063422  0.060588 -0.002658 -0.004582 -0.006092]
[-0.04021   0.066345  0.075049  0.012081 -0.029469 -0.018248]
[ 0.045472  0.089239  0.082474 -0.002436 -0.002613  0.004598]
[ 0.019723 -0.001568  0.038443  0.001066 -0.015953  0.000773]
[-0.005289  0.081133  0.119097  0.021376  0.014114  0.030604]
[-0.025644 -0.005132  0.023713  0.037261 -0.00043  -0.006614]
[-0.021356 -0.008986  0.004086 -0.019907 -0.014508 -0.008715]
[-0.031385  0.001811  0.00524   0.013491 -0.004372  0.00185 ]
[ 0.017813 -0.007708  0.043047 -0.004426 -0.001698  0.005363]
[-0.006734 -0.006922 -0.023452  0.007083 -0.014814 -0.013713]
[ 0.013049  0.023849  0.029879  0.009909  0.000116 -0.013806]
[ 0.020955  0.029436  0.053079 -0.01311   0.009591  0.002976]
[ 0.069952  0.058243  0.073661 -0.003473  0.001063 -0.011251]
[ 0.065772  0.000997  0.103217  0.032241  0.00115   0.032989]
[ 0.086752  0.052492  0.061289  0.029922  0.033231  0.023176]
('Mean', 1, ': ', 0.086752260747793242)
('Median', 1, ': ', 0.086752260747793242)
('Variance', 1, ': ', 0.0)
('Mean', 2, ': ', 0.052491665588750021)
('Median', 2, ': ', 0.052491665588750021)
('Variance', 2, ': ', 0.0)
('Mean', 3, ': ', 0.061288539871615137)
('Median', 3, ': ', 0.061288539871615137)
('Variance', 3, ': ', 0.0)
('time: ', 13700.123412132263)
