“Running plot script on a single CPU core”
[-0.697817 -0.718244 -0.488283 -0.9877   -0.870514 -0.782373 -0.105486
 -0.014692  0.03608   0.012309  0.270742  0.065507 -0.153658  0.220126
  0.030655 -0.111504  0.024087 -0.038399  0.087013  0.020957]
[-1.004256 -0.79965  -1.006426 -0.815904 -1.026865 -0.921999 -0.040203
  0.066774  0.052429  0.174734  0.21502   0.103764 -0.15319   0.223563
  0.064765 -0.122235  0.121714 -0.06372  -0.036106 -0.031741]
[ -7.463117e-01  -6.757104e-01  -6.648652e-01  -7.250487e-01  -7.533662e-01
  -6.443106e-01   1.088281e-02   4.488242e-02   2.592400e-02   3.569380e-02
   2.042468e-02   2.265262e-02   9.266102e-02   2.734993e-02   1.165025e-01
   7.238064e-03   2.319350e-02  -1.515716e-02  -1.492698e-04  -2.188442e-02]
[-0.716055 -0.582239 -0.630897 -0.734889 -0.688583 -0.586838 -0.023314
 -0.015039 -0.005358 -0.014589 -0.031766  0.020649 -0.083699  0.006859
 -0.036037 -0.096929 -0.012169 -0.071317  0.009347  0.015339]
[-0.762736 -0.987958 -0.672456 -0.728833 -0.443081 -0.510877 -0.042562
  0.004689 -0.046692  0.075998  0.047106 -0.009501  0.043204  0.011708
  0.043722  0.056438  0.119276 -0.039511 -0.034306 -0.016004]
[-0.642662 -0.828521 -0.894495 -0.835255 -0.753577 -1.080622  0.084466
  0.00555   0.098418 -0.05458   0.010631  0.025745 -0.074699  0.027849
  0.006935 -0.071354 -0.04345   0.064837 -0.029822 -0.011107]
[-1.019238 -0.661516 -0.833627 -0.721333 -0.93856  -0.553142 -0.023519
 -0.143802  0.023483 -0.077853  0.067917  0.028364  0.017144 -0.025499
 -0.121638  0.032282 -0.075992  0.055091 -0.036542  0.028994]
[-0.934319 -1.010756 -0.738987 -0.831245 -0.588592 -0.744842 -0.03457
  0.018489 -0.043589  0.069444 -0.106536  0.016467  0.14124  -0.088234
  0.008887  0.07862   0.074838 -0.112174  0.024111  0.002661]
[-0.883899 -0.880485 -0.673488 -0.919125 -0.767637 -0.782798 -0.046101
 -0.023633 -0.038509  0.016872 -0.044357 -0.049609 -0.082224 -0.063436
 -0.023595 -0.068067 -0.009224 -0.003602 -0.039755 -0.022556]
[-0.936247 -0.860038 -0.812006 -0.889501 -0.79167  -0.772743 -0.004113
 -0.025816 -0.040785  0.137751  0.031096 -0.094276 -0.012824 -0.04055
 -0.045434 -0.054008  0.097692 -0.004112 -0.002928  0.000948]
[-0.942297 -1.039054 -0.875432 -1.000654 -0.783264 -0.785816 -0.048247
  0.172646  0.242372  0.161905 -0.203335  0.246178  0.126305 -0.152432
  0.172767  0.157107  0.170827 -0.049914 -0.087472 -0.004459]
[-1.081289 -0.928376 -0.927382 -0.907373 -1.065705 -0.919124 -0.007695
 -0.012938  0.060797 -0.01438   0.009436  0.023507 -0.121885 -0.044867
  0.034281 -0.092929 -0.014231 -0.007108  0.006801  0.021434]
[ -7.777890e-01  -8.403051e-01  -8.077877e-01  -7.786197e-01  -8.395746e-01
  -7.712836e-01   3.188774e-02  -3.403853e-03  -2.325599e-02  -3.431313e-04
   1.691499e-02  -3.174043e-02  -7.897664e-02  -3.350570e-02   6.921425e-04
  -5.063073e-02   3.909445e-02  -3.214831e-02  -3.081715e-02   9.628286e-03]
[ -1.160502e+00  -6.762154e-01  -8.471598e-01  -8.114057e-01  -1.091967e+00
  -5.952617e-01   7.208675e-02   3.009663e-03   8.482347e-02  -1.048149e-01
   7.695558e-02   1.301863e-01   6.805437e-02   3.656334e-02  -9.713132e-04
   4.501063e-02  -1.124004e-01   1.064309e-01  -1.436227e-02  -2.687465e-02]
[-0.835129 -1.016517 -1.026919 -0.614862 -0.639821 -0.880426  0.154753
 -0.034309  0.009694 -0.131863 -0.026994 -0.043041  0.142763  0.020517
 -0.068655  0.048264 -0.163926  0.22849   0.012402 -0.040773]
[-1.074912 -0.787962 -0.736653 -1.053976 -0.914386 -0.749677  0.071205
 -0.040413 -0.061879  0.007351  0.148305 -0.031562  0.103149  0.205866
  0.007677  0.003538  0.05555  -0.003575 -0.020333 -0.030386]
[ -7.894399e-01  -8.990593e-01  -8.153188e-01  -8.354384e-01  -8.256810e-01
  -7.714018e-01   2.102710e-02  -2.538567e-02   1.257631e-02   3.937851e-02
  -8.545892e-02  -1.675526e-02   1.818724e-01  -6.566121e-02  -3.898601e-02
   2.241545e-01   1.110484e-01  -6.051235e-05   2.301988e-02   3.520607e-02]
[-0.94675  -0.845623 -0.972078 -0.972688 -1.128949 -1.109814  0.030295
 -0.077032  0.038066  0.012426  0.030951  0.0886   -0.132117 -0.016412
 -0.136196 -0.194721 -0.026681  0.015243 -0.08801   0.071553]
[ -8.921502e-01  -1.235534e+00  -1.009696e+00  -8.017601e-01  -8.684641e-01
  -1.198505e+00   2.306899e-02  -1.499207e-01   2.007161e-01   5.270174e-02
  -9.375415e-04   1.230102e-01  -1.936985e-01  -4.001161e-02  -2.597534e-01
  -1.905381e-01   8.812514e-02   6.250341e-03  -1.070233e-01  -4.439739e-02]
[-0.814654 -0.782613 -0.400711 -0.853978 -0.516529 -0.482781 -0.025952
  0.07366  -0.041745 -0.014563  0.200031 -0.034972 -0.069063  0.177403
  0.030314 -0.070688  0.024411  0.018516  0.045742  0.013164]
[-0.753267 -0.742266 -0.720062 -0.752461 -0.99787  -0.807776  0.13631
 -0.112264  0.147853  0.018046  0.114873  0.168811  0.105209  0.061106
 -0.151256  0.123177 -0.044741  0.214315  0.101702  0.052554]
[ -1.017853e+00  -8.219436e-01  -5.573414e-01  -9.824085e-01  -7.126613e-01
  -6.385591e-01   2.193067e-02   2.172562e-02   1.119119e-02  -9.891874e-03
  -1.172314e-01   4.476122e-02   2.678932e-02  -9.509679e-02  -3.881759e-04
  -3.679948e-02  -3.785263e-03   1.217838e-02   1.081766e-02   1.283188e-02]
[-0.92756  -0.945091 -0.971123 -1.007916 -0.983845 -0.996102 -0.069162
  0.043862  0.036768  0.033352 -0.011221 -0.044241 -0.011273 -0.013764
  0.010028 -0.026752  0.075813 -0.094238 -0.013865 -0.027993]
[-0.849625 -0.876675 -0.799976 -0.919148 -1.060787 -1.022026  0.047995
 -0.193267  0.115018  0.142436  0.077952 -0.049236 -0.038796  0.073104
 -0.244009 -0.104206  0.084527  0.018813  0.023188  0.01105 ]
[-0.819892 -0.960979 -0.781746 -0.960765 -0.782535 -0.886162 -0.027827
 -0.019655 -0.101928 -0.071563  0.078786 -0.109055  0.012431  0.03141
 -0.003779  0.001264 -0.124436 -0.01358  -0.021763 -0.00977 ]
[-1.16539  -1.142124 -0.774951 -1.184751 -0.896271 -0.803516  0.141397
  0.090724 -0.024187 -0.025156 -0.054882  0.027897 -0.091548 -0.036157
  0.003514 -0.147622  0.028355  0.159566 -0.098996 -0.037862]
[-0.794294 -0.628634 -0.739084 -0.740575 -1.058507 -0.790224 -0.062318
 -0.157688 -0.122548  0.006272 -0.032136 -0.113266 -0.05125  -0.114674
 -0.194423 -0.140993 -0.026972 -0.098735 -0.006045 -0.041049]
[-0.941662 -0.825589 -0.831023 -0.790398 -0.648381 -0.710822  0.108886
  0.006785 -0.003071  0.046121 -0.031817  0.002055  0.050892 -0.016218
 -0.066035  0.042412 -0.010754  0.098692  0.011786 -0.056034]
[-0.755342 -0.619498 -0.742253 -0.542752 -0.670033 -0.479414  0.029914
  0.058124  0.008731 -0.026485  0.096334  0.030077 -0.042351  0.076481
  0.047536 -0.026786  0.007211 -0.037825 -0.053902 -0.019276]
[-0.780137 -0.967339 -0.858289 -0.746633 -0.766221 -0.893628 -0.033823
 -0.043074 -0.13471   0.054123  0.057326 -0.135446  0.050792  0.01873
 -0.054784  0.062007  0.066152 -0.013716  0.021859  0.008949]
[ -1.106472e+00  -8.390160e-01  -9.134528e-01  -1.080804e+00  -1.167225e+00
  -8.717353e-01  -8.187785e-02   1.085704e-02   1.571237e-02  -3.382300e-02
   5.151425e-03  -1.666581e-02   6.668852e-02   4.144850e-02  -1.223647e-04
   2.907196e-02  -4.774977e-02  -8.864392e-02  -9.426640e-02  -2.877417e-02]
[-0.872406 -0.657731 -0.989881 -0.55572  -0.901068 -0.599385 -0.072826
  0.06768   0.025997  0.015363  0.102042  0.029543  0.018566  0.052785
  0.035516  0.032831 -0.008436 -0.030179  0.003863 -0.015444]
[-0.887578 -0.862717 -0.886    -0.910614 -0.896056 -0.912787  0.019634
  0.086678 -0.024855 -0.005224 -0.025094 -0.053519  0.027202 -0.089918
  0.069155  0.008069 -0.128838  0.027483 -0.00862  -0.017034]
[-0.810693 -0.700231 -0.634329 -0.822682 -0.64019  -0.640268  0.041048
  0.151002 -0.101882 -0.151567 -0.255571 -0.074685  0.083697 -0.272441
  0.140895  0.062305 -0.075777  0.089492 -0.039661 -0.046389]
[-1.265676 -0.812927 -1.032032 -0.660028 -1.14552  -0.53395   0.064276
  0.07898   0.010349 -0.038187  0.021472  0.028829 -0.091481  0.069368
  0.148542 -0.07239  -0.016629  0.216311  0.053307  0.041783]
[-0.88389  -0.801782 -0.687726 -0.97318  -0.910207 -0.842185  0.005386
  0.053498  0.016712  0.047556  0.008962  0.043655  0.01592  -0.014079
  0.05495   0.061094  0.097636  0.05906   0.064072 -0.019953]
[-0.820095 -0.644949 -0.919128 -0.651037 -0.807831 -0.800544 -0.054786
 -0.022809 -0.029915  0.011112  0.018894 -0.096255 -0.013508  0.016954
 -0.04157   0.01257   0.064533 -0.015671 -0.006498 -0.010293]
[-1.043608 -0.972829 -0.890812 -1.141116 -0.998923 -1.000094  0.087621
 -0.028184 -0.238448  0.009459  0.057899 -0.168834  0.074089 -0.015261
 -0.065523 -0.005109  0.043984  0.176005  0.0138   -0.007653]
[-0.874491 -1.133051 -0.558678 -1.207949 -0.554712 -0.774814 -0.03446
 -0.085098 -0.113305  0.078623 -0.117819 -0.103755  0.069678 -0.206285
 -0.043944  0.053749  0.08354  -0.059221 -0.05929  -0.009092]
[ -1.014166e+00  -1.081560e+00  -1.103905e+00  -8.189198e-01  -8.591901e-01
  -9.586432e-01   5.909183e-02  -1.978957e-02  -6.058627e-02   2.159039e-02
   3.195451e-02  -6.665906e-03  -1.192334e-02   4.119753e-02  -5.108140e-02
  -3.334651e-02   5.288711e-04   5.406337e-02   1.655019e-02   4.384469e-03]
[ -8.176924e-01  -9.021842e-01  -8.326740e-01  -7.602699e-01  -5.698212e-01
  -6.037252e-01  -9.179216e-02  -1.618184e-01  -3.256748e-02  -2.509357e-02
  -1.769940e-02  -3.491235e-02  -5.422981e-02  -5.236654e-02  -2.840106e-01
  -8.160253e-02  -6.356005e-04  -6.594287e-02  -9.496157e-03  -1.802881e-02]
[-1.199386 -0.929804 -1.046777 -1.101362 -1.084711 -0.757457  0.056945
 -0.094764  0.161595  0.188338  0.015602  0.201028 -0.110796  0.008259
 -0.148122 -0.086647  0.16925  -0.039277 -0.008924  0.021995]
[-0.993548 -0.955808 -0.834482 -0.929179 -0.801978 -0.826568 -0.038888
  0.082153  0.05224   0.01564   0.05055   0.085279 -0.033167  0.021081
  0.063949  0.0033    0.045705 -0.058553  0.017335  0.012995]
[-0.835919 -0.825288 -0.693057 -0.796012 -0.756822 -0.738787 -0.028209
 -0.028099 -0.05194  -0.007918 -0.08116  -0.058629 -0.051153 -0.09066
 -0.036962 -0.063557  0.020493 -0.091961  0.040973  0.023479]
[-1.028229 -0.934569 -1.048588 -1.000693 -1.028458 -0.975132 -0.020928
  0.031864 -0.019048 -0.030782 -0.019131  0.005399 -0.019388 -0.013821
 -0.01167   0.055413  0.010314 -0.066019 -0.003327  0.021142]
[-1.015056 -1.123689 -1.155682 -0.797408 -0.830922 -0.868331 -0.177858
 -0.113169  0.014213 -0.073177 -0.01328  -0.024783  0.005164  0.054579
 -0.097907 -0.065134 -0.033327 -0.202133  0.004658 -0.042698]
[-1.136219 -1.012437 -0.973678 -1.047077 -0.948901 -0.829399  0.023134
  0.069492  0.033881  0.021276  0.092315  0.048278  0.022348  0.031153
  0.058867  0.028388 -0.035841  0.00727   0.032941 -0.006226]
[-1.149895 -0.911143 -0.801344 -1.246304 -1.041063 -0.93535  -0.067254
  0.059531  0.024193 -0.069738  0.254794 -0.114749  0.055473  0.240395
  0.028086 -0.037911 -0.040901  0.010367 -0.134696 -0.004042]
[ -1.092990e+00  -9.399523e-01  -8.491842e-01  -1.042186e+00  -8.479799e-01
  -8.906249e-01   2.673807e-02  -8.768120e-03   2.898588e-02   6.928494e-02
   9.029098e-02   7.632788e-02   7.491706e-03   8.724248e-02   5.136230e-02
   6.606264e-02   6.343973e-02  -6.580764e-04   1.810846e-02  -2.131442e-02]
[-0.782544 -0.69387  -0.872022 -0.61142  -0.975382 -0.817832 -0.046098
  0.019074  0.007935  0.002967 -0.065494 -0.036284  0.140085 -0.100003
  0.081584  0.042363 -0.026824 -0.234607  0.037645  0.028741]
[-0.759975 -0.671383 -0.998467 -0.571773 -0.965669 -1.032501  0.076817
  0.05731  -0.074659  0.031892 -0.072032 -0.072799  0.067558  0.057695
  0.215541  0.117991  0.090346  0.113393 -0.040319 -0.016981]
[-0.828333 -1.120812 -1.220774 -0.325016 -0.566467 -0.892869 -0.056907
  0.017688  0.042817 -0.109512  0.036231  0.067022 -0.011828  0.04543
 -0.10803  -0.035223 -0.039942  0.052295 -0.017623 -0.007096]
[-1.15469  -1.037041 -0.702311 -1.036744 -0.750991 -0.783182  0.042392
  0.033748  0.03825   0.069511 -0.042158  0.049229 -0.078748 -0.008696
 -0.039886 -0.116162  0.055301  0.052141  0.036782  0.035464]
[ -7.993920e-01  -8.094956e-01  -5.511108e-01  -9.482565e-01  -7.046450e-01
  -7.089092e-01   4.451690e-02   3.021722e-02  -2.748294e-03   2.468467e-02
  -7.721504e-02  -6.421270e-03   4.995264e-02  -5.722083e-02   4.895473e-02
   8.767855e-02  -6.706630e-04   4.319579e-02   2.074620e-02  -3.703515e-03]
[-1.053245 -0.907179 -0.970208 -0.879376 -1.118862 -0.880938  0.047141
 -0.02019  -0.009882  0.109883 -0.024211 -0.00514   0.037012  0.002035
 -0.0021    0.017148  0.130216  0.072514 -0.045203 -0.007878]
[-0.640225 -0.902118 -0.616408 -0.896016 -0.61396  -1.014631 -0.0382
 -0.05759  -0.042705  0.009853 -0.128856 -0.031546 -0.093604 -0.012788
 -0.10241  -0.041736 -0.077333 -0.049711 -0.040662 -0.035913]
[-0.814531 -0.96276  -0.836715 -0.741792 -0.64989  -0.718959 -0.07063
  0.044355  0.047966 -0.004911 -0.0178    0.038216  0.171636 -0.005645
  0.041942  0.123773  0.017326 -0.101829  0.006007  0.012728]
[-1.029977 -1.173755 -0.541782 -0.973798 -0.33282  -0.453433  0.042118
  0.069911  0.118074  0.134308 -0.045932  0.091267 -0.08552  -0.056699
  0.026055 -0.103258  0.143889  0.078152  0.02515  -0.018952]
[-0.725966 -0.862791 -0.774316 -0.875171 -0.726148 -0.886672 -0.030906
  0.046168 -0.117074  0.018191 -0.024716 -0.085967 -0.064624 -0.004398
  0.051381 -0.063484  0.022414 -0.052693 -0.033297 -0.031569]
[ -9.452843e-01  -6.456557e-01  -8.782011e-01  -7.146128e-01  -8.477067e-01
  -6.487022e-01   1.960971e-02  -7.224952e-02  -1.522971e-01  -4.768844e-02
   3.775732e-02  -1.434418e-01  -9.369310e-02  -2.088613e-05  -1.177697e-01
  -8.258835e-02  -2.830486e-02  -1.438748e-02   1.655926e-02  -3.006293e-02]
[-0.892416 -0.839977 -1.001873 -0.932431 -0.966655 -0.98127   0.254866
  0.154263  0.021127  0.036385 -0.141407 -0.088049 -0.007464 -0.1555
  0.100565 -0.049763  0.064312  0.199206 -0.006943  0.02365 ]
[ -1.003199e+00  -8.890783e-01  -6.965530e-01  -9.999754e-01  -8.184977e-01
  -8.027503e-01  -6.154940e-02   3.251652e-02  -2.468028e-02   9.360619e-02
   4.526917e-04  -4.996760e-02  -1.055242e-02   4.617073e-02   3.735699e-02
   8.476149e-03   6.325678e-02  -1.081919e-01  -2.070848e-02  -2.707036e-02]
[-0.961256 -0.832674 -0.844384 -1.017031 -1.003572 -0.830303  0.014719
 -0.013261 -0.053579  0.025326 -0.009834 -0.109786  0.049678 -0.010608
 -0.023062  0.073811  0.032745 -0.015806 -0.002289  0.004294]
[-1.395627 -1.034456 -0.93728  -1.149634 -1.139649 -1.152194 -0.016167
  0.168827  0.075392  0.009305 -0.015531  0.081807  0.011552  0.013258
  0.02766   0.01851  -0.010791 -0.011167 -0.044918 -0.053585]
[-0.967363 -1.064885 -0.963398 -1.000948 -0.815022 -1.004031 -0.030768
 -0.006683  0.064538 -0.019872 -0.042275 -0.030276 -0.089532 -0.006077
 -0.108347 -0.07715   0.063485 -0.065628  0.029129 -0.031399]
[-0.924135 -0.873548 -0.654117 -0.969994 -0.835578 -0.800501  0.004293
  0.075173 -0.062701 -0.061219 -0.156563 -0.009706  0.047718 -0.10601
  0.146819  0.056387 -0.008437  0.040967 -0.01933   0.02677 ]
[-0.895682 -1.018687 -0.803559 -0.887339 -0.803018 -0.752939 -0.037953
  0.015119  0.151592  0.07256  -0.008526  0.099759 -0.007351  0.037246
  0.010908  0.018942 -0.012117 -0.024405  0.073981  0.047486]
[ -8.992571e-01  -6.806424e-01  -7.225664e-01  -7.236269e-01  -7.833193e-01
  -5.974433e-01  -9.313432e-06  -1.480242e-03  -2.270139e-02  -3.250369e-02
  -5.199835e-03   1.303132e-02  -4.764805e-02   3.303545e-02   4.889988e-02
  -3.775254e-02  -2.449070e-02  -1.855468e-02   5.905314e-02   1.362295e-02]
[ -8.107197e-01  -8.811940e-01  -6.757096e-01  -7.534356e-01  -6.485605e-01
  -7.220238e-01   1.229098e-02  -2.663932e-02   1.291162e-01   4.449154e-02
  -1.020487e-02   1.137400e-01  -3.748495e-04  -1.946602e-02   2.220252e-02
   2.876215e-02   7.731837e-03   7.015657e-03  -1.649833e-02   1.162270e-02]
[-0.916238 -0.789675 -0.837406 -0.906306 -0.950253 -0.785891  0.067777
  0.015616  0.076861  0.056362 -0.069134  0.040697  0.18453  -0.095898
  0.016783  0.120158  0.025727  0.070449 -0.003791  0.018631]
[-0.971916 -1.019188 -0.840237 -1.09338  -0.769754 -1.110574 -0.120881
 -0.179118  0.087848  0.157946  0.03451   0.077734 -0.044887 -0.026166
 -0.008544  0.032837  0.116482 -0.089857  0.023185 -0.003828]
[-1.09335  -0.917956 -0.900135 -0.874432 -0.916699 -0.748307 -0.080709
 -0.078498 -0.069736 -0.183612 -0.073333  0.04896   0.039712 -0.160009
 -0.099102 -0.059499 -0.176088 -0.08162  -0.003985 -0.020422]
[-0.65819  -0.80634  -0.733434 -0.618046 -0.552124 -0.695595 -0.068191
  0.063925 -0.015979 -0.067102 -0.023473 -0.053874 -0.00619  -0.005749
  0.104271 -0.085112 -0.105713 -0.060621  0.024258  0.044284]
[-1.201766 -0.954976 -1.011015 -0.841824 -1.051494 -0.648455  0.161853
  0.036187 -0.015659  0.14132  -0.019861 -0.038199  0.12241   0.002347
  0.047496  0.134261  0.05006   0.03411  -0.00497  -0.032846]
[-0.853622 -0.913915 -0.575212 -0.925062 -0.620578 -0.402758 -0.194278
  0.300717  0.201228 -0.044605 -0.099162  0.16447   0.176936 -0.096794
  0.170214  0.164562  0.014605 -0.16709  -0.004692 -0.074043]
[-0.786788 -0.814274 -0.780444 -0.91553  -0.890253 -0.806875 -0.001342
 -0.089235 -0.045226 -0.093075  0.043735 -0.106549  0.062458  0.021636
 -0.072549  0.059016 -0.036162 -0.017562 -0.066784 -0.012238]
[-1.052571 -1.299195 -1.090057 -1.101365 -0.80505  -1.348243 -0.098958
  0.066994 -0.053195  0.001382  0.120293 -0.071936  0.079649  0.209869
  0.043553  0.051105  0.008971 -0.109103  0.031106 -0.002917]
[ -7.462870e-01  -5.860686e-01  -4.640270e-01  -7.941798e-01  -6.597877e-01
  -5.319060e-01  -4.136565e-03   5.227702e-03   5.525751e-02  -1.464607e-01
  -7.956868e-02  -2.979400e-02  -6.282515e-04  -1.046616e-01   1.238475e-02
   2.039397e-02  -2.151291e-01  -3.237526e-02   7.681441e-03  -1.237923e-02]
[-1.036403 -0.997801 -0.832539 -1.296454 -1.234972 -1.214186 -0.001323
 -0.02648   0.065723 -0.061939  0.072549  0.078605  0.007881  0.053626
 -0.035893  0.011118 -0.116968 -0.015935  0.056318  0.022336]
[-1.175635 -1.162636 -0.978628 -1.146276 -0.963478 -1.126268  0.034971
 -0.113302  0.049207  0.047073  0.107636  0.111969  0.017246  0.065198
 -0.016768 -0.036917 -0.003054  0.029847 -0.035332 -0.044039]
[-1.240132 -1.153689 -1.006892 -1.186422 -1.003287 -0.862075 -0.001971
 -0.008675 -0.036957 -0.043335  0.037615 -0.015134  0.041066  0.149777
 -0.017391  0.105895 -0.068399 -0.039951  0.009962 -0.04126 ]
[ -1.044786e+00  -8.405085e-01  -6.861329e-01  -8.914840e-01  -8.767984e-01
  -7.923355e-01  -1.189736e-03   8.234300e-02  -5.778465e-04   1.257432e-01
   5.905642e-02   3.012869e-02  -1.456355e-01   6.963052e-02   6.016368e-02
  -7.673881e-02   9.382401e-02  -4.150416e-02  -1.682021e-02  -2.556299e-02]
[-0.778448 -0.631645 -0.714779 -1.04342  -1.231855 -1.001952  0.073564
  0.098103 -0.087639 -0.128961 -0.08032  -0.086458  0.07255  -0.076882
  0.156225  0.095666 -0.09085  -0.012547  0.020577  0.033917]
[-0.718729 -0.935922 -0.721407 -0.838499 -0.536927 -0.800247  0.03182
 -0.0536    0.015091 -0.035986  0.057264 -0.02564  -0.120338  0.033668
 -0.054632 -0.153448 -0.03492   0.032019  0.001533  0.013918]
[-0.854863 -1.068954 -0.807734 -0.875712 -0.887882 -1.000065 -0.060995
 -0.088898 -0.04371  -0.217629  0.058371 -0.003441 -0.012484  0.085192
 -0.069785  0.16786  -0.176209  0.138864 -0.044652  0.005171]
[-1.138801 -0.81111  -0.753783 -0.931404 -1.024514 -0.549499 -0.009326
 -0.057219  0.047298 -0.021216  0.076699  0.05593  -0.010578  0.043836
 -0.088961  0.023185 -0.017194 -0.012291  0.03748   0.001522]
[-0.958336 -0.762524 -0.790025 -0.83033  -0.767319 -0.515448 -0.155089
  0.089681  0.05756   0.071491 -0.019662  0.037466  0.008969  0.006948
  0.115936  0.072867  0.053963 -0.119667  0.041352 -0.018525]
[-0.836035 -0.629927 -0.73549  -0.764597 -0.797479 -0.621986  0.032237
 -0.032124 -0.020609 -0.012215  0.03825  -0.002656 -0.002492  0.032025
 -0.054203 -0.059788 -0.013644  0.045571  0.004678  0.004194]
[-0.88473  -0.841886 -0.775073 -0.918748 -0.886307 -0.855631 -0.057841
 -0.081241 -0.039723  0.006462  0.044052 -0.010946 -0.01887   0.028366
 -0.062631 -0.022849 -0.003436 -0.051202 -0.018966  0.025764]
[-1.041063 -0.831177 -1.10518  -0.851804 -1.176213 -1.027228 -0.019718
 -0.001809 -0.07727   0.185171  0.078109 -0.07826   0.001359  0.067972
 -0.013457 -0.033405  0.109061  0.055797 -0.027429 -0.014683]
[ -1.150447e+00  -1.115440e+00  -1.068594e+00  -1.077959e+00  -1.397958e+00
  -1.240872e+00  -9.443894e-02   5.816528e-03   1.843532e-02  -1.333827e-01
  -1.260076e-01   6.377682e-02   2.375437e-02  -7.147230e-02   4.958219e-04
   1.370675e-02  -1.033353e-01  -7.207519e-02   1.086505e-01   1.273144e-02]
[-0.882741 -0.716996 -0.765006 -0.75738  -0.723203 -0.758274 -0.059081
 -0.010428  0.077296  0.105    -0.044255  0.072955 -0.017962 -0.014521
  0.019455  0.033608  0.071114 -0.081154 -0.057353 -0.034138]
[-0.498526 -0.666645 -0.676617 -0.592602 -0.635504 -0.843485  0.137013
  0.089162 -0.178477 -0.012349 -0.016503 -0.149023  0.035799  0.045129
  0.032507 -0.061727  0.081281  0.136422  0.027171 -0.050177]
[-1.151566 -1.077703 -0.873318 -1.122106 -0.946658 -0.83701  -0.052437
  0.079118 -0.091585  0.011649  0.080242 -0.042196 -0.019627  0.032028
  0.033256 -0.02453   0.032511  0.002999 -0.007126 -0.026395]
[-0.938126 -0.817677 -1.096654 -0.715565 -1.006611 -0.852946 -0.09732
  0.003278  0.034809  0.130993 -0.018772  0.035575 -0.003935 -0.040113
 -0.027821 -0.014387  0.117156 -0.047138 -0.039817  0.009966]
[-0.998529 -0.995915 -0.771825 -1.090745 -0.88238  -0.756991 -0.145425
  0.101005  0.088003 -0.01219  -0.174521  0.057685  0.190435 -0.077227
  0.098719  0.385458  0.06321  -0.230265  0.054277  0.015891]
[ -1.238626e+00  -1.060386e+00  -9.419454e-01  -1.096324e+00  -1.099779e+00
  -7.935751e-01  -8.830107e-02  -1.072731e-01   4.714120e-02   2.937258e-02
  -2.210853e-02  -2.598451e-02  -1.040818e-01   2.839398e-03  -1.714251e-01
  -4.281537e-02   4.264987e-02  -8.640511e-02   6.668188e-02  -2.608638e-04]
[-0.840579 -1.115591 -0.793772 -1.227085 -0.868394 -1.229603 -0.004014
 -0.067672  0.085913 -0.078669  0.075051  0.144693  0.026834  0.158088
 -0.099826  0.054938 -0.051099  0.050395 -0.013632 -0.001855]
[-0.574958 -0.551294 -0.67248  -0.766409 -0.914082 -1.000371 -0.028782
  0.01422  -0.066441  0.02967   0.064423 -0.10187   0.026084  0.052461
 -0.005904 -0.015233 -0.008532 -0.059413  0.064007  0.020495]
[-1.117664 -1.026376 -0.770491 -1.100326 -0.80976  -0.62539  -0.01869
  0.141484 -0.062421  0.081617  0.02045  -0.059316 -0.067136 -0.022811
  0.14862  -0.084438  0.02102  -0.029336 -0.01338  -0.00816 ]
('Mean', 1, ': ', -1.1176638509546608)
('Median', 1, ': ', -1.1176638509546608)
('Variance', 1, ': ', 0.0)
('Mean', 2, ': ', -1.026375618583568)
('Median', 2, ': ', -1.026375618583568)
('Variance', 2, ': ', 0.0)
('Mean', 3, ': ', -0.77049139784126786)
('Median', 3, ': ', -0.77049139784126786)
('Variance', 3, ': ', 0.0)
('Mean', 4, ': ', -1.100325878314371)
('Median', 4, ': ', -1.100325878314371)
('Variance', 4, ': ', 0.0)
('Mean', 5, ': ', -0.80976013279003434)
('Median', 5, ': ', -0.80976013279003434)
('Variance', 5, ': ', 0.0)
('Mean', 6, ': ', -0.62539040054828521)
('Median', 6, ': ', -0.62539040054828521)
('Variance', 6, ': ', 0.0)
('time: ', 7723.315937042236)
