“Running plot script on a single CPU core”
[-0.557494  0.312835  0.037329  0.330793  0.323979  0.227767  0.328851
  0.291705  0.313304  0.326682  0.118864 -0.332608  0.032934  0.305123
 -0.013783  0.088203  0.215245 -0.20543   0.320589 -0.150608]
[ 0.036359 -0.055685  0.303591 -0.418387 -0.195752 -0.107357  0.329377
  0.333332 -0.364782  0.235961  0.318552  0.090816  0.333116  0.286955
  0.097781  0.318922  0.221167 -0.30046   0.279275 -0.192699]
[-0.859323  0.240302 -0.674092  0.317578 -0.392254  0.248666  0.136553
  0.282255 -0.128695  0.286131  0.28292   0.328629  0.22314   0.313664
  0.088872  0.251693  0.31126  -0.241088 -0.19853   0.226436]
[ 0.322387  0.170401  0.244776 -0.07911  -0.952982 -0.20778  -0.235047
  0.331551 -0.204981  0.314219  0.214114 -0.768858  0.18411   0.312677
  0.299951 -0.54775  -0.053294 -0.034689  0.320493  0.33103 ]
[ 0.308288 -0.360564 -0.206909  0.228124 -0.217344  0.120236  0.332438
  0.32365   0.167115  0.25515  -0.9571   -0.745854 -0.937441 -0.560666
  0.257711  0.179896  0.127609  0.173707  0.219016  0.201655]
[ 0.213209  0.212169  0.082556  0.333057  0.332564  0.043005  0.330298
 -0.525759  0.069104 -0.977686 -0.918582  0.007966 -0.113419 -0.285394
 -0.568746  0.185594  0.323205 -0.914554  0.247321  0.005733]
[-0.062417  0.328502  0.191728  0.332168 -0.028069  0.329666  0.250314
  0.333324  0.015838  0.11196   0.329262  0.305884 -0.254086 -0.14233
  0.171814 -0.813217  0.222061  0.32253   0.30603   0.270193]
[-0.567235 -0.351249  0.33087   0.3318   -0.160701 -0.698731  0.311205
  0.10311  -0.875723  0.259116  0.294399  0.306702 -0.219318  0.29616
 -0.680262  0.187428  0.042807 -0.342191  0.331919  0.272755]
[ 0.330077  0.320002  0.324144 -0.437404  0.283598  0.333333  0.291427
 -0.157893  0.268392 -0.718156 -0.023554 -0.200703 -0.552826  0.264017
  0.292782 -0.088012 -0.757792  0.316442  0.199148 -0.777057]
[-0.158586 -0.397035  0.325199  0.233943  0.210868 -0.119894  0.285663
  0.04726   0.226383  0.325504  0.306363 -0.680514  0.323046  0.187541
  0.280748 -0.621312  0.174455  0.332387 -0.362977  0.199128]
[ 0.247544  0.328825 -0.197413  0.332265  0.211142  0.328719 -0.592175
 -0.46121   0.320034  0.165858 -0.994983 -0.189041  0.264399 -0.087283
  0.331712  0.309377  0.331366 -0.236648 -0.937573  0.311545]
[-0.89646   0.312206  0.168668  0.292485  0.33134   0.301604  0.296878
  0.260939  0.272138 -0.54865   0.161096 -0.703825  0.254212  0.326724
  0.333325  0.325859  0.32355   0.331348  0.309373  0.308409]
[ 0.025967  0.282186  0.319046 -0.850279 -0.381453  0.207739  0.247575
  0.023824  0.182142 -0.306489  0.117302  0.328     0.323908 -0.310676
  0.321934  0.314942  0.332651  0.312364  0.315741 -0.991745]
[ 0.030749  0.325435 -0.489098  0.327406 -0.130814  0.313763  0.298669
  0.326808  0.290033 -0.301791 -0.081039  0.313592 -0.129547  0.333158
 -0.335059  0.254015 -0.492862 -0.048189  0.314904 -0.088184]
[ 0.163686  0.281641  0.28668   0.042759  0.141464  0.304061 -0.637971
 -0.996961  0.250623  0.182489 -0.235213 -0.062555  0.323958 -0.841558
  0.294848  0.301388 -0.0226    0.332661  0.083143  0.331578]
[-0.071525 -0.920314  0.300949  0.331374  0.12085   0.141728  0.333329
 -0.416267  0.195698  0.231173 -0.173836  0.306177  0.241176  0.110658
  0.15318   0.31206   0.180182  0.267517 -0.99916   0.123379]
[ 0.319829  0.217746  0.185481 -0.966988 -0.384992  0.129402 -0.185549
 -0.324826  0.296012  0.044779  0.278339  0.214956 -0.415351  0.155958
  0.307239  0.124039  0.322794  0.294623  0.31359   0.258588]
[-0.76446  -0.174365  0.185342  0.328507 -0.263661  0.175231  0.319281
  0.242621  0.021452 -0.558544  0.001139  0.257318  0.332789  0.332912
 -0.872301  0.315187 -0.323914 -0.177333  0.002463 -0.232898]
[ 0.282088  0.315209 -0.54516  -0.234324  0.295723  0.178278 -0.332886
  0.333261  0.198472  0.168925  0.238359 -0.612696 -0.299694  0.307341
  0.329109  0.29754   0.333232 -0.774067 -0.0138    0.208322]
[ 0.32863   0.319561  0.134251  0.302511 -0.007815  0.292683  0.261044
  0.327745  0.267628  0.321397  0.307027 -0.281774 -0.658249  0.307359
  0.077712  0.325952  0.301936  0.213825  0.310238  0.208404]
[ 0.250477 -0.897468  0.28358   0.326163  0.245368 -0.218893  0.273307
 -0.657246  0.296716 -0.184336 -0.011922 -0.946823  0.244255 -0.969813
 -0.150438  0.322782  0.107563  0.250372  0.112886  0.101354]
[ 0.325456  0.286017  0.294544  0.215675 -0.064685 -0.971908  0.239772
  0.25      0.311515 -0.523182  0.254974  0.327667  0.273067  0.332603
  0.325794 -0.214797 -0.984881  0.188673  0.329793  0.330528]
[ 0.109526 -0.534278  0.327024 -0.027984 -0.00467  -0.076457  0.148236
  0.332686  0.322563 -0.562128 -0.357176  0.316395  0.282777  0.23436
  0.286344  0.31053  -0.146441 -0.191001  0.22765  -0.273332]
[-0.869865 -0.981499  0.201303 -0.080127  0.316468  0.308055 -0.07366
 -0.998981  0.286522  0.255655  0.294057  0.330222  0.063295  0.324711
 -0.78959   0.333061 -0.261197  0.263673 -0.835859 -0.982586]
[-0.169402 -0.105001  0.332451 -0.221392  0.330047 -0.259908  0.150781
  0.290438 -0.040035  0.322572  0.333167 -0.085826  0.259437  0.319594
  0.332126  0.333206  0.326928  0.211506  0.142253  0.296454]
[ 0.317294  0.169054 -0.845072  0.309701  0.218289  0.324061 -0.96175
  0.051079  0.3095    0.323995  0.290865  0.247027  0.226572  0.204478
  0.198121  0.183606  0.233078  0.28479   0.19729  -0.11068 ]
[ 0.321276  0.262084  0.00164  -0.842737  0.192307  0.309137  0.0966
  0.085607  0.168434  0.33071   0.182878 -0.53177   0.231293 -0.06916
 -0.51352  -0.063712  0.202017  0.256118 -0.460928  0.136827]
[ 0.059967  0.211959  0.292704  0.27445   0.05988   0.25794   0.324138
  0.067517  0.331665  0.331327 -0.064028 -0.208194  0.311205 -0.085825
  0.296296 -0.05119  -0.005746 -0.135485  0.256646 -0.379351]
[ 0.195462  0.187564  0.255035  0.310066  0.249128  0.327131 -0.548194
  0.045271  0.254332  0.073525  0.326293  0.304333  0.314004 -0.100298
  0.121454 -0.819483  0.085116  0.203525  0.324994  0.33032 ]
[ 0.184178  0.3112    0.32769  -0.214573 -0.072623  0.009037  0.304614
  0.296241  0.173276  0.317242  0.325601 -0.202619  0.131721  0.3292
  0.28662  -0.894597  0.324603  0.33142   0.333169  0.170718]
[ 0.262634  0.149271  0.255933  0.297224 -0.110888 -0.203215  0.259852
 -0.92314   0.333138 -0.594149  0.250993  0.057259 -0.674371  0.1617
 -0.357304 -0.240974 -0.124873  0.319035 -0.589356  0.308914]
[-0.229704  0.073014  0.332441  0.224989 -0.658937  0.332483  0.333153
  0.322837 -0.86301   0.328878 -0.072234  0.331855  0.297841  0.265581
  0.30563   0.277635 -0.49179  -0.038753 -0.841002 -0.370416]
[ 0.230627  0.097187  0.058945  0.320771  0.288313  0.075583 -0.769254
  0.331803  0.112164  0.306657  0.33161   0.302618  0.290894  0.271874
  0.316398  0.302128  0.077937 -0.296286 -0.125063  0.155403]
[ 0.166259  0.322854  0.312318  0.333072 -0.397389 -0.239087  0.101405
  0.300292  0.296004  0.333096  0.195286  0.020603  0.308781  0.089531
  0.117354  0.325298  0.26644   0.318075  0.206883  0.209117]
[ 0.265392  0.02378   0.329726  0.302125 -0.88523   0.192109  0.16042
 -0.788472  0.038574  0.196699  0.333047  0.310344 -0.166472  0.332049
 -0.082171  0.027963 -0.335962 -0.172972  0.332689  0.295256]
[-0.174176 -0.663096  0.129415 -0.83882   0.214509  0.124709 -0.104146
 -0.94093   0.33201   0.274413 -0.568687 -0.997766  0.143404  0.300891
 -0.223388  0.173427 -0.089716  0.329608 -0.868016  0.313252]
[-0.434272  0.30882   0.325492  0.094869  0.286446 -0.302794  0.269219
 -0.191307 -0.46142   0.321703  0.30332   0.32842   0.330056  0.028578
  0.327443  0.21884  -0.249878 -0.258486  0.316278  0.237555]
[ 0.331909  0.113145 -0.828463  0.323071 -0.383848  0.151301 -0.089943
  0.002693 -0.973404  0.163132  0.080009 -0.147555  0.210511  0.314126
 -0.854704  0.261765  0.324104  0.314349  0.311805  0.246418]
[ 0.326616  0.303411  0.202573  0.332705 -0.003432 -0.826374  0.103105
  0.33133  -0.021641 -0.075155  0.274378  0.322146 -0.122029 -0.119412
  0.233816 -0.989588  0.307651  0.320475 -0.1913    0.333332]
[ 0.243465  0.292328 -0.239568  0.219353 -0.356983  0.061236  0.303605
  0.327569  0.317617  0.27894   0.328296 -0.863764  0.320753 -0.778785
  0.210956  0.307956  0.316159  0.332589  0.107059 -0.096399]
[ -3.098416e-01  -1.302726e-01   3.004546e-02   4.892657e-02   1.639035e-01
  -5.773703e-04  -1.641627e-02   3.066422e-01  -9.671766e-01  -3.415596e-01
  -3.149256e-01   1.498186e-01   2.551504e-01  -3.075907e-01  -7.909965e-01
  -3.725288e-01   1.105288e-01   2.756007e-01   3.094903e-01   2.504156e-01]
[ 0.139926  0.327596  0.326638  0.259437 -0.034434  0.331591  0.247353
  0.331592  0.320866 -0.059581  0.184955  0.27562   0.312175 -0.012801
 -0.963398 -0.138924  0.333181  0.324326  0.250868 -0.885937]
[ 0.333223  0.195865  0.316418  0.222868  0.17431   0.322976  0.30138
  0.251824 -0.395871  0.268247  0.299797  0.256103 -0.303585  0.325869
  0.312692  0.326142  0.249013 -0.338235 -0.818298  0.330695]
[ 0.175576  0.076068  0.330945  0.331856  0.290508  0.192072  0.273967
  0.216301 -0.030106  0.190261 -0.141696  0.320339  0.217705 -0.156061
  0.264024 -0.468751 -0.99639  -0.267764  0.323573  0.27031 ]
[-0.272366  0.260549  0.310672 -0.268336 -0.91818   0.175998  0.0451
 -0.67214  -0.127918  0.252236  0.333305  0.317014  0.324848  0.333241
  0.091502  0.30068  -0.66052   0.304203 -0.982489 -0.516747]
[-0.604191 -0.154221  0.008417  0.330422  0.329965  0.204075  0.310094
  0.317773 -0.457125 -0.675238  0.330706  0.019054  0.325968 -0.343558
 -0.080009  0.29402   0.222965  0.23359   0.109623  0.246503]
[ 0.09118   0.217541  0.271194  0.280365  0.331125 -0.193281  0.169179
  0.108817 -0.81159  -0.098723  0.303639  0.064461 -0.250976 -0.766022
  0.263088  0.101704 -0.37528   0.060495  0.329737  0.302706]
[-0.225619 -0.727181  0.04387   0.088857  0.323114  0.143282  0.303116
  0.322161 -0.735741  0.295275 -0.78963  -0.332156 -0.332058  0.3288
  0.197472  0.280763 -0.322726 -0.429779 -0.587583  0.328145]
[ 0.27193  -0.623858  0.134323  0.332118  0.29521   0.333281  0.220114
  0.331862 -0.626253 -0.050655  0.165722  0.278589 -0.731048  0.326125
  0.054454  0.22756   0.185248  0.307859  0.164999 -0.54039 ]
[ 0.301657 -0.519577 -0.662178  0.093263 -0.6783    0.098591  0.333302
  0.078865  0.330682  0.243244  0.272159  0.28137   0.057632  0.226686
 -0.996738  0.143227  0.218572  0.042032  0.331867  0.312043]
[ 0.315549  0.318225  0.071321  0.207017  0.171024 -0.75364   0.232738
  0.215119  0.286163  0.114461  0.140942 -0.2372    0.032832  0.03272
  0.216583  0.333208 -0.29263  -0.863389 -0.513905  0.3279  ]
[-0.962809 -0.426161  0.279418  0.328868  0.225115  0.315994 -0.263683
 -0.744311  0.33129   0.074286 -0.187449  0.175621  0.293924  0.281992
  0.239662  0.140048 -0.682489 -0.903498 -0.363063 -0.149861]
[ 0.213605  0.33316   0.196626  0.318644  0.085146 -0.10404   0.315736
  0.295452 -0.758675  0.291256  0.057017 -0.049644  0.18653   0.301572
  0.286856 -0.111369  0.324398 -0.679994  0.233     0.333305]
[-0.604974  0.324315 -0.062056 -0.49083  -0.981722 -0.146052  0.231497
 -0.241844 -0.996677  0.332875  0.21444   0.332902 -0.465354  0.331586
  0.198667  0.321871  0.322712 -0.932105  0.332725  0.297974]
[ 0.291553 -0.452787 -0.152949 -0.172341  0.309854  0.271589 -0.068801
  0.020694  0.17173   0.030066 -0.192    -0.147564  0.189075 -0.006811
 -0.970483  0.318981  0.014866 -0.582147  0.135466  0.208946]
[ 0.138793 -0.257341  0.332716 -0.439315  0.047903  0.333306  0.082833
  0.215663  0.322028  0.332864  0.31229   0.069809 -0.977104 -0.583847
  0.332977  0.256283  0.330336  0.224336  0.324989  0.257268]
[ 0.178016  0.327916  0.303388  0.09911  -0.905036  0.300851  0.332074
  0.208255  0.308943  0.306331  0.288854  0.315316 -0.193205 -0.639796
  0.116957 -0.992602  0.315133  0.320986  0.283792  0.319265]
[ 0.195534 -0.85231   0.329932  0.268596 -0.858231  0.30971   0.325478
 -0.870356  0.196096  0.332981 -0.814118  0.262535  0.26529   0.201772
  0.332622  0.312317  0.171236  0.280948  0.302504  0.141557]
[ 0.211911  0.27077  -0.947     0.330394  0.269362  0.317383  0.324197
 -0.056682  0.332598 -0.718193 -0.990982  0.321222 -0.154535  0.309087
  0.33078   0.209402  0.221991  0.205459  0.312627  0.326174]
[-0.973289  0.196053  0.058017 -0.02747   0.244668  0.120236 -0.968425
 -0.96347   0.331504  0.271258  0.328896  0.220451  0.332436  0.276056
 -0.184272 -0.358433 -0.120361  0.259496  0.331366  0.333154]
[ 0.280918  0.301802  0.255308  0.323852  0.176836  0.219251  0.289594
  0.329     0.131583  0.003953 -0.249111 -0.447717  0.01185   0.332449
  0.274585  0.299157  0.110085  0.32736   0.199188 -0.994324]
[ 0.327472  0.160374  0.333135 -0.060687  0.249904 -0.854307  0.314807
  0.270903 -0.283064  0.313626 -0.388812 -0.58175   0.319467 -0.522689
  0.26707   0.201542  0.32474   0.320384  0.321878  0.333295]
[-0.085719  0.285934 -0.814989  0.303291  0.312556  0.023304  0.330585
  0.332591  0.047979  0.311326  0.278197  0.285507 -0.47445   0.235562
  0.298762  0.065902 -0.104985 -0.176699 -0.12724   0.298938]
[ 0.26621   0.303321  0.327349  0.328372  0.224877  0.061534  0.240902
  0.33153   0.259565  0.209291  0.259143 -0.17905  -0.162453  0.270617
  0.30997  -0.144407  0.217984  0.251535  0.31967   0.318961]
[ 0.072466  0.292147  0.264987  0.166298  0.333189  0.22526  -0.241351
 -0.439772 -0.278131  0.296527  0.272781  0.072464 -0.682075 -0.054071
 -0.006708 -0.329318  0.020195  0.331329  0.29839   0.329664]
[-0.772753  0.299232  0.333019  0.299695  0.309412 -0.200503 -0.165933
  0.208064  0.319069 -0.641087  0.333331  0.258599 -0.628123  0.15222
  0.19056  -0.324827  0.33252   0.306142 -0.388053  0.06771 ]
[ 0.260648  0.134244  0.134868  0.317215  0.109128 -0.67962   0.082944
  0.219296  0.118921  0.295613  0.208603 -0.093295  0.300869  0.320174
 -0.778246 -0.213532  0.326114  0.329376 -0.739389  0.192492]
[ 0.293553  0.274195  0.31538   0.15498   0.145012  0.196861  0.297864
 -0.002933 -0.738661  0.249262 -0.520609  0.327559 -0.148565  0.057699
  0.264635  0.278432  0.098199  0.250685 -0.30116   0.314469]
[-0.096417 -0.906871  0.333162  0.317072  0.186485  0.231038  0.324644
  0.333284 -0.821209  0.241316  0.063229  0.23836   0.154998  0.24197
 -0.958869  0.118027  0.321928 -0.001769  0.287859 -0.742029]
[ 0.268119  0.320449  0.302501 -0.998177  0.318955 -0.106836  0.279613
  0.294828  0.329299  0.272625  0.328632 -0.814725  0.239343 -0.428519
  0.307575  0.330503  0.271466  0.30215   0.271131  0.147409]
[-0.758139 -0.57777  -0.31225  -0.204836  0.23932   0.327107  0.333268
 -0.121584 -0.862934  0.299254  0.238516  0.068683  0.318383 -0.056211
  0.089451 -0.158697  0.302915  0.332905  0.326063  0.312545]
[ 0.007482  0.333304  0.122815 -0.097424 -0.781622  0.333329 -0.09804
  0.025377  0.326262  0.125917  0.249823  0.205496 -0.200865 -0.060203
  0.167718  0.149689  0.333233  0.100707  0.323216  0.048135]
[-0.50125   0.29269  -0.455404 -0.845253 -0.810345 -0.490538  0.125871
  0.295476  0.088779  0.333125 -0.361233  0.321997  0.114126  0.224193
  0.202248  0.302121 -0.109121 -0.226728 -0.131606  0.323277]
[ 0.33075   0.312232  0.277163 -0.590509  0.054847  0.207727 -0.016902
  0.33013  -0.966797  0.270894 -0.163602 -0.378579 -0.251235 -0.539492
  0.299754  0.157881  0.290242  0.183546 -0.864504  0.144906]
[ 0.167608 -0.040636  0.231983 -0.299175 -0.378929  0.291646 -0.997317
  0.252121 -0.434941 -0.030631 -0.363467  0.321415  0.288216 -0.889161
 -0.935932 -0.990417  0.117698  0.177232  0.256479  0.300872]
[ 0.330862  0.313422  0.276395  0.332911  0.331249  0.273312  0.238918
  0.288533  0.330464 -0.341346  0.33311  -0.129142  0.163189 -0.136326
  0.331378  0.239166 -0.245158 -0.836081  0.291149  0.263761]
[ 0.034972 -0.510361  0.332654  0.253175 -0.643488  0.194038 -0.965375
  0.308015  0.162616 -0.8071   -0.071316  0.06797  -0.574642  0.328188
  0.13565  -0.999748  0.037371 -0.803916 -0.945121  0.312964]
[ 0.321696  0.320753  0.317962 -0.135262 -0.498653  0.254643 -0.974674
  0.279416  0.062815  0.308195  0.247658 -0.704287  0.302924  0.321325
 -0.726039 -0.034177  0.270438  0.333333  0.318965  0.091016]
[ 0.327058  0.025997 -0.318075  0.19432   0.250514 -0.122476  0.333192
  0.254507  0.23618   0.176098  0.227003  0.333328  0.191556  0.21331
  0.332962 -0.982808  0.270173  0.233569  0.078676  0.329517]
[-0.04035  -0.998569 -0.876656 -0.967451 -0.652319  0.332879 -0.3329
 -0.339122 -0.920212  0.297538 -0.768878 -0.684054 -0.997526  0.330262
 -0.485625  0.333193  0.118299  0.314894 -0.82562   0.277585]
[ 0.246239  0.318347  0.251652  0.281026 -0.791761  0.125253  0.061966
 -0.603845  0.285527  0.333331 -0.999247  0.260415  0.332911  0.332953
  0.333242  0.2       0.163325  0.299177 -0.283902 -0.998848]
[-0.164531  0.031738  0.312239  0.227507  0.323206  0.254651  0.328729
 -0.726068  0.214286  0.220531  0.241402  0.312875 -0.915635  0.305398
  0.249839  0.333309 -0.090853  0.280774 -0.980706  0.237343]
[ 0.322011  0.331164  0.318743  0.237308  0.275023  0.303827 -1.        0.322204
 -0.155842 -0.839457 -0.776774  0.332568  0.303357 -0.27874  -0.678375
  0.309925 -0.333531  0.203916  0.133158 -0.609008]
[ 0.301601 -0.966044  0.207494  0.174854 -0.005475  0.315441 -0.548449
 -0.407829  0.297632 -0.733827  0.173904  0.323519 -0.933126  0.238795
  0.156017  0.262713 -0.046159  0.333134  0.076305  0.175812]
[-0.427805 -0.188127 -0.498194 -0.88609  -0.181873  0.332005  0.104965
  0.303637  0.247653  0.260416  0.151941  0.256934  0.159145 -0.26823
 -0.830502  0.043101  0.321828  0.137351  0.019318  0.244282]
[ 0.293227  0.318112 -0.291869  0.065744 -0.929997 -0.439297  0.080995
  0.327376  0.026421  0.179448  0.307836  0.285378 -0.163129  0.033556
  0.223429 -0.724013 -0.150309 -0.643085 -0.181241  0.286135]
[ 0.329562  0.314315  0.200696 -0.139439 -0.301252  0.234928 -0.239404
 -0.993935  0.272404  0.308493  0.255653  0.300148  0.277035  0.237202
  0.188304 -0.028222 -0.727555  0.172258  0.325017  0.249235]
[-0.999474 -0.183562  0.305108  0.102098  0.322862 -0.427355 -0.064743
 -0.421776  0.112296 -0.865467  0.045034 -0.55495  -0.509258  0.19044
  0.200665  0.253395  0.305475  0.212535 -0.484584 -0.911845]
[ 0.332926  0.333225  0.332517  0.273536 -0.341393 -0.660995  0.31918
 -0.448672  0.255173  0.302801 -0.925475  0.150597  0.106113 -0.245092
 -0.201872  0.303601  0.248802 -0.107222 -0.094347  0.274024]
[ 0.280871 -0.591419 -0.637549  0.180607  0.144077  0.297611  0.327071
  0.327316 -0.359728  0.192059 -0.434993 -0.709365  0.281934  0.277364
  0.333262  0.333324  0.32198   0.327792 -0.199788 -0.415721]
[ 0.036787 -0.66551   0.181579  0.25765   0.294983  0.06586   0.250191
 -0.471618  0.327871 -0.771648  0.218811  0.333283  0.011779  0.32096
  0.142299 -0.227457  0.126444 -0.109411 -0.57567   0.245242]
[-0.085321  0.241833 -0.612374 -0.960401  0.177999  0.325684  0.315185
  0.323768  0.330434  0.180013 -0.068891  0.332905  0.311165  0.261699
  0.20619   0.193798  0.233328  0.153512  0.316511 -0.588427]
[-0.141769  0.33275   0.246719 -0.017206  0.031451  0.324398 -0.239757
 -0.453808  0.322537  0.162905  0.205762  0.333333 -0.776134  0.278582
  0.319056  0.022984 -0.977577  0.333004  0.303944  0.191565]
[ 0.208823  0.303032  0.153585 -0.99998   0.325015  0.160849  0.324293
  0.331599  0.316754  0.329011  0.124934  0.330742  0.333113  0.331613
  0.312417 -0.056032  0.248698  0.223672 -0.285516  0.297234]
[ 0.165896  0.24617   0.199457 -0.0774    0.123222 -0.705254 -0.01449
  0.247462 -0.184669  0.327805 -0.885311 -0.052278 -0.927161  0.26186
 -0.480572 -0.302719  0.28048  -0.095873  0.067433  0.243355]
[ 0.268333  0.281805  0.268146  0.248954  0.190558  0.314201  0.011881
  0.220303  0.311845 -0.488004 -0.001496 -0.657503  0.201229 -0.284654
  0.304084  0.13135   0.333303 -0.346107  0.286827 -0.309117]
[ 0.056089  0.309998  0.326287  0.150191 -0.645176  0.019344  0.314551
  0.269242 -0.24763   0.323876  0.240135  0.073749 -0.146602 -0.327782
 -0.985367 -0.62949   0.302521 -0.061476  0.317164  0.273948]
[-0.527599  0.196386 -0.276545  0.307422  0.060624 -0.08709   0.178755
  0.21711  -0.650763 -0.839779  0.23757   0.331024  0.316996  0.281843
  0.263589  0.331179 -0.400919  0.325982 -0.473484  0.300253]
[ 0.310837 -0.953775 -0.246174  0.30722   0.159557  0.274504  0.333162
  0.240494  0.306305  0.324132  0.32708   0.25828  -0.570213 -0.037729
  0.219203  0.272617  0.329855  0.242639  0.242197  0.221352]
[-0.093521 -0.966212  0.295535  0.005987  0.296948  0.307799  0.207491
  0.08309  -0.130381  0.309045  0.206454 -0.643443 -0.117241  0.313457
  0.150635  0.329921  0.326894 -0.037806  0.251021 -0.078778]
[-0.022340431892714618, 0.012353527605916913, -0.05010465538843345, 0.045930144571291076, 0.10719112808006317, 0.088343151874622147, 0.026602311543702621, 0.0066010071775098877, 0.0508624941328506, -0.0009095490581897403, 0.039426592694297796, 0.015642783615395728, 0.025119576728686741, 0.0055779902995420211, 0.037798219632633023, 0.0044247882417189077, -0.053868920550171839, 0.014555003267425981, 0.015515920242651804, -0.02304693011583997, 0.10918852438917856, 0.1588107090223542, -0.041532981385085016, -0.015237757932197615, -0.011421446247754152, 0.10417714994822905, 0.071211088587042115, -0.0069277082369681997, 0.06274906686435977, 0.046520632560139247, 0.016730464693869102, 0.0074106756466043588, 0.017841926846151795, -0.083127372272868344, 0.0055700294011256091, 0.012080215570003994, -0.0036231982654301165, 0.10856452057385713, 0.076534238415722211, 0.085758746675891784, -0.032285734545417111, 0.0012000750385748049, 0.036694629345910057, -0.025489057211873084, -0.036219963746943307, -0.067545540456017905, -0.048056565266931611, -0.0085424279621371391, 0.02665604740124633, 0.074102488676869027, -0.058554614701147589, -0.022994141320577755, 0.010612570473097049, -0.022871852669670178, -0.015122767720246899, -0.031045550069752625, -0.015861988281121425, 0.083980368687638557, 0.030035545045603879, -0.021265070144049436, 0.05018465009096762, -0.0018754249480195662, 0.03492007316347677, -0.066186180270335682, 0.015760229189653405, -0.033434892729163113, -0.022281954588235342, 0.022218617449732525, -0.0057826097315663988, 0.048547428226842076, -0.063224452637052897, -0.022360065072359814, 0.055260979507718688, 0.0066063535160912901, -0.014167202300648718, 0.083756800349146926, 0.076951199398932746, 0.0096656573685516833, 0.05717648539036807, 0.029244797352568234, 0.0569724937145, -0.022690689532200214, 0.022761899698890642, 0.054410606935163308, -0.02002075401651443, 0.096913083114249648, 0.0082435608454322629, -0.05678673924098776, 0.02369944851880551, -0.058083279762250806, 0.052338697909895975, -0.022283846599303506, -0.0093871784797594782, 0.0040253198654462696, 0.023868171528909243, 0.063450397099339195, 0.004747199877314992, -0.013697448220089337, 0.042737798845026431, 0.013028290711843804]
('time: ', 10379.840699911118)
