“Running plot script on a single CPU core”
[-0.961151  0.031637 -0.711675 -0.769072 -0.130118  0.190895 -0.402197
  0.140102  0.315182 -0.343249  0.231741 -0.479383  0.26694   0.260322
  0.198401 -0.059351 -0.045849  0.324099  0.316033  0.051903]
[-0.942266  0.022507 -0.402824 -0.396475 -0.592196  0.285018 -0.904833
  0.298089 -0.439044  0.260009 -0.989419  0.331247 -0.156023  0.081594
  0.312002  0.158188  0.313429 -0.621505 -0.164696 -0.352275]
[ 0.167579 -0.874618  0.298321  0.230905  0.255195  0.329797  0.332099
 -0.302107  0.332942  0.332779 -0.988198  0.319021 -0.95646  -0.993855
  0.265466 -0.256079  0.235573  0.263199  0.176996  0.293236]
[ 0.257984  0.320764  0.332926  0.25926   0.333193 -0.061641  0.308459
  0.257248 -0.998576  0.330063 -0.985018  0.069774  0.291422  0.135928
  0.135144  0.243298 -0.560334 -0.605414  0.309696 -0.676244]
[ 0.244648  0.111363  0.18136  -0.507729  0.287356  0.276509  0.331528
  0.223005  0.316487  0.246881  0.256889 -0.493994  0.231182 -0.863924
  0.255363  0.197422 -0.033691  0.327486 -0.408003  0.005027]
[-0.778365 -0.951783  0.283314  0.282731  0.292747 -0.013486  0.312229
 -0.013383 -0.003474 -0.152941  0.230821  0.225856  0.33042  -0.5392
 -0.820668  0.305947  0.306997  0.0904    0.321088  0.002044]
[ 0.124948  0.071672 -0.046002  0.203218  0.332321  0.089568 -0.116958
  0.011177 -0.550208  0.177881 -0.593059  0.078795 -0.39169  -0.740504
  0.288162  0.329655  0.172916  0.301451 -0.235383  0.065281]
[-0.789314  0.31001   0.230753  0.332368  0.175147 -0.750906  0.319405
  0.27769  -0.19151  -0.44421  -0.018461 -0.215654  0.310041 -0.039754
  0.329958  0.146614 -0.140414  0.303344 -0.724827  0.104063]
[ 0.323924  0.19937  -0.96772   0.328232  0.325441  0.331842  0.047612
 -0.207492  0.239464 -0.05283   0.330153  0.329506  0.319623  0.283146
  0.225258  0.325438  0.284219 -0.46832   0.316594 -0.674523]
[ 0.318602  0.309699 -0.253955 -0.946392  0.073787 -0.248229  0.289311
 -0.309377 -0.420281 -0.214694 -0.138008  0.291869 -0.145924  0.168811
 -0.630686  0.256748  0.230204  0.323938  0.328535  0.186339]
[-0.569954  0.29344   0.297614  0.246775  0.270027 -0.250007  0.325876
  0.325713 -0.387322  0.130844 -0.006422  0.238897  0.326876  0.262073
  0.292941 -0.944365  0.184486  0.054717  0.123779  0.327641]
[-0.113472  0.282612 -0.901592  0.116307  0.305795 -0.891639  0.331507
  0.121076  0.095322 -0.236289 -0.24491  -0.21799   0.306538 -0.131602
  0.224818  0.333332  0.333287  0.315742  0.200756  0.319525]
[ 0.226461 -0.452637  0.326025 -0.384506  0.305798  0.32981   0.165491
  0.308258  0.303716  0.329435  0.299117  0.332735 -0.548569  0.127405
  0.285497  0.124705 -0.769035  0.332081  0.322702 -0.502638]
[ 0.332744 -0.966469  0.00768   0.308869  0.042101 -0.699725 -0.968023
  0.333328  0.26021   0.198623  0.249159  0.262906 -0.107973 -0.64182
  0.329976  0.294785 -0.642124  0.244103 -0.931268  0.332197]
[ 0.057227 -0.55133   0.328897  0.331009  0.331569  0.327446 -0.718328
  0.059536 -0.910816  0.253455  0.140352 -0.766885  0.024882 -0.492264
  0.185647  0.263924  0.00495  -0.642198  0.288174 -0.76266 ]
[ 0.261224 -0.954874  0.033158 -0.073052  0.324901  0.11316   0.119279
  0.324531 -0.861124 -0.425465  0.003588 -0.361647  0.330148  0.329578
  0.32211   0.328851 -0.779097  0.332866 -0.200097 -0.423167]
[-0.007533 -0.991327  0.244644 -0.972657  0.085172  0.32417   0.075157
  0.184751 -0.247369  0.308415  0.249363  0.333333  0.333068 -0.838668
  0.177722  0.196148 -0.435227 -0.566449  0.218543 -0.784501]
[ 0.234806 -0.669589  0.206048  0.333123 -0.598291  0.180296  0.333168
 -0.929645 -0.64826   0.329397  0.155509  0.332624  0.321472  0.129393
 -0.551378 -0.066547  0.331852  0.323874  0.330562  0.168055]
[  3.285488e-01   4.640921e-02  -8.449829e-01   2.875738e-01   3.017446e-01
   3.211656e-01  -6.657881e-02   3.319812e-01   2.083443e-01  -6.550715e-02
   2.613876e-04   3.872734e-02   2.672427e-01   2.660409e-02  -5.849557e-01
   2.729727e-01   7.217492e-02   3.206609e-01  -9.918649e-01  -2.030596e-01]
[-0.299826 -0.19674   0.241604  0.276316  0.209476  0.327036 -0.001421
  0.271376 -0.886734  0.299525  0.295784  0.226595  0.307798 -0.175951
  0.132194  0.243276 -0.993656  0.253379 -0.99877   0.122674]
[ 0.257412  0.308199  0.326729  0.284675 -0.951789  0.262071  0.320294
  0.264058 -0.719691 -0.984955 -0.410209  0.256551  0.283136 -0.821999
 -0.80999  -0.938495  0.25638   0.256215  0.330889 -0.917069]
[ 0.27285   0.306474  0.168183  0.207852  0.04119   0.331037  0.301227
  0.294431  0.261723  0.007938 -0.015013 -0.03756   0.323534  0.290897
  0.269994  0.330523  0.205394  0.331687  0.325174  0.037639]
[ 0.309866  0.333327  0.332084 -0.739827 -0.868239  0.317252  0.328639
  0.280541  0.330849  0.29722  -0.896197  0.258762 -0.409375 -0.963386
 -0.167167  0.251403  0.238322  0.328815 -0.037114  0.248547]
[-0.320545  0.274574  0.300711  0.332352 -0.833232 -0.423414  0.312761
 -0.1455    0.295718  0.106363  0.302172  0.329016 -0.441961 -0.096887
 -0.025957  0.323617  0.247476  0.118348  0.251847  0.278011]
[-0.130477  0.333202 -0.748798  0.269375  0.169711  0.317331 -0.955902
  0.1033    0.214832  0.281137  0.33254  -0.998908  0.266092  0.080571
  0.303739 -0.207467 -0.194836 -0.328852  0.260913  0.075312]
[ 0.194159  0.276165  0.210476  0.258323  0.328045  0.331643 -0.055404
 -0.120498 -0.793986 -0.990167  0.253689  0.289664  0.253017 -0.999973
  0.099453  0.085871 -0.016786  0.333046  0.214803 -0.152977]
[ 0.247532  0.185413  0.323647  0.173512  0.26113   0.29946  -0.04188
  0.173534  0.238237  0.129516 -0.200925 -0.161848  0.328523  0.162463
  0.330864  0.332656 -0.565594  0.080122  0.143061  0.238014]
[-0.99633   0.313942  0.330103 -0.46485   0.302256  0.332275  0.234331
 -0.847649  0.201251 -0.028194  0.305593  0.02671   0.333151  0.147833
  0.162811  0.236165  0.214819  0.333002  0.314627  0.249886]
[ 0.270759  0.323065 -0.044871 -0.371971  0.333321  0.053723 -0.094341
  0.055622  0.22279   0.153615  0.330959 -0.006133  0.332365  0.092842
  0.299957  0.111933  0.141273 -0.040087 -0.335571  0.070902]
[ 0.216505 -0.383021 -0.013232  0.331957  0.27636  -0.220162  0.20303
  0.288487  0.067938 -0.936253  0.332872  0.117874  0.275642  0.261953
  0.207093  0.074297 -0.98791  -0.835823 -0.561716  0.012108]
[ 0.046879 -0.204037  0.039323 -0.447766  0.103487 -0.446632 -0.816975
  0.309667  0.333111  0.228432  0.118593 -0.520209  0.328178  0.098031
  0.295911  0.332343 -0.052468  0.070148  0.269233  0.113267]
[ 0.315245  0.286617  0.258252  0.102825  0.292892  0.134207  0.332876
  0.246243  0.215107  0.18298   0.273968 -0.680056  0.273435 -0.220694
  0.312246 -0.721149  0.3333    0.332761 -0.269861  0.29514 ]
[-0.109813  0.328119 -0.999658  0.306461  0.311826  0.332046 -0.274844
 -0.03079   0.330651 -0.900709 -0.654988  0.232979  0.318253 -0.481591
  0.307223  0.330216  0.238418 -0.880429  0.315464  0.026927]
[ 0.201958  0.333179  0.332619 -0.519438 -0.31013   0.330446  0.322185
  0.270064  0.228574  0.315094  0.292792  0.307934  0.330235  0.206142
  0.309452 -0.676772  0.082787  0.330362  0.304633 -0.645003]
[ 0.250676  0.318652 -0.911015  0.331594  0.317155  0.314382  0.205396
 -0.847295 -0.17555   0.248167 -0.649116  0.00816  -0.038893 -0.265626
  0.329384  0.30085   0.298045 -0.353078  0.096379  0.103686]
[-0.172236 -0.151377  0.283665 -0.200225 -0.120868  0.045439 -0.024279
 -0.671503  0.276068  0.194613  0.174668  0.323816  0.321213  0.183672
 -0.345882  0.212644  0.263793  0.081879 -0.136086  0.169343]
[ 0.305418  0.323021  0.331957 -0.370345  0.329079  0.319901 -0.049741
  0.170989 -0.196329  0.332228  0.310371 -0.061523 -0.019334 -0.231152
  0.17198   0.302194  0.138879  0.332431  0.276093 -0.635358]
[ 0.300328  0.26445  -0.474528  0.177477  0.254304  0.310018  0.330516
 -0.065181 -0.736067 -0.35349   0.206682  0.25786   0.298434  0.258054
  0.293204  0.059615  0.332661  0.111289  0.189653 -0.93078 ]
[ 0.252423  0.271322  0.299199  0.331737  0.120324  0.277166  0.246661
  0.250097 -0.067531  0.331358 -0.363402  0.299517  0.316276  0.326221
  0.325115  0.209655  0.302273  0.04048   0.300918 -0.83727 ]
[ 0.218251  0.221132  0.132707  0.326993  0.331626 -0.242508  0.119061
  0.271139 -0.072172  0.283221 -0.153735  0.119267  0.280482 -0.075101
  0.327358  0.322781 -0.501524  0.294252  0.101571 -0.971497]
[-0.30838  -0.978578 -0.280498 -0.463779  0.026709  0.212666  0.28759
  0.121445  0.326613  0.237009 -0.806938 -0.27884   0.192424  0.190253
  0.333331  0.167388  0.284936  0.320646  0.321695  0.258705]
[ 0.327301  0.198945 -0.880836  0.216954  0.218712  0.319246  0.329782
 -0.142468  0.216519 -0.072984 -0.658664 -0.939297  0.197007  0.003917
  0.325499  0.326352 -0.544095  0.10968  -0.017887  0.012193]
[ 0.33332   0.328692 -0.748621  0.159154  0.326105 -0.07396   0.073388
  0.328889  0.3169    0.069676  0.186759  0.323746  0.129739 -0.880393
 -0.764356  0.285819 -0.966007  0.045165  0.333057  0.331994]
[ 0.332999  0.141849 -0.539503  0.327196  0.330582 -0.984456  0.06311
  0.304848 -0.017721 -0.55982   0.201621 -0.520753  0.249163  0.272457
  0.315574  0.333129  0.324053  0.169572  0.266741 -0.40154 ]
[-0.901012  0.310427  0.156098  0.0519   -0.497888  0.228416  0.043502
 -0.112093  0.331136  0.330068  0.057181 -0.511221  0.298148  0.164265
  0.084125 -0.53865   0.075412 -0.693774 -0.169766 -0.073316]
[-0.105781  0.260239  0.301915  0.11832  -0.896779  0.332695 -0.954934
  0.301358  0.330449 -0.853029  0.194602 -0.504529 -0.895534 -0.999073
  0.32539   0.07828   0.182767  0.209573 -0.68232   0.248775]
[-0.433438 -0.058264  0.32837   0.116957  0.002385 -0.742561  0.206492
 -0.137741  0.272739  0.057646  0.182699 -0.080713 -0.990423  0.258275
  0.332067  0.256777 -0.496954 -0.190542  0.320644  0.115903]
[-0.149354  0.279043  0.060593  0.262432  0.227806  0.245152  0.122574
  0.133951  0.310955  0.305745 -0.285764 -0.089563 -0.07978   0.063181
  0.288698  0.309942 -0.999147 -0.913252 -0.703329  0.304522]
[ 0.321153  0.290445  0.171577 -0.230756 -0.484041  0.293822 -0.103607
  0.169921 -0.900936 -0.186633  0.297133  0.238821  0.234183  0.279209
  0.324645  0.333327  0.316562  0.039475  0.221127  0.135023]
[-0.159919 -0.310971  0.305152  0.333188  0.329345 -0.947162  0.298508
 -0.503424 -0.890338 -0.397713  0.331744  0.137413 -0.589798 -0.840977
  0.147577  0.262506  0.1284    0.320976 -0.426551 -0.401878]
[ 0.330195  0.260868  0.306679  0.267845  0.220128  0.022345  0.183221
  0.013298 -0.072939  0.332312  0.290269  0.302524  0.323161  0.263676
  0.049841 -0.930036  0.233491  0.082157  0.324163  0.290943]
[ 0.301861 -0.118644 -0.40129   0.036735  0.249957  0.331229 -0.648149
  0.007295  0.292085 -0.999108 -0.085851 -0.838534  0.315143  0.191828
  0.331496  0.333206  0.29519   0.19038   0.29328   0.191758]
[-0.077003  0.322519 -0.985848 -0.657002  0.301255 -0.065625  0.260399
  0.317193 -0.021458  0.331607 -0.726806  0.291978  0.321079  0.199169
  0.325153  0.132681  0.300981 -0.912735  0.331961  0.326354]
[-0.395693  0.018687  0.190174  0.020533  0.313785  0.271921  0.152348
 -0.88015  -0.061958 -0.643495  0.265735  0.091184  0.217277 -0.761101
  0.15088   0.301684  0.305208  0.2767   -0.403459  0.222517]
[ 0.26543  -0.06615  -0.015437 -0.082803  0.333179  0.194303 -0.788108
  0.333332  0.311906 -0.799895  0.146117 -0.128397  0.331847  0.250051
 -0.026041 -0.899733 -0.333184 -0.960683 -0.155339  0.284461]
[ 0.310862  0.221686  0.135489  0.217128  0.232322  0.293795  0.324532
 -0.080626  0.187772  0.244852 -0.553503  0.055138  0.160501  0.136391
  0.150426 -0.168025 -0.485226  0.248304  0.265042  0.0359  ]
[-0.998385 -0.061468 -0.842787  0.25238  -0.993133  0.294338  0.164726
 -0.319707  0.308046  0.240723  0.329591  0.333126  0.140051 -0.016301
 -0.637995 -0.227469  0.277999  0.195653  0.300015  0.071961]
[ 0.126723 -0.999509  0.331157 -0.726873 -0.72165   0.044907  0.241126
 -0.53599   0.205778  0.301848  0.332396  0.270773 -0.355667  0.26373
  0.329764 -0.046277 -0.775495  0.19624  -0.090653  0.332046]
[ 0.202549 -0.006829 -0.829492  0.333333  0.161972 -0.63372  -0.868045
 -0.505351  0.189096  0.077083 -0.917028  0.317591  0.227385  0.229524
 -0.073933  0.172435 -0.054102  0.131604 -0.957949  0.2453  ]
[ 0.270299  0.106984  0.121039  0.31901   0.068419  0.256582 -0.999519
 -0.850794  0.332246  0.330628  0.233612  0.051985  0.28631  -0.373354
 -0.761507 -0.110865  0.328419  0.136861  0.263896  0.333309]
[ 0.285035  0.303619 -0.984165  0.316305  0.184357 -0.430474  0.211029
  0.042286  0.04049   0.28781   0.073188 -0.892057 -0.973408 -0.696393
  0.100534 -0.067357 -0.539853 -0.002501 -0.298776  0.332724]
[ 0.264307  0.236001  0.265828 -0.009975  0.005576  0.104709  0.198238
 -0.007268 -0.099423  0.068703 -0.556069  0.177345  0.278782  0.077658
  0.283493  0.24931  -0.272622  0.302369  0.050891  0.164172]
[-0.471072 -0.884121  0.325603 -0.022751  0.301917  0.333274  0.273942
  0.150689  0.32461  -0.854441 -0.804607 -0.993548  0.269008  0.329537
  0.13028   0.196598  0.317578  0.330641  0.273202  0.245925]
[-0.423358  0.223959  0.289171  0.320373 -0.019961  0.042442  0.325706
 -0.342105 -0.608357  0.290678  0.33002  -0.99939  -0.098204 -0.689876
  0.114675  0.323299  0.267891 -0.256935  0.18082  -0.834755]
[ 0.285292  0.113259  0.331258  0.29856   0.297232  0.109396  0.306513
 -0.654572  0.328056  0.118302 -0.534259  0.043073  0.266672 -0.292663
 -0.022192 -0.918945  0.283045  0.323637  0.186629 -0.069157]
[ 0.112439  0.175662 -0.107971  0.310753  0.259504  0.244904  0.333288
 -0.28304   0.323515  0.091366 -0.35622  -0.828277  0.295319  0.247698
  0.266092  0.231773  0.330401  0.22033   0.291151  0.267982]
[-0.15864   0.314755  0.273902  0.130105  0.276391 -0.345866  0.217348
 -0.830148  0.328732 -0.442925  0.252078  0.259388 -0.045086 -0.008364
 -0.60558   0.12717   0.318517  0.298997  0.012794 -0.008452]
[-0.865425  0.162186 -0.850624  0.168458  0.116053  0.104786  0.329053
  0.044683 -0.163505  0.321182  0.155949  0.08911  -0.103012 -0.997154
  0.26557   0.25152  -0.714829 -0.760466  0.013438  0.19531 ]
[-0.338579  0.300567 -0.148489 -0.818767  0.309351  0.295902  0.112202
 -0.325541  0.208574  0.328739  0.33306   0.282689  0.101899 -0.292147
  0.262751 -0.116215  0.12395  -0.980903 -0.98801   0.243245]
[ 0.333331  0.332002 -0.66658   0.253406  0.160845  0.299131  0.111465
  0.333101 -0.001647 -0.95187  -0.563345  0.33175   0.184021  0.055902
  0.221057 -0.57089  -0.30553   0.32872   0.246483  0.111158]
[ 0.217128 -0.132422 -0.337048  0.328429  0.132801  0.325974 -0.029142
 -0.237379  0.329035 -0.990308  0.217609 -0.103342  0.257178  0.259667
  0.330909 -0.767046  0.325163  0.242574  0.290727 -0.475291]
[-0.478087 -0.818169  0.328197  0.331497  0.272437  0.214297  0.085251
  0.332528  0.333322  0.332758 -0.041192  0.199681  0.312071  0.203694
  0.253362  0.174253  0.268097  0.321975  0.248841 -0.376194]
[ 0.33238  -0.041288  0.287533  0.24069  -0.90787   0.313469  0.314875
  0.315672  0.331331 -0.204947  0.333273  0.151133  0.318121  0.332808
  0.318979  0.194678  0.194952  0.333316  0.323708  0.332445]
[-0.854932  0.32638   0.084383 -0.912636  0.291461  0.26858   0.318627
 -0.807754  0.1982    0.001532 -0.831151  0.331674  0.256345  0.333323
 -0.251317  0.266053  0.190263 -0.013125  0.260786 -0.011881]
[ 0.1705    0.054415  0.329496 -0.932335 -0.208174  0.181074  0.285114
 -0.999917  0.02156   0.333239  0.330265  0.242162 -0.032621  0.227536
  0.329543  0.126473  0.327692 -0.12708   0.00709   0.331921]
[-0.209974  0.330898  0.187607 -0.160351  0.143752 -0.616766  0.185348
  0.055431 -0.681459  0.247209 -0.070242 -0.949322 -0.890911 -0.698139
 -0.154331  0.183107  0.176649  0.086461 -0.088818 -0.264524]
[ 0.331458  0.255194  0.30476   0.160796  0.333288  0.304536  0.08618
  0.236394  0.143591  0.229239 -0.977993  0.276926  0.01346  -0.085407
  0.323667 -0.882674  0.237767  0.204563 -0.404305 -0.019834]
[-0.66678  -0.051609  0.333278  0.251743  0.048716  0.290666 -0.945724
 -0.913727  0.035481  0.176472  0.331156  0.19882   0.250619  0.332524
 -0.342622 -0.965389 -0.744397  0.249027  0.113978  0.247757]
[ 0.317709  0.183853  0.196181  0.328228 -0.804732  0.316832 -0.196097
  0.318851  0.23265   0.330523  0.310336  0.235157  0.184111  0.167334
 -0.714923 -0.429494  0.251564  0.189241 -0.219507  0.129513]
[-0.356005  0.313316  0.234002  0.118874  0.228962  0.327595  0.117002
 -0.081178  0.121405  0.289989  0.219668  0.216075  0.259282 -0.05759
  0.294652  0.29633   0.25821  -0.724116  0.114127  0.333037]
[ 0.172444 -0.252494  0.246327  0.252661 -0.042498 -0.007247 -0.099477
 -0.172866 -0.653581  0.326431  0.299887  0.010868  0.322096  0.327722
  0.060186  0.06203   0.079908  0.117382 -0.005036 -0.074271]
[ 0.308981 -0.28583  -0.005315 -0.723251  0.271122  0.331418  0.290947
  0.327274 -0.801452  0.188882  0.116988  0.123739 -0.79775   0.311383
  0.151934 -0.025497  0.332608  0.332312  0.288697  0.299371]
[ 0.146749  0.331162 -0.413302  0.115451 -0.835855  0.333305 -0.374449
 -0.17578   0.304277 -0.05009  -0.031675  0.049524 -0.008926  0.326619
 -0.847062 -0.272394 -0.46238  -0.622081 -0.45793  -0.355467]
[ 0.022106  0.313931  0.268664  0.170289  0.200821  0.323596  0.246218
  0.327287  0.120221  0.236479  0.320214  0.290029 -0.699942  0.283659
  0.120542 -0.869258 -0.983674 -0.987084  0.282768 -0.020801]
[ 0.254805  0.003374  0.111912 -0.249074  0.324633  0.306246 -0.955191
  0.2014    0.330533  0.238437 -0.999975 -0.993344  0.083786  0.026483
 -0.020201  0.333273  0.271262  0.296524  0.303084  0.302474]
[ 0.1928    0.298386 -0.636651 -0.191684  0.126819  0.181085  0.202157
  0.28403   0.271401  0.211355 -0.062529 -0.255618  0.322871  0.247504
 -0.16916  -0.819767 -0.712302  0.203409  0.32129  -0.600296]
[-0.134644 -0.292271  0.291176  0.330333  0.260507  0.036566  0.333071
  0.298016  0.228326 -0.958546  0.290775  0.161447  0.225761  0.329517
 -0.251319 -0.041871  0.018493  0.2133    0.325537  0.291577]
[ 0.331847 -0.672505  0.214502 -0.959787  0.298922 -0.561817  0.333316
 -0.19405   0.330967 -0.014343  0.321129  0.316376  0.333179  0.214608
 -0.305756  0.30543   0.311134  0.326757  0.149098  0.259363]
[ 0.133385 -0.540574 -0.858226 -0.067778 -0.752517 -0.040553 -0.907389
  0.232801  0.079662  0.273085  0.323595  0.230644  0.26303   0.321642
  0.313823 -0.437132 -0.32585   0.109198 -0.00848   0.256493]
[ 0.32819   0.183073  0.196388 -0.264228 -0.461341 -0.973844  0.333197
  0.284158 -0.865637  0.320067  0.004546  0.32944  -0.998854  0.287423
  0.324995  0.293976  0.068577 -0.467188  0.087116 -0.886195]
[ 0.329495 -0.204289 -0.130481  0.299468  0.099119  0.302769 -0.930108
  0.293255 -0.061759  0.209035  0.269112  0.092837 -0.415402  0.326692
  0.298821  0.273121 -0.754731  0.27704   0.333171  0.24643 ]
[ 0.259673  0.130794 -0.110871  0.331244  0.171546  0.328612  0.305763
  0.310228  0.31276   0.332277  0.322784  0.287985  0.113467  0.31421
 -0.588998 -0.055015  0.327637 -0.997158  0.174486 -0.665867]
[-0.274312  0.281502  0.332649 -0.277007  0.323426  0.28001   0.321997
  0.33257  -0.052699 -0.986565  0.297782  0.247351  0.313322 -0.919189
 -0.256904  0.182515  0.063662 -0.640981  0.283097 -0.131034]
[-0.441442  0.224674  0.323477  0.321878  0.25611  -0.151293 -0.991849
 -0.982772  0.017782 -0.658156 -0.141381  0.333061  0.308744 -0.964505
  0.209524  0.283572  0.167925  0.316629  0.328923  0.328801]
[ 0.217273 -0.24181   0.211269 -0.235464 -0.039671  0.154558  0.253765
 -0.180593  0.331833  0.320397  0.294619 -0.237435  0.326185  0.166477
  0.316133 -0.978618 -0.059898 -0.317173 -0.751133  0.319503]
[ 0.187023  0.273149 -0.995794 -0.211107  0.216301  0.179267 -0.998583
  0.330652  0.332866  0.331444  0.13649  -0.997165  0.314479  0.281446
  0.268544  0.26194   0.100702  0.332946  0.316362  0.328761]
[-0.516042  0.202265 -0.323042 -0.104266  0.181075  0.314601 -0.780215
  0.323469 -0.022946 -0.189318 -0.134988  0.317385  0.318618  0.217589
  0.332796  0.108834  0.333069 -0.637942  0.240733  0.121435]
[-0.511807 -0.502044  0.077501  0.304264 -0.737583  0.332768 -0.984939
 -0.961988  0.175336 -0.020002  0.332956 -0.705445  0.151584 -0.652402
  0.329715 -0.079032  0.203309  0.203719  0.235455  0.082754]
[ 0.277408  0.321929  0.30297  -0.90347  -0.999679  0.221055 -0.576132
 -0.49214  -0.131066 -0.197618 -0.942923  0.304586 -0.26238   0.32675
  0.257427 -0.020029  0.324312  0.306613 -0.606286  0.09517 ]
[-0.012881  0.33244  -0.931665 -0.324533  0.025422 -0.995032  0.192399
  0.026097 -0.313882 -0.359438  0.28475   0.091163 -0.834627  0.333043
  0.327598  0.299282 -0.999504 -0.727648  0.172271 -0.77866 ]
[-0.074057963068428934, -0.015051045660208873, 0.038940216622603718, 0.041749345743447769, -0.018473740945066985, -0.023048397210374549, 0.024373089356137856, -0.02172725148129262, 0.014099008732879559, 0.046481744573679762, -0.012745784450177933, 0.04090478127875867, 0.016071175768427953, 0.0076243269002171377, 0.0070505250349250301, 0.056684422677965307, 0.014500741718482493, 0.0041182354388626385, 0.073841067241530667, 0.0085534392934414893, -0.05126212115465778, -0.0083784627684103108, 0.060099511924628146, 0.0074779715675203917, -0.019074409642190565, -0.042409909234486287, 0.0015781694453310402, -0.040334458520543182, 0.039313010279802552, 0.0068457737075192093, 0.016520841977849882, -0.010771786276387474, 0.0082574914092852642, -0.012872499042916374, 0.027985384521438061, 2.9921359770285205e-05, -0.014976528407624368, 0.022287767636025357, 0.007911841692262972, -0.071785477604114523, -0.013821123776392719, 0.033536866014986955, 0.026933961504974679, 0.076607061508099816, -0.040567953703169457, -0.018825262904252502, 0.025261771571189473, -0.021348223839068481, -0.016272920447295891, -0.0313479083800699, 0.086585877947002954, 0.015757832103653557, 0.04296960777252172, -0.014214196513083588, -0.067466472785422893, -0.015161692650606851, 0.032055349342347994, 0.043192733319795923, 0.0398151949484295, 0.0042034597900297288, -0.027281399176770083, -0.026619609123276156, 0.0058981538689084068, 0.018339349901018043, 0.017157941474272298, 0.051187794073699902, -0.01709532757637966, 0.0039936256686523564, -0.025293896037160257, 0.036090246916650415, -0.066158384708334156, 0.0012735583151394225, -0.047360417256068932, -0.0056820915458238863, -0.0036019567178708911, 0.016486977668584674, 0.10011136176803959, -0.019171109679812171, 0.054106105648261238, 0.011792022683175196, -0.050331802634108497, -0.056230022231747279, 0.042468388125443582, 0.013878072739801947, 0.011226997925236432, 0.028220863502501858, -0.029855457337241056, -0.0094043846924911079, -0.015450232036862521, 0.060617292184282856, 0.027245695880779741, 0.016901686319230752, 0.0071317603035973565, -0.0037476171400523395, -0.0068934566224606031, -0.0047406134529696109, -0.033587471226683041, -0.029556619029930564, 0.013934294176128459, 0.022501143905358068]
('time: ', 9122.31670498848)
