“Running plot script on a single CPU core”
[ 0.09322   0.047562  0.086206  0.003315 -0.023475  0.032786]
[-0.014432  0.070297  0.041499  0.041534 -0.002903 -0.01712 ]
[ 0.057555  0.067338  0.035627 -0.025242  0.010114  0.03126 ]
[-0.03631   0.016773  0.015009 -0.03086  -0.00673   0.007254]
[-0.078725 -0.032231  0.008016 -0.008337 -0.051357  0.004828]
[-0.082402 -0.018163 -0.041099  0.004393  0.048189  0.021096]
[ 0.008527 -0.029431  0.009912 -0.009812  0.009042 -0.024057]
[ 0.091214  0.121439  0.065563 -0.031427 -0.016242 -0.018068]
[ 0.02693   0.04199   0.029473 -0.032117 -0.017583  0.01246 ]
[-0.01765  -0.021351  0.083    -0.012402  0.019878  0.036   ]
[ 0.018475  0.053213  0.080675 -0.005229  0.020358 -0.006713]
[ 0.087938  0.109287  0.11963   0.046909  0.005611  0.009249]
[ 0.012462  0.022027  0.005443  0.008226 -0.024606 -0.020871]
[-0.00455  -0.002697  0.0137    0.015474  0.012037 -0.044099]
[ 0.11267   0.060689  0.006147 -0.002126 -0.052541 -0.023693]
[ 0.065713  0.107744  0.130343  0.004136  0.007527 -0.001016]
[ 0.050752  0.040932  0.074312  0.004807 -0.005857 -0.013983]
[-0.054732  0.015296  0.065804  0.0252   -0.014656 -0.011378]
[ 0.058395  0.097786  0.092806  0.014729  0.006276  0.0072  ]
[ 0.062506  0.091497  0.123342  0.012616  0.010184  0.000632]
[ 0.013316  0.006745  0.014685  0.022684 -0.001984 -0.024133]
[-0.025525  0.062044  0.010733 -0.009416 -0.044113 -0.010961]
[ 0.091772  0.074326  0.084166  0.005416  0.04801   0.017235]
[ 0.055779  0.023105  0.06826   0.030074  0.015498 -0.010535]
[-0.067606 -0.054583 -0.053249 -0.003204 -0.003485 -0.014234]
[ 0.066162  0.043445  0.055358  0.009858 -0.010992 -0.001375]
[ 0.039046 -0.069403  0.017107 -0.001239  0.014259  0.027501]
[ 0.071186  0.046525  0.038207 -0.035046 -0.048759  0.0365  ]
[-0.012416  0.006002  0.035545 -0.025408  0.033929 -0.021642]
[ 0.103337  0.123746  0.063351 -0.009838 -0.005379  0.041627]
[-0.005757 -0.009598  0.049623  0.000556  0.040774 -0.022663]
[ 0.068435  0.108205  0.12697   0.010509  0.013532 -0.008856]
[ 0.013196  0.021191  0.067404  0.031972 -0.04044   0.024508]
[-0.023795 -0.02303  -0.025973  0.010078 -0.002235  0.003908]
[ 0.09758  -0.01581   0.02975   0.042577 -0.007156 -0.023463]
[ -2.895573e-02   2.496573e-02   2.941576e-02  -1.440464e-02  -1.971470e-02
   2.465885e-05]
[ 0.024827  0.045664  0.06933   0.019346 -0.018226  0.018048]
[-0.02434   0.043929  0.098954  0.023623 -0.000623 -0.005833]
[-0.001906 -0.002243  0.126629 -0.022509  0.01599  -0.009154]
[-0.006127  0.050751 -0.024305 -0.024756 -0.03414  -0.002875]
[ 0.032499  0.049539  0.068693  0.003723 -0.011096  0.015839]
[ 0.113194  0.058152  0.113687  0.026832  0.002947  0.005511]
[-0.008773 -0.014113  0.00923  -0.027954  0.001021 -0.015956]
[-0.005462  0.070086  0.041979  0.005501  0.003105  0.010065]
[-0.019887  0.03209   0.048261 -0.042761  0.027424 -0.004482]
[ 0.029894  0.071163  0.081867  0.012661  0.021943  0.005477]
[-0.006498  0.031367  0.065657 -0.000377  0.009414  0.001161]
[ 0.041217  0.059058  0.098269  0.019676  0.004235  0.015802]
[ 0.03254   0.062621  0.053722  0.000963  0.009356  0.034651]
[-0.047677  0.033256  0.027589  0.002916  0.019366  0.016035]
[ 0.05661   0.027043 -0.027665  0.009427  0.011922 -0.032448]
[ 0.051644  0.045193  0.00819  -0.0056    0.02133   0.027964]
[-0.041839  0.03725   0.028142  0.036894  0.012146  0.011966]
[ 0.066892  0.074148  0.10776   0.002228  0.017351  0.002725]
[ 0.048678  0.056547  0.096468  0.005251 -0.017629 -0.006765]
[ 0.015775  0.018776 -0.000777 -0.001674 -0.0136    0.000276]
[ 0.025791  0.027089  0.030587 -0.036818 -0.015338  0.000181]
[ 0.016749  0.050939  0.001047  0.017291  0.01477   0.019908]
[-0.015718  0.013716  0.017381  0.021851  0.018153  0.043842]
[ 0.031075  0.043218  0.006326 -0.029649  0.065453  0.00214 ]
[ 0.070577  0.017525  0.108331 -0.0016   -0.015148 -0.002029]
[-0.020624 -0.066271 -0.02148  -0.021439 -0.014271  0.017611]
[-0.076128 -0.026538  0.0128   -0.034186 -0.00992  -0.00111 ]
[ 0.078416  0.043357  0.020949 -0.01254   0.015798 -0.000614]
[ 0.024198  0.043982  0.042643  0.023813 -0.038407  0.023526]
[ 0.076836  0.07177   0.018515  0.028791  0.008449  0.001719]
[ 0.012827  0.057344 -0.059841  0.03284   0.00894   0.066779]
[-0.034262  0.013767  0.051285 -0.011935 -0.017859 -0.004809]
[  5.944204e-02   4.896454e-02   5.154416e-02  -8.852871e-03  -3.962231e-07
   7.065224e-03]
[ 0.073375  0.129752  0.089791 -0.024     0.003903  0.008336]
[ 0.023727  0.087724  0.115237 -0.009281 -0.00541  -0.008448]
[ 0.000761 -0.009223  0.016015  0.009662 -0.007684  0.000294]
[ 0.019229  0.04302   0.066217  0.001848 -0.018628 -0.013863]
[ 0.016782  0.027284  0.054504  0.021679  0.003629 -0.007931]
[ 0.030541  0.0483    0.055909  0.001473 -0.008528 -0.058627]
[ 0.034429  0.069762  0.093925 -0.004363 -0.029981  0.007559]
[ 0.056638  0.062714  0.043478 -0.007694  0.005337 -0.012978]
[-0.00727   0.023562  0.07451  -0.007506  0.019142 -0.01467 ]
[ 0.029891  0.07189   0.075659 -0.005531  0.005292 -0.015663]
[ 0.004822  0.091241  0.080684  0.020082  0.009068 -0.006985]
[ 0.011194  0.086758  0.057865 -0.018248 -0.017021 -0.00454 ]
[-0.016731  0.064067 -0.03365   0.043127  0.012096 -0.02674 ]
[-0.018863 -0.042498 -0.014566  0.010385 -0.032334  0.000187]
[-0.032409  0.022529  0.025998  0.009308  0.024178  0.013755]
[-0.005242  0.017249 -0.010229 -0.02694  -0.002834  0.003624]
[-0.002452  0.015248  0.006316 -0.000594 -0.002744  0.006611]
[ 0.055799  0.058762  0.100228 -0.009898  0.003825 -0.025465]
[ -3.429221e-02  -4.707279e-02   7.373070e-03  -1.007482e-06   3.261715e-02
  -2.163955e-02]
[-0.025576  0.014293 -0.009456  0.046015 -0.033512 -0.002074]
[ 0.04935   0.090463  0.09187   0.034482 -0.031826  0.022017]
[ 0.057157  0.051181  0.050735 -0.000174  0.006491 -0.004883]
[ 0.023377 -0.070932  0.027959  0.03695  -0.016889  0.012985]
[-0.013584  0.043242  0.033903  0.006441 -0.007082 -0.005494]
[ 0.117669  0.101041  0.127077  0.002042  0.025865 -0.021674]
[ 0.02215   0.012696  0.019214  0.003033 -0.009132 -0.010102]
[ 0.030182 -0.034262  0.078764 -0.034241  0.002793 -0.027672]
[-0.000471  0.047261  0.04333   0.000607 -0.015017 -0.002404]
[-0.112334 -0.108144 -0.058019 -0.012789  0.009946  0.012491]
[-0.027737  0.027213  0.010536  0.006131 -0.011884  0.020739]
[ 0.079747  0.039087  0.10457  -0.016247 -0.000866 -0.010709]
('Mean', 1, ': ', 0.079746957948766933)
('Median', 1, ': ', 0.079746957948766933)
('Variance', 1, ': ', 0.0)
('Mean', 2, ': ', 0.039086516959901139)
('Median', 2, ': ', 0.039086516959901139)
('Variance', 2, ': ', 0.0)
('Mean', 3, ': ', 0.10456958334317901)
('Median', 3, ': ', 0.10456958334317901)
('Variance', 3, ': ', 0.0)
('time: ', 15745.759504079819)
