“Running plot script on a single CPU core”
[ 0.017309  0.040319  0.067123  0.019617  0.005665  0.018779]
[ 0.10377   0.10724   0.111606  0.023488  0.036036 -0.005071]
[ 0.071987  0.075462  0.121278  0.019629 -0.03416  -0.025496]
[ 0.044932  0.083993  0.063082  0.013035  0.017637  0.006802]
[ 0.06642   0.1219    0.082217 -0.013363 -0.014365  0.008748]
[ 0.030892  0.039349  0.13019   0.028618  0.008774 -0.040635]
[ 0.0752    0.106926  0.086852 -0.041696 -0.004975  0.006951]
[-0.000389  0.038522  0.008755  0.023495  0.014501  0.010652]
[ 0.092782  0.043746  0.023355 -0.004863  0.002384 -0.000122]
[ 0.060218  0.036536  0.065723 -0.024319  0.01521  -0.01429 ]
[ 0.023761 -0.003512 -0.008729  0.033248  0.003856 -0.025378]
[ 0.011286  0.043411  0.104214  0.006415 -0.009119  0.014309]
[ 0.021697  0.065582  0.069414  0.022844  0.037049  0.012467]
[ 0.013891  0.037147  0.025482 -0.025061  0.055773  0.025278]
[ 0.043942  0.066168  0.023835 -0.025405  0.024418  0.006362]
[ 0.016951  0.078728  0.042906 -0.013324  0.011271  0.043173]
[ 0.005267 -0.018657  0.071725 -0.000955 -0.003448 -0.008916]
[ 0.08358   0.037844  0.132685  0.014175 -0.029123 -0.021111]
[-0.086131 -0.0626   -0.102448  0.042411 -0.011659 -0.001611]
[ 0.007373 -0.032922 -0.073064 -0.017491  0.008442  0.017016]
[ 0.030594 -0.002926  0.097338  0.01849   0.003619  0.0146  ]
[ 0.043143  0.036458  0.032892 -0.00098   0.018044 -0.017703]
[-0.015547  0.056955 -0.040443  0.003695  0.027295 -0.048458]
[ 0.006029  0.054403  0.095914  0.001851  0.000635  0.001254]
[ 0.006265  0.024221  0.06436  -0.034766  0.05414   0.00757 ]
[ 0.02617   0.027583  0.014923 -0.004792 -0.011255 -0.017941]
[ 0.052495  0.094237 -0.003668 -0.009325 -0.034168  0.030006]
[ 0.013905  0.004417  0.034483 -0.00361   0.019829 -0.015846]
[ 0.005475  0.023157  0.070324 -0.002599  0.007691 -0.036399]
[ 0.003286 -0.028871  0.015959 -0.024757  0.019122  0.020399]
[ 0.061517  0.011689  0.038371  0.014774 -0.014693 -0.000276]
[-0.114656 -0.004755 -0.045504 -0.009704 -0.007963  0.029351]
[ 0.077326  0.12577   0.080886 -0.004933  0.027683  0.011907]
[ 0.111486  0.102754  0.134767 -0.005981 -0.021896  0.03636 ]
[ 0.038839  0.040285  0.067215  0.007808  0.007182  0.007321]
[ 0.034686  0.001009  0.025743  0.003762  0.023933  0.026874]
[ 0.055732  0.04681   0.066053 -0.012525 -0.009197  0.005074]
[-0.007821  0.009869  0.04528  -0.013874  0.010125 -0.006574]
[-0.024853 -0.033095 -0.058248 -0.023218 -0.021753 -0.007302]
[ 0.048555  0.064418  0.085061 -0.015059  0.024726  0.017216]
[-0.023139  0.03669   0.048782 -0.005689 -0.001185 -0.001375]
[ 0.038875 -0.033397  0.120349 -0.045334 -0.01335   0.019616]
[ 0.100436  0.009918 -0.029163  0.022083  0.015313  0.044463]
[-0.060715  0.05028  -0.096522  0.000621  0.011464 -0.014371]
[ 0.008373  0.033332  0.012041 -0.016792 -0.022718  0.003141]
[ 0.007859  0.059769  0.063995  0.016123  0.011658 -0.010487]
[ -4.199965e-02  -4.853918e-02   3.735123e-02   1.008430e-02  -8.563892e-05
   1.567087e-02]
[ 0.053734  0.004281  0.003343 -0.040321  0.020179  0.029181]
[-0.012055  0.000668  0.012558  0.012482 -0.001784  0.016534]
[ 0.000877  0.029092  0.063181  0.000721 -0.017393  0.004149]
[ 0.071758  0.061183  0.115208  0.03522   0.03547   0.00962 ]
[ 0.035598  0.040306  0.037391 -0.005797  0.017201  0.016709]
[ 0.002085  0.028883  0.0275    0.051495  0.035573  0.025747]
[ 0.011988  0.050618  0.064651  0.016693 -0.020732  0.019869]
[ 0.065858  0.09095   0.097091  0.013975 -0.010522 -0.032281]
[-0.011952  0.09132   0.020631 -0.026989 -0.021429  0.003109]
[-0.017005  0.077041  0.068435  0.022679 -0.006319 -0.014284]
[ 0.051977  0.045936  0.03428  -0.002816 -0.026253  0.016168]
[ 0.069557  0.04051   0.027874  0.005872  0.004833 -0.007409]
[ 0.059856  0.060964  0.027896 -0.011789 -0.00856  -0.013928]
[ 0.097042  0.108137  0.08847   0.024703  0.043469  0.031104]
[-0.00345   0.064743  0.104499 -0.009053 -0.032324  0.000161]
[ 0.028868  0.072948  0.048615  0.013285  0.004107 -0.003654]
[-0.00895   0.02091  -0.019775  0.001718  0.002551  0.017568]
[-0.010317 -0.010857 -0.032915 -0.037168 -0.011793 -0.032032]
[-0.002051 -0.042888 -0.008523  0.033643  0.022512  0.030305]
[ 0.061323  0.119094  0.141735 -0.030496  0.002032 -0.020859]
[ 0.020763  0.07921   0.046658  0.049397  0.008889  0.011494]
[-0.005897  0.024223  0.037776 -0.00877  -0.025006 -0.008998]
[-0.020338  0.046722  0.011958 -0.011453 -0.029454 -0.003677]
[ 0.071928  0.083137  0.071003 -0.005687 -0.019307  0.034776]
[ 0.023679  0.034496  0.048547 -0.019378 -0.017005  0.026296]
[ 0.059396  0.062405  0.072184  0.007531  0.06323  -0.001643]
[-0.029024  0.041603  0.061466 -0.016238  0.027718 -0.01697 ]
[ 0.022627  0.133319  0.044795  0.012768 -0.026834 -0.005599]
[ 0.073051  0.095915  0.05177   0.033357  0.010364 -0.026356]
[ 0.001126  0.04552   0.032771 -0.015478 -0.007129 -0.010221]
[ 0.011146  0.065275  0.003342  0.007442  0.007546  0.009266]
[ 0.072454  0.059122  0.061202 -0.044194  0.003394 -0.026015]
[-0.010703  0.034406 -0.00864  -0.010471  0.028231 -0.029373]
[-0.015092  0.037279  0.163266  0.016937 -0.031998 -0.012874]
[ 0.008456  0.077676 -0.004421  0.026921 -0.014623 -0.001873]
[ 0.010209  0.112025  0.068558 -0.020314  0.001638 -0.048982]
[ 0.058187  0.029438  0.047015 -0.010737  0.012929  0.051602]
[ 0.051351  0.013221  0.017674 -0.019818 -0.02779  -0.024766]
[ 0.051036  0.064222  0.060276 -0.015364 -0.008771 -0.035649]
[ 0.068774  0.072872  0.081972  0.007898  0.005007 -0.031793]
[ 0.019305  0.109197  0.164361 -0.013206 -0.007152 -0.001786]
[ 0.082214  0.075325 -0.008762  0.043698 -0.02427   0.036329]
[-0.024813  0.024375  0.055403  0.002477 -0.017341  0.044969]
[ 0.014784  0.014782  0.097999 -0.015691 -0.00711  -0.02154 ]
[ 0.000871 -0.034897  0.054497 -0.002948  0.012342 -0.00235 ]
[ 0.035964  0.031206  0.023048 -0.004781 -0.006249  0.02278 ]
[-0.010364  0.012806  0.009668 -0.023069 -0.01142   0.004628]
[ 0.047194  0.045802  0.043232 -0.00595   0.006932 -0.003591]
[ 0.050427  0.04384   0.046583  0.015005 -0.000109 -0.006951]
[ 0.044591  0.027599  0.063647 -0.022617 -0.023912  0.034267]
[ 0.008532 -0.005455  0.023592 -0.007301  0.014624  0.007544]
[  4.213491e-02   4.425920e-02   8.355380e-02  -6.556327e-03   5.103999e-06
  -8.648709e-03]
[ 0.097173  0.036371  0.085788  0.005519 -0.005236  0.019529]
('Mean', 1, ': ', 0.097172862091760764)
('Median', 1, ': ', 0.097172862091760764)
('Variance', 1, ': ', 0.0)
('Mean', 2, ': ', 0.036371058897488748)
('Median', 2, ': ', 0.036371058897488748)
('Variance', 2, ': ', 0.0)
('Mean', 3, ': ', 0.085788373450600336)
('Median', 3, ': ', 0.085788373450600336)
('Variance', 3, ': ', 0.0)
('time: ', 8014.0159611701965)
