“Running plot script on a single CPU core”
[-1.004165 -0.9218   -0.868465 -0.878505 -0.795462 -0.73274   0.014846
  0.033283  0.136447  0.10792  -0.062227  0.148452  0.045928  0.001618
  0.042347  0.030824  0.078457  0.04165  -0.052631 -0.00648 ]
[-0.938623 -0.857642 -0.731323 -0.843013 -0.792512 -0.598307 -0.022727
 -0.014334 -0.011289 -0.016064 -0.045596  0.016275  0.036071 -0.003526
 -0.026129  0.032284  0.03446  -0.083576  0.017699  0.027938]
[-0.888166 -1.037627 -1.067332 -0.616818 -0.554046 -0.870188 -0.065363
  0.007877  0.058991  0.090207 -0.01258  -0.048124  0.052537  0.03384
  0.064308  0.031914  0.023272 -0.036437  0.113165 -0.019188]
[-0.985208 -0.839578 -0.785325 -0.821413 -0.839688 -0.705315  0.101091
  0.170791 -0.01554   0.020425  0.091507  0.012915  0.042844  0.140605
  0.223458 -0.026915  0.094475  0.150445  0.047783  0.049795]
[-1.023933 -0.82831  -1.11535  -0.906525 -1.197065 -1.030607 -0.035025
 -0.138854 -0.065189 -0.068115  0.045405 -0.127132 -0.020721  0.086027
 -0.138583  0.016077 -0.033511 -0.060386 -0.005832 -0.010912]
[ -7.683543e-01  -8.185106e-01  -7.587646e-01  -6.386266e-01  -6.112796e-01
  -6.829838e-01   2.920487e-02   7.133446e-04   4.163015e-02   2.699231e-02
  -1.825647e-02  -3.091579e-02   1.245553e-01  -3.350001e-02   6.367741e-03
   8.756387e-02   1.215154e-03   2.810671e-02  -1.363934e-02  -5.036187e-03]
[-1.231853 -1.011457 -1.01358  -0.989788 -1.034373 -1.048092  0.085223
  0.036858  0.010557  0.008515 -0.009353 -0.046897 -0.073343 -0.054228
  0.023737 -0.104174 -0.006293  0.046426  0.023997  0.056375]
[-1.11792  -1.022738 -0.752431 -1.072912 -0.968892 -1.070523  0.075815
 -0.034616 -0.115183 -0.051365 -0.015781  0.001624  0.053542 -0.005111
 -0.037664  0.020593  0.040949  0.169451  0.004449 -0.043458]
[-0.847215 -0.993087 -1.040011 -0.864183 -0.989395 -1.025585 -0.067046
  0.028768  0.074196  0.050305  0.044822  0.073455 -0.029775  0.055838
  0.059947  0.017224  0.05989  -0.093695  0.012238  0.028023]
[-0.970317 -0.822095 -0.821452 -0.90492  -1.015983 -0.715114  0.080539
  0.010139  0.023755  0.01065   0.055936  0.007843 -0.031463  0.032924
 -0.023557  0.017136 -0.007893  0.018912 -0.011022  0.005199]
[-0.801126 -0.800979 -0.667851 -0.730037 -0.68912  -0.756078 -0.029787
 -0.063947  0.034527  0.013753 -0.009206 -0.015372 -0.110885  0.036184
 -0.039387 -0.068914  0.039922 -0.071733 -0.073135 -0.022556]
[-0.773418 -0.800332 -0.957524 -0.85021  -0.939378 -0.801463 -0.114812
  0.051327  0.062409 -0.044875 -0.093072  0.078565 -0.014065 -0.079515
 -0.006225 -0.032522 -0.066653 -0.213535 -0.012879 -0.038235]
[-0.833195 -0.598194 -0.434752 -0.883403 -0.646646 -0.520508 -0.076597
  0.067733 -0.02906  -0.013458 -0.044449  0.025534  0.116688 -0.075344
  0.019642  0.178569 -0.009591  0.003219 -0.044889 -0.064031]
[-1.008586 -0.820102 -0.624613 -0.950271 -0.665066 -0.678186 -0.025839
 -0.055677 -0.038513  0.017529 -0.050538 -0.037131 -0.104395 -0.022427
 -0.03738  -0.083713 -0.004332 -0.04591  -0.021008 -0.001753]
[-0.857703 -0.961351 -0.889904 -0.935284 -0.951558 -0.919026 -0.060332
 -0.056695 -0.034012  0.013437 -0.00131   0.129996  0.107961 -0.037417
 -0.113912  0.072883  0.071406 -0.084564 -0.045929 -0.032126]
[-0.872428 -0.822354 -0.804509 -0.798476 -0.788213 -0.744218  0.029843
 -0.006347  0.07099  -0.093357  0.005816  0.094662 -0.004499 -0.01547
 -0.033341 -0.041432 -0.089382 -0.003509 -0.028985  0.006391]
[-0.836593 -0.349357 -0.747108 -0.50972  -0.936821 -0.440633  0.035677
  0.325739 -0.010082 -0.12531  -0.078207 -0.063088  0.023455 -0.11701
  0.264186  0.152572 -0.082156  0.065491  0.007114 -0.00906 ]
[-0.663346 -0.920351 -0.877765 -0.589479 -0.544483 -0.853945  0.079429
 -0.011253 -0.041166 -0.109599  0.067678 -0.067506 -0.061666  0.040925
  0.025138 -0.037519 -0.171046  0.062815  0.007625  0.018706]
[-1.090377 -0.961414 -0.960878 -0.888523 -0.814681 -0.681946  0.014738
  0.040849  0.080537  0.013922 -0.003421  0.111535  0.019129  0.003536
 -0.012168  0.038162  0.062066  0.012149 -0.066317  0.010372]
[-0.644855 -0.816093 -0.607247 -0.730993 -0.699623 -0.784166 -0.041415
  0.041405  0.016718 -0.041821  0.022296 -0.043231  0.005864  0.077658
  0.001066  0.051576 -0.11252  -0.012453  0.004086  0.018002]
[ -9.104707e-01  -8.361823e-01  -7.125906e-01  -7.995464e-01  -7.304832e-01
  -5.771357e-01  -1.297362e-01   1.283738e-01   2.573071e-02   2.879660e-02
   3.546788e-02   3.320565e-02  -8.720178e-02   2.677875e-02   1.077259e-01
  -1.016022e-02   2.811050e-02  -7.048047e-02  -4.091095e-02  -6.989516e-04]
[-1.165082 -1.304888 -1.109126 -1.286667 -1.096702 -1.174101  0.047049
  0.02624   0.043285 -0.080683  0.011535  0.099646  0.093698  0.142929
  0.015941  0.030003 -0.094038  0.119344 -0.043548 -0.037158]
[-0.733579 -0.772822 -0.821217 -0.836926 -0.918489 -0.921759 -0.017941
 -0.044167 -0.083719  0.119544  0.097019 -0.102422  0.060788  0.064152
 -0.009667  0.03275   0.087522 -0.035794  0.02321   0.062356]
[-0.971152 -0.833834 -0.787799 -0.884256 -0.905208 -0.796162  0.134483
 -0.005351  0.028337  0.121145  0.02129   0.084776 -0.042368  0.012986
 -0.04369   0.006153  0.088977  0.048279  0.058098  0.002754]
[-0.949234 -1.09085  -1.007611 -1.101088 -0.941951 -1.292216 -0.055786
  0.013139 -0.116493  0.135268 -0.041182 -0.040239  0.014533 -0.036423
  0.081117  0.133693  0.216411 -0.030721  0.011768  0.041399]
[-0.789592 -0.941675 -0.99765  -0.74897  -0.73336  -1.070241  0.010402
  0.106727  0.09301  -0.013466  0.038344  0.170331 -0.011257  0.127024
  0.166344 -0.051803 -0.07658  -0.004557  0.005953  0.018269]
[-0.926155 -0.719417 -0.722119 -0.584091 -0.62037  -0.354681  0.066918
  0.063215  0.104106  0.091417  0.105758  0.03603   0.143259  0.10668
  0.038178  0.123811  0.027519  0.005024 -0.091369 -0.03364 ]
[-1.168989 -1.046551 -0.796543 -1.161713 -0.837727 -0.837846  0.010663
  0.015236  0.045811  0.021846  0.003296  0.046888 -0.04727  -0.044225
  0.018008 -0.019683  0.096609  0.007913  0.038232  0.054098]
[-0.872947 -0.915646 -0.799343 -0.951128 -0.773312 -0.770467 -0.008622
  0.071104  0.038669  0.009393  0.012058 -0.031503  0.089244  0.010896
  0.110646  0.117209 -0.010834  0.002469 -0.017816  0.01408 ]
[-1.094786 -0.781256 -0.788425 -0.862199 -0.912794 -0.747518  0.019259
 -0.027406  0.064742 -0.0098   -0.02637   0.097579 -0.020198  0.006077
 -0.044754 -0.077275  0.018908  0.008688 -0.005219  0.014789]
[-0.926507 -0.849168 -0.91827  -0.77573  -0.857184 -0.917786  0.171491
  0.073737  0.02407  -0.015164  0.013082 -0.022063 -0.116581  0.074782
  0.123933 -0.104286  0.033295  0.212703  0.001961  0.019821]
[-0.938544 -1.109283 -0.81088  -1.215473 -1.040594 -1.029162 -0.046727
 -0.017178  0.005275 -0.014841  0.017916  0.039416 -0.008582  0.155754
 -0.010342  0.018442  0.092939 -0.040147  0.005477 -0.026987]
[-1.056143 -0.970323 -0.974925 -1.143231 -1.059297 -1.035644  0.171378
 -0.105427  0.062012  0.056781 -0.010001  0.057538  0.098648  0.003079
 -0.208078  0.008392  0.051505  0.209413  0.107787  0.073131]
[-0.76315  -0.531246 -0.825264 -0.560671 -0.837969 -0.573904 -0.080916
 -0.027316 -0.076773  0.032361 -0.010396 -0.074452 -0.022584 -0.038265
 -0.073016 -0.010247 -0.036326 -0.181833  0.013047 -0.025893]
[-0.810741 -0.835795 -0.642039 -0.867278 -0.677045 -0.70515   0.00141
  0.035105  0.040052  0.042526  0.030635  0.061642 -0.073204  0.057405
  0.055755 -0.037196  0.01779   0.010146 -0.051447 -0.034368]
[-0.869737 -0.594689 -0.44668  -0.790247 -0.782984 -0.435476  0.016233
 -0.176068  0.082652 -0.09653  -0.155986  0.199302 -0.006735 -0.13067
 -0.27596  -0.100523 -0.131919 -0.002341 -0.013829  0.049379]
[-0.860774 -1.082883 -1.078103 -0.688099 -0.796656 -0.981094 -0.079361
  0.023116  0.02114   0.048499 -0.042128  0.034705 -0.006216 -0.02632
 -0.054537  0.031162 -0.022439 -0.139053 -0.031447  0.043288]
[-0.987101 -0.667756 -1.010115 -0.864907 -0.967462 -0.756278  0.032085
 -0.120765 -0.10797   0.02233  -0.031791 -0.117503 -0.02912  -0.024707
 -0.114354 -0.027916  0.046198  0.015021  0.045056 -0.031603]
[ -1.051477e+00  -9.497163e-01  -7.690977e-01  -9.809564e-01  -8.254919e-01
  -8.403665e-01  -5.578839e-03   6.229963e-02   2.722623e-02  -5.654648e-02
   1.321502e-02  -3.923530e-02   1.132023e-01   1.786235e-02  -3.453906e-02
   1.259799e-01  -3.793609e-02  -5.304407e-04   8.674983e-03  -2.600558e-02]
[-1.307879 -1.223613 -1.329667 -1.100286 -1.093483 -1.179213  0.16244
  0.015837 -0.126436  0.110153 -0.056951 -0.210624 -0.03567  -0.041263
  0.065406 -0.064753  0.060278  0.091846  0.085826 -0.037131]
[-1.054228 -1.055074 -0.925379 -0.927102 -0.85275  -0.867795 -0.104888
  0.084782 -0.047364  0.065817 -0.047303 -0.016628  0.039121 -0.079304
  0.063356 -0.030567  0.105805 -0.148727  0.016346  0.018725]
[-0.993871 -0.940829 -0.88448  -0.768758 -0.698878 -0.706823  0.084707
 -0.052269 -0.104941 -0.165485  0.053776 -0.052352  0.079841  0.023107
 -0.028554  0.119912 -0.151453  0.112264  0.046753 -0.004459]
[ -1.224698e+00  -1.104372e+00  -1.150607e+00  -1.038885e+00  -1.081526e+00
  -9.477972e-01  -6.839190e-03   6.963995e-02  -6.672972e-02  -1.455510e-03
   3.207185e-02  -8.329781e-02  -1.377193e-03   1.036223e-01   1.006435e-01
   2.909639e-02  -5.126327e-02   1.784069e-02  -5.331650e-04   3.055304e-02]
[-1.007679 -0.896986 -1.079894 -0.968847 -1.024521 -1.051712  0.045306
 -0.009608  0.123709  0.005713  0.068648  0.113804  0.11863   0.062511
 -0.030226  0.039308 -0.040432  0.039803  0.010964 -0.011881]
[ -8.276927e-01  -1.068240e+00  -1.057007e+00  -6.515508e-01  -4.611555e-01
  -7.918845e-01  -3.694987e-02  -1.730591e-02   4.298882e-02   9.733214e-03
  -1.000662e-01   1.289848e-01  -1.083896e-01  -1.014516e-01  -5.414172e-02
  -2.578934e-02  -2.740226e-02  -2.370987e-04  -2.846088e-02  -2.473418e-02]
[-0.646883 -0.808816 -0.846314 -0.753915 -0.725605 -0.867341 -0.046027
  0.079975 -0.019384 -0.066932  0.096249  0.013693  0.043008  0.047426
  0.098026  0.050466 -0.105851 -0.040178  0.055262  0.019699]
[-1.022072 -1.114486 -1.08007  -0.933899 -0.960213 -0.876058 -0.158918
  0.120393  0.065684  0.078442 -0.063822  0.04849   0.083451 -0.100303
  0.091398  0.147029  0.154181 -0.209611  0.035501 -0.015292]
[-1.001196 -0.910254 -0.840259 -1.024286 -1.013456 -0.647482  0.141899
 -0.07335  -0.160923 -0.044016 -0.006324 -0.210326 -0.020549 -0.023351
 -0.09046   0.037745 -0.022332  0.101744  0.004757 -0.032804]
[-0.846937 -0.745301 -0.875552 -0.732643 -0.817583 -0.739381 -0.023399
  0.014393  0.147192  0.025709 -0.015388  0.147226  0.001331  0.024438
  0.003582  0.038632  0.0228   -0.130968 -0.063781 -0.012335]
[-0.968999 -0.926029 -1.032468 -0.935616 -0.647898 -0.721046  0.051452
  0.131674 -0.10984   0.089357  0.185967 -0.173016 -0.088688  0.084141
  0.151921 -0.06219   0.030715  0.002231  0.075074  0.016152]
[-1.063857 -0.898999 -0.913435 -0.768358 -0.627924 -0.474948 -0.036538
  0.017879 -0.017648  0.00351   0.015216 -0.01892  -0.094013  0.061533
  0.05952  -0.110254  0.00311  -0.063981 -0.04071  -0.026823]
[-1.090523 -1.097916 -0.933526 -0.981234 -1.028646 -0.957598  0.11404
 -0.022984  0.027177 -0.005573  0.009835 -0.096504 -0.068259 -0.099539
 -0.031046 -0.075508 -0.023634 -0.008192  0.068584 -0.045515]
[ -1.092410e+00  -1.055502e+00  -7.223181e-01  -1.069592e+00  -6.983331e-01
  -6.227236e-01   5.557397e-02   5.024410e-02  -4.778023e-02  -1.757703e-01
   1.630378e-01  -3.270488e-02  -1.123070e-01   1.947939e-01   6.171815e-02
  -7.593624e-02  -1.072062e-01   7.298065e-02  -5.942011e-02   1.094667e-04]
[-0.936728 -1.012742 -1.010983 -0.928766 -0.778253 -0.868324 -0.057522
  0.131436  0.02177   0.073308 -0.052898  0.014947 -0.046455 -0.033161
  0.115575 -0.064589  0.02242  -0.066007 -0.018775  0.010972]
[-0.962281 -0.919729 -0.734953 -1.06632  -0.616489 -0.846482 -0.024708
 -0.071503 -0.016721 -0.201461  0.01212  -0.00339   0.065191 -0.009434
  0.003604  0.055554 -0.397098  0.051867  0.008428 -0.009351]
[ -8.827275e-01  -6.855099e-01  -1.038892e+00  -7.045692e-01  -9.877136e-01
  -7.754910e-01  -7.524117e-02  -9.345837e-02  -2.327771e-02  -4.937204e-02
   4.461788e-02  -1.186120e-01  -1.512346e-02  -2.594292e-02  -1.694917e-01
  -9.548288e-04   4.474929e-02   4.427863e-02  -5.167824e-02   6.207328e-03]
[-0.865291 -0.792725 -0.830999 -0.702742 -0.546101 -0.51766  -0.088808
 -0.098647 -0.106409  0.048994  0.193678 -0.097833 -0.183502  0.134907
 -0.141485 -0.043105 -0.087404 -0.07465  -0.025098 -0.026941]
[-0.785413 -0.785377 -0.672384 -0.876019 -0.728307 -0.876507  0.01552
 -0.071204 -0.208313  0.126456  0.101499 -0.137925 -0.15014   0.070979
 -0.026216 -0.046926  0.155629 -0.005315 -0.017412 -0.027751]
[-1.192745 -0.845767 -1.082266 -0.730953 -1.123318 -0.957374 -0.03954
  0.046414  0.008195 -0.010819 -0.040575  0.051731 -0.059663 -0.041335
  0.03588   0.011167 -0.056119  0.060033 -0.00882   0.052914]
[-0.917601 -0.84222  -0.963274 -0.92648  -0.978274 -0.989818 -0.08296
  0.065853 -0.02417   0.068726 -0.032184 -0.007489  0.126433  0.008032
  0.03676   0.069791  0.089784 -0.071476 -0.024997  0.012869]
[-1.128473 -1.012777 -0.912855 -0.942499 -0.707217 -0.689487 -0.016068
  0.015827 -0.101129  0.243191  0.039555 -0.10447  -0.158729  0.055565
  0.020998 -0.11384   0.204971 -0.018797 -0.015002 -0.00925 ]
[-0.834984 -1.084286 -0.870184 -0.857075 -0.693946 -0.894852 -0.069058
 -0.069824 -0.060268 -0.152799 -0.034437 -0.030273 -0.016778 -0.146002
 -0.084858 -0.014292 -0.190664 -0.05421  -0.095318 -0.00382 ]
[ -7.616387e-01  -7.913038e-01  -8.654747e-01  -9.023341e-01  -8.936036e-01
  -9.900684e-01  -6.042248e-04   1.527936e-01   4.915707e-03  -1.015502e-02
  -7.637206e-02   3.326750e-02  -3.317433e-02  -1.464683e-02   1.646153e-01
  -3.392207e-02   5.722144e-03  -3.769306e-03   3.036489e-02   3.084096e-02]
[-1.068479 -0.927048 -0.892612 -0.833884 -0.812676 -0.768384 -0.066548
 -0.070831 -0.056719  0.030737  0.103377 -0.055146 -0.091559  0.100028
 -0.042946 -0.036124 -0.032239 -0.068499  0.001752  0.024131]
[ -9.276905e-01  -9.369478e-01  -9.262009e-01  -9.849031e-01  -9.037807e-01
  -8.592906e-01   8.438587e-02   8.611355e-04   2.391084e-02   2.386502e-02
  -7.766893e-03  -6.565874e-02   6.584940e-02  -3.579253e-02   9.488490e-03
   4.765146e-02   2.806534e-02   8.986362e-02   9.490203e-03  -7.485387e-03]
[ -6.641264e-01  -8.015497e-01  -7.137288e-01  -8.945599e-01  -7.506781e-01
  -7.932416e-01   3.303902e-02   2.153081e-04  -1.655551e-02  -4.510787e-03
  -4.528400e-02   7.446919e-03  -8.259697e-02   1.095138e-02  -3.494682e-02
  -1.163388e-01   9.261844e-03   2.750544e-02   6.590956e-02   1.360707e-02]
[-1.125672 -1.085859 -1.022958 -1.116043 -1.003064 -1.095698 -0.021819
  0.013563  0.068523 -0.002098  0.006456  0.029805  0.073946 -0.040046
  0.036958  0.146327  0.026594 -0.105548 -0.073893 -0.025266]
[-1.107505 -1.049293 -1.050909 -1.002554 -0.948974 -1.14291  -0.063162
  0.163226  0.115684  0.010744 -0.103475  0.118247 -0.07327  -0.020136
  0.157054 -0.051339  0.060344  0.055669  0.018787  0.022676]
[-0.903334 -0.829885 -0.82868  -0.930176 -0.973585 -1.058829 -0.007826
  0.118957  0.164846  0.066142  0.205324  0.049442 -0.145241  0.281123
  0.097763 -0.053717  0.04224   0.009417  0.002092  0.003066]
[-0.723458 -0.906707 -1.081487 -0.61991  -0.673073 -0.913417  0.002141
  0.002631 -0.139394 -0.131668 -0.036553 -0.083284  0.040213 -0.029755
  0.028768  0.043693 -0.142882  0.043535  0.053044  0.021328]
[-0.75599  -1.054605 -0.973284 -0.754296 -0.695258 -1.046852 -0.002853
 -0.072099 -0.063621 -0.021311 -0.029328 -0.060145 -0.020919 -0.012018
 -0.081355 -0.044699 -0.069905 -0.04831  -0.009936  0.022414]
[-1.202748 -1.229343 -1.211742 -0.949459 -0.884543 -0.810099 -0.113763
 -0.007193 -0.012132  0.159348  0.010239  0.031633 -0.0401   -0.010285
 -0.127946 -0.02691   0.078365 -0.166305 -0.035885 -0.028393]
[-0.949256 -0.827049 -0.698711 -0.892649 -0.815744 -0.734708  0.034274
  0.078337 -0.103513 -0.022147  0.090027 -0.152867 -0.010018  0.096544
  0.069351 -0.013132 -0.028018  0.016574 -0.052581 -0.025474]
[-0.684867 -0.763621 -0.648149 -0.784086 -0.617513 -0.890893 -0.027157
  0.040667  0.086316 -0.010945  0.004295  0.077009 -0.093631  0.025676
  0.102548 -0.058154  0.002269 -0.052452  0.008216  0.006344]
[-1.05714  -0.999756 -0.805993 -1.163485 -0.815612 -0.89512  -0.034804
  0.021993 -0.072844 -0.006765  0.132115 -0.135546 -0.032223  0.1476
 -0.010639 -0.013778  0.048405 -0.13783   0.016507  0.021963]
[-0.880979 -0.920461 -0.681749 -0.883183 -0.739726 -0.705393 -0.125472
 -0.099216  0.089454 -0.031646  0.068154  0.097368 -0.138957  0.074463
 -0.053107 -0.087476  0.023432 -0.082137 -0.002547 -0.007144]
[-1.045473 -0.880914 -0.907423 -0.780556 -0.776166 -0.649585  0.068509
 -0.066564 -0.081775 -0.096181 -0.017221 -0.059866  0.104093 -0.074946
 -0.080086  0.090173 -0.192745  0.086312 -0.060696  0.040439]
[-0.741628 -0.801366 -0.746558 -0.799377 -0.851149 -0.877465  0.11257
  0.025075 -0.159995 -0.012183  0.069251 -0.11603   0.046229  0.162677
  0.041387  0.042181 -0.07772   0.074712  0.029619  0.014618]
[-0.819607 -0.768526 -0.72422  -0.844312 -0.88489  -0.727037  0.025202
 -0.079376  0.101175 -0.021548 -0.028593  0.090261  0.017524 -0.04423
 -0.067054  0.039021 -0.023659 -0.029642  0.027252 -0.018645]
[-0.678853 -0.730462 -0.590288 -0.782142 -0.640656 -0.610669 -0.081522
  0.154034 -0.060026 -0.075405 -0.055692 -0.002665  0.053561 -0.086627
  0.087614  0.025087  0.035539 -0.058951 -0.004091 -0.010618]
[-1.327295 -1.176373 -1.19531  -1.255789 -1.244166 -1.328094 -0.085949
 -0.049989  0.036224 -0.079293  0.028051  0.030551 -0.091548  0.004284
 -0.062464 -0.034992  0.046232 -0.093522  0.021064  0.029231]
[-1.217936 -1.311357 -1.134502 -1.146612 -0.970343 -1.149729 -0.011036
 -0.003141  0.101512  0.076072  0.038093  0.131509  0.108481  0.058053
  0.113301  0.08063   0.049244  0.007927  0.051446  0.060344]
[-1.210764 -0.891022 -0.681543 -1.080225 -0.855108 -0.604016 -0.020359
  0.085999 -0.013251 -0.124731 -0.181848 -0.01264   0.153989 -0.163926
  0.131881  0.220851 -0.150363  0.014708  0.050942 -0.02072 ]
[ -8.250731e-01  -8.659757e-01  -8.528377e-01  -8.323948e-01  -7.751803e-01
  -8.879967e-01   1.880473e-04  -4.992103e-02   6.030549e-02  -8.110560e-03
   3.921803e-03  -8.430363e-03   6.116742e-03  -6.561173e-03  -9.578645e-02
  -5.437264e-02  -1.440984e-01  -4.608429e-02   1.185088e-03   2.206196e-02]
[-0.802165 -1.012628 -0.829178 -0.899483 -0.705975 -1.050859  0.090674
  0.097995 -0.06096   0.111723  0.038369 -0.084982 -0.042292  0.084594
  0.068555 -0.074701  0.062488  0.130447  0.025349 -0.001553]
[-0.933933 -0.937757 -0.701972 -0.880237 -0.735072 -0.823064 -0.002215
 -0.056056  0.116945  0.069708 -0.012676  0.118425 -0.039148  0.025584
 -0.081999 -0.08944   0.072905  0.055558 -0.027554 -0.010259]
[ -8.750162e-01  -9.624911e-01  -8.416501e-01  -9.661277e-01  -9.135868e-01
  -1.045676e+00  -1.273067e-02  -2.155688e-03  -2.151131e-04  -6.197965e-02
   6.676797e-03  -3.247186e-02  -6.959060e-02   3.022777e-02  -5.242813e-02
  -1.903540e-02  -4.924409e-02  -3.861911e-02  -5.960300e-03  -1.422327e-02]
[-0.74226  -0.68774  -0.464623 -0.980639 -1.207452 -0.965493 -0.16758
  0.070111 -0.048427  0.026872  0.199178 -0.222582  0.030761  0.143785
 -0.100756  0.071069 -0.003203 -0.054173 -0.053101 -0.04152 ]
[ -9.497291e-01  -1.198177e+00  -1.003485e+00  -1.071363e+00  -9.255169e-01
  -1.241200e+00   1.130858e-01  -6.676249e-03   6.283975e-02   2.351689e-02
   9.580013e-04   2.035530e-01   6.787797e-02  -3.758682e-03   9.626717e-03
   8.678744e-02   1.973254e-02   1.004687e-01  -5.351059e-02  -3.411428e-02]
[-0.582999 -0.717591 -0.721209 -0.518249 -0.57064  -0.690647 -0.010959
  0.041006  0.091528 -0.065198 -0.040033  0.098706  0.014778 -0.047229
  0.05652   0.040734 -0.058201 -0.025478  0.021824 -0.001441]
[ -9.098814e-01  -8.420401e-01  -6.542741e-01  -8.829168e-01  -7.776644e-01
  -7.779593e-01  -1.367104e-02   7.326082e-02  -9.086117e-02  -5.174631e-02
  -5.236712e-03  -9.418360e-02   4.988642e-02   5.280787e-05   1.860280e-02
   4.322141e-02  -1.005295e-01  -8.534322e-03  -5.791157e-03  -2.395907e-02]
[-1.175073 -1.017896 -0.98131  -1.291525 -1.26139  -1.133752  0.062534
 -0.016673  0.099993 -0.041009 -0.050673  0.07305  -0.050974 -0.089942
  0.012144 -0.067155 -0.0855   -0.013863  0.059015  0.007855]
[-0.937273 -1.034332 -0.969184 -0.964724 -0.836544 -0.989034 -0.015372
 -0.112079 -0.035988 -0.038463 -0.004597  0.061497 -0.073409 -0.071155
 -0.221461 -0.022719 -0.001453  0.007002  0.024885  0.029293]
[ -6.227288e-01  -4.550867e-01  -5.103534e-01  -7.300802e-01  -9.495865e-01
  -7.423927e-01  -6.868093e-03   5.213994e-02  -6.902212e-02  -1.305600e-02
  -6.537042e-02  -7.656433e-02   2.173565e-02  -5.451622e-02   1.045300e-01
   1.232691e-01   1.131850e-03  -3.574696e-02   5.370566e-02   8.708849e-04]
[-0.970993 -0.80479  -0.635365 -0.840664 -0.772133 -0.626427 -0.017465
 -0.013874  0.091266  0.025161 -0.018408  0.014478 -0.005677 -0.106239
 -0.066446  0.064054  0.00715  -0.093035 -0.024505 -0.01109 ]
[-0.715621 -0.625125 -0.553663 -0.861544 -0.914866 -0.862391 -0.005175
 -0.15437   0.015272  0.015012 -0.130124  0.01644   0.03282  -0.101967
 -0.081596  0.021171  0.022249  0.026289  0.014914 -0.007535]
[-0.896628 -1.056283 -0.780211 -0.747518 -0.558004 -0.822994  0.221462
 -0.065564 -0.009338  0.161909 -0.011835 -0.063939 -0.076669 -0.078403
 -0.11271  -0.132555  0.229224  0.194609 -0.041775  0.005479]
[-1.092641 -1.047969 -0.954562 -1.188533 -1.053935 -1.07966   0.011213
  0.020797 -0.013193 -0.083204 -0.060293 -0.022016 -0.052774 -0.102788
  0.02209  -0.012202 -0.04353  -0.066421 -0.038105  0.003004]
[-0.885441 -0.993501 -0.873572 -1.156081 -0.927229 -1.298508 -0.032497
 -0.021663  0.135749  0.207499 -0.102678  0.077523 -0.005339 -0.174346
 -0.001377 -0.035345  0.197667 -0.068862  0.065843 -0.013884]
[-1.028221 -1.003459 -0.737345 -0.978958 -0.847561 -0.7721   -0.033835
 -0.030572 -0.026337  0.103252 -0.072217  0.017652  0.091381 -0.065033
 -0.052089  0.02904   0.207174 -0.003012  0.046678  0.041426]
('Mean', 1, ': ', -1.0282211947734046)
('Median', 1, ': ', -1.0282211947734046)
('Variance', 1, ': ', 0.0)
('Mean', 2, ': ', -1.0034593572969523)
('Median', 2, ': ', -1.0034593572969523)
('Variance', 2, ': ', 0.0)
('Mean', 3, ': ', -0.7373453782511219)
('Median', 3, ': ', -0.7373453782511219)
('Variance', 3, ': ', 0.0)
('Mean', 4, ': ', -0.97895801933092164)
('Median', 4, ': ', -0.97895801933092164)
('Variance', 4, ': ', 0.0)
('Mean', 5, ': ', -0.84756059638037073)
('Median', 5, ': ', -0.84756059638037073)
('Variance', 5, ': ', 0.0)
('Mean', 6, ': ', -0.77209983873901189)
('Median', 6, ': ', -0.77209983873901189)
('Variance', 6, ': ', 0.0)
('time: ', 8117.973345041275)
