“Running plot script on a single CPU core”
[ 0.051731  0.097693  0.088112 -0.005996 -0.02164  -0.031803]
[ 0.044741  0.052764  0.063147  0.000529  0.007109  0.001445]
[ 0.050314  0.060014  0.073725 -0.013534  0.002485  0.013818]
[ 0.02526   0.01532   0.047997 -0.021564 -0.011025 -0.002903]
[ 0.088814  0.091707  0.096804  0.019254  0.019263 -0.028399]
[-0.013951  0.075975  0.070094 -0.014801 -0.014957 -0.014033]
[ 0.060084  0.10606   0.082696  0.007391 -0.003201 -0.012648]
[ 0.076354  0.110006  0.112627  0.016353  0.009877 -0.004806]
[-0.020642 -0.041991 -0.012338 -0.038562 -0.001515 -0.011867]
[ 0.030706  0.071458  0.059452  0.005743 -0.017324  0.010445]
[ 0.105257  0.023974  0.263615  0.029702  0.025182 -0.036627]
[-0.03624   0.026952  0.031027  0.003878  0.008504 -0.023606]
[ 0.019313 -0.00014   0.074374 -0.015957  0.007134  0.002066]
[ 0.085349  0.119078  0.13413  -0.016451 -0.008293  0.004053]
[ 0.090217  0.05648   0.052919 -0.03377   0.023549  0.031852]
[ 0.016643  0.079765  0.051604 -0.011726  0.028625 -0.007741]
[ 0.000802 -0.048265  0.005949 -0.001453  0.010315 -0.001264]
[ 0.042084  0.035728  0.034831 -0.005623  0.001199 -0.019043]
[ 0.021191  0.073685  0.059532  0.002299  0.010085  0.031736]
[ 0.01299   0.051622  0.056839 -0.000439 -0.004082  0.025038]
[ 0.004166  0.008137  0.022574 -0.001219  0.009049 -0.033418]
[ 0.007523  0.019608  0.041213  0.006913  0.017407 -0.011887]
[ -5.164978e-03   4.721207e-02   2.132191e-02  -2.384653e-02   5.487686e-05
   1.352267e-03]
[ 0.018339  0.009406  0.066428 -0.01699  -0.012911  0.005409]
[ 0.000562  0.02282   0.016625  0.00968   0.010209 -0.02454 ]
[-0.029262  0.062172  0.050129 -0.006508 -0.008279  0.017314]
[ 0.045172  0.064129  0.147245 -0.038137 -0.021698 -0.021355]
[-0.001461  0.010722  0.063201  0.002469 -0.014255  0.006565]
[ 0.026182  0.05619   0.00354   0.019901  0.025182  0.011947]
[ 0.0531    0.071903  0.099954  0.01784   0.017017 -0.026921]
[ 0.021007  0.028364  0.041227  0.002291  0.019094  0.013172]
[ 0.024979  0.003298  0.056958 -0.001427 -0.004549  0.034425]
[-0.002655  0.00254   0.037489  0.024204  0.01485  -0.011896]
[-0.068914  0.014309 -0.001788  0.021611 -0.02647   0.009596]
[-0.023914  0.000891 -0.02794  -0.020504 -0.02014  -0.010735]
[ 0.062488  0.084877  0.081277 -0.018992  0.004615  0.019978]
[-0.004063 -0.035132  0.029778  0.007758  0.00132   0.007277]
[ 0.028672  0.038133  0.012571  0.015603 -0.022876  0.007996]
[ 0.00468   0.004454  0.038385 -0.021466 -0.025761 -0.001373]
[ 0.060408  0.069057  0.025032 -0.012795 -0.011401  0.007256]
[-0.072749 -0.030299 -0.040913 -0.0281   -0.002667  0.022807]
[ 0.111257  0.099765  0.122447  0.005123 -0.017805  0.00259 ]
[ 0.042304  0.034554  0.087367 -0.003367  0.01664  -0.028854]
[-0.042405  0.010522  0.018077 -0.02415   0.011293  0.045702]
[ 0.068904  0.029646  0.061407 -0.014141  0.022537  0.006342]
[ 0.00796  -0.015637  0.032647 -0.007521 -0.008724  0.017327]
[ 0.042941  0.01185   0.049397  0.008274 -0.009405  0.011524]
[ 0.019688  0.109032  0.085204  0.00566  -0.018321  0.006956]
[ 0.053517  0.051332  0.074626 -0.003216 -0.039188 -0.02554 ]
[ 0.055628  0.043983  0.049974 -0.007837 -0.009263  0.004677]
[ 0.062763  0.091337  0.01922  -0.016632 -0.005287 -0.029461]
[ 0.002925  0.054433  0.065345 -0.013549  0.010051 -0.006089]
[-0.009474  0.035449  0.009947 -0.013638 -0.0195    0.00188 ]
[-0.056778  0.085514  0.06617  -0.02153   0.028746  0.034961]
[ 0.028052  0.047785  0.029952  0.018399  0.021756  0.021388]
[ 0.051185  0.073673  0.078742  0.009936 -0.01078   0.005306]
[ 0.004785  0.048613  0.052743  0.001965  0.00237   0.019599]
[ 0.060089  0.069826  0.079443  0.005017  0.005305  0.012459]
[-0.004478  0.021657  0.033272  0.016228 -0.029642  0.010143]
[ 0.038371  0.028887  0.049183 -0.009439  0.008856 -0.003144]
[ 0.024553  0.047419  0.101118 -0.047124  0.001216  0.034527]
[ 0.0217    0.026713 -0.012104 -0.00903   0.026606  0.000555]
[ 0.060077  0.126169  0.108107  0.043413  0.06129  -0.023527]
[-0.010247 -0.041712  0.014507 -0.030483  0.029218 -0.014129]
[-0.036002 -0.041775 -0.058711 -0.018484  0.016095  0.004638]
[ 0.050017  0.049412  0.020272  0.0015   -0.0003    0.002145]
[ 0.050974  0.03308   0.036165  0.003928 -0.010112 -0.0349  ]
[ 0.014974  0.056126  0.039077 -0.0132   -0.002316  0.045245]
[ 0.048338  0.063016  0.071111  0.01135  -0.004659  0.00413 ]
[ 0.008834  0.075071  0.049991 -0.000793  0.002278 -0.002515]
[-0.055479  0.111907  0.050559 -0.024749 -0.011107  0.012639]
[ 0.010255  0.006044  0.050802 -0.001689 -0.015861  0.024191]
[-0.051936 -0.127604  0.086334 -0.001219 -0.055441 -0.026606]
[-0.005429  0.01966   0.030844 -0.02001  -0.021288  0.019905]
[ 0.057679  0.074852  0.109256 -0.044749 -0.005934 -0.000609]
[ 0.01589   0.070333  0.054409  0.016305  0.015882 -0.007857]
[-0.040733 -0.0693   -0.027281 -0.028539 -0.012938 -0.012174]
[-0.001436  0.034945  0.018843 -0.003657 -0.032885 -0.050432]
[ 0.061623  0.021011  0.067994 -0.004433 -0.049323  0.004808]
[-0.031003 -0.053556  0.028374 -0.008362  0.021466  0.012648]
[ 0.015709 -0.000187  0.049735  0.011948 -0.035344  0.020245]
[ 0.083123 -0.01528   0.070176 -0.005444 -0.018448  0.002419]
[ 0.010323  0.085886  0.114924 -0.005369  0.00343   0.007506]
[ 0.03722   0.053611  0.051089  0.00147  -0.000375 -0.002346]
[ 0.018887  0.034057  0.019138  0.017402  0.004629  0.001891]
[ 0.004099 -0.013963  0.014607 -0.002427 -0.016596 -0.005779]
[ 0.063607  0.086613  0.052901  0.001854  0.025285 -0.008587]
[-0.004251  0.053162  0.071796  0.047513 -0.041701  0.004827]
[ 0.015842  0.058977  0.061457  0.000886  0.023892  0.015061]
[-0.006546  0.110551  0.104438 -0.035129  0.014807 -0.011184]
[ 0.117693  0.098903  0.084028  0.016719 -0.015729 -0.017936]
[ 0.073635  0.082395  0.024656 -0.00316  -0.01773   0.014227]
[ 0.022853  0.028316 -0.030781  0.00409   0.016069 -0.011621]
[-0.101371 -0.014253 -0.024794  0.020071 -0.037903  0.0275  ]
[-0.007476  0.018384  0.005782 -0.015824  0.015193  0.006358]
[ 0.099111  0.078515  0.109171  0.001058 -0.013546 -0.023312]
[ 0.088232  0.029765  0.093018  0.024413 -0.017344  0.028503]
[ 0.052939  0.056402  0.072896 -0.009538 -0.053511 -0.013663]
[ 0.044947 -0.101307  0.019931  0.025342  0.011942  0.039637]
[ 0.07572   0.073282  0.071581  0.000794 -0.004758  0.018308]
('Mean', 1, ': ', 0.075720078140201194)
('Median', 1, ': ', 0.075720078140201194)
('Variance', 1, ': ', 0.0)
('Mean', 2, ': ', 0.073282309088138917)
('Median', 2, ': ', 0.073282309088138917)
('Variance', 2, ': ', 0.0)
('Mean', 3, ': ', 0.071581259336268341)
('Median', 3, ': ', 0.071581259336268341)
('Variance', 3, ': ', 0.0)
('time: ', 8463.180907011032)
