“Running plot script on a single CPU core”
[ 0.062966  0.015486  0.098178  0.033298  0.016664 -0.045017]
[ 0.046267  0.047746  0.038327 -0.008855 -0.004667 -0.036475]
[ 0.001732 -0.011551 -0.005499 -0.027603 -0.015658 -0.007031]
[ 0.068483  0.07184   0.112863 -0.011481 -0.013761  0.01411 ]
[-0.00829   0.068917  0.018259 -0.025229 -0.005964  0.026704]
[ 0.069472  0.056144 -0.023631  0.01002  -0.034628 -0.020355]
[-0.031766  0.033212  0.038783  0.039122  0.01497  -0.001934]
[ 0.031068  0.072166  0.085843  0.00128   0.017496 -0.001521]
[-0.034462  0.017947  0.046972 -0.000109 -0.023505  0.036033]
[ 0.034148  0.043518  0.013545  0.009378 -0.006159  0.013306]
[-0.105572 -0.054244 -0.064539  0.043867 -0.015926  0.053033]
[ 0.013098  0.005538  0.063468  0.003301 -0.028304 -0.003947]
[ 0.008729  0.009629  0.095438 -0.02185  -0.029725  0.028539]
[ 0.026539  0.023396 -0.032269  0.007234  0.018845 -0.013273]
[-0.016159  0.011889  0.059012  0.031166 -0.013195  0.01841 ]
[ 0.040723  0.046323  0.068548  0.042166 -0.010835  0.004564]
[-0.031972 -0.070442 -0.027028  0.00454   0.006329 -0.001215]
[-0.038432 -0.048052 -0.00163   0.010675 -0.010092 -0.020495]
[-0.010923 -0.019732  0.054341  0.001734 -0.00457  -0.000916]
[ 0.029949  0.038813  0.051497 -0.025744 -0.026992 -0.018724]
[ 0.061106  0.109563  0.114717 -0.032351 -0.035705 -0.003303]
[ 0.014676  0.037627  0.114125  0.007492 -0.008881  0.006946]
[ 0.027789  0.01039   0.071398 -0.004228 -0.002568  0.021854]
[ 0.048102  0.047644  0.048164  0.014612 -0.002276 -0.021706]
[-0.017292  0.058509  0.017128  0.010381  0.011548  0.0305  ]
[ 0.056156  0.096338  0.077568 -0.016506 -0.009013 -0.00645 ]
[ 0.02574   0.058662  0.068371 -0.015635  0.017325 -0.039717]
[ 0.08068   0.12299   0.099715  0.005344 -0.000604  0.000999]
[-0.032576 -0.04927  -0.015961  0.002364  0.012335 -0.000844]
[ 0.059695  0.068889  0.105699  0.001802  0.02177   0.011733]
[-0.009758  0.040293  0.019314 -0.0098   -0.007012 -0.027051]
[ 0.001681  0.015582  0.02224  -0.028813  0.002228 -0.013655]
[-0.025815 -0.014666  0.013927 -0.049926 -0.036349 -0.047813]
[ 0.038791  0.044924  0.024573  0.011836 -0.025166  0.009079]
[ 0.060484  0.078731  0.050924  0.006924 -0.000301 -0.011115]
[-0.022503  0.038242  0.02524  -0.002859  0.008045 -0.027563]
[ 0.01992   0.046059  0.0412   -0.013832  0.002198  0.000226]
[ 0.034519  0.039717  0.016085 -0.007535 -0.020063 -0.021815]
[-0.045382  0.00704   0.008366  0.017548 -0.016469  0.003076]
[ 0.024132  0.047356  0.01232  -0.034095  0.02123  -0.000696]
[-0.013783  0.050118  0.036342  0.007103  0.005402 -0.022893]
[ 0.009684  0.066958  0.027968  0.011524  0.007142 -0.000297]
[ 0.005763  0.035919 -0.001088  0.014386 -0.016415 -0.030455]
[ 0.029303  0.063524  0.100951  0.007362  0.00354  -0.020995]
[ 0.039799  0.045659  0.030262  0.004453  0.006798 -0.023988]
[ 0.011232  0.04875   0.01115  -0.008047 -0.005904  0.069519]
[ 0.034102  0.102257  0.055398  0.000785 -0.002567  0.018886]
[ 0.021843 -0.015592  0.008028 -0.034547 -0.026375  0.000974]
[-0.004339  0.00398   0.018816  0.002058 -0.002845 -0.004643]
[ 0.054146  0.048722  0.047692  0.009433  0.019534  0.015352]
[ 0.058114  0.113615  0.104083  0.043392  0.035778 -0.033545]
[ 0.013777  0.028964  0.007409 -0.003486 -0.019514 -0.009351]
[ 0.07111   0.07133   0.062207 -0.057708 -0.058387 -0.022082]
[ 0.062234  0.064686  0.124364  0.00612   0.009924 -0.0109  ]
[ 0.016941  0.029996 -0.003804 -0.004507  0.006725  0.017899]
[ 0.071179  0.080039  0.115273 -0.00349  -0.016374 -0.041055]
[-0.019206 -0.000845  0.060133  0.048002 -0.018711  0.013157]
[-0.014146 -0.003881  0.012826 -0.00533   0.010158  0.01739 ]
[ 0.06462   0.070333  0.077985  0.02168   0.020524 -0.01918 ]
[-0.028184  0.075723  0.080755  0.017588  0.007679  0.03301 ]
[ 0.02081   0.046445  0.045497 -0.015746 -0.003371 -0.002302]
[ 0.07834   0.00472   0.120598  0.010909 -0.027392  0.051973]
[-0.01602  -0.008963 -0.007944  0.035567 -0.040266  0.019474]
[ 0.015288  0.036447  0.039356  0.013868 -0.002407  0.008618]
[ 0.069596  0.102438  0.094041 -0.017127  0.011416  0.030585]
[-0.047139 -0.000711  0.046711 -0.044371 -0.030546 -0.010085]
[ 0.054923  0.143481  0.115733 -0.008418  0.013435 -0.01535 ]
[ 0.010947  0.025026  0.053016  0.014434 -0.010873  0.008141]
[ 0.036204  0.082823  0.057726  0.004509 -0.007202 -0.018417]
[-0.005266 -0.001533 -0.004503 -0.015702 -0.010826 -0.003677]
[-0.050756 -0.036399 -0.0832    0.013933  0.032757  0.005398]
[ 0.040973  0.076539  0.072762 -0.021106  0.032098  0.001081]
[ 0.055764  0.073076  0.088113 -0.011618 -0.023373 -0.003228]
[ 0.097275  0.041351  0.022703 -0.037708 -0.006199 -0.003623]
[ 0.024664  0.002477 -0.053032  0.020874 -0.015306  0.00318 ]
[ 0.026066  0.047426  0.045695  0.020572 -0.015318 -0.002066]
[-0.004794  0.020118 -0.014332  0.009086  0.001766  0.012711]
[ 0.038951  0.070022 -0.00961   0.109501  0.028993 -0.036886]
[ 0.006857 -0.007345 -0.010442 -0.014267  0.029669 -0.010301]
[ 0.021028  0.045865  0.086313  0.01515  -0.00269  -0.025824]
[ 0.011016  0.049355  0.005726 -0.028623  0.008743 -0.001061]
[ 0.061005  0.058511  0.027844 -0.018907  0.022254 -0.012319]
[ 0.005649  0.07637   0.040335 -0.04954  -0.010743 -0.013855]
[ 0.039833  0.073076  0.058319 -0.018141 -0.012978  0.009544]
[ 0.021812  0.033058  0.044606 -0.00985  -0.001226 -0.005188]
[-0.020016 -0.02056   0.081231 -0.015916  0.005331 -0.014758]
[ 0.039561  0.071016  0.098419  0.015178  0.001517  0.004346]
[ 0.068415  0.098259  0.060461  0.032806  0.008916 -0.036066]
[ 0.056138  0.125257  0.13215  -0.019537  0.009989 -0.013927]
[ 0.025871  0.035477  0.053379  0.008996 -0.009175 -0.025177]
[-0.033764  0.014849 -0.009492  0.000227 -0.000273  0.043537]
[ 0.025108  0.091558  0.095785  0.018788  0.000754 -0.000799]
[-0.02618  -0.039115 -0.024308  0.022835  0.007214  0.007377]
[ 0.030708  0.100314  0.074984  0.008096  0.00158   0.002188]
[ 0.069238  0.060049  0.055586  0.023056 -0.021573 -0.025259]
[ 0.072286  0.098032  0.136352  0.011812  0.033547 -0.029719]
[ 0.074025 -0.028229  0.064905  0.029267  0.022659 -0.020376]
[ 0.03987   0.037582  0.001108  0.000947  0.001982  0.015579]
[ 0.066271  0.109122  0.029341 -0.006592 -0.022781  0.012357]
[ 0.064398  0.085488  0.037443  0.000593  0.016813 -0.003448]
('Mean', 1, ': ', 0.064397868741543254)
('Median', 1, ': ', 0.064397868741543254)
('Variance', 1, ': ', 0.0)
('Mean', 2, ': ', 0.085488183735199313)
('Median', 2, ': ', 0.085488183735199313)
('Variance', 2, ': ', 0.0)
('Mean', 3, ': ', 0.037443129623682063)
('Median', 3, ': ', 0.037443129623682063)
('Variance', 3, ': ', 0.0)
('time: ', 7350.824839115143)
