“Running plot script on a single CPU core”
[-0.818886 -1.035829 -0.959608 -0.856553 -0.847254 -1.29728  -0.018162
  0.095878  0.125877 -0.10823  -0.039993  0.131828  0.039878  0.06995
  0.190718  0.074054 -0.110543  0.025478  0.001353 -0.010506]
[-0.80678  -0.895877 -0.779792 -0.911351 -0.770268 -0.820806 -0.040593
  0.002179 -0.088584  0.067164  0.033953 -0.075883  0.074119 -0.049449
  0.121863  0.062694 -0.002261 -0.015272  0.067858  0.048704]
[ -1.305327e+00  -1.108957e+00  -1.147460e+00  -1.108670e+00  -8.796259e-01
  -9.522565e-01  -2.922265e-02   2.009395e-02   3.102806e-02   2.555503e-02
   5.649254e-02   3.311310e-02   6.312519e-02   2.896695e-02  -7.255479e-04
   5.805832e-02   4.068029e-02  -1.464958e-02  -1.218744e-02  -3.999145e-03]
[ -7.976849e-01  -9.915754e-01  -8.646574e-01  -7.746174e-01  -7.051052e-01
  -9.312162e-01   8.299779e-04   5.581246e-02   3.876394e-02  -3.502090e-03
  -7.358041e-02   4.690965e-02   1.015946e-01  -8.294895e-02   7.279525e-02
   9.423858e-02  -5.581374e-02   1.160118e-02  -6.895908e-02   1.831050e-03]
[-1.055972 -0.896593 -0.979826 -0.815542 -0.92094  -0.786707 -0.012116
  0.092298 -0.076683 -0.012769  0.152212 -0.035655  0.063303  0.112945
  0.072839  0.124534 -0.00425   0.055748  0.008952 -0.029496]
[-0.945657 -1.104886 -0.895587 -0.993669 -0.646554 -1.03663   0.027407
  0.065209 -0.02779  -0.066851 -0.011485 -0.049192  0.018547  0.027731
 -0.022576  0.050291 -0.01924   0.076788  0.019905 -0.02073 ]
[-0.731417 -0.828187 -0.835238 -0.67853  -0.674414 -0.709297  0.089906
  0.005014  0.147062  0.086151 -0.038432  0.183145 -0.091133 -0.011039
 -0.001118 -0.13511   0.053035  0.095054  0.012732 -0.022001]
[-0.812038 -0.884542 -0.594601 -1.071527 -0.570886 -0.805515  0.024621
  0.123516  0.029069 -0.057047 -0.014409  0.047163  0.094218 -0.014262
  0.065375  0.111064 -0.052031  0.027683  0.046986  0.032143]
[-0.780628 -0.813854 -0.855376 -0.786244 -0.826692 -0.840856  0.04333
  0.015619 -0.055468 -0.085398 -0.001801 -0.065763 -0.046672 -0.021184
  0.095831 -0.020809 -0.007161  0.033847  0.008463  0.008141]
[-0.911781 -0.895925 -0.661983 -0.940288 -0.678733 -0.733728 -0.040233
  0.02441   0.012871  0.216457  0.048121 -0.019157  0.003521  0.073553
  0.07595   0.031544  0.23892  -0.03301   0.044255  0.003255]
[-1.170764 -1.012119 -0.98798  -1.063366 -1.12758  -1.142592 -0.01066
  0.033574 -0.009336 -0.059355 -0.078616  0.032169 -0.03132  -0.11425
  0.006734 -0.005717 -0.051502  0.025303 -0.061517 -0.003463]
[-0.747911 -0.743965 -0.679379 -0.806502 -0.727727 -0.744203  0.090539
  0.059547  0.07707  -0.011165  0.125037  0.055054  0.085436  0.146479
 -0.031221  0.108225 -0.019714  0.067783  0.031204  0.008172]
[ -9.724282e-01  -1.164461e+00  -9.336988e-01  -1.045488e+00  -8.130053e-01
  -1.006442e+00   7.692995e-02  -4.130404e-02  -7.948588e-02  -6.461933e-02
   1.345722e-03  -3.119803e-02  -8.002511e-02  -2.420423e-02  -4.410188e-02
  -7.596917e-02  -5.152968e-02   1.143023e-01  -6.514334e-03  -1.117488e-03]
[ -1.268626e+00  -1.034418e+00  -9.866594e-01  -1.107765e+00  -1.133498e+00
  -1.040540e+00   2.860648e-02   3.328358e-03   8.616915e-03   4.473337e-02
   8.484207e-03  -1.140442e-03   9.956455e-02  -3.453743e-02   8.253508e-02
   1.704986e-02  -1.259659e-02  -1.668461e-02  -4.498582e-02   2.874901e-02]
[-1.258768 -1.227256 -1.201232 -1.013605 -1.177506 -1.20613   0.011603
  0.019377 -0.047274  0.014837 -0.03251  -0.017054  0.025277 -0.07376
  0.006129 -0.079738 -0.079958  0.085133  0.024813 -0.013111]
[-1.074982 -0.931503 -0.930362 -1.126439 -0.959432 -1.047047 -0.024464
 -0.03773  -0.001429 -0.008819 -0.050119  0.051156 -0.043054 -0.065276
 -0.082766  0.084169 -0.088198  0.089234 -0.050283 -0.019427]
[-0.835758 -0.921505 -0.764547 -0.665401 -0.600961 -0.639555 -0.056004
 -0.124812 -0.043252 -0.013098  0.01617  -0.00917  -0.0886    0.006331
 -0.135831 -0.109955 -0.020151 -0.003797 -0.053637  0.014821]
[-0.83699  -0.888736 -0.757471 -0.853129 -0.739092 -0.883788 -0.053777
 -0.1033   -0.059981  0.05606  -0.066781 -0.023338 -0.005508 -0.033042
 -0.088723 -0.055098  0.115716 -0.017227 -0.082301  0.005493]
[-0.996671 -0.755212 -0.751665 -0.669094 -0.744878 -0.40496   0.010708
 -0.065005 -0.013479  0.052705 -0.018402 -0.008495 -0.134125 -0.077188
 -0.0442   -0.122662  0.070814  0.075219 -0.001965 -0.024581]
[-0.648233 -0.695968 -0.988405 -0.376756 -0.513312 -0.750833 -0.041467
 -0.037461  0.032166 -0.140747  0.077562 -0.05885  -0.078508  0.118757
 -0.045584 -0.110372 -0.066659 -0.092502  0.019973  0.011151]
[-0.777602 -0.772183 -0.819819 -0.625974 -0.608915 -0.758681 -0.017562
  0.008972  0.016146  0.051604 -0.040999  0.025983 -0.000941 -0.058016
 -0.061666 -0.009411  0.056209  0.017128  0.006143 -0.015716]
[-0.832273 -0.580763 -0.654838 -0.686706 -0.683209 -0.450342  0.020339
  0.128376 -0.034404 -0.053019 -0.05182  -0.090794  0.164508 -0.057095
  0.156443  0.126659 -0.044294 -0.04533  -0.046194  0.022694]
[-0.947156 -0.781497 -0.76251  -0.817972 -0.789181 -0.740165  0.055057
 -0.033996  0.006295  0.092511  0.023144 -0.049221 -0.020704 -0.006291
 -0.03103   0.05313   0.146722 -0.013303 -0.011816  0.00645 ]
[-0.664392 -0.978803 -0.746874 -0.849625 -0.675939 -0.998066  0.017957
 -0.013559 -0.119597  0.101133  0.071486 -0.158498  0.148359  0.12371
 -0.084886  0.131376  0.128445 -0.001167 -0.017617  0.003285]
[ -8.336224e-01  -1.056981e+00  -1.040984e+00  -9.313283e-01  -8.821962e-01
  -1.093904e+00  -4.160272e-02  -2.623481e-02  -2.943634e-02  -5.484289e-02
   1.204450e-04  -6.306337e-02  -1.172104e-01  -7.634996e-04  -3.442986e-02
  -1.325084e-01  -1.055462e-02  -1.391012e-01  -1.040591e-02  -1.315557e-02]
[-1.040294 -0.919697 -0.775837 -0.932215 -0.738736 -0.767902  0.020504
  0.00197  -0.071753 -0.169948  0.003815 -0.04496  -0.072269 -0.0096
  0.02724  -0.176386 -0.136071  0.067947 -0.018533 -0.044331]
[-0.692587 -0.772118 -0.509579 -0.830708 -0.585367 -0.690217 -0.070335
 -0.072675 -0.060769  0.06026   0.059786 -0.06302  -0.024608  0.087774
 -0.104756 -0.039211  0.053505 -0.061786  0.022262  0.00339 ]
[-0.944206 -0.866537 -0.868842 -0.888572 -0.991244 -0.821486  0.061473
 -0.078556  0.010007 -0.013099 -0.029416 -0.04609   0.064361 -0.00931
 -0.16102   0.107148 -0.003859  0.057314 -0.039034 -0.007314]
[-1.334078 -0.999451 -1.162544 -1.048224 -1.178024 -0.811319  0.243127
 -0.11491   0.173569 -0.054854 -0.105186  0.199519  0.072913 -0.02523
 -0.123342  0.052221 -0.066411  0.24469   0.065756 -0.00156 ]
[-0.623786 -0.940223 -0.983151 -0.405331 -0.46358  -0.801086  0.228241
 -0.148118  0.045229  0.065049 -0.089485  0.152291 -0.135765 -0.063409
 -0.142516 -0.09211   0.161616  0.264769 -0.07308  -0.067455]
[-1.143964 -1.251966 -1.137972 -1.110646 -1.055444 -1.116393  0.024624
 -0.027644 -0.105383 -0.081433  0.082287 -0.094195 -0.02776   0.115659
  0.042674 -0.002756 -0.026988 -0.035636 -0.011697 -0.008633]
[-0.914411 -0.889383 -0.721358 -0.988965 -0.831609 -0.673906 -0.048913
 -0.012151  0.00103   0.070711  0.061682  0.002652  0.022691  0.042253
 -0.015737  0.058768  0.076787 -0.047848  0.015893 -0.011488]
[-0.811601 -0.671762 -0.763894 -0.657505 -0.868371 -0.637064 -0.011727
 -0.056558  0.01106  -0.051672  0.024208  0.036632  0.001431  0.014601
 -0.016098  0.01896  -0.143239 -0.061207  0.026333 -0.012989]
[ -1.224453e+00  -9.024101e-01  -8.571701e-01  -1.339293e+00  -1.176982e+00
  -8.487428e-01  -1.177466e-01   7.113226e-02   2.812483e-02  -3.227092e-04
  -8.025327e-03  -8.880290e-02   6.093691e-02   5.736792e-02   1.255700e-01
   1.254053e-01   2.234533e-02  -1.706197e-01   8.185716e-02   5.639540e-02]
[-0.79049  -0.997446 -0.881076 -0.896588 -0.759393 -1.100239 -0.078709
  0.060591  0.135578  0.009306 -0.16472   0.057193 -0.078017 -0.120976
  0.006982 -0.026609 -0.027453 -0.088692 -0.025383 -0.007548]
[-0.77905  -0.712332 -0.85503  -0.873688 -1.065384 -1.013369 -0.04601
 -0.048215  0.08926  -0.033189  0.101699  0.065074 -0.05477   0.119455
 -0.002392 -0.006365  0.016659 -0.034577  0.03817  -0.004742]
[-0.633986 -0.781361 -0.800842 -0.766793 -0.763092 -0.945518  0.054982
  0.021742 -0.079913  0.079714  0.009329 -0.148579  0.041677 -0.019418
  0.045772  0.021183  0.089613  0.040109 -0.006245  0.009967]
[-0.979613 -1.098447 -0.726701 -1.057482 -0.654546 -0.699396  0.049479
 -0.020592  0.071449  0.025115  0.031958  0.051716  0.06004  -0.012644
 -0.035982  0.069294  0.046362 -0.001804 -0.051358 -0.051957]
[-1.161956 -1.186154 -1.099746 -0.878163 -0.813022 -0.857391  0.008599
 -0.247029 -0.060627 -0.007833  0.011881 -0.098699  0.057612 -0.042087
 -0.100314  0.068095 -0.004391  0.138436 -0.024834 -0.042678]
[-1.065022 -1.051726 -0.96789  -1.011262 -1.032485 -1.16046   0.026025
 -0.045627  0.035505 -0.057542  0.04323   0.05055  -0.033264  0.049818
 -0.072665 -0.023281 -0.070445  0.054069 -0.003929  0.03033 ]
[ -7.764804e-01  -8.827551e-01  -6.812888e-01  -8.724083e-01  -6.679773e-01
  -6.928183e-01   1.535207e-02  -7.234909e-03   6.596088e-03   2.950634e-02
   6.992953e-02  -3.217398e-02   4.894358e-02   9.468778e-02   8.343818e-03
   3.436220e-02   3.073374e-02   4.623885e-02  -2.228940e-02  -1.012835e-04]
[-0.874188 -1.04536  -1.029478 -0.887012 -0.810222 -0.987615 -0.001459
 -0.052388 -0.037231 -0.056837  0.062956 -0.147872 -0.021463  0.11798
 -0.016512 -0.010352 -0.034914 -0.063467  0.022146  0.038361]
[-0.776692 -0.701986 -0.546737 -1.013328 -0.739807 -0.799571 -0.01188
  0.018136 -0.005761 -0.064295  0.047883  0.005615 -0.089018  0.11375
  0.048328 -0.169443  0.03456   0.037115  0.001935 -0.013249]
[-0.861819 -0.970886 -0.74264  -0.818172 -0.714119 -0.86261   0.037056
  0.00929   0.005405  0.026935 -0.067692 -0.015645 -0.048217 -0.079726
  0.047374 -0.096536  0.026964  0.059057  0.015421 -0.008061]
[-1.024766 -0.85927  -0.657999 -1.007686 -0.921399 -0.795927 -0.137334
 -0.024661 -0.051703 -0.037104  0.139517 -0.044667 -0.024853  0.023078
  0.036956 -0.012679 -0.028663 -0.054335 -0.075208  0.008953]
[-0.834702 -0.699433 -0.791851 -0.701585 -0.808053 -0.744548 -0.005938
 -0.008038  0.028656  0.049694  0.103869  0.026488 -0.063476  0.09234
 -0.014807 -0.075952 -0.014808  0.009393  0.021766  0.047077]
[-0.956067 -0.842522 -0.791255 -0.737087 -0.620358 -0.490055  0.068764
 -0.107813 -0.008398  0.154226  0.079889 -0.082361 -0.041334  0.022516
 -0.073235 -0.093065  0.198439  0.011116  0.077222 -0.055731]
[-0.818953 -0.931557 -0.84475  -0.937748 -0.895157 -0.874453  0.00857
  0.161263  0.086768 -0.02946   0.137221  0.002817 -0.105267  0.151048
  0.14194  -0.052354 -0.043965  0.015094  0.102186  0.044789]
[-0.768716 -0.761277 -0.683019 -0.8488   -0.911397 -0.875193 -0.023412
 -0.032311 -0.067336 -0.102201 -0.157768 -0.033295  0.121629 -0.085352
 -0.024286  0.106913 -0.076258 -0.082685 -0.056745 -0.047369]
[ -7.681895e-01  -6.991915e-01  -9.109757e-01  -6.305608e-01  -6.912229e-01
  -7.627673e-01  -2.272779e-02  -7.073673e-02   5.229879e-02   1.105186e-02
  -4.927546e-02   2.196317e-02   8.059065e-04  -8.848508e-02  -8.568465e-02
  -1.026879e-02   3.511972e-04  -2.288980e-02   1.688609e-02  -1.843229e-03]
[-1.111586 -1.065602 -0.786319 -0.882724 -0.684813 -0.762941  0.035265
 -0.017847 -0.01896  -0.003304  0.185419 -0.072333 -0.014549  0.090884
  0.039989  0.034066  0.025127  0.031936 -0.034691 -0.011505]
[-1.029179 -0.933315 -0.701679 -0.944221 -0.843606 -0.883136  0.051189
 -0.021757  0.01512   0.012599 -0.021978  0.05025  -0.005238 -0.090554
  0.027689  0.033539  0.012978  0.044112  0.075204  0.015107]
[ -1.032000e+00  -9.492833e-01  -7.261912e-01  -8.845391e-01  -7.849577e-01
  -8.122869e-01   2.018206e-01  -9.860712e-02   1.567237e-01  -5.161910e-02
   1.154060e-01   1.382395e-01   2.237998e-02   1.662056e-01  -1.237309e-01
   5.446886e-02  -1.146231e-02   2.361373e-01   5.084561e-04   4.750041e-02]
[-0.889444 -0.752472 -0.914367 -0.908149 -0.979898 -0.990856  0.048151
  0.023864  0.024874 -0.006512  0.045923  0.091129 -0.047952  0.064586
 -0.020935 -0.039563 -0.022239  0.057133 -0.04891  -0.031418]
[-1.237601 -1.210267 -1.092435 -1.100007 -0.986151 -0.915558  0.124057
 -0.084002  0.063614 -0.039129 -0.116104  0.069909  0.025816 -0.103784
 -0.081476 -0.005084 -0.039324  0.111147  0.002119 -0.007164]
[-0.960647 -1.007044 -1.028306 -0.719735 -0.712925 -0.893397 -0.095067
 -0.146377 -0.073575 -0.157805  0.043625  0.049658  0.001199  0.01894
 -0.101611 -0.02485  -0.163411 -0.060717 -0.040849  0.023201]
[-1.254812 -1.174639 -1.172621 -1.088312 -0.918502 -1.196229  0.239022
 -0.02784   0.09455   0.107716  0.007787 -0.004012  0.080447  0.135942
  0.046458 -0.021707  0.06652   0.173244 -0.120715 -0.046114]
[-1.2378   -1.278107 -1.312361 -1.158717 -0.905476 -1.078731  0.101875
 -0.033356 -0.061433 -0.105436 -0.029013 -0.047287  0.037016 -0.013096
 -0.00966  -0.004425 -0.092638  0.029106 -0.019135  0.008878]
[-1.074455 -0.88067  -0.703155 -0.827918 -0.764674 -0.796332  0.062463
  0.053     0.041766  0.039241 -0.11583  -0.013839 -0.009902 -0.052409
 -0.034852 -0.037631  0.193391 -0.021967 -0.014156 -0.028841]
[-0.788136 -0.741082 -0.752125 -0.724417 -0.682141 -0.688993 -0.1189
  0.109183  0.047922 -0.092345  0.103246  0.010453 -0.155459  0.068323
  0.127745 -0.129933 -0.082123 -0.169016 -0.066881 -0.031577]
[-1.015678 -0.958575 -0.744107 -0.914892 -0.672857 -0.717985 -0.021868
 -0.020738  0.020941 -0.00383   0.032772  0.053746  0.110673  0.011472
 -0.044978  0.092493 -0.062482 -0.001067 -0.00335   0.007294]
[-0.778765 -0.795263 -0.67335  -0.552757 -0.486516 -0.585939 -0.226239
 -0.091259 -0.133684 -0.115315  0.006574 -0.089262 -0.06777  -0.010237
 -0.030111 -0.046494 -0.161544 -0.206594  0.013835 -0.000851]
[-0.937435 -0.794703 -0.989414 -0.784152 -0.865429 -0.784923 -0.00639
  0.059519 -0.055033  0.105621 -0.080859 -0.025015  0.150282 -0.067469
  0.055835  0.11985   0.160515  0.04972   0.008436  0.023474]
[-0.763266 -0.937139 -0.673517 -0.991891 -0.836078 -0.891063 -0.088875
  0.035629  0.023156 -0.020137 -0.009349  0.080066  0.066387  0.009983
  0.066775  0.094916 -0.066765 -0.085858  0.032474 -0.011404]
[-0.954534 -0.938494 -0.917996 -0.804926 -0.814614 -0.776353 -0.017405
  0.002837  0.074903 -0.024627  0.102659  0.050315  0.004172  0.083979
  0.016319  0.001239 -0.045873 -0.002908  0.003713 -0.015233]
[ -1.016587e+00  -9.904921e-01  -1.121074e+00  -9.141629e-01  -1.200020e+00
  -1.135780e+00  -1.076103e-02   2.029163e-02   4.830585e-03   1.400802e-03
  -1.541657e-02  -6.368012e-04   6.324566e-02  -4.281228e-03   5.205816e-02
   3.163580e-02  -3.927579e-02   1.865456e-02   3.330619e-02   6.601113e-03]
[ -9.311677e-01  -8.398730e-01  -7.753805e-01  -9.842264e-01  -8.523955e-01
  -8.711987e-01   5.292048e-04   1.996337e-02  -3.512883e-02  -7.640651e-02
   1.426354e-01  -6.120183e-02  -8.690490e-02   2.113291e-01   4.689505e-02
  -9.362975e-02  -1.105739e-01  -8.273471e-02  -1.158795e-02  -1.743084e-02]
[-0.852207 -0.992898 -0.692079 -0.904322 -0.642808 -0.830492 -0.006456
 -0.059413 -0.049307 -0.096488  0.019948 -0.002313 -0.015485  0.054169
 -0.056957 -0.031528 -0.072568 -0.016727  0.03042  -0.028078]
[-0.942062 -0.838724 -0.87674  -0.667841 -0.883032 -0.828738  0.051332
  0.065939 -0.092655  0.03763   0.011112 -0.063478  0.002066  0.035536
 -0.002313  0.051921  0.003982  0.055697 -0.02685   0.033594]
[-0.847461 -0.957498 -0.929383 -0.983319 -0.92633  -0.926489  0.041942
 -0.007117  0.078464 -0.058821 -0.060795  0.002279  0.037022 -0.00188
  0.012441 -0.062316 -0.032172  0.057628  0.01913  -0.025136]
[-0.782191 -0.600999 -0.645379 -0.691066 -0.717048 -0.542911  0.012722
 -0.060829  0.067712 -0.01914   0.011697  0.064541  0.013496  0.001801
 -0.017218 -0.008517 -0.007177  0.049716 -0.028762  0.010104]
[-0.982689 -0.848177 -0.579104 -0.948074 -0.605102 -0.583948  0.102234
 -0.012462 -0.047011 -0.099808  0.015282 -0.027533  0.04109  -0.009612
  0.014935  0.043835 -0.077534  0.084621 -0.019313 -0.010657]
[-1.12197  -1.053668 -0.873608 -0.882393 -0.766819 -0.668892  0.03397
 -0.059683 -0.018773 -0.045577 -0.023162 -0.022574 -0.147215  0.001641
 -0.01195  -0.081964 -0.044526  0.05674   0.013781 -0.002644]
[-1.024901 -1.054122 -0.842297 -1.032106 -0.858888 -0.889206 -0.066918
  0.058279  0.114564  0.040137 -0.056957  0.071354 -0.110649 -0.006837
  0.064897 -0.128495  0.023743 -0.082217  0.0375    0.031586]
[ -1.029700e+00  -1.006260e+00  -8.961231e-01  -1.020533e+00  -7.028250e-01
  -8.601305e-01  -1.236422e-01  -7.165306e-02  -6.558072e-03  -9.762059e-02
  -6.275975e-02   4.913923e-02  -5.941749e-02  -4.708426e-04  -5.608444e-03
  -5.425463e-02  -2.092260e-01  -9.228140e-02   4.403478e-02  -2.605898e-03]
[-1.084544 -1.021541 -0.97546  -0.902091 -0.810174 -0.79      0.125492
  0.013135 -0.049971  0.073143  0.080704 -0.031365 -0.001887  0.106473
  0.016804  0.084535  0.098656  0.091613 -0.014921  0.026737]
[-0.994672 -0.929333 -0.815043 -0.914675 -0.909393 -0.851174  0.001148
 -0.046842 -0.020806 -0.034079 -0.129535 -0.130781  0.115162 -0.112952
  0.028317  0.188836 -0.059774 -0.009928  0.036124  0.008002]
[-0.7851   -0.806978 -0.924209 -0.802086 -0.861459 -0.974319 -0.085565
 -0.174847 -0.211911  0.011794 -0.007098 -0.181309 -0.160933 -0.01749
 -0.263924 -0.162269 -0.110071 -0.117301 -0.010961 -0.040275]
[ -9.755109e-01  -9.058506e-01  -8.576071e-01  -1.101841e+00  -1.238940e+00
  -1.172754e+00   1.151642e-03   1.552937e-02   4.140049e-02  -1.836164e-01
  -5.563851e-02   2.097601e-02  -2.846143e-02  -1.247866e-01   3.483729e-03
   1.951564e-02  -1.522432e-01  -4.169799e-02   3.983598e-02   1.993854e-02]
[-0.964356 -0.829346 -0.708227 -0.978893 -0.806553 -0.660739 -0.026213
  0.040243 -0.038141 -0.004892  0.010393 -0.037206  0.033915  0.062759
  0.013377  0.013303 -0.008296  0.008684  0.019205  0.031618]
[-0.909557 -0.893934 -0.642799 -1.089545 -0.855131 -1.084797  0.123958
  0.010238 -0.058865  0.074335  0.077666 -0.105615 -0.048316  0.016688
 -0.040786 -0.124987  0.096084  0.19605   0.026271 -0.055141]
[-0.703465 -0.628771 -0.750937 -0.789106 -0.936963 -0.89874   0.118153
  0.080747 -0.073407  0.07572   0.066473 -0.100055 -0.146637  0.032689
  0.157803 -0.011379  0.094227  0.191747 -0.01096  -0.047332]
[-0.933492 -0.927685 -0.957757 -0.865949 -0.86159  -0.801008 -0.005569
  0.035611 -0.021774 -0.062338 -0.008718 -0.097238  0.007382 -0.033202
  0.104902 -0.033357 -0.127804  0.017265 -0.012893 -0.014087]
[-0.823092 -1.13997  -1.005284 -0.70528  -0.648908 -1.234217 -0.111584
 -0.043922  0.115638  0.053833 -0.008233  0.048067 -0.110564 -0.055192
  0.073249  0.002146 -0.10529  -0.106051 -0.038353 -0.046418]
[-0.794058 -0.734565 -0.73116  -0.662544 -0.7009   -0.841072  0.137453
 -0.053898 -0.020866  0.08931  -0.062744 -0.026346 -0.174775 -0.015908
 -0.035029 -0.127126  0.131637  0.178346  0.095298  0.084156]
[-1.08187  -1.142954 -0.871433 -0.994135 -0.849245 -0.867736  0.060137
  0.054109  0.06779   0.039096 -0.073578  0.053879 -0.011819 -0.067617
  0.045426  0.052296  0.033847  0.00751   0.007747 -0.013446]
[ -7.209818e-01  -7.320320e-01  -6.762141e-01  -8.422169e-01  -8.484390e-01
  -8.632863e-01  -4.735036e-02  -6.198077e-02   1.166803e-01  -3.226869e-02
   4.696663e-02   6.920436e-02   1.418816e-02   7.487633e-02  -1.271224e-01
   4.572192e-02  -1.440529e-02  -7.530893e-02   1.010460e-04   1.810704e-03]
[-0.73636  -0.670075 -0.656034 -0.66255  -0.610492 -0.641036 -0.036025
  0.151896  0.193436 -0.201186  0.124039  0.216591 -0.146614  0.07269
  0.129727 -0.104688 -0.176302 -0.057361  0.035889  0.068937]
[-0.859229 -0.773853 -0.59782  -1.063754 -1.052223 -0.840271 -0.040805
  0.007363 -0.12644   0.081136  0.179964 -0.11863  -0.106966  0.167523
 -0.0028   -0.109206  0.030538  0.008214 -0.058713  0.027127]
[ -9.572467e-01  -8.150416e-01  -9.525822e-01  -8.342957e-01  -9.334350e-01
  -7.115735e-01   4.619270e-02   4.985673e-02  -7.297144e-02  -4.915374e-02
   1.443853e-04   1.032402e-02   9.848833e-02  -1.013781e-01   3.329311e-02
   1.065839e-02  -1.452496e-01  -8.369124e-02  -3.005858e-02  -5.483649e-02]
[-1.234329 -0.889306 -1.064859 -1.017485 -1.201496 -0.888643 -0.066432
 -0.077075  0.103736  0.00363  -0.036801  0.157353 -0.047251 -0.036051
 -0.043888 -0.101686 -0.060718 -0.064497  0.02089   0.036165]
[-0.870201 -1.016348 -0.614561 -1.040578 -0.640545 -0.854553  0.024199
 -0.023289  0.005431 -0.076455  0.014359 -0.025215  0.009962  0.058769
 -0.002907  0.047313 -0.078531  0.026739  0.031128 -0.010402]
[ -7.625649e-01  -1.030895e+00  -8.666849e-01  -8.490469e-01  -7.005369e-01
  -9.657400e-01   1.111755e-02  -4.770474e-02   6.729247e-02  -6.586231e-02
   3.722703e-02   2.063605e-02   5.195113e-02  -1.167245e-02  -2.816527e-02
   3.962484e-02  -2.447939e-02   3.126759e-03   6.267418e-02  -2.973319e-04]
[-0.867794 -0.804123 -0.842481 -0.879065 -0.948307 -0.859889 -0.009577
 -0.003914  0.066635  0.005173 -0.05004  -0.002355  0.134049 -0.063952
 -0.036591  0.141624  0.036331 -0.058797  0.031839  0.026487]
[-0.858495 -0.611875 -0.771989 -0.683688 -0.827992 -0.53383   0.09955
  0.159979 -0.116868  0.036406 -0.016601 -0.089376  0.039074  0.029951
  0.158936  0.113369  0.021019  0.124915  0.029022  0.054704]
[-0.847305 -0.774401 -0.923059 -0.796822 -0.840225 -0.896331 -0.032062
  0.030463  0.031951  0.178574 -0.060132  0.053628  0.147681 -0.005061
  0.001989  0.128026  0.145889 -0.115184  0.032378  0.008611]
[-0.914913 -0.621357 -0.865269 -0.634736 -0.878282 -0.713074 -0.176368
 -0.272977 -0.109169 -0.100071 -0.05107  -0.113033 -0.123442 -0.074819
 -0.278356 -0.11892  -0.015458 -0.17901  -0.057712 -0.073508]
[-1.117045 -0.962493 -0.654055 -1.043742 -0.581562 -0.444767  0.053455
  0.011436  0.029404  0.001921 -0.207674 -0.02643   0.201799 -0.186022
  0.066208  0.187961 -0.028073  0.049315 -0.043638 -0.036214]
[-0.698326 -0.704424 -0.868956 -0.496382 -0.58784  -0.606246 -0.026872
 -0.003255 -0.058364  0.051672 -0.102399 -0.092673  0.007236 -0.107608
  0.04329  -0.021716  0.052245 -0.025606 -0.017323 -0.014178]
[-0.867908 -0.658558 -0.668508 -0.593266 -0.653429 -0.369164 -0.046412
  0.04536  -0.043188 -0.022358 -0.009917  0.001296 -0.039621  0.018832
  0.018221  0.015536 -0.044961 -0.019151  0.02431  -0.012852]
('Mean', 1, ': ', -0.86790755956376608)
('Median', 1, ': ', -0.86790755956376608)
('Variance', 1, ': ', 0.0)
('Mean', 2, ': ', -0.65855821321516561)
('Median', 2, ': ', -0.65855821321516561)
('Variance', 2, ': ', 0.0)
('Mean', 3, ': ', -0.66850849823972303)
('Median', 3, ': ', -0.66850849823972303)
('Variance', 3, ': ', 0.0)
('Mean', 4, ': ', -0.59326635952497464)
('Median', 4, ': ', -0.59326635952497464)
('Variance', 4, ': ', 0.0)
('Mean', 5, ': ', -0.65342908041239078)
('Median', 5, ': ', -0.65342908041239078)
('Variance', 5, ': ', 0.0)
('Mean', 6, ': ', -0.36916355652472149)
('Median', 6, ': ', -0.36916355652472149)
('Variance', 6, ': ', 0.0)
('time: ', 11305.562137842178)
