“Running plot script on a single CPU core”
[-0.114351 -0.215224  0.330828  0.327298  0.318537 -0.26858   0.251905
 -0.999547  0.264544  0.170218  0.211699  0.320137  0.270651  0.236214
  0.321058 -0.948161  0.095537 -0.970202 -0.996084  0.224145]
[-0.54271   0.024677 -0.996205  0.099229 -0.651145  0.163452  0.330919
  0.218749 -0.947801  0.216481 -0.160421  0.127886  0.329063  0.127124
  0.244953 -0.835034 -0.681204 -0.419603 -0.90747  -0.027973]
[ 0.10464   0.021116  0.289039  0.279368  0.32182   0.175538  0.102827
  0.214653 -0.174656  0.320843  0.331281  0.202156 -0.509877 -0.002459
 -0.006879 -0.581087  0.333236  0.287224  0.330554  0.283184]
[ 0.16583   0.040524  0.061838 -0.902408 -0.485226  0.294552  0.332196
  0.33051   0.201715  0.327923 -0.007962  0.3029    0.269784  0.267097
 -0.286346  0.184547  0.039919 -0.554522 -0.026274  0.169285]
[ 0.144328 -0.945064 -0.217232 -0.872432 -0.125452 -0.331977  0.253573
  0.206869  0.228038  0.333216  0.329475 -0.965713 -0.188261  0.181473
  0.314658  0.257434  0.328881  0.322697 -0.418407  0.300244]
[ 0.23509   0.229481  0.33236  -0.984605  0.332884 -0.737146  0.116733
  0.165074  0.29055   0.328537  0.322585 -0.165071  0.249002  0.166671
 -0.703145  0.297647 -0.209963  0.326499 -0.196452 -0.719207]
[-0.047399  0.324748 -0.175844  0.251752 -0.516901  0.197093  0.329521
 -0.991253 -0.291793 -0.989057  0.096373  0.243339  0.3329    0.031652
  0.068477  0.321848  0.23872  -0.615115  0.254783 -0.068305]
[ 0.309797 -0.945747  0.269933  0.003439  0.199787 -0.20396   0.04107
  0.301582  0.253608  0.098421  0.036829  0.214966  0.321224 -0.045484
  0.240191 -0.718379 -0.015329  0.211354  0.328068  0.156736]
[ 0.262329  0.322887 -0.888986  0.313313  0.331104  0.305704  0.085326
 -0.725496  0.120613  0.314763  0.259772 -0.263316  0.246285 -0.133503
 -0.940928  0.331907  0.329164 -0.415171  0.293895  0.164461]
[ 0.168988  0.121123  0.226563 -0.450597  0.067829  0.30447   0.243949
  0.315532  0.124539  0.266298  0.071478  0.303022 -0.408035  0.322246
  0.327928  0.24557  -0.143942  0.236722 -0.031448  0.214606]
[-0.27896  -0.02357   0.319248  0.330426 -0.075251  0.332606  0.135911
  0.328043 -0.460455  0.332264  0.332578 -0.452849  0.263474  0.297242
  0.319785  0.331538  0.219815  0.333187  0.09112   0.285158]
[  2.737977e-01  -3.207101e-01   1.648049e-01  -8.028042e-04   2.690542e-01
   1.883928e-01   3.249288e-01   3.133949e-01  -2.191892e-01  -9.616785e-01
   1.464748e-01   3.085752e-01   3.279613e-01  -7.718126e-01   3.205525e-01
   3.325939e-01   3.329296e-01  -3.134319e-01   3.042181e-01   3.027171e-01]
[-0.099856  0.323794  0.277137  0.253674  0.326166 -0.555424  0.312471
  0.328313 -0.990818 -0.370076  0.322102  0.30658   0.33242   0.314654
 -0.238397 -0.996975 -0.715727  0.309867  0.332878 -0.996147]
[ 0.313169 -0.454982 -0.29797  -0.724311 -0.281245  0.318569  0.304829
  0.275552 -0.991852  0.308053  0.235102  0.325892  0.332872 -0.723755
 -0.021675  0.078473 -0.988844 -0.90679   0.317825  0.190323]
[ 0.333057  0.265286 -0.732399  0.321109  0.320973 -0.179253  0.21337
  0.299347 -0.999746  0.302365  0.095709 -0.072005 -0.707201 -0.962241
  0.324266  0.314167  0.269796  0.156259  0.313745  0.005249]
[ 0.067918 -0.999101  0.298374  0.297306 -0.086055  0.252935  0.108841
 -0.332492 -0.130505  0.297669  0.014906  0.305198  0.29034   0.130479
  0.158589  0.327113  0.044627 -0.341279  0.315618 -0.805824]
[-0.15569   0.330077 -0.655944  0.301874 -0.577105  0.330794  0.184138
 -0.341114  0.301777  0.250709 -0.996448  0.251    -0.268114  0.333196
  0.224615  0.135762  0.331196  0.236144 -0.089285 -0.054614]
[ 0.330275  0.17432   0.174202  0.282891 -0.345026  0.140771  0.247904
 -0.999911 -0.842659 -0.336567  0.210818  0.014792 -0.141769  0.3294
  0.010612 -0.875869 -0.6494    0.305991 -0.380946  0.299436]
[-0.069847  0.22471   0.289125 -0.028309  0.33129   0.333333  0.038184
  0.223444  0.108144 -0.565388  0.289224  0.332118  0.129939  0.26596
  0.215304  0.325197  0.265019  0.306778  0.079958  0.302999]
[ 0.069295  0.215026  0.219166  0.278213  0.088007 -0.187771  0.117087
 -0.996738 -0.793409  0.319815  0.296252  0.230615  0.243976 -0.444652
 -0.862459 -0.044219  0.311977  0.160757 -0.314013  0.216351]
[ 0.321979 -0.27457  -0.074461  0.332107  0.219527  0.332361  0.308936
 -0.606069 -0.421238  0.331713 -0.841641  0.155265  0.249863  0.014694
 -0.871028  0.311708  0.029721 -0.828835 -0.096581  0.332183]
[-0.484615 -0.951079 -0.883395  0.321078 -0.133752  0.299318 -0.514296
  0.313263  0.132362 -0.93246   0.236604  0.333116 -0.40099   0.249355
 -0.008875  0.293801  0.21702   0.182088  0.203455  0.109593]
[ 0.237713 -0.33338   0.327349  0.309105  0.187821  0.30303   0.208442
 -0.034403  0.261669  0.329617  0.098137  0.269883  0.029664 -0.453475
  0.305598  0.183688  0.330506  0.201595  0.23067  -0.608439]
[-0.52365  -0.999148  0.276035  0.31997   0.136212 -0.691587  0.289039
  0.239812  0.324226 -0.009655  0.11422  -0.949154  0.327259 -0.057768
  0.297303  0.330011  0.228497  0.309188 -0.725774 -0.465434]
[ 0.277954  0.212012  0.320822  0.197489  0.181968  0.009947  0.158684
 -0.73054   0.205819 -0.22947   0.332156 -0.372289  0.157554  0.128655
  0.327429  0.298893 -0.218835 -0.694022  0.15938   0.231035]
[ 0.197323 -0.577766  0.249335 -0.490266  0.139629  0.316283 -0.565566
  0.308388  0.185912  0.296083 -0.996579 -0.353673 -0.625477  0.330968
  0.31736   0.280432  0.316724 -0.592962  0.146699  0.323075]
[-0.90888   0.31271  -0.774662 -0.670227  0.318416 -0.499527 -0.922474
 -0.346155 -0.064106 -0.01559   0.254167 -0.030812  0.328617 -0.363855
  0.333105  0.121994  0.264925 -0.059431  0.277874 -0.837502]
[ 0.272684 -0.917476  0.068109  0.324976 -0.961907  0.229816  0.329632
  0.297148  0.278366 -0.952086 -0.653827  0.289694 -0.686508  0.199261
  0.321153  0.322394  0.151708 -0.629957 -0.271405 -0.986742]
[ 0.330455  0.119177 -0.057369  0.287245  0.273215 -0.819954  0.331776
  0.320439 -0.15646   0.318839  0.260213  0.325465 -0.41493  -0.285974
  0.328468  0.287785  0.042264  0.051178  0.331365  0.020938]
[-0.247841  0.331591  0.24113   0.29271  -0.401543  0.091167  0.206963
  0.314937 -0.709919  0.273696  0.172789  0.186366  0.280048  0.277209
  0.230244 -0.150738 -0.679293  0.305084  0.321124  0.18951 ]
[-0.037953  0.211086  0.31683  -0.737678  0.267503  0.214482  0.320086
 -0.245274  0.322547  0.305854 -0.182142 -0.135754  0.31955  -0.167349
 -0.146997 -0.237536  0.238573 -0.831355  0.153304  0.084648]
[ 0.222063  0.279113 -0.630645  0.089372  0.313512  0.33066   0.090362
  0.138064  0.253088  0.308379 -0.688176 -0.197622 -0.996614 -0.216464
  0.124068  0.210725  0.30638   0.331537  0.30915  -0.054538]
[ 0.164621 -0.712926  0.329397  0.28054  -0.285482 -0.565967  0.24548
  0.234139  0.301207  0.234849 -0.9937   -0.043606 -0.859216 -0.656926
 -0.999338  0.241641 -0.164913  0.206779 -0.480588  0.332896]
[-0.992943  0.079263  0.329162 -0.298534  0.323666  0.331772  0.29923
  0.131062  0.27357  -0.69834  -0.999984  0.233904  0.070899  0.219673
  0.330781 -0.255378 -0.420908  0.132824 -0.9976    0.05041 ]
[ 0.28414   0.292144  0.283662 -0.645505  0.320574  0.198473  0.141453
  0.287536  0.319028  0.330639  0.315284  0.276283  0.33142   0.26294
  0.123105  0.227522  0.295856  0.291598  0.327381 -0.368591]
[ 0.033927 -0.050161 -0.601236 -0.234229 -0.130479  0.129319 -0.881475
  0.261331  0.331328 -0.598485  0.296606  0.252437 -0.001264 -0.027672
  0.081732  0.094655 -0.814089  0.314447  0.240435  0.296752]
[ 0.316588  0.26841   0.312664 -0.207993  0.300724  0.267106  0.327283
  0.331364  0.024779  0.325005  0.1123    0.218314 -0.017653  0.20293
 -0.23156   0.186884 -0.297857  0.259778  0.321425  0.210974]
[-0.650177 -0.046886  0.332411  0.330278  0.322595 -0.451425 -0.295482
  0.333276  0.330616 -0.784288  0.253785 -0.065667 -0.603866  0.333145
  0.010721 -0.905802 -0.395917  0.153152  0.315088  0.303745]
[ 0.099832  0.326885  0.166626  0.252243  0.313764  0.120513 -0.001088
 -0.7048    0.220286  0.331398  0.116174  0.23086   0.035534 -0.409959
  0.268348  0.239405  0.274325 -0.139872  0.213874  0.22769 ]
[ 0.243849  0.192861  0.236242  0.323579  0.323638  0.302691  0.280639
 -0.119112  0.208918  0.133306 -0.04868   0.229709  0.113733  0.328714
 -0.525508 -0.003413  0.326387  0.328198  0.295216 -0.372488]
[ 0.266495 -0.253744  0.290541  0.264607  0.250717 -0.193237 -0.484516
  0.033471 -0.349632  0.161827  0.328117  0.326023  0.267131  0.332416
 -0.075499  0.273072  0.203965  0.21693  -0.479624 -0.945193]
[ 0.322056 -0.198401  0.052379  0.318604  0.075069 -0.141928  0.333273
  0.100093  0.325202  0.302498  0.289297  0.197419  0.170523  0.303191
  0.32457   0.179776  0.147498 -0.165484  0.26941  -0.902494]
[-0.408855 -0.530979  0.089764  0.229419  0.313267 -0.87025   0.30976
 -0.915466  0.329992  0.257448  0.326944  0.27685  -0.999687 -0.973664
  0.322847 -0.335766  0.309812  0.014914  0.332987 -0.852321]
[ 0.175892  0.13112   0.328832  0.303014 -0.111103  0.055627  0.272854
  0.017654  0.303926 -0.172073 -0.020685  0.223097  0.3283    0.073423
  0.332712  0.121912  0.200896 -0.79345   0.142982  0.186435]
[-0.341447  0.331423  0.2929    0.299027  0.240326  0.287887 -0.069524
  0.156304 -0.42659   0.248989 -0.153614  0.253945  0.213234  0.287716
  0.329378  0.301031  0.2005    0.122652 -0.903396  0.317379]
[ 0.314745  0.032659  0.052333  0.292477  0.323588  0.143504  0.309178
  0.332419  0.103797  0.150887 -0.110571 -0.020108  0.290382  0.319906
  0.139327  0.28669  -0.052097  0.225058  0.32813  -0.082337]
[-0.540275  0.0684    0.25065  -0.157639  0.265751 -0.998381  0.317026
  0.120559 -0.509296 -0.414486  0.321773  0.129618  0.088396 -0.791495
  0.11999   0.305207  0.33083   0.12804   0.32684   0.322863]
[ 0.042289  0.306432  0.166819  0.03379  -0.687288  0.290352  0.052153
  0.324736  0.300925  0.221826  0.202284  0.208343 -0.128154  0.2633
  0.084745 -0.156251  0.317505  0.268907 -0.144999  0.310808]
[ 0.331671  0.212144  0.319673 -0.619186 -0.965701  0.292797  0.275152
  0.022792 -0.092163  0.239052 -0.999966  0.325336 -0.532134  0.332725
 -0.125719  0.02499   0.266109  0.329388 -0.872447  0.148702]
[-0.644692 -0.176594  0.190238 -0.001536  0.218516  0.29866   0.333333
 -0.416905 -0.089402  0.332187 -0.934838 -0.244487 -0.150888  0.329929
  0.267541  0.280508  0.249064  0.30418   0.11047  -0.534131]
[-0.931436  0.315278 -0.485955 -0.487105  0.040042 -0.123086  0.332914
 -0.072909  0.273722  0.075279  0.080051 -0.058118  0.134938  0.297852
  0.333193 -0.93809  -0.010599 -0.905501 -0.071982  0.303582]
[ 0.332889  0.217354  0.332356 -0.070986  0.198858  0.327045 -0.133497
  0.075229 -0.840394  0.282918  0.273275  0.290972 -0.04389  -0.010643
  0.332747 -0.252447  0.210696  0.131952 -0.028167  0.330394]
[-0.442449  0.328791  0.199902  0.164847  0.307484  0.002025  0.27102
  0.330984 -0.23941   0.200187 -0.982683  0.250325  0.320588 -0.99743
  0.239573 -0.00373   0.333139  0.3312    0.313434 -0.899555]
[ 0.329943  0.327497  0.285651  0.137027  0.332881 -0.074974 -0.30421
  0.333323  0.197004  0.306399  0.332688 -0.347093 -0.010962 -0.099511
  0.293373  0.256567  0.132714  0.146434  0.33331   0.170095]
[ 0.27673  -0.985755  0.333208  0.142553 -0.82123   0.305191 -0.21793
 -0.284573  0.111228  0.287823  0.206734 -0.127173  0.303933  0.25149
  0.242708  0.312235 -0.297129  0.248738  0.325524  0.292672]
[-0.727259 -0.099233  0.014269 -0.28801   0.035724 -0.525551 -0.996134
  0.296332  0.177784  0.268035  0.298106  0.13789  -0.028647 -0.576228
 -0.940614  0.285827  0.332878 -0.961074 -0.726817  0.125565]
[ 0.293737  0.290408  0.329547  0.329002  0.333331 -0.297435  0.243896
  0.262737 -0.865832  0.122301  0.252046  0.288643  0.15165   0.331773
  0.332169  0.331974  0.309869 -0.115586  0.309764  0.332663]
[-0.971767 -0.997879 -0.506019 -0.497779 -0.12161   0.261156  0.21699
  0.274668  0.201328  0.26708   0.303495  0.235415 -0.909569  0.095947
  0.267074  0.077368 -0.367268  0.333113  0.322782 -0.605473]
[ 0.312823  0.332579  0.314141  0.199637 -0.753171 -0.974449  0.143033
 -0.164808 -0.111743 -0.573604 -0.169939 -0.612368 -0.553925  0.275539
  0.247276  0.294611  0.169633  0.29247   0.333109  0.252427]
[ 0.329785 -0.971531 -0.275062  0.284231 -0.355191  0.164939  0.268854
  0.217098  0.323816 -0.067008 -0.132455  0.212238  0.315289  0.329615
 -0.326277 -0.074909  0.313399  0.262849  0.33173  -0.401863]
[-0.332034 -0.022234  0.292248  0.220498 -0.928377  0.276712  0.032661
  0.119261  0.211251  0.060825 -0.46801   0.174126  0.324055  0.175888
  0.114769 -0.950865 -0.205023 -0.933158 -0.299445 -0.781507]
[-0.100826  0.293065 -0.213127 -0.09794   0.314661 -0.118576  0.047409
  0.301805  0.316701  0.225431 -0.187739  0.33206  -0.287959  0.325943
  0.310929 -0.038818  0.171056  0.310768  0.04823   0.066267]
[ 0.323144  0.145163  0.288766  0.249863  0.332148 -0.932638  0.216664
 -0.858329  0.147489  0.330471 -0.767486  0.331996  0.307052  0.290331
  0.069731 -0.6135    0.33305  -0.080723 -0.291134  0.298386]
[ 0.331093  0.070845  0.330904  0.289884  0.330682  0.308331  0.13601
  0.111193 -0.162369  0.330065  0.309268 -0.089803 -0.436309 -0.601612
  0.156977  0.332504 -0.563209  0.324182  0.01204   0.31076 ]
[ 0.329899  0.309815 -0.364828 -0.984936  0.330878 -0.064265 -0.072764
 -0.917913  0.155606  0.252417 -0.142943  0.015657 -0.166556  0.22611
 -0.303049 -0.071921  0.33216  -0.776064  0.08219   0.010334]
[ 0.196311  0.3322    0.28724   0.241622  0.288639  0.054221  0.228273
  0.320747  0.218395  0.332256  0.136322 -0.061629 -0.952167  0.333101
  0.298097 -0.196846  0.290232  0.298345  0.316953  0.328502]
[ 0.288352  0.194877 -0.664489 -0.018977  0.32749  -0.109156  0.231396
  0.314941  0.274076 -0.04686   0.183702  0.320239 -0.821259 -0.01004
 -0.781536 -0.812327 -0.768901 -0.058225 -0.665017 -0.596848]
[-0.125206  0.215905  0.265177 -0.801586 -0.041384 -0.990552  0.249524
  0.296284  0.309711  0.113043 -0.947991  0.316953 -0.09634  -0.574184
 -0.559355  0.291418 -0.851606  0.136914  0.291815  0.33277 ]
[-0.694803  0.262307 -0.950343 -0.078594  0.199281 -0.010719  0.317751
  0.30098   0.298657  0.128813  0.284827 -0.546567  0.253522  0.301135
  0.323917  0.008687  0.273756 -0.151785  0.309692 -0.51009 ]
[-0.80417   0.299216  0.191923  0.223544  0.111247  0.210244 -0.187276
  0.235075 -0.300255  0.080654  0.107822  0.040894 -0.810745  0.315718
  0.33083  -0.020342 -0.581474  0.11855  -0.755312  0.104186]
[ 0.287692  0.172694  0.214875  0.237099 -0.244598 -0.397925  0.209308
 -0.450538  0.271859  0.277395  0.179758 -0.563503  0.097585  0.322146
  0.246694 -0.225595 -0.193976 -0.045503  0.315067  0.238296]
[-0.62322  -0.083828 -0.076155  0.233351  0.222017  0.182045 -0.15566
  0.262641 -0.428391 -0.875292  0.325626 -0.431426  0.321011  0.299111
  0.249336 -0.646477 -0.669658 -0.07751  -0.198125 -0.995331]
[  2.093452e-01  -7.915295e-01   3.082006e-01   1.618533e-01  -9.085476e-01
   1.808783e-01  -4.790142e-04   2.900304e-01  -1.645187e-01   1.713635e-01
  -3.923728e-02   1.207496e-01   3.327487e-01  -9.654529e-01   3.291470e-01
   2.889677e-01   3.112297e-01   1.119049e-02   1.975181e-01   6.110899e-02]
[-0.161586 -0.078931  0.114208  0.333247  0.179668  0.278315  0.330083
  0.318334  0.268205  0.126074 -0.870506  0.18479  -0.684236  0.140314
  0.092514 -0.690606  0.198362  0.218966  0.226161  0.091437]
[-0.032033  0.333121  0.328783 -0.078332  0.140973  0.161068 -0.403653
  0.102345  0.325848  0.226564  0.298354 -0.388095  0.322907  0.267038
  0.325036  0.332413  0.260258  0.319145  0.305095  0.301484]
[ 0.327954  0.264525  0.057817  0.326114  0.083892  0.163622  0.301036
 -0.353233  0.199474  0.332603  0.051513  0.307642  0.330219 -0.826998
  0.309325 -0.999106  0.325175  0.303313  0.327756 -0.144599]
[ 0.282072  0.330696 -0.0977    0.28468  -0.84413   0.235586  0.180682
  0.317685  0.324384 -0.214699 -1.       -0.443729  0.038771  0.329808
  0.328349 -0.964942  0.247475 -0.037636 -0.504614  0.252061]
[ 0.322242 -0.627621  0.246825  0.248758 -0.762445  0.122505  0.277449
 -0.804881  0.224295  0.329868  0.270511  0.189173  0.269956  0.313759
 -0.481456  0.310173  0.176488  0.325621 -0.771675  0.099502]
[ 0.296678  0.167459  0.159995  0.084236  0.23248   0.012693  0.199181
  0.216409  0.216655 -0.908249  0.210608  0.333255  0.218956 -0.517217
 -0.950531 -0.373832 -0.896868  0.029001 -0.382001  0.272706]
[-0.647854 -0.412493 -0.99946  -0.164749 -0.901194  0.319003 -0.604911
  0.296246 -0.927764  0.190858  0.168021  0.053112 -0.541948 -0.389653
 -0.540585 -0.784826  0.333207 -0.083145  0.293037  0.256075]
[-0.533608  0.28897   0.037117  0.162408  0.304     0.328293 -0.305853
 -0.935043  0.238136 -0.042403  0.281494 -0.91214  -0.351361  0.272692
  0.33291  -0.021399 -0.380271  0.172358  0.032941 -0.885125]
[ 0.325691  0.255247  0.110814  0.067061  0.064023 -0.989481  0.133502
  0.197989 -0.27931  -0.702785  0.31827   0.266675  0.241611  0.303952
  0.189375  0.327573  0.251876  0.054192  0.039342 -0.100134]
[ 0.120638  0.285664  0.172748  0.332897  0.196675 -0.330299  0.252656
  0.143293  0.19119  -0.970836  0.229922  0.129575  0.055158  0.049218
  0.285842  0.324571  0.329046  0.326553  0.309524 -0.116162]
[  9.091739e-05   1.885345e-01   2.360503e-01   1.564704e-01   2.829436e-01
   2.893660e-01   3.151716e-01  -6.374706e-01   1.803800e-01  -5.132508e-01
   3.104613e-01   2.468513e-01   2.048172e-01   2.295317e-01   1.830363e-01
   2.081954e-01   3.260806e-01   2.976230e-01   1.625932e-01   1.981201e-01]
[ 0.325573  0.111303 -0.999187 -0.823097 -0.389839 -0.028759  0.331938
  0.289026  0.090261  0.230951  0.289845 -0.947335  0.327303  0.173316
  0.326481  0.214299  0.227519  0.330144  0.192491  0.097271]
[ 0.318929 -0.89223   0.266901  0.25937   0.207361  0.333276  0.274414
  0.331114  0.329026  0.321408  0.289686 -0.140942  0.331548  0.309304
  0.292161  0.301722 -0.856985  0.304643 -0.984083  0.219965]
[ 0.256532  0.244779 -0.931293  0.332805  0.120251  0.327854 -0.143701
  0.240117 -0.996623  0.194532  0.205621 -0.02373   0.086189 -0.064831
 -0.49363  -0.337159 -0.03371  -0.941495  0.329423  0.31451 ]
[-0.040305  0.311699  0.205608  0.333114  0.307252  0.101799  0.332439
  0.158826  0.295131 -0.265226  0.332995 -0.500285 -0.296207  0.229839
  0.302084 -0.134259  0.268893  0.301394  0.200603 -0.184456]
[-0.293948  0.319779  0.332055  0.320708  0.329217 -0.578002 -0.034064
  0.196764  0.114121  0.264418  0.322256  0.313204 -0.31319  -0.053475
 -0.654066  0.156156  0.329746  0.12258  -0.715749  0.327551]
[-0.959695  0.23686   0.122472  0.263052  0.299624  0.075866  0.262663
  0.031178  0.315621  0.154728 -0.108823  0.298292  0.248123 -0.988871
 -0.46212   0.330506 -0.822027  0.112466  0.274772  0.216956]
[-0.530011  0.267792 -0.815208 -0.394337  0.262625 -0.058021  0.261524
  0.261641  0.034126  0.263407  0.32588  -0.530868  0.298854  0.331667
 -0.99997   0.328449  0.22455  -0.127753  0.087235 -0.307506]
[-0.999913  0.263203  0.332582 -0.917318  0.32743   0.057124 -0.795798
  0.134932  0.319356 -0.018123  0.333137  0.281664 -0.393748 -0.123514
  0.209259  0.181036  0.087737 -0.727102  0.33208   0.324953]
[-0.696609  0.328809  0.332785  0.251633 -0.965578  0.329433 -0.917658
  0.060929 -0.699475  0.24252   0.300342 -0.426196 -0.111446  0.244789
  0.13407  -0.530551  0.327123  0.201793 -0.968257 -0.46884 ]
[-0.897834  0.302359  0.332105 -0.18706   0.275611  0.279763  0.309741
 -0.015781  0.169684  0.230455 -0.478821  0.17688   0.291194 -0.317619
 -0.106788  0.185979 -0.400643 -0.80372   0.139984 -0.983385]
[ 0.038747 -0.027148  0.311714 -0.45734  -0.044892 -0.132205  0.305686
  0.333034 -0.493623  0.332424 -0.525764  0.243665  0.156284 -0.210704
  0.169872  0.08187  -0.605479  0.283749 -0.311391  0.326377]
[ 0.300408  0.274165  0.239926  0.262422 -0.879684  0.303786  0.226581
 -0.03893   0.312414  0.310268  0.286912 -0.029302  0.326842 -0.801592
 -0.581716  0.076512  0.331928  0.314457  0.15316  -0.107974]
[ 0.197912  0.319747  0.125812  0.232588  0.195745 -0.37167   0.286502
  0.09637   0.317914 -0.136739  0.314898 -0.28905   0.187567  0.146252
  0.027952  0.025876 -0.225084  0.309751  0.330003 -0.822704]
[ -6.180232e-01   1.637582e-01   3.281971e-01  -4.404353e-01   9.963686e-02
   3.096813e-01  -8.284876e-01   2.654235e-01  -1.338878e-04   3.322636e-01
  -9.328336e-01   3.181244e-01   2.809209e-01   1.502246e-01  -6.701122e-01
  -6.292271e-01  -3.626652e-01   3.183237e-01   3.318239e-01   3.101032e-01]
[ 0.130736  0.053931  0.28406  -0.35472   0.041621 -0.596861  0.322684
  0.235846 -0.044845 -0.965495 -0.266302 -0.999607  0.329305  0.022293
  0.331644  0.330869 -0.998714 -0.531567  0.330343  0.253541]
[-0.0063    0.332102  0.277759  0.32124   0.332993  0.081683 -0.400263
 -0.606885 -0.02241   0.302229  0.178598  0.046951  0.17286  -0.465596
 -0.876949  0.257491  0.328249  0.313245  0.288679 -0.940386]
[0.015104348527423636, -0.018309480852936155, -0.047450587168335445, 0.0034678684736361431, -0.0016253195560741729, -0.004974338883770496, -0.025413963900602649, 0.10061100520764293, -0.0046789658886712826, -0.026202624074195713, -0.0089624763393928997, 0.0096213760779877977, 0.011434558154339108, 0.096119704838797615, 0.087432734954267149, 0.046648709506324451, 0.025992725583680792, 0.092062648177034467, 0.036375583852752774, -0.0065769497228799628, -0.051350808208677767, -0.0077861970423131477, -0.001030350032390881, 0.019568854773490241, -0.0016732659638455383, 0.073590037964258864, -0.0018483786142908798, 0.0024507156098705352, -0.03927392599410362, -0.030640766646707396, 0.040293794019485935, 0.029082120802806199, 0.0030673260519530621, 0.01186769331595372, -0.00827674583486121, -0.014181368960579296, 0.10639732161223606, 0.007143869835709471, -0.041758316495902406, 0.075413438895249429, -0.016750662671638328, -0.016752550019251966, -0.021898422044719257, -0.015817618880147516, 0.0022774370680443412, -0.0070361373638169744, -0.034813973228940753, 0.014535983602479458, 0.070094050783039263, 0.02494282807809578, -0.04544463536405452, 0.041602541326914655, -0.019350639611937115, -0.012069901714624187, 0.0017508230634962763, -0.052486933788309709, -0.052096462622603201, -0.052342901770329742, 0.075617599868545271, -0.024752802754124781, 0.00056282878857372154, -0.001177275548927631, 0.058099486426564206, 0.023011563844881677, -0.010774922864197789, -0.018361053199116989, 0.0061053488165694336, 0.015751954987156203, 0.0081349964861878732, -0.046735276098691991, -0.12882339758189748, -0.013454103820522922, -0.006662914745100057, -0.039744466977969531, -0.0025740804048660672, 0.098736100658764425, 0.05759229646152822, -0.084649966545211397, 0.020757504607102073, 0.015108966287962433, -0.020159956786744315, -0.096848114297002019, 0.050661722301402812, 0.029766531136420755, -0.09444823495820881, 0.017187106262659513, 0.040190198678557609, 0.029887303259658243, 0.0011309462357181332, 0.011886068193669774, 0.031040764075177196, -0.086919768492274785, -0.05191558590059675, -0.0063617331777736652, 0.066031287431145211, 0.072996467258714615, 0.003028834032940908, -0.010426724287229128, -0.028161726931413306, 0.010472583108863818]
('time: ', 14825.684775829315)
