“Running plot script on a single CPU core”
[  1.125708e-01   1.008347e-01   1.170598e-01  -1.873634e-02  -3.742297e-05
  -3.404489e-02]
[-0.042559 -0.021274 -0.087859  0.036915  0.015977  0.016303]
[ 0.029301 -0.004675  0.08681   0.004879  0.011988  0.01111 ]
[ 0.004824  0.027364  0.054564 -0.003995  0.021694  0.007603]
[-0.047997 -0.055887  0.040795  0.006947  0.041468  0.024983]
[ 0.0613    0.062741  0.077165 -0.019836 -0.023202 -0.038209]
[ 0.002369  0.032596  0.010868 -0.034288 -0.000843  0.011583]
[ 0.038     0.020643  0.047978 -0.000273 -0.039901 -0.028431]
[ 0.025185  0.010148  0.024414 -0.01623   0.0044    0.005913]
[-0.029654  0.034955  0.004861 -0.011421 -0.002677 -0.032379]
[ 0.118678  0.059607  0.094782  0.042721  0.035047 -0.063556]
[ 0.015216  0.024571  0.046311 -0.000994 -0.010763  0.012632]
[ 0.015155  0.068963  0.07736   0.007403 -0.004402  0.005655]
[ 0.006896  0.028228 -0.019138  0.019849  0.018078 -0.003607]
[-0.003892  0.010523  0.010855  0.023509  0.018046 -0.026349]
[ 0.051953  0.052724  0.071956 -0.006114 -0.002464 -0.01365 ]
[ 0.023422  0.034082  0.029441  0.022568  0.003807 -0.032914]
[-0.029166 -0.042911  0.097356 -0.036115  0.003431  0.022775]
[ 0.072031  0.069798  0.110522  0.004437 -0.027862 -0.018295]
[-0.03988  -0.034652  0.010041  0.027035 -0.00539  -0.01362 ]
[ 0.044426  0.021769  0.045382 -0.023943 -0.004904  0.02035 ]
[-0.00755   0.087158  0.08807   0.074749  0.044496  0.023968]
[ 0.047252  0.046924  0.042184 -0.000786  0.005935 -0.005445]
[ 0.017752  0.066553  0.067438  0.010506  0.003235  0.022715]
[-0.008077  0.005365  0.03234   0.022273  0.044106  0.026949]
[ 0.027551  0.010088  0.059998 -0.020742 -0.010174 -0.004588]
[ 0.023564  0.033687  0.022049  0.022542  0.005925  0.011374]
[ 0.015815  0.012268  0.035225  0.014101 -0.021602  0.003937]
[ 0.026824 -0.01226  -0.007005 -0.00376  -0.039833  0.006487]
[ 0.063868  0.066073  0.100381  0.005931 -0.01699  -0.018384]
[ 0.002289  0.064963  0.05647  -0.016052 -0.04481   0.013137]
[ 0.023123 -0.020546  0.084866 -0.027465  0.017077  0.001893]
[ -1.118922e-02   4.507725e-02   8.690160e-02   6.425449e-05  -2.918140e-02
  -8.139294e-03]
[ 0.012524  0.012177  0.033293  0.011376 -0.014862 -0.030386]
[-0.013877  0.043441  0.009365  0.007204  0.00556  -0.011456]
[ 0.041179  0.098017  0.018547  0.032371  0.028715 -0.010008]
[ 0.042608  0.063594  0.057534 -0.018645  0.011315 -0.001226]
[ 0.025211 -0.027206  0.051097  0.005314 -0.041282 -0.039764]
[-0.04011   0.054764  0.015285 -0.019449  0.002169 -0.00564 ]
[ 0.083425  0.028306  0.040214 -0.015826 -0.019647 -0.00866 ]
[-0.01914  -0.033228  0.03754  -0.026332  0.007836  0.025085]
[ 0.030409  0.08411   0.081059 -0.017454 -0.022514 -0.019614]
[ 0.0387    0.04001   0.037751  0.005327  0.005091  0.016549]
[ 0.052784  0.086761  0.036598 -0.009879 -0.008208  0.009587]
[ 0.033994 -0.005951 -0.023298 -0.008922  0.01191   0.033235]
[ 0.077063  0.083585  0.093453 -0.014137  0.009642  0.031254]
[ 0.095682  0.04939   0.098234 -0.005303 -0.007384 -0.006895]
[ 0.038925  0.055491  0.011991 -0.003417  0.004885  0.005547]
[ 0.019542  0.035593  0.089332  0.003202  0.018569 -0.009308]
[-0.039127 -0.027864 -0.050561 -0.009163 -0.004019 -0.00663 ]
[ 0.023423  0.055784  0.06792   0.032148 -0.031733  0.007404]
[-0.035138  0.067214 -0.021787  0.004798 -0.001568 -0.00806 ]
[ 0.127016  0.063231  0.101913 -0.028302  0.033325  0.085882]
[ 0.038782  0.038615  0.075024 -0.004336  0.003008  0.014224]
[ 0.013015  0.023837  0.024876 -0.027873 -0.008624  0.039269]
[ 0.069315  0.061518  0.122935 -0.006647  0.019463 -0.015305]
[-0.025517 -0.042827 -0.014446 -0.005454 -0.018187  0.040683]
[-0.037656  0.002933 -0.00744  -0.004838 -0.017606  0.013016]
[ 0.062134  0.107212  0.090115 -0.0105    0.008453  0.025417]
[-0.026914  0.067164  0.061749 -0.038274  0.002617  0.022145]
[-0.00985   0.0265   -0.023473 -0.007693 -0.012395 -0.017097]
[ 0.023791  0.042582  0.048799  0.008283  0.013298  0.005611]
[-0.048995 -0.009531 -0.013017 -0.007491  0.004278  0.007669]
[-0.004265  0.01105   0.007286  0.006208 -0.034163 -0.017857]
[ 0.040964  0.062767 -0.001048 -0.011504  0.011625 -0.000554]
[ 0.093215  0.142195  0.188915  0.065659 -0.006119 -0.003937]
[ 0.100371  0.089535  0.116862 -0.024301 -0.010731  0.007867]
[ 0.070171  0.094227  0.069959 -0.032397 -0.009556 -0.044695]
[ 0.091288  0.136614  0.186395  0.060597 -0.00691   0.046202]
[ 0.034498  0.053294  0.040495  0.010897 -0.006339  0.021945]
[ 0.057484  0.100373  0.097396  0.00029  -0.0116   -0.008344]
[ 0.0538    0.059186  0.04978  -0.003808 -0.000176  0.001931]
[-0.090115 -0.008156  0.043779  0.022282  0.039456  0.033604]
[-0.034139  0.036487  0.026445  0.001869  0.006503  0.010651]
[ 0.102367  0.055537  0.106993 -0.043259 -0.016899  0.016014]
[ 0.039468  0.107205  0.128221 -0.008258 -0.018365 -0.004838]
[ 0.089471  0.068432  0.093601  0.010643  0.002535  0.006515]
[  4.292536e-02   1.271838e-01   1.102590e-01   9.017783e-04   6.690761e-03
   8.478824e-05]
[ 0.018725  0.00642   0.070761 -0.046391 -0.009133  0.015367]
[-0.005709 -0.010599  0.102367  0.042026 -0.02775   0.038704]
[ 0.047509  0.091413  0.034462 -0.008193  0.043982  0.008821]
[ 0.03312   0.031885  0.042639 -0.001772 -0.005084 -0.022107]
[ 0.027436  0.036524  0.049502 -0.021514 -0.021931  0.018003]
[ 0.084936  0.133753  0.04959   0.00407   0.025614  0.006907]
[-0.05239  -0.044203 -0.012704  0.008558 -0.000705  0.005862]
[ 0.047828 -0.014869  0.001269  0.001489 -0.008966 -0.003427]
[ 0.0404    0.051263  0.025968 -0.025393 -0.004096 -0.001134]
[-0.007597  0.062174  0.129153 -0.015191 -0.010389  0.028874]
[ 0.004532  0.085767  0.046895 -0.001578  0.013878  0.013626]
[-0.043585  0.003654  0.002744  0.001659  0.00566  -0.01768 ]
[-0.033322 -0.024883  0.008216  0.014505 -0.013081  0.015316]
[ 0.025378  0.038948  0.029093 -0.001499 -0.006974 -0.004643]
[ 0.043168  0.038202  0.096451  0.027848  0.006713 -0.019514]
[ 0.059904  0.01397   0.052499  0.002791  0.001014 -0.026769]
[ 0.000594  0.069826  0.053196  0.003936 -0.029638  0.01057 ]
[ 0.02743   0.028162 -0.003313 -0.01332   0.020955  0.018468]
[-0.047389  0.066768  0.048942  0.029808  0.03441  -0.005595]
[ 0.072534  0.066391  0.020847  0.031969  0.007941  0.019157]
[ 0.012952 -0.018551  0.083454  0.003409  0.026242  0.009579]
[ 0.040881 -0.025713 -0.023493  0.005109 -0.008639  0.009943]
('Mean', 1, ': ', 0.040881305762248028)
('Median', 1, ': ', 0.040881305762248028)
('Variance', 1, ': ', 0.0)
('Mean', 2, ': ', -0.025712866328104485)
('Median', 2, ': ', -0.025712866328104485)
('Variance', 2, ': ', 0.0)
('Mean', 3, ': ', -0.023493409780022616)
('Median', 3, ': ', -0.023493409780022616)
('Variance', 3, ': ', 0.0)
('time: ', 8710.9363489151)
