“Running plot script on a single CPU core”
[ 0.155112 -0.151972  0.279988  0.141512  0.331748  0.284702 -0.674473
  0.131627  0.201732  0.33208  -0.171512 -0.826778  0.177731  0.131245
  0.237798 -0.929209 -0.818444  0.277189  0.16943  -0.176636]
[ 0.332675 -0.059289  0.300656  0.232788  0.284214  0.046914  0.267407
  0.327849 -0.875435 -0.812571  0.306781 -0.104069  0.333128  0.301862
 -0.984954  0.311841  0.285208  0.306341  0.288558  0.279839]
[ 0.307991  0.218327  0.211034  0.309651  0.076534  0.301356  0.241334
  0.005834  0.233307 -0.709779 -0.051974 -0.738225  0.269254  0.321628
 -0.011756  0.316987  0.28099   0.331794  0.298751  0.313088]
[-0.989714 -0.923613 -0.170932  0.279869 -0.998176  0.181376  0.24299
 -0.084827 -0.11899   0.333101  0.119484 -0.251225 -0.472386  0.31947
  0.331669 -0.996248  0.237409 -0.079829  0.272483 -0.84392 ]
[-0.983838 -0.158572  0.012226 -0.692782  0.026749 -0.142881  0.330027
 -0.314419  0.272546  0.330519  0.13001   0.125142 -0.528664  0.237498
  0.324455  0.320687  0.241248  0.278698 -0.422729  0.330248]
[ 0.048559  0.276852  0.163805 -0.957251  0.330924  0.258573  0.188731
  0.234753 -0.173862  0.272964  0.240052  0.139628 -0.434659 -0.761665
 -0.584032  0.305486 -0.151473 -0.327255  0.293854  0.086727]
[ 0.200034  0.122974  0.27487   0.245345 -0.688478  0.32958   0.109157
  0.213489 -0.452145 -0.518646 -0.14366   0.272113 -0.240954 -0.985996
 -0.931487  0.120191  0.333201  0.250416  0.327775 -0.880482]
[ 0.325627 -0.192129 -0.128364  0.024094  0.038525  0.20993  -0.871515
  0.291526 -0.979287 -0.576879  0.184566 -0.999789 -0.497602  0.163833
  0.301633  0.027537 -0.979511  0.241459  0.153091 -0.958292]
[ 0.332636 -0.767014 -0.574355 -0.613714 -0.557501  0.332772  0.25658
  0.143007  0.330305  0.262202  0.128432  0.033385  0.318679  0.28197
 -0.951632  0.122306  0.244983  0.181527  0.304775  0.317311]
[-0.121717  0.220607  0.332066  0.280088 -0.102155 -0.115806 -0.3112
 -0.593426  0.313078  0.307683  0.332097 -0.99936   0.30327   0.110088
  0.210778  0.306267 -0.783677 -0.201881  0.331602 -0.20452 ]
[ 0.330553  0.238812  0.32417   0.15595   0.332725  0.330139 -0.930735
  0.326213 -0.006445 -0.496793  0.252198  0.170128  0.291814 -0.833584
 -0.999988 -0.695592 -0.128633  0.049768  0.333281  0.314872]
[ 0.170003  0.234025 -0.071359  0.190984  0.333241  0.037158  0.006785
 -0.966655  0.276389  0.258382  0.2536    0.265867  0.221984  0.256668
  0.327046  0.244882  0.308489  0.163246  0.218046 -0.597746]
[ 0.072065 -0.169293  0.050775  0.331624  0.331491  0.331641  0.189781
 -0.592007  0.251649  0.314356 -0.842251  0.280641 -0.371049  0.148736
  0.297425  0.317846 -0.493809  0.10695  -0.739645 -0.330126]
[-0.212744 -0.06106   0.327288  0.302171  0.321271  0.049521 -0.103026
  0.333132 -0.221051 -0.075093  0.305919  0.33172   0.327474  0.312504
 -0.054501  0.2728   -0.913123  0.311235  0.282349  0.177471]
[ 0.306406  0.216372 -0.176861  0.283894  0.074419 -0.738224  0.265071
  0.322449 -0.344617  0.278236 -0.970662  0.189563 -0.852451  0.0637
  0.310114  0.327847  0.324367  0.299864 -0.671887  0.229192]
[-0.235866  0.300159  0.331194  0.331538  0.282378  0.23162  -0.877533
  0.333328  0.306913 -0.421258  0.326813 -0.817381  0.262304  0.094936
 -0.999587  0.332268  0.104152  0.202634  0.108621  0.332624]
[-0.120473  0.247915  0.149145  0.066163 -0.94622   0.331173  0.30641
 -0.027015  0.220772  0.321598  0.326477  0.216929 -0.989563  0.308279
  0.328843 -0.921697  0.061248 -0.219889  0.125225 -0.363419]
[ 0.271606  0.303948  0.324592  0.329013 -0.110157  0.268929  0.328794
  0.333325 -0.722219  0.018889 -0.169719  0.00769   0.325188 -0.166105
  0.282003 -0.139288  0.287617  0.332339  0.160295  0.201804]
[ 0.161359 -0.757492  0.001972  0.333297 -0.025741  0.290058 -0.869408
 -0.101204 -0.056772 -0.220216  0.331201 -0.716426 -0.14244  -0.14971
  0.054466 -0.091314  0.064955  0.326237  0.33327  -0.536687]
[  1.260839e-01   2.189577e-01  -5.433460e-02  -7.220982e-01   1.535952e-02
   2.428630e-01   3.241055e-01  -4.331029e-01  -6.607521e-01   3.196199e-01
   1.646876e-01   9.994908e-02   5.751948e-02   3.240099e-01  -2.322129e-02
   3.326307e-01  -7.967581e-01  -3.795216e-04   2.891311e-01  -4.987007e-01]
[ 0.3201    0.209952 -0.058588  0.319638 -0.969018  0.331343 -0.1083
  0.182834 -0.519691 -0.772024 -0.26619   0.326594  0.332933 -0.142343
  0.208235  0.325976  0.327467 -0.055241  0.263973  0.332507]
[ 0.164753  0.330862  0.131973 -0.922799 -0.001559  0.002134  0.332166
 -0.621727 -0.439863 -0.439289  0.057378  0.229592  0.306291 -0.613775
  0.329012  0.213749  0.284046  0.171754 -0.813529 -0.892807]
[ -5.078700e-02   3.328897e-01   1.707838e-02  -4.192616e-01  -9.391129e-01
   3.207388e-01   3.116422e-01   1.706429e-01  -2.887766e-02   2.897022e-01
  -4.474912e-01  -5.094846e-01   1.022080e-01  -9.542263e-01   3.333146e-01
   6.772000e-02   7.978748e-04   1.590257e-01  -9.231795e-01   1.622781e-01]
[ 0.307244  0.157114  0.233738  0.331061  0.086418  0.330735  0.123545
  0.333047  0.259444  0.332756  0.073148  0.332879  0.326728  0.279403
  0.245361  0.317197  0.305644  0.330291 -0.022236 -0.488442]
[-0.004453  0.190918 -0.995547  0.248192  0.176757  0.073913  0.277136
  0.25578   0.232712  0.218648  0.299589 -0.953101 -0.846565  0.205903
  0.090547 -0.003525  0.332389 -0.182528 -0.71268  -0.937036]
[ 0.004765 -0.946524  0.253317  0.189897 -0.571701  0.228145  0.31234
  0.333221 -0.292153 -0.54989  -0.861604  0.072437 -0.293316  0.223238
  0.317418 -0.139355  0.034723  0.281339 -0.159703 -0.927064]
[ 0.269118 -0.182297  0.328141  0.287615  0.333029  0.149613 -0.969671
  0.248378 -0.701935 -0.392704 -0.648768  0.212121 -0.001526  0.254757
 -0.551054 -0.555277 -0.044274  0.220019  0.322405  0.325997]
[ 0.316535  0.305438  0.303501  0.02283   0.323581  0.149257 -0.099597
 -0.174275  0.301515 -0.456083  0.103731  0.331338  0.324567  0.223278
 -0.105322  0.116742 -0.792868  0.308979  0.046478 -0.837496]
[ 0.324049 -0.872484  0.331951  0.323076  0.333314  0.21409  -0.285158
  0.330063 -0.798628  0.2507   -0.824997  0.298069  0.328188  0.277583
 -0.033988 -0.915648 -0.141938 -0.937161  0.277402  0.223488]
[ 0.306548 -0.075022  0.236513  0.214211  0.257207  0.301762  0.185134
  0.161203 -0.110471  0.317632  0.211801  0.095566  0.253338  0.229349
  0.238581  0.091993  0.108277 -0.341965  0.098704 -0.158619]
[ 0.332477  0.321867  0.263702  0.298004  0.286744 -0.448375  0.161862
 -0.070974 -0.721924 -0.76398   0.22116  -0.056214 -0.964319  0.31818
  0.333333  0.227229  0.132602  0.038589  0.199737  0.074661]
[-0.55714   0.167414  0.289792  0.270653 -0.959623 -0.431251  0.143624
 -0.987011  0.035902  0.333332  0.141393  0.267845  0.112519  0.004165
  0.271689 -0.746375  0.253169  0.229179 -0.641724  0.202909]
[ 0.260835 -0.075401  0.280553  0.314827  0.28823   0.234896  0.040146
  0.322451 -0.647136  0.255092  0.332053  0.193213  0.310614  0.091857
  0.28601   0.2113   -0.448893  0.247119  0.271095 -0.979783]
[ 0.302242  0.251048  0.327308  0.098065  0.333296 -0.123734 -0.542099
  0.213339  0.33056  -0.663643 -0.854546  0.286463  0.152997 -0.582237
 -0.075229  0.330884  0.219844 -0.528028  0.333212  0.332655]
[ 0.248087  0.193753 -0.006764  0.287059  0.316323  0.088451  0.280736
 -0.707294  0.30528   0.017684  0.322514  0.33077   0.330232 -0.502038
 -0.112257  0.332524 -0.693571  0.177964  0.310499  0.284844]
[-0.404093 -0.723872  0.333329  0.328244  0.248683  0.326002  0.331288
  0.327746 -0.153906  0.318607  0.246365 -0.019686 -0.631319  0.301255
 -0.224427 -0.22701  -0.492525  0.289288  0.332734  0.333232]
[ 0.021703  0.276748  0.328314  0.244194  0.039433 -1.       -0.323007
  0.009861 -0.978079  0.175829  0.198244  0.317764 -0.756009  0.28029
  0.29935   0.054631 -0.285504 -0.160971  0.306206  0.32766 ]
[ 0.286219 -0.675291  0.206181 -0.830292  0.129083  0.047438  0.09831
  0.170033  0.305643 -0.47587   0.316863  0.333013  0.042533  0.07649
  0.125721 -0.831296  0.323532  0.319776  0.318213 -0.329408]
[  2.134862e-01   8.160810e-02  -4.892699e-01  -1.125797e-01   2.853858e-01
   3.140804e-01   2.298428e-01  -1.903992e-01  -9.371303e-01   2.852566e-01
   3.326940e-01   2.680109e-01   2.584910e-01  -4.615031e-01  -8.983276e-04
  -9.591981e-01   3.277208e-01   2.842240e-01  -3.530145e-01  -9.703873e-01]
[ 0.228033 -0.12118   0.272809  0.245992  0.249471 -0.055028 -0.305229
  0.321561  0.322587  0.006767  0.305519  0.321741  0.263664 -0.702777
  0.190205  0.242439  0.256398  0.329782  0.332935 -0.854614]
[-0.992755  0.241145  0.077088  0.149643  0.333242 -0.179921 -0.747921
  0.063275 -0.891332  0.05234   0.33274   0.29889   0.291911 -0.418174
  0.314981  0.281745  0.17687  -0.603982 -0.462339 -0.926507]
[ 0.198418 -0.70167   0.147836  0.332653 -0.211798 -0.687825  0.333092
  0.154056  0.328357  0.321178 -0.209737 -0.502062  0.141858 -0.09872
  0.330881  0.331367  0.308997  0.008053  0.28462  -0.999688]
[-0.03313  -0.827804  0.320065  0.193755 -0.765805  0.328198 -0.397015
  0.252889  0.285888  0.31598   0.309833  0.210005  0.180806  0.313055
 -0.268909  0.14071   0.320076  0.333096  0.333333 -0.847841]
[ 0.120939 -0.271325  0.078168  0.265549  0.287985  0.31632  -0.855943
  0.179396 -0.858074  0.226879  0.304059  0.327865  0.316351  0.04311
  0.305221 -0.110787  0.333282  0.095206  0.254414 -0.308688]
[-0.997028 -0.394477 -0.109964  0.300927  0.24235  -0.504897  0.311943
  0.190843  0.209653 -0.998753 -0.731441 -0.138374  0.242397  0.322387
 -0.077098  0.329497 -0.191033  0.331886 -0.265734  0.169845]
[ 0.168222  0.310807  0.302913 -0.029614 -0.482792 -0.990624 -0.462059
  0.321777  0.329388 -0.114871  0.014191  0.329698  0.244353  0.321651
  0.119933 -0.122874 -0.196919  0.195758  0.215378 -0.144509]
[-0.432151  0.166185  0.330523  0.250304  0.333039  0.329935 -0.070737
  0.327863 -0.207384  0.323174  0.327874 -0.120444  0.19694   0.325227
 -0.723312  0.271078  0.320884  0.13059  -0.495112 -0.554247]
[ 0.069464  0.193304 -0.503377  0.271811  0.144382 -0.769316  0.333317
  0.311749 -0.897419 -0.785688  0.313669  0.330177  0.323052  0.258264
 -0.605696  0.119321 -0.152932  0.330948 -0.999999  0.229642]
[ 0.3038    0.289352 -0.18845  -0.5858   -0.935252 -0.766451  0.328789
  0.274131  0.073293  0.327467  0.007315  0.241194  0.215563 -0.215553
  0.333231  0.302414  0.332955  0.290114  0.200462  0.333333]
[ 0.324675  0.324249  0.080504 -0.422385  0.148304 -0.687438  0.266451
  0.266339  0.318287  0.042872  0.298478 -0.256048  0.300266  0.301326
  0.232342  0.33327   0.330487  0.216561  0.331523  0.242088]
[ 0.234725 -0.31506   0.157829  0.196352 -0.444565  0.22576   0.304955
 -0.378812  0.253914 -0.443521  0.326279  0.26897  -0.53203  -0.840826
  0.324912  0.09014   0.332376  0.332608  0.148323  0.026723]
[ 0.168827  0.218716  0.233561 -0.981268  0.322945 -0.025649  0.272682
  0.052595 -0.766619 -0.55384   0.125913  0.333072  0.311798  0.156715
  0.2785    0.234896 -0.301729 -0.387696  0.333297 -0.327065]
[-0.57506   0.281599 -0.592756  0.328026  0.324654 -0.40798   0.320008
  0.319262  0.229285  0.262724 -0.024801  0.256486 -0.885233  0.145705
  0.160931 -0.812532  0.319272  0.288896  0.162101 -0.980442]
[ 0.139557 -0.085817  0.308697 -0.328329  0.18842  -0.10559  -0.919358
 -0.462754  0.332209  0.231553 -0.987371 -0.69542  -0.001989 -0.544333
 -0.027192 -0.064692  0.301531  0.225898  0.21737   0.085792]
[ 0.286695  0.311761  0.042851 -0.917025  0.188142 -0.00963   0.323083
 -0.153224  0.315718  0.329861  0.298295  0.161936  0.299213 -0.451739
  0.291528 -0.057961 -0.023967  0.203886 -0.247159  0.271063]
[-0.041759 -0.737677  0.313273 -0.596199  0.328043  0.22654   0.229888
  0.039001  0.309287  0.315445 -0.161553  0.315287  0.195445  0.245012
 -0.099112 -0.219314 -0.597366 -0.342624  0.05103   0.31992 ]
[ 0.323235  0.039361 -0.663072 -0.608605  0.182308 -0.999544 -0.001206
  0.286993 -0.020788  0.305157  0.278845  0.221541  0.248467  0.28368
 -0.41816  -0.00197   0.295237  0.128791  0.332444  0.262208]
[ 0.33327   0.319467  0.33311  -0.159574  0.330836 -0.182976  0.311833
  0.33118   0.326955  0.277543  0.297882  0.266158  0.333212  0.252228
 -0.041393  0.332475 -0.002823  0.218411  0.132981 -0.09981 ]
[ 0.104442  0.324281  0.218395 -0.067565 -0.06921   0.058089  0.221977
  0.124013  0.328152  0.279203 -0.119636  0.316519  0.321952 -0.47357
  0.062082 -0.001397  0.223095  0.332681 -0.247335  0.317467]
[ 0.157637 -0.911849  0.106015  0.219029  0.028371  0.217303 -0.690195
 -0.104991  0.225219 -0.028734  0.330839 -0.806077  0.333212  0.188644
  0.189401  0.161558 -0.234844  0.30606   0.327313 -0.682149]
[ 0.154721  0.050199  0.30595  -0.355908  0.287952 -0.008666 -0.145217
 -0.833575  0.329646  0.291437  0.315084  0.062712 -0.875952  0.239919
  0.299541 -0.495222 -0.485411 -0.984602  0.323363  0.285516]
[-0.172994  0.33005   0.130324  0.332461  0.207176  0.19782  -0.02518
  0.164842  0.316655  0.241284  0.211626  0.057541  0.151489  0.266816
 -0.367815 -0.563533  0.332794 -0.310419  0.294774  0.316089]
[-0.30496   0.1493   -0.996592 -0.902579  0.23825  -0.76864   0.123543
 -0.788956  0.333252  0.32854  -0.215459  0.259134 -0.999845  0.133662
 -0.998147 -0.35792  -0.830344  0.071508  0.315502  0.239802]
[ -1.133991e-01   2.499686e-01   3.323640e-01   2.597283e-01   2.652525e-01
   3.046205e-01   2.418214e-01   1.110806e-01   3.185596e-01   2.672035e-01
   1.791303e-01   9.363053e-02  -3.437856e-01  -4.104458e-01   3.030162e-01
  -4.369448e-01   2.376405e-01   3.208724e-01  -4.508479e-02  -3.439805e-04]
[ 0.128992  0.246776  0.018417  0.329311  0.200975  0.329759 -0.026647
  0.224467  0.33233   0.279036  0.112475  0.330497  0.210016  0.332815
  0.309738 -0.498612 -0.872358  0.269605 -0.1948   -0.025051]
[ 0.0036    0.311767 -0.92281   0.333243  0.327766 -0.90609   0.160877
 -0.283036  0.285783 -0.999871  0.186034  0.332185  0.151418  0.068253
  0.333226  0.279998  0.326158 -0.297467  0.275887  0.324396]
[-0.810567  0.331169 -0.516876  0.165342  0.327757  0.211681 -0.757961
  0.16499  -0.790962  0.086246  0.320785  0.048201 -0.980252 -0.866421
  0.31279   0.145349 -0.375921  0.331279 -0.585642  0.326923]
[ 0.328923  0.198038  0.329429  0.282454  0.043896  0.326772  0.104125
  0.284685 -0.08992   0.296399  0.330724  0.236045  0.04415   0.277068
  0.095081  0.232871  0.197738 -0.956964  0.3189   -0.165688]
[ 0.230467  0.044342  0.29625   0.318568  0.33236   0.214542 -0.996914
  0.284032 -0.090333  0.333317  0.282375  0.275197  0.145857  0.30069
  0.294922 -0.084594  0.308946  0.304041  0.327168  0.330268]
[-0.795205 -0.281116  0.255558 -0.68356   0.332414 -0.558636  0.195647
  0.200199  0.189761 -0.096892  0.333158 -0.488997  0.158214 -0.950379
 -0.369161  0.005908 -0.401212  0.308145  0.272726 -0.599832]
[ 0.147161 -0.84853   0.329429  0.326369 -0.121655  0.324268  0.303881
  0.32416  -0.967433  0.32835  -0.237564 -0.609362 -0.841144  0.249018
  0.255783 -0.066882 -0.213452  0.122707  0.117231  0.153297]
[-0.15415   0.332642 -0.095167  0.323869  0.329821 -0.673683 -0.454587
  0.082063 -0.967301  0.297347 -0.173999  0.27318   0.14792   0.114077
  0.246399  0.057137  0.295869  0.317345 -0.087324  0.233699]
[ 0.31101   0.279254 -0.522994  0.071752 -0.555653  0.318097 -0.913787
 -0.952946 -0.551569  0.136119  0.092778  0.333236  0.312236  0.331753
  0.317421 -0.443956  0.308532  0.26179   0.196389  0.080237]
[ 0.332337 -0.234299  0.023652 -0.546147 -0.8584    0.294629  0.327765
  0.136513  0.259026  0.277053 -0.146484  0.286531  0.249501  0.188915
  0.324265 -0.96315   0.330876 -0.707495  0.066588 -0.514479]
[-0.966911 -0.204593 -0.292558 -0.113962 -0.999065  0.177347 -0.131411
  0.318842 -0.430868 -0.793781 -0.712144 -0.125478  0.32763   0.196983
 -0.697329  0.278076  0.303168 -0.408501 -0.95448   0.266493]
[ 0.27555   0.326947 -0.232609  0.287258  0.321078  0.183518 -0.995553
 -0.362225  0.225039 -0.571146 -0.065511  0.302558 -0.067046 -0.182719
  0.16196  -0.17662  -0.803782 -0.0165    0.014214  0.149148]
[-0.988662 -0.157464  0.013387  0.169581  0.281083  0.292271  0.238856
  0.330199  0.119753  0.316662  0.020007 -0.118405  0.015196  0.210062
 -0.365974 -0.914475  0.313455  0.295613 -0.222684  0.214172]
[ 0.312172  0.185283  0.322421  0.264849 -0.636755 -0.981805 -0.200171
  0.252786  0.332929 -0.96523  -0.79448   0.309779  0.143138  0.265427
  0.263285  0.3237    0.299779 -0.956945  0.278472  0.273309]
[ 0.333317 -0.428085  0.295589 -0.520257 -0.018459  0.327725  0.313115
  0.175096  0.103911  0.326812 -0.977659  0.333323 -0.445101  0.040709
 -0.762443  0.323204  0.113053 -0.998117 -0.307231  0.190987]
[ 0.055731  0.305351  0.275425  0.277094  0.146646  0.033875 -0.160698
 -0.197396  0.243476  0.309196 -0.874501  0.239732 -0.935792  0.187903
 -0.082124  0.117354  0.126448  0.237612  0.144853  0.234337]
[ 0.322715  0.327032  0.222968  0.331987 -0.998401  0.302501  0.331003
  0.105195  0.282203  0.331462  0.307274 -0.398102  0.185336  0.221235
 -0.532016  0.32123   0.219205 -0.276797 -0.836627  0.332215]
[-0.305868 -0.887818  0.063135  0.260029 -0.582705 -0.215836 -0.251368
 -0.320415 -0.994991  0.271475  0.090554  0.332034 -0.999568 -0.084878
  0.034651  0.320227  0.332878  0.30538   0.104375  0.229774]
[-0.456026 -0.062242  0.331945  0.32986   0.128926  0.16548  -0.029216
  0.331666  0.327296  0.292913  0.328575  0.103688 -0.263865  0.318826
  0.329123 -0.02864   0.232538 -0.058119  0.24419   0.292724]
[ 0.093001  0.00646   0.165167 -0.641645  0.315957  0.239906  0.005218
 -0.319413  0.30864  -0.084342 -0.286345  0.19818  -0.794738 -0.225772
 -0.492653  0.33108   0.056538 -0.745044 -0.090852  0.012728]
[ 0.332003  0.333333  0.327941  0.333327  0.328641 -0.999987  0.252171
  0.277728  0.326571  0.251698  0.303616  0.100003 -0.525835  0.323756
  0.323842  0.318882  0.145136  0.009939  0.222625  0.069807]
[-0.985037 -0.139195  0.31756   0.319429  0.097343  0.239719  0.285347
 -0.39536   0.244109  0.320904 -0.982029  0.2299   -0.69501   0.143584
  0.316316  0.323052 -0.834558 -0.33702  -0.653158 -0.15027 ]
[-0.511382 -0.037084 -0.723852  0.100384  0.193071  0.292955 -0.041516
 -0.078755  0.324991  0.313417  0.332828 -0.032562  0.040226  0.290064
  0.290129  0.327125  0.316154  0.252773  0.157123  0.333207]
[ 0.169144  0.315123  0.32578   0.141524  0.092025  0.268966  0.314294
 -0.505904 -0.62422  -0.003007  0.219976 -0.637068 -0.007731  0.170245
 -0.127791  0.147343 -0.907617  0.262237 -0.223574  0.332544]
[ 0.206364  0.314446 -0.309614 -0.2364    0.323938 -0.380931  0.185971
  0.322601  0.258544 -0.69081   0.209672 -0.025198  0.164233  0.331551
  0.267997  0.33129  -0.266147  0.053553 -0.753803  0.332971]
[ 0.031468  0.195524  0.317892 -0.540247  0.33197   0.322419 -0.268945
  0.069294 -0.663053  0.261393  0.103039  0.333283  0.328349 -0.652298
  0.311003 -0.124796 -0.222577 -0.048781  0.280179  0.319698]
[ 0.322695 -0.162865  0.288578  0.204389 -0.355919  0.314843 -0.789314
  0.092793  0.247206  0.17337   0.129089 -0.801072  0.272392 -0.854647
 -0.146969  0.280457 -0.108086 -0.209052  0.305395  0.101702]
[ 0.329843  0.327441  0.331995 -0.001522  0.277867  0.032027  0.307748
  0.221102 -0.050491  0.319488  0.02144  -0.874896  0.277986  0.333332
 -0.044273 -0.035943 -0.022139 -0.124983  0.328856  0.316083]
[-0.015667  0.301914  0.25357   0.238218  0.28159   0.062977  0.30558
 -0.095301  0.073176  0.301219  0.290538  0.327179 -0.970864 -0.776809
  0.248235 -0.455668  0.320662  0.220417 -0.661809  0.325781]
[-0.369233  0.276224  0.232879  0.067326 -0.198536  0.15708  -0.392135
 -0.202545 -0.582313 -0.161614  0.322433 -0.326238  0.204513  0.086803
  0.172211  0.205509 -0.9984    0.265532 -0.82118  -0.496374]
[ 0.137209  0.231764  0.331027 -0.48325   0.177795  0.062724 -0.599277
 -0.39127   0.330932  0.137082 -0.134222  0.322025  0.246296 -0.311814
 -0.934529  0.291332  0.263362  0.322379  0.328073 -0.096376]
[ 0.314791  0.303451 -0.97919   0.248072  0.263441  0.210504 -0.931006
  0.271792 -0.253471  0.187383  0.253008  0.30624   0.022864  0.111761
  0.270536  0.265673 -0.392866 -0.271727 -0.303938  0.325275]
[-0.079807  0.305665 -0.531901  0.321727  0.284331  0.308725  0.195552
  0.239816  0.316409  0.330749  0.260571  0.26698   0.21529   0.288242
  0.305474 -0.57322   0.147455 -0.171586  0.308327  0.196558]
[ 0.247032  0.316139 -0.186369 -0.006654  0.317002 -0.038187  0.332899
 -0.808441 -0.288955  0.332807  0.121193  0.333201  0.014086  0.272423
  0.331875  0.293819  0.234249  0.326458  0.092882  0.286335]
[ 0.061424 -0.999665 -0.882005 -0.029131  0.332434 -0.595034  0.324939
 -0.732335  0.332601  0.113674  0.25129   0.331855  0.332774  0.19452
  0.270986 -0.203743  0.332358  0.144305  0.117138  0.329679]
[ 0.104653  0.327905  0.188904  0.247675  0.325758 -0.428378 -0.548162
  0.194354 -0.398302  0.103793  0.253964  0.320995  0.307     0.16301
 -0.044241  0.333159 -0.327279 -0.557547 -0.991476  0.239114]
[0.034972838016516516, -0.10014367399901414, 0.064977221329026863, -0.069306521156253353, -0.052496422307694579, 0.026457237206155972, 0.0015267353277954865, 0.0071707058960935877, -0.087122762556388622, 0.051556812036993818, 0.084133752485425845, 0.051894288275806472, -0.014406324227401152, 0.02909494739912824, -0.010041942860876063, -0.010503965445645719, -0.0061837134623426993, -0.011050609731984296, 0.02625869441068468, 0.024202400360933948, -0.04090377356114111, -0.04740688917749214, -0.0054433839253243826, 0.026663779386728315, 0.030886425881893616, 0.038998482626129857, -0.022502108733638393, 0.0067231110439450181, -0.0075712756393664371, 0.067036691508548546, -0.0038185605003061007, 0.017342740691529301, -0.042797850975612506, 0.073659301035654601, 0.04984510318673574, -0.0032577693163339805, 0.026672154181958767, 0.032031843281638772, -0.038803509895750155, 0.068937928269427073, -0.10209492352070082, 0.045549161577476988, 0.050549327142161184, 0.017310343400109993, -0.022248312430823591, -0.023919753239904085, -0.035233560448876933, 0.025913758285546436, 0.048861473274679323, -0.010645442891265344, 0.017326813863380225, 0.017110603550692438, -0.0058320869140113807, 0.048494272232311605, 0.025979779183520402, -0.0039668081074268405, -0.0012536931142097529, 0.057476438128963137, 0.011683394002409322, -0.013081525170504371, -0.051739420775700762, 0.059157724413672202, -0.0086503224229484421, 0.014488966187642144, 0.094041372444616619, -0.06002412438592785, -0.010338986312295795, -0.068425852441635349, 0.03099822012079656, -0.029606166842995552, 0.040279852477666189, -0.014126847918516816, 0.038943715783634814, 0.005573498823619405, 0.00092885243550755447, -0.029685545042780204, -0.0045268701785977639, 0.054371938446894197, 0.040850194099802506, -0.0053792476507018711, -0.063608442680552768, -0.0036701867273419286, 0.010850983021889526, 0.038868382828401445, -0.080939102139160723, -0.019571174354026777, 0.00082190035440110609, 0.020350169512189265, -0.025734204827852492, -0.0084885877542803315, -0.036938473806784389, 0.01692217919526201, -0.0047119381610598102, 0.0099839592002365918, -0.0080983504152538632, -0.052682439894992827, 0.032737706632958066, -0.036003933235031621, 0.035532048722978812, -0.022398382055108676]
('time: ', 12536.669706106186)
