“Running plot script on a single CPU core”
[ 0.328846 -0.915474  0.285982  0.268821  0.225512  0.329318 -0.231142
  0.319174  0.281822  0.283165  0.270838  0.314777  0.319517  0.196832
  0.168912  0.318061  0.332933  0.249486 -0.992778  0.318252]
[-0.211898  0.33163   0.331728  0.266093 -0.278079 -0.598005  0.276063
 -0.186526 -0.110542  0.082993 -0.583062 -0.188588  0.263274  0.268436
  0.11148   0.197757  0.326599 -0.194262  0.328809  0.332945]
[ 0.31692   0.229131 -0.031002 -0.65541  -0.366917  0.233883 -0.758158
  0.062585  0.317655  0.147546  0.333319  0.332296  0.108975 -0.402572
 -0.518737  0.301188 -0.595429  0.250799 -0.213139  0.244748]
[ 0.057074  0.331654 -0.751089  0.220612 -0.317872  0.318128  0.269135
  0.174668  0.276311 -0.953831  0.318695  0.328201  0.311301  0.068672
  0.096676 -0.481519  0.162109 -0.974049  0.244981  0.304623]
[ 0.333331 -0.139169  0.31558   0.113154  0.190142  0.310614 -0.032288
 -0.654844  0.259007 -0.134293 -0.072516 -0.940047 -0.045511 -0.19918
  0.251586  0.077982  0.21668   0.200453  0.019034 -0.999291]
[ 0.327253 -0.688548 -0.175037  0.095046 -0.311257  0.328259  0.134237
  0.107257  0.203786  0.117116  0.123197 -0.962588 -0.989527  0.142236
  0.175859 -0.571299  0.332942  0.3168    0.324543 -0.646114]
[ 0.034523 -0.278265  0.193466 -0.186332  0.297852  0.310406 -0.45976
  0.061695 -0.04156   0.187833  0.111986 -0.540854  0.240483 -0.387435
 -0.09709  -0.364918 -0.389703 -0.142105  0.312079 -0.976242]
[ 0.167294  0.268277  0.260726 -0.342751 -0.093783 -0.875802  0.331155
 -0.314231  0.328386  0.315414  0.321627  0.319827  0.129448  0.276993
  0.322764  0.131805 -0.795629 -0.144174 -0.920565 -0.181954]
[-0.293479 -0.291595 -0.633089 -0.496886  0.271659  0.298749  0.319623
  0.316583  0.178341  0.298625  0.258429 -0.359822  0.318141 -0.895415
 -0.188387  0.332844  0.332941  0.246443  0.084531  0.283707]
[ 0.323532  0.211448  0.33116   0.258983 -0.795714 -0.434177  0.247165
  0.316154  0.183709  0.322073 -0.577396  0.32908   0.146906  0.028219
  0.252109  0.074827 -0.168062  0.139308  0.123671 -0.645018]
[ 0.256366  0.033957  0.205956 -0.624983 -0.598184  0.27822  -0.91978
  0.161012  0.056542 -0.239385  0.277516 -0.070402 -0.708673  0.287399
  0.00527  -0.658755 -0.085907  0.096464 -0.916865  0.330511]
[ 0.327722 -0.041398 -0.126311 -0.234472  0.239589  0.331325 -0.780312
  0.296713  0.326623 -0.883115  0.308796  0.332875  0.254751  0.322746
  0.250076  0.322392 -0.051911  0.307629  0.033146  0.325857]
[ 0.267527 -0.139716 -0.54845   0.160911  0.258975 -0.504112  0.15385
  0.332742  0.283619  0.260614  0.26908   0.004508 -0.496387  0.325709
 -0.996418  0.1478   -0.825929 -0.575454  0.321523  0.294269]
[-0.021678  0.328091  0.139387  0.294476  0.162122  0.032481  0.313227
  0.203913  0.151734  0.267947  0.325472 -0.698544  0.288327  0.228947
 -0.003922  0.244889 -0.620672 -0.449754 -0.590189 -0.884272]
[ 0.322839  0.242389 -0.935211  0.137886 -0.626508 -0.998581 -0.876682
  0.320935  0.333061  0.331357 -0.570458  0.326331  0.287616 -0.009333
 -0.034782  0.006233  0.327888 -0.954433 -0.316294  0.094976]
[ 0.310984  0.311112  0.060048  0.230742  0.187476  0.331028 -0.755974
 -0.447418 -0.453579  0.295061  0.247522  0.287518  0.054522  0.240252
  0.243454  0.32709   0.128735  0.312127  0.333333  0.210316]
[ 0.132607 -0.500792  0.169631 -0.119882  0.333333 -0.067614 -0.387708
  0.243091 -0.691942  0.332608  0.120714  0.312495  0.249535  0.219904
  0.326553  0.319625  0.141609  0.244557  0.018252 -0.493854]
[-0.209901  0.209854  0.311062 -0.991897  0.322818  0.055695 -0.362583
  0.256488  0.010836 -0.585216 -0.099891  0.254929  0.271377 -0.992858
  0.229038  0.17593   0.197315  0.105502  0.301459  0.13868 ]
[ 0.31639   0.31568   0.013681 -0.007224 -0.910848  0.258034  0.269887
 -0.077084 -0.08602   0.13807   0.234814  0.279619  0.196234 -0.060994
 -0.389374  0.202282  0.09935   0.325649  0.164444 -0.555766]
[-0.498676  0.274794  0.322438  0.276285  0.211007  0.262184 -0.48153
  0.236596  0.242326 -0.298336 -0.229435 -0.385907  0.328904  0.253861
  0.155144  0.329831  0.188147  0.333055  0.333217  0.191126]
[-0.350112  0.306421  0.223635  0.278111 -0.6322    0.153101  0.244799
  0.143525  0.275096  0.245837  0.329466  0.054114 -0.978587  0.162431
  0.268441  0.216666 -0.034702 -0.958456  0.300525  0.13154 ]
[-0.784794  0.221901 -0.032792  0.286501  0.301313 -0.106521  0.30182
  0.333333 -0.01585   0.229613 -0.217674 -0.510742 -0.082561  0.282529
  0.327025  0.321112 -0.972894  0.076172 -0.901328 -0.790921]
[ 0.302221  0.29827   0.231079  0.333195 -0.087693  0.174971  0.131722
  0.331865 -0.159404  0.329653  0.042278  0.323323  0.271096  0.3332
 -0.049885 -0.999856  0.284479  0.146886  0.300876 -0.190604]
[ 0.30172   0.294791  0.296947 -0.213541  0.322814  0.308844  0.304268
  0.240083  0.330099  0.280508  0.039052  0.333251  0.269558 -0.246324
  0.300061  0.252244 -0.456537  0.081011  0.278132  0.312826]
[ 0.296423 -0.377063 -0.828775  0.160138  0.265476 -0.898463 -0.089647
  0.247771 -0.923036  0.191713  0.099075  0.265495  0.287333  0.33274
  0.315423  0.332982 -0.639223  0.323134  0.304037 -0.472976]
[ 0.333321  0.26047   0.233844  0.13162   0.323708  0.227956  0.068167
  0.298513  0.174942  0.213668 -0.108198  0.307024  0.325567 -0.983323
  0.059529 -0.516192  0.329086 -0.480839 -0.695466  0.33304 ]
[ 0.305664  0.330652  0.091415  0.332079 -0.75316   0.330869  0.082263
 -0.930405 -0.492129  0.229085  0.240709 -0.139311  0.21178  -0.397594
 -0.199101  0.029085  0.017634 -0.776161  0.328022  0.04479 ]
[-0.793329 -0.574636  0.332737  0.197184  0.311067  0.2627    0.27498
  0.301293 -0.320541  0.283061 -0.841529 -0.218893  0.311902 -0.999986
  0.331102  0.305678  0.331648  0.109607 -0.542839  0.323477]
[-0.999933  0.298382  0.249537  0.18457   0.228535 -0.220269  0.289737
 -0.795215  0.194082  0.086027  0.332641 -0.322481  0.33309  -0.459354
 -0.544906 -0.135767  0.308961  0.151905  0.320896 -0.123137]
[-0.190169  0.223604 -0.673973  0.169073 -0.034435  0.32802   0.055992
  0.331127 -0.742856 -0.078132  0.180594 -0.206084  0.307506 -0.995351
  0.28728   0.309194  0.100412  0.066404  0.135271  0.302051]
[ 0.152703  0.288469  0.308023  0.155134 -0.899561  0.255103 -0.377447
  0.185594  0.097308  0.19553  -0.587358 -0.211735  0.128298  0.161622
  0.311982  0.068821  0.322027  0.246287 -0.716263  0.333061]
[ 0.043853 -0.14486  -0.678971  0.332264  0.333196  0.320101 -0.995271
  0.251701 -0.663461 -0.426896  0.311061 -0.328504  0.318331  0.327005
  0.324144 -0.22205   0.333011 -0.830119 -0.461025 -0.527745]
[-0.98597   0.311802 -0.788299 -0.371506  0.279167  0.320357  0.290136
 -0.373982 -0.461611  0.137633  0.31153  -0.905339  0.285065  0.325188
  0.10832   0.307218  0.142906  0.278938  0.159317  0.33333 ]
[ 0.263132  0.310223  0.314651  0.159591  0.169858  0.225641 -0.613964
 -0.604611  0.280381  0.312402  0.30456   0.013034  0.26993  -0.820593
  0.300887  0.296089 -0.566789 -0.079574  0.080031 -0.599125]
[ 0.193884  0.33116  -0.091756  0.324089  0.107792  0.116737 -0.26207
  0.135078  0.280812 -0.012002  0.283348 -0.313174  0.054587  0.290194
 -0.078421  0.294976  0.122261  0.247525  0.174464 -0.099645]
[ 0.33113  -0.638657 -0.061295 -0.001661  0.332298  0.040665 -0.10417
 -0.874828  0.212726 -0.837357  0.324444  0.284443  0.325015  0.231594
  0.333134  0.09338  -0.090359 -0.092667 -0.083025 -0.344421]
[ 0.164026  0.333003  0.120599 -0.597354  0.32038  -0.771474  0.313892
  0.077152 -0.781438 -0.556623  0.257981  0.226228  0.333141 -0.863011
  0.324315  0.176781  0.331748  0.325467 -0.932921  0.333297]
[ 0.263657  0.325551  0.274274  0.28039  -0.048616  0.328156 -0.991852
  0.302035  0.208536 -0.028516  0.01933  -0.254975  0.320195 -0.879499
 -0.163324  0.173858 -0.986708 -0.906684  0.075486 -0.336129]
[ 0.252652 -0.595108  0.011182  0.321266  0.146956 -0.523761  0.232791
  0.296212  0.19539   0.23998   0.320293  0.332108  0.287314 -0.264317
 -0.246758  0.090488 -0.494852  0.096609  0.179635  0.33236 ]
[ 0.325451  0.28938   0.330923 -0.201949  0.311806 -0.268541  0.323835
  0.315547 -0.092966  0.147535  0.174059  0.109845 -0.234913 -0.372824
  0.182708  0.299452  0.245201  0.331533  0.298338  0.307425]
[ 0.29206   0.023862 -0.228362 -0.561557 -0.076114 -0.632501  0.328268
  0.271624  0.185925 -0.159154 -0.424963  0.25429  -0.427643  0.224043
  0.018618  0.163205 -0.548375  0.308743  0.121187  0.027467]
[ 0.333184  0.328557  0.313741  0.33066  -0.062054  0.251432 -0.029235
 -0.994059 -0.653104  0.318691  0.276541  0.049344  0.028468  0.033007
 -0.667994  0.298103 -0.475323 -0.620265 -0.066366  0.290787]
[ 0.295938 -0.709151  0.323945  0.017357  0.326604  0.333275 -0.5833
  0.108859  0.261424  0.275433 -0.261233  0.291586  0.326436 -0.949742
 -0.611195  0.326766  0.223301  0.17185   0.328797 -0.972718]
[ 0.208535  0.301745 -0.977171  0.332871  0.036775  0.201136 -0.651026
  0.211137  0.157724 -0.009395  0.295114  0.053118 -0.546643 -0.892523
  0.310003 -0.462101  0.332025 -0.37379   0.333202  0.211321]
[-0.675197  0.239118 -0.227637 -0.587064 -0.203153  0.107795  0.121682
  0.308908 -0.553373 -0.215396  0.111006  0.005359 -0.921117  0.16807
 -0.168944  0.09399   0.280601 -0.892062  0.288132  0.330829]
[ 0.333317  0.267436  0.302519  0.221654  0.281832 -0.602059 -0.927587
  0.301195 -0.526135  0.315484  0.104399 -0.042961 -0.608295  0.217598
 -0.008272 -0.253906  0.24808  -0.325172  0.328889 -0.486719]
[ 0.207739  0.32681   0.330218  0.013544  0.311681  0.070599 -0.479343
 -0.488146 -0.903728  0.047361 -0.223469  0.274152 -0.247679  0.099935
  0.200418  0.332021  0.3296   -0.807698  0.267899  0.209361]
[-0.512283 -0.346194 -0.537231  0.325357  0.323573  0.200852  0.330588
  0.192673  0.251917 -0.901954  0.271241  0.245952  0.321692 -0.025238
  0.254289 -0.376035  0.004517 -0.935909  0.333325  0.272195]
[ 0.087869  0.325025 -0.419388  0.280339 -0.069388  0.220371  0.300407
 -0.790721 -0.248064 -0.513786  0.198552  0.294908 -0.168951  0.278939
  0.191793  0.331548  0.296645  0.231535  0.291512  0.070088]
[-0.238867 -0.21654  -0.203813  0.183148 -0.373968  0.029461 -0.39459
  0.327765  0.09371   0.315631  0.204431  0.329457 -0.071902  0.293768
  0.264984  0.042546  0.321976  0.268415 -0.177127  0.304278]
[-0.183352 -0.298788  0.188396  0.198849  0.305373 -0.97408   0.230497
  0.321874  0.090384  0.128914  0.332353  0.276706  0.333026  0.296158
 -0.999731  0.245876  0.185383 -0.995377  0.019384  0.299293]
[ 0.333172 -0.30984   0.213399  0.330557  0.092223  0.320857  0.328555
  0.312727  0.136813  0.15948   0.206008  0.024526  0.113841 -0.996735
 -0.597062 -0.971386 -0.69764   0.276005 -0.19647   0.009549]
[-0.998371  0.293405  0.165817  0.332446  0.082745 -0.892866  0.331076
  0.320652  0.318009  0.280016  0.332548 -0.498563  0.04759  -0.122564
  0.323133  0.195938 -0.949389 -0.632152  0.33332   0.10099 ]
[-0.133374 -0.001334  0.036535  0.291656 -0.883851  0.333015  0.229434
  0.206413 -0.439506  0.107389  0.332055  0.333333  0.192653 -0.189755
 -0.007297  0.328593 -0.020424  0.123183  0.282622  0.320596]
[-0.191969  0.236204  0.295788 -0.23265   0.236653 -0.131063  0.210766
  0.068624 -0.256916  0.275966  0.036935  0.103904  0.134027  0.317109
 -0.029001  0.263281  0.322301  0.331609 -0.00313   0.087253]
[ 0.171299  0.012282 -0.334605  0.311443 -0.887021 -0.795046  0.240662
  0.088031  0.186845 -0.931927 -0.284086  0.18168  -0.230187  0.332596
  0.242297  0.333155 -0.250647  0.07541   0.201016  0.323789]
[ 0.122043  0.199517  0.14214   0.313488  0.246496 -0.981576  0.094495
  0.021736  0.131893 -0.258319  0.161641 -0.288052  0.031938 -0.999999
 -0.995256 -0.285041  0.253423  0.333173 -0.775581  0.304259]
[-0.643559  0.073437 -0.151247 -0.418019  0.33084   0.121763  0.246971
 -0.088164 -0.64604   0.315512  0.240531 -0.528747  0.313726  0.33215
  0.19452   0.28174   0.275801  0.119991  0.146283  0.200919]
[ 0.332032  0.048157  0.331284 -0.912865 -0.491746  0.147826 -0.916114
  0.333306  0.320924  0.332293 -0.960327 -0.145008 -0.585753  0.320743
  0.256476 -0.296898  0.121432 -0.394445 -0.094748  0.284841]
[-0.800764  0.278045  0.31994   0.222992  0.039771 -0.095389 -0.277652
  0.317239  0.333226 -0.222016 -0.199849 -0.618397 -0.200279 -0.074824
 -0.056377  0.281296  0.326527 -0.065522  0.110375 -0.096172]
[ 0.137533  0.203288  0.1987   -0.569374 -0.40483   0.205714  0.209563
 -0.027712  0.32102  -0.189163  0.333284  0.180201  0.217224  0.299537
 -0.484098 -0.254502  0.258058 -0.151875  0.118113  0.126529]
[ 0.237946  0.215676 -0.828702  0.326287  0.333269  0.055149 -0.812431
  0.300224  0.307262  0.27651   0.174908  0.332896  0.281556 -0.341085
 -0.643664 -0.356419  0.209998 -0.251     0.232017  0.242366]
[ 0.182018  0.33298  -0.173572  0.333327 -0.316947  0.282492 -0.163511
  0.330998  0.009007  0.216456 -0.446     0.299166  0.310451 -0.933507
  0.246543  0.177607 -0.712735  0.314471 -0.189109 -0.472079]
[ 0.253395 -0.023019  0.330098  0.332741  0.288096  0.321797  0.029244
  0.082326  0.308567 -0.539841 -0.827565  0.300344  0.29327  -0.994143
  0.317863 -0.863353 -0.009195  0.187823  0.317829  0.044095]
[ 0.322585 -0.671954  0.242091 -0.257594 -0.287279 -0.598862  0.289983
  0.208155  0.194979 -0.992074  0.33177   0.327099  0.314828 -0.030127
  0.304759  0.32088   0.216114 -0.758244  0.174842 -0.554768]
[-0.257216  0.22763   0.319212 -0.093187  0.237579  0.293041  0.322056
  0.117727 -0.055001 -0.045498  0.318113 -0.980104 -0.741891  0.332263
  0.316258  0.038836 -0.030797  0.333303 -0.210182  0.328641]
[-0.68293   0.326028 -0.180301 -0.154735  0.063538  0.049499  0.149152
  0.217568 -0.04231   0.325919  0.185639  0.33327  -0.767956 -0.556589
 -0.021305  0.332146 -0.461459 -0.858155  0.321262  0.274291]
[ 0.271204 -0.349567 -0.131282 -0.08662   0.010154  0.318395 -0.363716
 -0.27882   0.259193 -0.599479 -0.870456  0.041953  0.333332  0.093794
  0.121662  0.205505  0.307813 -0.748533 -0.110289  0.333322]
[ 0.333168 -0.496796 -0.256171 -0.895146  0.204304  0.300851  0.213546
  0.204246  0.333251  0.25577   0.258719 -0.673237  0.284363  0.333257
  0.333306  0.048281  0.244941  0.299626 -0.940953  0.061168]
[ 0.251355  0.279487  0.333252  0.331598 -0.575866  0.063248 -0.349688
  0.331323  0.251044  0.323687  0.326943  0.032699 -0.61192  -0.841753
  0.304278 -0.088509 -0.72981   0.333039  0.228443  0.212044]
[ 0.330314  0.30786  -0.257587 -0.048048  0.143677  0.269429  0.178893
  0.321123  0.303268  0.331766  0.31795  -0.486772  0.29936   0.327043
  0.167289 -0.899494  0.21154  -0.582848  0.311145 -0.501765]
[ 0.088348  0.247472  0.313499 -0.99901   0.331884  0.161644  0.235977
 -0.31641   0.169981 -0.22198  -0.07437  -0.10429  -0.909029  0.332167
  0.31677  -0.667901 -0.069812 -0.958423  0.115635 -0.557773]
[-0.250106  0.023224  0.276632  0.264993  0.300971  0.116271  0.326715
  0.009351 -0.545231  0.159976  0.056392 -0.064312  0.094626 -0.942201
  0.246038 -0.944328  0.322636  0.303913  0.332343  0.263832]
[ 0.194915 -0.816102  0.205705  0.248386  0.317383 -0.667004  0.108794
  0.287277  0.170245  0.307278  0.0878    0.256917  0.325101  0.133738
  0.319769 -0.864032  0.308496 -0.35085   0.309462  0.327357]
[ 0.260583 -0.580009 -0.273075  0.307333  0.209658  0.201666  0.255831
  0.238324 -0.174788  0.231208 -0.575876  0.332691  0.242963  0.33297
 -0.703505  0.173707 -0.290913  0.30659   0.321808  0.328029]
[ 0.329438 -0.671482  0.30217  -0.585596  0.28167   0.317814 -0.99999
  0.079393  0.323148  0.287929  0.332221  0.332877 -0.859503 -0.136311
  0.272369  0.208129 -0.930372  0.164472  0.171833  0.279991]
[-0.75176   0.29974   0.310402 -0.213181  0.118084 -0.979432  0.309524
 -0.053701  0.039336  0.22374   0.293825  0.311722  0.307212 -0.206488
  0.269406 -0.989688 -0.246998  0.151948  0.073962  0.117424]
[-0.215091 -0.50873  -0.851766  0.261117  0.320419  0.331307  0.140528
  0.306679  0.290812 -0.522421 -0.0951    0.322797  0.296183  0.1677
 -0.627004  0.322214  0.284088 -0.054462  0.305063 -0.995341]
[-0.945915 -0.797348  0.293174  0.333314  0.221701  0.307154 -0.497892
 -0.572788 -0.992787  0.325895  0.331577  0.328165  0.288697  0.318051
  0.187015 -0.181333 -0.271324 -0.692841  0.262006  0.313983]
[ 0.327115  0.318914 -0.368202  0.171438 -0.614674  0.331127  0.14951
 -0.437711 -0.348234 -0.688596  0.232839  0.090434  0.330187  0.332686
 -0.467949  0.162525 -0.103644  0.001191  0.330567 -0.455724]
[-0.750993 -0.340535  0.270374  0.333319 -0.787114  0.17126   0.290638
 -0.649836  0.3318    0.229833  0.310211 -0.559564  0.312131  0.263438
 -0.173877  0.32605  -0.397705  0.31419   0.329936  0.318385]
[ 0.195787  0.299887 -0.230172  0.308293  0.274294 -0.157694  0.282139
  0.316885  0.330589 -0.615402  0.169301  0.220079  0.213814  0.31042
  0.177004  0.327796 -0.08191  -0.266073 -0.539429 -0.626502]
[-0.192493  0.319992  0.086783  0.305034  0.289827 -0.89492   0.175174
  0.333093  0.330359 -0.664677  0.27973   0.332815 -0.282554  0.298051
  0.240454 -0.987004  0.150698  0.183027  0.331871  0.108805]
[ 0.125194 -0.120107 -0.936634  0.201901 -0.324882  0.302632  0.318834
  0.318472 -0.319363 -0.975505  0.32426   0.11921   0.251433  0.332447
  0.333327  0.183878  0.311434 -0.866295  0.276955  0.038754]
[ 0.328794  0.331679  0.266513  0.086773 -0.435145 -0.095131  0.278093
  0.127916 -0.101128  0.182098  0.294952 -0.01964  -0.023896  0.088982
 -0.102163  0.309628  0.312635  0.33143   0.239733 -0.271502]
[ 0.036646  0.297887 -0.300787 -0.515747 -0.477636  0.302825 -0.271341
 -0.37545  -0.059682  0.322779  0.319647 -0.460133 -0.060058  0.157453
  0.221723 -0.317108 -0.163365  0.257393  0.333217  0.33213 ]
[ 0.238053  0.328929 -0.371471 -0.388237  0.306802  0.313928  0.326669
  0.301226  0.304501  0.229934 -0.535887 -1.        0.308135  0.276623
  0.306337  0.12226   0.103675  0.318197  0.160764  0.264733]
[ 0.186839 -0.407178  0.273802  0.096717  0.159111  0.192282 -0.525148
  0.189392 -0.895507  0.257244  0.298256  0.259579  0.271156 -0.686938
  0.288404  0.274041 -0.135544 -0.179283  0.084488  0.311517]
[-0.11659   0.30013   0.292741  0.29786   0.226001  0.058168  0.332926
  0.256387  0.012782  0.312826  0.252776  0.283272  0.285913 -0.347216
 -0.44008   0.092562  0.319693  0.31081  -0.293595 -0.46299 ]
[ 0.290368  0.305126  0.314607  0.282505 -0.98078   0.282839  0.117541
  0.333068  0.214997  0.315038  0.322314  0.105145  0.308803 -0.681721
 -0.082236  0.225095  0.328263  0.144357  0.325693 -0.168885]
[ 0.313768  0.304571  0.333201  0.274591  0.320766 -0.997693  0.321908
  0.323435  0.261938 -0.870722  0.250766 -0.479344 -0.480246  0.332836
  0.046299 -0.672237  0.3315   -0.111406 -0.073701 -0.645045]
[ 0.332343  0.142556  0.302953  0.305226  0.150234  0.301446  0.006915
 -0.60796   0.094437  0.314363 -0.79669   0.09501   0.324161 -0.311257
  0.220325  0.08722   0.307383  0.333275  0.295643  0.206591]
[ 0.142932  0.105972  0.242287  0.32713   0.146111  0.333026  0.172581
 -0.95165   0.325044  0.208509  0.209455  0.301358 -0.86414   0.138468
  0.289929 -0.039521  0.252798 -0.682294  0.328225 -0.963686]
[ 0.248103  0.212249  0.167532 -0.001737  0.160669  0.309533 -0.584348
  0.160419  0.331099  0.319915  0.219223 -0.598861  0.299537 -0.970344
 -0.498933  0.028558  0.069605  0.32726   0.32082  -0.26895 ]
[ 0.280771 -0.986676 -0.223561 -0.310645 -0.483624 -0.718394  0.329215
  0.328176  0.316443  0.288836 -0.608941  0.117148  0.300751  0.326434
  0.128697  0.279264  0.229913  0.280697  0.332567  0.329029]
[ 0.304612  0.310451  0.316746 -0.670104  0.029116 -0.946933  0.205926
 -0.857623 -0.335356  0.312444  0.268778 -0.167881  0.150866 -0.312541
  0.285981  0.219137  0.23646  -0.132663  0.234244  0.301613]
[ 0.065131  0.291799  0.031418 -0.030083  0.179599 -0.094143  0.315764
  0.293011 -0.289841  0.223525  0.284007 -0.650812  0.313049  0.224287
  0.25142   0.207286  0.260475  0.322501  0.1003   -0.691843]
[ 0.069015 -0.377873  0.332164 -0.715631 -0.197083  0.316643 -0.177171
 -0.140104  0.299731 -0.135501 -0.999086  0.311121  0.273319 -0.997399
  0.152151 -0.012558  0.331279  0.281898 -0.01855   0.155322]
[-0.016215  0.26836  -0.371217  0.049269  0.113655  0.331911 -0.49489
  0.326918  0.042212  0.215787  0.326913  0.299954  0.037174  0.293218
  0.258316 -0.047701 -0.306256  0.317804 -0.837905  0.025344]
[ 0.328376  0.210328 -0.093447  0.293974  0.113399  0.286074 -0.085931
  0.071721  0.053211 -0.896298  0.188647 -0.904791  0.328811  0.305366
  0.251263 -0.111156  0.231865  0.294673  0.308417  0.239109]
[-0.00058114145026449959, 0.040830918157635704, 0.096941255312620128, 0.02538978088192894, -0.0074022447423544024, 0.04028783949561815, -0.0065569374419752191, -0.061724040668414443, -0.0071869433311105291, -0.0089033393945860961, 0.016483540902826638, 0.071659921111741243, -0.027332234783403131, -0.0053490166861554812, 0.11263967076976006, -0.0024575115073515175, 0.031799624290809805, 0.01828385166833324, -0.013095033402328315, 0.032337416627192916, 2.7587359162195568e-05, -0.066012857863198438, 0.091757745339418495, 0.076425586910471327, 0.027562624462846241, 0.023456013566084122, 0.011105081966108377, -0.055590339443913783, 0.043451359229061182, -0.040733768885008709, -0.0067505115697613083, 0.050480408067843624, -0.021698653178361949, 0.022810039768668938, 0.048453410563486343, 0.05128265745296684, 0.070924107550459414, 0.055694406428644261, 0.063392963240755579, 0.03690401765632495, 0.070640879604927931, -0.0060207858072547915, -0.0072159817874067889, 0.037954991848787756, 0.012108459540918548, 0.053693264642984795, -0.0088276569759972445, 0.011133129163705568, 0.034391106490097779, 0.0048066561922232853, 0.029783536893447315, -0.065829266492992033, -0.019312508722086452, -0.014829154964097063, -0.013630984163632481, 0.079784079489797669, 0.047265285905261037, -0.0084482991928322981, -0.00319250012859007, -0.0053469025588912533, 0.00046487692287752735, -0.021564871992043461, 0.061140919876215477, 0.043475682558434176, 0.039707752001906294, -0.021685979620197637, 0.019198360425088379, 0.033905315307237699, 0.034763924317588513, 0.092190061156814468, 0.0047395442838938928, 0.035705460143829477, 0.031629412488108077, 0.13955858292153939, -0.036874184334129478, -0.0025784839125112535, 0.023296824690894891, 0.024196529550081863, 0.03570868203073474, 0.15455926952539237, 0.0047568488659032182, 0.041543304078646009, 0.017501174601351643, 0.0033380674138209915, 0.089416226878583249, -0.00043201384319178221, -0.011374768502648791, 0.045847449943168167, -0.00092356422697358054, 0.0080753214800476925, -0.024810633210640143, -0.030046851567040178, -0.038474583006282176, -0.046555069428898532, -0.032804203439456392, 0.057218080347488209, 0.0080621544238740628, -0.032344252797757989, 0.033490493145177588, 0.021981245614549061]
('time: ', 8955.64828300476)
