“Running plot script on a single CPU core”
[ 0.19151   0.300307 -0.056327 -0.036746 -0.019968  0.271284  0.146841
  0.326373  0.330116 -0.418572  0.325823  0.076005 -0.999925 -0.470923
  0.015114  0.218889 -0.733438  0.253044  0.133167 -0.015465]
[ 0.333322  0.320829 -0.961441  0.13987   0.170651  0.212774  0.322128
  0.309711 -0.752208  0.327784 -0.979377  0.269649  0.248055  0.306561
  0.221736  0.106066 -0.107212 -0.200604  0.283681 -0.063383]
[ 0.225945  0.260706 -0.931765  0.248527 -0.231411 -0.413415  0.133327
  0.126087  0.070708  0.318029  0.268315  0.329163 -0.978257  0.322844
 -0.610812 -0.484045  0.331683 -0.150153  0.272943  0.332761]
[-0.982669  0.325315 -0.926411  0.287388 -0.033175  0.166128  0.246214
 -0.406636  0.299599  0.176928 -0.624462  0.319786 -0.108754  0.200729
  0.277784 -0.759872 -0.918283  0.317646  0.263536  0.192893]
[ 0.306461  0.313724  0.133542  0.278581 -0.921576 -0.02305   0.020449
  0.193901  0.27496   0.029215  0.059528  0.121431 -0.515325  0.091566
  0.062101  0.264911  0.234924  0.320928  0.330879 -0.998264]
[-0.33789  -0.697788  0.325516  0.323542 -0.131778  0.222548  0.24274
  0.329562 -0.941115  0.2298    0.328359  0.166748  0.296618  0.315659
 -0.210434 -0.282033  0.068634 -0.561477 -0.369363  0.313479]
[ 0.124966 -0.427541  0.105159  0.03948   0.141541  0.328054  0.330739
  0.294493 -0.141094 -0.852144 -0.853109  0.247757  0.332072  0.297106
 -0.75141   0.333217 -0.69934   0.263494 -0.061753  0.223843]
[ 0.244815  0.331393 -0.202775  0.098959 -0.456623 -0.111165  0.314046
  0.188627 -0.668562  0.234513  0.162962 -0.837301  0.0849    0.268974
  0.292233  0.330611  0.15554   0.315698  0.195918  0.308901]
[-0.168519 -0.147004 -0.187337 -0.032811  0.244022  0.303011  0.33306
  0.185814 -0.214222  0.328888  0.1199    0.333059 -0.802226  0.298467
  0.221109  0.333323  0.214406  0.313275  0.323844  0.257085]
[-0.814046  0.288719  0.283783  0.317365  0.333081  0.169419  0.331493
  0.330274 -0.03474  -0.212393  0.282769  0.229561  0.123822  0.203929
  0.329052 -0.477499 -0.383109 -0.950392  0.217433  0.303901]
[ 0.240888 -0.018446  0.276305 -0.822735  0.107172  0.301092  0.267291
  0.143104 -0.03611   0.313014  0.234198  0.32399   0.124612  0.288451
  0.332783  0.184766  0.216982 -0.905046 -0.296531  0.137369]
[ 0.083548 -0.934822  0.333148  0.294352 -0.856799  0.294894  0.279444
  0.140882 -0.969769  0.13391   0.283271  0.235953 -0.133399  0.295512
  0.12286   0.269715 -0.538859  0.310532 -0.570286 -0.187594]
[ 0.329628 -0.007165  0.304805  0.288058 -0.77952   0.322001 -0.192952
 -0.547721 -0.996171 -0.079523  0.243986  0.313638 -0.019621 -0.045159
  0.330549  0.330743  0.330888  0.231258  0.319245 -0.653684]
[ 0.328814  0.331549 -0.151774 -0.592882  0.317056  0.128283  0.041978
 -0.077671  0.31333  -0.961207 -0.114319  0.025066  0.295513  0.305228
  0.296505 -0.874114 -0.009     0.156313  0.272845  0.332547]
[ 0.317671  0.193663  0.047387  0.289211 -0.892901  0.169243  0.3319
  0.264043  0.105423 -0.551966  0.32551  -0.741252  0.2102   -0.672147
  0.236956  0.298876  0.055523 -0.104864  0.327987  0.288735]
[ 0.161206  0.262374  0.314815 -0.072883  0.297947  0.067025  0.031004
  0.25514  -0.616283 -0.103376  0.329896  0.078388 -0.045783 -0.992132
 -0.980305  0.308697 -0.052492 -0.028426  0.170431 -0.128985]
[ 0.285226  0.117891  0.257422  0.280133  0.332095  0.127713 -0.186298
 -0.509293 -0.398738  0.209764  0.261767  0.194855  0.193888 -0.713278
  0.283016  0.253641  0.287268  0.193947  0.130763  0.199748]
[ 0.257778 -0.636791  0.330107  0.269087 -0.699446  0.257587  0.292777
 -0.994431  0.330394  0.331875  0.020138  0.322594  0.333305 -0.999634
  0.059415  0.330989  0.065445  0.127181  0.333159  0.311687]
[ 0.316512 -0.126728 -0.575072  0.303218  0.290057  0.252212  0.3272
  0.272323  0.234581 -0.78374   0.291001  0.318465  0.319374  0.32018
  0.287063  0.204344 -0.460588 -0.542663 -0.822493  0.332934]
[ 0.333033  0.257155  0.246292 -0.105197  0.332097  0.310869 -0.696152
  0.115379 -0.841268 -0.348156  0.32981   0.081257  0.291905 -0.06169
 -0.08393   0.026272  0.105355  0.323345 -0.48344   0.26486 ]
[-0.425118  0.051764 -0.718408 -0.730496  0.146246  0.239605  0.075985
  0.242425  0.333272 -0.786436 -0.382894  0.166214  0.251806 -0.06558
  0.318411  0.319163  0.149545 -0.969162 -0.0478    0.327376]
[ 0.22985   0.078887  0.159701  0.305189 -0.432006 -0.258477  0.30048
 -0.257299  0.22479   0.181429  0.258819  0.323146  0.209515 -0.947416
 -0.147084  0.023898 -0.066296 -0.661438 -0.018048 -0.694   ]
[ 0.31833   0.268707 -0.337755 -0.730882  0.302143  0.255206  0.032568
 -0.789388  0.108311 -0.464579 -0.003023  0.015949  0.315557  0.174151
 -0.557327  0.029789 -0.031141  0.323223  0.273722  0.293326]
[ 0.259079  0.075086  0.266473  0.216467  0.208142  0.012049  0.31993
 -0.065482  0.332491 -0.451358  0.252659  0.165276  0.169126  0.197064
  0.329483 -0.445781  0.305052 -0.038819  0.28743  -0.07068 ]
[-0.306086  0.333199 -0.165015  0.328406  0.213498 -0.04801   0.218229
 -0.870127  0.257274  0.133722  0.312542  0.22238  -0.912605  0.275454
  0.33318  -0.321575  0.319622  0.319231 -0.65826  -0.14104 ]
[ 0.30367   0.210203  0.332942 -0.452136 -0.983959  0.333303 -0.313941
  0.288317 -0.741331  0.309256  0.333073  0.327268  0.253994 -0.051555
  0.323368  0.030657 -0.899164  0.198013 -0.017069 -0.418766]
[ 0.076274  0.239516 -0.283827  0.043221  0.29814   0.121626  0.305053
  0.272047  0.28829   0.306776  0.329281 -0.372548  0.077496  0.329797
  0.091045  0.2392    0.318157 -0.001913 -0.999383  0.254515]
[ 0.321268  0.260378  0.328764 -0.930136 -0.98737   0.229941  0.326522
 -0.103366  0.141739 -0.873149  0.332655  0.199721  0.329007  0.255221
 -0.074192  0.309625  0.298826 -0.94254   0.313872 -0.650091]
[-0.505648  0.214419  0.169594  0.259681  0.039526 -0.217876  0.209428
 -0.182085 -0.650189 -0.194244  0.261767  0.326942 -0.357288 -0.462353
  0.233773 -0.014103 -0.735497  0.332779  0.177018  0.287461]
[-0.053157 -0.026929  0.318308  0.326174 -0.329386  0.260339  0.307294
 -0.312449 -0.244253 -0.7069    0.305924  0.327998  0.31772   0.025923
  0.122074  0.217299 -0.92457   0.292527 -0.763737  0.312323]
[ 0.050778  0.188098 -0.729322  0.206668  0.324663  0.329729 -0.975657
 -0.447215 -0.867928  0.053194 -0.977723  0.233836  0.319583 -0.660303
  0.328263 -0.503162 -0.674994  0.085249 -0.633079  0.267426]
[ 0.327937  0.136578  0.314968  0.298448 -0.083842  0.329656  0.021634
 -0.428676  0.317355  0.104015  0.333296  0.295685  0.265336 -0.329559
  0.332801 -0.145893 -0.947092  0.330994  0.067635 -0.119246]
[-0.152542  0.243535  0.301097 -0.685453  0.324618  0.239744 -0.14178
 -0.198284  0.318026  0.065644  0.333303  0.264187  0.329299  0.298083
  0.31808  -0.995716  0.326206 -0.965861  0.164131  0.295084]
[ 0.332092  0.332452  0.005899  0.288353  0.143164 -0.385711  0.31644
  0.278947 -0.345999  0.317415 -0.651707  0.253242  0.116383  0.212436
 -0.949885  0.286804 -0.086979  0.17205   0.330674  0.15833 ]
[-0.924611  0.3173   -0.999318  0.136473  0.072456  0.27852   0.239731
 -0.835064  0.324002 -0.694225  0.301716  0.333105 -0.190817  0.068792
  0.323569  0.320076  0.331808  0.254422 -0.813786  0.257612]
[ 0.28144  -0.688967  0.128717 -0.024169 -0.186785 -0.172322  0.097877
 -0.198449 -0.948037  0.107866 -0.531949 -0.589206  0.331974 -0.028346
  0.324178  0.32892  -0.748452  0.251277  0.086949  0.283066]
[ 0.082476 -0.19686   0.181543 -0.595383  0.255665  0.239822 -0.252732
 -0.737077 -0.736688  0.083619  0.13588   0.092256 -0.997015  0.323807
  0.294293 -0.261461 -0.728166  0.294657  0.068623  0.021718]
[ 0.072794 -0.340877  0.126511  0.323399 -0.542865  0.277504 -0.909004
  0.09946   0.213538 -0.966077 -0.040081  0.303996  0.286193  0.328712
  0.288604  0.14365   0.324469  0.326894 -0.409191 -0.018131]
[ 0.142949  0.315061 -0.249329  0.330169  0.332983 -0.524369  0.29144
 -0.753706  0.02347   0.2114   -0.418594 -0.222179 -0.538092  0.197979
  0.333332 -0.191598  0.258525  0.113269 -0.305205  0.191957]
[ 0.328458 -0.041876  0.254858  0.003403 -0.027314  0.146845  0.256707
  0.257408 -0.998152 -0.143142 -0.097909 -0.311819  0.329238  0.324178
  0.290192  0.052577  0.046349  0.306869  0.314184  0.319256]
[ 0.154907  0.322892  0.333197  0.281892  0.104986 -0.992489  0.320506
  0.329346 -0.465423 -0.38998  -0.339268  0.325087 -0.22381  -0.050554
 -0.147061  0.295387 -0.073643  0.263745  0.319017  0.293919]
[-0.098057  0.305869  0.069689  0.333324  0.328824 -0.935466 -0.485961
  0.290505 -0.017324  0.204278 -0.861498 -0.124105 -0.347424 -0.494447
  0.242859  0.294652  0.148612 -0.579963  0.213834  0.034032]
[ 0.214075  0.33245   0.29768  -0.02107  -0.627403 -0.005804  0.262479
  0.327095  0.328917  0.305115 -0.016456  0.30589  -0.464474 -0.044817
 -0.696832  0.280471 -0.463516  0.314717  0.219675 -0.983448]
[ 0.332766  0.01259  -0.16323   0.258198  0.217879  0.332896 -0.732836
  0.331371  0.097346  0.296616  0.316907 -0.901815  0.033694 -0.162378
 -0.938767  0.174807  0.226639 -0.137924  0.020426  0.179186]
[  5.003505e-02  -7.189414e-02  -6.915209e-04  -8.396851e-02   2.180681e-01
   2.399642e-02   2.724728e-01   1.936219e-01  -1.158845e-01   2.058894e-01
   3.291767e-01   2.339340e-01  -3.279456e-02  -5.623778e-01   2.213380e-01
   3.236537e-01   3.249285e-01  -2.970866e-01  -9.994809e-01  -5.856414e-02]
[ 0.06956   0.263955  0.292757 -0.05862   0.25959   0.328833  0.195879
  0.331854  0.298708 -0.180644 -0.887391  0.142624  0.28121   0.332306
  0.327673 -0.146327 -0.646622  0.188421  0.330984 -0.389662]
[ 0.300791 -0.164698 -0.066119 -0.400771  0.282293  0.310613  0.281335
  0.060513  0.32047   0.32148   0.322949 -0.768478 -0.257774 -0.337884
  0.306069  0.33057   0.012146 -0.267129  0.238459 -0.160053]
[ 0.328739  0.326097  0.232473 -0.956508 -0.486647 -0.167066 -0.002373
 -0.447173  0.322768 -0.274003  0.273055  0.026702  0.21879   0.273923
 -0.839106 -0.486026  0.137839  0.183965  0.192405 -0.236889]
[ 0.316969  0.325802  0.332784 -0.581671  0.286296 -0.691026  0.191306
 -0.547877 -0.52608   0.284883  0.330946  0.293542  0.275918  0.316662
 -0.326621  0.313107 -0.169957 -0.961791 -0.997519  0.333078]
[-0.999708  0.299882 -0.168074 -0.233753  0.332883  0.331435  0.202359
  0.185417  0.297187  0.324185  0.289008  0.195882  0.002822  0.323218
  0.22066   0.23743   0.29782   0.333331  0.276187 -0.855132]
[ 0.333025  0.267472 -0.309626  0.263328  0.283692  0.331325 -0.546605
  0.329288  0.314684  0.038523  0.238143  0.225317  0.118804  0.195881
  0.230772  0.321033 -0.999792 -0.996982 -0.044361  0.125874]
[-0.321466  0.122145  0.310392 -0.556972 -0.552115 -0.253668  0.233239
 -0.996472  0.176062  0.317225  0.258314  0.215842  0.32836  -0.215535
  0.304692  0.0073    0.269781  0.324015  0.257247  0.177164]
[ 0.324457 -0.650333 -0.015875 -0.52526  -0.051582  0.328326  0.15164
  0.152747 -0.462659  0.145657  0.248116  0.32172   0.239139  0.165314
 -0.868072 -0.009608 -0.765875 -0.186825 -0.706563 -0.66375 ]
[-0.461784  0.029253 -0.480386  0.097532  0.304984  0.333179 -0.171991
 -0.399407  0.029875 -0.908897  0.255682  0.069546 -0.646391  0.333327
  0.261589  0.322832  0.283071 -0.2649    0.2759    0.327102]
[-0.188509 -0.177643  0.25418   0.302581  0.224739 -0.89443   0.304537
  0.300054  0.254802  0.073904 -0.807576  0.300384  0.333074  0.328796
  0.182965  0.310899 -0.001765  0.277337  0.258237  0.254673]
[ 0.297917  0.281909  0.305268  0.126261  0.175339 -0.079422  0.280901
  0.32023  -0.055836 -0.238365 -0.390362  0.329341  0.323668 -0.184177
 -0.183224  0.317639 -0.307221  0.090728  0.019725  0.320657]
[ 0.122389  0.214621  0.32781  -0.378815  0.24875   0.276713 -0.419647
 -0.999789 -0.871876  0.257722  0.104406  0.032195  0.31967  -0.283778
  0.304551  0.045524  0.218521  0.326249  0.131558 -0.245067]
[-0.077987  0.325711  0.318302  0.290987 -0.685629  0.325419 -0.883222
  0.320643  0.263138  0.162844  0.326424  0.329661  0.282803  0.017814
 -0.242771 -0.321263 -0.636162 -0.187294  0.000932  0.171561]
[ 0.221032  0.070495  0.332492 -0.025337 -0.070039 -0.39132   0.142824
  0.235404  0.154643  0.332893 -0.987494  0.321668  0.090485  0.330504
 -0.772549 -0.239199  0.329457  0.279841  0.253503  0.056117]
[-0.94055   0.202126 -0.999911  0.273968  0.326529  0.1831   -0.193668
  0.326518  0.317403  0.071193  0.232003  0.205318  0.325892  0.296559
 -0.521026  0.332294  0.3038    0.331355  0.299021  0.204028]
[ 0.247246  0.322889  0.304709  0.279004 -0.989031  0.328748  0.301761
  0.222616 -0.192077 -0.616416 -0.920911 -0.108418 -0.086661 -0.006313
  0.220088  0.277704  0.277809 -0.601633  0.256455 -0.918799]
[ 0.333209  0.227502 -0.715014 -0.988536 -0.196648  0.184904  0.176048
  0.215693  0.016399  0.183878 -0.77945   0.18828  -0.019243  0.056793
  0.330833 -0.03374   0.319924  0.278815 -0.03045  -0.128785]
[ 0.268194  0.083332  0.26174  -0.385441  0.307275 -0.170498  0.206317
  0.114983  0.289446  0.333332  0.249999 -0.387961  0.201286 -0.264029
 -0.632951  0.332851 -0.292514  0.21588   0.091842 -0.999845]
[-0.047154  0.331774  0.313766  0.286024  0.314476 -0.270587  0.198567
 -0.257279  0.275586  0.135942 -0.288926  0.159138  0.19611   0.296484
  0.256152  0.316478  0.197911  0.326143  0.060567 -0.001685]
[ 0.232493 -0.628589  0.018468 -0.999715 -0.938424 -0.015315  0.29432
  0.165819 -0.762657  0.18408  -0.999017 -0.405344  0.036605 -0.25391
 -0.106878  0.331081  0.333057  0.325737 -0.119951  0.065753]
[ 0.25588   0.277842  0.324399  0.296548 -0.609874  0.120671  0.029748
  0.111375  0.168534  0.231263  0.280256 -0.011582 -0.7913    0.252925
 -0.032459  0.154173  0.005692 -0.208097  0.254197  0.01854 ]
[ 0.274375 -0.608247  0.320291  0.31772   0.31482   0.131658 -0.667328
  0.317782 -0.436339 -0.246589 -0.947814  0.251556 -0.0175    0.333213
  0.281513  0.147629 -0.646392  0.283814  0.21234  -0.985597]
[ 0.211172 -0.633486 -0.014631  0.117226  0.329872  0.274621  0.14628
 -0.677302  0.31868   0.33206   0.319475  0.308244  0.289244 -0.18285
  0.333302 -0.423034 -0.39462  -0.352196  0.048617  0.141339]
[ 0.187484  0.116189 -0.168767  0.282191  0.075476  0.107285 -0.379113
  0.333136  0.32889   0.299416 -0.591827 -0.882323  0.308654 -0.114954
  0.131807 -0.248049  0.271753  0.130406 -0.472163  0.324853]
[ 0.238567  0.315788  0.333302  0.31258   0.085677  0.254716  0.316847
  0.322881  0.280164  0.073201  0.297651  0.186461 -0.695508  0.31608
 -0.20721  -0.186219 -0.356504  0.216225  0.331644  0.161632]
[-0.629043  0.329638 -0.660776  0.266447  0.079452  0.318766  0.250082
 -0.412938  0.296571 -0.060524  0.261868 -0.004675 -0.25706   0.168224
 -0.039688  0.332634  0.156952 -0.845769 -0.993694  0.258622]
[ 0.268986  0.257095  0.165716  0.091108 -0.54073   0.32803   0.177873
 -0.801009  0.08616  -0.568411  0.329148  0.160351 -0.69193  -0.350847
  0.326787  0.160238 -0.02271   0.302667 -0.836962  0.311563]
[ 0.273546  0.31006   0.317537  0.049368 -0.473587 -0.981617  0.331045
 -0.378595 -0.590598 -0.961711 -0.928751  0.331686  0.246737  0.272481
 -0.280057  0.331839  0.333279  0.311838  0.247517 -0.469592]
[ 0.247082 -0.261523 -0.782366  0.222863  0.30561   0.150144  0.292793
  0.236676  0.322434  0.268001 -0.188206 -0.397845 -0.171524 -0.325896
  0.235024 -0.405156  0.321617  0.297592 -0.387158  0.219454]
[ 0.156943  0.211468  0.049809  0.331972 -0.002785  0.195246 -0.341527
  0.221364  0.264215  0.330358 -0.079943 -0.663254  0.247848 -0.998915
  0.327684  0.333149  0.291313  0.185315  0.278502  0.195365]
[-0.999072 -0.309429  0.268122 -0.283241  0.288506 -0.075815  0.323655
  0.282168 -0.22667   0.328341 -0.015255  0.332628  0.275818 -0.621125
 -0.088246  0.075609  0.218192 -0.681762  0.331927  0.333162]
[ 0.308158  0.266756 -0.073679  0.291949  0.238885  0.307925 -0.014567
 -0.819106 -0.147737 -0.119105 -0.991724 -0.920701  0.333009  0.318482
  0.331406  0.249509  0.067153  0.224305  0.231697  0.198714]
[ 0.327605 -0.226043  0.202387 -0.165927 -0.751373  0.275787  0.090995
  0.309584  0.279837  0.241333  0.287445  0.304008  0.287453  0.333287
  0.31469   0.321641 -0.937783  0.324591  0.333273  0.214916]
[-0.279691 -0.981928 -0.859117  0.289037  0.272342  0.256733  0.327587
  0.172494  0.177107  0.331017  0.29433   0.101104  0.266535  0.215751
  0.325859 -0.910197  0.226563  0.303241 -0.347377  0.277162]
[-0.298759 -0.731336  0.272153  0.319376 -0.07568  -0.247646  0.195623
 -0.077088  0.213653  0.207423  0.313273  0.035177  0.293622 -0.178093
 -0.753346  0.326075 -0.960747  0.285707 -0.519009  0.333141]
[ 0.297244  0.137583  0.197356  0.202777  0.095745 -0.287172  0.305778
  0.149985 -0.066943  0.203251 -0.059017  0.275287  0.283528  0.322807
  0.306712 -0.274211  0.31972   0.304692  0.333055 -0.19518 ]
[ 0.332723 -0.261806 -0.669187  0.265068 -0.256497  0.332733 -0.882862
  0.328723  0.285958  0.215099  0.014208  0.151056 -0.820646 -0.111224
 -0.616972 -0.863471  0.328665  0.333333 -0.320756  0.33299 ]
[ 0.165125  0.280305 -0.993818 -0.999626 -0.568539  0.236068 -0.396059
  0.332401  0.093547  0.003806  0.110533 -0.278567  0.322535 -0.100108
  0.254816 -0.355442 -0.366035  0.246584  0.322353  0.331113]
[-0.002034  0.333322  0.125937  0.32747  -0.514469  0.304172  0.133986
  0.310314  0.259612  0.253377  0.323882 -0.105843 -0.014104 -0.622605
  0.151698 -0.890932  0.315595 -0.99627   0.14472   0.071075]
[-0.19275  -0.428058  0.237817 -0.469187  0.260421 -0.266406  0.323575
  0.269356  0.33259   0.251617  0.332748 -0.443331 -0.358957  0.081929
  0.292663 -0.260843 -0.910825 -0.999726 -0.781925  0.022748]
[-0.366454  0.291143  0.11588   0.239717  0.134247  0.333103  0.290449
  0.062675  0.283096  0.316065 -0.614009 -0.377063 -0.764241  0.325544
 -0.805491  0.277131  0.268902 -0.239068  0.218702  0.269553]
[ 0.162579  0.174794  0.306444  0.26845  -0.177006  0.332872 -0.783007
 -0.282535 -0.731478  0.189511 -0.474051  0.263548  0.244262  0.320606
  0.144347  0.308704  0.248093 -0.694579  0.333283  0.037668]
[ 0.323259 -0.395152  0.175638  0.099959  0.283132  0.306186 -0.520701
  0.257689  0.254344 -0.208411 -0.084819  0.33099   0.0469    0.152959
 -0.752489  0.242389 -0.033787  0.255102  0.332668 -0.013789]
[ 0.331926  0.285635  0.311833  0.118603  0.329308  0.12164  -0.988434
 -0.625747  0.176927  0.318026  0.326828 -0.878551 -0.301247  0.323973
 -0.66811   0.320948  0.020837  0.282924  0.316833  0.267177]
[ 0.281741  0.228608 -0.958663 -0.430259 -0.955722 -0.970087  0.179559
  0.294447 -0.637921 -0.999214  0.032465  0.249723  0.332345  0.328498
  0.205172  0.284742  0.309597 -0.14507   0.280872 -0.420925]
[-0.454133 -0.863736  0.306285  0.317137  0.327369 -0.500157 -0.543668
  0.024744  0.276939 -0.013533  0.196332  0.045833  0.199609  0.33326
  0.272769  0.277065  0.095326  0.320506 -0.89841  -0.04271 ]
[ 0.333107 -0.671116  0.330694  0.324226 -0.383903  0.291633 -0.070131
 -0.948349 -0.998878  0.256586  0.273809  0.047121 -0.43166   0.289105
 -0.926182  0.296434 -0.999892  0.12      0.306031  0.132543]
[-0.343272  0.308596 -0.171566  0.188322  0.331951  0.314433 -0.447149
  0.332073  0.24298   0.241594  0.22719   0.088271 -0.432636  0.314126
  0.288724 -0.860648 -0.34624  -0.28161   0.332888  0.326687]
[ 0.037263 -0.437489  0.32711   0.25788  -0.035968  0.182145  0.324294
  0.190655 -0.180619 -0.207587  0.072908  0.290768  0.230495  0.331676
 -0.116418 -0.070818  0.331661  0.310782 -0.956211 -0.575626]
[ 0.146119  0.251706 -0.860656 -0.114212  0.31333  -0.667081 -0.647711
  0.315134  0.116298  0.300324  0.167518  0.1263    0.332861  0.329269
  0.328311  0.269362  0.333316  0.321848  0.331589 -0.52234 ]
[ 0.104867  0.24572   0.321933 -0.061247 -0.054253 -0.400048  0.008329
 -0.538324  0.315376 -0.973866 -0.631273  0.155539  0.138789  0.218353
 -0.936386 -0.087903 -0.065379  0.22304  -0.954874  0.324323]
[ 0.333329  0.27072   0.26767   0.318616  0.329422 -0.444802 -0.09809
 -0.707444 -0.544022  0.330061  0.283838  0.27598  -0.813255  0.188618
 -0.861136  0.263482  0.291488 -0.135406  0.32959   0.332972]
[ 0.144975  0.319147  0.279745 -0.331047 -0.238295  0.271435 -0.588582
  0.315437 -0.369986 -0.218072 -0.836289 -0.068448  0.303698 -0.951741
  0.20866   0.314874  0.327964  0.25592  -0.147859  0.318425]
[-0.275935  0.301528  0.286393  0.215997 -0.767214 -0.909519  0.276423
 -0.928792  0.224121  0.312009 -0.183118 -0.596872  0.062586  0.323125
 -0.036664  0.319042 -0.214393  0.28464  -0.134428 -0.152389]
[-0.384082  0.202244 -0.916831 -0.057754  0.306374 -0.051269  0.332698
 -0.334622 -0.103285  0.332058  0.257909 -0.907661  0.179746 -0.007293
 -0.856116  0.330734  0.276442 -0.108965  0.056604 -0.729797]
[0.045687258291335214, -0.046548106348350604, 0.094582777730579243, 0.053589442954714572, -0.028291089641058031, 0.016811902892530317, -0.02292037125155727, 0.10485932770808301, 0.025732308771739182, -0.0024246427178206131, -0.002978169409576209, 0.0017280229128192187, 0.034249797499599055, 0.018940552649617137, 0.018223968059179474, 0.040682518151006875, -0.018135647886078077, 0.0081436398095047768, 0.051631653262037003, 0.093413011998069756, 0.00412086381772786, -0.055322974018903598, -0.02365005646509033, 0.033410662022165444, 0.02505086410841495, -0.078974837662402375, 0.061141033158348797, -0.018235217006652926, 0.064509848693393934, 0.011538558347558604, -0.0048062716671001537, 0.024708142255706944, 0.0023857579222592573, -0.027557973338118713, -0.085268423684012773, 0.10630414381964387, 0.040980480995072295, 0.048077556241118091, 0.023219381425714544, 0.014434081099529039, 0.00045290837856065691, -0.010478315091791521, 0.037100907677614869, -0.036466492927413718, 0.046149148701104856, 0.039998949593439533, -0.062024942380835169, 0.11295539677597469, -0.0195941271442448, -0.024492184544718909, -0.027909627342266097, 0.00278881853481594, -0.084241420101544895, -0.0048048469119204573, -0.015226795281844563, -0.012651588377148471, -0.00670492719112456, -0.016468232403195227, 0.054090804577208773, -0.057431256201785907, 0.023227321767709003, 0.079770594034069053, 0.099053023293890069, -0.017401581255716957, 0.013379452835850902, 0.063436093111686215, 0.081534305133948881, -0.016786301629959921, -0.0069627008655357703, 0.054596662422707054, -0.029808482137731684, 0.028746391295786294, 0.017750810139544548, 0.075024077078918422, -0.047448382711205106, -0.028307244618596905, 0.030676028131984001, 0.090117723472085381, -0.038553638582833172, 0.004476595493842328, 0.060791249673681935, 0.061587549770370287, -0.060092419455249901, -0.0012863016150249356, 0.0076540638655233639, 0.019127412531400489, 0.04221144947539382, 0.033288220362990562, 0.052942984906733659, -0.07139911561526302, -0.033221555579480366, -0.091782025244757315, -0.038845543224800994, 0.013958782085564957, 0.045560025599469922, 0.035428796288190761, 0.0060481874172084171, 0.044638251965903986, 0.024901469408682875, 0.0013718642042096496]
('time: ', 9798.754369020462)
