“Running plot script on a single CPU core”
[-0.811834 -0.828297 -0.748209 -0.828604 -0.842789 -0.785019 -0.023334
 -0.080145 -0.02404   0.01197   0.077074 -0.034451  0.093778  0.14823
 -0.023948  0.042159  0.043817 -0.020788 -0.045686  0.020562]
[-1.059879 -1.012588 -0.845312 -1.041169 -0.890333 -0.887401 -0.048335
 -0.017827 -0.044408 -0.045117  0.094383 -0.013516 -0.006386  0.039449
 -0.033348  0.010698 -0.053511  0.004959  0.042234  0.034984]
[-0.880584 -0.933404 -0.716876 -0.905767 -0.795892 -0.771971 -0.001517
  0.025114  0.049091  0.023337  0.033172  0.049138 -0.032259  0.025359
  0.03074  -0.036365  0.016377  0.019169 -0.034723  0.010243]
[-1.044122 -0.95884  -1.066011 -0.945719 -1.123211 -1.197098 -0.001958
  0.121059 -0.037728 -0.071684 -0.085077  0.036327 -0.039691 -0.060306
  0.134002 -0.092756 -0.032056  0.216626  0.049341  0.03428 ]
[-0.813345 -1.164682 -0.879677 -0.927908 -0.78433  -1.434746  0.047737
  0.053513 -0.178056 -0.032657  0.060988 -0.227498 -0.0243    0.065113
  0.124591 -0.022888  0.053927  0.164958 -0.053313  0.006378]
[ -1.149864e+00  -9.071789e-01  -8.811418e-01  -9.504019e-01  -9.302822e-01
  -6.977345e-01   2.345036e-02   3.509560e-03   1.069980e-01   3.554742e-02
   2.563785e-02   3.241603e-02  -1.820033e-02   1.829249e-02  -9.807112e-04
   1.918220e-02   1.101815e-01   6.677765e-04   2.299906e-02   2.082273e-02]
[ -9.442729e-01  -7.425010e-01  -8.506613e-01  -6.053157e-01  -8.753952e-01
  -7.975299e-01   1.645735e-02   3.232514e-02   4.057360e-02  -1.100355e-02
   7.620204e-02   9.638062e-02  -1.300489e-01   9.076188e-03   7.468865e-02
  -4.144844e-02   5.197347e-02  -4.858181e-02  -5.372843e-04  -4.124989e-02]
[-1.00379  -1.05391  -0.656944 -1.089331 -0.701444 -0.767998 -0.004983
  0.021964  0.046503 -0.029802 -0.002618  0.025794  0.020806 -0.012198
  0.075886  0.030722 -0.062573  0.02016  -0.06424  -0.017701]
[-1.021051 -0.759964 -0.969705 -0.846903 -1.029012 -0.851472  0.006603
  0.0146   -0.012693 -0.056763 -0.007113 -0.008238 -0.088644  0.016985
  0.053507 -0.054926 -0.07103  -0.100288 -0.013195  0.023266]
[-0.63639  -0.674427 -0.518844 -0.728224 -0.655135 -0.682842 -0.044359
 -0.084118 -0.101097 -0.029287  0.051168 -0.115259 -0.030591  0.010025
 -0.108735 -0.050702  0.009438 -0.068146 -0.039076 -0.01886 ]
[-0.940083 -0.826607 -0.916891 -0.78958  -0.81305  -0.796455 -0.067457
 -0.023473  0.009418  0.003729 -0.001596 -0.001415  0.038335 -0.019281
 -0.006322  0.041247  0.004957 -0.116266 -0.014178  0.008453]
[-1.011274 -0.979253 -1.011141 -0.85679  -0.885837 -0.840111  0.041602
  0.070506  0.003176  0.077391  0.043741  0.084358  0.041477  0.023788
  0.102221 -0.069443  0.04175   0.143822 -0.06398  -0.022689]
[-0.793534 -0.927145 -0.854543 -0.756856 -0.662727 -0.956243  0.059074
 -0.092007 -0.114995 -0.008795  0.043731 -0.04211   0.080327  0.073942
 -0.103019  0.060585  0.003507  0.085403  0.029864 -0.020206]
[-1.038488 -0.953796 -1.132355 -0.779045 -0.942273 -0.916622 -0.042557
 -0.009434  0.127897 -0.084809  0.069148  0.070733 -0.021988 -0.054188
  0.031305 -0.016335 -0.088503 -0.022762  0.019048  0.024478]
[-0.966353 -1.145699 -1.006791 -1.010672 -0.981302 -1.052535  0.084614
  0.030519 -0.026732  0.127539 -0.024938 -0.023968 -0.005694  0.02699
  0.02791  -0.01375   0.159107  0.062461  0.033083  0.043455]
[ -1.059126e+00  -1.227845e+00  -9.191930e-01  -9.617485e-01  -6.346641e-01
  -9.373543e-01  -2.726133e-02  -7.591379e-02   9.264882e-03   6.108888e-02
   1.073683e-01  -5.197107e-03  -2.060273e-02   6.601182e-02  -9.153415e-02
   4.341765e-04   1.025236e-01  -2.067426e-02   5.881908e-02   2.655615e-02]
[ -9.265516e-01  -7.640236e-01  -8.163341e-01  -8.705662e-01  -8.221824e-01
  -8.583374e-01  -5.847425e-02  -5.396892e-02   2.893514e-02   4.975038e-02
   3.974771e-02  -2.181392e-03  -6.999549e-02   8.986616e-02   1.453340e-02
  -8.547831e-02   1.821929e-02  -4.241408e-02   1.716624e-03  -7.752155e-04]
[-0.697864 -0.788972 -0.545918 -0.93339  -0.651919 -0.796329 -0.035998
 -0.093864 -0.03085   0.053651 -0.013574  0.024636 -0.036483 -0.035318
 -0.025625  0.044474  0.090496 -0.112613 -0.010832  0.031252]
[ -1.091016e+00  -9.403617e-01  -8.850147e-01  -1.116534e+00  -8.934052e-01
  -9.373343e-01   5.011423e-04  -5.173955e-02   2.024940e-02   1.181666e-01
  -1.240746e-02   5.679797e-02  -5.742717e-04  -3.809361e-02  -2.276488e-02
   1.024191e-01   7.099892e-02  -3.488571e-03  -1.749991e-02  -6.109112e-03]
[-1.035716 -0.812515 -0.859947 -1.11197  -1.051874 -0.713544  0.102651
 -0.08696   0.09215  -0.050508  0.21261   0.182274  0.271896  0.192343
 -0.165984  0.282907 -0.096583  0.17649   0.090484  0.037721]
[-1.053121 -1.048022 -1.037335 -1.054959 -1.066549 -0.789088  0.185386
 -0.090853  0.136797  0.037972 -0.007458  0.017779 -0.078584  0.043865
 -0.185688 -0.049442  0.115985  0.149731 -0.034893  0.041241]
[ -1.005176e+00  -9.173769e-01  -6.980777e-01  -9.059355e-01  -8.049066e-01
  -7.833739e-01  -9.439831e-02  -6.996715e-03  -5.457753e-02   2.860210e-02
   2.414693e-02  -4.353806e-02   3.521175e-02   2.286196e-02  -6.715201e-02
   5.870551e-02   5.800022e-03  -6.474497e-02   9.344430e-04  -4.208392e-02]
[-1.088298 -1.105016 -0.735844 -1.218166 -0.793703 -0.794697  0.004134
  0.093815  0.006102 -0.032132 -0.046541  0.007447  0.067881 -0.167528
  0.074935 -0.007461 -0.0981   -0.09183  -0.00423  -0.00136 ]
[-0.981614 -0.992922 -0.838802 -0.817655 -0.650259 -0.615954  0.046925
  0.014733  0.005399 -0.077934  0.058461  0.039667  0.027516  0.0585
 -0.009548  0.019666 -0.091858  0.039425 -0.00581   0.004569]
[-0.871787 -1.032813 -0.890802 -0.755626 -0.796337 -1.077859  0.068107
 -0.074323 -0.003949 -0.093877 -0.076461 -0.013497  0.144149 -0.062895
 -0.030569  0.148931 -0.085259  0.106558 -0.094447 -0.021148]
[-0.976144 -0.908867 -0.71863  -0.929152 -0.726032 -0.759572  0.091464
 -0.076146 -0.005788 -0.030398  0.014767  0.070596  0.059466 -0.022271
 -0.048208  0.074725 -0.044899  0.082241 -0.044813 -0.002372]
[-0.798351 -1.036874 -0.907637 -0.78288  -0.518188 -0.674929 -0.209373
 -0.078533  0.074319  0.103607  0.002556  0.044893  0.321068  0.057539
 -0.024937  0.213228  0.377701 -0.194611  0.00987   0.014174]
[-0.855765 -0.919862 -0.868258 -0.858015 -0.784867 -0.892656 -0.085253
 -0.088619 -0.064556 -0.0132   -0.013373 -0.105667 -0.005559 -0.021604
 -0.121299  0.019878 -0.033138 -0.021611 -0.039254 -0.017001]
[-0.946308 -0.903029 -0.915056 -0.750922 -0.757555 -0.779652  0.010744
  0.023441  0.142056  0.008184  0.057926  0.105712 -0.108443  0.038362
 -0.0017   -0.165482  0.024128 -0.038209 -0.004682 -0.003922]
[ -1.119699e+00  -7.661066e-01  -8.144979e-01  -9.857591e-01  -1.130239e+00
  -7.723940e-01   3.809964e-02  -2.571808e-02   3.315959e-02  -1.347894e-01
   2.276385e-01   7.592710e-02  -6.103129e-02   6.058298e-02  -4.553061e-04
  -1.353605e-01  -1.142366e-01   1.437531e-01   2.356403e-02  -8.414757e-03]
[-0.972839 -0.888107 -0.839566 -0.997864 -0.981354 -0.971952  0.013574
 -0.057905 -0.031038  0.230355  0.094703 -0.017409  0.018274  0.057286
 -0.080634  0.10215   0.057844 -0.043527 -0.004186  0.034495]
[-0.816149 -0.905013 -0.958857 -0.669507 -0.693034 -0.862805 -0.011557
  0.064198 -0.000965  0.015557  0.105113  0.093838  0.048959  0.045782
  0.032471  0.11042  -0.03841  -0.036479  0.035555  0.004004]
[-0.924129 -0.714357 -0.88745  -0.618528 -0.957149 -0.663135  0.149348
 -0.076691 -0.097964 -0.134944 -0.045622 -0.067995 -0.01451  -0.023497
 -0.101933 -0.019003 -0.080789  0.104771  0.015049 -0.003152]
[-0.793951 -0.791784 -0.774293 -0.595989 -0.581716 -0.670872 -0.051021
 -0.044329 -0.052864 -0.089732  0.025763 -0.04711   0.046955  0.013699
 -0.017517  0.015103 -0.05049  -0.043342  0.042296 -0.012583]
[-0.92888  -0.911414 -0.726389 -1.073653 -0.896476 -0.877571 -0.083612
  0.063935  0.033503 -0.049484  0.100016  0.068148  0.002097  0.106719
  0.056714  0.112452  0.028875 -0.02077  -0.07227  -0.053509]
[-0.771934 -0.811506 -0.570966 -0.800284 -0.574478 -0.577541  0.012777
  0.085712  0.103508  0.034761 -0.02455   0.059834  0.017262 -0.024145
  0.062264 -0.022179  0.080125  0.037984 -0.0383   -0.009841]
[-0.766985 -0.940661 -0.980175 -0.500678 -0.672841 -0.792289  0.106066
  0.071219 -0.037584 -0.102041 -0.088629  0.036487 -0.012798 -0.022793
  0.084627  0.094423 -0.187593  0.115225 -0.004423 -0.015161]
[ -6.726220e-01  -6.299111e-01  -6.077694e-01  -7.224223e-01  -6.185560e-01
  -5.300543e-01   1.226639e-02  -2.611371e-02   5.170767e-02  -3.130005e-02
   7.438214e-02   1.515472e-02   4.576616e-04   3.938593e-02  -2.148771e-03
  -2.849517e-02  -1.168368e-02  -2.508140e-02   1.669461e-02   2.413691e-02]
[-0.923825 -0.768035 -0.971481 -0.839157 -1.060703 -0.924246 -0.091893
 -0.038408 -0.027394  0.115551 -0.055882 -0.004931 -0.05241   0.010077
 -0.033703 -0.05799   0.10024  -0.124863 -0.00545   0.014045]
[-1.011245 -1.03186  -0.788458 -1.028896 -0.859711 -0.864614 -0.056237
  0.107054 -0.043909 -0.042733 -0.009651 -0.059345  0.100677 -0.006721
  0.107425  0.091154 -0.04536  -0.07761   0.053793 -0.025995]
[-1.198529 -1.203482 -0.4144   -1.248102 -0.618299 -0.631356  0.071205
 -0.004807  0.003714 -0.017264  0.03136   0.096544  0.008334  0.113971
  0.005646  0.021948  0.004191  0.017393 -0.062927  0.016145]
[-0.756494 -0.685652 -0.679625 -1.022354 -1.022944 -0.929608 -0.049538
  0.001974  0.048697  0.022551 -0.104471 -0.114224 -0.001374 -0.070247
 -0.037648 -0.009063  0.023067 -0.078346 -0.049151 -0.015778]
[ -8.932044e-01  -8.018458e-01  -8.753325e-01  -6.803261e-01  -6.945963e-01
  -7.290150e-01   8.444653e-02  -1.483953e-04   6.200433e-02  -9.041993e-02
   3.832483e-02  -1.376191e-02   6.050673e-02  -2.795970e-03   3.108362e-03
   4.327422e-02  -1.238243e-01   1.013505e-01   4.800078e-02   4.225471e-03]
[-1.105496 -1.012669 -0.906891 -1.051319 -0.918199 -0.826134  0.105038
  0.047386 -0.011223  0.102735 -0.028632 -0.04413  -0.008209  0.008584
  0.043975 -0.009594  0.06152   0.105673 -0.077567  0.010893]
[-0.727434 -0.844709 -0.763439 -0.860381 -0.687026 -0.721296  0.138938
  0.076238 -0.007422 -0.0481   -0.14822  -0.038442  0.032975 -0.152111
  0.063851  0.087769 -0.04569   0.081083 -0.036588 -0.042495]
[-1.312224 -1.31535  -1.053026 -0.990765 -0.943627 -1.08566   0.122914
  0.069217  0.03719   0.03415   0.182552  0.106332 -0.029121  0.079586
  0.06664  -0.116082  0.01613  -0.015107 -0.042934 -0.030413]
[-0.672379 -0.834297 -0.793565 -0.706056 -0.716063 -0.851746 -0.151707
  0.080735  0.021647  0.039633  0.034403 -0.025631  0.004408  0.019718
  0.101014 -0.027427  0.039561 -0.261531 -0.01243   0.006499]
[ -1.053160e+00  -1.182711e+00  -1.010984e+00  -1.035109e+00  -8.850410e-01
  -1.029318e+00  -3.342243e-03  -8.492117e-02  -1.124638e-01   5.509659e-03
   1.117864e-02  -2.485526e-02   9.318467e-04  -1.091227e-02   1.767244e-02
  -4.658771e-02   1.684841e-03  -4.285830e-02   4.634339e-02  -2.095237e-02]
[-0.919237 -0.780294 -0.898137 -0.701582 -0.941913 -0.917392  0.159846
 -0.027673  0.119008  0.045431 -0.020446  0.115483  0.024718 -0.014893
 -0.048177  0.026774  0.013136  0.280814  0.01966   0.039772]
[ -8.109107e-01  -7.012848e-01  -5.146097e-01  -8.791339e-01  -6.970292e-01
  -5.951872e-01  -2.927919e-02  -2.785217e-02   1.173510e-02   2.462688e-02
  -5.763383e-02   3.777432e-02   1.272041e-02  -2.982277e-02   2.089696e-02
   8.232380e-02   2.646387e-02   1.548550e-02  -3.675290e-03  -3.024596e-04]
[-0.507876 -0.523448 -0.368576 -0.832172 -0.79394  -0.710654  0.036674
  0.060125 -0.034217 -0.123487 -0.106207 -0.075528  0.001699 -0.063319
  0.083692  0.025856 -0.08796   0.038048 -0.034938 -0.01669 ]
[ -1.069106e+00  -1.077435e+00  -1.036340e+00  -9.944218e-01  -1.091032e+00
  -9.817208e-01  -3.306702e-02  -3.658457e-02   5.871328e-02  -9.462912e-04
  -6.581010e-02   3.969535e-02   3.866317e-02  -1.681392e-02  -1.809625e-03
   9.540393e-02  -3.924039e-02  -6.919946e-02  -2.283607e-02  -1.522777e-02]
[-0.945204 -0.912014 -0.821739 -0.798892 -0.72987  -0.715598  0.044627
  0.013755  0.061525  0.060426  0.028981  0.042664 -0.101354  0.020181
  0.038358 -0.047409  0.01585   0.01968  -0.063452 -0.006562]
[ -8.974295e-01  -7.806928e-01  -8.598632e-01  -6.328404e-01  -8.197605e-01
  -7.331829e-01  -5.472787e-02  -4.604749e-04   5.263029e-02   4.282410e-02
  -3.883193e-02   2.655854e-02   7.465166e-02  -9.265999e-02   6.378498e-02
   9.541677e-02   1.260888e-01  -4.991157e-02  -2.981524e-02  -3.029475e-02]
[-1.020971 -1.099412 -0.77161  -1.000986 -0.82617  -0.984342  0.044014
 -0.086208 -0.00547  -0.016151  0.071553 -0.081829  0.111742  0.070597
 -0.063634  0.125295 -0.108169  0.080219 -0.054174  0.009148]
[-0.910369 -1.054191 -0.840899 -0.923002 -0.794844 -0.947182 -0.06877
 -0.045493 -0.048649 -0.029514 -0.002832 -0.037984  0.01577  -0.091887
 -0.016655 -0.011743  0.009616 -0.071341  0.004349 -0.042074]
[ -9.296427e-01  -8.575871e-01  -8.912118e-01  -9.495149e-01  -9.941604e-01
  -9.101133e-01  -5.647231e-02  -1.217630e-02   9.729448e-02   2.471696e-02
   1.874281e-04   1.043306e-01   1.294711e-01   4.924296e-02   2.082187e-02
   1.247000e-01   2.440449e-02  -8.997128e-02   2.545547e-02   3.788501e-03]
[-0.810209 -0.837255 -0.867719 -0.749214 -0.883013 -0.762358  0.024897
 -0.04273  -0.013804  0.019851 -0.051583 -0.027278 -0.049206  0.028827
 -0.052561  0.019887 -0.087153  0.061256  0.023216  0.037546]
[-0.555987 -0.544634 -0.525695 -0.520186 -0.512492 -0.697303 -0.061696
  0.088833  0.059326  0.072312  0.052278  0.064242 -0.043758  0.100664
  0.079192 -0.049645  0.074819 -0.011842  0.004454 -0.044824]
[ -9.814271e-01  -9.065856e-01  -1.051464e+00  -7.765727e-01  -7.980211e-01
  -7.618678e-01   2.942786e-02   5.793101e-04  -8.875445e-03  -1.140849e-01
  -9.012570e-02  -1.337729e-01  -1.309968e-01  -6.429610e-02  -2.549540e-02
  -4.971211e-02  -1.328318e-01   4.575037e-02   4.215476e-02   2.498182e-03]
[-0.886951 -0.842509 -0.886573 -0.995649 -0.929167 -0.868782  0.043495
  0.001702 -0.013365  0.051194  0.079896 -0.006988  0.032935  0.079368
 -0.016175  0.033172  0.048274  0.074317 -0.034636 -0.017805]
[-0.621721 -0.636868 -0.643245 -0.751051 -0.84996  -0.784574  0.050533
 -0.052223  0.138128 -0.088743  0.020048  0.145563  0.007138 -0.038497
 -0.029743  0.001113 -0.091719  0.016596 -0.084021 -0.047343]
[-0.937939 -0.950629 -0.722867 -0.924232 -0.636734 -0.814338  0.017775
 -0.022593  0.047342 -0.088781 -0.182158  0.001335  0.098347 -0.182451
  0.034724  0.099905 -0.008756  0.038856 -0.016009 -0.015999]
[ -8.984034e-01  -6.776951e-01  -7.284260e-01  -6.995622e-01  -7.212130e-01
  -5.551876e-01   5.933679e-03   9.998547e-02   2.393996e-02   4.783912e-02
   2.928239e-02  -1.481313e-03  -5.921809e-02   4.298163e-02  -1.548120e-04
  -8.037711e-02   5.536655e-02  -2.009206e-02   6.502340e-03   1.269082e-02]
[-0.924112 -0.938012 -0.96796  -1.023581 -0.912813 -0.900025 -0.014223
 -0.135566  0.055282 -0.008817  0.072039  0.030564  0.154739  0.103899
 -0.134244  0.207427 -0.004245 -0.033831 -0.009114 -0.020008]
[-0.893852 -1.031062 -0.918669 -1.121094 -1.124311 -1.118886  0.040211
 -0.120345  0.019551 -0.150141 -0.063651 -0.074964  0.220208 -0.120164
 -0.152323  0.161376 -0.060407 -0.010047 -0.038753  0.009635]
[-0.853332 -0.622437 -0.789728 -0.915841 -0.948301 -0.821531 -0.050099
 -0.137921 -0.003296  0.011298 -0.034042  0.07994  -0.050539  0.053438
 -0.210087 -0.002331 -0.003429 -0.112325 -0.041938 -0.010364]
[-0.776057 -0.79575  -0.831005 -0.862286 -0.868398 -0.998706  0.07815
 -0.049509  0.020414 -0.041242  0.068841  0.073015  0.017673  0.097187
 -0.112251  0.035767 -0.063005  0.073288 -0.045431 -0.046472]
[-0.867687 -0.861261 -0.875974 -0.926733 -0.764178 -0.91278   0.054532
  0.015745  0.006904 -0.02603   0.037762 -0.028929  0.023012 -0.003951
  0.096415  0.076409 -0.024128  0.004406 -0.002849 -0.010231]
[-0.941129 -0.707491 -0.670222 -0.865234 -0.842436 -0.634244 -0.194424
  0.025943 -0.00201  -0.009197  0.074016  0.027056 -0.034582  0.030017
 -0.037303 -0.021926 -0.035813 -0.205924 -0.044166  0.01317 ]
[-0.907162 -0.923341 -0.919961 -0.857239 -0.873273 -0.730105 -0.067985
  0.101759  0.096194  0.031527  0.021908  0.031981 -0.030192  0.057724
  0.090812 -0.100502  0.053977 -0.135839 -0.0987   -0.039234]
[-0.878047 -0.927532 -0.851486 -0.88619  -0.759694 -0.739268  0.010848
  0.013926  0.097583 -0.038318  0.01672   0.0384   -0.014413  0.073846
  0.050348 -0.006383  0.030809 -0.017476 -0.066505  0.02274 ]
[-1.00159  -1.054852 -0.811637 -0.927565 -0.927007 -0.982162  0.04124
 -0.100789  0.01031   0.052537 -0.006258 -0.01361  -0.071977 -0.059641
 -0.038184 -0.082795  0.061791  0.072055 -0.013504  0.019696]
[-0.867648 -1.075789 -0.550994 -1.088577 -0.595024 -0.691655  0.070181
  0.060134  0.069821 -0.011673 -0.011273  0.015573 -0.024962 -0.015489
  0.063125 -0.019748  0.076573  0.050032 -0.024912 -0.007152]
[-1.032362 -0.771126 -1.1198   -0.808584 -1.048024 -0.816992  0.033132
  0.111209 -0.045234  0.015358 -0.002916 -0.084348 -0.069394 -0.081298
  0.126308 -0.037828 -0.019695  0.071341  0.044694 -0.060114]
[-0.805904 -0.697268 -0.808461 -0.849162 -0.895944 -0.849843  0.02409
  0.020829 -0.039404 -0.027901 -0.020618 -0.042669 -0.00836  -0.007537
  0.011055  0.033226 -0.007096  0.071807  0.007371 -0.011814]
[-0.718196 -0.636316 -0.864825 -0.858478 -1.131157 -0.87695  -0.025601
  0.065682  0.195687  0.04028  -0.029184  0.167202 -0.02667   0.03657
  0.052244 -0.132073  0.056354  0.013077 -0.035137  0.018015]
[-0.936858 -0.655062 -0.729313 -0.921418 -0.922756 -0.762597 -0.114372
 -0.027895  0.106165 -0.015479  0.045503  0.091013 -0.047369 -0.039961
 -0.03305   0.0121    0.031885 -0.033007  0.032335  0.015545]
[-0.986806 -0.91526  -0.79424  -0.796534 -0.554989 -0.669349 -0.119149
 -0.019828  0.038559  0.006711  0.030037 -0.001407  0.023093  0.047377
 -0.003253  0.044825  0.079826 -0.124569  0.022963  0.02395 ]
[-0.776047 -1.033182 -0.64638  -0.788853 -0.517732 -0.99185   0.030512
  0.084962  0.012834  0.104089  0.006718  0.062211  0.063916  0.008847
  0.113106  0.036815  0.137784 -0.016255 -0.011256 -0.019909]
[-1.239764 -1.482421 -1.118368 -1.327664 -0.830816 -1.223894  0.014901
 -0.159291 -0.063753  0.174021 -0.332704 -0.133991 -0.124377 -0.296693
 -0.016714  0.065738  0.268566 -0.068126  0.077487  0.010394]
[-0.875776 -0.834018 -0.655848 -1.001353 -0.988768 -0.849816 -0.098345
  0.032037  0.027792 -0.043536  0.012904  0.05568  -0.07181   0.017485
  0.039114  0.012976 -0.054008 -0.134775 -0.040146 -0.033478]
[-0.87582  -0.864877 -0.603104 -0.718699 -0.398261 -0.353138 -0.036339
  0.011663 -0.057998 -0.047654 -0.101945 -0.029786  0.072866 -0.146386
 -0.028735  0.030303 -0.061823 -0.036346  0.043558  0.018799]
[-1.118415 -0.825233 -0.834517 -0.761357 -0.945465 -0.646225  0.121589
  0.058624 -0.009044 -0.057886 -0.07861   0.029311  0.101841 -0.097011
  0.056445  0.148175 -0.103164  0.099115 -0.027915  0.008779]
[-0.492876 -0.46668  -0.339477 -0.610843 -0.395437 -0.40872  -0.063844
  0.045315 -0.047713 -0.04041  -0.190812 -0.013291  0.130307 -0.24177
  0.131788  0.142946 -0.01529  -0.021829  0.008147 -0.035977]
[ -1.030773e+00  -9.713773e-01  -7.931000e-01  -8.312500e-01  -7.128968e-01
  -6.047044e-01   1.224034e-01   1.200879e-02  -3.351337e-02  -1.258521e-02
  -2.199624e-01  -8.535800e-02   2.032686e-02  -2.031353e-01  -2.135479e-02
  -3.242147e-02   2.565403e-02   5.878700e-02   1.293957e-02   6.534476e-04]
[ -8.960243e-01  -8.891914e-01  -8.481088e-01  -8.209670e-01  -8.565323e-01
  -7.523473e-01   8.498931e-02   5.385232e-04   3.618250e-02   5.314648e-03
  -3.797406e-02   6.685224e-02   2.249395e-02  -4.204324e-03   5.565450e-02
   5.521736e-02  -1.057902e-02  -1.090157e-02  -1.022933e-03  -1.817898e-02]
[-1.033511 -1.137858 -0.831736 -0.954984 -0.583514 -0.716356  0.128122
 -0.104716 -0.013793  0.090282  0.096593 -0.031251 -0.009317  0.24248
 -0.08384  -0.02071   0.015705  0.092309  0.046653 -0.014016]
[-1.156411 -1.058253 -0.931031 -1.069409 -0.972834 -0.845945 -0.009338
 -0.02955   0.105412 -0.064117  0.095156  0.152663  0.130257  0.020731
 -0.039482  0.112249  0.017948  0.056459  0.062662 -0.00191 ]
[-0.952563 -0.810577 -0.887728 -0.789571 -0.848109 -0.704452 -0.016493
 -0.025432  0.021412 -0.048525 -0.02559   0.050072 -0.057281 -0.011814
  0.021727 -0.031866 -0.006088 -0.016542 -0.00977  -0.015508]
[ -1.082639e+00  -1.120835e+00  -8.861994e-01  -9.591322e-01  -7.753195e-01
  -8.820504e-01  -4.937447e-02  -3.104045e-02   1.418225e-03   7.681950e-02
  -2.563039e-02   7.489667e-03  -8.074627e-02   4.259555e-02   2.623779e-02
   4.654378e-03   4.918732e-05  -5.252901e-02   2.679038e-02  -1.839617e-02]
[-1.179594 -0.963851 -1.013799 -1.037425 -1.118972 -0.808939  0.024269
  0.11754  -0.023827 -0.020563  0.04549  -0.07705   0.067171  0.008423
  0.133787  0.046203  0.011094  0.060505  0.055082  0.009505]
[-1.073912 -0.839478 -0.978822 -0.680246 -0.784578 -0.629624 -0.003498
  0.039814  0.048422  0.119461 -0.063603 -0.002499  0.170502 -0.12754
  0.071262  0.119179  0.099391 -0.01895  -0.077989 -0.033146]
[-0.915055 -0.990365 -0.673479 -0.961678 -0.96973  -0.869735  0.03841
  0.023327 -0.151037  0.078526  0.025711 -0.178809 -0.048746  0.047265
  0.059902 -0.027022  0.075422  0.120547  0.02016   0.022643]
[-1.069469 -0.979704 -0.771073 -0.87815  -0.80696  -0.56746  -0.066307
 -0.009237  0.11508   0.020713  0.0566    0.044011 -0.1332    0.016509
 -0.057582 -0.136542  0.04689  -0.097032  0.038275  0.02505 ]
[-0.949017 -1.042964 -0.857834 -0.902824 -0.626048 -0.785051  0.085394
  0.059225 -0.045471  0.015681  0.065316 -0.041016  0.079938  0.05009
  0.054853  0.056795  0.046558  0.086868 -0.018059 -0.006931]
[-1.118353 -0.998786 -1.158164 -0.842954 -1.037205 -1.015691  0.053824
 -0.041004  0.015799 -0.102721 -0.051587  0.005497 -0.021494 -0.075567
 -0.066995 -0.055172 -0.130637  0.053127  0.039485  0.024478]
[-1.08184  -1.162808 -0.898301 -1.048466 -0.951797 -0.935691 -0.059671
  0.049485 -0.017902 -0.021177  0.04323   0.046091 -0.021099  0.017125
  0.009027  0.035589 -0.019837 -0.026561 -0.036563 -0.018322]
[ -6.483441e-01  -8.297643e-01  -7.212435e-01  -7.460055e-01  -6.734445e-01
  -1.033061e+00   1.144336e-01  -4.809170e-03  -1.418104e-02   1.139263e-01
   9.300133e-03   4.392483e-05  -7.476271e-02  -4.780519e-02  -4.886548e-02
  -7.895403e-02   1.199750e-01   1.318830e-01  -4.716274e-02   2.219501e-02]
[ -1.011527e+00  -8.605321e-01  -9.326728e-01  -7.578386e-01  -1.014309e+00
  -8.408757e-01  -1.241100e-01   1.031543e-01   7.878784e-03   8.347177e-03
   4.307503e-02   1.444021e-02  -5.679560e-02   1.513491e-02   8.236751e-02
  -3.973880e-02   9.369097e-03  -1.146018e-01   5.217825e-04  -3.758205e-02]
('Mean', 1, ': ', -1.0115270631305553)
('Median', 1, ': ', -1.0115270631305553)
('Variance', 1, ': ', 0.0)
('Mean', 2, ': ', -0.86053214073599316)
('Median', 2, ': ', -0.86053214073599316)
('Variance', 2, ': ', 0.0)
('Mean', 3, ': ', -0.93267280720363221)
('Median', 3, ': ', -0.93267280720363221)
('Variance', 3, ': ', 0.0)
('Mean', 4, ': ', -0.75783864017359803)
('Median', 4, ': ', -0.75783864017359803)
('Variance', 4, ': ', 0.0)
('Mean', 5, ': ', -1.01430924343011)
('Median', 5, ': ', -1.01430924343011)
('Variance', 5, ': ', 0.0)
('Mean', 6, ': ', -0.84087574647965169)
('Median', 6, ': ', -0.84087574647965169)
('Variance', 6, ': ', 0.0)
('time: ', 11234.110988855362)
