“Running plot script on a single CPU core”
[ 0.014314  0.030347 -0.011061 -0.016943  0.012601  0.026441]
[ 0.097698  0.12268   0.135941  0.003318  0.042901  0.002018]
[-0.025257 -0.040361 -0.038206 -0.010852  0.013019 -0.00692 ]
[ 0.072708  0.051953  0.087092 -0.002156  0.005331  0.02158 ]
[ 0.04292   0.019219  0.027668  0.010714 -0.022246  0.013297]
[-0.013263  0.020775 -0.005174  0.017908  0.010324 -0.00944 ]
[ 0.0281    0.008211  0.06275   0.007985  0.00149   0.003115]
[ 0.053017  0.033394  0.074114 -0.004896  0.006625 -0.039451]
[ 0.016061 -0.004059  0.108573 -0.062394  0.002546 -0.040636]
[-0.019727  0.021732  0.022647  0.006627 -0.030321  0.006024]
[ 0.09      0.108875  0.063035 -0.001967 -0.01026   0.002822]
[ 0.09526   0.072998  0.081753  0.032045  0.044144 -0.021014]
[ 0.02712   0.079875 -0.004529 -0.011663  0.017797  0.019516]
[ 0.001975  0.023242  0.010824 -0.013062  0.0366   -0.008586]
[ 0.00923   0.018044  0.053709 -0.002289 -0.040356  0.028354]
[ 0.030311  0.034189  0.084979 -0.021902 -0.039585 -0.006528]
[-0.015868  0.012486  0.015901  0.03192   0.007636  0.025656]
[ 0.0471   -0.005853  0.092434  0.005918  0.01214   0.032761]
[ 0.034905  0.102787  0.106871  0.003469 -0.042404  0.009362]
[ 0.000147  0.00327   0.014784  0.024425 -0.020835 -0.035797]
[ 0.040843  0.052067  0.0998    0.031012 -0.007567  0.004237]
[ 0.026692 -0.001214 -0.027406 -0.008804  0.014434 -0.031346]
[ 0.031407  0.021819  0.022613 -0.027107  0.03549  -0.004804]
[ 0.037576  0.033612  0.065415 -0.016272 -0.006635 -0.009145]
[ 0.063421  0.056581  0.062026 -0.021601 -0.004655 -0.007563]
[-0.031683 -0.037637 -0.02838   0.005461  0.021738 -0.012071]
[ 0.065687  0.070824  0.046371 -0.017819  0.006653 -0.033625]
[ 0.032155  0.081699  0.0111    0.014322 -0.007876 -0.0322  ]
[ 0.009516  0.037906  0.037815  0.034149 -0.016348 -0.008695]
[-0.008589  0.039316  0.045457  0.02703  -0.052701 -0.000417]
[ 0.071642  0.073077  0.079956 -0.011177  0.012534  0.033601]
[ 0.013292  0.062355  0.048984 -0.011332 -0.018286 -0.014319]
[ 0.007314  0.011577  0.056176 -0.016372 -0.008879  0.019839]
[-0.002787 -0.012195 -0.061369 -0.002329  0.023993 -0.036512]
[-0.035983 -0.026787 -0.027687 -0.000735 -0.007731 -0.022522]
[ 0.067571  0.048603  0.057022 -0.019724  0.004511  0.01246 ]
[-0.011387  0.057669  0.031389  0.006118  0.020486 -0.026898]
[ 0.008556  0.056955  0.067402  0.004541  0.006981  0.010528]
[ 0.096436  0.038777  0.065969  0.008707 -0.011655  0.036601]
[ 0.051313  0.065287  0.02436   0.008367  0.031438 -0.023038]
[ 0.054622  0.024639  0.088834  0.036506  0.017035  0.016237]
[ 0.044368  0.078484 -0.005546  0.036555 -0.016536 -0.039233]
[ 0.016333  0.043099  0.048573  0.002309  0.004842 -0.001636]
[-0.073606 -0.000567  0.012663  0.003463 -0.015401  0.004424]
[ 0.033482  0.045989  0.08054   0.02345  -0.009669 -0.073651]
[-0.004184  0.07561   0.054075 -0.032157 -0.004124 -0.026718]
[ 0.092136  0.124619  0.172342  0.048163  0.01638   0.003339]
[-0.012205  0.006381  0.039322  0.037743 -0.050276 -0.000423]
[ 0.006051  0.044408 -0.010617 -0.008986  0.029211 -0.000632]
[-0.044642 -0.030361 -0.012865 -0.007863 -0.027929  0.002176]
[ 0.020776  0.032204  0.018841 -0.024761 -0.004814 -0.003775]
[-0.017136  0.04748   0.045285  0.01023  -0.006326 -0.012084]
[ 0.093798  0.079468  0.055201  0.008799  0.023448 -0.02047 ]
[ 0.105836  0.103983  0.104623  0.035859  0.025721 -0.031967]
[ 0.023738  0.046331  0.014949  0.034654  0.014375 -0.033968]
[-0.054537  0.01742  -0.018465 -0.005824 -0.026823 -0.000106]
[ 0.099457  0.039843  0.031384  0.002784 -0.007698  0.008619]
[ 0.099141  0.038367  0.065104 -0.032437  0.005155  0.035512]
[ 0.026307  0.039921  0.006992  0.019707 -0.007061 -0.005478]
[ 0.101286  0.146288  0.034241 -0.005553  0.004384  0.017447]
[ 0.049269  0.079498  0.066444 -0.031906  0.007597  0.011549]
[ 0.069445  0.025809  0.073705 -0.035667 -0.014897  0.005143]
[ 0.024019  0.040685  0.071046  0.001689 -0.00039   0.010049]
[ 0.035385  0.13664   0.110757  0.000548  0.00876   0.009365]
[ 0.008042  0.054097  0.107594 -0.00695  -0.008819 -0.008034]
[ 0.063359  0.013155  0.024199 -0.021081 -0.000922 -0.045857]
[ 0.09184   0.048732  0.130544  0.004008 -0.019688 -0.013219]
[ 0.050251  0.02083   0.076884 -0.017546 -0.003237 -0.003124]
[  1.032642e-02   3.548645e-02   4.562927e-03   5.522581e-05  -8.053035e-03
  -5.700018e-03]
[ 0.026173 -0.005256  0.068314  0.061816  0.036618  0.011497]
[ 0.038444  0.007138  0.041112  0.014849  0.018967 -0.003658]
[ 0.01623   0.058854  0.017549  0.013868 -0.023629 -0.024515]
[ 0.043422  0.076369  0.044835 -0.001255  0.031348  0.00993 ]
[ 0.079925  0.040085  0.072334  0.023768  0.012838  0.005272]
[ 0.040597  0.017679  0.014611  0.032795 -0.001738  0.025942]
[ 0.089998  0.128109  0.043984  0.004037 -0.03678   0.004652]
[ 0.031219  0.029518  0.041946 -0.023705  0.04175   0.042371]
[ 0.017216  0.06527   0.02341   0.01549  -0.017782  0.013645]
[ 0.035679  0.068673  0.01521  -0.014686 -0.01418   0.023551]
[ 0.028723  0.060267  0.02164  -0.009356  0.017836 -0.024435]
[ 0.019243  0.048245  0.062971  0.041657 -0.008166  0.02308 ]
[-0.001512 -0.048718 -0.035108  0.009385  0.00714  -0.005406]
[ 0.008997  0.004687  0.090196 -0.013107  0.010304 -0.007679]
[-0.047657  0.06387  -0.003618 -0.029613 -0.000593 -0.013382]
[ 0.085483  0.075905  0.100089  0.020334 -0.0183    0.011337]
[-0.012933  0.021329  0.024077 -0.012291 -0.012141 -0.003589]
[ 0.007218  0.043715  0.052434  0.028166  0.017554 -0.012413]
[-0.037472 -0.036844 -0.019825  0.039457  0.051774 -0.010237]
[ 0.026954  0.020189  0.069072 -0.002908 -0.00724  -0.019673]
[-0.026057  0.022476  0.029598 -0.016258  0.017324  0.010962]
[ 0.084929  0.045023  0.019091  0.027643 -0.016919 -0.056416]
[ 0.005117  0.048214 -0.061573  0.036831 -0.019965  0.002596]
[-0.132009 -0.030666  0.020266  0.002464 -0.038326  0.008054]
[-0.004821  0.069152 -0.014213  0.010395  0.016036  0.002459]
[ 0.00762   0.030169  0.028788  0.025189  0.037313  0.005691]
[ 0.020056 -0.052173 -0.068402 -0.030186 -0.015944  0.002925]
[ 0.02323   0.011705  0.003091 -0.013292  0.007595 -0.005361]
[ 0.053632  0.072203  0.059276  0.007039 -0.010279 -0.009279]
[ 0.070897  0.105984  0.081852  0.012318  0.019535 -0.016405]
[ 0.055446  0.05055   0.04939  -0.022124  0.007101  0.011986]
('Mean', 1, ': ', 0.055446470446121637)
('Median', 1, ': ', 0.055446470446121637)
('Variance', 1, ': ', 0.0)
('Mean', 2, ': ', 0.050549922643361632)
('Median', 2, ': ', 0.050549922643361632)
('Variance', 2, ': ', 0.0)
('Mean', 3, ': ', 0.049390354467920367)
('Median', 3, ': ', 0.049390354467920367)
('Variance', 3, ': ', 0.0)
('time: ', 7233.568109035492)
