“Running plot script on a single CPU core”
[ -3.138707e-02  -2.219882e-02   1.995817e-02  -9.579605e-03  -3.130915e-02
   2.000041e-06]
[ 0.027939  0.076063  0.019948  0.014264 -0.014233  0.062672]
[ 0.009808 -0.034036  0.043373  0.015154 -0.023005 -0.003876]
[ 0.048065 -0.007265  0.078733 -0.042526 -0.062717 -0.043241]
[-0.030723  0.007781 -0.013948 -0.03898  -0.037688  0.005515]
[ 0.022915  0.042533  0.019737 -0.020455  0.010809  0.027376]
[-0.025101 -0.012108 -0.038144  0.004822 -0.014744  0.039997]
[-0.00057  -0.010297  0.024204  0.001183  0.024518 -0.02616 ]
[-0.017866 -0.00382   0.051607  0.002696  0.009338  0.023756]
[ 0.001306  0.10959   0.055255 -0.001401 -0.003858 -0.000761]
[ 0.038079  0.037529  0.04202  -0.01691   0.025993  0.010482]
[ 0.082763  0.056949  0.097689  0.002422  0.006995 -0.012812]
[ 0.008406 -0.026214  0.018888  0.023584  0.003795  0.015494]
[ 0.064811  0.073091  0.148341 -0.036236 -0.00344  -0.030549]
[-0.019037  0.104559  0.087467 -0.01744   0.007728  0.004195]
[ 0.074721  0.090441  0.102189  0.02772   0.014183  0.002647]
[-0.029723 -0.046765 -0.028367  0.007356  0.00823   0.006454]
[ 0.008927  0.012901  0.037928 -0.007617  0.015995 -0.024822]
[ 0.077079  0.036571 -0.069119 -0.027469  0.016784  0.0258  ]
[ 0.014753  0.076787  0.074734 -0.000464  0.004208 -0.023647]
[ 0.065101  0.068183  0.093405 -0.010427  0.037947  0.022022]
[ 0.0009   -0.008579  0.071394  0.021532 -0.024302  0.010801]
[ 0.077079  0.101455  0.117753  0.007307  0.008927 -0.010579]
[ 0.048489  0.070011  0.057453 -0.017401  0.002559 -0.009329]
[-0.067076 -0.030396 -0.037155  0.029026 -0.018518  0.00856 ]
[ 0.056511  0.029102  0.075096  0.02575  -0.003109  0.000584]
[ 0.042362  0.077878  0.103555 -0.021304 -0.00553   0.004106]
[ 0.06051   0.035986  0.093617  0.005862 -0.014216 -0.016956]
[-0.010163 -0.002064  0.006095 -0.035533 -0.015288 -0.005329]
[ 0.033209  0.049986  0.043276 -0.000801 -0.013423 -0.013926]
[ 0.03832   0.02694   0.074299  0.003947  0.004951 -0.04126 ]
[ 0.019209  0.022671 -0.004976 -0.005021 -0.047181 -0.033273]
[-0.010319  0.009686 -0.043459  0.003104  0.010596 -0.026259]
[-0.012122  0.049032  0.057839  0.010068  0.025555 -0.015901]
[ 0.104757  0.096716  0.111094  0.011224  0.020407 -0.005196]
[-0.016176  0.065639  0.053603 -0.041153 -0.057924 -0.005776]
[ -3.073246e-02   1.671057e-02   4.424520e-02  -1.580382e-02   8.355930e-05
   7.528076e-03]
[ 0.010981  0.03024   0.023898 -0.031009 -0.017848  0.023955]
[ -1.951882e-05   6.484826e-02   5.662286e-02  -3.243517e-02   2.062663e-03
   1.273217e-02]
[ 0.05501   0.032734  0.029214 -0.001047 -0.016588  0.023527]
[-0.051888 -0.029975 -0.043061 -0.000776 -0.006707  0.013439]
[-0.018166  0.059126  0.08018  -0.022543 -0.011637  0.003479]
[ 0.027605  0.039298  0.051061  0.008206 -0.017332 -0.002608]
[-0.047997 -0.000549  0.038466 -0.023926  0.034557 -0.01197 ]
[ 0.03207   0.060141  0.087229  0.040824  0.036411 -0.021672]
[ 0.022766  0.102023  0.036804 -0.004942 -0.011028  0.002768]
[ 0.048207  0.003149  0.019187 -0.011251 -0.018823  0.00095 ]
[ 0.016374 -0.050282 -0.029265  0.030342 -0.024264 -0.01462 ]
[ 0.109945  0.169152  0.163354 -0.018884 -0.005709 -0.012025]
[ 0.038219  0.016544  0.066837  0.025695 -0.026719 -0.031654]
[ 0.077974  0.090234  0.127096 -0.015186 -0.024462 -0.00414 ]
[ 0.0143   -0.018643 -0.025196 -0.019904  0.00823  -0.007176]
[-0.054464  0.0562    0.0187   -0.036389 -0.02101   0.006739]
[ 0.072843 -0.008139  0.107423  0.028744  0.027452  0.006386]
[ 0.052285 -0.009861  0.029403  0.010008 -0.027859 -0.017626]
[ 0.060763  0.053306  0.04097  -0.029918  0.013442 -0.009265]
[ 0.016413  0.044884  0.032234  0.023914 -0.034958  0.000107]
[ 0.08326   0.097298  0.095805  0.001125 -0.003239  0.012848]
[-0.000156  0.034954  0.074442 -0.001908  0.022995 -0.006779]
[ 0.055712  0.018724  0.049087  0.012875  0.014069 -0.047576]
[ 0.094647  0.044134  0.013789  0.0117    0.01559  -0.00735 ]
[ 0.020284  0.068045 -0.011805 -0.002312  0.02056  -0.003725]
[-0.027737  0.035996  0.071261  0.011066  0.032469 -0.018099]
[ 0.057009  0.028512 -0.004087 -0.000858 -0.015807  0.00242 ]
[ 0.009939  0.102974  0.078774 -0.015134  0.039561  0.014979]
[ 0.00155   0.003652  0.041899  0.003222  0.006009 -0.009042]
[ 0.057576  0.012847  0.022379  0.019896  0.022447  0.031052]
[ 0.024142  0.018615  0.006486 -0.02258   0.016147  0.008558]
[-0.018626  0.029244 -0.001487 -0.00203  -0.020518 -0.024185]
[ 0.110755  0.10848   0.109211  0.015546  0.001832 -0.002118]
[ 0.090106  0.055296  0.094749  0.008508  0.011229 -0.014301]
[ 0.014443  0.025371  0.081252 -0.022942  0.019489 -0.014409]
[-0.003322  0.032122 -0.032567  0.017155 -0.008246  0.000985]
[ 0.037005  0.045698  0.007444 -0.042661  0.003148 -0.040457]
[ 0.037657  0.034797  0.061718  0.034915  0.00401   0.008656]
[ 0.057308  0.05734   0.069906 -0.025143  0.00382   0.004422]
[-0.030938  0.010816  0.03967   0.003679  0.003554  0.01986 ]
[-0.003467  0.040622 -0.034789  0.012953 -0.021014 -0.016378]
[ 0.042051  0.069037  0.012994 -0.008904 -0.003278 -0.008881]
[-0.006037 -0.028502 -0.01052   0.013546  0.009482  0.016273]
[ 0.096766  0.096908  0.136635  0.026004  0.034292 -0.011371]
[ 0.069068  0.052823  0.118205 -0.031502 -0.005417  0.007281]
[ 0.039251  0.039715 -0.015437 -0.008653  0.026679  0.001426]
[ 0.021683  0.098499  0.039608 -0.004188  0.00364  -0.007385]
[ 0.000343  0.003313  0.061347  0.004313  0.036209  0.015759]
[ 0.030733  0.065679  0.042593 -0.011451 -0.007369  0.021975]
[ 0.066643  0.110512  0.113855  0.002254  0.018231  0.021846]
[ 0.012995  0.05969   0.030843 -0.004805 -0.010074 -0.023291]
[-0.001605  0.04264   0.017917  0.013483  0.005014  0.041628]
[ 0.06504   0.105778  0.105415 -0.011616  0.028569 -0.022257]
[ 0.0813    0.085021  0.081807 -0.005038  0.000396  0.006592]
[ 0.055367  0.029463  0.038056  0.005117  0.00548  -0.021594]
[ 0.024179  0.040273  0.050222 -0.000494 -0.014806 -0.012889]
[ 0.0597    0.044197  0.077814 -0.030617  0.008842  0.006896]
[ 0.082491  0.025804  0.07844  -0.029685  0.000786 -0.03494 ]
[-0.000976  0.059885  0.069665 -0.006744 -0.015238 -0.012097]
[-0.006904 -0.028911 -0.016408 -0.015932 -0.018867 -0.043561]
[ 0.076927  0.087799  0.111266  0.001429  0.00509  -0.017335]
[ 0.013891  0.005303 -0.025373 -0.020007 -0.002053  0.006594]
[  7.340746e-02   4.407708e-02   4.785935e-02   7.290342e-05   1.053759e-02
   1.053517e-02]
('Mean', 1, ': ', 0.073407463114922092)
('Median', 1, ': ', 0.073407463114922092)
('Variance', 1, ': ', 0.0)
('Mean', 2, ': ', 0.044077076667255848)
('Median', 2, ': ', 0.044077076667255848)
('Variance', 2, ': ', 0.0)
('Mean', 3, ': ', 0.047859351633749568)
('Median', 3, ': ', 0.047859351633749568)
('Variance', 3, ': ', 0.0)
('time: ', 9586.594765901566)
