“Running plot script on a single CPU core”
[ 0.331774  0.244503  0.0537    0.209314  0.282051  0.094746  0.315294
 -0.891254 -0.2317    0.31455   0.333102  0.244943 -0.367792  0.223228
 -0.191312  0.324246 -0.184988 -0.041613  0.271922  0.005944]
[-0.233684  0.21702   0.330245  0.291939  0.125947  0.199922  0.318499
  0.205347  0.17271   0.040534  0.154906 -0.672862 -0.19514   0.330875
  0.151026  0.329552 -0.818772 -0.865172  0.312555 -0.047099]
[ 0.003381  0.330504 -0.303235  0.32659  -0.425673 -0.057414  0.295876
  0.331564  0.248926  0.326197 -0.417395 -0.68952  -0.21879   0.309568
  0.326493 -0.936293  0.132794 -0.67244   0.32922   0.285493]
[ 0.326531  0.053439 -0.832838 -0.561252  0.333332  0.293011  0.242134
  0.284033  0.006451 -0.182075  0.202675  0.278797  0.33242   0.190382
  0.267031 -0.618405 -0.319685 -0.87111   0.29949   0.330621]
[-0.999616 -0.129274  0.206099  0.330687  0.291647  0.048499  0.295835
  0.134668 -0.948501  0.332052  0.174087  0.193934  0.311126  0.310858
  0.266921  0.030706  0.134845 -0.566139 -0.984418 -0.978517]
[ 0.186239  0.333151  0.294679 -0.044459  0.023079  0.333106  0.332464
  0.320854 -0.698802  0.296182  0.011808  0.264862  0.327017  0.243574
  0.323538 -0.354032 -0.113822 -0.720667 -0.398322  0.193658]
[-0.7245    0.033768  0.280906  0.107106 -0.199107  0.301024  0.323983
  0.319579  0.226552 -0.093444  0.045367  0.322021 -0.1115    0.281604
  0.234085  0.324799  0.267581  0.176068 -0.277922  0.295883]
[-0.997914 -0.011403  0.174715  0.258969  0.007026  0.320581  0.331667
  0.298577  0.333155  0.325168  0.333189  0.292799  0.3118    0.303035
  0.160176  0.276035 -0.798611  0.315578 -0.999783 -0.017481]
[ 0.293543 -0.17471   0.20342  -0.318824 -0.920195  0.260905 -0.506184
  0.269014  0.322657 -0.992823  0.276426  0.325593  0.246615 -0.999142
  0.325323  0.298492 -0.119997 -0.130413  0.287239 -0.709838]
[-0.145974  0.254983 -0.61051   0.333161  0.019651  0.277722 -0.14001
 -0.006658  0.158084 -0.857434 -0.095207  0.063813  0.054838  0.083206
 -0.428053 -0.226308  0.251343  0.33227   0.009403  0.332932]
[ 0.333111 -0.183505 -0.354663  0.302906 -0.130966  0.193202  0.333151
  0.316649 -0.01476  -0.601015  0.225173  0.305924 -0.944503 -0.637147
  0.290973  0.186807 -0.964607  0.118697  0.208034 -0.441213]
[ 0.298135  0.328021 -0.478285 -0.18495   0.326369 -0.024317 -0.926457
 -0.287396  0.187301 -0.545376  0.133659 -0.193245  0.273766 -0.912902
 -0.496908  0.331839  0.169188  0.212211  0.327466  0.312006]
[ 0.284837  0.181796  0.124651  0.33314   0.218992  0.300646  0.226662
 -0.463142  0.163359 -0.639872  0.210348  0.291034  0.306507 -0.394338
  0.141083  0.265928  0.322622 -0.09972   0.332465  0.149813]
[-0.426731  0.332588  0.237315 -0.138088  0.03115   0.199392 -0.180766
 -0.041696  0.316645  0.239658  0.197911  0.326905  0.316522 -0.2029
  0.333321  0.252668 -0.090753 -0.119826  0.282093  0.230329]
[ 0.308286 -0.051549 -0.072678  0.319534  0.117011  0.310579  0.019172
 -0.978543  0.288341  0.332167  0.08658   0.286785  0.309741  0.264432
 -0.753205  0.331677  0.247144  0.319759  0.31179  -0.067551]
[ 0.122937  0.331784  0.288577  0.231097  0.254511  0.298373  0.303608
  0.281277  0.331411  0.333315  0.283359  0.162237 -0.97833   0.312882
  0.33133  -0.719396  0.305039  0.290845  0.317665  0.319512]
[ 0.329551  0.248299  0.19174   0.315944  0.310991  0.332042 -0.95489
 -0.307553  0.183507  0.286606  0.320647 -0.94472   0.328828 -0.850459
 -0.992385 -0.599807  0.251211  0.129959  0.207504  0.212966]
[ 0.333324 -0.350693  0.219544  0.251354  0.018077  0.118836  0.333112
  0.171766  0.332498 -0.598663  0.27151   0.333178  0.159989 -0.061305
 -0.48702  -0.24409   0.273187  0.331045 -0.028162  0.018473]
[ -3.152825e-01  -1.076782e-01   3.314266e-01   6.114269e-02   3.088863e-01
  -6.145099e-01   2.727141e-01   5.800837e-02   7.311563e-02  -5.150299e-01
  -4.449075e-04   2.092749e-01   3.186402e-01   2.046880e-01   3.188699e-01
  -5.193595e-02  -9.661919e-01   3.208237e-01   4.337804e-02   3.186779e-01]
[  3.332377e-01   6.310198e-02   3.126658e-01   3.316494e-01   2.956151e-01
   3.319330e-01  -4.049808e-04   2.188869e-01  -3.749497e-03   2.790615e-01
   1.684489e-01   2.461021e-01   1.457055e-01   3.299250e-01   2.024921e-01
   1.779053e-01   1.766975e-01   3.251382e-01   3.269516e-01  -9.677354e-01]
[-0.007425  0.229748  0.23041  -0.01305   0.247089 -0.5353   -0.49096
  0.325471  0.293469 -0.392918  0.246478 -0.267769  0.233287 -0.877215
 -0.398    -0.618737  0.206342  0.080121 -0.727062  0.265812]
[ 0.179511 -0.025773 -0.922717  0.30275   0.067007 -0.03124   0.317674
 -0.931546  0.285433  0.333316  0.30062   0.214521  0.218968  0.323608
  0.333239  0.161976  0.147525  0.222    -0.47069   0.135577]
[ 0.039947  0.330191 -0.978267 -0.307636  0.213288 -0.92795  -0.638723
 -0.108432  0.103395  0.228781 -0.057423  0.330511  0.134654 -0.976439
  0.228318  0.311854  0.324816  0.325789 -0.689895  0.139209]
[-0.151126  0.33332   0.094444  0.028716 -0.398795  0.012267  0.121777
 -0.976778  0.118565  0.290909  0.2372    0.325755 -0.479029 -0.994927
 -0.152641  0.184931 -0.635144  0.309484  0.140929  0.122611]
[ 0.328831 -0.069782 -0.346552  0.124777  0.1456   -0.044051 -0.348862
  0.280839  0.270933  0.234799  0.1219    0.325884 -0.101451  0.181338
  0.190786  0.202931  0.328872 -0.764936  0.014027  0.324672]
[ 0.326791  0.052776  0.100816  0.322401 -0.999335  0.173394  0.288149
  0.306101  0.148381  0.318259  0.294748 -0.057962 -0.104569  0.262007
  0.122503  0.322202  0.252747  0.316911 -0.158745  0.118109]
[-0.388343  0.248241  0.207471 -0.023511 -0.994383  0.296122 -0.122037
  0.245091  0.158359  0.193152 -0.246041 -0.519172  0.112544 -0.585793
  0.275333  0.255493  0.322538  0.278499  0.296157  0.327862]
[ 0.312527 -0.487063  0.107812  0.324726  0.234329  0.041395  0.332188
  0.29489  -0.009536  0.283175 -0.721137  0.14907  -0.009837  0.030893
  0.076493 -0.997897 -0.37005   0.029937 -0.342653  0.293799]
[ 0.087902 -0.949685  0.298644  0.291043  0.291773  0.315572  0.300596
  0.277649 -0.2416    0.194419  0.324193  0.286059  0.248845  0.2323
  0.331237 -0.176278  0.333313  0.332726  0.324454 -0.025479]
[ 0.299449  0.24802   0.153457  0.109259  0.32027   0.286623  0.333333
  0.124276 -0.143053 -0.114925  0.298592  0.277229  0.242075  0.313489
 -0.825534 -0.778501  0.310344 -0.008702  0.281641 -0.385457]
[ 0.285113  0.332074  0.32802   0.30915   0.322066  0.331356 -0.029537
  0.289953  0.318701  0.329784 -0.075964  0.212929  0.314261  0.124057
 -0.082984  0.329103  0.303743  0.273928  0.324118  0.288572]
[ 0.24248  -0.388311  0.012855 -0.244025 -0.115911  0.171254  0.331544
 -0.395383  0.185426  0.002758  0.285008 -0.900943 -0.832454  0.302514
  0.317807  0.310074  0.137465 -0.335115 -0.273145  0.326505]
[ 0.302145 -0.049929 -0.855815  0.314836  0.236073 -0.05792   0.328548
  0.332794  0.16692  -0.083615 -0.941655 -0.962959  0.322145  0.249276
  0.332208 -0.20442   0.290247  0.290883  0.274516  0.282011]
[ 0.152424  0.298994 -0.742193 -0.10085  -0.262893  0.237666 -0.305197
 -0.562016  0.179643  0.320908  0.16434   0.274375  0.198339 -0.145251
  0.332203 -0.165088  0.086897 -0.025203  0.319611 -0.254052]
[ 0.28033   0.209881 -0.704831  0.331674  0.198971 -0.025343  0.333211
  0.30647   0.326531  0.323412 -0.634769  0.260587 -0.447217  0.294424
 -0.397147  0.311447  0.279698  0.33284  -0.372398 -0.934189]
[-0.316924 -0.523949  0.252842  0.323892  0.281245  0.112058  0.320789
  0.131689  0.041183 -0.110045  0.047695  0.027924 -0.582421 -0.992165
 -0.317969  0.310982  0.207564 -0.137123  0.118155  0.328221]
[ 0.172393  0.223364  0.323456  0.280195 -0.560887 -0.236917  0.327823
  0.246394 -0.389668  0.011917 -0.987681  0.299343  0.197237 -0.078453
 -0.934956  0.234055 -0.305673  0.220868 -0.995855  0.332644]
[ 0.308254  0.017297 -0.831124  0.255922 -0.740491 -0.027377  0.322067
  0.328308  0.187065  0.281819 -0.987694  0.048751 -0.542536  0.177035
  0.327042 -0.556259  0.222533  0.302768 -0.622163  0.314902]
[ 0.219433  0.069329  0.320161 -0.460927  0.150669 -0.368448 -0.037322
  0.331891  0.288265  0.327652  0.324548 -0.225071  0.243647 -0.998701
  0.329751  0.3179    0.199701  0.330403 -0.973637 -0.254016]
[ 0.251635  0.323237 -0.044973 -0.350935  0.332681  0.329008 -0.939142
  0.07024   0.325733 -0.040825  0.326593  0.33096  -0.222993  0.186723
  0.199997  0.184296  0.185931  0.266744  0.324472 -0.098202]
[ 0.237407 -0.129227  0.258935 -0.870572  0.322772  0.316501  0.23538
  0.20465   0.240683 -0.043906  0.2966    0.06687  -0.583195 -0.933341
  0.233444 -0.199941  0.312109  0.222129  0.162492  0.307687]
[ 0.225885  0.316659  0.291615  0.098504  0.2017    0.252995 -0.503556
 -0.057799 -0.28013   0.227331 -0.59801   0.325405 -0.01152   0.104129
 -0.823104 -0.098233 -0.877479  0.089626  0.320814  0.313606]
[ 0.276412  0.289813 -0.553819  0.320506  0.074574  0.33072   0.076956
  0.303486  0.242371 -0.008331  0.079416 -0.079184  0.093461 -0.835042
  0.140245  0.333052  0.298617  0.285492  0.286955  0.291782]
[ 0.272852  0.307249 -0.100067  0.272792  0.280564  0.236971  0.245397
 -0.914073 -0.993639  0.163759  0.278068 -0.271645  0.329602  0.25886
 -0.174479 -0.184222  0.167617  0.127781  0.299749  0.33314 ]
[ 0.028684 -0.800884  0.312382 -0.597768  0.190555  0.309259  0.104024
  0.333332  0.085805 -0.162797  0.317579 -0.995184  0.333048 -0.254859
 -0.452772  0.332419  0.17691   0.332246  0.325906 -0.729332]
[-0.053537  0.019609 -0.435715 -0.124531  0.193447 -0.01672  -0.882706
  0.332254 -0.924001 -0.122462 -0.035099  0.264332 -0.501125 -0.554992
  0.331601  0.2297   -0.040532  0.194225 -0.491747 -0.146234]
[ 0.142745  0.112582  0.134684  0.325755  0.333198 -0.143196 -0.706273
  0.30818   0.305869  0.324578  0.320305 -0.165611 -0.134567 -0.895285
 -0.330485  0.078879 -0.497062  0.33069  -0.083391  0.175187]
[ 0.331816  0.315498 -0.347079 -0.888456  0.052005  0.131927 -0.854545
  0.306264  0.328423  0.097252  0.259957  0.28545  -0.078941 -0.932962
 -0.602253  0.299551 -0.792719 -0.605204 -0.380693 -0.685325]
[ 0.33243  -0.268049 -0.019216  0.039338  0.084324  0.223478  0.283446
 -0.167822  0.329873  0.05945   0.301146  0.242983 -0.017727 -0.529439
 -0.969682 -0.104244  0.3255    0.121199  0.265376  0.244352]
[ 0.291182 -0.356898 -0.855648  0.172819 -0.070268  0.330236  0.26285
 -0.596448 -0.47822   0.305106 -0.354066 -0.145181  0.126349  0.100802
  0.3083    0.271153 -0.885796  0.315369  0.092594  0.146574]
[ 0.001547  0.108561  0.332127  0.265174  0.212179 -0.092713  0.072383
  0.198329 -0.403606 -0.225068  0.112661  0.323219  0.30063   0.325251
  0.161136 -0.931615 -0.078532 -0.280787  0.244894  0.253544]
[-0.005176  0.208871  0.318309  0.21883   0.31491  -0.930289  0.167903
  0.257723  0.333323  0.323575  0.328929 -0.319225  0.328471  0.263882
 -0.319208  0.059863  0.239148  0.33217  -0.418501  0.310542]
[ 0.257     0.029406  0.111658  0.035975 -0.466288  0.275233  0.184212
 -0.743856  0.296214 -0.962516 -0.90104   0.167912  0.307608 -0.763756
 -0.493874 -0.996293 -0.708065  0.323745 -0.844117  0.071045]
[ 0.276339  0.231684  0.331694 -0.83729  -0.946961  0.319584  0.040058
 -0.27036   0.333332  0.333301  0.333187 -0.32341  -0.191895  0.132574
  0.154376  0.066948  0.306769 -0.102127  0.04394   0.319013]
[  1.267490e-02   3.253123e-01   2.144397e-01   3.322499e-01   2.955066e-01
   1.400183e-01   2.931922e-01  -9.990432e-01   7.164363e-02  -1.649778e-01
   3.102649e-01   2.580253e-01  -9.737714e-01  -5.884777e-01   2.731459e-01
   2.034351e-01   3.245729e-01   3.316148e-01  -2.322994e-02   5.688282e-04]
[ 0.258371 -0.316603 -0.939703 -0.976866  0.118743  0.301595  0.292342
 -0.695056  0.165983  0.014118 -0.856867  0.279303 -0.630432  0.286231
  0.170415  0.169485  0.33324   0.2154   -0.472495  0.305664]
[-0.759036 -0.682945 -0.904966  0.332752  0.282999  0.024303 -0.179632
  0.04931   0.304965  0.328762 -0.534859 -0.91142  -0.497528  0.333244
 -0.959483  0.320716 -0.665442 -0.266118 -0.142191  0.321188]
[-0.143832  0.332878  0.137677  0.224746  0.313301  0.20564   0.206377
  0.328152 -0.951434 -0.750058  0.320379  0.327017  0.27916  -0.98029
  0.275027  0.08163   0.036372 -0.026484  0.216388  0.318882]
[ 0.318511  0.205808 -0.354103  0.001802 -0.006361  0.324796  0.329082
  0.036355  0.277344  0.134159  0.317345 -0.652516  0.24427   0.315177
 -0.999404 -0.04494  -0.975798  0.108892  0.023036 -0.952309]
[-0.843461  0.266502  0.277659 -0.505166 -0.378433  0.022805 -0.677851
 -0.007491  0.285938  0.323085  0.26061   0.328125  0.330203  0.225379
  0.317333  0.333332  0.139242  0.304515  0.219403 -0.168706]
[-0.225883  0.327641  0.321913  0.128728  0.308642 -0.423326  0.282269
  0.333333  0.249219  0.240484  0.324317 -0.52415  -0.232401  0.169592
  0.318647  0.136765  0.331443  0.037729 -0.748594  0.290053]
[-0.355239  0.142264  0.233627  0.330433  0.321375  0.326904  0.238825
 -0.91623  -0.134709  0.284683  0.308708  0.325941 -0.129996 -0.314286
  0.333225  0.331042  0.233968 -0.610006  0.280839  0.324431]
[-0.249512  0.28489  -0.756976 -0.117198  0.207751  0.118749  0.3201
  0.046532  0.264223  0.244152 -0.055846 -0.791906  0.267847  0.325996
  0.331921  0.232804 -0.103167 -0.427034  0.299465  0.204751]
[ 0.265193  0.316555  0.214314  0.327752 -0.478315  0.328816 -0.752265
  0.104492 -0.99947   0.010121  0.208351 -0.103278  0.324604  0.066371
 -0.277372  0.332556  0.296958  0.333268  0.300485  0.229272]
[ 0.246344 -0.871189  0.323681 -0.668901 -0.760121  0.331218 -0.44178
  0.088786  0.312896  0.106437  0.182602  0.21629   0.163651  0.316762
  0.130562 -0.016383  0.289593 -0.080465  0.311972 -0.931046]
[ 0.31804   0.212708 -0.782101  0.229115  0.186409  0.315364  0.319714
 -0.270218  0.169535 -0.209546  0.311255 -0.467171  0.288613  0.330711
 -0.128438  0.322995  0.15308  -0.002995  0.060403  0.333256]
[ 0.138076 -0.309758 -0.98678   0.333037  0.308511 -0.291768 -0.761182
  0.247789  0.292328 -0.990329  0.011709 -0.309893  0.315964  0.274797
  0.32204   0.122882  0.330487 -0.274706 -0.169172  0.331441]
[ 0.276435  0.33286  -0.684636 -0.086054 -0.239109 -0.139567  0.314011
  0.316903  0.322772 -0.577859  0.235786  0.272849  0.316994  0.177813
  0.206618 -0.398879  0.283279  0.317857  0.322477  0.098505]
[ 0.298458  0.297159  0.304748  0.093927  0.282214  0.330133  0.295236
  0.250243  0.308864  0.265584  0.280202  0.197343  0.239565  0.179102
  0.264536  0.327523 -0.970359  0.324499  0.072142 -0.051596]
[ 0.124536 -0.335365  0.306668 -0.576266  0.221705  0.232222  0.093927
  0.318737  0.330449 -0.830282 -0.621394  0.318767  0.258936  0.309087
  0.262911 -0.999957  0.307354  0.333325  0.290021  0.215108]
[ 0.221925  0.315651  0.207048 -0.394833 -0.900924  0.256692  0.293787
  0.304948 -0.942506  0.330668  0.28746   0.329798  0.118743  0.332171
  0.085425  0.179924 -0.888126  0.33181  -0.373902  0.253808]
[ 0.314287  0.128021 -0.376791  0.299731  0.222471 -0.448953  0.225823
  0.249388 -0.259959  0.282558  0.21814   0.074732 -0.664342  0.205567
  0.243362  0.217375 -0.163972  0.146664 -0.969408 -0.009067]
[-0.372558  0.305653  0.175112  0.296075  0.318194 -0.131237  0.328713
  0.277406  0.059314 -0.160018  0.255991  0.152552  0.287805  0.329467
 -0.59065   0.263416  0.075681 -0.341193 -0.998532 -0.289905]
[ 0.324035  0.097194  0.331164  0.05498   0.206414  0.056132 -0.923343
  0.206286  0.124578  0.226642 -0.474215 -0.860664 -0.418432  0.059623
  0.333333  0.168112  0.154177  0.2953    0.331164 -0.687326]
[-0.294272  0.012821  0.247003  0.31748   0.245309  0.296181 -0.470606
 -0.957612  0.316152 -0.630983  0.048989  0.270301  0.289471  0.332119
  0.332563  0.290463  0.265829  0.291586  0.249007  0.330111]
[ 0.332286  0.251359  0.173387  0.331819  0.333254  0.178001  0.332953
 -0.398951 -0.71507   0.307657  0.303763  0.278288  0.317333 -0.320816
  0.306116 -0.864119 -0.600586 -0.762456  0.316614  0.315794]
[ 0.333332  0.282802  0.315519  0.316842  0.31499   0.333263  0.078625
  0.294948  0.297278  0.317077 -0.054913  0.318787  0.247455  0.152518
  0.327585 -0.391743  0.329293 -0.013246  0.073858  0.314621]
[-0.089867 -0.898959  0.325565 -0.358029 -0.012518  0.051933  0.17411
  0.219358  0.333237  0.316509 -0.960729  0.149867  0.172223 -0.201196
 -0.094672  0.284631  0.283748  0.186354 -0.613383  0.32774 ]
[-0.128368  0.031574  0.325558 -0.21436   0.287151 -0.965571  0.333249
  0.295363  0.135815  0.322733 -0.352895  0.326935  0.01649  -0.798297
  0.320144 -0.096     0.255859 -0.574637 -0.668975  0.303471]
[ 0.257578 -0.602665 -0.551774  0.25438   0.318187  0.331186 -0.898102
  0.330246  0.328374  0.330319 -0.274704 -0.361685  0.333094 -0.68074
  0.014817 -0.255611  0.246495  0.296145  0.268738  0.333304]
[ 0.212497  0.277701  0.162592  0.277171  0.183427  0.309476 -0.140009
 -0.016911 -0.488409  0.311361 -0.944165  0.112538 -0.945394  0.255335
 -0.380543  0.082643 -0.425752  0.267529  0.288254 -0.146483]
[-0.526107  0.329377  0.306954 -0.258509  0.326904  0.29295   0.329942
 -0.873631 -0.434161 -0.708588  0.305341 -0.630398  0.188825  0.313934
  0.326671 -0.870601  0.318878 -0.469521  0.22243   0.323991]
[-0.275219 -0.800653  0.017105 -0.614806 -0.17231   0.172706 -0.363377
  0.151679 -0.889206  0.261959  0.064525 -0.813543 -0.641266  0.323384
  0.130308  0.329665 -0.59722   0.172481  0.244629 -0.138784]
[-0.65928  -0.900227  0.024767  0.328594 -0.584519 -0.595797  0.295454
  0.303798  0.213427  0.254222  0.215058  0.320456  0.003118 -0.727026
 -0.117107  0.279387  0.289236 -0.242319 -0.420943 -0.586303]
[-0.726887  0.173403  0.325066 -0.145489  0.326789  0.03793  -0.068852
  0.252253  0.32545   0.302405 -0.145714  0.309681  0.289928  0.255305
 -0.421564 -0.431953  0.047193 -0.590949  0.284262  0.226353]
[-0.186074  0.156986 -0.365931 -0.239389  0.331889 -0.885362  0.067529
 -0.44031  -0.198135  0.212243  0.20413  -0.556576 -0.274303 -0.627341
 -0.484729 -0.610711  0.331681  0.224425  0.109489  0.329823]
[ 0.126838  0.285306  0.113791 -0.485159  0.087695 -0.868188  0.332697
 -0.113131 -0.014518 -0.979165 -0.366422  0.198641 -0.991989 -0.574952
  0.312536  0.269255 -0.847556  0.122374 -0.020303 -0.349912]
[ 0.322482  0.251108  0.264441 -0.107226  0.319947  0.110443  0.32147
  0.302831  0.304074  0.256678  0.207488  0.175909  0.331844  0.244523
  0.320663 -0.135139  0.32043   0.144003  0.330895  0.083135]
[-0.142555 -0.325223  0.293973 -0.758937  0.197815  0.153712 -0.001756
  0.240937  0.327434  0.03005   0.256253 -0.192127 -0.794245  0.272985
 -0.832519  0.142138 -0.203102  0.212366 -0.917749 -0.142937]
[ 0.296549 -0.74538   0.269245  0.326743 -0.952655  0.037147  0.31679
  0.330841  0.331806 -0.619304 -0.115589  0.321762 -0.529193  0.172904
  0.120867  0.300108  0.238764  0.167507 -0.318231  0.17296 ]
[ 0.266986  0.326365  0.154655  0.2686    0.310657  0.325878  0.225791
 -0.999913  0.289343  0.329929  0.325629 -0.194103  0.037776  0.194769
  0.244088  0.19168   0.33143  -0.76981   0.137292  0.176804]
[ 0.28546  -0.970829  0.020657  0.321334  0.331629  0.071505 -0.150022
  0.303317  0.015603  0.248889 -0.01513  -0.516431  0.010025  0.200516
 -0.187114  0.23649   0.331093  0.063931  0.206184 -0.942802]
[ 0.176161 -0.973015  0.27264  -0.999413  0.268926  0.227966  0.074524
 -0.06119   0.289293  0.32486   0.277553  0.318848  0.170042  0.2577
  0.333308  0.084675 -0.481389  0.293918 -0.491972  0.139419]
[-0.073455  0.050566  0.162194 -0.086927  0.333092 -0.837969  0.230198
  0.033619  0.333183 -0.083966  0.331473  0.330267 -0.107292 -0.00429
 -0.558638  0.319473  0.158443  0.257634 -0.170467  0.282785]
[-0.265897  0.296052 -0.346218 -0.711675  0.289379  0.315012  0.087301
  0.280529  0.318106  0.260799  0.279244  0.325756  0.329706  0.049724
  0.311649  0.326982  0.294259  0.309177  0.317917 -0.090257]
[-0.200255 -0.579492  0.326233 -0.017689  0.333187  0.300159 -0.530504
  0.08983   0.112774 -0.988516  0.087245  0.213054  0.317193 -0.635565
 -0.846716  0.324373 -0.984744 -0.251205  0.219591  0.184464]
[ 0.228535 -0.306074  0.264824  0.328322  0.321631  0.172796  0.329158
  0.087423  0.209775 -0.28044  -0.736883 -0.150894 -0.709797  0.163074
  0.269679  0.103186  0.019437 -0.100962 -0.819386  0.219294]
[-0.998807  0.226866  0.060591  0.332801  0.18631   0.290549  0.298434
  0.333236  0.154342  0.222024 -0.278263  0.310598  0.189129 -0.815161
  0.222883 -0.47734  -0.971178  0.270798  0.188742  0.317479]
[ 0.286954 -0.554952  0.22979   0.333142  0.333297  0.290922  0.111808
 -0.398885  0.29895   0.330963  0.010906  0.2156    0.162427  0.017112
  0.096662  0.312631  0.30553  -0.372605 -0.697714  0.141409]
[-0.042131 -0.40515  -0.93472  -0.110732  0.319765  0.115052  0.250962
 -0.077506  0.275209 -0.580105  0.311077  0.31257   0.052851  0.318364
  0.331457 -0.013261 -0.949388  0.325305  0.312546 -0.089226]
[0.040330713439777566, 0.024675692652642939, 0.0039448998672819997, -0.043113097034901848, 0.021373380015233368, 0.024056971668174054, 0.034774143969133142, 0.038148131804955576, 0.050375502455924565, 0.043737049246357657, 0.047092227135394404, -0.038648748699215141, 0.013222901511579066, -0.0040989244702250294, -0.041103092941334185, 0.025345427055197711, -0.073317521895477911, -0.052075614841338602, -0.018056960937646027, 0.025104422554916295, -0.035908939976254502, -0.0056186454475054826, 0.05097115506235126, 0.0048888549861700603, 0.061622101569073551, 0.067532112495567342, 0.028478605141865732, 0.05408537162696081, 0.032683711451085083, 0.020462641162839967, 0.022896560490840101, 0.052879537912540214, -0.024700696163567848, 0.061977981536646132, 0.086171373344001101, 0.0069229986313938396, -0.022449693826060046, 0.036998893885422046, 0.023684220996938815, -0.030707142329777393, -0.032614692268536444, -0.023651457036025308, 0.064053911321102747, 0.05263276637901293, 0.072579802471046256, -0.0207095882702572, -0.041265090670651289, 9.526944735221976e-05, -0.1138237851986712, 0.027906137358214511, -0.02089159804791569, -0.0023218909347414783, 0.088223069236445628, -0.029049849935046446, 0.026579678378844226, 0.086996847913691833, -0.045637814474303262, 0.022927551794975715, 0.017039863171425307, 0.04367195474042207, 0.013442563132047669, -0.019105453821866014, -0.013799345132086221, -0.026313638127806294, 0.054431307922690797, 0.081832121432331456, 0.0083635249280187285, 0.027941509000519643, -0.011689379082732876, 0.029350677218513213, 0.025706028476362053, -0.00090342804161086532, -0.0014971778750295095, 0.019862069252613246, 0.023009568431396954, 0.020125816478747338, 0.015947674160936065, -0.00039997809729115652, 0.031551281922413715, -0.021613841307413562, 0.10602917539726414, -0.010123660213278485, -0.0037449112220262482, -0.028974984793631697, 0.023285617338213438, -0.0068088062606882771, -0.0038236594292995474, 0.049677981295418783, 0.029845982772206431, 0.066937664004651343, 0.1525151561965204, 0.031805977628789395, -0.019571104608165274, 0.044707993371386867, -0.036041061640464084, 0.0051700165041325685, -0.020177343685294669, -0.017841226232126695, -0.028462132795119888, 0.0040116810669684477]
('time: ', 10082.304691076279)
