“Running plot script on a single CPU core”
[ 0.239015  0.314014  0.241578  0.248234  0.331403  0.132623  0.139089
  0.331771 -0.977105  0.257246  0.16512   0.328702  0.163503 -0.020354
  0.113234 -0.022363  0.281109  0.316761  0.319607  0.333211]
[-0.886749  0.06876   0.330716  0.186645  0.274527  0.323428 -0.004736
 -0.265903  0.332904  0.316561  0.042033  0.323089  0.266132  0.283808
  0.2807   -0.312023 -0.55071   0.267504  0.169967 -0.797971]
[-0.245499 -0.158428  0.063704 -0.940628 -0.209074  0.053667  0.333333
  0.328489  0.324182  0.333312  0.301514  0.29589   0.117467  0.09378
  0.332111 -0.72717   0.231705  0.332551 -0.170002 -0.184755]
[ 0.332806  0.231934 -0.504557  0.324871  0.306674  0.308437  0.202739
  0.290137 -0.946456  0.32073  -0.061147  0.33314   0.243198  0.093649
  0.320735  0.047463  0.328231 -0.044253  0.253266 -0.348245]
[-0.556294  0.301036  0.305941 -0.716503  0.275451  0.21471   0.332859
  0.274319 -0.038656  0.287175  0.271564  0.174944  0.284215 -0.696354
 -0.207457 -0.762911  0.333117  0.089267  0.292909  0.320438]
[-0.308749  0.290733  0.328032  0.270898  0.332289  0.171255 -0.381622
 -0.773212  0.31473   0.203824 -0.075185 -0.550309  0.069414  0.087322
 -0.624825 -0.15651   0.324155  0.276715 -0.375032  0.076224]
[ 0.293415  0.324232  0.316808 -0.070557 -0.906178 -0.657289  0.315809
  0.02378   0.32417   0.199466  0.33209   0.14729   0.333248  0.001382
  0.317066 -0.604446  0.331117  0.325947  0.29737   0.162356]
[ 0.318688  0.333279  0.232603 -0.124936 -0.998098 -0.648513 -0.871052
  0.29558  -0.011648  0.22028   0.328303 -0.122804 -0.008087  0.057019
  0.304095  0.300943 -0.999526 -0.337166 -0.115031 -0.423467]
[ 0.003036  0.323135  0.331595  0.153373  0.319271  0.285178  0.070959
 -0.717636  0.269633 -0.400442  0.304594  0.333325 -0.07816   0.038646
  0.325447  0.157216  0.325228  0.121885 -0.594786  0.110614]
[ 0.224127 -0.175688 -0.330539  0.332288  0.302686  0.321658  0.312059
  0.31495   0.276207 -0.706691  0.232628  0.32859   0.327064 -0.138602
 -0.282651 -0.190976  0.029033  0.230505 -0.993776 -0.337046]
[ 0.310071  0.291683  0.040058  0.326364  0.33276   0.259765  0.328187
  0.128875 -0.016531  0.284685  0.061219  0.29082   0.05852   0.124182
  0.264729 -0.131726 -0.934429  0.181069  0.097682  0.332182]
[ 0.293967 -0.190196  0.332668  0.278476  0.332811  0.066511  0.207429
  0.2391    0.102404  0.254934  0.243248 -0.564783  0.311717  0.291238
 -0.693445  0.297458  0.333111  0.324163  0.279223 -0.496746]
[ 0.327157  0.174911  0.333314  0.185076  0.331212  0.18779   0.008657
  0.326117  0.333283 -0.469246  0.006596  0.282476  0.332273 -0.623904
  0.331117  0.328722  0.326395 -0.007466 -0.566518 -0.099167]
[-0.439058  0.333009 -0.720405  0.332209  0.28617  -0.079945 -0.006555
 -0.273246  0.08901   0.066153  0.328418 -0.64641   0.333182 -0.703923
  0.309404 -0.942814  0.332999  0.322473  0.321719 -0.106985]
[ 0.325706  0.009775 -0.001978 -0.043853  0.301145 -0.277264  0.309391
  0.316281  0.033417  0.299205 -0.757413  0.331758 -0.164334  0.207599
 -0.232175  0.333148 -0.412813  0.055915 -0.046749  0.319228]
[-0.910516  0.257527 -0.872824 -0.535501  0.324143 -0.024886  0.135315
  0.331096 -0.03973   0.213174  0.305784  0.156604 -0.152733  0.33321
 -0.525341  0.112182  0.183095 -0.071392  0.085271  0.260682]
[-0.519987  0.289293  0.329934 -0.131409  0.332853 -0.951477 -0.794389
  0.091697 -0.488972 -0.172039  0.231281  0.274993  0.267915 -0.833758
 -0.325647  0.332702  0.192192 -0.297846  0.327592  0.317183]
[-0.32214  -0.238319  0.078993 -0.096241  0.17386   0.258292  0.196427
  0.165061  0.28929   0.302675 -0.077665 -0.478005  0.251585  0.044447
 -0.016562 -0.415754  0.200271  0.035299  0.328012  0.332416]
[-0.975076 -0.073044 -0.115444  0.28339   0.199771 -0.036156 -0.010072
  0.332974 -0.350455  0.332737  0.315981 -0.590883  0.009973  0.302251
  0.300383 -0.35256  -0.923614 -0.98378   0.301506  0.185379]
[-0.30281   0.04196   0.227743  0.238561  0.217525 -0.409729  0.212446
  0.197915  0.280871  0.190251 -0.238033  0.329299  0.312878  0.332114
  0.319936  0.294011  0.012725 -0.416805  0.17948   0.198373]
[ 0.219631  0.151296  0.28463   0.308008 -0.264557 -0.582919  0.246694
  0.277917  0.332774 -0.229548  0.175891 -0.422009  0.321977  0.327095
  0.331717  0.218385 -0.016016  0.280274 -0.867118  0.186496]
[ 0.326561  0.27106  -0.026372  0.296254 -0.672339 -0.577154  0.268259
 -0.965855  0.331775  0.307747  0.315138  0.130777  0.103816 -0.351493
  0.113221  0.32534  -0.448572 -0.018985  0.216682  0.260201]
[ 0.296155 -0.06736   0.318038  0.291215 -0.13242   0.331818 -0.888391
  0.298178  0.333332  0.309222  0.041941 -0.036654  0.234755  0.327293
 -0.938979 -0.20997  -0.403065  0.332648  0.167532  0.32916 ]
[ 0.212338  0.280274 -0.332751  0.288206  0.226189  0.333275 -0.900592
  0.328145  0.329267  0.176141 -0.174057 -0.72827   0.321788  0.282042
  0.301023  0.194279 -0.972162  0.243563  0.272173  0.323322]
[ 0.301543 -0.241005  0.324801 -0.975406  0.318931 -0.991462  0.328142
  0.111963  0.00596   0.24816  -0.098558 -0.591282  0.263504  0.29953
 -0.85057   0.28325   0.271526  0.311811 -0.210846 -0.371937]
[ 0.279513  0.309407 -0.279923  0.095904 -0.965926 -0.080853  0.101608
  0.238467 -0.794402  0.137937  0.295636  0.065942  0.285652 -0.918498
  0.330871  0.076671  0.290568  0.173472  0.272043 -0.336404]
[-0.628664 -0.990632  0.324942  0.233605  0.327409 -0.461465  0.147543
  0.327411  0.175445  0.108348  0.149045  0.125401  0.041289 -0.890445
  0.221877  0.332806 -0.983317  0.293376 -0.822586  0.256309]
[ 0.320453 -0.14404   0.306994  0.316437  0.227048 -0.438148  0.280522
 -0.367606 -0.074583  0.11906   0.234233  0.330671 -0.99049   0.074109
  0.251037  0.270077 -0.747208 -0.115113  0.324562  0.099794]
[ 0.262101  0.312725  0.333076  0.33272  -0.613897 -0.781105  0.326456
 -0.568384 -0.533054  0.184208  0.204544 -0.667293 -0.041056  0.333011
 -0.129719  0.306116  0.266224 -0.063883  0.332528 -0.193267]
[ 0.124193  0.305149 -0.204975  0.058077 -0.300145 -0.020491  0.27584
  0.166552 -0.110237 -0.06412  -0.386414  0.279205  0.332928 -0.295017
 -0.696079 -0.269746 -0.810802  0.319131 -0.096235  0.088408]
[ 0.332404  0.319193  0.325832  0.27686   0.221284 -0.086277  0.175203
  0.323704 -0.083799  0.169711 -0.386592 -0.020914  0.239349 -0.330029
  0.32955   0.321822  0.279295  0.304773  0.08805   0.268095]
[ 0.156357 -0.923531  0.163898  0.322392 -0.811544  0.268685 -0.51469
  0.333283  0.322711  0.331871  0.238726 -0.010975 -0.468896 -0.083349
  0.266642  0.015266  0.329122  0.332096 -0.55241  -0.007802]
[ 0.28195  -0.974623  0.120173 -0.690956  0.276895  0.146497  0.276897
 -0.384709 -0.998846  0.312943  0.230516  0.308398 -0.037101 -0.999997
  0.218585  0.256408  0.071367 -0.157072 -0.706994 -0.286834]
[ 0.329519  0.107139  0.117069  0.300221  0.170034  0.315321  0.286843
  0.117643  0.329147 -0.044139 -0.262487  0.302513  0.315803  0.303394
  0.075993  0.177343  0.332477 -0.967704 -0.58679   0.333209]
[ 0.246221  0.268394  0.325562  0.32714   0.298371  0.28611   0.274665
  0.127029  0.300474  0.332286  0.186894  0.22896  -0.104803 -0.641066
  0.313824 -0.116822  0.233806  0.150368  0.296442  0.332843]
[-0.575232 -0.977222  0.194588  0.328132  0.313133 -0.216099  0.131906
  0.333066  0.330463  0.332139  0.117488 -0.333345 -0.031961 -0.356632
  0.314557  0.26299  -0.745662 -0.777253 -0.785611  0.189951]
[ 0.252671  0.162224  0.310823  0.070645 -0.084948 -0.252794  0.16398
  0.327933 -0.377253  0.125034  0.299626  0.324533 -0.164434 -0.16694
  0.09023   0.189165  0.153577  0.187976  0.328009 -0.320785]
[ 0.332772  0.223688 -0.839751 -0.407866  0.327831  0.009456 -0.354616
 -0.295662 -0.51828   0.321724 -0.106261  0.333082  0.179245  0.330308
  0.333314  0.248013  0.315416  0.331302  0.275346  0.126257]
[ 0.245184  0.237105  0.013786  0.332359  0.330363  0.173472  0.279785
 -0.953004  0.127622 -0.04826   0.318903  0.242137  0.313902  0.333323
  0.333332  0.32731   0.176828  0.309122 -0.025135  0.311907]
[ 0.105212 -0.058311  0.269085 -0.227401  0.331769  0.333329 -0.261522
  0.219569  0.331123  0.290265  0.281066  0.224486 -0.667635  0.333332
  0.137735 -0.119219  0.127388  0.010254 -0.758255  0.271653]
[ 0.331017  0.32593   0.313443  0.332184  0.17099   0.01113  -0.007475
 -0.025132  0.107326 -0.624686 -0.339407 -0.107939 -0.186071  0.155266
  0.215777  0.319653  0.295081  0.279868  0.332137  0.225367]
[ 0.332396  0.182412  0.313846 -0.146237  0.261844 -0.885512  0.078354
  0.290459  0.279801  0.308849 -0.585905  0.331483  0.063833  0.265803
  0.105982  0.329593  0.264577  0.329675 -0.213837  0.310241]
[-0.872396  0.331698  0.332904  0.331247  0.061708  0.198762  0.257072
 -0.195532 -0.930156  0.283533  0.31309   0.290892 -0.533605  0.331535
 -0.832617  0.291295  0.330242 -0.066144  0.318734 -0.16802 ]
[ 0.011153  0.323784 -0.026865  0.013255  0.165749  0.285948  0.290389
 -0.117503  0.180713  0.292406 -0.014345 -0.556565 -0.217044  0.124944
  0.117826 -0.668113  0.17898   0.295169  0.044237  0.140347]
[ 0.325785  0.27068   0.258495  0.197525 -0.431334  0.189128  0.084222
  0.076394 -0.613679  0.294954  0.308213  0.015239 -0.61972   0.291723
  0.250959  0.273963  0.328525  0.279555 -0.678226  0.327839]
[-0.877051 -0.02179  -0.565348 -0.235222 -0.896146  0.29408   0.310077
  0.330443  0.330548 -0.628065  0.33171   0.289031  0.315485 -0.986117
  0.240652  0.320418  0.301061  0.331256 -0.963448 -0.583724]
[ 0.333285  0.327208  0.319102 -0.031315  0.081474 -0.565045  0.210709
  0.331126  0.333333  0.268535  0.157506 -0.667203  0.029377  0.165273
  0.321002  0.284172  0.003074  0.329233  0.037444  0.245883]
[ -7.503689e-01   2.391260e-01   1.431389e-01   1.533542e-01  -9.636723e-01
  -3.993519e-01   2.702164e-01   3.142686e-01   2.423592e-01   2.536918e-01
  -8.701778e-01  -2.517365e-01  -2.009967e-01  -7.525936e-04  -9.221310e-01
   1.735952e-01  -1.727108e-02   8.093411e-02  -7.382496e-01   2.368787e-01]
[ -9.994509e-01   3.228608e-01  -8.032016e-01   1.001358e-01   1.492313e-01
   3.332196e-01  -5.428414e-01  -9.701331e-02   3.320633e-01  -9.981067e-01
  -1.147786e-02  -7.881376e-01   3.053058e-01   2.157178e-02  -6.144586e-01
   3.269285e-01   3.082946e-01   3.234579e-01  -4.332572e-04   3.049690e-01]
[ 0.294419  0.329023 -0.888333  0.333332  0.333062  0.331102  0.333262
 -0.086732  0.288359 -0.096106 -0.65729  -0.066776  0.267108  0.072259
  0.00956   0.333332  0.333008  0.273669  0.035936  0.333256]
[ 0.331905  0.332514  0.331636 -0.259866  0.326647  0.123911  0.28344
 -0.953957  0.043112  0.075423 -0.879703  0.209824 -0.715389  0.332029
  0.308169 -0.998988  0.32797   0.327336 -0.162876 -0.999897]
[-0.383164  0.145     0.330579  0.332503  0.189282  0.333324 -0.007571
  0.154022  0.323811  0.315601  0.27153  -0.009055  0.268931  0.198111
  0.331503 -0.005648 -0.994002 -0.433373 -0.558551  0.326204]
[ 0.332398 -0.770078  0.296278  0.333312  0.233628 -0.858393 -0.405499
  0.304303 -0.272262  0.149327  0.102052  0.320833 -0.18348   0.330542
  0.179432 -0.224462 -0.497951  0.222649  0.327375  0.195031]
[ 0.252557  0.116729  0.168612  0.325432  0.314954  0.321959  0.036958
  0.332174  0.290553 -0.196602 -0.029433 -0.052447  0.332198  0.332929
  0.313279 -0.936255 -0.025171  0.30786   0.020611  0.275281]
[ 0.329447 -0.030388 -0.440198 -0.001101 -0.263584  0.317749  0.203884
 -0.008991  0.122471  0.003434 -0.826296  0.333184 -0.030891 -0.25734
 -0.072244 -0.980317 -0.081248  0.126239 -0.004076  0.30858 ]
[  1.694687e-01  -5.393019e-04   1.079460e-01   3.308449e-01  -2.069276e-01
   3.141931e-01  -2.484346e-01   1.925813e-01   2.897550e-01   3.331796e-01
  -2.423363e-01   6.555142e-02  -2.911454e-01  -9.636686e-01   1.494271e-01
  -7.656314e-01  -4.239549e-02  -9.785387e-01   3.308447e-01   2.215387e-01]
[ 0.090642  0.269946  0.277538 -0.612011 -0.545476  0.237429  0.267301
  0.325034 -0.653646  0.319691 -0.168513 -0.470088 -0.291794  0.331366
  0.30118  -0.188164  0.099101  0.276647  0.33315   0.127807]
[-0.282552 -0.419455 -0.399136 -0.866842  0.316285  0.321666 -0.04749
  0.162905  0.065963 -0.607908  0.331023 -0.009586 -0.322241  0.090671
  0.289919 -0.989977  0.078061  0.273925 -0.487649  0.263364]
[ 0.116466  0.16552  -0.072948  0.169795 -0.227618 -0.801581  0.332657
  0.144078  0.054864  0.328643  0.327822  0.303593  0.207445  0.307476
  0.321139  0.18461  -0.82163   0.32562   0.022564  0.321467]
[ 0.170424 -0.019677  0.269385  0.220665  0.204692  0.097546  0.232494
  0.324084 -0.697232 -0.093628  0.299754  0.200931 -0.242679 -0.136161
  0.330956 -0.90234   0.311562 -0.026645  0.286927  0.213542]
[ 0.241381  0.053519  0.14008   0.332841  0.258869  0.332376 -0.088945
  0.333025  0.203852  0.325692  0.131233 -0.404468 -0.599033  0.031033
 -0.938238  0.248576  0.333328  0.109594  0.330197  0.315726]
[ 0.05536  -0.999447  0.322966  0.078392  0.299774  0.150004  0.31108
  0.323916  0.276225 -0.106906  0.332475  0.333152  0.30428   0.234459
 -0.350469 -0.007463  0.194369  0.327459 -0.91528   0.030206]
[ 0.333321  0.328304  0.306548  0.333205  0.288343  0.222334  0.160812
  0.154171  0.176114  0.324659 -0.999907  0.28561   0.086331  0.268028
  0.146408 -0.881567  0.324828 -0.094728  0.198632 -0.364748]
[ 0.275612  0.279014  0.328112  0.156829  0.116606  0.333332  0.324469
 -0.126348 -0.574462  0.051122  0.326999  0.272534 -0.956513 -0.342431
  0.210984  0.192615  0.159807 -0.970375  0.164787  0.32129 ]
[ 0.179071 -0.207729  0.324984 -0.596144  0.307951  0.206117  0.324942
  0.190011  0.331967  0.130178 -0.602201 -0.976202  0.310613  0.306316
 -0.966419  0.292223  0.286911 -0.288319 -0.730466  0.168808]
[ 0.288444  0.057472  0.333312  0.296589 -0.02607  -0.061278 -0.092468
 -0.397944 -0.352112  0.330756 -0.97632   0.20186  -0.295908 -0.117063
  0.244894 -0.123745 -0.781075 -0.999892  0.314418 -0.522004]
[ 0.307144  0.330696  0.229727  0.290589  0.329892  0.286271  0.256631
  0.32365   0.302785  0.265604 -0.999609 -0.894667 -0.556739 -0.166156
  0.290868  0.329204  0.239741 -0.936449  0.176301  0.161228]
[ 0.24461   0.329683  0.322294 -0.242521  0.333016 -0.370954  0.230958
  0.267279 -0.222328  0.265282 -0.200127 -0.061963 -0.279167 -0.018791
 -0.12918   0.223187  0.317266  0.310477  0.331369 -0.005325]
[ 0.167733 -0.140751  0.169104  0.303791  0.268616 -0.278094  0.306955
  0.331415  0.235671  0.325429  0.252066 -0.911508  0.315158  0.291713
  0.188244 -0.177608 -0.668567  0.290608  0.316719  0.20172 ]
[ 0.299947  0.332155  0.266784  0.30483  -0.030178 -0.719922 -0.891287
 -0.183096 -0.226947  0.226287  0.067971  0.330788 -0.258136  0.175602
  0.280639  0.012379 -0.373075 -0.067992  0.231191  0.196232]
[ 0.187481  0.314884 -0.48938   0.298456 -0.497534  0.244063  0.26865
 -0.137912  0.141733 -0.341246  0.3144   -0.726718  0.267301 -0.976024
  0.313487  0.321174  0.269934 -0.743544  0.328732  0.250969]
[-0.062053  0.252468  0.265677 -0.001158  0.314236  0.306013  0.329724
  0.212352  0.17061   0.301466  0.229425 -0.307903  0.133417  0.330064
 -0.102712  0.075527  0.2773    0.249912  0.327928 -0.107841]
[-0.24201  -0.364515 -0.538481 -0.662422  0.32628   0.058534  0.222569
  0.301479 -0.994028  0.324571  0.332933  0.282891  0.275941  0.265098
  0.170774  0.220492  0.312135 -0.767236  0.285283  0.283959]
[-0.05924   0.243848  0.154753  0.24547   0.242306  0.320337 -0.36991
  0.12769   0.304804  0.325465  0.232764  0.296586  0.255551  0.277439
  0.327716  0.286719 -0.03549   0.333286  0.127401  0.073786]
[ 0.201929  0.333141 -0.910294 -0.340677  0.305451 -0.510089  0.320376
 -0.865548  0.238769 -0.331674  0.268697  0.231147  0.214941  0.161027
 -0.21136   0.276828 -0.027829  0.319834 -0.399747  0.247105]
[-0.952632  0.29687  -0.188409  0.273286  0.333319  0.310564  0.244962
 -0.229484 -0.040866  0.319486 -0.778382 -0.311563  0.328479  0.330641
 -0.901134  0.040967  0.320963  0.28532  -0.648736  0.243883]
[ 0.327345 -0.495837  0.328629  0.325243 -0.770024 -0.842551 -0.04977
  0.224092 -0.681008  0.146489 -0.993715 -0.160889  0.318084  0.332375
  0.296065 -0.406523  0.312176  0.085191  0.258208  0.111891]
[-0.270601  0.315877 -0.060382 -0.429859  0.276077  0.269092 -0.532321
 -0.128202 -0.036424  0.104798 -0.108501  0.070544 -0.009485  0.30516
  0.33269  -0.545891  0.317609 -0.389074  0.328024 -0.366682]
[ 0.269499 -0.65014  -0.20068   0.294171 -0.268856  0.328068  0.305523
  0.28498   0.27928   0.244391 -0.923156  0.327964  0.303289  0.163036
  0.116573  0.183074  0.063469  0.322209 -0.920201 -0.935641]
[-0.439615 -0.999987  0.329855  0.22336   0.276238  0.309737 -0.949323
 -0.196407 -0.160451 -0.1459   -0.788194  0.084233  0.333239 -0.8007
 -0.091298  0.232438 -0.596417  0.329764  0.087666  0.255967]
[-0.379344 -0.010555  0.073614 -0.878855  0.209068 -0.357044  0.325115
 -0.162162  0.284701  0.254132 -0.358009  0.035442  0.295991  0.063571
  0.055418  0.257276  0.1479    0.318349 -0.15315   0.238722]
[ 0.134023  0.300795  0.300273 -0.933244 -0.213674  0.325964  0.333308
  0.292332  0.195299  0.292444  0.221161  0.130976 -0.09892   0.264673
 -0.243699  0.230486  0.082826  0.329868  0.327516  0.301013]
[ 0.332336 -0.248235  0.27805  -0.307403  0.185924 -0.999364  0.189042
 -0.494388 -0.943956 -0.387382  0.221374 -0.188993 -0.833796  0.284168
 -0.276002 -0.085015 -0.398444  0.170022  0.149993  0.103997]
[ 0.322766 -0.60275  -0.342937  0.311392  0.323401  0.304888 -0.462752
  0.325489  0.21275   0.33225  -0.659218 -0.384259  0.262899  0.326516
 -0.959876  0.058392  0.13769   0.283639  0.239729  0.169569]
[ 0.250533 -0.976727 -0.882207 -0.390027 -0.020495 -0.631572  0.331114
 -0.9071    0.2092    0.130825  0.214195 -0.157281 -0.572824  0.260558
  0.238371  0.33293  -0.232266  0.212752  0.283592  0.332558]
[ 0.019653  0.005207  0.28526   0.317728  0.319432  0.017204  0.309991
  0.266537 -0.64562   0.244175  0.306811 -0.37953  -0.161276 -0.908281
  0.260189 -0.734672  0.306174  0.332117  0.25584   0.332595]
[ 0.323138  0.330476  0.320511  0.319286 -0.26917   0.303668 -0.441974
  0.331427  0.276411  0.161811  0.313803 -0.31309   0.332858  0.305175
  0.072254  0.262811 -0.952521  0.181929  0.165305  0.321006]
[ 0.305779  0.298546  0.333037  0.06429   0.284714  0.051651  0.132769
 -0.564403  0.066824  0.289703  0.332393 -0.351932  0.181082 -0.199696
  0.229357  0.326961  0.278102 -0.083544 -0.968866 -0.019227]
[ 0.331173  0.326523  0.330175  0.263452 -0.557941  0.333273  0.308482
  0.007293  0.304998 -0.936666  0.33058   0.221338 -0.931793 -0.740855
 -0.149988  0.104801  0.260658 -0.658003  0.202773  0.300534]
[ 0.266256 -0.413003 -0.780357 -0.152963 -0.976029  0.272978 -0.644436
 -0.216722 -0.783069  0.310001  0.163242  0.21132   0.317342  0.270303
  0.192714  0.328913 -0.689237 -0.567464  0.305426 -0.75138 ]
[ 0.19415   0.046045 -0.0692    0.331172 -0.637211  0.329697 -0.947894
  0.07131   0.216033  0.298896 -0.996305  0.263106  0.331851  0.323082
 -0.073219 -0.336761  0.3192   -0.583014 -0.692166 -0.672253]
[-0.410018 -0.915725  0.303198  0.33249  -0.643516  0.306739  0.326464
  0.288036  0.098089 -0.278492  0.301997 -0.51687   0.333333  0.296087
 -0.961806  0.317558 -0.211877 -0.063607  0.158474  0.272501]
[-0.022401 -0.901298  0.333315  0.226223 -0.770635  0.287114 -0.537564
  0.282672  0.319902 -0.22689  -0.175002  0.298111 -0.084722  0.27311
  0.139739  0.326253  0.065873  0.280836  0.048288 -0.919166]
[ 0.330625 -0.750546 -0.234879 -0.037981 -0.102584  0.29442   0.278176
 -0.199005 -0.882818  0.173551  0.331618  0.192372 -0.165056 -0.455509
  0.088734  0.282309  0.326878  0.303138  0.210473  0.281822]
[-0.676332  0.280362 -0.181381  0.242423  0.144281  0.318606  0.303948
  0.285755  0.101258  0.328105 -0.129744  0.333281  0.251255  0.329737
 -0.436651 -0.468073  0.30071  -0.698958  0.187598 -0.996933]
[ 0.320069  0.119688  0.136536  0.263997 -0.998316 -0.066659 -0.232848
  0.326737  0.150331  0.164418  0.298906 -0.93975  -0.102525  0.235049
  0.306176 -0.261579  0.123133  0.331489  0.333322  0.301738]
[ 0.310091 -0.726987  0.026721  0.172537  0.291493 -0.242986  0.329697
 -0.64908  -0.058914 -0.312234  0.138911 -0.254684 -0.527626  0.332933
 -0.237063 -0.872636  0.081758  0.008364  0.174464  0.105584]
[ 0.212285  0.220352  0.332184  0.333262  0.017184 -0.796478  0.323853
  0.225119  0.150058  0.18113   0.333307 -0.741234  0.332814 -0.556809
 -0.231526  0.271671  0.306584  0.249308  0.306352  0.122588]
[ 0.328217  0.247737  0.25566  -0.262548  0.317806 -0.198995  0.320005
  0.221714  0.31646  -0.635112  0.063419  0.234231  0.147268  0.29347
  0.240176  0.303791  0.3234   -0.386363  0.304791 -0.26629 ]
[ 0.158968  0.32755   0.007331 -0.072439  0.311146  0.322288  0.130742
  0.306502  0.042053  0.324938 -0.626046  0.10948   0.313466  0.28764
 -0.810333  0.017704  0.120264  0.220696  0.33195   0.320609]
[0.051975194625741988, -0.032551406560949236, 0.033368326904983536, -0.085582256184692784, -0.015093440377653589, -0.0057911963813140899, 0.046990004940306418, 0.04661740469830572, 0.024386844981960587, 0.023137468529442512, -0.0097938862735485466, 0.0022285718159917312, 0.013675777992150029, 0.00035538108167698645, 0.11000793918601626, 0.029010182738722912, 0.016045515050011172, -0.00051937047836908556, 0.055436957108156548, -0.034510570757912529, 0.10571521897110782, 0.081846873954571325, -0.016082095046873246, 0.049531171404051055, -0.019310537161107366, -0.0070679761291940757, 0.028078397486079876, 0.051271525824653275, 0.023516690951651348, 0.034569431273646908, 0.019881026810817604, 0.034110661363669956, -0.043776310003383778, -0.028691561721868653, 0.044355777768092602, 0.0065070029109628447, 0.058405498801403832, -0.0047899651222699235, 0.038753219002882144, 0.068967092384330991, 0.044893234895200806, 0.024348629526601107, -0.046600222442494399, -0.038460426706138431, -0.0071960293520623719, -0.012373470215957694, 0.066826995035227099, -0.063459976334213519, -0.065458772832932333, 0.073932992909186257, 0.0142312400665075, 0.0092435352710427687, 0.049748608855887555, 0.0046102514688758089, 0.014626548282966667, 0.0040922926590896413, -0.03695584574204526, -0.0017905017425670078, -0.0055450072366199504, 0.009389293073086058, -0.026929481539462841, 0.010857418972882664, 0.083048591130408633, -0.0029529774373653894, 0.0037792022332004405, -0.0077134108210579755, -0.091571424445819838, -0.020637890302814155, 0.069876778669366285, 0.016483830688001411, -0.0058896581107408252, 0.024657736518094615, 0.00068857637977465247, 0.023465242387245878, 0.0018505876240219876, -0.045243666311728603, 0.047069971520030507, 0.0039501434936090596, -0.060974546902986093, -0.023301357735042938, 0.0073089189016969369, 0.056811820914264705, 0.091641008121647966, 0.034164030226556341, -0.022454439482052502, 0.030504827542502555, 0.014738231263566048, 0.083795744156310692, 0.052490303720716669, 0.012048499564181969, -0.022468630267874518, -0.009075996333089642, 0.0070230879999921558, 0.066187207692159633, 0.00239056287557049, 0.10969447669185606, 0.022878409342690087, 0.062481696891191429, -0.0042062396794224632, 0.0065925060885772824]
('time: ', 7849.135390996933)
