“Running plot script on a single CPU core”
[-1.062514 -1.145684 -1.072913 -1.048886 -0.948437 -1.012317  0.079361
 -0.059985 -0.074727 -0.04465   0.045809  0.017093  0.134881  0.116799
  0.001305  0.195965 -0.05463   0.01778   0.024674  0.064614]
[-1.046449 -1.044769 -0.876603 -0.929243 -0.847525 -0.941179  0.025453
 -0.035297  0.087048 -0.115789 -0.038073  0.10877  -0.098693  0.105937
  0.036194 -0.016569 -0.083676 -0.01129   0.103604  0.034112]
[ -9.810729e-01  -6.534318e-01  -7.180056e-01  -9.439473e-01  -1.096388e+00
  -7.341798e-01  -3.537558e-02  -1.005888e-01  -7.354007e-02  -7.146943e-04
  -1.973406e-01  -1.241629e-02  -9.701428e-02  -1.367265e-01  -2.418221e-02
  -3.250373e-02   5.936756e-02  -3.187019e-02   3.055861e-03   1.868448e-02]
[-1.018146 -1.054322 -0.900139 -1.032977 -0.884089 -0.925897 -0.014046
 -0.027732 -0.014459 -0.15466   0.035327 -0.080231  0.009866  0.003338
  0.003087 -0.062991 -0.111288 -0.033581  0.011436  0.029914]
[-1.189919 -1.142898 -0.957059 -1.087151 -1.104924 -1.026106 -0.079906
 -0.02206   0.118022 -0.004399 -0.07297   0.05119  -0.074213 -0.070873
 -0.024173 -0.124049  0.009013 -0.026974 -0.012614 -0.029504]
[-0.67949  -0.724617 -0.7712   -0.96142  -1.084942 -0.840377 -0.136885
  0.124962 -0.079627 -0.066633  0.016365 -0.177819  0.039761  0.012821
  0.158828  0.004893 -0.023539 -0.126144  0.014186 -0.007899]
[-0.955553 -0.747883 -1.04201  -0.696584 -0.873076 -0.674919 -0.045922
 -0.023831 -0.027673  0.016275  0.059986 -0.028753  0.017116  0.054314
 -0.037289  0.008326 -0.037151 -0.088881  0.006348 -0.001599]
[-0.839509 -0.803008 -1.014523 -0.76609  -0.942146 -0.874454 -0.02448
  0.002942  0.085871 -0.026167 -0.086999  0.08648   0.07718  -0.101142
  0.01928   0.018748 -0.024637 -0.037485  0.092742  0.010315]
[-1.35626  -1.11429  -0.921694 -1.61433  -1.212666 -1.26928   0.1094
 -0.079445 -0.052796 -0.094974 -0.038104  0.007185 -0.126109 -0.081096
 -0.100742 -0.133846 -0.021118  0.337005 -0.009143 -0.06998 ]
[-1.085858 -1.035303 -1.054278 -1.024107 -0.957797 -0.988972 -0.05545
  0.009599  0.080591 -0.036488 -0.01397   0.071638 -0.074643 -0.006135
  0.007864 -0.028026 -0.077941 -0.036473 -0.089749 -0.016822]
[ -1.202564e+00  -1.087492e+00  -1.165752e+00  -9.980838e-01  -1.103911e+00
  -9.062371e-01  -9.269762e-03  -2.949636e-02  -9.362934e-02  -3.275144e-02
  -3.780408e-04  -1.499026e-01   2.210783e-02  -8.675213e-02  -3.970528e-02
   1.085018e-01  -7.030964e-02  -5.023738e-02  -6.883305e-02   3.430943e-02]
[-0.984976 -0.878905 -0.832214 -0.86938  -0.859196 -0.753306  0.030771
  0.02735   0.071629 -0.090187 -0.022342  0.06574   0.012131 -0.002364
  0.028844  0.036791 -0.056997  0.08153  -0.02248  -0.006038]
[-1.209071 -1.150918 -1.098537 -1.085062 -1.042329 -1.01999  -0.097464
  0.053042  0.055186  0.099087  0.118424 -0.053692  0.147398  0.118253
 -0.035171  0.20127   0.059061 -0.093304 -0.082906 -0.019892]
[-1.018958 -1.056462 -0.789584 -0.936631 -0.525195 -0.829674  0.008054
 -0.033987 -0.051854 -0.046669 -0.035621 -0.016831 -0.03249  -0.016317
 -0.078026  0.043787 -0.069588  0.048456 -0.078033 -0.003294]
[-0.837321 -0.885331 -1.221981 -0.840731 -1.046291 -0.754709  0.156213
 -0.109201 -0.01072  -0.137978  0.016236  0.003375 -0.042842  0.085907
 -0.030832  0.003598 -0.105514  0.048592  0.008409 -0.002727]
[ -1.037129e+00  -1.141906e+00  -8.533231e-01  -1.027927e+00  -7.212130e-01
  -8.233191e-01  -4.265461e-02  -2.090899e-02   4.843704e-02  -8.929353e-02
   9.108604e-02   4.791631e-02   8.490375e-02   6.551372e-04  -1.232520e-02
   1.044156e-01  -1.814183e-01   1.358984e-02   2.261838e-02   9.344667e-03]
[-0.844342 -0.807423 -0.829174 -0.758933 -0.807251 -0.874288  0.050053
 -0.059159  0.09305   0.05497   0.048965  0.007884 -0.002326  0.066054
 -0.133345  0.036846  0.10401   0.126897  0.003185  0.018945]
[-0.842971 -0.717457 -0.872509 -0.734835 -0.999507 -0.874663 -0.047022
  0.053434  0.006772 -0.083464  0.077207  0.044416  0.007452  0.022375
  0.081546  0.048004 -0.10663  -0.053269 -0.033689  0.061632]
[-1.096427 -0.991936 -1.005291 -0.930752 -0.962549 -0.668378 -0.102682
 -0.002371  0.009237  0.068178  0.042687 -0.078722 -0.166268  0.048264
  0.038506 -0.099324  0.038881 -0.17193  -0.02044  -0.031036]
[-1.090523 -1.154687 -0.704228 -0.914814 -0.601499 -0.503033  0.084841
 -0.020491 -0.006507  0.026046 -0.077162 -0.058437  0.103517 -0.039546
  0.012655  0.050338  0.021081  0.004439  0.043398 -0.01485 ]
[-1.126976 -1.103321 -1.023735 -0.962588 -1.076107 -1.032986  0.031959
  0.00558   0.057165 -0.10846   0.032605  0.068737  0.005076  0.030693
  0.032872  0.007477 -0.087078  0.051456  0.006594 -0.006018]
[-1.053654 -0.85552  -0.805616 -1.034337 -1.009364 -0.906601 -0.013464
 -0.089452  0.078702  0.026902  0.033599  0.077947  0.083693  0.005213
 -0.015713  0.084952  0.092242  0.057027  0.05084   0.002929]
[-1.191479 -0.835171 -0.870145 -0.955712 -1.219357 -0.905401 -0.017788
 -0.156418 -0.137038  0.06091  -0.047974 -0.172169  0.050418  0.006098
 -0.096236  0.033071  0.052004  0.010415  0.015734  0.006806]
[-0.873924 -0.91231  -0.851004 -0.890051 -0.806882 -1.219596 -0.026204
  0.001389 -0.009902  0.003381 -0.019252 -0.119559 -0.102599 -0.077059
 -0.140193 -0.101903  0.048887 -0.020759  0.066408  0.009411]
[-0.914725 -0.939977 -0.912276 -0.837795 -0.978935 -0.827278 -0.060774
  0.081579  0.054765 -0.02645   0.008088  0.036226 -0.00798   0.0548
  0.106494 -0.061836 -0.095299 -0.065872 -0.015878 -0.028759]
[-1.098223 -1.10373  -1.0628   -0.954671 -0.704628 -0.641536 -0.02222
  0.075232 -0.069507 -0.109337 -0.027226 -0.048217 -0.15154  -0.02691
 -0.004632  0.015088 -0.037475 -0.036505 -0.030387 -0.005662]
[-0.968965 -0.913384 -0.977192 -0.98573  -0.84731  -0.900789  0.049488
  0.010166  0.03591   0.096405 -0.080696  0.028482 -0.042271 -0.080848
  0.027103 -0.055131  0.099913  0.010961  0.049086  0.009454]
[-0.952434 -0.786651 -0.845047 -0.761895 -0.737276 -0.775799  0.056363
 -0.012298 -0.021814  0.027455  0.031286  0.036973  0.085805  0.003229
 -0.015406  0.009566 -0.035387  0.044266 -0.108445 -0.023796]
[ -9.222648e-01  -7.302853e-01  -8.210973e-01  -7.263927e-01  -7.000404e-01
  -6.109475e-01   5.757267e-02   1.057360e-01  -4.069300e-02   1.626228e-03
  -7.941641e-02  -3.748859e-02   3.012753e-02  -2.903839e-02   1.304742e-01
   6.664981e-02   2.692196e-02   1.277064e-02   6.297869e-04  -1.315431e-02]
[-0.801707 -1.093527 -1.028461 -0.821713 -0.82672  -1.062379 -0.014848
 -0.083479  0.115247  0.005808 -0.032127  0.115174 -0.102716 -0.022281
 -0.097774 -0.05781  -0.020784  0.034695  0.05064   0.023408]
[-0.994467 -0.910636 -0.780138 -0.842497 -0.735025 -0.713426 -0.056723
  0.007506  0.013296  0.002711 -0.038793  0.004681  0.018434 -0.030996
 -0.033245  0.013967 -0.040929 -0.073653 -0.031752 -0.012982]
[-0.722378 -1.001432 -0.834636 -0.701835 -0.605414 -0.821535  0.044637
  0.034784  0.181276 -0.096281  0.057846  0.10423  -0.060632  0.076646
  0.014141 -0.046157 -0.10102   0.10161   0.003523  0.032325]
[-1.413478 -1.245896 -1.031375 -1.313226 -1.128229 -1.315979  0.125704
 -0.024881 -0.056578 -0.029857 -0.02666  -0.055264 -0.172303 -0.128256
 -0.045396 -0.081002 -0.074699  0.176322  0.01756   0.045481]
[-1.019741 -0.847934 -0.867967 -0.938038 -1.084689 -0.802829 -0.112557
  0.051329  0.126055  0.011603  0.009703  0.174222 -0.028036 -0.035384
  0.054548  0.014087  0.014433 -0.161375 -0.031086  0.010351]
[ -1.008244e+00  -8.101152e-01  -8.656125e-01  -8.633829e-01  -9.056239e-01
  -8.102244e-01  -4.405631e-04  -1.144672e-01  -1.030093e-01  -5.189686e-02
  -1.000540e-01  -5.802952e-02  -6.666393e-02  -8.232542e-02  -1.216494e-01
  -5.539036e-02  -7.461587e-02  -6.057018e-02  -5.051397e-03   1.383937e-02]
[-0.927292 -1.056865 -0.938977 -0.948828 -1.084451 -0.895741 -0.216231
  0.068242  0.2139    0.111521 -0.076525  0.274135  0.046863 -0.111808
 -0.012637  0.092545  0.143667 -0.235775  0.071528  0.0139  ]
[ -7.613682e-01  -7.031460e-01  -5.093084e-01  -6.464441e-01  -3.810662e-01
  -3.404459e-01  -1.601335e-02  -9.603115e-02  -2.251769e-02   1.423677e-01
  -4.901217e-03  -2.904717e-02   1.407930e-01  -1.442201e-02  -1.083488e-01
   1.444991e-01   1.349903e-01   7.675896e-03   2.583719e-02   2.394830e-04]
[-0.847372 -0.935773 -0.877258 -0.89643  -0.948405 -0.961235  0.02491
  0.015686 -0.049264  0.058174  0.01053  -0.016124 -0.002779 -0.013013
 -0.005364 -0.023948  0.063253  0.060586 -0.021215 -0.020372]
[-0.945094 -0.963591 -0.82417  -0.975955 -0.831535 -0.800691 -0.171318
  0.075806 -0.047447  0.063925 -0.019144 -0.061754  0.005093 -0.002154
  0.106498 -0.027334  0.029876 -0.187793 -0.035231  0.01158 ]
[ -1.162949e+00  -8.622729e-01  -6.460096e-01  -1.184163e+00  -7.773374e-01
  -6.227936e-01   2.835105e-02   9.113457e-02  -5.636983e-02   1.093672e-03
  -1.090421e-01   3.291425e-02   3.035626e-02  -1.524797e-01   3.493562e-02
   2.925668e-02  -4.078810e-03  -2.609356e-02   2.280358e-02  -2.786382e-02]
[ -9.083106e-01  -6.934485e-01  -9.258549e-01  -7.864569e-01  -1.030693e+00
  -8.684924e-01  -5.722610e-02  -5.990937e-02  -1.040939e-01   3.702858e-02
  -5.837301e-02  -1.110027e-01  -1.154372e-01  -1.202979e-01   3.107583e-03
  -6.378560e-02   6.857028e-02  -8.701161e-02  -2.771918e-02   3.847814e-04]
[-1.091559 -0.996285 -0.959849 -0.955588 -0.884751 -0.888539 -0.033611
 -0.03428   0.076944  0.078716  0.057369  0.072618 -0.089935  0.102251
 -0.055731  0.032465  0.040321  0.001137 -0.004338 -0.066356]
[-0.796935 -0.925262 -0.818175 -0.716422 -0.685328 -0.913476  0.080219
 -0.100447 -0.071427 -0.140568 -0.025712 -0.054114 -0.030853 -0.070489
 -0.045764 -0.094488 -0.141617  0.090725 -0.053449  0.008095]
[-0.920937 -0.796573 -0.892189 -0.875325 -0.965164 -0.981668 -0.096997
  0.124082  0.007337  0.040782  0.072716  0.072333  0.045248 -0.031079
  0.142472 -0.002922  0.015299 -0.126073 -0.002896  0.013457]
[-0.758754 -0.7703   -0.773789 -0.775527 -0.820533 -0.839838  0.012788
 -0.025967 -0.103578 -0.0129    0.039326 -0.098108 -0.010219 -0.013291
 -0.065076  0.005447 -0.074677  0.016094 -0.00399  -0.017781]
[-1.061057 -0.908809 -0.895966 -0.918313 -0.860278 -0.804586 -0.097316
 -0.081598  0.045578 -0.048699  0.033359 -0.022679  0.003839  0.02213
 -0.043161 -0.004571 -0.016268 -0.049236  0.011551 -0.004722]
[-0.85847  -0.91485  -0.78376  -0.935639 -0.787974 -0.938385 -0.068289
  0.042453 -0.008453 -0.012063  0.009033 -0.087303  0.04545  -0.020828
  0.043289  0.046017 -0.087832 -0.069218  0.021761  0.087255]
[ -8.907104e-01  -8.123571e-01  -8.802134e-01  -6.107767e-01  -7.884554e-01
  -7.486740e-01   8.827023e-03   9.139997e-02   1.844284e-02  -1.141894e-02
   7.105653e-02  -2.551289e-02   8.830879e-02   7.954356e-02   3.700354e-02
   1.230627e-01   2.896511e-02   2.408486e-02  -4.218718e-02  -2.211025e-04]
[-0.762448 -0.781211 -0.755037 -0.69589  -0.65471  -0.722322 -0.059049
 -0.01573   0.187345  0.112152 -0.167284  0.181053  0.003711 -0.150284
 -0.043258 -0.044564  0.081369 -0.144421 -0.024982  0.028262]
[-0.876737 -0.967624 -0.87963  -1.019718 -0.873459 -0.999541 -0.04927
  0.033696  0.10818   0.040878 -0.051543  0.075532 -0.040489 -0.046333
  0.043536  0.00192   0.103183  0.046731  0.029308  0.025443]
[-0.998705 -0.801842 -0.787123 -0.910492 -0.828184 -0.703867  0.033231
 -0.007963 -0.004651  0.001659  0.028191 -0.018962 -0.030388  0.074287
  0.01588  -0.056071 -0.003529  0.023641  0.012363 -0.006365]
[-0.705061 -0.809287 -0.614132 -0.708    -0.570907 -0.722762  0.049022
 -0.032198  0.138434  0.067275 -0.032896  0.118493 -0.112877 -0.092327
  0.010186 -0.09495   0.104246  0.069019 -0.039546  0.039734]
[ -1.108296e+00  -1.138376e+00  -1.016309e+00  -1.173510e+00  -8.553165e-01
  -1.006592e+00  -1.332925e-02   3.406519e-02  -5.146258e-02   1.172703e-04
  -6.421257e-02  -7.685417e-02   3.767572e-02  -6.892735e-02   4.349315e-02
   1.608964e-02  -2.965450e-03  -3.685956e-02  -1.331393e-02  -3.438634e-03]
[-1.08285  -0.79063  -0.879656 -0.943988 -0.974729 -0.711611  0.019375
  0.098177  0.065124  0.002177  0.080844  0.032889  0.037123  0.066399
  0.065169  0.060956  0.030242 -0.004073 -0.008868 -0.003991]
[-0.945145 -0.945897 -0.799705 -0.738604 -0.677035 -0.663154 -0.047266
  0.046969  0.009168 -0.043101 -0.177902  0.050212  0.039135 -0.184458
  0.064046  0.034116 -0.020354 -0.027725 -0.009576 -0.00233 ]
[-0.844751 -0.862875 -0.598523 -0.82721  -0.722094 -0.82942   0.122394
 -0.065583  0.233908 -0.150907  0.230259  0.240574  0.020012  0.264514
 -0.056984  0.030122 -0.209832 -0.085375 -0.069833 -0.009514]
[-1.08018  -0.775403 -0.727265 -0.97997  -0.929968 -0.770226  0.077858
 -0.015869 -0.04329  -0.039542 -0.048595 -0.012829 -0.019955 -0.036935
 -0.033367 -0.017817  0.047718  0.065656  0.021152  0.002858]
[-0.891097 -0.647    -0.880796 -0.828116 -0.861788 -0.817792  0.080405
 -0.101168  0.067859  0.06355   0.200823  0.076133 -0.054253  0.189398
 -0.152474  0.010595  0.07618   0.126223 -0.021148  0.013672]
[-1.081015 -0.666432 -0.721713 -0.733218 -0.840363 -0.504633  0.048826
 -0.095405 -0.018527  0.054514  0.017636 -0.069395 -0.070427 -0.001346
 -0.062236 -0.02595  -0.009906  0.064756 -0.003203 -0.017533]
[-0.761211 -0.98802  -1.01758  -0.547646 -0.634486 -0.915832 -0.110865
  0.00486   0.11779  -0.049515  0.017138  0.105515 -0.047421  0.08077
 -0.013374  0.051862 -0.062903 -0.014923  0.078039 -0.004511]
[-0.914221 -1.071758 -0.854791 -1.163239 -0.91226  -0.953524 -0.018938
  0.165949  0.041078  0.10531   0.03279  -0.048295 -0.039451  0.113347
  0.204301  0.053333  0.098607  0.102136 -0.014062 -0.027501]
[-1.131955 -0.866821 -0.854032 -0.804641 -0.767047 -0.686432  0.08684
 -0.030945  0.042225  0.110736 -0.006763  0.062358 -0.094964  0.060932
 -0.065137 -0.033654  0.036093 -0.012831 -0.027423  0.035801]
[ -1.030574e+00  -9.602851e-01  -7.238016e-01  -9.699482e-01  -7.992414e-01
  -7.128427e-01  -8.831321e-04   3.649203e-02   2.855922e-02   5.224307e-03
  -3.754067e-02  -2.629173e-03   5.332360e-02  -6.339588e-02   4.909331e-02
   4.495200e-02  -8.717262e-03   2.240449e-02   2.575866e-02   5.623107e-03]
[-0.771521 -0.836862 -0.950443 -0.77231  -0.806658 -0.901674  0.031552
  0.012323  0.06317   0.054676 -0.088878  0.081415 -0.008832 -0.123062
  0.063591 -0.010082  0.008642  0.001886 -0.065284 -0.029696]
[-0.890461 -0.863736 -0.782597 -0.71638  -0.524723 -0.738836 -0.010049
 -0.019048  0.060493  0.18112   0.048575  0.095272  0.014451  0.062916
 -0.018307 -0.01643   0.19689  -0.05038  -0.050305 -0.033303]
[ -7.295130e-01  -8.815698e-01  -4.089591e-01  -1.025684e+00  -3.672009e-01
  -6.181542e-01  -7.931090e-02   6.253538e-02   3.499293e-02   1.649607e-02
   7.098821e-02   3.298310e-02  -3.461864e-03   1.423839e-01   1.792694e-02
  -1.753169e-02  -1.351712e-02  -3.357660e-02  -1.183206e-02   8.218557e-05]
[ -8.259956e-01  -8.003726e-01  -7.941907e-01  -7.337267e-01  -6.518308e-01
  -5.891192e-01  -2.561956e-03  -5.069664e-03  -2.567446e-02   1.093324e-01
  -4.062521e-03   1.836012e-02   5.936064e-02  -6.115012e-02   1.073257e-05
   2.266732e-02   1.042828e-01   2.183984e-02  -5.324033e-03  -1.174666e-02]
[-1.051812 -1.064656 -0.938382 -1.047097 -0.992245 -1.227109 -0.003516
  0.030002  0.02262   0.073384 -0.004971 -0.077618 -0.128689 -0.013626
  0.001482 -0.098119  0.070993 -0.076749 -0.043061  0.017818]
[-1.068342 -1.022242 -0.985272 -0.873112 -1.012709 -0.844917  0.008655
 -0.038733 -0.002817 -0.028319  0.027849  0.02984  -0.107201  0.109078
 -0.003936 -0.036559 -0.066188 -0.041485  0.069357  0.015491]
[-0.872256 -1.026354 -0.874891 -1.067309 -0.905906 -1.318105 -0.048081
  0.093343  0.157725  0.02789   0.02034   0.044299  0.046202  0.004812
  0.170574  0.090788  0.076302  0.021192 -0.001737 -0.018632]
[-0.92909  -0.917844 -0.94697  -0.94409  -1.005262 -1.129362 -0.058772
 -0.038517  0.032798  0.015421 -0.020758  0.021636  0.061471  0.001261
 -0.005613  0.050746  0.001909 -0.044448  0.01552  -0.001996]
[-0.827684 -0.700386 -0.893594 -0.883564 -1.043025 -1.008203 -0.072435
  0.123222 -0.031318  0.053817 -0.009155 -0.045104 -0.019118 -0.022976
  0.193114 -0.025092  0.084928 -0.103581 -0.041594 -0.00898 ]
[-1.018453 -0.950981 -0.76223  -1.046698 -0.981267 -0.906891  0.027764
 -0.081625 -0.002822  0.02111   0.026607 -0.001711  0.093883 -0.014413
 -0.092849  0.088529  0.00691   0.093717 -0.02648   0.034516]
[-1.007847 -1.10025  -1.054039 -1.177427 -1.079845 -1.030253 -0.01831
  0.018847 -0.183863  0.082845 -0.002117 -0.128983  0.036361  0.088604
 -0.002468  0.053998  0.121232 -0.140739 -0.012568  0.017803]
[-1.294357 -1.110928 -1.237456 -1.018309 -1.152824 -1.550926 -0.111888
  0.125016  0.013713  0.023704  0.056369  0.079149 -0.197038  0.062456
  0.030369 -0.255596 -0.085637 -0.189587 -0.008956  0.032969]
[-0.911286 -0.740437 -0.847925 -1.048203 -0.958564 -1.037173 -0.034222
  0.104634 -0.010352  0.036995  0.03742  -0.037951  0.091062 -0.005844
  0.112199  0.043668  0.037139 -0.049765 -0.017171  0.010277]
[ -9.303269e-01  -8.383522e-01  -9.295760e-01  -9.024858e-01  -8.835379e-01
  -9.341526e-01  -2.698817e-02  -1.284756e-02   1.205335e-01   7.701690e-02
   7.317418e-02   6.216042e-02   7.209204e-02   6.950315e-02   1.231257e-02
   2.418932e-02   3.661995e-02  -8.525163e-02  -6.746071e-04   2.698536e-02]
[-0.859792 -0.794768 -0.755597 -0.677194 -0.60326  -0.688256 -0.040303
  0.056459  0.026269  0.014676  0.00832   0.00738  -0.065902 -0.021545
 -0.00689  -0.173223  0.043457  0.00531  -0.007982 -0.015906]
[-1.17613  -0.962957 -0.698365 -1.089433 -0.851716 -0.622624  0.107785
 -0.012055  0.082933 -0.108211 -0.088625  0.055941  0.027623 -0.047065
  0.0818    0.053398 -0.072729  0.036745  0.051942 -0.014319]
[-1.207663 -0.993419 -1.011654 -0.98051  -0.901817 -0.801096 -0.115659
  0.078866  0.004732 -0.078213  0.100095 -0.01787   0.156268  0.13298
  0.036594  0.130905 -0.036444 -0.103544  0.05533   0.024999]
[-0.934086 -0.82261  -0.885149 -0.667314 -0.665282 -0.735435 -0.165325
  0.00433   0.097856 -0.080042 -0.093487  0.145634 -0.107413 -0.18009
 -0.055587 -0.153802 -0.098484 -0.290453  0.046307  0.011321]
[-0.667546 -0.708564 -0.7389   -0.86098  -1.015285 -0.959242  0.051062
 -0.030158  0.075003  0.02643  -0.04924   0.151434  0.031723 -0.08916
 -0.004562  0.018947 -0.14967   0.026341  0.015299 -0.014636]
[-0.896256 -0.80384  -0.752326 -0.841049 -0.922322 -0.797155  0.014236
  0.017751 -0.078384  0.076489  0.00206  -0.156449  0.066689 -0.01255
  0.061399  0.089484  0.062368  0.063836  0.004323  0.005054]
[-0.946831 -0.923982 -0.750078 -0.892894 -0.803709 -0.793531  0.031685
 -0.01056   0.068742  0.106655 -0.081545  0.177554  0.048809 -0.060087
  0.005644  0.055824  0.116732  0.008926 -0.015524 -0.004714]
[-0.914974 -1.087492 -0.871894 -1.15151  -0.977144 -1.11474   0.067769
  0.018103 -0.046356 -0.091881  0.206045 -0.040478 -0.037257  0.180004
  0.041191  0.007687 -0.087435  0.04683  -0.01295  -0.024882]
[-0.991432 -0.998999 -0.524554 -0.855243 -0.502042 -0.504822  0.037236
  0.126292  0.114756 -0.007566 -0.131718  0.098544 -0.004499 -0.117389
  0.18399  -0.039429 -0.027823 -0.008396 -0.049521 -0.001003]
[-0.834389 -0.791691 -0.702857 -0.599669 -0.605287 -0.440201  0.115776
  0.154399 -0.135444 -0.002219 -0.033073 -0.102013  0.077107 -0.025768
  0.149324  0.100592  0.007506  0.073905 -0.016117 -0.018328]
[ -1.127151e+00  -1.042810e+00  -1.163674e+00  -8.768503e-01  -9.507940e-01
  -1.199491e+00   9.921202e-03   6.212997e-02  -1.534787e-02   3.163767e-02
  -4.557147e-02  -4.673736e-02  -2.031952e-02  -3.721474e-02   7.414099e-03
   1.132051e-02   5.352850e-02  -2.733498e-02   1.261287e-02  -3.370683e-04]
[-0.638234 -0.666891 -0.610643 -0.919915 -1.065095 -1.05812   0.059784
 -0.198648 -0.019817 -0.095063  0.195575  0.010016  0.054512  0.249367
 -0.255241 -0.065299 -0.107539  0.047145  0.043032 -0.005606]
[-1.017079 -0.656566 -1.040642 -0.691068 -1.220325 -0.707103  0.026156
  0.141078  0.002966  0.005203  0.075531  0.070186 -0.02238   0.084563
  0.107398 -0.182508  0.08585   0.064328  0.033926  0.031106]
[-0.879544 -0.95346  -1.015893 -0.861326 -0.893537 -0.931922  0.010847
 -0.014332 -0.052772  0.065203 -0.012608 -0.021479  0.049307 -0.045781
 -0.045453  0.037657 -0.099124  0.074018  0.078466  0.051665]
[-1.152807 -0.945469 -0.93108  -1.017595 -1.009573 -0.837037  0.070978
  0.093669 -0.049009 -0.352814 -0.046099 -0.243201  0.119335  0.004245
  0.081546  0.212514 -0.274662  0.230333  0.046938  0.080279]
[ -1.244535e+00  -1.117416e+00  -1.156951e+00  -1.025753e+00  -1.150923e+00
  -9.207111e-01   6.412643e-02  -1.399536e-01   2.632974e-02   1.652351e-01
   6.597044e-02   1.089881e-03   6.410563e-02   5.338588e-02  -1.248995e-01
   9.014203e-03   1.295144e-01   6.532928e-02   7.858261e-03   9.046497e-02]
[ -9.593102e-01  -9.948692e-01  -8.727844e-01  -9.391301e-01  -8.116134e-01
  -9.136874e-01   1.631943e-02  -2.366849e-02   6.879994e-04   1.828088e-02
  -5.961112e-02   3.558617e-02  -5.873368e-02  -7.093987e-02  -4.034499e-02
  -3.908269e-02  -5.033395e-02   3.776527e-02  -4.274895e-03   1.608267e-02]
[-0.99578  -1.022248 -0.836482 -1.151175 -0.967396 -0.97803  -0.053989
 -0.045754 -0.026048  0.021143 -0.091182 -0.010788 -0.120605 -0.088748
 -0.021185 -0.112874  0.028409 -0.062785  0.012117  0.002514]
[-0.841297 -0.913907 -0.683371 -0.916848 -0.653141 -0.818473  0.024171
 -0.060888  0.004367  0.031209  0.098649  0.021545  0.071474  0.10923
 -0.056375  0.137432  0.020915  0.05537   0.054497  0.017354]
[-1.04538  -0.795623 -0.524737 -0.763295 -0.667037 -0.455486 -0.016588
  0.036119  0.010565  0.016383 -0.229001  0.023891 -0.033336 -0.235458
  0.001185 -0.067599  0.010767  0.011309  0.047211  0.012185]
[ -1.124780e+00  -1.205098e+00  -6.143463e-01  -1.385164e+00  -8.555170e-01
  -9.051613e-01   1.082365e-01  -6.121446e-02   1.862840e-01   5.888236e-02
  -1.935868e-01   1.550437e-01   6.330648e-02  -2.663203e-01  -1.315097e-03
  -8.171533e-02   1.640575e-01   1.553319e-01  -5.530256e-02  -1.049839e-01]
[-0.98561  -0.922694 -0.693611 -1.130116 -0.75882  -0.734809  0.001937
 -0.026093 -0.105753  0.091754 -0.00881  -0.12339   0.038882 -0.07063
 -0.016566  0.095398  0.088931 -0.048803  0.034963  0.056858]
[-1.111206 -1.04573  -0.844209 -1.096317 -0.843327 -0.837153  0.003173
 -0.031035  0.011104  0.075804 -0.065084  0.052195 -0.071945  0.049306
 -0.024129 -0.015941  0.087653 -0.008478 -0.079995 -0.033127]
('Mean', 1, ': ', -1.1112061761420622)
('Median', 1, ': ', -1.1112061761420622)
('Variance', 1, ': ', 0.0)
('Mean', 2, ': ', -1.0457299509869058)
('Median', 2, ': ', -1.0457299509869058)
('Variance', 2, ': ', 0.0)
('Mean', 3, ': ', -0.84420945810492887)
('Median', 3, ': ', -0.84420945810492887)
('Variance', 3, ': ', 0.0)
('Mean', 4, ': ', -1.0963174637479187)
('Median', 4, ': ', -1.0963174637479187)
('Variance', 4, ': ', 0.0)
('Mean', 5, ': ', -0.84332655347541252)
('Median', 5, ': ', -0.84332655347541252)
('Variance', 5, ': ', 0.0)
('Mean', 6, ': ', -0.837152859651625)
('Median', 6, ': ', -0.837152859651625)
('Variance', 6, ': ', 0.0)
('time: ', 8119.355001926422)
