“Running plot script on a single CPU core”
[-0.843526 -0.806311 -0.76284  -0.760479 -0.695298 -0.687614  0.011721
  0.10275   0.006347  0.063653  0.071896  0.074207 -0.087485  0.101415
  0.1253   -0.065366  0.075317  0.040785 -0.028654 -0.009268]
[-1.072484 -0.965306 -1.199833 -0.932844 -1.014725 -1.014617 -0.014217
 -0.049828  0.033128  0.093536 -0.002555  0.056454  0.05212  -0.039502
 -0.036949 -0.002046  0.034661 -0.063784  0.019253  0.006621]
[-1.073488 -1.084329 -1.093391 -0.838729 -0.764513 -0.975206 -0.013591
 -0.11852  -0.048658  0.049302 -0.098772 -0.070554 -0.116114 -0.06623
  0.03266  -0.086584 -0.019337 -0.066811 -0.003821  0.052199]
[-0.996084 -1.06228  -0.668017 -0.927368 -0.58091  -0.716496  0.03827
  0.002329 -0.031436 -0.022965  0.084209 -0.021299 -0.043528 -0.015764
  0.001407 -0.076579  0.048133  0.015568 -0.048882 -0.016785]
[-0.906434 -0.674601 -0.771468 -0.638679 -0.785957 -0.531828 -0.008245
  0.061758 -0.041043  0.060676  0.005917  0.005687  0.081705  0.070851
 -0.017239  0.146173  0.037868  0.04602  -0.004159 -0.020685]
[-1.044382 -1.068553 -0.943833 -1.113063 -1.037763 -1.002579  0.018582
 -0.016417  0.006948 -0.015052  0.053803  0.051775 -0.081692 -0.095268
  0.031545 -0.095143 -0.04432   0.146812  0.056271 -0.020165]
[-0.989415 -0.780291 -0.854914 -0.892095 -0.90954  -0.800045 -0.02446
  0.110344 -0.034777  0.076621 -0.092984 -0.059214  0.048211 -0.086824
  0.083148  0.062861  0.086846  0.024313  0.023026  0.044787]
[-1.035291 -0.785834 -0.743824 -0.794081 -0.846904 -0.484091 -0.0601
 -0.090563 -0.003562 -0.108417 -0.00399  -0.008491 -0.064121  0.016016
 -0.05488  -0.103698 -0.094835 -0.116228 -0.018092  0.012188]
[-0.833385 -0.933659 -1.017945 -0.757    -0.799064 -0.990308 -0.064303
  0.130306  0.116319 -0.072991  0.090161  0.102019 -0.071367  0.027169
  0.170211 -0.067019 -0.061757 -0.006706  0.06839  -0.015625]
[-1.046891 -0.845706 -0.981655 -0.882463 -0.984458 -0.798924 -0.118064
 -0.138607 -0.093562  0.132575 -0.02799  -0.038955 -0.060554 -0.049173
 -0.13449  -0.09127   0.09639  -0.05287  -0.117319 -0.007103]
[-0.891927 -0.896121 -0.819119 -0.824922 -0.804801 -0.763067 -0.034169
  0.008183  0.02571   0.036717 -0.028034  0.050734 -0.039855  0.004651
  0.016429 -0.036352  0.028702 -0.044055  0.011052 -0.008556]
[-1.287127 -1.185028 -0.834787 -1.170936 -1.014097 -0.679706  0.042226
 -0.045905 -0.048697  0.016009  0.084313  0.029293 -0.188757  0.051227
 -0.048781 -0.161173 -0.063109  0.058378 -0.006548  0.00949 ]
[-0.752613 -1.124213 -1.049585 -0.617229 -0.522771 -0.892951 -0.063497
  0.056823 -0.06499   0.115476 -0.11469  -0.114685 -0.04209  -0.085546
  0.058142 -0.026754  0.125238 -0.087515  0.070666 -0.028711]
[-0.93991  -0.918529 -0.819785 -0.830949 -0.744094 -0.710322  0.033943
  0.044675 -0.037133 -0.055845  0.021287 -0.070994 -0.060389 -0.024074
  0.080406 -0.039815  0.01789   0.005118  0.028564 -0.017887]
[-0.765737 -0.766619 -0.658861 -1.053222 -0.963838 -0.975455  0.054943
  0.006772 -0.045142  0.111978  0.061639 -0.044417 -0.029534  0.091078
  0.00765   0.030365  0.131064  0.049873 -0.021578  0.007131]
[ -1.075202e+00  -1.128961e+00  -1.193587e+00  -1.100273e+00  -1.249413e+00
  -1.058683e+00   1.254319e-01  -9.618311e-02   1.006824e-01   1.053325e-01
  -5.050705e-02   2.022901e-01   7.706217e-02  -4.636062e-02  -1.778856e-01
   1.540641e-02   6.463081e-02   1.620264e-01   2.646769e-02   5.562525e-05]
[-1.176724 -1.222099 -1.013663 -1.123285 -0.952805 -1.033266  0.03868
  0.040686 -0.010317  0.083221 -0.016864 -0.020605 -0.13618  -0.089416
  0.091786 -0.003102  0.027427 -0.024352  0.01153   0.056122]
[-0.770656 -0.624032 -0.764718 -0.542139 -0.703327 -0.851176  0.172819
  0.083822 -0.063558  0.135157  0.026403 -0.008933  0.062754  0.0417
  0.161252  0.005498  0.191923  0.191561  0.03877  -0.021856]
[ -8.303827e-01  -6.635032e-01  -1.234609e+00  -8.416688e-01  -1.183977e+00
  -1.207718e+00   6.998437e-03  -8.959541e-02   2.745173e-04  -4.323529e-02
   3.736293e-02   5.720176e-02  -5.677559e-02  -4.807479e-02  -4.004976e-02
  -1.736709e-02  -7.364384e-02  -5.100731e-02  -1.768556e-02   1.964069e-02]
[-0.998616 -0.877502 -0.941249 -0.820001 -0.863776 -0.923456  0.017193
  0.076439  0.115523  0.012574  0.027431  0.106827 -0.023942  0.009928
  0.106751 -0.018037  0.005669  0.006163  0.057789  0.006623]
[ -8.147228e-01  -7.543566e-01  -8.552099e-01  -8.906999e-01  -1.093866e+00
  -1.005039e+00   1.223442e-02  -4.004636e-02  -1.039751e-01   4.970417e-02
   1.111264e-01  -5.488133e-02   9.422673e-02   1.010089e-01  -2.268066e-02
   1.263521e-01   7.811170e-03   5.361408e-03   2.956202e-03  -7.104015e-04]
[-0.904318 -0.898648 -0.868717 -0.77326  -1.090691 -1.165632 -0.168637
  0.024486  0.073387 -0.112813 -0.106025 -0.104096 -0.06415  -0.058181
  0.034072 -0.117257 -0.08522  -0.213176  0.026976  0.038426]
[-1.039566 -1.133983 -0.858986 -1.206438 -0.832197 -0.942126  0.035036
 -0.066068 -0.007978 -0.017235 -0.033932 -0.013739 -0.089346 -0.001996
 -0.075455 -0.081858 -0.076933  0.030172 -0.032847 -0.002346]
[-1.14578  -0.953233 -1.189291 -0.65289  -0.957474 -0.974332  0.099072
  0.091007 -0.095571 -0.033461  0.022457 -0.158135  0.015079  0.041565
  0.088688 -0.00579   0.016498  0.09068  -0.033295 -0.052801]
[ -8.581898e-01  -7.657403e-01  -9.039932e-01  -7.330984e-01  -6.739051e-01
  -7.527394e-01   5.626588e-03   4.549719e-02   9.997507e-03   1.954875e-02
  -2.715635e-02  -2.175993e-02  -1.102421e-01  -6.755525e-02   4.814769e-02
  -7.318979e-02  -3.188868e-02   2.443885e-02  -6.019023e-03  -3.105409e-04]
[-0.979142 -1.024682 -0.819567 -1.14429  -0.866336 -1.055775 -0.016691
  0.155979 -0.03791   0.017284 -0.013649 -0.101654 -0.089846 -0.058197
  0.070626 -0.136661 -0.010881 -0.068979  0.079323 -0.013981]
[-1.010608 -0.988945 -0.789428 -1.068565 -1.187319 -0.989584  0.016817
  0.043425 -0.098767  0.054276 -0.077758  0.008472 -0.089388 -0.067889
 -0.038108 -0.110701  0.146272  0.07972  -0.040583 -0.044821]
[-0.782821 -0.922068 -0.650233 -0.825175 -0.526528 -0.673683  0.056268
 -0.026904 -0.105102 -0.131823 -0.018698 -0.110348  0.168937 -0.027879
 -0.001062  0.140323 -0.127538  0.082104 -0.05373   0.035298]
[-0.904066 -1.007301 -1.19837  -1.035897 -1.414967 -1.393535 -0.016067
 -0.022455  0.065283 -0.136696 -0.019939  0.014746  0.017839 -0.01078
 -0.120783  0.053448 -0.262747 -0.030811 -0.091118 -0.007398]
[-1.183574 -0.833684 -0.94565  -0.953699 -1.074605 -0.741561 -0.100206
  0.140257  0.123391  0.163384  0.04474   0.096679 -0.162194  0.009475
  0.134664 -0.174613  0.129899 -0.157256  0.00483  -0.037893]
[-0.895597 -0.857753 -0.7845   -1.092197 -0.963432 -0.890719  0.101586
 -0.012048 -0.095992 -0.085991 -0.018705 -0.065363 -0.090493 -0.060253
 -0.03198  -0.061568 -0.045297  0.125213  0.040955 -0.026978]
[-0.893182 -0.887914 -0.86488  -0.960977 -0.837227 -0.912401 -0.05207
  0.090633  0.014137 -0.077735 -0.070882  0.020071  0.146591 -0.055371
  0.079533  0.110131 -0.10909  -0.065219  0.03562  -0.029268]
[-0.980431 -0.783508 -0.952153 -0.751635 -0.694039 -0.689084  0.037258
  0.134908  0.017097 -0.006865 -0.124851 -0.03548   0.018532 -0.093247
  0.157308  0.026692 -0.010738 -0.008388  0.01786   0.026626]
[-1.135205 -1.142065 -1.051142 -1.068048 -0.816971 -1.140658 -0.036257
 -0.014011 -0.030306 -0.09688   0.122864  0.040449 -0.00985   0.1779
 -0.062074 -0.030722 -0.102787 -0.028393 -0.03346   0.002728]
[-0.909049 -0.615455 -0.649912 -0.813309 -0.899258 -0.635987  0.062076
  0.05083  -0.083933 -0.018039 -0.056868 -0.058347  0.003587 -0.043791
  0.028531 -0.007076 -0.00101   0.055028  0.037703 -0.025179]
[-1.245486 -1.046306 -0.801811 -1.019715 -1.01428  -0.969755  0.029046
  0.25312  -0.082003  0.087447 -0.002019 -0.058827  0.038612 -0.084401
  0.083595  0.178711  0.093019  0.124299 -0.038452 -0.072529]
[-0.844358 -0.829278 -0.89954  -0.931621 -0.965718 -1.014709  0.061895
  0.064483  0.051981  0.050959  0.018506  0.030035 -0.107357  0.037337
  0.04112  -0.086328  0.07873   0.084541  0.059258  0.010409]
[ -8.632785e-01  -8.320949e-01  -7.553502e-01  -7.800038e-01  -7.142401e-01
  -7.290318e-01   2.606076e-02  -8.071448e-02   1.677328e-02  -3.890026e-04
   3.045486e-02   4.109858e-02  -4.690351e-02  -1.621014e-02  -9.857181e-03
  -5.146111e-02   2.235410e-02   4.883684e-02   2.239200e-03  -1.756768e-02]
[-1.072624 -0.939351 -0.774614 -1.089089 -0.877559 -0.849109  0.003656
  0.059666 -0.024103  0.060926  0.116137 -0.024718 -0.118043  0.152475
 -0.005285 -0.15533   0.017023  0.078602  0.015918 -0.010615]
[-0.920296 -0.861431 -0.940411 -0.877301 -0.98135  -0.884919  0.100359
  0.046787 -0.03546  -0.021502  0.017299 -0.063341  0.051123 -0.020402
  0.015536 -0.004118 -0.068757 -0.002334  0.002757  0.006152]
[-0.888166 -0.989816 -0.905901 -0.584176 -0.558947 -0.709214  0.114616
  0.023344 -0.03257  -0.020089  0.016927  0.066066  0.021733 -0.012828
  0.044914  0.06064  -0.028168  0.037337 -0.030209 -0.005221]
[-0.609762 -0.605786 -0.509251 -0.968627 -0.964763 -0.947542  0.027222
  0.051358  0.127037  0.027477 -0.127415  0.14228  -0.05406  -0.15498
  0.045627 -0.082975  0.035083 -0.075506 -0.010621 -0.006307]
[-1.110541 -0.903015 -1.01028  -0.848269 -1.173931 -0.968931 -0.101587
  0.009695  0.061964  0.05492  -0.106673  0.069329 -0.001574 -0.039894
 -0.026839  0.019736  0.088842 -0.14056  -0.007617  0.015335]
[-1.049448 -0.883989 -0.903864 -0.830784 -1.013384 -0.864117  0.04813
  0.059387 -0.012344  0.122875 -0.041837  0.008384  0.059833 -0.030793
 -0.001649 -0.002401  0.105117  0.080665  0.02481   0.026662]
[-1.090537 -0.646211 -0.651065 -0.911183 -0.779889 -0.466786  0.052085
 -0.084456 -0.002839  0.011369 -0.099635  0.006159 -0.13359  -0.062699
 -0.079071 -0.188474  0.114001  0.109263  0.041154  0.030104]
[-0.967805 -0.912342 -0.82189  -1.074186 -0.972107 -0.847582 -0.067911
 -0.11823  -0.020669  0.053953 -0.049156  0.031649 -0.072723 -0.052736
 -0.06732  -0.109589  0.088576 -0.026289  0.008755 -0.022996]
[-0.724394 -0.699703 -0.764019 -0.739329 -0.847682 -0.759698  0.100388
  0.040735  0.029868  0.012866  0.0506    0.008239 -0.011927  0.066735
  0.045279 -0.020684  0.040505  0.084003  0.005581  0.002316]
[-0.717087 -0.936905 -0.61053  -0.734078 -0.489627 -0.620488  0.009473
  0.015031 -0.002396 -0.055925 -0.004329 -0.051402  0.020754  0.0138
 -0.04889   0.056853 -0.128037  0.023469 -0.022138  0.018315]
[-0.915671 -0.731297 -0.790979 -0.914513 -1.011481 -0.772221 -0.124769
 -0.048132 -0.084249 -0.045738 -0.098622 -0.111351  0.087573 -0.077073
  0.067156  0.056437 -0.02111  -0.059062  0.045104  0.016049]
[-1.094388 -0.950575 -1.07574  -0.987814 -1.046199 -1.031903  0.006467
 -0.04108  -0.026171  0.016696  0.018192  0.05658  -0.068036  0.153596
 -0.111496 -0.019887  0.060035 -0.098715  0.005957  0.031271]
[-1.20602  -1.278945 -1.202545 -0.902031 -1.556212 -1.226436 -0.060535
 -0.152704 -0.189179  0.018049  0.001612 -0.261413 -0.013122  0.092231
 -0.097687 -0.103383 -0.089556  0.130074 -0.057732 -0.061978]
[-1.171821 -1.05591  -1.015028 -1.182059 -1.283621 -1.11764   0.058898
  0.00952   0.051573  0.069644  0.010612  0.082103  0.106724  0.090854
 -0.021314  0.06808   0.039981  0.025692  0.074407  0.044339]
[-0.855125 -0.971904 -1.065222 -0.862631 -0.71582  -0.735701  0.041494
 -0.070331 -0.026003  0.132048  0.013276 -0.146674  0.085552  0.084868
  0.04546  -0.021617  0.123568 -0.043915 -0.081517 -0.037088]
[-1.113188 -0.704332 -0.768406 -0.80091  -0.885094 -0.503959  0.082475
 -0.036765 -0.085381 -0.162716  0.054848 -0.086967  0.056166  0.046896
 -0.042111  0.022223 -0.086765  0.048982  0.01899   0.01853 ]
[-0.787694 -0.883159 -1.088778 -1.138752 -1.166753 -1.199463 -0.180429
  0.09057   0.110034  0.178955  0.133673  0.030266  0.100453  0.240214
  0.070192  0.211423  0.163384 -0.247878 -0.003654  0.053585]
[-0.956407 -0.961342 -0.919537 -1.052399 -0.997892 -1.016616  0.087047
 -0.038183  0.063561  0.116143  0.004017  0.053469 -0.043861 -0.013686
 -0.01644  -0.037875  0.104485  0.097341  0.012202  0.008097]
[-0.865633 -0.834798 -0.579651 -1.000304 -0.88533  -0.777626  0.017391
 -0.018416  0.022642  0.058682  0.019947  0.010066  0.075624  0.089393
 -0.051119  0.177012  0.040169  0.006507  0.014515 -0.017664]
[-0.984554 -0.861636 -0.937062 -0.957345 -0.997032 -0.877387 -0.029882
  0.061364  0.043357  0.059     0.056794  0.110875 -0.005426  0.037548
  0.036149 -0.03048   0.101178  0.027041  0.071259  0.007638]
[-1.018232 -0.700101 -1.181187 -0.626108 -1.096889 -0.836592  0.098208
  0.027043 -0.0251   -0.054741  0.151549 -0.083668  0.037236  0.108794
 -0.015283  0.052958 -0.081895  0.194139 -0.047411  0.028132]
[-0.692548 -0.869938 -0.551145 -0.999164 -0.658742 -0.845121 -0.00436
  0.063721  0.099393  0.009896 -0.089993  0.075329  0.023916 -0.050417
  0.020711  0.074156  0.036683 -0.013945 -0.046568  0.019139]
[-1.037317 -1.372246 -0.95821  -1.033065 -0.695497 -1.028826 -0.100578
 -0.067932  0.004384 -0.19892  -0.038385 -0.033492  0.06651   0.028
 -0.039614 -0.043857 -0.28236  -0.01745  -0.009801 -0.073795]
[-0.868694 -0.770271 -0.727324 -0.613563 -0.604086 -0.58359   0.058452
  0.005346 -0.015648 -0.063105  0.029535  0.010832 -0.065979  0.002264
  0.060613 -0.048082 -0.003891  0.020877 -0.011329  0.011185]
[-0.581105 -0.696834 -0.784508 -0.593804 -0.647873 -0.762171 -0.026831
 -0.083471  0.147963  0.104768 -0.004462  0.140417  0.030338  0.034345
  0.006785 -0.01802   0.080429  0.062934 -0.012433  0.002327]
[-0.815489 -0.8301   -1.008495 -0.879231 -1.011212 -1.030708  0.030213
 -0.038408  0.066346  0.069072  0.09485   0.076968  0.029528  0.069138
 -0.047399  0.046233  0.146948 -0.012215 -0.039732 -0.012323]
[-0.873967 -0.908729 -0.75612  -0.722663 -0.627743 -0.685824 -0.01132
  0.013538  0.044046 -0.031239 -0.071938  0.014699  0.021274 -0.070101
 -0.009484  0.04016  -0.012675  0.036259  0.003409  0.002097]
[-0.796198 -0.614206 -0.643599 -0.626925 -0.747761 -0.480073  0.029501
 -0.135597 -0.051053  0.049445  0.058924 -0.048119 -0.067286  0.06696
 -0.10823  -0.049806  0.046608 -0.058454 -0.022968 -0.011667]
[ -1.043542e+00  -1.071834e+00  -7.377432e-01  -1.040327e+00  -7.454946e-01
  -7.581518e-01   3.599867e-02  -3.523272e-02  -1.163415e-01  -3.291699e-02
  -9.490128e-02  -8.996034e-02   2.215121e-02  -7.856536e-02   1.590009e-02
  -2.555879e-02  -1.799953e-02   4.276679e-02   8.191943e-03   9.988850e-04]
[-1.090896 -0.879492 -1.00444  -1.048615 -1.063633 -1.030111 -0.05219
 -0.025758 -0.041778 -0.051502  0.035543  0.077407 -0.033397 -0.048076
 -0.055449  0.01272  -0.038388 -0.074125  0.100174  0.063779]
[-0.822859 -0.735924 -0.896778 -0.646988 -0.766079 -0.742894 -0.046279
 -0.038869 -0.057736  0.078337  0.058094 -0.130316 -0.032222  0.02536
 -0.095833 -0.016421 -0.030547 -0.053375  0.022153 -0.010012]
[-1.07986  -1.169228 -0.837546 -1.188527 -1.005661 -1.002826  0.030421
  0.060224 -0.115151  0.032645  0.034061 -0.07325   0.055302  0.078748
 -0.031236  0.019886  0.053849  0.058506 -0.035257 -0.001649]
[-0.845128 -0.740246 -0.8277   -1.132065 -1.12782  -1.101766  0.038537
 -0.053785  0.064015  0.043539 -0.063112  0.05757  -0.035581 -0.133884
 -0.068019 -0.055705  0.039805  0.022119 -0.047039 -0.046781]
[-0.68253  -0.660527 -0.530601 -0.837779 -0.686746 -0.607758 -0.008961
  0.044231 -0.109063 -0.02779   0.136059 -0.153426 -0.080589  0.184943
  0.055633 -0.022272 -0.067138 -0.062788 -0.003666 -0.012494]
[-0.910372 -0.713433 -0.786787 -0.796272 -0.890745 -0.59925   0.085195
  0.08864  -0.087204  0.059137  0.072445 -0.105413 -0.170822  0.067623
  0.120915 -0.165137 -0.017436  0.200159 -0.047984 -0.024399]
[ -9.325719e-01  -8.257797e-01  -1.055984e+00  -9.842838e-01  -1.153688e+00
  -1.205751e+00   7.949356e-04   1.260558e-01  -2.878126e-02   3.620031e-02
   6.733233e-02   3.689693e-02  -6.325806e-02   3.824184e-02   1.449366e-01
  -7.001249e-02   4.705335e-02   6.143411e-03  -5.212075e-02  -1.402983e-02]
[-0.828163 -0.903127 -0.87383  -0.802886 -0.661236 -0.982048  0.036284
  0.031488 -0.045447 -0.042059  0.094417 -0.031468  0.059903  0.046587
  0.041695  0.072695 -0.053549  0.003117 -0.027965  0.004423]
[-0.91908  -1.018444 -0.80801  -0.861349 -0.890991 -1.028254 -0.071954
  0.100468 -0.089531  0.013643  0.100713 -0.144076  0.004408  0.055483
 -0.011997  0.004456  0.13098  -0.10553   0.009076 -0.001427]
[ -8.760843e-01  -7.641535e-01  -8.630934e-01  -6.024740e-01  -7.287111e-01
  -6.774187e-01   7.815868e-03  -1.142848e-01   7.927440e-02  -5.030602e-04
  -4.055900e-02   3.509822e-02  -8.518294e-02   2.491563e-02  -1.010073e-01
  -9.531604e-02   4.096342e-02  -1.746644e-03   5.159898e-02   2.013129e-02]
[-0.909069 -1.045131 -1.128115 -0.794078 -0.871134 -1.114516 -0.053908
 -0.058002  0.026256  0.099208 -0.110772  0.059239  0.14216  -0.192195
 -0.005533  0.127904  0.099538 -0.040615 -0.041837 -0.026591]
[-1.017912 -0.985409 -0.829693 -1.095641 -0.794774 -0.995627 -0.045854
  0.026002  0.013793 -0.069705  0.031759  0.040207 -0.118965  0.078974
 -0.110167 -0.133185 -0.061924 -0.003718  0.025015 -0.00189 ]
[-1.357089 -1.093844 -1.082399 -0.920717 -0.901818 -0.924335  0.046028
 -0.24363  -0.012394  0.00755  -0.021121 -0.113508 -0.117946 -0.028099
 -0.211196 -0.042898  0.151179  0.029161  0.08412   0.05666 ]
[-0.776581 -0.864674 -0.798738 -1.061445 -0.918435 -1.113205  0.10394
  0.119148 -0.111246  0.013263  0.037882 -0.073378  0.115349  0.00424
  0.161661  0.048737  0.05312   0.151932  0.053912 -0.013802]
[-1.055242 -1.109835 -0.664387 -1.051064 -0.771342 -0.9671   -0.092704
 -0.036627  0.083789  0.042652 -0.116396  0.115259  0.069947 -0.227147
  0.153177  0.003268  0.037931 -0.114591  0.059825  0.05095 ]
[-0.98623  -0.648583 -0.760599 -0.844832 -0.952712 -0.599233  0.010867
 -0.096973 -0.052059 -0.052992 -0.011092 -0.112189 -0.111703 -0.015846
 -0.165775 -0.111886  0.002065 -0.005409 -0.013    -0.059062]
[-1.07545  -1.065522 -0.881831 -1.089531 -0.989324 -0.822416 -0.018313
  0.046416 -0.035705 -0.003251  0.00548   0.029527 -0.042426  0.029986
 -0.074858 -0.015916  0.069969 -0.023629  0.003604 -0.024361]
[ -9.528729e-01  -1.037916e+00  -9.038620e-01  -9.013141e-01  -8.307469e-01
  -9.060935e-01  -1.367982e-01  -4.964065e-02  -8.167524e-02  -1.756785e-02
   4.540840e-02  -1.078876e-01  -4.771331e-02   3.160474e-04  -1.288826e-01
   3.146587e-02   1.886592e-02  -1.081926e-01  -4.726777e-02  -1.327066e-03]
[-1.054716 -0.947667 -1.050954 -0.910707 -0.961966 -1.155885 -0.053076
 -0.0358   -0.005864  0.073133 -0.022849 -0.012138 -0.085807 -0.061357
 -0.021339 -0.115578  0.086788 -0.026122 -0.03137  -0.015675]
[ -1.170608e+00  -9.220296e-01  -7.734940e-01  -1.193498e+00  -9.807313e-01
  -7.596127e-01  -5.704566e-02  -1.111170e-02   2.887649e-02   5.572290e-02
   4.956710e-02   5.168828e-02   7.877873e-03   4.539513e-02  -6.663827e-04
   5.287788e-02   3.549445e-02  -1.523256e-01  -2.801543e-02  -3.374588e-02]
[ -9.296660e-01  -1.019533e+00  -9.307354e-01  -9.765772e-01  -8.645454e-01
  -1.084839e+00   1.909154e-01  -5.277539e-02  -3.685862e-02  -1.174835e-01
   9.063329e-02   1.838723e-04   5.241585e-02   6.004074e-02  -3.108635e-02
   1.182402e-01  -1.352029e-01   2.881872e-01   3.785750e-02   9.054827e-03]
[ -9.230199e-01  -1.005302e+00  -7.813739e-01  -1.112122e+00  -7.860640e-01
  -7.651443e-01  -1.023075e-01  -3.112946e-02  -1.161307e-01   7.173286e-02
  -7.723103e-04  -5.726393e-02  -7.714908e-02  -8.022918e-03   1.024684e-02
   6.068004e-02   2.270032e-01  -1.315248e-01   2.005680e-04   9.586913e-03]
[-0.785833 -0.762494 -0.681135 -0.953514 -0.786562 -0.704884  0.044905
 -0.130465  0.015884  0.053096  0.046485  0.006029  0.084633  0.083849
 -0.19704   0.17038   0.03572   0.060808 -0.030841  0.001993]
[-0.995222 -0.865824 -0.896633 -0.870302 -0.929846 -0.868891  0.060791
  0.149245 -0.123571 -0.009296 -0.043142 -0.214258  0.115532 -0.008836
  0.13238   0.125287 -0.038193  0.040373  0.028323 -0.006311]
[-0.812762 -0.997765 -0.790651 -0.728729 -0.611862 -0.780287 -0.025639
 -0.075591 -0.057634  0.049951 -0.041618 -0.001398  0.031884 -0.018966
 -0.053457  0.053078  0.068969  0.025721  0.030204  0.022446]
[-0.816355 -0.744865 -0.64245  -0.799514 -0.63976  -0.559939  0.059265
 -0.074032 -0.04528  -0.06419   0.021619 -0.083252 -0.08934   0.037164
 -0.090215 -0.113825 -0.045765  0.043248 -0.021664 -0.012458]
[-1.321738 -0.841369 -0.988185 -0.591725 -1.161337 -0.788719 -0.212326
 -0.26417  -0.061034 -0.248613 -0.037729 -0.089948 -0.19392  -0.044046
 -0.215924 -0.04904  -0.109839 -0.26062  -0.036339 -0.020569]
[-1.104725 -1.081471 -1.109705 -1.034494 -1.12321  -1.097545  0.148944
  0.157162  0.072948 -0.069465  0.032554  0.060978  0.116812 -0.014636
  0.129762  0.11811  -0.116997  0.190947  0.022718 -0.039404]
[-1.164091 -1.08353  -0.935428 -1.10716  -0.809643 -0.939137 -0.143047
 -0.011617  0.052008  0.027125 -0.06316  -0.066221 -0.03909  -0.049891
 -0.159434 -0.049265 -0.043663 -0.038118  0.053876  0.035336]
[-0.886864 -0.929923 -1.145204 -0.753542 -1.012775 -1.278723  0.029878
  0.15203  -0.094765  0.11793  -0.108923  0.007639  0.005332 -0.096595
  0.189303 -0.015256  0.107153  0.107165 -0.064656 -0.024896]
[-0.757849 -1.089177 -0.990703 -0.788123 -0.64945  -0.951657  0.010503
  0.028274 -0.141352  0.027937 -0.03352  -0.083793 -0.00199  -0.037428
 -0.012132 -0.003119  0.052323  0.020281  0.010754  0.004914]
[-1.152482 -1.141566 -1.035505 -1.037901 -0.964439 -1.032817  0.026564
 -0.033275 -0.017617 -0.052999  0.022799 -0.021773 -0.01233   0.045329
 -0.054607  0.031563 -0.039583 -0.007046 -0.016351 -0.020124]
[ -8.878656e-01  -7.314333e-01  -5.738637e-01  -8.990920e-01  -7.897310e-01
  -7.305178e-01   7.395495e-02  -1.276586e-01   1.153758e-01   5.223391e-04
  -2.464246e-02   1.158481e-01  -1.092573e-01  -3.368384e-02  -1.442190e-01
  -1.619826e-01   1.553866e-02   8.672607e-02  -2.177802e-02  -1.098489e-02]
('Mean', 1, ': ', -0.88786559404083998)
('Median', 1, ': ', -0.88786559404083998)
('Variance', 1, ': ', 0.0)
('Mean', 2, ': ', -0.73143331190099592)
('Median', 2, ': ', -0.73143331190099592)
('Variance', 2, ': ', 0.0)
('Mean', 3, ': ', -0.57386373099565102)
('Median', 3, ': ', -0.57386373099565102)
('Variance', 3, ': ', 0.0)
('Mean', 4, ': ', -0.89909197607738267)
('Median', 4, ': ', -0.89909197607738267)
('Variance', 4, ': ', 0.0)
('Mean', 5, ': ', -0.78973097868669262)
('Median', 5, ': ', -0.78973097868669262)
('Variance', 5, ': ', 0.0)
('Mean', 6, ': ', -0.73051779295261965)
('Median', 6, ': ', -0.73051779295261965)
('Variance', 6, ': ', 0.0)
('time: ', 10114.00086903572)
