“Running plot script on a single CPU core”
[-1.271858 -1.144736 -0.814498 -1.27914  -0.943763 -0.919383  0.116913
  0.099347  0.102094  0.128145 -0.068819  0.058457 -0.153146 -0.072701
  0.073488 -0.262328  0.025257  0.077041 -0.033147 -0.044465]
[-1.119102 -0.780463 -0.865445 -0.772915 -0.922706 -0.49629   0.096937
 -0.035188 -0.069846  0.097078  0.02614  -0.179272 -0.269122  0.051057
 -0.0327   -0.257391  0.02115   0.21935  -0.069352  0.008526]
[-0.721229 -0.82063  -0.811843 -0.609227 -0.538211 -0.658833  0.041769
 -0.053052 -0.092596  0.087525 -0.039679 -0.100189 -0.015927 -0.0544
 -0.027496  0.001724  0.063132  0.02004  -0.005203  0.014944]
[-0.953665 -0.896418 -0.970204 -0.895509 -0.855369 -0.884831  0.061725
  0.003924  0.021871  0.053816 -0.059829 -0.067539  0.018316 -0.062795
  0.012738  0.001591 -0.048554 -0.024134  0.007036  0.014776]
[-1.061452 -0.910884 -0.800814 -1.03672  -0.926077 -0.730172 -0.019923
 -0.053817  0.03348  -0.078095 -0.064006  0.05826  -0.236538 -0.03977
 -0.017064 -0.240647 -0.126791 -0.059495 -0.009626  0.047429]
[ -7.979676e-01  -9.183967e-01  -8.688430e-01  -8.989466e-01  -7.965476e-01
  -1.035048e+00   5.366485e-02   2.954460e-02  -1.754443e-02  -7.651176e-02
  -1.832371e-04  -5.809829e-02  -3.473037e-02   6.111783e-03   6.103031e-02
  -1.452258e-02  -7.122007e-02   5.655418e-02   4.536891e-02  -8.390260e-03]
[-1.31265  -1.19421  -1.256867 -1.131944 -1.194652 -1.339752 -0.146792
 -0.067983  0.004711 -0.072796 -0.024467 -0.123099 -0.115731  0.013284
 -0.118433 -0.111616 -0.044398 -0.107731  0.04952   0.01752 ]
[-0.782436 -0.760004 -0.69665  -0.621494 -0.510176 -0.531893  0.042481
 -0.049826 -0.080602  0.0493   -0.022426 -0.074896 -0.19849   0.026032
 -0.123585 -0.136596  0.020712  0.060906 -0.013765 -0.011318]
[ -9.684181e-01  -6.903327e-01  -4.594604e-01  -8.426157e-01  -5.688666e-01
  -3.531078e-01   1.111649e-01  -1.614470e-01  -6.189134e-03   4.179414e-03
  -2.560014e-02  -6.604064e-02  -1.210423e-01  -1.017637e-01  -1.562111e-01
  -4.208597e-03   4.147288e-02   1.226630e-01   1.387295e-02  -4.660485e-04]
[ -8.173367e-01  -6.915361e-01  -8.112373e-01  -7.323585e-01  -8.498971e-01
  -8.634004e-01   2.868285e-02   7.181334e-02  -3.127742e-02  -2.971454e-02
  -3.156821e-02  -5.337808e-02  -1.275807e-02  -2.391943e-02   4.395966e-02
  -3.031934e-02  -1.698686e-04   1.528271e-02  -4.755479e-03   3.306089e-02]
[-1.081639 -0.998898 -0.914528 -0.926757 -0.926837 -0.679417 -0.032588
 -0.081836  0.067499 -0.01791  -0.041348  0.12335   0.044647  0.033567
 -0.064599  0.1018    0.054327 -0.103484 -0.026398  0.02507 ]
[-0.736345 -0.887941 -0.566315 -1.031297 -0.698741 -0.778433 -0.042188
 -0.055408 -0.15554  -0.249555 -0.238204 -0.171585  0.052664 -0.304455
 -0.04378  -0.036885 -0.260755 -0.060325 -0.038412  0.035299]
[-1.107594 -1.002176 -0.781238 -1.206532 -1.021577 -0.976968  0.006162
  0.053103 -0.060683 -0.05342  -0.033986 -0.086722 -0.011861  0.076531
  0.017303  0.057254  0.008832  0.032069  0.006431 -0.04566 ]
[-0.83565  -0.54043  -0.776853 -0.568783 -0.809528 -0.436642 -0.104659
  0.035378  0.038888  0.05688   0.09515   0.029695  0.140338  0.057549
 -0.001571  0.095329  0.00139  -0.106101  0.003489 -0.011012]
[-0.964706 -0.988988 -1.012506 -0.809593 -0.818234 -0.953631 -0.080433
 -0.105072 -0.077464  0.053871 -0.042015 -0.05467   0.049528  0.054798
 -0.08482   0.111702  0.026967 -0.157881 -0.040606 -0.029072]
[-0.94895  -0.824905 -0.856002 -0.839868 -1.055171 -0.809663  0.07516
 -0.186709  0.119397 -0.028208  0.101298  0.296894 -0.04884  -0.002248
 -0.176084 -0.110643 -0.075818  0.049531  0.068842  0.072001]
[-1.115805 -1.249358 -1.074707 -0.871559 -0.911517 -1.022454 -0.044522
 -0.04489  -0.02787  -0.038643  0.070391 -0.074577 -0.052344  0.030589
 -0.044715 -0.018972 -0.134021 -0.13094  -0.016285 -0.024123]
[-1.146635 -0.834011 -0.802586 -0.940521 -0.741879 -0.763244 -0.042981
 -0.120954 -0.097954 -0.136334 -0.191321 -0.014225 -0.02818  -0.155414
 -0.031977 -0.11507  -0.109225 -0.009262  0.080815  0.055831]
[-1.076977 -1.170909 -0.749713 -1.042399 -0.419005 -0.791181 -0.063334
  0.038943  0.009826 -0.32117  -0.035766  0.081144 -0.205919  0.022486
 -0.019227 -0.127102 -0.466552 -0.163555 -0.047603  0.059157]
[-0.78394  -0.736568 -0.863449 -0.587583 -0.805475 -0.748808  0.180544
 -0.010151  0.039912 -0.002206 -0.012237 -0.023644  0.050602 -0.005293
 -0.054582  0.05982  -0.031368  0.302953  0.0892   -0.017421]
[-0.785493 -0.916484 -0.701153 -0.910951 -0.701991 -1.036604 -0.081337
  0.017458  0.100106 -0.121588  0.1194    0.20717   0.161616  0.144355
 -0.046304  0.130203 -0.108342  0.023416  0.012923 -0.070267]
[-1.162001 -1.082222 -0.792863 -1.212745 -0.798441 -0.659471  0.01508
  0.107992  0.039275  0.011996  0.104578  0.10387   0.010369  0.056931
  0.053106 -0.017205 -0.079411  0.006501  0.059049 -0.015522]
[-0.858594 -0.800021 -0.762547 -0.782085 -0.772517 -0.642721  0.041858
  0.004671 -0.016461 -0.105061  0.046601 -0.010395 -0.015118  0.042751
 -0.003429 -0.001961 -0.089973  0.058792 -0.017399 -0.026488]
[-0.878605 -0.804516 -0.749297 -0.951505 -0.897166 -0.825405 -0.033935
  0.06876   0.001123 -0.05843  -0.057886  0.025442  0.016479 -0.093119
  0.068561 -0.016228 -0.115578 -0.041979 -0.005175 -0.001718]
[-0.900123 -0.748458 -0.920948 -0.970042 -1.130057 -0.892193  0.041383
  0.170592 -0.072939  0.039964 -0.012561 -0.116304  0.020588 -0.039753
  0.110389  0.005209  0.015654 -0.054934 -0.066366 -0.002168]
[-1.018982 -0.633566 -0.737083 -0.633691 -0.785504 -0.486682 -0.063997
  0.038177 -0.057583  0.022213 -0.026893 -0.022706 -0.070511 -0.033881
  0.036362 -0.008402  0.038033 -0.070516  0.024379  0.021664]
[-0.693827 -0.606371 -0.734226 -0.547622 -0.656315 -0.582234 -0.124152
  0.078954 -0.037891 -0.001621 -0.049113 -0.008716  0.014206 -0.031974
  0.066771  0.002889  0.032508 -0.110695  0.00092   0.023415]
[-1.046082 -0.776865 -0.957715 -0.945283 -0.950937 -0.825655 -0.054164
  0.082657  0.012869 -0.054364 -0.022222  0.058136  0.132647 -0.139158
  0.135831  0.165184 -0.110604  0.055211 -0.017183 -0.029775]
[-1.083547 -1.288109 -1.259257 -1.195207 -1.140567 -1.463276  0.115444
 -0.003174 -0.190446  0.04762  -0.004908  0.038243  0.181243  0.053122
  0.027118  0.085978 -0.004554  0.124734  0.106994 -0.00742 ]
[-0.950554 -0.885272 -0.800239 -0.878669 -0.782289 -0.755617  0.142098
  0.056218  0.01598  -0.012685 -0.083304  0.105457 -0.029695 -0.058114
  0.058503 -0.029613 -0.057295  0.153286 -0.094167 -0.001392]
[-1.146282 -0.867344 -0.939141 -0.797736 -0.988465 -0.598699  0.034711
 -0.270411  0.032994 -0.00719  -0.003025 -0.021664  0.160202  0.010825
 -0.15199   0.161001 -0.021739 -0.021077 -0.08756  -0.061062]
[-0.602558 -0.733286 -0.666443 -0.590947 -0.589558 -0.733854 -0.024285
 -0.044924 -0.087784  0.068044  0.13337  -0.094274 -0.042057  0.182078
 -0.104306 -0.079679  0.034911 -0.074005 -0.038386 -0.006517]
[-1.069913 -0.731905 -0.813105 -0.839156 -0.938175 -0.517705 -0.064237
  0.182856  0.016797 -0.03898  -0.064242  0.063436 -0.041281 -0.06481
  0.190742 -0.132993 -0.041217 -0.051129 -0.04958   0.009937]
[-1.032491 -1.010479 -0.899724 -1.004573 -0.937586 -0.930127  0.015781
 -0.042838  0.016604  0.05235   0.042434  0.016471 -0.040009  0.051877
 -0.092166 -0.032708  0.070583  0.055129 -0.033004  0.010315]
[-1.239957 -1.043924 -0.705911 -1.184934 -0.989947 -0.944032 -0.01343
 -0.095101 -0.063741  0.044861 -0.021235 -0.106171  0.022002 -0.016347
 -0.149929 -0.00854   0.159351 -0.164904 -0.056654 -0.047846]
[-1.193032 -1.021637 -1.014896 -1.004753 -1.046499 -0.875352 -0.029868
 -0.042185 -0.030844  0.059634 -0.029389  0.027449 -0.06559  -0.002853
 -0.051637  0.008746  0.051472 -0.013988 -0.01844  -0.040484]
[ -7.591529e-01  -9.514453e-01  -8.982131e-01  -8.790827e-01  -7.955542e-01
  -1.045545e+00   9.234314e-02  -2.077169e-02  -3.370278e-02   1.178216e-01
   3.649933e-02  -4.768826e-02   8.084101e-04   9.523176e-02   5.374925e-03
  -1.037627e-02   1.080475e-01   4.196918e-02  -1.439138e-02  -3.882717e-02]
[-0.762038 -0.804204 -0.989126 -0.634299 -0.73045  -0.841056 -0.109889
  0.009428 -0.08535   0.040452  0.049616 -0.086269  0.008929  0.030581
  0.015265  0.054826  0.024522 -0.126864  0.023935 -0.010225]
[-0.843861 -0.691659 -0.757876 -0.673682 -0.740469 -0.575378  0.014121
  0.017228  0.113266  0.077781 -0.072164  0.047129  0.100769 -0.014983
  0.064799  0.127976  0.089683  0.010244 -0.021802 -0.026847]
[-0.972947 -1.062532 -1.03852  -0.917928 -0.943172 -1.026201  0.090154
 -0.051788  0.025173  0.113847  0.075239 -0.058088  0.06425   0.082332
 -0.080247 -0.019305  0.089104  0.124815 -0.027019 -0.028319]
[-0.77951  -0.866432 -0.877965 -0.767365 -0.755901 -0.811116  0.024816
 -0.030147 -0.102695  0.030981 -0.014321 -0.119181  0.036345 -0.020617
  0.015954  0.045777  0.048065  0.036692  0.067783  0.034843]
[-0.809634 -0.835782 -0.631201 -0.946167 -0.911671 -1.092599 -0.017537
 -0.002039 -0.032289  0.074259 -0.069549  0.018636  0.0521   -0.052021
  0.052255  0.013657  0.087277 -0.00836  -0.01007  -0.013655]
[-0.784859 -0.834682 -0.774311 -0.780329 -0.723362 -0.854376 -0.018372
 -0.011479  0.071526 -0.074644 -0.004723  0.072398  0.05202  -0.025063
  0.004226  0.05018  -0.091343  0.008198 -0.001201  0.001918]
[ -1.144555e+00  -1.036052e+00  -8.345808e-01  -1.258737e+00  -1.036705e+00
  -1.127547e+00   8.639951e-02   4.766537e-03  -4.576753e-02  -7.053071e-02
   7.918593e-04  -6.830565e-02  -2.786699e-02  -8.465514e-02  -3.724125e-02
   1.702102e-02  -6.445239e-02   3.601568e-03   1.459500e-02   5.155849e-02]
[-0.794249 -0.798698 -0.720411 -0.843918 -0.812954 -0.709592 -0.110576
  0.081463  0.032516  0.137146  0.043819  0.051562 -0.103433  0.041064
  0.070572 -0.083756  0.112389 -0.168614 -0.016007  0.002462]
[-1.040391 -0.967029 -0.844915 -1.035299 -0.88827  -0.825169 -0.027257
  0.037687 -0.113811  0.028587 -0.014491 -0.082474  0.103484 -0.019391
 -0.033235  0.078177 -0.013562 -0.13884   0.017676  0.041131]
[-0.988906 -1.027382 -1.043362 -0.968548 -1.007012 -1.085943  0.038793
 -0.009461 -0.006452  0.074082  0.030888 -0.004589  0.058511  0.027227
 -0.018109  0.084362  0.059929  0.081138 -0.04422  -0.007128]
[-0.590214 -1.040124 -1.007828 -0.490961 -0.460067 -1.009534 -0.110137
  0.138544  0.194288 -0.010026 -0.02596   0.206857  0.053485  0.016631
  0.243422 -0.063202  0.023837 -0.173003  0.013686  0.075154]
[-0.809904 -0.600919 -0.55259  -0.777417 -0.781525 -0.621147  0.03719
 -0.040217  0.054881 -0.021683 -0.109249  0.036219 -0.119717 -0.073097
 -0.071673 -0.103602 -0.060406  0.085425 -0.016002  0.019159]
[-1.115383 -1.149254 -0.640697 -1.102409 -0.46731  -0.50074   0.109415
  0.044194 -0.048177  0.130767  0.055466 -0.024664 -0.139029  0.030264
  0.057324 -0.147601  0.136031  0.038199  0.038005  0.035862]
[-0.797357 -0.823606 -0.681209 -0.945125 -0.805197 -0.812642  0.034359
 -0.0311   -0.192847  0.126821 -0.017945 -0.16045   0.014652  0.016766
  0.015234 -0.038853  0.164908  0.036165 -0.029947 -0.010149]
[-0.76647  -0.750266 -0.770853 -0.665752 -0.747866 -0.657303 -0.016871
  0.013568 -0.125494  0.049118  0.079636 -0.157502 -0.041862  0.036086
  0.008578 -0.042678  0.019404 -0.003804 -0.117943 -0.015162]
[ -9.363782e-01  -9.308756e-01  -1.043203e+00  -8.031637e-01  -8.536294e-01
  -9.882615e-01   2.989323e-02   3.769464e-02   9.392156e-02  -3.216583e-02
  -4.384795e-02   8.769576e-02  -9.358843e-02  -1.070430e-01  -9.463779e-03
  -4.314555e-02  -5.095345e-02   4.727190e-02  -3.148574e-03   8.242305e-04]
[-0.886688 -0.644692 -0.693126 -0.914149 -1.187968 -0.762605  0.007022
  0.011093  0.102723  0.123673 -0.20616   0.127131 -0.064733 -0.179292
 -0.101639 -0.081537  0.121666  0.006422 -0.015511 -0.031166]
[-0.999965 -1.057523 -0.8056   -1.075121 -0.81326  -1.012124 -0.029593
  0.131084  0.123071  0.134425  0.110378  0.095674  0.069757  0.044053
  0.09519   0.072485  0.217071 -0.015017 -0.003931 -0.028131]
[-0.957197 -0.894246 -0.902783 -1.159967 -1.194705 -1.148312 -0.003656
 -0.007573  0.025509  0.002671 -0.056051  0.033034 -0.009841 -0.043518
 -0.022193 -0.001243 -0.014163  0.016985 -0.023984 -0.004727]
[-0.919196 -0.900301 -1.039308 -0.772521 -0.855969 -0.748996 -0.064093
 -0.029631  0.033542 -0.063962 -0.064572  0.004582  0.04468  -0.032221
 -0.077772  0.046933 -0.050382 -0.076669 -0.009049  0.025442]
[-0.895053 -0.978946 -0.834333 -1.063822 -0.89099  -1.039555  0.057753
  0.090587 -0.088732 -0.06097   0.149767  0.027766 -0.113804  0.226979
  0.071197 -0.109632  0.055403  0.02274   0.017603  0.015303]
[-1.020384 -0.997948 -1.055107 -1.056362 -1.03571  -1.110538  0.068539
  0.057923 -0.01446  -0.087242  0.024947 -0.004793 -0.068807 -0.001541
  0.040535 -0.078372 -0.095348  0.093335 -0.042419 -0.0218  ]
[-0.985474 -1.136103 -0.92058  -1.081883 -0.880572 -0.888963 -0.004033
 -0.083078  0.072419 -0.040269 -0.082143  0.049543  0.048812  0.005872
 -0.095367  0.044537 -0.027295 -0.022532  0.00669  -0.004284]
[-1.081542 -1.206834 -0.957348 -1.121369 -0.991758 -0.997885 -0.039184
 -0.076477 -0.039896 -0.006509 -0.021045 -0.067487  0.05883  -0.050031
 -0.04782   0.00631   0.012848 -0.045103  0.081227  0.001441]
[-0.824726 -0.744087 -0.597341 -0.833117 -0.896736 -0.641183  0.063408
  0.084068 -0.034671  0.161353  0.012423 -0.046958 -0.108015 -0.009204
  0.065119 -0.164484  0.176895  0.111375 -0.034539 -0.028229]
[-0.793117 -0.814291 -0.843208 -0.814032 -0.850445 -0.880041 -0.050193
  0.225355  0.165382  0.093828  0.044673  0.167695 -0.076055  0.041725
  0.21179  -0.097371  0.137804 -0.088632  0.003265 -0.02493 ]
[-1.266412 -0.92651  -1.058747 -0.881601 -1.088805 -0.848764 -0.017357
 -0.021687 -0.017668 -0.047195  0.061531  0.063633 -0.13963   0.068978
 -0.063978 -0.086592 -0.016979 -0.082695 -0.080394 -0.047997]
[-0.64825  -0.699566 -0.763519 -0.636123 -0.742217 -0.763233 -0.005014
  0.023143  0.104214 -0.019103 -0.024753  0.064688 -0.022946 -0.082349
  0.013849 -0.018338 -0.005204 -0.038352  0.003289  0.016686]
[-0.786093 -0.700286 -0.717167 -0.751239 -0.656466 -0.67416   0.018914
  0.013944  0.006271 -0.06052  -0.061176 -0.025028  0.012182 -0.016327
 -0.031865 -0.00367  -0.029729  0.013377 -0.019384 -0.020881]
[ -8.870698e-01  -7.138616e-01  -7.294970e-01  -8.511026e-01  -7.949913e-01
  -6.145940e-01   6.015165e-02  -5.881339e-02  -4.475685e-02   3.036637e-02
   1.608925e-02  -4.264743e-02  -4.041650e-02  -8.362177e-02  -5.863639e-04
   6.478553e-03   2.989733e-02   8.997902e-03  -2.824349e-02   4.645356e-03]
[-0.475257 -0.843364 -0.706483 -0.443367 -0.237168 -0.694458  0.043527
 -0.023354 -0.090807 -0.007889  0.111968 -0.083652  0.064374  0.062164
 -0.082784 -0.051457 -0.027506  0.084731  0.014276 -0.020179]
[-1.195686 -1.242882 -1.248084 -1.140324 -1.255406 -1.301383 -0.018803
  0.059186 -0.078042 -0.016379  0.08701   0.027858 -0.021709  0.094757
  0.16423  -0.042766  0.094796  0.071268 -0.023242  0.016641]
[-0.790943 -1.004819 -0.833714 -1.04593  -0.88952  -1.195766 -0.065615
 -0.037908 -0.060218 -0.026591 -0.10132  -0.053106  0.103806 -0.148047
 -0.066647  0.049313 -0.112467 -0.09775   0.076111  0.020286]
[ -9.007705e-01  -9.064759e-01  -9.213866e-01  -7.928745e-01  -7.926369e-01
  -8.999411e-01   9.036420e-02  -2.240978e-02  -1.139870e-02   7.581181e-02
   1.471916e-02  -5.137575e-03   7.431031e-02   8.519970e-04  -1.588806e-02
   8.012722e-02   5.123826e-02   2.085286e-02   4.429307e-02   3.858747e-02]
[ -1.075318e+00  -1.014069e+00  -6.473546e-01  -1.233558e+00  -1.037409e+00
  -8.525456e-01  -9.051536e-02  -1.205216e-01  -2.824730e-02   2.159196e-02
  -7.617384e-02  -3.855670e-02   1.198651e-01   1.186461e-03  -1.636782e-01
   1.064788e-01  -3.390414e-02  -1.258647e-01   1.070095e-02   1.768650e-02]
[ -7.944544e-01  -7.742200e-01  -7.549533e-01  -5.549940e-01  -6.016461e-01
  -6.099251e-01  -1.273566e-01  -4.827190e-02   8.347533e-02  -4.994570e-03
  -2.960006e-02   8.629601e-02   7.966180e-02  -4.406650e-02  -3.250738e-02
   8.951754e-02   2.423167e-02  -1.741676e-01   1.665704e-04   1.993677e-03]
[ -8.406837e-01  -9.326902e-01  -7.909967e-01  -7.436944e-01  -6.735826e-01
  -7.706058e-01  -7.653687e-04   4.078011e-02  -2.632246e-02   2.992310e-02
  -2.273242e-02  -1.046877e-02  -2.906999e-02   1.326641e-02  -1.206460e-02
  -1.915443e-02   1.973279e-02   7.711818e-02  -2.062168e-02  -2.395231e-02]
[-0.916446 -0.964983 -0.81437  -1.06079  -0.933912 -1.033122 -0.058599
 -0.019828 -0.063751  0.065874  0.020025 -0.066083  0.061659  0.02563
 -0.068824  0.043598  0.03728  -0.082205  0.008121  0.0412  ]
[-1.075659 -0.958126 -0.793612 -1.065664 -0.968636 -0.985928  0.048549
  0.040134 -0.067766 -0.034601 -0.051457 -0.142526  0.034321  0.020165
  0.061913  0.131835 -0.048119  0.021116  0.11607   0.034537]
[-0.626426 -0.929482 -0.82357  -0.749924 -0.596642 -1.048056 -0.00723
 -0.034422  0.016329  0.002397 -0.101112 -0.012182 -0.042047 -0.118676
 -0.052525 -0.07053  -0.045088  0.022309 -0.041036 -0.032895]
[-0.833639 -1.00614  -0.818006 -0.822007 -0.772917 -0.843448 -0.013588
 -0.03543   0.010407  0.034325  0.03574   0.02218   0.020977  0.048107
 -0.070849  0.030066 -0.016521 -0.030918  0.104125  0.013789]
[-0.542941 -0.626599 -0.629126 -0.654888 -0.752422 -0.705474  0.021717
 -0.016157 -0.052445  0.044182 -0.023855 -0.066415  0.084458 -0.01027
  0.007549  0.114539  0.017083  0.015752  0.007155  0.018345]
[-1.042425 -0.931389 -0.717951 -1.111024 -0.823059 -0.586613  0.030397
 -0.014848 -0.039568  0.037942  0.005518 -0.047991 -0.009231  0.040051
 -0.0262    0.014308  0.07313   0.027772  0.026926 -0.014212]
[ -7.740044e-01  -8.137522e-01  -5.644753e-01  -8.559523e-01  -5.857017e-01
  -6.260491e-01  -2.067327e-01  -3.305392e-02  -7.569624e-03  -3.776779e-02
  -7.761163e-02  -3.309332e-02  -5.077265e-04  -7.937646e-02  -3.547312e-02
  -4.977079e-02  -5.670272e-02  -1.795343e-01  -2.372883e-04   1.388110e-02]
[-0.968301 -0.909849 -0.889795 -0.999365 -0.934027 -0.953542  0.075948
 -0.093591  0.045868 -0.057639  0.046762  0.060909  0.001464  0.064118
 -0.103272  0.020673 -0.018969  0.039211 -0.044964 -0.012563]
[-1.196045 -0.780804 -0.706331 -0.578819 -0.593813 -0.414521 -0.049852
 -0.079414 -0.018824 -0.003033  0.005544  0.011281 -0.203781 -0.023271
 -0.066047 -0.219071 -0.028351 -0.030345 -0.014112  0.02734 ]
[-0.923969 -1.204496 -0.807698 -1.045036 -0.865376 -1.011522  0.092236
  0.002796  0.140111  0.190223 -0.275787  0.194731  0.019565 -0.361029
 -0.132169 -0.057508  0.158187  0.199374 -0.133937  0.036046]
[-0.716706 -0.742033 -0.655624 -0.733674 -0.653959 -0.722929 -0.08389
  0.068582  0.286459 -0.067203  0.175358  0.214387 -0.044867  0.154811
  0.018583 -0.03874  -0.012134 -0.105994  0.023093  0.017911]
[-1.265789 -1.267793 -1.150374 -1.253943 -0.958355 -1.167693 -0.006025
 -0.143182 -0.101423  0.00573  -0.206561 -0.188947 -0.089106 -0.173566
 -0.209588  0.0248   -0.127088  0.035629  0.217038  0.05496 ]
[-1.034793 -1.034862 -1.010873 -1.095751 -0.984075 -1.159487 -0.044473
  0.046642 -0.064128  0.108026 -0.128599  0.035149 -0.074349 -0.033095
 -0.006226 -0.030917  0.09907  -0.058857 -0.105496 -0.033504]
[-0.883009 -0.962027 -0.496384 -0.935791 -0.535264 -0.42372  -0.017807
 -0.006956  0.047472 -0.058508 -0.019015  0.056162 -0.09008   0.025152
 -0.036539 -0.046858 -0.1193   -0.034998 -0.063083  0.059429]
[-0.967278 -0.745717 -0.639211 -0.855422 -0.83329  -0.610511  0.085432
 -0.091696 -0.094684 -0.086456 -0.162249 -0.112447 -0.014531 -0.119015
 -0.076314 -0.027141 -0.054056  0.102008  0.016357 -0.019265]
[-1.177731 -0.792058 -0.888722 -0.771539 -0.988073 -0.640647  0.1678
  0.058116  0.048754 -0.039782 -0.047854 -0.008983  0.176431 -0.004549
  0.086814  0.012759 -0.042522  0.16365  -0.094182 -0.058157]
[-1.070169 -0.869065 -0.974994 -1.16557  -1.045348 -0.924339  0.054064
  0.049893  0.022753  0.018671 -0.020493 -0.015478  0.004921 -0.096229
  0.066501  0.023696  0.031931  0.02403  -0.02775   0.003751]
[-0.850765 -0.810957 -0.815215 -0.769    -0.835018 -0.840848  0.042677
  0.215106 -0.020343  0.015161 -0.11978  -0.005134  0.061086 -0.103611
  0.184451  0.089544  0.045901  0.001929  0.015864 -0.001969]
[-1.183771 -1.025568 -1.058003 -0.968418 -1.027189 -0.915462 -0.042484
 -0.072891  0.07868  -0.027835  0.071557  0.080166  0.176112  0.112048
 -0.067153  0.122848  0.02188  -0.023591  0.020718  0.005855]
[-1.006702 -0.845387 -0.837067 -1.034556 -1.031586 -0.793635 -0.085278
 -0.02102  -0.034456  0.002624 -0.042434 -0.087536  0.089856 -0.089217
 -0.055732  0.098369 -0.045707 -0.114986 -0.001646  0.022097]
[-1.041735 -0.923942 -0.587031 -0.970966 -0.754332 -0.511692  0.026388
 -0.037263 -0.023325  0.075942  0.068954 -0.005521 -0.075172  0.015587
 -0.020606 -0.104769  0.025789  0.031302  0.017392  0.031868]
[-0.974723 -0.9941   -0.702228 -1.000956 -0.936453 -1.017036 -0.113418
  0.072938  0.024703  0.013348 -0.170503  0.084798  0.069086 -0.128513
  0.062075 -0.003262 -0.038874 -0.103738  0.02235  -0.001652]
[-0.856517 -0.842489 -0.562174 -0.978482 -0.710328 -0.715404 -0.03561
 -0.062662 -0.044676  0.059895  0.02932  -0.07093   0.017085  0.021263
 -0.011896 -0.051679  0.078528 -0.076716 -0.045973 -0.034286]
[-0.816042 -0.799253 -0.733101 -0.680848 -0.360372 -0.656416  0.070998
 -0.07531  -0.027655 -0.172258 -0.013964 -0.02865  -0.103789  0.022412
 -0.046794 -0.085147 -0.283433  0.06466   0.005618 -0.022666]
[-1.07911  -0.848356 -0.878269 -1.144747 -1.12189  -0.849929  0.003125
 -0.017    -0.293461 -0.055694 -0.027431 -0.252408  0.028718 -0.017145
 -0.014674  0.050336 -0.050943  0.038974  0.013365 -0.001971]
[-1.116608 -0.78384  -1.030217 -0.856647 -1.057955 -0.912449  0.030481
  0.060956  0.054353 -0.039438 -0.039943  0.067077  0.076934 -0.085534
  0.03632   0.022426 -0.04848   0.060485  0.01138  -0.013579]
('Mean', 1, ': ', -1.1166077636879461)
('Median', 1, ': ', -1.1166077636879461)
('Variance', 1, ': ', 0.0)
('Mean', 2, ': ', -0.78384031779092278)
('Median', 2, ': ', -0.78384031779092278)
('Variance', 2, ': ', 0.0)
('Mean', 3, ': ', -1.0302171921347354)
('Median', 3, ': ', -1.0302171921347354)
('Variance', 3, ': ', 0.0)
('Mean', 4, ': ', -0.85664661572103051)
('Median', 4, ': ', -0.85664661572103051)
('Variance', 4, ': ', 0.0)
('Mean', 5, ': ', -1.0579548250641091)
('Median', 5, ': ', -1.0579548250641091)
('Variance', 5, ': ', 0.0)
('Mean', 6, ': ', -0.91244896987268531)
('Median', 6, ': ', -0.91244896987268531)
('Variance', 6, ': ', 0.0)
('time: ', 7843.518653869629)
