“Running plot script on a single CPU core”
[-0.816497 -0.590983 -0.870337 -0.565332 -0.806993 -0.68327   0.127396
 -0.135926  0.058138 -0.083856  0.044077  0.033386 -0.088123 -0.057856
 -0.135359 -0.160503 -0.103651  0.141669 -0.037547  0.034434]
[-0.780334 -0.736623 -0.813648 -0.736385 -0.808461 -0.728485  0.105555
 -0.085082 -0.192766 -0.038338  0.012037 -0.189871 -0.092644 -0.028632
 -0.093308 -0.107905 -0.232543  0.103266 -0.02485   0.014977]
[ -8.598273e-01  -6.560064e-01  -6.744149e-01  -6.876226e-01  -6.532936e-01
  -5.301014e-01  -4.866355e-02  -4.603078e-03   6.838321e-02  -1.145729e-01
   4.634198e-04   4.303317e-02   2.509578e-03   6.183103e-02  -3.164785e-02
   3.235961e-04  -9.445979e-02  -2.102236e-02  -2.615905e-02  -6.385701e-03]
[-0.884068 -0.642694 -0.714892 -0.651185 -0.668806 -0.562664 -0.062497
  0.080715 -0.011486 -0.088249 -0.049267  0.046458 -0.052511 -0.027276
  0.107779 -0.075048 -0.116898 -0.048218 -0.057243 -0.001502]
[-1.125467 -1.154079 -0.853842 -1.065749 -0.826516 -0.832238  0.062755
 -0.065395 -0.049629  0.001757 -0.175228 -0.029433 -0.157886 -0.233911
 -0.093657 -0.140728  0.03979   0.063757  0.021881 -0.023604]
[-0.596345 -0.663853 -0.401735 -0.71756  -0.552916 -0.625173  0.027425
  0.087021  0.043851 -0.036714 -0.003422 -0.035342 -0.1207    0.009954
  0.13126  -0.167026 -0.075444 -0.006502  0.002306 -0.007791]
[ -7.653077e-01  -9.110344e-01  -9.579384e-01  -7.844226e-01  -7.475345e-01
  -8.680904e-01  -5.425227e-02   8.559483e-02  -9.180117e-02  -2.385804e-02
  -3.898303e-02  -3.727273e-03  -6.830147e-03  -7.829330e-04   5.129680e-02
   3.545428e-02  -1.798724e-02  -3.428419e-02  -1.043492e-02   2.695882e-02]
[ -7.457955e-01  -7.628677e-01  -8.562105e-01  -9.993523e-01  -1.168883e+00
  -1.109586e+00  -2.471031e-03   1.144399e-01  -1.197587e-02   6.256290e-02
   9.448255e-02   3.411116e-02   9.401723e-02   1.035862e-01   1.630467e-01
   3.697520e-02   1.318781e-02  -4.627328e-04  -4.589246e-03   1.101214e-02]
[-0.818454 -0.880462 -0.891832 -0.678132 -0.711493 -0.962208  0.017809
 -0.069436  0.049822 -0.008901  0.033781  0.042136 -0.095029  0.049405
 -0.019333 -0.074461 -0.073223  0.060542  0.001898 -0.011008]
[-0.916913 -1.126267 -1.115853 -0.74363  -0.760786 -1.10538  -0.110643
 -0.124686 -0.009269  0.202587  0.102539 -0.017334  0.005364  0.061933
 -0.106169  0.021561  0.209056 -0.193221  0.024954  0.029734]
[-0.819147 -0.832238 -0.437013 -1.090599 -0.809615 -0.637081 -0.028228
 -0.061082  0.021806  0.014323 -0.011232 -0.041425 -0.021095  0.011898
 -0.176836  0.139561 -0.078471  0.091864  0.056513  0.064541]
[-1.191123 -1.170481 -1.394904 -1.113796 -1.376929 -1.26264  -0.095367
  0.17407  -0.071553 -0.015475 -0.016162 -0.062652 -0.076682  0.037757
  0.149956 -0.062566 -0.035226 -0.13117   0.01465   0.003615]
[-0.6365   -0.635681 -0.665313 -0.553504 -0.614549 -0.631015  0.009624
 -0.069946  0.109902 -0.071672  0.089013  0.062544  0.072137  0.083023
 -0.072507  0.06299  -0.095827  0.041334 -0.001125  0.009483]
[-0.776624 -0.777239 -0.723097 -0.839939 -0.772535 -0.901019  0.021248
  0.05886  -0.011415  0.004794  0.053031  0.023342  0.041341  0.07925
  0.055026 -0.001062  0.002348 -0.02003  -0.048805  0.008707]
[-0.875412 -1.115771 -0.835175 -1.09234  -0.829008 -1.01505   0.18027
 -0.041989 -0.002308 -0.00926   0.068106  0.007959 -0.071236  0.098443
 -0.003028 -0.043233 -0.110068  0.116922 -0.037682 -0.02795 ]
[ -7.669326e-01  -8.103996e-01  -9.986952e-01  -6.051732e-01  -6.711073e-01
  -7.220405e-01   7.728530e-02   4.484024e-02  -6.315322e-02  -3.039602e-02
   9.669629e-02  -1.375295e-01   1.061605e-01  -8.810239e-03   4.414661e-02
   7.269277e-02   3.529824e-05   5.728233e-02   3.328185e-02   5.501870e-03]
[-0.728162 -0.821406 -0.701693 -0.896019 -0.719465 -0.836474  0.134683
  0.017324 -0.043769 -0.039864 -0.087494 -0.029065 -0.023843 -0.085388
 -0.00207  -0.038067 -0.068001  0.065907 -0.008374 -0.020905]
[ -9.677354e-01  -8.285762e-01  -8.518314e-01  -8.346744e-01  -1.000165e+00
  -7.877101e-01  -4.207564e-02  -2.649357e-02  -2.198608e-02  -5.748680e-02
  -2.514757e-02  -3.530129e-02  -3.221083e-02  -1.960659e-02   2.463210e-03
  -8.729085e-05  -5.464889e-02  -6.567488e-02   4.690374e-04   5.569570e-03]
[-1.215252 -1.31711  -1.051833 -1.302118 -0.920691 -1.18622  -0.095028
  0.115687  0.063328 -0.037007 -0.049498 -0.019416 -0.086307 -0.102522
  0.037612 -0.072223 -0.015152 -0.02089  -0.03735   0.047056]
[ -8.638698e-01  -6.714533e-01  -1.036319e+00  -8.243350e-01  -1.260975e+00
  -1.031248e+00   1.000110e-02   1.127661e-01  -3.933756e-02   9.781536e-02
  -4.639476e-02  -7.840664e-04  -5.491887e-02   1.666492e-02   1.351689e-01
  -2.814682e-02   6.637508e-02   9.546805e-02   2.573098e-02   1.693817e-02]
[-0.859892 -0.824217 -0.765282 -0.982803 -0.739326 -0.839308  0.01479
 -0.126521 -0.01029   0.087757  0.004646  0.004627  0.092492  0.081693
 -0.094162  0.038145  0.22649  -0.006658  0.017247  0.007606]
[-0.938277 -1.108835 -1.132935 -0.987795 -1.064128 -1.1677   -0.118462
  0.038703 -0.015941  0.009088  0.03022  -0.009064 -0.115979  0.010325
  0.011481 -0.086632 -0.025108 -0.111329  0.025722  0.024584]
[-1.086263 -0.851401 -0.806876 -0.915091 -1.025945 -0.789299  0.025983
  0.019539 -0.067133  0.008908  0.096605 -0.02264   0.102059  0.038414
  0.114588  0.072224  0.03997   0.098619 -0.020019 -0.024851]
[ -1.072503e+00  -1.109110e+00  -1.017550e+00  -1.052963e+00  -1.048521e+00
  -1.081697e+00   1.122384e-02  -4.910461e-02  -7.979279e-04   1.015011e-01
   4.485153e-02   1.146050e-01   3.158204e-02   7.573347e-02  -1.240620e-01
  -8.453555e-02   1.724602e-01  -9.242335e-02  -4.439731e-02   1.625691e-03]
[-1.165806 -0.957128 -1.013452 -1.14236  -1.23241  -0.905626 -0.075758
 -0.053123 -0.179442 -0.001266 -0.104759 -0.223661 -0.092626 -0.077335
 -0.071696 -0.049947  0.14588   0.058771 -0.067711 -0.028895]
[-1.00874  -0.985536 -1.092668 -0.994173 -1.062536 -1.140544 -0.043386
 -0.074793  0.081501  0.024993  0.073115 -0.021052  0.043571  0.080241
 -0.010274  0.074168 -0.00811  -0.022636 -0.035223  0.007856]
[-0.818574 -0.984801 -1.030287 -0.831878 -0.896408 -1.028877 -0.090179
  0.020678 -0.070652  0.02962  -0.065014 -0.137227  0.050909 -0.113313
  0.04045   0.093015  0.09442  -0.12273  -0.028889  0.068797]
[-1.351661 -0.966606 -1.103222 -1.163056 -1.39232  -1.026099  0.051909
 -0.05169  -0.005201  0.105658  0.055666  0.041026  0.03922  -0.143738
  0.038621  0.103689  0.053202  0.069959 -0.025138 -0.022907]
[-0.958276 -0.850282 -0.919468 -0.553475 -0.726161 -0.794649 -0.155645
  0.030391  0.030944 -0.062211  0.022169 -0.01638  -0.024771  0.034773
  0.006651 -0.060008 -0.096324 -0.104848  0.00501   0.007229]
[-1.006715 -0.838927 -0.968312 -0.742323 -0.932706 -0.681464  0.029116
 -0.032371 -0.024367  0.097362 -0.035672 -0.08615  -0.079056 -0.034909
 -0.078982 -0.041719  0.171823  0.153167  0.030893 -0.016104]
[-0.821384 -1.07514  -0.850998 -1.041815 -0.752306 -0.801607 -0.028809
 -0.087169 -0.063437  0.126356  0.205762 -0.059801  0.044932  0.314546
 -0.03123   0.019561  0.267341 -0.031789 -0.031202  0.02683 ]
[ -1.143371e+00  -1.168984e+00  -9.281247e-01  -1.128251e+00  -7.675188e-01
  -7.054144e-01   8.920312e-02  -4.994243e-02  -2.131562e-02  -1.017203e-01
  -9.346024e-03  -4.544922e-02   1.941775e-01   4.217085e-02  -1.257078e-01
   1.831787e-01  -1.471430e-01   2.556095e-01  -7.658131e-02   8.030233e-04]
[ -1.266450e+00  -9.368304e-01  -1.127177e+00  -1.177207e+00  -1.220840e+00
  -9.565428e-01  -1.873300e-01  -1.343223e-01  -8.256092e-02  -1.030485e-01
   1.200572e-01  -1.166268e-01   4.946248e-02   6.072630e-02  -7.852558e-02
   5.844455e-02  -5.893534e-02  -1.372520e-01   8.161361e-04   2.382523e-02]
[ -8.509070e-01  -7.344173e-01  -9.865882e-01  -8.137737e-01  -1.031394e+00
  -8.901951e-01  -1.650253e-01   1.350192e-01   2.132019e-01   3.247827e-04
  -7.180117e-04   2.244196e-01  -2.204996e-01  -7.769182e-02   1.044095e-01
  -1.909874e-01  -7.426572e-02  -2.125130e-01   4.537283e-02   1.096988e-01]
[-0.819601 -0.877669 -0.701921 -0.898679 -0.676315 -0.766623  0.039173
 -0.104242 -0.023181  0.010355 -0.100572 -0.026824 -0.010516 -0.116156
 -0.136954 -0.010513  0.001167  0.013641 -0.052256 -0.009726]
[-0.936232 -0.913893 -0.386025 -0.865925 -0.442415 -0.42144  -0.121982
  0.065124 -0.033904  0.064969  0.132932 -0.048637 -0.06806   0.138393
  0.049979 -0.105171  0.089043 -0.112095 -0.016992 -0.002056]
[-1.135525 -1.026304 -1.108103 -1.022905 -1.098025 -1.08123  -0.0791
  0.028467 -0.122198  0.02094   0.048938 -0.149211  0.013812  0.004424
  0.009335  0.005918 -0.046004  0.062459 -0.038772  0.004574]
[-0.751523 -0.714197 -0.806982 -0.587228 -0.738547 -0.749353 -0.015157
 -0.081436 -0.086694  0.022357 -0.046215 -0.13067   0.075333 -0.031705
 -0.064442  0.072081  0.045173 -0.034717 -0.035973 -0.025361]
[-0.843673 -0.837905 -0.596432 -0.910151 -0.687641 -0.654086 -0.115536
  0.017695 -0.080414 -0.096435 -0.002386 -0.048306  0.084472 -0.049305
  0.025086  0.096868 -0.058751 -0.085134  0.012049  0.025052]
[-1.019069 -1.031057 -0.798052 -1.194311 -1.225528 -0.924384  0.106877
 -0.060661 -0.059515 -0.081181  0.086931 -0.108323 -0.081249  0.08383
 -0.098965 -0.043958 -0.001674  0.01806   0.095223  0.053293]
[-1.191998 -1.092433 -0.964467 -1.133528 -1.016576 -0.997428  0.007986
  0.005962  0.019959  0.064226  0.002042 -0.042875  0.252964  0.096855
 -0.10647   0.155209  0.240458 -0.064741  0.050485 -0.043675]
[-1.098122 -0.908711 -0.961559 -0.95947  -1.328566 -0.991118 -0.104692
 -0.073916 -0.044696  0.006463 -0.063915 -0.026399 -0.043413 -0.067343
 -0.064058  0.071119  0.02106   0.014542 -0.02038  -0.016632]
[-0.849805 -0.712823 -0.844179 -0.71092  -1.025331 -0.863749  0.077678
 -0.08697   0.090594 -0.09696  -0.228097  0.128346 -0.045154 -0.109006
 -0.062009  0.10669  -0.122032  0.131514  0.028782 -0.072107]
[-0.945545 -0.760234 -0.922885 -0.749353 -0.971617 -0.8119   -0.077956
  0.021891  0.131484  0.099172 -0.032917  0.048928  0.094017 -0.068014
  0.021036  0.065771  0.066266 -0.101989  0.055583  0.0033  ]
[-0.9892   -0.693611 -0.864697 -0.750962 -0.868239 -0.541902  0.160014
 -0.023684 -0.014079  0.067338  0.006327  0.041451 -0.036779 -0.004926
 -0.024374 -0.086317  0.069393  0.105592  0.03797  -0.007172]
[-1.039715 -0.937727 -0.882665 -1.344666 -1.337075 -1.357345  0.046069
  0.180705 -0.014147 -0.036996  0.036185 -0.058563  0.068576  0.036805
  0.195567  0.058567 -0.020514  0.112196 -0.024034 -0.072911]
[ -1.371791e+00  -9.279221e-01  -9.804860e-01  -1.080484e+00  -1.210053e+00
  -8.293597e-01   7.169232e-04   9.824520e-02  -3.391094e-02   9.621508e-02
   4.629616e-02  -3.340012e-02  -1.700429e-01  -7.177935e-03   1.346223e-01
  -2.149720e-01   5.689648e-02  -8.237937e-03   6.139988e-02   6.865885e-02]
[-1.003471 -0.943455 -1.023006 -0.858695 -0.927516 -0.989096 -0.037032
 -0.071335 -0.001483  0.10896  -0.014928 -0.028495 -0.144191 -0.061151
 -0.076233 -0.123572  0.070907 -0.022957  0.005305 -0.018243]
[-0.848976 -0.756911 -0.776462 -0.798597 -0.975225 -0.821546  0.038021
  0.054607 -0.015654  0.034503 -0.036198  0.026179  0.043022 -0.084204
  0.090469  0.058271  0.02131   0.121743  0.034306 -0.029912]
[-1.118544 -0.879839 -1.215198 -0.772794 -1.104806 -0.985487  0.034787
  0.173695  0.045591 -0.043463  0.072087  0.009491 -0.064908  0.077148
  0.22329  -0.005526 -0.009973  0.033558 -0.029566 -0.01444 ]
[ -8.385266e-01  -8.392291e-01  -8.248500e-01  -9.665994e-01  -9.299109e-01
  -8.497293e-01  -6.912505e-03   5.304230e-02   4.374239e-02   3.433443e-02
   8.067577e-04   7.864172e-02  -1.209905e-02  -1.480967e-02   5.053744e-02
   5.178267e-02   8.830360e-03   2.892009e-02   7.730215e-04  -2.459204e-03]
[-0.742346 -0.73776  -0.771391 -0.722157 -0.842757 -0.75553   0.046124
  0.00453   0.059856  0.068275 -0.110366  0.10816  -0.006606 -0.046678
  0.028177  0.006427  0.022361  0.076941 -0.005686 -0.001165]
[-1.174678 -1.055967 -1.149507 -1.104595 -1.134973 -1.103097 -0.013514
  0.083501  0.140715  0.020562  0.06386   0.176073 -0.079677 -0.006563
  0.041708 -0.079376  0.027974  0.05297  -0.040047 -0.00846 ]
[-0.761513 -0.773135 -0.871751 -0.63208  -0.740289 -0.934059  0.091688
 -0.039511  0.144573  0.044144  0.007026  0.15908   0.038161  0.035843
 -0.033577  0.042543  0.041249  0.113697 -0.004846 -0.019787]
[-0.756506 -0.744216 -0.809837 -0.79881  -0.765666 -0.721877  0.019986
 -0.033644  0.074554  0.089533 -0.008404  0.010235  0.06205  -0.033735
 -0.036272  0.062698  0.056258  0.051234 -0.024211 -0.018116]
[-0.794228 -0.779964 -0.668207 -0.734084 -0.671832 -0.654357 -0.01252
  0.005331  0.005478 -0.026164  0.054317  0.028204  0.002849  0.051417
  0.037184 -0.007333 -0.048994  0.001758  0.023562  0.010018]
[-0.912661 -0.954676 -0.925326 -0.732024 -0.762766 -0.818204 -0.050093
  0.056254 -0.004465  0.014973 -0.050638  0.006665 -0.122658 -0.037693
  0.054475 -0.057953  0.008926 -0.055872 -0.021655 -0.010305]
[-1.115991 -0.921506 -0.915807 -1.255515 -1.220302 -1.273808  0.02292
 -0.009777  0.094561  0.05779  -0.217526  0.07463   0.053911 -0.262445
 -0.015566 -0.027229  0.231015  0.012264 -0.054032  0.01943 ]
[-0.911321 -0.714705 -0.853132 -0.654257 -0.837066 -0.523444  0.091255
  0.014365  0.017767 -0.058385 -0.001535  0.05777   0.028263 -0.041702
 -0.026755 -0.020099 -0.007822  0.07651  -0.022399 -0.060593]
[-0.717417 -0.907856 -0.922159 -0.994861 -0.807943 -1.108529  0.079916
  0.167543 -0.310821  0.059021 -0.013461 -0.234904 -0.065893 -0.156615
  0.183725 -0.053593  0.046257  0.100243 -0.001695  0.004369]
[ -9.340315e-01  -7.868416e-01  -8.813742e-01  -9.588405e-01  -1.003600e+00
  -9.992581e-01  -1.801534e-01   1.735708e-01   4.697853e-02   5.722921e-02
  -1.408438e-01   4.712690e-02   2.914840e-02  -1.759448e-01   3.388703e-01
   3.945914e-04   9.437980e-02  -1.625812e-01   3.536896e-03  -1.901777e-02]
[ -1.139473e+00  -1.121703e+00  -9.722672e-01  -1.326224e+00  -1.019459e+00
  -1.156062e+00   2.990617e-03   4.108922e-02  -3.542841e-02  -1.473434e-01
  -1.122185e-01  -4.984928e-02   1.720211e-02  -1.588836e-01   2.955723e-02
   1.086705e-01  -1.790948e-01  -1.202534e-03  -3.245515e-02  -1.446525e-02]
[-0.971007 -0.928606 -0.858672 -0.889944 -0.743004 -0.820167 -0.073607
 -0.070029  0.015197  0.056496 -0.039963  0.007233  0.004896 -0.071877
 -0.03787   0.036121 -0.048252 -0.015828 -0.033678  0.009514]
[-1.030424 -0.947685 -0.926872 -0.935261 -0.821116 -0.879668 -0.015703
 -0.027475 -0.107431  0.110022  0.140837 -0.092537  0.030332  0.108385
 -0.086916  0.037419  0.077476 -0.010964  0.014281 -0.014537]
[ -8.042244e-01  -6.913584e-01  -6.498055e-01  -8.750482e-01  -7.599440e-01
  -6.105453e-01  -2.277258e-02  -2.777710e-02  -3.477907e-02  -2.206286e-02
  -1.013564e-01  -9.792416e-02   2.729309e-02  -9.974349e-02  -2.860067e-04
   2.173980e-02  -3.167529e-02  -1.616558e-02   1.127667e-02   2.495293e-02]
[ -8.111080e-01  -1.009352e+00  -5.304471e-01  -1.189985e+00  -8.490719e-01
  -1.042178e+00  -8.231850e-02   3.191704e-04   3.859255e-02  -1.319184e-01
   4.306685e-03   6.839351e-02   1.170798e-01   8.417310e-02   5.702747e-02
   1.083175e-01  -1.564248e-01  -8.640703e-02   5.832401e-02  -3.179996e-02]
[-0.788755 -0.943545 -0.857095 -0.644598 -0.492718 -0.736276  0.057017
  0.035692 -0.053414 -0.060414 -0.040986 -0.089527  0.041228  0.017609
 -0.00915   0.063674 -0.117387  0.058927 -0.012897 -0.017683]
[-1.149384 -1.187006 -0.778997 -1.405533 -1.05677  -1.029377 -0.059408
  0.159118  0.008639 -0.039479  0.119436 -0.098259 -0.196888  0.105873
  0.082394 -0.22029  -0.109524 -0.056739  0.121313  0.044517]
[ -8.324160e-01  -8.042275e-01  -6.362301e-01  -7.965369e-01  -5.678256e-01
  -5.962536e-01   5.748408e-02   7.978297e-02  -6.168608e-08   5.419255e-02
  -6.282124e-02  -1.992874e-02   6.298387e-02  -3.172541e-02   6.528532e-02
   2.887824e-02   5.206755e-02   9.597517e-02  -4.157146e-03   1.256856e-02]
[-0.890086 -0.892447 -0.615926 -0.92852  -0.705546 -0.710731 -0.024949
 -0.027163 -0.050883  0.061411  0.076475 -0.060599  0.075914  0.078625
 -0.010711  0.080422  0.111322 -0.073315 -0.041813 -0.007068]
[-1.000041 -1.212948 -0.912526 -1.289395 -0.933782 -1.131351  0.007156
 -0.05734   0.209318  0.077732 -0.154228  0.251858 -0.038701 -0.100236
 -0.102911 -0.110834  0.054613  0.14711  -0.007263 -0.059551]
[-1.058671 -0.989712 -0.731531 -0.863336 -0.92515  -0.97387  -0.08225
 -0.023175  0.044204 -0.020698  0.012157  0.126934  0.122653 -0.041822
 -0.049593  0.136074  0.062994  0.010393  0.109301  0.015334]
[-1.195936 -0.860534 -1.052829 -0.858121 -1.080406 -0.766562  0.04186
 -0.051765 -0.018029  0.008537  0.033841 -0.075643  0.122006 -0.086759
 -0.043011  0.083002 -0.059161  0.020168  0.009689  0.005067]
[-0.921198 -0.775047 -0.842318 -0.887287 -0.904404 -0.842068  0.050647
  0.052774  0.018234 -0.037556  0.017303  0.066507  0.074343 -0.0109
  0.011807  0.052358 -0.058254  0.069035 -0.005338 -0.011898]
[-0.738681 -0.868755 -0.58635  -0.826871 -0.66202  -0.74865  -0.030029
 -0.026895  0.038799  0.069582 -0.17185   0.058663  0.066743 -0.17082
 -0.015341  0.052746  0.081762 -0.07891   0.011493 -0.002288]
[-1.237225 -1.082865 -0.909916 -1.221662 -0.895418 -0.729306  0.101694
 -0.01084   0.023075 -0.00942   0.058979 -0.010569  0.129777  0.138975
  0.021224  0.184317  0.042752  0.120984  0.016236 -0.045971]
[-0.779626 -0.738991 -0.687082 -0.765841 -0.632509 -0.660332  0.019007
 -0.009817 -0.005692  0.050579 -0.024716 -0.008941 -0.076633 -0.09263
 -0.064814 -0.019118  0.006722  0.069781  0.040935  0.004267]
[-0.836776 -0.922306 -1.180519 -0.645402 -0.810656 -0.916006 -0.103204
  0.011041 -0.1546   -0.070415  0.063476 -0.121379  0.011593  0.074934
  0.034691 -0.037837 -0.057825 -0.138941 -0.081221 -0.016388]
[-0.731444 -0.87212  -0.817215 -0.757791 -0.811651 -1.070888 -0.024796
 -0.040447 -0.157278 -0.01721  -0.04387  -0.143118  0.127465 -0.072187
 -0.092876  0.118614  0.070224  0.028518  0.063368 -0.005634]
[-0.697445 -0.726872 -0.793673 -0.643093 -0.773144 -0.843628 -0.034504
 -0.063586  0.004536 -0.075684 -0.070969 -0.026496  0.082487  0.009929
 -0.129301  0.08024  -0.113698 -0.033182 -0.040405 -0.002297]
[-0.760797 -0.818335 -0.757958 -0.732636 -0.705681 -0.89361   0.007029
  0.01178  -0.058534  0.028712 -0.01004  -0.074026  0.065329 -0.010139
 -0.010489  0.00718   0.077138  0.008219  0.016433 -0.001336]
[-0.757487 -0.955456 -0.820726 -0.85038  -0.605195 -0.948598 -0.027412
 -0.036981 -0.048632 -0.038807  0.125659 -0.024569  0.058679  0.072769
  0.021467  0.053211 -0.02103   0.005422 -0.00119  -0.008079]
[-0.694158 -0.742239 -0.628565 -0.879228 -0.728093 -0.753324 -0.034245
  0.112856 -0.06685  -0.036364  0.110589 -0.011738 -0.133814  0.116443
  0.175061 -0.133015 -0.102034 -0.052283 -0.056826 -0.016257]
[-0.848769 -0.817733 -0.784435 -0.997194 -1.052494 -1.003772  0.051761
 -0.112072  0.153027  0.002231  0.1009    0.060947  0.133353  0.129979
 -0.083064  0.067391  0.024867  0.038354 -0.001333  0.003962]
[-0.984155 -0.787273 -0.989975 -0.744072 -0.784007 -0.696511  0.023343
  0.043591 -0.014613  0.048462  0.042297  0.060418 -0.047371  0.041689
  0.017488  0.00885   0.003023  0.005956  0.008154  0.005293]
[ -8.524936e-01  -8.288926e-01  -7.453107e-01  -6.700102e-01  -5.590088e-01
  -6.659776e-01   7.544592e-02  -4.567486e-02  -9.176509e-02  -6.133484e-02
   1.762040e-02  -7.300286e-02   2.225209e-02   6.412898e-04  -4.158864e-02
   8.352204e-02  -5.984273e-02   1.568989e-01  -2.426227e-02   1.298998e-02]
[-0.744975 -0.768175 -0.696664 -0.767188 -0.61792  -0.634804  0.002567
 -0.053855 -0.081679  0.046243 -0.076777 -0.050007 -0.02326  -0.052607
 -0.068167 -0.032925  0.052761  0.011607 -0.015817 -0.002187]
[-0.796796 -0.92992  -0.974188 -0.539278 -0.694931 -0.719248  0.269547
  0.104862 -0.098807  0.028736 -0.007979 -0.088387 -0.045167 -0.034763
  0.07652  -0.099636  0.061568  0.263237  0.048292  0.002676]
[-0.51449  -0.839237 -0.81529  -0.364822 -0.330816 -0.871077  0.127397
  0.048779 -0.154875  0.068689  0.01056  -0.148412 -0.033743  0.066181
  0.051217  0.035523  0.013672  0.139909 -0.093246 -0.021849]
[-0.662844 -0.795491 -0.732814 -0.818155 -0.757185 -0.916918  0.044388
  0.032832 -0.032599  0.087934  0.021515 -0.02262  -0.004261  0.001553
  0.038543  0.023659  0.015443  0.07168   0.008405  0.00651 ]
[-1.045491 -0.957513 -0.471515 -1.053077 -0.718674 -0.639419  0.057845
 -0.09212   0.046118 -0.193857  0.133233  0.053394 -0.122396  0.107827
 -0.007017 -0.071008 -0.201981  0.040885 -0.001426 -0.016115]
[-0.816524 -0.673562 -0.76145  -0.702351 -0.836452 -0.737757  0.010281
  0.057963 -0.058336  0.06106   0.020378 -0.086005  0.036484  0.034833
  0.081745  0.070692  0.059367 -0.034056 -0.017833 -0.028594]
[-1.232485 -0.861405 -0.961162 -0.952704 -1.000104 -0.924819 -0.093212
 -0.13095  -0.005494 -0.144838  0.022776  0.061178  0.137593 -0.020965
 -0.009194  0.199015 -0.033147 -0.100919  0.012249  0.034288]
[-0.851458 -0.834035 -1.078215 -0.676626 -1.001912 -0.880627 -0.008439
 -0.176179 -0.015442 -0.062704  0.025366 -0.043932  0.051515  0.058707
 -0.147654  0.092995 -0.095744 -0.019391 -0.007809 -0.012514]
[-0.823072 -0.78136  -0.740486 -0.815697 -0.807751 -0.813961  0.011444
 -0.040884  0.057409 -0.050017  0.052735  0.092376  0.026525  0.003563
 -0.073216  0.024364 -0.086117  0.060883 -0.034415 -0.0563  ]
[-1.12272  -0.930968 -0.637916 -0.817985 -0.537596 -0.490765  0.062899
 -0.126526 -0.041648 -0.072927  0.045078 -0.08023  -0.161472  0.035311
 -0.105891 -0.043455 -0.036416  0.03643   0.030306 -0.006339]
[ -1.137703e+00  -1.076130e+00  -1.028607e+00  -1.105796e+00  -1.089551e+00
  -9.808151e-01  -1.383237e-01  -6.070677e-03  -1.182721e-03   3.996883e-04
  -6.281379e-02  -4.450439e-02   7.377536e-02  -9.137226e-02   3.939946e-02
   6.705730e-02  -2.178992e-02  -1.249564e-01   5.170885e-02  -5.831503e-03]
[ -8.186844e-01  -7.771975e-01  -7.937521e-01  -6.820140e-01  -8.836304e-01
  -8.164825e-01  -8.968943e-02   1.689337e-02  -8.029114e-02  -2.936184e-06
  -7.268221e-02  -1.029421e-01   6.210159e-02  -2.529130e-02   6.411519e-03
   4.010255e-02  -4.052838e-02  -5.557299e-02  -1.823264e-02  -1.426204e-02]
[-1.011793 -0.827109 -0.859511 -0.888165 -0.933529 -0.785753  0.101234
  0.081661 -0.052892  0.074348  0.071068 -0.07079   0.007392  0.129394
  0.149586 -0.030281  0.032547  0.075137  0.008889 -0.035868]
[-1.050555 -0.84572  -0.746814 -0.8441   -0.662182 -0.608708 -0.098821
 -0.009018 -0.14009   0.223383  0.056752 -0.108243 -0.053783  0.026246
 -0.001571 -0.025991  0.204797 -0.133     0.039783 -0.007185]
('Mean', 1, ': ', -1.0505551599668457)
('Median', 1, ': ', -1.0505551599668457)
('Variance', 1, ': ', 0.0)
('Mean', 2, ': ', -0.84571955386077413)
('Median', 2, ': ', -0.84571955386077413)
('Variance', 2, ': ', 0.0)
('Mean', 3, ': ', -0.74681358945469389)
('Median', 3, ': ', -0.74681358945469389)
('Variance', 3, ': ', 0.0)
('Mean', 4, ': ', -0.84410047894705453)
('Median', 4, ': ', -0.84410047894705453)
('Variance', 4, ': ', 0.0)
('Mean', 5, ': ', -0.6621818755057417)
('Median', 5, ': ', -0.6621818755057417)
('Variance', 5, ': ', 0.0)
('Mean', 6, ': ', -0.60870814894910374)
('Median', 6, ': ', -0.60870814894910374)
('Variance', 6, ': ', 0.0)
('time: ', 10556.39647603035)
